### SNID output file ###
 
### input spectrum and options ###
# Input spectrum                 : 14212_4.00.dat
# Parameter file                 : NA
# Wavelength range               :    3600.00  10000.00
# Mask file                      : NA
# Median filtering width [A]     : NA
# Median filtering width [pix]   :       1.00
# Clip emission redshift         :     0.2031
# Clip sky lines                 : 0
# Emission clip width [A]        :       0.20
# Keep A-band                    : 1
# Age range                      :      -6.00     14.00
# Delta range                    :      -9.99     99.90
# Min. number of spectra/template:   1
# Use only templates             : NA
# Use only types                 : NA
# Avoid templates                : NA
# Avoid types                    : NA
# rlapmin                        :       5.00
# Redshift range                 :    -0.0100    1.2000
# Forced initial redshift        :     0.2031
# Extra fake redshift            : NA
# Nsigma for initial redshift    : NA
# Redshift filter                :     0.0200
# Wavenumbers k1,k2,k3,k4        :     1    4   85  102
# Template directory             : /Users/daniel/snid-5.0/templates/
 
### initial/user-input redshift ###
zinit       0.0000
zuser       0.2031
 
### median redshift/age and error ###
zmed        0.2101    0.0045
agem          1.70      3.65
 
### type fraction/redshift/age ###
#type ntemp fraction slope redshift redshift_error age age_error
Ia             70      1.00    0.0000    0.2101    0.0045     1.700     3.654
Ia-norm        68      0.97    0.0175    0.2097    0.0045     1.900     3.697
Ia-91T          2      0.03    0.0000    0.2152    0.0043     0.050     1.061
Ia-91bg         0      0.00    0.0000    0.0000    0.0000     0.000     0.000
Ia-csm          0      0.00    0.0000    0.0000    0.0000     0.000     0.000
Ia-pec          0      0.00    0.0000    0.0000    0.0000     0.000     0.000
###
Ib              0      0.00    0.0000    0.0000    0.0000     0.000     0.000
Ib-norm         0      0.00    0.0000    0.0000    0.0000     0.000     0.000
Ib-pec          0      0.00    0.0000    0.0000    0.0000     0.000     0.000
IIb             0      0.00    0.0000    0.0000    0.0000     0.000     0.000
###
Ic              0      0.00    0.0000    0.0000    0.0000     0.000     0.000
Ic-norm         0      0.00    0.0000    0.0000    0.0000     0.000     0.000
Ic-pec          0      0.00    0.0000    0.0000    0.0000     0.000     0.000
Ic-broad        0      0.00    0.0000    0.0000    0.0000     0.000     0.000
###
II              0      0.00    0.0000    0.0000    0.0000     0.000     0.000
IIP             0      0.00    0.0000    0.0000    0.0000     0.000     0.000
II-pec          0      0.00    0.0000    0.0000    0.0000     0.000     0.000
IIn             0      0.00    0.0000    0.0000    0.0000     0.000     0.000
IIL             0      0.00    0.0000    0.0000    0.0000     0.000     0.000
###
NotSN           0      0.00    0.0000    0.0000    0.0000     0.000     0.000
AGN             0      0.00    0.0000    0.0000    0.0000     0.000     0.000
Gal             0      0.00    0.0000    0.0000    0.0000     0.000     0.000
LBV             0      0.00    0.0000    0.0000    0.0000     0.000     0.000
M-star          0      0.00    0.0000    0.0000    0.0000     0.000     0.000
 
### rlap-ordered template listings ###
#no. sn type lap rlap z zerr age age_flag grade
   1  sn92A         Ia-norm    0.7243   8.08   0.2249   0.0067    -5.00  0    bad
   2  sn95D         Ia-norm    0.6864   7.58   0.2065   0.0064     4.20  0   good
   3  sn92A         Ia-norm    0.7256   7.57   0.2185   0.0066     2.40  0   good
   4  sn89B         Ia-norm    0.6498   7.54   0.2064   0.0065     3.50  0   good
   5  sn95D         Ia-norm    0.7256   7.47   0.2051   0.0060     8.10  0   good
   6  sn02bo        Ia-norm    0.7920   7.44   0.2189   0.0078    -4.50  0   good
   7  sn03du        Ia-norm    0.8637   7.04   0.2084   0.0072     1.90  0   good
   8  sn94ae        Ia-norm    0.6783   6.92   0.2074   0.0065     4.40  0   good
   9  sn03du        Ia-norm    0.8651   6.91   0.2074   0.0071     3.90  0   good
  10  sn93ac        Ia-norm    0.8312   6.90   0.2107   0.0075     6.90  0   good
  11  sn95D         Ia-norm    0.7256   6.85   0.2062   0.0068     6.10  0   good
  12  sn92A         Ia-norm    0.7243   6.82   0.2231   0.0076    -0.40  0    bad
  13  sn91M         Ia-norm    0.7216   6.76   0.2145   0.0076     2.70  0   good
  14  sn94ae        Ia-norm    0.6864   6.66   0.2077   0.0070     6.40  0   good
  15  sn03du        Ia-norm    0.8949   6.63   0.2072   0.0071     5.00  0   good
  16  sn02bo        Ia-norm    0.7500   6.62   0.2185   0.0082    -3.40  0   good
  17  sn90O         Ia-norm    0.8123   6.58   0.2212   0.0095    -5.10  0   good
  18  sn03du        Ia-norm    0.7920   6.51   0.2083   0.0082     0.80  0   good
  19  sn03du        Ia-norm    0.7906   6.49   0.2087   0.0085    -0.20  0   good
  20  sn81B         Ia-norm    0.8949   6.49   0.2223   0.0077    -0.90  0   good
  21  sn02bo        Ia-norm    0.7541   6.47   0.2159   0.0083    -1.50  0   good
  22  sn94D         Ia-norm    0.8827   6.42   0.2119   0.0075    -1.80  0   good
  23  sn81B         Ia-norm    0.8949   6.40   0.2222   0.0077     0.00  0   good
  24  sn92A         Ia-norm    0.6891   6.29   0.2238   0.0074    -5.00  0    bad
  25  sn92A         Ia-norm    0.8570   6.28   0.2163   0.0075     6.30  0   good
  26  sn94ae        Ia-norm    0.6918   6.24   0.2104   0.0071     3.30  0   good
  27  sn92A         Ia-norm    0.6837   6.17   0.2200   0.0075    -0.60  0   good
  28  sn02er        Ia-norm    0.8949   6.09   0.2143   0.0080    -1.50  0   good
  29  sn94ae        Ia-norm    0.8949   6.07   0.2082   0.0073     9.40  0   good
  30  sn03du        Ia-norm    0.8069   6.05   0.2077   0.0099    -1.10  0   good
  31  sn94ae        Ia-norm    0.7351   6.02   0.2078   0.0074     1.30  0   good
  32  sn99ac        Ia-91T     0.7622   5.98   0.2183   0.0093     0.80  0   good
  33  sn89B         Ia-norm    0.8949   5.95   0.2096   0.0089    -0.50  0   good
  34  sn02er        Ia-norm    0.8949   5.93   0.2097   0.0082     3.40  0   good
  35  sn94D         Ia-norm    0.8854   5.87   0.2082   0.0072     2.90  0   good
  36  sn96X         Ia-norm    0.8949   5.80   0.2108   0.0080     0.90  0   good
  37  sn02bo        Ia-norm    0.8949   5.78   0.2176   0.0093    -1.40  0   good
  38  sn02bo        Ia-norm    0.8908   5.77   0.2157   0.0094    -0.30  0   good
  39  sn92A         Ia-norm    0.6850   5.76   0.2171   0.0077     3.30  0   good
  40  sn94D         Ia-norm    0.8949   5.75   0.2135   0.0096    -3.80  0   good
  41  sn05hj        Ia-norm    0.7026   5.72   0.2115   0.0068    -0.30  0   good
  42  sn92A         Ia-norm    0.8529   5.64   0.2247   0.0083     5.90  0    bad
  43  sn02er        Ia-norm    0.8949   5.61   0.2145   0.0085    -2.50  0   good
  44  sn94D         Ia-norm    0.8949   5.61   0.2143   0.0087    -4.80  0   good
  45  sn02er        Ia-norm    0.6810   5.58   0.2154   0.0086    -5.40  0   good
  46  sn03cg        Ia-norm    0.7933   5.58   0.2116   0.0073    -0.50  0   good
  47  sn96X         Ia-norm    0.8949   5.58   0.2106   0.0082     1.90  0   good
  48  sn94ae        Ia-norm    0.6647   5.54   0.2065   0.0082     2.30  0   good
  49  sn89B         Ia-norm    0.6471   5.51   0.2057   0.0083     5.50  0   good
  50  sn96X         Ia-norm    0.7270   5.45   0.2076   0.0072     1.90  0   good
  51  sn02er        Ia-norm    0.8949   5.44   0.2138   0.0084    -3.50  0   good
  52  sn98aq        Ia-norm    0.6959   5.42   0.2089   0.0070     2.90  0   good
  53  sn94D         Ia-norm    0.8718   5.40   0.2113   0.0073     2.20  0   good
  54  sn03cg        Ia-norm    0.6579   5.40   0.2114   0.0072    -2.30  0   good
  55  sn98aq        Ia-norm    0.6959   5.39   0.2088   0.0069     3.90  0   good
  56  sn98aq        Ia-norm    0.6972   5.38   0.2087   0.0068     4.90  0   good
  57  sn98aq        Ia-norm    0.6959   5.38   0.2092   0.0073     1.90  0   good
  58  sn03du        Ia-norm    0.7229   5.34   0.2070   0.0087     7.90  0   good
  59  sn98aq        Ia-norm    0.6972   5.32   0.2085   0.0068     5.90  0   good
  60  sn99aw        Ia-91T     0.6119   5.32   0.2122   0.0080    -0.70  0   good
  61  sn03cg        Ia-norm    0.8163   5.32   0.2089   0.0080     4.50  0   good
  62  sn96C         Ia-norm    0.7649   5.28   0.2059   0.0089     8.30  0   good
  63  sn98aq        Ia-norm    0.6931   5.26   0.2095   0.0076     0.90  0   good
  64  sn94D         Ia-norm    0.8488   5.22   0.2145   0.0099    -5.60  0   good
  65  sn05hj        Ia-norm    0.7148   5.22   0.2109   0.0071     4.30  0   good
  66  sn03cg        Ia-norm    0.7297   5.15   0.2127   0.0071    -1.80  0   good
  67  sn98aq        Ia-norm    0.6959   5.15   0.2082   0.0070     6.90  0   good
  68  sn98aq        Ia-norm    0.6837   5.15   0.2098   0.0078     0.00  0   good
  69  sn94D         Ia-norm    0.7040   5.14   0.2109   0.0079    -3.60  0   good
  70  sn90N         Ia-norm    0.8529   5.12   0.2038   0.0085     4.90  0   good
  71  sn03cg        Ia-norm    0.8218   5.08   0.2086   0.0079     1.50  0   good
  72  sn96X         Ia-norm    0.7270   5.06   0.2073   0.0077     2.90  0   good
  73  sn96X         Ia-norm    0.7270   5.04   0.2080   0.0079     0.00  0   good
  74  sn02bo        Ia-norm    0.8637   5.03   0.2185   0.0101    -2.50  0   good
#--- rlap cutoff
  75  sn96X         Ia-norm    0.7283   4.99   0.2081   0.0079     1.00  0    cut
  76  sn04eo        Ia-norm    0.8691   4.99   0.2067   0.0081     2.20  0    cut
  77  sn02er        Ia-norm    0.8949   4.98   0.2167   0.0103    -4.40  0    cut
  78  sn94M         Ia-norm    0.6769   4.95   0.2132   0.0083     5.00  0    cut
  79  sn96X         Ia-norm    0.7243   4.95   0.2067   0.0078     4.90  0    cut
  80  sn94S         Ia-norm    0.6999   4.94   0.2112   0.0084    -3.40  0    cut
  81  sn02er        Ia-norm    0.8949   4.93   0.2087   0.0098     5.50  0    cut
  82  sn02bo        Ia-norm    0.8624   4.93   0.2175   0.0101    -1.20  0    cut
  83  sn94T         Ia-norm    0.5510   4.87   0.2096   0.0107     1.20  0    cut
  84  sn02bo        Ia-norm    0.8949   4.83   0.2118   0.0101     5.50  0    cut
  85  sn03fg        Ia-pec     0.7879   4.82   0.1977   0.0067     2.00  0    cut
  86  sn98bu        Ia-norm    0.6972   4.81   0.2101   0.0082    -0.70  0    cut
  87  sn94D         Ia-norm    0.7040   4.80   0.2098   0.0081     0.40  0    cut
  88  sn98bu        Ia-norm    0.6972   4.79   0.2105   0.0082    -1.70  0    cut
  89  sn03du        Ia-norm    0.6999   4.75   0.2082   0.0079     3.10  0    cut
  90  sn03du        Ia-norm    0.7283   4.73   0.2067   0.0096     8.90  0    cut
  91  sn03du        Ia-norm    0.6972   4.73   0.2085   0.0080     2.20  0    cut
  92  sn98bu        Ia-norm    0.6972   4.72   0.2109   0.0084    -2.80  0    cut
  93  sn03cg        Ia-norm    0.7987   4.68   0.2122   0.0092    -5.90  0    cut
  94  sn96X         Ia-norm    0.7974   4.67   0.2106   0.0082    -1.10  0    cut
  95  sn04eo        Ia-norm    0.7067   4.67   0.2077   0.0084    -2.80  0    cut
  96  sn94ae        Ia-norm    0.6512   4.59   0.2076   0.0092     3.30  0    cut
  97  sn02bo        Ia-norm    0.6972   4.57   0.2212   0.0113    -6.00  0    cut
  98  sn94S         Ia-norm    0.7040   4.56   0.2092   0.0080     1.40  0    cut
  99  sn96X         Ia-norm    0.7283   4.56   0.2063   0.0084     5.90  0    cut
 100  sn96X         Ia-norm    0.7243   4.50   0.2059   0.0085     6.90  0    cut
 101  sn03du        Ia-norm    0.7405   4.50   0.2067   0.0102     9.80  0    cut
 102  sn99aw        Ia-91T     0.8624   4.49   0.2209   0.0106     3.20  0    cut
 103  sn02bo        Ia-norm    0.6972   4.49   0.2202   0.0112    -5.10  0    cut
 104  sn05hj        Ia-norm    0.7392   4.45   0.2140   0.0082     1.60  0    cut
 105  sn02er        Ia-norm    0.8732   4.40   0.2132   0.0101    -0.50  0    cut
 106  sn02bo        Ia-norm    0.6972   4.39   0.2196   0.0114    -4.00  0    cut
 107  sn90N         Ia-norm    0.5794   4.38   0.2046   0.0081     2.60  0    cut
 108  sn99ee        Ia-norm    0.8949   4.37   0.2105   0.0123     7.10  0    cut
 109  sn02bo        Ia-norm    0.6972   4.36   0.2187   0.0114    -3.10  0    cut
 110  sn99aa        Ia-91T     0.8949   4.35   0.2284   0.0134    -0.60  0    cut
 111  sn96X         Ia-norm    0.6864   4.34   0.2108   0.0083    -0.90  0    cut
 112  sn02bo        Ia-norm    0.6986   4.31   0.2177   0.0115    -2.10  0    cut
 113  sn05bf        Ib-pec     0.7405   4.30   0.1942   0.0101     5.20  0    cut
 114  sn05bf        Ib-pec     0.7405   4.29   0.1933   0.0103     2.20  0    cut
 115  sn89B         Ia-norm    0.6390   4.28   0.2038   0.0100     7.50  0    cut
 116  sn03du        Ia-norm    0.6986   4.28   0.2093   0.0091    -0.80  0    cut
 117  sn05bf        Ib-pec     0.7432   4.27   0.1938   0.0105     3.20  0    cut
 118  sn94ae        Ia-norm    0.6823   4.24   0.2042   0.0103    11.30  0    cut
 119  sn02bo        Ia-norm    0.6972   4.23   0.2167   0.0116    -1.20  0    cut
 120  sn94D         Ia-norm    0.7067   4.23   0.2112   0.0094    -2.60  0    cut
 121  sn99ee        Ia-norm    0.8949   4.22   0.2151   0.0134     2.20  0    cut
 122  sn02er        Ia-norm    0.7987   4.20   0.2122   0.0090     1.50  0    cut
 123  sn99ac        Ia-91T     0.8949   4.20   0.2198   0.0116     3.10  0    cut
 124  sn96X         Ia-norm    0.7270   4.18   0.2095   0.0093    -3.00  0    cut
 125  sn95D         Ia-norm    0.6552   4.15   0.2034   0.0096    10.10  0    cut
 126  sn96X         Ia-norm    0.7270   4.15   0.2093   0.0093    -2.00  0    cut
 127  sn94ae        Ia-norm    0.7229   4.14   0.2055   0.0109    10.40  0    cut
 128  sn06gz        Ia-pec     0.6376   4.13   0.2138   0.0084    -2.60  0    cut
 129  sn05bf        Ib-pec     0.7419   4.13   0.1948   0.0100     6.20  0    cut
 130  sn99aa        Ia-91T     0.8949   4.09   0.2273   0.0128     2.70  0    cut
 131  sn03du        Ia-norm    0.8908   4.08   0.2079   0.0107    10.80  0    cut
 132  sn00cx        Ia-pec     0.6214   4.08   0.2159   0.0086     7.50  0    cut
 133  sn02er        Ia-norm    0.7202   4.08   0.2099   0.0100     4.40  0    cut
 134  sn99ee        Ia-norm    0.8949   4.07   0.2082   0.0117    11.10  0    cut
 135  sn05bf        Ib-pec     0.7432   4.05   0.1921   0.0098     8.20  0    cut
 136  sn92A         Ia-norm    0.6471   3.99   0.2148   0.0104     7.30  0    cut
 137  sn95E         Ia-norm    0.6498   3.98   0.2082   0.0098     0.10  0    cut
 138  sn05bf        Ib-pec     0.7459   3.97   0.1967   0.0114    -1.60  0    cut
 139  sn05bf        Ib-pec     0.7392   3.96   0.1970   0.0121    -3.60  0    cut
 140  sn05bf        Ib-pec     0.7378   3.87   0.1952   0.0117     1.20  0    cut
 141  sn04S         Ia-norm    0.8949   3.86   0.2054   0.0132     7.50  0    cut
 142  sn05bf        Ib-pec     0.7419   3.85   0.1981   0.0124    -4.60  0    cut
 143  sn94M         Ia-norm    0.6376   3.85   0.2142   0.0109     4.00  0    cut
 144  sn03du        Ia-norm    0.8840   3.85   0.2108   0.0158    -3.20  0    cut
 145  sn96X         Ia-norm    0.7283   3.84   0.2054   0.0101     7.90  0    cut
 146  sn05bf        Ib-pec     0.8949   3.81   0.1978   0.0120     3.40  0    cut
 147  sn06gz        Ia-pec     0.6458   3.80   0.2095   0.0092     5.20  0    cut
 148  sn95E         Ia-norm    0.6363   3.76   0.2090   0.0098     2.00  0    cut
 149  sn04S         Ia-norm    0.8949   3.73   0.2119   0.0165     1.70  0    cut
 150  sn94M         Ia-norm    0.7243   3.72   0.2088   0.0111     7.90  0    cut
 151  sn86G         Ia-91bg    0.5740   3.72   0.2076   0.0107    -0.40  0    cut
 152  sn99ee        Ia-norm    0.8949   3.71   0.2196   0.0152     0.30  0    cut
 153  sn05bf        Ib-pec     0.7378   3.70   0.1974   0.0121    -0.70  0    cut
 154  sn92A         Ia-norm    0.8163   3.67   0.2131   0.0116     8.90  0    cut
 155  sn98bu        Ia-norm    0.5672   3.66   0.2058   0.0121     1.20  0    cut
 156  sn03cg        Ia-norm    0.8218   3.66   0.2125   0.0101    -4.50  0    cut
 157  sn86G         Ia-91bg    0.6133   3.66   0.2094   0.0111    -2.70  0    cut
 158  sn94ae        Ia-norm    0.6986   3.66   0.2080   0.0122     9.30  0    cut
 159  sn06gz        Ia-pec     0.6444   3.65   0.2154   0.0090    -5.50  0    cut
 160  sn98bu        Ia-norm    0.6999   3.61   0.2063   0.0098     9.30  0    cut
 161  sn95E         Ia-norm    0.6024   3.60   0.2108   0.0102    -1.90  0    cut
 162  sn00cx        Ia-pec     0.6403   3.60   0.2182   0.0115     0.60  0    cut
 163  sn01el        Ia-norm    0.8949   3.58   0.2126   0.0117     9.20  0    cut
 164  sn95E         Ia-norm    0.6227   3.57   0.2066   0.0100     7.00  0    cut
 165  sn90O         Ia-norm    0.7148   3.55   0.2165   0.0119    -0.40  0    cut
 166  sn00E         Ia-norm    0.7419   3.54   0.2132   0.0132    -5.50  0    cut
 167  sn92A         Ia-norm    0.8177   3.54   0.2122   0.0122     8.70  0    cut
 168  sn94D         Ia-norm    0.7094   3.52   0.2120   0.0109    -4.70  0    cut
 169  sn03du        Ia-norm    0.8854   3.51   0.2134   0.0187    -5.00  0    cut
 170  sn96X         Ia-norm    0.8949   3.50   0.2092   0.0121     7.80  0    cut
 171  sn02bo        Ia-norm    0.7229   3.48   0.2187   0.0134    -4.40  0    cut
 172  sn91N         Ic-norm    0.8949   3.48   0.0461   0.0190     0.00  1    cut
 173  sn91T         Ia-91T     0.8610   3.43   0.0682   0.0128    -5.30  0    cut
 174  sn94M         Ia-norm    0.7175   3.43   0.2157   0.0116     3.00  0    cut
 175  sn97br        Ia-91T     0.8949   3.42   0.2090   0.0129     7.80  0    cut
 176  sn06gz        Ia-pec     0.6485   3.41   0.2081   0.0103     7.20  0    cut
 177  sn96X         Ia-norm    0.7283   3.41   0.2050   0.0115     8.90  0    cut
 178  sn05bf        Ib-pec     0.7405   3.39   0.1997   0.0138    -5.60  0    cut
 179  sn99ac        Ia-91T     0.8949   3.39   0.2179   0.0127     9.20  0    cut
 180  sn05hj        Ia-norm    0.7432   3.39   0.2137   0.0142    -6.00  0    cut
 181  sn05bf        Ib-pec     0.7459   3.29   0.1989   0.0141    -2.70  0    cut
 182  sn00cx        Ia-pec     0.6525   3.28   0.2189   0.0144    -1.40  0    cut
 183  sn00E         Ia-norm    0.7148   3.27   0.2124   0.0134    -2.50  0    cut
 184  sn02er        Ia-norm    0.8949   3.27   0.1995   0.0124     9.40  0    cut
 185  sn99aw        Ia-91T     0.8718   3.26   0.2162   0.0166     0.30  0    cut
 186  sn99aa        Ia-91T     0.7717   3.26   0.2285   0.0107     7.60  0    cut
 187  sn00E         Ia-norm    0.7107   3.24   0.2115   0.0133    -1.40  0    cut
 188  sn02ap        Ic-broad   0.8949   3.23   0.2088   0.0114     2.70  0    cut
 189  sn06gz        Ia-pec     0.7446   3.23   0.2117   0.0148     6.30  0    cut
 190  sn03cg        Ia-norm    0.7324   3.22   0.2074   0.0119     7.40  0    cut
 191  sn95E         Ia-norm    0.8813   3.22   0.2096   0.0132    10.00  0    cut
 192  sn99by        Ia-91bg    0.8610   3.17   0.2073   0.0113    -2.80  0    cut
 193  sn98bu        Ia-norm    0.6999   3.14   0.2055   0.0114    10.20  0    cut
 194  sn04aw        Ic-norm    0.6999   3.12   0.2202   0.0143    -2.20  0    cut
 195  sn05hk        Ia-pec     0.8163   3.11   0.0546   0.0142    -4.30  0    cut
 196  sn91N         Ic-norm    0.8949   3.10   0.0433   0.0146    12.00  1    cut
 197  sn00cx        Ia-pec     0.8949   3.10   0.2145   0.0131     1.60  0    cut
 198  sn00E         Ia-norm    0.6877   3.09   0.2077   0.0115     8.40  0    cut
 199  sn06gz        Ia-pec     0.6444   3.08   0.2129   0.0158     4.30  0    cut
 200  sn05hk        Ia-pec     0.7392   3.07   0.0555   0.0132    -5.30  0    cut
 201  sn04aw        Ic-norm    0.8949   3.06   0.2162   0.0111    -0.20  0    cut
 202  sn91T         Ia-91T     0.8949   3.06   0.0679   0.0145    -0.20  0    cut
 203  sn02cx        Ia-pec     0.6959   3.05   0.0550   0.0130    -2.40  0    cut
 204  sn00cx        Ia-pec     0.6227   3.04   0.2145   0.0111     9.50  0    cut
 205  sn89B         Ia-norm    0.6566   3.02   0.2050   0.0138     9.50  0    cut
 206  sn04aw        Ic-norm    0.6999   3.02   0.2220   0.0158    -3.30  0    cut
 207  sn91T         Ia-91T     0.7784   3.00   0.2042   0.0134    10.90  0    cut
 208  sn04aw        Ic-norm    0.8949   2.98   0.2191   0.0123    -1.70  0    cut
 209  sn00cx        Ia-pec     0.6173   2.96   0.2187   0.0134    -0.40  0    cut
 210  sn01el        Ia-norm    0.6742   2.96   0.2140   0.0108     1.30  0    cut
 211  sn95D         Ia-norm    0.7067   2.96   0.2044   0.0132    11.20  0    cut
 212  sn05hk        Ia-pec     0.8949   2.95   0.0540   0.0146    -5.10  0    cut
 213  sn04eo        Ia-norm    0.8949   2.95   0.2038   0.0132     7.00  0    cut
 214  sn84L         Ib-norm    0.6620   2.94   0.1947   0.0175    11.90  0    cut
 215  sn06aj        Ic-broad   0.8881   2.90   0.1038   0.0180    -5.00  0    cut
 216  sn05hj        Ia-norm    0.7107   2.90   0.2077   0.0135    -5.10  0    cut
 217  sn02ic        Ia-csm     0.8150   2.89   0.2012   0.0154     9.40  0    cut
 218  sn05hk        Ia-pec     0.8434   2.88   0.0528   0.0143    -4.20  0    cut
 219  sn03cg        Ia-norm    0.8502   2.88   0.2071   0.0146     9.60  0    cut
 220  sn04aw        Ic-norm    0.7784   2.85   0.2101   0.0138     3.60  0    cut
 221  sn86G         Ia-91bg    0.5957   2.80   0.2064   0.0132     1.60  0    cut
 222  sn06gz        Ia-pec     0.7432   2.79   0.2128   0.0160     7.20  0    cut
 223  sn99ex        Ib-norm    0.8949   2.76   0.2117   0.0179     0.40  0    cut
 224  sn05hk        Ia-pec     0.7392   2.75   0.0543   0.0170    -3.30  0    cut
 225  sn04aw        Ic-norm    0.7784   2.75   0.2140   0.0121     2.60  0    cut
 226  lbv01ac       LBV        0.8949   2.75   0.1550   0.0086   -99.90  2    cut
 227  kcE           Gal        0.8949   2.74   0.1788   0.0175   -99.90  2    cut
 228  sn94S         Ia-norm    0.5645   2.73   0.2095   0.0262    -2.50  0    cut
 229  sn98bu        Ia-norm    0.6999   2.73   0.2044   0.0130    11.20  0    cut
 230  sn99by        Ia-91bg    0.6999   2.71   0.2071   0.0118    -3.90  0    cut
 231  sn99ac        Ia-91T     0.8949   2.70   0.2142   0.0149    12.20  0    cut
 232  sn86G         Ia-91bg    0.5916   2.70   0.2063   0.0138     0.60  0    cut
 233  sn97br        Ia-91T     0.7338   2.70   0.2028   0.0146     8.50  0    cut
 234  sn00cx        Ia-pec     0.8949   2.69   0.0663   0.0174     5.60  0    cut
 235  sn00cx        Ia-pec     0.8949   2.67   0.0652   0.0176     6.50  0    cut
 236  sn04aw        Ic-norm    0.6986   2.67   0.2267   0.0184    -5.20  0    cut
 237  sn86G         Ia-91bg    0.6959   2.66   0.2104   0.0144    -4.40  0    cut
 238  sn86G         Ia-91bg    0.6810   2.65   0.2087   0.0142    -2.40  0    cut
 239  sn06gz        Ia-pec     0.7432   2.65   0.2116   0.0168     8.20  0    cut
 240  sn94Q         Ia-norm    0.8854   2.63   0.2056   0.0138    11.60  0    cut
 241  sn86G         Ia-91bg    0.6796   2.62   0.2095   0.0147    -3.40  0    cut
 242  sn96cb        IIb        0.7311   2.61   0.1832   0.0176     0.90  0    cut
 243  sn04S         Ia-norm    0.8691   2.60   0.2013   0.0160    13.40  0    cut
 244  sn92A         Ia-norm    0.7419   2.60   0.2119   0.0144    11.70  0    cut
 245  sn00cx        Ia-pec     0.5740   2.60   0.2165   0.0174    -2.40  0    cut
 246  sn98S         IIn        0.6864   2.60   0.1859   0.0100    12.70  0    cut
 247  sn05hk        Ia-pec     0.6282   2.59   0.1882   0.0145     3.60  0    cut
 248  sn05hk        Ia-pec     0.7446   2.55   0.0555   0.0182    -2.40  0    cut
 249  sn02er        Ia-norm    0.8786   2.54   0.2061   0.0146    10.60  0    cut
 250  sn98S         IIn        0.6877   2.54   0.1859   0.0101    13.80  0    cut
 251  sn99by        Ia-91bg    0.6024   2.51   0.2083   0.0123    -4.80  0    cut
 252  sn98S         IIn        0.6837   2.51   0.1857   0.0092     9.70  0    cut
 253  sn02ic        Ia-csm     0.8949   2.50   0.2043   0.0145     5.60  0    cut
 254  sn02cx        Ia-pec     0.6931   2.48   0.0567   0.0141    -5.30  0    cut
 255  sn95F         Ic-norm    0.8908   2.46   0.2062   0.0219     0.00  1    cut
 256  sn99aa        Ia-91T     0.8204   2.46   0.2344   0.0251    -4.10  0    cut
 257  sn95bd        Ia-norm    0.7148   2.45   0.2036   0.0157    11.30  0    cut
 258  sn99em        IIP        0.8949   2.44   0.1795   0.0147    11.10  0    cut
 259  sn99ex        Ib-norm    0.8949   2.42   0.2106   0.0215    -4.50  0    cut
 260  sn94D         Ia-norm    0.8312   2.40   0.2027   0.0139    11.00  0    cut
 261  sn02ap        Ic-broad   0.6214   2.40   0.0760   0.0187    -4.50  0    cut
 262  sn02bo        Ia-norm    0.7568   2.40   0.2066   0.0164    10.80  0    cut
 263  sn06gz        Ia-pec     0.7419   2.39   0.2122   0.0178     9.20  0    cut
 264  sn02cx        Ia-pec     0.6986   2.39   0.0143   0.0158    10.30  0    cut
 265  sn91N         Ic-norm    0.7527   2.38   0.0450   0.0192     7.60  1    cut
 266  sn03du        Ia-norm    0.8732   2.37   0.2124   0.0156    13.70  0    cut
 267  mstar         M-star     0.8570   2.37   0.0284   0.0114     0.00  2    cut
 268  sn03cg        Ia-norm    0.8542   2.36   0.2065   0.0171    11.40  0    cut
 269  mstar         M-star     0.8583   2.36   0.1637   0.0140     7.00  2    cut
 270  sn94I         Ic-norm    0.7635   2.34   0.2114   0.0208    -5.60  0    cut
 271  sn97br        Ia-91T     0.8218   2.34   0.0688   0.0193    -4.00  0    cut
 272  sn98bu        Ia-norm    0.6986   2.33   0.2038   0.0154    12.20  0    cut
 273  sn95F         Ic-norm    0.8922   2.32   0.2049   0.0254    56.70  1    cut
 274  sn06bp        IIP        0.6972   2.31   0.4696   0.0115    13.20  0    cut
 275  sn04aw        Ic-norm    0.6999   2.31   0.2149   0.0160     0.80  0    cut
 276  lbv03hy       LBV        0.6945   2.30   0.1850   0.0102   -99.90  2    cut
 277  sn99dn        Ib-norm    0.8407   2.30   0.2024   0.0246     6.90  1    cut
 278  sn00H         IIb        0.8488   2.29   0.1925   0.0184    13.40  0    cut
 279  sn92H         IIP        0.6092   2.28   0.4722   0.0156    11.50  0    cut
 280  sn94D         Ia-norm    0.7581   2.27   0.2030   0.0125    10.10  0    cut
 281  sn04eo        Ia-norm    0.8746   2.26   0.2017   0.0175    11.00  0    cut
 282  sn05hk        Ia-pec     0.7459   2.24   0.0539   0.0190    -1.40  0    cut
 283  sn90B         Ic-norm    0.7243   2.24   0.2011   0.0188     8.90  0    cut
 284  sn97ef        Ic-broad   0.7270   2.23   0.0519   0.0334    12.80  0    cut
 285  sn97cn        Ia-91bg    0.7243   2.23   0.2018   0.0122     3.90  0    cut
 286  sn06gz        Ia-pec     0.7432   2.23   0.2115   0.0186    10.10  0    cut
 287  sn89B         Ia-norm    0.6850   2.22   0.2001   0.0171    12.40  0    cut
 288  sn91N         Ic-norm    0.7527   2.22   0.0469   0.0252     6.60  1    cut
 289  sn06bp        IIP        0.7053   2.22   0.4723   0.0126     8.10  0    cut
 290  sn04et        IIP        0.8542   2.22   0.1827   0.0160     8.60  0    cut
 291  sn98S         IIn        0.8894   2.21   0.1886   0.0093    11.40  0    cut
 292  sn89B         Ia-norm    0.6593   2.20   0.2047   0.0175    11.50  0    cut
 293  sn83V         Ic-norm    0.6146   2.20   0.2220   0.0178    -4.00  0    cut
 294  sn06aj        Ic-broad   0.7121   2.20   0.0959   0.0181    -3.40  0    cut
 295  sn04S         Ia-norm    0.8407   2.20   0.1993   0.0134    14.00  0    cut
 296  kcSb          Gal        0.8949   2.18   0.1773   0.0208   -99.90  2    cut
 297  sn06aj        Ic-broad   0.6837   2.17   0.0891   0.0245    -0.50  0    cut
 298  sn06bp        IIP        0.6945   2.15   0.1908   0.0153    -5.70  0    cut
 299  sn94I         Ic-norm    0.7053   2.14   0.2170   0.0220    -5.70  0    cut
 300  sn98dt        Ib-norm    0.8949   2.14   0.2139   0.0232     7.90  0    cut
 301  sn91bg        Ia-91bg    0.7256   2.14   0.2046   0.0185     2.50  0    cut
 302  sn95F         Ic-norm    0.8746   2.13   0.2046   0.0233    35.60  1    cut
 303  sn00H         IIb        0.6918   2.13   0.1931   0.0190     7.70  0    cut
 304  sn05hk        Ia-pec     0.5348   2.13   0.1984   0.0158    -3.40  0    cut
 305  sn02ap        Ic-broad   0.8908   2.13   0.2089   0.0171     4.70  0    cut
 306  sn01el        Ia-norm    0.6904   2.13   0.3687   0.0148    -3.70  0    cut
 307  sn02bo        Ia-norm    0.7581   2.13   0.2050   0.0179    11.90  0    cut
 308  sn02ap        Ic-broad   0.6160   2.12   0.0764   0.0208    -5.50  0    cut
 309  sn99em        IIP        0.7175   2.12   0.4624   0.0143     5.60  0    cut
 310  sn91ar        Ib-norm    0.4860   2.12   0.2969   0.0131    15.80  1    cut
 311  sn97ei        Ic-norm    0.6566   2.11   0.4685   0.0133     0.00  1    cut
 312  sn97dq        Ic-norm    0.8637   2.11   0.2090   0.0086   222.20  1    cut
 313  sn90aa        Ic-norm    0.7649   2.10   0.2079   0.0085    61.50  1    cut
 314  sn97br        Ia-91T     0.7311   2.10   0.5026   0.0160    -6.00  0    cut
 315  sn93J         IIb        0.8949   2.09   0.0231   0.0172    13.00  0    cut
 316  mstar         M-star     0.8583   2.08   0.1654   0.0151     5.00  2    cut
 317  sn00cx        Ia-pec     0.6214   2.07   0.2127   0.0153    11.50  0    cut
 318  sn99by        Ia-91bg    0.8610   2.07   0.2010   0.0141     3.10  0    cut
 319  sn98bu        Ia-norm    0.6986   2.05   0.2022   0.0177    13.20  0    cut
 320  kcSB4         Gal        0.8949   2.05   0.4562   0.0058   -99.90  2    cut
 321  sn97dq        Ic-norm    0.8949   2.05   0.2146   0.0253    27.90  1    cut
 322  sn92ar        Ic-norm    0.6106   2.05   0.2004   0.0151     3.40  0    cut
 323  sn04aw        Ic-norm    0.8746   2.05   0.2050   0.0176     5.30  0    cut
 324  sn97dd        IIb        0.8732   2.03   0.1874   0.0195     0.00  1    cut
 325  mstar         M-star     0.8556   2.02   0.0282   0.0126     1.00  2    cut
 326  sn05hk        Ia-pec     0.5375   2.01   0.2014   0.0175    -4.20  0    cut
 327  sn04aw        Ic-norm    0.6579   2.01   0.2199   0.0191    -1.30  0    cut
 328  mstar         M-star     0.8597   2.00   0.1622   0.0119     2.00  2    cut
 329  sn00H         IIb        0.6959   1.98   0.1933   0.0202     6.70  0    cut
 330  sn91N         Ic-norm    0.7527   1.98   0.0460   0.0267     5.70  1    cut
 331  sn86G         Ia-91bg    0.6552   1.98   0.2042   0.0172     0.10  0    cut
 332  sn04et        IIP        0.7446   1.98   0.1813   0.0160    12.10  0    cut
 333  sn83V         Ic-norm    0.6187   1.97   0.2087   0.0179     4.00  0    cut
 334  kcSB2         Gal        0.8949   1.97   0.4560   0.0059   -99.90  2    cut
 335  sn86G         Ia-91bg    0.6566   1.97   0.2079   0.0178    -0.90  0    cut
 336  kcSB1         Gal        0.8949   1.96   0.4563   0.0058   -99.90  2    cut
 337  sn04aw        Ic-norm    0.6999   1.96   0.2146   0.0190     1.60  0    cut
 338  sn93J         IIb        0.7730   1.96   0.0234   0.0182    12.00  0    cut
 339  sn89B         Ia-norm    0.6444   1.96   0.2008   0.0174    13.40  0    cut
 340  sn06bp        IIP        0.6593   1.96   0.1865   0.0186    -4.60  0    cut
 341  sn06aj        Ic-broad   0.6823   1.95   0.0902   0.0320    -1.50  0    cut
 342  kcSB5         Gal        0.8949   1.95   0.4565   0.0058   -99.90  2    cut
 343  sn86G         Ia-91bg    0.6539   1.95   0.2092   0.0181    -1.90  0    cut
 344  sn93J         IIb        0.7839   1.94   0.1843   0.0171     1.40  0    cut
 345  mstar         M-star     0.8570   1.94   0.1622   0.0171     6.00  2    cut
 346  sn93J         IIb        0.8949   1.94   0.1875   0.0172    -2.00  0    cut
 347  sn91bg        Ia-91bg    0.7243   1.94   0.2001   0.0153     2.70  0    cut
 348  sn97ef        Ic-broad   0.7148   1.94   0.0476   0.0371    13.80  0    cut
 349  kcSB6         Gal        0.8949   1.94   0.4565   0.0059   -99.90  2    cut
 350  sn97dq        Ic-norm    0.8949   1.93   0.2094   0.0187    81.70  1    cut
 351  sn00H         IIb        0.6931   1.92   0.1907   0.0193    10.60  0    cut
 352  sn91N         Ic-norm    0.8949   1.92   0.2182   0.0184    27.90  1    cut
 353  sn93J         IIb        0.7730   1.92   0.0235   0.0191    11.00  0    cut
 354  sn94I         Ic-norm    0.7080   1.92   0.2077   0.0209    -2.70  0    cut
 355  sn86G         Ia-91bg    0.6552   1.91   0.2064   0.0175     1.10  0    cut
 356  sn03cg        Ia-norm    0.8881   1.91   0.2055   0.0191    12.40  0    cut
 357  sn06bp        IIP        0.7040   1.91   0.4746   0.0131     2.10  0    cut
 358  sn02bo        Ia-norm    0.7568   1.90   0.2051   0.0197    12.80  0    cut
 359  agn           AGN        0.8949   1.90   0.4557   0.0074   -99.90  2    cut
 360  sn04aw        Ic-norm    0.8177   1.90   0.2175   0.0244     1.90  0    cut
 361  sn99em        IIP        0.7270   1.89   0.4628   0.0154     6.60  0    cut
 362  sn00H         IIb        0.6931   1.89   0.1918   0.0202     9.60  0    cut
 363  sn93J         IIb        0.8529   1.89   0.1868   0.0181    -2.40  0    cut
 364  sn02er        Ia-norm    0.6959   1.89   0.2108   0.0178    12.40  0    cut
 365  sn98dt        Ib-norm    0.7013   1.88   0.2039   0.0113     3.90  0    cut
 366  sn04et        IIP        0.7432   1.88   0.1820   0.0170    10.00  0    cut
 367  sn93J         IIb        0.8949   1.88   0.1879   0.0190    -3.00  0    cut
 368  sn91A         Ic-norm    0.6728   1.88   0.2099   0.0155    47.50  1    cut
 369  lbv01ac       LBV        0.6959   1.87   0.2583   0.0042   -99.90  2    cut
 370  sn93J         IIb        0.8475   1.86   0.1840   0.0148     3.80  0    cut
 371  sn06aj        Ic-broad   0.8475   1.86   0.1003   0.0209    -2.10  0    cut
 372  kcSa          Gal        0.8949   1.86   0.1553   0.0079   -99.90  2    cut
 373  kcS0          Gal        0.8949   1.86   0.1767   0.0268   -99.90  2    cut
 374  sn94M         Ia-norm    0.8922   1.86   0.2128   0.0192    12.90  0    cut
 375  sn90K         IIL        0.6133   1.86   0.4518   0.0119    50.50  1    cut
 376  kcSB3         Gal        0.8949   1.84   0.4573   0.0061   -99.90  2    cut
 377  sn98S         IIn        0.6810   1.83   0.1875   0.0092     1.80  0    cut
 378  sn96cb        IIb        0.7297   1.83   0.1829   0.0208     7.00  0    cut
 379  sn96cb        IIb        0.7297   1.83   0.1829   0.0208     7.00  0    cut
 380  sn96cb        IIb        0.7283   1.82   0.1797   0.0204     5.00  0    cut
 381  sn91bg        Ia-91bg    0.8245   1.81   0.2028   0.0212     1.50  0    cut
 382  sn04aw        Ic-norm    0.8177   1.81   0.2160   0.0190     3.10  0    cut
 383  sn06bp        IIP        0.6931   1.81   0.4764   0.0135     0.10  0    cut
 384  sn93J         IIb        0.8353   1.80   0.1866   0.0183    -1.60  0    cut
 385  mstar         M-star     0.8597   1.80   0.1634   0.0145     3.00  2    cut
 386  sn90I         Ib-norm    0.7933   1.80   0.9408   0.0159    11.40  0    cut
 387  sn93J         IIb        0.7338   1.79   0.0241   0.0187     3.70  0    cut
 388  sn99em        IIP        0.8949   1.79   0.4654   0.0176    -3.70  0    cut
 389  sn96cb        IIb        0.7283   1.79   0.1890   0.0241    -2.10  0    cut
 390  sn00H         IIb        0.7392   1.78   0.1977   0.0154     8.40  0    cut
 391  sn93J         IIb        0.8949   1.77   0.1895   0.0204    -4.00  0    cut
 392  sn94D         Ia-norm    0.7013   1.77   0.2012   0.0202    13.40  0    cut
 393  sn06bp        IIP        0.6945   1.77   0.4782   0.0153    -1.70  0    cut
 394  sn94I         Ic-norm    0.7040   1.77   0.2094   0.0220    -3.80  0    cut
 395  sn05gj        Ia-csm     0.6282   1.76   0.0377   0.0307     7.70  0    cut
 396  sn99dn        Ib-norm    0.7338   1.76   0.2072   0.0179    27.70  1    cut
 397  sn05bf        Ib-pec     0.6065   1.76   0.1968   0.0194    -0.90  0    cut
 398  sn99em        IIP        0.8001   1.75   0.4627   0.0145     6.40  0    cut
 399  sn92A         Ia-norm    0.6119   1.75   0.2123   0.0186    11.60  0    cut
 400  sn97br        Ia-91T     0.8949   1.75   0.0347   0.0241    12.40  0    cut
 401  sn93J         IIb        0.8570   1.75   0.0233   0.0201     5.50  0    cut
 402  sn98dt        Ib-norm    0.6999   1.73   0.2073   0.0224     0.00  0    cut
 403  sn97dq        Ic-norm    0.8949   1.73   0.2204   0.0309     1.00  1    cut
 404  sn02bo        Ia-norm    0.7581   1.72   0.2044   0.0210    13.80  0    cut
 405  sn05gj        Ia-csm     0.6255   1.72   0.0347   0.0274    10.40  0    cut
 406  sn05cs        IIP        0.7419   1.72   0.1688   0.0207    10.00  0    cut
 407  sn00H         IIb        0.6959   1.70   0.1895   0.0222    11.60  0    cut
 408  sn00cx        Ia-pec     0.6498   1.70   0.0737   0.0269    -3.40  0    cut
 409  sn98dt        Ib-norm    0.6986   1.70   0.2070   0.0203     0.90  0    cut
 410  sn94I         Ic-norm    0.8339   1.69   0.2085   0.0219    -0.10  0    cut
 411  sn91ar        Ib-norm    0.7162   1.69   0.2072   0.0196    27.40  1    cut
 412  sn05cs        IIP        0.7446   1.69   0.1728   0.0224     8.00  0    cut
 413  sn98S         IIn        0.6810   1.69   0.1872   0.0100     0.90  0    cut
 414  sn05cs        IIP        0.7432   1.69   0.1698   0.0216     9.00  0    cut
 415  sn95F         Ic-norm    0.8922   1.69   0.2015   0.0314    28.90  1    cut
 416  sn94I         Ic-norm    0.8949   1.68   0.2104   0.0223     2.40  0    cut
 417  sn99by        Ia-91bg    0.7013   1.68   0.2005   0.0166     4.10  0    cut
 418  mstar         M-star     0.8583   1.68   0.1612   0.0186     8.00  2    cut
 419  sn02ap        Ic-broad   0.6322   1.67   0.4705   0.0111    12.70  0    cut
 420  sn98T         Ib-norm    0.6566   1.66   0.6214   0.0190     0.00  1    cut
 421  sn98S         IIn        0.6877   1.66   0.1865   0.0106     2.70  0    cut
 422  kcSc          Gal        0.8150   1.66   0.2573   0.0053   -99.90  2    cut
 423  sn97cy        IIn        0.8949   1.66   0.3718   0.0154    29.40  1    cut
 424  sn99em        IIP        0.7987   1.64   0.4614   0.0137     9.40  0    cut
 425  sn91A         Ic-norm    0.6972   1.64   0.2140   0.0168    65.10  1    cut
 426  sn90U         Ic-norm    0.7825   1.64   0.0193   0.0278    10.90  0    cut
 427  sn91N         Ic-norm    0.7487   1.64   0.5122   0.0156   276.10  1    cut
 428  mstar         M-star     0.8570   1.63   0.1638   0.0214     4.00  2    cut
 429  sn84L         Ib-norm    0.5537   1.63   0.1957   0.0209     8.00  0    cut
 430  sn90aa        Ic-norm    0.7649   1.62   0.2092   0.0200   116.10  1    cut
 431  sn97dq        Ic-norm    0.7541   1.62   0.2087   0.0172    26.90  1    cut
 432  sn93J         IIb        0.7067   1.61   0.0230   0.0212     4.60  0    cut
 433  sn04eo        Ia-norm    0.8746   1.61   0.0290   0.0239    12.40  0    cut
 434  sn97cy        IIn        0.8610   1.61   0.2297   0.0105   226.10  1    cut
 435  sn02ap        Ic-broad   0.6214   1.61   0.2049   0.0145     6.50  0    cut
 436  sn97dc        Ib-norm    0.7351   1.60   0.6135   0.0180     0.00  1    cut
 437  lbv03hy       LBV        0.6931   1.60   0.1856   0.0111   -99.90  2    cut
 438  lbv03hy       LBV        0.6972   1.60   0.0169   0.0276   -99.90  2    cut
 439  lbv03hy       LBV        0.6945   1.60   0.0196   0.0245   -99.90  2    cut
 440  sn93J         IIb        0.8136   1.60   0.0270   0.0251     6.60  0    cut
 441  sn94D         Ia-norm    0.7162   1.60   0.1990   0.0224    12.20  0    cut
 442  sn04dj        IIP        0.5524   1.60   0.1559   0.0136     8.00  1    cut
 443  sn04dj        IIP        0.7256   1.59   0.4412   0.0069    89.80  1    cut
 444  sn97ef        Ic-broad   0.8949   1.58   0.2491   0.0254    -5.00  0    cut
 445  sn04dj        IIP        0.5740   1.58   0.1557   0.0135     5.00  1    cut
 446  sn04aw        Ic-norm    0.8746   1.57   0.2097   0.0189    12.20  0    cut
 447  sn99em        IIP        0.8949   1.57   0.4631   0.0161     0.20  0    cut
 448  sn91bg        Ia-91bg    0.7622   1.57   0.2106   0.0250     2.70  0    cut
 449  lbv03hy       LBV        0.6959   1.57   0.0192   0.0277   -99.90  2    cut
 450  sn05gj        Ia-csm     0.6363   1.57   0.0614   0.0413    -1.80  0    cut
 451  lbv03hy       LBV        0.6999   1.56   0.0186   0.0293   -99.90  2    cut
 452  sn90K         IIL        0.7080   1.55   0.4500   0.0142    76.40  1    cut
 453  sn04dj        IIP        0.5510   1.55   0.1552   0.0136     2.70  1    cut
 454  sn04dj        IIP        0.5727   1.54   0.1561   0.0143    18.00  1    cut
 455  sn04dj        IIP        0.5551   1.54   0.1561   0.0131     0.00  1    cut
 456  lbv99bw       LBV        0.6999   1.53   0.1560   0.0150   -99.90  2    cut
 457  sn97dq        Ic-norm    0.7527   1.53   0.2091   0.0202    21.90  1    cut
 458  sn93J         IIb        0.6959   1.52   0.7675   0.0131     2.70  0    cut
 459  sn99by        Ia-91bg    0.7013   1.52   0.2000   0.0181     5.20  0    cut
 460  sn93J         IIb        0.7839   1.51   0.1885   0.0226    -5.00  0    cut
 461  sn06aj        Ic-broad   0.8705   1.50   0.0761   0.0272     2.80  0    cut
 462  sn90K         IIL        0.7811   1.50   0.4501   0.0112    55.60  1    cut
 463  sn99ex        Ib-norm    0.7974   1.50   0.9219   0.0198     9.30  0    cut
 464  sn02ap        Ic-broad   0.6945   1.50   0.0832   0.0423    -1.40  0    cut
 465  sn04dj        IIP        0.5740   1.50   0.1559   0.0148    17.00  1    cut
 466  lbv03hy       LBV        0.6959   1.49   0.1861   0.0150   -99.90  2    cut
 467  sn80K         IIL        0.5456   1.49   0.2450   0.0297    11.00  0    cut
 468  sn02ap        Ic-broad   0.6227   1.49   0.2031   0.0238     9.50  0    cut
 469  sn94I         Ic-norm    0.7080   1.48   0.2031   0.0254     1.10  0    cut
 470  lbv03hy       LBV        0.6972   1.48   0.0182   0.0296   -99.90  2    cut
 471  mstar         M-star     0.8570   1.48   0.1760   0.0208     9.00  2    cut
 472  sn88L         Ib-norm    0.6837   1.47   0.2148   0.0232    47.70  1    cut
 473  sn04et        IIP        0.7432   1.47   0.1840   0.0216     6.20  0    cut
 474  sn91A         Ic-norm    0.6742   1.47   0.0428   0.0180    32.60  1    cut
 475  sn95F         Ic-norm    0.8637   1.47   0.2087   0.0245    88.60  1    cut
 476  sn91A         Ic-norm    0.6593   1.46   0.0451   0.0181    10.90  1    cut
 477  sn94I         Ic-norm    0.7365   1.46   0.2027   0.0259     3.30  0    cut
 478  sn87A         II-pec     0.5740   1.46   0.0067   0.0161    13.30  0    cut
 479  sn91ar        Ib-norm    0.5348   1.45   0.3008   0.0175     0.00  1    cut
 480  sn97ei        Ic-norm    0.8150   1.45   0.0364   0.0286    10.90  1    cut
 481  sn83V         Ic-norm    0.6688   1.45   0.2043   0.0254    11.90  0    cut
 482  sn97dq        Ic-norm    0.7473   1.44   0.2087   0.0219    14.90  1    cut
 483  sn93J         IIb        0.8272   1.44   0.0257   0.0200     3.40  0    cut
 484  sn04dj        IIP        0.5672   1.44   0.1562   0.0148    20.00  1    cut
 485  sn04dj        IIP        0.5970   1.44   0.2869   0.0086    50.60  1    cut
 486  sn80K         IIL        0.5293   1.43   0.0260   0.0217    12.00  0    cut
 487  sn02ap        Ic-broad   0.7608   1.43   0.2149   0.0401    11.60  0    cut
 488  sn99dn        Ib-norm    0.8136   1.43   0.2170   0.0233     0.00  1    cut
 489  sn90K         IIL        0.8082   1.43   0.3418   0.0188   119.20  1    cut
 490  lbv03hy       LBV        0.6959   1.42   0.0188   0.0222   -99.90  2    cut
 491  sn04dj        IIP        0.5713   1.41   0.2866   0.0080    36.00  1    cut
 492  sn04eo        Ia-norm    0.8746   1.41   0.0289   0.0260    14.00  0    cut
 493  sn97dq        Ic-norm    0.7487   1.41   0.2088   0.0231    17.90  1    cut
 494  sn99di        Ib-norm    0.7392   1.40   0.6141   0.0201    23.60  1    cut
 495  sn83N         Ib-norm    0.7446   1.40   0.0233   0.0219    12.00  0    cut
 496  sn79C         IIL        0.4955   1.40   0.0620   0.0154     9.90  0    cut
 497  sn88L         Ib-norm    0.7053   1.40   0.2115   0.0309     0.00  1    cut
 498  sn87A         II-pec     0.5713   1.39   0.0067   0.0172     3.30  0    cut
 499  lbv99bw       LBV        0.6525   1.39   0.2579   0.0053   -99.90  2    cut
 500  sn91N         Ic-norm    0.8949   1.39   0.5122   0.0193   250.20  1    cut
 501  sn97ef        Ic-broad   0.7514   1.38   0.0770   0.0366    -4.10  0    cut
 502  sn99by        Ia-91bg    0.7026   1.37   0.1999   0.0207     6.10  0    cut
 503  sn97ef        Ic-broad   0.6999   1.37   0.0802   0.0370    -5.10  0    cut
 504  sn02ap        Ic-broad   0.7622   1.37   0.2132   0.0359     5.60  0    cut
 505  sn98S         IIn        0.5808   1.36   0.3714   0.0123     1.90  0    cut
 506  sn79C         IIL        0.4955   1.35   0.4624   0.0107    10.90  0    cut
 507  sn90K         IIL        0.7392   1.35   0.3417   0.0191   161.00  1    cut
 508  sn90B         Ic-norm    0.4319   1.34   0.3028   0.0200     5.00  0    cut
 509  sn05hk        Ia-pec     0.5916   1.34   0.1768   0.0234    12.40  0    cut
 510  sn06aj        Ic-broad   0.5551   1.34   0.2446   0.0234     1.80  0    cut
 511  sn87A         II-pec     0.5754   1.34   0.0078   0.0191     9.30  0    cut
 512  sn96X         Ia-norm    0.4806   1.34   0.2045   0.0254    12.70  0    cut
 513  sn94I         Ic-norm    0.7094   1.33   0.2017   0.0285     2.10  0    cut
 514  sn02ap        Ic-broad   0.7554   1.33   0.2138   0.0309     3.60  0    cut
 515  sn91A         Ic-norm    0.6607   1.32   0.3006   0.0228    16.80  1    cut
 516  sn83N         Ib-norm    0.5591   1.32   0.0248   0.0268     4.00  0    cut
 517  sn90K         IIL        0.7554   1.32   0.3421   0.0186   202.60  1    cut
 518  sn05cs        IIP        0.7405   1.32   0.1837   0.0266     7.10  0    cut
 519  sn98S         IIn        0.8840   1.32   0.2572   0.0104    -1.50  0    cut
 520  sn90B         Ic-norm    0.4346   1.31   0.3023   0.0206     7.00  0    cut
 521  sn90K         IIL        0.6403   1.31   0.0228   0.0235     0.00  1    cut
 522  sn99di        Ib-norm    0.6227   1.31   0.6141   0.0204    30.50  1    cut
 523  sn90B         Ic-norm    0.4346   1.31   0.3020   0.0209     6.00  0    cut
 524  sn02ap        Ic-broad   0.7622   1.31   0.2113   0.0390     6.60  0    cut
 525  sn02ap        Ic-broad   0.7554   1.31   0.2116   0.0341     4.60  0    cut
 526  sn99di        Ib-norm    0.7405   1.29   0.4586   0.0131     0.00  1    cut
 527  sn90K         IIL        0.7784   1.28   0.3409   0.0190   174.80  1    cut
 528  sn04dj        IIP        0.5943   1.28   0.2863   0.0098    46.80  1    cut
 529  sn90B         Ic-norm    0.4346   1.28   0.3018   0.0216     9.90  0    cut
 530  sn90B         Ic-norm    0.4346   1.28   0.3040   0.0217     5.90  0    cut
 531  sn90aa        Ic-norm    0.7663   1.28   0.2323   0.0252     0.00  1    cut
 532  sn87A         II-pec     0.5767   1.27   0.0055   0.0449    -2.70  0    cut
 533  mstar         M-star     0.8583   1.26   0.1612   0.0155    10.00  2    cut
 534  sn99by        Ia-91bg    0.7026   1.26   0.2002   0.0227     7.10  0    cut
 535  sn97dd        IIb        0.7527   1.26   0.0249   0.0308     3.60  1    cut
 536  sn94D         Ia-norm    0.7121   1.25   0.0329   0.0271    13.20  0    cut
 537  sn04dj        IIP        0.5943   1.24   0.2863   0.0090    48.00  1    cut
 538  sn97cy        IIn        0.8949   1.24   0.5118   0.0108   196.10  1    cut
 539  sn90B         Ic-norm    0.6160   1.24   0.3082   0.0284     4.00  0    cut
 540  sn99em        IIP        0.8949   1.23   0.4629   0.0169     6.20  0    cut
 541  sn97cy        IIn        0.8949   1.23   0.4566   0.0085   377.70  1    cut
 542  sn04dj        IIP        0.5943   1.23   0.2865   0.0096    50.00  1    cut
 543  sn79C         IIL        0.5510   1.22   0.5745   0.0178    12.90  0    cut
 544  sn98dt        Ib-norm    0.6959   1.21   0.5414   0.0193     6.80  0    cut
 545  sn91A         Ic-norm    0.6065   1.21   0.0472   0.0609     0.00  1    cut
 546  sn04dj        IIP        0.5916   1.21   0.2862   0.0101    51.90  1    cut
 547  lbv03hy       LBV        0.6945   1.20   0.2777   0.0059   -99.90  2    cut
 548  sn87A         II-pec     0.5781   1.19   0.0080   0.0212    11.30  0    cut
 549  sn87A         II-pec     0.5740   1.18   0.0057   0.0480     1.30  0    cut
 550  sn04et        IIP        0.7432   1.16   0.1824   0.0275     4.00  0    cut
 551  sn06bp        IIP        0.7392   1.16   0.5846   0.0187     3.30  0    cut
 552  sn99em        IIP        0.6918   1.15   0.1689   0.0226    -2.60  0    cut
 553  sn06bp        IIP        0.7392   1.15   0.5824   0.0185     4.20  0    cut
 554  sn99em        IIP        0.6864   1.14   0.1715   0.0217    -3.60  0    cut
 555  sn99by        Ia-91bg    0.7013   1.14   0.2002   0.0257     8.10  0    cut
 556  sn02ap        Ic-broad   0.6945   1.14   0.0904   0.0500    -0.40  0    cut
 557  sn97cy        IIn        0.8935   1.14   0.4999   0.0139   125.30  1    cut
 558  sn04et        IIP        0.7297   1.13   0.5758   0.0212    -1.90  0    cut
 559  sn80K         IIL        0.5185   1.12   0.0430   0.0224     9.00  0    cut
 560  sn04et        IIP        0.7365   1.12   0.5757   0.0205    -2.90  0    cut
 561  sn98dt        Ib-norm    0.7581   1.11   0.2101   0.0294    11.70  0    cut
 562  sn84L         Ib-norm    0.5591   1.11   0.3103   0.0252     9.00  0    cut
 563  sn97dq        Ic-norm    0.6972   1.11   0.2097   0.0372     0.00  1    cut
 564  sn90K         IIL        0.6417   1.10   0.1559   0.0114   174.80  1    cut
 565  sn87A         II-pec     0.5767   1.10   0.0057   0.0500    -4.70  0    cut
 566  sn97ef        Ic-broad   0.5645   1.10   0.6867   0.0222     6.80  0    cut
 567  sn97cy        IIn        0.8570   1.08   0.3431   0.0127     0.00  1    cut
 568  sn97cy        IIn        0.8881   1.07   0.4589   0.0093   174.50  1    cut
 569  sn99gi        IIP        0.6864   1.06   0.1714   0.0244    -4.00  0    cut
 570  sn05cs        IIP        0.7378   1.06   0.1583   0.0166     0.10  0    cut
 571  sn97cy        IIn        0.8949   1.06   0.4597   0.0118   116.80  1    cut
 572  sn90U         Ic-norm    0.7581   1.05   0.1941   0.0288    11.90  0    cut
 573  sn99em        IIP        0.6918   1.05   0.1679   0.0209    -1.60  0    cut
 574  sn90K         IIL        0.5672   1.05   0.1563   0.0119   201.70  1    cut
 575  sn06bp        IIP        0.7080   1.03   0.5785   0.0178     7.20  0    cut
 576  sn02ap        Ic-broad   0.8678   1.03   0.1027   0.0400    -2.40  0    cut
 577  sn80K         IIL        0.5280   1.02   0.5658   0.0205     7.00  0    cut
 578  lbv03hy       LBV        0.6796   1.02   0.1856   0.0102   -99.90  2    cut
 579  sn98bw        Ic-broad   0.8949   1.01   0.3410   0.0114    11.70  0    cut
 580  sn83V         Ic-norm    0.5916   1.01   0.5553   0.0282    12.90  0    cut
 581  sn98dt        Ib-norm    0.7568   1.00   0.2215   0.0320    10.70  0    cut
 582  sn04et        IIP        0.7365   0.99   0.5732   0.0212     1.00  0    cut
 583  sn99gi        IIP        0.6837   0.98   0.1749   0.0253    -5.00  0    cut
 584  sn99em        IIP        0.7974   0.98   0.1681   0.0224     2.40  0    cut
 585  sn99em        IIP        0.7446   0.98   0.1680   0.0227     1.40  0    cut
 586  sn05cs        IIP        0.7392   0.97   0.0730   0.0309    -1.90  0    cut
 587  sn96L         IIn        0.6092   0.97   0.1493   0.0169     8.40  0    cut
 588  sn97dq        Ic-norm    0.4549   0.96   0.2912   0.0310    42.80  1    cut
 589  sn97cy        IIn        0.8949   0.96   0.4593   0.0113    71.30  1    cut
 590  sn90K         IIL        0.6065   0.95   0.5434   0.0272    53.30  1    cut
 591  sn05cs        IIP        0.7432   0.95   0.7516   0.0139     1.00  0    cut
 592  sn91A         Ic-norm    0.5564   0.94   0.2896   0.0291    61.40  1    cut
 593  sn05cs        IIP        0.7446   0.94   0.1628   0.0355     5.00  0    cut
 594  sn97cy        IIn        0.8949   0.94   0.4590   0.0118    57.20  1    cut
 595  sn98bw        Ic-broad   0.8949   0.93   0.2843   0.0531     7.80  0    cut
 596  sn05cs        IIP        0.7419   0.93   0.1627   0.0183     4.00  0    cut
 597  sn98bw        Ic-broad   0.8949   0.92   0.2980   0.0379    12.70  0    cut
 598  sn05cs        IIP        0.7432   0.92   0.7505   0.0139     2.10  0    cut
 599  sn05cs        IIP        0.7419   0.92   0.1584   0.0190    -0.80  0    cut
 600  sn97cy        IIn        0.8949   0.92   0.4697   0.0133    14.10  1    cut
 601  sn02ap        Ic-broad   0.6999   0.90   0.0933   0.0575     0.60  0    cut
 602  sn90K         IIL        0.5320   0.90   0.1742   0.0121   139.00  1    cut
 603  sn83V         Ic-norm    0.6038   0.88   0.2022   0.0423    13.90  0    cut
 604  sn05cs        IIP        0.7432   0.87   0.7493   0.0138     3.10  0    cut
 605  sn99em        IIP        0.7568   0.87   0.1739   0.0302     5.40  0    cut
 606  sn99em        IIP        0.7527   0.87   0.7657   0.0166    -0.60  0    cut
 607  sn04et        IIP        0.7351   0.86   0.1803   0.0331     2.00  0    cut
 608  sn97dd        IIb        0.7405   0.86   0.0266   0.0417    16.40  1    cut
 609  sn99em        IIP        0.7459   0.84   0.7647   0.0166     0.40  0    cut
 610  sn02ap        Ic-broad   0.6200   0.83   0.6813   0.0195     1.50  0    cut
 611  sn04et        IIP        0.7392   0.79   0.1651   0.0371    -0.90  0    cut
 612  sn90K         IIL        0.6119   0.79   0.1979   0.0148   136.20  1    cut
 613  sn98bw        Ic-broad   0.8949   0.76   0.2005   0.0320     8.70  0    cut
 614  sn91A         Ic-norm    0.4833   0.69   0.1141   0.0484   128.30  1    cut
 615  sn98bw        Ic-broad   0.8813   0.68   0.2670   0.0387    13.70  0    cut
 616  sn90K         IIL        0.6268   0.67   0.2080   0.0141   147.10  1    cut
