### SNID output file ###
 
### input spectrum and options ###
# Input spectrum                 : 14984_-0.70.dat
# Parameter file                 : NA
# Wavelength range               :    3616.48   9720.44
# Mask file                      : NA
# Median filtering width [A]     : NA
# Median filtering width [pix]   :       1.00
# Clip emission redshift         :     0.1828
# Clip sky lines                 : 0
# Emission clip width [A]        :       0.18
# Keep A-band                    : 1
# Age range                      :     -10.70      9.30
# Delta range                    :      -9.99     99.90
# Min. number of spectra/template:   1
# Use only templates             : NA
# Use only types                 : NA
# Avoid templates                : NA
# Avoid types                    : NA
# rlapmin                        :       5.00
# Redshift range                 :    -0.0100    1.2000
# Forced initial redshift        :     0.1828
# Extra fake redshift            : NA
# Nsigma for initial redshift    : NA
# Redshift filter                :     0.0200
# Wavenumbers k1,k2,k3,k4        :     1    4   85  102
# Template directory             : /Users/daniel/snid-5.0/templates/
 
### initial/user-input redshift ###
zinit       0.0000
zuser       0.1828
 
### median redshift/age and error ###
zmed        0.1903    0.0032
agem          1.05      3.58
 
### type fraction/redshift/age ###
#type ntemp fraction slope redshift redshift_error age age_error
Ia             54      1.00    0.0000    0.1903    0.0032     1.050     3.578
Ia-norm        45      0.83   -0.0517    0.1902    0.0028     0.900     3.536
Ia-91T          0      0.00    0.0000    0.0000    0.0000     0.000     0.000
Ia-91bg         2      0.04    0.0000    0.1883    0.0001     1.100     0.707
Ia-csm          1      0.02    0.0000    0.1800    0.0000     5.600     0.000
Ia-pec          6      0.11    0.0602    0.1933    0.0024     1.100     4.504
###
Ib              0      0.00    0.0000    0.0000    0.0000     0.000     0.000
Ib-norm         0      0.00    0.0000    0.0000    0.0000     0.000     0.000
Ib-pec          0      0.00    0.0000    0.0000    0.0000     0.000     0.000
IIb             0      0.00    0.0000    0.0000    0.0000     0.000     0.000
###
Ic              0      0.00    0.0000    0.0000    0.0000     0.000     0.000
Ic-norm         0      0.00    0.0000    0.0000    0.0000     0.000     0.000
Ic-pec          0      0.00    0.0000    0.0000    0.0000     0.000     0.000
Ic-broad        0      0.00    0.0000    0.0000    0.0000     0.000     0.000
###
II              0      0.00    0.0000    0.0000    0.0000     0.000     0.000
IIP             0      0.00    0.0000    0.0000    0.0000     0.000     0.000
II-pec          0      0.00    0.0000    0.0000    0.0000     0.000     0.000
IIn             0      0.00    0.0000    0.0000    0.0000     0.000     0.000
IIL             0      0.00    0.0000    0.0000    0.0000     0.000     0.000
###
NotSN           0      0.00    0.0000    0.0000    0.0000     0.000     0.000
AGN             0      0.00    0.0000    0.0000    0.0000     0.000     0.000
Gal             0      0.00    0.0000    0.0000    0.0000     0.000     0.000
LBV             0      0.00    0.0000    0.0000    0.0000     0.000     0.000
M-star          0      0.00    0.0000    0.0000    0.0000     0.000     0.000
 
### rlap-ordered template listings ###
#no. sn type lap rlap z zerr age age_flag grade
   1  sn94ae        Ia-norm    0.6512   7.63   0.1904   0.0061     3.30  0   good
   2  sn06gz        Ia-pec     0.6376   7.22   0.1943   0.0067    -2.60  0   good
   3  sn90N         Ia-norm    0.5794   7.00   0.1852   0.0070     2.60  0   good
   4  sn92A         Ia-norm    0.6837   6.81   0.2020   0.0068    -0.60  0   good
   5  sn94ae        Ia-norm    0.7351   6.64   0.1911   0.0072     1.30  0   good
   6  sn95E         Ia-norm    0.6024   6.59   0.1909   0.0078    -1.90  0   good
   7  sn94ae        Ia-norm    0.6647   6.41   0.1908   0.0072     2.30  0   good
   8  sn03cg        Ia-norm    0.8123   6.32   0.1887   0.0073     1.50  0   good
   9  sn89B         Ia-norm    0.6471   6.27   0.1866   0.0071     5.50  0   good
  10  sn95E         Ia-norm    0.6498   6.16   0.1902   0.0074     0.10  0   good
  11  sn89B         Ia-norm    0.6498   6.04   0.1876   0.0075     3.50  0   good
  12  sn98aq        Ia-norm    0.6837   5.91   0.1890   0.0088     0.00  0   good
  13  sn86G         Ia-91bg    0.5957   5.90   0.1884   0.0082     1.60  0   good
  14  sn92A         Ia-norm    0.6891   5.88   0.2049   0.0079    -5.00  0    bad
  15  sn06gz        Ia-pec     0.6458   5.88   0.1906   0.0068     5.20  0   good
  16  sn00E         Ia-norm    0.7148   5.84   0.1922   0.0087    -2.50  0   good
  17  sn05hj        Ia-norm    0.7026   5.81   0.1916   0.0090    -0.30  0   good
  18  sn86G         Ia-91bg    0.5916   5.78   0.1882   0.0084     0.60  0   good
  19  sn99aa        Ia-91T     0.8109   5.77   0.2085   0.0112    -4.10  0    bad
  20  sn03du        Ia-norm    0.8556   5.69   0.1879   0.0075     3.90  0   good
  21  sn02ic        Ia-csm     0.9720   5.69   0.1800   0.0162     5.60  0   good
  22  sn98aq        Ia-norm    0.7135   5.69   0.1914   0.0082    -8.00  0   good
  23  sn03cg        Ia-norm    0.8123   5.64   0.1921   0.0086    -4.50  0   good
  24  sn98bu        Ia-norm    0.6972   5.63   0.1900   0.0090    -1.70  0   good
  25  sn98bu        Ia-norm    0.6972   5.61   0.1899   0.0092    -2.80  0   good
  26  sn03du        Ia-norm    0.8542   5.59   0.1892   0.0077     1.90  0   good
  27  sn02er        Ia-norm    0.8637   5.55   0.1923   0.0085    -0.50  0   good
  28  sn06gz        Ia-pec     0.6444   5.54   0.1953   0.0085    -5.50  0   good
  29  sn98aq        Ia-norm    0.6931   5.52   0.1889   0.0093     0.90  0   good
  30  sn96X         Ia-norm    0.7270   5.50   0.1906   0.0079     0.00  0   good
  31  sn00cx        Ia-pec     0.6403   5.48   0.1965   0.0095     0.60  0   good
  32  sn03cg        Ia-norm    0.7839   5.47   0.1903   0.0095    -0.50  0   good
  33  sn98bu        Ia-norm    0.5672   5.46   0.1894   0.0088     1.20  0   good
  34  sn94S         Ia-norm    0.6999   5.46   0.1897   0.0095    -3.40  0   good
  35  sn03cg        Ia-norm    0.7893   5.44   0.1900   0.0096    -5.90  0   good
  36  sn98bu        Ia-norm    0.6972   5.44   0.1897   0.0093    -0.70  0   good
  37  sn92A         Ia-norm    0.6850   5.44   0.1987   0.0083     3.30  0   good
  38  sn94ae        Ia-norm    0.6783   5.42   0.1902   0.0083     4.40  0   good
  39  sn03cg        Ia-norm    0.8163   5.40   0.1899   0.0085     4.50  0   good
  40  sn96X         Ia-norm    0.7879   5.39   0.1894   0.0091    -1.10  0   good
  41  sn98aq        Ia-norm    0.6959   5.34   0.1891   0.0093     1.90  0   good
  42  sn94ae        Ia-norm    0.6918   5.31   0.1917   0.0079     3.30  0   good
  43  sn03cg        Ia-norm    0.7974   5.30   0.1924   0.0097    -7.50  0   good
  44  sn89B         Ia-norm    0.6390   5.26   0.1854   0.0081     7.50  0   good
  45  sn96X         Ia-norm    0.7270   5.25   0.1916   0.0083    -3.00  0   good
  46  sn98aq        Ia-norm    0.6959   5.24   0.1893   0.0092     2.90  0   good
  47  sn04eo        Ia-norm    0.8597   5.21   0.1873   0.0086     2.20  0   good
  48  sn94ae        Ia-norm    0.6864   5.19   0.1906   0.0086     6.40  0   good
  49  sn98aq        Ia-norm    0.6959   5.19   0.1894   0.0091     3.90  0   good
  50  sn06gz        Ia-pec     0.7446   5.16   0.1908   0.0060     6.30  0   good
  51  sn05hj        Ia-norm    0.7297   5.15   0.1913   0.0095     1.60  0   good
  52  sn00cx        Ia-pec     0.8976   5.14   0.1923   0.0096     1.60  0   good
  53  sn96X         Ia-norm    0.7270   5.11   0.1913   0.0085    -2.00  0   good
  54  sn00E         Ia-norm    0.7419   5.05   0.1923   0.0092    -5.50  0   good
  55  sn03du        Ia-norm    0.7906   5.04   0.1903   0.0084    -0.20  0   good
  56  sn98aq        Ia-norm    0.6972   5.02   0.1892   0.0093     4.90  0   good
#--- rlap cutoff
  57  sn02er        Ia-norm    0.7893   4.98   0.1908   0.0097     1.50  0    cut
  58  sn96X         Ia-norm    0.7270   4.98   0.1899   0.0087     1.90  0    cut
  59  sn02er        Ia-norm    0.8854   4.96   0.1944   0.0097    -3.50  0    cut
  60  sn96X         Ia-norm    0.7283   4.94   0.1905   0.0086     1.00  0    cut
  61  sn00E         Ia-norm    0.7107   4.93   0.1930   0.0100    -1.40  0    cut
  62  sn94D         Ia-norm    0.8624   4.92   0.1903   0.0082     2.20  0    cut
  63  sn03du        Ia-norm    0.6972   4.90   0.1886   0.0097     2.20  0    cut
  64  sn94D         Ia-norm    0.8732   4.88   0.1913   0.0084    -1.80  0    cut
  65  sn94M         Ia-norm    0.6769   4.87   0.1923   0.0098     5.00  0    cut
  66  sn90O         Ia-norm    0.7148   4.86   0.1954   0.0095    -0.40  0    cut
  67  sn99ee        Ia-norm    0.8867   4.84   0.1906   0.0108     7.10  0    cut
  68  sn99aw        Ia-91T     0.8529   4.84   0.1963   0.0105     3.20  0    cut
  69  sn03du        Ia-norm    0.6999   4.84   0.1884   0.0096     3.10  0    cut
  70  sn03du        Ia-norm    0.7920   4.83   0.1903   0.0089     0.80  0    cut
  71  sn04eo        Ia-norm    0.7067   4.80   0.1873   0.0097    -2.80  0    cut
  72  sn03cg        Ia-norm    0.8109   4.77   0.1917   0.0099    -6.80  0    cut
  73  sn04aw        Ic-norm    0.6999   4.77   0.1973   0.0128    -3.30  0    cut
  74  sn86G         Ia-91bg    0.5740   4.74   0.1874   0.0105    -0.40  0    cut
  75  sn92A         Ia-norm    0.6471   4.74   0.1969   0.0096     7.30  0    cut
  76  sn98aq        Ia-norm    0.6972   4.73   0.1890   0.0098     5.90  0    cut
  77  sn03du        Ia-norm    0.6986   4.73   0.1888   0.0104    -0.80  0    cut
  78  sn03du        Ia-norm    0.7229   4.72   0.1876   0.0093     7.90  0    cut
  79  sn96X         Ia-norm    0.7270   4.71   0.1896   0.0090     2.90  0    cut
  80  sn03du        Ia-norm    0.6945   4.71   0.1914   0.0111    -7.80  0    cut
  81  sn94D         Ia-norm    0.8759   4.70   0.1877   0.0088     2.90  0    cut
  82  sn98aq        Ia-norm    0.6783   4.68   0.1890   0.0110    -9.00  0    cut
  83  sn86G         Ia-91bg    0.6796   4.65   0.1919   0.0100    -3.40  0    cut
  84  sn95E         Ia-norm    0.6363   4.63   0.1895   0.0096     2.00  0    cut
  85  sn00cx        Ia-pec     0.6498   4.59   0.1939   0.0127    -3.40  0    cut
  86  sn03du        Ia-norm    0.6945   4.58   0.1922   0.0115    -8.80  0    cut
  87  sn02bo        Ia-norm    0.8542   4.57   0.1987   0.0107    -2.50  0    cut
  88  sn06gz        Ia-pec     0.7432   4.55   0.1909   0.0066     7.20  0    cut
  89  sn02bo        Ia-norm    0.8529   4.51   0.1978   0.0108    -1.20  0    cut
  90  sn94D         Ia-norm    0.7040   4.51   0.1900   0.0106    -3.60  0    cut
  91  sn00cx        Ia-pec     0.6173   4.49   0.1971   0.0112    -0.40  0    cut
  92  sn95D         Ia-norm    0.7297   4.48   0.1882   0.0104     6.10  0    cut
  93  sn86G         Ia-91bg    0.6810   4.47   0.1908   0.0101    -2.40  0    cut
  94  sn02ap        Ic-broad   0.6214   4.47   0.0549   0.0176    -4.50  0    cut
  95  sn00cx        Ia-pec     0.8962   4.44   0.1936   0.0103     5.60  0    cut
  96  sn91M         Ia-norm    0.7216   4.43   0.1944   0.0103     2.70  0    cut
  97  sn96X         Ia-norm    0.9788   4.40   0.1879   0.0133     1.90  0    cut
  98  sn05hj        Ia-norm    0.7148   4.40   0.1909   0.0106     4.30  0    cut
  99  sn98aq        Ia-norm    0.6959   4.39   0.1885   0.0105     6.90  0    cut
 100  sn03du        Ia-norm    0.8069   4.39   0.1900   0.0097    -1.10  0    cut
 101  sn00cx        Ia-pec     0.6525   4.38   0.1953   0.0123    -1.40  0    cut
 102  sn96X         Ia-norm    0.9815   4.34   0.1884   0.0133     0.90  0    cut
 103  sn95D         Ia-norm    0.6904   4.34   0.1897   0.0109     4.20  0    cut
 104  sn99by        Ia-91bg    0.8515   4.26   0.1869   0.0112    -2.80  0    cut
 105  sn02bo        Ia-norm    0.8813   4.23   0.1962   0.0115    -0.30  0    cut
 106  sn00cx        Ia-pec     0.5740   4.23   0.1943   0.0129    -2.40  0    cut
 107  sn02bo        Ia-norm    0.6959   4.22   0.2019   0.0125    -7.00  0    cut
 108  sn06gz        Ia-pec     0.6485   4.21   0.1890   0.0095     7.20  0    cut
 109  sn04aw        Ic-norm    0.6999   4.20   0.1972   0.0133    -2.20  0    cut
 110  sn94S         Ia-norm    0.7040   4.20   0.1898   0.0116     1.40  0    cut
 111  sn86G         Ia-91bg    0.6133   4.19   0.1900   0.0116    -2.70  0    cut
 112  sn03du        Ia-norm    0.6986   4.18   0.1932   0.0125    -9.70  0    cut
 113  sn94D         Ia-norm    0.6498   4.17   0.1943   0.0116    -7.70  0    cut
 114  sn02bo        Ia-norm    0.6959   4.17   0.2032   0.0125    -8.10  0    cut
 115  sn96X         Ia-norm    0.6864   4.16   0.1894   0.0115    -0.90  0    cut
 116  sn02bo        Ia-norm    0.6972   4.16   0.2003   0.0126    -6.00  0    cut
 117  sn99by        Ia-91bg    0.6024   4.14   0.1871   0.0113    -4.80  0    cut
 118  sn86G         Ia-91bg    0.6959   4.12   0.1925   0.0110    -4.40  0    cut
 119  sn02bo        Ia-norm    0.6972   4.12   0.1993   0.0127    -5.10  0    cut
 120  sn02bo        Ia-norm    0.6972   4.11   0.1983   0.0125    -4.00  0    cut
 121  sn94D         Ia-norm    0.7040   4.10   0.1898   0.0112     0.40  0    cut
 122  sn02bo        Ia-norm    0.7500   4.09   0.1994   0.0119    -3.40  0    cut
 123  sn96X         Ia-norm    0.7243   4.08   0.1884   0.0101     4.90  0    cut
 124  sn03du        Ia-norm    0.7283   4.07   0.1876   0.0111     8.90  0    cut
 125  sn02bo        Ia-norm    0.6972   4.06   0.1973   0.0127    -3.10  0    cut
 126  sn99by        Ia-91bg    0.6999   4.05   0.1855   0.0119    -3.90  0    cut
 127  sn94M         Ia-norm    0.7243   4.04   0.1901   0.0100     7.90  0    cut
 128  sn00cx        Ia-pec     0.8976   4.03   0.1928   0.0112     6.50  0    cut
 129  sn92A         Ia-norm    0.8570   4.02   0.1970   0.0119     6.30  0    cut
 130  sn94D         Ia-norm    0.7067   4.02   0.1908   0.0116    -2.60  0    cut
 131  sn06gz        Ia-pec     0.7432   3.98   0.1904   0.0073     8.20  0    cut
 132  sn05hj        Ia-norm    0.7107   3.95   0.1879   0.0135    -5.10  0    cut
 133  sn02bo        Ia-norm    0.6972   3.95   0.1954   0.0128    -1.20  0    cut
 134  sn03du        Ia-norm    0.9328   3.95   0.0699   0.0177    -3.20  0    cut
 135  sn02bo        Ia-norm    0.6986   3.93   0.1963   0.0129    -2.10  0    cut
 136  sn94D         Ia-norm    0.7094   3.93   0.1916   0.0119    -4.70  0    cut
 137  sn81B         Ia-norm    0.9842   3.92   0.2015   0.0142     0.00  0    cut
 138  sn97br        Ia-91T     0.8163   3.86   0.1894   0.0138    -4.00  0    cut
 139  sn02bo        Ia-norm    0.7541   3.84   0.1966   0.0121    -1.50  0    cut
 140  sn05hk        Ia-pec     0.9612   3.83   0.1717   0.0205    -5.10  0    cut
 141  sn01el        Ia-norm    0.6647   3.83   0.1944   0.0111     1.30  0    cut
 142  sn95E         Ia-norm    0.6227   3.81   0.1857   0.0120     7.00  0    cut
 143  sn03cg        Ia-norm    0.7202   3.81   0.1923   0.0125    -1.80  0    cut
 144  sn02er        Ia-norm    0.7568   3.79   0.2001   0.0120    -9.40  0    cut
 145  sn89B         Ia-norm    0.9409   3.78   0.0466   0.0220    -6.30  0    cut
 146  sn96X         Ia-norm    0.7283   3.77   0.1881   0.0107     5.90  0    cut
 147  sn81B         Ia-norm    0.9788   3.77   0.2017   0.0147    -0.90  0    cut
 148  sn96C         Ia-norm    0.7649   3.76   0.1876   0.0124     8.30  0    cut
 149  sn03du        Ia-norm    0.9341   3.74   0.0721   0.0188    -5.00  0    cut
 150  sn02er        Ia-norm    0.8015   3.72   0.1989   0.0121    -7.40  0    cut
 151  sn02bo        Ia-norm    0.7229   3.71   0.2004   0.0121    -4.40  0    cut
 152  sn91T         Ia-91T     0.8515   3.70   0.1887   0.0184    -5.30  0    cut
 153  sn02er        Ia-norm    0.7202   3.62   0.1887   0.0117     4.40  0    cut
 154  sn03du        Ia-norm    0.8759   3.62   0.2067   0.0128   -10.10  0    cut
 155  sn05hj        Ia-norm    0.7338   3.61   0.1890   0.0155    -6.00  0    cut
 156  sn95D         Ia-norm    0.7351   3.61   0.1875   0.0129     8.10  0    cut
 157  sn03du        Ia-norm    0.7514   3.60   0.1933   0.0106    -7.00  0    cut
 158  sn96X         Ia-norm    0.7243   3.60   0.1872   0.0112     6.90  0    cut
 159  sn02ap        Ic-broad   0.6160   3.59   0.0548   0.0200    -5.50  0    cut
 160  sn90O         Ia-norm    0.8989   3.55   0.0666   0.0212    -6.10  0    cut
 161  sn06gz        Ia-pec     0.7419   3.54   0.1904   0.0081     9.20  0    cut
 162  sn94M         Ia-norm    0.7175   3.47   0.1959   0.0124     3.00  0    cut
 163  sn02er        Ia-norm    0.7893   3.46   0.1997   0.0130    -6.40  0    cut
 164  sn04aw        Ic-norm    0.6986   3.44   0.2038   0.0171    -5.20  0    cut
 165  sn94D         Ia-norm    0.7676   3.44   0.1954   0.0138    -8.70  0    cut
 166  sn97ef        Ic-broad   0.6972   3.44   0.0599   0.0230    -9.10  0    cut
 167  sn94ae        Ia-norm    0.6986   3.42   0.1890   0.0137     9.30  0    cut
 168  sn89B         Ia-norm    0.9558   3.41   0.0550   0.0212    -0.50  0    cut
 169  sn94D         Ia-norm    0.9422   3.39   0.0641   0.0241    -5.60  0    cut
 170  kcS0          Gal        0.9842   3.39   0.0202   0.0260   -99.90  2    cut
 171  sn99aa        Ia-91T     0.9043   3.39   0.2029   0.0148    -0.60  0    cut
 172  sn92A         Ia-norm    0.8231   3.38   0.2014   0.0151    -0.40  0    cut
 173  sn83V         Ic-norm    0.7541   3.37   0.0639   0.0177    -7.00  0    cut
 174  sn97br        Ia-91T     0.8881   3.36   0.1901   0.0143     7.80  0    cut
 175  sn03cg        Ia-norm    0.6579   3.36   0.1907   0.0134    -2.30  0    cut
 176  sn90O         Ia-norm    0.8976   3.35   0.0654   0.0216    -5.10  0    cut
 177  sn99aw        Ia-91T     0.8732   3.33   0.1982   0.0152     0.30  0    cut
 178  sn99aa        Ia-91T     0.9260   3.32   0.2072   0.0140     2.70  0    cut
 179  sn02bo        Ia-norm    0.7392   3.31   0.2077   0.0142    -9.40  0    cut
 180  sn03du        Ia-norm    0.9274   3.30   0.0634   0.0198     5.00  0    cut
 181  lbv01ac       LBV        0.9287   3.29   0.1456   0.0174   -99.90  2    cut
 182  sn94M         Ia-norm    0.6376   3.28   0.1941   0.0133     4.00  0    cut
 183  sn02er        Ia-norm    0.9436   3.26   0.0670   0.0209    -2.50  0    cut
 184  sn99aa        Ia-91T     0.7622   3.24   0.2074   0.0139     7.60  0    cut
 185  sn96X         Ia-norm    0.7283   3.24   0.1858   0.0125     7.90  0    cut
 186  sn99ac        Ia-91T     0.7811   3.24   0.2002   0.0154     0.80  0    cut
 187  sn91T         Ia-91T     0.8515   3.24   0.1876   0.0205    -6.40  0    cut
 188  sn04aw        Ic-norm    0.6579   3.24   0.1947   0.0142    -1.30  0    cut
 189  sn91T         Ia-91T     0.8515   3.24   0.1898   0.0231    -7.30  0    cut
 190  sn06gz        Ia-pec     0.7419   3.23   0.1950   0.0079   -10.30  0    cut
 191  sn02er        Ia-norm    0.9043   3.22   0.1913   0.0137     5.50  0    cut
 192  sn02er        Ia-norm    0.9328   3.22   0.0767   0.0205    -4.40  0    cut
 193  sn06gz        Ia-pec     0.7473   3.21   0.1947   0.0072    -9.30  0    cut
 194  sn03fg        Ia-pec     0.8867   3.21   0.1749   0.0167     2.00  0    cut
 195  sn97ef        Ic-broad   0.6986   3.20   0.0597   0.0252   -10.10  0    cut
 196  sn94D         Ia-norm    0.8407   3.18   0.0716   0.0238   -10.70  0    cut
 197  sn02er        Ia-norm    0.9368   3.12   0.0683   0.0216    -1.50  0    cut
 198  sn00cx        Ia-pec     0.6214   3.09   0.1958   0.0136     7.50  0    cut
 199  sn99ee        Ia-norm    0.9842   3.09   0.2175   0.0212    -8.60  0    cut
 200  kcE           Gal        0.9842   3.08   0.0231   0.0320   -99.90  2    cut
 201  sn02ap        Ic-broad   0.6945   3.02   0.0529   0.0265    -1.40  0    cut
 202  sn04S         Ia-norm    0.9774   3.01   0.0526   0.0230     1.70  0    cut
 203  sn01el        Ia-norm    0.9057   3.01   0.1961   0.0140     9.20  0    cut
 204  sn03du        Ia-norm    0.8718   3.01   0.2001   0.0126    -6.20  0    cut
 205  sn86G         Ia-91bg    0.6539   3.00   0.1902   0.0135    -1.90  0    cut
 206  sn01el        Ia-norm    0.6810   3.00   0.1977   0.0133    -3.70  0    cut
 207  sn86G         Ia-91bg    0.6566   2.95   0.1895   0.0136    -0.90  0    cut
 208  sn96X         Ia-norm    0.9842   2.93   0.1885   0.0181     7.80  0    cut
 209  sn86G         Ia-91bg    0.6552   2.92   0.1862   0.0136     0.10  0    cut
 210  sn05hk        Ia-pec     0.8163   2.91   0.1762   0.0300    -4.30  0    cut
 211  sn91bg        Ia-91bg    0.7243   2.91   0.1799   0.0173     2.70  0    cut
 212  sn06bp        IIP        0.6850   2.91   0.1724   0.0135    -5.70  0    cut
 213  sn99ac        Ia-91T     0.7649   2.90   0.2079   0.0163    -9.60  0    cut
 214  sn94S         Ia-norm    0.6268   2.90   0.0641   0.0244    -2.50  0    cut
 215  sn02bo        Ia-norm    0.9761   2.88   0.1939   0.0199     5.50  0    cut
 216  sn97cn        Ia-91bg    0.7243   2.87   0.1828   0.0149     3.90  0    cut
 217  sn05hk        Ia-pec     0.8339   2.85   0.1737   0.0205    -4.20  0    cut
 218  sn02bo        Ia-norm    0.9084   2.84   0.2012   0.0164    -1.40  0    cut
 219  sn00E         Ia-norm    0.6877   2.83   0.1859   0.0169     8.40  0    cut
 220  sn94I         Ic-norm    0.7635   2.81   0.0443   0.0236    -5.60  0    cut
 221  sn03cg        Ia-norm    0.7324   2.80   0.1864   0.0152     7.40  0    cut
 222  lbv03hy       LBV        0.6945   2.80   0.1643   0.0135   -99.90  2    cut
 223  sn05hk        Ia-pec     0.7392   2.80   0.1776   0.0270    -5.30  0    cut
 224  sn05bf        Ib-pec     0.7392   2.79   0.1786   0.0156    -3.60  0    cut
 225  sn04aw        Ic-norm    0.6999   2.79   0.1921   0.0174     0.80  0    cut
 226  sn05hk        Ia-pec     0.7432   2.79   0.1751   0.0213    -6.30  0    cut
 227  sn99by        Ia-91bg    0.8515   2.79   0.1795   0.0175     3.10  0    cut
 228  sn96X         Ia-norm    0.7283   2.78   0.1854   0.0145     8.90  0    cut
 229  sn02cx        Ia-pec     0.6959   2.77   0.1697   0.0201    -2.40  0    cut
 230  sn98bu        Ia-norm    0.6999   2.76   0.1854   0.0159     9.30  0    cut
 231  sn86G         Ia-91bg    0.6552   2.75   0.1876   0.0141     1.10  0    cut
 232  sn94D         Ia-norm    0.9003   2.75   0.1933   0.0134    -4.80  0    cut
 233  sn97ef        Ic-broad   0.6986   2.75   0.0611   0.0263    -6.10  0    cut
 234  sn90O         Ia-norm    0.9598   2.75   0.0688   0.0248    -7.10  0    cut
 235  sn04S         Ia-norm    0.9382   2.75   0.0709   0.0217     7.50  0    cut
 236  sn99ac        Ia-91T     0.9206   2.74   0.2004   0.0174     3.10  0    cut
 237  sn04eo        Ia-norm    0.9111   2.74   0.1945   0.0153    -6.40  0    cut
 238  sn04aw        Ic-norm    0.7784   2.73   0.1866   0.0177     2.60  0    cut
 239  sn97ef        Ic-broad   0.6999   2.73   0.0580   0.0270    -5.10  0    cut
 240  sn93ac        Ia-norm    0.9301   2.72   0.1875   0.0196     6.90  0    cut
 241  sn02er        Ia-norm    0.8042   2.70   0.2049   0.0167    -8.40  0    cut
 242  sn02bo        Ia-norm    0.8556   2.70   0.0700   0.0250    -4.50  0    cut
 243  sn94D         Ia-norm    0.9842   2.70   0.0538   0.0294    -3.80  0    cut
 244  sn05hk        Ia-pec     0.8326   2.69   0.1766   0.0232    -6.30  0    cut
 245  sn99ee        Ia-norm    0.9192   2.69   0.2150   0.0184    -6.70  0    cut
 246  sn05bf        Ib-pec     0.7419   2.68   0.1806   0.0163    -4.60  0    cut
 247  sn97br        Ia-91T     0.7338   2.63   0.1842   0.0166     8.50  0    cut
 248  sn97br        Ia-91T     0.7040   2.63   0.1933   0.0245    -7.40  0    cut
 249  sn05hk        Ia-pec     0.6282   2.62   0.1612   0.0201     3.60  0    cut
 250  sn90N         Ia-norm    0.9517   2.62   0.0588   0.0277     4.90  0    cut
 251  sn05bf        Ib-pec     0.7405   2.62   0.1802   0.0175    -5.60  0    cut
 252  sn92A         Ia-norm    0.8245   2.61   0.2004   0.0177     2.40  0    cut
 253  sn99ee        Ia-norm    0.9179   2.60   0.2019   0.0193     0.30  0    cut
 254  sn97ef        Ic-broad   0.7514   2.60   0.0578   0.0238    -4.10  0    cut
 255  sn99aa        Ia-91T     0.8624   2.60   0.0758   0.0253    -8.50  0    cut
 256  sn03du        Ia-norm    0.8421   2.59   0.1954   0.0179   -10.10  0    cut
 257  sn92A         Ia-norm    0.8231   2.59   0.0608   0.0281    -5.00  0    cut
 258  sn97br        Ia-91T     0.7216   2.58   0.1931   0.0207    -6.00  0    cut
 259  sn92A         Ia-norm    0.9517   2.58   0.2059   0.0186     5.90  0    cut
 260  sn04eo        Ia-norm    0.8935   2.58   0.1848   0.0166     7.00  0    cut
 261  sn94T         Ia-norm    0.5510   2.56   0.1893   0.0175     1.20  0    cut
 262  sn94D         Ia-norm    0.7121   2.56   0.1989   0.0176    -9.50  0    cut
 263  sn97br        Ia-91T     0.7866   2.56   0.1978   0.0245    -9.00  0    cut
 264  sn99ex        Ib-norm    0.9301   2.55   0.0776   0.0193     0.40  0    cut
 265  sn05gj        Ia-csm     0.6363   2.54   0.1694   0.0224    -1.80  0    cut
 266  sn91T         Ia-91T     0.9842   2.54   0.1978   0.0294    -0.20  0    cut
 267  sn91bg        Ia-91bg    0.8150   2.53   0.1829   0.0169     1.50  0    cut
 268  sn05hk        Ia-pec     0.7392   2.53   0.1765   0.0215    -3.30  0    cut
 269  sn94D         Ia-norm    0.9544   2.53   0.0800   0.0274   -10.60  0    cut
 270  sn05bf        Ib-pec     0.9842   2.53   0.0445   0.0359     3.40  0    cut
 271  sn05bf        Ib-pec     0.7459   2.52   0.1791   0.0197    -1.60  0    cut
 272  sn97br        Ia-91T     0.7094   2.52   0.1959   0.0244    -6.40  0    cut
 273  sn05hk        Ia-pec     0.7446   2.49   0.1765   0.0192    -2.40  0    cut
 274  sn90B         Ic-norm    0.6160   2.49   0.0300   0.0123     4.00  0    cut
 275  sn97br        Ia-91T     0.7879   2.47   0.1947   0.0228    -7.00  0    cut
 276  sn02er        Ia-norm    0.9436   2.46   0.0598   0.0269     3.40  0    cut
 277  sn97br        Ia-91T     0.7622   2.45   0.1950   0.0241    -8.00  0    cut
 278  sn92A         Ia-norm    0.9165   2.44   0.1884   0.0247     8.70  0    cut
 279  sn06bp        IIP        0.6593   2.44   0.1677   0.0165    -4.60  0    cut
 280  sn99ee        Ia-norm    0.9192   2.43   0.1993   0.0200     2.20  0    cut
 281  sn00H         IIb        0.6959   2.42   0.0353   0.0250     6.70  0    cut
 282  sn98dt        Ib-norm    0.9233   2.41   0.0677   0.0215     7.90  0    cut
 283  sn91bg        Ia-91bg    0.7162   2.40   0.1833   0.0175     2.50  0    cut
 284  sn83V         Ic-norm    0.6146   2.40   0.2059   0.0180    -4.00  0    cut
 285  sn02er        Ia-norm    0.7365   2.40   0.0719   0.0265    -5.40  0    cut
 286  sn91bg        Ia-91bg    0.7527   2.39   0.1830   0.0191     2.70  0    cut
 287  sn05bf        Ib-pec     0.7419   2.39   0.1798   0.0193    -7.60  0    cut
 288  sn99by        Ia-91bg    0.7013   2.38   0.1778   0.0186     4.10  0    cut
 289  sn05bf        Ib-pec     0.7459   2.37   0.1811   0.0205    -2.70  0    cut
 290  sn05hk        Ia-pec     0.7459   2.36   0.1770   0.0210    -1.40  0    cut
 291  kcSb          Gal        0.9842   2.36   0.1514   0.0278   -99.90  2    cut
 292  sn94I         Ic-norm    0.7053   2.35   0.0521   0.0263    -5.70  0    cut
 293  sn02ap        Ic-broad   0.8583   2.33   0.0512   0.0288    -2.40  0    cut
 294  sn99aw        Ia-91T     0.6119   2.30   0.1964   0.0186    -0.70  0    cut
 295  sn05bf        Ib-pec     0.7378   2.29   0.1796   0.0213     1.20  0    cut
 296  sn98dt        Ib-norm    0.6999   2.29   0.0413   0.0334     0.00  0    cut
 297  sn97dq        Ic-norm    0.9192   2.29   0.0671   0.0212    81.70  1    cut
 298  lbv03hy       LBV        0.6945   2.28   0.1621   0.0217   -99.90  2    cut
 299  sn05hk        Ia-pec     0.8272   2.27   0.1796   0.0230    -7.30  0    cut
 300  sn04aw        Ic-norm    0.8651   2.26   0.1868   0.0247     5.30  0    cut
 301  sn98S         IIn        0.5808   2.26   0.1957   0.0080     1.90  0    cut
 302  sn94I         Ic-norm    0.7040   2.25   0.0430   0.0296    -3.80  0    cut
 303  sn05bf        Ib-pec     0.7378   2.24   0.1817   0.0212    -0.70  0    cut
 304  sn97dq        Ic-norm    0.9206   2.24   0.0743   0.0201     1.00  1    cut
 305  sn04aw        Ic-norm    0.7784   2.23   0.1889   0.0219     3.60  0    cut
 306  sn05hk        Ia-pec     0.6255   2.22   0.1767   0.0262    -6.30  0    cut
 307  kcSB5         Gal        0.9842   2.21   1.2417   0.0410   -99.90  2    cut
 308  sn04aw        Ic-norm    0.6999   2.21   0.1920   0.0214     1.60  0    cut
 309  sn05hk        Ia-pec     0.9098   2.21   0.0429   0.0167    -8.30  0    cut
 310  sn99by        Ia-91bg    0.7013   2.17   0.1766   0.0202     5.20  0    cut
 311  sn05bf        Ib-pec     0.6065   2.15   0.1741   0.0277    -0.90  0    cut
 312  sn06aj        Ic-broad   0.6823   2.14   0.0711   0.0306    -1.50  0    cut
 313  sn99ex        Ib-norm    0.9152   2.13   0.0852   0.0213    -4.50  0    cut
 314  sn97ei        Ic-norm    0.8055   2.13   0.0250   0.0176    10.90  1    cut
 315  kcSa          Gal        0.9842   2.12   0.1418   0.0179   -99.90  2    cut
 316  sn02ap        Ic-broad   0.6945   2.11   0.0516   0.0380    -0.40  0    cut
 317  sn83V         Ic-norm    0.6187   2.11   0.1839   0.0285     4.00  0    cut
 318  sn95F         Ic-norm    0.8827   2.09   0.0722   0.0223    56.70  1    cut
 319  sn05bf        Ib-pec     0.7405   2.09   0.1834   0.0185     5.20  0    cut
 320  sn84L         Ib-norm    0.5537   2.07   0.1623   0.0307     8.00  0    cut
 321  sn05hk        Ia-pec     0.7432   2.07   0.1814   0.0259    -8.30  0    cut
 322  sn90N         Ia-norm    0.9219   2.06   0.2139   0.0337    -6.40  0    cut
 323  mstar         M-star     0.8475   2.06   0.1483   0.0114     0.00  2    cut
 324  lbv03hy       LBV        0.6959   2.04   0.1659   0.0212   -99.90  2    cut
 325  sn99ac        Ia-91T     0.9382   2.03   0.1960   0.0222     9.20  0    cut
 326  sn05gj        Ia-csm     0.6282   2.03   0.1680   0.0238     7.70  0    cut
 327  lbv03hy       LBV        0.6999   2.03   0.1634   0.0398   -99.90  2    cut
 328  sn97ei        Ic-norm    0.6471   2.02   0.0285   0.0157     0.00  1    cut
 329  lbv03hy       LBV        0.6959   2.01   0.1681   0.0151   -99.90  2    cut
 330  sn06aj        Ic-broad   0.6837   1.99   0.0683   0.0331    -0.50  0    cut
 331  sn98bw        Ic-broad   0.8989   1.99   0.0600   0.0490     8.70  0    cut
 332  sn00H         IIb        0.7392   1.99   0.1775   0.0277     8.40  0    cut
 333  kcSB4         Gal        0.9842   1.98   1.1988   0.0000   -99.90  2    cut
 334  sn06aj        Ic-broad   0.7121   1.97   0.0706   0.0293    -3.40  0    cut
 335  kcSB6         Gal        0.9842   1.97   1.1988   0.0000   -99.90  2    cut
 336  lbv03hy       LBV        0.6972   1.96   0.1631   0.0522   -99.90  2    cut
 337  sn04aw        Ic-norm    0.8082   1.96   0.0391   0.0312     3.10  0    cut
 338  sn91A         Ic-norm    0.6593   1.95   0.0272   0.0173    10.90  1    cut
 339  sn95F         Ic-norm    0.8746   1.95   0.0731   0.0223    35.60  1    cut
 340  sn94I         Ic-norm    0.8245   1.94   0.1890   0.0214    -0.10  0    cut
 341  sn91ar        Ib-norm    0.4860   1.94   0.2778   0.0128    15.80  1    cut
 342  sn94I         Ic-norm    0.9098   1.94   0.0810   0.0205     2.40  0    cut
 343  sn99by        Ia-91bg    0.7026   1.92   0.1759   0.0223     6.10  0    cut
 344  sn04aw        Ic-norm    0.9179   1.92   0.1965   0.0240    -0.20  0    cut
 345  mstar         M-star     0.8475   1.91   0.0170   0.0096     9.00  2    cut
 346  agn           AGN        0.9842   1.91   1.1988   0.0000   -99.90  2    cut
 347  sn02ap        Ic-broad   0.9098   1.88   0.1903   0.0233     2.70  0    cut
 348  sn92ar        Ic-norm    0.6173   1.88   0.1707   0.0328     3.40  0    cut
 349  lbv03hy       LBV        0.6972   1.87   0.1683   0.0295   -99.90  2    cut
 350  mstar         M-star     0.8475   1.85   0.3097   0.0247     6.00  2    cut
 351  sn99em        IIP        0.9084   1.85   0.0714   0.0208     6.20  0    cut
 352  sn00H         IIb        0.6918   1.85   0.1716   0.0232     7.70  0    cut
 353  sn05hk        Ia-pec     0.6282   1.83   0.1789   0.0325    -7.30  0    cut
 354  sn90K         IIL        0.6038   1.82   0.0254   0.0126    50.50  1    cut
 355  sn91T         Ia-91T     0.8894   1.82   0.1942   0.0285    -9.30  0    cut
 356  sn84L         Ib-norm    0.5591   1.81   0.1571   0.0325     9.00  0    cut
 357  sn02cx        Ia-pec     0.6931   1.79   0.1819   0.0708    -5.30  0    cut
 358  sn95F         Ic-norm    0.8813   1.78   0.5163   0.0229     0.00  1    cut
 359  mstar         M-star     0.8488   1.77   0.3115   0.0169     5.00  2    cut
 360  mstar         M-star     0.8461   1.76   0.1471   0.0180     1.00  2    cut
 361  lbv03hy       LBV        0.6796   1.75   0.1445   0.0086   -99.90  2    cut
 362  sn99by        Ia-91bg    0.7026   1.75   0.1749   0.0250     7.10  0    cut
 363  sn90aa        Ic-norm    0.7568   1.75   0.0353   0.0212     0.00  1    cut
 364  sn94I         Ic-norm    0.7080   1.74   0.1843   0.0252    -2.70  0    cut
 365  sn99gi        IIP        0.6918   1.74   0.1661   0.0241    -7.10  0    cut
 366  sn04aw        Ic-norm    0.8082   1.72   0.0477   0.0340     1.90  0    cut
 367  lbv03hy       LBV        0.6945   1.72   0.1221   0.0086   -99.90  2    cut
 368  mstar         M-star     0.8502   1.72   0.1472   0.0177     3.00  2    cut
 369  sn97dq        Ic-norm    0.9842   1.72   0.0635   0.0314    27.90  1    cut
 370  sn83N         Ib-norm    0.5591   1.72   0.0140   0.0350     4.00  0    cut
 371  sn04dj        IIP        0.7162   1.71   0.0227   0.0119    89.80  1    cut
 372  sn94I         Ic-norm    0.7365   1.69   0.1757   0.0299     3.30  0    cut
 373  sn05cs        IIP        0.7392   1.67   0.1452   0.0217    -1.90  0    cut
 374  sn06gz        Ia-pec     0.7067   1.67   0.1914   0.0137     4.30  0    cut
 375  sn88L         Ib-norm    0.7053   1.67   0.0295   0.0179     0.00  1    cut
 376  sn98T         Ib-norm    0.6471   1.66   0.1367   0.0178     0.00  1    cut
 377  sn87A         II-pec     0.5740   1.66   0.1682   0.0625    -8.70  0    cut
 378  sn02ap        Ic-broad   0.6999   1.66   0.0481   0.0503     0.60  0    cut
 379  kcSB1         Gal        0.9842   1.66   0.1298   0.0214   -99.90  2    cut
 380  kcSB3         Gal        0.9842   1.66   0.1443   0.0322   -99.90  2    cut
 381  sn02ap        Ic-broad   0.8813   1.65   0.1885   0.0303     4.70  0    cut
 382  sn94I         Ic-norm    0.7080   1.65   0.1800   0.0272     1.10  0    cut
 383  sn05hk        Ia-pec     0.7432   1.64   0.1825   0.0321    -9.30  0    cut
 384  mstar         M-star     0.8488   1.63   0.0163   0.0128     8.00  2    cut
 385  sn97dq        Ic-norm    0.6972   1.62   0.1777   0.0350     0.00  1    cut
 386  sn98dt        Ib-norm    0.6986   1.61   0.1971   0.0360     0.90  0    cut
 387  sn87A         II-pec     0.5767   1.60   0.1696   0.0581    -4.70  0    cut
 388  sn91A         Ic-norm    0.6512   1.59   0.0243   0.0215    16.80  1    cut
 389  sn87A         II-pec     0.5740   1.59   0.1712   0.0645     1.30  0    cut
 390  sn94I         Ic-norm    0.7094   1.58   0.1780   0.0296     2.10  0    cut
 391  sn90K         IIL        0.5320   1.58   0.0332   0.0215   139.00  1    cut
 392  sn87A         II-pec     0.5754   1.58   0.1713   0.0738     9.30  0    cut
 393  sn99dn        Ib-norm    0.8312   1.58   0.1928   0.0384     6.90  1    cut
 394  sn97dc        Ib-norm    0.7256   1.57   0.1276   0.0260     0.00  1    cut
 395  sn98S         IIn        0.6877   1.57   0.3134   0.0348     2.70  0    cut
 396  sn91T         Ia-91T     0.8894   1.57   0.1963   0.0318   -10.30  0    cut
 397  sn98S         IIn        0.8746   1.56   0.1238   0.0114    -1.50  0    cut
 398  sn99by        Ia-91bg    0.7013   1.56   0.1742   0.0281     8.10  0    cut
 399  sn91N         Ic-norm    0.9219   1.56   1.1365   0.0241    27.90  1    cut
 400  lbv99bw       LBV        0.6525   1.55   0.2691   0.0086   -99.90  2    cut
 401  sn94D         Ia-norm    0.7135   1.54   0.2026   0.0243    -9.60  0    cut
 402  mstar         M-star     0.8475   1.54   0.3131   0.0172     4.00  2    cut
 403  sn06bp        IIP        0.6959   1.52   0.0330   0.0505     8.10  0    cut
 404  sn97dq        Ic-norm    0.7527   1.52   0.0205   0.0285    21.90  1    cut
 405  sn97dq        Ic-norm    0.7541   1.52   0.0208   0.0278    26.90  1    cut
 406  sn95F         Ic-norm    0.8827   1.52   0.5139   0.0222    28.90  1    cut
 407  mstar         M-star     0.8502   1.52   0.1470   0.0196     2.00  2    cut
 408  sn87A         II-pec     0.5767   1.52   0.1660   0.0675    -2.70  0    cut
 409  sn99dn        Ib-norm    0.7243   1.51   0.1903   0.0147    27.70  1    cut
 410  sn91A         Ic-norm    0.6742   1.51   0.0254   0.0289    32.60  1    cut
 411  sn91A         Ic-norm    0.6065   1.51   0.1674   0.0415     0.00  1    cut
 412  sn90K         IIL        0.6986   1.50   0.1417   0.0216    76.40  1    cut
 413  sn97dq        Ic-norm    0.7487   1.50   0.0196   0.0283    17.90  1    cut
 414  mstar         M-star     0.8488   1.50   0.0957   0.0193    10.00  2    cut
 415  sn96cb        IIb        0.7283   1.49   0.0352   0.0282    -2.10  0    cut
 416  sn96L         IIn        0.6092   1.48   0.1316   0.0337     8.40  0    cut
 417  sn04dj        IIP        0.5740   1.47   0.1355   0.0219     5.00  1    cut
 418  sn04dj        IIP        0.5524   1.47   0.1358   0.0231     8.00  1    cut
 419  sn93J         IIb        0.5848   1.46   0.0514   0.0613   -10.50  0    cut
 420  lbv03hy       LBV        0.6931   1.46   0.1690   0.0155   -99.90  2    cut
 421  sn99ex        Ib-norm    0.7879   1.46   0.1628   0.0446     9.30  0    cut
 422  sn05cs        IIP        0.7446   1.46   0.0673   0.0182     8.00  0    cut
 423  sn90B         Ic-norm    0.7243   1.46   0.1901   0.0434     8.90  0    cut
 424  sn04dj        IIP        0.5727   1.45   0.1344   0.0219    18.00  1    cut
 425  lbv03hy       LBV        0.6959   1.45   0.3455   0.0239   -99.90  2    cut
 426  sn04dj        IIP        0.5510   1.44   0.1359   0.0221     2.70  1    cut
 427  sn97ef        Ic-broad   0.8976   1.43   1.1988   0.0000    -5.00  0    cut
 428  sn05cs        IIP        0.7446   1.43   0.0687   0.0186     5.00  0    cut
 429  sn97dq        Ic-norm    0.7473   1.42   0.0191   0.0297    14.90  1    cut
 430  sn02ap        Ic-broad   0.7554   1.41   0.0409   0.0341     3.60  0    cut
 431  sn05cs        IIP        0.7432   1.41   0.0674   0.0186     9.00  0    cut
 432  sn05cs        IIP        0.7405   1.41   0.0674   0.0189     7.10  0    cut
 433  sn04dj        IIP        0.5740   1.41   0.1345   0.0231    17.00  1    cut
 434  sn05cs        IIP        0.7419   1.39   0.1434   0.0211    -0.80  0    cut
 435  sn04dj        IIP        0.5672   1.39   0.1343   0.0233    20.00  1    cut
 436  sn04dj        IIP        0.5551   1.39   0.1370   0.0231     0.00  1    cut
 437  sn90K         IIL        0.6417   1.37   0.0606   0.0210   174.80  1    cut
 438  sn90B         Ic-norm    0.4346   1.37   0.2777   0.0210     6.00  0    cut
 439  sn05cs        IIP        0.7419   1.36   0.0701   0.0193     4.00  0    cut
 440  sn93J         IIb        0.7338   1.35   0.1503   0.0295     3.70  0    cut
 441  sn83V         Ic-norm    0.7189   1.35   0.2198   0.0258    -9.00  0    cut
 442  sn97dd        IIb        0.8637   1.35   0.3530   0.0226     0.00  1    cut
 443  sn05bf        Ib-pec     0.7405   1.34   0.3500   0.0203     2.20  0    cut
 444  sn05bf        Ib-pec     0.7432   1.34   0.3498   0.0213     3.20  0    cut
 445  sn04et        IIP        0.7365   1.34   0.5535   0.0211    -2.90  0    cut
 446  sn90B         Ic-norm    0.4346   1.34   0.2768   0.0204     5.90  0    cut
 447  sn90B         Ic-norm    0.4319   1.34   0.2794   0.0237     5.00  0    cut
 448  sn06bp        IIP        0.7080   1.34   0.5545   0.0173     7.20  0    cut
 449  sn06aj        Ic-broad   0.5551   1.33   0.0678   0.0454     1.80  0    cut
 450  sn90B         Ic-norm    0.4346   1.33   0.2778   0.0225     7.00  0    cut
 451  sn90K         IIL        0.5672   1.32   0.0618   0.0248   201.70  1    cut
 452  sn05cs        IIP        0.7432   1.32   0.0707   0.0192     3.10  0    cut
 453  sn06aj        Ic-broad   0.9057   1.32   0.0930   0.0345    -5.00  0    cut
 454  sn05bf        Ib-pec     0.7419   1.30   0.3492   0.0216     6.20  0    cut
 455  sn99em        IIP        0.7906   1.30   0.0735   0.0250     6.40  0    cut
 456  sn90K         IIL        0.6119   1.30   0.0540   0.0242   136.20  1    cut
 457  sn05bf        Ib-pec     0.7432   1.30   0.3488   0.0220     8.20  0    cut
 458  sn02ap        Ic-broad   0.7554   1.29   0.0387   0.0367     4.60  0    cut
 459  sn98dt        Ib-norm    0.7013   1.29   0.1623   0.0483     3.90  0    cut
 460  sn92A         Ia-norm    0.8935   1.28   0.1945   0.0279     8.90  0    cut
 461  sn93J         IIb        0.8258   1.27   0.0271   0.0385    -1.60  0    cut
 462  sn93J         IIb        0.8177   1.27   0.0228   0.0315     3.40  0    cut
 463  sn05cs        IIP        0.7432   1.27   0.0712   0.0200     2.10  0    cut
 464  sn80K         IIL        0.5280   1.27   0.0255   0.0304     7.00  0    cut
 465  sn90K         IIL        0.7717   1.27   0.1461   0.0243    55.60  1    cut
 466  sn04dj        IIP        0.5943   1.25   0.1432   0.0298    50.00  1    cut
 467  sn06bp        IIP        0.7392   1.25   0.5581   0.0195     4.20  0    cut
 468  sn06bp        IIP        0.6850   1.25   0.1573   0.0181    -1.70  0    cut
 469  sn99dn        Ib-norm    0.8042   1.25   0.1944   0.0584     0.00  1    cut
 470  sn99em        IIP        0.9720   1.24   1.1988   0.0000    -3.70  0    cut
 471  mstar         M-star     0.8488   1.24   0.0152   0.0197     7.00  2    cut
 472  sn02ap        Ic-broad   0.6214   1.23   0.1757   0.0288     6.50  0    cut
 473  sn04dj        IIP        0.5970   1.23   0.2755   0.0199    50.60  1    cut
 474  sn02ap        Ic-broad   0.7622   1.23   0.0369   0.0372     5.60  0    cut
 475  sn06aj        Ic-broad   0.8691   1.23   0.0736   0.0439    -2.10  0    cut
 476  sn04et        IIP        0.8448   1.22   0.0728   0.0223     8.60  0    cut
 477  sn90K         IIL        0.7690   1.21   0.2673   0.0156   174.80  1    cut
 478  sn99em        IIP        0.7446   1.21   0.5530   0.0214     1.40  0    cut
 479  sn05cs        IIP        0.7432   1.21   0.0704   0.0203     1.00  0    cut
 480  sn04dj        IIP        0.5943   1.21   0.1409   0.0309    48.00  1    cut
 481  sn98S         IIn        0.6810   1.21   0.3149   0.0397     1.80  0    cut
 482  sn90K         IIL        0.6403   1.20   0.3472   0.0327     0.00  1    cut
 483  sn91N         Ic-norm    0.7392   1.20   0.3175   0.0289   276.10  1    cut
 484  sn04dj        IIP        0.5916   1.20   0.1423   0.0319    51.90  1    cut
 485  sn80K         IIL        0.5185   1.20   0.0247   0.0257     9.00  0    cut
 486  sn04dj        IIP        0.5713   1.20   0.1360   0.0286    36.00  1    cut
 487  sn96cb        IIb        0.7297   1.20   0.3505   0.0255     7.00  0    cut
 488  sn96cb        IIb        0.7297   1.19   0.3504   0.0256     7.00  0    cut
 489  sn93J         IIb        0.7067   1.19   0.1556   0.0355     4.60  0    cut
 490  sn04aw        Ic-norm    0.9382   1.19   1.1784   0.0384    -1.70  0    cut
 491  sn05cs        IIP        0.7378   1.19   0.1424   0.0191     0.10  0    cut
 492  sn93J         IIb        0.8042   1.19   0.1504   0.0364     6.60  0    cut
 493  sn90K         IIL        0.7459   1.19   0.2675   0.0166   202.60  1    cut
 494  sn93J         IIb        0.9598   1.18   0.0682   0.0468    -3.00  0    cut
 495  sn97ef        Ic-broad   0.5645   1.18   0.0349   0.0503     6.80  0    cut
 496  sn04et        IIP        0.7297   1.18   0.0768   0.0234    -1.90  0    cut
 497  sn97dd        IIb        0.7527   1.18   0.1550   0.0228     3.60  1    cut
 498  sn06bp        IIP        0.6945   1.17   0.0404   0.0433     2.10  0    cut
 499  sn93J         IIb        0.9626   1.16   0.0679   0.0449    -2.00  0    cut
 500  sn99em        IIP        0.7175   1.16   0.0264   0.0635     6.60  0    cut
 501  sn93J         IIb        0.9612   1.16   0.0680   0.0497    -4.00  0    cut
 502  sn02ap        Ic-broad   0.7622   1.16   0.0361   0.0362     6.60  0    cut
 503  sn99em        IIP        0.7568   1.15   0.0749   0.0235     5.40  0    cut
 504  sn04dj        IIP        0.5943   1.15   0.1400   0.0312    46.80  1    cut
 505  lbv99bw       LBV        0.6999   1.15   0.2666   0.0200   -99.90  2    cut
 506  sn06bp        IIP        0.7392   1.15   0.5611   0.0220     3.30  0    cut
 507  sn93J         IIb        0.8434   1.14   0.0285   0.0643    -2.40  0    cut
 508  sn05hk        Ia-pec     0.5280   1.14   0.0431   0.0328    -4.20  0    cut
 509  sn99em        IIP        0.7080   1.13   0.0265   0.0659     5.60  0    cut
 510  sn04et        IIP        0.7432   1.13   0.0739   0.0235     6.20  0    cut
 511  sn04et        IIP        0.7432   1.13   0.0747   0.0244     4.00  0    cut
 512  sn93J         IIb        0.7906   1.13   0.0755   0.0392    -5.00  0    cut
 513  sn90K         IIL        0.7987   1.12   0.0197   0.0436   119.20  1    cut
 514  sn97cy        IIn        0.9111   1.12   0.0619   0.0365   377.70  1    cut
 515  sn04et        IIP        0.7365   1.12   0.0755   0.0232     1.00  0    cut
 516  sn99di        Ib-norm    0.7297   1.11   0.1453   0.0262    23.60  1    cut
 517  sn99gi        IIP        0.6864   1.11   0.1512   0.0246    -4.00  0    cut
 518  sn96cb        IIb        0.7283   1.11   0.1566   0.0242     5.00  0    cut
 519  sn02ap        Ic-broad   0.6200   1.11   0.0545   0.0704     1.50  0    cut
 520  sn96cb        IIb        0.7311   1.11   0.3529   0.0264     0.90  0    cut
 521  sn99gi        IIP        0.6837   1.11   0.1538   0.0274    -5.00  0    cut
 522  sn97dq        Ic-norm    0.8542   1.10   0.0481   0.0358   222.20  1    cut
 523  sn97dq        Ic-norm    0.4549   1.10   0.0236   0.0434    42.80  1    cut
 524  sn99em        IIP        0.6864   1.10   0.1530   0.0224    -3.60  0    cut
 525  kcSB2         Gal        0.9842   1.10   0.1288   0.0248   -99.90  2    cut
 526  sn93J         IIb        0.7839   1.09   0.0245   0.0336     1.40  0    cut
 527  sn98dt        Ib-norm    0.6959   1.09   0.1548   0.0598     6.80  0    cut
 528  sn90aa        Ic-norm    0.7554   1.09   0.2879   0.0353    61.50  1    cut
 529  kcSc          Gal        0.9138   1.09   0.1466   0.0288   -99.90  2    cut
 530  sn05hk        Ia-pec     0.5253   1.09   0.2783   0.0254    -3.40  0    cut
 531  sn93J         IIb        0.6959   1.08   0.1553   0.0284     2.70  0    cut
 532  sn97cy        IIn        0.9111   1.08   0.3047   0.0217   125.30  1    cut
 533  sn93J         IIb        0.8475   1.07   0.1472   0.0293     5.50  0    cut
 534  sn98S         IIn        0.6810   1.07   0.6155   0.0125     0.90  0    cut
 535  sn93J         IIb        0.8380   1.07   0.0233   0.0318     3.80  0    cut
 536  sn91ar        Ib-norm    0.5348   1.06   0.2805   0.0193     0.00  1    cut
 537  sn91A         Ic-norm    0.6728   1.06   0.0245   0.0345    47.50  1    cut
 538  sn97cy        IIn        0.9842   1.06   1.0063   0.0729   196.10  1    cut
 539  sn99di        Ib-norm    0.7311   1.06   0.1462   0.0394     0.00  1    cut
 540  sn90K         IIL        0.6268   1.06   0.0352   0.0247   147.10  1    cut
 541  sn04et        IIP        0.7392   1.05   0.0761   0.0269    -0.90  0    cut
 542  sn91A         Ic-norm    0.6877   1.05   0.2838   0.0381    65.10  1    cut
 543  sn99em        IIP        0.7974   1.04   0.0775   0.0256     2.40  0    cut
 544  sn97cy        IIn        0.8786   1.03   0.2691   0.0188   174.50  1    cut
 545  sn06bp        IIP        0.6837   1.02   0.0448   0.0451     0.10  0    cut
 546  sn90aa        Ic-norm    0.7554   1.02   0.0513   0.0322   116.10  1    cut
 547  sn97cy        IIn        0.9098   1.02   0.0797   0.0328    71.30  1    cut
 548  sn04et        IIP        0.7351   1.02   0.0752   0.0250     2.00  0    cut
 549  sn97cy        IIn        0.8867   1.02   0.3462   0.0202   226.10  1    cut
 550  sn99em        IIP        0.7527   1.02   0.3893   0.0314    -0.60  0    cut
 551  sn91ar        Ib-norm    0.7067   1.01   0.1388   0.0215    27.40  1    cut
 552  sn90K         IIL        0.6065   1.00   0.1602   0.0303    53.30  1    cut
 553  sn90K         IIL        0.7297   1.00   0.0217   0.0507   161.00  1    cut
 554  sn97cy        IIn        0.8827   0.98   0.3123   0.0288     0.00  1    cut
 555  sn98bw        Ic-broad   0.8922   0.97   0.1123   0.1005     7.80  0    cut
 556  sn87A         II-pec     0.5713   0.96   0.1333   0.0493     3.30  0    cut
 557  sn99em        IIP        0.7459   0.96   0.3885   0.0321     0.40  0    cut
 558  sn87A         II-pec     0.5767   0.95   0.1366   0.0615   -10.70  0    cut
 559  sn87A         II-pec     0.5740   0.94   0.1360   0.0599    -6.70  0    cut
 560  sn99em        IIP        0.6918   0.93   0.1515   0.0218    -2.60  0    cut
 561  sn99em        IIP        0.9070   0.93   0.0773   0.0570     0.20  0    cut
 562  sn06aj        Ic-broad   0.9477   0.92   1.1988   0.0000     2.80  0    cut
 563  lbv01ac       LBV        0.6959   0.92   0.6209   0.0084   -99.90  2    cut
 564  sn99di        Ib-norm    0.6133   0.92   0.1444   0.0210    30.50  1    cut
 565  sn97cy        IIn        0.9842   0.90   1.0170   0.0729    29.40  1    cut
 566  sn99em        IIP        0.6918   0.89   0.3899   0.0334    -1.60  0    cut
 567  sn88L         Ib-norm    0.6742   0.88   0.0381   0.0280    47.70  1    cut
 568  sn97dd        IIb        0.7405   0.87   0.1522   0.0361    16.40  1    cut
 569  sn97cy        IIn        0.9111   0.87   0.2798   0.0227    14.10  1    cut
 570  sn95F         Ic-norm    0.8542   0.86   0.2850   0.0284    88.60  1    cut
 571  sn97cy        IIn        0.9125   0.83   0.2684   0.0210    57.20  1    cut
 572  sn91A         Ic-norm    0.5564   0.82   0.0160   0.0433    61.40  1    cut
 573  sn97cy        IIn        0.9111   0.82   0.2689   0.0215   116.80  1    cut
 574  sn91N         Ic-norm    0.8109   0.78   0.0755   0.0424     5.70  1    cut
 575  sn91N         Ic-norm    0.8123   0.78   0.0729   0.0383     6.60  1    cut
 576  sn91A         Ic-norm    0.4833   0.75   0.2841   0.0358   128.30  1    cut
 577  sn91N         Ic-norm    0.9653   0.64   1.0659   0.0759    12.00  1    cut
 578  sn91N         Ic-norm    0.9761   0.60   1.0141   0.0645   250.20  1    cut
 579  sn91N         Ic-norm    0.9666   0.56   0.0736   0.0422     0.00  1    cut
 580  sn91N         Ic-norm    0.8123   0.45   0.0840   0.0536     7.60  1    cut
