### SNID output file ###
 
### input spectrum and options ###
# Input spectrum                 : 15234_-8.70.dat
# Parameter file                 : NA
# Wavelength range               :    3616.37   9720.46
# Mask file                      : NA
# Median filtering width [A]     : NA
# Median filtering width [pix]   :       1.00
# Clip emission redshift         :     0.1351
# Clip sky lines                 : 0
# Emission clip width [A]        :       0.14
# Keep A-band                    : 1
# Age range                      :     -18.70      1.30
# Delta range                    :      -9.99     99.90
# Min. number of spectra/template:   1
# Use only templates             : NA
# Use only types                 : NA
# Avoid templates                : NA
# Avoid types                    : NA
# rlapmin                        :       5.00
# Redshift range                 :    -0.0100    1.2000
# Forced initial redshift        :     0.1351
# Extra fake redshift            : NA
# Nsigma for initial redshift    : NA
# Redshift filter                :     0.0200
# Wavenumbers k1,k2,k3,k4        :     1    4   85  102
# Template directory             : /Users/daniel/snid-5.0/templates-2.0/
 
### initial/user-input redshift ###
zinit       0.0000
zuser       0.1351
 
### median redshift/age and error ###
zmed        0.1424    0.0071
agem         -5.20      3.13
 
### type fraction/redshift/age ###
#type ntemp fraction slope redshift redshift_error age age_error
Ia             22      1.00    0.0000    0.1424    0.0071    -5.200     3.128
Ia-norm        11      0.50    0.0000    0.1426    0.0044    -6.400     3.178
Ia-91T         11      0.50    0.5000    0.1422    0.0093    -3.800     2.892
Ia-91bg         0      0.00    0.0000    0.0000    0.0000     0.000     0.000
Ia-csm          0      0.00    0.0000    0.0000    0.0000     0.000     0.000
Ia-pec          0      0.00    0.0000    0.0000    0.0000     0.000     0.000
###
Ib              0      0.00    0.0000    0.0000    0.0000     0.000     0.000
Ib-norm         0      0.00    0.0000    0.0000    0.0000     0.000     0.000
Ib-pec          0      0.00    0.0000    0.0000    0.0000     0.000     0.000
IIb             0      0.00    0.0000    0.0000    0.0000     0.000     0.000
###
Ic              0      0.00    0.0000    0.0000    0.0000     0.000     0.000
Ic-norm         0      0.00    0.0000    0.0000    0.0000     0.000     0.000
Ic-pec          0      0.00    0.0000    0.0000    0.0000     0.000     0.000
Ic-broad        0      0.00    0.0000    0.0000    0.0000     0.000     0.000
###
II              0      0.00    0.0000    0.0000    0.0000     0.000     0.000
IIP             0      0.00    0.0000    0.0000    0.0000     0.000     0.000
II-pec          0      0.00    0.0000    0.0000    0.0000     0.000     0.000
IIn             0      0.00    0.0000    0.0000    0.0000     0.000     0.000
IIL             0      0.00    0.0000    0.0000    0.0000     0.000     0.000
###
NotSN           0      0.00    0.0000    0.0000    0.0000     0.000     0.000
AGN             0      0.00    0.0000    0.0000    0.0000     0.000     0.000
Gal             0      0.00    0.0000    0.0000    0.0000     0.000     0.000
LBV             0      0.00    0.0000    0.0000    0.0000     0.000     0.000
M-star          0      0.00    0.0000    0.0000    0.0000     0.000     0.000
 
### rlap-ordered template listings ###
#no. sn type lap rlap z zerr age age_flag grade
   1  sn2006oa      Ia-91T     0.7487   6.16   0.1545   0.0084    -8.50  0   good
   2  sn2003du      Ia-norm    0.9125   5.96   0.1435   0.0091    -7.20  0   good
   3  sn2006oa      Ia-91T     0.7500   5.75   0.1513   0.0097    -5.70  0   good
   4  sn2005M       Ia-91T     0.7392   5.43   0.1312   0.0098    -2.70  0   good
   5  sn2006cz      Ia-91T     0.7446   5.38   0.1422   0.0103    -3.90  0   good
   6  sn2005M       Ia-91T     0.7392   5.36   0.1300   0.0098     0.20  0   good
   7  sn2001eh      Ia-91T     0.9544   5.33   0.1463   0.0109    -4.90  0   good
   8  sn2005cf      Ia-norm    0.9490   5.33   0.1512   0.0113    -7.30  0   good
   9  sn2006ax      Ia-norm    0.7419   5.32   0.1397   0.0109    -8.40  0   good
  10  sn2006oa      Ia-91T     0.7487   5.32   0.1545   0.0096    -7.60  0   good
  11  sn2006ax      Ia-norm    0.7419   5.30   0.1414   0.0108    -9.30  0   good
  12  sn2005cf      Ia-norm    0.9517   5.27   0.1502   0.0113    -6.30  0   good
  13  sn2006S       Ia-norm    0.7432   5.25   0.1402   0.0102    -0.70  0   good
  14  sn2006oa      Ia-91T     0.7500   5.25   0.1486   0.0108    -3.80  0   good
  15  sn2005M       Ia-91T     0.7405   5.25   0.1314   0.0104    -1.70  0   good
  16  sn2006ax      Ia-norm    0.7419   5.24   0.1369   0.0109    -6.40  0   good
  17  sn2003du      Ia-norm    0.7514   5.23   0.1432   0.0102    -8.10  0   good
  18  sn2006S       Ia-norm    0.7446   5.16   0.1426   0.0105    -2.60  0   good
  19  sn2006S       Ia-norm    0.7419   5.12   0.1452   0.0107    -5.50  0   good
  20  sn2006cz      Ia-91T     0.7446   5.11   0.1409   0.0108    -2.00  0   good
  21  sn2006S       Ia-norm    0.7432   5.02   0.1392   0.0109     0.20  0   good
  22  sn2005eq      Ia-91T     0.7432   5.01   0.1370   0.0108     0.40  0   good
#--- rlap cutoff
  23  sn1999aw      Ia-91T     0.8732   4.97   0.1463   0.0105     0.00  0    cut
  24  sn2001eh      Ia-91T     0.9558   4.97   0.1471   0.0110    -5.90  0    cut
  25  sn2005cf      Ia-norm    0.9517   4.96   0.1525   0.0118    -8.20  0    cut
  26  sn2006gr      Ia-norm    0.7514   4.89   0.1474   0.0115    -2.10  0    cut
  27  sn1999aa      Ia-91T     0.9314   4.87   0.1335   0.0111    -1.60  0    cut
  28  sn2005eq      Ia-91T     0.7432   4.83   0.1363   0.0114     1.30  0    cut
  29  sn2006S       Ia-norm    0.7378   4.83   0.1391   0.0108     1.20  0    cut
  30  sn2006S       Ia-norm    0.7419   4.83   0.1447   0.0112    -4.60  0    cut
  31  sn2006oa      Ia-91T     0.7514   4.82   0.1475   0.0125    -4.70  0    cut
  32  sn2006oa      Ia-91T     0.7487   4.80   0.1458   0.0118    -2.00  0    cut
  33  sn2005cf      Ia-norm    0.9517   4.76   0.1432   0.0128    -1.50  0    cut
  34  sn2005cf      Ia-norm    0.9422   4.75   0.1423   0.0130    -1.20  0    cut
  35  sn2007kk      Ia-norm    0.7459   4.75   0.1425   0.0117    -0.80  0    cut
  36  sn2006cz      Ia-91T     0.7405   4.67   0.1392   0.0116    -1.00  0    cut
  37  sn1998es      Ia-91T     0.7839   4.67   0.1417   0.0112    -7.30  0    cut
  38  sn1991T       Ia-91T     0.8922   4.66  -0.0021   0.0134    -7.70  0    cut
  39  sn2005eq      Ia-91T     0.7446   4.63   0.1402   0.0114    -3.50  0    cut
  40  sn1998es      Ia-91T     0.7365   4.62   0.1368   0.0108    -0.50  0    cut
  41  sn2007kk      Ia-norm    0.7473   4.58   0.1441   0.0127    -1.70  0    cut
  42  sn2005cf      Ia-norm    0.9436   4.55   0.1451   0.0132    -2.70  0    cut
  43  sn1997br      Ia-91T     0.7405   4.54   0.1409   0.0086    -6.60  0    cut
  44  sn2005cf      Ia-norm    0.9544   4.54   0.1517   0.0127    -6.60  0    cut
  45  sn1999ac      Ia-91T     0.7690   4.53   0.1293   0.0113     0.40  0    cut
  46  sn1998es      Ia-91T     0.7365   4.53   0.1381   0.0112    -2.40  0    cut
  47  sn2005cf      Ia-norm    0.9517   4.44   0.1536   0.0129    -9.20  0    cut
  48  sn2007kk      Ia-norm    0.7500   4.44   0.1403   0.0130     1.10  0    cut
  49  sn2008A       Ia-pec     0.7459   4.43  -0.0093   0.0106    -7.90  0    cut
  50  sn2005cf      Ia-norm    0.9355   4.43   0.1469   0.0133    -3.80  0    cut
  51  sn1998es      Ia-91T     0.7338   4.39   0.1356   0.0111     0.50  0    cut
  52  sn2006oa      Ia-91T     0.7487   4.38   0.1413   0.0130    -0.10  0    cut
  53  sn2006gr      Ia-norm    0.7459   4.36   0.1462   0.0120    -1.10  0    cut
  54  sn2006gr      Ia-norm    0.7446   4.34   0.1531   0.0132    -5.10  0    cut
  55  sn2008A       Ia-pec     0.7459   4.33  -0.0103   0.0111    -6.90  0    cut
  56  sn1991T       Ia-91T     0.8922   4.33  -0.0007   0.0136    -8.70  0    cut
  57  sn1991T       Ia-91T     0.8922   4.32  -0.0029   0.0143    -6.70  0    cut
  58  sn2003du      Ia-norm    0.8949   4.31   0.1326   0.0117     0.90  0    cut
  59  sn2006cq      Ia-norm    0.7446   4.30   0.1460   0.0142    -3.30  0    cut
  60  sn1999ee      Ia-norm    0.9598   4.29   0.1527   0.0117    -7.20  0    cut
  61  sn2006gr      Ia-norm    0.7487   4.29   0.1505   0.0130    -4.00  0    cut
  62  sn2002er      Ia-norm    0.9260   4.23   0.1366   0.0134    -4.00  0    cut
  63  sn2005cf      Ia-norm    0.7459   4.21   0.1456   0.0138    -5.40  0    cut
  64  sn2005cf      Ia-norm    0.7459   4.21   0.1463   0.0134    -4.40  0    cut
  65  sn2005cf      Ia-norm    0.9531   4.20   0.1451   0.0141    -2.40  0    cut
  66  sn1997br      Ia-91T     0.8204   4.18   0.1367   0.0105    -4.60  0    cut
  67  sn2003du      Ia-norm    0.8069   4.15   0.1380   0.0131    -2.20  0    cut
  68  sn1999dq      Ia-91T     0.9382   4.12   0.1467   0.0128    -9.40  0    cut
  69  sn2005cf      Ia-norm    0.7473   4.09   0.1452   0.0137    -3.40  0    cut
  70  sn2005cf      Ia-norm    0.7446   4.09   0.1438   0.0138    -2.30  0    cut
  71  sn2005eq      Ia-91T     0.7405   4.08   0.1457   0.0125    -8.30  0    cut
  72  sn1998es      Ia-91T     0.7324   4.05   0.1389   0.0118    -3.40  0    cut
  73  sn2006ax      Ia-norm    0.7378   4.05   0.1307   0.0127     0.50  0    cut
  74  sn2005hj      Ia-91T     0.7771   4.03   0.1371   0.0100    -4.30  0    cut
  75  sn1998es      Ia-91T     0.7703   4.01   0.1439   0.0122    -8.40  0    cut
  76  sn2008A       Ia-pec     0.7487   4.00  -0.0094   0.0000    -3.90  0    cut
  77  sn2008D       Ib-pec     0.8367   4.00   0.0116   0.0156    -9.30  0    cut
  78  sn2005cf      Ia-norm    0.7473   3.99   0.1428   0.0140    -1.40  0    cut
  79  sn2007S       Ia-91T     0.7432   3.98   0.1368   0.0120    -0.70  0    cut
  80  sn2007S       Ia-91T     0.7378   3.96   0.1393   0.0121    -2.70  0    cut
  81  sn2006le      Ia-norm    0.7365   3.94   0.1557   0.0141    -6.80  0    cut
  82  sn1994ae      Ia-norm    0.7013   3.94   0.1305   0.0120     0.00  0    cut
  83  sn2003du      Ia-norm    0.7906   3.92   0.1355   0.0133    -1.30  0    cut
  84  kcSB1         Gal        0.9842   3.91   0.0187   0.0041   -99.90  2    cut
  85  sn2008Z       Ia-norm    0.7405   3.91   0.1497   0.0147    -9.20  0    cut
  86  sn2007S       Ia-91T     0.7419   3.90   0.1397   0.0125    -3.70  0    cut
  87  sn1998es      Ia-91T     0.7365   3.90   0.1395   0.0121    -4.40  0    cut
  88  sn2005eq      Ia-91T     0.7432   3.89   0.1422   0.0128    -5.40  0    cut
  89  sn2008A       Ia-pec     0.7459   3.88  -0.0094   0.0000    -3.00  0    cut
  90  sn2005cf      Ia-norm    0.7446   3.88   0.1414   0.0146    -0.30  0    cut
  91  sn2002bo      Ia-norm    0.9219   3.86   0.1383   0.0144    -0.60  0    cut
  92  sn2003hu      Ia-91T     0.6972   3.83   0.1345   0.0133     0.10  0    cut
  93  sn1999gi      IIP        0.6877   3.83   0.1377   0.0174    -7.00  0    cut
  94  sn2008bf      Ia-norm    0.7432   3.81   0.1405   0.0141     0.70  0    cut
  95  sn2002bo      Ia-norm    0.9490   3.81   0.1424   0.0148    -1.70  0    cut
  96  sn1999aa      Ia-91T     0.7459   3.81   0.1419   0.0138    -3.10  0    cut
  97  sn2005cf      Ia-norm    0.9517   3.79   0.1549   0.0149   -10.20  0    cut
  98  sn2008A       Ia-pec     0.7446   3.78  -0.0094   0.0000    -1.90  0    cut
  99  sn2007F       Ia-norm    0.7392   3.77   0.1359   0.0145    -1.80  0    cut
 100  sn2005el      Ia-norm    0.7378   3.76   0.1402   0.0151    -5.80  0    cut
 101  sn2006gr      Ia-norm    0.7459   3.76   0.1560   0.0143    -6.90  0    cut
 102  sn1999ee      Ia-norm    0.9585   3.75   0.1436   0.0134    -0.20  0    cut
 103  sn2002cx      Ia-pec     0.6931   3.75   0.1282   0.0116    -4.30  0    cut
 104  sn2007F       Ia-norm    0.7432   3.74   0.1341   0.0140    -0.90  0    cut
 105  sn2000cx      Ia-pec     0.5740   3.74   0.1466   0.0127    -3.30  0    cut
 106  sn1994ae      Ia-norm    0.7026   3.73   0.1296   0.0125     0.90  0    cut
 107  sn2008ar      Ia-norm    0.7473   3.72   0.1391   0.0164     1.20  0    cut
 108  sn2007bm      Ia-norm    0.7432   3.70   0.1373   0.0137    -9.30  0    cut
 109  sn1998es      Ia-91T     0.7419   3.70   0.1411   0.0129    -6.40  0    cut
 110  sn2006gr      Ia-norm    0.7459   3.70   0.1535   0.0148    -6.00  0    cut
 111  sn2008D       Ib-pec     0.8191   3.69   0.0059   0.0180    -6.60  0    cut
 112  sn2008ae      Ia-pec     0.7500   3.68  -0.0103   0.0137    -1.00  0    cut
 113  sn2006le      Ia-norm    0.7419   3.64   0.1580   0.0146    -7.80  0    cut
 114  sn2007S       Ia-91T     0.7405   3.64   0.1416   0.0130    -4.70  0    cut
 115  sn1996ai      Ia-norm    0.8922   3.64   0.1360   0.0114    -0.90  0    cut
 116  sn2007A       Ia-norm    0.7446   3.63   0.1330   0.0141    -3.40  0    cut
 117  sn1995E       Ia-norm    0.6864   3.63   0.1317   0.0127    -0.90  0    cut
 118  sn2005cf      Ia-norm    0.7473   3.63   0.1397   0.0153     0.60  0    cut
 119  sn2008ar      Ia-norm    0.7432   3.62   0.1511   0.0165    -3.70  0    cut
 120  sn2005el      Ia-norm    0.7392   3.61   0.1393   0.0155    -4.80  0    cut
 121  sn2000cx      Ia-pec     0.6525   3.61   0.1444   0.0134    -2.30  0    cut
 122  sn2007if      Ia-pec     0.7771   3.60   0.1348   0.0150    -6.60  0    cut
 123  sn1995ac      Ia-norm    0.6918   3.60   0.0038   0.0160    -5.50  0    cut
 124  sn2008Z       Ia-norm    0.7432   3.58   0.1486   0.0155    -8.20  0    cut
 125  sn2003ic      Ia-norm    0.6999   3.58   0.1388   0.0162    -4.10  0    cut
 126  sn2008ar      Ia-norm    0.7459   3.57   0.1526   0.0169    -4.60  0    cut
 127  sn2007jg      Ia-norm    0.7500   3.56   0.1590   0.0184    -2.30  0    cut
 128  sn2005el      Ia-norm    0.7419   3.55   0.1386   0.0153    -3.90  0    cut
 129  sn2007if      Ia-pec     0.7879   3.55   0.1319   0.0147    -2.90  0    cut
 130  sn1997ei      Ic-norm    0.8461   3.55  -0.0064   0.0142    10.90  1    cut
 131  sn2007bd      Ia-norm    0.7459   3.55   0.1379   0.0143    -1.30  0    cut
 132  sn2007co      Ia-norm    0.7487   3.54   0.1399   0.0144    -0.20  0    cut
 133  kcSB4         Gal        0.9842   3.53   0.0195   0.0041   -99.90  2    cut
 134  sn2006cm      Ia-norm    0.7392   3.52   0.1402   0.0230    -1.90  0    cut
 135  sn2005hj      Ia-91T     0.7690   3.52   0.1374   0.0125    -5.20  0    cut
 136  sn2005iq      Ia-norm    0.7446   3.52   0.1361   0.0150    -6.00  0    cut
 137  sn1991T       Ia-91T     0.8894   3.51   0.0023   0.0153   -11.70  0    cut
 138  sn2006le      Ia-norm    0.7405   3.51   0.1599   0.0152    -8.80  0    cut
 139  sn1999ee      Ia-norm    0.9842   3.50   0.0960   0.0094    -9.10  0    cut
 140  sn2003du      Ia-norm    0.7920   3.50   0.1351   0.0146    -0.30  0    cut
 141  sn1998es      Ia-91T     0.7324   3.48   0.1403   0.0129    -5.40  0    cut
 142  sn2005eu      Ia-norm    0.7487   3.45   0.1440   0.0178    -9.00  0    cut
 143  sn2007A       Ia-norm    0.7378   3.44   0.1327   0.0145    -2.40  0    cut
 144  sn2006gr      Ia-norm    0.7487   3.43   0.1602   0.0157    -7.90  0    cut
 145  sn2008ar      Ia-norm    0.7432   3.43   0.1538   0.0173    -6.60  0    cut
 146  sn2005hk      Ia-pec     0.7432   3.43  -0.0094   0.0000    -8.30  0    cut
 147  sn1991T       Ia-91T     0.8894   3.42   0.0012   0.0153   -10.70  0    cut
 148  sn1999aa      Ia-91T     0.7256   3.42   0.1425   0.0135    -4.10  0    cut
 149  sn2007co      Ia-norm    0.7487   3.42   0.1414   0.0152    -1.20  0    cut
 150  sn2006D       Ia-norm    0.9815   3.41   0.0346   0.0078    -1.40  0    cut
 151  sn2007co      Ia-norm    0.7459   3.41   0.1386   0.0147     0.80  0    cut
 152  sn1994D       Ia-norm    0.9138   3.40   0.1361   0.0145    -2.30  0    cut
 153  sn2005ki      Ia-norm    0.7392   3.38   0.1318   0.0138     1.00  0    cut
 154  sn2008A       Ia-pec     0.7459   3.38  -0.0094   0.0000    -1.00  0    cut
 155  sn2003du      Ia-norm    0.9111   3.38   0.1442   0.0136   -11.10  0    cut
 156  sn1990N       Ia-norm    0.9612   3.38   0.1008   0.0089   -14.20  0    cut
 157  sn2008ar      Ia-norm    0.7473   3.36   0.1504   0.0176    -2.70  0    cut
 158  sn2008Z       Ia-norm    0.7419   3.35   0.1460   0.0154    -7.30  0    cut
 159  sn2008ar      Ia-norm    0.7446   3.35   0.1583   0.0174    -7.50  0    cut
 160  sn2005bo      Ia-norm    0.7446   3.35   0.1289   0.0132    -0.10  0    cut
 161  sn1995E       Ia-norm    0.6945   3.35   0.1317   0.0130     1.00  0    cut
 162  sn2005cf      Ia-norm    0.7446   3.33   0.1517   0.0173    -9.30  0    cut
 163  sn1997br      Ia-91T     0.8055   3.33   0.1430   0.0125    -9.60  0    cut
 164  sn2006N       Ia-norm    0.7419   3.32   0.1345   0.0139    -1.30  0    cut
 165  sn2008ar      Ia-norm    0.7473   3.32   0.1453   0.0182    -0.70  0    cut
 166  kcSc          Gal        0.8732   3.31   0.0197   0.0048   -99.90  2    cut
 167  sn2005na      Ia-norm    0.7405   3.31   0.1315   0.0168    -1.50  0    cut
 168  kcSB2         Gal        0.9842   3.31   0.0192   0.0046   -99.90  2    cut
 169  sn2002ap      Ic-broad   0.6945   3.30   0.0129   0.0202    -1.40  0    cut
 170  sn2006N       Ia-norm    0.7311   3.30   0.1317   0.0137     0.70  0    cut
 171  sn1999cp      Ia-norm    0.7500   3.30   0.1388   0.0174   -11.90  0    cut
 172  sn1991N       Ic-norm    0.9842   3.29   0.9353   0.0104    12.00  1    cut
 173  sn2005hj      Ia-91T     0.7771   3.27   0.1351   0.0120     0.50  0    cut
 174  sn1999aa      Ia-91T     0.8881   3.26  -0.0012   0.0190    -9.40  0    cut
 175  sn1995E       Ia-norm    0.6593   3.24   0.1326   0.0146    -2.90  0    cut
 176  sn2008Z       Ia-norm    0.7459   3.24   0.1413   0.0164    -4.30  0    cut
 177  sn2006N       Ia-norm    0.7392   3.24   0.1372   0.0155    -3.30  0    cut
 178  sn1997br      Ia-91T     0.6986   3.24   0.1410   0.0128    -8.00  0    cut
 179  sn2007bd      Ia-norm    0.7446   3.23   0.1416   0.0157    -4.20  0    cut
 180  sn2007co      Ia-norm    0.7459   3.23   0.1448   0.0164    -3.10  0    cut
 181  sn1998dt      Ib-norm    0.6999   3.23   0.0076   0.0171     0.00  0    cut
 182  sn2002er      Ia-norm    0.8042   3.22   0.1470   0.0197    -9.00  0    cut
 183  sn2006br      Ia-norm    0.6945   3.21   0.1353   0.0140     0.20  0    cut
 184  sn2008Z       Ia-norm    0.7446   3.19   0.1424   0.0165    -5.30  0    cut
 185  sn1998aq      Ia-norm    0.7026   3.19   0.1349   0.0209    -8.90  0    cut
 186  sn2008Q       Ia-norm    0.7473   3.19   0.1383   0.0166    -6.20  0    cut
 187  sn1997br      Ia-91T     0.8096   3.18   0.1399   0.0119    -7.60  0    cut
 188  sn2007af      Ia-norm    0.7473   3.18   0.1354   0.0157    -5.60  0    cut
 189  sn2007af      Ia-norm    0.7473   3.18   0.1342   0.0153    -4.60  0    cut
 190  sn2008Q       Ia-norm    0.7459   3.17   0.1395   0.0169    -7.20  0    cut
 191  kcSB5         Gal        0.9842   3.16   0.0198   0.0045   -99.90  2    cut
 192  sn2008Z       Ia-norm    0.7446   3.16   0.1446   0.0165    -6.30  0    cut
 193  sn2008ar      Ia-norm    0.7473   3.15   0.1586   0.0181    -8.50  0    cut
 194  sn2008A       Ia-pec     0.7446   3.15  -0.0094   0.0000     0.00  0    cut
 195  sn2006az      Ia-norm    0.7392   3.15   0.1293   0.0156    -1.00  0    cut
 196  sn2007bm      Ia-norm    0.7473   3.13   0.1414   0.0151   -11.20  0    cut
 197  sn2004dt      Ia-norm    0.8001   3.13   0.1472   0.0160    -0.70  0    cut
 198  sn2003fa      Ia-91T     0.6106   3.13   0.1392   0.0118    -5.60  0    cut
 199  sn2005cf      Ia-norm    0.9517   3.11   0.1581   0.0179   -11.20  0    cut
 200  sn2003W       Ia-norm    0.9842   3.11   0.0070   0.0160   -11.10  0    cut
 201  sn2008Q       Ia-norm    0.7446   3.11   0.1355   0.0168    -3.20  0    cut
 202  sn2008Q       Ia-norm    0.7419   3.11   0.1345   0.0158    -2.20  0    cut
 203  sn2006cj      Ia-norm    0.7459   3.11   0.1371   0.0184    -1.20  0    cut
 204  sn2008Q       Ia-norm    0.7432   3.10   0.1329   0.0158    -0.30  0    cut
 205  sn2007af      Ia-norm    0.7446   3.10   0.1328   0.0152    -3.60  0    cut
 206  sn2006sr      Ia-norm    0.7419   3.08   0.1359   0.0150     1.00  0    cut
 207  sn2005hk      Ia-pec     0.7432   3.08  -0.0094   0.0000    -9.30  0    cut
 208  sn2008Q       Ia-norm    0.7473   3.08   0.1337   0.0160    -1.20  0    cut
 209  sn2006cm      Ia-norm    0.7446   3.08   0.1327   0.0126    -1.00  0    cut
 210  sn2006gr      Ia-norm    0.7487   3.07   0.1660   0.0179    -9.80  0    cut
 211  sn1999aa      Ia-91T     0.7256   3.07   0.1456   0.0151    -7.10  0    cut
 212  sn2006gr      Ia-norm    0.7487   3.07   0.1628   0.0168    -8.90  0    cut
 213  sn2007af      Ia-norm    0.7459   3.07   0.1306   0.0147    -1.60  0    cut
 214  sn1998es      Ia-91T     0.6959   3.06   0.1545   0.0150    -9.40  0    cut
 215  sn1998dt      Ib-norm    0.6986   3.05   0.0075   0.0167     0.90  0    cut
 216  sn2004eo      Ia-norm    0.9517   3.05   0.1371   0.0186    -5.60  0    cut
 217  sn2005cf      Ia-norm    0.9314   3.04   0.1558   0.0178    -9.70  0    cut
 218  sn1999aa      Ia-91T     0.7297   3.04   0.1443   0.0151    -5.10  0    cut
 219  sn2007af      Ia-norm    0.7459   3.04   0.1297   0.0143    -0.60  0    cut
 220  sn1999aa      Ia-91T     0.7270   3.03   0.1441   0.0153    -6.10  0    cut
 221  sn2007af      Ia-norm    0.7473   3.03   0.1319   0.0151    -2.60  0    cut
 222  sn2005hk      Ia-pec     0.7432   3.03  -0.0094   0.0000    -7.30  0    cut
 223  sn1997bq      Ia-norm    0.9842   3.02  -0.0030   0.0124   -11.60  0    cut
 224  sn2007co      Ia-norm    0.7459   3.02   0.1471   0.0177    -4.10  0    cut
 225  sn1997br      Ia-91T     0.7026   3.02   0.1403   0.0137    -7.00  0    cut
 226  sn2003W       Ia-norm    0.6959   3.01   0.1668   0.0202    -9.10  0    cut
 227  sn1994I       Ic-norm    0.7487   3.00   0.0011   0.0244    -5.40  0    cut
 228  sn2004fu      Ia-norm    0.7446   2.99   0.1450   0.0189    -3.50  0    cut
 229  sn2005hk      Ia-pec     0.7459   2.98  -0.0094   0.0000    -4.30  0    cut
 230  sn2005hk      Ia-pec     0.7432   2.98  -0.0094   0.0000    -6.30  0    cut
 231  sn2004dt      Ia-norm    0.9355   2.98   0.1519   0.0190    -1.00  0    cut
 232  sn2007af      Ia-norm    0.7378   2.97   0.1288   0.0145     0.30  0    cut
 233  sn2000dn      Ia-norm    0.7189   2.97   0.1294   0.0161    -3.80  0    cut
 234  sn2006cp      Ia-norm    0.7419   2.97   0.1543   0.0187    -6.30  0    cut
 235  sn2004ef      Ia-norm    0.7378   2.96   0.1552   0.0183    -5.20  0    cut
 236  sn2006cc      Ia-norm    0.7446   2.95   0.1389   0.0236    -9.70  0    cut
 237  sn2005eu      Ia-norm    0.7459   2.95   0.1404   0.0193    -7.10  0    cut
 238  sn2007Y       Ib-norm    0.8109   2.94   0.0079   0.0227    -9.00  0    cut
 239  sn1999aa      Ia-91T     0.7297   2.93   0.1483   0.0154    -9.00  0    cut
 240  sn2002bo      Ia-norm    0.7541   2.93   0.1384   0.0160    -1.80  0    cut
 241  sn1997do      Ia-norm    0.6959   2.93   0.1654   0.0211   -10.60  0    cut
 242  sn2006D       Ia-norm    0.9829   2.92   0.0344   0.0094    -5.30  0    cut
 243  sn2004aw      Ic-norm    0.7013   2.92   0.0195   0.0190    -5.20  0    cut
 244  kcSa          Gal        0.9842   2.92   0.0224   0.0053   -99.90  2    cut
 245  sn1999dn      Ib-norm    0.8448   2.91  -0.0048   0.0179     0.00  1    cut
 246  sn2001ah      Ia-91T     0.6999   2.91   0.1442   0.0166    -9.70  0    cut
 247  sn2005cf      Ia-norm    0.7419   2.90   0.1537   0.0191   -10.40  0    cut
 248  sn2002bo      Ia-norm    0.8949   2.90   0.1392   0.0163    -2.80  0    cut
 249  sn2007co      Ia-norm    0.7487   2.89   0.1496   0.0194    -5.10  0    cut
 250  sn2005eu      Ia-norm    0.7419   2.88   0.1378   0.0196    -5.20  0    cut
 251  sn2003W       Ia-norm    0.6959   2.88   0.1614   0.0225    -6.30  0    cut
 252  sn2005hk      Ia-pec     0.7392   2.88  -0.0094   0.0000    -5.30  0    cut
 253  sn1999aa      Ia-91T     0.7243   2.87   0.1465   0.0153    -8.00  0    cut
 254  sn2002cd      Ia-norm    0.6972   2.85   0.1612   0.0207    -8.60  0    cut
 255  sn1999ac      Ia-91T     0.8326   2.85   0.1511   0.0205   -13.90  0    cut
 256  sn1999ex      Ib-norm    0.9707   2.85   0.1114   0.0065     0.40  0    cut
 257  sn1998aq      Ia-norm    0.6783   2.85   0.1379   0.0193    -9.90  0    cut
 258  sn2007bc      Ia-norm    0.7405   2.84   0.1308   0.0163    -2.60  0    cut
 259  sn2005mc      Ia-norm    0.7378   2.83   0.1355   0.0152    -2.20  0    cut
 260  sn2006D       Ia-norm    0.9829   2.82   0.0343   0.0102    -7.30  0    cut
 261  sn2003du      Ia-norm    0.6986   2.82   0.1531   0.0219   -12.70  0    cut
 262  sn2002bo      Ia-norm    0.7500   2.81   0.1409   0.0168    -3.70  0    cut
 263  sn1997br      Ia-91T     0.7825   2.81   0.1404   0.0148    -8.60  0    cut
 264  sn1998es      Ia-91T     0.6931   2.81   0.1461   0.0194   -11.40  0    cut
 265  sn2008A       Ia-pec     0.7473   2.80  -0.0094   0.0000     1.00  0    cut
 266  sn2006sr      Ia-norm    0.7432   2.80   0.1383   0.0164    -0.90  0    cut
 267  sn1997do      Ia-norm    0.6972   2.80   0.1661   0.0213   -11.60  0    cut
 268  sn2007le      Ia-norm    0.7473   2.79   0.1538   0.0209    -6.40  0    cut
 269  sn2002er      Ia-norm    0.7920   2.79   0.1424   0.0219    -7.00  0    cut
 270  sn2005hk      Ia-pec     0.7446   2.79  -0.0094   0.0000    -2.40  0    cut
 271  sn2002ap      Ic-broad   0.6959   2.78   0.0119   0.0225    -0.40  0    cut
 272  sn1997bp      Ia-norm    0.9842   2.78  -0.0086   0.0120    -3.00  0    cut
 273  sn2005hk      Ia-pec     0.9504   2.77  -0.0192   0.0196    -8.30  0    cut
 274  sn1995F       Ic-norm    0.6607   2.77  -0.0034   0.0169    11.00  1    cut
 275  sn1999aa      Ia-91T     0.7270   2.76   0.1488   0.0158    -9.90  0    cut
 276  sn1999ac      Ia-91T     0.8759   2.76   0.1296   0.0158    -2.10  0    cut
 277  sn1996bl      Ia-norm    0.7026   2.76   0.1371   0.0170    -2.20  0    cut
 278  sn2004aw      Ic-norm    0.7013   2.75   0.0176   0.0209    -3.30  0    cut
 279  sn2007F       Ia-norm    0.7473   2.75   0.1455   0.0220    -6.70  0    cut
 280  sn2008ae      Ia-pec     0.7487   2.74  -0.0094   0.0000    -0.10  0    cut
 281  sn1999ac      Ia-91T     0.7933   2.74   0.1450   0.0183    -9.90  0    cut
 282  sn1999cl      Ia-norm    0.7094   2.74   0.1426   0.0180    -3.30  0    cut
 283  sn2005A       Ia-norm    0.7392   2.73   0.1558   0.0210    -1.30  0    cut
 284  sn1994D       Ia-norm    0.9422   2.73   0.1411   0.0199    -5.30  0    cut
 285  sn2003W       Ia-norm    0.6986   2.72   0.1642   0.0230    -8.20  0    cut
 286  sn2002bo      Ia-norm    0.8935   2.71   0.1377   0.0158    -1.50  0    cut
 287  sn2004fu      Ia-norm    0.7446   2.71   0.1491   0.0218    -5.40  0    cut
 288  sn2004ef      Ia-norm    0.7324   2.70   0.1562   0.0192    -6.20  0    cut
 289  sn2003cg      Ia-norm    0.7473   2.68   0.1368   0.0129    -2.30  0    cut
 290  sn2007F       Ia-norm    0.7405   2.68   0.1430   0.0224    -5.70  0    cut
 291  sn2002dj      Ia-norm    0.9314   2.68   0.1538   0.0213    -6.60  0    cut
 292  sn2007bd      Ia-norm    0.7473   2.67   0.1507   0.0216    -8.10  0    cut
 293  sn2004ef      Ia-norm    0.7473   2.67   0.1439   0.0196     0.60  0    cut
 294  sn2000cx      Ia-pec     0.6403   2.67   0.1456   0.0161    -0.30  0    cut
 295  kcS0          Gal        0.9842   2.66   0.0320   0.0064   -99.90  2    cut
 296  sn1991A       Ic-norm    0.6363   2.66  -0.0097   0.0188    32.60  1    cut
 297  sn2001ah      Ia-91T     0.6972   2.65   0.1421   0.0158    -8.70  0    cut
 298  sn2007F       Ia-norm    0.7473   2.65   0.1477   0.0222    -7.70  0    cut
 299  sn2005cg      Ia-norm    0.7527   2.65   0.1455   0.0144    -8.80  0    cut
 300  sn2004dt      Ia-norm    0.7622   2.64   0.1525   0.0246    -2.00  0    cut
 301  sn1997dq      Ic-broad   0.9598   2.64   1.0737   0.0098    81.70  1    cut
 302  sn2002cd      Ia-norm    0.6959   2.63   0.1574   0.0219    -6.70  0    cut
 303  sn1996ab      Ia-norm    0.6227   2.63   0.1278   0.0149     1.30  0    cut
 304  sn1999cl      Ia-norm    0.7189   2.63   0.1375   0.0174     0.70  0    cut
 305  sn2005hk      Ia-pec     0.7392   2.63  -0.0094   0.0000    -3.30  0    cut
 306  sn1995bd      Ia-91T     0.7026   2.62   0.1597   0.0160   -12.00  0    cut
 307  kcSB3         Gal        0.9842   2.61   0.0203   0.0054   -99.90  2    cut
 308  sn1991N       Ic-norm    0.9842   2.61   0.9381   0.0117     0.00  1    cut
 309  sn2004ef      Ia-norm    0.7473   2.60   0.1455   0.0193    -0.40  0    cut
 310  sn1994I       Ic-norm    0.7107   2.59   0.0118   0.0255    -5.50  0    cut
 311  sn1998es      Ia-91T     0.6904   2.59   0.1432   0.0204   -10.30  0    cut
 312  sn1994I       Ic-norm    0.8651   2.59   0.0052   0.0377     0.10  0    cut
 313  sn2008D       Ib-pec     0.8218   2.58   0.0207   0.0263   -12.40  0    cut
 314  sn2006gr      Ia-norm    0.7500   2.58   0.1697   0.0195   -10.80  0    cut
 315  sn1996bl      Ia-norm    0.7040   2.58   0.1390   0.0186    -4.00  0    cut
 316  sn1995bd      Ia-91T     0.7053   2.57   0.1567   0.0189   -10.10  0    cut
 317  sn2006cp      Ia-norm    0.7392   2.57   0.1593   0.0214    -8.40  0    cut
 318  sn2000dg      Ia-norm    0.6986   2.57   0.1325   0.0170    -0.80  0    cut
 319  sn1999cp      Ia-norm    0.7080   2.56   0.1413   0.0198   -13.80  0    cut
 320  sn1999cp      Ia-norm    0.6986   2.56   0.1579   0.0241   -14.90  0    cut
 321  sn1995bd      Ia-91T     0.7040   2.56   0.1552   0.0173    -9.10  0    cut
 322  sn2004ef      Ia-norm    0.7487   2.55   0.1536   0.0207    -3.30  0    cut
 323  sn2003W       Ia-norm    0.6999   2.55   0.1695   0.0227   -10.20  0    cut
 324  sn1999di      Ib-norm    0.7717   2.55  -0.0075   0.0107     0.00  1    cut
 325  sn2002ck      Ia-norm    0.7013   2.55   0.1325   0.0177    -0.60  0    cut
 326  sn2003W       Ia-norm    0.6945   2.54   0.1633   0.0245    -7.30  0    cut
 327  sn2004ef      Ia-norm    0.7473   2.54   0.1483   0.0194    -1.50  0    cut
 328  sn1996ai      Ia-norm    0.7053   2.54   0.1345   0.0120     0.10  0    cut
 329  sn2004dt      Ia-norm    0.7676   2.54   0.1620   0.0256    -8.90  0    cut
 330  sn2004aw      Ic-norm    0.6552   2.54   0.0140   0.0251    -1.30  0    cut
 331  sn2004fu      Ia-norm    0.7459   2.53   0.1505   0.0232    -6.40  0    cut
 332  sn2006lf      Ia-norm    0.7135   2.53   0.1332   0.0169    -6.50  0    cut
 333  sn2004aw      Ic-norm    0.7013   2.52   0.0130   0.0210     0.80  0    cut
 334  sn1997do      Ia-norm    0.6972   2.51   0.1587   0.0246    -7.60  0    cut
 335  sn2007le      Ia-norm    0.7487   2.51   0.1550   0.0229    -7.40  0    cut
 336  sn2004dt      Ia-norm    0.9598   2.51   0.1592   0.0208    -5.60  0    cut
 337  sn2002cd      Ia-norm    0.6945   2.51   0.1589   0.0237    -7.70  0    cut
 338  sn1991N       Ic-norm    0.9626   2.51   1.0604   0.0172    27.90  1    cut
 339  sn2000cx      Ia-pec     0.6173   2.50   0.1458   0.0161    -1.30  0    cut
 340  sn2003Y       Ia-91bg    0.6986   2.50   0.1641   0.0247    -6.30  0    cut
 341  sn1992A       Ia-norm    0.7825   2.50  -0.0094   0.0000    -5.40  0    cut
 342  sn1999ex      Ib-norm    0.9558   2.50   0.1471   0.0202    -4.50  0    cut
 343  sn2003fa      Ia-91T     0.6959   2.50   0.0009   0.0224    -9.50  0    cut
 344  sn2006bt      Ia-norm    0.9747   2.49   0.0478   0.0085    -3.90  0    cut
 345  sn2000cx      Ia-pec     0.9382   2.48   0.1298   0.0206     0.70  0    cut
 346  sn2004ef      Ia-norm    0.7473   2.48   0.1569   0.0215    -4.20  0    cut
 347  sn2008D       Ib-pec     0.9450   2.48   0.1064   0.0061   -12.50  0    cut
 348  sn2007ci      Ia-norm    0.7446   2.48   0.1342   0.0180    -2.20  0    cut
 349  sn1997dt      Ia-norm    0.6945   2.47   0.1629   0.0264    -9.70  0    cut
 350  sn2002cd      Ia-norm    0.6945   2.47   0.1541   0.0228    -4.70  0    cut
 351  sn2002cd      Ia-norm    0.6931   2.47   0.1539   0.0218    -5.70  0    cut
 352  sn2000fa      Ia-norm    0.7121   2.46   0.1671   0.0233   -10.40  0    cut
 353  sn2005hk      Ia-pec     0.6282   2.46   0.1234   0.0179    -7.30  0    cut
 354  sn2005am      Ia-norm    0.7473   2.45   0.1512   0.0201    -2.90  0    cut
 355  sn1999dn      Ib-norm    0.8718   2.45  -0.0058   0.0235     6.90  1    cut
 356  sn2006ot      Ia-norm    0.7487   2.45   0.1458   0.0238    -0.40  0    cut
 357  sn1998de      Ia-91bg    0.6241   2.45   0.1732   0.0346    -7.20  0    cut
 358  sn2003Y       Ia-91bg    0.6972   2.44   0.1619   0.0119    -3.40  0    cut
 359  sn2001fe      Ia-norm    0.6986   2.44   0.1375   0.0183    -1.70  0    cut
 360  sn2007ci      Ia-norm    0.7432   2.44   0.1363   0.0186    -4.20  0    cut
 361  sn2000cx      Ia-pec     0.6904   2.42   0.1454   0.0194    -0.40  0    cut
 362  sn2001V       Ia-91T     0.7744   2.42   0.1549   0.0198   -12.30  0    cut
 363  sn2005cf      Ia-norm    0.7446   2.42   0.1554   0.0219   -11.40  0    cut
 364  sn1990O       Ia-norm    0.9328   2.41   0.9669   0.0169    -7.60  0    cut
 365  sn1999gp      Ia-91T     0.7013   2.41   0.1406   0.0197    -2.00  0    cut
 366  sn2003fa      Ia-91T     0.6972   2.41   0.0011   0.0217   -10.40  0    cut
 367  sn2001az      Ia-91T     0.6972   2.40   0.1383   0.0210    -3.10  0    cut
 368  sn2002fb      Ia-91bg    0.6959   2.40   0.1572   0.0280     0.30  0    cut
 369  sn2003ic      Ia-norm    0.6972   2.40   0.1373   0.0193    -2.30  0    cut
 370  sn2007ci      Ia-norm    0.7432   2.39   0.1332   0.0186    -1.20  0    cut
 371  sn2004fz      Ia-norm    0.7459   2.39   0.1324   0.0205    -6.80  0    cut
 372  sn1994D       Ia-norm    0.7121   2.39   0.1600   0.0246   -10.00  0    cut
 373  sn1999dq      Ia-91T     0.6904   2.39   0.1398   0.0209    -8.50  0    cut
 374  sn2006gj      Ia-norm    0.7446   2.38   0.1282   0.0176    -0.70  0    cut
 375  sn2002fb      Ia-91bg    0.6959   2.38   0.1558   0.0260    -2.70  0    cut
 376  sn2007F       Ia-norm    0.7446   2.38   0.1484   0.0244    -8.70  0    cut
 377  sn2002er      Ia-norm    0.9043   2.38   0.1333   0.0174    -1.10  0    cut
 378  sn2000cx      Ia-pec     0.6931   2.37   0.1462   0.0203    -1.30  0    cut
 379  sn2000cx      Ia-pec     0.6512   2.36   0.1481   0.0197    -4.30  0    cut
 380  sn2004aw      Ic-norm    0.7013   2.36   0.0180   0.0245    -2.20  0    cut
 381  sn2007bd      Ia-norm    0.7459   2.36   0.1501   0.0242    -9.00  0    cut
 382  sn2002ap      Ic-broad   0.6999   2.36   0.0108   0.0257     0.60  0    cut
 383  sn1998dx      Ia-norm    0.6309   2.36   0.1325   0.0182    -0.70  0    cut
 384  sn2002dj      Ia-norm    0.6999   2.35   0.1605   0.0275   -11.40  0    cut
 385  sn1997bq      Ia-norm    0.6999   2.34   0.1636   0.0248   -10.60  0    cut
 386  sn1994D       Ia-norm    0.8055   2.34   0.1457   0.0213    -9.20  0    cut
 387  sn2006cp      Ia-norm    0.7419   2.33   0.1627   0.0231    -9.30  0    cut
 388  sn1998dx      Ia-norm    0.6322   2.33   0.1340   0.0189    -1.70  0    cut
 389  sn2002dj      Ia-norm    0.9842   2.33  -0.0094   0.0000    -4.60  0    cut
 390  sn2004dt      Ia-norm    0.8515   2.33   0.1643   0.0306    -6.50  0    cut
 391  sn2005hk      Ia-pec     0.9842   2.33   0.0465   0.0082    -5.10  0    cut
 392  sn1999dq      Ia-91T     0.6891   2.33   0.1395   0.0214    -7.40  0    cut
 393  sn2002ck      Ia-norm    0.6986   2.32   0.1316   0.0182     0.30  0    cut
 394  sn1999dq      Ia-91T     0.6945   2.32   0.1376   0.0208    -5.50  0    cut
 395  sn2003fa      Ia-91T     0.6999   2.32   0.0010   0.0258    -7.60  0    cut
 396  sn2005bf      Ib-pec     0.7459   2.32   0.1159   0.0181    -2.70  0    cut
 397  sn1999cl      Ia-norm    0.6999   2.32   0.1421   0.0204    -4.20  0    cut
 398  sn1998dx      Ia-norm    0.6999   2.32   0.1295   0.0191     1.10  0    cut
 399  sn2002hu      Ia-91T     0.7013   2.32   0.1347   0.0213    -0.70  0    cut
 400  sn1991N       Ic-norm    0.9842   2.32   1.0697   0.0106   250.20  1    cut
 401  sn2007le      Ia-norm    0.7446   2.31   0.1581   0.0248    -8.40  0    cut
 402  sn1991bg      Ia-91bg    0.8556   2.31   0.1558   0.0419     0.90  0    cut
 403  sn2007ci      Ia-norm    0.7419   2.31   0.1384   0.0194    -6.10  0    cut
 404  sn2004dt      Ia-norm    0.8353   2.30   0.1549   0.0214    -3.00  0    cut
 405  kcE           Gal        0.9842   2.30   0.0293   0.0081   -99.90  2    cut
 406  sn2003fa      Ia-91T     0.6945   2.30   0.0015   0.0252    -8.50  0    cut
 407  sn2001eh      Ia-91T     0.6972   2.30   0.1362   0.0195    -2.00  0    cut
 408  sn2003Y       Ia-91bg    0.6986   2.29   0.1621   0.0276    -5.30  0    cut
 409  sn2003fa      Ia-91T     0.6972   2.29   0.1390   0.0217    -6.60  0    cut
 410  sn2005cf      Ia-norm    0.9829   2.28   0.0616   0.0105    -0.20  0    cut
 411  sn1999dq      Ia-91T     0.6877   2.28   0.1389   0.0219    -6.40  0    cut
 412  sn2007ci      Ia-norm    0.7432   2.28   0.1384   0.0195    -7.10  0    cut
 413  sn1999cl      Ia-norm    0.7013   2.28   0.1439   0.0212    -5.20  0    cut
 414  sn2002ap      Ic-broad   0.6160   2.28   0.0094   0.0262    -5.50  0    cut
 415  sn2004dt      Ia-norm    0.9382   2.28   0.1603   0.0238    -4.50  0    cut
 416  sn1995F       Ic-norm    0.9233   2.28  -0.0013   0.0281    29.10  1    cut
 417  sn2005hk      Ia-pec     0.7459   2.28  -0.0094   0.0000    -1.40  0    cut
 418  sn1999dq      Ia-91T     0.6904   2.27   0.1376   0.0210    -2.50  0    cut
 419  sn2006kf      Ia-norm    0.7446   2.25   0.1404   0.0203    -5.20  0    cut
 420  sn2001eh      Ia-91T     0.6972   2.25   0.1358   0.0205    -0.10  0    cut
 421  sn2008D       Ib-pec     0.8380   2.25   0.0372   0.0253   -13.40  0    cut
 422  sn1999gp      Ia-91T     0.6972   2.24   0.1450   0.0214    -4.80  0    cut
 423  sn2005bl      Ia-91bg    0.8312   2.24   0.1534   0.0270    -5.90  0    cut
 424  sn2005hk      Ia-pec     0.6282   2.24   0.1238   0.0196    -6.30  0    cut
 425  sn2003W       Ia-norm    0.6918   2.23   0.1591   0.0280    -5.30  0    cut
 426  sn2008D       Ib-pec     0.9490   2.23  -0.0071   0.0153   -16.40  0    cut
 427  kcSB6         Gal        0.9842   2.23   0.0191   0.0056   -99.90  2    cut
 428  sn2008ae      Ia-pec     0.7473   2.23  -0.0094   0.0000     0.90  0    cut
 429  sn2004gs      Ia-norm    0.7459   2.23   0.1352   0.0204    -3.20  0    cut
 430  sn2005bf      Ib-pec     0.7459   2.23   0.1151   0.0183    -1.60  0    cut
 431  sn2004aw      Ic-norm    0.9585   2.23   1.0857   0.0137    -0.20  0    cut
 432  sn2004ef      Ia-norm    0.7473   2.22   0.1705   0.0220    -7.10  0    cut
 433  sn1997dq      Ic-broad   0.7067   2.22  -0.0063   0.0224    54.80  1    cut
 434  sn1999dq      Ia-91T     0.6959   2.22   0.1436   0.0226   -10.40  0    cut
 435  sn2005hk      Ia-pec     0.8732   2.22  -0.0094   0.0000    -6.30  0    cut
 436  sn1999dq      Ia-91T     0.6918   2.22   0.1383   0.0216    -3.50  0    cut
 437  sn1984A       Ia-norm    0.7148   2.22  -0.0039   0.0153    -6.70  0    cut
 438  sn2006X       Ia-norm    0.7405   2.22   0.1444   0.0207     1.30  0    cut
 439  sn2006le      Ia-norm    0.7446   2.21   0.1698   0.0246   -11.70  0    cut
 440  sn1997bq      Ia-norm    0.7067   2.21   0.1591   0.0261    -9.60  0    cut
 441  sn1997dq      Ic-broad   0.4549   2.21  -0.0094   0.0000    42.80  1    cut
 442  sn2001V       Ia-91T     0.6959   2.21   0.1528   0.0229   -13.20  0    cut
 443  sn2007ci      Ia-norm    0.7405   2.20   0.1373   0.0200    -5.10  0    cut
 444  sn2002cd      Ia-norm    0.6959   2.20   0.1502   0.0231    -3.70  0    cut
 445  sn2003cg      Ia-norm    0.6579   2.20   0.1371   0.0172    -2.80  0    cut
 446  sn2006lf      Ia-norm    0.7135   2.19   0.1311   0.0210    -4.50  0    cut
 447  sn2004dt      Ia-norm    0.9598   2.19   0.1598   0.0233    -6.40  0    cut
 448  sn1997bq      Ia-norm    0.7067   2.19   0.1575   0.0258    -8.70  0    cut
 449  sn1999aa      Ia-91T     0.8380   2.18   0.1344   0.0227    -5.00  0    cut
 450  sn2001fe      Ia-norm    0.6986   2.17   0.1366   0.0194     0.30  0    cut
 451  sn1998de      Ia-91bg    0.6999   2.17   0.1735   0.0409    -6.20  0    cut
 452  sn2005bl      Ia-91bg    0.8312   2.17   0.1657   0.0307    -2.90  0    cut
 453  sn2005hk      Ia-pec     0.8746   2.17  -0.0094   0.0000    -4.20  0    cut
 454  sn1999gp      Ia-91T     0.6999   2.17   0.1398   0.0208     0.00  0    cut
 455  sn1999aa      Ia-91T     0.6959   2.17   0.1382   0.0219    -2.10  0    cut
 456  sn2002cu      Ia-norm    0.6972   2.16   0.1660   0.0285    -6.30  0    cut
 457  sn2006cj      Ia-norm    0.7473   2.16   0.1338   0.0214    -0.20  0    cut
 458  sn1991N       Ic-norm    0.7798   2.15   0.2047   0.0142   276.10  1    cut
 459  sn1997dt      Ia-norm    0.6959   2.15   0.1508   0.0283   -10.60  0    cut
 460  sn2002hu      Ia-91T     0.7013   2.14   0.1372   0.0245    -3.50  0    cut
 461  sn2002ap      Ic-broad   0.6214   2.13   0.0108   0.0265    -4.50  0    cut
 462  sn2005cf      Ia-norm    0.9490   2.13   1.1544   0.0247   -11.70  0    cut
 463  sn2007hj      Ia-norm    0.7459   2.13   0.1357   0.0181    -2.60  0    cut
 464  sn2006gz      Ia-pec     0.6390   2.13   0.1374   0.0203    -1.60  0    cut
 465  sn1997bq      Ia-norm    0.7053   2.13   0.1536   0.0269    -6.60  0    cut
 466  sn2006cp      Ia-norm    0.7392   2.12   0.1650   0.0254   -10.30  0    cut
 467  sn1999dq      Ia-91T     0.6918   2.12   0.1387   0.0229    -4.50  0    cut
 468  sn2007qe      Ia-norm    0.7419   2.12   0.1691   0.0277    -8.60  0    cut
 469  sn2002hu      Ia-91T     0.6959   2.11   0.1372   0.0270    -5.30  0    cut
 470  sn2002ef      Ia-norm    0.6986   2.11   0.1397   0.0254    -2.90  0    cut
 471  sn2003du      Ia-norm    0.8827   2.11   0.1428   0.0193   -11.10  0    cut
 472  sn2006gz      Ia-pec     0.7378   2.11   0.1450   0.0142    -9.30  0    cut
 473  sn1996cb      IIb        0.6931   2.10   0.0012   0.0209     0.90  0    cut
 474  sn1995bd      Ia-91T     0.7053   2.10   0.1477   0.0213    -7.10  0    cut
 475  sn2007hj      Ia-norm    0.7419   2.10   0.1344   0.0179    -1.50  0    cut
 476  sn2005bf      Ib-pec     0.7378   2.10   0.1161   0.0201    -3.60  0    cut
 477  sn1995F       Ic-norm    0.9219   2.09   0.1229   0.0242     0.20  1    cut
 478  sn1998de      Ia-91bg    0.6999   2.09   0.1715   0.0447    -5.20  0    cut
 479  sn1986G       Ia-91bg    0.5740   2.09   0.1353   0.0238    -0.70  0    cut
 480  sn2003W       Ia-norm    0.6959   2.08   0.1526   0.0312    -3.30  0    cut
 481  sn1995F       Ic-norm    0.6579   2.08   0.1261   0.0259     0.00  1    cut
 482  sn2002cu      Ia-norm    0.6959   2.08   0.1658   0.0259    -8.20  0    cut
 483  sn1998ab      Ia-91T     0.6864   2.07  -0.0011   0.0281    -7.80  0    cut
 484  sn2007qe      Ia-norm    0.7432   2.07   0.1727   0.0268    -9.40  0    cut
 485  sn1991ar      Ib-norm    0.5348   2.07  -0.0076   0.0168     0.00  1    cut
 486  sn2006bz      Ia-91bg    0.6769   2.06   0.1588   0.0357    -1.40  0    cut
 487  sn2004gs      Ia-norm    0.7459   2.06   0.1308   0.0192    -1.20  0    cut
 488  sn1997bq      Ia-norm    0.7067   2.06   0.1552   0.0284    -7.70  0    cut
 489  sn2005bf      Ib-pec     0.6065   2.06  -0.0058   0.0193    -0.90  0    cut
 490  sn1991ar      Ib-norm    0.4860   2.06  -0.0094   0.0000    15.80  1    cut
 491  sn1994S       Ia-norm    0.6986   2.05   0.1377   0.0273    -4.00  0    cut
 492  sn1996cb      IIb        0.7026   2.05   0.0066   0.0224    -2.10  0    cut
 493  sn2005cf      Ia-norm    0.7459   2.05   0.1567   0.0242   -12.40  0    cut
 494  sn2002de      Ia-norm    0.6918   2.05   0.1396   0.0250    -3.00  0    cut
 495  sn1997dq      Ic-broad   0.7026   2.04  -0.0060   0.0232    26.90  1    cut
 496  sn2005bf      Ib-pec     0.7405   2.04   0.1140   0.0189    -0.70  0    cut
 497  sn1999aa      Ia-91T     0.6972   2.04   0.1359   0.0219    -0.20  0    cut
 498  sn2004dt      Ia-norm    0.9829   2.04  -0.0023   0.0198    -9.40  0    cut
 499  sn2006gz      Ia-pec     0.6255   2.04   0.1415   0.0196   -13.30  0    cut
 500  sn2007au      Ia-norm    0.7446   2.04   0.1336   0.0201    -3.80  0    cut
 501  sn2001V       Ia-91T     0.6945   2.04   0.1406   0.0232    -6.40  0    cut
 502  sn2005mz      Ia-91bg    0.7432   2.03   0.1294   0.0185    -7.50  0    cut
 503  sn2006cp      Ia-norm    0.7405   2.03   0.1677   0.0253   -11.20  0    cut
 504  sn2001V       Ia-91T     0.6972   2.03   0.1407   0.0232    -7.40  0    cut
 505  sn1991A       Ic-norm    0.5564   2.03  -0.0094   0.0000    61.40  1    cut
 506  mstar         M-star     0.8881   2.03   0.1394   0.0193     0.00  2    cut
 507  sn2005bf      Ib-pec     0.7378   2.03   0.1123   0.0187     1.20  0    cut
 508  sn1987A       II-pec     0.5767   2.03   0.1143   0.0099   -10.70  0    cut
 509  sn2002de      Ia-norm    0.6918   2.03   0.1374   0.0244    -2.20  0    cut
 510  sn2004ef      Ia-norm    0.7487   2.02   0.1667   0.0285    -8.10  0    cut
 511  sn2005bf      Ib-pec     0.7365   2.02   0.1177   0.0200    -5.60  0    cut
 512  sn1997dq      Ic-broad   0.7026   2.02  -0.0058   0.0231    21.90  1    cut
 513  sn2002cx      Ia-pec     0.6999   2.01   0.1198   0.0232    -1.40  0    cut
 514  sn2001V       Ia-91T     0.6931   2.01   0.1436   0.0242    -9.30  0    cut
 515  mstar         M-star     0.8867   2.01   0.1390   0.0118     1.00  2    cut
 516  sn1997cy      IIn        0.9707   2.01   1.1266   0.0197   196.10  1    cut
 517  sn2007if      Ia-pec     0.9842   2.01   0.1326   0.0111    -9.20  0    cut
 518  sn1994I       Ic-norm    0.7026   2.01   0.0081   0.0283    -3.60  0    cut
 519  sn1998T       Ib-norm    0.6877   2.00  -0.0087   0.0149     0.00  1    cut
 520  sn1994T       Ia-norm    0.6471   2.00   0.1395   0.0228    -0.20  0    cut
 521  sn1995F       Ic-norm    0.7026   2.00  -0.0017   0.0172     4.00  1    cut
 522  sn2006bt      Ia-norm    0.7432   2.00   0.1375   0.0190    -2.90  0    cut
 523  sn1998aq      Ia-norm    0.6837   1.99   0.1348   0.0255    -0.90  0    cut
 524  sn1984A       Ia-norm    0.5334   1.98   0.1498   0.0228    -2.80  0    cut
 525  sn1994D       Ia-norm    0.7987   1.98  -0.0094   0.0000   -11.20  0    cut
 526  sn2001V       Ia-91T     0.6959   1.98   0.1395   0.0240    -5.40  0    cut
 527  sn2003du      Ia-norm    0.6986   1.98   0.1445   0.0294   -10.70  0    cut
 528  sn2003cg      Ia-norm    0.8245   1.98   0.1339   0.0198    -1.00  0    cut
 529  sn1997bq      Ia-norm    0.7053   1.98   0.1516   0.0290    -5.60  0    cut
 530  sn2000E       Ia-norm    0.7419   1.98   0.1402   0.0257    -6.40  0    cut
 531  sn1998aq      Ia-norm    0.6931   1.97   0.1346   0.0436     0.00  0    cut
 532  sn2006bt      Ia-norm    0.7419   1.97   0.1369   0.0193    -1.00  0    cut
 533  sn1992A       Ia-norm    0.7825   1.97  -0.0094   0.0000    -0.80  0    cut
 534  sn1997ef      Ic-broad   0.6999   1.97   0.0179   0.0289    -5.10  0    cut
 535  sn2002dj      Ia-norm    0.9328   1.96   0.1671   0.0291    -9.50  0    cut
 536  sn1987A       II-pec     0.5740   1.96   0.1140   0.0100    -6.70  0    cut
 537  sn1998V       Ia-norm    0.6999   1.96   0.1345   0.0216     0.30  0    cut
 538  sn1999dq      Ia-91T     0.6959   1.95   0.1353   0.0223     0.40  0    cut
 539  sn2003cg      Ia-norm    0.6986   1.95   0.1346   0.0154    -1.20  0    cut
 540  sn2002cd      Ia-norm    0.6945   1.95   0.1490   0.0280     0.30  0    cut
 541  sn2002dj      Ia-norm    0.7040   1.95   0.1532   0.0306    -8.40  0    cut
 542  sn2007au      Ia-norm    0.7405   1.95   0.1356   0.0223    -4.70  0    cut
 543  sn2002dj      Ia-norm    0.9206   1.95   0.1618   0.0292    -8.60  0    cut
 544  sn2003cg      Ia-norm    0.8529   1.94   0.1313   0.0176     1.00  0    cut
 545  sn2000cp      Ia-norm    0.6986   1.94   0.1332   0.0179    -1.50  0    cut
 546  sn1997bp      Ia-norm    0.7013   1.94   0.1498   0.0306    -1.20  0    cut
 547  sn2007au      Ia-norm    0.7419   1.94   0.1381   0.0231    -5.60  0    cut
 548  sn2007ci      Ia-norm    0.7446   1.93   0.1423   0.0209    -8.10  0    cut
 549  sn1999cl      Ia-norm    0.6986   1.93   0.1523   0.0276    -8.30  0    cut
 550  sn2006gz      Ia-pec     0.7487   1.93   0.1449   0.0143    -8.40  0    cut
 551  sn2001V       Ia-91T     0.6931   1.93   0.1468   0.0262   -11.20  0    cut
 552  sn1997dd      IIb        0.9043   1.92   0.1105   0.0194     0.00  1    cut
 553  sn2002cr      Ia-norm    0.6972   1.92   0.1472   0.0324   -11.20  0    cut
 554  sn2003du      Ia-norm    0.9057   1.92   0.0589   0.0142    -6.10  0    cut
 555  sn2005bf      Ib-pec     0.7405   1.92   0.1176   0.0212    -4.60  0    cut
 556  sn2001G       Ia-norm    0.6904   1.92   0.1389   0.0274    -5.10  0    cut
 557  sn2006gz      Ia-pec     0.6431   1.92   0.1365   0.0263    -4.50  0    cut
 558  lbv2003hy     LBV        0.6972   1.91  -0.0094   0.0000   -99.90  2    cut
 559  sn2004dj      IIP        0.5970   1.91   0.1637   0.0073    50.60  1    cut
 560  sn2002fb      Ia-91bg    0.6972   1.90   0.1469   0.0292    -4.50  0    cut
 561  sn2006bp      IIP        0.6593   1.90   0.1270   0.0257    -4.60  0    cut
 562  sn2007hj      Ia-norm    0.7405   1.89   0.1330   0.0191    -0.60  0    cut
 563  sn2003cg      Ia-norm    0.8380   1.89   0.1361   0.0281    -8.00  0    cut
 564  sn1993J       IIb        0.9842   1.89   0.0166   0.0131    -2.00  0    cut
 565  sn2005bf      Ib-pec     0.7419   1.89   0.1177   0.0209    -7.60  0    cut
 566  sn2006lf      Ia-norm    0.6850   1.89   0.1617   0.0267    -8.40  0    cut
 567  sn1998aq      Ia-norm    0.6959   1.89   0.1335   0.0274     1.00  0    cut
 568  sn1987A       II-pec     0.5740   1.88   0.1145   0.0107   -15.70  0    cut
 569  sn2003cg      Ia-norm    0.8529   1.88   0.1342   0.0271    -5.00  0    cut
 570  sn2003iv      Ia-norm    0.6999   1.87   0.1312   0.0188     0.50  0    cut
 571  sn2000dn      Ia-norm    0.6986   1.87   0.1289   0.0236    -0.90  0    cut
 572  sn2001V       Ia-91T     0.6945   1.87   0.1391   0.0248    -3.30  0    cut
 573  sn2007le      Ia-norm    0.7459   1.87   0.1651   0.0295   -10.30  0    cut
 574  sn1986G       Ia-91bg    0.6133   1.87   0.1372   0.0248    -3.00  0    cut
 575  sn2003it      Ia-norm    0.6972   1.87   0.1359   0.0209     0.80  0    cut
 576  sn1987A       II-pec     0.5727   1.87   0.1142   0.0105   -13.70  0    cut
 577  sn1998V       Ia-norm    0.6999   1.87   0.1336   0.0217     1.30  0    cut
 578  sn2000dg      Ia-norm    0.6945   1.86   0.1312   0.0223     0.20  0    cut
 579  lbv2003hy     LBV        0.6945   1.86  -0.0094   0.0000   -99.90  2    cut
 580  lbv1999bw     LBV        0.6525   1.86   0.1597   0.0067   -99.90  2    cut
 581  sn2001cp      Ia-norm    0.6959   1.86   0.1396   0.0294    -6.80  0    cut
 582  sn2002de      Ia-norm    0.6931   1.86   0.1411   0.0299    -5.00  0    cut
 583  sn1993J       IIb        0.7906   1.86   0.0075   0.0255    -5.00  0    cut
 584  sn2003cg      Ia-norm    0.8299   1.85   0.1369   0.0279    -6.40  0    cut
 585  sn2006bt      Ia-norm    0.7446   1.85   0.1356   0.0205    -0.10  0    cut
 586  sn2003cg      Ia-norm    0.6986   1.85   0.1349   0.0210    -2.10  0    cut
 587  sn2002aw      Ia-norm    0.6945   1.85   0.1315   0.0209     1.10  0    cut
 588  sn1984A       Ia-norm    0.5496   1.85   0.1544   0.0272    -4.90  0    cut
 589  sn2003iv      Ia-norm    0.6972   1.85   0.1329   0.0191    -2.40  0    cut
 590  sn1999di      Ib-norm    0.7703   1.84  -0.0069   0.0173    23.60  1    cut
 591  sn2003W       Ia-norm    0.6972   1.84   0.1523   0.0342    -2.30  0    cut
 592  sn1999aw      Ia-91T     0.6119   1.84   0.1423   0.0197    -1.00  0    cut
 593  sn2004dt      Ia-norm    0.7311   1.83   0.1661   0.0333    -9.90  0    cut
 594  sn2003U       Ia-norm    0.9842   1.83   0.9621   0.0155    -8.50  0    cut
 595  sn2003iv      Ia-norm    0.6986   1.83   0.1318   0.0198    -1.40  0    cut
 596  sn1995F       Ic-norm    0.7026   1.83  -0.0018   0.0196     1.90  1    cut
 597  sn2002bo      Ia-norm    0.8542   1.83  -0.0094   0.0000    -4.80  0    cut
 598  sn2004dj      IIP        0.5713   1.83   0.1643   0.0073    36.00  1    cut
 599  sn2004dt      Ia-norm    0.7026   1.82   0.1414   0.0299     1.00  0    cut
 600  sn2006aj      Ic-broad   0.9084   1.82   0.0353   0.0154    -5.30  0    cut
 601  sn1997ef      Ic-broad   0.6945   1.82   0.0204   0.0334    -6.10  0    cut
 602  mstar         M-star     0.8894   1.82   0.0874   0.0144     7.00  2    cut
 603  sn1994I       Ic-norm    0.7107   1.82   0.0079   0.0303    -2.50  0    cut
 604  sn2003kf      Ia-norm    0.8421   1.82   0.1405   0.0251    -9.40  0    cut
 605  mstar         M-star     0.8894   1.81   0.0855   0.0171     5.00  2    cut
 606  sn2008D       Ib-pec     0.9463   1.81   0.0319   0.0117   -13.50  0    cut
 607  sn1994I       Ic-norm    0.7121   1.81   0.0070   0.0300    -1.60  0    cut
 608  sn2003du      Ia-norm    0.6945   1.81   0.1409   0.0301    -9.80  0    cut
 609  sn2003cg      Ia-norm    0.8515   1.81   0.1341   0.0316    -7.30  0    cut
 610  sn1998bu      Ia-norm    0.6972   1.81   0.1351   0.0290    -3.60  0    cut
 611  sn1997bp      Ia-norm    0.7053   1.81   0.1484   0.0325    -0.20  0    cut
 612  sn2001V       Ia-91T     0.6918   1.81   0.1443   0.0278   -10.20  0    cut
 613  sn2002dj      Ia-norm    0.6999   1.81   0.1503   0.0317    -7.40  0    cut
 614  sn1997do      Ia-norm    0.6972   1.81   0.1518   0.0314    -6.60  0    cut
 615  sn2002dj      Ia-norm    0.9720   1.81   0.1524   0.0261    -3.60  0    cut
 616  sn2001cp      Ia-norm    0.6986   1.80   0.1353   0.0283    -1.10  0    cut
 617  sn1997dq      Ic-broad   0.6999   1.80  -0.0053   0.0258    17.90  1    cut
 618  sn1993J       IIb        0.9842   1.79   0.0175   0.0140    -3.00  0    cut
 619  sn2004gs      Ia-norm    0.7419   1.79   0.1284   0.0220    -0.30  0    cut
 620  sn2003ch      Ia-norm    0.6986   1.79   0.1310   0.0207     0.80  0    cut
 621  sn2006bz      Ia-91bg    0.7392   1.79   0.0237   0.0280    -0.30  0    cut
 622  sn2005cs      IIP        0.7324   1.79   0.1996   0.0094     0.80  0    cut
 623  sn1997dq      Ic-broad   0.9206   1.79   0.0139   0.0394    27.90  1    cut
 624  sn2005cg      Ia-norm    0.7324   1.79   0.1487   0.0178    -9.80  0    cut
 625  sn2003iv      Ia-norm    0.6972   1.79   0.1312   0.0199    -0.50  0    cut
 626  sn1997dc      Ib-norm    0.7663   1.79  -0.0094   0.0000     0.00  1    cut
 627  sn2000fa      Ia-norm    0.7080   1.79   0.1618   0.0326   -10.40  0    cut
 628  sn2006nz      Ia-norm    0.7487   1.78   0.1464   0.0257    -1.70  0    cut
 629  sn2008D       Ib-pec     0.9152   1.78   0.0360   0.0174   -14.50  0    cut
 630  sn2001bf      Ia-norm    0.6972   1.78   0.1296   0.0274     0.80  0    cut
 631  sn2000fa      Ia-norm    0.7135   1.77   0.1380   0.0208     1.30  0    cut
 632  sn1998bu      Ia-norm    0.6972   1.77   0.1346   0.0291    -2.60  0    cut
 633  sn2005cg      Ia-norm    0.5510   1.77   0.1357   0.0135    -0.10  0    cut
 634  sn2006bt      Ia-norm    0.9842   1.77   0.9446   0.0201    -4.60  0    cut
 635  sn2001cp      Ia-norm    0.6999   1.77   0.1343   0.0249     0.80  0    cut
 636  sn1998de      Ia-91bg    0.7013   1.77   0.1594   0.0536    -3.20  0    cut
 637  sn2002de      Ia-norm    0.6945   1.76   0.1374   0.0304    -4.10  0    cut
 638  sn1994D       Ia-norm    0.7121   1.76   0.1558   0.0293   -10.10  0    cut
 639  sn1999dn      Ib-norm    0.7649   1.76  -0.0098   0.0162    27.70  1    cut
 640  sn2001el      Ia-norm    0.7026   1.76   0.1389   0.0128     1.20  0    cut
 641  sn2003it      Ia-norm    0.6972   1.76   0.1364   0.0248    -0.20  0    cut
 642  sn2004dj      IIP        0.5943   1.76   0.1638   0.0080    50.00  1    cut
 643  sn1996X       Ia-norm    0.7080   1.75   0.1361   0.0202    -1.70  0    cut
 644  sn2004dt      Ia-norm    0.9842   1.75   0.1387   0.0120    -6.50  0    cut
 645  sn2002jy      Ia-norm    0.6999   1.75   0.1343   0.0251     1.10  0    cut
 646  sn2006bt      Ia-norm    0.7459   1.75   0.1356   0.0211     0.90  0    cut
 647  lbv2003hy     LBV        0.6959   1.74  -0.0094   0.0000   -99.90  2    cut
 648  sn2007Y       Ib-norm    0.8109   1.74   0.1801   0.0286   -15.00  0    cut
 649  sn2002aw      Ia-norm    0.6972   1.74   0.1308   0.0481    -0.90  0    cut
 650  sn2005cg      Ia-norm    0.5510   1.74   0.1378   0.0130    -4.00  0    cut
 651  sn2004dj      IIP        0.5943   1.74   0.1637   0.0078    46.80  1    cut
 652  sn1996X       Ia-norm    0.8285   1.74   0.1336   0.0312    -1.80  0    cut
 653  sn2005bl      Ia-91bg    0.9301   1.74   0.0220   0.0228    -4.90  0    cut
 654  sn2003it      Ia-norm    0.6986   1.74   0.1359   0.0494    -2.20  0    cut
 655  sn2002aw      Ia-norm    0.6972   1.73   0.1338   0.0171    -1.90  0    cut
 656  sn2000cp      Ia-norm    0.6986   1.73   0.1346   0.0224    -2.50  0    cut
 657  sn2003it      Ia-norm    0.6972   1.72   0.1362   0.0334    -3.20  0    cut
 658  sn2003du      Ia-norm    0.6945   1.72   0.1383   0.0312    -8.90  0    cut
 659  sn2004dj      IIP        0.5943   1.72   0.1637   0.0081    48.00  1    cut
 660  sn2001cp      Ia-norm    0.6999   1.72   0.1362   0.0309    -4.90  0    cut
 661  sn1998bu      Ia-norm    0.6972   1.72   0.1341   0.0292    -1.60  0    cut
 662  sn2005gj      Ia-csm     0.6363   1.71   0.1282   0.0254    -1.80  0    cut
 663  sn2001ay      Ia-norm    0.6999   1.71   0.1420   0.0280    -1.50  0    cut
 664  sn2003it      Ia-norm    0.6945   1.71   0.1354   0.0369    -1.10  0    cut
 665  sn1997dq      Ic-broad   0.6999   1.71  -0.0050   0.0265    14.90  1    cut
 666  sn2002jy      Ia-norm    0.6999   1.71   0.1340   0.0428     0.10  0    cut
 667  sn2004dj      IIP        0.7351   1.71   0.3528   0.0090    89.80  1    cut
 668  sn2000E       Ia-norm    0.7121   1.71   0.1386   0.0292    -3.40  0    cut
 669  sn1994D       Ia-norm    0.9057   1.70   0.1373   0.0130    -6.10  0    cut
 670  sn1997dq      Ic-broad   0.9612   1.70   0.9252   0.0146     1.00  1    cut
 671  sn1993J       IIb        0.9842   1.70   0.0184   0.0143    -4.00  0    cut
 672  sn1994I       Ic-norm    0.7094   1.70   0.0054   0.0303    -0.60  0    cut
 673  sn2004aw      Ic-norm    0.9788   1.69   0.0361   0.0119    -1.70  0    cut
 674  sn2001ay      Ia-norm    0.6999   1.69   0.1406   0.0275     1.30  0    cut
 675  sn2001gc      Ia-norm    0.6986   1.69   0.1586   0.0332    -8.50  0    cut
 676  sn2002dj      Ia-norm    0.6959   1.69   0.1474   0.0335    -6.40  0    cut
 677  sn1997dq      Ic-broad   0.6999   1.69   0.1669   0.1128     0.00  1    cut
 678  sn2003cg      Ia-norm    0.6999   1.69   0.1341   0.0190     0.80  0    cut
 679  lbv2001ac     LBV        0.6959   1.69   0.1601   0.0069   -99.90  2    cut
 680  sn2002dj      Ia-norm    0.7026   1.69   0.1544   0.0338   -10.40  0    cut
 681  sn1997bp      Ia-norm    0.7013   1.68   0.1472   0.0366     0.80  0    cut
 682  sn2003kf      Ia-norm    0.6999   1.68   0.1392   0.0307    -7.40  0    cut
 683  sn1995F       Ic-norm    0.9328   1.68   0.1032   0.0134    35.70  1    cut
 684  sn2002bo      Ia-norm    0.6959   1.68   0.1508   0.0307    -8.40  0    cut
 685  sn1997ei      Ic-norm    0.6877   1.68  -0.0104   0.0214     0.00  1    cut
 686  sn1994T       Ia-norm    0.6471   1.68   0.1365   0.0276     0.80  0    cut
 687  sn1987A       II-pec     0.6796   1.68   0.1615   0.0228    -9.90  0    cut
 688  lbv2003hy     LBV        0.6945   1.68   0.1134   0.0215   -99.90  2    cut
 689  sn2005gj      Ia-csm     0.6187   1.68   0.1389   0.0159   -12.10  0    cut
 690  sn1997dd      IIb        0.6986   1.68  -0.0094   0.0200    16.40  1    cut
 691  sn2003kf      Ia-norm    0.6945   1.67   0.1370   0.0309    -3.40  0    cut
 692  lbv2001ac     LBV        0.9693   1.67   0.0728   0.0075   -99.90  2    cut
 693  sn1994S       Ia-norm    0.7040   1.67   0.1330   0.0291     0.90  0    cut
 694  sn2003kf      Ia-norm    0.6986   1.67   0.1396   0.0314    -8.40  0    cut
 695  sn2004dj      IIP        0.5916   1.67   0.1633   0.0084    51.90  1    cut
 696  sn2002fk      Ia-norm    0.6972   1.67   0.1317   0.0317    -3.50  0    cut
 697  sn2003cg      Ia-norm    0.6972   1.67   0.1349   0.0307    -5.10  0    cut
 698  sn1997dq      Ic-broad   0.9206   1.66   0.0162   0.0414    27.90  1    cut
 699  sn2007ax      Ia-91bg    0.7473   1.66   0.1329   0.0231    -1.90  0    cut
 700  sn1996X       Ia-norm    0.7080   1.66   0.1346   0.0202     0.20  0    cut
 701  sn2002bo      Ia-norm    0.6959   1.66   0.1493   0.0313    -7.30  0    cut
 702  sn2003cg      Ia-norm    0.6972   1.66   0.1344   0.0306    -4.10  0    cut
 703  sn1996X       Ia-norm    0.7080   1.65   0.1348   0.0207    -0.80  0    cut
 704  sn2006bz      Ia-91bg    0.7473   1.65   0.0237   0.0271     0.70  0    cut
 705  sn2004bg      Ia-norm    0.6959   1.65   0.1339   0.0317    -3.00  0    cut
 706  sn2002bo      Ia-norm    0.6972   1.65   0.1482   0.0323    -6.30  0    cut
 707  sn1990O       Ia-norm    0.7175   1.65   0.1410   0.0427    -0.90  0    cut
 708  sn2003cg      Ia-norm    0.6999   1.65   0.1346   0.0207    -0.20  0    cut
 709  sn1995F       Ic-norm    0.8800   1.64   0.0020   0.0371    35.80  1    cut
 710  sn2003kf      Ia-norm    0.6999   1.64   0.1406   0.0324    -9.30  0    cut
 711  sn2003ch      Ia-norm    0.6986   1.64   0.1318   0.0273    -0.20  0    cut
 712  sn2005bf      Ib-pec     0.8245   1.63   0.1761   0.0305   -18.50  0    cut
 713  sn1993J       IIb        0.8840   1.63   0.0050   0.0212    -2.40  0    cut
 714  sn2003cq      Ia-norm    0.6999   1.63   0.1369   0.0266    -0.90  0    cut
 715  sn2007cq      Ia-91T     0.7446   1.63   0.0214   0.0381    -5.00  0    cut
 716  sn1996X       Ia-norm    0.7067   1.62   0.1350   0.0327    -3.80  0    cut
 717  sn2003cg      Ia-norm    0.6972   1.62   0.1347   0.0310    -3.10  0    cut
 718  sn2003kf      Ia-norm    0.6999   1.62   0.1378   0.0322    -5.40  0    cut
 719  sn2002de      Ia-norm    0.7013   1.62   0.1380   0.0320    -6.10  0    cut
 720  sn2006gz      Ia-pec     0.7067   1.62   0.1444   0.0125   -13.30  0    cut
 721  sn2004dj      IIP        0.5672   1.62   0.1650   0.0080    20.00  1    cut
 722  sn1994D       Ia-norm    0.9842   1.62   0.1433   0.0231    -4.30  0    cut
 723  sn1996X       Ia-norm    0.7080   1.62   0.1339   0.0195     1.20  0    cut
 724  sn2004eo      Ia-norm    0.7053   1.61   0.1318   0.0272    -2.00  0    cut
 725  sn2003cg      Ia-norm    0.6986   1.61   0.1357   0.0321    -6.10  0    cut
 726  sn2004dj      IIP        0.5740   1.61   0.1652   0.0078    17.00  1    cut
 727  sn2001br      Ia-norm    0.6999   1.60   0.1402   0.0368    -0.40  0    cut
 728  sn1988L       Ib-norm    0.7148   1.60   0.0431   0.0257    47.70  1    cut
 729  sn2005hk      Ia-pec     0.5659   1.60   0.4500   0.0216    -3.40  0    cut
 730  sn2000dn      Ia-norm    0.6972   1.60   0.1327   0.0347    -7.70  0    cut
 731  sn2000cn      Ia-91bg    0.7013   1.60   0.1592   0.0417    -9.30  0    cut
 732  sn1997ef      Ic-broad   0.6945   1.60   0.0175   0.0350    -4.10  0    cut
 733  sn1987A       II-pec     0.6783   1.60   0.1606   0.0228    -2.00  0    cut
 734  sn1998co      Ia-norm    0.6986   1.60   0.1327   0.0205     0.00  0    cut
 735  sn1983V       Ic-norm    0.7703   1.59   0.1505   0.0358    -7.00  0    cut
 736  sn1997cy      IIn        0.9842   1.59   0.8665   0.0175    29.40  1    cut
 737  sn1994D       Ia-norm    0.7148   1.59   0.1355   0.0310    -3.10  0    cut
 738  sn2007ax      Ia-91bg    0.7487   1.59   0.1318   0.0250    -0.80  0    cut
 739  sn2000cn      Ia-91bg    0.6986   1.59   0.1606   0.0442    -8.30  0    cut
 740  sn1987A       II-pec     0.6796   1.59   0.1608   0.0234   -17.00  0    cut
 741  sn1998S       IIn        0.6810   1.59   0.1106   0.0096     0.90  0    cut
 742  sn2001ex      Ia-norm    0.6999   1.59   0.1307   0.0217    -3.40  0    cut
 743  sn1997E       Ia-norm    0.7067   1.58   0.1379   0.0301    -3.70  0    cut
 744  sn2007Y       Ib-norm    0.9355   1.58   0.0151   0.0289    -2.00  0    cut
 745  sn1999ek      Ia-norm    0.6986   1.58   0.1298   0.0268    -0.60  0    cut
 746  sn1987A       II-pec     0.5740   1.58   0.1619   0.0243   -16.70  0    cut
 747  lbv2003hy     LBV        0.6959   1.58  -0.0094   0.0000   -99.90  2    cut
 748  sn2002er      Ia-norm    0.9788   1.57   0.0706   0.0162    -2.10  0    cut
 749  sn2003cq      Ia-norm    0.6999   1.57   0.1383   0.0266    -1.80  0    cut
 750  sn2004dj      IIP        0.5727   1.57   0.1652   0.0081    18.00  1    cut
 751  sn2001el      Ia-norm    0.7175   1.57   0.1427   0.0146    -3.80  0    cut
 752  sn1999cl      Ia-norm    0.6945   1.56   0.1469   0.0299    -7.30  0    cut
 753  sn2008D       Ib-pec     0.6539   1.56   0.0367   0.0412   -11.50  0    cut
 754  sn2003kc      Ia-norm    0.6959   1.56   0.1367   0.0285    -0.90  0    cut
 755  sn2003du      Ia-norm    0.9043   1.56   0.1444   0.0262    -4.20  0    cut
 756  sn2002bo      Ia-norm    0.6972   1.56   0.1458   0.0331    -5.40  0    cut
 757  sn1998co      Ia-norm    0.6986   1.56   0.1318   0.0211     1.00  0    cut
 758  sn1994D       Ia-norm    0.9842   1.56   0.0906   0.0478   -11.10  0    cut
 759  sn1993J       IIb        0.8664   1.55   0.0045   0.0249    -1.60  0    cut
 760  sn2005bc      Ia-norm    0.6918   1.55   0.1322   0.0404    -5.00  0    cut
 761  sn1996X       Ia-norm    0.7080   1.55   0.1343   0.0330    -2.80  0    cut
 762  lbv2003hy     LBV        0.6959   1.55   0.1001   0.0194   -99.90  2    cut
 763  sn1994D       Ia-norm    0.7121   1.55   0.1359   0.0330    -5.10  0    cut
 764  sn1999ac      Ia-91T     0.6999   1.55   0.1376   0.0347    -3.90  0    cut
 765  sn2002fk      Ia-norm    0.6972   1.54   0.1306   0.0327    -1.50  0    cut
 766  sn1991A       Ic-norm    0.6728   1.54  -0.0094   0.0000    47.50  1    cut
 767  sn2003cq      Ia-norm    0.6986   1.54   0.1368   0.0306     0.00  0    cut
 768  sn2002dl      Ia-91bg    0.6986   1.54   0.1721   0.0390    -7.40  0    cut
 769  sn2003cq      Ia-norm    0.7013   1.54   0.1329   0.0241     1.00  0    cut
 770  sn2003U       Ia-norm    0.6986   1.53   0.1310   0.0361    -0.70  0    cut
 771  sn1994D       Ia-norm    0.7107   1.53   0.1353   0.0329    -4.10  0    cut
 772  mstar         M-star     0.8881   1.53   0.0860   0.0192     6.00  2    cut
 773  sn2002cs      Ia-norm    0.6931   1.53   0.1471   0.0342    -7.50  0    cut
 774  sn1987A       II-pec     0.5483   1.52   0.1116   0.0293   -18.60  0    cut
 775  sn1994I       Ic-norm    0.7121   1.52   0.1774   0.0466     1.30  0    cut
 776  sn2002cs      Ia-norm    0.6959   1.52   0.1462   0.0353    -4.50  0    cut
 777  lbv2003hy     LBV        0.6796   1.52   0.1034   0.0185   -99.90  2    cut
 778  sn2002bo      Ia-norm    0.6972   1.52   0.1437   0.0343    -3.40  0    cut
 779  sn1983V       Ic-norm    0.6146   1.52   0.0045   0.0388    -4.00  0    cut
 780  sn2000cp      Ia-norm    0.6986   1.51   0.1305   0.0325    -0.50  0    cut
 781  sn2007cq      Ia-91T     0.7432   1.51   0.0208   0.0410    -4.00  0    cut
 782  sn2002bo      Ia-norm    0.6972   1.51   0.1444   0.0345    -4.30  0    cut
 783  sn2002er      Ia-norm    0.9571   1.50   0.1534   0.0341    -5.00  0    cut
 784  sn1999ac      Ia-91T     0.6999   1.49   0.1363   0.0351    -2.90  0    cut
 785  sn1984A       Ia-norm    0.5212   1.49   0.1574   0.0297    -5.90  0    cut
 786  sn1998ef      Ia-norm    0.6823   1.49   0.1423   0.0371    -4.50  0    cut
 787  sn2002cs      Ia-norm    0.6904   1.49   0.1478   0.0340    -8.50  0    cut
 788  sn1994S       Ia-norm    0.6268   1.49   0.1364   0.0383    -3.00  0    cut
 789  sn1998ef      Ia-norm    0.6810   1.48   0.1421   0.0370    -3.60  0    cut
 790  sn2006gt      Ia-91bg    0.7487   1.48   0.1297   0.0225     1.30  0    cut
 791  sn1987A       II-pec     0.5767   1.48   0.1626   0.0243    -4.70  0    cut
 792  sn2005cf      Ia-norm    0.8339   1.48   0.1513   0.0269    -8.70  0    cut
 793  sn1994D       Ia-norm    0.7135   1.47   0.1337   0.0330    -0.10  0    cut
 794  sn1991N       Ic-norm    0.8109   1.47  -0.0282   0.0319     7.60  1    cut
 795  sn2005cf      Ia-norm    0.8664   1.47  -0.0040   0.0491    -9.70  0    cut
 796  sn1999cc      Ia-norm    0.6999   1.47   0.1369   0.0261    -1.20  0    cut
 797  sn2002bo      Ia-norm    0.9544   1.47  -0.0019   0.0218   -12.40  0    cut
 798  sn2006gz      Ia-pec     0.7405   1.47  -0.0019   0.0354   -11.30  0    cut
 799  sn1997ef      Ic-broad   0.9571   1.46   0.2173   0.0324    -5.00  0    cut
 800  sn1991T       Ia-91T     0.9842   1.46   0.1058   0.0187    -1.50  0    cut
 801  sn1999gd      Ia-norm    0.6999   1.46   0.1305   0.0226     1.10  0    cut
 802  sn1990O       Ia-norm    0.8705   1.46  -0.0094   0.0000    -6.60  0    cut
 803  lbv2003hy     LBV        0.6931   1.46   0.1125   0.0211   -99.90  2    cut
 804  sn2002cr      Ia-norm    0.6904   1.46   0.1359   0.0368    -8.20  0    cut
 805  sn1998S       IIn        0.7933   1.46   0.6326   0.0196   -12.50  0    cut
 806  sn1991A       Ic-norm    0.6065   1.45   0.1358   0.0557     0.00  1    cut
 807  mstar         M-star     0.8908   1.45   0.0115   0.0303     2.00  2    cut
 808  sn1990O       Ia-norm    0.8705   1.45  -0.0094   0.0000    -5.60  0    cut
 809  sn2002bo      Ia-norm    0.6986   1.45   0.1420   0.0357    -2.40  0    cut
 810  sn2005cf      Ia-norm    0.9842   1.45   0.0665   0.0245    -5.50  0    cut
 811  sn1993J       IIb        0.8949   1.45   0.0616   0.0233   -16.70  0    cut
 812  sn2001cp      Ia-norm    0.6945   1.45   0.1358   0.0342    -3.90  0    cut
 813  sn2002bo      Ia-norm    0.6959   1.45   0.1616   0.0317   -13.40  0    cut
 814  sn2003du      Ia-norm    0.6986   1.44   0.1333   0.0345    -1.80  0    cut
 815  sn2003ch      Ia-norm    0.6999   1.44   0.1328   0.0358    -2.10  0    cut
 816  sn2002bo      Ia-norm    0.7541   1.44   0.0122   0.0441   -13.60  0    cut
 817  sn2000dm      Ia-norm    0.6972   1.44   0.1318   0.0354    -2.90  0    cut
 818  sn2006gz      Ia-pec     0.7135   1.44   0.0150   0.0177   -12.30  0    cut
 819  sn1997dt      Ia-norm    0.6972   1.44   0.1423   0.0371    -8.70  0    cut
 820  sn1990K       IIL        0.6444   1.44   0.1600   0.0121   174.70  1    cut
 821  sn2003W       Ia-norm    0.6918   1.44   0.1463   0.0447     0.60  0    cut
 822  sn1998de      Ia-91bg    0.6999   1.43   0.1773   0.0650    -2.20  0    cut
 823  sn2004as      Ia-norm    0.6986   1.43   0.1380   0.0316    -1.00  0    cut
 824  sn1998eg      Ia-norm    0.6877   1.43   0.1311   0.0354    -0.80  0    cut
 825  sn1999cc      Ia-norm    0.6972   1.43   0.1361   0.0253    -0.20  0    cut
 826  sn1990K       IIL        0.5320   1.43   0.0029   0.0147   139.00  1    cut
 827  sn1997dt      Ia-norm    0.6959   1.43   0.1398   0.0367    -7.70  0    cut
 828  sn2005A       Ia-norm    0.8285   1.43   0.1446   0.0270     0.60  0    cut
 829  sn2003du      Ia-norm    0.6972   1.42   0.1316   0.0342     1.10  0    cut
 830  mstar         M-star     0.8894   1.42   1.1831   0.0344     8.00  2    cut
 831  sn2002cr      Ia-norm    0.6986   1.42   0.1315   0.0366    -6.30  0    cut
 832  sn1998ec      Ia-norm    0.6959   1.42   0.1435   0.0420    -3.00  0    cut
 833  sn2000E       Ia-norm    0.7107   1.42   0.1377   0.0356    -2.30  0    cut
 834  sn2002bo      Ia-norm    0.6972   1.42   0.1408   0.0369    -1.50  0    cut
 835  lbv2003hy     LBV        0.6945   1.42   0.1083   0.0127   -99.90  2    cut
 836  sn2002ha      Ia-norm    0.6986   1.42   0.1341   0.0358    -4.20  0    cut
 837  sn1999cl      Ia-norm    0.6810   1.42   0.1367   0.0305    -1.30  0    cut
 838  sn2006gz      Ia-pec     0.7080   1.41  -0.0009   0.0342   -12.30  0    cut
 839  sn1990K       IIL        0.7703   1.41   0.4046   0.0271   160.90  1    cut
 840  sn2004at      Ia-norm    0.6999   1.41   0.1318   0.0379     1.20  0    cut
 841  sn2003cq      Ia-norm    0.6986   1.41   0.1425   0.0319    -5.80  0    cut
 842  sn1994D       Ia-norm    0.7162   1.41   0.1391   0.0361    -8.10  0    cut
 843  sn1998ef      Ia-norm    0.6823   1.41   0.1363   0.0397     1.30  0    cut
 844  sn2004dt      Ia-norm    0.9761   1.40  -0.0085   0.0261    -8.50  0    cut
 845  sn2003W       Ia-norm    0.6945   1.40   0.1463   0.0449    -0.40  0    cut
 846  sn2002er      Ia-norm    0.8299   1.40   0.1325   0.0460     0.90  0    cut
 847  sn1986G       Ia-91bg    0.6552   1.40   0.1737   0.0363     0.80  0    cut
 848  sn1990K       IIL        0.6227   1.40   0.1811   0.0202   147.00  1    cut
 849  sn1990K       IIL        0.8109   1.39   0.4035   0.0268   174.70  1    cut
 850  sn1998ec      Ia-norm    0.6891   1.39   0.1447   0.0430    -3.90  0    cut
 851  sn2002cr      Ia-norm    0.6972   1.39   0.1288   0.0364    -2.40  0    cut
 852  sn1993J       IIb        0.7771   1.39   0.0664   0.0155   -15.70  0    cut
 853  sn2004as      Ia-norm    0.6972   1.39   0.1509   0.0997    -7.80  0    cut
 854  sn2002cu      Ia-norm    0.6959   1.38   0.1516   0.0396    -3.30  0    cut
 855  sn2004at      Ia-norm    0.6999   1.38   0.1322   0.0374     0.20  0    cut
 856  sn1993J       IIb        0.5848   1.38   0.0034   0.0423   -10.50  0    cut
 857  sn2004as      Ia-norm    0.6972   1.38   0.1366   0.0335    -0.10  0    cut
 858  sn1997dq      Ic-broad   0.8394   1.37   0.0384   0.0215   222.20  1    cut
 859  sn1999ac      Ia-91T     0.8434   1.37   0.1467   0.0362   -12.90  0    cut
 860  sn1990K       IIL        0.8123   1.37  -0.0094   0.0000    55.60  1    cut
 861  sn1989B       Ia-norm    0.9842   1.37   0.1303   0.0254    -1.30  0    cut
 862  sn1999by      Ia-91bg    0.6999   1.37   0.1435   0.0440    -4.10  0    cut
 863  sn1988L       Ib-norm    0.7053   1.37   0.1167   0.0377     0.00  1    cut
 864  sn2004at      Ia-norm    0.6986   1.37   0.1329   0.0381    -0.70  0    cut
 865  sn1999cl      Ia-norm    0.6783   1.36   0.1388   0.0317    -2.30  0    cut
 866  sn2002dl      Ia-91bg    0.7040   1.36   0.1726   0.0446    -6.50  0    cut
 867  sn2007ax      Ia-91bg    0.8082   1.36   0.1379   0.0411     1.10  0    cut
 868  sn2004at      Ia-norm    0.6945   1.36   0.1456   0.0413    -8.60  0    cut
 869  sn2007if      Ia-pec     0.6810   1.36   0.6499   0.0554    -7.50  0    cut
 870  sn1990N       Ia-norm    0.8746   1.36   0.0952   0.0344    -7.40  0    cut
 871  sn1995F       Ic-norm    0.9233   1.36   0.0162   0.0432    56.90  1    cut
 872  sn2003kc      Ia-norm    0.7013   1.36   0.1454   0.0381    -5.70  0    cut
 873  sn1990K       IIL        0.5659   1.36   0.1599   0.0120   201.60  1    cut
 874  sn2007au      Ia-norm    0.7500   1.35   0.1261   0.0264     1.10  0    cut
 875  sn1998S       IIn        0.9152   1.35   1.0877   0.0316    -1.50  0    cut
 876  sn1990K       IIL        0.7866   1.35   0.4047   0.0292   202.50  1    cut
 877  mstar         M-star     0.8881   1.35   1.1768   0.0355     9.00  2    cut
 878  sn1990K       IIL        0.8394   1.35   0.4071   0.0302   119.10  1    cut
 879  sn1997dt      Ia-norm    0.6972   1.35   0.1371   0.0383    -4.70  0    cut
 880  sn1990K       IIL        0.6390   1.35   0.1180   0.0279     0.00  1    cut
 881  sn1999ac      Ia-91T     0.6999   1.35   0.1342   0.0374    -0.90  0    cut
 882  sn1986G       Ia-91bg    0.6539   1.34   0.1742   0.0570    -2.20  0    cut
 883  sn2004as      Ia-norm    0.6972   1.34   0.1406   0.0530    -2.90  0    cut
 884  sn2004dj      IIP        0.5524   1.34   0.1658   0.0091     8.00  1    cut
 885  sn2004as      Ia-norm    0.6999   1.34   0.1398   0.0936    -2.00  0    cut
 886  sn2001N       Ia-norm    0.6972   1.34   0.1380   0.0417     0.70  0    cut
 887  sn2002bo      Ia-norm    0.7229   1.34   0.1445   0.0372    -4.70  0    cut
 888  sn2004dt      Ia-norm    0.9761   1.33   0.0632   0.0093    -3.70  0    cut
 889  sn2004eo      Ia-norm    0.8312   1.33   0.0305   0.0540   -10.20  0    cut
 890  sn1997dt      Ia-norm    0.6959   1.33   0.1325   0.0390     0.20  0    cut
 891  sn1998dh      Ia-norm    0.6959   1.33   0.1380   0.0391    -5.40  0    cut
 892  sn1996X       Ia-norm    0.9842   1.33   0.0377   0.0107     1.10  0    cut
 893  sn2002jg      Ia-norm    0.6986   1.33   0.1367   0.0198    -3.40  0    cut
 894  sn1993J       IIb        0.7026   1.32   0.0189   0.0534   -18.00  0    cut
 895  sn2006aj      Ic-broad   0.6823   1.32   0.1758   0.0337    -1.40  0    cut
 896  sn2006bp      IIP        0.6959   1.32   0.1258   0.0586    -5.70  0    cut
 897  sn2006aj      Ic-broad   0.6837   1.32   0.1734   0.0800    -0.40  0    cut
 898  sn2002cr      Ia-norm    0.6986   1.32   0.1273   0.0379     0.70  0    cut
 899  sn1987A       II-pec     0.5740   1.32   0.1623   0.0277     1.30  0    cut
 900  sn2003U       Ia-norm    0.6972   1.32   0.1360   0.0394    -5.60  0    cut
 901  sn1999by      Ia-91bg    0.8922   1.32   0.1238   0.0234    -3.00  0    cut
 902  sn2002er      Ia-norm    0.7554   1.31   0.1436   0.0369   -10.00  0    cut
 903  sn1998dh      Ia-norm    0.6972   1.31   0.1394   0.0389    -7.50  0    cut
 904  sn2002er      Ia-norm    0.6959   1.31   0.1372   0.0408    -3.80  0    cut
 905  mstar         M-star     0.8908   1.31   0.0092   0.0325     3.00  2    cut
 906  sn2005hk      Ia-pec     0.5686   1.31   0.1220   0.0214    -4.20  0    cut
 907  sn1999ej      Ia-norm    0.6986   1.31   0.1288   0.0459     1.10  0    cut
 908  sn1990aa      Ic-norm    0.7960   1.31  -0.0079   0.0518    61.50  1    cut
 909  sn1998bp      Ia-norm    0.6986   1.30   0.1313   0.0247    -1.90  0    cut
 910  sn1999by      Ia-91bg    0.6024   1.30   0.1439   0.0443    -5.00  0    cut
 911  sn2006lf      Ia-norm    0.6823   1.30   0.1331   0.0387    -5.50  0    cut
 912  sn2006aj      Ic-broad   0.8691   1.30   0.0546   0.0180    -2.40  0    cut
 913  sn1999cc      Ia-norm    0.6986   1.29   0.1376   0.0403    -3.20  0    cut
 914  sn1998dh      Ia-norm    0.6986   1.29   0.1410   0.0392    -8.40  0    cut
 915  sn1983V       Ic-norm    0.7175   1.29   0.1528   0.0381    -9.00  0    cut
 916  sn2002eu      Ia-norm    0.6986   1.28   0.1333   0.0226     1.10  0    cut
 917  sn2002bo      Ia-norm    0.7256   1.28   0.0083   0.0459   -12.70  0    cut
 918  sn2002bo      Ia-norm    0.7392   1.28   0.1513   0.0384    -9.70  0    cut
 919  sn1998dh      Ia-norm    0.6986   1.28   0.1367   0.0418    -3.50  0    cut
 920  sn2004as      Ia-norm    0.6999   1.28   0.1424   0.0472    -3.90  0    cut
 921  lbv1999bw     LBV        0.6999   1.27   0.7577   0.0193   -99.90  2    cut
 922  sn2002er      Ia-norm    0.9842   1.27   0.0716   0.0225    -3.10  0    cut
 923  sn1998dh      Ia-norm    0.6999   1.27   0.1426   0.0398    -9.40  0    cut
 924  sn1998bp      Ia-norm    0.6986   1.27   0.1300   0.0246    -0.90  0    cut
 925  sn2004dj      IIP        0.5740   1.27   0.1662   0.0097     5.00  1    cut
 926  sn2001fh      Ia-norm    0.6972   1.27   0.1308   0.0401    -1.70  0    cut
 927  sn2002hw      Ia-norm    0.6986   1.27   0.1323   0.0365    -5.20  0    cut
 928  sn2008ar      Ia-norm    0.6877   1.27   0.1361   0.0318    -1.70  0    cut
 929  sn2002he      Ia-norm    0.6918   1.26   0.1437   0.0386    -8.10  0    cut
 930  sn2004at      Ia-norm    0.6972   1.26   0.1409   0.0427    -7.40  0    cut
 931  sn1997cy      IIn        0.9517   1.26   0.1600   0.0117   377.70  1    cut
 932  sn1987A       II-pec     0.5740   1.26   0.1642   0.0289    -8.70  0    cut
 933  sn2004dj      IIP        0.5510   1.25   0.1662   0.0090     2.70  1    cut
 934  sn2003bg      IIb        0.8082   1.25   0.0115   0.0383    -7.40  0    cut
 935  sn2004at      Ia-norm    0.6999   1.25   0.1358   0.0420    -3.60  0    cut
 936  sn1998bp      Ia-norm    0.6986   1.25   0.1295   0.0432    -2.90  0    cut
 937  sn2002dp      Ia-norm    0.7013   1.25   0.1343   0.0406    -4.80  0    cut
 938  sn2004at      Ia-norm    0.6945   1.25   0.1362   0.0416    -4.70  0    cut
 939  sn1991A       Ic-norm    0.6918   1.25  -0.0094   0.0000    16.80  1    cut
 940  sn1996X       Ia-norm    0.9842   1.25   0.0386   0.0110     0.10  0    cut
 941  sn1998bp      Ia-norm    0.6972   1.25   0.1288   0.0254     0.10  0    cut
 942  sn2004as      Ia-norm    0.6999   1.24   0.1463   0.0495    -5.90  0    cut
 943  sn1984A       Ia-norm    0.4955   1.24   0.1597   0.0297    -7.00  0    cut
 944  sn1999ej      Ia-norm    0.6945   1.23   0.1314   0.0392    -1.80  0    cut
 945  sn2006cj      Ia-norm    0.6552   1.23   0.1334   0.0332    -2.10  0    cut
 946  sn2002dj      Ia-norm    0.8218   1.23   0.0480   0.0581   -10.40  0    cut
 947  sn1991A       Ic-norm    0.6593   1.23  -0.0094   0.0000    10.90  1    cut
 948  sn2004as      Ia-norm    0.6972   1.23   0.1433   0.0490    -4.90  0    cut
 949  sn1986G       Ia-91bg    0.6566   1.23   0.1768   0.0662    -1.20  0    cut
 950  sn2006lf      Ia-norm    0.6837   1.23   0.1354   0.0387    -7.50  0    cut
 951  sn1998de      Ia-91bg    0.7013   1.23   0.1775   0.0682    -0.30  0    cut
 952  sn2004at      Ia-norm    0.6986   1.23   0.1401   0.0433    -6.60  0    cut
 953  sn1990aa      Ic-norm    0.7974   1.22   0.1987   0.0381     0.00  1    cut
 954  sn2001fh      Ia-norm    0.6959   1.22   0.1313   0.0427    -3.60  0    cut
 955  mstar         M-star     0.8881   1.22   0.0909   0.0603     4.00  2    cut
 956  sn2001fh      Ia-norm    0.6945   1.22   0.1313   0.0417    -2.60  0    cut
 957  sn2001da      Ia-norm    0.9842   1.22   0.1307   0.0529    -1.00  0    cut
 958  sn2002he      Ia-norm    0.9842   1.22   0.1375   0.0292    -3.20  0    cut
 959  sn2001ep      Ia-norm    0.6986   1.21   0.1397   0.0458    -7.00  0    cut
 960  sn1989B       Ia-norm    0.9003   1.21   0.1354   0.0184    -7.20  0    cut
 961  sn1998bp      Ia-norm    0.6972   1.20   0.1276   0.0272     1.00  0    cut
 962  sn1998dh      Ia-norm    0.7013   1.20   0.1340   0.0447    -0.60  0    cut
 963  sn1986G       Ia-91bg    0.5957   1.20   0.1294   0.0229     1.30  0    cut
 964  kcSb          Gal        0.9842   1.20   0.0224   0.0197   -99.90  2    cut
 965  sn2006bp      IIP        0.7243   1.20   0.0068   0.0209     0.10  0    cut
 966  sn2002er      Ia-norm    0.6850   1.19   0.1443   0.0409   -11.90  0    cut
 967  sn2002G       Ia-norm    0.6986   1.19   0.1362   0.0449    -2.50  0    cut
 968  sn2004as      Ia-norm    0.6945   1.19   0.1481   0.0513    -6.80  0    cut
 969  sn2005cs      IIP        0.7405   1.18  -0.0014   0.0249    -1.90  0    cut
 970  sn1991N       Ic-norm    0.8109   1.18  -0.0094   0.0000     5.70  1    cut
 971  sn1991N       Ic-norm    0.8109   1.17  -0.0094   0.0000     6.60  1    cut
 972  sn2006aj      Ic-broad   0.7121   1.17   0.0209   0.0424    -3.30  0    cut
 973  sn1997ef      Ic-broad   0.6972   1.17   0.1779   0.0424    -9.10  0    cut
 974  sn1987A       II-pec     0.5767   1.17   0.1651   0.0288    -2.70  0    cut
 975  lbv2003hy     LBV        0.6972   1.16   0.1564   0.0166   -99.90  2    cut
 976  sn2002G       Ia-norm    0.6959   1.16   0.1377   0.0500    -4.40  0    cut
 977  sn1994D       Ia-norm    0.6498   1.16   0.1393   0.0401    -8.20  0    cut
 978  sn2002er      Ia-norm    0.7351   1.16   0.0756   0.0246    -6.00  0    cut
 979  sn2001ep      Ia-norm    0.6999   1.14   0.1330   0.0451    -3.10  0    cut
 980  sn1986G       Ia-91bg    0.5916   1.14   0.1297   0.0252     0.30  0    cut
 981  sn2001da      Ia-norm    0.6972   1.14   0.1394   0.0519    -2.00  0    cut
 982  sn2002kf      Ia-norm    0.6999   1.14   0.1338   0.0472     1.10  0    cut
 983  sn2001ep      Ia-norm    0.6999   1.14   0.1321   0.0458    -2.10  0    cut
 984  sn2000dk      Ia-norm    0.6999   1.13   0.1342   0.0452    -4.20  0    cut
 985  sn2000dk      Ia-norm    0.6972   1.13   0.1292   0.0466     0.80  0    cut
 986  sn2000dk      Ia-norm    0.6999   1.12   0.1353   0.0444    -5.10  0    cut
 987  lbv2003hy     LBV        0.6999   1.12   0.1161   0.0287   -99.90  2    cut
 988  sn2002hw      Ia-norm    0.6986   1.12   0.1327   0.0438    -3.20  0    cut
 989  sn1990K       IIL        0.6444   1.12   0.1569   0.0118    50.50  1    cut
 990  sn2001ep      Ia-norm    0.7013   1.12   0.1291   0.0498     0.80  0    cut
 991  sn1999em      IIP        0.9842   1.12   1.1476   0.0117    -3.70  0    cut
 992  sn2001ep      Ia-norm    0.7013   1.11   0.1306   0.0528    -0.10  0    cut
 993  sn1986G       Ia-91bg    0.6552   1.11   0.1756   0.0652    -0.20  0    cut
 994  sn1991T       Ia-91T     0.9612   1.10   0.0098   0.0152   -12.80  0    cut
 995  sn2002dl      Ia-91bg    0.7040   1.09   0.1403   0.0483    -8.40  0    cut
 996  sn2002hw      Ia-norm    0.6972   1.09   0.1332   0.0474    -6.00  0    cut
 997  sn2001ep      Ia-norm    0.7013   1.09   0.1321   0.0539    -1.10  0    cut
 998  sn2003bg      IIb        0.8082   1.09   0.4486   0.0511   -17.30  0    cut
 999  sn1997ef      Ic-broad   0.6986   1.07   0.1774   0.0405   -10.00  0    cut
1000  sn1990aa      Ic-norm    0.7960   1.07   0.0417   0.0353   116.10  1    cut
1001  sn2003kc      Ia-norm    0.6999   1.07  -0.0003   0.0479    -7.60  0    cut
1002  sn2000cn      Ia-91bg    0.6972   1.06   0.1439   0.0517    -7.30  0    cut
1003  sn2005cs      IIP        0.5226   1.05  -0.0031   0.0305    -1.20  0    cut
1004  sn2001da      Ia-norm    0.6986   1.05   0.1363   0.0584     0.00  0    cut
1005  sn1997ef      Ic-broad   0.6972   1.05   0.1970   0.0554   -13.90  0    cut
1006  sn1986G       Ia-91bg    0.6959   1.05  -0.0094   0.0000    -4.70  0    cut
1007  sn2002cf      Ia-91bg    0.7013   1.04   0.1432   0.0622    -5.40  0    cut
1008  sn2002dj      Ia-norm    0.9233   1.04   0.0060   0.0772   -11.40  0    cut
1009  sn1986G       Ia-91bg    0.6796   1.04  -0.0094   0.0000    -3.70  0    cut
1010  sn1990K       IIL        0.7419   1.03   0.0987   0.0253    76.30  1    cut
1011  sn1986G       Ia-91bg    0.6810   1.03  -0.0094   0.0000    -2.70  0    cut
1012  sn1999di      Ib-norm    0.6539   1.02   0.0426   0.0511    30.50  1    cut
1013  sn1981B       Ia-norm    0.9639   1.02   0.9313   0.0286    -1.50  0    cut
1014  sn1991A       Ic-norm    0.7283   1.01  -0.0094   0.0000    65.10  1    cut
1015  sn1999em      IIP        0.6918   1.01   0.4882   0.0289    -1.60  0    cut
1016  sn1997cy      IIn        0.9504   1.01   0.0221   0.0248    71.30  1    cut
1017  sn2002ap      Ic-broad   0.8989   1.01   0.1677   0.0617    -2.40  0    cut
1018  sn1997ef      Ic-broad   0.6999   0.99   0.1819   0.0428   -11.80  0    cut
1019  sn1991ar      Ib-norm    0.7473   0.99   0.0363   0.0327    27.40  1    cut
1020  sn1997ef      Ic-broad   0.6945   0.98   0.1809   0.0447   -10.90  0    cut
1021  mstar         M-star     0.8894   0.98   1.1339   0.0441    10.00  2    cut
1022  sn2004dj      IIP        0.5551   0.97   0.5476   0.0108     0.00  1    cut
1023  sn1997dd      IIb        0.6972   0.96   0.1158   0.0534     3.60  1    cut
1024  sn2003cg      Ia-norm    0.7568   0.95   0.1352   0.0466    -2.10  0    cut
1025  sn1990K       IIL        0.6065   0.93   0.1074   0.0198    53.30  1    cut
1026  sn2003gn      Ia-norm    0.6986   0.92  -0.0048   0.0607    -3.00  0    cut
1027  sn1998S       IIn        0.6904   0.92   0.1583   0.0605   -13.10  0    cut
1028  sn1991A       Ic-norm    0.4833   0.92   0.2017   0.0257   128.30  1    cut
1029  sn2002er      Ia-norm    0.8434   0.91   0.1432   0.0503    -8.00  0    cut
1030  sn1997cy      IIn        0.9517   0.91   0.1616   0.0371   116.80  1    cut
1031  sn1999gi      IIP        0.6877   0.90   0.1335   0.0400    -5.00  0    cut
1032  sn2005ke      Ia-91bg    0.7365   0.90   0.0194   0.0816     0.50  0    cut
1033  sn2006bp      IIP        0.7067   0.90   0.5393   0.0261    -1.70  0    cut
1034  sn1999da      Ia-91bg    0.6986   0.89   0.1375   0.0791    -2.60  0    cut
1035  sn1997cy      IIn        0.9192   0.89   1.1980   0.0389   125.30  1    cut
1036  sn1999em      IIP        0.6918   0.88   0.4899   0.0317    -2.60  0    cut
1037  sn1996cb      IIb        0.7026   0.87   0.1386   0.0170   -16.90  0    cut
1038  sn1997cy      IIn        0.9192   0.87   0.1626   0.0147   174.50  1    cut
1039  sn2003bg      IIb        0.8028   0.87   0.4535   0.0701   -15.40  0    cut
1040  sn2005cs      IIP        0.7432   0.86  -0.0015   0.0283    -0.80  0    cut
1041  sn1995F       Ic-norm    0.8962   0.86  -0.0067   0.0695    88.80  1    cut
1042  sn1997cy      IIn        0.9517   0.85   0.0326   0.0532    14.10  1    cut
1043  sn1990K       IIL        0.6119   0.85   0.0244   0.0362   136.10  1    cut
1044  sn2005cs      IIP        0.7392   0.81  -0.0023   0.0355     0.10  0    cut
1045  sn1997cy      IIn        0.8827   0.79   0.0080   0.0442     0.00  1    cut
1046  sn1994T       Ia-norm    0.6119   0.78   0.1326   0.0190     0.80  0    cut
1047  sn2005cs      IIP        0.7432   0.76  -0.0030   0.0339     1.00  0    cut
1048  sn1997cy      IIn        0.9531   0.76   0.0245   0.0456    57.20  1    cut
1049  sn1999em      IIP        0.7527   0.75   0.0088   0.0295    -0.60  0    cut
1050  sn1996cb      IIb        0.7040   0.73   0.1447   0.0230   -18.00  0    cut
1051  sn1997cy      IIn        0.8867   0.72   0.0699   0.0360   226.10  1    cut
1052  sn1999em      IIP        0.7459   0.64   0.0086   0.0342     0.40  0    cut
1053  sn2004et      IIP        0.7365   0.61   0.0068   0.0246    -1.90  0    cut
1054  sn2004et      IIP        0.7365   0.60   0.0060   0.0245    -2.90  0    cut
1055  sn2004et      IIP        0.7365   0.58   0.0055   0.0255     1.00  0    cut
1056  sn2005cs      IIP        0.8894   0.55  -0.0025   0.0387    -0.20  0    cut
1057  sn2005cs      IIP        0.8881   0.54  -0.0046   0.0327     0.80  0    cut
1058  sn2004et      IIP        0.7405   0.54   0.1160   0.0355    -0.90  0    cut
1059  sn1999em      IIP        0.9477   0.52   0.0094   0.0364     0.20  0    cut
1060  sn1999em      IIP        0.6864   0.45   0.1356   0.0671    -3.60  0    cut
1061  sn1999gi      IIP        0.6891   0.45   0.1323   0.0648    -4.00  0    cut
1062  agn           AGN        0.9747   0.29   0.0167   0.0236   -99.90  2    cut
