### SNID output file ###
 
### input spectrum and options ###
# Input spectrum                 : 15425_-8.00.dat
# Parameter file                 : NA
# Wavelength range               :    4000.00   9000.00
# Mask file                      : NA
# Median filtering width [A]     : NA
# Median filtering width [pix]   :       1.00
# Clip emission redshift         :     0.1593
# Clip sky lines                 : 0
# Emission clip width [A]        :       0.16
# Keep A-band                    : 1
# Age range                      :     -18.00      2.00
# Delta range                    :      -9.99     99.90
# Min. number of spectra/template:   1
# Use only templates             : NA
# Use only types                 : NA
# Avoid templates                : NA
# Avoid types                    : NA
# rlapmin                        :       5.00
# Redshift range                 :    -0.0100    1.2000
# Forced initial redshift        :     0.1593
# Extra fake redshift            : NA
# Nsigma for initial redshift    : NA
# Redshift filter                :     0.0200
# Wavenumbers k1,k2,k3,k4        :     1    4   85  102
# Template directory             : /Users/daniel/snid-5.0/templates-2.0/
 
### initial/user-input redshift ###
zinit       0.0000
zuser       0.1593
 
### median redshift/age and error ###
zmed        0.1597    0.0046
agem         -6.85      2.36
 
### type fraction/redshift/age ###
#type ntemp fraction slope redshift redshift_error age age_error
Ia             12      1.00    0.0000    0.1597    0.0046    -6.850     2.361
Ia-norm         5      0.42    0.2320    0.1599    0.0014    -7.100     3.149
Ia-91T          5      0.42   -0.1582    0.1595    0.0019    -7.300     2.028
Ia-91bg         0      0.00    0.0000    0.0000    0.0000     0.000     0.000
Ia-csm          0      0.00    0.0000    0.0000    0.0000     0.000     0.000
Ia-pec          2      0.17    0.0000    0.1491    0.0032    -5.450     1.626
###
Ib              0      0.00    0.0000    0.0000    0.0000     0.000     0.000
Ib-norm         0      0.00    0.0000    0.0000    0.0000     0.000     0.000
Ib-pec          0      0.00    0.0000    0.0000    0.0000     0.000     0.000
IIb             0      0.00    0.0000    0.0000    0.0000     0.000     0.000
###
Ic              0      0.00    0.0000    0.0000    0.0000     0.000     0.000
Ic-norm         0      0.00    0.0000    0.0000    0.0000     0.000     0.000
Ic-pec          0      0.00    0.0000    0.0000    0.0000     0.000     0.000
Ic-broad        0      0.00    0.0000    0.0000    0.0000     0.000     0.000
###
II              0      0.00    0.0000    0.0000    0.0000     0.000     0.000
IIP             0      0.00    0.0000    0.0000    0.0000     0.000     0.000
II-pec          0      0.00    0.0000    0.0000    0.0000     0.000     0.000
IIn             0      0.00    0.0000    0.0000    0.0000     0.000     0.000
IIL             0      0.00    0.0000    0.0000    0.0000     0.000     0.000
###
NotSN           0      0.00    0.0000    0.0000    0.0000     0.000     0.000
AGN             0      0.00    0.0000    0.0000    0.0000     0.000     0.000
Gal             0      0.00    0.0000    0.0000    0.0000     0.000     0.000
LBV             0      0.00    0.0000    0.0000    0.0000     0.000     0.000
M-star          0      0.00    0.0000    0.0000    0.0000     0.000     0.000
 
### rlap-ordered template listings ###
#no. sn type lap rlap z zerr age age_flag grade
   1  sn2005eu      Ia-norm    0.5903   8.58   0.1599   0.0074    -9.00  0   good
   2  sn2005eu      Ia-norm    0.5903   7.70   0.1598   0.0080    -7.10  0   good
   3  sn2005eu      Ia-norm    0.5903   6.66   0.1591   0.0093    -5.20  0   good
   4  sn1998es      Ia-91T     0.5903   6.22   0.1598   0.0098    -9.40  0   good
   5  sn2006cc      Ia-norm    0.5903   5.81   0.1624   0.0088    -9.70  0   good
   6  sn2005hj      Ia-91T     0.4616   5.51   0.1575   0.0097    -4.30  0   good
   7  sn2005hj      Ia-91T     0.4535   5.46   0.1595   0.0115    -5.20  0   good
   8  sn2007if      Ia-pec     0.4644   5.27   0.1514   0.0147    -6.60  0   good
   9  sn1998es      Ia-91T     0.5903   5.15   0.1584   0.0108    -7.30  0   good
  10  sn2002cx      Ia-pec     0.5320   5.14   0.1469   0.0117    -4.30  0   good
  11  sn2006oa      Ia-91T     0.5903   5.08   0.1625   0.0118    -7.60  0   good
  12  sn2008D       Ib-pec     0.5903   5.08   0.0314   0.0177   -11.50  0    bad
  13  sn2008D       Ib-pec     0.5212   5.07   0.0247   0.0151    -9.30  0    bad
  14  sn2006cm      Ia-norm    0.5903   5.01   0.1614   0.0112    -1.90  0   good
#--- rlap cutoff
  15  sn2002ap      Ic-broad   0.4427   5.00   0.0285   0.0206    -5.50  0    cut
  16  sn2005eq      Ia-91T     0.5903   4.94   0.1608   0.0121    -8.30  0    cut
  17  sn2003ic      Ia-norm    0.5686   4.91   0.1627   0.0120    -4.10  0    cut
  18  sn2008A       Ia-pec     0.5903   4.82   0.0004   0.0120    -7.90  0    cut
  19  sn1998es      Ia-91T     0.5903   4.80   0.1601   0.0120    -8.40  0    cut
  20  sn1983V       Ic-norm    0.5591   4.79   0.0325   0.0167    -4.00  0    cut
  21  sn1998aq      Ia-norm    0.5754   4.76   0.1557   0.0133    -8.90  0    cut
  22  sn2008Z       Ia-norm    0.5903   4.74   0.1604   0.0127    -4.30  0    cut
  23  sn2007if      Ia-pec     0.4765   4.58   0.1515   0.0150    -2.90  0    cut
  24  sn2008Z       Ia-norm    0.5903   4.57   0.1614   0.0133    -5.30  0    cut
  25  sn1999aa      Ia-91T     0.5903   4.54   0.1605   0.0122    -7.10  0    cut
  26  sn1999aa      Ia-91T     0.5903   4.48   0.1577   0.0127    -3.10  0    cut
  27  sn2008Z       Ia-norm    0.5903   4.47   0.1625   0.0135    -6.30  0    cut
  28  sn2000cx      Ia-pec     0.4968   4.44   0.1619   0.0137    -2.30  0    cut
  29  sn2008D       Ib-pec     0.5903   4.44   0.0305   0.0150   -12.50  0    cut
  30  sn2006oa      Ia-91T     0.5903   4.44   0.1597   0.0136    -4.70  0    cut
  31  sn2001ah      Ia-91T     0.5700   4.41   0.1656   0.0151    -9.70  0    cut
  32  sn1999aa      Ia-91T     0.5903   4.40   0.1600   0.0126    -6.10  0    cut
  33  sn2008Z       Ia-norm    0.5903   4.37   0.1643   0.0140    -8.20  0    cut
  34  sn2006oa      Ia-91T     0.5903   4.35   0.1617   0.0147    -8.50  0    cut
  35  sn2006aj      Ic-broad   0.5903   4.32   0.0639   0.0178    -5.30  0    cut
  36  sn2008A       Ia-pec     0.5903   4.30   0.0002   0.0143    -6.90  0    cut
  37  sn2008A       Ia-pec     0.5903   4.29   0.0005   0.0154    -3.00  0    cut
  38  sn2005eq      Ia-91T     0.5903   4.28   0.1564   0.0124    -3.50  0    cut
  39  sn1998es      Ia-91T     0.5903   4.25   0.1578   0.0125    -6.40  0    cut
  40  sn1999aa      Ia-91T     0.5903   4.23   0.1631   0.0139    -9.00  0    cut
  41  sn1999dq      Ia-91T     0.5903   4.23   0.1620   0.0132    -9.40  0    cut
  42  sn2008Z       Ia-norm    0.5903   4.21   0.1630   0.0141    -7.30  0    cut
  43  sn1999aa      Ia-91T     0.5903   4.19   0.1581   0.0132    -4.10  0    cut
  44  sn2003hu      Ia-91T     0.5862   4.19   0.1531   0.0114     0.10  0    cut
  45  sn1999aa      Ia-91T     0.5903   4.16   0.1617   0.0136    -8.00  0    cut
  46  sn1998es      Ia-91T     0.5903   4.16   0.1566   0.0127    -4.40  0    cut
  47  sn2008D       Ib-pec     0.5903   4.16   0.0417   0.0187   -13.50  0    cut
  48  sn2006oa      Ia-91T     0.5903   4.14   0.1604   0.0151    -5.70  0    cut
  49  sn1998es      Ia-91T     0.5903   4.11   0.1553   0.0128    -2.40  0    cut
  50  sn1999aa      Ia-91T     0.5903   4.11   0.1592   0.0137    -5.10  0    cut
  51  sn2008A       Ia-pec     0.5903   4.11   0.0012   0.0166    -1.00  0    cut
  52  sn2008A       Ia-pec     0.5903   4.09   0.0004   0.0152    -3.90  0    cut
  53  sn2002ap      Ic-broad   0.4427   4.07   0.0288   0.0232    -4.50  0    cut
  54  sn2008Z       Ia-norm    0.5903   4.05   0.1653   0.0148    -9.20  0    cut
  55  sn2005M       Ia-91T     0.5903   4.03   0.1480   0.0131    -2.70  0    cut
  56  sn2008ae      Ia-pec     0.5903   4.03   0.0003   0.0171    -0.10  0    cut
  57  sn2001eh      Ia-91T     0.5903   4.01   0.1588   0.0148    -4.90  0    cut
  58  sn2005na      Ia-norm    0.5903   4.00   0.1531   0.0153    -1.50  0    cut
  59  sn1994I       Ic-norm    0.5456   3.99   0.0220   0.0201    -5.40  0    cut
  60  sn2008A       Ia-pec     0.5903   3.99   0.0009   0.0165    -1.90  0    cut
  61  sn1998es      Ia-91T     0.5903   3.96   0.1559   0.0133    -3.40  0    cut
  62  sn1999aa      Ia-91T     0.5903   3.96   0.1502   0.0136    -1.60  0    cut
  63  sn2002ap      Ic-broad   0.5117   3.93   0.0264   0.0192    -1.40  0    cut
  64  sn1991T       Ia-91T     0.5903   3.93   0.1577   0.0139    -1.50  0    cut
  65  sn2000cx      Ia-pec     0.4955   3.93   0.1651   0.0171    -3.30  0    cut
  66  sn2005gj      Ia-csm     0.5442   3.91   0.1516   0.0161    -1.80  0    cut
  67  sn2008D       Ib-pec     0.5063   3.90   0.0303   0.0201   -12.40  0    cut
  68  sn2003fa      Ia-91T     0.4427   3.88   0.1613   0.0145    -5.60  0    cut
  69  sn2005hk      Ia-pec     0.5889   3.88  -0.0027   0.0173    -2.40  0    cut
  70  sn2005eq      Ia-91T     0.5903   3.87   0.1579   0.0145    -5.40  0    cut
  71  sn1995bd      Ia-91T     0.5334   3.85   0.1754   0.0156    -9.10  0    cut
  72  sn1991bg      Ia-91bg    0.4413   3.84   0.1458   0.0164     1.90  0    cut
  73  sn2001eh      Ia-91T     0.5903   3.83   0.1597   0.0152    -5.90  0    cut
  74  sn2008ae      Ia-pec     0.5903   3.83   0.0010   0.0169    -1.00  0    cut
  75  sn1999aa      Ia-91T     0.5903   3.81   0.1646   0.0154    -9.90  0    cut
  76  sn2006oa      Ia-91T     0.5903   3.80   0.1578   0.0153    -2.00  0    cut
  77  sn2007F       Ia-norm    0.5903   3.79   0.1616   0.0169    -6.70  0    cut
  78  sn1997br      Ia-91T     0.5415   3.79   0.1592   0.0144    -4.60  0    cut
  79  sn1998es      Ia-91T     0.5903   3.77   0.1571   0.0140    -5.40  0    cut
  80  sn2000cx      Ia-pec     0.4914   3.77   0.1700   0.0189    -4.30  0    cut
  81  sn2006oa      Ia-91T     0.5903   3.75   0.1558   0.0148    -0.10  0    cut
  82  sn2006aj      Ic-broad   0.5903   3.74   0.0582   0.0222    -2.40  0    cut
  83  sn2006cj      Ia-norm    0.5903   3.72   0.1555   0.0157    -1.20  0    cut
  84  sn1998dt      Ib-norm    0.5293   3.72   0.0230   0.0174     0.00  0    cut
  85  sn2005hk      Ia-pec     0.4833   3.69   0.1440   0.0150    -7.30  0    cut
  86  sn1997br      Ia-91T     0.5212   3.69   0.1634   0.0146    -8.00  0    cut
  87  sn2006oa      Ia-91T     0.5903   3.68   0.1584   0.0157    -3.80  0    cut
  88  sn1999gi      IIP        0.5077   3.68   0.1585   0.0169    -7.00  0    cut
  89  sn2005M       Ia-91T     0.5903   3.68   0.1482   0.0149    -1.70  0    cut
  90  sn2006cz      Ia-91T     0.5903   3.66   0.1598   0.0156    -3.90  0    cut
  91  sn2008A       Ia-pec     0.5903   3.63   0.0014   0.0196     1.00  0    cut
  92  sn1998es      Ia-91T     0.5226   3.62   0.1657   0.0174   -11.40  0    cut
  93  sn2007S       Ia-91T     0.5903   3.61   0.1587   0.0163    -4.70  0    cut
  94  sn2005hk      Ia-pec     0.4833   3.61   0.1425   0.0153    -6.30  0    cut
  95  sn2008A       Ia-pec     0.5903   3.61   0.0012   0.0191     0.00  0    cut
  96  sn1999ee      Ia-norm    0.5903   3.58   0.1705   0.0180    -9.10  0    cut
  97  sn1997br      Ia-91T     0.5239   3.56   0.1626   0.0154    -7.00  0    cut
  98  sn2007F       Ia-norm    0.5903   3.55   0.1602   0.0177    -5.70  0    cut
  99  sn1990N       Ia-norm    0.5903   3.54   0.1627   0.0177    -7.40  0    cut
 100  sn1999aa      Ia-91T     0.5903   3.51   0.1534   0.0139     1.80  0    cut
 101  sn2005hk      Ia-pec     0.5903   3.51  -0.0019   0.0195    -1.40  0    cut
 102  sn2006cz      Ia-91T     0.5903   3.49   0.1586   0.0158    -2.00  0    cut
 103  sn2007S       Ia-91T     0.5903   3.47   0.1573   0.0172    -3.70  0    cut
 104  sn1998es      Ia-91T     0.5903   3.47   0.1539   0.0147    -0.50  0    cut
 105  sn1994S       Ia-norm    0.5496   3.44   0.1568   0.0168    -3.00  0    cut
 106  sn1998es      Ia-91T     0.5239   3.43   0.1644   0.0181   -10.30  0    cut
 107  sn1990K       IIL        0.4264   3.41   0.1223   0.0122    76.30  1    cut
 108  sn2008D       Ib-pec     0.5903   3.37   0.0392   0.0233   -13.40  0    cut
 109  sn2005hk      Ia-pec     0.5889   3.36  -0.0040   0.0195    -3.30  0    cut
 110  sn1994D       Ia-norm    0.5903   3.35   0.1869   0.0258   -11.20  0    cut
 111  sn2008ae      Ia-pec     0.5903   3.35   0.0016   0.0220     1.90  0    cut
 112  sn2005eq      Ia-91T     0.5903   3.34   0.1541   0.0148     0.40  0    cut
 113  sn2005hk      Ia-pec     0.5578   3.33   0.1440   0.0190    -6.30  0    cut
 114  sn2006br      Ia-norm    0.5524   3.33   0.1550   0.0137     0.20  0    cut
 115  sn2006S       Ia-norm    0.5903   3.33   0.1602   0.0169    -5.50  0    cut
 116  sn2007F       Ia-norm    0.5903   3.32   0.1552   0.0171    -1.80  0    cut
 117  sn1999ee      Ia-norm    0.5903   3.32   0.1643   0.0181    -7.20  0    cut
 118  sn1996ab      Ia-norm    0.5578   3.32   0.1555   0.0138     1.30  0    cut
 119  sn2003cg      Ia-norm    0.5903   3.31   0.1533   0.0157    -2.10  0    cut
 120  sn2007S       Ia-91T     0.5903   3.31   0.1563   0.0171    -2.70  0    cut
 121  sn1995bd      Ia-91T     0.5307   3.29   0.1725   0.0188   -10.10  0    cut
 122  sn2008ae      Ia-pec     0.5903   3.28   0.0014   0.0228     0.90  0    cut
 123  sn2005hk      Ia-pec     0.5903   3.27   0.1464   0.0151    -9.30  0    cut
 124  sn1995bd      Ia-91T     0.5334   3.26   0.1669   0.0186    -7.10  0    cut
 125  sn2002cx      Ia-pec     0.5375   3.25   0.1410   0.0169    -1.40  0    cut
 126  sn1997br      Ia-91T     0.5117   3.24   0.1667   0.0175    -9.60  0    cut
 127  sn2007F       Ia-norm    0.5903   3.22   0.1626   0.0198    -7.70  0    cut
 128  sn2006az      Ia-norm    0.5903   3.22   0.1490   0.0165    -1.00  0    cut
 129  sn1995bd      Ia-91T     0.5307   3.21   0.1836   0.0199   -12.00  0    cut
 130  sn2005hk      Ia-pec     0.5903   3.20   0.1444   0.0162    -8.30  0    cut
 131  sn1991T       Ia-91T     0.5903   3.20   0.0151   0.0191   -11.70  0    cut
 132  sn1997br      Ia-91T     0.4468   3.19   0.1632   0.0168    -6.60  0    cut
 133  sn1997br      Ia-91T     0.5131   3.19   0.1641   0.0171    -7.60  0    cut
 134  sn2005M       Ia-91T     0.5903   3.18   0.1467   0.0162     0.20  0    cut
 135  sn2006S       Ia-norm    0.5903   3.18   0.1598   0.0166    -4.60  0    cut
 136  sn2005eq      Ia-91T     0.5903   3.17   0.1536   0.0157     1.30  0    cut
 137  sn1998es      Ia-91T     0.5903   3.15   0.1532   0.0157     0.50  0    cut
 138  sn2005na      Ia-norm    0.5903   3.15   0.1513   0.0186     1.40  0    cut
 139  sn1991N       Ic-norm    0.5903   3.15   0.1650   0.0289     5.70  1    cut
 140  sn2006S       Ia-norm    0.5903   3.13   0.1582   0.0167    -2.60  0    cut
 141  sn2007F       Ia-norm    0.5903   3.13   0.1537   0.0175    -0.90  0    cut
 142  sn2007A       Ia-norm    0.5903   3.12   0.1522   0.0174    -3.40  0    cut
 143  sn1993J       IIb        0.5794   3.10   0.0613   0.0192   -16.70  0    cut
 144  sn1998dt      Ib-norm    0.5293   3.09   0.0227   0.0199     0.90  0    cut
 145  sn2006nz      Ia-norm    0.5903   3.08   0.1641   0.0156    -1.70  0    cut
 146  sn2006S       Ia-norm    0.5903   3.07   0.1567   0.0159    -0.70  0    cut
 147  sn2005gj      Ia-csm     0.5226   3.07   0.1654   0.0199   -12.10  0    cut
 148  sn2007if      Ia-pec     0.5903   3.06   0.1527   0.0181    -9.20  0    cut
 149  sn2003du      Ia-norm    0.5903   3.05   0.1582   0.0182    -7.20  0    cut
 150  sn2002ap      Ic-broad   0.4332   3.05   0.0088   0.0314     1.50  0    cut
 151  lbv2003hy     LBV        0.5348   3.02   0.1273   0.0123   -99.90  2    cut
 152  sn2005hk      Ia-pec     0.5903   3.01  -0.0040   0.0202    -4.30  0    cut
 153  sn2006cj      Ia-norm    0.5903   3.01   0.1549   0.0180    -0.20  0    cut
 154  sn2003du      Ia-norm    0.5903   3.00   0.1566   0.0177    -4.20  0    cut
 155  sn2000dg      Ia-norm    0.5510   3.00   0.1549   0.0159    -0.80  0    cut
 156  sn1991T       Ia-91T     0.5903   2.99   0.0139   0.0197   -10.70  0    cut
 157  sn2005hk      Ia-pec     0.5903   2.98  -0.0040   0.0195    -5.30  0    cut
 158  sn2007ci      Ia-norm    0.5903   2.98   0.1530   0.0168    -4.20  0    cut
 159  sn2006cz      Ia-91T     0.5903   2.97   0.1567   0.0181    -1.00  0    cut
 160  sn1991A       Ic-norm    0.4779   2.96   0.1491   0.0251     0.00  1    cut
 161  sn2001V       Ia-91T     0.5903   2.96   0.1683   0.0199   -12.30  0    cut
 162  sn2005cg      Ia-norm    0.4373   2.93   0.1647   0.0145    -8.80  0    cut
 163  sn1999dq      Ia-91T     0.5266   2.92   0.1647   0.0201   -10.40  0    cut
 164  sn1999dq      Ia-91T     0.5266   2.92   0.1625   0.0189    -8.50  0    cut
 165  sn2007S       Ia-91T     0.5903   2.91   0.1542   0.0174    -0.70  0    cut
 166  sn2007ci      Ia-norm    0.5903   2.90   0.1547   0.0169    -6.10  0    cut
 167  sn2006S       Ia-norm    0.5903   2.89   0.1560   0.0167     0.20  0    cut
 168  lbv2001ac     LBV        0.5903   2.89   0.2594   0.0121   -99.90  2    cut
 169  sn2003du      Ia-norm    0.5903   2.88   0.1581   0.0183    -6.10  0    cut
 170  sn1998es      Ia-91T     0.5903   2.88   0.1524   0.0164     1.50  0    cut
 171  sn2007A       Ia-norm    0.5903   2.88   0.1517   0.0187    -2.40  0    cut
 172  sn1990N       Ia-norm    0.5903   2.88   0.1747   0.0227   -14.20  0    cut
 173  lbv2003hy     LBV        0.5388   2.87   0.1344   0.0160   -99.90  2    cut
 174  sn1996cb      IIb        0.5131   2.87   0.0183   0.0197     0.90  0    cut
 175  sn1999aa      Ia-91T     0.5727   2.86   0.1635   0.0223    -9.40  0    cut
 176  sn1991N       Ic-norm    0.5903   2.86   0.1607   0.0311     6.60  1    cut
 177  sn1999ac      Ia-91T     0.4779   2.85   0.1641   0.0198    -9.90  0    cut
 178  sn2006cf      Ia-norm    0.5903   2.84   0.1488   0.0176     1.80  0    cut
 179  sn1989B       Ia-norm    0.5903   2.84   0.1531   0.0179    -7.20  0    cut
 180  sn1983V       Ic-norm    0.5903   2.81   0.0366   0.0268    -9.00  0    cut
 181  sn2005hj      Ia-91T     0.4616   2.81   0.1560   0.0176     0.50  0    cut
 182  sn2006cm      Ia-norm    0.5903   2.81   0.1555   0.0192    -1.00  0    cut
 183  sn2003du      Ia-norm    0.5821   2.81   0.1590   0.0205    -8.10  0    cut
 184  sn2005hk      Ia-pec     0.5903   2.80   0.1455   0.0182    -8.30  0    cut
 185  sn2006ax      Ia-norm    0.5903   2.80   0.1525   0.0193    -6.40  0    cut
 186  sn1999dq      Ia-91T     0.5253   2.80   0.1619   0.0201    -7.40  0    cut
 187  sn2005hk      Ia-pec     0.5903   2.79  -0.0049   0.0205    -5.10  0    cut
 188  sn1998S       IIn        0.5090   2.79   0.1368   0.0239   -13.10  0    cut
 189  sn2006ax      Ia-norm    0.5903   2.78   0.1564   0.0202    -9.30  0    cut
 190  sn2006S       Ia-norm    0.5903   2.78   0.1556   0.0167     1.20  0    cut
 191  sn2001ah      Ia-91T     0.5686   2.78   0.1614   0.0226    -8.70  0    cut
 192  sn2007ci      Ia-norm    0.5903   2.77   0.1510   0.0175    -2.20  0    cut
 193  sn2003fa      Ia-91T     0.5524   2.77   0.1636   0.0210    -8.50  0    cut
 194  sn1997br      Ia-91T     0.4874   2.77   0.1649   0.0215    -8.60  0    cut
 195  sn1999dq      Ia-91T     0.5253   2.76   0.1612   0.0202    -6.40  0    cut
 196  sn1994I       Ic-norm    0.5158   2.76   0.0244   0.0267    -5.50  0    cut
 197  sn2007ci      Ia-norm    0.5903   2.76   0.1536   0.0178    -5.10  0    cut
 198  sn2001az      Ia-91T     0.5551   2.75   0.1628   0.0221    -3.10  0    cut
 199  sn1996cb      IIb        0.5212   2.75   0.0780   0.0218   -18.00  0    cut
 200  sn2007bm      Ia-norm    0.5876   2.74   0.1529   0.0185    -9.30  0    cut
 201  sn1991A       Ic-norm    0.4129   2.73   0.1352   0.0178    10.90  1    cut
 202  sn2007F       Ia-norm    0.5903   2.73   0.1641   0.0243    -8.70  0    cut
 203  sn1996ai      Ia-norm    0.5767   2.73   0.1571   0.0176    -0.90  0    cut
 204  sn1998aq      Ia-norm    0.5158   2.73   0.1575   0.0210    -9.90  0    cut
 205  sn2003fa      Ia-91T     0.5537   2.72   0.1624   0.0227    -7.60  0    cut
 206  sn1996bl      Ia-norm    0.5551   2.72   0.1591   0.0181    -2.20  0    cut
 207  sn2002ap      Ic-broad   0.5117   2.72   0.0254   0.0250    -0.40  0    cut
 208  sn2006ax      Ia-norm    0.5903   2.72   0.1543   0.0206    -8.40  0    cut
 209  sn1999cc      Ia-norm    0.5456   2.71   0.0278   0.0200     1.70  0    cut
 210  sn1989B       Ia-norm    0.5903   2.71   0.1503   0.0178    -1.30  0    cut
 211  sn1990O       Ia-norm    0.5903   2.70   0.1646   0.0216    -5.60  0    cut
 212  snls03D3bb    Ia-pec     0.5903   2.69   0.1421   0.0171     2.00  0    cut
 213  sn2007ci      Ia-norm    0.5903   2.69   0.1500   0.0179    -1.20  0    cut
 214  sn1991T       Ia-91T     0.5767   2.69   0.0130   0.0218    -8.70  0    cut
 215  sn2007kk      Ia-norm    0.5903   2.69   0.1606   0.0193    -1.70  0    cut
 216  sn1991T       Ia-91T     0.5767   2.68   0.0119   0.0226    -7.70  0    cut
 217  sn2008D       Ib-pec     0.5903   2.68   0.0586   0.0291   -14.50  0    cut
 218  sn2008bf      Ia-norm    0.5903   2.66   0.1575   0.0180     0.70  0    cut
 219  sn1990O       Ia-norm    0.5903   2.65   0.1657   0.0239    -6.60  0    cut
 220  sn2006N       Ia-norm    0.5903   2.64   0.1543   0.0176    -3.30  0    cut
 221  sn1999dq      Ia-91T     0.5253   2.64   0.1604   0.0216    -5.50  0    cut
 222  sn2008Q       Ia-norm    0.5903   2.63   0.1545   0.0190    -3.20  0    cut
 223  sn2005hk      Ia-pec     0.5591   2.63   0.1390   0.0220    -4.20  0    cut
 224  sn1994D       Ia-norm    0.5212   2.62   0.0407   0.0229   -10.00  0    cut
 225  sn1990O       Ia-norm    0.5903   2.62   0.1672   0.0255    -7.60  0    cut
 226  sn1986G       Ia-91bg    0.4616   2.62   0.1515   0.0240    -0.70  0    cut
 227  sn2002cu      Ia-norm    0.5361   2.61   0.0525   0.0226    -8.20  0    cut
 228  sn2006gr      Ia-norm    0.5903   2.61   0.1628   0.0207    -2.10  0    cut
 229  sn1991T       Ia-91T     0.5767   2.61   0.1611   0.0203    -6.70  0    cut
 230  sn2003du      Ia-norm    0.5903   2.60   0.1537   0.0192    -2.20  0    cut
 231  sn2005cf      Ia-norm    0.5903   2.60   0.1581   0.0227    -2.40  0    cut
 232  sn2008Q       Ia-norm    0.5903   2.60   0.1537   0.0190    -2.20  0    cut
 233  sn2003fa      Ia-91T     0.5524   2.60   0.1659   0.0227   -10.40  0    cut
 234  sn2002dj      Ia-norm    0.5063   2.60   0.0458   0.0221   -10.40  0    cut
 235  sn1983V       Ic-norm    0.4792   2.60   0.0362   0.0277    -7.00  0    cut
 236  sn2006gr      Ia-norm    0.5903   2.59   0.1656   0.0227    -4.00  0    cut
 237  sn2008ar      Ia-norm    0.5903   2.59   0.1555   0.0212     1.20  0    cut
 238  sn1998dx      Ia-norm    0.5672   2.59   0.1547   0.0176     1.10  0    cut
 239  sn2005cf      Ia-norm    0.5903   2.59   0.1616   0.0246    -6.30  0    cut
 240  sn2004fz      Ia-norm    0.5903   2.58   0.1512   0.0192    -6.80  0    cut
 241  sn1999ac      Ia-91T     0.5280   2.58   0.1686   0.0316   -12.90  0    cut
 242  sn2008D       Ib-pec     0.5036   2.58   0.0211   0.0238    -6.60  0    cut
 243  sn1995ac      Ia-norm    0.5808   2.58   0.1663   0.0220    -5.50  0    cut
 244  sn2006gr      Ia-norm    0.5903   2.57   0.1821   0.0279   -10.80  0    cut
 245  sn2006N       Ia-norm    0.5821   2.57   0.1511   0.0177     0.70  0    cut
 246  sn1997E       Ia-norm    0.5320   2.57   0.0298   0.0197    -3.70  0    cut
 247  sn2007kk      Ia-norm    0.5903   2.57   0.1590   0.0194    -0.80  0    cut
 248  sn2004dt      Ia-norm    0.5903   2.57   0.1576   0.0168    -0.70  0    cut
 249  sn2005cf      Ia-norm    0.5903   2.56   0.1700   0.0274    -9.70  0    cut
 250  sn2006le      Ia-norm    0.5903   2.56   0.1675   0.0266    -6.80  0    cut
 251  sn2005cf      Ia-norm    0.5903   2.55   0.1570   0.0223    -1.50  0    cut
 252  sn1999ac      Ia-91T     0.5172   2.54   0.1747   0.0269   -13.90  0    cut
 253  sn2003ic      Ia-norm    0.5672   2.54   0.1613   0.0236    -2.30  0    cut
 254  sn1991N       Ic-norm    0.5903   2.53   0.1627   0.0336     7.60  1    cut
 255  sn2003fa      Ia-91T     0.5537   2.53   0.1630   0.0251    -9.50  0    cut
 256  sn2008Q       Ia-norm    0.5903   2.52   0.1531   0.0194    -1.20  0    cut
 257  sn2007kk      Ia-norm    0.5903   2.52   0.1575   0.0196     1.10  0    cut
 258  sn2005cf      Ia-norm    0.5903   2.52   0.1674   0.0258    -9.20  0    cut
 259  sn1999dq      Ia-91T     0.5253   2.51   0.1608   0.0232    -4.50  0    cut
 260  sn2005cf      Ia-norm    0.5903   2.50   0.1632   0.0249    -7.30  0    cut
 261  sn1999gp      Ia-91T     0.5402   2.50   0.1665   0.0239    -4.80  0    cut
 262  sn1996cb      IIb        0.5212   2.50   0.0313   0.0267    -2.10  0    cut
 263  sn2006gr      Ia-norm    0.5903   2.50   0.1665   0.0252    -5.10  0    cut
 264  sn2005el      Ia-norm    0.5903   2.50   0.1543   0.0199    -3.90  0    cut
 265  sn2006N       Ia-norm    0.5889   2.49   0.1526   0.0178    -1.30  0    cut
 266  sn2005cf      Ia-norm    0.5903   2.49   0.1616   0.0255    -6.60  0    cut
 267  sn2007ci      Ia-norm    0.5903   2.49   0.1545   0.0191    -7.10  0    cut
 268  sn2005mc      Ia-norm    0.5903   2.49   0.1518   0.0171    -2.20  0    cut
 269  sn2007bc      Ia-norm    0.5903   2.49   0.1499   0.0199    -2.60  0    cut
 270  sn2004aw      Ic-norm    0.5903   2.47   0.0305   0.0291    -1.70  0    cut
 271  sn2008Q       Ia-norm    0.5903   2.47   0.1568   0.0203    -6.20  0    cut
 272  sn1991N       Ic-norm    0.5903   2.47  -0.0041   0.0338    27.90  1    cut
 273  sn2003fa      Ia-91T     0.5524   2.46   0.1597   0.0257    -6.60  0    cut
 274  sn2005cf      Ia-norm    0.5903   2.46   0.1604   0.0256    -5.50  0    cut
 275  sn2002bo      Ia-norm    0.5510   2.46   0.0432   0.0273   -12.70  0    cut
 276  sn2003ch      Ia-norm    0.5903   2.46   0.1484   0.0173     1.80  0    cut
 277  sn2005cf      Ia-norm    0.5903   2.46   0.1539   0.0202     1.50  0    cut
 278  sn2005hk      Ia-pec     0.5903   2.44   0.1442   0.0193    -7.30  0    cut
 279  sn2006N       Ia-norm    0.5903   2.43   0.1498   0.0184     1.60  0    cut
 280  sn2008Q       Ia-norm    0.5889   2.43   0.1523   0.0198    -0.30  0    cut
 281  sn2005cf      Ia-norm    0.5903   2.43   0.1647   0.0256    -8.20  0    cut
 282  sn2001V       Ia-91T     0.5280   2.42   0.1697   0.0244   -13.20  0    cut
 283  sn2006gr      Ia-norm    0.5903   2.42   0.1677   0.0261    -6.00  0    cut
 284  sn2000cx      Ia-pec     0.4982   2.42   0.1641   0.0264    -0.30  0    cut
 285  sn1997ef      Ic-broad   0.5239   2.42   0.0465   0.0422   -11.80  0    cut
 286  mstar         M-star     0.5754   2.42   0.1595   0.0133     2.00  2    cut
 287  sn2006gr      Ia-norm    0.5903   2.42   0.1718   0.0268    -7.90  0    cut
 288  sn1987A       II-pec     0.4941   2.41   0.1457   0.0157   -10.70  0    cut
 289  sn1987A       II-pec     0.4914   2.41   0.1463   0.0166   -15.70  0    cut
 290  sn2002ck      Ia-norm    0.5442   2.41   0.1545   0.0229    -0.60  0    cut
 291  sn1999dq      Ia-91T     0.5239   2.41   0.1601   0.0239    -3.50  0    cut
 292  sn2004aw      Ic-norm    0.5293   2.40   0.1719   0.0218    -5.20  0    cut
 293  sn2005el      Ia-norm    0.5903   2.39   0.1551   0.0210    -4.80  0    cut
 294  sn2004aw      Ic-norm    0.5293   2.39   0.0348   0.0244    -3.30  0    cut
 295  sn2004eo      Ia-norm    0.5348   2.38   0.0242   0.0204    -2.00  0    cut
 296  sn2005cf      Ia-norm    0.5903   2.38   0.1557   0.0219    -0.20  0    cut
 297  sn1991A       Ic-norm    0.4129   2.38  -0.0033   0.0239    65.10  1    cut
 298  sn1999ee      Ia-norm    0.5903   2.38   0.1558   0.0214    -0.20  0    cut
 299  sn2002ha      Ia-norm    0.5903   2.38   0.1495   0.0189     1.70  0    cut
 300  sn2003du      Ia-norm    0.5808   2.37   0.1534   0.0221    -1.30  0    cut
 301  sn2006ax      Ia-norm    0.5903   2.37   0.1480   0.0197     0.50  0    cut
 302  sn2005cf      Ia-norm    0.5876   2.37   0.1552   0.0223    -0.30  0    cut
 303  sn2006gr      Ia-norm    0.5903   2.37   0.1734   0.0277    -8.90  0    cut
 304  sn2003cg      Ia-norm    0.4454   2.37   0.1583   0.0164    -2.30  0    cut
 305  sn2001V       Ia-91T     0.5280   2.36   0.1653   0.0248    -9.30  0    cut
 306  sn2005cf      Ia-norm    0.5903   2.36   0.1693   0.0274   -10.20  0    cut
 307  sn2005cf      Ia-norm    0.5903   2.35   0.1728   0.0287   -11.20  0    cut
 308  sn1999ee      Ia-norm    0.5903   2.35   0.1543   0.0211     1.80  0    cut
 309  sn1996bl      Ia-norm    0.5551   2.35   0.1601   0.0208    -4.00  0    cut
 310  sn2008Q       Ia-norm    0.5889   2.35   0.1578   0.0218    -7.20  0    cut
 311  sn2006ot      Ia-norm    0.5903   2.34   0.1590   0.0203    -0.40  0    cut
 312  sn1993J       IIb        0.5564   2.34   0.1563   0.0205     1.40  0    cut
 313  sn2000cx      Ia-pec     0.5903   2.33   0.1585   0.0192     0.70  0    cut
 314  sn1991N       Ic-norm    0.5903   2.33   0.0091   0.0355     0.00  1    cut
 315  sn1995F       Ic-norm    0.5808   2.33   0.1505   0.0344     0.00  1    cut
 316  sn1998co      Ia-norm    0.5320   2.33   0.0259   0.0202     1.00  0    cut
 317  sn2006sr      Ia-norm    0.5903   2.33   0.1563   0.0183    -0.90  0    cut
 318  sn2007bd      Ia-norm    0.5903   2.33   0.1555   0.0188    -1.30  0    cut
 319  sn1994D       Ia-norm    0.5903   2.32   0.1536   0.0194    -2.30  0    cut
 320  sn2007jg      Ia-norm    0.5903   2.32   0.1717   0.0312    -2.30  0    cut
 321  sn1999dq      Ia-91T     0.5239   2.32   0.1595   0.0248    -2.50  0    cut
 322  sn1996X       Ia-norm    0.5903   2.32   0.1519   0.0204     0.10  0    cut
 323  sn2006le      Ia-norm    0.5903   2.31   0.1726   0.0278    -8.80  0    cut
 324  sn2002dj      Ia-norm    0.5903   2.31   0.1631   0.0225    -3.60  0    cut
 325  sn2002hd      Ia-norm    0.5483   2.31   0.0241   0.0256     1.40  0    cut
 326  sn2005el      Ia-norm    0.5903   2.31   0.1559   0.0215    -5.80  0    cut
 327  sn2008ar      Ia-norm    0.5903   2.31   0.1582   0.0273    -0.70  0    cut
 328  sn2005cf      Ia-norm    0.5876   2.31   0.1561   0.0242    -1.40  0    cut
 329  sn2001V       Ia-91T     0.5280   2.31   0.1641   0.0257    -7.40  0    cut
 330  sn1999gd      Ia-norm    0.5320   2.30   0.0252   0.0212     1.10  0    cut
 331  sn2007Y       Ib-norm    0.4955   2.30   0.0238   0.0268    -9.00  0    cut
 332  sn1999em      IIP        0.5727   2.30   0.0575   0.0271    -0.60  0    cut
 333  sn2001V       Ia-91T     0.5266   2.30   0.1629   0.0257    -5.40  0    cut
 334  sn2006sr      Ia-norm    0.5903   2.30   0.1527   0.0187     2.00  0    cut
 335  lbv2003hy     LBV        0.5361   2.30   0.1265   0.0114   -99.90  2    cut
 336  sn2007bd      Ia-norm    0.5903   2.30   0.1583   0.0203    -4.20  0    cut
 337  sn1999cc      Ia-norm    0.5456   2.29   0.0291   0.0217    -0.20  0    cut
 338  sn1997dd      IIb        0.5889   2.29   0.1581   0.0304     0.00  1    cut
 339  sn2008ar      Ia-norm    0.5903   2.29   0.1681   0.0297    -7.50  0    cut
 340  sn2000cx      Ia-pec     0.5185   2.28   0.1656   0.0303    -1.30  0    cut
 341  sn2005hk      Ia-pec     0.5903   2.28   0.1446   0.0213    -6.30  0    cut
 342  sn2005bo      Ia-norm    0.5903   2.28   0.1475   0.0204    -0.10  0    cut
 343  sn1987A       II-pec     0.4914   2.28   0.1458   0.0177    -6.70  0    cut
 344  sn2002er      Ia-norm    0.5903   2.28   0.1553   0.0215    -4.00  0    cut
 345  sn1987A       II-pec     0.4901   2.27   0.1465   0.0180   -13.70  0    cut
 346  sn2007bd      Ia-norm    0.5903   2.27   0.1532   0.0191     1.70  0    cut
 347  sn2006aj      Ic-broad   0.5483   2.27   0.0587   0.0302    -1.40  0    cut
 348  sn2005ki      Ia-norm    0.5903   2.27   0.1496   0.0192     1.00  0    cut
 349  sn2006gr      Ia-norm    0.5903   2.27   0.1685   0.0281    -6.90  0    cut
 350  sn2002he      Ia-norm    0.5903   2.27   0.1567   0.0201    -3.20  0    cut
 351  sn1999gp      Ia-91T     0.5415   2.26   0.1621   0.0248    -2.00  0    cut
 352  sn2006gr      Ia-norm    0.5903   2.26   0.1758   0.0289    -9.80  0    cut
 353  sn2006gr      Ia-norm    0.5903   2.26   0.1617   0.0215    -1.10  0    cut
 354  sn2006sr      Ia-norm    0.5903   2.26   0.1537   0.0190     1.00  0    cut
 355  sn2004as      Ia-norm    0.5456   2.26   0.0279   0.0250     1.80  0    cut
 356  sn2002er      Ia-norm    0.5903   2.26   0.1552   0.0209    -2.10  0    cut
 357  sn2000cx      Ia-pec     0.4860   2.26   0.1654   0.0243    -1.30  0    cut
 358  sn1999aw      Ia-91T     0.5903   2.25   0.1635   0.0240     0.00  0    cut
 359  sn2001V       Ia-91T     0.5253   2.25   0.1633   0.0263    -6.40  0    cut
 360  sn2005cf      Ia-norm    0.5862   2.24   0.1543   0.0235     0.60  0    cut
 361  sn2002er      Ia-norm    0.5903   2.24   0.1594   0.0246    -6.00  0    cut
 362  sn1994ae      Ia-norm    0.5903   2.24   0.1508   0.0218     0.00  0    cut
 363  sn2001V       Ia-91T     0.5280   2.24   0.1669   0.0254   -11.20  0    cut
 364  sn2002ap      Ic-broad   0.5158   2.24   0.0240   0.0287     0.60  0    cut
 365  sn2001gc      Ia-norm    0.5334   2.24   0.0452   0.0247    -8.50  0    cut
 366  sn2000dg      Ia-norm    0.5510   2.24   0.1541   0.0194     0.20  0    cut
 367  sn2005cf      Ia-norm    0.5903   2.23   0.1564   0.0272    -1.20  0    cut
 368  sn2001eh      Ia-91T     0.5510   2.23   0.1600   0.0250    -2.00  0    cut
 369  sn2002er      Ia-norm    0.5903   2.23   0.1563   0.0214    -3.10  0    cut
 370  sn2003du      Ia-norm    0.5794   2.23   0.1518   0.0214     0.90  0    cut
 371  lbv2003hy     LBV        0.5375   2.23   0.1371   0.0253   -99.90  2    cut
 372  sn2002bo      Ia-norm    0.5172   2.23   0.0408   0.0237    -8.40  0    cut
 373  sn1994D       Ia-norm    0.5903   2.22   0.1560   0.0212    -4.30  0    cut
 374  sn2003du      Ia-norm    0.5808   2.22   0.1538   0.0236    -0.30  0    cut
 375  agn           AGN        0.5903   2.22   0.0724   0.0155   -99.90  2    cut
 376  lbv2003hy     LBV        0.5361   2.22   0.1292   0.0168   -99.90  2    cut
 377  sn1999cc      Ia-norm    0.5456   2.22   0.0291   0.0215    -1.20  0    cut
 378  mstar         M-star     0.5713   2.21   0.1591   0.0170     1.00  2    cut
 379  sn2008ar      Ia-norm    0.5903   2.21   0.1701   0.0304    -8.50  0    cut
 380  sn2004S       Ia-norm    0.5903   2.20   0.1556   0.0268     1.60  0    cut
 381  sn2005iq      Ia-norm    0.5903   2.20   0.1536   0.0206    -6.00  0    cut
 382  sn2004eo      Ia-norm    0.5903   2.19   0.1525   0.0225    -5.60  0    cut
 383  sn1997ef      Ic-broad   0.5239   2.19   0.0234   0.0412    -4.10  0    cut
 384  sn2005cf      Ia-norm    0.5862   2.19   0.1590   0.0307    -5.40  0    cut
 385  sn2005cf      Ia-norm    0.5876   2.18   0.1562   0.0282    -2.30  0    cut
 386  sn2002bo      Ia-norm    0.5483   2.18   0.0449   0.0306   -13.60  0    cut
 387  sn2005cf      Ia-norm    0.5903   2.18   0.1598   0.0300    -3.80  0    cut
 388  sn1996X       Ia-norm    0.5903   2.18   0.1508   0.0213     1.10  0    cut
 389  sn2007af      Ia-norm    0.5862   2.17   0.1530   0.0222    -4.60  0    cut
 390  sn2003kc      Ia-norm    0.5469   2.17   0.0289   0.0257    -0.90  0    cut
 391  sn2004eo      Ia-norm    0.5158   2.16   0.0312   0.0279   -10.20  0    cut
 392  sn2005cf      Ia-norm    0.5903   2.16   0.1579   0.0303    -2.70  0    cut
 393  sn2002bo      Ia-norm    0.5903   2.16   0.1548   0.0216    -0.60  0    cut
 394  sn2006le      Ia-norm    0.5903   2.16   0.1847   0.0301   -11.70  0    cut
 395  sn1997bq      Ia-norm    0.5293   2.16   0.0466   0.0258   -10.60  0    cut
 396  sn2007af      Ia-norm    0.5862   2.16   0.1521   0.0218    -3.60  0    cut
 397  sn2006gz      Ia-pec     0.5903   2.16   0.1621   0.0136    -9.30  0    cut
 398  sn1999cl      Ia-norm    0.5551   2.15   0.0274   0.0281    -1.30  0    cut
 399  sn2007af      Ia-norm    0.5862   2.15   0.1539   0.0231    -5.60  0    cut
 400  sn1991A       Ic-norm    0.4251   2.15  -0.0054   0.0268    47.50  1    cut
 401  sn2002ap      Ic-broad   0.5835   2.15   0.0296   0.0315    -2.40  0    cut
 402  sn2005cf      Ia-norm    0.5876   2.15   0.1580   0.0709    -4.40  0    cut
 403  sn2005cf      Ia-norm    0.5903   2.14   0.1739   0.0316   -11.70  0    cut
 404  sn2002de      Ia-norm    0.5415   2.14   0.1601   0.0273    -2.20  0    cut
 405  sn2006gj      Ia-norm    0.5903   2.14   0.1471   0.0209    -0.70  0    cut
 406  sn2002bo      Ia-norm    0.5172   2.14   0.0492   0.0285   -13.40  0    cut
 407  sn2003W       Ia-norm    0.5334   2.13   0.0535   0.0260   -10.20  0    cut
 408  sn2002eu      Ia-norm    0.5510   2.13   0.0264   0.0247     1.10  0    cut
 409  sn1996ai      Ia-norm    0.5212   2.13   0.1558   0.0167     0.10  0    cut
 410  sn2006bp      IIP        0.4102   2.12   0.1574   0.0311    -5.70  0    cut
 411  sn2004dt      Ia-norm    0.4319   2.12   0.0528   0.0288    -9.90  0    cut
 412  sn2002aw      Ia-norm    0.5402   2.12   0.1535   0.0168    -0.90  0    cut
 413  sn1998ab      Ia-91T     0.5402   2.12   0.1638   0.0246    -7.80  0    cut
 414  sn2006le      Ia-norm    0.5903   2.12   0.1699   0.0296    -7.80  0    cut
 415  sn2007af      Ia-norm    0.5848   2.12   0.1503   0.0216    -1.60  0    cut
 416  sn2007fb      Ia-norm    0.5903   2.11   0.1501   0.0194     1.70  0    cut
 417  sn2002er      Ia-norm    0.5903   2.11   0.1591   0.0283    -5.00  0    cut
 418  sn2001da      Ia-norm    0.5903   2.11   0.1586   0.0261    -1.00  0    cut
 419  sn1999cl      Ia-norm    0.5551   2.11   0.0288   0.0281    -2.30  0    cut
 420  sn1997ef      Ic-broad   0.5253   2.10   0.0290   0.0405    -5.10  0    cut
 421  sn2007af      Ia-norm    0.5862   2.10   0.1514   0.0221    -2.60  0    cut
 422  sn1999aa      Ia-91T     0.5266   2.10   0.1593   0.0290    -2.10  0    cut
 423  sn2001V       Ia-91T     0.5280   2.10   0.1644   0.0295   -10.20  0    cut
 424  sn2000fa      Ia-norm    0.5903   2.09   0.1762   0.0322   -10.40  0    cut
 425  sn2008ar      Ia-norm    0.5903   2.09   0.1608   0.0314    -4.60  0    cut
 426  lbv2003hy     LBV        0.5375   2.09   0.1302   0.0313   -99.90  2    cut
 427  sn2005cf      Ia-norm    0.5876   2.09   0.1566   0.0632    -3.40  0    cut
 428  sn1999ac      Ia-91T     0.5903   2.08   0.1444   0.0224     0.40  0    cut
 429  sn1999ej      Ia-norm    0.5266   2.07   0.0249   0.0230     1.10  0    cut
 430  sn1999cc      Ia-norm    0.5456   2.07   0.0307   0.0220    -3.20  0    cut
 431  sn1997ef      Ic-broad   0.5239   2.07   0.0305   0.0435    -6.10  0    cut
 432  sn2006cq      Ia-norm    0.5903   2.07   0.1574   0.0309    -3.30  0    cut
 433  sn2005cf      Ia-norm    0.5835   2.06   0.1528   0.0244     1.60  0    cut
 434  sn1994ae      Ia-norm    0.5903   2.06   0.1503   0.0231     0.90  0    cut
 435  sn2000dn      Ia-norm    0.5659   2.06   0.1516   0.0229    -3.80  0    cut
 436  sn2002cd      Ia-norm    0.5239   2.06   0.1775   0.0264    -8.60  0    cut
 437  sn2004aw      Ic-norm    0.5293   2.06   0.0349   0.0238    -2.20  0    cut
 438  sn2001fe      Ia-norm    0.5266   2.05   0.1577   0.0641    -1.70  0    cut
 439  sn2006gz      Ia-pec     0.5903   2.05   0.1618   0.0137    -8.40  0    cut
 440  sn1999em      IIP        0.5659   2.05   0.0548   0.0303     0.40  0    cut
 441  sn2002de      Ia-norm    0.5402   2.04   0.1597   0.0523    -4.10  0    cut
 442  sn2007af      Ia-norm    0.5835   2.04   0.1494   0.0216    -0.60  0    cut
 443  sn1991T       Ia-91T     0.5903   2.04   0.2406   0.0253   -12.80  0    cut
 444  sn2000cx      Ia-pec     0.5172   2.03   0.1637   0.0336    -0.40  0    cut
 445  lbv2003hy     LBV        0.5348   2.03   0.1308   0.0199   -99.90  2    cut
 446  lbv2003hy     LBV        0.5348   2.03   0.1309   0.0179   -99.90  2    cut
 447  sn2002de      Ia-norm    0.5375   2.02   0.1614   0.0728    -5.00  0    cut
 448  sn1995E       Ia-norm    0.5876   2.02   0.1517   0.0294    -2.90  0    cut
 449  sn2008ar      Ia-norm    0.5903   2.02   0.1590   0.0315    -3.70  0    cut
 450  sn1981B       Ia-norm    0.5903   2.02   0.1534   0.0216    -1.50  0    cut
 451  sn2004ef      Ia-norm    0.5903   2.02   0.2020   0.0328    -7.10  0    cut
 452  sn2004aw      Ic-norm    0.5334   2.01   0.0334   0.0299    -1.30  0    cut
 453  sn2007bm      Ia-norm    0.5876   2.01   0.1560   0.0254   -11.20  0    cut
 454  sn2006aj      Ic-broad   0.5496   2.01   0.0562   0.0348    -0.40  0    cut
 455  sn1997dq      Ic-broad   0.5903   2.01   0.1524   0.0397     1.00  1    cut
 456  sn1994ae      Ia-norm    0.5903   2.01   0.1494   0.0229     2.00  0    cut
 457  sn2002ck      Ia-norm    0.5442   2.00   0.1535   0.0257     0.30  0    cut
 458  sn2007co      Ia-norm    0.5903   2.00   0.1542   0.0217     0.80  0    cut
 459  sn1988L       Ib-norm    0.4481   2.00   0.1410   0.0259     0.00  1    cut
 460  sn2008ar      Ia-norm    0.5903   2.00   0.1635   0.0331    -6.60  0    cut
 461  sn2002de      Ia-norm    0.5402   1.99   0.1612   0.0312    -3.00  0    cut
 462  sn2007ci      Ia-norm    0.5903   1.99   0.1575   0.0229    -8.10  0    cut
 463  sn2007co      Ia-norm    0.5903   1.99   0.1528   0.0207     1.70  0    cut
 464  sn2004as      Ia-norm    0.5429   1.99   0.0389   0.0266    -7.80  0    cut
 465  sn2002er      Ia-norm    0.5429   1.99   0.0354   0.0281   -10.00  0    cut
 466  sn2004as      Ia-norm    0.5456   1.98   0.0289   0.0269    -0.10  0    cut
 467  sn2007af      Ia-norm    0.5821   1.98   0.1486   0.0219     0.30  0    cut
 468  sn2006gz      Ia-pec     0.4928   1.98   0.1629   0.0155   -13.30  0    cut
 469  sn2001eh      Ia-91T     0.5510   1.98   0.1585   0.0287    -0.10  0    cut
 470  sn1994S       Ia-norm    0.5023   1.98   0.1582   0.0341    -4.00  0    cut
 471  sn2007co      Ia-norm    0.5903   1.98   0.1562   0.0236    -1.20  0    cut
 472  sn2002fb      Ia-91bg    0.5293   1.97   0.1815   0.0347    -4.50  0    cut
 473  sn1996C       Ia-norm    0.5456   1.97   0.1540   0.0217     2.00  0    cut
 474  sn2003cg      Ia-norm    0.5172   1.97   0.1566   0.0200    -2.10  0    cut
 475  sn2003U       Ia-norm    0.5903   1.96   0.1601   0.0279    -8.50  0    cut
 476  sn2003ch      Ia-norm    0.5375   1.96   0.1493   0.0181     1.80  0    cut
 477  sn2006gz      Ia-pec     0.5253   1.96   0.1597   0.0173    -4.50  0    cut
 478  sn2006gz      Ia-pec     0.5903   1.96   0.1634   0.0146   -12.30  0    cut
 479  sn2007bd      Ia-norm    0.5903   1.96   0.1634   0.0252    -8.10  0    cut
 480  sn2002bo      Ia-norm    0.5903   1.96   0.1570   0.0238    -1.70  0    cut
 481  sn1990K       IIL        0.4968   1.96   0.1334   0.0168    55.60  1    cut
 482  sn2006gz      Ia-pec     0.5672   1.96   0.1635   0.0134   -12.30  0    cut
 483  sn2003du      Ia-norm    0.5903   1.96   0.1613   0.0282   -11.10  0    cut
 484  sn1999ac      Ia-91T     0.5605   1.95   0.1536   0.0316    -2.10  0    cut
 485  sn1999cl      Ia-norm    0.5212   1.95   0.0392   0.0271    -8.30  0    cut
 486  sn1998S       IIn        0.4779   1.95   0.1320   0.0380   -12.50  0    cut
 487  sn2002cd      Ia-norm    0.5239   1.95   0.1728   0.0310    -5.70  0    cut
 488  sn2007co      Ia-norm    0.5903   1.95   0.1550   0.0226    -0.20  0    cut
 489  sn2003kc      Ia-norm    0.5469   1.95   0.0340   0.0262    -5.70  0    cut
 490  sn2002aw      Ia-norm    0.5402   1.95   0.1527   0.0184     1.10  0    cut
 491  mstar         M-star     0.5740   1.95   0.0235   0.0103    10.00  2    cut
 492  sn2006gz      Ia-pec     0.5239   1.95   0.1566   0.0315    -1.60  0    cut
 493  sn2004aw      Ic-norm    0.5903   1.95   0.0297   0.0346    -0.20  0    cut
 494  sn2008D       Ib-pec     0.5903   1.94   0.0757   0.0208   -16.40  0    cut
 495  sn2008ar      Ia-norm    0.5903   1.94   0.1590   0.0344    -2.70  0    cut
 496  sn2006gz      Ia-pec     0.5903   1.94   0.1630   0.0137   -11.30  0    cut
 497  kcSb          Gal        0.5903   1.94   0.1193   0.0368   -99.90  2    cut
 498  sn2006bz      Ia-91bg    0.5903   1.93   0.0228   0.0456    -0.30  0    cut
 499  sn1993J       IIb        0.5876   1.93   0.0681   0.0289   -15.70  0    cut
 500  sn1999gp      Ia-91T     0.5415   1.93   0.1614   0.0274     0.00  0    cut
 501  sn1999dn      Ib-norm    0.5293   1.93   0.0139   0.0234     0.00  1    cut
 502  sn2003cq      Ia-norm    0.5456   1.93   0.0276   0.0257     0.00  0    cut
 503  sn2003iv      Ia-norm    0.5483   1.93   0.1537   0.0172    -1.40  0    cut
 504  sn2002dj      Ia-norm    0.5903   1.92   0.1640   0.0307    -4.60  0    cut
 505  kcSa          Gal        0.5903   1.92   0.1590   0.0095   -99.90  2    cut
 506  sn2004fu      Ia-norm    0.5903   1.92   0.1600   0.0265    -3.50  0    cut
 507  sn2005A       Ia-norm    0.5903   1.92   0.1656   0.0285    -1.30  0    cut
 508  sn2002bo      Ia-norm    0.5510   1.92   0.0337   0.0273    -4.70  0    cut
 509  sn2004dt      Ia-norm    0.5903   1.92   0.1592   0.0246    -1.00  0    cut
 510  sn2001bf      Ia-norm    0.5266   1.91   0.1479   0.0172     0.80  0    cut
 511  sn2002cd      Ia-norm    0.5226   1.91   0.1724   0.0319    -4.70  0    cut
 512  sn2005am      Ia-norm    0.5862   1.91   0.1544   0.0198     2.00  0    cut
 513  sn1997dd      IIb        0.5266   1.91   0.1568   0.0269     3.60  1    cut
 514  sn2002ef      Ia-norm    0.5375   1.90   0.1573   0.0782    -2.90  0    cut
 515  sn1993J       IIb        0.5510   1.90   0.1554   0.0226    -1.60  0    cut
 516  sn2004as      Ia-norm    0.5456   1.90   0.0294   0.0266    -1.00  0    cut
 517  sn2005cf      Ia-norm    0.5862   1.90   0.1643   0.0335    -9.30  0    cut
 518  sn1990K       IIL        0.5388   1.90   0.1425   0.0203     0.00  1    cut
 519  sn2007co      Ia-norm    0.5903   1.89   0.1588   0.0278    -3.10  0    cut
 520  sn2006cp      Ia-norm    0.5903   1.89   0.1660   0.0312    -6.30  0    cut
 521  sn2006lf      Ia-norm    0.5605   1.89   0.1549   0.0202    -6.50  0    cut
 522  sn2002hu      Ia-91T     0.5510   1.88   0.1565   0.0359    -3.50  0    cut
 523  sn2003cg      Ia-norm    0.5172   1.88   0.1558   0.0205    -1.20  0    cut
 524  sn2001G       Ia-norm    0.5253   1.88   0.1600   0.0341    -5.10  0    cut
 525  sn2003iv      Ia-norm    0.5469   1.87   0.1519   0.0178     1.40  0    cut
 526  sn2004ef      Ia-norm    0.5903   1.87   0.1552   0.0215     1.50  0    cut
 527  sn2002bo      Ia-norm    0.5645   1.87   0.0389   0.0323    -9.70  0    cut
 528  sn1992A       Ia-norm    0.5903   1.87   0.1575   0.0219     2.00  0    cut
 529  sn1999cl      Ia-norm    0.5835   1.87   0.1574   0.0274    -3.30  0    cut
 530  sn2001ep      Ia-norm    0.5280   1.87   0.0245   0.0254     0.80  0    cut
 531  sn2001ep      Ia-norm    0.5280   1.86   0.0243   0.0257     1.80  0    cut
 532  sn1994I       Ic-norm    0.5117   1.86   0.0210   0.0320    -3.60  0    cut
 533  sn2004gs      Ia-norm    0.5903   1.86   0.1514   0.0222    -3.20  0    cut
 534  sn1997bq      Ia-norm    0.5280   1.86   0.0434   0.0276    -9.60  0    cut
 535  sn1993J       IIb        0.5903   1.86   0.0204   0.0242    -5.00  0    cut
 536  sn2006aj      Ic-broad   0.5767   1.86   0.0655   0.0367    -3.30  0    cut
 537  sn1993J       IIb        0.4657   1.85   0.0515   0.0351   -10.50  0    cut
 538  sn1997bp      Ia-norm    0.5903   1.85   0.1701   0.0293    -3.00  0    cut
 539  sn2004ef      Ia-norm    0.5903   1.85   0.1568   0.0235     0.60  0    cut
 540  sn1994I       Ic-norm    0.5496   1.84   0.0198   0.0340     0.10  0    cut
 541  mstar         M-star     0.5754   1.84   0.1586   0.0142     3.00  2    cut
 542  sn1999cp      Ia-norm    0.5903   1.84   0.1550   0.0268   -11.90  0    cut
 543  sn2007cq      Ia-91T     0.5903   1.84   0.0202   0.0371    -4.00  0    cut
 544  sn2001V       Ia-91T     0.5253   1.83   0.1605   0.0340    -3.30  0    cut
 545  sn1999aa      Ia-91T     0.5226   1.83   0.1576   0.0319    -5.00  0    cut
 546  sn2002bo      Ia-norm    0.5794   1.83   0.1588   0.0281    -3.70  0    cut
 547  sn2002cd      Ia-norm    0.5253   1.83   0.1699   0.0304    -3.70  0    cut
 548  sn2002er      Ia-norm    0.5903   1.82   0.1613   0.0337    -7.00  0    cut
 549  sn2000dk      Ia-norm    0.5320   1.82   0.0244   0.0258     0.80  0    cut
 550  sn2002cd      Ia-norm    0.5253   1.82   0.1738   0.0333    -6.70  0    cut
 551  sn2003cq      Ia-norm    0.5469   1.82   0.0282   0.0269    -1.80  0    cut
 552  sn2005cf      Ia-norm    0.5876   1.82   0.1664   0.0343   -10.40  0    cut
 553  sn1995E       Ia-norm    0.5876   1.81   0.1497   0.0233     1.00  0    cut
 554  sn1997ef      Ic-broad   0.5253   1.81   0.0427   0.0487    -9.10  0    cut
 555  sn1995F       Ic-norm    0.5456   1.81   0.0163   0.0230    11.00  1    cut
 556  sn2003cg      Ia-norm    0.5361   1.81   0.1570   0.0182    -7.30  0    cut
 557  sn2003iv      Ia-norm    0.5483   1.81   0.1527   0.0186     0.50  0    cut
 558  sn2002bo      Ia-norm    0.5794   1.81   0.1557   0.0261    -1.80  0    cut
 559  sn2002aw      Ia-norm    0.5388   1.80   0.1565   0.0182    -1.90  0    cut
 560  sn2002G       Ia-norm    0.5483   1.80   0.0302   0.0306    -2.50  0    cut
 561  sn2006kf      Ia-norm    0.5903   1.80   0.1551   0.0219    -5.20  0    cut
 562  sn2002hu      Ia-91T     0.5510   1.80   0.1575   0.0340    -5.30  0    cut
 563  sn1998dx      Ia-norm    0.5672   1.79   0.1545   0.0230    -1.70  0    cut
 564  sn2004aw      Ic-norm    0.5293   1.79   0.0301   0.0300     0.80  0    cut
 565  sn2003iv      Ia-norm    0.5469   1.79   0.1525   0.0174    -0.50  0    cut
 566  sn1999cl      Ia-norm    0.5835   1.79   0.1526   0.0268     0.70  0    cut
 567  sn1992A       Ia-norm    0.5903   1.79   0.1653   0.0232    -5.40  0    cut
 568  sn2002fb      Ia-91bg    0.5280   1.79   0.1837   0.0368    -2.70  0    cut
 569  sn2003W       Ia-norm    0.5348   1.79   0.1809   0.0304    -9.10  0    cut
 570  sn2004as      Ia-norm    0.5456   1.78   0.0307   0.0282    -2.00  0    cut
 571  sn1998aq      Ia-norm    0.5158   1.78   0.1544   0.0485    -0.90  0    cut
 572  sn1986G       Ia-91bg    0.4671   1.78   0.1524   0.0351    -3.00  0    cut
 573  sn1999em      IIP        0.5117   1.78   0.0610   0.0322    -1.60  0    cut
 574  sn1995E       Ia-norm    0.5794   1.77   0.1499   0.0255    -0.90  0    cut
 575  sn1994D       Ia-norm    0.5821   1.77   0.1986   0.0424   -10.10  0    cut
 576  sn2006lf      Ia-norm    0.5605   1.77   0.1541   0.0287    -4.50  0    cut
 577  sn2003iv      Ia-norm    0.5469   1.77   0.1533   0.0186    -2.40  0    cut
 578  sn1997ef      Ic-broad   0.5239   1.77   0.0559   0.0472   -13.90  0    cut
 579  sn1992A       Ia-norm    0.5903   1.76   0.1602   0.0226    -0.80  0    cut
 580  sn2001ep      Ia-norm    0.5280   1.76   0.0254   0.0260    -0.10  0    cut
 581  sn2002bo      Ia-norm    0.5903   1.76   0.1610   0.0280    -4.80  0    cut
 582  sn2005bl      Ia-91bg    0.5158   1.76   0.1809   0.0403    -5.90  0    cut
 583  sn2001en      Ia-norm    0.5293   1.76   0.0306   0.0257     1.50  0    cut
 584  sn2000E       Ia-norm    0.5605   1.75   0.1587   0.0371    -6.40  0    cut
 585  sn1995F       Ic-norm    0.5808   1.75   0.0085   0.0347    88.80  1    cut
 586  sn1997ef      Ic-broad   0.5199   1.75   0.0493   0.0531   -10.90  0    cut
 587  sn2002bo      Ia-norm    0.5794   1.75   0.1574   0.0276    -2.80  0    cut
 588  sn2002jg      Ia-norm    0.5307   1.74   0.0284   0.0285    -3.40  0    cut
 589  sn2000cp      Ia-norm    0.5483   1.74   0.1543   0.0211    -1.50  0    cut
 590  sn2002de      Ia-norm    0.5415   1.74   0.1561   0.0453     1.80  0    cut
 591  sn2004gs      Ia-norm    0.5903   1.74   0.1485   0.0225    -1.20  0    cut
 592  sn2004as      Ia-norm    0.5456   1.74   0.0312   0.0287    -2.90  0    cut
 593  lbv2001ac     LBV        0.5185   1.74   0.2749   0.0112   -99.90  2    cut
 594  sn2005cg      Ia-norm    0.4170   1.73   0.1668   0.0212    -9.80  0    cut
 595  sn2007cq      Ia-91T     0.5903   1.73   0.0202   0.0389    -5.00  0    cut
 596  sn2002er      Ia-norm    0.5889   1.73   0.1545   0.0257    -1.10  0    cut
 597  sn2002G       Ia-norm    0.5483   1.73   0.0308   0.0302    -4.40  0    cut
 598  sn2002bf      Ia-norm    0.5388   1.73   0.0350   0.0320     1.80  0    cut
 599  sn2002hu      Ia-91T     0.5510   1.72   0.1543   0.0448    -0.70  0    cut
 600  sn2004ef      Ia-norm    0.5903   1.72   0.1577   0.0246    -0.40  0    cut
 601  sn2003W       Ia-norm    0.5334   1.72   0.1680   0.0317    -3.30  0    cut
 602  sn1990K       IIL        0.5239   1.72   0.1290   0.0182   119.10  1    cut
 603  sn1993J       IIb        0.5903   1.72   0.0190   0.0251    -3.00  0    cut
 604  sn2005bl      Ia-91bg    0.5903   1.72   0.0239   0.0419    -4.90  0    cut
 605  sn2007au      Ia-norm    0.5903   1.72   0.1529   0.0247    -4.70  0    cut
 606  sn2002cd      Ia-norm    0.5253   1.72   0.1747   0.0344    -7.70  0    cut
 607  sn2001ex      Ia-norm    0.5388   1.72   0.1492   0.0172    -3.40  0    cut
 608  sn2004dt      Ia-norm    0.5632   1.71   0.1537   0.0189     2.00  0    cut
 609  sn1991N       Ic-norm    0.5903   1.71  -0.0021   0.0407    12.00  1    cut
 610  sn2005bf      Ib-pec     0.5903   1.71   0.0108   0.0358     1.20  0    cut
 611  sn2007le      Ia-norm    0.5903   1.71   0.1659   0.0376    -6.40  0    cut
 612  sn2004aw      Ic-norm    0.5293   1.71   0.0292   0.0290     1.60  0    cut
 613  sn1999di      Ib-norm    0.4549   1.71   0.0079   0.0211    23.60  1    cut
 614  sn1991A       Ic-norm    0.4522   1.71  -0.0042   0.0328    61.40  1    cut
 615  sn2004dt      Ia-norm    0.5903   1.70   0.1657   0.0260    -8.50  0    cut
 616  mstar         M-star     0.5727   1.70   0.1611   0.0346     0.00  2    cut
 617  sn1993J       IIb        0.5686   1.70   0.1524   0.0227    -2.40  0    cut
 618  sn1997ef      Ic-broad   0.5253   1.70   0.0479   0.0548   -10.00  0    cut
 619  sn2003W       Ia-norm    0.5334   1.70   0.1779   0.0323    -8.20  0    cut
 620  sn2005cs      IIP        0.5781   1.70   0.0457   0.0358     0.10  0    cut
 621  sn2004dt      Ia-norm    0.5645   1.70   0.1550   0.0192     1.00  0    cut
 622  lbv2003hy     LBV        0.5361   1.69   0.1338   0.0290   -99.90  2    cut
 623  sn2003kc      Ia-norm    0.5469   1.69   0.0350   0.0314    -7.60  0    cut
 624  lbv2003hy     LBV        0.5348   1.69   0.1280   0.0186   -99.90  2    cut
 625  sn2007co      Ia-norm    0.5903   1.69   0.1596   0.0655    -4.10  0    cut
 626  sn2002er      Ia-norm    0.5686   1.69   0.0336   0.0375   -11.90  0    cut
 627  sn2007hj      Ia-norm    0.5903   1.69   0.1526   0.0223    -1.50  0    cut
 628  sn2001fe      Ia-norm    0.5280   1.69   0.1562   0.0376     0.30  0    cut
 629  sn2003Y       Ia-91bg    0.5293   1.68   0.1915   0.0288    -6.30  0    cut
 630  sn1999dn      Ib-norm    0.5564   1.68   0.0131   0.0270     6.90  1    cut
 631  sn2007au      Ia-norm    0.5903   1.68   0.1507   0.0243    -3.80  0    cut
 632  sn2004dt      Ia-norm    0.5903   1.68   0.1609   0.0308    -3.70  0    cut
 633  sn2007hj      Ia-norm    0.5903   1.67   0.1539   0.0230    -2.60  0    cut
 634  lbv2003hy     LBV        0.5361   1.67   0.1330   0.0303   -99.90  2    cut
 635  sn2002dj      Ia-norm    0.5903   1.67   0.1664   0.0416    -6.60  0    cut
 636  sn1993J       IIb        0.5903   1.66   0.0184   0.0267    -2.00  0    cut
 637  sn1994D       Ia-norm    0.5903   1.66   0.1762   0.0393   -11.10  0    cut
 638  sn2003it      Ia-norm    0.5388   1.66   0.1582   0.0211    -2.20  0    cut
 639  sn2006bt      Ia-norm    0.5903   1.66   0.1560   0.0208    -4.60  0    cut
 640  sn1999aa      Ia-91T     0.5280   1.66   0.1560   0.0430    -0.20  0    cut
 641  sn1991bg      Ia-91bg    0.5402   1.66   0.1820   0.0433     0.90  0    cut
 642  sn1999by      Ia-91bg    0.5767   1.66   0.0212   0.0478    -3.00  0    cut
 643  sn2007co      Ia-norm    0.5903   1.65   0.1619   0.0403    -5.10  0    cut
 644  sn2003gn      Ia-norm    0.5483   1.65   0.0307   0.0306    -3.00  0    cut
 645  sn2005cf      Ia-norm    0.5876   1.65   0.1681   0.0364   -11.40  0    cut
 646  sn2003cg      Ia-norm    0.5144   1.65   0.1550   0.0368    -6.40  0    cut
 647  sn2006bz      Ia-91bg    0.5361   1.64   0.1883   0.0388    -1.40  0    cut
 648  sn2006bt      Ia-norm    0.5903   1.64   0.1546   0.0225    -3.90  0    cut
 649  sn2007qe      Ia-norm    0.5903   1.64   0.1812   0.0407    -8.60  0    cut
 650  sn2004as      Ia-norm    0.5456   1.64   0.0320   0.0300    -3.90  0    cut
 651  sn1998dx      Ia-norm    0.5659   1.64   0.1542   0.0243    -0.70  0    cut
 652  sn1998aq      Ia-norm    0.5158   1.63   0.1535   0.0420     0.00  0    cut
 653  kcS0          Gal        0.5903   1.63   0.1250   0.0444   -99.90  2    cut
 654  sn2000cp      Ia-norm    0.5483   1.63   0.1562   0.0225    -2.50  0    cut
 655  sn1993J       IIb        0.5903   1.63   0.0199   0.0257    -4.00  0    cut
 656  sn1997dd      IIb        0.5280   1.63   0.1439   0.0275    16.40  1    cut
 657  sn2004gs      Ia-norm    0.5903   1.63   0.1471   0.0239    -0.30  0    cut
 658  sn2001ep      Ia-norm    0.5280   1.62   0.0263   0.0279    -2.10  0    cut
 659  sn2003it      Ia-norm    0.5388   1.62   0.1576   0.0221    -1.10  0    cut
 660  mstar         M-star     0.5727   1.62   0.0233   0.0107     9.00  2    cut
 661  sn2007hj      Ia-norm    0.5903   1.62   0.1492   0.0230     1.40  0    cut
 662  sn1994I       Ic-norm    0.5172   1.62   0.0200   0.0331    -2.50  0    cut
 663  sn2006cj      Ia-norm    0.5537   1.62   0.1610   0.0254    -2.10  0    cut
 664  sn2004dt      Ia-norm    0.5903   1.62   0.1680   0.0271    -9.40  0    cut
 665  sn2003cg      Ia-norm    0.5375   1.62   0.1541   0.0258     1.00  0    cut
 666  sn2006X       Ia-norm    0.5835   1.62   0.1599   0.0298     1.30  0    cut
 667  sn2007bd      Ia-norm    0.5903   1.61   0.1635   0.0346    -9.00  0    cut
 668  sn2002de      Ia-norm    0.5415   1.61   0.1598   0.0374    -6.10  0    cut
 669  sn1998bu      Ia-norm    0.5144   1.61   0.1535   0.0390    -3.60  0    cut
 670  sn1997Y       Ia-norm    0.5361   1.61   0.1506   0.0227     1.90  0    cut
 671  sn1994D       Ia-norm    0.5903   1.61   0.1571   0.0284    -5.30  0    cut
 672  sn1984A       Ia-norm    0.4495   1.61   0.1653   0.0265    -2.80  0    cut
 673  sn2004dt      Ia-norm    0.5903   1.61   0.1640   0.0309    -6.50  0    cut
 674  sn2002bo      Ia-norm    0.5781   1.61   0.1561   0.0292    -1.50  0    cut
 675  sn2001ep      Ia-norm    0.5280   1.60   0.0259   0.0279    -1.10  0    cut
 676  sn2002he      Ia-norm    0.5375   1.60   0.0365   0.0309    -8.10  0    cut
 677  sn2003cq      Ia-norm    0.5469   1.60   0.0266   0.0343     2.00  0    cut
 678  sn2003it      Ia-norm    0.5388   1.60   0.1583   0.0220    -3.20  0    cut
 679  sn2004aw      Ic-norm    0.5334   1.60   0.0291   0.0359     1.90  0    cut
 680  sn2003W       Ia-norm    0.5334   1.60   0.1770   0.0361    -7.30  0    cut
 681  sn2002er      Ia-norm    0.5903   1.60   0.1634   0.0409    -9.00  0    cut
 682  sn2008ar      Ia-norm    0.5442   1.60   0.0291   0.0261    -1.70  0    cut
 683  sn2003ch      Ia-norm    0.5375   1.59   0.1515   0.0198     0.80  0    cut
 684  sn2005bf      Ib-pec     0.5009   1.59   0.0166   0.0331    -0.90  0    cut
 685  sn2003it      Ia-norm    0.5388   1.59   0.1564   0.0210     0.80  0    cut
 686  lbv1999bw     LBV        0.4684   1.59   0.0723   0.0129   -99.90  2    cut
 687  sn2005cs      IIP        0.5781   1.59   0.0450   0.0372     1.00  0    cut
 688  sn1998S       IIn        0.5063   1.58   0.1292   0.0144     1.80  0    cut
 689  sn2004fu      Ia-norm    0.5903   1.58   0.1614   0.0628    -5.40  0    cut
 690  sn1999dq      Ia-91T     0.5253   1.57   0.1560   0.0372     0.40  0    cut
 691  sn2004dt      Ia-norm    0.5903   1.57   0.1638   0.0321    -6.40  0    cut
 692  mstar         M-star     0.5740   1.57   0.2591   0.0160     5.00  2    cut
 693  sn2004as      Ia-norm    0.5429   1.56   0.0363   0.0295    -6.80  0    cut
 694  sn1990aa      Ic-norm    0.4820   1.56   0.1524   0.0374     0.00  1    cut
 695  sn2003it      Ia-norm    0.5388   1.56   0.1573   0.0224    -0.20  0    cut
 696  sn2003cg      Ia-norm    0.5226   1.56   0.1551   0.0576    -8.00  0    cut
 697  sn2004as      Ia-norm    0.5456   1.55   0.0351   0.0303    -5.90  0    cut
 698  sn2002fb      Ia-91bg    0.5293   1.55   0.1848   0.0405     0.30  0    cut
 699  sn1994I       Ic-norm    0.5172   1.55   0.0204   0.0341    -1.60  0    cut
 700  sn2006bt      Ia-norm    0.5903   1.55   0.1540   0.0214    -1.00  0    cut
 701  mstar         M-star     0.5727   1.54   0.1596   0.0353     4.00  2    cut
 702  sn2004as      Ia-norm    0.5442   1.54   0.0333   0.0309    -4.90  0    cut
 703  sn2003W       Ia-norm    0.5334   1.54   0.1719   0.0375    -6.30  0    cut
 704  sn1999em      IIP        0.5117   1.54   0.0637   0.0353    -2.60  0    cut
 705  sn1999ex      Ib-norm    0.5903   1.54   0.0296   0.0394    -4.50  0    cut
 706  sn2006bt      Ia-norm    0.5903   1.54   0.1543   0.0215    -2.90  0    cut
 707  sn2007hj      Ia-norm    0.5903   1.54   0.1515   0.0235    -0.60  0    cut
 708  sn2007au      Ia-norm    0.5903   1.53   0.1542   0.0306    -5.60  0    cut
 709  sn2006cp      Ia-norm    0.5903   1.53   0.1687   0.0397    -8.40  0    cut
 710  sn1998bu      Ia-norm    0.5144   1.53   0.1532   0.0404    -2.60  0    cut
 711  sn2006bt      Ia-norm    0.5903   1.53   0.1533   0.0225    -0.10  0    cut
 712  sn1996X       Ia-norm    0.5266   1.53   0.1562   0.0228    -1.70  0    cut
 713  sn2003cg      Ia-norm    0.5172   1.53   0.1549   0.0445    -6.10  0    cut
 714  sn2001cp      Ia-norm    0.5348   1.52   0.1596   0.0390    -6.80  0    cut
 715  sn1998dh      Ia-norm    0.5226   1.52   0.0293   0.0263    -0.60  0    cut
 716  sn2003it      Ia-norm    0.5388   1.52   0.1556   0.0213     1.70  0    cut
 717  sn2000dk      Ia-norm    0.5320   1.52   0.0271   0.0298    -4.20  0    cut
 718  sn2003cg      Ia-norm    0.4468   1.52   0.1535   0.0357    -2.80  0    cut
 719  sn2001ep      Ia-norm    0.5280   1.52   0.0269   0.0289    -3.10  0    cut
 720  sn2004dt      Ia-norm    0.5903   1.52   0.1601   0.0802    -3.00  0    cut
 721  sn2003cg      Ia-norm    0.5158   1.51   0.1539   0.0503    -5.10  0    cut
 722  sn2006lf      Ia-norm    0.5293   1.51   0.0304   0.0312    -7.50  0    cut
 723  sn1986G       Ia-91bg    0.5605   1.51   0.0186   0.0439     1.30  0    cut
 724  sn2004gs      Ia-norm    0.5903   1.51   0.1452   0.0235     1.70  0    cut
 725  sn2004dt      Ia-norm    0.5903   1.51   0.1627   0.0358    -5.60  0    cut
 726  kcSB4         Gal        0.5903   1.51   0.2468   0.0176   -99.90  2    cut
 727  sn2003ch      Ia-norm    0.5388   1.51   0.1516   0.0212    -0.20  0    cut
 728  sn2001da      Ia-norm    0.5293   1.50   0.0273   0.0329     1.90  0    cut
 729  sn2001cp      Ia-norm    0.5361   1.50   0.1576   0.0402    -4.90  0    cut
 730  sn2007le      Ia-norm    0.5889   1.50   0.1671   0.0411    -7.40  0    cut
 731  sn2002cs      Ia-norm    0.5226   1.50   0.1680   0.0199    -8.50  0    cut
 732  sn2003cg      Ia-norm    0.5172   1.49   0.1550   0.0242    -0.20  0    cut
 733  sn2007ax      Ia-91bg    0.4941   1.49   0.1763   0.0481     2.00  0    cut
 734  sn2000E       Ia-norm    0.5483   1.49   0.1577   0.0412    -3.40  0    cut
 735  sn1999ek      Ia-norm    0.5307   1.49   0.1503   0.0216    -0.60  0    cut
 736  sn2003cg      Ia-norm    0.5158   1.49   0.1535   0.0476    -4.10  0    cut
 737  sn2004ef      Ia-norm    0.5903   1.49   0.1577   0.0590    -1.50  0    cut
 738  sn1998aq      Ia-norm    0.5172   1.49   0.1523   0.0402     1.00  0    cut
 739  sn1986G       Ia-91bg    0.5591   1.49   0.0193   0.0427     0.30  0    cut
 740  sn2001cp      Ia-norm    0.5361   1.48   0.1564   0.0398    -1.10  0    cut
 741  sn2003cg      Ia-norm    0.5172   1.48   0.1546   0.0245     0.80  0    cut
 742  sn2002cs      Ia-norm    0.5253   1.48   0.1671   0.0204    -7.50  0    cut
 743  sn2003U       Ia-norm    0.5429   1.47   0.1535   0.0209    -0.70  0    cut
 744  sn1990K       IIL        0.4968   1.47   0.1331   0.0214    53.30  1    cut
 745  sn2002dj      Ia-norm    0.5226   1.47   0.1695   0.0310   -11.40  0    cut
 746  sn2006bz      Ia-91bg    0.5903   1.47   0.0232   0.0536     0.70  0    cut
 747  sn1986G       Ia-91bg    0.5483   1.47   0.0257   0.0422    -2.70  0    cut
 748  sn1999em      IIP        0.5903   1.47   0.0551   0.0366     0.20  0    cut
 749  sn1994T       Ia-norm    0.5334   1.47   0.1513   0.0249     0.80  0    cut
 750  kcSB6         Gal        0.5903   1.47   0.1184   0.0102   -99.90  2    cut
 751  sn1999dq      Ia-91T     0.5253   1.47   0.1551   0.0388     1.40  0    cut
 752  sn2006bt      Ia-norm    0.5903   1.47   0.1530   0.0235     0.90  0    cut
 753  sn2004fu      Ia-norm    0.5903   1.47   0.1628   0.0438    -6.40  0    cut
 754  sn2003cg      Ia-norm    0.5090   1.46   0.1523   0.0625    -1.00  0    cut
 755  lbv1999bw     LBV        0.5172   1.46   0.2740   0.0363   -99.90  2    cut
 756  sn1996cb      IIb        0.5212   1.46   0.0687   0.0360   -16.90  0    cut
 757  sn2002fk      Ia-norm    0.5212   1.46   0.1504   0.0411    -3.50  0    cut
 758  sn2003W       Ia-norm    0.5903   1.46   0.1892   0.0414   -11.10  0    cut
 759  sn2003Y       Ia-91bg    0.5293   1.46   0.1860   0.0406    -5.30  0    cut
 760  sn1996X       Ia-norm    0.5266   1.45   0.1554   0.0220    -0.80  0    cut
 761  sn1998bu      Ia-norm    0.5144   1.45   0.1525   0.0415    -1.60  0    cut
 762  sn1998V       Ia-norm    0.5320   1.45   0.1530   0.0446     0.30  0    cut
 763  sn2001ep      Ia-norm    0.5280   1.45   0.0296   0.0337    -7.00  0    cut
 764  sn2002dj      Ia-norm    0.5226   1.45   0.1675   0.0258   -10.40  0    cut
 765  sn2003W       Ia-norm    0.5334   1.45   0.1727   0.0396    -5.30  0    cut
 766  sn1997ef      Ic-broad   0.5903   1.45   0.0427   0.0532    -5.00  0    cut
 767  sn2001da      Ia-norm    0.5307   1.45   0.0286   0.0322     0.00  0    cut
 768  sn2001br      Ia-norm    0.5348   1.45   0.1605   0.0244    -0.40  0    cut
 769  sn1999di      Ib-norm    0.4562   1.45   0.0085   0.0201     0.00  1    cut
 770  sn2000dm      Ia-norm    0.5280   1.44   0.1534   0.0209    -2.90  0    cut
 771  sn2006bp      IIP        0.4102   1.44   0.0665   0.0195    -1.70  0    cut
 772  sn1998co      Ia-norm    0.5320   1.44   0.1531   0.0218     0.00  0    cut
 773  sn2006gz      Ia-pec     0.5672   1.44   0.1637   0.0147   -13.30  0    cut
 774  sn2002do      Ia-norm    0.5307   1.44   0.1504   0.0220     2.00  0    cut
 775  sn1999cl      Ia-norm    0.5754   1.44   0.1571   0.0853    -4.20  0    cut
 776  sn2004et      IIP        0.5754   1.43   0.0555   0.0374    -2.90  0    cut
 777  sn2003cg      Ia-norm    0.5375   1.43   0.1538   0.0455    -5.00  0    cut
 778  sn2001da      Ia-norm    0.5307   1.43   0.0302   0.0313    -2.00  0    cut
 779  sn1999cl      Ia-norm    0.5754   1.43   0.1588   0.0779    -5.20  0    cut
 780  sn1997bq      Ia-norm    0.5903   1.42   0.1785   0.0962   -11.60  0    cut
 781  sn1994T       Ia-norm    0.4738   1.42   0.1500   0.0244     0.80  0    cut
 782  sn2004ef      Ia-norm    0.5903   1.42   0.1632   0.0423    -5.20  0    cut
 783  sn2003kf      Ia-norm    0.5212   1.42   0.1597   0.0417    -7.40  0    cut
 784  sn1986G       Ia-91bg    0.5348   1.41   0.1933   0.0264     0.80  0    cut
 785  sn2005cf      Ia-norm    0.5876   1.41   0.1679   0.0384   -12.40  0    cut
 786  sn2000dn      Ia-norm    0.5510   1.40   0.1493   0.0431    -0.90  0    cut
 787  sn1990O       Ia-norm    0.5375   1.40   0.1620   0.0442    -0.90  0    cut
 788  sn2006cp      Ia-norm    0.5903   1.39   0.1708   0.0428    -9.30  0    cut
 789  sn2003cg      Ia-norm    0.5158   1.39   0.1529   0.0473    -3.10  0    cut
 790  sn2003kf      Ia-norm    0.5212   1.39   0.1600   0.0423    -8.40  0    cut
 791  mstar         M-star     0.5740   1.39   0.0234   0.0109     8.00  2    cut
 792  sn1996X       Ia-norm    0.5266   1.39   0.1549   0.0225     0.20  0    cut
 793  sn2007if      Ia-pec     0.4468   1.39   0.1733   0.0453    -7.50  0    cut
 794  sn1991N       Ic-norm    0.5903   1.38   0.0132   0.0536   250.20  1    cut
 795  sn1995F       Ic-norm    0.5903   1.38   0.0125   0.0349    29.10  1    cut
 796  sn2003kf      Ia-norm    0.5158   1.38   0.1564   0.0430    -3.40  0    cut
 797  sn1998V       Ia-norm    0.5320   1.38   0.1524   0.0438     1.30  0    cut
 798  sn2004et      IIP        0.5754   1.38   0.0544   0.0393    -1.90  0    cut
 799  sn1998aq      Ia-norm    0.5172   1.38   0.1514   0.0449     2.00  0    cut
 800  sn2007au      Ia-norm    0.5903   1.38   0.1459   0.0262     1.10  0    cut
 801  sn2003kf      Ia-norm    0.5212   1.38   0.1578   0.0429    -5.40  0    cut
 802  sn1999ex      Ib-norm    0.5903   1.38   0.0277   0.0425     0.40  0    cut
 803  sn2007ax      Ia-91bg    0.5876   1.37   0.1541   0.0523    -1.90  0    cut
 804  sn2005am      Ia-norm    0.5876   1.37   0.1590   0.0516    -2.90  0    cut
 805  sn2002dj      Ia-norm    0.5226   1.37   0.1621   0.0985    -6.40  0    cut
 806  sn2002dj      Ia-norm    0.5903   1.37   0.0417   0.0453   -11.40  0    cut
 807  sn1999dn      Ib-norm    0.4495   1.37   0.0097   0.0269    27.70  1    cut
 808  sn2007le      Ia-norm    0.5889   1.37   0.1697   0.0442    -8.40  0    cut
 809  sn2006bt      Ia-norm    0.5903   1.36   0.1534   0.0274     1.90  0    cut
 810  sn2002cs      Ia-norm    0.5280   1.36   0.1651   0.0229    -4.50  0    cut
 811  sn1984A       Ia-norm    0.4657   1.35   0.1687   0.0344    -4.90  0    cut
 812  sn2003du      Ia-norm    0.5199   1.35   0.1578   0.0446    -8.90  0    cut
 813  sn2003du      Ia-norm    0.5199   1.35   0.1592   0.0447    -9.80  0    cut
 814  sn2001cp      Ia-norm    0.5361   1.35   0.1541   0.0448     0.80  0    cut
 815  sn2005mz      Ia-91bg    0.5903   1.35   0.1464   0.0589    -7.50  0    cut
 816  sn2004et      IIP        0.5645   1.35   0.0515   0.0206     2.00  0    cut
 817  sn1998bp      Ia-norm    0.5239   1.35   0.1475   0.0252     1.00  0    cut
 818  sn2002fk      Ia-norm    0.5226   1.35   0.1497   0.0425    -1.50  0    cut
 819  sn1998bp      Ia-norm    0.5253   1.35   0.1516   0.0235    -2.90  0    cut
 820  sn2004ef      Ia-norm    0.5903   1.34   0.1605   0.0444    -3.30  0    cut
 821  sn2002cd      Ia-norm    0.5226   1.34   0.1653   0.0485     0.30  0    cut
 822  sn2003du      Ia-norm    0.5672   1.34   0.1640   0.0448   -11.10  0    cut
 823  sn1994I       Ic-norm    0.5158   1.34   0.0206   0.0368    -0.60  0    cut
 824  sn1998bp      Ia-norm    0.5239   1.34   0.1484   0.0249     0.10  0    cut
 825  sn2007ax      Ia-91bg    0.5889   1.34   0.1512   0.0525    -0.80  0    cut
 826  sn2005cf      Ia-norm    0.5510   1.34   0.0275   0.0443    -9.70  0    cut
 827  sn2002kf      Ia-norm    0.5334   1.34   0.0287   0.0259     1.10  0    cut
 828  sn2002bo      Ia-norm    0.5903   1.33   0.0402   0.0449   -12.40  0    cut
 829  sn1998bp      Ia-norm    0.5253   1.33   0.1496   0.0251    -0.90  0    cut
 830  sn1986G       Ia-91bg    0.5348   1.33   0.1967   0.0515    -2.20  0    cut
 831  sn2006lf      Ia-norm    0.5320   1.33   0.1925   0.0525    -8.40  0    cut
 832  sn2002dj      Ia-norm    0.5226   1.33   0.1638   0.0371    -7.40  0    cut
 833  sn2005cs      IIP        0.5794   1.33   0.0461   0.0432    -0.80  0    cut
 834  sn1994T       Ia-norm    0.4738   1.32   0.1464   0.0288    -0.20  0    cut
 835  sn2007Y       Ib-norm    0.5903   1.32   0.0229   0.0436    -2.00  0    cut
 836  sn2006cp      Ia-norm    0.5903   1.32   0.1726   0.0444   -10.30  0    cut
 837  sn2001ay      Ia-norm    0.5429   1.31   0.1565   0.0215    -1.50  0    cut
 838  sn1996X       Ia-norm    0.5253   1.31   0.1541   0.0434    -3.80  0    cut
 839  sn2005bc      Ia-norm    0.5483   1.31   0.1519   0.0454    -5.00  0    cut
 840  sn2003kf      Ia-norm    0.5212   1.31   0.1602   0.0441    -9.30  0    cut
 841  sn1996X       Ia-norm    0.5131   1.31   0.1518   0.0470    -1.80  0    cut
 842  sn1996X       Ia-norm    0.5266   1.31   0.1542   0.0225     1.20  0    cut
 843  sn1997ei      Ic-norm    0.5307   1.31   0.0147   0.0370    10.90  1    cut
 844  sn2004ef      Ia-norm    0.5903   1.31   0.1650   0.0443    -6.20  0    cut
 845  sn2002ha      Ia-norm    0.5293   1.31   0.1555   0.0226    -4.20  0    cut
 846  sn2004bg      Ia-norm    0.5348   1.30   0.1536   0.0449    -3.00  0    cut
 847  sn2007ax      Ia-91bg    0.4955   1.30   0.1763   0.0495     1.10  0    cut
 848  sn1994D       Ia-norm    0.5903   1.30   0.1577   0.0461    -6.10  0    cut
 849  sn1998bp      Ia-norm    0.5253   1.30   0.1502   0.0243    -1.90  0    cut
 850  sn1998de      Ia-91bg    0.5293   1.30   0.2032   0.0399    -7.20  0    cut
 851  sn1986G       Ia-91bg    0.5334   1.30   0.1971   0.0494    -1.20  0    cut
 852  sn2004dt      Ia-norm    0.5903   1.30   0.1619   0.0425    -4.50  0    cut
 853  sn1999em      IIP        0.5632   1.30   0.0545   0.0418     1.40  0    cut
 854  sn1999cp      Ia-norm    0.5740   1.30   0.1581   0.0473   -13.80  0    cut
 855  sn2007le      Ia-norm    0.5889   1.30   0.1788   0.0462   -10.30  0    cut
 856  sn1997do      Ia-norm    0.5239   1.30   0.1729   0.0365   -11.60  0    cut
 857  sn1993J       IIb        0.5551   1.30   0.0295   0.0440   -18.00  0    cut
 858  sn1998de      Ia-91bg    0.5293   1.29   0.2019   0.0494    -6.20  0    cut
 859  sn2002jy      Ia-norm    0.5334   1.29   0.1538   0.0440     0.10  0    cut
 860  sn2002dj      Ia-norm    0.5226   1.29   0.1646   0.0384    -8.40  0    cut
 861  sn2000fa      Ia-norm    0.5456   1.29   0.0399   0.0376   -10.40  0    cut
 862  sn2004ef      Ia-norm    0.5903   1.29   0.1633   0.0463    -4.20  0    cut
 863  sn2003Y       Ia-91bg    0.5293   1.28   0.1912   0.0438    -3.40  0    cut
 864  sn2001fh      Ia-norm    0.5253   1.28   0.1527   0.0251    -3.60  0    cut
 865  sn2001ay      Ia-norm    0.5442   1.28   0.1540   0.0245     1.30  0    cut
 866  sn2002dj      Ia-norm    0.5903   1.28   0.1721   0.0481    -8.60  0    cut
 867  sn2003bg      IIb        0.4928   1.28   0.0589   0.0439   -17.30  0    cut
 868  sn2002jy      Ia-norm    0.5334   1.28   0.1529   0.0446     1.10  0    cut
 869  sn2001fh      Ia-norm    0.5266   1.27   0.1520   0.0256    -1.70  0    cut
 870  sn1994S       Ia-norm    0.5063   1.27   0.1519   0.0456     0.90  0    cut
 871  sn2003du      Ia-norm    0.5199   1.27   0.1593   0.0459   -10.70  0    cut
 872  sn2005A       Ia-norm    0.4914   1.27   0.1565   0.0400     1.50  0    cut
 873  sn2003cq      Ia-norm    0.5469   1.27   0.1542   0.0238     1.00  0    cut
 874  sn2005cs      IIP        0.5727   1.27   0.0775   0.0421     0.80  0    cut
 875  sn2001N       Ia-norm    0.5334   1.26   0.1555   0.0259     0.70  0    cut
 876  sn2002cr      Ia-norm    0.5239   1.26   0.1486   0.0227     0.70  0    cut
 877  sn1986G       Ia-91bg    0.5348   1.26   0.1939   0.0515    -0.20  0    cut
 878  sn1996X       Ia-norm    0.5266   1.26   0.1538   0.0446    -2.80  0    cut
 879  sn2004et      IIP        0.5700   1.26   0.0506   0.0419     1.00  0    cut
 880  sn2003W       Ia-norm    0.5334   1.25   0.1660   0.0458    -2.30  0    cut
 881  sn1997dq      Ic-broad   0.5903   1.25   0.0145   0.0464    81.70  1    cut
 882  sn1997bp      Ia-norm    0.5266   1.25   0.1638   0.0409    -1.20  0    cut
 883  sn2003cq      Ia-norm    0.5469   1.25   0.1549   0.0472    -0.90  0    cut
 884  sn2003kf      Ia-norm    0.5266   1.25   0.1609   0.0448    -9.40  0    cut
 885  sn1990K       IIL        0.4711   1.25   0.0276   0.0481   202.50  1    cut
 886  mstar         M-star     0.5740   1.24   0.2580   0.0167     7.00  2    cut
 887  sn1994D       Ia-norm    0.5199   1.24   0.1537   0.0455    -3.10  0    cut
 888  sn1997dq      Ic-broad   0.5903   1.24   0.0182   0.0455    27.90  1    cut
 889  sn1997dq      Ic-broad   0.5903   1.24   0.0182   0.0455    27.90  1    cut
 890  sn2001fh      Ia-norm    0.5253   1.24   0.1530   0.0247    -2.60  0    cut
 891  sn1995F       Ic-norm    0.5903   1.24   0.0142   0.0350    35.80  1    cut
 892  sn2006aj      Ic-broad   0.4562   1.24   0.0298   0.0589     1.50  0    cut
 893  sn2002cu      Ia-norm    0.5361   1.24   0.0344   0.0349    -3.30  0    cut
 894  sn1995F       Ic-norm    0.5903   1.23   0.0142   0.0352    35.70  1    cut
 895  sn2002dj      Ia-norm    0.5903   1.23   0.1737   0.0492    -9.50  0    cut
 896  sn2005bf      Ib-pec     0.5903   1.23   0.3022   0.0336    -3.60  0    cut
 897  sn2004ef      Ia-norm    0.5903   1.23   0.3528   0.0356    -8.10  0    cut
 898  sn1997dq      Ic-broad   0.5212   1.22   0.0137   0.0394    54.80  1    cut
 899  sn2006cp      Ia-norm    0.5903   1.22   0.1767   0.0482   -11.20  0    cut
 900  sn1984A       Ia-norm    0.5903   1.22   0.1790   0.0495    -6.70  0    cut
 901  sn2004et      IIP        0.5754   1.22   0.0538   0.0427    -0.90  0    cut
 902  sn1998de      Ia-91bg    0.5293   1.22   0.2005   0.0533    -5.20  0    cut
 903  sn2003cq      Ia-norm    0.5456   1.22   0.1582   0.0442    -5.80  0    cut
 904  sn1990aa      Ic-norm    0.4806   1.22   0.0190   0.0424    61.50  1    cut
 905  sn2004dt      Ia-norm    0.4468   1.21   0.1580   0.0394    -2.00  0    cut
 906  sn1997do      Ia-norm    0.5239   1.21   0.1712   0.0411   -10.60  0    cut
 907  sn1995F       Ic-norm    0.5903   1.21   0.0165   0.0331     0.20  1    cut
 908  sn1991ar      Ib-norm    0.4292   1.21   0.1400   0.0392     0.00  1    cut
 909  sn1994D       Ia-norm    0.5199   1.21   0.1537   0.0463    -4.10  0    cut
 910  sn2007qe      Ia-norm    0.5903   1.21   0.3636   0.0390    -9.40  0    cut
 911  sn2003du      Ia-norm    0.5199   1.20   0.1605   0.0465   -12.70  0    cut
 912  sn1999em      IIP        0.5131   1.20   0.0681   0.0394    -3.60  0    cut
 913  sn2000cp      Ia-norm    0.5483   1.20   0.1496   0.0503    -0.50  0    cut
 914  sn2006lf      Ia-norm    0.5307   1.20   0.1540   0.0252    -5.50  0    cut
 915  sn1994D       Ia-norm    0.5212   1.20   0.1541   0.0462    -5.10  0    cut
 916  kcSB3         Gal        0.5903   1.20   0.1214   0.0166   -99.90  2    cut
 917  sn1999by      Ia-91bg    0.5158   1.20   0.1868   0.0514    -5.00  0    cut
 918  sn1995F       Ic-norm    0.5144   1.20   0.0170   0.0236     4.00  1    cut
 919  sn1997bq      Ia-norm    0.5280   1.19   0.1642   0.0467    -6.60  0    cut
 920  sn1998ef      Ia-norm    0.5320   1.19   0.1561   0.0260     1.30  0    cut
 921  sn2002er      Ia-norm    0.5144   1.19   0.1536   0.0292     0.90  0    cut
 922  kcSc          Gal        0.5903   1.19   0.2632   0.0273   -99.90  2    cut
 923  sn2005bl      Ia-91bg    0.5158   1.19   0.1497   0.0494    -2.90  0    cut
 924  sn2000fa      Ia-norm    0.5469   1.19   0.1564   0.0488     1.30  0    cut
 925  sn2005cs      IIP        0.4170   1.18   0.2069   0.0304     0.80  0    cut
 926  sn1991ar      Ib-norm    0.4319   1.18   0.1351   0.0484    27.40  1    cut
 927  sn2000cn      Ia-91bg    0.5361   1.18   0.2004   0.0510    -8.30  0    cut
 928  sn1997do      Ia-norm    0.5239   1.18   0.1653   0.0449    -7.60  0    cut
 929  sn1998eg      Ia-norm    0.5388   1.17   0.1509   0.0478    -0.80  0    cut
 930  sn1999ac      Ia-91T     0.5239   1.17   0.1540   0.0522    -3.90  0    cut
 931  sn1999by      Ia-91bg    0.5172   1.17   0.1871   0.0513    -4.10  0    cut
 932  sn1997bq      Ia-norm    0.5280   1.17   0.1682   0.0454    -8.70  0    cut
 933  sn1990K       IIL        0.5226   1.17   0.1286   0.0135   174.70  1    cut
 934  sn2005bf      Ib-pec     0.5903   1.17   0.3014   0.0326    -0.70  0    cut
 935  sn2005bf      Ib-pec     0.5903   1.17   0.3032   0.0347    -5.60  0    cut
 936  sn1999ej      Ia-norm    0.5239   1.16   0.1512   0.0241    -1.80  0    cut
 937  sn2005bf      Ib-pec     0.5903   1.16   0.3050   0.0358    -4.60  0    cut
 938  mstar         M-star     0.5727   1.16   0.2570   0.0480     6.00  2    cut
 939  sn2003bg      IIb        0.4928   1.16   0.0388   0.0417    -7.40  0    cut
 940  sn2005A       Ia-norm    0.5144   1.16   0.1592   0.0479     0.60  0    cut
 941  sn1997bp      Ia-norm    0.5253   1.16   0.1616   0.0481    -0.20  0    cut
 942  sn1990K       IIL        0.4481   1.15   0.0052   0.0487   139.00  1    cut
 943  sn2003W       Ia-norm    0.5334   1.15   0.1631   0.0533    -0.40  0    cut
 944  sn2004at      Ia-norm    0.5320   1.15   0.1956   0.0504    -8.60  0    cut
 945  sn1998de      Ia-91bg    0.5307   1.15   0.1967   0.0561    -3.20  0    cut
 946  sn2002cr      Ia-norm    0.5239   1.15   0.1466   0.0489    -2.40  0    cut
 947  sn1998ef      Ia-norm    0.5307   1.15   0.1579   0.0506    -4.50  0    cut
 948  sn1999cl      Ia-norm    0.5686   1.15   0.1633   0.0524    -7.30  0    cut
 949  sn2002cu      Ia-norm    0.5361   1.15   0.0389   0.0378    -6.30  0    cut
 950  sn2000E       Ia-norm    0.5375   1.15   0.1580   0.0499    -2.30  0    cut
 951  sn1997do      Ia-norm    0.5239   1.14   0.1639   0.0474    -6.60  0    cut
 952  sn1999ac      Ia-91T     0.5239   1.14   0.1531   0.0531    -2.90  0    cut
 953  sn2000cn      Ia-91bg    0.5375   1.14   0.2007   0.0510    -9.30  0    cut
 954  sn1998de      Ia-91bg    0.5293   1.14   0.1979   0.0593    -2.20  0    cut
 955  sn2000dn      Ia-norm    0.5456   1.14   0.1531   0.0487    -7.70  0    cut
 956  sn1997cy      IIn        0.5903   1.14   0.0049   0.0479   116.80  1    cut
 957  sn1997cy      IIn        0.5903   1.14   0.0161   0.0459     0.00  1    cut
 958  sn2005cf      Ia-norm    0.5185   1.13   0.1573   0.0486    -8.70  0    cut
 959  sn1999cp      Ia-norm    0.5212   1.13   0.1654   0.0504   -14.90  0    cut
 960  sn1997bq      Ia-norm    0.5280   1.13   0.1620   0.0490    -5.60  0    cut
 961  sn2003du      Ia-norm    0.5199   1.13   0.1523   0.0496    -1.80  0    cut
 962  sn2002hw      Ia-norm    0.5320   1.13   0.1552   0.0212    -5.20  0    cut
 963  sn1999aw      Ia-91T     0.4075   1.13   0.1809   0.0492    -1.00  0    cut
 964  sn2005bf      Ib-pec     0.5903   1.13   0.3035   0.0373    -7.60  0    cut
 965  sn2003W       Ia-norm    0.5293   1.13   0.1621   0.0525     0.60  0    cut
 966  sn1987A       II-pec     0.4941   1.12   0.1823   0.0268    -4.70  0    cut
 967  sn1997dt      Ia-norm    0.5199   1.12   0.1569   0.0497    -7.70  0    cut
 968  sn1994M       Ia-norm    0.5158   1.12   0.1544   0.0257     1.60  0    cut
 969  sn1998ef      Ia-norm    0.5307   1.12   0.1573   0.0507    -3.60  0    cut
 970  sn1997dt      Ia-norm    0.5199   1.11   0.1585   0.0486   -10.60  0    cut
 971  sn2006D       Ia-norm    0.5903   1.11   0.1467   0.0564    -5.30  0    cut
 972  sn1991A       Ic-norm    0.4765   1.11   0.1376   0.0412    32.60  1    cut
 973  sn2004at      Ia-norm    0.5348   1.11   0.1945   0.0513    -6.60  0    cut
 974  sn2003bg      IIb        0.4874   1.11   0.0528   0.0432   -15.40  0    cut
 975  sn2004at      Ia-norm    0.5361   1.11   0.1526   0.0497    -0.70  0    cut
 976  sn1998S       IIn        0.5050   1.11   0.0311   0.0447     0.90  0    cut
 977  sn2004at      Ia-norm    0.5361   1.11   0.1523   0.0498     0.20  0    cut
 978  sn2002cr      Ia-norm    0.5239   1.11   0.1486   0.0502    -6.30  0    cut
 979  sn2003ch      Ia-norm    0.5388   1.11   0.1503   0.0517    -2.10  0    cut
 980  sn1997cy      IIn        0.5903   1.10   0.0050   0.0593    14.10  1    cut
 981  sn1994D       Ia-norm    0.4941   1.10   0.1587   0.0462    -9.20  0    cut
 982  sn2004at      Ia-norm    0.5334   1.10   0.1946   0.0522    -7.40  0    cut
 983  sn2004at      Ia-norm    0.5361   1.10   0.1519   0.0500     1.20  0    cut
 984  sn1986G       Ia-91bg    0.5496   1.10   0.1943   0.0534    -4.70  0    cut
 985  sn1987A       II-pec     0.4914   1.10   0.1827   0.0289   -16.70  0    cut
 986  sn1998de      Ia-91bg    0.5307   1.09   0.1957   0.0598    -0.30  0    cut
 987  sn2002er      Ia-norm    0.5280   1.09   0.2019   0.0277    -8.00  0    cut
 988  sn1997bp      Ia-norm    0.5266   1.09   0.1610   0.0534     0.80  0    cut
 989  sn2006bp      IIP        0.4102   1.09   0.1513   0.0481    -4.60  0    cut
 990  sn2004dj      IIP        0.4413   1.09  -0.0094   0.0000    89.80  1    cut
 991  sn1997dt      Ia-norm    0.5199   1.09   0.1575   0.0508    -8.70  0    cut
 992  sn1987A       II-pec     0.4914   1.08   0.1821   0.0285     1.30  0    cut
 993  sn1999gi      IIP        0.5090   1.08   0.0667   0.0445    -4.00  0    cut
 994  sn1997bq      Ia-norm    0.5280   1.08   0.1651   0.0520    -7.70  0    cut
 995  sn1994D       Ia-norm    0.5185   1.08   0.1515   0.0512    -0.10  0    cut
 996  sn2006D       Ia-norm    0.5903   1.07   0.1458   0.0579    -1.40  0    cut
 997  sn1997dt      Ia-norm    0.5185   1.07   0.1549   0.0525    -4.70  0    cut
 998  sn2000cn      Ia-91bg    0.5375   1.07   0.1993   0.0533    -7.30  0    cut
 999  sn1994T       Ia-norm    0.4765   1.07   0.1424   0.0385     1.70  0    cut
1000  sn2003du      Ia-norm    0.5172   1.07   0.1505   0.0512     1.10  0    cut
1001  sn1997dc      Ib-norm    0.4508   1.07   0.0068   0.0234     0.00  1    cut
1002  sn1990K       IIL        0.5212   1.07   0.2104   0.0448   147.00  1    cut
1003  sn2002bo      Ia-norm    0.5172   1.07   0.1614   0.0499    -7.30  0    cut
1004  sn2007Y       Ib-norm    0.4955   1.06   0.1826   0.0623   -15.00  0    cut
1005  sn1997bp      Ia-norm    0.5266   1.06   0.1597   0.0545     1.80  0    cut
1006  sn1997cy      IIn        0.5903   1.06   0.0012   0.0615    57.20  1    cut
1007  sn2002cf      Ia-91bg    0.5293   1.06   0.1970   0.0554    -5.40  0    cut
1008  sn2003U       Ia-norm    0.5429   1.06   0.1539   0.0514    -5.60  0    cut
1009  sn1984A       Ia-norm    0.4386   1.06   0.1700   0.0449    -5.90  0    cut
1010  kcSB5         Gal        0.5903   1.06   0.2475   0.0222   -99.90  2    cut
1011  sn2006gt      Ia-91bg    0.5903   1.06   0.1432   0.0573     1.30  0    cut
1012  sn1986G       Ia-91bg    0.5483   1.05   0.1930   0.0543    -3.70  0    cut
1013  sn2002bo      Ia-norm    0.5172   1.05   0.1576   0.0526    -4.30  0    cut
1014  sn2002dl      Ia-91bg    0.5307   1.05   0.1572   0.0544    -7.40  0    cut
1015  sn2002dl      Ia-91bg    0.5307   1.05   0.1969   0.0528    -8.40  0    cut
1016  sn2006D       Ia-norm    0.5903   1.05   0.1471   0.0573    -7.30  0    cut
1017  sn1997dt      Ia-norm    0.5185   1.05   0.1585   0.0515    -9.70  0    cut
1018  sn2004dt      Ia-norm    0.5361   1.05   0.1601   0.0433    -6.50  0    cut
1019  sn1997cy      IIn        0.5903   1.05   0.0136   0.0610   174.50  1    cut
1020  sn2005cs      IIP        0.5781   1.05   0.0492   0.0500    -1.90  0    cut
1021  sn2002cr      Ia-norm    0.5239   1.04   0.1910   0.0568   -11.20  0    cut
1022  sn2002bo      Ia-norm    0.5172   1.04   0.1599   0.0521    -6.30  0    cut
1023  sn2002dl      Ia-91bg    0.5307   1.04   0.1977   0.0548    -6.50  0    cut
1024  sn1995F       Ic-norm    0.5903   1.04   0.0142   0.0437    56.90  1    cut
1025  sn2002bo      Ia-norm    0.5172   1.03   0.1586   0.0534    -5.40  0    cut
1026  sn2002bo      Ia-norm    0.5172   1.03   0.1567   0.0542    -3.40  0    cut
1027  kcE           Gal        0.5903   1.03   0.1548   0.0587   -99.90  2    cut
1028  sn1990aa      Ic-norm    0.4806   1.03   0.0090   0.0512   116.10  1    cut
1029  sn1990N       Ia-norm    0.5009   1.03   0.1455   0.0515     1.60  0    cut
1030  sn2004at      Ia-norm    0.5361   1.03   0.1554   0.0523    -3.60  0    cut
1031  sn2002er      Ia-norm    0.5185   1.03   0.1546   0.0551    -3.80  0    cut
1032  sn2003cg      Ia-norm    0.5158   1.03   0.1503   0.0575     1.90  0    cut
1033  sn1994D       Ia-norm    0.5212   1.02   0.1572   0.0495    -8.10  0    cut
1034  sn1998S       IIn        0.5903   1.02   0.0065   0.0476    -1.50  0    cut
1035  sn2002hw      Ia-norm    0.5320   1.02   0.1529   0.0534    -6.00  0    cut
1036  sn2001cp      Ia-norm    0.5361   1.02   0.1569   0.0530    -3.90  0    cut
1037  sn1997cy      IIn        0.5903   1.02   0.0107   0.0475    71.30  1    cut
1038  sn2004at      Ia-norm    0.5348   1.02   0.1562   0.0534    -4.70  0    cut
1039  sn2005bf      Ib-pec     0.5903   1.02   0.1311   0.0539    -2.70  0    cut
1040  sn2000dk      Ia-norm    0.5320   1.02   0.1556   0.0262    -5.10  0    cut
1041  sn1997cy      IIn        0.5903   1.02   0.3092   0.0345   226.10  1    cut
1042  sn1998dh      Ia-norm    0.5172   1.01   0.1547   0.0556    -5.40  0    cut
1043  sn1999ac      Ia-91T     0.5239   1.01   0.1514   0.0579    -0.90  0    cut
1044  sn2002bo      Ia-norm    0.5172   1.01   0.1555   0.0557    -2.40  0    cut
1045  sn1990K       IIL        0.4955   1.01   0.0229   0.0454   174.70  1    cut
1046  sn1997dt      Ia-norm    0.5185   1.00   0.1500   0.0566     0.20  0    cut
1047  sn1994I       Ic-norm    0.5172   1.00   0.1875   0.0650     1.30  0    cut
1048  sn2005ke      Ia-91bg    0.5808   1.00   0.1431   0.0583     0.50  0    cut
1049  sn2002hw      Ia-norm    0.5307   1.00   0.1924   0.0549    -3.20  0    cut
1050  sn2005cs      IIP        0.5740   1.00   0.0785   0.0496    -0.20  0    cut
1051  sn2002bo      Ia-norm    0.5172   1.00   0.1545   0.0564    -1.50  0    cut
1052  sn2002dp      Ia-norm    0.5253   0.99   0.1523   0.0561    -4.80  0    cut
1053  sn2004dt      Ia-norm    0.4522   0.99   0.1671   0.0466    -8.90  0    cut
1054  sn1997dq      Ic-broad   0.5239   0.99   0.0234   0.0445   222.20  1    cut
1055  sn1998dh      Ia-norm    0.5185   0.99   0.1559   0.0569    -7.50  0    cut
1056  sn1999da      Ia-91bg    0.5239   0.98   0.1960   0.0648    -2.60  0    cut
1057  sn1997cy      IIn        0.5903   0.97   0.0418   0.0439    29.40  1    cut
1058  sn1987A       II-pec     0.4914   0.97   0.1815   0.0702    -8.70  0    cut
1059  sn2005bf      Ib-pec     0.5903   0.97   0.1313   0.0674    -1.60  0    cut
1060  sn2002cr      Ia-norm    0.5239   0.97   0.1503   0.0554    -8.20  0    cut
1061  sn1998dh      Ia-norm    0.5199   0.96   0.1571   0.0570    -8.40  0    cut
1062  sn1998ec      Ia-norm    0.5320   0.96   0.1601   0.0582    -3.00  0    cut
1063  sn2006bp      IIP        0.4088   0.96   0.2277   0.0354     0.10  0    cut
1064  sn1990K       IIL        0.4549   0.95   0.0333   0.0529   160.90  1    cut
1065  sn1998dh      Ia-norm    0.5199   0.95   0.1536   0.0592    -3.50  0    cut
1066  sn1990K       IIL        0.4468   0.94   0.0333   0.0657   201.60  1    cut
1067  kcSB1         Gal        0.5903   0.94   0.2453   0.0128   -99.90  2    cut
1068  sn1987A       II-pec     0.4941   0.94   0.1824   0.0696    -2.70  0    cut
1069  sn1998ec      Ia-norm    0.5334   0.94   0.1609   0.0590    -3.90  0    cut
1070  sn1984A       Ia-norm    0.4156   0.93   0.0468   0.0546    -7.00  0    cut
1071  sn1995F       Ic-norm    0.5144   0.93   0.1833   0.0645     1.90  1    cut
1072  sn1997dq      Ic-broad   0.5158   0.92   0.1844   0.0636     0.00  1    cut
1073  sn1998dh      Ia-norm    0.5212   0.91   0.1577   0.0599    -9.40  0    cut
1074  sn2003cg      Ia-norm    0.5239   0.90   0.1526   0.0610     1.80  0    cut
1075  sn1997dq      Ic-broad   0.5172   0.89   0.1860   0.0635    14.90  1    cut
1076  sn2001el      Ia-norm    0.4061   0.88   0.1643   0.0499    -3.80  0    cut
1077  sn1987A       II-pec     0.4941   0.87   0.1787   0.0760   -17.00  0    cut
1078  sn1997cy      IIn        0.5903   0.87   0.0191   0.0761   377.70  1    cut
1079  sn1987A       II-pec     0.4941   0.86   0.1796   0.0749    -9.90  0    cut
1080  sn1997dq      Ic-broad   0.5172   0.86   0.1858   0.0660    17.90  1    cut
1081  sn1997dq      Ic-broad   0.5185   0.84   0.1826   0.0675    21.90  1    cut
1082  sn1998S       IIn        0.4657   0.83   0.1295   0.0257     1.90  0    cut
1083  sn1987A       II-pec     0.4928   0.83   0.1796   0.0766    -2.00  0    cut
1084  sn1997cy      IIn        0.5903   0.82   0.2566   0.0307   125.30  1    cut
1085  sn1999em      IIP        0.5903   0.82   0.0695   0.0467    -3.70  0    cut
1086  sn1997dq      Ic-broad   0.5185   0.81   0.1848   0.0685    26.90  1    cut
1087  sn1994D       Ia-norm    0.5117   0.79   0.1557   0.0551    -8.20  0    cut
1088  sn1990K       IIL        0.5239   0.78   0.0755   0.0575   136.10  1    cut
1089  sn1991N       Ic-norm    0.4644   0.76   0.0253   0.0924   276.10  1    cut
1090  sn1997cy      IIn        0.5903   0.75   0.0135   0.0557   196.10  1    cut
1091  kcSB2         Gal        0.5903   0.71   0.0437   0.0448   -99.90  2    cut
1092  sn1999gi      IIP        0.5077   0.61   0.0649   0.0559    -5.00  0    cut
