### SNID output file ###
 
### input spectrum and options ###
# Input spectrum                 : 15776_5.20.dat
# Parameter file                 : NA
# Wavelength range               :    4275.00   7345.00
# Mask file                      : NA
# Median filtering width [A]     : NA
# Median filtering width [pix]   :       1.00
# Clip emission redshift         :     0.3158
# Clip sky lines                 : 0
# Emission clip width [A]        :       0.32
# Keep A-band                    : 1
# Age range                      :     -90.00   1000.00
# Delta range                    :      -9.99     99.90
# Min. number of spectra/template:   1
# Use only templates             : NA
# Use only types                 : NA
# Avoid templates                : NA
# Avoid types                    : NA
# rlapmin                        :       5.00
# Redshift range                 :    -0.0100    1.2000
# Forced initial redshift        :     0.3158
# Extra fake redshift            : NA
# Nsigma for initial redshift    : NA
# Redshift filter                :     0.0200
# Wavenumbers k1,k2,k3,k4        :     1    4   85  102
# Template directory             : /Users/daniel/snid-5.0/templates/
 
### initial/user-input redshift ###
zinit       0.0000
zuser       0.3158
 
### median redshift/age and error ###
zmed        0.3261    0.0112
agem         -4.25      1.06
 
### type fraction/redshift/age ###
#type ntemp fraction slope redshift redshift_error age age_error
Ia              2      1.00    0.0000    0.3261    0.0112    -4.250     1.061
Ia-norm         2      1.00    0.0000    0.3261    0.0112    -4.250     1.061
Ia-91T          0      0.00    0.0000    0.0000    0.0000     0.000     0.000
Ia-91bg         0      0.00    0.0000    0.0000    0.0000     0.000     0.000
Ia-csm          0      0.00    0.0000    0.0000    0.0000     0.000     0.000
Ia-pec          0      0.00    0.0000    0.0000    0.0000     0.000     0.000
###
Ib              0      0.00    0.0000    0.0000    0.0000     0.000     0.000
Ib-norm         0      0.00    0.0000    0.0000    0.0000     0.000     0.000
Ib-pec          0      0.00    0.0000    0.0000    0.0000     0.000     0.000
IIb             0      0.00    0.0000    0.0000    0.0000     0.000     0.000
###
Ic              0      0.00    0.0000    0.0000    0.0000     0.000     0.000
Ic-norm         0      0.00    0.0000    0.0000    0.0000     0.000     0.000
Ic-pec          0      0.00    0.0000    0.0000    0.0000     0.000     0.000
Ic-broad        0      0.00    0.0000    0.0000    0.0000     0.000     0.000
###
II              0      0.00    0.0000    0.0000    0.0000     0.000     0.000
IIP             0      0.00    0.0000    0.0000    0.0000     0.000     0.000
II-pec          0      0.00    0.0000    0.0000    0.0000     0.000     0.000
IIn             0      0.00    0.0000    0.0000    0.0000     0.000     0.000
IIL             0      0.00    0.0000    0.0000    0.0000     0.000     0.000
###
NotSN           0      0.00    0.0000    0.0000    0.0000     0.000     0.000
AGN             0      0.00    0.0000    0.0000    0.0000     0.000     0.000
Gal             0      0.00    0.0000    0.0000    0.0000     0.000     0.000
LBV             0      0.00    0.0000    0.0000    0.0000     0.000     0.000
M-star          0      0.00    0.0000    0.0000    0.0000     0.000     0.000
 
### rlap-ordered template listings ###
#no. sn type lap rlap z zerr age age_flag grade
   1  sn92A         Ia-norm    0.5334   5.05   0.3340   0.0109    -5.00  0   good
   2  sn02er        Ia-norm    0.4968   5.02   0.3182   0.0114    -3.50  0   good
#--- rlap cutoff
   3  sn91M         Ia-norm    0.4671   4.94   0.3178   0.0109     2.70  0    cut
   4  sn95D         Ia-norm    0.5009   4.93   0.3103   0.0119     4.20  0    cut
   5  sn81B         Ia-norm    0.5334   4.86   0.3271   0.0111    -0.90  0    cut
   6  sn02er        Ia-norm    0.5199   4.86   0.3299   0.0121    -8.40  0    cut
   7  sn81B         Ia-norm    0.5334   4.84   0.3271   0.0111     0.00  0    cut
   8  sn96X         Ia-norm    0.5334   4.70   0.3105   0.0115     0.90  0    cut
   9  sn92A         Ia-norm    0.5334   4.69   0.3261   0.0110    -0.40  0    cut
  10  sn03du        Ia-norm    0.4671   4.67   0.3083   0.0127     3.90  0    cut
  11  sn96X         Ia-norm    0.5334   4.62   0.3095   0.0115     1.90  0    cut
  12  sn03du        Ia-norm    0.4657   4.50   0.3122   0.0132     1.90  0    cut
  13  sn02er        Ia-norm    0.5036   4.41   0.3254   0.0129    -6.40  0    cut
  14  sn00H         IIb        0.5131   4.39   0.2967   0.0146    55.80  0    cut
  15  sn94D         Ia-norm    0.4874   4.39   0.3063   0.0121     2.90  0    cut
  16  sn03du        Ia-norm    0.4671   4.30   0.3143   0.0140    -0.20  0    cut
  17  sn03du        Ia-norm    0.4833   4.22   0.3161   0.0144    -1.10  0    cut
  18  sn89B         Ia-norm    0.5334   4.22   0.3143   0.0135    -0.50  0    cut
  19  sn94ae        Ia-norm    0.4684   4.16   0.3103   0.0136     3.30  0    cut
  20  sn04eo        Ia-norm    0.5226   4.10   0.3163   0.0139    -6.40  0    cut
  21  sn02er        Ia-norm    0.5334   4.06   0.3262   0.0148    -4.40  0    cut
  22  sn03du        Ia-norm    0.5334   4.03   0.3111   0.0141     5.00  0    cut
  23  sn94ae        Ia-norm    0.4562   3.97   0.3090   0.0140     4.40  0    cut
  24  sn90O         Ia-norm    0.5334   3.96   0.3323   0.0162    -5.10  0    cut
  25  sn94D         Ia-norm    0.5117   3.90   0.3212   0.0141    -4.80  0    cut
  26  sn00H         IIb        0.4968   3.90   0.3008   0.0160    65.10  0    cut
  27  sn03du        Ia-norm    0.4671   3.88   0.3139   0.0150     0.80  0    cut
  28  sn94D         Ia-norm    0.4847   3.87   0.3147   0.0138    -1.80  0    cut
  29  sn89B         Ia-norm    0.5334   3.87   0.3184   0.0149    -6.30  0    cut
  30  sn92A         Ia-norm    0.5334   3.86   0.3279   0.0124     5.90  0    cut
  31  sn02er        Ia-norm    0.5334   3.81   0.3210   0.0146    -1.50  0    cut
  32  sn90O         Ia-norm    0.5334   3.81   0.3349   0.0172    -6.10  0    cut
  33  sn03du        Ia-norm    0.5334   3.79   0.3214   0.0165    -3.20  0    cut
  34  sn02er        Ia-norm    0.5334   3.79   0.3223   0.0149    -2.50  0    cut
  35  sn94D         Ia-norm    0.5334   3.79   0.3183   0.0149    -3.80  0    cut
  36  sn94ae        Ia-norm    0.4644   3.72   0.3084   0.0144     6.40  0    cut
  37  sn95D         Ia-norm    0.5009   3.71   0.3082   0.0146     6.10  0    cut
  38  sn02er        Ia-norm    0.5334   3.70   0.3259   0.0156    -5.40  0    cut
  39  sn96C         Ia-norm    0.4914   3.68   0.3041   0.0140     8.30  0    cut
  40  sn04S         Ia-norm    0.5334   3.63   0.3188   0.0153     7.50  0    cut
  41  sn92A         Ia-norm    0.5334   3.61   0.3256   0.0127     2.40  0    cut
  42  sn03du        Ia-norm    0.4874   3.60   0.3365   0.0155   -10.10  0    cut
  43  sn02bo        Ia-norm    0.5199   3.55   0.3242   0.0153    -1.40  0    cut
  44  sn90N         Ia-norm    0.4644   3.51   0.3142   0.0183   -13.20  0    cut
  45  sn02bo        Ia-norm    0.5334   3.50   0.3281   0.0162    -4.50  0    cut
  46  sn95D         Ia-norm    0.5063   3.49   0.3076   0.0152     8.10  0    cut
  47  sn98dt        Ib-norm    0.5334   3.48   0.3136   0.0184     7.90  0    cut
  48  sn89B         Ia-norm    0.4711   3.44   0.3094   0.0152     3.50  0    cut
  49  sn94S         Ia-norm    0.5334   3.43   0.3176   0.0189    -2.50  0    cut
  50  sn94ae        Ia-norm    0.5334   3.43   0.3074   0.0136     9.40  0    cut
  51  sn03du        Ia-norm    0.5334   3.43   0.3250   0.0179    -5.00  0    cut
  52  sn05bf        Ib-pec     0.4847   3.41   0.3002   0.0170    22.80  0    cut
  53  sn94ae        Ia-norm    0.4427   3.35   0.3094   0.0159     2.30  0    cut
  54  sn99ee        Ia-norm    0.5293   3.33   0.3159   0.0148    11.10  0    cut
  55  sn90O         Ia-norm    0.5334   3.31   0.3381   0.0192    -7.10  0    cut
  56  sn04S         Ia-norm    0.5334   3.30   0.3253   0.0176     1.70  0    cut
  57  sn84L         Ib-norm    0.4955   3.29   0.2908   0.0188    69.60  0    cut
  58  sn02er        Ia-norm    0.5158   3.28   0.3119   0.0145     5.50  0    cut
  59  sn03du        Ia-norm    0.4792   3.27   0.3070   0.0145     7.90  0    cut
  60  sn02er        Ia-norm    0.5334   3.21   0.3146   0.0161     3.40  0    cut
  61  sn99aw        Ia-91T     0.4982   3.21   0.3295   0.0174     0.30  0    cut
  62  sn98S         IIn        0.4021   3.19   0.3751   0.0065   305.10  0    cut
  63  sn92A         Ia-norm    0.4968   3.19   0.3188   0.0143     6.30  0    cut
  64  sn99ee        Ia-norm    0.4982   3.18   0.3184   0.0157     7.10  0    cut
  65  sn03du        Ia-norm    0.4684   3.15   0.3234   0.0191    -7.00  0    cut
  66  sn94ae        Ia-norm    0.4765   3.13   0.3045   0.0152     9.30  0    cut
  67  sn03du        Ia-norm    0.4806   3.11   0.3060   0.0150     8.90  0    cut
  68  sn02bo        Ia-norm    0.4928   3.09   0.3198   0.0172    -0.30  0    cut
  69  sn03du        Ia-norm    0.4928   3.08   0.3055   0.0151     9.80  0    cut
  70  sn94ae        Ia-norm    0.4400   3.06   0.3115   0.0164     1.30  0    cut
  71  sn99em        IIP        0.5334   3.06   0.3698   0.0161    -3.70  0    cut
  72  sn94D         Ia-norm    0.5334   3.05   0.3244   0.0193    -5.60  0    cut
  73  sn99ac        Ia-91T     0.5158   3.02   0.3230   0.0168     0.80  0    cut
  74  sn94D         Ia-norm    0.5334   3.01   0.3464   0.0211   -10.70  0    cut
  75  sn96cb        IIb        0.5334   2.99   0.2944   0.0166    92.50  0    cut
  76  sn02bo        Ia-norm    0.4657   2.98   0.3223   0.0168    -2.50  0    cut
  77  sn00H         IIb        0.4968   2.97   0.3060   0.0207    29.20  0    cut
  78  sn99ac        Ia-91T     0.5320   2.97   0.3234   0.0170     3.10  0    cut
  79  sn91T         Ia-91T     0.5239   2.96   0.1653   0.0201    -9.30  0    cut
  80  sn91T         Ia-91T     0.5253   2.94   0.1664   0.0201   -10.30  0    cut
  81  sn92A         Ia-norm    0.4616   2.91   0.3307   0.0160    -5.00  0    cut
  82  sn04eo        Ia-norm    0.4711   2.90   0.3083   0.0159     2.20  0    cut
  83  sn02er        Ia-norm    0.4752   2.90   0.3170   0.0160    -0.50  0    cut
  84  sn05bf        Ib-pec     0.4833   2.89   0.2959   0.0176    -2.70  0    cut
  85  sn02bo        Ia-norm    0.4657   2.88   0.3238   0.0172    -3.40  0    cut
  86  sn96cb        IIb        0.4346   2.87   0.2948   0.0170    67.60  0    cut
  87  sn98S         IIn        0.4021   2.85   0.3762   0.0078   268.20  0    cut
  88  sn91T         Ia-91T     0.4630   2.84   0.1630   0.0209    -5.30  0    cut
  89  sn05gj        Ia-csm     0.4346   2.83   0.1162   0.0162    39.40  0    cut
  90  sn05bf        Ib-pec     0.4833   2.83   0.2949   0.0175    -1.60  0    cut
  91  sn94ae        Ia-norm    0.4725   2.83   0.3044   0.0162    10.40  0    cut
  92  sn92A         Ia-norm    0.4562   2.82   0.3258   0.0160    -0.60  0    cut
  93  sn99ee        Ia-norm    0.5307   2.82   0.3243   0.0189     2.20  0    cut
  94  sn91T         Ia-91T     0.5334   2.80   0.1615   0.0208    -0.20  0    cut
  95  sn02bo        Ia-norm    0.4657   2.79   0.3211   0.0177    -1.50  0    cut
  96  sn01el        Ia-norm    0.5172   2.79   0.3250   0.0187     9.20  0    cut
  97  sn03du        Ia-norm    0.4833   2.79   0.3357   0.0193    -6.20  0    cut
  98  sn06gz        Ia-pec     0.5334   2.78   0.3116   0.0186     4.30  0    cut
  99  sn99ac        Ia-91T     0.5334   2.75   0.3203   0.0151     9.20  0    cut
 100  sn84L         Ib-norm    0.4914   2.75   0.2991   0.0211    56.70  0    cut
 101  sn05bf        Ib-pec     0.4820   2.71   0.2949   0.0189    -3.60  0    cut
 102  sn05bf        Ib-pec     0.4792   2.70   0.2931   0.0174     1.20  0    cut
 103  sn90I         Ib-norm    0.4792   2.70   0.3180   0.0174    19.40  0    cut
 104  sn95E         Ia-norm    0.5023   2.70   0.3065   0.0154    10.00  0    cut
 105  sn93J         IIb        0.5063   2.69   0.2934   0.0228    68.00  0    cut
 106  sn89B         Ia-norm    0.4671   2.69   0.3089   0.0168     5.50  0    cut
 107  sn91T         Ia-91T     0.4630   2.67   0.1639   0.0220    -6.40  0    cut
 108  sn02bo        Ia-norm    0.5334   2.66   0.3168   0.0174     5.50  0    cut
 109  sn05bf        Ib-pec     0.4251   2.65   0.3070   0.0160    32.70  0    cut
 110  sn99aa        Ia-91T     0.5334   2.65   0.3319   0.0215     2.70  0    cut
 111  sn99ee        Ia-norm    0.5293   2.65   0.3263   0.0201     0.30  0    cut
 112  sn98aq        Ia-norm    0.4007   2.61   0.2765   0.0177   230.30  0    cut
 113  sn94D         Ia-norm    0.4359   2.61   0.1176   0.0157    19.20  0    cut
 114  sn03cg        Ia-norm    0.4630   2.61   0.3101   0.0177     4.50  0    cut
 115  sn99aa        Ia-91T     0.5158   2.61   0.3311   0.0220    -0.60  0    cut
 116  sn99aw        Ia-91T     0.4644   2.60   0.3250   0.0200     3.20  0    cut
 117  sn05gj        Ia-csm     0.4007   2.60   0.1146   0.0188    40.50  0    cut
 118  sn93J         IIb        0.4698   2.60   0.3122   0.0209    34.70  0    cut
 119  sn05bf        Ib-pec     0.4820   2.59   0.2945   0.0182    -0.70  0    cut
 120  sn05bf        Ib-pec     0.5334   2.59   0.2932   0.0185     3.40  0    cut
 121  sn03du        Ia-norm    0.4928   2.58   0.3056   0.0165    10.80  0    cut
 122  sn99aa        Ia-91T     0.4738   2.58   0.1815   0.0218    -8.50  0    cut
 123  sn84L         Ib-norm    0.4968   2.57   0.3063   0.0225    27.90  0    cut
 124  sn92A         Ia-norm    0.4549   2.57   0.3225   0.0172     3.30  0    cut
 125  sn94T         Ia-norm    0.4941   2.56   0.3155   0.0171     1.20  0    cut
 126  sn96cb        IIb        0.4088   2.55   0.3041   0.0174    56.70  0    cut
 127  sn02cx        Ia-pec     0.4928   2.55   0.1049   0.0160    23.00  0    cut
 128  sn95F         Ic-norm    0.4928   2.55   0.3114   0.0206     0.00  1    cut
 129  sn98S         IIn        0.4021   2.55   0.3742   0.0080   310.10  0    cut
 130  sn98S         IIn        0.4021   2.54   0.3742   0.0084   383.60  0    cut
 131  sn06bp        IIP        0.4075   2.54   0.3590   0.0189     3.30  0    cut
 132  sn02bo        Ia-norm    0.4644   2.52   0.3206   0.0188    -1.20  0    cut
 133  sn99ac        Ia-91T     0.5334   2.52   0.3155   0.0152    12.20  0    cut
 134  sn93ac        Ia-norm    0.5334   2.51   0.3158   0.0175     6.90  0    cut
 135  sn98aq        Ia-norm    0.4616   2.51   0.3067   0.0198    -8.00  0    cut
 136  sn94D         Ia-norm    0.4305   2.49   0.1188   0.0160    17.20  0    cut
 137  sn96X         Ia-norm    0.4319   2.49   0.3119   0.0168     0.00  0    cut
 138  sn05bf        Ib-pec     0.4833   2.49   0.2909   0.0209     8.20  0    cut
 139  sn90N         Ia-norm    0.5334   2.48   0.3106   0.0212     4.90  0    cut
 140  sn96X         Ia-norm    0.4305   2.48   0.3107   0.0170     1.90  0    cut
 141  sn84L         Ib-norm    0.4373   2.48   0.3019   0.0209    70.60  0    cut
 142  sn93J         IIb        0.4657   2.47   0.2914   0.0227    70.00  0    cut
 143  sn05bf        Ib-pec     0.4820   2.47   0.3168   0.0176   -26.20  0    cut
 144  sn91T         Ia-91T     0.4630   2.47   0.1654   0.0232    -7.30  0    cut
 145  sn05hk        Ia-pec     0.4170   2.46   0.1067   0.0179    14.30  0    cut
 146  sn97cy        IIn        0.5226   2.46   0.0378   0.0234   377.70  1    cut
 147  sn05bf        Ib-pec     0.4820   2.46   0.2916   0.0213     6.20  0    cut
 148  sn99ex        Ib-norm    0.5266   2.46   0.3235   0.0211    -4.50  0    cut
 149  sn98bu        Ia-norm    0.4305   2.46   0.3107   0.0180     1.20  0    cut
 150  sn93J         IIb        0.4860   2.46   0.0394   0.0238   366.00  0    cut
 151  sn05bf        Ib-pec     0.4806   2.45   0.2969   0.0207    -5.60  0    cut
 152  sn99ee        Ia-norm    0.5293   2.45   0.3131   0.0181    16.10  0    cut
 153  sn94ae        Ia-norm    0.4292   2.44   0.3119   0.0190     3.30  0    cut
 154  sn98aq        Ia-norm    0.4034   2.43   0.2756   0.0185   240.30  0    cut
 155  lbv01ac       LBV        0.5334   2.43   0.2486   0.0195   -99.90  2    cut
 156  sn05gj        Ia-csm     0.4129   2.43   0.1340   0.0231    10.40  0    cut
 157  sn02cx        Ia-pec     0.4251   2.43   0.1085   0.0158    10.30  0    cut
 158  sn98S         IIn        0.4021   2.43   0.3746   0.0080   300.00  0    cut
 159  sn93J         IIb        0.4603   2.43   0.0435   0.0258   391.80  0    cut
 160  sn94ae        Ia-norm    0.4616   2.43   0.3051   0.0175    11.30  0    cut
 161  sn05gj        Ia-csm     0.4237   2.42   0.1208   0.0199    27.30  0    cut
 162  sn94D         Ia-norm    0.5334   2.42   0.1151   0.0179    24.20  0    cut
 163  sn02bo        Ia-norm    0.4034   2.42   0.3278   0.0200    -8.10  0    cut
 164  sn94D         Ia-norm    0.5334   2.41   0.3444   0.0234   -10.60  0    cut
 165  sn96X         Ia-norm    0.4319   2.40   0.3119   0.0172     1.00  0    cut
 166  sn05bf        Ib-pec     0.4820   2.39   0.2970   0.0214    -4.60  0    cut
 167  sn06bp        IIP        0.4075   2.38   0.3601   0.0199     4.20  0    cut
 168  sn00E         Ia-norm    0.4468   2.38   0.1665   0.0241    -5.50  0    cut
 169  sn05bf        Ib-pec     0.4251   2.37   0.3079   0.0208    25.80  0    cut
 170  sn05bf        Ib-pec     0.4833   2.36   0.2933   0.0233     3.20  0    cut
 171  sn93J         IIb        0.4901   2.36   0.3513   0.0168    41.40  0    cut
 172  sn95F         Ic-norm    0.4941   2.36   0.3058   0.0235    56.70  1    cut
 173  sn91T         Ia-91T     0.5334   2.36   0.2419   0.0229   -11.50  0    cut
 174  sn05hk        Ia-pec     0.4765   2.35   0.1044   0.0180    20.30  0    cut
 175  sn98S         IIn        0.4021   2.35   0.3776   0.0078   247.30  0    cut
 176  sn02bo        Ia-norm    0.4034   2.34   0.3266   0.0203    -7.00  0    cut
 177  sn06gz        Ia-pec     0.4549   2.34   0.1799   0.0217   -14.20  0    cut
 178  sn99ee        Ia-norm    0.5307   2.33   0.3378   0.0233    -6.70  0    cut
 179  sn04eo        Ia-norm    0.4183   2.33   0.1166   0.0165    21.40  0    cut
 180  sn94D         Ia-norm    0.4738   2.32   0.3143   0.0179     2.20  0    cut
 181  sn93J         IIb        0.5280   2.31   0.0404   0.0279   412.00  0    cut
 182  sn05bf        Ib-pec     0.4820   2.31   0.2931   0.0232     5.20  0    cut
 183  sn86G         Ia-91bg    0.4901   2.31   0.2887   0.0181    90.00  0    cut
 184  sn02ic        Ia-csm     0.4170   2.31   0.1182   0.0171    31.90  0    cut
 185  sn05gj        Ia-csm     0.4156   2.30   0.1273   0.0225    17.90  0    cut
 186  sn05bf        Ib-pec     0.4833   2.30   0.3157   0.0203   -24.20  0    cut
 187  sn98bu        Ia-norm    0.4034   2.30   0.2737   0.0181   242.80  0    cut
 188  sn06gz        Ia-pec     0.4887   2.30   0.3093   0.0203     6.30  0    cut
 189  sn94D         Ia-norm    0.4048   2.30   0.3149   0.0194    -3.60  0    cut
 190  sn05bf        Ib-pec     0.4820   2.29   0.2963   0.0216    -7.60  0    cut
 191  mstar         M-star     0.4589   2.29   0.2811   0.0246     6.00  2    cut
 192  sn05bf        Ib-pec     0.4820   2.29   0.3170   0.0198   -28.10  0    cut
 193  sn91N         Ic-norm    0.5334   2.29   0.1431   0.0412     0.00  1    cut
 194  sn05hk        Ia-pec     0.5334   2.27   0.1047   0.0186    23.40  0    cut
 195  sn98bu        Ia-norm    0.4034   2.26   0.2747   0.0176   216.90  0    cut
 196  sn02cx        Ia-pec     0.5334   2.25   0.1049   0.0176    24.10  0    cut
 197  sn96X         Ia-norm    0.4332   2.25   0.1206   0.0172    20.80  0    cut
 198  sn99em        IIP        0.5212   2.24   0.3065   0.0283   307.80  0    cut
 199  sn96X         Ia-norm    0.4305   2.23   0.3112   0.0178     2.90  0    cut
 200  sn90N         Ia-norm    0.5334   2.23   0.3517   0.0241   -13.20  0    cut
 201  sn05bf        Ib-pec     0.4251   2.23   0.3102   0.0180    29.70  0    cut
 202  sn90N         Ia-norm    0.5334   2.23   0.3349   0.0253    -6.40  0    cut
 203  sn06aj        Ic-broad   0.5172   2.22   0.0509   0.0294    -5.00  0    cut
 204  sn06aj        Ic-broad   0.5185   2.22   0.0462   0.0337    -2.10  0    cut
 205  sn05hk        Ia-pec     0.4765   2.22   0.1462   0.0241    -5.30  0    cut
 206  sn99gi        IIP        0.4021   2.22   0.1003   0.0222   160.40  0    cut
 207  sn05bf        Ib-pec     0.4806   2.21   0.2931   0.0233     2.20  0    cut
 208  sn03fg        Ia-pec     0.5334   2.21   0.2944   0.0194     2.00  0    cut
 209  sn99ee        Ia-norm    0.5334   2.21   0.3449   0.0244    -8.60  0    cut
 210  sn97br        Ia-91T     0.4264   2.21   0.1204   0.0187    21.30  0    cut
 211  sn93J         IIb        0.5158   2.20   0.2877   0.0226    88.00  0    cut
 212  sn99ac        Ia-91T     0.5334   2.20   0.3168   0.0164    17.10  0    cut
 213  sn99dn        Ib-norm    0.4427   2.20   0.3082   0.0250     6.90  1    cut
 214  sn96X         Ia-norm    0.5334   2.19   0.1178   0.0184    24.70  0    cut
 215  sn05gj        Ia-csm     0.4075   2.19   0.1123   0.0206    67.70  0    cut
 216  sn98S         IIn        0.4021   2.18   0.3739   0.0081   355.80  0    cut
 217  sn89B         Ia-norm    0.4589   2.18   0.3073   0.0193     7.50  0    cut
 218  sn05hk        Ia-pec     0.4752   2.18   0.1422   0.0260    -3.30  0    cut
 219  sn00E         Ia-norm    0.4346   2.18   0.1675   0.0265    -2.50  0    cut
 220  sn98bw        Ic-broad   0.4806   2.18   0.0359   0.0398    15.70  0    cut
 221  sn98S         IIn        0.4021   2.18   0.3736   0.0087   325.00  0    cut
 222  sn96X         Ia-norm    0.5334   2.18   0.3065   0.0188     7.80  0    cut
 223  sn02bo        Ia-norm    0.4034   2.17   0.3249   0.0211    -6.00  0    cut
 224  sn96cb        IIb        0.5212   2.17   0.2908   0.0205   117.40  0    cut
 225  sn98S         IIn        0.4021   2.17   0.3763   0.0093   256.30  0    cut
 226  sn94D         Ia-norm    0.4319   2.17   0.1195   0.0181    15.20  0    cut
 227  sn95E         Ia-norm    0.4264   2.16   0.3147   0.0192     0.10  0    cut
 228  sn95F         Ic-norm    0.4941   2.16   0.3090   0.0241    35.60  1    cut
 229  sn06gz        Ia-pec     0.4887   2.16   0.1751   0.0269    -9.30  0    cut
 230  sn06gz        Ia-pec     0.4887   2.16   0.3095   0.0207     7.20  0    cut
 231  sn89B         Ia-norm    0.4413   2.16   0.1136   0.0176    37.30  0    cut
 232  sn05bf        Ib-pec     0.4820   2.16   0.3114   0.0235   -22.20  0    cut
 233  sn03du        Ia-norm    0.4928   2.16   0.2881   0.0203   141.30  0    cut
 234  sn93J         IIb        0.5009   2.15   0.2856   0.0235   102.00  0    cut
 235  sn93J         IIb        0.5334   2.15   0.2923   0.0238    62.00  0    cut
 236  sn05hk        Ia-pec     0.4765   2.15   0.1513   0.0235    -8.30  0    cut
 237  sn03du        Ia-norm    0.5104   2.15   0.1146   0.0181    31.80  0    cut
 238  sn89B         Ia-norm    0.4725   2.15   0.1154   0.0188    22.40  0    cut
 239  sn05gj        Ia-csm     0.4237   2.14   0.1160   0.0218    42.30  0    cut
 240  sn02ap        Ic-broad   0.4698   2.14   0.0292   0.0346    -2.40  0    cut
 241  sn95D         Ia-norm    0.5334   2.14   0.1125   0.0186    37.80  0    cut
 242  sn89B         Ia-norm    0.4224   2.14   0.1129   0.0178    49.20  0    cut
 243  sn91M         Ia-norm    0.5334   2.14   0.2913   0.0219   111.80  0    cut
 244  sn89B         Ia-norm    0.4359   2.13   0.1137   0.0180    31.40  0    cut
 245  sn99gi        IIP        0.4021   2.13   0.1021   0.0246   144.40  0    cut
 246  sn98bw        Ic-broad   0.4833   2.13   0.0397   0.0402    13.70  0    cut
 247  sn05hk        Ia-pec     0.4765   2.13   0.1448   0.0258    -4.30  0    cut
 248  sn98S         IIn        0.4021   2.12   0.3735   0.0086   338.90  0    cut
 249  sn93J         IIb        0.4264   2.12   0.3052   0.0179    63.70  0    cut
 250  sn96X         Ia-norm    0.5334   2.12   0.1184   0.0189    22.50  0    cut
 251  sn99em        IIP        0.5185   2.12   0.0574   0.0229     0.20  0    cut
 252  sn99ex        Ib-norm    0.5334   2.12   0.3159   0.0224     0.40  0    cut
 253  sn05bf        Ib-pec     0.4847   2.11   0.3175   0.0202   -25.20  0    cut
 254  sn93J         IIb        0.5334   2.11   0.2907   0.0240    72.00  0    cut
 255  sn05hk        Ia-pec     0.4752   2.11   0.1415   0.0265    -2.40  0    cut
 256  sn95E         Ia-norm    0.4495   2.11   0.1157   0.0192    32.70  0    cut
 257  sn04eo        Ia-norm    0.5050   2.11   0.3050   0.0177     7.00  0    cut
 258  sn00cx        Ia-pec     0.5212   2.10   0.3153   0.0220    31.40  0    cut
 259  sn91T         Ia-91T     0.5334   2.10   0.1133   0.0195    45.70  0    cut
 260  sn93J         IIb        0.4481   2.09   0.3065   0.0190    37.70  0    cut
 261  sn97cy        IIn        0.4901   2.09   0.0301   0.0223   174.50  1    cut
 262  sn98bu        Ia-norm    0.4034   2.09   0.2768   0.0210   179.10  0    cut
 263  sn03cg        Ia-norm    0.4237   2.08   0.3124   0.0192     1.50  0    cut
 264  sn93J         IIb        0.5334   2.08   0.0307   0.0248   294.00  0    cut
 265  kcSb          Gal        0.5334   2.08   0.2757   0.0179   -99.90  2    cut
 266  sn03du        Ia-norm    0.4684   2.08   0.2837   0.0230   220.70  0    cut
 267  sn96X         Ia-norm    0.5050   2.08   0.1171   0.0189    31.70  0    cut
 268  sn93J         IIb        0.5199   2.07   0.2840   0.0223   118.00  0    cut
 269  sn97cy        IIn        0.5334   2.07   0.0382   0.0306    29.40  1    cut
 270  sn94D         Ia-norm    0.4684   2.07   0.3363   0.0236    -9.60  0    cut
 271  sn95F         Ic-norm    0.4941   2.07   0.3052   0.0249    28.90  1    cut
 272  sn91T         Ia-91T     0.5334   2.07   0.1170   0.0204    24.80  0    cut
 273  sn95D         Ia-norm    0.4806   2.06   0.3030   0.0183    11.20  0    cut
 274  sn06gz        Ia-pec     0.4847   2.06   0.1756   0.0265   -12.30  0    cut
 275  sn89B         Ia-norm    0.4630   2.05   0.1154   0.0197    21.40  0    cut
 276  sn91T         Ia-91T     0.5334   2.05   0.1132   0.0200    46.60  0    cut
 277  sn89B         Ia-norm    0.4305   2.05   0.1149   0.0186    25.40  0    cut
 278  sn94ae        Ia-norm    0.5334   2.05   0.2901   0.0212   123.60  0    cut
 279  sn89B         Ia-norm    0.4765   2.05   0.3055   0.0186     9.50  0    cut
 280  sn00E         Ia-norm    0.4237   2.04   0.1695   0.0247    -1.40  0    cut
 281  sn06gz        Ia-pec     0.4860   2.04   0.1748   0.0279   -10.30  0    cut
 282  sn94D         Ia-norm    0.4102   2.04   0.3231   0.0211    -9.50  0    cut
 283  sn05hk        Ia-pec     0.4765   2.04   0.1479   0.0255    -6.30  0    cut
 284  sn04eo        Ia-norm    0.4752   2.03   0.1151   0.0197    20.80  0    cut
 285  sn02bo        Ia-norm    0.4034   2.03   0.3235   0.0217    -5.10  0    cut
 286  sn03du        Ia-norm    0.5334   2.03   0.1156   0.0194    26.70  0    cut
 287  sn91M         Ia-norm    0.5334   2.03   0.1180   0.0194    24.80  0    cut
 288  sn05hk        Ia-pec     0.4779   2.02   0.1499   0.0250    -7.30  0    cut
 289  sn89B         Ia-norm    0.4589   2.02   0.1153   0.0194    23.40  0    cut
 290  sn05gj        Ia-csm     0.4332   2.02   0.1170   0.0214    38.50  0    cut
 291  sn04eo        Ia-norm    0.4210   2.01   0.3107   0.0183    -2.80  0    cut
 292  sn96X         Ia-norm    0.4278   2.00   0.3106   0.0183     4.90  0    cut
 293  sn96X         Ia-norm    0.4319   2.00   0.3133   0.0190    -3.00  0    cut
 294  sn93J         IIb        0.4955   2.00   0.2870   0.0254    96.50  0    cut
 295  sn03du        Ia-norm    0.4671   2.00   0.1140   0.0196    34.60  0    cut
 296  sn02bo        Ia-norm    0.4034   1.99   0.3230   0.0220    -4.00  0    cut
 297  sn89B         Ia-norm    0.4644   1.99   0.1154   0.0195    24.40  0    cut
 298  sn02bo        Ia-norm    0.4034   1.99   0.3359   0.0230   -12.10  0    cut
 299  sn94D         Ia-norm    0.4034   1.99   0.3142   0.0218     0.40  0    cut
 300  sn98bw        Ic-broad   0.5334   1.98   0.0453   0.0514    23.70  0    cut
 301  sn04et        IIP        0.4183   1.98   0.3085   0.0129   236.80  0    cut
 302  sn02ic        Ia-csm     0.5239   1.98   0.1141   0.0205    44.10  0    cut
 303  sn86G         Ia-91bg    0.4792   1.98   0.2874   0.0206   103.00  0    cut
 304  sn92A         Ia-norm    0.4278   1.98   0.1246   0.0195    28.20  0    cut
 305  sn05hk        Ia-pec     0.4765   1.97   0.1540   0.0249    -9.30  0    cut
 306  sn00cx        Ia-pec     0.5077   1.97   0.1600   0.0233     5.60  0    cut
 307  sn06gz        Ia-pec     0.4535   1.97   0.1788   0.0248   -13.30  0    cut
 308  kcSB4         Gal        0.5334   1.97   0.7678   0.0072   -99.90  2    cut
 309  sn92A         Ia-norm    0.5334   1.96   0.3178   0.0186     8.90  0    cut
 310  sn98bu        Ia-norm    0.4021   1.96   0.2759   0.0216   190.10  0    cut
 311  sn96L         IIn        0.4224   1.96   0.3548   0.0088     8.40  0    cut
 312  sn93J         IIb        0.5334   1.96   0.3044   0.0233    35.00  0    cut
 313  sn05hk        Ia-pec     0.4765   1.96   0.1057   0.0211    14.40  0    cut
 314  sn05hk        Ia-pec     0.5212   1.96   0.1526   0.0270    -8.30  0    cut
 315  sn04aw        Ic-norm    0.4156   1.95   0.3227   0.0247    -3.30  0    cut
 316  sn98S         IIn        0.4021   1.95   0.3756   0.0090   275.20  0    cut
 317  sn89B         Ia-norm    0.4630   1.94   0.1162   0.0207    20.40  0    cut
 318  sn93J         IIb        0.5334   1.94   0.0300   0.0257   277.00  0    cut
 319  lbv03hy       LBV        0.4251   1.93   0.1134   0.0235   -99.90  2    cut
 320  sn98S         IIn        0.4021   1.93   0.3743   0.0124   311.10  0    cut
 321  sn05gj        Ia-csm     0.4373   1.93   0.1152   0.0232    65.80  0    cut
 322  sn94D         Ia-norm    0.5334   1.93   0.1147   0.0206    16.30  0    cut
 323  sn95D         Ia-norm    0.4278   1.92   0.1156   0.0184    42.80  0    cut
 324  sn93J         IIb        0.4657   1.92   0.0558   0.0286   -16.70  0    cut
 325  sn94D         Ia-norm    0.5334   1.92   0.2909   0.0195    83.10  0    cut
 326  sn02ic        Ia-csm     0.4359   1.92   0.1456   0.0326     9.40  0    cut
 327  sn03du        Ia-norm    0.4116   1.92   0.3956   0.0239   375.30  0    cut
 328  sn02bo        Ia-norm    0.4034   1.91   0.3218   0.0226    -3.10  0    cut
 329  sn05cs        IIP        0.4644   1.91   0.0569   0.0212     1.00  0    cut
 330  sn98bu        Ia-norm    0.4021   1.91   0.2756   0.0217   208.00  0    cut
 331  sn05hk        Ia-pec     0.5334   1.90   0.1452   0.0270    -5.10  0    cut
 332  sn96X         Ia-norm    0.4319   1.90   0.3139   0.0198    -2.00  0    cut
 333  sn02bo        Ia-norm    0.5334   1.90   0.3042   0.0208    44.40  0    cut
 334  sn05hk        Ia-pec     0.4779   1.90   0.1392   0.0303    -1.40  0    cut
 335  sn93J         IIb        0.4427   1.89   0.2918   0.0245    94.70  0    cut
 336  sn92A         Ia-norm    0.5334   1.89   0.3159   0.0186     8.70  0    cut
 337  sn03du        Ia-norm    0.4061   1.88   0.3188   0.0251   -11.70  0    cut
 338  sn02ic        Ia-csm     0.5334   1.88   0.1481   0.0267     5.60  0    cut
 339  sn94D         Ia-norm    0.4061   1.88   0.3163   0.0220    -2.60  0    cut
 340  sn04eo        Ia-norm    0.4021   1.88   0.3145   0.0218   -11.00  0    cut
 341  sn99ac        Ia-91T     0.5158   1.87   0.3152   0.0207    29.00  0    cut
 342  sn05gj        Ia-csm     0.4386   1.87   0.1137   0.0240    64.90  0    cut
 343  sn00cx        Ia-pec     0.5090   1.87   0.1586   0.0241     6.50  0    cut
 344  sn98S         IIn        0.4021   1.87   0.3381   0.0086   241.30  0    cut
 345  sn91M         Ia-norm    0.5334   1.87   0.1181   0.0204    25.80  0    cut
 346  sn98aq        Ia-norm    0.4021   1.87   0.3114   0.0246     0.00  0    cut
 347  sn05gj        Ia-csm     0.4075   1.86   0.1148   0.0231    75.30  0    cut
 348  sn98aq        Ia-norm    0.4034   1.86   0.3097   0.0245     3.90  0    cut
 349  sn00cx        Ia-pec     0.5090   1.86   0.1631   0.0258     1.60  0    cut
 350  sn98aq        Ia-norm    0.4034   1.86   0.3103   0.0245     1.90  0    cut
 351  sn89B         Ia-norm    0.4644   1.86   0.1160   0.0214    19.40  0    cut
 352  sn04eo        Ia-norm    0.4183   1.86   0.1151   0.0194    29.70  0    cut
 353  sn83V         Ic-norm    0.5063   1.86   0.3361   0.0241    -9.00  0    cut
 354  sn97cy        IIn        0.5212   1.85   0.0294   0.0159    71.30  1    cut
 355  sn05gj        Ia-csm     0.4143   1.85   0.1323   0.0304     7.70  0    cut
 356  sn98aq        Ia-norm    0.4034   1.85   0.3100   0.0244     2.90  0    cut
 357  sn98bw        Ic-broad   0.4779   1.85   0.0335   0.0431    17.70  0    cut
 358  sn04et        IIP        0.4264   1.85   0.3054   0.0135   229.70  0    cut
 359  sn98aq        Ia-norm    0.4021   1.85   0.3110   0.0218    -9.00  0    cut
 360  sn04aw        Ic-norm    0.4143   1.85   0.3287   0.0278    -5.20  0    cut
 361  sn04S         Ia-norm    0.4711   1.85   0.3139   0.0251    13.40  0    cut
 362  sn98aq        Ia-norm    0.4034   1.85   0.3083   0.0229     6.90  0    cut
 363  sn97br        Ia-91T     0.4305   1.84   0.1158   0.0214    49.10  0    cut
 364  sn02bo        Ia-norm    0.4034   1.84   0.3209   0.0229    -2.10  0    cut
 365  mstar         M-star     0.4603   1.84   0.2788   0.0089     8.00  2    cut
 366  sn92A         Ia-norm    0.4562   1.84   0.3189   0.0193     7.30  0    cut
 367  sn03du        Ia-norm    0.4237   1.84   0.1221   0.0193    37.40  0    cut
 368  lbv03hy       LBV        0.4237   1.84   0.1143   0.0230   -99.90  2    cut
 369  sn02er        Ia-norm    0.5158   1.84   0.3004   0.0211     9.40  0    cut
 370  sn93J         IIb        0.4589   1.84   0.2112   0.0286   502.10  0    cut
 371  sn06gz        Ia-pec     0.5334   1.84   0.1583   0.0276   -13.30  0    cut
 372  sn90N         Ia-norm    0.5226   1.84   0.3065   0.0190    14.50  0    cut
 373  sn96X         Ia-norm    0.4319   1.83   0.3094   0.0192     5.90  0    cut
 374  sn03cg        Ia-norm    0.4007   1.83   0.3146   0.0207    -5.90  0    cut
 375  sn04S         Ia-norm    0.4698   1.83   0.1126   0.0202    42.10  0    cut
 376  sn93J         IIb        0.5293   1.83   0.0305   0.0268   265.00  0    cut
 377  sn05cs        IIP        0.4657   1.83   0.0563   0.0195     2.10  0    cut
 378  sn98aq        Ia-norm    0.4034   1.83   0.3092   0.0249     4.90  0    cut
 379  sn98aq        Ia-norm    0.4021   1.82   0.3100   0.0253     0.90  0    cut
 380  sn81B         Ia-norm    0.4657   1.82   0.2919   0.0222    93.50  0    cut
 381  sn95F         Ic-norm    0.4657   1.82   0.3057   0.0266    88.60  1    cut
 382  sn06gz        Ia-pec     0.4901   1.82   0.3100   0.0224     8.20  0    cut
 383  sn98aq        Ia-norm    0.4034   1.82   0.3089   0.0244     5.90  0    cut
 384  sn04et        IIP        0.4616   1.82   0.0609   0.0239    -2.90  0    cut
 385  sn05gj        Ia-csm     0.4386   1.82   0.1146   0.0244    63.90  0    cut
 386  sn04et        IIP        0.4616   1.81   0.0605   0.0236    -1.90  0    cut
 387  sn98S         IIn        0.4021   1.81   0.3738   0.0122   367.80  0    cut
 388  sn05gj        Ia-csm     0.4386   1.80   0.1146   0.0256    63.00  0    cut
 389  sn06gz        Ia-pec     0.4210   1.80   0.1622   0.0275     5.20  0    cut
 390  sn03cg        Ia-norm    0.4088   1.80   0.3165   0.0224    -7.50  0    cut
 391  sn89B         Ia-norm    0.4630   1.80   0.1162   0.0210    17.40  0    cut
 392  sn99em        IIP        0.4603   1.80   0.0528   0.0232     5.40  0    cut
 393  sn96X         Ia-norm    0.4292   1.80   0.3089   0.0190     6.90  0    cut
 394  sn89B         Ia-norm    0.4616   1.80   0.1163   0.0219    18.40  0    cut
 395  sn03cg        Ia-norm    0.4996   1.80   0.3058   0.0205     9.60  0    cut
 396  sn91T         Ia-91T     0.4021   1.79   0.3969   0.0259   260.40  0    cut
 397  sn99aa        Ia-91T     0.5050   1.79   0.1292   0.0212    34.10  0    cut
 398  sn96cb        IIb        0.4305   1.79   0.3003   0.0240     0.90  0    cut
 399  sn90N         Ia-norm    0.5334   1.78   0.2810   0.0263   213.40  0    cut
 400  sn95D         Ia-norm    0.4278   1.78   0.3074   0.0202    10.10  0    cut
 401  sn92A         Ia-norm    0.5334   1.78   0.1262   0.0218    17.30  0    cut
 402  sn99em        IIP        0.4779   1.78   0.0601   0.0237     2.40  0    cut
 403  sn05hk        Ia-pec     0.4440   1.78   0.1518   0.0275    -6.30  0    cut
 404  sn97br        Ia-91T     0.4237   1.78   0.1719   0.0282    -6.40  0    cut
 405  sn98bu        Ia-norm    0.4007   1.77   0.3132   0.0248    -1.70  0    cut
 406  sn91M         Ia-norm    0.4589   1.77   0.1205   0.0217    27.50  0    cut
 407  sn98bw        Ic-broad   0.5334   1.77   0.4167   0.0336    12.70  0    cut
 408  sn86G         Ia-91bg    0.4346   1.77   0.1596   0.0304    -3.40  0    cut
 409  sn98aq        Ia-norm    0.4048   1.77   0.1163   0.0215    30.80  0    cut
 410  sn02bo        Ia-norm    0.4034   1.77   0.3381   0.0247   -13.10  0    cut
 411  sn90O         Ia-norm    0.4237   1.76   0.1725   0.0286    -0.40  0    cut
 412  sn86G         Ia-91bg    0.4346   1.76   0.1591   0.0304    -2.40  0    cut
 413  sn95al        Ia-norm    0.5334   1.76   0.3111   0.0204    17.00  0    cut
 414  sn98bu        Ia-norm    0.4007   1.76   0.3134   0.0243    -2.80  0    cut
 415  sn84L         Ib-norm    0.5334   1.76   0.2972   0.0294    11.90  0    cut
 416  sn06aj        Ic-broad   0.5334   1.75   0.0261   0.0465     2.80  0    cut
 417  sn80K         IIL        0.4928   1.75   0.3580   0.0200    41.00  0    cut
 418  sn86G         Ia-91bg    0.4359   1.75   0.1603   0.0319    -4.40  0    cut
 419  sn98aq        Ia-norm    0.4034   1.75   0.1161   0.0217    35.80  0    cut
 420  sn02ap        Ic-broad   0.5212   1.75   0.3086   0.0227     2.70  0    cut
 421  sn94ae        Ia-norm    0.4454   1.75   0.1156   0.0211    30.20  0    cut
 422  sn98bu        Ia-norm    0.4007   1.75   0.3124   0.0248    -0.70  0    cut
 423  sn02bo        Ia-norm    0.4034   1.75   0.3204   0.0236    -1.20  0    cut
 424  sn99aa        Ia-91T     0.5334   1.75   0.1308   0.0217    26.20  0    cut
 425  sn94D         Ia-norm    0.4048   1.75   0.1153   0.0198    43.20  0    cut
 426  sn03du        Ia-norm    0.4061   1.74   0.1163   0.0209    34.00  0    cut
 427  sn03du        Ia-norm    0.4671   1.74   0.2918   0.0179    84.30  0    cut
 428  sn05cs        IIP        0.4644   1.74   0.0567   0.0239     0.10  0    cut
 429  kcE           Gal        0.5334   1.74   0.2755   0.0183   -99.90  2    cut
 430  sn90I         Ib-norm    0.5199   1.74   0.3038   0.0270    64.90  0    cut
 431  sn93J         IIb        0.4996   1.74   0.3007   0.0224    35.70  0    cut
 432  sn96cb        IIb        0.4075   1.73   0.3124   0.0227    96.60  0    cut
 433  sn92A         Ia-norm    0.4278   1.73   0.1248   0.0208    24.20  0    cut
 434  sn98aq        Ia-norm    0.4034   1.73   0.1165   0.0223    31.80  0    cut
 435  sn98S         IIn        0.4021   1.73   0.3762   0.0117   277.20  0    cut
 436  kcSB6         Gal        0.5334   1.73   0.7674   0.0076   -99.90  2    cut
 437  sn87A         II-pec     0.5009   1.72   0.0775   0.0265   -82.40  0    cut
 438  sn96cb        IIb        0.4088   1.72   0.3079   0.0248   115.40  0    cut
 439  sn04et        IIP        0.4603   1.72   0.0599   0.0247    -0.90  0    cut
 440  sn90N         Ia-norm    0.4088   1.72   0.2772   0.0237   228.10  0    cut
 441  sn98aq        Ia-norm    0.4034   1.72   0.1164   0.0224    33.80  0    cut
 442  sn05hk        Ia-pec     0.4454   1.71   0.1468   0.0293    -4.20  0    cut
 443  sn93J         IIb        0.5334   1.71   0.2825   0.0238   146.00  0    cut
 444  sn06gz        Ia-pec     0.4887   1.70   0.3088   0.0227     9.20  0    cut
 445  sn03cg        Ia-norm    0.4224   1.70   0.3152   0.0205    -6.80  0    cut
 446  sn03du        Ia-norm    0.4034   1.70   0.3117   0.0258     2.20  0    cut
 447  sn90N         Ia-norm    0.4616   1.70   0.1168   0.0217    38.50  0    cut
 448  sn03du        Ia-norm    0.5104   1.70   0.1133   0.0207    51.60  0    cut
 449  sn06aj        Ic-broad   0.4630   1.70   0.0461   0.0367    -3.40  0    cut
 450  lbv03hy       LBV        0.4237   1.70   0.1140   0.0248   -99.90  2    cut
 451  sn90I         Ib-norm    0.4562   1.70   0.3097   0.0289    41.10  0    cut
 452  mstar         M-star     0.4603   1.70   0.2792   0.0205     7.00  2    cut
 453  sn99ac        Ia-91T     0.5158   1.70   0.3127   0.0218    39.90  0    cut
 454  sn03du        Ia-norm    0.4061   1.70   0.3114   0.0250     3.10  0    cut
 455  sn04aw        Ic-norm    0.4156   1.69   0.3239   0.0270    -2.20  0    cut
 456  sn03du        Ia-norm    0.4075   1.69   0.1166   0.0209    29.00  0    cut
 457  sn93J         IIb        0.5334   1.69   0.0320   0.0287   245.00  0    cut
 458  sn98dt        Ib-norm    0.4116   1.69   0.3235   0.0254    16.60  0    cut
 459  sn05cs        IIP        0.4657   1.69   0.0559   0.0194     3.10  0    cut
 460  kcSB5         Gal        0.5334   1.69   0.7689   0.0073   -99.90  2    cut
 461  sn94ae        Ia-norm    0.4210   1.69   0.1154   0.0206    40.10  0    cut
 462  sn95E         Ia-norm    0.4129   1.68   0.3155   0.0224     2.00  0    cut
 463  sn04eo        Ia-norm    0.4765   1.68   0.1178   0.0222    14.00  0    cut
 464  sn04aw        Ic-norm    0.4481   1.68   0.1311   0.0231    31.90  0    cut
 465  sn94D         Ia-norm    0.4048   1.68   0.1185   0.0207    17.40  0    cut
 466  sn98S         IIn        0.4007   1.68   0.1107   0.0244    45.60  0    cut
 467  sn03du        Ia-norm    0.4116   1.67   0.1145   0.0204    39.50  0    cut
 468  sn03du        Ia-norm    0.4075   1.67   0.1173   0.0206    26.00  0    cut
 469  lbv01ac       LBV        0.4048   1.67   0.3564   0.0070   -99.90  2    cut
 470  sn05gj        Ia-csm     0.4305   1.67   0.1411   0.0398    -1.80  0    cut
 471  sn97cy        IIn        0.5226   1.67   0.3148   0.0351   226.10  1    cut
 472  sn99ee        Ia-norm    0.4738   1.67   0.3114   0.0227    20.00  0    cut
 473  sn98S         IIn        0.4007   1.67   0.1103   0.0245    46.60  0    cut
 474  sn99aa        Ia-91T     0.4224   1.67   0.1869   0.0291    -4.10  0    cut
 475  sn05gj        Ia-csm     0.4373   1.67   0.1134   0.0254    66.80  0    cut
 476  sn03cg        Ia-norm    0.4237   1.66   0.1729   0.0303    -4.50  0    cut
 477  sn99ac        Ia-91T     0.4996   1.66   0.3148   0.0225    33.90  0    cut
 478  sn99em        IIP        0.4495   1.66   0.0610   0.0238     1.40  0    cut
 479  sn02er        Ia-norm    0.4129   1.65   0.3130   0.0201     4.40  0    cut
 480  sn91N         Ic-norm    0.5334   1.65   0.1336   0.0455    27.90  1    cut
 481  sn99aa        Ia-91T     0.4752   1.65   0.1300   0.0229    29.10  0    cut
 482  sn94D         Ia-norm    0.4292   1.65   0.1239   0.0212    13.20  0    cut
 483  sn02er        Ia-norm    0.4007   1.65   0.3142   0.0228     1.50  0    cut
 484  sn94M         Ia-norm    0.4332   1.64   0.3173   0.0185     7.90  0    cut
 485  sn99aa        Ia-91T     0.4413   1.64   0.1319   0.0221    41.10  0    cut
 486  sn97br        Ia-91T     0.4996   1.64   0.3111   0.0227     7.80  0    cut
 487  sn98bu        Ia-norm    0.4034   1.64   0.1158   0.0232    29.20  0    cut
 488  sn94D         Ia-norm    0.4007   1.63   0.1159   0.0231    15.20  0    cut
 489  sn83V         Ic-norm    0.4765   1.63   0.3120   0.0217     4.00  0    cut
 490  sn94D         Ia-norm    0.4088   1.63   0.3182   0.0241    -4.70  0    cut
 491  sn98S         IIn        0.4007   1.63   0.1140   0.0245    58.50  0    cut
 492  sn97dd        IIb        0.4143   1.63   0.3167   0.0184    16.40  1    cut
 493  sn98bu        Ia-norm    0.4034   1.63   0.1156   0.0225    34.20  0    cut
 494  sn96X         Ia-norm    0.4319   1.63   0.3078   0.0197     7.90  0    cut
 495  sn03du        Ia-norm    0.4061   1.62   0.3131   0.0263    -0.80  0    cut
 496  sn87A         II-pec     0.5334   1.62   0.2978   0.0255   113.60  0    cut
 497  sn95E         Ia-norm    0.4170   1.62   0.3159   0.0244    -1.90  0    cut
 498  sn93J         IIb        0.4210   1.62   0.2153   0.0265   532.10  0    cut
 499  sn98aq        Ia-norm    0.4034   1.62   0.1165   0.0207    50.60  0    cut
 500  sn98bu        Ia-norm    0.4021   1.62   0.1161   0.0236    31.10  0    cut
 501  sn94D         Ia-norm    0.4644   1.62   0.1140   0.0226    53.90  0    cut
 502  sn04eo        Ia-norm    0.4765   1.62   0.1183   0.0240    12.40  0    cut
 503  sn94M         Ia-norm    0.4007   1.62   0.1145   0.0254    34.10  0    cut
 504  sn98S         IIn        0.4021   1.62   0.2225   0.0081   240.30  0    cut
 505  sn98bu        Ia-norm    0.4034   1.61   0.1160   0.0234    28.20  0    cut
 506  sn99em        IIP        0.4589   1.61   0.0607   0.0257    -0.60  0    cut
 507  sn03du        Ia-norm    0.4535   1.61   0.3298   0.0273   -10.10  0    cut
 508  sn96cb        IIb        0.4914   1.61   0.3024   0.0291   152.60  0    cut
 509  sn00cx        Ia-pec     0.5266   1.61   0.3195   0.0273    41.30  0    cut
 510  sn90B         Ic-norm    0.4725   1.61   0.3084   0.0307     8.90  0    cut
 511  sn03du        Ia-norm    0.4955   1.61   0.1177   0.0227    21.80  0    cut
 512  sn90I         Ib-norm    0.4684   1.61   0.3117   0.0293    51.00  0    cut
 513  sn89B         Ia-norm    0.4792   1.61   0.3044   0.0203    11.50  0    cut
 514  sn04S         Ia-norm    0.4684   1.60   0.1133   0.0226    36.20  0    cut
 515  sn04eo        Ia-norm    0.4481   1.60   0.1147   0.0217    53.30  0    cut
 516  sn04et        IIP        0.4562   1.60   0.0590   0.0240     1.00  0    cut
 517  sn98bu        Ia-norm    0.4034   1.60   0.1161   0.0234    30.20  0    cut
 518  sn00H         IIb        0.4143   1.60   0.3154   0.0195    25.30  0    cut
 519  sn02er        Ia-norm    0.4535   1.59   0.3298   0.0237   -11.30  0    cut
 520  sn03du        Ia-norm    0.4061   1.59   0.1184   0.0211    24.00  0    cut
 521  sn97dq        Ic-norm    0.5334   1.59   0.3127   0.0306    27.90  1    cut
 522  sn80K         IIL        0.5131   1.59   0.3651   0.0244    11.00  0    cut
 523  sn06gz        Ia-pec     0.4874   1.59   0.3080   0.0238    10.10  0    cut
 524  sn04aw        Ic-norm    0.4170   1.59   0.1321   0.0283    21.30  0    cut
 525  sn97dq        Ic-norm    0.5320   1.58   0.3175   0.0304     1.00  1    cut
 526  sn94Q         Ia-norm    0.4061   1.58   0.1144   0.0220    41.60  0    cut
 527  sn96cb        IIb        0.4292   1.58   0.3103   0.0217     7.00  0    cut
 528  sn96cb        IIb        0.4292   1.58   0.3103   0.0217     7.00  0    cut
 529  sn98bu        Ia-norm    0.4034   1.58   0.1157   0.0227    36.20  0    cut
 530  sn98bu        Ia-norm    0.4021   1.58   0.1157   0.0234    32.10  0    cut
 531  sn91bg        Ia-91bg    0.4657   1.57   0.2809   0.0284   117.20  0    cut
 532  sn97ef        Ic-broad   0.5334   1.57   0.1413   0.0505    46.20  0    cut
 533  sn89B         Ia-norm    0.4589   1.57   0.1177   0.0236    14.40  0    cut
 534  sn96L         IIn        0.4102   1.57   0.1751   0.0196    58.60  0    cut
 535  sn05cs        IIP        0.4657   1.57   0.3596   0.0141    10.00  0    cut
 536  sn98bu        Ia-norm    0.4034   1.56   0.1158   0.0226    37.20  0    cut
 537  sn01el        Ia-norm    0.5172   1.56   0.1195   0.0226    39.90  0    cut
 538  sn92A         Ia-norm    0.4251   1.56   0.1275   0.0222    16.30  0    cut
 539  sn93J         IIb        0.5050   1.56   0.3032   0.0302    36.70  0    cut
 540  sn99ac        Ia-91T     0.4698   1.56   0.1225   0.0248    32.00  0    cut
 541  sn94S         Ia-norm    0.4603   1.56   0.1174   0.0250    20.90  0    cut
 542  sn99ee        Ia-norm    0.4725   1.56   0.3128   0.0268    27.00  0    cut
 543  sn81B         Ia-norm    0.4860   1.56   0.1195   0.0234    23.90  0    cut
 544  sn98S         IIn        0.4860   1.56   0.1716   0.0250    -1.50  0    cut
 545  sn98bu        Ia-norm    0.4034   1.55   0.1158   0.0235    33.20  0    cut
 546  sn03du        Ia-norm    0.4116   1.55   0.2899   0.0218   109.00  0    cut
 547  sn04aw        Ic-norm    0.4170   1.55   0.1317   0.0295    30.20  0    cut
 548  sn98S         IIn        0.4007   1.55   0.1115   0.0256    40.60  0    cut
 549  sn98bu        Ia-norm    0.4034   1.55   0.1159   0.0232    35.20  0    cut
 550  sn91T         Ia-91T     0.4982   1.55   0.1131   0.0246    67.60  0    cut
 551  sn98bu        Ia-norm    0.4034   1.54   0.1157   0.0227    38.20  0    cut
 552  sn04et        IIP        0.4481   1.54   0.0581   0.0236     2.00  0    cut
 553  kcSc          Gal        0.5334   1.54   0.7687   0.0088   -99.90  2    cut
 554  sn98aq        Ia-norm    0.4034   1.54   0.1207   0.0217    20.80  0    cut
 555  sn91T         Ia-91T     0.4806   1.54   0.3050   0.0234    10.90  0    cut
 556  kcSa          Gal        0.5334   1.54   0.2756   0.0127   -99.90  2    cut
 557  sn98aq        Ia-norm    0.4034   1.54   0.1161   0.0212    54.70  0    cut
 558  sn91M         Ia-norm    0.4359   1.54   0.2955   0.0224    80.00  0    cut
 559  sn94I         Ic-norm    0.4603   1.54   0.3224   0.0305    -5.60  0    cut
 560  sn96cb        IIb        0.4292   1.54   0.3052   0.0263    -2.10  0    cut
 561  sn99ee        Ia-norm    0.4725   1.53   0.1146   0.0243    31.90  0    cut
 562  sn98S         IIn        0.4007   1.53   0.1151   0.0250    60.50  0    cut
 563  sn87A         II-pec     0.5334   1.53   0.2767   0.0160   429.40  0    cut
 564  sn05cs        IIP        0.4657   1.53   0.3601   0.0138     9.00  0    cut
 565  sn86G         Ia-91bg    0.4468   1.53   0.3131   0.0224     1.60  0    cut
 566  sn04et        IIP        0.4630   1.53   0.0515   0.0250     4.00  0    cut
 567  kcS0          Gal        0.5334   1.53   0.2746   0.0199   -99.90  2    cut
 568  sn02bo        Ia-norm    0.4346   1.53   0.1774   0.0363   -13.30  0    cut
 569  sn87A         II-pec     0.5334   1.53   0.2769   0.0161   441.30  0    cut
 570  sn97ef        Ic-broad   0.5334   1.53   0.1400   0.0505    48.40  0    cut
 571  sn06gz        Ia-pec     0.4129   1.53   0.1757   0.0204    -5.50  0    cut
 572  sn93J         IIb        0.5334   1.53   0.3101   0.0214    24.00  0    cut
 573  sn04aw        Ic-norm    0.4170   1.53   0.1315   0.0325    18.40  0    cut
 574  mstar         M-star     0.4603   1.52   0.2758   0.0253     5.00  2    cut
 575  sn93J         IIb        0.5334   1.52   0.0333   0.0308   214.00  0    cut
 576  sn05cs        IIP        0.4630   1.52   0.0550   0.0212     4.00  0    cut
 577  sn86G         Ia-91bg    0.4454   1.52   0.3128   0.0226     0.60  0    cut
 578  sn98bu        Ia-norm    0.4034   1.52   0.1157   0.0228    40.10  0    cut
 579  sn99aa        Ia-91T     0.4738   1.52   0.1294   0.0235    50.00  0    cut
 580  sn98bu        Ia-norm    0.4021   1.52   0.1156   0.0229    39.20  0    cut
 581  sn81B         Ia-norm    0.4955   1.51   0.1263   0.0235    22.90  0    cut
 582  sn84L         Ib-norm    0.4102   1.51   0.3117   0.0188    37.80  0    cut
 583  sn98bu        Ia-norm    0.4034   1.51   0.1156   0.0227    41.10  0    cut
 584  sn04eo        Ia-norm    0.4224   1.51   0.1143   0.0219    45.40  0    cut
 585  sn98bu        Ia-norm    0.4021   1.51   0.3063   0.0222     9.30  0    cut
 586  sn92A         Ia-norm    0.5334   1.51   0.3187   0.0232    11.70  0    cut
 587  sn93J         IIb        0.5334   1.51   0.2813   0.0245   161.00  0    cut
 588  sn93J         IIb        0.4346   1.51   0.0449   0.0373   420.80  0    cut
 589  sn87A         II-pec     0.5334   1.50   0.0502   0.0264   628.80  0    cut
 590  sn02ap        Ic-broad   0.5199   1.50   0.0305   0.0310   382.90  0    cut
 591  sn03du        Ia-norm    0.4061   1.50   0.1154   0.0212    49.80  0    cut
 592  sn03du        Ia-norm    0.5334   1.50   0.1135   0.0229    59.30  0    cut
 593  lbv99bw       LBV        0.4034   1.50   0.2470   0.0500   -99.90  2    cut
 594  sn98bu        Ia-norm    0.4034   1.50   0.1156   0.0226    42.10  0    cut
 595  sn89B         Ia-norm    0.4644   1.50   0.1169   0.0250    16.40  0    cut
 596  sn03du        Ia-norm    0.4671   1.49   0.2930   0.0184    72.30  0    cut
 597  sn99em        IIP        0.4522   1.49   0.0612   0.0259     0.40  0    cut
 598  sn99em        IIP        0.5199   1.49   0.0440   0.0245     6.20  0    cut
 599  sn02er        Ia-norm    0.4129   1.48   0.3226   0.0221    -7.40  0    cut
 600  sn98bu        Ia-norm    0.4034   1.48   0.1155   0.0227    43.10  0    cut
 601  mstar         M-star     0.4603   1.47   0.3343   0.0090    10.00  2    cut
 602  sn98bu        Ia-norm    0.4021   1.47   0.1154   0.0229    44.10  0    cut
 603  sn89B         Ia-norm    0.4630   1.47   0.3041   0.0212    12.40  0    cut
 604  sn97cy        IIn        0.5226   1.47   0.0136   0.0458     0.00  1    cut
 605  sn93J         IIb        0.5334   1.47   0.0336   0.0316   205.00  0    cut
 606  sn94ae        Ia-norm    0.4386   1.47   0.2999   0.0218    64.00  0    cut
 607  sn06gz        Ia-pec     0.4102   1.47   0.1729   0.0241    -2.60  0    cut
 608  sn90I         Ib-norm    0.5334   1.47   0.3041   0.0225    40.10  0    cut
 609  sn80K         IIL        0.5212   1.47   0.3592   0.0223    44.00  0    cut
 610  sn00cx        Ia-pec     0.5266   1.47   0.2934   0.0260    92.90  0    cut
 611  sn03du        Ia-norm    0.4075   1.47   0.1150   0.0208    51.80  0    cut
 612  sn87A         II-pec     0.5334   1.46   0.2771   0.0196   339.00  0    cut
 613  sn95D         Ia-norm    0.4738   1.46   0.3024   0.0203    14.10  0    cut
 614  sn96X         Ia-norm    0.4319   1.46   0.3077   0.0204     8.90  0    cut
 615  sn02ap        Ic-broad   0.4075   1.46   0.3173   0.0238   119.70  0    cut
 616  sn05cs        IIP        0.4644   1.46   0.0529   0.0245     5.00  0    cut
 617  sn06gz        Ia-pec     0.4197   1.46   0.3113   0.0191     7.20  0    cut
 618  sn93J         IIb        0.4454   1.46   0.0410   0.0367   326.70  0    cut
 619  sn87A         II-pec     0.5334   1.46   0.0503   0.0268   634.90  0    cut
 620  sn87A         II-pec     0.5334   1.46   0.2758   0.0182   413.40  0    cut
 621  sn86G         Ia-91bg    0.4616   1.45   0.2934   0.0206    56.50  0    cut
 622  sn99aa        Ia-91T     0.4413   1.45   0.1310   0.0255    53.90  0    cut
 623  sn98aq        Ia-norm    0.4034   1.45   0.1163   0.0216    57.70  0    cut
 624  lbv03hy       LBV        0.4224   1.45   0.4406   0.0135   -99.90  2    cut
 625  sn91bg        Ia-91bg    0.5239   1.45   0.2792   0.0291   113.20  0    cut
 626  sn97br        Ia-91T     0.4278   1.45   0.1691   0.0312    -4.00  0    cut
 627  sn94D         Ia-norm    0.4061   1.45   0.1149   0.0221    50.00  0    cut
 628  sn04et        IIP        0.4170   1.45   0.3080   0.0150   242.80  0    cut
 629  sn03du        Ia-norm    0.4075   1.45   0.1194   0.0218    22.00  0    cut
 630  sn02er        Ia-norm    0.4508   1.44   0.1270   0.0259    33.20  0    cut
 631  sn94ae        Ia-norm    0.4332   1.44   0.1159   0.0230    36.20  0    cut
 632  sn02bo        Ia-norm    0.4508   1.44   0.3371   0.0242    -9.40  0    cut
 633  lbv03hy       LBV        0.4224   1.44   0.1160   0.0279   -99.90  2    cut
 634  sn97br        Ia-91T     0.4576   1.44   0.1146   0.0291    71.90  0    cut
 635  sn97dd        IIb        0.4752   1.44   0.3015   0.0300     0.00  1    cut
 636  sn91N         Ic-norm    0.5334   1.44   0.1653   0.0615     5.70  1    cut
 637  sn04aw        Ic-norm    0.4454   1.44   0.1344   0.0380    18.10  0    cut
 638  sn03cg        Ia-norm    0.4644   1.44   0.1162   0.0260    52.40  0    cut
 639  sn98bu        Ia-norm    0.4021   1.43   0.3056   0.0220    10.20  0    cut
 640  sn97br        Ia-91T     0.4143   1.43   0.1724   0.0324    -7.40  0    cut
 641  sn99aw        Ia-91T     0.4346   1.43   0.1215   0.0259    35.90  0    cut
 642  sn91T         Ia-91T     0.5334   1.43   0.1126   0.0272    75.20  0    cut
 643  sn91N         Ic-norm    0.5334   1.43   0.1317   0.0508    12.00  1    cut
 644  sn97br        Ia-91T     0.4075   1.43   0.1229   0.0246    17.40  0    cut
 645  lbv03hy       LBV        0.4224   1.43   0.1141   0.0279   -99.90  2    cut
 646  sn93J         IIb        0.4305   1.42   0.2104   0.0291   452.10  0    cut
 647  sn98S         IIn        0.4955   1.42   0.1134   0.0396    56.30  0    cut
 648  kcSB3         Gal        0.5334   1.42   0.7699   0.0083   -99.90  2    cut
 649  sn98aq        Ia-norm    0.4034   1.41   0.1164   0.0217    59.60  0    cut
 650  sn02ic        Ia-csm     0.4170   1.41   0.1138   0.0256    65.60  0    cut
 651  sn05cs        IIP        0.4657   1.41   0.3609   0.0140     8.00  0    cut
 652  sn98aq        Ia-norm    0.4034   1.41   0.2944   0.0202    90.50  0    cut
 653  sn98bw        Ic-broad   0.5104   1.41   0.3215   0.0401     8.70  0    cut
 654  lbv03hy       LBV        0.4224   1.41   0.2880   0.0159   -99.90  2    cut
 655  sn93J         IIb        0.4738   1.41   0.0575   0.0374   -15.70  0    cut
 656  sn98S         IIn        0.4603   1.41   0.1108   0.0561    31.70  0    cut
 657  sn00cx        Ia-pec     0.5253   1.41   0.2969   0.0242    71.00  0    cut
 658  sn03du        Ia-norm    0.4061   1.40   0.3166   0.0319    -9.70  0    cut
 659  sn97cn        Ia-91bg    0.4941   1.40   0.1123   0.0228    43.40  0    cut
 660  sn97ef        Ic-broad   0.4116   1.40   0.1387   0.0415    26.50  0    cut
 661  sn02bo        Ia-norm    0.4373   1.40   0.3291   0.0235    -4.40  0    cut
 662  sn95al        Ia-norm    0.5334   1.39   0.1186   0.0260    25.30  0    cut
 663  sn04aw        Ic-norm    0.4549   1.39   0.1319   0.0329    23.00  0    cut
 664  sn04aw        Ic-norm    0.5334   1.39   0.1529   0.0375    -1.70  0    cut
 665  sn03du        Ia-norm    0.4061   1.39   0.3157   0.0325    -8.80  0    cut
 666  sn94D         Ia-norm    0.4305   1.39   0.1228   0.0249    12.20  0    cut
 667  sn90O         Ia-norm    0.5334   1.39   0.1211   0.0271    19.10  0    cut
 668  sn03du        Ia-norm    0.4170   1.38   0.2936   0.0273   137.60  0    cut
 669  sn90N         Ia-norm    0.5334   1.38   0.1209   0.0258    17.70  0    cut
 670  sn87A         II-pec     0.5334   1.38   0.2779   0.0249   324.10  0    cut
 671  sn94I         Ic-norm    0.4048   1.38   0.1572   0.0377    -3.80  0    cut
 672  sn98bw        Ic-broad   0.5131   1.37   0.0312   0.0398   212.70  0    cut
 673  sn04aw        Ic-norm    0.4752   1.37   0.1324   0.0403    19.10  0    cut
 674  sn99by        Ia-91bg    0.4630   1.37   0.3073   0.0223    -2.80  0    cut
 675  sn97ef        Ic-broad   0.4359   1.37   0.1455   0.0505    12.80  0    cut
 676  sn97dq        Ic-norm    0.5307   1.37   0.3031   0.0322    81.70  1    cut
 677  sn03du        Ia-norm    0.4061   1.37   0.3158   0.0312    -7.80  0    cut
 678  sn00cx        Ia-pec     0.5266   1.36   0.2918   0.0269    96.80  0    cut
 679  sn97ef        Ic-broad   0.5320   1.36   0.1381   0.0530    48.20  0    cut
 680  sn03cg        Ia-norm    0.4657   1.36   0.1203   0.0273    16.40  0    cut
 681  sn04eo        Ia-norm    0.4197   1.36   0.2971   0.0200    71.10  0    cut
 682  sn97br        Ia-91T     0.5334   1.36   0.1254   0.0314    12.40  0    cut
 683  sn02bo        Ia-norm    0.4359   1.36   0.1188   0.0253    29.40  0    cut
 684  sn94I         Ic-norm    0.4034   1.35   0.3180   0.0326    -5.70  0    cut
 685  sn00H         IIb        0.4508   1.35   0.3001   0.0325    13.40  0    cut
 686  sn99em        IIP        0.4021   1.35   0.3109   0.0153    37.30  0    cut
 687  sn04aw        Ic-norm    0.4210   1.35   0.3207   0.0250    -1.30  0    cut
 688  sn98bw        Ic-broad   0.5334   1.35   0.2199   0.0304    43.40  0    cut
 689  sn93J         IIb        0.4589   1.35   0.1136   0.0232     5.50  0    cut
 690  sn98bu        Ia-norm    0.4021   1.35   0.3050   0.0220    11.20  0    cut
 691  sn91N         Ic-norm    0.5334   1.34   0.1383   0.0616     7.60  1    cut
 692  lbv03hy       LBV        0.4210   1.34   0.4389   0.0223   -99.90  2    cut
 693  sn86G         Ia-91bg    0.4210   1.34   0.1607   0.0353    -1.90  0    cut
 694  sn03du        Ia-norm    0.4955   1.33   0.1131   0.0248    63.40  0    cut
 695  sn02cx        Ia-pec     0.4183   1.33   0.1589   0.0255    -5.30  0    cut
 696  sn80K         IIL        0.4779   1.32   0.3113   0.0377    66.00  0    cut
 697  sn99gi        IIP        0.4021   1.32   0.3087   0.0123    77.60  0    cut
 698  sn98S         IIn        0.4021   1.32   0.2207   0.0233   390.60  0    cut
 699  sn87A         II-pec     0.5334   1.31   0.2786   0.0308   255.20  0    cut
 700  sn05cs        IIP        0.4657   1.31   0.0520   0.0299    -0.80  0    cut
 701  sn98bw        Ic-broad   0.5036   1.31   0.3751   0.0499     7.80  0    cut
 702  sn99gi        IIP        0.4021   1.31   0.3083   0.0120    81.60  0    cut
 703  sn90K         IIL        0.4048   1.31   0.3084   0.0156   174.80  1    cut
 704  sn04aw        Ic-norm    0.5293   1.31   0.1493   0.0398    -0.20  0    cut
 705  sn99aa        Ia-91T     0.5172   1.31   0.1347   0.0268    21.10  0    cut
 706  mstar         M-star     0.4589   1.31   0.2799   0.0309     4.00  2    cut
 707  sn97cy        IIn        0.5334   1.31   0.2667   0.0298   196.10  1    cut
 708  sn97ef        Ic-broad   0.4116   1.31   0.1412   0.0437    21.60  0    cut
 709  sn02ap        Ic-broad   0.5334   1.31   0.0304   0.0320   267.20  0    cut
 710  sn04et        IIP        0.4603   1.30   0.3091   0.0362    47.40  0    cut
 711  sn94Q         Ia-norm    0.4874   1.30   0.3224   0.0316    11.60  0    cut
 712  sn91bg        Ia-91bg    0.4007   1.30   0.2750   0.0160   202.70  0    cut
 713  sn90U         Ic-norm    0.5266   1.30   0.3167   0.0360    10.90  0    cut
 714  sn02er        Ia-norm    0.4129   1.30   0.1260   0.0234    24.20  0    cut
 715  sn91bg        Ia-91bg    0.4711   1.29   0.2922   0.0298    50.50  0    cut
 716  sn04et        IIP        0.4061   1.29   0.3464   0.0132   369.00  0    cut
 717  sn99em        IIP        0.5226   1.29   0.3611   0.0219    16.10  0    cut
 718  sn04eo        Ia-norm    0.4765   1.29   0.1199   0.0296    11.00  0    cut
 719  sn98aq        Ia-norm    0.4034   1.29   0.1166   0.0227    62.60  0    cut
 720  sn02cx        Ia-pec     0.4237   1.29   0.1547   0.0368    -2.40  0    cut
 721  sn87A         II-pec     0.5334   1.29   0.2787   0.0316   255.20  0    cut
 722  sn98bw        Ic-broad   0.5334   1.29   0.1227   0.0481    11.70  0    cut
 723  lbv03hy       LBV        0.4210   1.29   0.4389   0.0139   -99.90  2    cut
 724  sn03du        Ia-norm    0.4048   1.29   0.1154   0.0228    56.70  0    cut
 725  sn97ef        Ic-broad   0.4251   1.29   0.1444   0.0507    13.80  0    cut
 726  sn90O         Ia-norm    0.5334   1.28   0.1221   0.0286    19.90  0    cut
 727  sn06aj        Ic-broad   0.4359   1.28   0.0353   0.0417    -0.50  0    cut
 728  sn89B         Ia-norm    0.4644   1.28   0.1181   0.0289    13.40  0    cut
 729  sn93J         IIb        0.5239   1.28   0.2804   0.0238   188.00  0    cut
 730  sn92H         IIP        0.5334   1.28   0.3700   0.0215    24.50  0    cut
 731  sn98dt        Ib-norm    0.4156   1.28   0.3034   0.0370     3.90  0    cut
 732  sn04et        IIP        0.4034   1.27   0.3093   0.0188    70.40  0    cut
 733  agn           AGN        0.5334   1.27   0.3577   0.0162   -99.90  2    cut
 734  sn91N         Ic-norm    0.5334   1.27   0.0274   0.0373   250.20  1    cut
 735  sn03du        Ia-norm    0.4048   1.27   0.1151   0.0223    60.70  0    cut
 736  sn04aw        Ic-norm    0.4765   1.27   0.1341   0.0463    12.20  0    cut
 737  sn99em        IIP        0.4007   1.27   0.3106   0.0155    39.20  0    cut
 738  sn98aq        Ia-norm    0.4034   1.27   0.2962   0.0205    81.60  0    cut
 739  sn99em        IIP        0.4007   1.27   0.3110   0.0162    34.30  0    cut
 740  sn83V         Ic-norm    0.4468   1.27   0.3295   0.0270    -4.00  0    cut
 741  sn04aw        Ic-norm    0.4061   1.27   0.1282   0.0306    25.90  0    cut
 742  kcSB2         Gal        0.5334   1.27   0.2050   0.0129   -99.90  2    cut
 743  sn04et        IIP        0.4644   1.27   0.3658   0.0173    10.00  0    cut
 744  sn06aj        Ic-broad   0.4346   1.26   0.0411   0.0415    -1.50  0    cut
 745  sn04aw        Ic-norm    0.4197   1.26   0.6428   0.0121    46.00  0    cut
 746  sn05gj        Ia-csm     0.4400   1.26   0.1128   0.0310   133.50  0    cut
 747  sn94ae        Ia-norm    0.4102   1.26   0.2977   0.0216    70.00  0    cut
 748  sn90K         IIL        0.4102   1.26   0.3065   0.0556   119.20  1    cut
 749  sn98dt        Ib-norm    0.4143   1.26   0.3291   0.0390    10.70  0    cut
 750  sn81B         Ia-norm    0.4102   1.25   0.1253   0.0239    26.90  0    cut
 751  sn97cy        IIn        0.5226   1.25   0.3677   0.0275   116.80  1    cut
 752  sn81B         Ia-norm    0.4616   1.25   0.1222   0.0294    19.90  0    cut
 753  sn99em        IIP        0.4007   1.25   0.3084   0.0135    60.10  0    cut
 754  sn99by        Ia-91bg    0.4034   1.25   0.1153   0.0241    25.10  0    cut
 755  sn94D         Ia-norm    0.4048   1.25   0.1218   0.0250    15.30  0    cut
 756  sn94M         Ia-norm    0.4319   1.25   0.3228   0.0266     3.00  0    cut
 757  sn95D         Ia-norm    0.5334   1.25   0.1197   0.0295    16.10  0    cut
 758  sn98bu        Ia-norm    0.4021   1.25   0.3045   0.0224    12.20  0    cut
 759  sn02ap        Ic-broad   0.4616   1.25   0.1403   0.0534    30.50  0    cut
 760  sn86G         Ia-91bg    0.4210   1.24   0.1558   0.0380     0.10  0    cut
 761  sn98aq        Ia-norm    0.4034   1.24   0.2968   0.0195    78.60  0    cut
 762  sn99em        IIP        0.4007   1.24   0.3084   0.0134    64.10  0    cut
 763  sn98dt        Ib-norm    0.4156   1.24   0.3300   0.0358    11.70  0    cut
 764  sn96L         IIn        0.4237   1.24   0.1130   0.0246    33.70  0    cut
 765  sn91bg        Ia-91bg    0.5334   1.24   0.2920   0.0274    54.50  0    cut
 766  sn00cx        Ia-pec     0.5266   1.24   0.3004   0.0298    61.10  0    cut
 767  sn97cy        IIn        0.5226   1.24   0.2635   0.0324   125.30  1    cut
 768  sn99by        Ia-91bg    0.4034   1.23   0.1146   0.0238    29.10  0    cut
 769  sn99em        IIP        0.4021   1.23   0.3078   0.0135    68.00  0    cut
 770  sn99em        IIP        0.4021   1.23   0.3082   0.0136    62.10  0    cut
 771  sn99ee        Ia-norm    0.4725   1.23   0.1167   0.0292    22.10  0    cut
 772  sn99em        IIP        0.4021   1.23   0.3068   0.0131    86.90  0    cut
 773  sn99em        IIP        0.4021   1.23   0.3078   0.0134    70.10  0    cut
 774  sn97cy        IIn        0.5226   1.23   0.1264   0.0328    14.10  1    cut
 775  sn98S         IIn        0.4021   1.22   0.2153   0.0319   413.40  0    cut
 776  sn99em        IIP        0.4021   1.22   0.3077   0.0132    72.00  0    cut
 777  sn99em        IIP        0.4021   1.22   0.3026   0.0143   119.80  0    cut
 778  sn04aw        Ic-norm    0.4765   1.22   0.1321   0.0449    24.90  0    cut
 779  sn91N         Ic-norm    0.5334   1.22   0.1389   0.0681     6.60  1    cut
 780  sn00cx        Ia-pec     0.5266   1.21   0.1519   0.0588   146.40  0    cut
 781  sn98bu        Ia-norm    0.4021   1.21   0.1155   0.0236    57.10  0    cut
 782  sn99by        Ia-91bg    0.4034   1.21   0.1144   0.0236    31.10  0    cut
 783  sn94D         Ia-norm    0.4061   1.21   0.1163   0.0239    48.00  0    cut
 784  sn04et        IIP        0.4061   1.21   0.3100   0.0200    57.50  0    cut
 785  sn98aq        Ia-norm    0.4034   1.20   0.1165   0.0238    65.60  0    cut
 786  sn93J         IIb        0.4495   1.20   0.1152   0.0254     4.60  0    cut
 787  sn98bw        Ic-broad   0.5063   1.20   0.0306   0.0402   138.50  0    cut
 788  sn98bw        Ic-broad   0.5334   1.20   0.3075   0.0383    36.50  0    cut
 789  sn04et        IIP        0.4061   1.20   0.4426   0.0141   146.90  0    cut
 790  sn81B         Ia-norm    0.4698   1.20   0.1288   0.0294    18.90  0    cut
 791  sn91bg        Ia-91bg    0.4535   1.20   0.1369   0.0606     2.70  0    cut
 792  sn04aw        Ic-norm    0.4197   1.19   0.1406   0.0328     3.10  0    cut
 793  sn99em        IIP        0.4021   1.19   0.3059   0.0136   100.90  0    cut
 794  sn03du        Ia-norm    0.4075   1.18   0.1207   0.0248    20.00  0    cut
 795  sn04aw        Ic-norm    0.4156   1.18   0.1413   0.0328     3.60  0    cut
 796  sn87A         II-pec     0.5334   1.18   0.0454   0.0389   504.20  0    cut
 797  sn99em        IIP        0.4007   1.18   0.3058   0.0143   114.80  0    cut
 798  sn99em        IIP        0.4088   1.18   0.3032   0.0147   119.00  0    cut
 799  sn87A         II-pec     0.5334   1.18   0.2761   0.0191   316.00  0    cut
 800  kcSB1         Gal        0.5334   1.18   0.2050   0.0117   -99.90  2    cut
 801  sn98aq        Ia-norm    0.4021   1.18   0.1223   0.0254    18.80  0    cut
 802  sn94ae        Ia-norm    0.4224   1.18   0.2874   0.0348   153.40  0    cut
 803  sn99by        Ia-91bg    0.4034   1.18   0.1141   0.0236    33.10  0    cut
 804  sn96cb        IIb        0.4278   1.18   0.3108   0.0346     5.00  0    cut
 805  sn04aw        Ic-norm    0.4156   1.18   0.3146   0.0306     1.60  0    cut
 806  sn93J         IIb        0.4495   1.17   0.1143   0.0245     3.80  0    cut
 807  sn94Q         Ia-norm    0.5334   1.17   0.1171   0.0300    18.50  0    cut
 808  sn97br        Ia-91T     0.4129   1.17   0.1136   0.0281    66.40  0    cut
 809  sn99ac        Ia-91T     0.4129   1.17   0.3271   0.0354   -13.60  0    cut
 810  sn97ef        Ic-broad   0.4116   1.17   0.0281   0.0495    -9.10  0    cut
 811  sn03du        Ia-norm    0.4116   1.17   0.1210   0.0260    19.60  0    cut
 812  sn94I         Ic-norm    0.4088   1.17   0.3274   0.0314    21.20  0    cut
 813  sn04et        IIP        0.4657   1.17   0.3072   0.0357    63.00  0    cut
 814  sn03du        Ia-norm    0.4061   1.17   0.1153   0.0240    61.70  0    cut
 815  sn05gj        Ia-csm     0.4278   1.16   0.1156   0.0336    92.10  0    cut
 816  sn03cg        Ia-norm    0.4102   1.16   0.3101   0.0259     7.40  0    cut
 817  sn98bu        Ia-norm    0.4021   1.16   0.3039   0.0226    13.20  0    cut
 818  sn04aw        Ic-norm    0.4765   1.16   0.1367   0.0438     5.30  0    cut
 819  sn02er        Ia-norm    0.4698   1.16   0.3084   0.0345   213.00  0    cut
 820  sn04et        IIP        0.4644   1.16   0.2738   0.0358   250.30  0    cut
 821  sn04S         Ia-norm    0.4711   1.16   0.1165   0.0304    18.40  0    cut
 822  sn91bg        Ia-91bg    0.4508   1.16   0.2936   0.0237    53.30  0    cut
 823  sn91bg        Ia-91bg    0.5009   1.15   0.1178   0.0339    25.60  0    cut
 824  sn97ef        Ic-broad   0.4359   1.15   0.1358   0.0588    44.30  0    cut
 825  sn04et        IIP        0.4630   1.15   0.3649   0.0191    12.10  0    cut
 826  sn00H         IIb        0.4143   1.15   0.3035   0.0294     7.70  0    cut
 827  sn04et        IIP        0.4657   1.15   0.3076   0.0353    64.00  0    cut
 828  sn97br        Ia-91T     0.4319   1.15   0.3076   0.0267     8.50  0    cut
 829  sn91bg        Ia-91bg    0.5334   1.14   0.1216   0.0391    18.90  0    cut
 830  sn02er        Ia-norm    0.4292   1.14   0.3311   0.0290    -9.40  0    cut
 831  sn86G         Ia-91bg    0.4210   1.14   0.1558   0.0395     1.10  0    cut
 832  sn04et        IIP        0.4359   1.14   0.3087   0.0325    34.50  0    cut
 833  sn93J         IIb        0.5334   1.14   0.1131   0.0261    11.00  0    cut
 834  sn87A         II-pec     0.5334   1.14   0.2471   0.0351   701.70  0    cut
 835  sn92ar        Ic-norm    0.5036   1.14   0.1255   0.0368     3.40  0    cut
 836  sn04aw        Ic-norm    0.4224   1.14   0.1337   0.0378    48.00  0    cut
 837  sn02er        Ia-norm    0.5280   1.13   0.1202   0.0316    15.50  0    cut
 838  sn02er        Ia-norm    0.5280   1.13   0.1202   0.0316    16.40  0    cut
 839  sn02bo        Ia-norm    0.4048   1.13   0.1177   0.0267    27.70  0    cut
 840  sn80K         IIL        0.4860   1.13   0.1278   0.0413    12.00  0    cut
 841  sn91bg        Ia-91bg    0.4508   1.13   0.2938   0.0245    53.50  0    cut
 842  sn98bw        Ic-broad   0.5334   1.13   0.3121   0.0368    26.70  0    cut
 843  sn02bo        Ia-norm    0.4048   1.13   0.1205   0.0273    21.70  0    cut
 844  sn03du        Ia-norm    0.4251   1.13   0.1218   0.0293    17.80  0    cut
 845  sn02er        Ia-norm    0.4725   1.13   0.1212   0.0302    19.50  0    cut
 846  sn94I         Ic-norm    0.4048   1.12   0.3146   0.0311    -2.70  0    cut
 847  sn04aw        Ic-norm    0.4197   1.12   0.1431   0.0346     1.90  0    cut
 848  sn94M         Ia-norm    0.5334   1.12   0.1279   0.0333    12.90  0    cut
 849  sn04aw        Ic-norm    0.4170   1.12   0.1444   0.0398     2.60  0    cut
 850  sn99em        IIP        0.4021   1.11   0.3666   0.0359     6.40  0    cut
 851  sn00H         IIb        0.4143   1.11   0.3045   0.0314     6.70  0    cut
 852  mstar         M-star     0.4589   1.11   0.0410   0.0262     9.00  2    cut
 853  sn90K         IIL        0.4102   1.11   0.2408   0.0173   136.20  1    cut
 854  sn94I         Ic-norm    0.4007   1.11   0.2939   0.0417    40.00  0    cut
 855  sn91T         Ia-91T     0.5334   1.11   0.1243   0.0364    15.90  0    cut
 856  sn02bo        Ia-norm    0.4048   1.10   0.2927   0.0249    79.40  0    cut
 857  sn02ap        Ic-broad   0.5212   1.10   0.0309   0.0349   182.50  0    cut
 858  sn94D         Ia-norm    0.4034   1.10   0.3062   0.0231    13.40  0    cut
 859  sn99gi        IIP        0.4021   1.10   0.0931   0.0397   129.40  0    cut
 860  sn02bo        Ia-norm    0.4373   1.10   0.3433   0.0273   -12.30  0    cut
 861  sn98bw        Ic-broad   0.5334   1.10   0.1099   0.0566    18.70  0    cut
 862  sn94I         Ic-norm    0.4021   1.10   0.4240   0.0319    22.20  0    cut
 863  sn98dt        Ib-norm    0.4156   1.10   0.3118   0.0389     0.00  0    cut
 864  sn94D         Ia-norm    0.4332   1.10   0.3077   0.0247    11.00  0    cut
 865  sn93J         IIb        0.4156   1.10   0.1153   0.0262     6.60  0    cut
 866  sn99gi        IIP        0.4007   1.10   0.3128   0.0208    26.90  0    cut
 867  sn02bo        Ia-norm    0.4034   1.10   0.1171   0.0276    28.60  0    cut
 868  sn97ef        Ic-broad   0.4102   1.10   0.0324   0.0515   -11.90  0    cut
 869  sn95D         Ia-norm    0.4278   1.10   0.1137   0.0283    69.60  0    cut
 870  sn93J         IIb        0.4292   1.10   0.1160   0.0240     3.40  0    cut
 871  lbv03hy       LBV        0.4210   1.09   0.4418   0.0245   -99.90  2    cut
 872  sn93J         IIb        0.5334   1.09   0.1133   0.0272    12.00  0    cut
 873  sn97dd        IIb        0.4129   1.09   0.3145   0.0424     3.60  1    cut
 874  sn97ef        Ic-broad   0.4116   1.09   0.0322   0.0522   -10.10  0    cut
 875  sn90K         IIL        0.4102   1.09   0.7085   0.0230   147.10  1    cut
 876  sn03du        Ia-norm    0.4061   1.09   0.3038   0.0214    17.00  0    cut
 877  sn99by        Ia-91bg    0.4630   1.09   0.1328   0.0690     3.10  0    cut
 878  sn98S         IIn        0.4021   1.09   0.1174   0.0294    74.50  0    cut
 879  sn06bp        IIP        0.4319   1.09   0.0622   0.0270     7.20  0    cut
 880  sn98bu        Ia-norm    0.4021   1.09   0.3033   0.0224    14.30  0    cut
 881  sn01el        Ia-norm    0.5199   1.09   0.1236   0.0308    18.10  0    cut
 882  sn98S         IIn        0.4021   1.09   0.1170   0.0301    72.50  0    cut
 883  lbv03hy       LBV        0.4210   1.08   0.4375   0.0310   -99.90  2    cut
 884  sn99em        IIP        0.5226   1.08   0.2727   0.0278   327.80  0    cut
 885  sn02ap        Ic-broad   0.5199   1.08   0.0307   0.0346   152.70  0    cut
 886  sn93J         IIb        0.4765   1.08   0.1150   0.0276     3.70  0    cut
 887  sn97ef        Ic-broad   0.4102   1.08   0.0381   0.0536   -14.00  0    cut
 888  sn04et        IIP        0.4562   1.07   0.2924   0.0261     8.60  0    cut
 889  sn83V         Ic-norm    0.4752   1.07   0.3111   0.0327    11.90  0    cut
 890  sn99em        IIP        0.4644   1.07   0.3056   0.0422    71.20  0    cut
 891  sn04et        IIP        0.4292   1.07   0.3078   0.0309    39.50  0    cut
 892  sn98S         IIn        0.4914   1.07   0.3139   0.0406    81.20  0    cut
 893  sn02bo        Ia-norm    0.4034   1.07   0.1211   0.0284    20.70  0    cut
 894  sn04et        IIP        0.4603   1.06   0.3676   0.0175     6.20  0    cut
 895  sn03cg        Ia-norm    0.4901   1.06   0.1238   0.0364    12.40  0    cut
 896  sn02ap        Ic-broad   0.4021   1.06   0.3156   0.0294   148.60  0    cut
 897  sn02ap        Ic-broad   0.4075   1.06   0.3126   0.0221   234.10  0    cut
 898  sn98bw        Ic-broad   0.5334   1.06   0.2972   0.0468    66.10  0    cut
 899  sn94ae        Ia-norm    0.4102   1.05   0.2955   0.0273    87.80  0    cut
 900  sn02bo        Ia-norm    0.4048   1.05   0.1173   0.0281    29.70  0    cut
 901  sn02ap        Ic-broad   0.4034   1.05   0.3152   0.0293   154.60  0    cut
 902  sn83V         Ic-norm    0.4657   1.05   0.3107   0.0344    15.90  0    cut
 903  sn98bw        Ic-broad   0.5334   1.05   0.1129   0.0611    86.90  0    cut
 904  sn93J         IIb        0.5334   1.04   0.1134   0.0276    13.00  0    cut
 905  sn98S         IIn        0.4021   1.04   0.1171   0.0307    75.50  0    cut
 906  sn99by        Ia-91bg    0.4021   1.04   0.1216   0.0354     8.10  0    cut
 907  sn04aw        Ic-norm    0.4156   1.04   0.1487   0.0435     0.80  0    cut
 908  sn05cs        IIP        0.4644   1.04   0.2834   0.0143     7.10  0    cut
 909  sn93J         IIb        0.4373   1.04   0.3101   0.0341    -1.60  0    cut
 910  sn98S         IIn        0.4914   1.04   0.1633   0.0447    11.40  0    cut
 911  sn02bo        Ia-norm    0.4048   1.04   0.1156   0.0276    40.60  0    cut
 912  sn97ef        Ic-broad   0.4806   1.03   0.3386   0.0418    75.00  0    cut
 913  sn02ap        Ic-broad   0.4021   1.03   0.3124   0.0421     0.60  0    cut
 914  sn02bo        Ia-norm    0.4034   1.03   0.1221   0.0292    19.80  0    cut
 915  sn02bo        Ia-norm    0.4048   1.03   0.1197   0.0274    23.80  0    cut
 916  sn97ef        Ic-broad   0.4116   1.03   0.1308   0.0479    79.80  0    cut
 917  sn91bg        Ia-91bg    0.5253   1.03   0.1218   0.0814    14.70  0    cut
 918  sn94I         Ic-norm    0.5212   1.03   0.3158   0.0335     2.40  0    cut
 919  sn99em        IIP        0.4007   1.03   0.3624   0.0211     9.40  0    cut
 920  sn99dn        Ib-norm    0.4156   1.03   0.3241   0.0375     0.00  1    cut
 921  sn99gi        IIP        0.4007   1.02   0.3119   0.0487    23.90  0    cut
 922  sn97cn        Ia-91bg    0.4603   1.02   0.1258   0.0759     3.90  0    cut
 923  sn91bg        Ia-91bg    0.4264   1.02   0.1420   0.0452     1.50  0    cut
 924  sn95bd        Ia-norm    0.4264   1.01   0.3139   0.0262    11.30  0    cut
 925  sn02bo        Ia-norm    0.4021   1.01   0.3100   0.0262    10.80  0    cut
 926  sn99by        Ia-91bg    0.4034   1.01   0.1227   0.0382     7.10  0    cut
 927  sn98S         IIn        0.4021   1.01   0.3460   0.0156   128.30  0    cut
 928  sn98bw        Ic-broad   0.4711   1.01   0.1538   0.0606    59.20  0    cut
 929  sn96L         IIn        0.4928   1.01   0.3954   0.0360    42.20  0    cut
 930  sn98dt        Ib-norm    0.4156   1.01   0.3116   0.0401     0.90  0    cut
 931  sn94I         Ic-norm    0.4359   1.01   0.3178   0.0306    -0.10  0    cut
 932  sn02er        Ia-norm    0.4779   1.01   0.1285   0.0380    12.40  0    cut
 933  sn04et        IIP        0.4359   1.01   0.3075   0.0336    24.60  0    cut
 934  sn04S         Ia-norm    0.4427   1.00   0.1205   0.0375    14.00  0    cut
 935  sn03du        Ia-norm    0.4061   1.00   0.1218   0.0282    19.00  0    cut
 936  sn05cs        IIP        0.4644   1.00   0.1718   0.0348    -1.90  0    cut
 937  sn02bo        Ia-norm    0.4048   1.00   0.1153   0.0285    45.60  0    cut
 938  sn05cs        IIP        0.4657   0.99   0.1176   0.0368    26.00  0    cut
 939  sn99by        Ia-91bg    0.4034   0.99   0.1135   0.0255    42.10  0    cut
 940  sn02bo        Ia-norm    0.4034   0.99   0.1230   0.0309    18.70  0    cut
 941  sn91bg        Ia-91bg    0.4048   0.99   0.3675   0.0743    32.70  0    cut
 942  sn03cg        Ia-norm    0.4941   0.99   0.1263   0.0392    11.40  0    cut
 943  sn96cb        IIb        0.4914   0.98   0.2821   0.0343   177.30  0    cut
 944  sn04et        IIP        0.4657   0.98   0.2732   0.0166   268.30  0    cut
 945  sn98bw        Ic-broad   0.5334   0.98   0.1118   0.0664    20.70  0    cut
 946  sn97ef        Ic-broad   0.5090   0.97   0.0368   0.0775    -5.00  0    cut
 947  sn98S         IIn        0.4021   0.97   0.1170   0.0305    89.40  0    cut
 948  sn99em        IIP        0.5185   0.97   0.3613   0.0253    11.10  0    cut
 949  sn02bo        Ia-norm    0.4034   0.97   0.3088   0.0254    11.90  0    cut
 950  sn99em        IIP        0.4021   0.97   0.3026   0.0212   126.80  0    cut
 951  sn99by        Ia-91bg    0.4021   0.97   0.3114   0.0394    -4.80  0    cut
 952  sn04et        IIP        0.4332   0.97   0.3015   0.0311    14.50  0    cut
 953  mstar         M-star     0.4616   0.97   0.3388   0.0196     2.00  2    cut
 954  sn05cs        IIP        0.4657   0.97   0.1177   0.0374    27.00  0    cut
 955  sn81B         Ia-norm    0.4237   0.96   0.1330   0.0359    16.00  0    cut
 956  sn02bo        Ia-norm    0.4021   0.96   0.3090   0.0253    12.80  0    cut
 957  sn99em        IIP        0.5334   0.96   0.1044   0.0414    58.10  0    cut
 958  sn97dq        Ic-norm    0.4048   0.96   0.3105   0.0468    21.90  1    cut
 959  sn02bo        Ia-norm    0.4048   0.96   0.1156   0.0298    43.60  0    cut
 960  sn04et        IIP        0.4671   0.96   0.1143   0.0358    35.10  0    cut
 961  sn97ef        Ic-broad   0.4102   0.95   0.0249   0.0589    -6.10  0    cut
 962  sn06bp        IIP        0.4346   0.95   0.3038   0.0298    16.20  0    cut
 963  sn99aa        Ia-91T     0.4386   0.95   0.1418   0.0398    15.40  0    cut
 964  sn97ef        Ic-broad   0.4061   0.95   0.0328   0.0573   -11.00  0    cut
 965  sn03du        Ia-norm    0.4752   0.95   0.1316   0.0421    13.70  0    cut
 966  sn02bo        Ia-norm    0.4034   0.95   0.3092   0.0248    13.80  0    cut
 967  sn99by        Ia-91bg    0.4034   0.95   0.3100   0.0395    -3.90  0    cut
 968  mstar         M-star     0.4616   0.94   0.3392   0.0145     3.00  2    cut
 969  sn86G         Ia-91bg    0.4197   0.94   0.3191   0.0275    -0.90  0    cut
 970  sn97ef        Ic-broad   0.4116   0.94   0.0242   0.0643    -5.10  0    cut
 971  sn81B         Ia-norm    0.5131   0.94   0.0250   0.0585   267.40  0    cut
 972  sn04et        IIP        0.4657   0.94   0.1157   0.0357    42.00  0    cut
 973  sn99by        Ia-91bg    0.4021   0.94   0.6659   0.0237     4.10  0    cut
 974  sn02bo        Ia-norm    0.4048   0.94   0.1149   0.0301    49.60  0    cut
 975  sn99by        Ia-91bg    0.4034   0.94   0.1239   0.0406     6.10  0    cut
 976  sn98S         IIn        0.4021   0.93   0.3500   0.0211   120.30  0    cut
 977  sn02ap        Ic-broad   0.4346   0.93   0.3147   0.0311   238.50  0    cut
 978  sn02ap        Ic-broad   0.4021   0.93   0.1395   0.0476    29.50  0    cut
 979  sn81B         Ia-norm    0.4183   0.93   0.1262   0.0377    16.90  0    cut
 980  sn91bg        Ia-91bg    0.4102   0.93   0.6319   0.0346   117.20  0    cut
 981  sn02bo        Ia-norm    0.4048   0.93   0.2946   0.0310    72.50  0    cut
 982  sn02bo        Ia-norm    0.4048   0.93   0.2997   0.0292    54.60  0    cut
 983  sn91bg        Ia-91bg    0.4495   0.93   0.2927   0.0413    46.30  0    cut
 984  sn99by        Ia-91bg    0.4021   0.93   0.6645   0.0247     5.20  0    cut
 985  sn02bo        Ia-norm    0.4034   0.93   0.1239   0.0329    17.80  0    cut
 986  sn00H         IIb        0.4143   0.92   0.3035   0.0407     9.60  0    cut
 987  sn02bo        Ia-norm    0.4034   0.92   0.3091   0.0246    14.80  0    cut
 988  sn90K         IIL        0.4264   0.92   0.3068   0.0629     0.00  1    cut
 989  sn97dq        Ic-norm    0.4021   0.92   0.3123   0.0473     0.00  1    cut
 990  mstar         M-star     0.4589   0.92   0.6445   0.0143     0.00  2    cut
 991  sn02bo        Ia-norm    0.4048   0.92   0.3092   0.0241    15.70  0    cut
 992  sn97dq        Ic-norm    0.4048   0.92   0.3099   0.0433    26.90  1    cut
 993  sn98bw        Ic-broad   0.5334   0.92   0.0372   0.0518    27.60  0    cut
 994  sn98S         IIn        0.4007   0.91   0.3489   0.0328   101.40  0    cut
 995  sn04et        IIP        0.4644   0.91   0.1159   0.0361    34.10  0    cut
 996  sn97dq        Ic-norm    0.4034   0.91   0.3113   0.0455    17.90  1    cut
 997  sn97ef        Ic-broad   0.4102   0.91   0.1596   0.0392    -4.10  0    cut
 998  sn98S         IIn        0.4021   0.91   0.3557   0.0219   422.50  0    cut
 999  sn98S         IIn        0.4007   0.91   0.3494   0.0174   127.30  0    cut
1000  sn04et        IIP        0.4684   0.90   0.3565   0.0262    24.00  0    cut
1001  sn02bo        Ia-norm    0.4048   0.90   0.3016   0.0295    51.60  0    cut
1002  sn05gj        Ia-csm     0.4088   0.90   0.3546   0.0135   -12.10  0    cut
1003  sn04et        IIP        0.4630   0.90   0.1163   0.0355    25.00  0    cut
1004  sn04et        IIP        0.4657   0.90   0.1157   0.0363    33.10  0    cut
1005  sn06bp        IIP        0.4359   0.89   0.3013   0.0333    20.10  0    cut
1006  sn94I         Ic-norm    0.4048   0.89   0.3131   0.0379     1.10  0    cut
1007  sn98S         IIn        0.4021   0.89   0.3468   0.0173   118.30  0    cut
1008  sn02ap        Ic-broad   0.4021   0.89   0.1384   0.0504    25.50  0    cut
1009  sn98bw        Ic-broad   0.5117   0.89   0.0327   0.0558    33.60  0    cut
1010  sn02er        Ia-norm    0.4806   0.89   0.1254   0.0468    10.60  0    cut
1011  sn98S         IIn        0.4007   0.89   0.3517   0.0329    93.40  0    cut
1012  sn91bg        Ia-91bg    0.4007   0.89   0.2740   0.0229   143.00  0    cut
1013  sn98bw        Ic-broad   0.5334   0.89   0.3147   0.0382    25.70  0    cut
1014  sn06bp        IIP        0.4508   0.88   0.2954   0.0349    17.10  0    cut
1015  sn94ae        Ia-norm    0.5226   0.88   0.2702   0.0362   367.70  0    cut
1016  sn00H         IIb        0.4129   0.88   0.3003   0.0397    10.60  0    cut
1017  sn96cb        IIb        0.4061   0.88   0.0381   0.0420   334.20  0    cut
1018  sn02ap        Ic-broad   0.4034   0.88   0.1387   0.0531    30.50  0    cut
1019  sn97ei        Ic-norm    0.4170   0.88   0.3300   0.0388    10.90  1    cut
1020  sn04et        IIP        0.4657   0.88   0.1165   0.0359    27.00  0    cut
1021  sn94I         Ic-norm    0.4941   0.87   0.0286   0.0370    64.10  0    cut
1022  sn00cx        Ia-pec     0.5266   0.87   0.1594   0.0759   124.60  0    cut
1023  sn98dt        Ib-norm    0.4156   0.87   0.3296   0.0469     6.80  0    cut
1024  sn97dq        Ic-norm    0.4034   0.87   0.3136   0.0654    14.90  1    cut
1025  sn04et        IIP        0.4427   0.85   0.1185   0.0320    19.50  0    cut
1026  sn98S         IIn        0.4021   0.85   0.3490   0.0316   105.40  0    cut
1027  sn06bp        IIP        0.4359   0.85   0.2996   0.0313    15.10  0    cut
1028  sn02ap        Ic-broad   0.4021   0.85   0.3282   0.0506     3.60  0    cut
1029  sn06bp        IIP        0.4305   0.85   0.3050   0.0310    14.30  0    cut
1030  sn02bo        Ia-norm    0.4034   0.85   0.1251   0.0372    16.70  0    cut
1031  sn92A         Ia-norm    0.4224   0.85   0.1354   0.0428    11.60  0    cut
1032  sn00H         IIb        0.4143   0.84   0.3024   0.0442    11.60  0    cut
1033  sn04et        IIP        0.4386   0.84   0.1181   0.0321    22.60  0    cut
1034  sn83V         Ic-norm    0.4102   0.84   0.3062   0.0432    37.80  0    cut
1035  sn98S         IIn        0.4021   0.84   0.3502   0.0358    98.40  0    cut
1036  sn02ap        Ic-broad   0.4616   0.83   0.0349   0.0501   332.20  0    cut
1037  sn93J         IIb        0.4237   0.81   0.0414   0.0491   211.70  0    cut
1038  sn93J         IIb        0.4549   0.81   0.3010   0.0396    -2.40  0    cut
1039  sn98S         IIn        0.4007   0.80   0.3506   0.0355    95.40  0    cut
1040  sn83V         Ic-norm    0.4657   0.80   0.1334   0.0836    17.90  0    cut
1041  sn93J         IIb        0.4427   0.80   0.2991   0.0392     1.40  0    cut
1042  sn83V         Ic-norm    0.4657   0.80   0.1336   0.0838    14.90  0    cut
1043  sn02ap        Ic-broad   0.4021   0.80   0.3326   0.0570     6.60  0    cut
1044  sn94I         Ic-norm    0.4048   0.80   0.3112   0.0538     2.10  0    cut
1045  sn02ap        Ic-broad   0.4021   0.79   0.3326   0.0522     5.60  0    cut
1046  sn02ap        Ic-broad   0.4021   0.79   0.3320   0.0548     4.60  0    cut
1047  sn83V         Ic-norm    0.4657   0.79   0.1332   0.0837    16.90  0    cut
1048  sn83N         Ib-norm    0.4061   0.78   0.3194   0.0443    12.00  0    cut
1049  sn91bg        Ia-91bg    0.4305   0.78   0.2958   0.0483    46.50  0    cut
1050  sn02ap        Ic-broad   0.4928   0.78   0.1849   0.0872     4.70  0    cut
1051  mstar         M-star     0.4576   0.77   0.3398   0.0240     1.00  2    cut
1052  sn83V         Ic-norm    0.4143   0.74   0.3171   0.0572    13.90  0    cut
1053  sn97cy        IIn        0.5239   0.73   0.1138   0.0341    57.20  1    cut
1054  sn83N         Ib-norm    0.4508   0.73   0.0339   0.1160   227.60  0    cut
1055  sn93J         IIb        0.5334   0.72   0.3034   0.0399    -4.00  0    cut
1056  sn00H         IIb        0.4454   0.71   0.1298   0.0753     8.40  0    cut
1057  sn02ap        Ic-broad   0.4021   0.69   0.3336   0.0665    11.60  0    cut
1058  sn94I         Ic-norm    0.4102   0.68   0.3259   0.0592    23.20  0    cut
1059  sn97dq        Ic-norm    0.4657   0.68   0.3575   0.0370   222.20  1    cut
1060  sn93J         IIb        0.5334   0.68   0.1853   0.0457    -3.00  0    cut
1061  sn93J         IIb        0.5334   0.67   0.1838   0.0474    -2.00  0    cut
1062  sn93J         IIb        0.4413   0.67   0.0325   0.0416   -18.00  0    cut
1063  sn05kl        Ic-norm    0.4359   0.66   0.3246   0.0553    39.80  0    cut
1064  sn93J         IIb        0.5036   0.65   0.1832   0.0463    -5.00  0    cut
