### SNID output file ###
 
### input spectrum and options ###
# Input spectrum                 : 16758_3.30.dat
# Parameter file                 : NA
# Wavelength range               :    3599.28   9001.90
# Mask file                      : NA
# Median filtering width [A]     : NA
# Median filtering width [pix]   :       1.00
# Clip emission redshift         :     0.3249
# Clip sky lines                 : 0
# Emission clip width [A]        :       0.32
# Keep A-band                    : 1
# Age range                      :      -6.70     13.30
# Delta range                    :      -9.99     99.90
# Min. number of spectra/template:   1
# Use only templates             : NA
# Use only types                 : NA
# Avoid templates                : NA
# Avoid types                    : NA
# rlapmin                        :       5.00
# Redshift range                 :    -0.0100    1.2000
# Forced initial redshift        :     0.3249
# Extra fake redshift            : NA
# Nsigma for initial redshift    : NA
# Redshift filter                :     0.0200
# Wavenumbers k1,k2,k3,k4        :     1    4   85  102
# Template directory             : /Users/daniel/snid-5.0/templates/
 
### initial/user-input redshift ###
zinit       0.0000
zuser       0.3249
 
### median redshift/age and error ###
zmed        0.3229    0.0068
agem          1.75      4.35
 
### type fraction/redshift/age ###
#type ntemp fraction slope redshift redshift_error age age_error
Ia            124      1.00    0.0000    0.3229    0.0068     1.750     4.352
Ia-norm       110      0.89    0.0202    0.3229    0.0066     1.500     4.346
Ia-91T          5      0.04    0.0057    0.3334    0.0040     3.100     3.116
Ia-91bg         1      0.01    0.0000    0.3194    0.0000    -0.400     0.000
Ia-csm          0      0.00    0.0000    0.0000    0.0000     0.000     0.000
Ia-pec          8      0.06    0.0000    0.3185    0.0056     5.750     5.048
###
Ib              0      0.00    0.0000    0.0000    0.0000     0.000     0.000
Ib-norm         0      0.00    0.0000    0.0000    0.0000     0.000     0.000
Ib-pec          0      0.00    0.0000    0.0000    0.0000     0.000     0.000
IIb             0      0.00    0.0000    0.0000    0.0000     0.000     0.000
###
Ic              0      0.00    0.0000    0.0000    0.0000     0.000     0.000
Ic-norm         0      0.00    0.0000    0.0000    0.0000     0.000     0.000
Ic-pec          0      0.00    0.0000    0.0000    0.0000     0.000     0.000
Ic-broad        0      0.00    0.0000    0.0000    0.0000     0.000     0.000
###
II              0      0.00    0.0000    0.0000    0.0000     0.000     0.000
IIP             0      0.00    0.0000    0.0000    0.0000     0.000     0.000
II-pec          0      0.00    0.0000    0.0000    0.0000     0.000     0.000
IIn             0      0.00    0.0000    0.0000    0.0000     0.000     0.000
IIL             0      0.00    0.0000    0.0000    0.0000     0.000     0.000
###
NotSN           0      0.00    0.0000    0.0000    0.0000     0.000     0.000
AGN             0      0.00    0.0000    0.0000    0.0000     0.000     0.000
Gal             0      0.00    0.0000    0.0000    0.0000     0.000     0.000
LBV             0      0.00    0.0000    0.0000    0.0000     0.000     0.000
M-star          0      0.00    0.0000    0.0000    0.0000     0.000     0.000
 
### rlap-ordered template listings ###
#no. sn type lap rlap z zerr age age_flag grade
   1  sn94ae        Ia-norm    0.6539   9.55   0.3222   0.0056     4.40  0   good
   2  sn02bo        Ia-norm    0.7852   9.32   0.3239   0.0061     5.50  0   good
   3  sn02bo        Ia-norm    0.7175   9.24   0.3309   0.0064    -1.40  0   good
   4  sn99aw        Ia-91T     0.6620   8.89   0.3334   0.0070     3.20  0   good
   5  sn02bo        Ia-norm    0.6634   8.67   0.3316   0.0066    -1.50  0   good
   6  sn02bo        Ia-norm    0.6634   8.57   0.3335   0.0067    -2.50  0   good
   7  sn94ae        Ia-norm    0.6620   8.57   0.3207   0.0060     6.40  0   good
   8  sn02bo        Ia-norm    0.6904   8.52   0.3286   0.0068    -0.30  0   good
   9  sn94ae        Ia-norm    0.6403   8.39   0.3223   0.0061     2.30  0   good
  10  sn81B         Ia-norm    0.7933   8.21   0.3352   0.0067     0.00  0   good
  11  sn02bo        Ia-norm    0.6634   8.15   0.3347   0.0070    -3.40  0   good
  12  sn81B         Ia-norm    0.7879   7.99   0.3353   0.0069    -0.90  0   good
  13  sn05hj        Ia-norm    0.5388   7.98   0.3224   0.0063     1.60  0   good
  14  sn02er        Ia-norm    0.7135   7.95   0.3191   0.0064     5.50  0   good
  15  sn02bo        Ia-norm    0.6620   7.91   0.3322   0.0070    -1.20  0   good
  16  sn03cg        Ia-norm    0.6607   7.91   0.3195   0.0064     4.50  0   good
  17  sn05hj        Ia-norm    0.5402   7.84   0.3210   0.0062     4.30  0   good
  18  sn89B         Ia-norm    0.6498   7.82   0.3185   0.0068     3.50  0   good
  19  sn94ae        Ia-norm    0.6376   7.75   0.3233   0.0065     1.30  0   good
  20  sn02bo        Ia-norm    0.7581   7.71   0.3357   0.0076    -4.50  0   good
  21  sn96X         Ia-norm    0.7879   7.69   0.3187   0.0065     1.90  0   good
  22  sn96X         Ia-norm    0.7906   7.59   0.3195   0.0066     0.90  0   good
  23  sn02er        Ia-norm    0.7527   7.56   0.3211   0.0069     3.40  0   good
  24  sn05hj        Ia-norm    0.5402   7.50   0.3231   0.0067    -0.30  0   good
  25  sn03cg        Ia-norm    0.6214   7.48   0.3200   0.0062     1.50  0   good
  26  sn92A         Ia-norm    0.6525   7.36   0.3327   0.0066     3.30  0   good
  27  sn89B         Ia-norm    0.8218   7.33   0.3278   0.0077    -6.30  0   good
  28  sn94ae        Ia-norm    0.6268   7.07   0.3224   0.0068     3.30  0   good
  29  sn03du        Ia-norm    0.6769   7.06   0.3166   0.0070     7.90  0   good
  30  sn91M         Ia-norm    0.6647   7.04   0.3276   0.0076     2.70  0   good
  31  sn89B         Ia-norm    0.7649   6.99   0.3214   0.0082    -0.50  0   good
  32  sn98bu        Ia-norm    0.5672   6.92   0.3247   0.0076     1.20  0   good
  33  sn95D         Ia-norm    0.6904   6.88   0.3191   0.0077     4.20  0   good
  34  sn04eo        Ia-norm    0.7202   6.71   0.3234   0.0082    -6.40  0   good
  35  sn94ae        Ia-norm    0.6661   6.70   0.3222   0.0079     3.30  0   good
  36  sn94M         Ia-norm    0.5848   6.70   0.3277   0.0076     5.00  0   good
  37  sn92A         Ia-norm    0.6539   6.61   0.3354   0.0073    -0.60  0   good
  38  sn98aq        Ia-norm    0.6011   6.52   0.3202   0.0073     5.90  0   good
  39  sn99ac        Ia-91T     0.7297   6.51   0.3300   0.0087     3.10  0   good
  40  sn98aq        Ia-norm    0.6011   6.50   0.3194   0.0073     6.90  0   good
  41  sn02er        Ia-norm    0.7013   6.47   0.3306   0.0085    -6.40  0   good
  42  sn89B         Ia-norm    0.6471   6.44   0.3170   0.0078     5.50  0   good
  43  sn03du        Ia-norm    0.6783   6.34   0.3163   0.0077     8.90  0   good
  44  sn98aq        Ia-norm    0.6011   6.34   0.3206   0.0076     4.90  0   good
  45  sn99ee        Ia-norm    0.7270   6.28   0.3283   0.0099     0.30  0   good
  46  sn94ae        Ia-norm    0.8150   6.27   0.3161   0.0078     9.40  0   good
  47  sn03cg        Ia-norm    0.5930   6.27   0.3228   0.0078    -0.50  0   good
  48  sn92A         Ia-norm    0.8962   6.26   0.3375   0.0075     5.90  0   good
  49  sn96X         Ia-norm    0.6268   6.18   0.3180   0.0071     6.90  0   good
  50  sn98aq        Ia-norm    0.6011   6.17   0.3210   0.0078     3.90  0   good
  51  sn02er        Ia-norm    0.6728   6.14   0.3240   0.0086    -0.50  0   good
  52  sn98aq        Ia-norm    0.6011   6.12   0.3213   0.0080     2.90  0   good
  53  sn03du        Ia-norm    0.7365   6.11   0.3170   0.0083     5.00  0   good
  54  sn94D         Ia-norm    0.6850   6.11   0.3170   0.0081     2.90  0   good
  55  sn92A         Ia-norm    0.8962   6.10   0.3316   0.0078     2.40  0   good
  56  sn98aq        Ia-norm    0.6011   6.08   0.3218   0.0081     1.90  0   good
  57  sn03du        Ia-norm    0.6647   6.07   0.3171   0.0086     3.90  0   good
  58  sn04eo        Ia-norm    0.6688   6.05   0.3163   0.0084     2.20  0   good
  59  sn94S         Ia-norm    0.5876   6.00   0.3237   0.0088    -3.40  0   good
  60  sn98aq        Ia-norm    0.5997   5.98   0.3220   0.0083     0.90  0   good
  61  sn99ac        Ia-91T     0.7135   5.97   0.3300   0.0096     0.80  0   good
  62  sn02er        Ia-norm    0.6945   5.95   0.3251   0.0090    -3.50  0   good
  63  sn03du        Ia-norm    0.6904   5.93   0.3157   0.0078     9.80  0   good
  64  sn06gz        Ia-pec     0.6187   5.92   0.3224   0.0075     5.20  0   good
  65  sn98aq        Ia-norm    0.5997   5.92   0.3226   0.0085     0.00  0   good
  66  sn92A         Ia-norm    0.8962   5.91   0.3247   0.0089     8.70  0   good
  67  sn99aa        Ia-91T     0.7135   5.91   0.3364   0.0104    -0.60  0   good
  68  sn96X         Ia-norm    0.6295   5.91   0.3188   0.0074     5.90  0   good
  69  sn99ee        Ia-norm    0.7283   5.91   0.3255   0.0103     2.20  0   good
  70  sn92A         Ia-norm    0.8962   5.90   0.3356   0.0090    -0.40  0   good
  71  sn96X         Ia-norm    0.6255   5.89   0.3195   0.0074     4.90  0   good
  72  sn92A         Ia-norm    0.6593   5.86   0.3396   0.0084    -5.00  0   good
  73  sn95D         Ia-norm    0.7040   5.85   0.3176   0.0088     8.10  0   good
  74  sn06gz        Ia-pec     0.6079   5.82   0.3277   0.0081    -2.60  0   good
  75  sn02bo        Ia-norm    0.6011   5.80   0.3366   0.0090    -6.00  0   good
  76  sn95D         Ia-norm    0.6986   5.80   0.3174   0.0089     6.10  0   good
  77  sn02er        Ia-norm    0.7459   5.79   0.3258   0.0092    -1.50  0   good
  78  sn96X         Ia-norm    0.6282   5.78   0.3208   0.0077     1.90  0   good
  79  sn02bo        Ia-norm    0.6011   5.71   0.3353   0.0091    -5.10  0   good
  80  sn02er        Ia-norm    0.7527   5.70   0.3270   0.0094    -2.50  0   good
  81  sn03du        Ia-norm    0.6634   5.70   0.3197   0.0093     1.90  0   good
  82  sn02bo        Ia-norm    0.6011   5.69   0.3333   0.0091    -3.10  0   good
  83  sn92A         Ia-norm    0.6945   5.68   0.3286   0.0084     6.30  0   good
  84  sn98bu        Ia-norm    0.5984   5.66   0.3242   0.0087    -2.80  0   good
  85  sn93ac        Ia-norm    0.8123   5.65   0.3249   0.0089     6.90  0   good
  86  sn02bo        Ia-norm    0.6011   5.60   0.3344   0.0092    -4.00  0   good
  87  sn02bo        Ia-norm    0.6011   5.58   0.3321   0.0092    -2.10  0   good
  88  sn06gz        Ia-pec     0.6864   5.56   0.3164   0.0078     7.20  0   good
  89  sn02bo        Ia-norm    0.6011   5.54   0.3310   0.0092    -1.20  0   good
  90  sn98bu        Ia-norm    0.5984   5.54   0.3236   0.0088    -1.70  0   good
  91  sn98bu        Ia-norm    0.5984   5.52   0.3231   0.0088    -0.70  0   good
  92  sn99ee        Ia-norm    0.7283   5.50   0.3399   0.0110    -6.70  0   good
  93  sn96X         Ia-norm    0.6282   5.48   0.3207   0.0080     2.90  0   good
  94  sn96X         Ia-norm    0.6295   5.46   0.3171   0.0079     7.90  0   good
  95  sn06gz        Ia-pec     0.6173   5.43   0.3205   0.0081     7.20  0   good
  96  sn92A         Ia-norm    0.8962   5.41   0.3412   0.0106    -5.00  0   good
  97  sn03du        Ia-norm    0.6647   5.41   0.3207   0.0099     0.80  0   good
  98  sn03cg        Ia-norm    0.5984   5.37   0.3249   0.0094    -5.90  0   good
  99  sn03cg        Ia-norm    0.5293   5.37   0.3231   0.0087    -1.80  0   good
 100  sn02er        Ia-norm    0.6106   5.35   0.3211   0.0085     4.40  0   good
 101  sn06gz        Ia-pec     0.6864   5.33   0.3163   0.0086     6.30  0   good
 102  sn04eo        Ia-norm    0.6187   5.31   0.3208   0.0087    -2.80  0   good
 103  sn03du        Ia-norm    0.6647   5.31   0.3205   0.0103    -0.20  0   good
 104  sn94D         Ia-norm    0.6024   5.30   0.3244   0.0091    -3.60  0   good
 105  sn06gz        Ia-pec     0.6106   5.29   0.3299   0.0088    -5.50  0   good
 106  sn06gz        Ia-pec     0.6877   5.29   0.3157   0.0080     8.20  0   good
 107  sn96X         Ia-norm    0.7933   5.26   0.3174   0.0081     7.80  0   good
 108  sn96X         Ia-norm    0.6295   5.23   0.3223   0.0085     0.00  0   good
 109  sn02er        Ia-norm    0.7419   5.22   0.3311   0.0105    -4.40  0   good
 110  sn90O         Ia-norm    0.6214   5.18   0.3298   0.0092    -0.40  0   good
 111  sn90N         Ia-norm    0.5794   5.17   0.3162   0.0090     2.60  0   good
 112  sn92A         Ia-norm    0.6471   5.16   0.3294   0.0087     7.30  0   good
 113  sn90O         Ia-norm    0.7811   5.15   0.3382   0.0120    -6.10  0   good
 114  sn96X         Ia-norm    0.6295   5.15   0.3217   0.0085     1.00  0   good
 115  sn02er        Ia-norm    0.7365   5.13   0.3296   0.0105    -5.40  0   good
 116  sn90N         Ia-norm    0.8962   5.13   0.3179   0.0102     4.90  0   good
 117  sn02er        Ia-norm    0.5984   5.11   0.3238   0.0092     1.50  0   good
 118  sn86G         Ia-91bg    0.5456   5.10   0.3194   0.0099    -0.40  0   good
 119  sn06gz        Ia-pec     0.7067   5.07   0.3165   0.0098     4.30  0   good
 120  sn95E         Ia-norm    0.6241   5.05   0.3228   0.0091     0.10  0   good
 121  sn95E         Ia-norm    0.6999   5.03   0.3133   0.0088    10.00  0   good
 122  sn90O         Ia-norm    0.7798   5.02   0.3363   0.0122    -5.10  0   good
 123  sn99aa        Ia-91T     0.5713   5.01   0.3391   0.0092     7.60  0   good
 124  sn03du        Ia-norm    0.6904   5.01   0.3156   0.0090    10.80  0   good
#--- rlap cutoff
 125  sn96X         Ia-norm    0.5970   4.99   0.3223   0.0095    -1.10  0    cut
 126  sn89B         Ia-norm    0.6390   4.96   0.3158   0.0096     7.50  0    cut
 127  sn03du        Ia-norm    0.6038   4.89   0.3206   0.0094     3.10  0    cut
 128  sn94D         Ia-norm    0.6823   4.88   0.3211   0.0104    -1.80  0    cut
 129  sn95D         Ia-norm    0.6255   4.87   0.3166   0.0090    10.10  0    cut
 130  sn00E         Ia-norm    0.6322   4.86   0.3274   0.0103    -2.50  0    cut
 131  sn01el        Ia-norm    0.4738   4.83   0.3250   0.0094     1.30  0    cut
 132  sn03du        Ia-norm    0.6011   4.83   0.3209   0.0097     2.20  0    cut
 133  sn94M         Ia-norm    0.6309   4.81   0.3246   0.0095     7.90  0    cut
 134  sn94ae        Ia-norm    0.6742   4.81   0.3181   0.0094     9.30  0    cut
 135  sn99ee        Ia-norm    0.6959   4.78   0.3207   0.0114     7.10  0    cut
 136  sn06gz        Ia-pec     0.6864   4.78   0.3155   0.0082     9.20  0    cut
 137  sn96C         Ia-norm    0.6891   4.77   0.3173   0.0096     8.30  0    cut
 138  sn95E         Ia-norm    0.5970   4.72   0.3172   0.0095     7.00  0    cut
 139  sn06gz        Ia-pec     0.6850   4.67   0.3147   0.0080    10.10  0    cut
 140  sn99aw        Ia-91T     0.4914   4.66   0.3302   0.0106    -0.70  0    cut
 141  sn06aj        Ic-broad   0.6607   4.65   0.2033   0.0134    -3.40  0    cut
 142  sn03du        Ia-norm    0.6810   4.64   0.3196   0.0115    -1.10  0    cut
 143  sn86G         Ia-91bg    0.5510   4.62   0.3226   0.0107    -2.70  0    cut
 144  sn94D         Ia-norm    0.6715   4.60   0.3202   0.0102     2.20  0    cut
 145  sn96X         Ia-norm    0.6295   4.59   0.3163   0.0091     8.90  0    cut
 146  sn05hj        Ia-norm    0.5429   4.59   0.3251   0.0109    -6.00  0    cut
 147  sn03du        Ia-norm    0.6038   4.59   0.3223   0.0103    -0.80  0    cut
 148  sn03cg        Ia-norm    0.6214   4.58   0.3257   0.0099    -4.50  0    cut
 149  sn99ee        Ia-norm    0.7270   4.57   0.3173   0.0117    11.10  0    cut
 150  sn96X         Ia-norm    0.6295   4.54   0.3237   0.0096    -3.00  0    cut
 151  sn00E         Ia-norm    0.6214   4.52   0.3273   0.0106    -1.40  0    cut
 152  sn94S         Ia-norm    0.5903   4.49   0.3215   0.0104     1.40  0    cut
 153  sn96X         Ia-norm    0.6295   4.49   0.3236   0.0098    -2.00  0    cut
 154  sn94D         Ia-norm    0.6011   4.49   0.3231   0.0103     0.40  0    cut
 155  sn94ae        Ia-norm    0.6701   4.48   0.3178   0.0100    10.40  0    cut
 156  sn00E         Ia-norm    0.6444   4.48   0.3295   0.0120    -5.50  0    cut
 157  sn95E         Ia-norm    0.6024   4.45   0.3241   0.0104    -1.90  0    cut
 158  sn99aw        Ia-91T     0.6959   4.45   0.3330   0.0144     0.30  0    cut
 159  sn03fg        Ia-pec     0.8922   4.42   0.3106   0.0110     2.00  0    cut
 160  sn91bg        Ia-91bg    0.5253   4.40   0.3142   0.0114     2.50  0    cut
 161  sn03du        Ia-norm    0.6810   4.37   0.3353   0.0147    -6.20  0    cut
 162  sn94S         Ia-norm    0.6268   4.36   0.3274   0.0152    -2.50  0    cut
 163  sn95E         Ia-norm    0.6106   4.33   0.3224   0.0102     2.00  0    cut
 164  sn03cg        Ia-norm    0.5307   4.31   0.3217   0.0103    -2.30  0    cut
 165  sn01el        Ia-norm    0.7148   4.27   0.3211   0.0114     9.20  0    cut
 166  sn96X         Ia-norm    0.5903   4.22   0.3226   0.0106    -0.90  0    cut
 167  sn94M         Ia-norm    0.5456   4.22   0.3273   0.0113     4.00  0    cut
 168  sn94D         Ia-norm    0.6038   4.21   0.3253   0.0111    -2.60  0    cut
 169  sn02bo        Ia-norm    0.6349   4.17   0.3367   0.0112    -4.40  0    cut
 170  sn94ae        Ia-norm    0.6593   4.15   0.3179   0.0108    11.30  0    cut
 171  sn94D         Ia-norm    0.7094   4.14   0.3242   0.0128    -4.80  0    cut
 172  sn94T         Ia-norm    0.5510   4.09   0.3238   0.0123     1.20  0    cut
 173  sn98bu        Ia-norm    0.5997   4.05   0.3165   0.0105     9.30  0    cut
 174  sn00E         Ia-norm    0.5889   3.96   0.3167   0.0108     8.40  0    cut
 175  sn99aa        Ia-91T     0.7351   3.93   0.3374   0.0131     2.70  0    cut
 176  sn06aj        Ic-broad   0.7162   3.91   0.2030   0.0168    -2.10  0    cut
 177  sn99ac        Ia-91T     0.7473   3.88   0.3279   0.0131     9.20  0    cut
 178  sn99aa        Ia-91T     0.6200   3.88   0.3465   0.0135    -4.10  0    cut
 179  sn04eo        Ia-norm    0.7026   3.82   0.3116   0.0112     7.00  0    cut
 180  sn03cg        Ia-norm    0.6972   3.81   0.3144   0.0109     9.60  0    cut
 181  sn00cx        Ia-pec     0.5821   3.80   0.3328   0.0128     0.60  0    cut
 182  sn04S         Ia-norm    0.7866   3.79   0.3236   0.0149     1.70  0    cut
 183  sn01el        Ia-norm    0.4901   3.78   0.3301   0.0125    -3.70  0    cut
 184  sn89B         Ia-norm    0.6566   3.70   0.3131   0.0117     9.50  0    cut
 185  sn86G         Ia-91bg    0.5916   3.69   0.3228   0.0120     0.60  0    cut
 186  sn03cg        Ia-norm    0.6079   3.65   0.3178   0.0113     7.40  0    cut
 187  sn86G         Ia-91bg    0.5957   3.63   0.3226   0.0121     1.60  0    cut
 188  sn97br        Ia-91T     0.6972   3.62   0.3197   0.0122     7.80  0    cut
 189  sn94M         Ia-norm    0.6295   3.59   0.3318   0.0126     3.00  0    cut
 190  sn03du        Ia-norm    0.7432   3.58   0.3207   0.0152    -3.20  0    cut
 191  kcSb          Gal        0.8962   3.57   0.2766   0.0072   -99.90  2    cut
 192  sn02ic        Ia-csm     0.6336   3.57   0.3164   0.0127     9.40  0    cut
 193  sn94D         Ia-norm    0.6065   3.55   0.3263   0.0128    -4.70  0    cut
 194  sn04S         Ia-norm    0.7473   3.55   0.3157   0.0146     7.50  0    cut
 195  sn92A         Ia-norm    0.7717   3.52   0.3267   0.0119     8.90  0    cut
 196  sn04aw        Ic-norm    0.6133   3.50   0.3335   0.0148    -2.20  0    cut
 197  sn05hj        Ia-norm    0.5456   3.48   0.3228   0.0134    -5.10  0    cut
 198  sn98bu        Ia-norm    0.5997   3.40   0.3154   0.0122    10.20  0    cut
 199  sn99by        Ia-91bg    0.6607   3.37   0.3185   0.0129    -2.80  0    cut
 200  sn86G         Ia-91bg    0.6322   3.37   0.3262   0.0130    -3.40  0    cut
 201  sn00cx        Ia-pec     0.5429   3.36   0.3284   0.0131     7.50  0    cut
 202  sn02ic        Ia-csm     0.7811   3.35   0.3180   0.0141     5.60  0    cut
 203  sn03du        Ia-norm    0.7432   3.34   0.3223   0.0170    -5.00  0    cut
 204  sn06aj        Ic-broad   0.7148   3.33   0.2132   0.0173    -5.00  0    cut
 205  sn05bf        Ib-pec     0.6796   3.32   0.3040   0.0159    -3.60  0    cut
 206  sn86G         Ia-91bg    0.6322   3.29   0.3249   0.0132    -2.40  0    cut
 207  sn86G         Ia-91bg    0.6336   3.19   0.3267   0.0135    -4.40  0    cut
 208  sn91N         Ic-norm    0.7757   3.19   0.1550   0.0248     0.00  1    cut
 209  sn05bf        Ib-pec     0.6796   3.17   0.3050   0.0165    -4.60  0    cut
 210  sn05bf        Ib-pec     0.7974   3.16   0.3056   0.0168     3.40  0    cut
 211  sn05bf        Ib-pec     0.6810   3.12   0.3047   0.0168    -1.60  0    cut
 212  sn00cx        Ia-pec     0.5700   3.11   0.3334   0.0146    -0.40  0    cut
 213  sn99by        Ia-91bg    0.6011   3.09   0.3187   0.0140    -3.90  0    cut
 214  sn04aw        Ic-norm    0.6133   3.07   0.3359   0.0168    -3.30  0    cut
 215  sn05bf        Ib-pec     0.6783   3.03   0.3041   0.0178    -5.60  0    cut
 216  sn99by        Ia-91bg    0.5997   3.03   0.3198   0.0143    -4.80  0    cut
 217  sn05bf        Ib-pec     0.6810   3.03   0.3050   0.0180    -2.70  0    cut
 218  sn02er        Ia-norm    0.7135   3.02   0.3086   0.0150     9.40  0    cut
 219  sn05bf        Ib-pec     0.6810   3.02   0.3052   0.0176     3.20  0    cut
 220  sn05bf        Ib-pec     0.6783   2.99   0.3055   0.0170     2.20  0    cut
 221  sn05bf        Ib-pec     0.6769   2.98   0.3040   0.0174     1.20  0    cut
 222  sn97br        Ia-91T     0.6295   2.96   0.3159   0.0140     8.50  0    cut
 223  sn05bf        Ib-pec     0.6796   2.94   0.3048   0.0178     5.20  0    cut
 224  lbv01ac       LBV        0.7378   2.93   0.2671   0.0118   -99.90  2    cut
 225  sn05bf        Ib-pec     0.6796   2.91   0.3047   0.0175    -0.70  0    cut
 226  sn06bp        IIP        0.4941   2.90   0.3036   0.0163    -5.70  0    cut
 227  sn04aw        Ic-norm    0.7473   2.89   0.3322   0.0154    -1.70  0    cut
 228  sn94D         Ia-norm    0.7947   2.88   0.3249   0.0170    -3.80  0    cut
 229  sn95bd        Ia-norm    0.6241   2.88   0.3169   0.0143    11.30  0    cut
 230  sn95D         Ia-norm    0.6783   2.88   0.3143   0.0144    11.20  0    cut
 231  sn98bu        Ia-norm    0.5997   2.88   0.3140   0.0139    11.20  0    cut
 232  sn00cx        Ia-pec     0.5808   2.82   0.3341   0.0170    -1.40  0    cut
 233  kcSB4         Gal        0.8962   2.80   0.0422   0.0035   -99.90  2    cut
 234  sn05hk        Ia-pec     0.7703   2.78   0.2981   0.0163    -5.10  0    cut
 235  sn80K         IIL        0.5293   2.74   0.1300   0.0134    12.00  0    cut
 236  sn99ac        Ia-91T     0.7405   2.74   0.3229   0.0174    12.20  0    cut
 237  sn04aw        Ic-norm    0.7270   2.71   0.3289   0.0161    -0.20  0    cut
 238  sn05bf        Ib-pec     0.6796   2.71   0.3048   0.0194     6.20  0    cut
 239  sn91bg        Ia-91bg    0.5618   2.71   0.3129   0.0173     2.70  0    cut
 240  sn91T         Ia-91T     0.6783   2.68   0.3153   0.0165    10.90  0    cut
 241  sn84L         Ib-norm    0.5415   2.68   0.2968   0.0173     8.00  0    cut
 242  sn91N         Ic-norm    0.7311   2.67   0.1480   0.0211    27.90  1    cut
 243  sn89B         Ia-norm    0.6593   2.64   0.3111   0.0149    11.50  0    cut
 244  sn89B         Ia-norm    0.6607   2.64   0.3100   0.0154    12.40  0    cut
 245  sn00cx        Ia-pec     0.5740   2.61   0.3324   0.0177    -2.40  0    cut
 246  kcSB1         Gal        0.8962   2.58   0.0418   0.0044   -99.90  2    cut
 247  sn04aw        Ic-norm    0.6187   2.58   0.3312   0.0180    -1.30  0    cut
 248  mstar         M-star     0.6566   2.58   0.2875   0.0171     0.00  2    cut
 249  sn94D         Ia-norm    0.5578   2.57   0.3096   0.0154    10.10  0    cut
 250  sn03cg        Ia-norm    0.6918   2.57   0.3146   0.0144    11.40  0    cut
 251  sn94M         Ia-norm    0.7365   2.56   0.3157   0.0145    12.90  0    cut
 252  sn04aw        Ic-norm    0.6133   2.54   0.3264   0.0180     0.80  0    cut
 253  sn84L         Ib-norm    0.5456   2.54   0.2953   0.0174     9.00  0    cut
 254  sn91N         Ic-norm    0.7744   2.50   0.1479   0.0231    12.00  1    cut
 255  sn05hk        Ia-pec     0.5686   2.50   0.2954   0.0171     3.60  0    cut
 256  kcSB5         Gal        0.8962   2.49   0.0425   0.0040   -99.90  2    cut
 257  sn98bu        Ia-norm    0.5997   2.49   0.3127   0.0158    12.20  0    cut
 258  sn00cx        Ia-pec     0.7067   2.47   0.1689   0.0201     6.50  0    cut
 259  sn00cx        Ia-pec     0.7053   2.46   0.1703   0.0198     5.60  0    cut
 260  kcSB2         Gal        0.8962   2.46   0.0419   0.0046   -99.90  2    cut
 261  lbv03hy       LBV        0.6187   2.45   0.2978   0.0164   -99.90  2    cut
 262  sn05gj        Ia-csm     0.6106   2.45   0.3108   0.0197    10.40  0    cut
 263  sn04aw        Ic-norm    0.6119   2.42   0.3426   0.0205    -5.20  0    cut
 264  mstar         M-star     0.6593   2.42   0.2847   0.0127     3.00  2    cut
 265  sn99ex        Ib-norm    0.7243   2.42   0.3228   0.0214    -4.50  0    cut
 266  kcSc          Gal        0.8962   2.40   0.0422   0.0042   -99.90  2    cut
 267  sn00cx        Ia-pec     0.5415   2.40   0.3273   0.0165     9.50  0    cut
 268  sn86G         Ia-91bg    0.6187   2.40   0.3244   0.0165    -1.90  0    cut
 269  kcSa          Gal        0.8962   2.40   0.2695   0.0182   -99.90  2    cut
 270  mstar         M-star     0.6579   2.38   0.2835   0.0125     5.00  2    cut
 271  sn86G         Ia-91bg    0.6173   2.38   0.3235   0.0165    -0.90  0    cut
 272  sn98dt        Ib-norm    0.7324   2.37   0.3098   0.0249     7.90  0    cut
 273  sn94D         Ia-norm    0.7879   2.37   0.3256   0.0209    -5.60  0    cut
 274  sn86G         Ia-91bg    0.6187   2.37   0.3194   0.0163     0.10  0    cut
 275  sn04aw        Ic-norm    0.6173   2.37   0.3211   0.0186     1.90  0    cut
 276  mstar         M-star     0.6552   2.36   0.2860   0.0155     1.00  2    cut
 277  sn00H         IIb        0.6119   2.35   0.3049   0.0183     7.70  0    cut
 278  sn04eo        Ia-norm    0.6742   2.34   0.3107   0.0174    11.00  0    cut
 279  kcE           Gal        0.8962   2.32   0.1401   0.0183   -99.90  2    cut
 280  mstar         M-star     0.6593   2.32   0.2840   0.0142     2.00  2    cut
 281  sn04aw        Ic-norm    0.6146   2.31   0.3222   0.0184     2.60  0    cut
 282  sn04aw        Ic-norm    0.6133   2.29   0.3238   0.0195     1.60  0    cut
 283  sn02bo        Ia-norm    0.5997   2.28   0.3183   0.0174    10.80  0    cut
 284  sn05bf        Ib-pec     0.6810   2.28   0.3052   0.0228     8.20  0    cut
 285  sn99by        Ia-91bg    0.6607   2.27   0.3135   0.0171     3.10  0    cut
 286  kcS0          Gal        0.8962   2.27   0.2649   0.0153   -99.90  2    cut
 287  sn86G         Ia-91bg    0.6187   2.27   0.3210   0.0168     1.10  0    cut
 288  sn06aj        Ic-broad   0.7717   2.27   0.1836   0.0246     2.80  0    cut
 289  sn91bg        Ia-91bg    0.6512   2.26   0.3146   0.0184     2.70  0    cut
 290  sn02er        Ia-norm    0.6783   2.25   0.3179   0.0175    10.60  0    cut
 291  sn97cn        Ia-91bg    0.6579   2.25   0.3082   0.0180     3.90  0    cut
 292  sn98bu        Ia-norm    0.5997   2.24   0.3107   0.0173    13.20  0    cut
 293  sn94D         Ia-norm    0.6309   2.24   0.3134   0.0161    11.00  0    cut
 294  sn95F         Ic-norm    0.6904   2.22   0.3082   0.0253     0.00  1    cut
 295  sn99dn        Ib-norm    0.6403   2.21   0.3040   0.0239     6.90  1    cut
 296  mstar         M-star     0.6579   2.21   0.2817   0.0161     7.00  2    cut
 297  sn94Q         Ia-norm    0.6850   2.21   0.3141   0.0172    11.60  0    cut
 298  sn02cx        Ia-pec     0.6227   2.20   0.1115   0.0156    10.30  0    cut
 299  sn79C         IIL        0.4021   2.17   0.4142   0.0137    10.90  0    cut
 300  sn99ex        Ib-norm    0.5970   2.17   0.3059   0.0196     9.30  0    cut
 301  sn90N         Ia-norm    0.8962   2.17   0.5266   0.0279    -6.40  0    cut
 302  kcSB6         Gal        0.8962   2.17   0.0415   0.0045   -99.90  2    cut
 303  sn00H         IIb        0.6119   2.16   0.3052   0.0199     6.70  0    cut
 304  sn99ex        Ib-norm    0.7392   2.16   0.3183   0.0223     0.40  0    cut
 305  sn00H         IIb        0.6106   2.13   0.3009   0.0191    10.60  0    cut
 306  sn96L         IIn        0.6092   2.13   0.2608   0.0162     8.40  0    cut
 307  sn00H         IIb        0.6119   2.13   0.3026   0.0195     9.60  0    cut
 308  sn83N         Ib-norm    0.6038   2.10   0.2865   0.0208    12.00  0    cut
 309  sn05hk        Ia-pec     0.6755   2.09   0.2993   0.0168    -1.40  0    cut
 310  sn91T         Ia-91T     0.6607   2.09   0.1691   0.0317    -5.30  0    cut
 311  sn02ap        Ic-broad   0.5957   2.08   0.1801   0.0329    -1.40  0    cut
 312  sn06bp        IIP        0.4941   2.08   0.2990   0.0218    -4.60  0    cut
 313  sn99by        Ia-91bg    0.5997   2.08   0.3116   0.0192     4.10  0    cut
 314  sn00cx        Ia-pec     0.7067   2.07   0.1718   0.0221     1.60  0    cut
 315  sn97dq        Ic-norm    0.8312   2.07   0.3159   0.0147    27.90  1    cut
 316  mstar         M-star     0.6566   2.07   0.2843   0.0185     4.00  2    cut
 317  sn92A         Ia-norm    0.6119   2.06   0.3245   0.0176    11.60  0    cut
 318  sn03cg        Ia-norm    0.6877   2.05   0.3132   0.0168    12.40  0    cut
 319  sn00cx        Ia-pec     0.5740   2.04   0.3360   0.0232    -3.40  0    cut
 320  lbv03hy       LBV        0.6214   2.04   0.1248   0.0219   -99.90  2    cut
 321  sn94I         Ic-norm    0.6579   2.04   0.3316   0.0230    -5.60  0    cut
 322  sn94I         Ic-norm    0.6011   2.03   0.3330   0.0239    -5.70  0    cut
 323  sn83V         Ic-norm    0.6146   2.03   0.3403   0.0192    -4.00  0    cut
 324  sn02er        Ia-norm    0.6755   2.01   0.3174   0.0190    12.40  0    cut
 325  sn02bo        Ia-norm    0.6011   2.00   0.3168   0.0189    11.90  0    cut
 326  sn91bg        Ia-91bg    0.6241   2.00   0.3164   0.0198     1.50  0    cut
 327  sn98S         IIn        0.5957   2.00   0.2960   0.0201    12.70  0    cut
 328  sn00H         IIb        0.6119   1.99   0.3013   0.0204    11.60  0    cut
 329  sn06aj        Ic-broad   0.6336   1.99   0.3646   0.0213    -0.50  0    cut
 330  sn05gj        Ia-csm     0.6282   1.98   0.3175   0.0230    -1.80  0    cut
 331  mstar         M-star     0.6579   1.97   0.2791   0.0123     8.00  2    cut
 332  sn91T         Ia-91T     0.8962   1.97   0.3490   0.0184    -0.20  0    cut
 333  sn04aw        Ic-norm    0.6133   1.97   0.3203   0.0213     3.60  0    cut
 334  sn90B         Ic-norm    0.4048   1.97   0.4128   0.0197     9.90  0    cut
 335  sn02ap        Ic-broad   0.6904   1.96   0.1591   0.0455     4.70  0    cut
 336  sn05bf        Ib-pec     0.5848   1.96   0.3003   0.0207    -0.90  0    cut
 337  sn99by        Ia-91bg    0.5997   1.96   0.3111   0.0203     5.20  0    cut
 338  sn04aw        Ic-norm    0.6173   1.96   0.3207   0.0202     3.10  0    cut
 339  sn91T         Ia-91T     0.6607   1.95   0.1707   0.0336    -6.40  0    cut
 340  sn98dt        Ib-norm    0.6133   1.95   0.3075   0.0214     3.90  0    cut
 341  sn97ef        Ic-broad   0.6079   1.95   0.1817   0.0314    -6.10  0    cut
 342  sn94D         Ia-norm    0.6282   1.94   0.3095   0.0184    12.20  0    cut
 343  sn90U         Ic-norm    0.5578   1.93   0.2878   0.0248    11.90  0    cut
 344  sn90B         Ic-norm    0.4048   1.92   0.4117   0.0195     6.00  0    cut
 345  sn02ap        Ic-broad   0.5266   1.92   0.1846   0.0406    -5.50  0    cut
 346  kcSB3         Gal        0.8962   1.91   0.0430   0.0049   -99.90  2    cut
 347  sn90I         Ib-norm    0.5930   1.91   0.3142   0.0245    11.40  0    cut
 348  sn97br        Ia-91T     0.6255   1.90   0.3262   0.0229    -4.00  0    cut
 349  sn02ap        Ic-broad   0.7189   1.88   0.3167   0.0203     2.70  0    cut
 350  sn02bo        Ia-norm    0.5997   1.88   0.3159   0.0201    12.80  0    cut
 351  sn05hk        Ia-pec     0.6728   1.86   0.2999   0.0191    -2.40  0    cut
 352  lbv03hy       LBV        0.6214   1.86   0.1246   0.0246   -99.90  2    cut
 353  sn05hk        Ia-pec     0.5361   1.86   0.2828   0.0216    12.40  0    cut
 354  sn93J         IIb        0.7744   1.86   0.1413   0.0266    13.00  0    cut
 355  lbv03hy       LBV        0.6200   1.86   0.1254   0.0246   -99.90  2    cut
 356  sn97ef        Ic-broad   0.6092   1.85   0.1795   0.0349    -5.10  0    cut
 357  sn05hk        Ia-pec     0.6431   1.85   0.3031   0.0214    -4.20  0    cut
 358  sn92A         Ia-norm    0.8962   1.84   0.1531   0.0452    11.70  0    cut
 359  sn90B         Ic-norm    0.4048   1.84   0.4122   0.0195     5.90  0    cut
 360  sn94D         Ia-norm    0.6268   1.84   0.3108   0.0193    13.20  0    cut
 361  sn94I         Ic-norm    0.6024   1.84   0.3201   0.0212    -2.70  0    cut
 362  sn05hk        Ia-pec     0.5672   1.83   0.3165   0.0213    -6.30  0    cut
 363  sn96X         Ia-norm    0.4806   1.83   0.3111   0.0190    12.70  0    cut
 364  sn99by        Ia-91bg    0.6011   1.82   0.3115   0.0216     6.10  0    cut
 365  lbv03hy       LBV        0.6227   1.82   0.1234   0.0291   -99.90  2    cut
 366  sn06aj        Ic-broad   0.6322   1.82   0.3663   0.0242    -1.50  0    cut
 367  sn05hk        Ia-pec     0.6417   1.81   0.3067   0.0249    -6.30  0    cut
 368  sn98bw        Ic-broad   0.8177   1.80   0.4540   0.0277    12.70  0    cut
 369  sn05cs        IIP        0.6607   1.80   0.7142   0.0167     4.00  0    cut
 370  sn79C         IIL        0.4048   1.79   0.4139   0.0152     9.90  0    cut
 371  sn02cx        Ia-pec     0.6160   1.79   0.3152   0.0234    -5.30  0    cut
 372  sn97ef        Ic-broad   0.6336   1.78   0.1491   0.0371    12.80  0    cut
 373  sn05cs        IIP        0.6634   1.78   0.0532   0.0192     2.10  0    cut
 374  sn99by        Ia-91bg    0.6011   1.78   0.3113   0.0225     7.10  0    cut
 375  sn00cx        Ia-pec     0.5429   1.77   0.3252   0.0199    11.50  0    cut
 376  sn94I         Ic-norm    0.6024   1.77   0.3223   0.0222    -3.80  0    cut
 377  sn97dq        Ic-norm    0.7297   1.77   0.3190   0.0272     1.00  1    cut
 378  sn93J         IIb        0.6403   1.76   0.3029   0.0238     1.40  0    cut
 379  sn02ap        Ic-broad   0.6674   1.76   0.1847   0.0413    -2.40  0    cut
 380  mstar         M-star     0.6566   1.76   0.2787   0.0155     6.00  2    cut
 381  sn91N         Ic-norm    0.7541   1.75   0.3163   0.0290     6.60  1    cut
 382  sn98S         IIn        0.5957   1.75   0.2964   0.0213     9.70  0    cut
 383  sn05cs        IIP        0.6620   1.75   0.7137   0.0160     5.00  0    cut
 384  sn05hk        Ia-pec     0.6728   1.75   0.3015   0.0201    -3.30  0    cut
 385  sn91N         Ic-norm    0.7541   1.74   0.3187   0.0258     7.60  1    cut
 386  sn04aw        Ic-norm    0.6742   1.72   0.3211   0.0227     5.30  0    cut
 387  sn02ap        Ic-broad   0.4319   1.72   0.4173   0.0204    12.70  0    cut
 388  sn02ap        Ic-broad   0.5266   1.72   0.1878   0.0402    -4.50  0    cut
 389  sn06aj        Ic-broad   0.5402   1.71   0.3595   0.0244     1.80  0    cut
 390  sn04eo        Ia-norm    0.6742   1.71   0.3087   0.0208    12.40  0    cut
 391  sn05cs        IIP        0.6634   1.71   0.0533   0.0196     3.10  0    cut
 392  sn96cb        IIb        0.6282   1.70   0.2936   0.0274     0.90  0    cut
 393  sn99by        Ia-91bg    0.5997   1.70   0.3117   0.0250     8.10  0    cut
 394  sn84L         Ib-norm    0.7500   1.69   0.4957   0.0219    11.90  0    cut
 395  sn90U         Ic-norm    0.7243   1.69   0.2984   0.0330    10.90  0    cut
 396  sn97dc        Ib-norm    0.5348   1.69   0.0059   0.0251     0.00  1    cut
 397  sn97ef        Ic-broad   0.7067   1.69   0.1839   0.0375    -5.00  0    cut
 398  sn97br        Ia-91T     0.7514   1.68   0.3121   0.0205    12.40  0    cut
 399  lbv03hy       LBV        0.6200   1.68   0.2989   0.0215   -99.90  2    cut
 400  sn98dt        Ib-norm    0.6133   1.66   0.3026   0.0253     6.80  0    cut
 401  sn93J         IIb        0.6525   1.66   0.3094   0.0241    -2.40  0    cut
 402  sn93J         IIb        0.6349   1.65   0.3071   0.0252    -1.60  0    cut
 403  sn04et        IIP        0.6539   1.65   0.3035   0.0232     8.60  0    cut
 404  sn98dt        Ib-norm    0.6133   1.64   0.3162   0.0222     0.00  0    cut
 405  sn90B         Ic-norm    0.6701   1.64   0.3169   0.0327     8.90  0    cut
 406  sn90B         Ic-norm    0.4048   1.64   0.4104   0.0237     5.00  0    cut
 407  sn05gj        Ia-csm     0.6119   1.63   0.3169   0.0247     7.70  0    cut
 408  sn79C         IIL        0.5320   1.63   0.4160   0.0176    12.90  0    cut
 409  sn99em        IIP        0.7162   1.63   0.0560   0.0223     0.20  0    cut
 410  sn94I         Ic-norm    0.6336   1.62   0.3204   0.0216    -0.10  0    cut
 411  sn91N         Ic-norm    0.7527   1.62   0.3225   0.0297     5.70  1    cut
 412  lbv03hy       LBV        0.6200   1.61   0.1263   0.0288   -99.90  2    cut
 413  sn97ef        Ic-broad   0.6079   1.60   0.1748   0.0393    -4.10  0    cut
 414  sn90B         Ic-norm    0.4048   1.60   0.4130   0.0224     7.00  0    cut
 415  sn99em        IIP        0.6755   1.60   0.0566   0.0211     2.40  0    cut
 416  sn99em        IIP        0.7162   1.60   0.7183   0.0182    11.10  0    cut
 417  sn91ar        Ib-norm    0.4671   1.59   0.4111   0.0168    15.80  1    cut
 418  sn98bw        Ic-broad   0.7554   1.58   0.6219   0.0263    11.70  0    cut
 419  sn95F         Ic-norm    0.6918   1.58   0.3131   0.0265    56.70  1    cut
 420  sn90K         IIL        0.6241   1.57   0.4900   0.0226     0.00  1    cut
 421  sn02ap        Ic-broad   0.5943   1.57   0.1774   0.0418    -0.40  0    cut
 422  sn97br        Ia-91T     0.5307   1.56   0.3333   0.0224    -6.00  0    cut
 423  sn94I         Ic-norm    0.5943   1.56   0.3110   0.0262     3.30  0    cut
 424  lbv03hy       LBV        0.6187   1.56   0.2968   0.0206   -99.90  2    cut
 425  sn02cx        Ia-pec     0.6214   1.56   0.3096   0.0273    -2.40  0    cut
 426  sn99em        IIP        0.6498   1.55   0.0569   0.0212     0.40  0    cut
 427  sn04et        IIP        0.6607   1.54   0.7211   0.0173     4.00  0    cut
 428  sn96cb        IIb        0.6255   1.54   0.2902   0.0241     5.00  0    cut
 429  sn04et        IIP        0.6593   1.54   0.0589   0.0218    -1.90  0    cut
 430  sn05cs        IIP        0.6620   1.54   0.7141   0.0154     7.10  0    cut
 431  sn98S         IIn        0.5496   1.54   0.4953   0.0194     1.90  0    cut
 432  sn00H         IIb        0.6431   1.54   0.1432   0.0403     8.40  0    cut
 433  sn99em        IIP        0.6471   1.54   0.0569   0.0213     1.40  0    cut
 434  sn05cs        IIP        0.6620   1.53   0.0512   0.0217     1.00  0    cut
 435  sn05cs        IIP        0.6634   1.52   0.7132   0.0154     8.00  0    cut
 436  sn94I         Ic-norm    0.6024   1.52   0.3131   0.0248     2.10  0    cut
 437  sn99em        IIP        0.6579   1.52   0.0540   0.0194     5.40  0    cut
 438  sn94I         Ic-norm    0.6024   1.51   0.3143   0.0243     1.10  0    cut
 439  sn04et        IIP        0.6579   1.50   0.0585   0.0212    -0.90  0    cut
 440  sn96cb        IIb        0.6268   1.50   0.3125   0.0361    -2.10  0    cut
 441  sn98dt        Ib-norm    0.6119   1.50   0.3009   0.0303    10.70  0    cut
 442  sn98dt        Ib-norm    0.6133   1.50   0.3165   0.0249     0.90  0    cut
 443  sn06bp        IIP        0.6051   1.49   0.7281   0.0195     4.20  0    cut
 444  sn93J         IIb        0.6268   1.49   0.2968   0.0279     3.40  0    cut
 445  sn99dn        Ib-norm    0.6133   1.49   0.2959   0.0286     0.00  1    cut
 446  sn97dd        IIb        0.6728   1.48   0.2894   0.0340     0.00  1    cut
 447  sn83V         Ic-norm    0.6688   1.48   0.3171   0.0289    11.90  0    cut
 448  sn06bp        IIP        0.6051   1.47   0.7302   0.0209     3.30  0    cut
 449  sn95F         Ic-norm    0.6918   1.47   0.3047   0.0322    28.90  1    cut
 450  sn04aw        Ic-norm    0.6742   1.45   0.3180   0.0268    12.20  0    cut
 451  sn04et        IIP        0.6539   1.45   0.0587   0.0211     1.00  0    cut
 452  sn98S         IIn        0.6837   1.44   0.0114   0.0199    -1.50  0    cut
 453  sn99em        IIP        0.7811   1.44   0.0561   0.0282    -3.70  0    cut
 454  sn99em        IIP        0.7175   1.44   0.7207   0.0206     6.20  0    cut
 455  sn04et        IIP        0.6593   1.44   0.0581   0.0229    -2.90  0    cut
 456  sn06bp        IIP        0.6295   1.44   0.7273   0.0196     7.20  0    cut
 457  sn83V         Ic-norm    0.6187   1.43   0.3235   0.0269     4.00  0    cut
 458  sn05cs        IIP        0.6634   1.43   0.7126   0.0163     9.00  0    cut
 459  sn95F         Ic-norm    0.6918   1.42   0.3121   0.0300    35.60  1    cut
 460  sn80K         IIL        0.5618   1.42   0.1283   0.0198    11.00  0    cut
 461  sn97br        Ia-91T     0.6214   1.41   0.3353   0.0260    -6.40  0    cut
 462  sn98bw        Ic-broad   0.7013   1.41   0.3987   0.0286     7.80  0    cut
 463  sn92ar        Ic-norm    0.6173   1.41   0.3165   0.0256     3.40  0    cut
 464  sn04et        IIP        0.6579   1.41   0.7200   0.0178     6.20  0    cut
 465  lbv03hy       LBV        0.6187   1.40   0.2965   0.0245   -99.90  2    cut
 466  sn04et        IIP        0.6620   1.40   0.3040   0.0231    10.00  0    cut
 467  sn99em        IIP        0.6566   1.40   0.0561   0.0235    -0.60  0    cut
 468  mstar         M-star     0.6566   1.39   0.0001   0.0099     9.00  2    cut
 469  sn05hk        Ia-pec     0.6742   1.39   0.1569   0.0440    -4.30  0    cut
 470  sn05hk        Ia-pec     0.6742   1.38   0.1580   0.0437    -5.30  0    cut
 471  sn05cs        IIP        0.6634   1.37   0.1219   0.0169    10.00  0    cut
 472  sn93J         IIb        0.6742   1.37   0.1298   0.0257     3.70  0    cut
 473  sn05cs        IIP        0.6620   1.37   0.0495   0.0231     0.10  0    cut
 474  sn04et        IIP        0.6607   1.36   0.3037   0.0227    12.10  0    cut
 475  sn02ap        Ic-broad   0.5997   1.35   0.1731   0.0531     0.60  0    cut
 476  sn97cy        IIn        0.7202   1.35   0.1952   0.0286   377.70  1    cut
 477  sn04et        IIP        0.6458   1.35   0.0581   0.0214     2.00  0    cut
 478  sn97dd        IIb        0.6106   1.34   0.2849   0.0243     3.60  1    cut
 479  sn02ap        Ic-broad   0.5185   1.32   0.3102   0.0316     9.50  0    cut
 480  sn97dq        Ic-norm    0.5997   1.32   0.3157   0.0312     0.00  1    cut
 481  sn93J         IIb        0.7473   1.32   0.1368   0.0305    12.00  0    cut
 482  sn87A         II-pec     0.5713   1.32   0.6745   0.0167     3.30  0    cut
 483  sn90K         IIL        0.4129   1.31   0.3964   0.0202    50.50  1    cut
 484  sn94I         Ic-norm    0.7189   1.31   0.3200   0.0292     2.40  0    cut
 485  sn97dq        Ic-norm    0.4549   1.31   0.4080   0.0231    42.80  1    cut
 486  sn97dq        Ic-norm    0.7283   1.31   0.3166   0.0265    81.70  1    cut
 487  sn93J         IIb        0.6566   1.30   0.1268   0.0262     5.50  0    cut
 488  sn88L         Ib-norm    0.4833   1.30   0.4136   0.0151    47.70  1    cut
 489  sn87A         II-pec     0.5740   1.29   0.6741   0.0169    -6.70  0    cut
 490  sn99di        Ib-norm    0.5402   1.29   0.0087   0.0318     0.00  1    cut
 491  sn05hk        Ia-pec     0.6742   1.29   0.1577   0.0470    -6.30  0    cut
 492  sn99em        IIP        0.5997   1.27   0.7186   0.0205     6.40  0    cut
 493  sn93J         IIb        0.6471   1.25   0.1279   0.0253     3.80  0    cut
 494  sn87A         II-pec     0.5740   1.25   0.6746   0.0179    13.30  0    cut
 495  sn91A         Ic-norm    0.5618   1.25   0.3110   0.0441     0.00  1    cut
 496  lbv03hy       LBV        0.6187   1.25   0.2900   0.0209   -99.90  2    cut
 497  sn93J         IIb        0.6471   1.25   0.1274   0.0265     4.60  0    cut
 498  sn99em        IIP        0.5984   1.25   0.7152   0.0196     9.40  0    cut
 499  sn97dd        IIb        0.6119   1.24   0.2817   0.0246    16.40  1    cut
 500  sn88L         Ib-norm    0.5320   1.23   0.3144   0.0368     0.00  1    cut
 501  sn83V         Ic-norm    0.5916   1.23   0.3125   0.0317    12.90  0    cut
 502  sn97cy        IIn        0.7202   1.22   0.1702   0.0332     0.00  1    cut
 503  sn91ar        Ib-norm    0.5158   1.22   0.0922   0.0227    27.40  1    cut
 504  sn02ap        Ic-broad   0.5185   1.22   0.3117   0.0313     6.50  0    cut
 505  sn97dq        Ic-norm    0.6011   1.22   0.3167   0.0266    17.90  1    cut
 506  sn96cb        IIb        0.6268   1.21   0.2865   0.0307     7.00  0    cut
 507  sn96cb        IIb        0.6268   1.21   0.2865   0.0307     7.00  0    cut
 508  sn97dq        Ic-norm    0.6011   1.21   0.3169   0.0285    14.90  1    cut
 509  sn90aa        Ic-norm    0.5645   1.21   0.1710   0.0352    61.50  1    cut
 510  sn97dq        Ic-norm    0.6024   1.20   0.3166   0.0267    21.90  1    cut
 511  sn02ap        Ic-broad   0.5172   1.20   0.1656   0.0610     1.50  0    cut
 512  lbv99bw       LBV        0.5524   1.20   0.7230   0.0153   -99.90  2    cut
 513  sn97cy        IIn        0.7202   1.19   0.1446   0.0340    14.10  1    cut
 514  sn93J         IIb        0.7473   1.19   0.1360   0.0332    11.00  0    cut
 515  sn06bp        IIP        0.4941   1.18   0.0517   0.0317    -1.70  0    cut
 516  sn99gi        IIP        0.5930   1.18   0.0475   0.0313    -4.00  0    cut
 517  sn93J         IIb        0.7717   1.18   0.1407   0.0317    -2.00  0    cut
 518  mstar         M-star     0.6579   1.18   0.0003   0.0104    10.00  2    cut
 519  sn91ar        Ib-norm    0.5131   1.17   0.0106   0.0316     0.00  1    cut
 520  sn98S         IIn        0.6891   1.16   0.1266   0.0337    11.40  0    cut
 521  sn93J         IIb        0.7013   1.16   0.1397   0.0322    -5.00  0    cut
 522  sn97dq        Ic-norm    0.6024   1.16   0.3165   0.0261    26.90  1    cut
 523  sn90B         Ic-norm    0.4373   1.16   0.4064   0.0223     4.00  0    cut
 524  sn04dj        IIP        0.5253   1.16   0.2680   0.0160    89.80  1    cut
 525  sn98T         Ib-norm    0.4562   1.16   0.4227   0.0220     0.00  1    cut
 526  sn93J         IIb        0.7703   1.15   0.1415   0.0299    -4.00  0    cut
 527  sn97cy        IIn        0.8028   1.14   0.0387   0.0200    29.40  1    cut
 528  sn97ef        Ic-broad   0.4847   1.14   0.3163   0.0337     6.80  0    cut
 529  sn97cy        IIn        0.7189   1.14   0.2004   0.0286    71.30  1    cut
 530  lbv03hy       LBV        0.6200   1.13   0.2455   0.0181   -99.90  2    cut
 531  sn93J         IIb        0.7690   1.13   0.1409   0.0314    -3.00  0    cut
 532  sn06bp        IIP        0.5036   1.13   0.7327   0.0263     2.10  0    cut
 533  sn97cy        IIn        0.6877   1.13   0.1962   0.0307   174.50  1    cut
 534  sn04dj        IIP        0.4738   1.13   0.1403   0.0134    51.90  1    cut
 535  sn05cs        IIP        0.6634   1.13   0.0489   0.0284    -0.80  0    cut
 536  sn90K         IIL        0.5808   1.12   0.6930   0.0208    55.60  1    cut
 537  sn80K         IIL        0.5253   1.12   0.4058   0.0187     7.00  0    cut
 538  sn91A         Ic-norm    0.4603   1.11   0.4112   0.0275    16.80  1    cut
 539  sn97cy        IIn        0.7202   1.11   0.1674   0.0259   125.30  1    cut
 540  sn90aa        Ic-norm    0.5645   1.11   0.3298   0.0252   116.10  1    cut
 541  sn98bw        Ic-broad   0.7080   1.10   0.5320   0.0373     8.70  0    cut
 542  sn90K         IIL        0.5808   1.10   0.6901   0.0229    53.30  1    cut
 543  sn02ap        Ic-broad   0.5997   1.10   0.3188   0.0318     4.60  0    cut
 544  sn04dj        IIP        0.4779   1.09   0.3988   0.0211    50.60  1    cut
 545  sn99di        Ib-norm    0.4224   1.09   0.6625   0.0263    30.50  1    cut
 546  lbv99bw       LBV        0.6011   1.09   1.0453   0.0217   -99.90  2    cut
 547  sn90K         IIL        0.5781   1.09   0.1835   0.0300   174.80  1    cut
 548  sn99em        IIP        0.5970   1.09   0.0483   0.0323    -3.60  0    cut
 549  sn02ap        Ic-broad   0.5997   1.07   0.3156   0.0441    11.60  0    cut
 550  sn97cy        IIn        0.7202   1.07   0.3970   0.0311   116.80  1    cut
 551  sn90aa        Ic-norm    0.5659   1.07   0.3108   0.0409     0.00  1    cut
 552  sn02ap        Ic-broad   0.5997   1.07   0.3174   0.0354     6.60  0    cut
 553  sn98S         IIn        0.5943   1.07   0.8236   0.0246     2.70  0    cut
 554  sn99gi        IIP        0.5903   1.06   0.2844   0.0258    -5.00  0    cut
 555  sn99em        IIP        0.5957   1.06   0.0463   0.0359    -2.60  0    cut
 556  sn06bp        IIP        0.4928   1.06   0.7355   0.0284     0.10  0    cut
 557  sn90K         IIL        0.6024   1.04   0.1831   0.0273   174.80  1    cut
 558  sn91A         Ic-norm    0.5090   1.04   0.4146   0.0246    47.50  1    cut
 559  sn93J         IIb        0.5943   1.04   0.2905   0.0314     2.70  0    cut
 560  sn02ap        Ic-broad   0.5997   1.04   0.3202   0.0322     3.60  0    cut
 561  sn97cy        IIn        0.7216   1.04   0.3949   0.0258    57.20  1    cut
 562  sn90K         IIL        0.5551   1.03   0.1855   0.0457   202.60  1    cut
 563  agn           AGN        0.8962   1.03   0.2023   0.0190   -99.90  2    cut
 564  sn02ap        Ic-broad   0.5997   1.03   0.3181   0.0354     5.60  0    cut
 565  sn97ei        Ic-norm    0.4562   1.03   0.4122   0.0230     0.00  1    cut
 566  sn80K         IIL        0.5172   1.02   0.4067   0.0184     9.00  0    cut
 567  sn90K         IIL        0.5307   1.02   0.1540   0.0333   139.00  1    cut
 568  sn91A         Ic-norm    0.4968   1.01   0.4141   0.0275    65.10  1    cut
 569  sn04dj        IIP        0.4535   1.01   0.2616   0.0243     2.70  1    cut
 570  sn98dt        Ib-norm    0.6133   1.01   0.0279   0.0463    11.70  0    cut
 571  sn99em        IIP        0.5172   1.01   0.7173   0.0251     5.60  0    cut
 572  sn04dj        IIP        0.4522   1.01   0.2604   0.0285     5.00  1    cut
 573  sn99em        IIP        0.5957   0.99   0.0472   0.0304    -1.60  0    cut
 574  sn99di        Ib-norm    0.5388   0.99   0.1635   0.0230    23.60  1    cut
 575  sn93J         IIb        0.6133   0.99   0.2879   0.0435     6.60  0    cut
 576  sn90K         IIL        0.5077   0.97   0.3971   0.0208    76.40  1    cut
 577  sn06bp        IIP        0.5050   0.97   0.4178   0.0221     8.10  0    cut
 578  sn04dj        IIP        0.4522   0.97   0.2620   0.0229     0.00  1    cut
 579  sn87A         II-pec     0.5767   0.97   0.0970   0.0249    -2.70  0    cut
 580  sn04dj        IIP        0.4535   0.96   0.2590   0.0397    18.00  1    cut
 581  sn98S         IIn        0.5903   0.95   0.4769   0.0389     1.80  0    cut
 582  sn04dj        IIP        0.4535   0.94   0.2597   0.0387    17.00  1    cut
 583  sn99em        IIP        0.5266   0.94   0.7141   0.0250     6.60  0    cut
 584  sn04dj        IIP        0.4508   0.94   0.2604   0.0382     8.00  1    cut
 585  sn90K         IIL        0.6079   0.93   0.3405   0.0286   147.10  1    cut
 586  sn04dj        IIP        0.4535   0.92   0.2584   0.0391    20.00  1    cut
 587  sn05cs        IIP        0.6620   0.92   0.0492   0.0278    -1.90  0    cut
 588  sn97dq        Ic-norm    0.6634   0.91   0.3157   0.0348   222.20  1    cut
 589  sn87A         II-pec     0.5754   0.91   0.0971   0.0260     9.30  0    cut
 590  sn97cy        IIn        0.7202   0.90   0.0431   0.0180   226.10  1    cut
 591  sn99dn        Ib-norm    0.5334   0.90   0.1648   0.0253    27.70  1    cut
 592  lbv01ac       LBV        0.6024   0.89   0.1342   0.0289   -99.90  2    cut
 593  sn90K         IIL        0.5293   0.89   0.1906   0.0828   201.70  1    cut
 594  sn04dj        IIP        0.4535   0.89   0.3958   0.0243    36.00  1    cut
 595  sn04dj        IIP        0.4752   0.88   0.3989   0.0235    46.80  1    cut
 596  sn98S         IIn        0.5889   0.88   0.6848   0.0218     0.90  0    cut
 597  sn87A         II-pec     0.5740   0.88   0.0969   0.0264     1.30  0    cut
 598  sn90K         IIL        0.6079   0.88   0.6837   0.0274   119.20  1    cut
 599  sn87A         II-pec     0.5781   0.88   0.3860   0.0203    11.30  0    cut
 600  sn06bp        IIP        0.4968   0.88   0.4147   0.0233    13.20  0    cut
 601  sn95F         Ic-norm    0.6634   0.88   0.1709   0.0468    88.60  1    cut
 602  sn91A         Ic-norm    0.4616   0.87   0.0853   0.0273   128.30  1    cut
 603  sn04dj        IIP        0.4765   0.87   0.3998   0.0223    50.00  1    cut
 604  sn91N         Ic-norm    0.7852   0.86   0.1756   0.0892   250.20  1    cut
 605  sn90K         IIL        0.6079   0.86   0.1754   0.0297   136.20  1    cut
 606  sn97ei        Ic-norm    0.6146   0.84   0.3233   0.0367    10.90  1    cut
 607  sn87A         II-pec     0.5767   0.84   0.0972   0.0270    -4.70  0    cut
 608  sn92H         IIP        0.4088   0.83   0.2950   0.0360    11.50  0    cut
 609  sn04dj        IIP        0.4765   0.82   0.3988   0.0238    48.00  1    cut
 610  sn90K         IIL        0.5388   0.78   0.1853   0.0420   161.00  1    cut
 611  sn83N         Ib-norm    0.4630   0.77   0.4235   0.0379     4.00  0    cut
 612  sn97cy        IIn        0.8881   0.75   0.1825   0.0348   196.10  1    cut
 613  sn91A         Ic-norm    0.5605   0.74   0.1007   0.0371    32.60  1    cut
 614  sn91A         Ic-norm    0.5361   0.74   0.0941   0.0314    61.40  1    cut
 615  sn91A         Ic-norm    0.4968   0.69   0.4125   0.0304    10.90  1    cut
 616  sn91N         Ic-norm    0.5483   0.65   0.1766   0.0829   276.10  1    cut
