### SNID output file ###
 
### input spectrum and options ###
# Input spectrum                 : 19008_-2.70.dat
# Parameter file                 : NA
# Wavelength range               :    3615.55   9719.19
# Mask file                      : NA
# Median filtering width [A]     : NA
# Median filtering width [pix]   :       1.00
# Clip emission redshift         :     0.2176
# Clip sky lines                 : 0
# Emission clip width [A]        :       0.22
# Keep A-band                    : 1
# Age range                      :     -12.70      7.30
# Delta range                    :      -9.99     99.90
# Min. number of spectra/template:   1
# Use only templates             : NA
# Use only types                 : NA
# Avoid templates                : NA
# Avoid types                    : NA
# rlapmin                        :       5.00
# Redshift range                 :    -0.0100    1.2000
# Forced initial redshift        :     0.2176
# Extra fake redshift            : NA
# Nsigma for initial redshift    : NA
# Redshift filter                :     0.0200
# Wavenumbers k1,k2,k3,k4        :     1    4   85  102
# Template directory             : /Users/daniel/snid-5.0/templates/
 
### initial/user-input redshift ###
zinit       0.0000
zuser       0.2176
 
### median redshift/age and error ###
zmed        0.2290    0.0056
agem         -8.60      5.26
 
### type fraction/redshift/age ###
#type ntemp fraction slope redshift redshift_error age age_error
Ia              3      1.00    0.0000    0.2290    0.0056    -8.600     5.258
Ia-norm         3      1.00    0.0000    0.2290    0.0056    -8.600     5.258
Ia-91T          0      0.00    0.0000    0.0000    0.0000     0.000     0.000
Ia-91bg         0      0.00    0.0000    0.0000    0.0000     0.000     0.000
Ia-csm          0      0.00    0.0000    0.0000    0.0000     0.000     0.000
Ia-pec          0      0.00    0.0000    0.0000    0.0000     0.000     0.000
###
Ib              0      0.00    0.0000    0.0000    0.0000     0.000     0.000
Ib-norm         0      0.00    0.0000    0.0000    0.0000     0.000     0.000
Ib-pec          0      0.00    0.0000    0.0000    0.0000     0.000     0.000
IIb             0      0.00    0.0000    0.0000    0.0000     0.000     0.000
###
Ic              0      0.00    0.0000    0.0000    0.0000     0.000     0.000
Ic-norm         0      0.00    0.0000    0.0000    0.0000     0.000     0.000
Ic-pec          0      0.00    0.0000    0.0000    0.0000     0.000     0.000
Ic-broad        0      0.00    0.0000    0.0000    0.0000     0.000     0.000
###
II              0      0.00    0.0000    0.0000    0.0000     0.000     0.000
IIP             0      0.00    0.0000    0.0000    0.0000     0.000     0.000
II-pec          0      0.00    0.0000    0.0000    0.0000     0.000     0.000
IIn             0      0.00    0.0000    0.0000    0.0000     0.000     0.000
IIL             0      0.00    0.0000    0.0000    0.0000     0.000     0.000
###
NotSN           0      0.00    0.0000    0.0000    0.0000     0.000     0.000
AGN             0      0.00    0.0000    0.0000    0.0000     0.000     0.000
Gal             0      0.00    0.0000    0.0000    0.0000     0.000     0.000
LBV             0      0.00    0.0000    0.0000    0.0000     0.000     0.000
M-star          0      0.00    0.0000    0.0000    0.0000     0.000     0.000
 
### rlap-ordered template listings ###
#no. sn type lap rlap z zerr age age_flag grade
   1  sn99ee        Ia-norm    0.8908   6.09   0.2398   0.0119    -6.70  0    bad
   2  sn98aq        Ia-norm    0.6783   5.30   0.2264   0.0121    -9.00  0   good
   3  sn99ee        Ia-norm    0.8894   5.27   0.2290   0.0127     0.30  0   good
   4  sn99ee        Ia-norm    0.9802   5.06   0.2371   0.0162    -8.60  0   good
#--- rlap cutoff
   5  sn99ee        Ia-norm    0.8908   4.87   0.2272   0.0135     2.20  0    cut
   6  sn99ee        Ia-norm    0.8583   4.70   0.2225   0.0123     7.10  0    cut
   7  sn99ac        Ia-91T     0.7811   4.65   0.2267   0.0138     0.80  0    cut
   8  sn05hk        Ia-pec     0.8163   4.60   0.0617   0.0138    -4.30  0    cut
   9  sn90N         Ia-norm    0.9463   4.53   0.2342   0.0182    -6.40  0    cut
  10  sn06gz        Ia-pec     0.6376   4.47   0.2306   0.0116    -2.60  0    cut
  11  sn95D         Ia-norm    0.7297   4.46   0.2164   0.0135     6.10  0    cut
  12  sn03cg        Ia-norm    0.7839   4.40   0.2260   0.0127     1.50  0    cut
  13  sn99ac        Ia-91T     0.8922   4.33   0.2264   0.0148     3.10  0    cut
  14  sn02er        Ia-norm    0.8570   4.31   0.2260   0.0133    -3.50  0    cut
  15  sn99aw        Ia-91T     0.8245   4.29   0.2307   0.0120     3.20  0    cut
  16  sn98bu        Ia-norm    0.5672   4.25   0.2227   0.0117     1.20  0    cut
  17  sn00cx        Ia-pec     0.6525   4.18   0.2324   0.0147    -1.40  0    cut
  18  sn05hk        Ia-pec     0.8272   4.16   0.0655   0.0138    -7.30  0    cut
  19  sn02er        Ia-norm    0.8042   4.15   0.2356   0.0149    -8.40  0    cut
  20  sn06gz        Ia-pec     0.6444   4.12   0.2308   0.0121    -5.50  0    cut
  21  sn99aa        Ia-91T     0.8976   4.08   0.2356   0.0157     2.70  0    cut
  22  sn98aq        Ia-norm    0.7135   4.06   0.2229   0.0147    -8.00  0    cut
  23  sn05hk        Ia-pec     0.7392   4.05   0.0637   0.0148    -5.30  0    cut
  24  sn03du        Ia-norm    0.7514   4.03   0.2302   0.0129    -7.00  0    cut
  25  sn02bo        Ia-norm    0.8800   4.03   0.2305   0.0154    -1.40  0    cut
  26  sn94S         Ia-norm    0.6999   3.98   0.2287   0.0163    -3.40  0    cut
  27  sn98aq        Ia-norm    0.6837   3.96   0.2270   0.0150     0.00  0    cut
  28  sn05hk        Ia-pec     0.7392   3.95   0.0601   0.0162    -3.30  0    cut
  29  sn94ae        Ia-norm    0.6512   3.90   0.2248   0.0128     3.30  0    cut
  30  sn05hk        Ia-pec     0.7432   3.84   0.0641   0.0153    -6.30  0    cut
  31  sn03du        Ia-norm    0.9057   3.84   0.2321   0.0168    -5.00  0    cut
  32  sn02er        Ia-norm    0.9043   3.82   0.2366   0.0176    -4.40  0    cut
  33  sn05hj        Ia-norm    0.7026   3.78   0.2274   0.0148     4.30  0    cut
  34  sn06gz        Ia-pec     0.6458   3.78   0.2255   0.0114     5.20  0    cut
  35  sn91T         Ia-91T     0.8231   3.77   0.0802   0.0158    -5.30  0    cut
  36  sn98aq        Ia-norm    0.6931   3.77   0.2265   0.0154     0.90  0    cut
  37  sn98aq        Ia-norm    0.6959   3.76   0.2262   0.0145     1.90  0    cut
  38  sn02er        Ia-norm    0.8759   3.75   0.2189   0.0158     5.50  0    cut
  39  sn98aq        Ia-norm    0.6959   3.74   0.2259   0.0143     2.90  0    cut
  40  sn04eo        Ia-norm    0.8827   3.72   0.2252   0.0165    -6.40  0    cut
  41  sn03cg        Ia-norm    0.8163   3.72   0.2218   0.0136     4.50  0    cut
  42  sn05hk        Ia-pec     0.7446   3.71   0.0590   0.0174    -2.40  0    cut
  43  sn91T         Ia-91T     0.8231   3.71   0.0810   0.0158    -6.40  0    cut
  44  sn98aq        Ia-norm    0.6959   3.69   0.2258   0.0144     3.90  0    cut
  45  sn03cg        Ia-norm    0.7690   3.67   0.2295   0.0161    -7.50  0    cut
  46  sn03du        Ia-norm    0.8989   3.65   0.2179   0.0167     5.00  0    cut
  47  sn03du        Ia-norm    0.8475   3.65   0.2405   0.0144   -10.10  0    cut
  48  sn99aw        Ia-91T     0.8583   3.64   0.2316   0.0152     0.30  0    cut
  49  sn03du        Ia-norm    0.9057   3.64   0.2301   0.0173    -3.20  0    cut
  50  sn99aa        Ia-91T     0.8759   3.64   0.2361   0.0164    -0.60  0    cut
  51  sn03du        Ia-norm    0.7906   3.64   0.2243   0.0139    -0.20  0    cut
  52  sn98aq        Ia-norm    0.6972   3.62   0.2256   0.0146     4.90  0    cut
  53  kcS0          Gal        0.9802   3.60   0.0365   0.0283   -99.90  2    cut
  54  sn02ic        Ia-csm     0.9436   3.60   0.1992   0.0238     5.60  0    cut
  55  sn98bu        Ia-norm    0.6972   3.59   0.2276   0.0173    -2.80  0    cut
  56  sn03du        Ia-norm    0.8258   3.59   0.2223   0.0137     1.90  0    cut
  57  sn05hk        Ia-pec     0.8813   3.56   0.0652   0.0149    -8.30  0    cut
  58  sn02bo        Ia-norm    0.8529   3.56   0.2276   0.0154    -0.30  0    cut
  59  sn03du        Ia-norm    0.8069   3.56   0.2243   0.0144    -1.10  0    cut
  60  sn98aq        Ia-norm    0.6972   3.56   0.2254   0.0150     5.90  0    cut
  61  sn03cg        Ia-norm    0.7839   3.56   0.2280   0.0147    -4.50  0    cut
  62  sn02er        Ia-norm    0.7893   3.55   0.2328   0.0155    -6.40  0    cut
  63  sn05hk        Ia-pec     0.7432   3.54   0.0668   0.0154    -8.30  0    cut
  64  sn98bu        Ia-norm    0.6972   3.53   0.2275   0.0171    -1.70  0    cut
  65  sn00E         Ia-norm    0.7148   3.53   0.2299   0.0166    -2.50  0    cut
  66  sn05hj        Ia-norm    0.7013   3.53   0.2281   0.0153     1.60  0    cut
  67  sn99aa        Ia-91T     0.8339   3.52   0.1016   0.0174    -8.50  0    cut
  68  sn95D         Ia-norm    0.6904   3.52   0.2195   0.0160     4.20  0    cut
  69  sn06gz        Ia-pec     0.6485   3.51   0.2237   0.0128     7.20  0    cut
  70  sn95E         Ia-norm    0.6498   3.50   0.2259   0.0146     0.10  0    cut
  71  sn00E         Ia-norm    0.7419   3.49   0.2311   0.0174    -5.50  0    cut
  72  sn03du        Ia-norm    0.8272   3.47   0.2197   0.0140     3.90  0    cut
  73  sn92A         Ia-norm    0.8475   3.47   0.2277   0.0185    -0.40  0    cut
  74  sn94ae        Ia-norm    0.6647   3.46   0.2227   0.0150     2.30  0    cut
  75  sn94ae        Ia-norm    0.7351   3.46   0.2238   0.0152     1.30  0    cut
  76  sn81B         Ia-norm    0.9558   3.44   0.2264   0.0188     0.00  0    cut
  77  sn98aq        Ia-norm    0.6959   3.43   0.2249   0.0152     6.90  0    cut
  78  sn98bu        Ia-norm    0.6972   3.43   0.2272   0.0173    -0.70  0    cut
  79  sn03du        Ia-norm    0.7920   3.42   0.2241   0.0147     0.80  0    cut
  80  sn89B         Ia-norm    0.6498   3.42   0.2185   0.0140     3.50  0    cut
  81  sn94ae        Ia-norm    0.6783   3.38   0.2209   0.0148     4.40  0    cut
  82  sn90O         Ia-norm    0.7148   3.38   0.2337   0.0162    -0.40  0    cut
  83  sn95E         Ia-norm    0.6024   3.37   0.2269   0.0160    -1.90  0    cut
  84  sn02er        Ia-norm    0.9084   3.36   0.2303   0.0186    -1.50  0    cut
  85  sn03cg        Ia-norm    0.7554   3.36   0.2274   0.0166    -0.50  0    cut
  86  sn90N         Ia-norm    0.9761   3.36   0.0703   0.0265     4.90  0    cut
  87  sn04eo        Ia-norm    0.7067   3.36   0.2219   0.0152    -2.80  0    cut
  88  sn96X         Ia-norm    0.7595   3.35   0.2266   0.0170    -1.10  0    cut
  89  sn91T         Ia-91T     0.8231   3.34   0.0817   0.0165    -7.30  0    cut
  90  sn03cg        Ia-norm    0.6918   3.33   0.2309   0.0162    -1.80  0    cut
  91  sn81B         Ia-norm    0.9504   3.32   0.2269   0.0192    -0.90  0    cut
  92  sn96X         Ia-norm    0.7270   3.31   0.2249   0.0146     0.00  0    cut
  93  sn94ae        Ia-norm    0.6864   3.30   0.2200   0.0153     6.40  0    cut
  94  sn04dj        IIP        0.5713   3.29   0.2349   0.0041    36.00  1    cut
  95  sn94ae        Ia-norm    0.6918   3.29   0.2222   0.0153     3.30  0    cut
  96  sn03du        Ia-norm    0.6945   3.28   0.2309   0.0209    -8.80  0    cut
  97  sn99aa        Ia-91T     0.7825   3.27   0.2453   0.0236    -4.10  0    cut
  98  sn03du        Ia-norm    0.8434   3.27   0.2392   0.0155    -6.20  0    cut
  99  sn91T         Ia-91T     0.9802   3.27   0.2168   0.0236    -0.20  0    cut
 100  sn02bo        Ia-norm    0.8258   3.26   0.2312   0.0162    -2.50  0    cut
 101  sn03du        Ia-norm    0.8136   3.22   0.2347   0.0196   -10.10  0    cut
 102  sn03du        Ia-norm    0.6945   3.22   0.2294   0.0200    -7.80  0    cut
 103  sn05bf        Ib-pec     0.9598   3.21   0.0554   0.0264     3.40  0    cut
 104  sn96X         Ia-norm    0.7270   3.21   0.2242   0.0152     1.90  0    cut
 105  sn86G         Ia-91bg    0.5740   3.20   0.2270   0.0185    -0.40  0    cut
 106  sn99ac        Ia-91T     0.7365   3.19   0.2500   0.0200    -9.60  0    cut
 107  sn00E         Ia-norm    0.7107   3.18   0.2311   0.0171    -1.40  0    cut
 108  sn96X         Ia-norm    0.7270   3.18   0.2262   0.0161    -3.00  0    cut
 109  sn86G         Ia-91bg    0.6133   3.17   0.2303   0.0195    -2.70  0    cut
 110  sn96X         Ia-norm    0.7270   3.16   0.2263   0.0154    -2.00  0    cut
 111  sn94D         Ia-norm    0.8448   3.16   0.2242   0.0150    -1.80  0    cut
 112  sn96X         Ia-norm    0.7283   3.15   0.2248   0.0152     1.00  0    cut
 113  sn04aw        Ic-norm    0.6986   3.14   0.2433   0.0200    -5.20  0    cut
 114  sn92A         Ia-norm    0.6891   3.12   0.2379   0.0149    -5.00  0    cut
 115  sn92A         Ia-norm    0.6850   3.10   0.2304   0.0146     3.30  0    cut
 116  sn02bo        Ia-norm    0.8245   3.10   0.2296   0.0166    -1.20  0    cut
 117  sn96X         Ia-norm    0.7270   3.10   0.2238   0.0153     2.90  0    cut
 118  sn02er        Ia-norm    0.8353   3.09   0.2248   0.0162    -0.50  0    cut
 119  sn94S         Ia-norm    0.7040   3.09   0.2291   0.0184     1.40  0    cut
 120  sn03du        Ia-norm    0.6986   3.08   0.2318   0.0238    -9.70  0    cut
 121  sn02bo        Ia-norm    0.7500   3.08   0.2325   0.0170    -3.40  0    cut
 122  sn02bo        Ia-norm    0.7541   3.07   0.2298   0.0167    -1.50  0    cut
 123  sn02er        Ia-norm    0.9152   3.07   0.2320   0.0203    -2.50  0    cut
 124  sn03cg        Ia-norm    0.7825   3.07   0.2278   0.0164    -6.80  0    cut
 125  sn04dj        IIP        0.5943   3.05   0.2343   0.0045    48.00  1    cut
 126  sn03du        Ia-norm    0.6986   3.02   0.2356   0.0249   -11.70  0    cut
 127  sn96X         Ia-norm    0.9504   3.02   0.2060   0.0223     1.90  0    cut
 128  sn91T         Ia-91T     0.9165   3.02   0.1497   0.0220   -11.50  0    cut
 129  sn94D         Ia-norm    0.8475   3.01   0.2177   0.0166     2.90  0    cut
 130  sn02bo        Ia-norm    0.9477   3.00   0.2207   0.0215     5.50  0    cut
 131  sn06gz        Ia-pec     0.7446   2.99   0.2242   0.0176     6.30  0    cut
 132  sn04S         Ia-norm    0.9490   2.98   0.2306   0.0226     1.70  0    cut
 133  sn05hk        Ia-pec     0.7459   2.98   0.0578   0.0213    -1.40  0    cut
 134  sn04dj        IIP        0.5943   2.98   0.2344   0.0046    50.00  1    cut
 135  sn03du        Ia-norm    0.6972   2.98   0.2253   0.0171     2.20  0    cut
 136  sn02er        Ia-norm    0.7568   2.98   0.2377   0.0189    -9.40  0    cut
 137  sn03du        Ia-norm    0.6986   2.98   0.2265   0.0187    -0.80  0    cut
 138  sn92A         Ia-norm    0.6837   2.98   0.2336   0.0148    -0.60  0    cut
 139  sn03du        Ia-norm    0.6999   2.97   0.2248   0.0169     3.10  0    cut
 140  sn91bg        Ia-91bg    0.6877   2.97   0.2251   0.0247     2.50  0    cut
 141  sn95E         Ia-norm    0.6363   2.96   0.2261   0.0157     2.00  0    cut
 142  sn04eo        Ia-norm    0.8312   2.96   0.2190   0.0161     2.20  0    cut
 143  sn02bo        Ia-norm    0.6959   2.95   0.2408   0.0238    -8.10  0    cut
 144  sn02er        Ia-norm    0.7608   2.94   0.2271   0.0184     1.50  0    cut
 145  sn03cg        Ia-norm    0.6579   2.94   0.2308   0.0186    -2.30  0    cut
 146  sn94D         Ia-norm    0.7040   2.94   0.2264   0.0178    -3.60  0    cut
 147  sn04dj        IIP        0.5916   2.94   0.2339   0.0047    51.90  1    cut
 148  sn91T         Ia-91T     0.8840   2.92   0.0833   0.0197    -9.30  0    cut
 149  sn04dj        IIP        0.5943   2.92   0.2341   0.0046    46.80  1    cut
 150  sn92A         Ia-norm    0.8570   2.91   0.2257   0.0183     6.30  0    cut
 151  sn92A         Ia-norm    0.8488   2.91   0.2274   0.0218     2.40  0    cut
 152  sn96X         Ia-norm    0.9531   2.90   0.2074   0.0227     0.90  0    cut
 153  sn00cx        Ia-pec     0.5740   2.89   0.2321   0.0206    -2.40  0    cut
 154  sn92A         Ia-norm    0.9761   2.89   0.2317   0.0234     5.90  0    cut
 155  sn03cg        Ia-norm    0.7608   2.88   0.2263   0.0210    -5.90  0    cut
 156  lbv01ac       LBV        0.6959   2.88   0.2333   0.0038   -99.90  2    cut
 157  sn89B         Ia-norm    0.9653   2.86   0.0563   0.0273    -6.30  0    cut
 158  sn02bo        Ia-norm    0.6959   2.85   0.2390   0.0247    -7.00  0    cut
 159  sn94D         Ia-norm    0.9260   2.85   0.2569   0.0235   -10.60  0    cut
 160  sn00cx        Ia-pec     0.6403   2.84   0.2344   0.0207     0.60  0    cut
 161  sn02er        Ia-norm    0.9152   2.84   0.2261   0.0220     3.40  0    cut
 162  sn91M         Ia-norm    0.7216   2.83   0.2261   0.0167     2.70  0    cut
 163  sn89B         Ia-norm    0.6471   2.83   0.2179   0.0158     5.50  0    cut
 164  sn06bp        IIP        0.6566   2.83   0.2235   0.0218    -5.70  0    cut
 165  sn06gz        Ia-pec     0.7432   2.82   0.2240   0.0188     7.20  0    cut
 166  sn99ex        Ib-norm    0.8867   2.82   0.2322   0.0231    -4.50  0    cut
 167  sn90N         Ia-norm    0.5794   2.82   0.2206   0.0183     2.60  0    cut
 168  sn94S         Ia-norm    0.6268   2.80   0.0819   0.0243    -2.50  0    cut
 169  sn96X         Ia-norm    0.7243   2.79   0.2224   0.0168     4.90  0    cut
 170  sn02bo        Ia-norm    0.6972   2.78   0.2375   0.0266    -6.00  0    cut
 171  sn05hj        Ia-norm    0.7080   2.78   0.2294   0.0182    -5.10  0    cut
 172  sn91T         Ia-91T     0.8854   2.78   0.0851   0.0212   -10.30  0    cut
 173  sn04dj        IIP        0.5672   2.78   0.2357   0.0046    20.00  1    cut
 174  sn04aw        Ic-norm    0.6999   2.78   0.2368   0.0224    -3.30  0    cut
 175  sn05hk        Ia-pec     0.7432   2.76   0.0686   0.0177    -9.30  0    cut
 176  sn04dj        IIP        0.5740   2.75   0.2359   0.0046    17.00  1    cut
 177  sn90K         IIL        0.6268   2.75   0.2514   0.0250   147.10  1    cut
 178  sn04dj        IIP        0.6877   2.74   0.2384   0.0051    89.80  1    cut
 179  sn02er        Ia-norm    0.7365   2.74   0.2349   0.0221    -5.40  0    cut
 180  sn04dj        IIP        0.5727   2.73   0.2357   0.0047    18.00  1    cut
 181  sn97br        Ia-91T     0.7879   2.73   0.2257   0.0197    -4.00  0    cut
 182  sn96X         Ia-norm    0.6864   2.72   0.2275   0.0205    -0.90  0    cut
 183  sn02bo        Ia-norm    0.7229   2.72   0.2372   0.0209    -4.40  0    cut
 184  sn02bo        Ia-norm    0.6972   2.71   0.2361   0.0258    -5.10  0    cut
 185  sn94D         Ia-norm    0.7040   2.67   0.2266   0.0177     0.40  0    cut
 186  sn96X         Ia-norm    0.7243   2.66   0.2206   0.0171     6.90  0    cut
 187  sn02bo        Ia-norm    0.6972   2.65   0.2352   0.0268    -4.00  0    cut
 188  sn96X         Ia-norm    0.7283   2.65   0.2213   0.0177     5.90  0    cut
 189  sn00cx        Ia-pec     0.8691   2.64   0.2208   0.0191     1.60  0    cut
 190  sn94D         Ia-norm    0.9422   2.63   0.0809   0.0296    -5.60  0    cut
 191  sn94D         Ia-norm    0.8339   2.61   0.2227   0.0164     2.20  0    cut
 192  sn05hj        Ia-norm    0.7026   2.60   0.2284   0.0186    -0.30  0    cut
 193  sn02bo        Ia-norm    0.6972   2.60   0.2339   0.0268    -3.10  0    cut
 194  sn02bo        Ia-norm    0.6986   2.60   0.2335   0.0276    -2.10  0    cut
 195  sn02bo        Ia-norm    0.7392   2.59   0.2450   0.0239    -9.40  0    cut
 196  sn90O         Ia-norm    0.8989   2.59   0.2452   0.0261    -6.10  0    cut
 197  sn94D         Ia-norm    0.7067   2.58   0.2280   0.0200    -2.60  0    cut
 198  sn95E         Ia-norm    0.6227   2.57   0.2232   0.0206     7.00  0    cut
 199  sn90O         Ia-norm    0.8976   2.56   0.2428   0.0261    -5.10  0    cut
 200  sn97br        Ia-91T     0.6931   2.56   0.2310   0.0204    -6.00  0    cut
 201  sn92A         Ia-norm    0.8475   2.54   0.2398   0.0228    -5.00  0    cut
 202  sn94I         Ic-norm    0.7635   2.54   0.2322   0.0220    -5.60  0    cut
 203  sn94D         Ia-norm    0.8718   2.53   0.2279   0.0199    -4.80  0    cut
 204  sn04dj        IIP        0.5740   2.52   0.2371   0.0051     5.00  1    cut
 205  sn05gj        Ia-csm     0.6187   2.52   0.2333   0.0065   -12.10  0    cut
 206  sn86G         Ia-91bg    0.6796   2.50   0.2282   0.0205    -3.40  0    cut
 207  sn95F         Ic-norm    0.8529   2.49   0.2163   0.0233     0.00  1    cut
 208  sn02bo        Ia-norm    0.8556   2.48   0.2386   0.0250    -4.50  0    cut
 209  sn99dn        Ib-norm    0.8028   2.47   0.2135   0.0237     6.90  1    cut
 210  sn90K         IIL        0.5672   2.47   0.2321   0.0069   201.70  1    cut
 211  sn02bo        Ia-norm    0.6972   2.47   0.2317   0.0274    -1.20  0    cut
 212  sn02er        Ia-norm    0.6823   2.46   0.2378   0.0221   -11.30  0    cut
 213  sn04aw        Ic-norm    0.6999   2.45   0.2359   0.0274    -2.20  0    cut
 214  sn90O         Ia-norm    0.9422   2.45   0.2475   0.0274    -7.10  0    cut
 215  sn04dj        IIP        0.5970   2.45   0.2343   0.0051    50.60  1    cut
 216  sn90K         IIL        0.6417   2.45   0.2321   0.0069   174.80  1    cut
 217  sn02bo        Ia-norm    0.6986   2.45   0.2495   0.0271   -12.10  0    cut
 218  sn01el        Ia-norm    0.6363   2.44   0.2326   0.0194     1.30  0    cut
 219  sn05hk        Ia-pec     0.8055   2.43   0.0618   0.0240    -4.20  0    cut
 220  sn05hk        Ia-pec     0.9328   2.42   0.1924   0.0308    -5.10  0    cut
 221  sn94D         Ia-norm    0.7094   2.41   0.2287   0.0235    -4.70  0    cut
 222  sn02ap        Ic-broad   0.7554   2.40   0.2508   0.0353     4.60  0    cut
 223  sn86G         Ia-91bg    0.6810   2.40   0.2275   0.0203    -2.40  0    cut
 224  sn02er        Ia-norm    0.7202   2.40   0.2241   0.0202     4.40  0    cut
 225  sn94D         Ia-norm    0.8448   2.40   0.0886   0.0288   -10.70  0    cut
 226  sn97dd        IIb        0.7527   2.39   0.2166   0.0277     3.60  1    cut
 227  sn04dj        IIP        0.5524   2.38   0.2364   0.0053     8.00  1    cut
 228  sn92A         Ia-norm    0.6471   2.38   0.2284   0.0186     7.30  0    cut
 229  sn90K         IIL        0.7013   2.38   0.2319   0.0068   161.00  1    cut
 230  sn89B         Ia-norm    0.9274   2.37   0.2253   0.0238    -0.50  0    cut
 231  sn94D         Ia-norm    0.6498   2.37   0.2311   0.0229    -7.70  0    cut
 232  sn06gz        Ia-pec     0.7067   2.36   0.0726   0.0238     4.30  0    cut
 233  sn97br        Ia-91T     0.7581   2.36   0.2355   0.0241    -9.00  0    cut
 234  sn02bo        Ia-norm    0.7256   2.35   0.2539   0.0265   -12.30  0    cut
 235  sn91A         Ic-norm    0.6742   2.35   0.0569   0.0297    32.60  1    cut
 236  sn04dj        IIP        0.5510   2.34   0.2369   0.0053     2.70  1    cut
 237  sn94M         Ia-norm    0.7175   2.33   0.2331   0.0233     3.00  0    cut
 238  sn86G         Ia-91bg    0.6959   2.33   0.2288   0.0215    -4.40  0    cut
 239  sn91N         Ic-norm    0.7107   2.33   0.2809   0.0136   276.10  1    cut
 240  lbv99bw       LBV        0.6999   2.33   0.2318   0.0044   -99.90  2    cut
 241  lbv03hy       LBV        0.6999   2.32   0.0297   0.0229   -99.90  2    cut
 242  sn04dj        IIP        0.5551   2.32   0.2380   0.0054     0.00  1    cut
 243  sn86G         Ia-91bg    0.5957   2.31   0.2212   0.0184     1.60  0    cut
 244  sn02ap        Ic-broad   0.7554   2.30   0.2533   0.0367     3.60  0    cut
 245  sn00cx        Ia-pec     0.6173   2.29   0.2353   0.0223    -0.40  0    cut
 246  sn94I         Ic-norm    0.8813   2.27   0.0995   0.0231     2.40  0    cut
 247  sn96cb        IIb        0.7311   2.27   0.2038   0.0191     0.90  0    cut
 248  sn99ex        Ib-norm    0.9016   2.27   0.2312   0.0296     0.40  0    cut
 249  sn94D         Ia-norm    0.7392   2.26   0.2332   0.0279    -8.70  0    cut
 250  sn98S         IIn        0.7243   2.26   0.2325   0.0065   -12.50  0    cut
 251  lbv03hy       LBV        0.6972   2.25   0.0310   0.0229   -99.90  2    cut
 252  sn86G         Ia-91bg    0.5916   2.24   0.2209   0.0188     0.60  0    cut
 253  sn97dq        Ic-norm    0.9802   2.22   0.0712   0.0309    27.90  1    cut
 254  sn97ef        Ic-broad   0.7514   2.21   0.2588   0.0385    -4.10  0    cut
 255  sn97br        Ia-91T     0.7040   2.21   0.2305   0.0263    -7.40  0    cut
 256  sn87A         II-pec     0.5767   2.20   0.2142   0.0107   -10.70  0    cut
 257  sn02ap        Ic-broad   0.7622   2.19   0.2490   0.0378     6.60  0    cut
 258  sn94M         Ia-norm    0.6769   2.19   0.2271   0.0260     5.00  0    cut
 259  lbv99bw       LBV        0.6525   2.19   0.2325   0.0051   -99.90  2    cut
 260  sn90aa        Ic-norm    0.7283   2.16   0.2396   0.0383     0.00  1    cut
 261  sn97br        Ia-91T     0.7595   2.16   0.2340   0.0243    -7.00  0    cut
 262  sn90K         IIL        0.7703   2.15   0.2314   0.0086   119.20  1    cut
 263  sn87A         II-pec     0.5740   2.15   0.2140   0.0105    -6.70  0    cut
 264  sn05hk        Ia-pec     0.8042   2.14   0.0653   0.0255    -6.30  0    cut
 265  lbv03hy       LBV        0.6796   2.14   0.2316   0.0047   -99.90  2    cut
 266  sn97dd        IIb        0.7405   2.14   0.2135   0.0269    16.40  1    cut
 267  sn04eo        Ia-norm    0.7622   2.13   0.2298   0.0322   -11.00  0    cut
 268  sn97dq        Ic-norm    0.8908   2.13   0.0817   0.0282    81.70  1    cut
 269  sn02ap        Ic-broad   0.7622   2.12   0.2503   0.0384     5.60  0    cut
 270  sn94D         Ia-norm    0.9571   2.12   0.0681   0.0329    -3.80  0    cut
 271  sn05bf        Ib-pec     0.7459   2.12   0.2046   0.0231    -2.70  0    cut
 272  sn02cx        Ia-pec     0.6959   2.11   0.0679   0.0293    -2.40  0    cut
 273  sn02er        Ia-norm    0.7730   2.09   0.2317   0.0387    -7.40  0    cut
 274  sn99by        Ia-91bg    0.8231   2.09   0.2165   0.0216    -2.80  0    cut
 275  sn05bf        Ib-pec     0.7459   2.09   0.2051   0.0225    -1.60  0    cut
 276  sn06aj        Ic-broad   0.6837   2.07   0.2693   0.0318    -0.50  0    cut
 277  sn94D         Ia-norm    0.7121   2.07   0.2354   0.0324    -9.50  0    cut
 278  sn97dq        Ic-norm    0.8922   2.07   0.2332   0.0340     1.00  1    cut
 279  sn99aw        Ia-91T     0.6119   2.07   0.2351   0.0244    -0.70  0    cut
 280  lbv03hy       LBV        0.6945   2.07   0.0302   0.0253   -99.90  2    cut
 281  sn90K         IIL        0.7405   2.06   0.2315   0.0077   174.80  1    cut
 282  sn05bf        Ib-pec     0.7392   2.06   0.2070   0.0227    -3.60  0    cut
 283  sn05hj        Ia-norm    0.7053   2.06   0.2286   0.0256    -6.00  0    cut
 284  sn91bg        Ia-91bg    0.7243   2.05   0.2229   0.0309     2.70  0    cut
 285  sn87A         II-pec     0.5713   2.04   0.2131   0.0101     3.30  0    cut
 286  sn06aj        Ic-broad   0.8773   2.04  -0.0094   0.0000    -5.00  0    cut
 287  sn97ef        Ic-broad   0.5645   2.02   0.2346   0.0374     6.80  0    cut
 288  sn04aw        Ic-norm    0.6579   2.00   0.2296   0.0255    -1.30  0    cut
 289  sn90K         IIL        0.6065   2.00   0.2389   0.0163    53.30  1    cut
 290  sn05gj        Ia-csm     0.6363   2.00   0.2035   0.0300    -1.80  0    cut
 291  sn90K         IIL        0.7432   2.00   0.2340   0.0166    55.60  1    cut
 292  sn94I         Ic-norm    0.7365   1.99   0.2359   0.0405     3.30  0    cut
 293  kcE           Gal        0.9802   1.98   0.0407   0.0481   -99.90  2    cut
 294  sn96cb        IIb        0.7283   1.97   0.2031   0.0207     5.00  0    cut
 295  sn04eo        Ia-norm    0.8651   1.97   0.2146   0.0252     7.00  0    cut
 296  sn05bf        Ib-pec     0.7405   1.96   0.2090   0.0248     5.20  0    cut
 297  sn94D         Ia-norm    0.7135   1.96   0.2421   0.0286    -9.60  0    cut
 298  sn90K         IIL        0.6403   1.96   0.2080   0.0207     0.00  1    cut
 299  sn05bf        Ib-pec     0.7419   1.96   0.2059   0.0256     6.20  0    cut
 300  sn05bf        Ib-pec     0.7378   1.95   0.2046   0.0247     1.20  0    cut
 301  sn94M         Ia-norm    0.6376   1.95   0.2318   0.0255     4.00  0    cut
 302  sn06gz        Ia-pec     0.7419   1.95   0.2330   0.0165   -10.30  0    cut
 303  sn91N         Ic-norm    0.8109   1.95   0.0956   0.0293     5.70  1    cut
 304  sn04aw        Ic-norm    0.7798   1.94   0.2298   0.0285     1.90  0    cut
 305  sn97br        Ia-91T     0.7094   1.94   0.2320   0.0279    -6.40  0    cut
 306  sn05bf        Ib-pec     0.7419   1.94   0.2099   0.0237    -4.60  0    cut
 307  sn05bf        Ib-pec     0.7405   1.94   0.2083   0.0242    -5.60  0    cut
 308  sn06gz        Ia-pec     0.7392   1.93   0.2346   0.0158   -12.30  0    cut
 309  sn05hk        Ia-pec     0.6282   1.91   0.2166   0.0259    -7.30  0    cut
 310  sn06aj        Ic-broad   0.6823   1.91   0.2729   0.0350    -1.50  0    cut
 311  sn96cb        IIb        0.7297   1.90   0.2049   0.0232     7.00  0    cut
 312  sn97dq        Ic-norm    0.7541   1.90   0.2499   0.0416    26.90  1    cut
 313  sn96cb        IIb        0.7297   1.90   0.2049   0.0232     7.00  0    cut
 314  sn05bf        Ib-pec     0.7378   1.89   0.2041   0.0241    -0.70  0    cut
 315  sn06gz        Ia-pec     0.7473   1.88   0.2324   0.0161    -9.30  0    cut
 316  kcSB6         Gal        0.9802   1.88   1.2509   0.0479   -99.90  2    cut
 317  sn97dq        Ic-norm    0.7527   1.88   0.2392   0.0422    21.90  1    cut
 318  sn90K         IIL        0.7175   1.88   0.2319   0.0079   202.60  1    cut
 319  lbv01ac       LBV        0.9003   1.87   0.1542   0.0277   -99.90  2    cut
 320  sn93J         IIb        0.7893   1.86   0.0365   0.0229     3.40  0    cut
 321  sn04aw        Ic-norm    0.6999   1.86   0.2317   0.0308     0.80  0    cut
 322  sn02ap        Ic-broad   0.6214   1.86   0.2334   0.0369     6.50  0    cut
 323  sn02ap        Ic-broad   0.8813   1.86   0.2116   0.0292     2.70  0    cut
 324  kcSb          Gal        0.9802   1.86   0.1760   0.0319   -99.90  2    cut
 325  sn05hk        Ia-pec     0.6255   1.85   0.2156   0.0271    -6.30  0    cut
 326  sn06aj        Ic-broad   0.8691   1.85  -0.0094   0.0000    -2.10  0    cut
 327  sn94I         Ic-norm    0.7053   1.84   0.2379   0.0382    -5.70  0    cut
 328  sn97ef        Ic-broad   0.6999   1.84   0.2671   0.0425    -5.10  0    cut
 329  lbv03hy       LBV        0.6959   1.84   0.0315   0.0266   -99.90  2    cut
 330  sn02ap        Ic-broad   0.6999   1.84   0.2566   0.0422     0.60  0    cut
 331  sn97dq        Ic-norm    0.7487   1.84   0.2352   0.0433    17.90  1    cut
 332  sn05bf        Ib-pec     0.7432   1.83   0.2090   0.0263     3.20  0    cut
 333  sn01el        Ia-norm    0.6525   1.83   0.2379   0.0238    -3.70  0    cut
 334  sn98S         IIn        0.6810   1.83   0.2050   0.0149     1.80  0    cut
 335  lbv03hy       LBV        0.6972   1.82   0.0301   0.0288   -99.90  2    cut
 336  sn99by        Ia-91bg    0.6999   1.82   0.2218   0.0391    -3.90  0    cut
 337  kcSB4         Gal        0.9802   1.82   1.2563   0.0485   -99.90  2    cut
 338  sn93J         IIb        0.7757   1.82   0.0361   0.0230     6.60  0    cut
 339  sn00cx        Ia-pec     0.8678   1.82   0.2221   0.0226     5.60  0    cut
 340  sn99by        Ia-91bg    0.6024   1.81   0.2231   0.0375    -4.80  0    cut
 341  kcSB5         Gal        0.9802   1.81   1.2501   0.0498   -99.90  2    cut
 342  sn93J         IIb        0.8096   1.81   0.0346   0.0219     3.80  0    cut
 343  mstar         M-star     0.8204   1.80   0.2366   0.0101    10.00  2    cut
 344  sn90K         IIL        0.6701   1.80   0.2303   0.0098    76.40  1    cut
 345  sn05bf        Ib-pec     0.7419   1.80   0.2077   0.0254    -7.60  0    cut
 346  sn04aw        Ic-norm    0.8894   1.79   0.2233   0.0304    -0.20  0    cut
 347  sn00cx        Ia-pec     0.6498   1.78   0.2389   0.0298    -3.40  0    cut
 348  sn99gi        IIP        0.6918   1.78   0.2337   0.0351    -7.10  0    cut
 349  sn90K         IIL        0.5754   1.78   0.2313   0.0264    50.50  1    cut
 350  sn91N         Ic-norm    0.8123   1.77   0.0931   0.0301     6.60  1    cut
 351  sn80K         IIL        0.5280   1.76   0.0409   0.0245     7.00  0    cut
 352  sn94I         Ic-norm    0.7094   1.76   0.2318   0.0467     2.10  0    cut
 353  sn97dq        Ic-norm    0.6972   1.76   0.2237   0.0434     0.00  1    cut
 354  kcSB3         Gal        0.9802   1.76   1.2510   0.0493   -99.90  2    cut
 355  sn91A         Ic-norm    0.6065   1.76   0.2272   0.0320     0.00  1    cut
 356  sn98S         IIn        0.6877   1.75   0.2036   0.0148     2.70  0    cut
 357  sn05bf        Ib-pec     0.7405   1.75   0.2073   0.0270     2.20  0    cut
 358  sn93J         IIb        0.9341   1.73   0.0764   0.0365    -2.00  0    cut
 359  sn97dq        Ic-norm    0.7473   1.73   0.2299   0.0442    14.90  1    cut
 360  sn05hk        Ia-pec     0.6282   1.73   0.0673   0.0381     3.60  0    cut
 361  sn97ei        Ic-norm    0.7771   1.73   0.0467   0.0267    10.90  1    cut
 362  sn93ac        Ia-norm    0.9490   1.73   0.2054   0.0289     6.90  0    cut
 363  sn06aj        Ic-broad   0.5551   1.72   0.2643   0.0351     1.80  0    cut
 364  sn90B         Ic-norm    0.4319   1.72   0.2490   0.0299     5.00  0    cut
 365  sn97br        Ia-91T     0.7338   1.71   0.0752   0.0295    -8.00  0    cut
 366  sn06aj        Ic-broad   0.7121   1.70   0.2740   0.0371    -3.40  0    cut
 367  sn94I         Ic-norm    0.7960   1.68   0.2277   0.0509    -0.10  0    cut
 368  sn00H         IIb        0.6959   1.68   0.2208   0.0429     6.70  0    cut
 369  sn98S         IIn        0.6810   1.67   0.2059   0.0131     0.90  0    cut
 370  lbv03hy       LBV        0.6945   1.67   0.1889   0.0199   -99.90  2    cut
 371  sn97dq        Ic-norm    0.4549   1.66   0.0538   0.0326    42.80  1    cut
 372  mstar         M-star     0.8218   1.66   0.2375   0.0123     2.00  2    cut
 373  sn93J         IIb        0.9314   1.65   0.0768   0.0370    -3.00  0    cut
 374  sn97dd        IIb        0.8353   1.65   0.2032   0.0314     0.00  1    cut
 375  sn86G         Ia-91bg    0.6539   1.63   0.2258   0.0420    -1.90  0    cut
 376  sn86G         Ia-91bg    0.6566   1.63   0.2252   0.0420    -0.90  0    cut
 377  lbv03hy       LBV        0.6959   1.63   0.1910   0.0191   -99.90  2    cut
 378  sn04aw        Ic-norm    0.6999   1.63   0.2321   0.0369     1.60  0    cut
 379  sn83V         Ic-norm    0.7189   1.63   0.2472   0.0274    -9.00  0    cut
 380  sn94T         Ia-norm    0.5510   1.63   0.2225   0.0248     1.20  0    cut
 381  kcSc          Gal        0.9382   1.63   1.2576   0.0523   -99.90  2    cut
 382  sn93J         IIb        0.9328   1.63   0.0755   0.0372    -4.00  0    cut
 383  sn00cx        Ia-pec     0.8691   1.62   0.2217   0.0243     6.50  0    cut
 384  sn93J         IIb        0.8191   1.62   0.0330   0.0208     5.50  0    cut
 385  sn03fg        Ia-pec     0.9111   1.62   0.1881   0.0356     2.00  0    cut
 386  sn93J         IIb        0.7906   1.61   0.0865   0.0322    -5.00  0    cut
 387  sn97ef        Ic-broad   0.6986   1.60   0.2653   0.0465    -6.10  0    cut
 388  sn99dn        Ib-norm    0.7757   1.60   0.2278   0.0327     0.00  1    cut
 389  sn04aw        Ic-norm    0.7798   1.60   0.2263   0.0819     3.10  0    cut
 390  sn83V         Ic-norm    0.7256   1.60   0.2368   0.0393    -7.00  0    cut
 391  sn91A         Ic-norm    0.5564   1.59   0.0500   0.0385    61.40  1    cut
 392  sn97ef        Ic-broad   0.6972   1.59   0.2764   0.0475    -9.10  0    cut
 393  mstar         M-star     0.8191   1.59   0.5751   0.0109     6.00  2    cut
 394  sn04aw        Ic-norm    0.9098   1.59   0.2278   0.0333    -1.70  0    cut
 395  agn           AGN        0.9802   1.59   1.1988   0.0000   -99.90  2    cut
 396  sn97cy        IIn        0.9802   1.59   0.2799   0.0092   196.10  1    cut
 397  sn04aw        Ic-norm    0.8367   1.58   0.2184   0.0332     5.30  0    cut
 398  sn97ei        Ic-norm    0.6187   1.58   0.4792   0.0137     0.00  1    cut
 399  sn04aw        Ic-norm    0.7771   1.57   0.2216   0.0420     2.60  0    cut
 400  sn97ef        Ic-broad   0.6986   1.56   0.2801   0.0484   -10.10  0    cut
 401  sn86G         Ia-91bg    0.6552   1.56   0.2218   0.0437     0.10  0    cut
 402  sn02cx        Ia-pec     0.6931   1.55   0.0726   0.0298    -5.30  0    cut
 403  sn91bg        Ia-91bg    0.7866   1.54   0.2166   0.0466     1.50  0    cut
 404  sn86G         Ia-91bg    0.6552   1.53   0.2233   0.0442     1.10  0    cut
 405  sn88L         Ib-norm    0.6945   1.53   0.7603   0.0306     0.00  1    cut
 406  sn02ap        Ic-broad   0.8529   1.52   0.1045   0.0276     4.70  0    cut
 407  sn94I         Ic-norm    0.7080   1.52   0.2292   0.0512     1.10  0    cut
 408  sn06bp        IIP        0.6566   1.51   0.2179   0.0294    -4.60  0    cut
 409  sn99by        Ia-91bg    0.7026   1.51   0.2484   0.0478     7.10  0    cut
 410  sn91N         Ic-norm    0.8935   1.50   0.0877   0.0361    27.90  1    cut
 411  sn97cn        Ia-91bg    0.7243   1.50   0.2145   0.0268     3.90  0    cut
 412  sn99di        Ib-norm    0.5848   1.50   0.5629   0.0289    30.50  1    cut
 413  lbv03hy       LBV        0.6931   1.50   0.2054   0.0175   -99.90  2    cut
 414  sn94I         Ic-norm    0.7080   1.49   0.2312   0.0487    -2.70  0    cut
 415  sn91A         Ic-norm    0.6715   1.48   0.0502   0.0275    47.50  1    cut
 416  sn02ap        Ic-broad   0.6945   1.48   0.2569   0.0494    -0.40  0    cut
 417  sn97dq        Ic-norm    0.8258   1.48   0.2772   0.0304   222.20  1    cut
 418  lbv03hy       LBV        0.6959   1.47   0.2090   0.0183   -99.90  2    cut
 419  sn93J         IIb        0.6959   1.47   0.2462   0.0454     2.70  0    cut
 420  sn95F         Ic-norm    0.8542   1.46   0.0931   0.0307    56.70  1    cut
 421  sn99by        Ia-91bg    0.8231   1.45   0.2112   0.0329     3.10  0    cut
 422  sn99by        Ia-91bg    0.7026   1.45   0.2504   0.0492     6.10  0    cut
 423  sn97cy        IIn        0.8827   1.45   0.2318   0.0083   377.70  1    cut
 424  mstar         M-star     0.8218   1.45   0.2377   0.0124     3.00  2    cut
 425  sn93J         IIb        0.7974   1.45   0.2144   0.0524    -1.60  0    cut
 426  sn96cb        IIb        0.7283   1.44   0.2050   0.0304    -2.10  0    cut
 427  sn99em        IIP        0.7622   1.44   0.2520   0.0230     6.40  0    cut
 428  sn83V         Ic-norm    0.6146   1.44   0.2399   0.0314    -4.00  0    cut
 429  sn99by        Ia-91bg    0.7013   1.43   0.2508   0.0495     5.20  0    cut
 430  mstar         M-star     0.8191   1.43   0.1838   0.0154     0.00  2    cut
 431  sn99by        Ia-91bg    0.7013   1.43   0.2184   0.0495     4.10  0    cut
 432  kcSa          Gal        0.9802   1.43   0.0674   0.1221   -99.90  2    cut
 433  sn05hk        Ia-pec     0.4996   1.42   0.5300   0.0300    -4.20  0    cut
 434  sn91bg        Ia-91bg    0.7243   1.42   0.2132   0.0407     2.70  0    cut
 435  sn99em        IIP        0.6796   1.41   0.0482   0.0292     5.60  0    cut
 436  sn93J         IIb        0.7067   1.41   0.0344   0.0223     4.60  0    cut
 437  sn04aw        Ic-norm    0.7757   1.41   0.2282   0.0495     3.60  0    cut
 438  sn91A         Ic-norm    0.4833   1.40   0.2807   0.0259   128.30  1    cut
 439  sn91A         Ic-norm    0.6593   1.40   0.2863   0.0285    65.10  1    cut
 440  sn98S         IIn        0.5808   1.39   0.2285   0.0081     1.90  0    cut
 441  sn98dt        Ib-norm    0.6986   1.39   0.2335   0.0300     0.90  0    cut
 442  sn97ef        Ic-broad   0.6945   1.38   0.2807   0.0540   -11.00  0    cut
 443  sn94I         Ic-norm    0.7040   1.38   0.2301   0.0500    -3.80  0    cut
 444  sn91ar        Ib-norm    0.4860   1.37   0.0435   0.0268    15.80  1    cut
 445  sn95F         Ic-norm    0.8542   1.37   0.0924   0.0330    35.60  1    cut
 446  sn90aa        Ic-norm    0.7270   1.36   0.2791   0.0332   116.10  1    cut
 447  sn99di        Ib-norm    0.7026   1.36   0.2164   0.0342     0.00  1    cut
 448  sn98dt        Ib-norm    0.6999   1.35   0.2335   0.0318     0.00  0    cut
 449  sn90K         IIL        0.5320   1.35   0.2584   0.0832   139.00  1    cut
 450  sn98dt        Ib-norm    0.6959   1.35   0.2333   0.0363     6.80  0    cut
 451  sn99dn        Ib-norm    0.6959   1.35   0.2187   0.0167    27.70  1    cut
 452  kcSB1         Gal        0.9802   1.34   0.1353   0.0588   -99.90  2    cut
 453  sn97ef        Ic-broad   0.6999   1.34   0.2828   0.0577   -11.90  0    cut
 454  sn91N         Ic-norm    0.9382   1.33   0.0915   0.0392     0.00  1    cut
 455  sn98S         IIn        0.8461   1.33   0.1466   0.0234    -1.50  0    cut
 456  kcSB2         Gal        0.9802   1.33   1.2547   0.0616   -99.90  2    cut
 457  sn91A         Ic-norm    0.6593   1.32   0.0490   0.0258    10.90  1    cut
 458  sn99em        IIP        0.6891   1.32   0.2501   0.0225     6.60  0    cut
 459  sn93J         IIb        0.7839   1.31   0.0384   0.0283     1.40  0    cut
 460  sn91N         Ic-norm    0.8123   1.31   0.0964   0.0386     7.60  1    cut
 461  sn02ap        Ic-broad   0.6200   1.30   0.2542   0.0531     1.50  0    cut
 462  mstar         M-star     0.8191   1.28   0.5755   0.0097     9.00  2    cut
 463  sn02ap        Ic-broad   0.6214   1.25   0.2686   0.0576    -4.50  0    cut
 464  mstar         M-star     0.8177   1.25   0.2384   0.0168     1.00  2    cut
 465  sn97cy        IIn        0.8502   1.24   0.2348   0.0085   174.50  1    cut
 466  sn02ap        Ic-broad   0.6945   1.24   0.2608   0.0548    -1.40  0    cut
 467  sn83V         Ic-norm    0.6187   1.24   0.2161   0.0328     4.00  0    cut
 468  sn90aa        Ic-norm    0.7270   1.24   0.2836   0.0631    61.50  1    cut
 469  mstar         M-star     0.8191   1.23   0.2363   0.0199     4.00  2    cut
 470  mstar         M-star     0.8204   1.23   0.2378   0.0105     8.00  2    cut
 471  sn91A         Ic-norm    0.6227   1.23   0.0484   0.0225    16.80  1    cut
 472  sn02ap        Ic-broad   0.8299   1.22   0.2738   0.0591    -2.40  0    cut
 473  lbv03hy       LBV        0.6945   1.21   0.3510   0.0195   -99.90  2    cut
 474  sn90K         IIL        0.6119   1.21   0.2761   0.0192   136.20  1    cut
 475  sn95F         Ic-norm    0.8542   1.21   0.0887   0.0433    28.90  1    cut
 476  sn83N         Ib-norm    0.5591   1.21   0.0533   0.0373     4.00  0    cut
 477  sn02ap        Ic-broad   0.6160   1.17   0.0846   0.0488    -5.50  0    cut
 478  sn87A         II-pec     0.5767   1.16   0.4298   0.0485    -4.70  0    cut
 479  sn87A         II-pec     0.5740   1.16   0.4294   0.0511    -8.70  0    cut
 480  sn05bf        Ib-pec     0.6065   1.16   0.2179   0.0597    -0.90  0    cut
 481  sn87A         II-pec     0.5740   1.16   0.4300   0.0517     1.30  0    cut
 482  sn87A         II-pec     0.5767   1.13   0.4299   0.0500    -2.70  0    cut
 483  sn99di        Ib-norm    0.7013   1.13   0.2140   0.0261    23.60  1    cut
 484  sn97cy        IIn        0.8827   1.13   0.2699   0.0115   125.30  1    cut
 485  mstar         M-star     0.8204   1.12   0.0844   0.0360     5.00  2    cut
 486  sn88L         Ib-norm    0.6458   1.12   0.1103   0.0279    47.70  1    cut
 487  mstar         M-star     0.8204   1.11   0.1571   0.0309     7.00  2    cut
 488  sn97cy        IIn        0.8840   1.11   0.2347   0.0121    57.20  1    cut
 489  sn93J         IIb        0.7338   1.11   0.0891   0.0335     3.70  0    cut
 490  sn97cy        IIn        0.8827   1.11   0.2359   0.0107   116.80  1    cut
 491  sn98dt        Ib-norm    0.7013   1.10   0.2339   0.0388     3.90  0    cut
 492  sn97dc        Ib-norm    0.6972   1.09   0.1575   0.0164     0.00  1    cut
 493  sn05hk        Ia-pec     0.4968   1.09   0.3184   0.0149    -3.40  0    cut
 494  sn90B         Ic-norm    0.5997   1.08   0.0530   0.0303     4.00  0    cut
 495  sn06bp        IIP        0.7392   1.08   0.2612   0.0395     4.20  0    cut
 496  sn97cy        IIn        0.8827   1.08   0.3087   0.0083   226.10  1    cut
 497  sn97ef        Ic-broad   0.8691   1.08   0.2803   0.0494    -5.00  0    cut
 498  sn05cs        IIP        0.7405   1.07   0.2431   0.0115     7.10  0    cut
 499  sn91N         Ic-norm    0.9368   1.06   0.0922   0.0407    12.00  1    cut
 500  sn95F         Ic-norm    0.8258   1.05   0.1007   0.0421    88.60  1    cut
 501  sn92ar        Ic-norm    0.6173   1.05   0.2023   0.0367     3.40  0    cut
 502  sn97cy        IIn        0.8827   0.99   0.2743   0.0153     0.00  1    cut
 503  sn06bp        IIP        0.7392   0.98   0.2614   0.0410     3.30  0    cut
 504  sn06bp        IIP        0.6566   0.97   0.4168   0.0315    -1.70  0    cut
 505  sn90B         Ic-norm    0.4346   0.97   0.0489   0.0305     5.90  0    cut
 506  sn97cy        IIn        0.8813   0.97   0.2355   0.0107    71.30  1    cut
 507  sn05cs        IIP        0.7446   0.96   0.2429   0.0123     5.00  0    cut
 508  sn93J         IIb        0.8150   0.96   0.2612   0.0677    -2.40  0    cut
 509  sn90B         Ic-norm    0.4346   0.95   0.0487   0.0308     6.00  0    cut
 510  sn97cy        IIn        0.8827   0.94   0.2446   0.0137    14.10  1    cut
 511  sn90B         Ic-norm    0.4346   0.90   0.0506   0.0319     7.00  0    cut
 512  sn98T         Ib-norm    0.6187   0.90   0.5589   0.0347     0.00  1    cut
 513  sn06bp        IIP        0.7080   0.88   0.2594   0.0499     7.20  0    cut
 514  sn99em        IIP        0.9436   0.88   0.2921   0.0612    -3.70  0    cut
 515  sn05cs        IIP        0.7419   0.86   0.2433   0.0128     4.00  0    cut
 516  sn91ar        Ib-norm    0.6783   0.86   0.1134   0.0233    27.40  1    cut
 517  sn91ar        Ib-norm    0.5348   0.86   0.2194   0.0516     0.00  1    cut
 518  sn99gi        IIP        0.6837   0.82   0.3932   0.0482    -5.00  0    cut
 519  sn93J         IIb        0.5848   0.80   0.2631   0.0524   -10.50  0    cut
 520  sn99em        IIP        0.7568   0.79   0.2531   0.0207     5.40  0    cut
 521  sn06bp        IIP        0.6661   0.78   0.0598   0.0363     2.10  0    cut
 522  sn99em        IIP        0.7459   0.78   0.2543   0.0248     0.40  0    cut
 523  sn05cs        IIP        0.7392   0.76   0.0749   0.0197    -1.90  0    cut
 524  sn99em        IIP        0.6918   0.76   0.2570   0.0320    -1.60  0    cut
 525  sn05cs        IIP        0.7432   0.74   0.2431   0.0142     3.10  0    cut
 526  sn99gi        IIP        0.6864   0.73   0.3880   0.0374    -4.00  0    cut
 527  sn06bp        IIP        0.6552   0.72   0.6166   0.0545     0.10  0    cut
 528  sn06aj        Ic-broad   0.9341   0.71   1.1988   0.0000     2.80  0    cut
 529  sn99em        IIP        0.8800   0.71   0.2509   0.0568     6.20  0    cut
 530  sn99em        IIP        0.6864   0.71   0.3865   0.0336    -3.60  0    cut
 531  sn05cs        IIP        0.7432   0.69   0.2432   0.0143     1.00  0    cut
 532  sn99em        IIP        0.8786   0.68  -0.0094   0.0000     0.20  0    cut
 533  sn04et        IIP        0.7432   0.65   0.2534   0.0410     6.20  0    cut
 534  sn05cs        IIP        0.7432   0.63   0.2432   0.0156     2.10  0    cut
 535  sn99em        IIP        0.7527   0.62   0.2550   0.0347    -0.60  0    cut
 536  sn04et        IIP        0.7351   0.60   0.2533   0.0653     2.00  0    cut
 537  sn99em        IIP        0.6918   0.60   0.3858   0.0313    -2.60  0    cut
 538  sn04et        IIP        0.7297   0.59  -0.0094   0.0000    -1.90  0    cut
 539  sn04et        IIP        0.7365   0.57  -0.0094   0.0000    -2.90  0    cut
 540  sn99em        IIP        0.7446   0.57   0.2540   0.0200     1.40  0    cut
 541  sn04et        IIP        0.7365   0.56   0.2524   0.0567     1.00  0    cut
 542  sn04et        IIP        0.7432   0.55   0.2530   0.0776     4.00  0    cut
 543  sn05cs        IIP        0.7419   0.54   0.0734   0.0200    -0.80  0    cut
 544  sn05cs        IIP        0.7378   0.52   0.3890   0.0354     0.10  0    cut
 545  sn91N         Ic-norm    0.9477   0.52   0.2791   0.0401   250.20  1    cut
 546  sn99em        IIP        0.7974   0.47  -0.0094   0.0000     2.40  0    cut
 547  sn97cy        IIn        0.9653   0.43   1.0371   0.0849    29.40  1    cut
 548  sn04et        IIP        0.7392   0.42  -0.0094   0.0000    -0.90  0    cut
