### SNID output file ###
 
### input spectrum and options ###
# Input spectrum                 : 20106_6.10.dat
# Parameter file                 : NA
# Wavelength range               :    4250.00  10000.00
# Mask file                      : NA
# Median filtering width [A]     : NA
# Median filtering width [pix]   :       1.00
# Clip emission redshift         :     0.3314
# Clip sky lines                 : 0
# Emission clip width [A]        :       0.33
# Keep A-band                    : 1
# Age range                      :      -3.90     16.10
# Delta range                    :      -9.99     99.90
# Min. number of spectra/template:   1
# Use only templates             : NA
# Use only types                 : NA
# Avoid templates                : NA
# Avoid types                    : NA
# rlapmin                        :       5.00
# Redshift range                 :    -0.0100    1.2000
# Forced initial redshift        :     0.3314
# Extra fake redshift            : NA
# Nsigma for initial redshift    : NA
# Redshift filter                :     0.0200
# Wavenumbers k1,k2,k3,k4        :     1    4   85  102
# Template directory             : /Users/daniel/snid-5.0/templates/
 
### initial/user-input redshift ###
zinit       0.0000
zuser       0.3314
 
### median redshift/age and error ###
zmed        0.3451    0.0020
agem          2.90      2.39
 
### type fraction/redshift/age ###
#type ntemp fraction slope redshift redshift_error age age_error
Ia             13      1.00    0.0000    0.3451    0.0020     2.900     2.395
Ia-norm        13      1.00    0.0000    0.3451    0.0020     2.900     2.395
Ia-91T          0      0.00    0.0000    0.0000    0.0000     0.000     0.000
Ia-91bg         0      0.00    0.0000    0.0000    0.0000     0.000     0.000
Ia-csm          0      0.00    0.0000    0.0000    0.0000     0.000     0.000
Ia-pec          0      0.00    0.0000    0.0000    0.0000     0.000     0.000
###
Ib              0      0.00    0.0000    0.0000    0.0000     0.000     0.000
Ib-norm         0      0.00    0.0000    0.0000    0.0000     0.000     0.000
Ib-pec          0      0.00    0.0000    0.0000    0.0000     0.000     0.000
IIb             0      0.00    0.0000    0.0000    0.0000     0.000     0.000
###
Ic              0      0.00    0.0000    0.0000    0.0000     0.000     0.000
Ic-norm         0      0.00    0.0000    0.0000    0.0000     0.000     0.000
Ic-pec          0      0.00    0.0000    0.0000    0.0000     0.000     0.000
Ic-broad        0      0.00    0.0000    0.0000    0.0000     0.000     0.000
###
II              0      0.00    0.0000    0.0000    0.0000     0.000     0.000
IIP             0      0.00    0.0000    0.0000    0.0000     0.000     0.000
II-pec          0      0.00    0.0000    0.0000    0.0000     0.000     0.000
IIn             0      0.00    0.0000    0.0000    0.0000     0.000     0.000
IIL             0      0.00    0.0000    0.0000    0.0000     0.000     0.000
###
NotSN           0      0.00    0.0000    0.0000    0.0000     0.000     0.000
AGN             0      0.00    0.0000    0.0000    0.0000     0.000     0.000
Gal             0      0.00    0.0000    0.0000    0.0000     0.000     0.000
LBV             0      0.00    0.0000    0.0000    0.0000     0.000     0.000
M-star          0      0.00    0.0000    0.0000    0.0000     0.000     0.000
 
### rlap-ordered template listings ###
#no. sn type lap rlap z zerr age age_flag grade
   1  sn02er        Ia-norm    0.7730   7.02   0.3487   0.0090    -0.50  0   good
   2  sn81B         Ia-norm    0.8515   6.66   0.3606   0.0095    -0.90  0    bad
   3  sn81B         Ia-norm    0.8515   6.63   0.3605   0.0098     0.00  0    bad
   4  sn94ae        Ia-norm    0.6512   6.47   0.3476   0.0098     3.30  0   good
   5  sn02bo        Ia-norm    0.8177   6.45   0.3563   0.0098    -1.40  0    bad
   6  sn94ae        Ia-norm    0.6783   6.19   0.3458   0.0102     4.40  0   good
   7  sn95D         Ia-norm    0.6904   6.16   0.3435   0.0102     4.20  0   good
   8  sn02bo        Ia-norm    0.7541   6.07   0.3563   0.0103    -1.50  0    bad
   9  sn02bo        Ia-norm    0.7906   6.02   0.3533   0.0103    -0.30  0    bad
  10  sn91M         Ia-norm    0.7216   5.89   0.3527   0.0103     2.70  0    bad
  11  sn92A         Ia-norm    0.6837   5.85   0.3620   0.0105    -0.60  0    bad
  12  sn94ae        Ia-norm    0.6864   5.81   0.3446   0.0107     6.40  0   good
  13  sn02er        Ia-norm    0.8515   5.77   0.3557   0.0106    -2.50  0    bad
  14  sn02er        Ia-norm    0.8461   5.77   0.3530   0.0107    -1.50  0    bad
  15  sn02bo        Ia-norm    0.7500   5.70   0.3600   0.0110    -3.40  0    bad
  16  sn02er        Ia-norm    0.7947   5.69   0.3518   0.0103    -3.50  0    bad
  17  sn02bo        Ia-norm    0.7635   5.60   0.3587   0.0111    -2.50  0    bad
  18  sn96X         Ia-norm    0.8515   5.55   0.3455   0.0109     0.90  0   good
  19  sn94ae        Ia-norm    0.6918   5.53   0.3450   0.0112     3.30  0   good
  20  sn95E         Ia-norm    0.6498   5.51   0.3519   0.0108     0.10  0    bad
  21  sn92A         Ia-norm    0.6850   5.43   0.3573   0.0109     3.30  0    bad
  22  sn94ae        Ia-norm    0.6647   5.40   0.3451   0.0114     2.30  0   good
  23  sn96X         Ia-norm    0.8515   5.33   0.3449   0.0114     1.90  0   good
  24  sn94D         Ia-norm    0.7825   5.32   0.3478   0.0113    -1.80  0   good
  25  sn03du        Ia-norm    0.8367   5.24   0.3424   0.0115     5.00  0   good
  26  sn92A         Ia-norm    0.7811   5.17   0.3601   0.0116    -0.40  0    bad
  27  sn89B         Ia-norm    0.8515   5.11   0.3463   0.0124    -0.50  0   good
  28  sn94D         Ia-norm    0.7852   5.09   0.3419   0.0114     2.90  0   good
#--- rlap cutoff
  29  sn90N         Ia-norm    0.8515   4.93   0.3432   0.0121     4.90  0    cut
  30  sn95D         Ia-norm    0.7297   4.91   0.3393   0.0122     6.10  0    cut
  31  sn94ae        Ia-norm    0.7351   4.89   0.3511   0.0125     1.30  0    cut
  32  sn95D         Ia-norm    0.7351   4.89   0.3390   0.0125     8.10  0    cut
  33  sn02bo        Ia-norm    0.7622   4.88   0.3579   0.0123    -1.20  0    cut
  34  sn99ee        Ia-norm    0.8285   4.79   0.3506   0.0126     2.20  0    cut
  35  sn99ee        Ia-norm    0.8272   4.76   0.3532   0.0129     0.30  0    cut
  36  sn89B         Ia-norm    0.6498   4.76   0.3388   0.0116     3.50  0    cut
  37  sn94D         Ia-norm    0.7040   4.70   0.3522   0.0123    -2.60  0    cut
  38  sn94D         Ia-norm    0.7717   4.70   0.3456   0.0126     2.20  0    cut
  39  sn03du        Ia-norm    0.7649   4.65   0.3435   0.0133     0.80  0    cut
  40  sn03du        Ia-norm    0.7635   4.60   0.3447   0.0135     1.90  0    cut
  41  sn92A         Ia-norm    0.7825   4.58   0.3552   0.0127     2.40  0    cut
  42  sn94D         Ia-norm    0.7026   4.56   0.3513   0.0126    -3.60  0    cut
  43  sn03du        Ia-norm    0.7811   4.52   0.3437   0.0135    -1.10  0    cut
  44  sn03du        Ia-norm    0.7649   4.50   0.3441   0.0137    -0.20  0    cut
  45  sn96X         Ia-norm    0.7270   4.49   0.3503   0.0122     0.00  0    cut
  46  sn96X         Ia-norm    0.7283   4.46   0.3491   0.0122     1.00  0    cut
  47  sn96X         Ia-norm    0.7270   4.45   0.3479   0.0125     2.90  0    cut
  48  sn03du        Ia-norm    0.7649   4.45   0.3406   0.0137     3.90  0    cut
  49  sn96X         Ia-norm    0.7270   4.44   0.3478   0.0120     1.90  0    cut
  50  sn94D         Ia-norm    0.7013   4.43   0.3495   0.0130     0.40  0    cut
  51  sn03du        Ia-norm    0.6972   4.39   0.3518   0.0136     2.20  0    cut
  52  sn99ac        Ia-91T     0.7811   4.39   0.3514   0.0140     0.80  0    cut
  53  sn96X         Ia-norm    0.7270   4.36   0.3497   0.0124    -2.00  0    cut
  54  sn03du        Ia-norm    0.7229   4.34   0.3426   0.0134     7.90  0    cut
  55  sn96X         Ia-norm    0.6864   4.33   0.3543   0.0123    -0.90  0    cut
  56  sn98aq        Ia-norm    0.6837   4.31   0.3535   0.0137     0.00  0    cut
  57  sn03du        Ia-norm    0.6999   4.31   0.3500   0.0137     3.10  0    cut
  58  sn89B         Ia-norm    0.6471   4.29   0.3404   0.0123     5.50  0    cut
  59  sn98aq        Ia-norm    0.6931   4.24   0.3513   0.0138     0.90  0    cut
  60  sn98aq        Ia-norm    0.6959   4.24   0.3501   0.0138     1.90  0    cut
  61  sn02er        Ia-norm    0.8515   4.24   0.3511   0.0144     3.40  0    cut
  62  sn03cg        Ia-norm    0.7608   4.22   0.3437   0.0134     4.50  0    cut
  63  sn96X         Ia-norm    0.7270   4.22   0.3501   0.0125    -3.00  0    cut
  64  sn96C         Ia-norm    0.7649   4.22   0.3392   0.0138     8.30  0    cut
  65  sn03du        Ia-norm    0.8434   4.20   0.3492   0.0139    -3.20  0    cut
  66  sn98aq        Ia-norm    0.6959   4.19   0.3490   0.0138     2.90  0    cut
  67  sn96X         Ia-norm    0.6972   4.19   0.3527   0.0135    -1.10  0    cut
  68  sn98aq        Ia-norm    0.6959   4.18   0.3493   0.0137     3.90  0    cut
  69  sn03du        Ia-norm    0.6986   4.12   0.3554   0.0147    -0.80  0    cut
  70  sn94D         Ia-norm    0.8515   4.12   0.3513   0.0140    -3.80  0    cut
  71  sn94M         Ia-norm    0.7175   4.11   0.3612   0.0140     3.00  0    cut
  72  sn86G         Ia-91bg    0.6133   4.07   0.3541   0.0139    -2.70  0    cut
  73  sn92A         Ia-norm    0.8515   4.07   0.3639   0.0142     5.90  0    cut
  74  sn04S         Ia-norm    0.8515   4.03   0.3528   0.0144     1.70  0    cut
  75  sn92A         Ia-norm    0.7947   4.03   0.3539   0.0137     6.30  0    cut
  76  sn99aa        Ia-91T     0.8353   4.01   0.3628   0.0139     2.70  0    cut
  77  sn98bu        Ia-norm    0.6972   3.99   0.3551   0.0147    -0.70  0    cut
  78  sn99ac        Ia-91T     0.8299   3.95   0.3507   0.0152     3.10  0    cut
  79  sn98bu        Ia-norm    0.6972   3.92   0.3552   0.0148    -1.70  0    cut
  80  sn04eo        Ia-norm    0.7690   3.91   0.3424   0.0140     2.20  0    cut
  81  sn95E         Ia-norm    0.6363   3.89   0.3511   0.0151     2.00  0    cut
  82  sn98bu        Ia-norm    0.6972   3.86   0.3543   0.0151    -2.80  0    cut
  83  sn95E         Ia-norm    0.6024   3.84   0.3517   0.0148    -1.90  0    cut
  84  sn00E         Ia-norm    0.7107   3.83   0.3544   0.0152    -1.40  0    cut
  85  sn96X         Ia-norm    0.7243   3.83   0.3478   0.0137     4.90  0    cut
  86  sn02er        Ia-norm    0.8136   3.82   0.3449   0.0156     5.50  0    cut
  87  sn02bo        Ia-norm    0.6972   3.81   0.3657   0.0158    -3.10  0    cut
  88  sn02bo        Ia-norm    0.6972   3.81   0.3622   0.0158    -1.20  0    cut
  89  sn02bo        Ia-norm    0.6986   3.79   0.3639   0.0158    -2.10  0    cut
  90  sn94M         Ia-norm    0.6376   3.78   0.3628   0.0138     4.00  0    cut
  91  sn99aa        Ia-91T     0.8136   3.77   0.3580   0.0169    -0.60  0    cut
  92  sn99aw        Ia-91T     0.7960   3.76   0.3543   0.0146     0.30  0    cut
  93  sn93ac        Ia-norm    0.8515   3.75   0.3502   0.0141     6.90  0    cut
  94  sn03cg        Ia-norm    0.6931   3.75   0.3522   0.0154    -0.50  0    cut
  95  sn99aw        Ia-91T     0.7622   3.74   0.3579   0.0166     3.20  0    cut
  96  sn00E         Ia-norm    0.7148   3.73   0.3571   0.0161    -2.50  0    cut
  97  sn02bo        Ia-norm    0.8515   3.71   0.3477   0.0163     5.50  0    cut
  98  sn99ee        Ia-norm    0.7960   3.69   0.3460   0.0152     7.10  0    cut
  99  sn94ae        Ia-norm    0.8515   3.64   0.3426   0.0160     9.40  0    cut
 100  sn03du        Ia-norm    0.7283   3.63   0.3415   0.0154     8.90  0    cut
 101  sn04eo        Ia-norm    0.7067   3.60   0.3504   0.0158    -2.80  0    cut
 102  sn90N         Ia-norm    0.5794   3.59   0.3518   0.0152     2.60  0    cut
 103  sn94ae        Ia-norm    0.6986   3.46   0.3403   0.0164     9.30  0    cut
 104  sn96X         Ia-norm    0.7283   3.44   0.3467   0.0152     5.90  0    cut
 105  sn04S         Ia-norm    0.8475   3.43   0.3458   0.0156     7.50  0    cut
 106  sn98bu        Ia-norm    0.5672   3.38   0.3396   0.0132     1.20  0    cut
 107  sn86G         Ia-91bg    0.5740   3.35   0.3527   0.0161    -0.40  0    cut
 108  sn02ic        Ia-csm     0.7338   3.34   0.3363   0.0096     9.40  0    cut
 109  sn03cg        Ia-norm    0.6309   3.31   0.3565   0.0152    -2.30  0    cut
 110  sn01el        Ia-norm    0.8150   3.27   0.3523   0.0164     9.20  0    cut
 111  sn03cg        Ia-norm    0.7216   3.25   0.3442   0.0163     1.50  0    cut
 112  sn90O         Ia-norm    0.7148   3.22   0.3651   0.0177    -0.40  0    cut
 113  sn03du        Ia-norm    0.7405   3.22   0.3419   0.0169     9.80  0    cut
 114  sn02ic        Ia-csm     0.8515   3.22   0.3418   0.0134     5.60  0    cut
 115  sn98aq        Ia-norm    0.6959   3.14   0.3508   0.0174     6.90  0    cut
 116  sn03fg        Ia-pec     0.8448   3.10   0.3356   0.0131     2.00  0    cut
 117  sn99aw        Ia-91T     0.5916   3.09   0.3564   0.0137    -0.70  0    cut
 118  sn86G         Ia-91bg    0.6796   3.08   0.3524   0.0182    -3.40  0    cut
 119  sn03cg        Ia-norm    0.6295   3.05   0.3491   0.0172    -1.80  0    cut
 120  sn01el        Ia-norm    0.5903   3.05   0.3634   0.0166    -3.70  0    cut
 121  sn94M         Ia-norm    0.7243   2.98   0.3477   0.0162     7.90  0    cut
 122  sn02er        Ia-norm    0.7107   2.95   0.3504   0.0192     4.40  0    cut
 123  sn96X         Ia-norm    0.7243   2.94   0.3471   0.0175     6.90  0    cut
 124  sn02er        Ia-norm    0.6986   2.93   0.3568   0.0191     1.50  0    cut
 125  sn99ee        Ia-norm    0.8272   2.89   0.3449   0.0185    11.10  0    cut
 126  sn94M         Ia-norm    0.6769   2.88   0.3640   0.0164     5.00  0    cut
 127  sn06gz        Ia-pec     0.7432   2.84   0.3345   0.0194     7.20  0    cut
 128  sn86G         Ia-91bg    0.6810   2.82   0.3499   0.0192    -2.40  0    cut
 129  kcSB3         Gal        0.8515   2.80   0.3392   0.0048   -99.90  2    cut
 130  sn94ae        Ia-norm    0.7229   2.79   0.3400   0.0193    10.40  0    cut
 131  sn94S         Ia-norm    0.6904   2.78   0.3594   0.0220     1.40  0    cut
 132  sn89B         Ia-norm    0.6390   2.77   0.3399   0.0177     7.50  0    cut
 133  sn06gz        Ia-pec     0.7446   2.77   0.3348   0.0199     6.30  0    cut
 134  sn97dd        IIb        0.7730   2.76   0.3262   0.0198     0.00  1    cut
 135  sn92A         Ia-norm    0.6471   2.74   0.3539   0.0178     7.30  0    cut
 136  sn05gj        Ia-csm     0.6363   2.74   0.3394   0.0158    -1.80  0    cut
 137  sn95E         Ia-norm    0.6227   2.73   0.3475   0.0195     7.00  0    cut
 138  sn96X         Ia-norm    0.8515   2.68   0.3445   0.0199     7.80  0    cut
 139  sn99ac        Ia-91T     0.8475   2.67   0.3479   0.0206     9.20  0    cut
 140  kcSB6         Gal        0.8515   2.66   0.4135   0.0038   -99.90  2    cut
 141  sn03du        Ia-norm    0.7906   2.61   0.3426   0.0199    10.80  0    cut
 142  sn04dj        IIP        0.5510   2.60   0.4595   0.0067     8.00  1    cut
 143  sn06gz        Ia-pec     0.7013   2.59   0.3367   0.0153     4.30  0    cut
 144  sn95E         Ia-norm    0.8001   2.58   0.3407   0.0194    10.00  0    cut
 145  sn94S         Ia-norm    0.6877   2.56   0.3621   0.0224    -3.40  0    cut
 146  sn05hk        Ia-pec     0.7446   2.54   0.1604   0.0263    -2.40  0    cut
 147  sn91bg        Ia-91bg    0.6255   2.52   0.3467   0.0198     2.50  0    cut
 148  sn91N         Ic-norm    0.8312   2.51   0.6258   0.0108    27.90  1    cut
 149  sn91N         Ic-norm    0.8515   2.49   0.6275   0.0101    12.00  1    cut
 150  sn92A         Ia-norm    0.8515   2.49   0.3530   0.0198     8.70  0    cut
 151  sn04dj        IIP        0.5537   2.48   0.4581   0.0071    18.00  1    cut
 152  lbv99bw       LBV        0.6999   2.48   0.4124   0.0040   -99.90  2    cut
 153  sn91A         Ic-norm    0.5605   2.48   0.6281   0.0121    16.80  1    cut
 154  sn04dj        IIP        0.5537   2.45   0.4585   0.0070    17.00  1    cut
 155  sn94T         Ia-norm    0.5510   2.45   0.3414   0.0175     1.20  0    cut
 156  sn04dj        IIP        0.5537   2.45   0.4579   0.0070    20.00  1    cut
 157  sn05hk        Ia-pec     0.7392   2.45   0.1657   0.0275    -3.30  0    cut
 158  sn96X         Ia-norm    0.7283   2.44   0.3474   0.0190     7.90  0    cut
 159  kcS0          Gal        0.8515   2.44   0.3114   0.0092   -99.90  2    cut
 160  sn06gz        Ia-pec     0.7432   2.43   0.3331   0.0218     8.20  0    cut
 161  sn04dj        IIP        0.5524   2.43   0.4601   0.0073     5.00  1    cut
 162  sn86G         Ia-91bg    0.5957   2.42   0.3406   0.0162     1.60  0    cut
 163  sn04dj        IIP        0.5510   2.41   0.4601   0.0073     2.70  1    cut
 164  kcSc          Gal        0.8515   2.41   0.4130   0.0042   -99.90  2    cut
 165  sn86G         Ia-91bg    0.5916   2.40   0.3409   0.0163     0.60  0    cut
 166  kcSB5         Gal        0.8515   2.40   0.3390   0.0054   -99.90  2    cut
 167  sn98S         IIn        0.6810   2.39   0.4502   0.0099     0.90  0    cut
 168  sn00cx        Ia-pec     0.8069   2.38   0.3481   0.0216     1.60  0    cut
 169  sn04dj        IIP        0.5524   2.38   0.4611   0.0074     0.00  1    cut
 170  lbv03hy       LBV        0.6959   2.38   0.3378   0.0058   -99.90  2    cut
 171  sn98bw        Ic-broad   0.7811   2.36   0.1801   0.0240    13.70  0    cut
 172  kcSB4         Gal        0.8515   2.35   0.4130   0.0041   -99.90  2    cut
 173  sn06gz        Ia-pec     0.6485   2.34   0.3433   0.0225     7.20  0    cut
 174  sn96cb        IIb        0.7270   2.29   0.4879   0.0099    -2.10  0    cut
 175  sn92A         Ia-norm    0.8515   2.29   0.3554   0.0204     8.90  0    cut
 176  sn04eo        Ia-norm    0.8028   2.24   0.3384   0.0211     7.00  0    cut
 177  sn91T         Ia-91T     0.8515   2.24   0.3409   0.0240    -0.20  0    cut
 178  sn90aa        Ic-norm    0.6647   2.23   0.3747   0.0189   116.10  1    cut
 179  kcSa          Gal        0.8515   2.23   0.3110   0.0142   -99.90  2    cut
 180  sn99by        Ia-91bg    0.6999   2.23   0.3440   0.0271     8.10  0    cut
 181  sn05gj        Ia-csm     0.6282   2.22   0.3401   0.0161     7.70  0    cut
 182  sn91N         Ic-norm    0.8515   2.21   0.3821   0.0188   250.20  1    cut
 183  sn04et        IIP        0.7541   2.21   0.3301   0.0200     8.60  0    cut
 184  sn95F         Ic-norm    0.7920   2.21   0.3521   0.0279    56.70  1    cut
 185  sn06aj        Ic-broad   0.8163   2.20   0.2145   0.0122    -2.10  0    cut
 186  lbv03hy       LBV        0.6931   2.20   0.8985   0.0056   -99.90  2    cut
 187  sn98S         IIn        0.6810   2.19   0.4507   0.0105     1.80  0    cut
 188  sn06gz        Ia-pec     0.7419   2.18   0.3320   0.0230     9.20  0    cut
 189  sn04dj        IIP        0.5537   2.18   0.4569   0.0076    36.00  1    cut
 190  sn99em        IIP        0.8177   2.15   0.3327   0.0191     6.20  0    cut
 191  lbv03hy       LBV        0.6959   2.15   1.1297   0.0055   -99.90  2    cut
 192  sn80K         IIL        0.5618   2.14   0.3986   0.0252    11.00  0    cut
 193  sn97br        Ia-91T     0.7974   2.14   0.3435   0.0240     7.80  0    cut
 194  sn95D         Ia-norm    0.6552   2.14   0.3454   0.0224    10.10  0    cut
 195  sn04et        IIP        0.7311   2.12   0.3271   0.0205    14.50  0    cut
 196  mstar         M-star     0.7595   2.12   0.5071   0.0124     3.00  2    cut
 197  sn94ae        Ia-norm    0.6823   2.12   0.3442   0.0224    11.30  0    cut
 198  sn05hk        Ia-pec     0.7459   2.12   0.1604   0.0298    -1.40  0    cut
 199  sn05gj        Ia-csm     0.6255   2.11   0.3400   0.0182    10.40  0    cut
 200  sn97dq        Ic-norm    0.7635   2.11   0.3753   0.0254   222.20  1    cut
 201  sn05cs        IIP        0.7378   2.11   0.9756   0.0099     0.10  0    cut
 202  mstar         M-star     0.7568   2.09   0.5096   0.0139     4.00  2    cut
 203  sn96cb        IIb        0.7270   2.09   0.4896   0.0117     7.00  0    cut
 204  sn96cb        IIb        0.7270   2.09   0.4896   0.0117     7.00  0    cut
 205  sn98S         IIn        0.6877   2.08   0.4511   0.0101     2.70  0    cut
 206  sn91A         Ic-norm    0.5970   2.08   0.6316   0.0151    10.90  1    cut
 207  lbv03hy       LBV        0.6945   2.08   0.3387   0.0075   -99.90  2    cut
 208  sn96cb        IIb        0.7283   2.07   0.4882   0.0112     0.90  0    cut
 209  sn03cg        Ia-norm    0.7080   2.07   0.3455   0.0242     7.40  0    cut
 210  sn97ef        Ic-broad   0.5645   2.07   0.3529   0.0271     6.80  0    cut
 211  sn98S         IIn        0.7839   2.07   0.9622   0.0094    -1.50  0    cut
 212  sn99by        Ia-91bg    0.7013   2.07   0.3440   0.0286     7.10  0    cut
 213  sn99by        Ia-91bg    0.7608   2.06   0.3450   0.0237    -2.80  0    cut
 214  sn93J         IIb        0.8515   2.05   0.3406   0.0194    -2.00  0    cut
 215  sn91ar        Ib-norm    0.6160   2.05   0.3591   0.0128    27.40  1    cut
 216  sn93J         IIb        0.7351   2.05   0.3352   0.0222    -1.60  0    cut
 217  sn99ac        Ia-91T     0.8407   2.04   0.3467   0.0253    12.20  0    cut
 218  sn98S         IIn        0.7893   2.03   0.4973   0.0073    11.40  0    cut
 219  sn04S         Ia-norm    0.7690   2.03   0.3435   0.0225    13.40  0    cut
 220  sn93J         IIb        0.8515   2.02   0.3404   0.0198    -3.00  0    cut
 221  sn06gz        Ia-pec     0.7432   2.02   0.3321   0.0248    10.10  0    cut
 222  sn93J         IIb        0.7527   2.02   0.3353   0.0225    -2.40  0    cut
 223  sn91ar        Ib-norm    0.5348   2.01   0.4681   0.0161     0.00  1    cut
 224  sn97dd        IIb        0.7107   2.01   0.3254   0.0224     3.60  1    cut
 225  sn99ee        Ia-norm    0.8272   2.01   0.3439   0.0243    16.10  0    cut
 226  lbv01ac       LBV        0.6959   2.01   0.4144   0.0047   -99.90  2    cut
 227  sn96X         Ia-norm    0.7283   2.01   0.3476   0.0222     8.90  0    cut
 228  sn98bw        Ic-broad   0.7784   2.00   0.1802   0.0306    15.70  0    cut
 229  sn91N         Ic-norm    0.8515   2.00   0.6331   0.0145     0.00  1    cut
 230  sn98S         IIn        0.5808   2.00   0.3361   0.0085     1.90  0    cut
 231  sn05bf        Ib-pec     0.8515   2.00   0.0321   0.0225     3.40  0    cut
 232  kcSb          Gal        0.8515   2.00   0.3079   0.0187   -99.90  2    cut
 233  sn03cg        Ia-norm    0.7974   1.99   0.3424   0.0235     9.60  0    cut
 234  sn05cs        IIP        0.7432   1.99   0.9743   0.0102     1.00  0    cut
 235  sn02er        Ia-norm    0.8136   1.99   0.3358   0.0246     9.40  0    cut
 236  sn86G         Ia-91bg    0.6539   1.99   0.3517   0.0259    -1.90  0    cut
 237  sn06gz        Ia-pec     0.6458   1.98   0.3613   0.0250     5.20  0    cut
 238  sn90K         IIL        0.7080   1.98   0.3350   0.0187   119.20  1    cut
 239  lbv03hy       LBV        0.6945   1.97   0.2786   0.0058   -99.90  2    cut
 240  sn90K         IIL        0.6810   1.97   0.3325   0.0198    55.60  1    cut
 241  mstar         M-star     0.7568   1.97   0.7134   0.0063     6.00  2    cut
 242  mstar         M-star     0.7595   1.96   0.5063   0.0109     2.00  2    cut
 243  sn97cy        IIn        0.8204   1.96   0.5455   0.0092   226.10  1    cut
 244  sn80K         IIL        0.5293   1.96   0.1634   0.0196    12.00  0    cut
 245  sn06bp        IIP        0.7338   1.95   0.3309   0.0200    15.10  0    cut
 246  sn86G         Ia-91bg    0.6566   1.95   0.3509   0.0260    -0.90  0    cut
 247  mstar         M-star     0.7581   1.94   0.7129   0.0057    10.00  2    cut
 248  lbv03hy       LBV        0.6796   1.93   0.3384   0.0056   -99.90  2    cut
 249  sn91ar        Ib-norm    0.4860   1.92   0.4662   0.0133    15.80  1    cut
 250  sn00H         IIb        0.7487   1.92   0.3343   0.0285    13.40  0    cut
 251  sn93J         IIb        0.7405   1.92   0.3336   0.0231     1.40  0    cut
 252  sn89B         Ia-norm    0.6566   1.91   0.3369   0.0232     9.50  0    cut
 253  sn02er        Ia-norm    0.8258   1.91   0.3531   0.0288    15.50  0    cut
 254  sn90K         IIL        0.6079   1.91   0.3326   0.0189    76.40  1    cut
 255  sn06bp        IIP        0.7283   1.90   0.3330   0.0206    14.30  0    cut
 256  sn95F         Ic-norm    0.7920   1.90   0.3560   0.0307    35.60  1    cut
 257  sn98bu        Ia-norm    0.6999   1.90   0.3497   0.0251     9.30  0    cut
 258  kcE           Gal        0.8515   1.90   0.1506   0.0127   -99.90  2    cut
 259  sn97ei        Ic-norm    0.5564   1.90   0.6446   0.0173     0.00  1    cut
 260  lbv03hy       LBV        0.6959   1.89   0.3381   0.0151   -99.90  2    cut
 261  sn00cx        Ia-pec     0.6403   1.88   0.3708   0.0238     0.60  0    cut
 262  sn91N         Ic-norm    0.6485   1.88   0.3789   0.0214   276.10  1    cut
 263  sn98S         IIn        0.6837   1.85   0.8961   0.0087     9.70  0    cut
 264  sn99em        IIP        0.6986   1.85   0.3285   0.0201     9.40  0    cut
 265  sn90K         IIL        0.6783   1.85   0.4559   0.0095   174.80  1    cut
 266  sn94Q         Ia-norm    0.7852   1.85   0.3463   0.0235    11.60  0    cut
 267  sn90K         IIL        0.6417   1.85   0.3363   0.0091   174.80  1    cut
 268  sn04et        IIP        0.7432   1.85   0.3342   0.0212     4.00  0    cut
 269  sn97dc        Ib-norm    0.6349   1.84   0.3625   0.0085     0.00  1    cut
 270  sn94I         Ic-norm    0.7026   1.84   0.9000   0.0235     1.10  0    cut
 271  sn94I         Ic-norm    0.7026   1.84   0.9145   0.0218    -3.80  0    cut
 272  sn91bg        Ia-91bg    0.8082   1.84   0.3379   0.0264    14.70  0    cut
 273  sn97cy        IIn        0.8204   1.83   0.4118   0.0058   377.70  1    cut
 274  sn05bf        Ib-pec     0.7378   1.83   1.1896   0.0211    -0.70  0    cut
 275  sn90K         IIL        0.5131   1.83   0.3356   0.0186    50.50  1    cut
 276  sn92H         IIP        0.5090   1.83   0.3388   0.0265    11.50  0    cut
 277  sn94I         Ic-norm    0.7026   1.83   0.8985   0.0226     2.10  0    cut
 278  lbv99bw       LBV        0.6525   1.83   0.3408   0.0065   -99.90  2    cut
 279  sn91A         Ic-norm    0.5564   1.82   0.3764   0.0226    61.40  1    cut
 280  sn99em        IIP        0.8163   1.82   0.3290   0.0201    11.10  0    cut
 281  sn94D         Ia-norm    0.6931   1.81   0.3413   0.0279    14.30  0    cut
 282  sn99em        IIP        0.7459   1.81   0.9892   0.0140     0.40  0    cut
 283  sn91bg        Ia-91bg    0.7243   1.81   0.3520   0.0294     1.50  0    cut
 284  sn99by        Ia-91bg    0.6999   1.81   0.9317   0.0229    -3.90  0    cut
 285  sn98S         IIn        0.6877   1.81   0.8958   0.0084    13.80  0    cut
 286  sn99dn        Ib-norm    0.6336   1.81   0.9172   0.0108    27.70  1    cut
 287  sn05bf        Ib-pec     0.7392   1.81   1.1907   0.0228    -3.60  0    cut
 288  mstar         M-star     0.7554   1.80   0.5070   0.0109     1.00  2    cut
 289  sn05bf        Ib-pec     0.7432   1.80   1.1860   0.0227     8.20  0    cut
 290  sn05bf        Ib-pec     0.7405   1.80   1.1886   0.0206     2.20  0    cut
 291  sn90K         IIL        0.6390   1.80   0.3373   0.0244   161.00  1    cut
 292  sn05bf        Ib-pec     0.7405   1.79   1.1902   0.0213     5.20  0    cut
 293  sn05bf        Ib-pec     0.7419   1.79   1.1882   0.0212     6.20  0    cut
 294  kcSB2         Gal        0.8515   1.79   0.4128   0.0050   -99.90  2    cut
 295  sn04et        IIP        0.7432   1.79   0.3338   0.0222     6.20  0    cut
 296  kcSB1         Gal        0.8515   1.79   0.4131   0.0049   -99.90  2    cut
 297  sn05hk        Ia-pec     0.5916   1.79   0.8777   0.0186    12.40  0    cut
 298  sn94I         Ic-norm    0.7026   1.78   0.9129   0.0220    -2.70  0    cut
 299  sn86G         Ia-91bg    0.6552   1.78   0.3461   0.0267     0.10  0    cut
 300  sn04aw        Ic-norm    0.8272   1.78   0.3523   0.0294    -0.20  0    cut
 301  sn98aq        Ia-norm    0.6972   1.78   0.5348   0.0104     4.90  0    cut
 302  sn99ex        Ib-norm    0.6972   1.78   0.8858   0.0131     9.30  0    cut
 303  agn           AGN        0.8515   1.78   0.3384   0.0085   -99.90  2    cut
 304  sn91A         Ic-norm    0.6607   1.77   0.6292   0.0173    32.60  1    cut
 305  sn97cy        IIn        0.8191   1.77   0.3411   0.0100    71.30  1    cut
 306  sn91N         Ic-norm    0.8096   1.77   0.0473   0.0341     7.60  1    cut
 307  sn04dj        IIP        0.5740   1.77   0.6184   0.0092    51.90  1    cut
 308  sn90K         IIL        0.6065   1.77   0.3369   0.0186    53.30  1    cut
 309  sn99em        IIP        0.7568   1.77   0.3319   0.0215     5.40  0    cut
 310  sn04dj        IIP        0.5767   1.76   0.6186   0.0095    48.00  1    cut
 311  sn06bp        IIP        0.7080   1.76   0.3419   0.0221     7.20  0    cut
 312  sn98S         IIn        0.6864   1.76   0.8961   0.0090    12.70  0    cut
 313  sn04dj        IIP        0.5767   1.76   0.6188   0.0092    50.00  1    cut
 314  sn05bf        Ib-pec     0.7432   1.76   1.1886   0.0226     3.20  0    cut
 315  sn04aw        Ic-norm    0.7135   1.76   0.9053   0.0274     3.60  0    cut
 316  sn00cx        Ia-pec     0.6525   1.75   0.3655   0.0272    -1.40  0    cut
 317  sn99em        IIP        0.6999   1.75   0.3320   0.0219     6.40  0    cut
 318  sn04aw        Ic-norm    0.8475   1.75   0.3585   0.0295    -1.70  0    cut
 319  sn90I         Ib-norm    0.6931   1.75   0.9498   0.0121    11.40  0    cut
 320  sn05hj        Ia-norm    0.6390   1.75   0.5335   0.0103     1.60  0    cut
 321  lbv03hy       LBV        0.6999   1.74   0.3372   0.0188   -99.90  2    cut
 322  sn06gz        Ia-pec     0.6376   1.74   0.3710   0.0282    -2.60  0    cut
 323  lbv03hy       LBV        0.6972   1.74   0.3376   0.0160   -99.90  2    cut
 324  lbv03hy       LBV        0.6945   1.74   0.3355   0.0166   -99.90  2    cut
 325  sn02ap        Ic-broad   0.7676   1.74   0.1905   0.0457    -2.40  0    cut
 326  sn05cs        IIP        0.7432   1.74   0.9741   0.0114     2.10  0    cut
 327  sn98aq        Ia-norm    0.6972   1.74   0.5346   0.0103     5.90  0    cut
 328  sn93J         IIb        0.7270   1.74   0.3325   0.0254     3.40  0    cut
 329  sn04dj        IIP        0.5754   1.74   0.6182   0.0095    46.80  1    cut
 330  sn04et        IIP        0.7351   1.73   0.3353   0.0225     2.00  0    cut
 331  lbv03hy       LBV        0.6972   1.73   0.3345   0.0170   -99.90  2    cut
 332  sn83N         Ib-norm    0.7040   1.72   0.4899   0.0268    12.00  0    cut
 333  sn04aw        Ic-norm    0.6999   1.72   0.9423   0.0227    -2.20  0    cut
 334  sn02ap        Ic-broad   0.6187   1.72   0.3547   0.0256     6.50  0    cut
 335  sn96cb        IIb        0.7256   1.72   0.4893   0.0125     5.00  0    cut
 336  sn05hk        Ia-pec     0.6282   1.72   0.8823   0.0221     3.60  0    cut
 337  sn90B         Ic-norm    0.6092   1.72   1.0019   0.0055    15.40  0    cut
 338  sn04dj        IIP        0.5781   1.71   0.6180   0.0087    50.60  1    cut
 339  sn01el        Ia-norm    0.5740   1.71   0.5403   0.0105     1.30  0    cut
 340  sn91bg        Ia-91bg    0.6620   1.71   0.3474   0.0271     2.70  0    cut
 341  sn97dd        IIb        0.7121   1.71   0.4864   0.0136    16.40  1    cut
 342  sn90K         IIL        0.6552   1.71   0.4554   0.0101   202.60  1    cut
 343  sn90B         Ic-norm    0.7243   1.71   0.8903   0.0201     8.90  0    cut
 344  mstar         M-star     0.7568   1.70   0.8811   0.0073     9.00  2    cut
 345  sn95F         Ic-norm    0.7635   1.70   0.3634   0.0316    88.60  1    cut
 346  sn91A         Ic-norm    0.6092   1.70   0.6277   0.0195    47.50  1    cut
 347  sn02ap        Ic-broad   0.6999   1.70   0.3669   0.0337     4.60  0    cut
 348  sn04aw        Ic-norm    0.6999   1.70   0.3657   0.0302    -3.30  0    cut
 349  sn02ap        Ic-broad   0.6999   1.69   0.3710   0.0334     3.60  0    cut
 350  sn94I         Ic-norm    0.6945   1.69   0.8933   0.0249     3.30  0    cut
 351  sn86G         Ia-91bg    0.6552   1.69   0.3477   0.0278     1.10  0    cut
 352  sn00cx        Ia-pec     0.5740   1.68   0.3638   0.0267    -2.40  0    cut
 353  sn94D         Ia-norm    0.6986   1.68   0.3382   0.0306    15.20  0    cut
 354  sn97br        Ia-91T     0.7297   1.68   0.8956   0.0220     8.50  0    cut
 355  sn90K         IIL        0.6403   1.68   0.3273   0.0230     0.00  1    cut
 356  sn04eo        Ia-norm    0.7744   1.68   0.3388   0.0253    11.00  0    cut
 357  sn02er        Ia-norm    0.7784   1.67   0.3463   0.0270    10.60  0    cut
 358  sn97dq        Ic-norm    0.8285   1.67   0.1951   0.0353    81.70  1    cut
 359  sn98bw        Ic-broad   0.8015   1.67   0.1879   0.0324     7.80  0    cut
 360  sn99di        Ib-norm    0.6403   1.67   0.4881   0.0123     0.00  1    cut
 361  sn97cy        IIn        0.8204   1.66   0.3407   0.0110   116.80  1    cut
 362  sn00cx        Ia-pec     0.6173   1.65   0.7032   0.0243    -0.40  0    cut
 363  sn05hj        Ia-norm    0.6403   1.65   0.5346   0.0112    -0.30  0    cut
 364  sn79C         IIL        0.4955   1.65   0.6466   0.0095    10.90  0    cut
 365  sn83N         Ib-norm    0.5591   1.65   0.6381   0.0219     4.00  0    cut
 366  sn00H         IIb        0.6959   1.65   0.3353   0.0285     6.70  0    cut
 367  sn90K         IIL        0.5672   1.65   0.3370   0.0086   201.70  1    cut
 368  sn00cx        Ia-pec     0.6214   1.65   0.3655   0.0244     7.50  0    cut
 369  sn00E         Ia-norm    0.6877   1.64   0.3502   0.0276     8.40  0    cut
 370  sn90B         Ic-norm    0.5375   1.64   0.6418   0.0211     4.00  0    cut
 371  sn99em        IIP        0.8204   1.64   0.3266   0.0202    16.10  0    cut
 372  sn04aw        Ic-norm    0.6999   1.64   0.9267   0.0297     0.80  0    cut
 373  sn05hk        Ia-pec     0.7446   1.64   0.8733   0.0194    14.40  0    cut
 374  sn06aj        Ic-broad   0.8515   1.64   0.9771   0.0256     2.80  0    cut
 375  sn02bo        Ia-norm    0.6959   1.64   0.6374   0.0208    15.70  0    cut
 376  sn98S         IIn        0.6850   1.64   0.8955   0.0093    15.80  0    cut
 377  sn91A         Ic-norm    0.5970   1.63   0.3807   0.0231    65.10  1    cut
 378  sn02cx        Ia-pec     0.6986   1.63   0.8737   0.0183    10.30  0    cut
 379  sn95bd        Ia-norm    0.7148   1.63   0.9062   0.0271    11.30  0    cut
 380  sn99dn        Ib-norm    0.7405   1.63   1.1697   0.0280     6.90  1    cut
 381  sn05bf        Ib-pec     0.6065   1.63   0.8938   0.0258    -0.90  0    cut
 382  sn90K         IIL        0.6268   1.63   0.3599   0.0135   147.10  1    cut
 383  sn04dj        IIP        0.6255   1.63   0.4604   0.0100    89.80  1    cut
 384  sn04et        IIP        0.7432   1.63   0.3318   0.0236    10.00  0    cut
 385  sn97br        Ia-91T     0.8515   1.62   0.8907   0.0198    12.40  0    cut
 386  sn81B         Ia-norm    0.7216   1.62   0.6480   0.0211    16.00  0    cut
 387  sn99ex        Ib-norm    0.8394   1.62   0.3455   0.0309     0.40  0    cut
 388  mstar         M-star     0.7581   1.62   0.3228   0.0153     7.00  2    cut
 389  sn02ap        Ic-broad   0.6999   1.62   0.3863   0.0345     0.60  0    cut
 390  sn02bo        Ia-norm    0.6945   1.62   0.6386   0.0210    14.80  0    cut
 391  sn97dq        Ic-norm    0.6972   1.62   0.8916   0.0326     0.00  1    cut
 392  sn05cs        IIP        0.7405   1.61   0.3270   0.0183     7.10  0    cut
 393  sn04et        IIP        0.7365   1.61   0.3365   0.0228     1.00  0    cut
 394  sn97dq        Ic-norm    0.7026   1.61   0.6305   0.0175    26.90  1    cut
 395  sn98bu        Ia-norm    0.6999   1.61   0.3494   0.0277    10.20  0    cut
 396  sn93J         IIb        0.7473   1.61   0.3312   0.0269     3.80  0    cut
 397  sn94D         Ia-norm    0.7026   1.61   0.6357   0.0204    15.30  0    cut
 398  sn92A         Ia-norm    0.7987   1.61   0.0455   0.0297    11.70  0    cut
 399  sn88L         Ib-norm    0.5835   1.61   0.9212   0.0078    47.70  1    cut
 400  sn02er        Ia-norm    0.6959   1.60   0.3511   0.0244    12.40  0    cut
 401  sn02bo        Ia-norm    0.7013   1.59   0.6391   0.0211    13.80  0    cut
 402  sn97cy        IIn        0.7879   1.59   0.3411   0.0119   174.50  1    cut
 403  sn05cs        IIP        0.7446   1.59   0.3301   0.0197     5.00  0    cut
 404  mstar         M-star     0.7568   1.59   0.5076   0.0112     0.00  2    cut
 405  mstar         M-star     0.7581   1.59   0.5104   0.0199     5.00  2    cut
 406  sn99by        Ia-91bg    0.7608   1.59   0.3385   0.0291     3.10  0    cut
 407  sn97cy        IIn        0.8515   1.58   0.3906   0.0103   196.10  1    cut
 408  sn90U         Ic-norm    0.6579   1.58   0.8569   0.0127    11.90  0    cut
 409  sn93J         IIb        0.8258   1.58   0.3344   0.0248    11.00  0    cut
 410  sn94I         Ic-norm    0.8191   1.57   0.8970   0.0270     2.40  0    cut
 411  sn90B         Ic-norm    0.4346   1.57   0.4673   0.0169     7.00  0    cut
 412  sn97cy        IIn        0.8204   1.57   0.3791   0.0118   125.30  1    cut
 413  sn97dq        Ic-norm    0.8299   1.57   0.3394   0.0353     1.00  1    cut
 414  sn95F         Ic-norm    0.7920   1.57   0.3541   0.0357    28.90  1    cut
 415  sn90B         Ic-norm    0.4346   1.56   0.4659   0.0125     6.00  0    cut
 416  sn06aj        Ic-broad   0.5551   1.56   0.3947   0.0356     1.80  0    cut
 417  sn94S         Ia-norm    0.6214   1.56   0.3425   0.0320    -2.50  0    cut
 418  sn02ap        Ic-broad   0.6999   1.56   0.9057   0.0302    11.60  0    cut
 419  sn95F         Ic-norm    0.7906   1.56   0.3314   0.0392     0.00  1    cut
 420  sn91bg        Ia-91bg    0.7243   1.55   0.3388   0.0308     2.70  0    cut
 421  sn97dq        Ic-norm    0.7026   1.55   0.6309   0.0177    21.90  1    cut
 422  sn06bp        IIP        0.7053   1.55   0.9997   0.0115     4.20  0    cut
 423  sn90N         Ia-norm    0.8204   1.55   0.3433   0.0281    14.50  0    cut
 424  sn97dq        Ic-norm    0.8515   1.55   0.1952   0.0385    27.90  1    cut
 425  sn04et        IIP        0.7446   1.55   0.3309   0.0251    12.10  0    cut
 426  sn02ap        Ic-broad   0.7906   1.55   0.9037   0.0295     4.70  0    cut
 427  sn97cy        IIn        0.8218   1.54   0.3398   0.0154    57.20  1    cut
 428  sn87A         II-pec     0.5754   1.54   0.6208   0.0295     9.30  0    cut
 429  sn06aj        Ic-broad   0.6837   1.54   0.3962   0.0353    -0.50  0    cut
 430  sn02ap        Ic-broad   0.6999   1.54   0.3647   0.0359     5.60  0    cut
 431  sn06bp        IIP        0.5970   1.54   0.3329   0.0240    13.20  0    cut
 432  sn02ap        Ic-broad   0.5320   1.54   0.6526   0.0132    12.70  0    cut
 433  mstar         M-star     0.7581   1.54   0.8802   0.0086     8.00  2    cut
 434  sn99em        IIP        0.6268   1.53   0.3319   0.0241     6.60  0    cut
 435  sn04aw        Ic-norm    0.7744   1.53   0.3451   0.0259    12.20  0    cut
 436  sn88L         Ib-norm    0.6322   1.53   0.6479   0.0221     0.00  1    cut
 437  sn80K         IIL        0.5185   1.53   0.3377   0.0188     9.00  0    cut
 438  sn94I         Ic-norm    0.7338   1.52   0.9049   0.0272    -0.10  0    cut
 439  sn02bo        Ia-norm    0.6999   1.52   0.6398   0.0217    12.80  0    cut
 440  sn90U         Ic-norm    0.8123   1.52   1.1754   0.0241    10.90  0    cut
 441  sn87A         II-pec     0.5713   1.52   0.8585   0.0131     3.30  0    cut
 442  lbv01ac       LBV        0.8380   1.52   0.4147   0.0055   -99.90  2    cut
 443  sn87A         II-pec     0.5740   1.52   0.6207   0.0309     1.30  0    cut
 444  sn98bu        Ia-norm    0.6986   1.51   0.6375   0.0205    14.30  0    cut
 445  sn05cs        IIP        0.7446   1.51   0.3261   0.0186     8.00  0    cut
 446  sn94D         Ia-norm    0.7013   1.51   0.6366   0.0211    13.40  0    cut
 447  sn97cy        IIn        0.8204   1.51   0.3528   0.0187    14.10  1    cut
 448  sn02bo        Ia-norm    0.6999   1.51   0.9059   0.0286    10.80  0    cut
 449  sn93J         IIb        0.7568   1.51   0.3327   0.0287     5.50  0    cut
 450  sn91T         Ia-91T     0.8394   1.50   0.8909   0.0219    15.90  0    cut
 451  sn87A         II-pec     0.5781   1.50   0.6204   0.0319    11.30  0    cut
 452  sn90aa        Ic-norm    0.6647   1.50   0.3661   0.0270    61.50  1    cut
 453  sn05hj        Ia-norm    0.6403   1.50   0.5340   0.0103     4.30  0    cut
 454  sn93J         IIb        0.8258   1.50   0.3358   0.0291    12.00  0    cut
 455  sn06bp        IIP        0.7053   1.50   1.0003   0.0129     3.30  0    cut
 456  sn98dt        Ib-norm    0.8326   1.50   0.0432   0.0308     7.90  0    cut
 457  sn93J         IIb        0.6945   1.50   0.3369   0.0331     2.70  0    cut
 458  sn04aw        Ic-norm    0.7175   1.50   0.9035   0.0310     3.10  0    cut
 459  sn02cx        Ia-pec     0.5226   1.50   0.8701   0.0108    14.20  0    cut
 460  sn90aa        Ic-norm    0.6661   1.50   0.8883   0.0147     0.00  1    cut
 461  sn06aj        Ic-broad   0.7121   1.50   0.3901   0.0411    -3.40  0    cut
 462  sn79C         IIL        0.4955   1.50   0.6479   0.0096     9.90  0    cut
 463  sn95D         Ia-norm    0.7026   1.49   0.8956   0.0240    14.10  0    cut
 464  sn06aj        Ic-broad   0.6823   1.49   0.3981   0.0372    -1.50  0    cut
 465  sn00H         IIb        0.6931   1.49   0.8878   0.0265     9.60  0    cut
 466  sn00H         IIb        0.6959   1.49   0.8814   0.0300    11.60  0    cut
 467  sn91A         Ic-norm    0.4833   1.49   0.3807   0.0259   128.30  1    cut
 468  sn97dq        Ic-norm    0.7013   1.49   0.8899   0.0365    17.90  1    cut
 469  sn02ap        Ic-broad   0.6945   1.49   0.3907   0.0572    -0.40  0    cut
 470  sn04aw        Ic-norm    0.6999   1.48   0.9223   0.0308     1.60  0    cut
 471  sn00H         IIb        0.6931   1.48   0.8861   0.0265    10.60  0    cut
 472  sn97ei        Ic-norm    0.7148   1.48   0.8739   0.0321    10.90  1    cut
 473  sn97dq        Ic-norm    0.7013   1.48   0.8857   0.0368    14.90  1    cut
 474  sn05cs        IIP        0.7392   1.47   0.9818   0.0155    -1.90  0    cut
 475  sn97cy        IIn        0.8204   1.47   0.3865   0.0177     0.00  1    cut
 476  sn95D         Ia-norm    0.8515   1.47   0.8849   0.0208    16.10  0    cut
 477  sn98dt        Ib-norm    0.6986   1.47   0.8900   0.0329     0.90  0    cut
 478  sn02bo        Ia-norm    0.7013   1.47   0.9022   0.0285    11.90  0    cut
 479  sn97ef        Ic-broad   0.7148   1.46   0.9032   0.0290    13.80  0    cut
 480  sn93J         IIb        0.8515   1.46   0.6358   0.0123    13.00  0    cut
 481  sn03cg        Ia-norm    0.7920   1.46   0.3442   0.0283    11.40  0    cut
 482  sn03du        Ia-norm    0.7730   1.46   0.8941   0.0319    13.70  0    cut
 483  sn93J         IIb        0.7135   1.46   0.3344   0.0392     6.60  0    cut
 484  sn94M         Ia-norm    0.8367   1.45   0.3423   0.0360    12.90  0    cut
 485  sn99aa        Ia-91T     0.7365   1.45   0.6641   0.0220    15.40  0    cut
 486  sn05cs        IIP        0.7432   1.45   0.3255   0.0192     9.00  0    cut
 487  sn99aa        Ia-91T     0.6715   1.45   0.3789   0.0283     7.60  0    cut
 488  sn06bp        IIP        0.6051   1.45   0.3385   0.0265     8.10  0    cut
 489  sn04S         Ia-norm    0.7405   1.44   0.6329   0.0168    14.00  0    cut
 490  sn03cg        Ia-norm    0.7879   1.44   0.6380   0.0198    12.40  0    cut
 491  sn89B         Ia-norm    0.6823   1.44   0.1502   0.0364    14.40  0    cut
 492  sn02ap        Ic-broad   0.6999   1.44   0.9089   0.0308     6.60  0    cut
 493  sn02ap        Ic-broad   0.6173   1.43   0.6559   0.0256     1.50  0    cut
 494  sn99em        IIP        0.6173   1.43   0.3310   0.0257     5.60  0    cut
 495  sn04et        IIP        0.7392   1.43   0.3389   0.0261    -0.90  0    cut
 496  sn87A         II-pec     0.5767   1.43   0.6212   0.0311    -2.70  0    cut
 497  sn97ef        Ic-broad   0.7270   1.43   0.9085   0.0280    12.80  0    cut
 498  sn00H         IIb        0.6918   1.43   0.8931   0.0288     7.70  0    cut
 499  sn99di        Ib-norm    0.6390   1.43   0.3602   0.0131    23.60  1    cut
 500  sn98dt        Ib-norm    0.6959   1.43   0.8774   0.0337     6.80  0    cut
 501  sn99by        Ia-91bg    0.6999   1.42   0.8835   0.0305     4.10  0    cut
 502  sn94D         Ia-norm    0.7121   1.42   0.6406   0.0231    13.20  0    cut
 503  sn00cx        Ia-pec     0.8069   1.42   0.9379   0.0195     6.50  0    cut
 504  sn05hk        Ia-pec     0.7148   1.42   0.8677   0.0193    14.30  0    cut
 505  sn87A         II-pec     0.5740   1.42   0.8561   0.0135    13.30  0    cut
 506  sn97cn        Ia-91bg    0.7243   1.42   0.8973   0.0312     3.90  0    cut
 507  sn89B         Ia-norm    0.6850   1.42   0.8952   0.0252    12.40  0    cut
 508  sn00cx        Ia-pec     0.6227   1.41   0.3640   0.0273     9.50  0    cut
 509  sn93J         IIb        0.7067   1.41   0.3331   0.0246     4.60  0    cut
 510  sn99em        IIP        0.7757   1.41   0.3326   0.0277     2.40  0    cut
 511  sn98bw        Ic-broad   0.8082   1.40   0.1909   0.0362     8.70  0    cut
 512  sn98T         Ib-norm    0.5564   1.40   0.4528   0.0304     0.00  1    cut
 513  sn99by        Ia-91bg    0.6999   1.40   0.8817   0.0310     5.20  0    cut
 514  sn98dt        Ib-norm    0.6999   1.40   0.8917   0.0313     0.00  0    cut
 515  sn05cs        IIP        0.7419   1.40   0.3254   0.0198    10.00  0    cut
 516  sn99di        Ib-norm    0.5226   1.39   0.3613   0.0133    30.50  1    cut
 517  sn99dn        Ib-norm    0.7135   1.39   0.3703   0.0132     0.00  1    cut
 518  sn98bu        Ia-norm    0.6986   1.39   0.6383   0.0216    13.20  0    cut
 519  sn94D         Ia-norm    0.7162   1.38   0.6393   0.0232    12.20  0    cut
 520  sn98bu        Ia-norm    0.6999   1.38   0.3490   0.0302    11.20  0    cut
 521  sn91T         Ia-91T     0.7784   1.38   0.8937   0.0310    10.90  0    cut
 522  sn99em        IIP        0.6918   1.37   0.4838   0.0209    -2.60  0    cut
 523  sn00cx        Ia-pec     0.6498   1.37   0.7040   0.0232    -3.40  0    cut
 524  sn99by        Ia-91bg    0.7013   1.36   0.8821   0.0327     6.10  0    cut
 525  sn04aw        Ic-norm    0.6579   1.36   0.9321   0.0344    -1.30  0    cut
 526  sn06bp        IIP        0.5930   1.36   0.4900   0.0184     0.10  0    cut
 527  sn02ap        Ic-broad   0.6945   1.35   0.3919   0.0315    -1.40  0    cut
 528  sn84L         Ib-norm    0.7189   1.35   0.1902   0.0377    11.90  0    cut
 529  sn99em        IIP        0.6918   1.34   0.4827   0.0152    -1.60  0    cut
 530  sn90B         Ic-norm    0.4346   1.34   0.4661   0.0163     5.90  0    cut
 531  sn00cx        Ia-pec     0.8055   1.34   0.9393   0.0212     5.60  0    cut
 532  sn05cs        IIP        0.7419   1.34   0.3322   0.0227     4.00  0    cut
 533  sn90B         Ic-norm    0.4346   1.34   0.6165   0.0138     9.90  0    cut
 534  sn04eo        Ia-norm    0.7744   1.34   0.6313   0.0215    12.40  0    cut
 535  sn98bw        Ic-broad   0.8515   1.34   0.1540   0.0435    12.70  0    cut
 536  sn04aw        Ic-norm    0.7744   1.33   0.8966   0.0271     5.30  0    cut
 537  sn04aw        Ic-norm    0.7175   1.32   0.9258   0.0332     1.90  0    cut
 538  sn99em        IIP        0.7527   1.32   0.4815   0.0149    -0.60  0    cut
 539  sn97cy        IIn        0.8515   1.31   0.4151   0.0134    29.40  1    cut
 540  sn05bf        Ib-pec     0.7459   1.31   0.8810   0.0291    -2.70  0    cut
 541  sn79C         IIL        0.5510   1.30   0.1552   0.0212    12.90  0    cut
 542  sn00H         IIb        0.7392   1.30   0.8745   0.0264     8.40  0    cut
 543  sn99em        IIP        0.7446   1.30   0.4801   0.0140     1.40  0    cut
 544  sn94D         Ia-norm    0.7162   1.29   0.6346   0.0242    15.20  0    cut
 545  sn89B         Ia-norm    0.6593   1.29   0.3394   0.0292    11.50  0    cut
 546  sn92ar        Ic-norm    0.6173   1.29   0.0400   0.0309     3.40  0    cut
 547  sn94D         Ia-norm    0.6579   1.28   0.3470   0.0288    10.10  0    cut
 548  sn05cs        IIP        0.7419   1.28   0.4675   0.0292    -0.80  0    cut
 549  sn98dt        Ib-norm    0.7013   1.28   0.8821   0.0355     3.90  0    cut
 550  sn05hk        Ia-pec     0.4346   1.28   0.4362   0.0227    -3.40  0    cut
 551  sn06bp        IIP        0.5943   1.28   0.4966   0.0219    -1.70  0    cut
 552  sn95D         Ia-norm    0.7067   1.27   0.8995   0.0273    11.20  0    cut
 553  sn98dt        Ib-norm    0.7121   1.27   0.3749   0.0121    10.70  0    cut
 554  sn04et        IIP        0.7297   1.27   0.3383   0.0276    -1.90  0    cut
 555  sn92A         Ia-norm    0.6119   1.26   0.1726   0.0390    11.60  0    cut
 556  sn98dt        Ib-norm    0.7135   1.26   0.3748   0.0130    11.70  0    cut
 557  sn04aw        Ic-norm    0.7148   1.26   0.3716   0.0398     2.60  0    cut
 558  sn98bu        Ia-norm    0.6986   1.26   0.6384   0.0225    12.20  0    cut
 559  sn02ap        Ic-broad   0.6187   1.26   0.6482   0.0274     9.50  0    cut
 560  sn05bf        Ib-pec     0.7378   1.25   0.8772   0.0307     1.20  0    cut
 561  sn02ap        Ic-broad   0.8191   1.25   0.3507   0.0336     2.70  0    cut
 562  sn04eo        Ia-norm    0.7744   1.24   0.6301   0.0235    14.00  0    cut
 563  sn00cx        Ia-pec     0.6200   1.24   0.6663   0.0321    14.50  0    cut
 564  sn91N         Ic-norm    0.8096   1.23   0.8982   0.0345     5.70  1    cut
 565  sn90K         IIL        0.6119   1.22   0.3857   0.0166   136.20  1    cut
 566  sn96L         IIn        0.6092   1.21   0.2861   0.0279     8.40  0    cut
 567  sn80K         IIL        0.5280   1.21   0.3388   0.0236     7.00  0    cut
 568  sn06bp        IIP        0.6038   1.21   0.4870   0.0188     2.10  0    cut
 569  sn02cx        Ia-pec     0.6959   1.20   0.6463   0.0278    -2.40  0    cut
 570  sn04et        IIP        0.7365   1.19   0.3396   0.0306    -2.90  0    cut
 571  sn05cs        IIP        0.7432   1.19   0.3338   0.0247     3.10  0    cut
 572  sn93J         IIb        0.7338   1.18   0.3353   0.0270     3.70  0    cut
 573  sn05bf        Ib-pec     0.7459   1.18   0.8743   0.0314    -1.60  0    cut
 574  sn99em        IIP        0.6864   1.18   0.4862   0.0271    -3.60  0    cut
 575  sn94D         Ia-norm    0.7311   1.18   0.3440   0.0318    11.00  0    cut
 576  sn83V         Ic-norm    0.5916   1.17   0.9048   0.0331    12.90  0    cut
 577  sn90B         Ic-norm    0.4319   1.15   0.6149   0.0170     5.00  0    cut
 578  sn83V         Ic-norm    0.6688   1.14   0.9029   0.0316    11.90  0    cut
 579  sn83V         Ic-norm    0.6038   1.14   0.9067   0.0369    13.90  0    cut
 580  sn99em        IIP        0.8163   1.14   0.4825   0.0184     0.20  0    cut
 581  sn83V         Ic-norm    0.6579   1.13   0.3465   0.0408    15.90  0    cut
 582  sn89B         Ia-norm    0.6444   1.13   0.1467   0.0446    13.40  0    cut
 583  sn83V         Ic-norm    0.6579   1.12   0.9004   0.0328    14.90  0    cut
 584  sn91N         Ic-norm    0.8096   1.12   0.8893   0.0323     6.60  1    cut
 585  sn98bw        Ic-broad   0.8515   1.08   0.1503   0.0580    11.70  0    cut
 586  sn91A         Ic-norm    0.6065   1.07   0.6400   0.0439     0.00  1    cut
 587  sn84L         Ib-norm    0.5591   1.07   0.8852   0.0324     9.00  0    cut
 588  sn97dq        Ic-norm    0.4549   1.06   0.6400   0.0272    42.80  1    cut
 589  sn00cx        Ia-pec     0.6214   1.05   0.3639   0.0308    11.50  0    cut
 590  sn83V         Ic-norm    0.6187   1.03   0.3427   0.0368     4.00  0    cut
 591  sn84L         Ib-norm    0.5537   0.99   0.6180   0.0465     8.00  0    cut
 592  sn96X         Ia-norm    0.4806   0.96   0.6376   0.0273    12.70  0    cut
 593  sn99em        IIP        0.8515   0.91   0.4899   0.0234    -3.70  0    cut
 594  sn90K         IIL        0.5320   0.86   0.3570   0.0245   139.00  1    cut
