### SNID output file ###
 
### input spectrum and options ###
# Input spectrum                 : 5717_5.80.dat
# Parameter file                 : NA
# Wavelength range               :    3999.83   9000.84
# Mask file                      : NA
# Median filtering width [A]     : NA
# Median filtering width [pix]   :       1.00
# Clip emission redshift         :     0.2504
# Clip sky lines                 : 0
# Emission clip width [A]        :       0.25
# Keep A-band                    : 1
# Age range                      :      -4.20     15.80
# Delta range                    :      -9.99     99.90
# Min. number of spectra/template:   1
# Use only templates             : NA
# Use only types                 : NA
# Avoid templates                : NA
# Avoid types                    : NA
# rlapmin                        :       5.00
# Redshift range                 :    -0.0100    1.2000
# Forced initial redshift        :     0.2504
# Extra fake redshift            : NA
# Nsigma for initial redshift    : NA
# Redshift filter                :     0.0200
# Wavenumbers k1,k2,k3,k4        :     1    4   85  102
# Template directory             : /Users/daniel/snid-5.0/templates/
 
### initial/user-input redshift ###
zinit       0.0000
zuser       0.2504
 
### median redshift/age and error ###
zmed        0.2527    0.0054
agem          2.20      3.95
 
### type fraction/redshift/age ###
#type ntemp fraction slope redshift redshift_error age age_error
Ia            135      1.00    0.0000    0.2527    0.0054     2.200     3.948
Ia-norm       118      0.87   -0.0445    0.2525    0.0050     1.900     3.971
Ia-91T          8      0.06    0.0406    0.2607    0.0059     2.900     3.468
Ia-91bg         3      0.02   -0.0024    0.2513    0.0040    -0.400     2.606
Ia-csm          0      0.00    0.0000    0.0000    0.0000     0.000     0.000
Ia-pec          6      0.04   -0.0049    0.2522    0.0041     6.750     3.881
###
Ib              0      0.00    0.0000    0.0000    0.0000     0.000     0.000
Ib-norm         0      0.00    0.0000    0.0000    0.0000     0.000     0.000
Ib-pec          0      0.00    0.0000    0.0000    0.0000     0.000     0.000
IIb             0      0.00    0.0000    0.0000    0.0000     0.000     0.000
###
Ic              0      0.00    0.0000    0.0000    0.0000     0.000     0.000
Ic-norm         0      0.00    0.0000    0.0000    0.0000     0.000     0.000
Ic-pec          0      0.00    0.0000    0.0000    0.0000     0.000     0.000
Ic-broad        0      0.00    0.0000    0.0000    0.0000     0.000     0.000
###
II              0      0.00    0.0000    0.0000    0.0000     0.000     0.000
IIP             0      0.00    0.0000    0.0000    0.0000     0.000     0.000
II-pec          0      0.00    0.0000    0.0000    0.0000     0.000     0.000
IIn             0      0.00    0.0000    0.0000    0.0000     0.000     0.000
IIL             0      0.00    0.0000    0.0000    0.0000     0.000     0.000
###
NotSN           0      0.00    0.0000    0.0000    0.0000     0.000     0.000
AGN             0      0.00    0.0000    0.0000    0.0000     0.000     0.000
Gal             0      0.00    0.0000    0.0000    0.0000     0.000     0.000
LBV             0      0.00    0.0000    0.0000    0.0000     0.000     0.000
M-star          0      0.00    0.0000    0.0000    0.0000     0.000     0.000
 
### rlap-ordered template listings ###
#no. sn type lap rlap z zerr age age_flag grade
   1  sn99ac        Ia-91T     0.7717  17.64   0.2578   0.0035     0.80  0   good
   2  sn99ee        Ia-norm    0.7852  15.87   0.2591   0.0041     0.30  0   good
   3  sn99ee        Ia-norm    0.7866  14.97   0.2570   0.0042     2.20  0   good
   4  sn95D         Ia-norm    0.7297  14.77   0.2464   0.0038     6.10  0   good
   5  sn99ac        Ia-91T     0.7879  14.22   0.2575   0.0042     3.10  0   good
   6  sn99ee        Ia-norm    0.7541  12.84   0.2523   0.0044     7.10  0   good
   7  sn92A         Ia-norm    0.7798  12.03   0.2609   0.0045     2.40  0   good
   8  sn05hj        Ia-norm    0.5984  11.88   0.2528   0.0039     4.30  0   good
   9  sn95D         Ia-norm    0.7351  11.84   0.2456   0.0047     8.10  0   good
  10  sn94ae        Ia-norm    0.6864  11.74   0.2486   0.0045     6.40  0   good
  11  sn03du        Ia-norm    0.7947  11.45   0.2488   0.0048     5.00  0   good
  12  sn95D         Ia-norm    0.6904  11.06   0.2488   0.0049     4.20  0   good
  13  sn05hj        Ia-norm    0.5970  11.03   0.2536   0.0042     1.60  0   good
  14  sn05hj        Ia-norm    0.5984  10.93   0.2543   0.0043    -0.30  0   good
  15  sn92A         Ia-norm    0.7784  10.70   0.2628   0.0051    -0.40  0   good
  16  sn89B         Ia-norm    0.6498  10.48   0.2475   0.0048     3.50  0   good
  17  sn02er        Ia-norm    0.7527  10.47   0.2555   0.0054    -3.50  0   good
  18  sn99aw        Ia-91T     0.7202  10.26   0.2589   0.0053     3.20  0   good
  19  sn94ae        Ia-norm    0.6783   9.95   0.2494   0.0052     4.40  0   good
  20  sn99aw        Ia-91T     0.7541   9.66   0.2625   0.0058     0.30  0   good
  21  sn03du        Ia-norm    0.7229   9.60   0.2475   0.0053     3.90  0   good
  22  sn03du        Ia-norm    0.7216   9.52   0.2501   0.0054     1.90  0   good
  23  sn04S         Ia-norm    0.8069   9.49   0.2580   0.0068     1.70  0   good
  24  sn94ae        Ia-norm    0.8069   9.38   0.2458   0.0058     9.40  0   good
  25  sn03du        Ia-norm    0.7392   9.29   0.2520   0.0057    -1.10  0   good
  26  sn81B         Ia-norm    0.8069   9.26   0.2635   0.0061    -0.90  0   good
  27  sn02er        Ia-norm    0.8042   9.22   0.2578   0.0063    -1.50  0   good
  28  sn03du        Ia-norm    0.7229   9.15   0.2514   0.0057    -0.20  0   good
  29  sn94ae        Ia-norm    0.6918   9.10   0.2500   0.0057     3.30  0   good
  30  sn02bo        Ia-norm    0.7757   9.07   0.2607   0.0065    -1.40  0   good
  31  sn81B         Ia-norm    0.8069   9.05   0.2636   0.0062     0.00  0   good
  32  sn03du        Ia-norm    0.8015   8.98   0.2563   0.0066    -3.20  0   good
  33  sn02er        Ia-norm    0.8069   8.82   0.2587   0.0066    -2.50  0   good
  34  sn03cg        Ia-norm    0.6796   8.81   0.2503   0.0051     1.50  0   good
  35  sn94ae        Ia-norm    0.6647   8.79   0.2509   0.0057     2.30  0   good
  36  sn94ae        Ia-norm    0.6512   8.75   0.2524   0.0054     3.30  0   good
  37  sn96C         Ia-norm    0.7473   8.60   0.2449   0.0062     8.30  0   good
  38  sn03du        Ia-norm    0.7229   8.39   0.2513   0.0062     0.80  0   good
  39  sn03du        Ia-norm    0.7229   8.22   0.2466   0.0060     7.90  0   good
  40  sn94ae        Ia-norm    0.6959   8.12   0.2522   0.0062     1.30  0   good
  41  sn99aa        Ia-91T     0.7717   8.11   0.2665   0.0069    -0.60  0   good
  42  sn02bo        Ia-norm    0.7487   8.06   0.2576   0.0069    -0.30  0   good
  43  sn89B         Ia-norm    0.8069   7.95   0.2518   0.0070    -0.50  0   good
  44  sn94ae        Ia-norm    0.6986   7.80   0.2452   0.0066     9.30  0   good
  45  sn92A         Ia-norm    0.6850   7.80   0.2606   0.0062     3.30  0   good
  46  sn92A         Ia-norm    0.6837   7.63   0.2635   0.0064    -0.60  0   good
  47  sn99aa        Ia-91T     0.7933   7.61   0.2692   0.0071     2.70  0   good
  48  sn98aq        Ia-norm    0.6593   7.60   0.2515   0.0059     5.90  0   good
  49  sn98aq        Ia-norm    0.6593   7.52   0.2510   0.0059     6.90  0   good
  50  sn03cg        Ia-norm    0.7189   7.51   0.2491   0.0064     4.50  0   good
  51  sn98aq        Ia-norm    0.6593   7.47   0.2518   0.0060     4.90  0   good
  52  sn01el        Ia-norm    0.5320   7.47   0.2565   0.0059     1.30  0   good
  53  sn02er        Ia-norm    0.7717   7.47   0.2484   0.0071     5.50  0   good
  54  sn03cg        Ia-norm    0.5876   7.37   0.2550   0.0062    -1.80  0   good
  55  sn91M         Ia-norm    0.7216   7.36   0.2553   0.0071     2.70  0   good
  56  sn98aq        Ia-norm    0.6593   7.35   0.2520   0.0062     3.90  0   good
  57  sn98aq        Ia-norm    0.6593   7.31   0.2522   0.0063     2.90  0   good
  58  sn98aq        Ia-norm    0.6593   7.25   0.2526   0.0064     1.90  0   good
  59  sn98aq        Ia-norm    0.6579   7.21   0.2528   0.0066     0.90  0   good
  60  sn03du        Ia-norm    0.7283   7.18   0.2460   0.0069     8.90  0   good
  61  sn98aq        Ia-norm    0.6579   7.16   0.2531   0.0067     0.00  0   good
  62  sn02er        Ia-norm    0.8069   7.14   0.2519   0.0078     3.40  0   good
  63  sn03cg        Ia-norm    0.6512   7.10   0.2537   0.0066    -0.50  0   good
  64  sn98bu        Ia-norm    0.5672   7.09   0.2519   0.0069     1.20  0   good
  65  sn86G         Ia-91bg    0.5740   7.04   0.2513   0.0073    -0.40  0   good
  66  sn96X         Ia-norm    0.8069   6.92   0.2497   0.0074     1.90  0   good
  67  sn06gz        Ia-pec     0.6376   6.90   0.2573   0.0063    -2.60  0   good
  68  sn96X         Ia-norm    0.8069   6.84   0.2505   0.0074     0.90  0   good
  69  sn02bo        Ia-norm    0.7216   6.81   0.2612   0.0082    -3.40  0   good
  70  sn02bo        Ia-norm    0.7216   6.80   0.2585   0.0080    -1.50  0   good
  71  sn89B         Ia-norm    0.6471   6.74   0.2463   0.0069     5.50  0   good
  72  sn02bo        Ia-norm    0.7216   6.63   0.2602   0.0083    -2.50  0   good
  73  sn92A         Ia-norm    0.8069   6.62   0.2648   0.0078     5.90  0   good
  74  sn99ee        Ia-norm    0.7852   6.53   0.2497   0.0084    11.10  0   good
  75  sn98bu        Ia-norm    0.6566   6.50   0.2543   0.0074    -2.80  0   good
  76  sn06gz        Ia-pec     0.6458   6.46   0.2531   0.0063     5.20  0   good
  77  sn03du        Ia-norm    0.7405   6.44   0.2456   0.0079     9.80  0   good
  78  sn96X         Ia-norm    0.6864   6.42   0.2518   0.0068     1.90  0   good
  79  sn98bu        Ia-norm    0.6566   6.39   0.2540   0.0074    -1.70  0   good
  80  sn94D         Ia-norm    0.7432   6.37   0.2470   0.0074     2.90  0   good
  81  sn04eo        Ia-norm    0.6769   6.36   0.2506   0.0073    -2.80  0   good
  82  sn04eo        Ia-norm    0.7270   6.34   0.2458   0.0075     2.20  0   good
  83  sn95E         Ia-norm    0.6498   6.32   0.2528   0.0075     0.10  0   good
  84  sn98bu        Ia-norm    0.6566   6.30   0.2536   0.0075    -0.70  0   good
  85  sn02bo        Ia-norm    0.7202   6.24   0.2587   0.0086    -1.20  0   good
  86  sn04S         Ia-norm    0.8055   6.22   0.2507   0.0091     7.50  0   good
  87  sn94ae        Ia-norm    0.7229   6.18   0.2447   0.0082    10.40  0   good
  88  sn94D         Ia-norm    0.7405   6.13   0.2525   0.0078    -1.80  0   good
  89  sn96X         Ia-norm    0.6552   6.10   0.2533   0.0076    -1.10  0   good
  90  sn96X         Ia-norm    0.6877   6.09   0.2528   0.0073     0.00  0   good
  91  sn94S         Ia-norm    0.6458   6.04   0.2540   0.0085    -3.40  0   good
  92  sn92A         Ia-norm    0.7527   6.03   0.2568   0.0083     6.30  0   good
  93  sn96X         Ia-norm    0.6864   5.98   0.2515   0.0073     2.90  0   good
  94  sn86G         Ia-91bg    0.6092   5.91   0.2540   0.0085    -2.70  0   good
  95  sn96X         Ia-norm    0.6837   5.90   0.2504   0.0074     4.90  0   good
  96  sn02er        Ia-norm    0.7311   5.78   0.2527   0.0086    -0.50  0   good
  97  sn94D         Ia-norm    0.6607   5.76   0.2544   0.0081    -3.60  0   good
  98  sn96X         Ia-norm    0.6877   5.76   0.2525   0.0076     1.00  0   good
  99  sn94M         Ia-norm    0.6431   5.75   0.2568   0.0085     5.00  0   good
 100  sn96X         Ia-norm    0.6850   5.71   0.2489   0.0076     6.90  0   good
 101  sn06gz        Ia-pec     0.7446   5.69   0.2502   0.0076     6.30  0   good
 102  sn02bo        Ia-norm    0.6593   5.68   0.2639   0.0096    -4.00  0   good
 103  sn02bo        Ia-norm    0.6593   5.61   0.2628   0.0096    -3.10  0   good
 104  sn94S         Ia-norm    0.6187   5.61   0.2575   0.0116    -2.50  0   good
 105  sn02bo        Ia-norm    0.8069   5.59   0.2528   0.0096     5.50  0   good
 106  sn03du        Ia-norm    0.6620   5.55   0.2514   0.0080     3.10  0   good
 107  sn03cg        Ia-norm    0.5889   5.54   0.2540   0.0080    -2.30  0   good
 108  sn90N         Ia-norm    0.5794   5.53   0.2472   0.0079     2.60  0   good
 109  sn99ac        Ia-91T     0.8055   5.52   0.2543   0.0093     9.20  0   good
 110  sn01el        Ia-norm    0.7730   5.50   0.2564   0.0097     9.20  0   good
 111  sn02bo        Ia-norm    0.6593   5.49   0.2618   0.0097    -2.10  0   good
 112  sn03du        Ia-norm    0.6593   5.47   0.2518   0.0082     2.20  0   good
 113  sn06gz        Ia-pec     0.6485   5.45   0.2513   0.0075     7.20  0   good
 114  sn96X         Ia-norm    0.6877   5.44   0.2496   0.0080     5.90  0   good
 115  sn02bo        Ia-norm    0.6593   5.39   0.2607   0.0098    -1.20  0   good
 116  sn95E         Ia-norm    0.6363   5.36   0.2525   0.0082     2.00  0   good
 117  sn02er        Ia-norm    0.6566   5.36   0.2545   0.0086     1.50  0   good
 118  sn02er        Ia-norm    0.6688   5.32   0.2516   0.0085     4.40  0   good
 119  sn00cx        Ia-pec     0.6011   5.32   0.2595   0.0083     7.50  0   good
 120  sn91bg        Ia-91bg    0.5835   5.30   0.2461   0.0090     2.50  0   good
 121  sn01el        Ia-norm    0.5483   5.29   0.2610   0.0085    -3.70  0   good
 122  sn95D         Ia-norm    0.6552   5.27   0.2467   0.0085    10.10  0   good
 123  sn95E         Ia-norm    0.6227   5.26   0.2485   0.0085     7.00  0   good
 124  sn06gz        Ia-pec     0.7432   5.26   0.2496   0.0083     7.20  0   good
 125  sn96X         Ia-norm    0.6877   5.24   0.2544   0.0082    -3.00  0   good
 126  sn90O         Ia-norm    0.6796   5.23   0.2600   0.0091    -0.40  0   good
 127  sn99aa        Ia-91T     0.6295   5.17   0.2701   0.0087     7.60  0   good
 128  sn96X         Ia-norm    0.6877   5.16   0.2541   0.0083    -2.00  0   good
 129  sn03du        Ia-norm    0.6620   5.12   0.2528   0.0090    -0.80  0   good
 130  sn95E         Ia-norm    0.6024   5.06   0.2543   0.0090    -1.90  0   good
 131  sn93ac        Ia-norm    0.8069   5.05   0.2534   0.0099     6.90  0   good
 132  sn89B         Ia-norm    0.6390   5.04   0.2453   0.0090     7.50  0   good
 133  sn94ae        Ia-norm    0.6823   5.02   0.2449   0.0098    11.30  0   good
 134  sn03du        Ia-norm    0.7487   5.02   0.2451   0.0096    10.80  0   good
 135  sn96X         Ia-norm    0.6877   5.02   0.2477   0.0087     7.90  0   good
#--- rlap cutoff
 136  sn99aa        Ia-91T     0.6783   4.98   0.2729   0.0116    -4.10  0    cut
 137  sn06gz        Ia-pec     0.6986   4.96   0.2511   0.0087     4.30  0    cut
 138  sn94D         Ia-norm    0.7297   4.96   0.2508   0.0084     2.20  0    cut
 139  sn99aw        Ia-91T     0.5496   4.89   0.2600   0.0093    -0.70  0    cut
 140  sn96X         Ia-norm    0.6485   4.87   0.2540   0.0091    -0.90  0    cut
 141  sn94D         Ia-norm    0.6593   4.87   0.2534   0.0091     0.40  0    cut
 142  sn94M         Ia-norm    0.6891   4.80   0.2543   0.0089     7.90  0    cut
 143  sn91T         Ia-91T     0.8069   4.70   0.1020   0.0139    -0.20  0    cut
 144  sn00E         Ia-norm    0.6904   4.64   0.2566   0.0104    -2.50  0    cut
 145  sn92A         Ia-norm    0.6471   4.64   0.2577   0.0096     7.30  0    cut
 146  sn00E         Ia-norm    0.6796   4.60   0.2570   0.0102    -1.40  0    cut
 147  sn06gz        Ia-pec     0.7432   4.55   0.2487   0.0094     8.20  0    cut
 148  sn95E         Ia-norm    0.7581   4.52   0.2429   0.0106    10.00  0    cut
 149  sn94S         Ia-norm    0.6485   4.50   0.2523   0.0101     1.40  0    cut
 150  sn94D         Ia-norm    0.6620   4.45   0.2550   0.0102    -2.60  0    cut
 151  sn00cx        Ia-pec     0.6403   4.44   0.2623   0.0109     0.60  0    cut
 152  sn98bu        Ia-norm    0.6579   4.39   0.2485   0.0097     9.30  0    cut
 153  sn94M         Ia-norm    0.6038   4.26   0.2585   0.0109     4.00  0    cut
 154  sn00cx        Ia-pec     0.6173   4.22   0.2624   0.0109    -0.40  0    cut
 155  sn91N         Ic-norm    0.8069   4.21   0.0972   0.0249     0.00  1    cut
 156  kcSa          Gal        0.8069   4.20   0.2111   0.0089   -99.90  2    cut
 157  sn05bf        Ib-pec     0.7392   4.18   0.2320   0.0124    -2.70  0    cut
 158  sn05bf        Ib-pec     0.7378   4.18   0.2322   0.0121    -3.60  0    cut
 159  sn96X         Ia-norm    0.6877   4.18   0.2473   0.0101     8.90  0    cut
 160  sn05bf        Ib-pec     0.7392   4.17   0.2318   0.0122    -1.60  0    cut
 161  sn00cx        Ia-pec     0.7649   4.07   0.2550   0.0109     1.60  0    cut
 162  sn03fg        Ia-pec     0.8069   4.06   0.2389   0.0105     2.00  0    cut
 163  sn90N         Ia-norm    0.8069   4.06   0.2477   0.0113     4.90  0    cut
 164  sn06gz        Ia-pec     0.7419   4.00   0.2481   0.0104     9.20  0    cut
 165  sn00E         Ia-norm    0.6471   3.97   0.2493   0.0108     8.40  0    cut
 166  sn94D         Ia-norm    0.8069   3.96   0.2556   0.0125    -3.80  0    cut
 167  sn95D         Ia-norm    0.7067   3.94   0.2408   0.0117    11.20  0    cut
 168  sn96X         Ia-norm    0.8069   3.94   0.2469   0.0118     7.80  0    cut
 169  sn86G         Ia-91bg    0.6796   3.80   0.2554   0.0118    -3.40  0    cut
 170  sn03cg        Ia-norm    0.6661   3.79   0.2496   0.0109     7.40  0    cut
 171  sn92A         Ia-norm    0.8069   3.79   0.2534   0.0122     8.70  0    cut
 172  sn99ac        Ia-91T     0.7987   3.76   0.2489   0.0128    12.20  0    cut
 173  sn05bf        Ib-pec     0.7378   3.74   0.2311   0.0133    -0.70  0    cut
 174  sn86G         Ia-91bg    0.6810   3.73   0.2542   0.0118    -2.40  0    cut
 175  sn94M         Ia-norm    0.6877   3.72   0.2607   0.0123     3.00  0    cut
 176  sn00cx        Ia-pec     0.5997   3.71   0.2583   0.0113     9.50  0    cut
 177  sn98bu        Ia-norm    0.6579   3.70   0.2475   0.0114    10.20  0    cut
 178  sn05bf        Ib-pec     0.7351   3.70   0.2299   0.0137     1.20  0    cut
 179  sn04aw        Ic-norm    0.6715   3.65   0.2636   0.0144    -3.30  0    cut
 180  sn94T         Ia-norm    0.5510   3.64   0.2517   0.0129     1.20  0    cut
 181  sn04aw        Ic-norm    0.6715   3.63   0.2615   0.0152    -2.20  0    cut
 182  sn89B         Ia-norm    0.6566   3.60   0.2432   0.0117     9.50  0    cut
 183  sn06gz        Ia-pec     0.7432   3.58   0.2475   0.0116    10.10  0    cut
 184  sn86G         Ia-91bg    0.5957   3.53   0.2500   0.0119     1.60  0    cut
 185  sn91T         Ia-91T     0.7365   3.50   0.2431   0.0128    10.90  0    cut
 186  sn92A         Ia-norm    0.8069   3.50   0.2548   0.0131     8.90  0    cut
 187  sn86G         Ia-91bg    0.5916   3.49   0.2502   0.0121     0.60  0    cut
 188  sn99by        Ia-91bg    0.6593   3.48   0.2497   0.0124    -3.90  0    cut
 189  sn99by        Ia-91bg    0.7189   3.47   0.2455   0.0122    -2.80  0    cut
 190  sn02ic        Ia-csm     0.8069   3.42   0.2455   0.0148     5.60  0    cut
 191  kcE           Gal        0.8069   3.42   0.2124   0.0117   -99.90  2    cut
 192  sn00cx        Ia-pec     0.6390   3.38   0.2623   0.0148    -1.40  0    cut
 193  sn02ic        Ia-csm     0.6918   3.37   0.2457   0.0123     9.40  0    cut
 194  sn04eo        Ia-norm    0.7608   3.36   0.2410   0.0131     7.00  0    cut
 195  sn05hk        Ia-pec     0.7311   3.36   0.0821   0.0186    -3.30  0    cut
 196  sn97br        Ia-91T     0.7554   3.35   0.2490   0.0139     7.80  0    cut
 197  sn03cg        Ia-norm    0.7554   3.30   0.2442   0.0139     9.60  0    cut
 198  sn05bf        Ib-pec     0.7392   3.27   0.2308   0.0165     3.20  0    cut
 199  sn05bf        Ib-pec     0.7378   3.25   0.2288   0.0162     6.20  0    cut
 200  sn05bf        Ib-pec     0.7378   3.25   0.2309   0.0167     5.20  0    cut
 201  sn05bf        Ib-pec     0.7365   3.24   0.2306   0.0160     2.20  0    cut
 202  sn98S         IIn        0.6539   3.16   0.2256   0.0129    13.80  0    cut
 203  sn98dt        Ib-norm    0.7906   3.15   0.2454   0.0206     7.90  0    cut
 204  sn94Q         Ia-norm    0.7432   3.14   0.2503   0.0137    11.60  0    cut
 205  sn98bu        Ia-norm    0.6579   3.10   0.2466   0.0133    11.20  0    cut
 206  sn98S         IIn        0.6539   3.09   0.2259   0.0132    12.70  0    cut
 207  sn98S         IIn        0.6539   3.06   0.2253   0.0140    15.80  0    cut
 208  sn05hk        Ia-pec     0.7311   3.03   0.0813   0.0201    -2.40  0    cut
 209  sn04aw        Ic-norm    0.8055   3.02   0.2564   0.0171    -1.70  0    cut
 210  lbv03hy       LBV        0.6769   3.00   0.2265   0.0131   -99.90  2    cut
 211  sn05bf        Ib-pec     0.7392   3.00   0.2269   0.0167     8.20  0    cut
 212  sn95bd        Ia-norm    0.6823   2.99   0.2469   0.0141    11.30  0    cut
 213  sn00cx        Ia-pec     0.7635   2.93   0.2563   0.0130     5.60  0    cut
 214  kcS0          Gal        0.8069   2.92   0.2132   0.0148   -99.90  2    cut
 215  sn04aw        Ic-norm    0.7852   2.91   0.2536   0.0173    -0.20  0    cut
 216  sn95F         Ic-norm    0.7487   2.90   0.2400   0.0197     0.00  1    cut
 217  sn02er        Ia-norm    0.7717   2.88   0.2390   0.0155     9.40  0    cut
 218  sn00H         IIb        0.7067   2.88   0.2316   0.0163    13.40  0    cut
 219  sn04aw        Ic-norm    0.6579   2.86   0.2599   0.0158    -1.30  0    cut
 220  sn97br        Ia-91T     0.6877   2.86   0.2460   0.0146     8.50  0    cut
 221  sn86G         Ia-91bg    0.6539   2.85   0.2543   0.0145    -1.90  0    cut
 222  sn06aj        Ic-broad   0.7744   2.83   0.0005   0.0239    -2.10  0    cut
 223  sn86G         Ia-91bg    0.6566   2.83   0.2535   0.0144    -0.90  0    cut
 224  lbv01ac       LBV        0.7960   2.83   0.1986   0.0146   -99.90  2    cut
 225  sn00cx        Ia-pec     0.5740   2.81   0.2615   0.0169    -2.40  0    cut
 226  sn04S         Ia-norm    0.7270   2.81   0.2445   0.0169    13.40  0    cut
 227  sn86G         Ia-91bg    0.6552   2.79   0.2497   0.0143     0.10  0    cut
 228  sn00cx        Ia-pec     0.7649   2.79   0.2556   0.0135     6.50  0    cut
 229  mstar         M-star     0.7162   2.77   0.2116   0.0153     7.00  2    cut
 230  sn98S         IIn        0.6539   2.73   0.2266   0.0138     9.70  0    cut
 231  sn90N         Ia-norm    0.7784   2.72   0.2421   0.0166    14.50  0    cut
 232  sn00H         IIb        0.6701   2.72   0.2368   0.0171     7.70  0    cut
 233  sn86G         Ia-91bg    0.6552   2.70   0.2513   0.0145     1.10  0    cut
 234  sn99ex        Ib-norm    0.7974   2.68   0.2507   0.0183     0.40  0    cut
 235  sn04aw        Ic-norm    0.6715   2.68   0.2561   0.0167     0.80  0    cut
 236  sn05hk        Ia-pec     0.6268   2.67   0.2285   0.0161     3.60  0    cut
 237  sn00cx        Ia-pec     0.6011   2.67   0.2562   0.0149    11.50  0    cut
 238  kcSb          Gal        0.8069   2.65   0.2133   0.0163   -99.90  2    cut
 239  sn91bg        Ia-91bg    0.6200   2.64   0.2460   0.0149     2.70  0    cut
 240  sn05bf        Ib-pec     0.8069   2.64   0.2305   0.0188     3.40  0    cut
 241  sn98bu        Ia-norm    0.6579   2.63   0.2457   0.0155    12.20  0    cut
 242  sn02ap        Ic-broad   0.7771   2.63   0.2434   0.0187     2.70  0    cut
 243  sn94D         Ia-norm    0.6160   2.59   0.2438   0.0162    10.10  0    cut
 244  sn04aw        Ic-norm    0.6728   2.58   0.2505   0.0156     2.60  0    cut
 245  sn00cx        Ia-pec     0.6322   2.55   0.2641   0.0185    -3.40  0    cut
 246  sn05hk        Ia-pec     0.7338   2.55   0.0795   0.0229    -1.40  0    cut
 247  sn05hk        Ia-pec     0.7324   2.55   0.0491   0.0159    14.40  0    cut
 248  sn95D         Ia-norm    0.7026   2.53   0.2375   0.0163    14.10  0    cut
 249  sn00H         IIb        0.6701   2.53   0.2371   0.0187     6.70  0    cut
 250  sn99dn        Ib-norm    0.6986   2.53   0.2331   0.0238     6.90  1    cut
 251  sn90B         Ic-norm    0.7243   2.52   0.2390   0.0221     8.90  0    cut
 252  sn89B         Ia-norm    0.6850   2.52   0.2406   0.0164    12.40  0    cut
 253  sn02cx        Ia-pec     0.6810   2.52   0.0525   0.0149    10.30  0    cut
 254  sn06aj        Ic-broad   0.7121   2.51   0.1310   0.0230    -3.40  0    cut
 255  mstar         M-star     0.7162   2.51   0.2128   0.0156     5.00  2    cut
 256  sn96cb        IIb        0.6864   2.48   0.2245   0.0181     0.90  0    cut
 257  sn02bo        Ia-norm    0.6579   2.47   0.2490   0.0169    10.80  0    cut
 258  sn06aj        Ic-broad   0.6823   2.47   0.1291   0.0240    -1.50  0    cut
 259  sn04aw        Ic-norm    0.6715   2.46   0.2550   0.0170     1.60  0    cut
 260  sn89B         Ia-norm    0.6593   2.45   0.2411   0.0161    11.50  0    cut
 261  sn05hk        Ia-pec     0.7013   2.44   0.0846   0.0246    -4.20  0    cut
 262  sn90B         Ic-norm    0.4346   2.43   0.2102   0.0182     7.00  0    cut
 263  sn02er        Ia-norm    0.7365   2.42   0.2470   0.0168    10.60  0    cut
 264  sn00H         IIb        0.6688   2.42   0.2336   0.0176    10.60  0    cut
 265  sn06aj        Ic-broad   0.5551   2.41   0.2865   0.0201     1.80  0    cut
 266  sn00H         IIb        0.6701   2.41   0.2354   0.0183     9.60  0    cut
 267  sn94D         Ia-norm    0.6891   2.40   0.2455   0.0158    11.00  0    cut
 268  sn06bp        IIP        0.5524   2.40  -0.0094   0.0000    -1.70  0    cut
 269  sn97dd        IIb        0.7311   2.37   0.2235   0.0177     0.00  1    cut
 270  sn03cg        Ia-norm    0.7500   2.34   0.2437   0.0179    11.40  0    cut
 271  sn98bu        Ia-norm    0.6579   2.32   0.2440   0.0174    13.20  0    cut
 272  sn90B         Ic-norm    0.4346   2.32   0.2090   0.0185     9.90  0    cut
 273  sn04aw        Ic-norm    0.6755   2.31   0.2534   0.0183     1.90  0    cut
 274  sn97cn        Ia-91bg    0.7162   2.30   0.2404   0.0160     3.90  0    cut
 275  sn83V         Ic-norm    0.6187   2.30   0.2436   0.0187     4.00  0    cut
 276  sn91N         Ic-norm    0.8069   2.30   0.0989   0.0369     7.60  1    cut
 277  sn84L         Ib-norm    0.5537   2.28   0.2297   0.0205     8.00  0    cut
 278  mstar         M-star     0.7148   2.27   0.2189   0.0180     4.00  2    cut
 279  sn05hk        Ia-pec     0.6728   2.26   0.0497   0.0172    14.30  0    cut
 280  sn00H         IIb        0.6701   2.26   0.2340   0.0187    11.60  0    cut
 281  lbv03hy       LBV        0.6783   2.26   0.2256   0.0168   -99.90  2    cut
 282  sn84L         Ib-norm    0.5591   2.23   0.2271   0.0216     9.00  0    cut
 283  sn03du        Ia-norm    0.7311   2.23   0.2499   0.0182    13.70  0    cut
 284  sn92A         Ia-norm    0.6119   2.22   0.2554   0.0167    11.60  0    cut
 285  sn91bg        Ia-91bg    0.7094   2.21   0.2414   0.0178     2.70  0    cut
 286  sn91bg        Ia-91bg    0.6823   2.20   0.2454   0.0185     1.50  0    cut
 287  sn02bo        Ia-norm    0.6593   2.19   0.2475   0.0184    11.90  0    cut
 288  sn92A         Ia-norm    0.7960   2.17   0.2558   0.0187    11.70  0    cut
 289  sn96cb        IIb        0.6837   2.17   0.2232   0.0172     5.00  0    cut
 290  sn99em        IIP        0.7162   2.15  -0.0086   0.0189     5.40  0    cut
 291  sn94M         Ia-norm    0.7947   2.14   0.2483   0.0170    12.90  0    cut
 292  sn00cx        Ia-pec     0.6011   2.14   0.2520   0.0189    14.50  0    cut
 293  sn02cx        Ia-pec     0.6796   2.14   0.0913   0.0285    -2.40  0    cut
 294  sn99by        Ia-91bg    0.7189   2.14   0.2402   0.0178     3.10  0    cut
 295  sn97br        Ia-91T     0.8069   2.13   0.2361   0.0195    12.40  0    cut
 296  sn02er        Ia-norm    0.6959   2.13   0.2522   0.0180    12.40  0    cut
 297  sn04eo        Ia-norm    0.7324   2.12   0.2392   0.0187    11.00  0    cut
 298  sn97br        Ia-91T     0.6837   2.11   0.1048   0.0270    -4.00  0    cut
 299  sn99by        Ia-91bg    0.6579   2.10   0.2427   0.0186     4.10  0    cut
 300  mstar         M-star     0.7175   2.10   0.2133   0.0142     3.00  2    cut
 301  sn83V         Ic-norm    0.6146   2.09   0.2672   0.0207    -4.00  0    cut
 302  sn04S         Ia-norm    0.6986   2.09   0.2408   0.0182    14.00  0    cut
 303  sn94I         Ic-norm    0.6607   2.08   0.2512   0.0213    -2.70  0    cut
 304  sn04aw        Ic-norm    0.6755   2.08   0.2517   0.0183     3.10  0    cut
 305  sn98bu        Ia-norm    0.6579   2.07   0.2423   0.0194    14.30  0    cut
 306  mstar         M-star     0.7148   2.07   0.2137   0.0180     0.00  2    cut
 307  sn04aw        Ic-norm    0.6715   2.07   0.2518   0.0205     3.60  0    cut
 308  sn97ef        Ic-broad   0.5429   2.05   0.2455   0.0214     6.80  0    cut
 309  sn97dq        Ic-norm    0.7879   2.04   0.2522   0.0254     1.00  1    cut
 310  sn02bo        Ia-norm    0.6579   2.04   0.2469   0.0196    12.80  0    cut
 311  sn04aw        Ic-norm    0.7324   2.04   0.2440   0.0212     5.30  0    cut
 312  lbv99bw       LBV        0.6106   2.04  -0.0103   0.0162   -99.90  2    cut
 313  sn97ef        Ic-broad   0.6918   2.04   0.0870   0.0350    12.80  0    cut
 314  sn05bf        Ib-pec     0.6065   2.02   0.2341   0.0211    -0.90  0    cut
 315  sn89B         Ia-norm    0.6823   2.01   0.2390   0.0193    14.40  0    cut
 316  sn92ar        Ic-norm    0.6173   2.01   0.2349   0.0217     3.40  0    cut
 317  sn94I         Ic-norm    0.6607   2.00   0.2534   0.0217    -3.80  0    cut
 318  sn99em        IIP        0.7080   1.99  -0.0054   0.0224     0.40  0    cut
 319  sn06bp        IIP        0.5510   1.98  -0.0094   0.0000     0.10  0    cut
 320  sn98S         IIn        0.7473   1.97   0.0882   0.0290    11.40  0    cut
 321  lbv03hy       LBV        0.6769   1.97   0.2284   0.0134   -99.90  2    cut
 322  sn91N         Ic-norm    0.8069   1.96   0.0855   0.0393    12.00  1    cut
 323  sn98dt        Ib-norm    0.6715   1.95   0.2489   0.0228     0.00  0    cut
 324  sn89B         Ia-norm    0.6444   1.94   0.2397   0.0194    13.40  0    cut
 325  sn94D         Ia-norm    0.6593   1.94   0.2428   0.0201    13.40  0    cut
 326  sn05gj        Ia-csm     0.6282   1.94   0.0747   0.0222     7.70  0    cut
 327  sn99by        Ia-91bg    0.6579   1.93   0.2420   0.0201     5.20  0    cut
 328  sn02ap        Ic-broad   0.5767   1.93   0.2398   0.0221     9.50  0    cut
 329  sn98dt        Ib-norm    0.6715   1.91   0.2385   0.0239     3.90  0    cut
 330  sn87A         II-pec     0.5713   1.91   0.5918   0.0151     3.30  0    cut
 331  sn05gj        Ia-csm     0.6255   1.91   0.0751   0.0232    10.40  0    cut
 332  sn02ap        Ic-broad   0.4901   1.90   0.3450   0.0180    12.70  0    cut
 333  sn96cb        IIb        0.6850   1.90   0.2220   0.0202     7.00  0    cut
 334  sn05cs        IIP        0.7216   1.90  -0.0078   0.0240     2.10  0    cut
 335  sn96cb        IIb        0.6850   1.90   0.2220   0.0202     7.00  0    cut
 336  sn05hk        Ia-pec     0.5916   1.90   0.2155   0.0195    12.40  0    cut
 337  mstar         M-star     0.7148   1.90   0.2146   0.0221     6.00  2    cut
 338  sn97dq        Ic-norm    0.8069   1.90   0.2497   0.0261    27.90  1    cut
 339  sn02bo        Ia-norm    0.6593   1.90   0.2463   0.0207    13.80  0    cut
 340  sn05cs        IIP        0.7202   1.90  -0.0094   0.0000     5.00  0    cut
 341  sn97ef        Ic-broad   0.6810   1.89   0.0849   0.0343    13.80  0    cut
 342  lbv03hy       LBV        0.6769   1.89   0.2277   0.0143   -99.90  2    cut
 343  sn94D         Ia-norm    0.6864   1.89   0.2419   0.0203    12.20  0    cut
 344  sn06aj        Ic-broad   0.6837   1.88   0.2932   0.0230    -0.50  0    cut
 345  sn05cs        IIP        0.7189   1.88  -0.0087   0.0228     4.00  0    cut
 346  mstar         M-star     0.7135   1.87   0.2140   0.0185     1.00  2    cut
 347  sn96X         Ia-norm    0.4806   1.86   0.2434   0.0206    12.70  0    cut
 348  sn99em        IIP        0.7148   1.85  -0.0060   0.0237    -0.60  0    cut
 349  sn03cg        Ia-norm    0.7459   1.85   0.2413   0.0209    12.40  0    cut
 350  sn91N         Ic-norm    0.8069   1.84   0.2524   0.0257     6.60  1    cut
 351  sn06aj        Ic-broad   0.8069   1.84   0.1183   0.0276     2.80  0    cut
 352  sn99ex        Ib-norm    0.6552   1.84   0.2376   0.0218     9.30  0    cut
 353  mstar         M-star     0.7148   1.84  -0.0066   0.0151     9.00  2    cut
 354  sn84L         Ib-norm    0.7162   1.84   0.2360   0.0312    11.90  0    cut
 355  sn04et        IIP        0.7189   1.84  -0.0091   0.0208     4.00  0    cut
 356  sn05cs        IIP        0.7216   1.83  -0.0071   0.0240     3.10  0    cut
 357  sn95F         Ic-norm    0.7500   1.83   0.2426   0.0283    56.70  1    cut
 358  lbv03hy       LBV        0.6810   1.83   0.0629   0.0246   -99.90  2    cut
 359  sn99aa        Ia-91T     0.6945   1.82   0.2605   0.0210    15.40  0    cut
 360  sn87A         II-pec     0.5740   1.82   0.5921   0.0155    13.30  0    cut
 361  sn00H         IIb        0.7013   1.82   0.2395   0.0232     8.40  0    cut
 362  sn05cs        IIP        0.7202   1.82  -0.0094   0.0000     1.00  0    cut
 363  mstar         M-star     0.7162   1.81  -0.0079   0.0161    10.00  2    cut
 364  sn95F         Ic-norm    0.7500   1.81   0.2399   0.0284    35.60  1    cut
 365  sn04et        IIP        0.7175   1.81  -0.0044   0.0241    -1.90  0    cut
 366  sn02ap        Ic-broad   0.5767   1.81   0.2420   0.0231     6.50  0    cut
 367  sn94I         Ic-norm    0.6918   1.80   0.2498   0.0225    -0.10  0    cut
 368  sn99em        IIP        0.7757   1.80  -0.0094   0.0000     6.20  0    cut
 369  mstar         M-star     0.7175   1.79   0.2137   0.0174     2.00  2    cut
 370  lbv03hy       LBV        0.6796   1.78   0.0633   0.0243   -99.90  2    cut
 371  sn99by        Ia-91bg    0.6593   1.78   0.2421   0.0229     6.10  0    cut
 372  sn04et        IIP        0.7121   1.78  -0.0057   0.0231     1.00  0    cut
 373  sn98dt        Ib-norm    0.6715   1.78   0.2497   0.0252     0.90  0    cut
 374  sn04eo        Ia-norm    0.7324   1.78   0.2348   0.0196    14.00  0    cut
 375  kcSc          Gal        0.8069   1.77   0.2042   0.0191   -99.90  2    cut
 376  sn02bo        Ia-norm    0.6593   1.77   0.2454   0.0219    14.80  0    cut
 377  sn93J         IIb        0.7053   1.77   0.2231   0.0225     4.60  0    cut
 378  sn99em        IIP        0.7053   1.76  -0.0049   0.0239     1.40  0    cut
 379  sn91N         Ic-norm    0.8069   1.74   0.1156   0.0420     5.70  1    cut
 380  sn04et        IIP        0.7162   1.74  -0.0057   0.0242    -0.90  0    cut
 381  lbv03hy       LBV        0.6783   1.73   0.0650   0.0253   -99.90  2    cut
 382  sn06bp        IIP        0.5618   1.73  -0.0094   0.0000     2.10  0    cut
 383  sn94D         Ia-norm    0.6877   1.73   0.2384   0.0221    15.20  0    cut
 384  sn88L         Ib-norm    0.5903   1.72   0.2382   0.0284     0.00  1    cut
 385  sn95F         Ic-norm    0.7500   1.72   0.2337   0.0299    28.90  1    cut
 386  sn93J         IIb        0.8069   1.72   0.1003   0.0318    13.00  0    cut
 387  sn04et        IIP        0.7040   1.72  -0.0060   0.0232     2.00  0    cut
 388  sn94D         Ia-norm    0.6850   1.71   0.2429   0.0218    13.20  0    cut
 389  sn93J         IIb        0.6986   1.71   0.2274   0.0258     1.40  0    cut
 390  sn02bo        Ia-norm    0.6607   1.71   0.2449   0.0224    15.70  0    cut
 391  sn94I         Ic-norm    0.6607   1.70   0.2465   0.0241     1.10  0    cut
 392  sn99em        IIP        0.7338   1.70  -0.0050   0.0244     2.40  0    cut
 393  lbv03hy       LBV        0.6796   1.69   0.0637   0.0251   -99.90  2    cut
 394  sn04et        IIP        0.7162   1.69  -0.0094   0.0000     6.20  0    cut
 395  sn99by        Ia-91bg    0.6593   1.69   0.2423   0.0242     7.10  0    cut
 396  sn04et        IIP        0.7175   1.67  -0.0054   0.0257    -2.90  0    cut
 397  sn94D         Ia-norm    0.6607   1.67   0.2406   0.0230    15.30  0    cut
 398  sn04et        IIP        0.6891   1.66   0.2239   0.0273    14.50  0    cut
 399  sn99em        IIP        0.6579   1.66  -0.0094   0.0000     6.40  0    cut
 400  sn04eo        Ia-norm    0.7324   1.65   0.2364   0.0208    12.40  0    cut
 401  lbv03hy       LBV        0.6783   1.64   0.0649   0.0259   -99.90  2    cut
 402  sn04et        IIP        0.7189   1.63   0.2162   0.0222    12.10  0    cut
 403  sn98S         IIn        0.5808   1.63   0.4206   0.0199     1.90  0    cut
 404  sn04et        IIP        0.7121   1.63   0.2215   0.0256     8.60  0    cut
 405  sn93J         IIb        0.7324   1.63   0.2192   0.0207     3.70  0    cut
 406  sn06bp        IIP        0.6918   1.63   0.2279   0.0276    15.10  0    cut
 407  sn02cx        Ia-pec     0.5104   1.62   0.5001   0.0193    14.20  0    cut
 408  sn93J         IIb        0.6931   1.62   0.2318   0.0277    -1.60  0    cut
 409  sn94I         Ic-norm    0.6607   1.62   0.2449   0.0256     2.10  0    cut
 410  mstar         M-star     0.7162   1.62  -0.0061   0.0162     8.00  2    cut
 411  sn83N         Ib-norm    0.6620   1.62   0.2165   0.0234    12.00  0    cut
 412  kcSB1         Gal        0.8069   1.62   0.3028   0.0163   -99.90  2    cut
 413  sn93J         IIb        0.7053   1.62   0.2228   0.0240     3.80  0    cut
 414  sn06bp        IIP        0.6877   1.62  -0.0033   0.0240     7.20  0    cut
 415  sn91A         Ic-norm    0.4833   1.61   0.0254   0.0204   128.30  1    cut
 416  sn83V         Ic-norm    0.6688   1.61   0.2428   0.0253    11.90  0    cut
 417  sn98bw        Ic-broad   0.8069   1.60   0.3538   0.0330    12.70  0    cut
 418  sn97dd        IIb        0.6688   1.58   0.2209   0.0236     3.60  1    cut
 419  sn94I         Ic-norm    0.6525   1.58   0.2432   0.0262     3.30  0    cut
 420  sn99em        IIP        0.7744   1.57  -0.0045   0.0261     0.20  0    cut
 421  sn05gj        Ia-csm     0.6363   1.56   0.0795   0.0313    -1.80  0    cut
 422  sn99by        Ia-91bg    0.6579   1.55   0.2420   0.0282     8.10  0    cut
 423  sn04et        IIP        0.7202   1.55   0.2168   0.0235    10.00  0    cut
 424  sn97dq        Ic-norm    0.6579   1.55   0.2461   0.0284     0.00  1    cut
 425  sn06bp        IIP        0.6634   1.54  -0.0075   0.0324     3.30  0    cut
 426  sn05cs        IIP        0.7202   1.54  -0.0094   0.0000     0.10  0    cut
 427  sn93J         IIb        0.6850   1.54   0.2257   0.0278     3.40  0    cut
 428  sn98bw        Ic-broad   0.7663   1.54   0.2673   0.0415     8.70  0    cut
 429  sn02er        Ia-norm    0.7839   1.53   0.2488   0.0243    15.50  0    cut
 430  sn90B         Ic-norm    0.5672   1.53   0.3456   0.0203    15.40  0    cut
 431  sn99em        IIP        0.6552   1.52  -0.0094   0.0000    -3.60  0    cut
 432  sn06bp        IIP        0.5632   1.52  -0.0098   0.0245     8.10  0    cut
 433  sn93J         IIb        0.7107   1.51   0.2302   0.0288    -2.40  0    cut
 434  sn99em        IIP        0.6539   1.51  -0.0094   0.0000    -1.60  0    cut
 435  sn98bw        Ic-broad   0.7595   1.51   0.3129   0.0340     7.80  0    cut
 436  lbv03hy       LBV        0.6769   1.49   0.0582   0.0268   -99.90  2    cut
 437  sn99gi        IIP        0.6512   1.48  -0.0094   0.0000    -4.00  0    cut
 438  sn98dt        Ib-norm    0.6715   1.48   0.2346   0.0341     6.80  0    cut
 439  sn04aw        Ic-norm    0.7324   1.48   0.2395   0.0260    12.20  0    cut
 440  sn97dq        Ic-norm    0.6593   1.48   0.2478   0.0296    14.90  1    cut
 441  sn06bp        IIP        0.6634   1.47  -0.0076   0.0313     4.20  0    cut
 442  sn94I         Ic-norm    0.7771   1.47   0.2456   0.0263     2.40  0    cut
 443  sn90K         IIL        0.6403   1.47   0.2352   0.0296     0.00  1    cut
 444  sn06bp        IIP        0.6864   1.47   0.2307   0.0303    14.30  0    cut
 445  sn97dd        IIb        0.6701   1.47   0.2201   0.0265    16.40  1    cut
 446  sn99em        IIP        0.5754   1.46  -0.0094   0.0000     5.60  0    cut
 447  sn99em        IIP        0.5848   1.46  -0.0094   0.0000     6.60  0    cut
 448  kcSB2         Gal        0.8069   1.46   0.3023   0.0176   -99.90  2    cut
 449  sn83V         Ic-norm    0.6579   1.45   0.2428   0.0287    14.90  0    cut
 450  sn98S         IIn        0.6525   1.45   0.2294   0.0163     2.70  0    cut
 451  sn97dq        Ic-norm    0.6593   1.45   0.2476   0.0292    17.90  1    cut
 452  kcSB4         Gal        0.8069   1.44   0.2047   0.0195   -99.90  2    cut
 453  sn94D         Ia-norm    0.6512   1.44   0.2392   0.0251    14.30  0    cut
 454  sn97dq        Ic-norm    0.6607   1.43   0.2475   0.0296    21.90  1    cut
 455  sn96cb        IIb        0.6850   1.43   0.2251   0.0308    -2.10  0    cut
 456  sn93J         IIb        0.7148   1.42   0.2208   0.0245     5.50  0    cut
 457  sn98S         IIn        0.6485   1.42   0.2302   0.0160     1.80  0    cut
 458  sn90I         Ib-norm    0.6512   1.42   0.2439   0.0392    11.40  0    cut
 459  sn91A         Ic-norm    0.5551   1.42   0.2553   0.0168    65.10  1    cut
 460  sn91A         Ic-norm    0.5564   1.42   0.2565   0.0192    61.40  1    cut
 461  sn80K         IIL        0.5618   1.41   0.3058   0.0345    11.00  0    cut
 462  sn90aa        Ic-norm    0.6227   1.41   0.2604   0.0218   116.10  1    cut
 463  sn99di        Ib-norm    0.4806   1.40   0.5767   0.0234    30.50  1    cut
 464  sn02ap        Ic-broad   0.6539   1.40   0.1191   0.0387    -1.40  0    cut
 465  sn91A         Ic-norm    0.5672   1.40   0.2544   0.0193    47.50  1    cut
 466  lbv03hy       LBV        0.6783   1.40   0.1827   0.0206   -99.90  2    cut
 467  sn90U         Ic-norm    0.7825   1.39   0.2301   0.0372    10.90  0    cut
 468  sn99em        IIP        0.6539   1.39  -0.0094   0.0000    -2.60  0    cut
 469  sn97dq        Ic-norm    0.6607   1.39   0.2477   0.0295    26.90  1    cut
 470  sn98bw        Ic-broad   0.7392   1.39  -0.0094   0.0000    13.70  0    cut
 471  sn05cs        IIP        0.7202   1.38   0.2179   0.0302     7.10  0    cut
 472  lbv01ac       LBV        0.6607   1.37   0.1350   0.0203   -99.90  2    cut
 473  sn97dq        Ic-norm    0.7866   1.35   0.2460   0.0298    81.70  1    cut
 474  sn88L         Ib-norm    0.5415   1.35   0.2584   0.0233    47.70  1    cut
 475  lbv99bw       LBV        0.6593   1.34   0.2057   0.0186   -99.90  2    cut
 476  sn90B         Ic-norm    0.4346   1.33   0.3430   0.0233     6.00  0    cut
 477  sn90K         IIL        0.6133   1.33  -0.0094   0.0000   202.60  1    cut
 478  sn90U         Ic-norm    0.6160   1.33   0.2194   0.0295    11.90  0    cut
 479  sn83V         Ic-norm    0.6038   1.33   0.2465   0.0339    13.90  0    cut
 480  sn91N         Ic-norm    0.7893   1.32   0.2519   0.0223    27.90  1    cut
 481  sn92H         IIP        0.4671   1.32  -0.0082   0.0274    11.50  0    cut
 482  sn98S         IIn        0.6471   1.32   0.2311   0.0162     0.90  0    cut
 483  kcSB3         Gal        0.8069   1.31   0.2085   0.0217   -99.90  2    cut
 484  sn02ap        Ic-broad   0.5754   1.31   0.2481   0.0270     1.50  0    cut
 485  sn02ap        Ic-broad   0.6579   1.31   0.2504   0.0343     4.60  0    cut
 486  sn97dc        Ib-norm    0.5930   1.31   0.3492   0.0213     0.00  1    cut
 487  sn83V         Ic-norm    0.5916   1.30   0.2428   0.0354    12.90  0    cut
 488  kcSB6         Gal        0.8069   1.30   0.2077   0.0180   -99.90  2    cut
 489  sn98bw        Ic-broad   0.7365   1.30  -0.0094   0.0000    15.70  0    cut
 490  sn05cs        IIP        0.7216   1.29   0.2111   0.0303     8.00  0    cut
 491  sn94D         Ia-norm    0.6566   1.29   0.2399   0.0264    15.20  0    cut
 492  sn91bg        Ia-91bg    0.7811   1.29   0.2398   0.0287    14.70  0    cut
 493  sn90B         Ic-norm    0.4346   1.29   0.3431   0.0219     5.90  0    cut
 494  sn90K         IIL        0.6268   1.28   0.2679   0.0320   147.10  1    cut
 495  sn05cs        IIP        0.7216   1.26  -0.0094   0.0000    -0.80  0    cut
 496  agn           AGN        0.8069   1.26  -0.0094   0.0000   -99.90  2    cut
 497  sn02ap        Ic-broad   0.6579   1.26   0.2519   0.0340     3.60  0    cut
 498  sn05cs        IIP        0.7216   1.26   0.2081   0.0303     9.00  0    cut
 499  sn80K         IIL        0.5293   1.25   0.0825   0.0372    12.00  0    cut
 500  sn99em        IIP        0.8069   1.25  -0.0033   0.0301    -3.70  0    cut
 501  sn93J         IIb        0.6525   1.24   0.2256   0.0329     2.70  0    cut
 502  sn02ap        Ic-broad   0.6579   1.24   0.2488   0.0385     6.60  0    cut
 503  sn02ap        Ic-broad   0.6579   1.23   0.2505   0.0354     5.60  0    cut
 504  sn91ar        Ib-norm    0.4860   1.23   0.3431   0.0192    15.80  1    cut
 505  sn79C         IIL        0.5510   1.21   0.6338   0.0215    12.90  0    cut
 506  sn06bp        IIP        0.5551   1.21   0.2224   0.0283    13.20  0    cut
 507  sn90aa        Ic-norm    0.6227   1.21   0.2565   0.0241    61.50  1    cut
 508  sn91ar        Ib-norm    0.5740   1.20   0.3419   0.0176    27.40  1    cut
 509  sn05cs        IIP        0.7216   1.20   0.2059   0.0305    10.00  0    cut
 510  sn99dn        Ib-norm    0.6715   1.20   0.2266   0.0456     0.00  1    cut
 511  sn98dt        Ib-norm    0.6715   1.20   0.5978   0.0247    11.70  0    cut
 512  sn93J         IIb        0.8055   1.20   0.1098   0.0416    12.00  0    cut
 513  sn02ap        Ic-broad   0.6579   1.19   0.2542   0.0354     0.60  0    cut
 514  sn98T         Ib-norm    0.5144   1.17   0.3535   0.0213     0.00  1    cut
 515  sn79C         IIL        0.4603   1.17   0.3434   0.0194    10.90  0    cut
 516  sn90aa        Ic-norm    0.6241   1.17   0.2439   0.0341     0.00  1    cut
 517  sn02ap        Ic-broad   0.6579   1.16   0.2448   0.0474    11.60  0    cut
 518  sn90B         Ic-norm    0.4319   1.16   0.3425   0.0234     5.00  0    cut
 519  sn99em        IIP        0.6566   1.16   0.2187   0.0332     9.40  0    cut
 520  sn87A         II-pec     0.5767   1.16   0.5971   0.0217    -2.70  0    cut
 521  sn02ap        Ic-broad   0.7256   1.15  -0.0094   0.0000    -2.40  0    cut
 522  sn90K         IIL        0.4711   1.15  -0.0094   0.0000    50.50  1    cut
 523  sn83N         Ib-norm    0.5212   1.15   0.2243   0.0487     4.00  0    cut
 524  sn93J         IIb        0.8055   1.14   0.1138   0.0421    11.00  0    cut
 525  sn98dt        Ib-norm    0.6701   1.14   0.5968   0.0249    10.70  0    cut
 526  sn97ei        Ic-norm    0.6728   1.14   0.2542   0.0381    10.90  1    cut
 527  sn91N         Ic-norm    0.6065   1.14   0.2542   0.0303   276.10  1    cut
 528  sn99dn        Ib-norm    0.5916   1.14   0.5778   0.0263    27.70  1    cut
 529  sn97ef        Ic-broad   0.6661   1.13   0.2685   0.0345    -4.10  0    cut
 530  sn05cs        IIP        0.7202   1.13  -0.0094   0.0000    -1.90  0    cut
 531  sn87A         II-pec     0.5754   1.12   0.5995   0.0215     9.30  0    cut
 532  sn91A         Ic-norm    0.6065   1.11   0.2436   0.0417     0.00  1    cut
 533  sn97cy        IIn        0.7784   1.11  -0.0094   0.0000   377.70  1    cut
 534  sn02ap        Ic-broad   0.6525   1.10   0.2551   0.0380    -0.40  0    cut
 535  sn95F         Ic-norm    0.7216   1.10   0.2483   0.0304    88.60  1    cut
 536  sn93J         IIb        0.8069   1.10   0.1172   0.0421    -3.00  0    cut
 537  sn97cy        IIn        0.7771   1.10   0.1364   0.0281    71.30  1    cut
 538  sn93J         IIb        0.6715   1.09   0.2213   0.0442     6.60  0    cut
 539  sn79C         IIL        0.4630   1.09   0.1027   0.0275     9.90  0    cut
 540  sn99em        IIP        0.7744   1.09   0.2160   0.0317    11.10  0    cut
 541  sn90K         IIL        0.6661   1.08  -0.0094   0.0000   119.20  1    cut
 542  sn96L         IIn        0.6092   1.07   0.1930   0.0232     8.40  0    cut
 543  sn91A         Ic-norm    0.5551   1.06   0.2262   0.0505    10.90  1    cut
 544  sn93J         IIb        0.8069   1.04   0.2257   0.0371    -2.00  0    cut
 545  sn04dj        IIP        0.5090   1.04   0.1986   0.0271     8.00  1    cut
 546  sn97cy        IIn        0.7459   1.04   0.1369   0.0307   174.50  1    cut
 547  sn91A         Ic-norm    0.5185   1.04   0.3427   0.0363    16.80  1    cut
 548  sn04dj        IIP        0.5117   1.03   0.1977   0.0278    18.00  1    cut
 549  sn97cy        IIn        0.7784   1.03   0.1372   0.0295   116.80  1    cut
 550  sn90K         IIL        0.6417   1.02  -0.0094   0.0000   174.80  1    cut
 551  sn90K         IIL        0.6119   1.02   0.0187   0.0264   136.20  1    cut
 552  sn04dj        IIP        0.5117   1.02   0.1986   0.0258     2.70  1    cut
 553  sn93J         IIb        0.8069   1.01   0.2290   0.0405    -4.00  0    cut
 554  sn91A         Ic-norm    0.6187   1.01   0.2575   0.0251    32.60  1    cut
 555  sn04dj        IIP        0.5117   1.01   0.1978   0.0291    17.00  1    cut
 556  sn80K         IIL        0.5280   1.01   0.6238   0.0231     7.00  0    cut
 557  sn04dj        IIP        0.5104   1.00   0.1983   0.0269     5.00  1    cut
 558  sn90B         Ic-norm    0.4955   1.00   0.5154   0.0256     4.00  0    cut
 559  sn98S         IIn        0.7419   1.00   0.1807   0.0219    -1.50  0    cut
 560  sn87A         II-pec     0.5740   1.00   0.5992   0.0236     1.30  0    cut
 561  sn80K         IIL        0.5185   0.99   0.2268   0.0293     9.00  0    cut
 562  sn87A         II-pec     0.5781   0.99   0.3184   0.0223    11.30  0    cut
 563  sn02ap        Ic-broad   0.7487   0.99   0.1293   0.0744     4.70  0    cut
 564  sn04dj        IIP        0.5117   0.98   0.1975   0.0299    20.00  1    cut
 565  kcSB5         Gal        0.8069   0.97  -0.0101   0.0291   -99.90  2    cut
 566  sn98bw        Ic-broad   0.8069   0.97   0.3540   0.0469    11.70  0    cut
 567  sn97cy        IIn        0.7798   0.96   0.1359   0.0298    57.20  1    cut
 568  sn99di        Ib-norm    0.5970   0.96   0.3475   0.0233    23.60  1    cut
 569  sn90K         IIL        0.6390   0.96   0.2295   0.0476    55.60  1    cut
 570  sn90K         IIL        0.5659   0.95   0.2098   0.0411    76.40  1    cut
 571  sn04dj        IIP        0.5104   0.95   0.1991   0.0267     0.00  1    cut
 572  sn90K         IIL        0.6065   0.94   0.2341   0.0522    53.30  1    cut
 573  sn97dq        Ic-norm    0.4549   0.94   0.3350   0.0265    42.80  1    cut
 574  sn91ar        Ib-norm    0.5348   0.94   0.3502   0.0257     0.00  1    cut
 575  sn97ei        Ic-norm    0.5144   0.93   0.5184   0.0230     0.00  1    cut
 576  sn97dq        Ic-norm    0.7216   0.92   0.2498   0.0508   222.20  1    cut
 577  sn04dj        IIP        0.5348   0.90   0.2082   0.0421    50.00  1    cut
 578  sn90K         IIL        0.5970   0.89   0.1237   0.0367   161.00  1    cut
 579  sn04dj        IIP        0.5835   0.89   0.2053   0.0275    89.80  1    cut
 580  sn90K         IIL        0.6363   0.87   0.1224   0.0390   174.80  1    cut
 581  sn04dj        IIP        0.5361   0.86   0.2029   0.0384    50.60  1    cut
 582  sn04dj        IIP        0.5117   0.85   0.1987   0.0358    36.00  1    cut
 583  sn97cy        IIn        0.8069   0.85   0.0257   0.0269   196.10  1    cut
 584  sn04dj        IIP        0.5334   0.85   0.2049   0.0422    46.80  1    cut
 585  sn04dj        IIP        0.5348   0.84   0.2056   0.0429    48.00  1    cut
 586  sn91N         Ic-norm    0.8069   0.84   0.2577   0.0416   250.20  1    cut
 587  sn04dj        IIP        0.5320   0.84   0.2078   0.0452    51.90  1    cut
 588  sn90K         IIL        0.5672   0.78   0.1375   0.0404   201.70  1    cut
 589  sn97cy        IIn        0.7784   0.78   0.1430   0.0318    14.10  1    cut
 590  sn99di        Ib-norm    0.5984   0.78   0.3510   0.0260     0.00  1    cut
 591  sn97cy        IIn        0.7784   0.72   0.0499   0.0301   226.10  1    cut
 592  sn97cy        IIn        0.7784   0.71   0.0140   0.0308   125.30  1    cut
 593  sn90K         IIL        0.5320   0.70   0.1554   0.0320   139.00  1    cut
 594  sn97cy        IIn        0.8069   0.64   0.0425   0.0323    29.40  1    cut
 595  sn97cy        IIn        0.7784   0.56   0.0157   0.0354     0.00  1    cut
