### SNID output file ###
 
### input spectrum and options ###
# Input spectrum                 : 6773_-4.50.dat
# Parameter file                 : NA
# Wavelength range               :    3602.42   9598.53
# Mask file                      : NA
# Median filtering width [A]     : NA
# Median filtering width [pix]   :       1.00
# Clip emission redshift         :     0.0893
# Clip sky lines                 : 0
# Emission clip width [A]        :       0.09
# Keep A-band                    : 1
# Age range                      :     -14.50      5.50
# Delta range                    :      -9.99     99.90
# Min. number of spectra/template:   1
# Use only templates             : NA
# Use only types                 : NA
# Avoid templates                : NA
# Avoid types                    : NA
# rlapmin                        :       5.00
# Redshift range                 :    -0.0100    1.2000
# Forced initial redshift        :     0.0893
# Extra fake redshift            : NA
# Nsigma for initial redshift    : NA
# Redshift filter                :     0.0200
# Wavenumbers k1,k2,k3,k4        :     1    4   85  102
# Template directory             : /Users/daniel/snid-5.0/templates/
 
### initial/user-input redshift ###
zinit       0.0000
zuser       0.0893
 
### median redshift/age and error ###
zmed        0.0973    0.0053
agem         -6.60      4.15
 
### type fraction/redshift/age ###
#type ntemp fraction slope redshift redshift_error age age_error
Ia              6      1.00    0.0000    0.0973    0.0053    -6.600     4.154
Ia-norm         5      0.83    0.0000    0.0984    0.0058    -7.000     3.187
Ia-91T          1      0.17    0.8333    0.0958    0.0000    -0.600     0.000
Ia-91bg         0      0.00    0.0000    0.0000    0.0000     0.000     0.000
Ia-csm          0      0.00    0.0000    0.0000    0.0000     0.000     0.000
Ia-pec          0      0.00    0.0000    0.0000    0.0000     0.000     0.000
###
Ib              0      0.00    0.0000    0.0000    0.0000     0.000     0.000
Ib-norm         0      0.00    0.0000    0.0000    0.0000     0.000     0.000
Ib-pec          0      0.00    0.0000    0.0000    0.0000     0.000     0.000
IIb             0      0.00    0.0000    0.0000    0.0000     0.000     0.000
###
Ic              0      0.00    0.0000    0.0000    0.0000     0.000     0.000
Ic-norm         0      0.00    0.0000    0.0000    0.0000     0.000     0.000
Ic-pec          0      0.00    0.0000    0.0000    0.0000     0.000     0.000
Ic-broad        0      0.00    0.0000    0.0000    0.0000     0.000     0.000
###
II              0      0.00    0.0000    0.0000    0.0000     0.000     0.000
IIP             0      0.00    0.0000    0.0000    0.0000     0.000     0.000
II-pec          0      0.00    0.0000    0.0000    0.0000     0.000     0.000
IIn             0      0.00    0.0000    0.0000    0.0000     0.000     0.000
IIL             0      0.00    0.0000    0.0000    0.0000     0.000     0.000
###
NotSN           0      0.00    0.0000    0.0000    0.0000     0.000     0.000
AGN             0      0.00    0.0000    0.0000    0.0000     0.000     0.000
Gal             0      0.00    0.0000    0.0000    0.0000     0.000     0.000
LBV             0      0.00    0.0000    0.0000    0.0000     0.000     0.000
M-star          0      0.00    0.0000    0.0000    0.0000     0.000     0.000
 
### rlap-ordered template listings ###
#no. sn type lap rlap z zerr age age_flag grade
   1  sn99aa        Ia-91T     0.9734   6.93   0.0958   0.0079    -0.60  0   good
   2  sn03du        Ia-norm    0.9409   5.36   0.0963   0.0109    -6.20  0   good
   3  sn02ap        Ic-broad   0.9274   5.28   1.1742   0.0187    -2.40  0    bad
   4  sn99ee        Ia-norm    0.9477   5.24   0.0991   0.0126    -8.60  0   good
   5  sn03du        Ia-norm    0.7514   5.21   0.0895   0.0119    -7.00  0   good
   6  sn90N         Ia-norm    0.9246   5.19   0.1057   0.0133   -13.20  0   good
   7  sn92A         Ia-norm    0.7459   5.08   0.0984   0.0108    -5.00  0   good
#--- rlap cutoff
   8  sn03du        Ia-norm    0.9450   4.89   0.0966   0.0119   -10.10  0    cut
   9  sn90O         Ia-norm    0.8339   4.70   0.0954   0.0130    -6.10  0    cut
  10  sn04eo        Ia-norm    0.9761   4.67   0.0844   0.0120    -6.40  0    cut
  11  sn99aw        Ia-91T     0.8732   4.63   0.0916   0.0123     0.30  0    cut
  12  sn90N         Ia-norm    0.8705   4.58   0.0831   0.0154   -13.20  0    cut
  13  sn90O         Ia-norm    0.8339   4.57   0.0938   0.0128    -5.10  0    cut
  14  sn03du        Ia-norm    0.9233   4.55   0.0836   0.0125     1.90  0    cut
  15  sn91T         Ia-91T     0.9761   4.54   0.0851   0.0121    -0.20  0    cut
  16  sn99aw        Ia-91T     0.9219   4.53   0.0899   0.0126     3.20  0    cut
  17  sn99ee        Ia-norm    0.9761   4.44   0.0930   0.0141    -6.70  0    cut
  18  sn91T         Ia-91T     0.9246   4.39   0.0140   0.0147   -11.50  0    cut
  19  sn03du        Ia-norm    0.9246   4.30   0.0813   0.0137     3.90  0    cut
  20  sn04S         Ia-norm    0.9761   4.30   0.0844   0.0130     1.70  0    cut
  21  sn02er        Ia-norm    0.7893   4.29   0.0918   0.0134    -6.40  0    cut
  22  sn89B         Ia-norm    0.8637   4.24   0.0850   0.0137    -6.30  0    cut
  23  sn92A         Ia-norm    0.7459   4.21   0.0933   0.0120    -0.40  0    cut
  24  sn99aa        Ia-91T     0.9761   4.20   0.0986   0.0119     2.70  0    cut
  25  sn03du        Ia-norm    0.9070   4.15   0.0872   0.0134    -5.00  0    cut
  26  sn02er        Ia-norm    0.9544   4.14   0.0858   0.0134    -3.50  0    cut
  27  sn03du        Ia-norm    0.9057   4.14   0.0859   0.0142    -3.20  0    cut
  28  sn02er        Ia-norm    0.9314   4.13   0.0904   0.0138    -4.40  0    cut
  29  sn03du        Ia-norm    0.8069   4.04   0.0844   0.0140    -1.10  0    cut
  30  sn89B         Ia-norm    0.9761   3.97   0.0823   0.0140    -0.50  0    cut
  31  sn94D         Ia-norm    0.9761   3.96   0.0874   0.0131    -3.80  0    cut
  32  sn02er        Ia-norm    0.8028   3.95   0.0947   0.0145    -8.40  0    cut
  33  sn90N         Ia-norm    0.8448   3.91   0.0915   0.0147    -6.40  0    cut
  34  sn97br        Ia-91T     0.7405   3.88   0.0935   0.0132    -6.00  0    cut
  35  sn94D         Ia-norm    0.9422   3.80   0.0853   0.0136    -1.80  0    cut
  36  kcS0          Gal        0.9761   3.79   0.0481   0.0129   -99.90  2    cut
  37  sn99ee        Ia-norm    0.9761   3.74   0.0839   0.0142     2.20  0    cut
  38  sn97br        Ia-91T     0.8218   3.72   0.0879   0.0147    -4.00  0    cut
  39  sn99ee        Ia-norm    0.9761   3.70   0.0851   0.0146     0.30  0    cut
  40  sn03du        Ia-norm    0.7906   3.60   0.0849   0.0155    -0.20  0    cut
  41  sn98bu        Ia-norm    0.5672   3.58   0.0878   0.0143     1.20  0    cut
  42  sn00cx        Ia-pec     0.6525   3.58   0.0946   0.0166    -1.40  0    cut
  43  kcE           Gal        0.9761   3.56   0.0484   0.0137   -99.90  2    cut
  44  sn94D         Ia-norm    0.7635   3.56   0.1056   0.0187   -10.70  0    cut
  45  sn89B         Ia-norm    0.6498   3.55   0.0802   0.0147     3.50  0    cut
  46  sn94D         Ia-norm    0.9693   3.53   0.0885   0.0142    -4.80  0    cut
  47  sn05hj        Ia-norm    0.7107   3.52   0.0913   0.0131    -5.10  0    cut
  48  sn03du        Ia-norm    0.7920   3.48   0.0852   0.0164     0.80  0    cut
  49  sn02er        Ia-norm    0.9761   3.44   0.0873   0.0160    -2.50  0    cut
  50  sn95D         Ia-norm    0.6904   3.42   0.0809   0.0162     4.20  0    cut
  51  sn92A         Ia-norm    0.6891   3.41   0.0994   0.0155    -5.00  0    cut
  52  sn02er        Ia-norm    0.9504   3.39   0.0787   0.0160     5.50  0    cut
  53  sn03du        Ia-norm    0.9761   3.36   0.0805   0.0166     5.00  0    cut
  54  sn02bo        Ia-norm    0.9504   3.35   0.0857   0.0165    -0.30  0    cut
  55  sn99ac        Ia-91T     0.9761   3.35   0.0840   0.0153     3.10  0    cut
  56  sn81B         Ia-norm    0.9206   3.34   0.0918   0.0153    -0.90  0    cut
  57  sn92A         Ia-norm    0.7473   3.34   0.0918   0.0156     2.40  0    cut
  58  sn02er        Ia-norm    0.9761   3.31   0.0864   0.0163    -1.50  0    cut
  59  sn94ae        Ia-norm    0.6918   3.31   0.0826   0.0168     3.30  0    cut
  60  sn98aq        Ia-norm    0.7135   3.31   0.0867   0.0169    -8.00  0    cut
  61  sn90O         Ia-norm    0.8962   3.30   0.0969   0.0179    -7.10  0    cut
  62  sn94S         Ia-norm    0.5862   3.30   0.0850   0.0175    -2.50  0    cut
  63  sn81B         Ia-norm    0.9206   3.28   0.0917   0.0156     0.00  0    cut
  64  sn94ae        Ia-norm    0.6783   3.26   0.0829   0.0174     4.40  0    cut
  65  sn96X         Ia-norm    0.9761   3.25   0.0862   0.0165     0.90  0    cut
  66  sn92A         Ia-norm    0.6837   3.23   0.0970   0.0155    -0.60  0    cut
  67  sn94D         Ia-norm    0.9761   3.21   0.1023   0.0188   -10.60  0    cut
  68  sn94ae        Ia-norm    0.6647   3.20   0.0865   0.0159     2.30  0    cut
  69  sn99dn        Ib-norm    0.9003   3.19   0.0869   0.0256     6.90  1    cut
  70  sn05hk        Ia-pec     0.6282   3.18   0.0778   0.0154    -7.30  0    cut
  71  sn02bo        Ia-norm    0.9761   3.16   0.0882   0.0171    -1.40  0    cut
  72  sn99aa        Ia-91T     0.9314   3.11   0.1092   0.0213    -8.50  0    cut
  73  sn06gz        Ia-pec     0.6661   3.09   0.0855   0.0138     4.30  0    cut
  74  sn00cx        Ia-pec     0.9666   3.08   0.0861   0.0119     1.60  0    cut
  75  sn97br        Ia-91T     0.7040   3.07   0.0939   0.0187    -7.40  0    cut
  76  sn05hk        Ia-pec     0.6255   3.07   0.0770   0.0160    -6.30  0    cut
  77  sn02er        Ia-norm    0.7026   3.06   0.0898   0.0175    -5.40  0    cut
  78  sn02bo        Ia-norm    0.8136   3.05   0.0917   0.0178    -4.50  0    cut
  79  sn97br        Ia-91T     0.8055   3.04   0.0976   0.0188    -9.00  0    cut
  80  sn03cg        Ia-norm    0.8163   3.02   0.0832   0.0168     4.50  0    cut
  81  sn94D         Ia-norm    0.8705   3.01   0.0900   0.0190    -5.60  0    cut
  82  sn96X         Ia-norm    0.9761   2.99   0.0856   0.0178     1.90  0    cut
  83  kcSb          Gal        0.9761   2.97   0.0496   0.0182   -99.90  2    cut
  84  sn99aa        Ia-91T     0.8800   2.96   0.1056   0.0222    -4.10  0    cut
  85  sn90N         Ia-norm    0.8746   2.94   0.0830   0.0199     4.90  0    cut
  86  sn02cx        Ia-pec     0.6931   2.94   0.0781   0.0203    -5.30  0    cut
  87  sn03cg        Ia-norm    0.8813   2.92   0.0872   0.0136     1.50  0    cut
  88  sn91M         Ia-norm    0.7216   2.91   0.0864   0.0179     2.70  0    cut
  89  sn94ae        Ia-norm    0.7351   2.89   0.0882   0.0178     1.30  0    cut
  90  sn99ac        Ia-91T     0.7811   2.86   0.0847   0.0173     0.80  0    cut
  91  sn92A         Ia-norm    0.6850   2.85   0.0943   0.0166     3.30  0    cut
  92  sn02bo        Ia-norm    0.7500   2.84   0.0923   0.0195    -3.40  0    cut
  93  sn02bo        Ia-norm    0.9233   2.83   0.0907   0.0195    -2.50  0    cut
  94  sn02bo        Ia-norm    0.7541   2.81   0.0894   0.0190    -1.50  0    cut
  95  sn05hj        Ia-norm    0.7026   2.80   0.0906   0.0156    -0.30  0    cut
  96  sn97br        Ia-91T     0.8096   2.78   0.0948   0.0189    -7.00  0    cut
  97  sn05hj        Ia-norm    0.7148   2.77   0.0889   0.0172     4.30  0    cut
  98  sn00cx        Ia-pec     0.5740   2.75   0.0965   0.0209    -2.40  0    cut
  99  sn02bo        Ia-norm    0.9219   2.69   0.0896   0.0198    -1.20  0    cut
 100  sn02er        Ia-norm    0.9761   2.69   0.0801   0.0201     3.40  0    cut
 101  sn98aq        Ia-norm    0.6783   2.68   0.0912   0.0188    -9.00  0    cut
 102  sn94D         Ia-norm    0.9450   2.67   0.0797   0.0196     2.90  0    cut
 103  sn04eo        Ia-norm    0.9287   2.67   0.0802   0.0182     2.20  0    cut
 104  sn89B         Ia-norm    0.6471   2.67   0.0807   0.0172     5.50  0    cut
 105  sn01el        Ia-norm    0.7026   2.66   0.0921   0.0139     1.30  0    cut
 106  sn02bo        Ia-norm    0.6959   2.63  -0.0094   0.0000   -13.10  0    cut
 107  sn94ae        Ia-norm    0.6512   2.62   0.0888   0.0176     3.30  0    cut
 108  sn06aj        Ic-broad   0.6823   2.61  -0.0099   0.0267    -1.50  0    cut
 109  sn03cg        Ia-norm    0.8664   2.55   0.0938   0.0202    -7.50  0    cut
 110  sn97br        Ia-91T     0.7094   2.55   0.0942   0.0202    -6.40  0    cut
 111  sn03fg        Ia-pec     0.8096   2.54   0.0752   0.0144     2.00  0    cut
 112  sn99ex        Ib-norm    0.9761   2.53   0.0866   0.0215    -4.50  0    cut
 113  sn04aw        Ic-norm    0.6986   2.50   0.1066   0.0236    -5.20  0    cut
 114  sn02er        Ia-norm    0.9328   2.46   0.0869   0.0198    -0.50  0    cut
 115  sn05hj        Ia-norm    0.7825   2.46   0.0897   0.0172     1.60  0    cut
 116  sn06gz        Ia-pec     0.6376   2.45   0.0927   0.0212    -2.60  0    cut
 117  sn94D         Ia-norm    0.9314   2.43   0.0852   0.0149     2.20  0    cut
 118  sn03cg        Ia-norm    0.8800   2.42   0.0918   0.0164    -6.80  0    cut
 119  sn91N         Ic-norm    0.9761   2.41   0.9580   0.0285    27.90  1    cut
 120  sn03cg        Ia-norm    0.7473   2.41   0.0924   0.0167    -1.80  0    cut
 121  sn06gz        Ia-pec     0.7419   2.40   0.0938   0.0129   -10.30  0    cut
 122  sn91T         Ia-91T     0.9206   2.40   0.0932   0.0208    -7.30  0    cut
 123  sn06gz        Ia-pec     0.7473   2.40   0.0932   0.0122    -9.30  0    cut
 124  sn91T         Ia-91T     0.9206   2.39   0.0914   0.0207    -5.30  0    cut
 125  sn03cg        Ia-norm    0.8813   2.38   0.0915   0.0200    -4.50  0    cut
 126  sn91N         Ic-norm    0.9761   2.35   0.9636   0.0282    12.00  1    cut
 127  sn02bo        Ia-norm    0.9707   2.35   0.0812   0.0200     5.50  0    cut
 128  sn06gz        Ia-pec     0.6458   2.34   0.0875   0.0163     5.20  0    cut
 129  sn03cg        Ia-norm    0.8583   2.33   0.0911   0.0234    -5.90  0    cut
 130  sn99ac        Ia-91T     0.8705   2.33   0.1138   0.0297   -13.60  0    cut
 131  sn91T         Ia-91T     0.9206   2.29   0.0923   0.0219    -6.40  0    cut
 132  sn86G         Ia-91bg    0.5740   2.27   0.0891   0.0194    -0.40  0    cut
 133  sn03du        Ia-norm    0.9111   2.26   0.0942   0.0270   -10.10  0    cut
 134  sn02cx        Ia-pec     0.6959   2.26   0.0725   0.0161    -2.40  0    cut
 135  sn94T         Ia-norm    0.5510   2.26   0.0830   0.0207     1.20  0    cut
 136  sn94I         Ic-norm    0.7635   2.26   0.0944   0.0269    -5.60  0    cut
 137  sn01el        Ia-norm    0.7175   2.23   0.0960   0.0154    -3.70  0    cut
 138  sn04aw        Ic-norm    0.6999   2.23   0.0988   0.0275    -3.30  0    cut
 139  sn06gz        Ia-pec     0.6742   2.23   0.0955   0.0163   -13.30  0    cut
 140  sn98aq        Ia-norm    0.6837   2.23   0.0900   0.0236     0.00  0    cut
 141  sn05hk        Ia-pec     0.9030   2.22   0.0720   0.0216    -4.20  0    cut
 142  sn96X         Ia-norm    0.7270   2.21   0.0892   0.0180     0.00  0    cut
 143  sn00E         Ia-norm    0.7419   2.19   0.0921   0.0276    -5.50  0    cut
 144  sn03cg        Ia-norm    0.8529   2.18   0.0905   0.0224    -0.50  0    cut
 145  sn00cx        Ia-pec     0.6403   2.18   0.0972   0.0241     0.60  0    cut
 146  sn00cx        Ia-pec     0.6173   2.15   0.0964   0.0226    -0.40  0    cut
 147  sn06gz        Ia-pec     0.7392   2.14   0.0954   0.0137   -12.30  0    cut
 148  sn95E         Ia-norm    0.6498   2.14   0.0901   0.0222     0.10  0    cut
 149  sn05hk        Ia-pec     0.9016   2.13   0.0752   0.0200    -6.30  0    cut
 150  sn06aj        Ic-broad   0.9084   2.13  -0.0006   0.0276    -5.00  0    cut
 151  sn98aq        Ia-norm    0.6931   2.13   0.0896   0.0243     0.90  0    cut
 152  sn05hj        Ia-norm    0.7893   2.12   0.0908   0.0191    -6.00  0    cut
 153  sn96X         Ia-norm    0.8570   2.12   0.0904   0.0234    -1.10  0    cut
 154  sn03cg        Ia-norm    0.6579   2.08   0.0914   0.0184    -2.30  0    cut
 155  sn91T         Ia-91T     0.8840   2.08   0.0946   0.0225    -9.30  0    cut
 156  sn00cx        Ia-pec     0.6498   2.08   0.0996   0.0251    -3.40  0    cut
 157  sn05hk        Ia-pec     0.9761   2.08   0.0746   0.0191    -8.30  0    cut
 158  sn97br        Ia-91T     0.7825   2.07   0.0954   0.0239    -8.00  0    cut
 159  sn96X         Ia-norm    0.7270   2.05   0.0881   0.0180     1.90  0    cut
 160  sn98bu        Ia-norm    0.6972   2.05   0.0904   0.0282    -2.80  0    cut
 161  sn91T         Ia-91T     0.8827   2.03   0.0969   0.0231   -10.30  0    cut
 162  sn98aq        Ia-norm    0.6959   2.03   0.0891   0.0246     1.90  0    cut
 163  sn99ex        Ib-norm    0.9761   2.01   0.0812   0.0249     0.40  0    cut
 164  sn90O         Ia-norm    0.7148   2.00   0.0972   0.0278    -0.40  0    cut
 165  sn00E         Ia-norm    0.7148   2.00   0.0926   0.0283    -2.50  0    cut
 166  sn98bu        Ia-norm    0.6972   1.99   0.0897   0.0405    -1.70  0    cut
 167  sn96X         Ia-norm    0.7270   1.99   0.0910   0.0194    -3.00  0    cut
 168  sn06gz        Ia-pec     0.6444   1.98   0.0921   0.0296    -5.50  0    cut
 169  sn05bf        Ib-pec     0.9761   1.97   0.0602   0.0309     3.40  0    cut
 170  sn96X         Ia-norm    0.7283   1.97   0.0890   0.0194     1.00  0    cut
 171  sn06bp        IIP        0.7635   1.96   0.1552   0.0239     2.10  0    cut
 172  sn96X         Ia-norm    0.7270   1.95   0.0910   0.0201    -2.00  0    cut
 173  sn98aq        Ia-norm    0.6959   1.95   0.0887   0.0255     2.90  0    cut
 174  sn98bu        Ia-norm    0.6972   1.95   0.0905   0.0281    -0.70  0    cut
 175  sn94S         Ia-norm    0.6999   1.94   0.0909   0.0300    -3.40  0    cut
 176  sn83V         Ic-norm    0.7189   1.93   0.1055   0.0252    -9.00  0    cut
 177  sn03du        Ia-norm    0.6945   1.93   0.0953   0.0321    -8.80  0    cut
 178  sn04aw        Ic-norm    0.6999   1.92   0.0966   0.0313    -2.20  0    cut
 179  sn04eo        Ia-norm    0.7067   1.92   0.0866   0.0222    -2.80  0    cut
 180  sn05bf        Ib-pec     0.7392   1.91   0.0642   0.0278    -3.60  0    cut
 181  sn03du        Ia-norm    0.6945   1.90   0.0934   0.0323    -7.80  0    cut
 182  lbv03hy       LBV        0.6945   1.90   0.0661   0.0200   -99.90  2    cut
 183  sn05bf        Ib-pec     0.7459   1.89   0.0624   0.0279    -2.70  0    cut
 184  sn99ac        Ia-91T     0.8285   1.89   0.1069   0.0247    -9.60  0    cut
 185  sn99dn        Ib-norm    0.8515   1.88   0.0984   0.0294     0.00  1    cut
 186  sn96X         Ia-norm    0.7270   1.87   0.0882   0.0197     2.90  0    cut
 187  sn05bf        Ib-pec     0.7459   1.87   0.0633   0.0266    -1.60  0    cut
 188  sn98aq        Ia-norm    0.6959   1.87   0.0884   0.0275     3.90  0    cut
 189  sn06gz        Ia-pec     0.7107   1.86   0.0952   0.0144   -13.30  0    cut
 190  sn06aj        Ic-broad   0.8691   1.86  -0.0080   0.0332    -2.10  0    cut
 191  sn86G         Ia-91bg    0.6133   1.84   0.0911   0.0231    -2.70  0    cut
 192  sn97dq        Ic-norm    0.9761   1.84   0.0864   0.0285     1.00  1    cut
 193  sn91N         Ic-norm    0.7744   1.84   0.0973   0.0379     5.70  1    cut
 194  sn03du        Ia-norm    0.6986   1.82   0.0963   0.0332    -9.70  0    cut
 195  sn91bg        Ia-91bg    0.8840   1.81   0.0990   0.0456     1.50  0    cut
 196  sn05hk        Ia-pec     0.6282   1.80   0.0656   0.0242     3.60  0    cut
 197  sn98aq        Ia-norm    0.6972   1.80   0.0872   0.0292     4.90  0    cut
 198  sn06bp        IIP        0.6959   1.79   0.0731   0.0217    -5.70  0    cut
 199  sn02bo        Ia-norm    0.7541   1.79   0.1236   0.0319   -13.30  0    cut
 200  sn05bf        Ib-pec     0.7419   1.79   0.0663   0.0352    -4.60  0    cut
 201  sn02bo        Ia-norm    0.6986   1.79   0.1101   0.0296   -12.10  0    cut
 202  sn95E         Ia-norm    0.6024   1.78   0.0905   0.0314    -1.90  0    cut
 203  kcSa          Gal        0.9761   1.78   0.0941   0.0082   -99.90  2    cut
 204  sn02er        Ia-norm    0.6823   1.75   0.1018   0.0323   -11.30  0    cut
 205  sn00E         Ia-norm    0.7107   1.75   0.0939   0.0340    -1.40  0    cut
 206  sn04aw        Ic-norm    0.6579   1.75   0.0958   0.0292    -1.30  0    cut
 207  sn02ap        Ic-broad   0.9761   1.74   1.1222   0.0305     2.70  0    cut
 208  sn94D         Ia-norm    0.7135   1.74   0.1012   0.0341    -9.60  0    cut
 209  sn05bf        Ib-pec     0.7405   1.74   0.0650   0.0323    -5.60  0    cut
 210  sn02er        Ia-norm    0.8583   1.74   0.0905   0.0355     1.50  0    cut
 211  sn02bo        Ia-norm    0.7392   1.73   0.1092   0.0341    -9.40  0    cut
 212  sn90K         IIL        0.6728   1.73   0.1472   0.0212    50.50  1    cut
 213  sn06bp        IIP        0.7527   1.72   0.1558   0.0266     0.10  0    cut
 214  sn02bo        Ia-norm    0.6959   1.72   0.1035   0.0309    -8.10  0    cut
 215  lbv01ac       LBV        0.9720   1.71   0.1525   0.0139   -99.90  2    cut
 216  sn94I         Ic-norm    0.7053   1.71   0.1090   0.0376    -5.70  0    cut
 217  sn95F         Ic-norm    0.9504   1.70   0.0701   0.0370     0.00  1    cut
 218  sn03du        Ia-norm    0.6986   1.70   0.0887   0.0328    -0.80  0    cut
 219  sn02bo        Ia-norm    0.6959   1.69   0.1025   0.0317    -7.00  0    cut
 220  sn94D         Ia-norm    0.7040   1.69   0.0903   0.0287    -3.60  0    cut
 221  sn83V         Ic-norm    0.7690   1.68  -0.0094   0.0000    -7.00  0    cut
 222  sn05bf        Ib-pec     0.7419   1.68   0.0648   0.0319    -7.60  0    cut
 223  sn96X         Ia-norm    0.7243   1.68   0.0869   0.0207     4.90  0    cut
 224  sn91N         Ic-norm    0.7744   1.68   0.0905   0.0378     6.60  1    cut
 225  mstar         M-star     0.9165   1.67   0.0185   0.0472     6.00  2    cut
 226  sn90K         IIL        0.6403   1.66   0.0758   0.0230     0.00  1    cut
 227  lbv03hy       LBV        0.6959   1.66   0.0743   0.0187   -99.90  2    cut
 228  sn86G         Ia-91bg    0.5916   1.66   0.0881   0.0281     0.60  0    cut
 229  sn87A         II-pec     0.5767   1.65   0.1112   0.0202    -4.70  0    cut
 230  sn02bo        Ia-norm    0.6972   1.65   0.1015   0.0329    -6.00  0    cut
 231  sn86G         Ia-91bg    0.5957   1.65   0.0874   0.0275     1.60  0    cut
 232  lbv03hy       LBV        0.6959   1.64   0.0588   0.0206   -99.90  2    cut
 233  sn87A         II-pec     0.5767   1.64   0.0791   0.0332   -10.70  0    cut
 234  sn03du        Ia-norm    0.6972   1.64   0.0876   0.0335     2.20  0    cut
 235  sn94M         Ia-norm    0.6376   1.63   0.0940   0.0238     4.00  0    cut
 236  sn03du        Ia-norm    0.6986   1.63   0.0998   0.0341   -11.70  0    cut
 237  sn98S         IIn        0.6877   1.62   0.0668   0.0181     2.70  0    cut
 238  sn99by        Ia-91bg    0.6024   1.62   0.0944   0.0396    -4.80  0    cut
 239  sn03du        Ia-norm    0.6999   1.61   0.0870   0.0336     3.10  0    cut
 240  kcSB1         Gal        0.9761   1.61   0.1289   0.0218   -99.90  2    cut
 241  sn99by        Ia-91bg    0.7013   1.61   0.1091   0.0461     5.20  0    cut
 242  sn97dq        Ic-norm    0.7473   1.60   0.1157   0.0398    14.90  1    cut
 243  sn02bo        Ia-norm    0.6972   1.60   0.1002   0.0334    -5.10  0    cut
 244  sn02er        Ia-norm    0.7568   1.60   0.1008   0.0341    -9.40  0    cut
 245  sn87A         II-pec     0.5740   1.60   0.0802   0.0331   -13.70  0    cut
 246  sn87A         II-pec     0.5740   1.59   0.1102   0.0204     1.30  0    cut
 247  sn02bo        Ia-norm    0.6972   1.59   0.0988   0.0338    -4.00  0    cut
 248  sn05bf        Ib-pec     0.7432   1.59   0.0608   0.0435     3.20  0    cut
 249  sn95E         Ia-norm    0.6363   1.58   0.0880   0.0347     2.00  0    cut
 250  sn94M         Ia-norm    0.6769   1.58   0.0898   0.0281     5.00  0    cut
 251  sn99by        Ia-91bg    0.7013   1.57   0.1106   0.0470     4.10  0    cut
 252  sn86G         Ia-91bg    0.6796   1.57   0.0922   0.0339    -3.40  0    cut
 253  mstar         M-star     0.9179   1.57   0.0223   0.0187     5.00  2    cut
 254  sn91bg        Ia-91bg    0.7852   1.57   0.0815   0.0269     2.50  0    cut
 255  sn04aw        Ic-norm    0.6999   1.57   0.0946   0.0353     0.80  0    cut
 256  sn02bo        Ia-norm    0.7229   1.57   0.1007   0.0328    -4.40  0    cut
 257  sn04aw        Ic-norm    0.7784   1.57   0.0840   0.0403     2.60  0    cut
 258  sn04eo        Ia-norm    0.8597   1.57   0.0918   0.0737   -11.00  0    cut
 259  sn94D         Ia-norm    0.8055   1.57   0.0952   0.0279    -8.70  0    cut
 260  sn02bo        Ia-norm    0.6972   1.57   0.0984   0.0351    -3.10  0    cut
 261  sn05bf        Ib-pec     0.7378   1.56   0.0614   0.0347     1.20  0    cut
 262  sn94I         Ic-norm    0.7094   1.56   0.1192   0.0397     2.10  0    cut
 263  sn05bf        Ib-pec     0.7378   1.56   0.0624   0.0310    -0.70  0    cut
 264  sn05bf        Ib-pec     0.7405   1.56   0.0611   0.0437     5.20  0    cut
 265  sn06gz        Ia-pec     0.7094   1.55   0.0974   0.0172   -14.20  0    cut
 266  sn02bo        Ia-norm    0.7256   1.55   0.1160   0.0370   -12.30  0    cut
 267  sn91A         Ic-norm    0.6593   1.54   0.0563   0.0404    10.90  1    cut
 268  sn87A         II-pec     0.5767   1.54   0.1096   0.0202    -2.70  0    cut
 269  sn98S         IIn        0.9436   1.54   0.9897   0.0349    -1.50  0    cut
 270  sn02er        Ia-norm    0.8488   1.53   0.0968   0.0404    -7.40  0    cut
 271  sn97dq        Ic-norm    0.7487   1.53   0.1149   0.0405    17.90  1    cut
 272  sn94S         Ia-norm    0.7040   1.53   0.0882   0.0332     1.40  0    cut
 273  sn05hk        Ia-pec     0.5943   1.53   0.1706   0.0218    -3.40  0    cut
 274  sn02bo        Ia-norm    0.6986   1.52   0.0968   0.0355    -2.10  0    cut
 275  sn91N         Ic-norm    0.7744   1.52   0.0971   0.0414     7.60  1    cut
 276  sn86G         Ia-91bg    0.6810   1.51   0.0909   0.0356    -2.40  0    cut
 277  sn05gj        Ia-csm     0.6363   1.50   0.0784   0.0293    -1.80  0    cut
 278  sn87A         II-pec     0.5740   1.50   0.1093   0.0214    -8.70  0    cut
 279  sn06gz        Ia-pec     0.6241   1.50   0.0974   0.0240   -14.30  0    cut
 280  sn99by        Ia-91bg    0.6999   1.50   0.0903   0.0408    -3.90  0    cut
 281  sn02bo        Ia-norm    0.6972   1.49   0.0962   0.0371    -1.20  0    cut
 282  sn94D         Ia-norm    0.7040   1.49   0.0905   0.0296     0.40  0    cut
 283  sn99aw        Ia-91T     0.6119   1.49   0.0974   0.0271    -0.70  0    cut
 284  sn98S         IIn        0.5808   1.48   0.0964   0.0186     1.90  0    cut
 285  sn97cy        IIn        0.8827   1.48   0.2294   0.0328   226.10  1    cut
 286  mstar         M-star     0.9192   1.47   0.0946   0.0160     2.00  2    cut
 287  mstar         M-star     0.9165   1.47   0.0597   0.0449     4.00  2    cut
 288  sn98S         IIn        0.8218   1.47   0.0750   0.0198   -12.50  0    cut
 289  sn94D         Ia-norm    0.7067   1.47   0.0906   0.0365    -2.60  0    cut
 290  sn94D         Ia-norm    0.7094   1.47   0.0920   0.0380    -4.70  0    cut
 291  sn05hk        Ia-pec     0.7432   1.46   0.0791   0.0238    -9.30  0    cut
 292  sn94I         Ic-norm    0.7080   1.46   0.1210   0.0424     1.10  0    cut
 293  kcSc          Gal        0.8367   1.46   0.1499   0.0215   -99.90  2    cut
 294  sn90K         IIL        0.6268   1.45   0.1391   0.0412   147.10  1    cut
 295  sn06aj        Ic-broad   0.5551   1.45   0.1197   0.0310     1.80  0    cut
 296  sn06aj        Ic-broad   0.6837   1.45   0.1267   0.0350    -0.50  0    cut
 297  sn05bf        Ib-pec     0.7405   1.44   0.0603   0.0453     2.20  0    cut
 298  sn06aj        Ic-broad   0.7121   1.44  -0.0094   0.0000    -3.40  0    cut
 299  sn04aw        Ic-norm    0.9761   1.43   0.0872   0.0353    -0.20  0    cut
 300  sn94D         Ia-norm    0.6498   1.43   0.0931   0.0367    -7.70  0    cut
 301  sn97dq        Ic-norm    0.7541   1.43   0.1135   0.0412    26.90  1    cut
 302  sn86G         Ia-91bg    0.6959   1.42   0.0932   0.0382    -4.40  0    cut
 303  sn97dq        Ic-norm    0.6972   1.42   0.1179   0.0432     0.00  1    cut
 304  sn02er        Ia-norm    0.7202   1.42   0.0884   0.0275     4.40  0    cut
 305  sn97dq        Ic-norm    0.7527   1.42   0.1136   0.0414    21.90  1    cut
 306  sn94I         Ic-norm    0.7365   1.41   0.1168   0.0404     3.30  0    cut
 307  sn99by        Ia-91bg    0.9206   1.41   0.0828   0.0290    -2.80  0    cut
 308  lbv03hy       LBV        0.6796   1.41   0.0618   0.0178   -99.90  2    cut
 309  sn04aw        Ic-norm    0.9761   1.39   0.0891   0.0348    -1.70  0    cut
 310  sn90N         Ia-norm    0.5794   1.39   0.0835   0.0368     2.60  0    cut
 311  sn96X         Ia-norm    0.6864   1.39   0.0906   0.0450    -0.90  0    cut
 312  sn99dn        Ib-norm    0.7933   1.39   0.0944   0.0246    27.70  1    cut
 313  kcSB5         Gal        0.9761   1.38   0.1501   0.0223   -99.90  2    cut
 314  sn04aw        Ic-norm    0.8773   1.38   0.0919   0.0356     1.90  0    cut
 315  kcSB2         Gal        0.9761   1.37   0.1295   0.0244   -99.90  2    cut
 316  sn05hk        Ia-pec     0.7432   1.37   0.0782   0.0253    -8.30  0    cut
 317  sn91ar        Ib-norm    0.7757   1.37   0.0415   0.0214    27.40  1    cut
 318  sn95F         Ic-norm    0.9517   1.36   0.9625   0.0497    56.70  1    cut
 319  sn97ef        Ic-broad   0.6986   1.36  -0.0094   0.0000   -10.10  0    cut
 320  sn05hk        Ia-pec     0.9761   1.36   0.0735   0.0209    -5.10  0    cut
 321  sn04aw        Ic-norm    0.6999   1.36   0.0918   0.0482     1.60  0    cut
 322  kcSB6         Gal        0.9761   1.35   0.1485   0.0111   -99.90  2    cut
 323  sn05hk        Ia-pec     0.5970   1.34   0.1715   0.0231    -4.20  0    cut
 324  kcSB3         Gal        0.9761   1.34   0.1514   0.0235   -99.90  2    cut
 325  mstar         M-star     0.9179   1.34   1.0751   0.0264     8.00  2    cut
 326  sn94M         Ia-norm    0.7175   1.34   0.0948   0.0385     3.00  0    cut
 327  sn98S         IIn        0.6810   1.34   0.0669   0.0193     1.80  0    cut
 328  sn98dt        Ib-norm    0.6986   1.33   0.1139   0.0467     0.90  0    cut
 329  sn04dj        IIP        0.7351   1.30   0.1540   0.0263    89.80  1    cut
 330  sn97cy        IIn        0.9761   1.30   1.0156   0.0516    71.30  1    cut
 331  sn97ef        Ic-broad   0.6945   1.29  -0.0096   0.0432   -11.00  0    cut
 332  sn97cy        IIn        0.9761   1.29   1.1048   0.0469    29.40  1    cut
 333  sn02ap        Ic-broad   0.7554   1.29   0.1148   0.0435     4.60  0    cut
 334  mstar         M-star     0.9179   1.29   1.0748   0.0266     7.00  2    cut
 335  sn05hk        Ia-pec     0.8272   1.28   0.0771   0.0223    -7.30  0    cut
 336  sn06bp        IIP        0.7067   1.28   0.1527   0.0360    -1.70  0    cut
 337  sn93J         IIb        0.9165   1.27   0.1239   0.0185     5.50  0    cut
 338  kcSB4         Gal        0.9761   1.26   0.1495   0.0239   -99.90  2    cut
 339  mstar         M-star     0.9165   1.25   1.0766   0.0274     9.00  2    cut
 340  lbv99bw       LBV        0.6525   1.25   0.1546   0.0263   -99.90  2    cut
 341  sn94D         Ia-norm    0.7121   1.24   0.1019   0.0421    -9.50  0    cut
 342  sn97ei        Ic-norm    0.8746   1.24   0.0955   0.0464    10.90  1    cut
 343  sn97ef        Ic-broad   0.6972   1.24  -0.0094   0.0000    -9.10  0    cut
 344  sn06aj        Ic-broad   0.8922   1.24  -0.0094   0.0000     2.80  0    cut
 345  sn05bf        Ib-pec     0.6065   1.22   0.1035   0.0362    -0.90  0    cut
 346  sn98dt        Ib-norm    0.6999   1.22   0.1150   0.0505     0.00  0    cut
 347  sn83V         Ic-norm    0.6146   1.22   0.1051   0.0403    -4.00  0    cut
 348  sn04aw        Ic-norm    0.8773   1.20   0.0885   0.0508     3.10  0    cut
 349  sn97dd        IIb        0.9328   1.20   0.0589   0.0519     0.00  1    cut
 350  sn91A         Ic-norm    0.6065   1.20   0.0928   0.0393     0.00  1    cut
 351  sn04aw        Ic-norm    0.7784   1.20   0.0952   0.0545     3.60  0    cut
 352  sn93J         IIb        0.8867   1.20   0.1224   0.0188     3.40  0    cut
 353  mstar         M-star     0.9165   1.20   0.0504   0.0567     0.00  2    cut
 354  sn95F         Ic-norm    0.8746   1.19   0.0677   0.0488    35.60  1    cut
 355  sn97cy        IIn        0.9477   1.19   1.0116   0.0582   174.50  1    cut
 356  sn97ef        Ic-broad   0.9436   1.18   1.1988   0.0000    -5.00  0    cut
 357  sn86G         Ia-91bg    0.6539   1.17   0.0939   0.0528    -1.90  0    cut
 358  sn02ap        Ic-broad   0.7554   1.16   0.1147   0.0459     3.60  0    cut
 359  sn97dc        Ib-norm    0.7947   1.16   0.0352   0.0272     0.00  1    cut
 360  sn97dd        IIb        0.7527   1.16   0.0955   0.0585     3.60  1    cut
 361  sn86G         Ia-91bg    0.6566   1.15   0.0938   0.0549    -0.90  0    cut
 362  sn06bp        IIP        0.6593   1.15   0.0670   0.0261    -4.60  0    cut
 363  mstar         M-star     0.9152   1.15   0.0933   0.0594     1.00  2    cut
 364  sn91N         Ic-norm    0.8082   1.14   0.1988   0.0275   276.10  1    cut
 365  sn93J         IIb        0.6959   1.14   0.1180   0.0454     2.70  0    cut
 366  sn94I         Ic-norm    0.7080   1.14   0.1189   0.0561    -2.70  0    cut
 367  sn98S         IIn        0.6810   1.14   0.0686   0.0213     0.90  0    cut
 368  sn96cb        IIb        0.7311   1.13   0.0673   0.0460     0.90  0    cut
 369  sn05hk        Ia-pec     0.7392   1.13   0.0760   0.0236    -5.30  0    cut
 370  sn93J         IIb        0.9070   1.12   0.1238   0.0193     3.80  0    cut
 371  sn94I         Ic-norm    0.8935   1.12   0.1252   0.0586    -0.10  0    cut
 372  sn97dq        Ic-norm    0.9761   1.12   0.9605   0.0530    81.70  1    cut
 373  sn97ef        Ic-broad   0.6999   1.11  -0.0094   0.0000   -11.90  0    cut
 374  sn86G         Ia-91bg    0.6552   1.11   0.0901   0.0553     0.10  0    cut
 375  mstar         M-star     0.9179   1.11   1.0757   0.0314    10.00  2    cut
 376  sn97cy        IIn        0.9761   1.11   1.0107   0.0581   116.80  1    cut
 377  sn88L         Ib-norm    0.7053   1.10   0.0703   0.0526     0.00  1    cut
 378  sn86G         Ia-91bg    0.6552   1.09   0.1274   0.0588     1.10  0    cut
 379  sn05hk        Ia-pec     0.7432   1.08   0.0764   0.0284    -6.30  0    cut
 380  sn87A         II-pec     0.5713   1.08   0.1096   0.0415     3.30  0    cut
 381  sn88L         Ib-norm    0.7432   1.07   0.0395   0.0254    47.70  1    cut
 382  sn99em        IIP        0.7459   1.07   0.1468   0.0367     0.40  0    cut
 383  sn91N         Ic-norm    0.9761   1.06   0.9719   0.0485     0.00  1    cut
 384  sn98T         Ib-norm    0.7162   1.06   0.0405   0.0228     0.00  1    cut
 385  sn91A         Ic-norm    0.7202   1.06   0.0397   0.0357    16.80  1    cut
 386  sn97dq        Ic-norm    0.9761   1.06   0.9559   0.0482    27.90  1    cut
 387  sn87A         II-pec     0.5740   1.06   0.1097   0.0422    -6.70  0    cut
 388  sn91ar        Ib-norm    0.4860   1.05   0.1023   0.0226    15.80  1    cut
 389  sn91bg        Ia-91bg    0.7798   1.05   0.0834   0.0315     2.70  0    cut
 390  lbv03hy       LBV        0.6999   1.04   0.0575   0.0289   -99.90  2    cut
 391  sn02ap        Ic-broad   0.6999   1.03   0.1162   0.0470     0.60  0    cut
 392  sn98S         IIn        0.6904   1.03   0.0715   0.0267   -13.10  0    cut
 393  sn91bg        Ia-91bg    0.7243   1.02   0.0791   0.0510     2.70  0    cut
 394  sn05gj        Ia-csm     0.6187   1.02   0.0896   0.0606   -12.10  0    cut
 395  lbv03hy       LBV        0.6945   1.01   0.0557   0.0295   -99.90  2    cut
 396  sn94I         Ic-norm    0.7040   1.01   0.1216   0.0582    -3.80  0    cut
 397  sn98dt        Ib-norm    0.7013   1.01   0.1082   0.0590     3.90  0    cut
 398  sn99gi        IIP        0.6918   1.01   0.0947   0.0428    -7.10  0    cut
 399  sn06bp        IIP        0.7392   1.00   0.1501   0.0407     3.30  0    cut
 400  sn96cb        IIb        0.7283   1.00   0.0732   0.0641     5.00  0    cut
 401  sn91A         Ic-norm    0.7568   1.00   0.2007   0.0312    65.10  1    cut
 402  sn83N         Ib-norm    0.5591   1.00   0.0641   0.0501     4.00  0    cut
 403  sn99em        IIP        0.7527   1.00   0.1474   0.0365    -0.60  0    cut
 404  sn90K         IIL        0.6065   1.00   0.1014   0.0342    53.30  1    cut
 405  sn06bp        IIP        0.7392   0.99   0.1494   0.0406     4.20  0    cut
 406  sn93J         IIb        0.8949   0.99   0.1255   0.0231    -1.60  0    cut
 407  lbv03hy       LBV        0.6931   0.97   0.0944   0.0138   -99.90  2    cut
 408  sn02ap        Ic-broad   0.6200   0.97   0.4086   0.0421     1.50  0    cut
 409  sn93J         IIb        0.7338   0.96   0.1253   0.0458     3.70  0    cut
 410  sn04dj        IIP        0.5551   0.96   0.1293   0.0280     0.00  1    cut
 411  sn91A         Ic-norm    0.6728   0.95   0.2034   0.0357    47.50  1    cut
 412  sn93J         IIb        0.9125   0.95   0.1256   0.0244    -2.40  0    cut
 413  sn90K         IIL        0.7676   0.94   0.1457   0.0239    76.40  1    cut
 414  sn99em        IIP        0.6918   0.94   0.1461   0.0400    -1.60  0    cut
 415  sn99di        Ib-norm    0.7987   0.93   0.3767   0.0230    23.60  1    cut
 416  sn94I         Ic-norm    0.9666   0.93   0.1175   0.0710     2.40  0    cut
 417  sn04dj        IIP        0.5740   0.93   0.1298   0.0166     5.00  1    cut
 418  sn05hk        Ia-pec     0.8163   0.93   0.0746   0.0228    -4.30  0    cut
 419  sn90B         Ic-norm    0.6160   0.92   0.3959   0.0405     4.00  0    cut
 420  sn05hk        Ia-pec     0.7459   0.92   0.2168   0.0535    -1.40  0    cut
 421  sn99em        IIP        0.9761   0.92   0.1427   0.0438    -3.70  0    cut
 422  sn99em        IIP        0.9761   0.92   1.1988   0.0000     0.20  0    cut
 423  sn97ef        Ic-broad   0.6986   0.92  -0.0094   0.0000    -6.10  0    cut
 424  sn99di        Ib-norm    0.8001   0.90   0.2623   0.0312     0.00  1    cut
 425  agn           AGN        0.9382   0.90   0.1448   0.0378   -99.90  2    cut
 426  sn90K         IIL        0.7987   0.90   0.1475   0.0238   161.00  1    cut
 427  sn97cy        IIn        0.9341   0.90   1.0506   0.0545   196.10  1    cut
 428  sn90aa        Ic-norm    0.8258   0.90   1.0714   0.0302     0.00  1    cut
 429  sn97cy        IIn        0.9666   0.90   1.0049   0.0605    57.20  1    cut
 430  sn90B         Ic-norm    0.4319   0.89   0.0458   0.0294     5.00  0    cut
 431  sn95F         Ic-norm    0.9517   0.89   0.9518   0.0608    28.90  1    cut
 432  mstar         M-star     0.9192   0.89   1.0564   0.0370     3.00  2    cut
 433  sn02ap        Ic-broad   0.6214   0.88   0.1338   0.0544    -4.50  0    cut
 434  sn97ei        Ic-norm    0.7162   0.88   0.0452   0.0363     0.00  1    cut
 435  sn83V         Ic-norm    0.6187   0.88   0.0750   0.0973     4.00  0    cut
 436  sn02ap        Ic-broad   0.6945   0.88   0.1140   0.0491    -0.40  0    cut
 437  lbv03hy       LBV        0.6945   0.87   0.0631   0.0212   -99.90  2    cut
 438  sn04aw        Ic-norm    0.9341   0.87   0.9670   0.0407     5.30  0    cut
 439  sn99di        Ib-norm    0.6823   0.86   0.0928   0.0278    30.50  1    cut
 440  sn02ap        Ic-broad   0.9504   0.86   1.1120   0.1123     4.70  0    cut
 441  sn97ef        Ic-broad   0.6972   0.85   0.0020   0.0664   -14.00  0    cut
 442  sn90K         IIL        0.8150   0.85   0.1485   0.0290   202.60  1    cut
 443  sn04dj        IIP        0.5510   0.84   0.1284   0.0312     2.70  1    cut
 444  sn95F         Ic-norm    0.9233   0.83   0.9746   0.0785    88.60  1    cut
 445  lbv03hy       LBV        0.6972   0.83   0.0717   0.0328   -99.90  2    cut
 446  sn05hk        Ia-pec     0.7392   0.83   0.0747   0.0282    -3.30  0    cut
 447  sn99by        Ia-91bg    0.9206   0.82   0.0785   0.0601     3.10  0    cut
 448  sn97cy        IIn        0.9585   0.82   1.0134   0.0631    14.10  1    cut
 449  sn93J         IIb        0.7839   0.82   0.1239   0.0236     1.40  0    cut
 450  sn97dq        Ic-norm    0.9233   0.81   0.1108   0.0380   222.20  1    cut
 451  sn97cy        IIn        0.9152   0.81   0.1832   0.0344   125.30  1    cut
 452  sn05cs        IIP        0.7432   0.81   0.1453   0.0349     2.10  0    cut
 453  sn93J         IIb        0.9761   0.79   0.1262   0.0257    -4.00  0    cut
 454  sn93J         IIb        0.7067   0.78   0.1220   0.0205     4.60  0    cut
 455  sn04dj        IIP        0.5727   0.78   0.0397   0.0336    18.00  1    cut
 456  sn97cn        Ia-91bg    0.7243   0.78   0.0778   0.0559     3.90  0    cut
 457  sn02ap        Ic-broad   0.6160   0.77   0.1419   0.0624    -5.50  0    cut
 458  lbv99bw       LBV        0.6999   0.76   0.0471   0.0409   -99.90  2    cut
 459  sn99em        IIP        0.7446   0.76   0.1474   0.0362     1.40  0    cut
 460  lbv03hy       LBV        0.6959   0.76   0.0713   0.0693   -99.90  2    cut
 461  lbv03hy       LBV        0.6972   0.75   0.0740   0.0380   -99.90  2    cut
 462  sn91ar        Ib-norm    0.5348   0.75   0.1019   0.0297     0.00  1    cut
 463  sn99em        IIP        0.7974   0.75   0.1465   0.0357     2.40  0    cut
 464  sn05cs        IIP        0.7432   0.75   0.1454   0.0351     3.10  0    cut
 465  sn97dd        IIb        0.7405   0.75   0.0977   0.0743    16.40  1    cut
 466  sn97ef        Ic-broad   0.6999   0.74  -0.0094   0.0000    -5.10  0    cut
 467  sn04dj        IIP        0.5672   0.74   0.0380   0.0349    20.00  1    cut
 468  sn92ar        Ic-norm    0.6173   0.73   0.2297   0.0418     3.40  0    cut
 469  lbv01ac       LBV        0.6959   0.73   0.0738   0.0128   -99.90  2    cut
 470  sn04dj        IIP        0.5740   0.72   0.0388   0.0349    17.00  1    cut
 471  sn93J         IIb        0.9761   0.71   0.1228   0.1084    -3.00  0    cut
 472  sn99em        IIP        0.6918   0.71   0.1482   0.0412    -2.60  0    cut
 473  sn04dj        IIP        0.5970   0.70   0.1489   0.0317    50.60  1    cut
 474  sn93J         IIb        0.9761   0.70   0.1204   0.1173    -2.00  0    cut
 475  sn05hk        Ia-pec     0.7446   0.70   0.2181   0.1250    -2.40  0    cut
 476  sn05cs        IIP        0.7432   0.69   0.1427   0.0385     1.00  0    cut
 477  sn99em        IIP        0.7568   0.69   0.1444   0.0436     5.40  0    cut
 478  sn04dj        IIP        0.5524   0.69   0.0394   0.0356     8.00  1    cut
 479  sn04dj        IIP        0.5713   0.68   0.0464   0.0360    36.00  1    cut
 480  sn05cs        IIP        0.7419   0.68   0.1448   0.0346     4.00  0    cut
 481  sn97cy        IIn        0.9761   0.67   0.1494   0.0459   377.70  1    cut
 482  sn02ap        Ic-broad   0.6945   0.67   0.1157   0.0542    -1.40  0    cut
 483  sn97cy        IIn        0.8786   0.66   0.1938   0.0467     0.00  1    cut
 484  sn04et        IIP        0.7365   0.66   0.1476   0.0406    -2.90  0    cut
 485  sn04et        IIP        0.7365   0.66   0.1456   0.0388     1.00  0    cut
 486  sn04et        IIP        0.7297   0.65   0.1460   0.0431    -1.90  0    cut
 487  sn96cb        IIb        0.7283   0.65   0.0690   0.0578    -2.10  0    cut
 488  sn97ef        Ic-broad   0.7514   0.64   0.1247   0.0837    -4.10  0    cut
 489  sn90K         IIL        0.8380   0.64   0.1489   0.0323   174.80  1    cut
 490  sn04dj        IIP        0.5943   0.64   0.0492   0.0318    48.00  1    cut
 491  sn91A         Ic-norm    0.6742   0.63   0.3883   0.0415    32.60  1    cut
 492  sn90K         IIL        0.8678   0.63   0.1464   0.0262   119.20  1    cut
 493  sn04et        IIP        0.7392   0.62   0.1464   0.0395    -0.90  0    cut
 494  sn05cs        IIP        0.7378   0.62   0.1401   0.0395     0.10  0    cut
 495  sn04et        IIP        0.7351   0.62   0.1456   0.0429     2.00  0    cut
 496  sn04dj        IIP        0.5943   0.62   0.0488   0.0315    46.80  1    cut
 497  sn90K         IIL        0.5320   0.62   0.1274   0.0448   139.00  1    cut
 498  sn04dj        IIP        0.5943   0.61   0.0492   0.0300    50.00  1    cut
 499  sn90K         IIL        0.8407   0.60   0.1420   0.0318    55.60  1    cut
 500  sn99em        IIP        0.6864   0.58   0.1487   0.0432    -3.60  0    cut
 501  sn04dj        IIP        0.5916   0.57   0.0493   0.0307    51.90  1    cut
 502  sn90aa        Ic-norm    0.8245   0.56   1.0648   0.0716    61.50  1    cut
 503  sn93J         IIb        0.7906   0.55   0.1253   0.1123    -5.00  0    cut
 504  sn93J         IIb        0.5848   0.55  -0.0088   0.0455   -10.50  0    cut
 505  sn90aa        Ic-norm    0.8245   0.54   0.2005   0.0435   116.10  1    cut
 506  sn99gi        IIP        0.6864   0.53   0.1484   0.0455    -4.00  0    cut
 507  sn91A         Ic-norm    0.5564   0.53   0.0985   0.0381    61.40  1    cut
 508  sn04et        IIP        0.7432   0.53   0.0586   0.0392     4.00  0    cut
 509  sn05cs        IIP        0.7446   0.51   0.1412   0.0367     5.00  0    cut
 510  sn90K         IIL        0.5672   0.50  -0.0094   0.0000   201.70  1    cut
 511  sn91N         Ic-norm    0.9761   0.50   1.0023   0.1160   250.20  1    cut
 512  sn05cs        IIP        0.7419   0.47   0.1407   0.0471    -0.80  0    cut
 513  sn99gi        IIP        0.6837   0.45   0.2786   0.0435    -5.00  0    cut
 514  sn05cs        IIP        0.7392   0.45   0.1405   0.0501    -1.90  0    cut
 515  sn97dq        Ic-norm    0.4549   0.40   0.0945   0.0423    42.80  1    cut
 516  sn90K         IIL        0.6119   0.36   0.0137   0.0378   136.20  1    cut
 517  sn91A         Ic-norm    0.4833   0.36   0.0936   0.0325   128.30  1    cut
 518  sn90K         IIL        0.6417   0.28   0.0650   0.0172   174.80  1    cut
