### SNID output file ###
 
### input spectrum and options ###
# Input spectrum                 : 13195_5.80.dat
# Parameter file                 : NA
# Wavelength range               :    3601.83   9598.23
# Mask file                      : NA
# Median filtering width [A]     : NA
# Median filtering width [pix]   :       1.00
# Clip emission redshift         : NA
# Clip sky lines                 : 0
# Emission clip width [A]        : NA
# Keep A-band                    : 1
# Age range                      :     -90.00   1000.00
# Delta range                    :      -9.99     99.90
# Min. number of spectra/template:   1
# Use only templates             : NA
# Use only types                 : Ib
# Avoid templates                : NA
# Avoid types                    : NA
# rlapmin                        :      10.00
# Redshift range                 :    -0.0100    1.2000
# Forced initial redshift        : NA
# Extra fake redshift            : NA
# Nsigma for initial redshift    : NA
# Redshift filter                :     0.0200
# Wavenumbers k1,k2,k3,k4        :     1    4   85  102
# Template directory             : /Users/daniel/snid-5.0/templates/
 
### initial/user-input redshift ###
zinit       0.0215
zuser       0.0215
 
### median redshift/age and error ###
zmed        0.0352    0.0079
agem          0.40      9.25
 
### type fraction/redshift/age ###
#type ntemp fraction slope redshift redshift_error age age_error
Ia              0      0.00    0.0000    0.0000    0.0000     0.000     0.000
Ia-norm         0      0.00    0.0000    0.0000    0.0000     0.000     0.000
Ia-91T          0      0.00    0.0000    0.0000    0.0000     0.000     0.000
Ia-91bg         0      0.00    0.0000    0.0000    0.0000     0.000     0.000
Ia-csm          0      0.00    0.0000    0.0000    0.0000     0.000     0.000
Ia-pec          0      0.00    0.0000    0.0000    0.0000     0.000     0.000
###
Ib              3      1.00    0.0000    0.0352    0.0079     0.400     9.250
Ib-norm         2      0.67   -0.0491    0.0366    0.0020    -2.050     3.465
Ib-pec          0      0.00    0.0000    0.0000    0.0000     0.000     0.000
IIb             1      0.33    0.0435    0.0231    0.0000    13.400     0.000
###
Ic              0      0.00    0.0000    0.0000    0.0000     0.000     0.000
Ic-norm         0      0.00    0.0000    0.0000    0.0000     0.000     0.000
Ic-pec          0      0.00    0.0000    0.0000    0.0000     0.000     0.000
Ic-broad        0      0.00    0.0000    0.0000    0.0000     0.000     0.000
###
II              0      0.00    0.0000    0.0000    0.0000     0.000     0.000
IIP             0      0.00    0.0000    0.0000    0.0000     0.000     0.000
II-pec          0      0.00    0.0000    0.0000    0.0000     0.000     0.000
IIn             0      0.00    0.0000    0.0000    0.0000     0.000     0.000
IIL             0      0.00    0.0000    0.0000    0.0000     0.000     0.000
###
NotSN           0      0.00    0.0000    0.0000    0.0000     0.000     0.000
AGN             0      0.00    0.0000    0.0000    0.0000     0.000     0.000
Gal             0      0.00    0.0000    0.0000    0.0000     0.000     0.000
LBV             0      0.00    0.0000    0.0000    0.0000     0.000     0.000
M-star          0      0.00    0.0000    0.0000    0.0000     0.000     0.000
 
### rlap-ordered template listings ###
#no. sn type lap rlap z zerr age age_flag grade
   1  sn00H         IIb        0.9165  13.91   0.0231   0.0041    13.40  0   good
   2  sn99ex        Ib-norm    0.9761  13.22   0.0352   0.0046     0.40  0   good
   3  sn99ex        Ib-norm    0.9422  12.58   0.0380   0.0051    -4.50  0   good
#--- rlap cutoff
   4  sn99ex        Ib-norm    0.9206   9.83   0.0303   0.0056     9.30  0    cut
   5  sn99dn        Ib-norm    0.9639   9.08   0.0198   0.0060     6.90  1    cut
   6  sn90I         Ib-norm    0.9043   8.76   0.0338   0.0064    11.40  0    cut
   7  sn90I         Ib-norm    0.9761   8.65   0.0295   0.0066    41.10  0    cut
   8  sn05bf        Ib-pec     0.7148   8.27   0.0165   0.0058     8.20  0    cut
   9  sn05bf        Ib-pec     0.7148   8.12   0.0215   0.0063    -5.60  0    cut
  10  sn05bf        Ib-pec     0.7148   7.98   0.0215   0.0064    -7.60  0    cut
  11  sn98dt        Ib-norm    0.9382   7.83   0.0262   0.0066     7.90  0    cut
  12  sn05bf        Ib-pec     0.9463   7.69   0.0181   0.0063     3.40  0    cut
  13  sn00H         IIb        0.9761   7.65   0.0188   0.0068    29.20  0    cut
  14  sn93J         IIb        0.9761   7.51   0.0165   0.0073    13.00  0    cut
  15  sn05bf        Ib-pec     0.7148   7.37   0.0176   0.0065     6.20  0    cut
  16  sn05bf        Ib-pec     0.7148   7.24   0.0216   0.0070    -4.60  0    cut
  17  sn97dd        IIb        0.9761   7.24   0.0185   0.0072     0.00  1    cut
  18  sn05bf        Ib-pec     0.8800   6.91   0.0260   0.0083   -18.50  0    cut
  19  sn93J         IIb        0.9368   6.83   0.0197   0.0086     6.60  0    cut
  20  sn05bf        Ib-pec     0.7121   6.83   0.0208   0.0073    -3.60  0    cut
  21  sn05bf        Ib-pec     0.7135   6.76   0.0190   0.0071     1.20  0    cut
  22  sn05bf        Ib-pec     0.7175   6.75   0.0153   0.0070    22.80  0    cut
  23  sn93J         IIb        0.9761   6.71   0.0161   0.0081    24.00  0    cut
  24  sn05bf        Ib-pec     0.7107   6.70   0.0204   0.0073    -0.70  0    cut
  25  sn05bf        Ib-pec     0.7135   6.55   0.0180   0.0074     5.20  0    cut
  26  sn05bf        Ib-pec     0.7148   6.51   0.0188   0.0074     2.20  0    cut
  27  sn05bf        Ib-pec     0.7175   6.40   0.0206   0.0077    -1.60  0    cut
  28  sn05bf        Ib-pec     0.7148   6.28   0.0183   0.0076     3.20  0    cut
  29  sn00H         IIb        0.6959   6.21   0.0258   0.0091    11.60  0    cut
  30  sn93J         IIb        0.9761   6.19   0.0165   0.0089    35.00  0    cut
  31  sn05bf        Ib-pec     0.7148   6.11   0.0280   0.0097   -22.20  0    cut
  32  sn98dt        Ib-norm    0.8854   6.02   0.0244   0.0087    32.50  0    cut
  33  sn93J         IIb        0.9734   5.93   0.0444   0.0098    41.40  0    cut
  34  sn05bf        Ib-pec     0.6864   5.82   0.0138   0.0074    25.80  0    cut
  35  sn00H         IIb        0.6931   5.82   0.0260   0.0095    10.60  0    cut
  36  sn05bf        Ib-pec     0.7175   5.77   0.0359   0.0099   -28.10  0    cut
  37  sn98dt        Ib-norm    0.6959   5.76   0.0263   0.0085     6.80  0    cut
  38  sn05bf        Ib-pec     0.7175   5.66   0.0210   0.0084    -2.70  0    cut
  39  sn99dn        Ib-norm    0.8515   5.63   0.0213   0.0087     0.00  1    cut
  40  sn05bf        Ib-pec     0.8705   5.62   0.0347   0.0122   -25.30  0    cut
  41  sn00H         IIb        0.6931   5.60   0.0273   0.0102     9.60  0    cut
  42  sn93J         IIb        0.9653   5.50   0.0187   0.0094     5.50  0    cut
  43  sn00H         IIb        0.9761   5.46   0.0206   0.0099    55.80  0    cut
  44  sn93J         IIb        0.9544   5.45   0.0186   0.0093     3.80  0    cut
  45  sn90I         Ib-norm    0.7459   5.45   0.0306   0.0089    19.40  0    cut
  46  sn84L         Ib-norm    0.6200   5.42   0.0198   0.0095    11.90  0    cut
  47  sn05bf        Ib-pec     0.7175   5.35   0.0356   0.0111   -25.20  0    cut
  48  sn05bf        Ib-pec     0.6065   5.33   0.0225   0.0106    -0.90  0    cut
  49  sn84L         Ib-norm    0.5997   5.30   0.0143   0.0081    31.80  0    cut
  50  sn84L         Ib-norm    0.5510   5.29   0.0158   0.0103    27.90  0    cut
  51  sn05bf        Ib-pec     0.7148   5.28   0.0353   0.0109   -26.20  0    cut
  52  sn05bf        Ib-pec     0.7148   5.27   0.0331   0.0109   -24.20  0    cut
  53  sn93J         IIb        0.9477   5.26   0.0211   0.0111    63.70  0    cut
  54  sn05bf        Ib-pec     0.8678   5.21   0.0295   0.0121   -22.30  0    cut
  55  sn98dt        Ib-norm    0.7581   5.18   0.0246   0.0091    11.70  0    cut
  56  sn99di        Ib-norm    0.8637   5.17   0.0185   0.0082     0.00  1    cut
  57  sn93J         IIb        0.9355   5.14   0.0205   0.0101     3.40  0    cut
  58  sn05bf        Ib-pec     0.7554   5.07   0.0151   0.0091    28.60  0    cut
  59  sn05bf        Ib-pec     0.6877   5.03   0.0134   0.0087    32.70  0    cut
  60  sn05bf        Ib-pec     0.7527   4.98   0.0148   0.0093    22.70  0    cut
  61  sn00H         IIb        0.6918   4.94   0.0282   0.0116     7.70  0    cut
  62  sn05bf        Ib-pec     0.6864   4.94   0.0139   0.0088    29.70  0    cut
  63  sn98dt        Ib-norm    0.7568   4.89   0.0250   0.0096    10.70  0    cut
  64  sn98dt        Ib-norm    0.7013   4.86   0.0285   0.0097     3.90  0    cut
  65  sn05bf        Ib-pec     0.7541   4.85   0.0162   0.0100    24.60  0    cut
  66  sn93J         IIb        0.9761   4.74   0.0177   0.0113    62.00  0    cut
  67  sn98dt        Ib-norm    0.6986   4.71   0.0326   0.0109     0.90  0    cut
  68  sn98dt        Ib-norm    0.6877   4.68   0.0234   0.0095    16.60  0    cut
  69  sn84L         Ib-norm    0.5537   4.67   0.0232   0.0098     8.00  0    cut
  70  sn98dt        Ib-norm    0.6999   4.66   0.0328   0.0110     0.00  0    cut
  71  sn93J         IIb        0.9761   4.63   0.0231   0.0113    -2.00  0    cut
  72  sn98T         Ib-norm    0.7189   4.61   0.0197   0.0081     0.00  1    cut
  73  sn00H         IIb        0.7392   4.46   0.0293   0.0132     8.40  0    cut
  74  sn96cb        IIb        0.7283   4.45   0.0169   0.0097     5.00  0    cut
  75  sn93J         IIb        0.9761   4.39   0.0185   0.0122    72.00  0    cut
  76  sn93J         IIb        0.6986   4.30   0.0141   0.0096    36.70  0    cut
  77  sn00H         IIb        0.6959   4.30   0.0293   0.0133     6.70  0    cut
  78  sn99dn        Ib-norm    0.8570   4.29   0.0196   0.0121    27.70  1    cut
  79  sn90I         Ib-norm    0.7473   4.17   0.0263   0.0108    40.10  0    cut
  80  sn93J         IIb        0.7067   4.16   0.0185   0.0124     4.60  0    cut
  81  sn93J         IIb        0.7121   4.15   0.0191   0.0119     3.70  0    cut
  82  sn00H         IIb        0.6986   4.14   0.0181   0.0103    25.30  0    cut
  83  sn93J         IIb        0.6959   4.12   0.0230   0.0144     2.70  0    cut
  84  sn93J         IIb        0.9761   4.05   0.0239   0.0126    -3.00  0    cut
  85  sn96cb        IIb        0.7311   4.03   0.0197   0.0111     0.90  0    cut
  86  sn00H         IIb        0.8461   4.01   0.0200   0.0112    40.00  0    cut
  87  sn84L         Ib-norm    0.5591   4.00   0.0222   0.0108     9.00  0    cut
  88  sn93J         IIb        0.7202   3.99   0.0147   0.0103    37.70  0    cut
  89  sn88L         Ib-norm    0.7893   3.98   0.0262   0.0130    47.70  1    cut
  90  sn84L         Ib-norm    0.5496   3.96   0.0117   0.0115    56.70  0    cut
  91  sn84L         Ib-norm    0.5930   3.93   0.0126   0.0103    38.80  0    cut
  92  sn84L         Ib-norm    0.5808   3.92   0.0122   0.0112    70.60  0    cut
  93  sn84L         Ib-norm    0.5781   3.90   0.0141   0.0105    36.80  0    cut
  94  sn88L         Ib-norm    0.7053   3.80   0.0283   0.0130     0.00  1    cut
  95  sn99di        Ib-norm    0.8218   3.78   0.0187   0.0119    23.60  1    cut
  96  sn96cb        IIb        0.7297   3.77   0.0152   0.0107     7.00  0    cut
  97  sn96cb        IIb        0.7297   3.76   0.0152   0.0107     7.00  0    cut
  98  sn93J         IIb        0.9761   3.75   0.0249   0.0135    -4.00  0    cut
  99  sn97dd        IIb        0.7405   3.66   0.0148   0.0113    16.40  1    cut
 100  sn97dd        IIb        0.7527   3.66   0.0169   0.0129     3.60  1    cut
 101  sn97dc        Ib-norm    0.8218   3.62   0.0180   0.0120     0.00  1    cut
 102  sn84L         Ib-norm    0.6390   3.58   0.0147   0.0126    37.80  0    cut
 103  sn84L         Ib-norm    0.6417   3.57   0.0104   0.0114    69.60  0    cut
 104  sn93J         IIb        0.6498   3.57   0.0139   0.0127    35.70  0    cut
 105  sn93J         IIb        0.9287   3.48   0.0240   0.0141    -1.60  0    cut
 106  sn91ar        Ib-norm    0.5348   3.41   0.0195   0.0117     0.00  1    cut
 107  sn93J         IIb        0.9734   3.39   1.1988   0.0000    96.50  0    cut
 108  sn99di        Ib-norm    0.7067   3.36   0.0197   0.0129    30.50  1    cut
 109  sn00H         IIb        0.7378   3.27   0.0163   0.0130    65.10  0    cut
 110  sn83N         Ib-norm    0.7446   3.26   0.0187   0.0141    12.00  0    cut
 111  sn93J         IIb        0.7311   3.25   0.0161   0.0161    12.00  0    cut
 112  sn93J         IIb        0.7148   3.25   0.0140   0.0130    34.70  0    cut
 113  sn93J         IIb        0.9761   3.24   1.1988   0.0000   102.00  0    cut
 114  sn93J         IIb        0.7311   3.19   0.0161   0.0175    11.00  0    cut
 115  sn93J         IIb        0.9761   3.14   1.1988   0.0000    88.00  0    cut
 116  sn96cb        IIb        0.7202   3.14   0.0099   0.0121    67.60  0    cut
 117  sn93J         IIb        0.9761   3.06   0.0232   0.0158    -2.40  0    cut
 118  sn93J         IIb        0.9761   3.05   1.1988   0.0000   118.00  0    cut
 119  sn90I         Ib-norm    0.7487   2.99   0.0253   0.0152    51.00  0    cut
 120  sn93J         IIb        0.7839   2.94   0.0214   0.0162     1.40  0    cut
 121  sn96cb        IIb        0.7094   2.89   0.0107   0.0115    56.70  0    cut
 122  sn91ar        Ib-norm    0.7960   2.85   0.0216   0.0170    27.40  1    cut
 123  sn93J         IIb        0.7216   2.79   0.0165   0.0191    16.50  0    cut
 124  sn93J         IIb        0.7148   2.73   0.0160   0.0403    20.40  0    cut
 125  sn90I         Ib-norm    0.7473   2.70   0.0251   0.0163    64.90  0    cut
 126  sn93J         IIb        0.6471   2.67   0.0148   0.0204    30.00  0    cut
 127  sn93J         IIb        0.7419   2.66   0.0263   0.0186    -5.00  0    cut
 128  sn90I         Ib-norm    0.8542   2.65   0.0298   0.0193    87.70  0    cut
 129  sn93J         IIb        0.9152   2.60   1.1988   0.0000   120.70  0    cut
 130  sn96cb        IIb        0.7283   2.58   0.0242   0.0174    -2.10  0    cut
 131  sn83N         Ib-norm    0.5591   2.54   0.0235   0.0161     4.00  0    cut
 132  sn93J         IIb        0.9761   2.46   1.1988   0.0000   146.00  0    cut
 133  sn93J         IIb        0.8272   2.33   0.0132   0.0133    70.00  0    cut
 134  sn93J         IIb        0.8150   2.32   0.0135   0.0145    68.00  0    cut
 135  sn93J         IIb        0.9761   2.24   1.1988   0.0000   161.00  0    cut
 136  sn96cb        IIb        0.9626   2.24   1.1988   0.0000   152.60  0    cut
 137  sn96cb        IIb        0.6552   2.22   0.0125   0.0134    40.80  0    cut
 138  sn96cb        IIb        0.9219   2.15   1.1988   0.0000   117.40  0    cut
 139  sn93J         IIb        0.6214   2.07   0.0153   0.0293    28.50  0    cut
 140  sn93J         IIb        0.6079   2.06   0.0151   0.0178    31.60  0    cut
 141  sn96cb        IIb        0.6607   2.05   0.0128   0.0141    36.80  0    cut
 142  sn96cb        IIb        0.6634   2.04   0.0130   0.0140    32.80  0    cut
 143  sn93J         IIb        0.9761   1.99   1.1988   0.0000   188.00  0    cut
 144  sn96cb        IIb        0.6552   1.97   0.0137   0.0144    28.90  0    cut
 145  sn96cb        IIb        0.9206   1.95   1.1988   0.0000    92.50  0    cut
 146  sn91ar        Ib-norm    0.4860   1.88   0.0184   0.0155    15.80  1    cut
 147  sn93J         IIb        0.9761   1.87   1.1988   0.0000   205.00  0    cut
 148  sn93J         IIb        0.9761   1.87   1.1988   0.0000   214.00  0    cut
 149  sn93J         IIb        0.6200   1.85   0.0151   0.0221    36.40  0    cut
 150  sn93J         IIb        0.9761   1.85   0.8225   0.0244   -16.70  0    cut
 151  sn96cb        IIb        0.6620   1.82   0.0136   0.0150    26.90  0    cut
 152  sn93J         IIb        0.9761   1.75   1.1988   0.0000   245.00  0    cut
 153  sn93J         IIb        0.9450   1.73   1.1988   0.0000   211.70  0    cut
 154  sn93J         IIb        0.6160   1.72   0.0158   0.0233    38.50  0    cut
 155  sn93J         IIb        0.8624   1.68   0.0326   0.0238   150.00  0    cut
 156  sn93J         IIb        0.9761   1.67   1.1988   0.0000   277.00  0    cut
 157  sn93J         IIb        0.9761   1.66   1.1988   0.0000   265.00  0    cut
 158  sn93J         IIb        0.9274   1.64   1.1988   0.0000   326.70  0    cut
 159  sn93J         IIb        0.6931   1.63   0.4041   0.0275   216.50  0    cut
 160  sn93J         IIb        0.8922   1.61   1.1988   0.0000   235.50  0    cut
 161  sn93J         IIb        0.7608   1.60   0.0529   0.0193   -15.70  0    cut
 162  sn93J         IIb        0.9761   1.55   1.1988   0.0000   294.00  0    cut
 163  sn93J         IIb        0.8908   1.48   0.4039   0.0287   279.40  0    cut
 164  sn93J         IIb        0.8218   1.37   1.1961   0.0338   151.40  0    cut
 165  sn96cb        IIb        0.8894   1.32   1.1988   0.0000   177.30  0    cut
 166  sn93J         IIb        0.9531   1.32   1.1988   0.0000   366.00  0    cut
 167  sn83N         Ib-norm    0.5375   1.29   0.0240   0.0295   227.60  0    cut
 168  sn93J         IIb        0.8894   1.24   0.0633   0.0359   452.10  0    cut
 169  sn93J         IIb        0.7162   1.15   0.0123   0.0203    94.70  0    cut
 170  sn93J         IIb        0.9165   1.10   1.1988   0.0000   391.80  0    cut
 171  sn96cb        IIb        0.6539   1.08   0.0561   0.0304   -16.90  0    cut
 172  sn93J         IIb        0.5848   1.00   0.0393   0.0252   -10.50  0    cut
 173  sn96cb        IIb        0.7568   1.00   0.0133   0.0291    96.60  0    cut
 174  sn93J         IIb        0.7026   0.86   0.0486   0.0519   -18.00  0    cut
 175  sn93J         IIb        0.7690   0.80   0.0640   0.0381   502.10  0    cut
 176  sn96cb        IIb        0.6512   0.74   0.4034   0.0336   -18.00  0    cut
 177  sn96cb        IIb        0.4765   0.73   0.0087   0.0182   101.70  0    cut
 178  sn96cb        IIb        0.7189   0.73   0.0124   0.0312   115.40  0    cut
 179  sn93J         IIb        0.7825   0.71   0.0662   0.0343   420.80  0    cut
 180  sn93J         IIb        0.6783   0.71   0.1981   0.0324   325.90  0    cut
 181  sn96cb        IIb        0.7392   0.71   1.1988   0.0000   334.20  0    cut
 182  sn93J         IIb        0.6688   0.69   0.0672   0.0218   341.70  0    cut
 183  sn93J         IIb        0.8434   0.64   1.1988   0.0000   412.00  0    cut
 184  sn96cb        IIb        0.7229   0.64   0.0358   0.0337   149.30  0    cut
 185  sn93J         IIb        0.6918   0.62   0.0672   0.0492   347.50  0    cut
 186  sn93J         IIb        0.7202   0.59   0.0643   0.0431   532.10  0    cut
 187  sn96cb        IIb        0.4941   0.49   0.0687   0.0205   126.70  0    cut
 188  sn93J         IIb        0.6458   0.44   0.0691   0.0211   186.10  0    cut
 189  sn90I         Ib-norm    0.6200   0.40   0.0646   0.0235   234.60  0    cut
