### SNID output file ###
 
### input spectrum and options ###
# Input spectrum                 : 6936_-1.60.dat
# Parameter file                 : NA
# Wavelength range               :    3234.00   9240.00
# Mask file                      : NA
# Median filtering width [A]     : NA
# Median filtering width [pix]   :       1.00
# Clip emission redshift         : NA
# Clip sky lines                 : 0
# Emission clip width [A]        : NA
# Keep A-band                    : 1
# Age range                      :     -90.00   1000.00
# Delta range                    :      -9.99     99.90
# Min. number of spectra/template:   1
# Use only templates             : NA
# Use only types                 : Ia
# Avoid templates                : NA
# Avoid types                    : NA
# rlapmin                        :      10.00
# Redshift range                 :    -0.0100    1.2000
# Forced initial redshift        : NA
# Extra fake redshift            : NA
# Nsigma for initial redshift    : NA
# Redshift filter                :     0.0200
# Wavenumbers k1,k2,k3,k4        :     1    4   85  102
# Template directory             : /Users/daniel/snid-5.0/templates/
 
### initial/user-input redshift ###
zinit       0.1842
zuser       0.1842
 
### median redshift/age and error ###
zmed        0.1817    0.0051
agem          0.30      3.99
 
### type fraction/redshift/age ###
#type ntemp fraction slope redshift redshift_error age age_error
Ia             20      1.00   -0.0000    0.1817    0.0051     0.300     3.991
Ia-norm        19      0.95    0.0304    0.1818    0.0044    -0.200     4.077
Ia-91T          0      0.00    0.0000    0.0000    0.0000     0.000     0.000
Ia-91bg         0      0.00    0.0000    0.0000    0.0000     0.000     0.000
Ia-csm          0      0.00    0.0000    0.0000    0.0000     0.000     0.000
Ia-pec          1      0.05    0.0000    0.1706    0.0000     2.000     0.000
###
Ib              0      0.00    0.0000    0.0000    0.0000     0.000     0.000
Ib-norm         0      0.00    0.0000    0.0000    0.0000     0.000     0.000
Ib-pec          0      0.00    0.0000    0.0000    0.0000     0.000     0.000
IIb             0      0.00    0.0000    0.0000    0.0000     0.000     0.000
###
Ic              0      0.00    0.0000    0.0000    0.0000     0.000     0.000
Ic-norm         0      0.00    0.0000    0.0000    0.0000     0.000     0.000
Ic-pec          0      0.00    0.0000    0.0000    0.0000     0.000     0.000
Ic-broad        0      0.00    0.0000    0.0000    0.0000     0.000     0.000
###
II              0      0.00    0.0000    0.0000    0.0000     0.000     0.000
IIP             0      0.00    0.0000    0.0000    0.0000     0.000     0.000
II-pec          0      0.00    0.0000    0.0000    0.0000     0.000     0.000
IIn             0      0.00    0.0000    0.0000    0.0000     0.000     0.000
IIL             0      0.00    0.0000    0.0000    0.0000     0.000     0.000
###
NotSN           0      0.00    0.0000    0.0000    0.0000     0.000     0.000
AGN             0      0.00    0.0000    0.0000    0.0000     0.000     0.000
Gal             0      0.00    0.0000    0.0000    0.0000     0.000     0.000
LBV             0      0.00    0.0000    0.0000    0.0000     0.000     0.000
M-star          0      0.00    0.0000    0.0000    0.0000     0.000     0.000
 
### rlap-ordered template listings ###
#no. sn type lap rlap z zerr age age_flag grade
   1  sn92A         Ia-norm    0.9382  12.56   0.1987   0.0045    -5.00  0   good
   2  sn03du        Ia-norm    0.7906  12.55   0.1815   0.0045    -0.20  0   good
   3  sn98aq        Ia-norm    0.6783  11.82   0.1850   0.0041    -9.00  0   good
   4  sn03du        Ia-norm    0.8069  11.76   0.1814   0.0047    -1.10  0   good
   5  sn94ae        Ia-norm    0.6783  11.56   0.1818   0.0047     4.40  0   good
   6  sn94ae        Ia-norm    0.6918  11.56   0.1821   0.0047     3.30  0   good
   7  sn03du        Ia-norm    0.7920  11.45   0.1817   0.0048     0.80  0   good
   8  sn02er        Ia-norm    0.8326  11.41   0.1861   0.0050    -3.50  0   good
   9  sn94ae        Ia-norm    0.6864  11.41   0.1813   0.0048     6.40  0   good
  10  sn03fg        Ia-pec     0.9856  10.98   0.1706   0.0042     2.00  0   good
  11  sn03cg        Ia-norm    0.6674  10.92   0.1837   0.0042    -1.80  0   good
  12  sn02bo        Ia-norm    0.8285  10.86   0.1878   0.0058    -0.30  0   good
  13  sn89B         Ia-norm    0.9030  10.84   0.1807   0.0053    -0.50  0   good
  14  sn03du        Ia-norm    0.8028  10.72   0.1788   0.0050     3.90  0   good
  15  sn05hj        Ia-norm    0.6783  10.69   0.1811   0.0046     4.30  0   good
  16  sn03du        Ia-norm    0.8015  10.64   0.1806   0.0050     1.90  0   good
  17  sn95D         Ia-norm    0.6904  10.60   0.1795   0.0051     4.20  0   good
  18  sn04eo        Ia-norm    0.8583  10.53   0.1833   0.0053    -6.40  0   good
  19  sn94ae        Ia-norm    0.6647  10.49   0.1823   0.0049     2.30  0   good
  20  sn94D         Ia-norm    0.8204  10.20   0.1826   0.0049    -1.80  0   good
#--- rlap cutoff
  21  sn02bo        Ia-norm    0.8556   9.96   0.1901   0.0065    -1.40  0    cut
  22  sn02er        Ia-norm    0.8109   9.94   0.1845   0.0056    -0.50  0    cut
  23  sn92A         Ia-norm    0.9382   9.69   0.1942   0.0056    -0.40  0    cut
  24  sn94D         Ia-norm    0.8231   9.59   0.1789   0.0052     2.90  0    cut
  25  sn02er        Ia-norm    0.7893   9.40   0.1903   0.0062    -6.40  0    cut
  26  sn03du        Ia-norm    0.7514   9.37   0.1859   0.0062    -7.00  0    cut
  27  sn96X         Ia-norm    0.9287   9.36   0.1819   0.0051     0.90  0    cut
  28  sn03cg        Ia-norm    0.7446   9.32   0.1865   0.0050    -7.50  0    cut
  29  sn98aq        Ia-norm    0.6837   9.28   0.1825   0.0050     0.00  0    cut
  30  sn90N         Ia-norm    0.8001   9.27   0.1835   0.0084   -13.20  0    cut
  31  sn81B         Ia-norm    0.9314   9.19   0.1932   0.0062     0.00  0    cut
  32  sn06gz        Ia-pec     0.6376   9.18   0.1859   0.0046    -2.60  0    cut
  33  sn94ae        Ia-norm    0.7351   9.17   0.1834   0.0055     1.30  0    cut
  34  sn92A         Ia-norm    0.9395   9.11   0.1931   0.0058     2.40  0    cut
  35  sn81B         Ia-norm    0.9260   8.97   0.1933   0.0063    -0.90  0    cut
  36  sn03du        Ia-norm    0.8231   8.88   0.1984   0.0072   -10.10  0    cut
  37  sn03cg        Ia-norm    0.7987   8.86   0.1813   0.0057     4.50  0    cut
  38  sn98aq        Ia-norm    0.6931   8.83   0.1822   0.0053     0.90  0    cut
  39  sn03du        Ia-norm    0.8746   8.83   0.1793   0.0061     5.00  0    cut
  40  sn03cg        Ia-norm    0.6579   8.81   0.1831   0.0052    -2.30  0    cut
  41  sn98aq        Ia-norm    0.6959   8.71   0.1820   0.0053     1.90  0    cut
  42  sn02bo        Ia-norm    0.8015   8.59   0.1910   0.0073    -2.50  0    cut
  43  sn06gz        Ia-pec     0.7067   8.56   0.1810   0.0051     4.30  0    cut
  44  sn95D         Ia-norm    0.7297   8.51   0.1780   0.0062     6.10  0    cut
  45  sn98aq        Ia-norm    0.6959   8.51   0.1817   0.0054     2.90  0    cut
  46  sn92A         Ia-norm    0.6891   8.50   0.1974   0.0060    -5.00  0    cut
  47  sn89B         Ia-norm    0.6498   8.49   0.1788   0.0061     3.50  0    cut
  48  sn06gz        Ia-pec     0.6444   8.43   0.1874   0.0048    -5.50  0    cut
  49  sn03cg        Ia-norm    0.7311   8.42   0.1831   0.0056    -0.50  0    cut
  50  sn96X         Ia-norm    0.7351   8.29   0.1832   0.0055    -1.10  0    cut
  51  sn92A         Ia-norm    1.0465   8.28   0.1980   0.0064     5.90  0    cut
  52  sn98aq        Ia-norm    0.6959   8.23   0.1817   0.0056     3.90  0    cut
  53  sn03cg        Ia-norm    0.7595   8.21   0.1814   0.0057     1.50  0    cut
  54  sn98aq        Ia-norm    0.6972   8.19   0.1817   0.0056     4.90  0    cut
  55  sn98aq        Ia-norm    0.6972   8.16   0.1816   0.0056     5.90  0    cut
  56  sn90N         Ia-norm    1.0465   8.12   0.1789   0.0066     4.90  0    cut
  57  sn92A         Ia-norm    0.6837   8.04   0.1945   0.0063    -0.60  0    cut
  58  sn02bo        Ia-norm    0.8001   8.04   0.1903   0.0075    -1.20  0    cut
  59  sn96X         Ia-norm    0.9260   8.02   0.1813   0.0059     1.90  0    cut
  60  sn02bo        Ia-norm    0.7500   8.01   0.1920   0.0078    -3.40  0    cut
  61  sn02bo        Ia-norm    0.9233   8.01   0.1832   0.0075     5.50  0    cut
  62  sn98bu        Ia-norm    0.6972   7.98   0.1835   0.0058    -2.80  0    cut
  63  sn99aa        Ia-91T     0.8515   7.97   0.1933   0.0069    -0.60  0    cut
  64  sn02bo        Ia-norm    0.7541   7.92   0.1890   0.0077    -1.50  0    cut
  65  sn95D         Ia-norm    0.7351   7.89   0.1777   0.0069     8.10  0    cut
  66  sn98aq        Ia-norm    0.7135   7.82   0.1830   0.0065    -8.00  0    cut
  67  sn03cg        Ia-norm    0.7595   7.75   0.1850   0.0056    -4.50  0    cut
  68  sn98aq        Ia-norm    0.6959   7.72   0.1814   0.0059     6.90  0    cut
  69  sn94D         Ia-norm    0.8096   7.65   0.1817   0.0058     2.20  0    cut
  70  sn02bo        Ia-norm    0.8556   7.63   0.1933   0.0085    -4.50  0    cut
  71  sn99aw        Ia-91T     0.8001   7.59   0.1890   0.0081     3.20  0    cut
  72  sn91M         Ia-norm    0.7216   7.58   0.1872   0.0074     2.70  0    cut
  73  sn05hj        Ia-norm    0.6769   7.58   0.1810   0.0062     1.60  0    cut
  74  sn96X         Ia-norm    0.7270   7.58   0.1836   0.0056     0.00  0    cut
  75  sn02er        Ia-norm    0.8515   7.55   0.1800   0.0074     5.50  0    cut
  76  sn05hj        Ia-norm    0.6783   7.53   0.1816   0.0059    -0.30  0    cut
  77  sn94S         Ia-norm    0.6999   7.52   0.1827   0.0067    -3.40  0    cut
  78  sn03du        Ia-norm    0.7229   7.51   0.1791   0.0065     7.90  0    cut
  79  sn98bu        Ia-norm    0.6972   7.51   0.1833   0.0062    -1.70  0    cut
  80  sn89B         Ia-norm    0.9598   7.47   0.1836   0.0074    -6.30  0    cut
  81  sn03cg        Ia-norm    0.7365   7.41   0.1847   0.0065    -5.90  0    cut
  82  sn96X         Ia-norm    0.7270   7.40   0.1848   0.0056    -3.00  0    cut
  83  sn99aw        Ia-91T     0.8339   7.39   0.1916   0.0081     0.30  0    cut
  84  sn99ac        Ia-91T     0.7487   7.33   0.2032   0.0084   -13.60  0    cut
  85  sn02er        Ia-norm    0.8840   7.28   0.1864   0.0079    -1.50  0    cut
  86  sn94ae        Ia-norm    0.6512   7.28   0.1828   0.0065     3.30  0    cut
  87  sn02er        Ia-norm    0.8908   7.23   0.1868   0.0081    -2.50  0    cut
  88  sn99ac        Ia-91T     0.7121   7.14   0.2002   0.0072    -9.60  0    cut
  89  sn99ac        Ia-91T     0.8678   7.12   0.1865   0.0085     3.10  0    cut
  90  sn00cx        Ia-pec     0.8448   7.10   0.1851   0.0062     1.60  0    cut
  91  sn86G         Ia-91bg    0.6133   7.08   0.1824   0.0074    -2.70  0    cut
  92  sn92A         Ia-norm    0.8326   7.08   0.1896   0.0072     6.30  0    cut
  93  sn02er        Ia-norm    0.8908   7.08   0.1815   0.0084     3.40  0    cut
  94  sn98bu        Ia-norm    0.6972   7.07   0.1829   0.0065    -0.70  0    cut
  95  sn98bu        Ia-norm    0.5672   7.07   0.1811   0.0066     1.20  0    cut
  96  sn96X         Ia-norm    0.7270   7.05   0.1825   0.0060     1.90  0    cut
  97  sn03du        Ia-norm    0.8813   7.05   0.1833   0.0079    -3.20  0    cut
  98  sn94D         Ia-norm    0.9328   7.03   0.1855   0.0078    -3.80  0    cut
  99  sn04eo        Ia-norm    0.7067   6.99   0.1812   0.0066    -2.80  0    cut
 100  sn86G         Ia-91bg    0.5740   6.87   0.1803   0.0076    -0.40  0    cut
 101  sn99ac        Ia-91T     0.7811   6.85   0.1875   0.0087     0.80  0    cut
 102  sn96X         Ia-norm    0.7283   6.85   0.1832   0.0062     1.00  0    cut
 103  sn06gz        Ia-pec     0.7446   6.81   0.1807   0.0063     6.30  0    cut
 104  sn94D         Ia-norm    0.8448   6.75   0.2043   0.0108   -10.70  0    cut
 105  sn03du        Ia-norm    0.8191   6.74   0.1936   0.0086    -6.20  0    cut
 106  sn96X         Ia-norm    0.7270   6.74   0.1846   0.0062    -2.00  0    cut
 107  sn99ee        Ia-norm    0.8339   6.74   0.1820   0.0083     7.10  0    cut
 108  sn93ac        Ia-norm    0.9490   6.73   0.1846   0.0079     6.90  0    cut
 109  sn94D         Ia-norm    0.7040   6.71   0.1843   0.0068    -3.60  0    cut
 110  sn94D         Ia-norm    0.8475   6.70   0.1854   0.0075    -4.80  0    cut
 111  sn04eo        Ia-norm    0.8069   6.66   0.1784   0.0074     2.20  0    cut
 112  sn03du        Ia-norm    0.6945   6.65   0.1861   0.0073    -7.80  0    cut
 113  sn02er        Ia-norm    0.8042   6.64   0.1929   0.0088    -8.40  0    cut
 114  sn96X         Ia-norm    0.6864   6.58   0.1840   0.0067    -0.90  0    cut
 115  sn03du        Ia-norm    0.6945   6.49   0.1871   0.0077    -8.80  0    cut
 116  sn03du        Ia-norm    0.8813   6.48   0.1845   0.0089    -5.00  0    cut
 117  sn90O         Ia-norm    0.8989   6.46   0.1936   0.0099    -6.10  0    cut
 118  sn92A         Ia-norm    0.6850   6.42   0.1921   0.0076     3.30  0    cut
 119  sn99aw        Ia-91T     0.6119   6.40   0.1879   0.0079    -0.70  0    cut
 120  sn05hj        Ia-norm    0.6810   6.38   0.1831   0.0072    -6.00  0    cut
 121  sn96X         Ia-norm    0.7270   6.38   0.1825   0.0067     2.90  0    cut
 122  sn90O         Ia-norm    0.8976   6.23   0.1921   0.0099    -5.10  0    cut
 123  sn03du        Ia-norm    0.6986   6.17   0.1884   0.0085    -9.70  0    cut
 124  sn02er        Ia-norm    0.8800   6.15   0.1890   0.0098    -4.40  0    cut
 125  sn02bo        Ia-norm    0.6959   6.14   0.1976   0.0092    -8.10  0    cut
 126  sn02er        Ia-norm    0.7365   6.10   0.1886   0.0096    -5.40  0    cut
 127  sn96C         Ia-norm    0.7649   6.08   0.1788   0.0085     8.30  0    cut
 128  sn99aa        Ia-91T     0.8732   5.98   0.1972   0.0085     2.70  0    cut
 129  sn02er        Ia-norm    0.7365   5.97   0.1845   0.0083     1.50  0    cut
 130  sn94D         Ia-norm    0.9016   5.96   0.2042   0.0121   -10.60  0    cut
 131  sn03du        Ia-norm    0.6986   5.91   0.1921   0.0097   -11.70  0    cut
 132  sn99ee        Ia-norm    0.8664   5.90   0.1832   0.0103     2.20  0    cut
 133  sn03cg        Ia-norm    0.7581   5.83   0.1857   0.0075    -6.80  0    cut
 134  sn01el        Ia-norm    0.6119   5.81   0.1861   0.0073     1.30  0    cut
 135  sn00cx        Ia-pec     0.6403   5.77   0.1881   0.0081     0.60  0    cut
 136  sn05hj        Ia-norm    0.6837   5.77   0.1817   0.0074    -5.10  0    cut
 137  sn06gz        Ia-pec     0.6241   5.75   0.1897   0.0068   -14.30  0    cut
 138  sn06gz        Ia-pec     0.7432   5.74   0.1806   0.0074     7.20  0    cut
 139  sn06gz        Ia-pec     0.6458   5.70   0.1829   0.0071     5.20  0    cut
 140  sn94M         Ia-norm    0.6769   5.63   0.1870   0.0089     5.00  0    cut
 141  sn02bo        Ia-norm    0.6959   5.62   0.1957   0.0100    -7.00  0    cut
 142  sn99ee        Ia-norm    0.8651   5.61   0.1844   0.0111     0.30  0    cut
 143  sn03du        Ia-norm    0.7283   5.60   0.1788   0.0084     8.90  0    cut
 144  sn94S         Ia-norm    0.6268   5.56   0.1830   0.0111    -2.50  0    cut
 145  sn04S         Ia-norm    0.8854   5.55   0.1790   0.0110     7.50  0    cut
 146  sn96X         Ia-norm    0.7243   5.48   0.1817   0.0077     4.90  0    cut
 147  sn90O         Ia-norm    0.9179   5.39   0.1945   0.0120    -7.10  0    cut
 148  sn03du        Ia-norm    0.6972   5.33   0.1815   0.0084     2.20  0    cut
 149  sn03du        Ia-norm    0.6999   5.31   0.1813   0.0084     3.10  0    cut
 150  sn02bo        Ia-norm    0.6972   5.24   0.1942   0.0107    -6.00  0    cut
 151  sn99aa        Ia-91T     0.7094   5.22   0.1985   0.0089     7.60  0    cut
 152  sn04S         Ia-norm    0.9246   5.21   0.1826   0.0122     1.70  0    cut
 153  sn06gz        Ia-pec     0.7419   5.20   0.1890   0.0068   -10.30  0    cut
 154  sn00cx        Ia-pec     0.6173   5.19   0.1882   0.0084    -0.40  0    cut
 155  sn03du        Ia-norm    0.6986   5.18   0.1825   0.0085    -0.80  0    cut
 156  sn02bo        Ia-norm    0.6972   5.14   0.1933   0.0109    -5.10  0    cut
 157  sn90O         Ia-norm    0.7148   5.12   0.1899   0.0094    -0.40  0    cut
 158  sn95E         Ia-norm    0.6498   5.11   0.1831   0.0087     0.10  0    cut
 159  sn99ee        Ia-norm    0.8664   5.10   0.1955   0.0136    -6.70  0    cut
 160  sn99aa        Ia-91T     0.7581   5.08   0.1994   0.0093    -4.10  0    cut
 161  sn06gz        Ia-pec     0.7473   5.08   0.1883   0.0068    -9.30  0    cut
 162  sn01el        Ia-norm    0.8529   5.08   0.1864   0.0112     9.20  0    cut
 163  sn94D         Ia-norm    0.7040   5.04   0.1831   0.0089     0.40  0    cut
 164  sn00E         Ia-norm    0.7148   4.95   0.1853   0.0097    -2.50  0    cut
 165  sn89B         Ia-norm    0.6471   4.94   0.1788   0.0093     5.50  0    cut
 166  sn94S         Ia-norm    0.7040   4.94   0.1817   0.0093     1.40  0    cut
 167  sn94ae        Ia-norm    0.9531   4.92   0.1785   0.0100     9.40  0    cut
 168  sn90N         Ia-norm    0.8894   4.92   0.2077   0.0151   -13.20  0    cut
 169  sn02bo        Ia-norm    0.6986   4.90   0.1907   0.0114    -2.10  0    cut
 170  sn91M         Ia-norm    0.7798   4.89   0.0226   0.0148   111.80  0    cut
 171  sn02bo        Ia-norm    0.6972   4.89   0.1922   0.0114    -4.00  0    cut
 172  sn94ae        Ia-norm    0.6986   4.89   0.1791   0.0101     9.30  0    cut
 173  sn02bo        Ia-norm    0.6972   4.87   0.1914   0.0115    -3.10  0    cut
 174  sn96X         Ia-norm    0.7283   4.87   0.1814   0.0085     5.90  0    cut
 175  sn96X         Ia-norm    0.9314   4.87   0.1801   0.0100     7.80  0    cut
 176  sn02bo        Ia-norm    0.6972   4.86   0.1899   0.0115    -1.20  0    cut
 177  sn94D         Ia-norm    0.7148   4.85   0.1882   0.0106    -8.70  0    cut
 178  sn00E         Ia-norm    0.7419   4.80   0.1857   0.0107    -5.50  0    cut
 179  sn02er        Ia-norm    0.7202   4.78   0.1825   0.0098     4.40  0    cut
 180  sn03du        Ia-norm    0.8285   4.77   0.1788   0.0100    10.80  0    cut
 181  sn00cx        Ia-pec     0.6525   4.74   0.1882   0.0102    -1.40  0    cut
 182  sn94D         Ia-norm    0.6498   4.73   0.1875   0.0096    -7.70  0    cut
 183  sn03du        Ia-norm    0.7405   4.72   0.1787   0.0100     9.80  0    cut
 184  sn94D         Ia-norm    0.7067   4.69   0.1848   0.0095    -2.60  0    cut
 185  sn94D         Ia-norm    0.9260   4.68   0.1862   0.0121    -5.60  0    cut
 186  sn00cx        Ia-pec     0.5740   4.68   0.1881   0.0100    -2.40  0    cut
 187  sn91T         Ia-91T     1.0465   4.65   0.1836   0.0121    -0.20  0    cut
 188  sn06gz        Ia-pec     0.7432   4.59   0.1800   0.0088     8.20  0    cut
 189  sn06gz        Ia-pec     0.7107   4.56   0.1907   0.0075   -13.30  0    cut
 190  sn99ee        Ia-norm    0.8651   4.55   0.1808   0.0122    11.10  0    cut
 191  sn95E         Ia-norm    0.6024   4.54   0.1842   0.0094    -1.90  0    cut
 192  sn99ee        Ia-norm    0.9626   4.54   0.2010   0.0146    -8.60  0    cut
 193  sn90N         Ia-norm    0.5794   4.53   0.1767   0.0092     2.60  0    cut
 194  sn96X         Ia-norm    0.7243   4.53   0.1810   0.0090     6.90  0    cut
 195  sn06gz        Ia-pec     0.7392   4.52   0.1906   0.0077   -12.30  0    cut
 196  sn91bg        Ia-91bg    0.6634   4.49   0.1765   0.0113     2.50  0    cut
 197  sn00cx        Ia-pec     0.6214   4.48   0.1867   0.0095     7.50  0    cut
 198  sn06gz        Ia-pec     0.6485   4.47   0.1818   0.0089     7.20  0    cut
 199  sn03du        Ia-norm    0.7893   4.39   0.1916   0.0135   -10.10  0    cut
 200  sn94M         Ia-norm    0.6376   4.37   0.1879   0.0112     4.00  0    cut
 201  sn00E         Ia-norm    0.7107   4.35   0.1852   0.0108    -1.40  0    cut
 202  sn99ac        Ia-91T     0.8854   4.34   0.1849   0.0128     9.20  0    cut
 203  sn95E         Ia-norm    0.8380   4.29   0.1772   0.0110    10.00  0    cut
 204  sn01el        Ia-norm    0.6282   4.28   0.1895   0.0101    -3.70  0    cut
 205  sn02bo        Ia-norm    0.6986   4.26   0.2059   0.0127   -12.10  0    cut
 206  sn02er        Ia-norm    0.7568   4.24   0.1935   0.0111    -9.40  0    cut
 207  sn97br        Ia-91T     0.7635   4.22   0.1798   0.0118    -4.00  0    cut
 208  sn91T         Ia-91T     0.8610   4.13   0.0394   0.0188   -10.30  0    cut
 209  sn02er        Ia-norm    0.7487   4.09   0.1940   0.0111    -7.40  0    cut
 210  sn95E         Ia-norm    0.6363   4.08   0.1828   0.0103     2.00  0    cut
 211  sn04eo        Ia-norm    0.7378   4.08   0.1862   0.0114   -11.00  0    cut
 212  sn02ic        Ia-csm     0.7717   4.06   0.1769   0.0113     9.40  0    cut
 213  sn94M         Ia-norm    0.7243   4.05   0.1861   0.0107     7.90  0    cut
 214  sn00cx        Ia-pec     0.8434   4.04   0.1864   0.0091     5.60  0    cut
 215  sn94D         Ia-norm    0.7094   4.02   0.1861   0.0110    -4.70  0    cut
 216  sn02cx        Ia-pec     0.6931   3.95   0.1667   0.0124    -5.30  0    cut
 217  sn94ae        Ia-norm    0.7229   3.94   0.1788   0.0122    10.40  0    cut
 218  sn91T         Ia-91T     0.8597   3.92   0.0383   0.0200    -9.30  0    cut
 219  sn95E         Ia-norm    0.6227   3.88   0.1801   0.0110     7.00  0    cut
 220  sn02bo        Ia-norm    0.7229   3.86   0.1949   0.0132    -4.40  0    cut
 221  sn06gz        Ia-pec     0.7094   3.82   0.1918   0.0084   -14.20  0    cut
 222  sn99by        Ia-91bg    0.7987   3.78   0.1804   0.0117    -2.80  0    cut
 223  sn06gz        Ia-pec     0.7419   3.78   0.1799   0.0103     9.20  0    cut
 224  sn96X         Ia-norm    0.7283   3.71   0.1804   0.0107     7.90  0    cut
 225  sn86G         Ia-91bg    0.6796   3.62   0.1867   0.0130    -3.40  0    cut
 226  sn00cx        Ia-pec     0.8610   3.57   0.0286   0.0225    71.00  0    cut
 227  sn02bo        Ia-norm    0.7392   3.55   0.2040   0.0145    -9.40  0    cut
 228  sn00cx        Ia-pec     0.8448   3.53   0.1860   0.0101     6.50  0    cut
 229  sn00cx        Ia-pec     0.8624   3.52   0.0260   0.0219   146.40  0    cut
 230  sn89B         Ia-norm    0.6390   3.52   0.1783   0.0125     7.50  0    cut
 231  sn00cx        Ia-pec     0.8082   3.49   0.0263   0.0220    96.80  0    cut
 232  sn02ic        Ia-csm     0.9192   3.49   0.1765   0.0138     5.60  0    cut
 233  sn99by        Ia-91bg    0.6999   3.46   0.1820   0.0128    -3.90  0    cut
 234  sn86G         Ia-91bg    0.6959   3.45   0.1873   0.0137    -4.40  0    cut
 235  sn02bo        Ia-norm    0.6959   3.42   0.2093   0.0152   -13.10  0    cut
 236  sn98bu        Ia-norm    0.6999   3.40   0.1806   0.0120     9.30  0    cut
 237  sn86G         Ia-91bg    0.6810   3.40   0.1851   0.0135    -2.40  0    cut
 238  sn00cx        Ia-pec     0.6498   3.37   0.1889   0.0138    -3.40  0    cut
 239  sn06gz        Ia-pec     0.7135   3.36   0.1913   0.0097   -13.30  0    cut
 240  sn00cx        Ia-pec     0.8624   3.35   0.0283   0.0230    92.90  0    cut
 241  sn06gz        Ia-pec     0.7432   3.31   0.1795   0.0117    10.10  0    cut
 242  sn94M         Ia-norm    0.7175   3.28   0.1905   0.0140     3.00  0    cut
 243  sn94D         Ia-norm    0.7121   3.26   0.1929   0.0156    -9.50  0    cut
 244  sn02er        Ia-norm    0.6823   3.26   0.1972   0.0150   -11.30  0    cut
 245  sn97br        Ia-91T     0.8353   3.25   0.1803   0.0148     7.80  0    cut
 246  sn91bg        Ia-91bg    0.6999   3.24   0.1770   0.0150     2.70  0    cut
 247  sn86G         Ia-91bg    0.5916   3.23   0.1827   0.0141     0.60  0    cut
 248  sn95D         Ia-norm    0.6552   3.21   0.1790   0.0124    10.10  0    cut
 249  sn92A         Ia-norm    1.0316   3.21   0.1888   0.0136     8.70  0    cut
 250  sn99by        Ia-91bg    0.6024   3.20   0.1825   0.0136    -4.80  0    cut
 251  sn00E         Ia-norm    0.6877   3.19   0.1809   0.0136     8.40  0    cut
 252  sn00cx        Ia-pec     0.8624   3.19   0.0291   0.0254    61.10  0    cut
 253  sn92A         Ia-norm    0.6471   3.18   0.1903   0.0131     7.30  0    cut
 254  sn94T         Ia-norm    0.5510   3.17   0.1822   0.0157     1.20  0    cut
 255  sn86G         Ia-91bg    0.5957   3.15   0.1826   0.0143     1.60  0    cut
 256  sn02cx        Ia-pec     0.6959   3.14   0.1649   0.0142    -2.40  0    cut
 257  sn03cg        Ia-norm    0.7324   3.13   0.1819   0.0128     7.40  0    cut
 258  sn00cx        Ia-pec     0.8624   3.09   0.0282   0.0249   124.60  0    cut
 259  sn96X         Ia-norm    0.7283   3.00   0.1802   0.0126     8.90  0    cut
 260  sn95al        Ia-norm    0.8854   2.99   0.0261   0.0257    17.00  0    cut
 261  sn94D         Ia-norm    0.7135   2.99   0.1986   0.0192    -9.60  0    cut
 262  sn94ae        Ia-norm    0.6823   2.98   0.1795   0.0150    11.30  0    cut
 263  sn04eo        Ia-norm    0.8407   2.96   0.1752   0.0147     7.00  0    cut
 264  sn00cx        Ia-pec     0.8624   2.95   0.1861   0.0222    41.30  0    cut
 265  sn90N         Ia-norm    1.0370   2.95   0.1930   0.0200    -6.40  0    cut
 266  sn92A         Ia-norm    0.8935   2.95   0.1885   0.0149     8.90  0    cut
 267  sn90N         Ia-norm    0.6661   2.93   0.0434   0.0155   332.50  0    cut
 268  sn99aa        Ia-91T     0.8096   2.92   0.2058   0.0200    -8.50  0    cut
 269  sn05hk        Ia-pec     0.7459   2.91  -0.0094   0.0000    20.30  0    cut
 270  sn00cx        Ia-pec     0.6227   2.90   0.1863   0.0134     9.50  0    cut
 271  sn05hk        Ia-pec     0.7798   2.90   0.1643   0.0147    -6.30  0    cut
 272  sn00cx        Ia-pec     0.8570   2.86   0.1850   0.0221    31.40  0    cut
 273  sn03cg        Ia-norm    0.8353   2.86   0.1787   0.0157     9.60  0    cut
 274  sn02er        Ia-norm    0.8515   2.85   0.1732   0.0163     9.40  0    cut
 275  sn05hk        Ia-pec     0.6255   2.84   0.1662   0.0152    -6.30  0    cut
 276  sn05hk        Ia-pec     0.6282   2.82   0.1667   0.0152    -7.30  0    cut
 277  sn98bu        Ia-norm    0.6986   2.82   0.0358   0.0233    13.20  0    cut
 278  sn05gj        Ia-csm     0.6363   2.82   0.1743   0.0187    -1.80  0    cut
 279  sn98bu        Ia-norm    0.6986   2.79   0.0375   0.0231    12.20  0    cut
 280  sn92A         Ia-norm    0.9558   2.78   0.0342   0.0273    11.70  0    cut
 281  sn05gj        Ia-csm     0.6417   2.76   0.0034   0.0184    39.40  0    cut
 282  sn91T         Ia-91T     0.7784   2.76   0.1747   0.0162    10.90  0    cut
 283  sn99ac        Ia-91T     0.8786   2.72   0.1815   0.0194    12.20  0    cut
 284  sn97br        Ia-91T     0.6688   2.72   0.1827   0.0177    -6.00  0    cut
 285  sn03du        Ia-norm    0.6986   2.71   0.0325   0.0257    17.00  0    cut
 286  sn97br        Ia-91T     0.7338   2.70   0.1860   0.0196    -9.00  0    cut
 287  sn98bu        Ia-norm    0.6986   2.70   0.0335   0.0248    14.30  0    cut
 288  sn98bu        Ia-norm    0.6999   2.65   0.1803   0.0146    10.20  0    cut
 289  sn05hk        Ia-pec     0.8570   2.65   0.1655   0.0156    -8.30  0    cut
 290  sn81B         Ia-norm    0.5645   2.64   0.0158   0.0312    93.50  0    cut
 291  sn91bg        Ia-91bg    0.6119   2.64   0.0271   0.0176   202.70  0    cut
 292  sn90O         Ia-norm    0.7500   2.64   0.0200   0.0261    19.10  0    cut
 293  sn97br        Ia-91T     0.7040   2.62   0.1841   0.0197    -7.40  0    cut
 294  sn05hk        Ia-pec     0.7811   2.62   0.1632   0.0156    -4.20  0    cut
 295  sn99aa        Ia-91T     0.7744   2.61   0.0398   0.0259    15.40  0    cut
 296  sn05gj        Ia-csm     0.6336   2.60   0.0031   0.0214    42.30  0    cut
 297  sn91T         Ia-91T     0.7378   2.59   0.0289   0.0250   260.40  0    cut
 298  sn89B         Ia-norm    0.6566   2.56   0.1769   0.0153     9.50  0    cut
 299  sn91T         Ia-91T     0.7987   2.56   0.0421   0.0287    -5.30  0    cut
 300  sn02er        Ia-norm    0.8055   2.53   0.0275   0.0262   213.00  0    cut
 301  sn91T         Ia-91T     0.8394   2.51   0.0242   0.0295    15.90  0    cut
 302  sn91T         Ia-91T     0.7987   2.51   0.0428   0.0292    -6.40  0    cut
 303  sn02bo        Ia-norm    0.7256   2.50   0.2100   0.0181   -12.30  0    cut
 304  sn94ae        Ia-norm    0.8949   2.48   0.0258   0.0268   123.60  0    cut
 305  sn05hk        Ia-pec     0.7446   2.48   0.0251   0.0290    -2.40  0    cut
 306  sn05hk        Ia-pec     0.9084   2.47   0.1640   0.0151    -5.10  0    cut
 307  sn05hk        Ia-pec     0.4752   2.47   0.1655   0.0113    -4.20  0    cut
 308  sn97br        Ia-91T     0.7351   2.45   0.1839   0.0196    -7.00  0    cut
 309  sn94M         Ia-norm    0.8746   2.44   0.0253   0.0276    12.90  0    cut
 310  sn97br        Ia-91T     0.8894   2.44   0.0206   0.0290    12.40  0    cut
 311  sn97br        Ia-91T     0.7094   2.43   0.1842   0.0188    -6.40  0    cut
 312  sn02bo        Ia-norm    0.7541   2.43   0.2133   0.0210   -13.30  0    cut
 313  sn91bg        Ia-91bg    0.7622   2.42   0.1794   0.0195     1.50  0    cut
 314  sn03du        Ia-norm    0.6986   2.41   0.0312   0.0287    19.00  0    cut
 315  sn02bo        Ia-norm    0.7405   2.40   0.1923   0.0323    40.60  0    cut
 316  sn95D         Ia-norm    0.9531   2.40   0.0186   0.0270    16.10  0    cut
 317  sn02cx        Ia-pec     0.8285   2.39  -0.0094   0.0000    23.00  0    cut
 318  sn97br        Ia-91T     0.7094   2.38   0.1830   0.0197    -8.00  0    cut
 319  sn05hk        Ia-pec     0.4725   2.36   0.1648   0.0114    -3.40  0    cut
 320  sn05hk        Ia-pec     0.7446   2.35  -0.0077   0.0216    14.40  0    cut
 321  sn99ee        Ia-norm    0.8651   2.35   0.1782   0.0223    16.10  0    cut
 322  sn91bg        Ia-91bg    0.7243   2.34   0.1767   0.0199     2.70  0    cut
 323  sn86G         Ia-91bg    0.6539   2.34   0.1861   0.0180    -1.90  0    cut
 324  sn98bu        Ia-norm    0.7013   2.33   0.0293   0.0243   208.00  0    cut
 325  sn95bd        Ia-norm    0.7148   2.32   0.0329   0.0283    11.30  0    cut
 326  sn97br        Ia-91T     0.7338   2.31   0.1769   0.0186     8.50  0    cut
 327  sn99by        Ia-91bg    0.7987   2.31   0.1761   0.0185     3.10  0    cut
 328  sn98bu        Ia-norm    0.7013   2.31   0.0304   0.0261   242.80  0    cut
 329  sn86G         Ia-91bg    0.6566   2.30   0.1854   0.0183    -0.90  0    cut
 330  sn03cg        Ia-norm    0.6918   2.30   0.0405   0.0254   383.10  0    cut
 331  sn81B         Ia-norm    0.7500   2.29   0.0327   0.0275   267.40  0    cut
 332  sn05hk        Ia-pec     0.7459   2.29   0.0251   0.0305    -1.40  0    cut
 333  sn92A         Ia-norm    0.6119   2.27   0.0346   0.0287    11.60  0    cut
 334  sn90N         Ia-norm    0.8380   2.26   0.1513   0.0246   213.40  0    cut
 335  sn02bo        Ia-norm    0.6877   2.26   0.1924   0.0316    43.60  0    cut
 336  sn99by        Ia-91bg    0.7013   2.25   0.1764   0.0220     4.10  0    cut
 337  sn02bo        Ia-norm    0.7392   2.25   0.0334   0.0295    11.90  0    cut
 338  sn04eo        Ia-norm    0.7311   2.25   0.0331   0.0222   224.20  0    cut
 339  sn02bo        Ia-norm    0.8922   2.25   0.1807   0.0299    44.40  0    cut
 340  sn04S         Ia-norm    0.8069   2.25   0.1774   0.0259    13.40  0    cut
 341  sn94Q         Ia-norm    0.8231   2.24   0.1823   0.0197    11.60  0    cut
 342  sn02bo        Ia-norm    0.7392   2.24   0.0302   0.0302    13.80  0    cut
 343  sn02bo        Ia-norm    0.7378   2.24   0.0323   0.0298    12.80  0    cut
 344  sn91bg        Ia-91bg    0.6106   2.23   0.0262   0.0212   143.00  0    cut
 345  sn98bu        Ia-norm    0.7026   2.22   0.0310   0.0251   216.90  0    cut
 346  sn81B         Ia-norm    0.7595   2.22   0.0303   0.0308    16.00  0    cut
 347  sn05gj        Ia-csm     0.6255   2.21  -0.0007   0.0240    67.70  0    cut
 348  sn86G         Ia-91bg    0.6552   2.21   0.1818   0.0184     0.10  0    cut
 349  sn99aa        Ia-91T     0.8529   2.21   0.0344   0.0339    21.10  0    cut
 350  sn95D         Ia-norm    0.7067   2.20   0.1758   0.0184    11.20  0    cut
 351  sn04S         Ia-norm    0.7784   2.18   0.0284   0.0338    14.00  0    cut
 352  sn05gj        Ia-csm     0.6336   2.17   0.0090   0.0242    27.30  0    cut
 353  sn81B         Ia-norm    0.5320   2.17   0.2946   0.0260   114.40  0    cut
 354  sn05hk        Ia-pec     0.8136   2.17   0.1650   0.0178    -7.30  0    cut
 355  sn99by        Ia-91bg    0.7013   2.16   0.1761   0.0252     5.20  0    cut
 356  sn91bg        Ia-91bg    0.7405   2.15   0.2074   0.0359    32.70  0    cut
 357  sn94ae        Ia-norm    0.6065   2.15   0.0261   0.0265    87.80  0    cut
 358  sn97cn        Ia-91bg    0.7243   2.14   0.1752   0.0183     3.90  0    cut
 359  sn02bo        Ia-norm    0.7405   2.14   0.1921   0.0344    45.60  0    cut
 360  sn02bo        Ia-norm    0.7392   2.14   0.1865   0.0366    28.60  0    cut
 361  sn86G         Ia-91bg    0.5564   2.14   0.0261   0.0229   323.60  0    cut
 362  sn98bu        Ia-norm    0.6999   2.14   0.0305   0.0255   190.10  0    cut
 363  sn81B         Ia-norm    0.7541   2.13   0.0247   0.0320    16.90  0    cut
 364  sn03du        Ia-norm    0.7243   2.12   0.0256   0.0313    19.60  0    cut
 365  sn03cg        Ia-norm    0.8015   2.12   0.0157   0.0349    16.40  0    cut
 366  sn94D         Ia-norm    0.7013   2.12   0.0334   0.0312    13.40  0    cut
 367  sn02bo        Ia-norm    0.7405   2.11   0.1865   0.0367    29.70  0    cut
 368  sn03cg        Ia-norm    0.8258   2.11   0.0220   0.0324    12.40  0    cut
 369  sn02bo        Ia-norm    0.7378   2.11   0.0358   0.0305    10.80  0    cut
 370  sn98aq        Ia-norm    0.6972   2.11   0.0292   0.0264   230.30  0    cut
 371  sn05hk        Ia-pec     0.8123   2.11   0.1646   0.0179    -4.30  0    cut
 372  sn03du        Ia-norm    0.7189   2.11   0.0385   0.0243    87.10  0    cut
 373  sn05gj        Ia-csm     0.6255   2.11   0.1708   0.0253    10.40  0    cut
 374  sn05hk        Ia-pec     0.7432   2.10   0.1671   0.0202    -9.30  0    cut
 375  sn98aq        Ia-norm    0.6945   2.10   0.0354   0.0316    18.80  0    cut
 376  sn91bg        Ia-91bg    0.7135   2.10   0.1945   0.0308    29.50  0    cut
 377  sn03du        Ia-norm    0.7608   2.10   0.0224   0.0320    17.80  0    cut
 378  sn02bo        Ia-norm    0.6959   2.10   0.1919   0.0310    51.60  0    cut
 379  sn90N         Ia-norm    0.8421   2.08   0.0208   0.0346    17.70  0    cut
 380  sn02bo        Ia-norm    0.6945   2.08   0.0300   0.0322    14.80  0    cut
 381  sn90N         Ia-norm    0.8583   2.08   0.1771   0.0215    14.50  0    cut
 382  sn98bu        Ia-norm    0.6999   2.08   0.1798   0.0176    11.20  0    cut
 383  sn01el        Ia-norm    0.8556   2.07   0.1871   0.0291    18.10  0    cut
 384  sn02er        Ia-norm    0.8082   2.07   0.0133   0.0360    19.50  0    cut
 385  sn05hk        Ia-pec     0.7432   2.07   0.1662   0.0196    -8.30  0    cut
 386  sn03cg        Ia-norm    0.8299   2.07   0.0245   0.0319    11.40  0    cut
 387  sn03du        Ia-norm    0.7392   2.07   0.0301   0.0249   109.00  0    cut
 388  sn97br        Ia-91T     0.7622   2.07   0.0101   0.0279    21.30  0    cut
 389  sn90O         Ia-norm    0.6728   2.06   0.0182   0.0349    19.90  0    cut
 390  sn98aq        Ia-norm    0.6999   2.06   0.0325   0.0253    90.50  0    cut
 391  sn86G         Ia-91bg    0.8028   2.06   0.3162   0.0251   103.00  0    cut
 392  sn94ae        Ia-norm    0.7256   2.06   0.0288   0.0307   153.40  0    cut
 393  sn94S         Ia-norm    0.7960   2.05   0.0150   0.0345    20.90  0    cut
 394  sn05hk        Ia-pec     0.8759   2.05  -0.0094   0.0000    23.40  0    cut
 395  sn94D         Ia-norm    0.6959   2.05   0.1768   0.0179    10.10  0    cut
 396  sn86G         Ia-91bg    0.6552   2.04   0.1833   0.0194     1.10  0    cut
 397  sn05gj        Ia-csm     0.6187   2.04   0.1819   0.0236   -12.10  0    cut
 398  sn91bg        Ia-91bg    0.7554   2.02   0.1951   0.0341    46.50  0    cut
 399  sn02bo        Ia-norm    0.6959   2.02   0.0287   0.0331    15.70  0    cut
 400  sn99by        Ia-91bg    0.7026   2.02   0.1758   0.0463     7.10  0    cut
 401  sn03du        Ia-norm    0.7527   2.01   0.0388   0.0299   137.60  0    cut
 402  sn02bo        Ia-norm    0.6931   2.01   0.1921   0.0323    49.60  0    cut
 403  sn05hk        Ia-pec     0.7432   2.00   0.1645   0.0192    -6.30  0    cut
 404  sn99by        Ia-91bg    0.7026   2.00   0.1761   0.0317     6.10  0    cut
 405  sn04eo        Ia-norm    0.6620   2.00   0.2071   0.0236    49.40  0    cut
 406  sn05hk        Ia-pec     0.6282   2.00   0.1586   0.0214     3.60  0    cut
 407  sn81B         Ia-norm    0.7974   2.00   0.0174   0.0358    19.90  0    cut
 408  sn03du        Ia-norm    0.8109   1.99   0.0285   0.0331    13.70  0    cut
 409  sn90N         Ia-norm    0.6661   1.99   0.0369   0.0245   280.70  0    cut
 410  sn99by        Ia-91bg    0.7013   1.99   0.1761   0.0341     8.10  0    cut
 411  sn86G         Ia-91bg    0.8258   1.99   0.3196   0.0279    90.00  0    cut
 412  sn05hk        Ia-pec     0.7392   1.98   0.1651   0.0180    -5.30  0    cut
 413  sn02bo        Ia-norm    0.7717   1.98   0.1858   0.0287    29.40  0    cut
 414  sn98aq        Ia-norm    0.6999   1.97   0.0317   0.0257    81.60  0    cut
 415  sn94Q         Ia-norm    0.7419   1.97   0.1854   0.0426    41.60  0    cut
 416  sn86G         Ia-91bg    0.6688   1.97   0.0368   0.0245   256.70  0    cut
 417  sn99ee        Ia-norm    0.8082   1.97   0.1807   0.0327    27.00  0    cut
 418  sn81B         Ia-norm    0.8055   1.97   0.0232   0.0358    18.90  0    cut
 419  sn04S         Ia-norm    0.8042   1.97   0.1825   0.0338    36.20  0    cut
 420  sn98aq        Ia-norm    0.6999   1.96   0.0311   0.0303   240.30  0    cut
 421  sn02er        Ia-norm    0.8163   1.96   0.1816   0.0210    10.60  0    cut
 422  sn02bo        Ia-norm    0.6986   1.96   0.1861   0.0371    27.70  0    cut
 423  sn05gj        Ia-csm     0.6255   1.95   0.0031   0.0274    75.30  0    cut
 424  sn91bg        Ia-91bg    0.6214   1.95   0.1720   0.0252    16.40  0    cut
 425  sn01el        Ia-norm    0.8529   1.94   0.1886   0.0341    39.90  0    cut
 426  sn94D         Ia-norm    0.7690   1.94   0.0262   0.0334    11.00  0    cut
 427  sn94ae        Ia-norm    0.7568   1.93   0.1822   0.0339    36.20  0    cut
 428  sn02bo        Ia-norm    0.7392   1.93   0.0258   0.0350    16.70  0    cut
 429  sn90N         Ia-norm    0.7446   1.93   0.0336   0.0247   228.10  0    cut
 430  sn99by        Ia-91bg    0.7013   1.93   0.2044   0.0341    42.10  0    cut
 431  sn04S         Ia-norm    0.8055   1.92   0.1899   0.0358    42.10  0    cut
 432  sn91bg        Ia-91bg    0.6227   1.92   0.1736   0.0259    18.60  0    cut
 433  sn94ae        Ia-norm    0.7094   1.91   0.1871   0.0397    40.10  0    cut
 434  sn02cx        Ia-pec     0.6119   1.91   0.4035   0.0197    53.30  0    cut
 435  sn89B         Ia-norm    0.6823   1.90   0.0068   0.0313    24.40  0    cut
 436  sn99ac        Ia-91T     0.8827   1.90   0.0257   0.0380    17.10  0    cut
 437  sn99by        Ia-91bg    0.7013   1.90   0.2001   0.0374    29.10  0    cut
 438  sn91bg        Ia-91bg    0.8082   1.89   0.1790   0.0308    14.70  0    cut
 439  sn00cx        Ia-pec     0.6214   1.89   0.1851   0.0183    11.50  0    cut
 440  sn92A         Ia-norm    0.6133   1.89   0.0194   0.0342    16.30  0    cut
 441  sn98bu        Ia-norm    0.6986   1.88   0.0290   0.0283   179.10  0    cut
 442  sn02er        Ia-norm    0.6959   1.88   0.0230   0.0337    12.40  0    cut
 443  sn86G         Ia-91bg    0.6187   1.87   0.2036   0.0206    54.50  0    cut
 444  sn89B         Ia-norm    0.6755   1.86   0.0065   0.0353    23.40  0    cut
 445  sn03du        Ia-norm    0.6945   1.86   0.0415   0.0246   138.60  0    cut
 446  sn02er        Ia-norm    0.8637   1.85   0.0203   0.0466    16.40  0    cut
 447  sn91T         Ia-91T     0.7987   1.85   0.1848   0.0236    -7.30  0    cut
 448  sn02bo        Ia-norm    0.7405   1.85   0.1914   0.0335    54.60  0    cut
 449  sn05hk        Ia-pec     0.7392   1.85   0.1641   0.0195    -3.30  0    cut
 450  sn02er        Ia-norm    0.8637   1.84   0.0203   0.0468    15.50  0    cut
 451  sn99aw        Ia-91T     0.7703   1.84   0.0133   0.0310    35.90  0    cut
 452  sn94ae        Ia-norm    0.7595   1.84   0.1839   0.0301    64.00  0    cut
 453  sn04eo        Ia-norm    0.8123   1.84   0.1758   0.0237    11.00  0    cut
 454  sn94D         Ia-norm    0.7162   1.83   0.0213   0.0341    12.20  0    cut
 455  sn02bo        Ia-norm    0.6999   1.83   0.0244   0.0294    79.40  0    cut
 456  sn89B         Ia-norm    0.6444   1.83   0.0129   0.0363    13.40  0    cut
 457  sn94D         Ia-norm    0.8813   1.83   0.0211   0.0410    83.10  0    cut
 458  sn89B         Ia-norm    0.6891   1.83   0.0067   0.0358    22.40  0    cut
 459  sn99ac        Ia-91T     0.8055   1.82   0.1934   0.0361    32.00  0    cut
 460  sn99ee        Ia-norm    0.8082   1.82   0.1802   0.0359    31.90  0    cut
 461  sn91T         Ia-91T     0.8773   1.82   0.0214   0.0385    75.20  0    cut
 462  sn95D         Ia-norm    0.7026   1.81   0.0201   0.0354    14.10  0    cut
 463  sn94D         Ia-norm    0.7121   1.81   0.0216   0.0348    13.20  0    cut
 464  sn91bg        Ia-91bg    0.8922   1.81   0.1815   0.0344    18.90  0    cut
 465  sn89B         Ia-norm    0.6877   1.79   0.0116   0.0377    16.40  0    cut
 466  sn00cx        Ia-pec     0.6200   1.79   0.0359   0.0353    14.50  0    cut
 467  sn91M         Ia-norm    0.7717   1.79   0.0205   0.0312    80.00  0    cut
 468  sn98aq        Ia-norm    0.6999   1.79   0.0316   0.0277    78.60  0    cut
 469  sn95D         Ia-norm    0.7635   1.79   0.1900   0.0416    42.80  0    cut
 470  sn05hk        Ia-pec     0.5916   1.78   0.1456   0.0205    12.40  0    cut
 471  sn89B         Ia-norm    0.6850   1.77   0.0202   0.0355    12.40  0    cut
 472  sn99by        Ia-91bg    0.7013   1.77   0.2019   0.0388    31.10  0    cut
 473  sn89B         Ia-norm    0.6850   1.77   0.0098   0.0377    18.40  0    cut
 474  sn91bg        Ia-91bg    0.6715   1.77   0.1808   0.0344    33.70  0    cut
 475  sn02bo        Ia-norm    0.7392   1.77   0.0245   0.0370    17.80  0    cut
 476  sn89B         Ia-norm    0.6877   1.77   0.0083   0.0372    19.40  0    cut
 477  sn91bg        Ia-91bg    0.6349   1.76   0.1886   0.0295    20.20  0    cut
 478  sn89B         Ia-norm    0.6877   1.76   0.0074   0.0364    21.40  0    cut
 479  sn89B         Ia-norm    0.6864   1.76   0.0091   0.0372    20.40  0    cut
 480  sn89B         Ia-norm    0.6593   1.75   0.0186   0.0366    11.50  0    cut
 481  sn05hk        Ia-pec     0.6742   1.74   0.4032   0.0232    65.50  0    cut
 482  sn92A         Ia-norm    0.8353   1.74   0.0243   0.0402    17.30  0    cut
 483  sn05gj        Ia-csm     0.6214   1.74   0.0008   0.0273    40.50  0    cut
 484  sn91M         Ia-norm    0.7947   1.74   0.1827   0.0294    27.50  0    cut
 485  sn00cx        Ia-pec     0.4982   1.74   0.0276   0.0309    19.40  0    cut
 486  sn04eo        Ia-norm    0.8123   1.74   0.0121   0.0395    12.40  0    cut
 487  sn99aa        Ia-91T     0.8976   1.73   0.0300   0.0387    26.20  0    cut
 488  sn03du        Ia-norm    0.8285   1.73   0.0311   0.0380   141.30  0    cut
 489  sn05hk        Ia-pec     0.7256   1.73   0.4054   0.0171    42.00  0    cut
 490  sn99ac        Ia-91T     0.8515   1.73   0.1874   0.0380    39.90  0    cut
 491  sn99by        Ia-91bg    0.7013   1.72   0.2026   0.0393    33.10  0    cut
 492  sn05hk        Ia-pec     0.7256   1.72   0.4049   0.0189    42.90  0    cut
 493  sn02cx        Ia-pec     0.8718   1.70  -0.0094   0.0000    24.10  0    cut
 494  sn91T         Ia-91T     0.8922   1.70   0.2590   0.0325   -11.50  0    cut
 495  sn89B         Ia-norm    0.6864   1.70   0.0110   0.0386    17.40  0    cut
 496  sn03du        Ia-norm    0.8028   1.69   0.0265   0.0364    84.30  0    cut
 497  sn91M         Ia-norm    0.8136   1.69   0.1812   0.0297    25.80  0    cut
 498  sn05hk        Ia-pec     0.6769   1.69   0.1396   0.0171    37.00  0    cut
 499  sn89B         Ia-norm    0.6823   1.67   0.0146   0.0372    14.40  0    cut
 500  sn99ee        Ia-norm    0.8096   1.67   0.0137   0.0414    20.00  0    cut
 501  sn02cx        Ia-pec     0.6986   1.67  -0.0055   0.0265    10.30  0    cut
 502  sn02bo        Ia-norm    0.7392   1.66   0.4324   0.0246    18.70  0    cut
 503  sn95D         Ia-norm    0.7635   1.66   0.1913   0.0319    69.60  0    cut
 504  sn03du        Ia-norm    0.8312   1.66   0.0166   0.0431    21.80  0    cut
 505  sn02bo        Ia-norm    0.7392   1.65   0.4301   0.0248    20.70  0    cut
 506  sn04S         Ia-norm    0.8069   1.65   0.0098   0.0404    18.40  0    cut
 507  sn97br        Ia-91T     0.7405   1.65   0.4323   0.0239    17.40  0    cut
 508  sn02bo        Ia-norm    0.6999   1.65   0.0263   0.0326    72.50  0    cut
 509  sn03du        Ia-norm    0.8042   1.65   0.1529   0.0255   220.70  0    cut
 510  sn05hk        Ia-pec     0.7256   1.65   0.4052   0.0197    39.00  0    cut
 511  sn05hk        Ia-pec     0.7527   1.64   0.1488   0.0237    14.30  0    cut
 512  sn99ee        Ia-norm    0.8082   1.64   0.0106   0.0413    22.10  0    cut
 513  sn05gj        Ia-csm     0.5794   1.64   0.4221   0.0240    51.80  0    cut
 514  sn94D         Ia-norm    0.9179   1.64   0.1791   0.0293    24.20  0    cut
 515  sn03du        Ia-norm    0.7595   1.63   0.1942   0.0439    37.40  0    cut
 516  sn04eo        Ia-norm    0.8123   1.63   0.0136   0.0400    14.00  0    cut
 517  sn86G         Ia-91bg    0.6173   1.63   0.2046   0.0245    45.60  0    cut
 518  sn03cg        Ia-norm    0.7175   1.63   0.4271   0.0241    19.40  0    cut
 519  sn05gj        Ia-csm     0.6282   1.61   0.1733   0.0322     7.70  0    cut
 520  sn81B         Ia-norm    0.8218   1.61   0.0152   0.0406    23.90  0    cut
 521  sn81B         Ia-norm    0.7040   1.61   0.4342   0.0237    26.90  0    cut
 522  sn99ac        Ia-91T     0.8353   1.61   0.1847   0.0389    33.90  0    cut
 523  sn02cx        Ia-pec     0.6146   1.61   0.4118   0.0208    18.20  0    cut
 524  sn99ac        Ia-91T     0.8515   1.60   0.1798   0.0386    29.00  0    cut
 525  sn02cx        Ia-pec     0.5226   1.60   0.4141   0.0203    14.20  0    cut
 526  sn00cx        Ia-pec     0.6241   1.59   0.1822   0.0413    30.40  0    cut
 527  sn02bo        Ia-norm    0.7405   1.59   0.4280   0.0251    23.80  0    cut
 528  sn91M         Ia-norm    0.8136   1.59   0.1809   0.0316    24.80  0    cut
 529  sn94D         Ia-norm    0.6931   1.58   0.4203   0.0241    55.10  0    cut
 530  sn05hk        Ia-pec     0.5320   1.57   0.4071   0.0219    53.80  0    cut
 531  sn94ae        Ia-norm    0.6661   1.57   0.0093   0.0330    30.20  0    cut
 532  sn05gj        Ia-csm     0.6295   1.57   0.0148   0.0300    17.90  0    cut
 533  sn04eo        Ia-norm    0.7541   1.56   0.1825   0.0464    29.70  0    cut
 534  sn95al        Ia-norm    0.8949   1.56   0.0208   0.0420    25.30  0    cut
 535  sn97br        Ia-91T     0.7933   1.56   0.0198   0.0413    71.90  0    cut
 536  sn81B         Ia-norm    0.8312   1.55   0.0219   0.0423    22.90  0    cut
 537  sn89B         Ia-norm    0.6539   1.55   0.1906   0.0395    25.40  0    cut
 538  sn96X         Ia-norm    0.9206   1.55   0.0154   0.0367    22.50  0    cut
 539  sn91bg        Ia-91bg    0.7893   1.55   0.1751   0.0370    25.60  0    cut
 540  sn04eo        Ia-norm    0.7839   1.55   0.1860   0.0406    53.30  0    cut
 541  sn94D         Ia-norm    0.9477   1.55   0.0124   0.0290    16.30  0    cut
 542  sn94D         Ia-norm    0.7162   1.54   0.0161   0.0392    15.20  0    cut
 543  sn95ac        Ia-norm    0.6336   1.54   0.4313   0.0231    24.40  0    cut
 544  sn90N         Ia-norm    0.6241   1.54   0.2904   0.0363   246.20  0    cut
 545  sn86G         Ia-91bg    0.6268   1.53   0.4158   0.0228    44.60  0    cut
 546  sn99by        Ia-91bg    0.7013   1.53   0.1771   0.0428    25.10  0    cut
 547  sn91T         Ia-91T     0.8380   1.53   0.0089   0.0445    24.80  0    cut
 548  sn92A         Ia-norm    0.6187   1.53   0.0122   0.0215    28.20  0    cut
 549  sn89B         Ia-norm    0.6796   1.53   0.1869   0.0394    37.30  0    cut
 550  sn05hk        Ia-pec     0.6634   1.52   0.1402   0.0177    27.20  0    cut
 551  sn97br        Ia-91T     0.6295   1.52   0.4192   0.0235    23.70  0    cut
 552  sn02bo        Ia-norm    0.7135   1.51   0.1936   0.0519    39.30  0    cut
 553  sn89B         Ia-norm    0.7094   1.51   0.2027   0.0284    51.00  0    cut
 554  sn03du        Ia-norm    0.6999   1.51   0.4279   0.0238    22.00  0    cut
 555  sn97br        Ia-91T     0.7256   1.50   0.1847   0.0477    49.10  0    cut
 556  sn03du        Ia-norm    0.6959   1.50   0.4267   0.0237    24.00  0    cut
 557  sn96X         Ia-norm    0.7270   1.50   0.0136   0.0413    20.80  0    cut
 558  sn02er        Ia-norm    0.7866   1.48   0.0179   0.0295    33.20  0    cut
 559  sn99aa        Ia-91T     0.8109   1.48   0.0273   0.0412    29.10  0    cut
 560  sn05gj        Ia-csm     0.6661   1.48   0.0090   0.0321    92.10  0    cut
 561  sn02bo        Ia-norm    0.6945   1.48   0.4310   0.0262    19.80  0    cut
 562  sn95E         Ia-norm    0.7852   1.47   0.1804   0.0403    32.70  0    cut
 563  sn02ic        Ia-csm     0.8597   1.46   0.0090   0.0313    44.10  0    cut
 564  sn86G         Ia-91bg    0.6024   1.46   0.4166   0.0255    56.00  0    cut
 565  sn05gj        Ia-csm     0.6403   1.45   0.1572   0.0271    38.50  0    cut
 566  sn86G         Ia-91bg    0.6038   1.45   0.2034   0.0243    49.50  0    cut
 567  sn05hk        Ia-pec     0.6607   1.45   0.4102   0.0205    23.20  0    cut
 568  sn90N         Ia-norm    0.7568   1.45   0.1800   0.0373    38.50  0    cut
 569  sn97br        Ia-91T     0.7487   1.44   0.4206   0.0309    66.40  0    cut
 570  sn05hk        Ia-pec     0.4738   1.44   0.1974   0.0179    26.40  0    cut
 571  sn91bg        Ia-91bg    0.7852   1.43   0.1867   0.0398    46.30  0    cut
 572  sn98aq        Ia-norm    0.6972   1.43   0.4297   0.0241    20.80  0    cut
 573  sn94D         Ia-norm    0.7026   1.43   0.4276   0.0250    17.40  0    cut
 574  sn86G         Ia-91bg    0.6024   1.42   0.4171   0.0259    54.00  0    cut
 575  sn94ae        Ia-norm    0.7121   1.41   0.0288   0.0340    70.00  0    cut
 576  sn05gj        Ia-csm     0.7744   1.41   0.0112   0.0326    63.00  0    cut
 577  sn03du        Ia-norm    0.6972   1.41   0.4250   0.0246    26.00  0    cut
 578  sn03du        Ia-norm    0.8028   1.41   0.0252   0.0415    72.30  0    cut
 579  sn02bo        Ia-norm    0.6959   1.41   0.4290   0.0265    21.70  0    cut
 580  sn03du        Ia-norm    0.8759   1.41   0.0152   0.0468    26.70  0    cut
 581  sn03du        Ia-norm    0.6986   1.41   0.4296   0.0250    20.00  0    cut
 582  sn99aa        Ia-91T     0.8407   1.40   0.0253   0.0417    34.10  0    cut
 583  sn90N         Ia-norm    0.6485   1.40   0.2886   0.0386   255.90  0    cut
 584  sn89B         Ia-norm    0.6755   1.39   0.1830   0.0392    31.40  0    cut
 585  sn86G         Ia-91bg    0.6024   1.39   0.4174   0.0262    52.00  0    cut
 586  sn96X         Ia-norm    0.9206   1.38   0.0146   0.0340    24.70  0    cut
 587  sn05gj        Ia-csm     0.7730   1.38   0.0103   0.0333    65.80  0    cut
 588  sn86G         Ia-91bg    0.4792   1.38   0.4274   0.0231    32.10  0    cut
 589  sn04eo        Ia-norm    0.6539   1.38   0.4187   0.0243    48.40  0    cut
 590  sn91bg        Ia-91bg    0.8096   1.37   0.0384   0.0379   113.20  0    cut
 591  sn91T         Ia-91T     1.0465   1.37   0.4254   0.0263    46.60  0    cut
 592  sn99aa        Ia-91T     0.7771   1.37   0.0337   0.0389    53.90  0    cut
 593  sn00cx        Ia-pec     0.5876   1.37   0.1812   0.0390    26.40  0    cut
 594  sn94D         Ia-norm    0.6972   1.36   0.4225   0.0259    57.10  0    cut
 595  sn03cg        Ia-norm    0.7175   1.36   0.4228   0.0277    26.40  0    cut
 596  sn94D         Ia-norm    0.6999   1.36   0.4241   0.0255    59.10  0    cut
 597  sn00cx        Ia-pec     0.5686   1.36   0.1841   0.0437    28.40  0    cut
 598  sn86G         Ia-91bg    0.4792   1.36   0.4270   0.0234    41.60  0    cut
 599  sn94D         Ia-norm    0.7040   1.36   0.4312   0.0260    15.30  0    cut
 600  sn94D         Ia-norm    0.7135   1.34   0.0128   0.0427    17.20  0    cut
 601  sn98bu        Ia-norm    0.6999   1.34   0.4224   0.0266    57.10  0    cut
 602  sn03du        Ia-norm    0.7283   1.34   0.4299   0.0310   375.30  0    cut
 603  sn98bu        Ia-norm    0.7013   1.33   0.2036   0.0639    42.10  0    cut
 604  sn03du        Ia-norm    0.8935   1.33   0.0208   0.0482    59.30  0    cut
 605  sn86G         Ia-91bg    0.7013   1.33   0.0088   0.0436    56.50  0    cut
 606  sn99aa        Ia-91T     0.7771   1.33   0.0293   0.0384    41.10  0    cut
 607  sn98bu        Ia-norm    0.7013   1.32   0.2031   0.0575    40.10  0    cut
 608  sn91bg        Ia-91bg    0.8407   1.32   0.0288   0.0595    54.50  0    cut
 609  sn94ae        Ia-norm    0.8583   1.32   0.0456   0.0277   367.70  0    cut
 610  sn98bu        Ia-norm    0.7013   1.32   0.2037   0.0552    41.10  0    cut
 611  sn04eo        Ia-norm    0.7094   1.30   0.1976   0.0395    71.10  0    cut
 612  sn03du        Ia-norm    0.7053   1.30   0.2013   0.0654    49.80  0    cut
 613  sn05gj        Ia-csm     0.7744   1.30   0.0096   0.0370    64.90  0    cut
 614  sn94D         Ia-norm    0.7419   1.30   0.1994   0.0536    50.00  0    cut
 615  sn91T         Ia-91T     0.5930   1.30   0.4350   0.0273    18.60  0    cut
 616  sn94D         Ia-norm    0.6931   1.30   0.4255   0.0273    14.30  0    cut
 617  sn04eo        Ia-norm    0.8109   1.29   0.1749   0.0426    20.80  0    cut
 618  sn04eo        Ia-norm    0.6850   1.29   0.4203   0.0285    67.00  0    cut
 619  sn98aq        Ia-norm    0.6999   1.29   0.4228   0.0258    59.60  0    cut
 620  sn98aq        Ia-norm    0.6999   1.28   0.4222   0.0259    54.70  0    cut
 621  sn91bg        Ia-91bg    0.7866   1.28   0.1902   0.0447    53.30  0    cut
 622  sn98aq        Ia-norm    0.6999   1.28   0.4231   0.0260    57.70  0    cut
 623  sn91bg        Ia-91bg    0.6282   1.27   0.0419   0.0501    88.10  0    cut
 624  sn94D         Ia-norm    0.7026   1.27   0.4226   0.0260    50.10  0    cut
 625  sn04eo        Ia-norm    0.7581   1.27   0.2061   0.0496    45.40  0    cut
 626  sn98aq        Ia-norm    0.6999   1.27   0.4236   0.0260    62.60  0    cut
 627  sn95bd        Ia-norm    0.5605   1.26   0.1666   0.0486    36.90  0    cut
 628  sn05gj        Ia-csm     0.7744   1.26   0.0090   0.0373    63.90  0    cut
 629  sn90N         Ia-norm    0.6255   1.26   0.2877   0.0421   245.20  0    cut
 630  sn94Q         Ia-norm    0.6079   1.26   0.0081   0.0507    18.50  0    cut
 631  sn91bg        Ia-91bg    0.7866   1.25   0.1903   0.0448    53.50  0    cut
 632  sn98aq        Ia-norm    0.6999   1.25   0.4223   0.0267    50.60  0    cut
 633  sn94D         Ia-norm    0.7229   1.25   0.1785   0.0374    19.20  0    cut
 634  sn02ic        Ia-csm     0.7419   1.24   0.1723   0.0384    31.90  0    cut
 635  sn03cg        Ia-norm    0.6972   1.24   0.4251   0.0281    23.40  0    cut
 636  sn03du        Ia-norm    0.6999   1.23   0.2016   0.0627    51.80  0    cut
 637  sn03cg        Ia-norm    0.8001   1.23   0.0186   0.0528    52.40  0    cut
 638  sn00cx        Ia-pec     0.5889   1.23   0.0293   0.0402    22.40  0    cut
 639  sn95D         Ia-norm    0.9030   1.23   0.0105   0.0372    37.80  0    cut
 640  sn03du        Ia-norm    0.6999   1.23   0.4229   0.0274    29.00  0    cut
 641  sn04eo        Ia-norm    0.7297   1.23   0.4209   0.0272    23.40  0    cut
 642  sn94D         Ia-norm    0.6904   1.22   0.2035   0.0517    40.30  0    cut
 643  sn91bg        Ia-91bg    0.6241   1.22   0.4251   0.0281    34.40  0    cut
 644  sn98aq        Ia-norm    0.6999   1.22   0.4234   0.0269    65.60  0    cut
 645  sn03du        Ia-norm    0.6715   1.22   0.4214   0.0288    45.60  0    cut
 646  sn02ic        Ia-csm     0.5659   1.21  -0.0047   0.0369    65.60  0    cut
 647  sn99ee        Ia-norm    0.6728   1.21   0.1580   0.0582    40.90  0    cut
 648  sn03du        Ia-norm    0.7473   1.21   0.4185   0.0255    39.50  0    cut
 649  sn03du        Ia-norm    0.8028   1.21   0.1761   0.0459    34.60  0    cut
 650  sn05gj        Ia-csm     0.7229   1.20   0.4193   0.0317    61.10  0    cut
 651  sn98bu        Ia-norm    0.7013   1.20   0.4205   0.0282    43.10  0    cut
 652  sn94D         Ia-norm    0.6146   1.20   0.2086   0.0421    48.00  0    cut
 653  sn98bu        Ia-norm    0.6986   1.20   0.4206   0.0283    44.10  0    cut
 654  sn97br        Ia-91T     0.6769   1.20   0.1435   0.0621    37.60  0    cut
 655  sn03du        Ia-norm    0.8312   1.20   0.0232   0.0616    63.40  0    cut
 656  sn05gj        Ia-csm     0.7730   1.20   0.0112   0.0378    66.80  0    cut
 657  sn95bd        Ia-norm    0.6051   1.19   0.4337   0.0295    21.10  0    cut
 658  sn03cg        Ia-norm    0.7121   1.19   0.4246   0.0288    43.40  0    cut
 659  sn03du        Ia-norm    0.8461   1.19   0.1734   0.0453    31.80  0    cut
 660  sn98bu        Ia-norm    0.6999   1.17   0.4206   0.0288    39.20  0    cut
 661  sn94D         Ia-norm    0.7013   1.16   0.4252   0.0294    15.20  0    cut
 662  sn81B         Ia-norm    0.4820   1.16   0.4419   0.0295    33.80  0    cut
 663  sn98bu        Ia-norm    0.6999   1.16   0.4218   0.0299    28.20  0    cut
 664  sn03du        Ia-norm    0.6959   1.16   0.2015   0.0642    56.70  0    cut
 665  sn97br        Ia-91T     0.7135   1.15   0.4161   0.0309    50.50  0    cut
 666  sn98bu        Ia-norm    0.6999   1.14   0.4204   0.0294    38.20  0    cut
 667  sn98bu        Ia-norm    0.6972   1.14   0.4205   0.0292    37.20  0    cut
 668  sn91T         Ia-91T     0.7960   1.14   0.0203   0.0579    67.60  0    cut
 669  sn91bg        Ia-91bg    0.8015   1.14   0.0360   0.0463   117.20  0    cut
 670  sn03cg        Ia-norm    0.6525   1.13   0.4267   0.0280    23.40  0    cut
 671  sn98bu        Ia-norm    0.6959   1.13   0.4220   0.0303    31.10  0    cut
 672  sn98bu        Ia-norm    0.7013   1.13   0.4213   0.0304    29.20  0    cut
 673  sn98bu        Ia-norm    0.6999   1.13   0.4208   0.0300    35.20  0    cut
 674  sn94D         Ia-norm    0.7162   1.13   0.0123   0.0468    53.90  0    cut
 675  sn86G         Ia-91bg    0.4630   1.12   0.4265   0.0255    21.10  0    cut
 676  sn98bu        Ia-norm    0.6972   1.12   0.4203   0.0295    36.20  0    cut
 677  sn03du        Ia-norm    0.6945   1.12   0.2017   0.0440    61.70  0    cut
 678  sn98bu        Ia-norm    0.6972   1.12   0.4215   0.0301    30.20  0    cut
 679  sn98bu        Ia-norm    0.6999   1.12   0.4207   0.0305    33.20  0    cut
 680  sn98aq        Ia-norm    0.6959   1.11   0.4223   0.0291    35.80  0    cut
 681  sn91bg        Ia-91bg    0.7297   1.11   0.0349   0.0516   117.20  0    cut
 682  sn98bu        Ia-norm    0.6999   1.11   0.4206   0.0295    34.20  0    cut
 683  sn03du        Ia-norm    0.6904   1.11   0.2014   0.0415    60.70  0    cut
 684  sn98aq        Ia-norm    0.6959   1.11   0.4226   0.0300    31.80  0    cut
 685  sn98bu        Ia-norm    0.6959   1.10   0.4210   0.0297    32.10  0    cut
 686  sn98aq        Ia-norm    0.6959   1.10   0.4227   0.0300    33.80  0    cut
 687  sn03du        Ia-norm    0.5889   1.10   0.4240   0.0287    33.40  0    cut
 688  sn03cg        Ia-norm    0.5754   1.10   0.4238   0.0278    28.50  0    cut
 689  sn98aq        Ia-norm    0.6972   1.09   0.4224   0.0298    30.80  0    cut
 690  sn91bg        Ia-91bg    0.7175   1.09   0.1705   0.0530    50.50  0    cut
 691  sn04eo        Ia-norm    0.7541   1.09   0.4228   0.0284    21.40  0    cut
 692  sn86G         Ia-91bg    0.4860   1.08   0.2152   0.0332    23.10  0    cut
 693  sn97br        Ia-91T     0.6810   1.08   0.4256   0.0296    42.10  0    cut
 694  sn96X         Ia-norm    0.8407   1.07   0.1760   0.0490    31.70  0    cut
 695  sn02bo        Ia-norm    0.6444   1.06   0.0242   0.0354    83.30  0    cut
 696  sn03du        Ia-norm    0.6986   1.05   0.4215   0.0305    34.00  0    cut
 697  sn99aa        Ia-91T     0.7283   1.04   0.0272   0.0644    50.00  0    cut
 698  sn86G         Ia-91bg    0.4968   1.04   0.2142   0.0372    22.10  0    cut
 699  sn03cg        Ia-norm    0.6512   1.04   0.1532   0.0619    38.30  0    cut
 700  sn96X         Ia-norm    0.4806   1.03   0.0252   0.0404    12.70  0    cut
 701  sn94D         Ia-norm    0.7094   1.02   0.4228   0.0276    43.20  0    cut
 702  sn02er        Ia-norm    0.6931   1.00   0.4366   0.0314    24.20  0    cut
 703  sn00E         Ia-norm    0.5212   1.00   0.2879   0.0423   121.20  0    cut
 704  sn03du        Ia-norm    0.8461   1.00   0.1664   0.0544    51.60  0    cut
 705  sn94D         Ia-norm    0.5117   0.98   0.4183   0.0348    26.20  0    cut
 706  sn00cx        Ia-pec     0.5862   0.98   0.0285   0.0446    24.40  0    cut
 707  sn95bd        Ia-norm    0.5645   0.97   0.1435   0.0611    72.30  0    cut
 708  sn94M         Ia-norm    0.7365   0.96   0.4185   0.0382    34.10  0    cut
 709  sn94D         Ia-norm    0.6011   0.96   0.4252   0.0320    46.20  0    cut
 710  sn90N         Ia-norm    0.5930   0.95   0.2870   0.0438   309.80  0    cut
 711  sn89B         Ia-norm    0.6552   0.94   0.0121   0.0442    49.20  0    cut
 712  sn97cn        Ia-91bg    0.8299   0.91   0.1718   0.0643    43.40  0    cut
 713  sn05gj        Ia-csm     0.7216   0.91   0.4153   0.0431    88.40  0    cut
 714  sn91T         Ia-91T     0.8299   0.88   0.1585   0.0565    45.70  0    cut
 715  sn92A         Ia-norm    0.6187   0.83   0.1881   0.0597    24.20  0    cut
 716  sn05gj        Ia-csm     0.7757   0.82   0.0699   0.0376   133.50  0    cut
 717  sn97cn        Ia-91bg    0.6160   0.61   0.2384   0.0677    28.70  0    cut
