### SNID output file ###
 
### input spectrum and options ###
# Input spectrum                 : 10805_2.10.dat
# Parameter file                 : NA
# Wavelength range               :    4000.00   9000.00
# Mask file                      : NA
# Median filtering width [A]     : NA
# Median filtering width [pix]   :       1.00
# Clip emission redshift         :     0.0440
# Clip sky lines                 : 0
# Emission clip width [A]        :       0.04
# Keep A-band                    : 1
# Age range                      :      -2.90      7.10
# Delta range                    :      -9.99     99.90
# Min. number of spectra/template:   1
# Use only templates             : NA
# Use only types                 : Ia
# Avoid templates                : NA
# Avoid types                    : NA
# rlapmin                        :       5.00
# Redshift range                 :    -0.0100    1.2000
# Forced initial redshift        :     0.0440
# Extra fake redshift            : NA
# Nsigma for initial redshift    : NA
# Redshift filter                :     0.0200
# Wavenumbers k1,k2,k3,k4        :     1    4   85  102
# Template directory             : /home/djperrefort/snid-5.0/templates-2.0/
 
### initial/user-input redshift ###
zinit       0.0000
zuser       0.0440
 
### median redshift/age and error ###
zmed        0.0395    0.0031
agem          1.20      2.65
 
### type fraction/redshift/age ###
#type ntemp fraction slope redshift redshift_error age age_error
Ia            497      1.00    0.0000    0.0395    0.0031     1.200     2.646
Ia-norm       435      0.88   -0.0008    0.0394    0.0031     1.300     2.627
Ia-91T         51      0.10    0.0028    0.0398    0.0029     0.400     2.765
Ia-91bg         2      0.00   -0.0009    0.0367    0.0013     0.300     1.414
Ia-csm          0      0.00    0.0000    0.0000    0.0000     0.000     0.000
Ia-pec          9      0.02   -0.0000    0.0434    0.0047     2.000     3.024
###
Ib              0      0.00    0.0000    0.0000    0.0000     0.000     0.000
Ib-norm         0      0.00    0.0000    0.0000    0.0000     0.000     0.000
Ib-pec          0      0.00    0.0000    0.0000    0.0000     0.000     0.000
IIb             0      0.00    0.0000    0.0000    0.0000     0.000     0.000
###
Ic              0      0.00    0.0000    0.0000    0.0000     0.000     0.000
Ic-norm         0      0.00    0.0000    0.0000    0.0000     0.000     0.000
Ic-pec          0      0.00    0.0000    0.0000    0.0000     0.000     0.000
Ic-broad        0      0.00    0.0000    0.0000    0.0000     0.000     0.000
###
II              0      0.00    0.0000    0.0000    0.0000     0.000     0.000
IIP             0      0.00    0.0000    0.0000    0.0000     0.000     0.000
II-pec          0      0.00    0.0000    0.0000    0.0000     0.000     0.000
IIn             0      0.00    0.0000    0.0000    0.0000     0.000     0.000
IIL             0      0.00    0.0000    0.0000    0.0000     0.000     0.000
###
NotSN           0      0.00    0.0000    0.0000    0.0000     0.000     0.000
AGN             0      0.00    0.0000    0.0000    0.0000     0.000     0.000
Gal             0      0.00    0.0000    0.0000    0.0000     0.000     0.000
LBV             0      0.00    0.0000    0.0000    0.0000     0.000     0.000
M-star          0      0.00    0.0000    0.0000    0.0000     0.000     0.000
 
### rlap-ordered template listings ###
#no. sn type lap rlap z zerr age age_flag grade
   1  sn2005na      Ia-norm    0.6024  15.95   0.0395   0.0035    -1.50  0   good
   2  sn2001br      Ia-norm    0.6024  14.44   0.0466   0.0040    -0.40  0   good
   3  sn2005hj      Ia-91T     0.5794  13.80   0.0397   0.0040     0.50  0   good
   4  sn2006cm      Ia-norm    0.6024  12.59   0.0406   0.0045    -1.00  0   good
   5  sn2006cj      Ia-norm    0.5876  12.46   0.0398   0.0044     4.40  0   good
   6  sn2005na      Ia-norm    0.6024  12.25   0.0386   0.0044     1.40  0   good
   7  sn2006cf      Ia-norm    0.6024  12.24   0.0374   0.0044     2.70  0   good
   8  sn2007F       Ia-norm    0.6024  12.17   0.0412   0.0043    -1.80  0   good
   9  sn2006oa      Ia-91T     0.5943  11.94   0.0385   0.0047    -0.10  0   good
  10  sn2006cf      Ia-norm    0.6024  11.82   0.0377   0.0044     1.80  0   good
  11  sn1998dx      Ia-norm    0.5496  11.76   0.0421   0.0046    -1.70  0   good
  12  sn2001fe      Ia-norm    0.6024  11.67   0.0414   0.0047    -1.70  0   good
  13  sn1996ai      Ia-norm    0.5713  11.64   0.0383   0.0046     2.20  0   good
  14  sn1999aa      Ia-91T     0.6024  11.56   0.0394   0.0049     1.80  0   good
  15  sn2006S       Ia-norm    0.6024  11.56   0.0418   0.0046     0.20  0   good
  16  sn1996ab      Ia-norm    0.5496  11.12   0.0379   0.0048     1.30  0   good
  17  sn1992A       Ia-norm    0.5984  11.10   0.0490   0.0047    -0.80  0   good
  18  sn2007ae      Ia-norm    0.5930  11.08   0.0387   0.0051     3.30  0   good
  19  sn2006N       Ia-norm    0.6024  10.99   0.0398   0.0048     0.70  0   good
  20  sn1996ai      Ia-norm    0.6024  10.94   0.0392   0.0048     0.10  0   good
  21  sn1998V       Ia-norm    0.6024  10.89   0.0393   0.0049     0.30  0   good
  22  sn2006N       Ia-norm    0.6024  10.89   0.0413   0.0048    -1.30  0   good
  23  sn2002de      Ia-norm    0.6024  10.89   0.0432   0.0051    -2.20  0   good
  24  sn2003du      Ia-norm    0.6024  10.89   0.0391   0.0049    -2.20  0   good
  25  sn2006S       Ia-norm    0.6024  10.89   0.0421   0.0049    -0.70  0   good
  26  sn2003du      Ia-norm    0.6024  10.84   0.0392   0.0049    -1.30  0   good
  27  sn2007A       Ia-norm    0.6024  10.82   0.0397   0.0049    -2.40  0   good
  28  sn2006az      Ia-norm    0.6024  10.81   0.0380   0.0048    -1.00  0   good
  29  sn2007F       Ia-norm    0.6024  10.64   0.0405   0.0049    -0.90  0   good
  30  sn2003ch      Ia-norm    0.6024  10.62   0.0366   0.0050     1.80  0   good
  31  sn2007ae      Ia-norm    0.5916  10.52   0.0398   0.0051     2.30  0   good
  32  sn2008Q       Ia-norm    0.6024  10.50   0.0420   0.0050    -2.20  0   good
  33  sn2006gz      Ia-pec     0.5997  10.49   0.0433   0.0047    -1.60  0   good
  34  sn2003it      Ia-norm    0.6024  10.48   0.0431   0.0051    -2.20  0   good
  35  sn1998aq      Ia-norm    0.6024  10.45   0.0399   0.0051    -0.90  0   good
  36  sn2007kk      Ia-norm    0.6024  10.43   0.0464   0.0052    -1.70  0   good
  37  sn2002ck      Ia-norm    0.6024  10.41   0.0384   0.0052    -0.60  0   good
  38  sn1998aq      Ia-norm    0.6024  10.41   0.0396   0.0051     0.00  0   good
  39  sn2006S       Ia-norm    0.6024  10.40   0.0415   0.0051     1.20  0   good
  40  sn2003fa      Ia-91T     0.6024  10.39   0.0369   0.0052     6.90  0   good
  41  sn2005na      Ia-norm    0.6024  10.38   0.0384   0.0050     3.40  0   good
  42  sn1994ae      Ia-norm    0.5930  10.28   0.0398   0.0050     0.00  0   good
  43  sn2008bf      Ia-norm    0.6024  10.27   0.0424   0.0051     0.70  0   good
  44  sn2006N       Ia-norm    0.6024  10.27   0.0387   0.0051     2.60  0   good
  45  sn1998aq      Ia-norm    0.6024  10.21   0.0393   0.0052     1.00  0   good
  46  sn2006N       Ia-norm    0.6024  10.10   0.0394   0.0051     1.60  0   good
  47  sn2006S       Ia-norm    0.6024  10.09   0.0434   0.0053    -2.60  0   good
  48  sn2002de      Ia-norm    0.6024  10.09   0.0415   0.0055     1.80  0   good
  49  sn2008Q       Ia-norm    0.6024  10.08   0.0415   0.0052    -1.20  0   good
  50  sn2003it      Ia-norm    0.6024  10.05   0.0424   0.0053    -1.10  0   good
  51  sn2008Q       Ia-norm    0.6024  10.03   0.0410   0.0052    -0.30  0   good
  52  sn2007F       Ia-norm    0.6024   9.95   0.0392   0.0053     3.00  0   good
  53  sn2006ax      Ia-norm    0.6024   9.95   0.0373   0.0052     0.50  0   good
  54  sn2001fe      Ia-norm    0.6024   9.93   0.0409   0.0054     0.30  0   good
  55  sn1998es      Ia-91T     0.6024   9.90   0.0398   0.0053     0.50  0   good
  56  sn2007kk      Ia-norm    0.6024   9.86   0.0456   0.0056    -0.80  0   good
  57  sn1994ae      Ia-norm    0.5903   9.80   0.0385   0.0053     4.00  0   good
  58  sn2005eq      Ia-91T     0.6024   9.78   0.0400   0.0054     0.40  0   good
  59  sn1998dx      Ia-norm    0.5496   9.77   0.0407   0.0054    -0.70  0   good
  60  sn2003it      Ia-norm    0.6024   9.75   0.0413   0.0054     0.80  0   good
  61  sn2006al      Ia-norm    0.5889   9.74   0.0386   0.0054     2.50  0   good
  62  sn1994ae      Ia-norm    0.5930   9.69   0.0396   0.0053     0.90  0   good
  63  sn2002aw      Ia-norm    0.6024   9.59   0.0390   0.0053    -0.90  0   good
  64  sn1995E       Ia-norm    0.5564   9.58   0.0409   0.0054    -2.90  0   good
  65  sn1998es      Ia-91T     0.6024   9.57   0.0402   0.0055    -0.50  0   good
  66  sn2003it      Ia-norm    0.6024   9.56   0.0420   0.0055    -0.20  0   good
  67  sn1998aq      Ia-norm    0.6024   9.56   0.0390   0.0055     2.00  0   good
  68  sn2002ha      Ia-norm    0.6024   9.55   0.0389   0.0053     1.70  0   good
  69  sn1994ae      Ia-norm    0.5930   9.55   0.0388   0.0054     3.00  0   good
  70  sn2002ck      Ia-norm    0.6024   9.50   0.0374   0.0055     2.30  0   good
  71  sn1994ae      Ia-norm    0.5930   9.48   0.0392   0.0054     2.00  0   good
  72  sn2007ca      Ia-norm    0.6024   9.44   0.0385   0.0055     3.40  0   good
  73  sn2005hj      Ia-91T     0.5808   9.44   0.0397   0.0057     2.40  0   good
  74  sn1998V       Ia-norm    0.6024   9.42   0.0389   0.0056     1.30  0   good
  75  sn2003hv      Ia-norm    0.5821   9.42   0.0364   0.0056     3.20  0   good
  76  sn2005hj      Ia-91T     0.5727   9.41   0.0382   0.0057     5.10  0   good
  77  sn2006cj      Ia-norm    0.5862   9.40   0.0418   0.0057    -1.20  0   good
  78  sn1994ae      Ia-norm    0.5916   9.39   0.0381   0.0055     5.00  0   good
  79  sn2006S       Ia-norm    0.6024   9.39   0.0404   0.0056     3.20  0   good
  80  sn2006al      Ia-norm    0.5876   9.36   0.0385   0.0057     3.40  0   good
  81  sn2003cg      Ia-norm    0.5754   9.36   0.0410   0.0054    -2.10  0   good
  82  sn1998dx      Ia-norm    0.5496   9.34   0.0397   0.0055     2.10  0   good
  83  sn2003iv      Ia-norm    0.6024   9.32   0.0397   0.0053    -2.40  0   good
  84  sn2001cp      Ia-norm    0.6024   9.31   0.0398   0.0057     0.80  0   good
  85  sn2002aw      Ia-norm    0.6024   9.30   0.0379   0.0055     1.10  0   good
  86  sn2002ck      Ia-norm    0.6024   9.26   0.0378   0.0056     0.30  0   good
  87  sn1998es      Ia-91T     0.6024   9.24   0.0394   0.0057     1.50  0   good
  88  sn1989B       Ia-norm    0.6024   9.24   0.0387   0.0057    -1.30  0   good
  89  sn1995D       Ia-norm    0.5970   9.24   0.0372   0.0056     5.50  0   good
  90  sn2006gz      Ia-pec     0.5239   9.22   0.0391   0.0055     5.30  0   good
  91  sn1998V       Ia-norm    0.6024   9.22   0.0385   0.0057     2.30  0   good
  92  sn2001eh      Ia-91T     0.6024   9.21   0.0422   0.0059    -2.00  0   good
  93  sn2006cj      Ia-norm    0.5876   9.19   0.0411   0.0055    -0.20  0   good
  94  sn2002jy      Ia-norm    0.6024   9.15   0.0406   0.0057     0.10  0   good
  95  sn2002hu      Ia-91T     0.6024   9.12   0.0394   0.0057    -0.70  0   good
  96  sn2003it      Ia-norm    0.6024   9.12   0.0406   0.0058     1.70  0   good
  97  sn2003du      Ia-norm    0.6024   9.12   0.0381   0.0057     0.90  0   good
  98  sn2003it      Ia-norm    0.6024   9.09   0.0401   0.0058     2.70  0   good
  99  sn2000dm      Ia-norm    0.6024   9.08   0.0400   0.0057    -2.90  0   good
 100  sn1999ek      Ia-norm    0.6024   9.06   0.0374   0.0057    -0.60  0   good
 101  sn2002jy      Ia-norm    0.6024   8.96   0.0401   0.0058     1.10  0   good
 102  sn2002jy      Ia-norm    0.6024   8.95   0.0392   0.0058     3.00  0   good
 103  sn2007fs      Ia-norm    0.6024   8.94   0.0377   0.0058     4.10  0   good
 104  sn2008bf      Ia-norm    0.6024   8.93   0.0410   0.0058     4.50  0   good
 105  sn2007ca      Ia-norm    0.6024   8.93   0.0377   0.0058     5.50  0   good
 106  sn2006sr      Ia-norm    0.6024   8.92   0.0440   0.0057    -0.90  0   good
 107  sn2005ki      Ia-norm    0.6024   8.90   0.0392   0.0058     1.00  0   good
 108  sn2003cg      Ia-norm    0.6024   8.88   0.0407   0.0058    -1.20  0   good
 109  sn2005eq      Ia-91T     0.6024   8.88   0.0395   0.0059     1.30  0   good
 110  sn2002ef      Ia-norm    0.6024   8.85   0.0426   0.0060    -2.90  0   good
 111  sn2003iv      Ia-norm    0.6024   8.82   0.0387   0.0057     0.50  0   good
 112  sn2003iv      Ia-norm    0.6024   8.81   0.0394   0.0057    -1.40  0   good
 113  sn2001G       Ia-norm    0.6024   8.78   0.0406   0.0061     4.70  0   good
 114  sn1998aq      Ia-norm    0.6024   8.78   0.0388   0.0059     3.00  0   good
 115  sn2003cg      Ia-norm    0.6024   8.78   0.0400   0.0059    -1.00  0   good
 116  sn2003du      Ia-norm    0.6024   8.77   0.0390   0.0060    -0.30  0   good
 117  sn2003cg      Ia-norm    0.6024   8.76   0.0412   0.0058    -2.10  0   good
 118  sn1998bu      Ia-norm    0.6024   8.73   0.0406   0.0059    -2.60  0   good
 119  sn2005bo      Ia-norm    0.6024   8.72   0.0379   0.0058    -0.10  0   good
 120  sn2004eo      Ia-norm    0.6024   8.71   0.0376   0.0060    -2.00  0   good
 121  sn2006cf      Ia-norm    0.6024   8.71   0.0369   0.0059     4.70  0   good
 122  sn1998co      Ia-norm    0.6024   8.68   0.0386   0.0060     0.00  0   good
 123  sn2005cf      Ia-norm    0.6024   8.67   0.0385   0.0058    -0.30  0   good
 124  sn2000cp      Ia-norm    0.6024   8.66   0.0403   0.0059    -1.50  0   good
 125  sn2007fs      Ia-norm    0.6024   8.66   0.0382   0.0059     3.10  0   good
 126  sn2008ar      Ia-norm    0.6024   8.66   0.0411   0.0060    -1.70  0   good
 127  sn2005cf      Ia-norm    0.6024   8.65   0.0390   0.0059    -1.40  0   good
 128  sn2001eh      Ia-91T     0.6024   8.64   0.0405   0.0062     4.70  0   good
 129  sn2005cf      Ia-norm    0.6024   8.63   0.0397   0.0060    -2.70  0   good
 130  sn1996C       Ia-norm    0.6024   8.63   0.0391   0.0059     2.00  0   good
 131  sn1996X       Ia-norm    0.6024   8.63   0.0397   0.0061     0.10  0   good
 132  sn2003cg      Ia-norm    0.5632   8.59   0.0407   0.0059    -2.30  0   good
 133  sn2007bd      Ia-norm    0.6024   8.56   0.0425   0.0061     1.70  0   good
 134  sn2006sr      Ia-norm    0.6024   8.56   0.0418   0.0060     2.00  0   good
 135  sn2007fb      Ia-norm    0.6024   8.54   0.0403   0.0058     1.70  0   good
 136  sn2001br      Ia-norm    0.6024   8.54   0.0443   0.0063     2.50  0   good
 137  sn1998aq      Ia-norm    0.6024   8.53   0.0385   0.0061     4.00  0   good
 138  sn2006sr      Ia-norm    0.6024   8.51   0.0424   0.0060     1.00  0   good
 139  sn2001cp      Ia-norm    0.6024   8.44   0.0410   0.0062    -1.10  0   good
 140  sn2005cf      Ia-norm    0.6024   8.43   0.0381   0.0061    -1.20  0   good
 141  sn2001eh      Ia-91T     0.6024   8.41   0.0411   0.0063     2.70  0   good
 142  sn2003iv      Ia-norm    0.6024   8.41   0.0379   0.0059     1.40  0   good
 143  sn2002fk      Ia-norm    0.6024   8.39   0.0375   0.0061    -1.50  0   good
 144  sn2005cf      Ia-norm    0.6024   8.39   0.0393   0.0060    -2.30  0   good
 145  sn2008bf      Ia-norm    0.6024   8.39   0.0419   0.0061     2.60  0   good
 146  sn2007fs      Ia-norm    0.6024   8.35   0.0371   0.0062     5.10  0   good
 147  sn2000fa      Ia-norm    0.6024   8.35   0.0423   0.0064     1.30  0   good
 148  sn1998bu      Ia-norm    0.6024   8.34   0.0401   0.0062    -1.60  0   good
 149  sn2001el      Ia-norm    0.5077   8.33   0.0426   0.0059     1.20  0   good
 150  sn2008bf      Ia-norm    0.6024   8.31   0.0413   0.0061     3.60  0   good
 151  sn2002jy      Ia-norm    0.6024   8.29   0.0384   0.0062     6.00  0   good
 152  sn2000cp      Ia-norm    0.6024   8.29   0.0411   0.0061    -2.50  0   good
 153  sn1996X       Ia-norm    0.6024   8.27   0.0412   0.0063    -2.80  0   good
 154  sn2006S       Ia-norm    0.6024   8.25   0.0404   0.0063     4.10  0   good
 155  sn2001fh      Ia-norm    0.6024   8.24   0.0387   0.0063    -1.70  0   good
 156  sn2006cf      Ia-norm    0.6024   8.24   0.0370   0.0061     3.70  0   good
 157  sn2003U       Ia-norm    0.6024   8.24   0.0399   0.0062    -0.70  0   good
 158  sn2006N       Ia-norm    0.6024   8.23   0.0376   0.0064     4.60  0   good
 159  sn2002cr      Ia-norm    0.6024   8.20   0.0373   0.0062    -2.40  0   good
 160  sn2002de      Ia-norm    0.6024   8.20   0.0407   0.0065     3.70  0   good
 161  sn1995D       Ia-norm    0.5591   8.17   0.0374   0.0063     3.60  0   good
 162  sn1996X       Ia-norm    0.6024   8.12   0.0392   0.0064     1.10  0   good
 163  sn2003ch      Ia-norm    0.6024   8.12   0.0362   0.0063     1.80  0   good
 164  sn2007kk      Ia-norm    0.6024   8.11   0.0446   0.0066     1.10  0   good
 165  sn2005cf      Ia-norm    0.6024   8.11   0.0378   0.0062     0.60  0   good
 166  sn2006sr      Ia-norm    0.6024   8.11   0.0408   0.0063     3.90  0   good
 167  sn2003iv      Ia-norm    0.6024   8.10   0.0387   0.0061    -0.50  0   good
 168  sn2008ar      Ia-norm    0.6024   8.10   0.0386   0.0063     1.20  0   good
 169  sn2002de      Ia-norm    0.6024   8.09   0.0415   0.0067     2.70  0   good
 170  sn1999aa      Ia-91T     0.6024   8.09   0.0409   0.0066    -0.20  0   good
 171  sn1996ai      Ia-norm    0.6024   8.08   0.0404   0.0063    -0.90  0   good
 172  sn1998aq      Ia-norm    0.6024   8.07   0.0382   0.0064     5.00  0   good
 173  sn2001ck      Ia-norm    0.6024   8.07   0.0378   0.0065     5.80  0   good
 174  sn2007A       Ia-norm    0.6024   8.06   0.0376   0.0063     4.50  0   good
 175  sn1992A       Ia-norm    0.5997   8.03   0.0465   0.0065     2.00  0   good
 176  sn2003du      Ia-norm    0.6024   8.03   0.0363   0.0063     2.90  0   good
 177  sn2000E       Ia-norm    0.6024   7.97   0.0416   0.0067    -2.30  0   good
 178  sn2001fe      Ia-norm    0.6024   7.96   0.0405   0.0066     3.20  0   good
 179  sn2007kk      Ia-norm    0.6024   7.96   0.0439   0.0068     2.10  0   good
 180  sn1996bl      Ia-norm    0.6024   7.95   0.0444   0.0065    -2.20  0   good
 181  sn2001fh      Ia-norm    0.6024   7.94   0.0393   0.0066    -2.60  0   good
 182  sn2007ca      Ia-norm    0.6024   7.93   0.0375   0.0065     6.40  0   good
 183  sn1996X       Ia-norm    0.6024   7.89   0.0407   0.0065    -1.70  0   good
 184  sn2007bc      Ia-norm    0.6024   7.88   0.0379   0.0063    -2.60  0   good
 185  sn1997Y       Ia-norm    0.6024   7.83   0.0366   0.0063     2.90  0   good
 186  sn1999aa      Ia-91T     0.6024   7.82   0.0357   0.0069    -1.60  0   good
 187  sn2005cf      Ia-norm    0.6024   7.82   0.0388   0.0065    -1.50  0   good
 188  sn2001eh      Ia-91T     0.6024   7.78   0.0410   0.0068     3.70  0   good
 189  sn1996X       Ia-norm    0.6024   7.78   0.0401   0.0067    -1.80  0   good
 190  sn2007kk      Ia-norm    0.6024   7.76   0.0438   0.0070     3.20  0   good
 191  sn2003cq      Ia-norm    0.6024   7.76   0.0424   0.0066    -1.80  0   good
 192  sn1989B       Ia-norm    0.5496   7.73   0.0362   0.0066     2.60  0   good
 193  sn2006le      Ia-norm    0.6024   7.73   0.0415   0.0069     2.90  0   good
 194  sn1996C       Ia-norm    0.6024   7.72   0.0375   0.0066     4.80  0   good
 195  sn2008ar      Ia-norm    0.6024   7.71   0.0397   0.0067    -0.70  0   good
 196  sn2005cf      Ia-norm    0.6024   7.69   0.0372   0.0066     1.60  0   good
 197  sn1998es      Ia-91T     0.6024   7.69   0.0414   0.0068    -2.40  0   good
 198  sn2006gj      Ia-norm    0.6024   7.69   0.0377   0.0064    -0.70  0   good
 199  sn2001eh      Ia-91T     0.6024   7.69   0.0420   0.0069    -0.10  0   good
 200  sn2000fa      Ia-norm    0.6024   7.69   0.0421   0.0070     2.20  0   good
 201  sn2007co      Ia-norm    0.6024   7.68   0.0425   0.0069    -1.20  0   good
 202  sn2006al      Ia-norm    0.5876   7.67   0.0379   0.0068     4.30  0   good
 203  sn2006sr      Ia-norm    0.6024   7.66   0.0412   0.0066     3.00  0   good
 204  sn1996X       Ia-norm    0.6024   7.64   0.0402   0.0067    -0.80  0   good
 205  sn2003cq      Ia-norm    0.6024   7.63   0.0419   0.0067    -0.90  0   good
 206  sn2007S       Ia-91T     0.6024   7.63   0.0405   0.0070    -0.70  0   good
 207  sn1998co      Ia-norm    0.6024   7.63   0.0379   0.0067     1.00  0   good
 208  sn2003it      Ia-norm    0.6024   7.63   0.0395   0.0067     3.70  0   good
 209  sn2006oa      Ia-91T     0.5943   7.62   0.0397   0.0068    -2.00  0   good
 210  sn2005am      Ia-norm    0.6024   7.61   0.0418   0.0067     2.00  0   good
 211  sn2006cz      Ia-91T     0.6024   7.60   0.0439   0.0074    -2.00  0   good
 212  sn2007bd      Ia-norm    0.6024   7.58   0.0444   0.0067    -1.30  0   good
 213  sn1999dq      Ia-91T     0.6024   7.58   0.0398   0.0070     3.40  0   good
 214  sn2006ot      Ia-norm    0.6011   7.56   0.0416   0.0077     2.50  0   good
 215  sn2003hu      Ia-91T     0.5957   7.56   0.0398   0.0069     0.10  0   good
 216  sn2006gr      Ia-norm    0.6024   7.53   0.0458   0.0072    -1.10  0   good
 217  sn2003du      Ia-norm    0.6024   7.53   0.0367   0.0068     4.00  0   good
 218  sn2000cx      Ia-pec     0.6024   7.52   0.0443   0.0067     0.70  0   good
 219  sn2005M       Ia-91T     0.6024   7.51   0.0319   0.0069     5.10  0   good
 220  sn1995E       Ia-norm    0.5916   7.51   0.0394   0.0066     1.00  0   good
 221  sn2002er      Ia-norm    0.6024   7.49   0.0423   0.0068    -2.10  0   good
 222  sn2003ic      Ia-norm    0.6024   7.47   0.0444   0.0070    -2.30  0   good
 223  sn1994D       Ia-norm    0.6024   7.46   0.0412   0.0067    -2.30  0   good
 224  sn2002jy      Ia-norm    0.6024   7.45   0.0374   0.0069     7.00  0   good
 225  sn2005cf      Ia-norm    0.6024   7.45   0.0372   0.0067     1.50  0   good
 226  sn2005el      Ia-norm    0.6024   7.44   0.0377   0.0067     2.10  0   good
 227  sn2005cf      Ia-norm    0.6024   7.43   0.0384   0.0069    -0.20  0   good
 228  sn2001ck      Ia-norm    0.6024   7.42   0.0384   0.0069     4.80  0   good
 229  sn1995E       Ia-norm    0.5916   7.42   0.0395   0.0067    -0.90  0   good
 230  sn1990O       Ia-norm    0.6024   7.42   0.0448   0.0071    -0.90  0   good
 231  sn2002aw      Ia-norm    0.6024   7.41   0.0392   0.0067    -1.90  0   good
 232  sn2002fk      Ia-norm    0.6024   7.40   0.0359   0.0067     2.50  0   good
 233  sn1999dq      Ia-91T     0.6024   7.39   0.0408   0.0071     0.40  0   good
 234  sn2005am      Ia-norm    0.6024   7.38   0.0410   0.0070     3.00  0   good
 235  sn2007af      Ia-norm    0.6024   7.37   0.0395   0.0068    -2.60  0   good
 236  sn2001eh      Ia-91T     0.6024   7.36   0.0398   0.0071     5.70  0   good
 237  sn1998aq      Ia-norm    0.6024   7.35   0.0377   0.0070     6.00  0   good
 238  sn2002er      Ia-norm    0.6024   7.34   0.0402   0.0073    -1.10  0   good
 239  sn1999gp      Ia-91T     0.6024   7.34   0.0438   0.0077    -2.00  0   good
 240  sn1999cc      Ia-norm    0.6024   7.33   0.0417   0.0070    -0.20  0   good
 241  sn2003cg      Ia-norm    0.5645   7.33   0.0396   0.0067    -2.80  0   good
 242  sn2006cf      Ia-norm    0.6024   7.29   0.0356   0.0070     6.50  0   good
 243  sn1996ai      Ia-norm    0.6024   7.29   0.0381   0.0070     4.20  0   good
 244  sn1999cc      Ia-norm    0.6024   7.27   0.0421   0.0071    -1.20  0   good
 245  sn2003ch      Ia-norm    0.6024   7.27   0.0369   0.0069     0.80  0   good
 246  sn2006le      Ia-norm    0.6024   7.26   0.0411   0.0073     3.90  0   good
 247  sn2006nz      Ia-norm    0.6024   7.26   0.0510   0.0081    -1.70  0   good
 248  sn1996X       Ia-norm    0.6024   7.23   0.0397   0.0070     0.20  0   good
 249  sn2003cg      Ia-norm    0.6024   7.22   0.0400   0.0070    -0.20  0   good
 250  sn2003du      Ia-norm    0.6024   7.22   0.0398   0.0071    -1.80  0   good
 251  sn2006gr      Ia-norm    0.6024   7.21   0.0462   0.0076    -2.10  0   good
 252  snls03D3bb    Ia-pec     0.6024   7.21   0.0312   0.0068     2.00  0   good
 253  sn2003ch      Ia-norm    0.6024   7.17   0.0374   0.0071    -0.20  0   good
 254  sn2003cg      Ia-norm    0.6024   7.15   0.0397   0.0071     0.80  0   good
 255  sn1998dm      Ia-norm    0.6024   7.15   0.0368   0.0072     6.50  0   good
 256  sn2007co      Ia-norm    0.6024   7.13   0.0420   0.0073    -0.20  0   good
 257  sn2003kc      Ia-norm    0.6024   7.13   0.0431   0.0075    -0.90  0   good
 258  sn2007af      Ia-norm    0.6024   7.12   0.0387   0.0070    -1.60  0   good
 259  sn2003cg      Ia-norm    0.6024   7.11   0.0373   0.0071     1.00  0   good
 260  sn2003iv      Ia-norm    0.6024   7.11   0.0364   0.0069     3.40  0   good
 261  sn2007ux      Ia-norm    0.6024   7.10   0.0354   0.0069     5.80  0   good
 262  sn2000cf      Ia-norm    0.6024   7.09   0.0340   0.0070     2.90  0   good
 263  sn1994D       Ia-norm    0.6024   7.09   0.0405   0.0072    -0.10  0   good
 264  sn2001bf      Ia-norm    0.6024   7.09   0.0388   0.0073     0.80  0   good
 265  sn1999cc      Ia-norm    0.6024   7.08   0.0397   0.0073     1.70  0   good
 266  sn2005hc      Ia-norm    0.6024   7.05   0.0380   0.0076     5.40  0   good
 267  sn1999dq      Ia-91T     0.6024   7.03   0.0402   0.0075     2.40  0   good
 268  sn2002ck      Ia-norm    0.6024   7.01   0.0370   0.0073     4.20  0   good
 269  sn2003ch      Ia-norm    0.6024   7.01   0.0348   0.0070     3.80  0   good
 270  sn1981B       Ia-norm    0.6024   7.00   0.0431   0.0074    -1.50  0   good
 271  sn2005el      Ia-norm    0.6024   7.00   0.0370   0.0071     4.00  0   good
 272  sn2007af      Ia-norm    0.6024   6.98   0.0382   0.0071    -0.60  0   good
 273  sn2000fa      Ia-norm    0.6024   6.98   0.0410   0.0076     4.20  0   good
 274  sn2005cf      Ia-norm    0.6024   6.98   0.0367   0.0071     2.50  0   good
 275  sn1991M       Ia-norm    0.6024   6.97   0.0425   0.0075     2.70  0   good
 276  sn2004as      Ia-norm    0.6024   6.97   0.0445   0.0079    -2.90  0   good
 277  sn2007af      Ia-norm    0.6024   6.96   0.0377   0.0071     0.30  0   good
 278  sn1999gp      Ia-91T     0.6024   6.96   0.0428   0.0082     0.00  0   good
 279  sn1999aa      Ia-91T     0.6024   6.92   0.0419   0.0076    -2.10  0   good
 280  sn2000dn      Ia-norm    0.6024   6.92   0.0376   0.0071    -0.90  0   good
 281  sn2003cq      Ia-norm    0.6024   6.91   0.0411   0.0074     0.00  0   good
 282  sn2000dg      Ia-norm    0.6024   6.91   0.0393   0.0075    -0.80  0   good
 283  sn1999aw      Ia-91T     0.6024   6.88   0.0476   0.0081     0.00  0   good
 284  sn2002cr      Ia-norm    0.6024   6.88   0.0358   0.0072     0.70  0   good
 285  sn2004fu      Ia-norm    0.6024   6.88   0.0409   0.0074     3.40  0   good
 286  sn2007kk      Ia-norm    0.6024   6.86   0.0429   0.0078     4.10  0   good
 287  sn2003ch      Ia-norm    0.6024   6.86   0.0386   0.0074    -2.10  0   good
 288  sn1998eg      Ia-norm    0.6024   6.84   0.0366   0.0073     4.10  0   good
 289  sn1999ac      Ia-91T     0.6024   6.84   0.0346   0.0077     0.40  0   good
 290  sn1999dq      Ia-91T     0.6024   6.83   0.0405   0.0076     1.40  0   good
 291  sn2007hj      Ia-norm    0.6024   6.81   0.0435   0.0074    -2.60  0   good
 292  sn2005cf      Ia-norm    0.6024   6.81   0.0364   0.0073     3.50  0   good
 293  sn2005cf      Ia-norm    0.6024   6.79   0.0395   0.0073    -2.40  0   good
 294  sn2008ar      Ia-norm    0.6024   6.78   0.0377   0.0074     3.10  0   good
 295  sn1999ee      Ia-norm    0.6024   6.78   0.0417   0.0079    -0.20  0   good
 296  sn2007co      Ia-norm    0.6024   6.78   0.0412   0.0076     0.80  0   good
 297  sn2003du      Ia-norm    0.6024   6.78   0.0386   0.0074     1.10  0   good
 298  sn2004bg      Ia-norm    0.6024   6.78   0.0374   0.0074     2.60  0   good
 299  sn2002kf      Ia-norm    0.6024   6.78   0.0400   0.0074     2.20  0   good
 300  sn2002kf      Ia-norm    0.6024   6.78   0.0391   0.0074     3.10  0   good
 301  sn1996X       Ia-norm    0.6024   6.76   0.0390   0.0075     1.20  0   good
 302  sn2007hj      Ia-norm    0.6024   6.75   0.0423   0.0074    -1.50  0   good
 303  sn2003du      Ia-norm    0.6024   6.74   0.0356   0.0076     6.90  0   good
 304  sn1999gp      Ia-91T     0.6024   6.74   0.0415   0.0082     2.90  0   good
 305  sn2007ci      Ia-norm    0.6024   6.74   0.0408   0.0073    -2.20  0   good
 306  sn2000dg      Ia-norm    0.6024   6.74   0.0388   0.0077     0.20  0   good
 307  sn1998bp      Ia-norm    0.6024   6.74   0.0378   0.0074    -2.90  0   good
 308  sn2006cz      Ia-91T     0.6024   6.72   0.0435   0.0082    -1.00  0   good
 309  sn1999ej      Ia-norm    0.6024   6.70   0.0371   0.0075     1.10  0   good
 310  sn2005am      Ia-norm    0.6024   6.70   0.0399   0.0075     3.90  0   good
 311  sn1998eg      Ia-norm    0.6024   6.70   0.0385   0.0074    -0.80  0   good
 312  sn1998dx      Ia-norm    0.6024   6.70   0.0396   0.0073     1.10  0   good
 313  sn1996X       Ia-norm    0.6024   6.69   0.0385   0.0075     2.20  0   good
 314  sn2004bg      Ia-norm    0.6024   6.69   0.0362   0.0075     5.70  0   good
 315  sn2003it      Ia-norm    0.6024   6.69   0.0387   0.0076     5.70  0   good
 316  sn2003ch      Ia-norm    0.6024   6.68   0.0352   0.0075     2.80  0   good
 317  sn2003du      Ia-norm    0.6024   6.68   0.0382   0.0075     2.10  0   good
 318  sn2007ci      Ia-norm    0.6024   6.66   0.0403   0.0074    -1.20  0   good
 319  sn2005M       Ia-91T     0.6024   6.65   0.0350   0.0077     0.20  0   good
 320  sn2002fk      Ia-norm    0.6024   6.64   0.0353   0.0075     4.40  0   good
 321  sn1997Y       Ia-norm    0.6024   6.63   0.0375   0.0074     1.90  0   good
 322  sn1999ac      Ia-91T     0.6024   6.62   0.0333   0.0079     2.70  0   good
 323  sn2005cf      Ia-norm    0.6024   6.62   0.0345   0.0077     5.20  0   good
 324  sn2007S       Ia-91T     0.6024   6.62   0.0420   0.0081    -2.70  0   good
 325  sn2004fu      Ia-norm    0.6024   6.62   0.0417   0.0077     2.40  0   good
 326  sn2003ch      Ia-norm    0.6024   6.61   0.0342   0.0076     4.80  0   good
 327  sn1999aw      Ia-91T     0.6024   6.60   0.0450   0.0082     2.90  0   good
 328  sn2004as      Ia-norm    0.6024   6.60   0.0437   0.0082    -2.00  0   good
 329  sn2007fb      Ia-norm    0.6024   6.58   0.0380   0.0074     5.60  0   good
 330  sn2007co      Ia-norm    0.6024   6.57   0.0406   0.0078     1.70  0   good
 331  sn2002he      Ia-norm    0.6024   6.57   0.0411   0.0078     3.70  0   good
 332  sn2005cf      Ia-norm    0.6024   6.56   0.0346   0.0078     6.20  0   good
 333  sn2008ar      Ia-norm    0.6024   6.55   0.0411   0.0079    -2.70  0   good
 334  sn2002eu      Ia-norm    0.6024   6.54   0.0397   0.0075     1.10  0   good
 335  sn2002er      Ia-norm    0.6024   6.54   0.0379   0.0078     2.90  0   good
 336  sn2006cj      Ia-norm    0.5848   6.52   0.0400   0.0084     5.40  0   good
 337  sn1995E       Ia-norm    0.5930   6.52   0.0376   0.0077     3.90  0   good
 338  sn2005am      Ia-norm    0.6024   6.51   0.0468   0.0079    -2.90  0   good
 339  sn2007af      Ia-norm    0.6024   6.51   0.0362   0.0076     2.30  0   good
 340  sn2004at      Ia-norm    0.6024   6.50   0.0400   0.0076    -0.70  0   good
 341  sn2004S       Ia-norm    0.6024   6.49   0.0370   0.0079     1.60  0   good
 342  sn2004ef      Ia-norm    0.6024   6.49   0.0434   0.0081    -1.50  0   good
 343  sn1999ej      Ia-norm    0.6024   6.48   0.0392   0.0078    -1.80  0   good
 344  sn2002ha      Ia-norm    0.6024   6.48   0.0364   0.0077     5.60  0   good
 345  sn1999ac      Ia-91T     0.6024   6.47   0.0378   0.0083    -2.10  0   good
 346  sn2006br      Ia-norm    0.6024   6.47   0.0462   0.0085     0.20  0   good
 347  sn1998ef      Ia-norm    0.6024   6.46   0.0433   0.0081     1.30  0   good
 348  sn2004as      Ia-norm    0.6024   6.46   0.0427   0.0083    -1.00  0   good
 349  sn1997dt      Ia-norm    0.6024   6.42   0.0397   0.0080     0.20  0   good
 350  sn2005cf      Ia-norm    0.6024   6.42   0.0354   0.0078     4.50  0   good
 351  sn2004at      Ia-norm    0.6024   6.41   0.0386   0.0078     2.20  0   good
 352  sn2006N       Ia-norm    0.6024   6.41   0.0368   0.0079     5.60  0   good
 353  sn2006gj      Ia-norm    0.6024   6.40   0.0355   0.0077     3.20  0   good
 354  sn2001da      Ia-norm    0.6024   6.40   0.0413   0.0080    -1.00  0   good
 355  sn1999ek      Ia-norm    0.6024   6.39   0.0357   0.0077     3.30  0   good
 356  sn2003cq      Ia-norm    0.6024   6.39   0.0404   0.0079     1.00  0   good
 357  sn2005mc      Ia-norm    0.6024   6.38   0.0401   0.0081    -2.20  0   good
 358  sn2002do      Ia-norm    0.6024   6.37   0.0371   0.0078     2.00  0   good
 359  sn2007S       Ia-91T     0.6024   6.37   0.0379   0.0082     6.20  0   good
 360  sn1998bp      Ia-norm    0.6024   6.36   0.0372   0.0078    -1.90  0   good
 361  sn2002er      Ia-norm    0.6024   6.36   0.0405   0.0081     0.90  0   good
 362  sn2007co      Ia-norm    0.6024   6.36   0.0397   0.0080     2.70  0   good
 363  sn2003cg      Ia-norm    0.6024   6.35   0.0387   0.0079     2.80  0   good
 364  sn2005am      Ia-norm    0.6024   6.35   0.0391   0.0079     4.90  0   good
 365  sn1999gp      Ia-91T     0.6024   6.33   0.0405   0.0086     4.90  0   good
 366  sn2006gz      Ia-pec     0.5970   6.33   0.0388   0.0077     6.20  0   good
 367  sn2006al      Ia-norm    0.5876   6.33   0.0371   0.0080     5.40  0   good
 368  sn2005cf      Ia-norm    0.6024   6.32   0.0353   0.0079     4.50  0   good
 369  sn2004fu      Ia-norm    0.6024   6.32   0.0407   0.0081     4.40  0   good
 370  sn2002kf      Ia-norm    0.6024   6.31   0.0409   0.0079     1.10  0   good
 371  sn2000cp      Ia-norm    0.6024   6.30   0.0392   0.0079    -0.50  0   good
 372  sn1990N       Ia-norm    0.6024   6.29   0.0347   0.0078     3.90  0   good
 373  sn2008L       Ia-norm    0.6024   6.28   0.0387   0.0080     5.60  0   good
 374  sn2008ar      Ia-norm    0.6024   6.28   0.0369   0.0081     4.10  0   good
 375  sn2006le      Ia-norm    0.6024   6.24   0.0399   0.0084     5.90  0   good
 376  sn1999dq      Ia-91T     0.6024   6.23   0.0384   0.0084     5.40  0   good
 377  sn2002kf      Ia-norm    0.6024   6.22   0.0390   0.0081     4.10  0   good
 378  sn2002cr      Ia-norm    0.6024   6.22   0.0332   0.0079     4.60  0   good
 379  sn2007jg      Ia-norm    0.6024   6.21   0.0462   0.0087    -2.30  0   good
 380  sn2007af      Ia-norm    0.6024   6.20   0.0356   0.0079     3.30  0   good
 381  sn1986G       Ia-91bg    0.5740   6.20   0.0376   0.0083    -0.70  0   good
 382  sn2000dk      Ia-norm    0.6024   6.18   0.0371   0.0079     0.80  0   good
 383  sn2004at      Ia-norm    0.6024   6.18   0.0389   0.0080     1.20  0   good
 384  sn1998dh      Ia-norm    0.6024   6.17   0.0409   0.0082    -0.60  0   good
 385  sn2000cf      Ia-norm    0.6024   6.17   0.0334   0.0080     3.90  0   good
 386  sn2007hj      Ia-norm    0.6024   6.15   0.0412   0.0080    -0.60  0   good
 387  sn2004as      Ia-norm    0.6024   6.13   0.0419   0.0087    -0.10  0   good
 388  sn2004at      Ia-norm    0.6024   6.11   0.0395   0.0081     0.20  0   good
 389  sn1999ee      Ia-norm    0.6024   6.10   0.0405   0.0087     1.80  0   good
 390  sn2003cg      Ia-norm    0.6024   6.10   0.0373   0.0083     4.00  0   good
 391  sn2006ot      Ia-norm    0.6024   6.09   0.0456   0.0091    -0.40  0   good
 392  sn2002G       Ia-norm    0.6024   6.06   0.0430   0.0086    -2.50  0   good
 393  sn1999gd      Ia-norm    0.6024   6.05   0.0366   0.0080     1.10  0   good
 394  sn1999ej      Ia-norm    0.6024   6.05   0.0357   0.0082     3.10  0   good
 395  sn2002kf      Ia-norm    0.6024   6.04   0.0379   0.0083     6.00  0   good
 396  sn2004L       Ia-norm    0.6024   6.03   0.0364   0.0084     2.50  0   good
 397  sn2004ef      Ia-norm    0.6024   6.03   0.0424   0.0084    -0.40  0   good
 398  sn1994S       Ia-norm    0.6024   6.03   0.0384   0.0083     0.90  0   good
 399  sn2003cg      Ia-norm    0.6024   6.02   0.0393   0.0083     1.90  0   good
 400  sn1999ac      Ia-91T     0.6024   6.02   0.0387   0.0091    -2.90  0   good
 401  sn2002bo      Ia-norm    0.6024   6.02   0.0445   0.0089    -1.80  0   good
 402  sn2007co      Ia-norm    0.6024   6.01   0.0390   0.0085     3.70  0   good
 403  sn2006cm      Ia-norm    0.6024   6.01   0.0436   0.0094    -1.90  0   good
 404  sn2001en      Ia-norm    0.6024   6.01   0.0435   0.0085     1.50  0   good
 405  sn2002hd      Ia-norm    0.6024   5.97   0.0377   0.0081     1.40  0   good
 406  sn2000cx      Ia-pec     0.6024   5.97   0.0461   0.0084    -0.30  0   good
 407  sn2005cf      Ia-norm    0.6024   5.96   0.0350   0.0084     4.20  0   good
 408  sn2004ef      Ia-norm    0.6024   5.96   0.0416   0.0085     0.60  0   good
 409  sn2002cd      Ia-norm    0.6024   5.95   0.0509   0.0093     0.30  0   good
 410  sn2003ch      Ia-norm    0.6024   5.94   0.0341   0.0084     5.60  0   good
 411  sn1999dq      Ia-91T     0.6024   5.92   0.0422   0.0087    -2.50  0   good
 412  sn2002eu      Ia-norm    0.6024   5.92   0.0372   0.0082     3.00  0   good
 413  sn2004ef      Ia-norm    0.6024   5.92   0.0400   0.0085     2.50  0   good
 414  sn2003W       Ia-norm    0.6024   5.89   0.0523   0.0102    -2.30  0   good
 415  sn2002bo      Ia-norm    0.6024   5.88   0.0439   0.0090    -0.60  0   good
 416  sn2004ef      Ia-norm    0.6024   5.85   0.0408   0.0086     1.50  0   good
 417  sn2008ar      Ia-norm    0.6024   5.85   0.0362   0.0085     5.00  0   good
 418  sn2001fh      Ia-norm    0.6024   5.82   0.0348   0.0087     4.20  0   good
 419  sn2004gs      Ia-norm    0.6024   5.79   0.0387   0.0085    -1.20  0   good
 420  sn2006ev      Ia-norm    0.6024   5.77   0.0373   0.0088     5.50  0   good
 421  sn1998bp      Ia-norm    0.6024   5.77   0.0363   0.0084    -0.90  0   good
 422  sn2001ep      Ia-norm    0.6024   5.77   0.0379   0.0086    -2.10  0   good
 423  sn1994M       Ia-norm    0.6024   5.76   0.0439   0.0089     1.60  0   good
 424  sn2003it      Ia-norm    0.6024   5.75   0.0379   0.0088     6.60  0   good
 425  sn2002bo      Ia-norm    0.6024   5.74   0.0460   0.0093    -2.80  0   good
 426  sn2003cq      Ia-norm    0.6024   5.74   0.0397   0.0088     2.00  0   good
 427  sn2007af      Ia-norm    0.6024   5.73   0.0351   0.0085     4.30  0   good
 428  sn2002jg      Ia-norm    0.6024   5.73   0.0352   0.0086     4.50  0   good
 429  sn2006al      Ia-norm    0.5848   5.73   0.0362   0.0087     6.30  0   good
 430  sn2007hj      Ia-norm    0.6024   5.72   0.0394   0.0086     1.40  0   good
 431  sn2007kk      Ia-norm    0.6024   5.70   0.0427   0.0093     5.00  0   good
 432  sn2005hc      Ia-norm    0.6024   5.67   0.0374   0.0094     6.30  0   good
 433  sn2002bo      Ia-norm    0.6024   5.66   0.0461   0.0095    -2.40  0   good
 434  sn1993ac      Ia-norm    0.6024   5.65   0.0416   0.0094     6.90  0   good
 435  sn1989B       Ia-norm    0.5510   5.64   0.0347   0.0088     4.60  0   good
 436  sn2006N       Ia-norm    0.6024   5.62   0.0362   0.0091     6.50  0   good
 437  sn2008C       Ia-norm    0.6024   5.60   0.0366   0.0090     4.40  0   good
 438  sn2000cx      Ia-pec     0.6024   5.59   0.0443   0.0086     4.70  0   good
 439  sn2001fe      Ia-norm    0.6024   5.58   0.0395   0.0090     6.20  0   good
 440  sn2005M       Ia-91T     0.6024   5.57   0.0363   0.0091    -1.70  0   good
 441  sn2002bo      Ia-norm    0.6024   5.57   0.0454   0.0095    -1.70  0   good
 442  sn1999ac      Ia-91T     0.6024   5.55   0.0370   0.0096    -0.90  0   good
 443  sn2002bo      Ia-norm    0.6024   5.54   0.0453   0.0097    -1.50  0   good
 444  sn2006et      Ia-norm    0.6024   5.51   0.0378   0.0091     2.40  0   good
 445  sn2001ep      Ia-norm    0.6024   5.50   0.0374   0.0089    -1.10  0   good
 446  sn2001da      Ia-norm    0.6024   5.48   0.0425   0.0094    -2.00  0   good
 447  sn1997dt      Ia-norm    0.6024   5.48   0.0383   0.0092     2.20  0   good
 448  sn2003ch      Ia-norm    0.6024   5.48   0.0327   0.0091     6.70  0   good
 449  sn1999aw      Ia-91T     0.5253   5.47   0.0436   0.0092    -1.00  0   good
 450  sn2001N       Ia-norm    0.6024   5.47   0.0452   0.0103     0.70  0   good
 451  sn1997bp      Ia-norm    0.6024   5.45   0.0529   0.0102    -1.20  0   good
 452  sn2001ep      Ia-norm    0.6024   5.44   0.0344   0.0090     2.80  0   good
 453  sn2001ep      Ia-norm    0.6024   5.44   0.0366   0.0090    -0.10  0   good
 454  sn1990N       Ia-norm    0.5632   5.42   0.0348   0.0089     1.60  0   good
 455  sn1998co      Ia-norm    0.6024   5.42   0.0358   0.0093     3.90  0   good
 456  sn1994T       Ia-norm    0.5916   5.40   0.0399   0.0097     0.80  0   good
 457  sn1994M       Ia-norm    0.6024   5.40   0.0433   0.0093     2.60  0   good
 458  sn2000cx      Ia-pec     0.6024   5.39   0.0451   0.0091    -0.40  0   good
 459  sn2007co      Ia-norm    0.6024   5.39   0.0385   0.0093     4.60  0   good
 460  sn1999gp      Ia-91T     0.6024   5.38   0.0395   0.0099     6.90  0   good
 461  sn2002bo      Ia-norm    0.6024   5.36   0.0451   0.0099    -1.50  0   good
 462  sn2001ep      Ia-norm    0.6024   5.36   0.0357   0.0092     0.80  0   good
 463  sn1998dx      Ia-norm    0.6024   5.36   0.0379   0.0091     5.90  0   good
 464  sn2006le      Ia-norm    0.6024   5.34   0.0394   0.0096     6.90  0   good
 465  sn2004gs      Ia-norm    0.6024   5.34   0.0375   0.0091    -0.30  0   good
 466  sn2006lf      Ia-norm    0.6024   5.34   0.0365   0.0093     5.30  0   good
 467  sn2004as      Ia-norm    0.6024   5.34   0.0403   0.0098     1.80  0   good
 468  sn2001bf      Ia-norm    0.6024   5.33   0.0358   0.0091     4.70  0   good
 469  sn2007bc      Ia-norm    0.6024   5.33   0.0340   0.0091     4.30  0   good
 470  sn2004L       Ia-norm    0.6024   5.33   0.0355   0.0093     3.40  0   good
 471  sn2003W       Ia-norm    0.6024   5.32   0.0501   0.0111    -0.40  0   good
 472  sn2006gt      Ia-91bg    0.6024   5.32   0.0357   0.0089     1.30  0   good
 473  sn2006D       Ia-norm    0.6024   5.31   0.0411   0.0093    -1.40  0   good
 474  sn1992A       Ia-norm    0.6024   5.30   0.0440   0.0094     5.90  0   good
 475  sn2003cg      Ia-norm    0.6024   5.30   0.0400   0.0092     1.80  0   good
 476  sn2001E       Ia-norm    0.6024   5.28   0.0487   0.0105     2.80  0   good
 477  sn1994M       Ia-norm    0.6024   5.27   0.0402   0.0098     5.60  0   good
 478  sn2001ay      Ia-norm    0.6024   5.25   0.0477   0.0098    -1.50  0   good
 479  sn1992A       Ia-norm    0.6024   5.23   0.0442   0.0095     5.50  0   good
 480  sn2004as      Ia-norm    0.6024   5.21   0.0399   0.0100     2.90  0   good
 481  sn1998bp      Ia-norm    0.6024   5.20   0.0354   0.0092     0.10  0   good
 482  sn2001N       Ia-norm    0.6024   5.19   0.0428   0.0107     2.60  0   good
 483  sn2006et      Ia-norm    0.6024   5.17   0.0363   0.0096     6.30  0   good
 484  sn2001da      Ia-norm    0.6024   5.17   0.0406   0.0097     0.00  0   good
 485  sn1997bp      Ia-norm    0.6024   5.16   0.0519   0.0107    -0.20  0   good
 486  sn2007af      Ia-norm    0.6024   5.15   0.0342   0.0094     5.40  0   good
 487  sn2001en      Ia-norm    0.6024   5.15   0.0412   0.0097     4.40  0   good
 488  sn2007kk      Ia-norm    0.6024   5.14   0.0417   0.0102     5.90  0   good
 489  sn2000cx      Ia-pec     0.6024   5.12   0.0434   0.0094     5.70  0   good
 490  sn2007cg      Ia-norm    0.6024   5.10   0.0425   0.0108     5.50  0   good
 491  sn2002he      Ia-norm    0.6024   5.08   0.0394   0.0098     5.60  0   good
 492  sn2002bf      Ia-norm    0.6024   5.08   0.0493   0.0111     1.80  0   good
 493  sn2004dt      Ia-norm    0.6024   5.06   0.0434   0.0103     3.30  0   good
 494  sn1999cl      Ia-norm    0.6024   5.04   0.0434   0.0105    -2.30  0   good
 495  sn2001ep      Ia-norm    0.6024   5.01   0.0353   0.0097     1.80  0   good
 496  sn2002er      Ia-norm    0.6024   5.01   0.0384   0.0098     3.80  0   good
 497  sn1995E       Ia-norm    0.5930   5.00   0.0364   0.0099     5.90  0   good
#--- rlap cutoff
 498  sn2007hj      Ia-norm    0.6024   5.00   0.0382   0.0096     2.40  0    cut
 499  sn2007co      Ia-norm    0.6024   4.98   0.0375   0.0100     5.70  0    cut
 500  sn1994T       Ia-norm    0.5916   4.98   0.0416   0.0107    -0.20  0    cut
 501  sn2000cw      Ia-norm    0.6024   4.96   0.0356   0.0095     3.50  0    cut
 502  sn2001bg      Ia-norm    0.6024   4.96   0.0400   0.0101     4.20  0    cut
 503  sn2002cd      Ia-norm    0.6024   4.95   0.0501   0.0111     2.20  0    cut
 504  sn2000cx      Ia-pec     0.6024   4.94   0.0451   0.0100    -1.30  0    cut
 505  sn1994M       Ia-norm    0.6024   4.94   0.0431   0.0103     3.70  0    cut
 506  sn2001en      Ia-norm    0.6024   4.92   0.0407   0.0101     5.30  0    cut
 507  sn2000dg      Ia-norm    0.6024   4.92   0.0369   0.0103     3.10  0    cut
 508  sn1999cl      Ia-norm    0.6024   4.92   0.0423   0.0106    -1.30  0    cut
 509  sn2000cx      Ia-pec     0.6024   4.92   0.0457   0.0098    -1.30  0    cut
 510  sn2005M       Ia-91T     0.6024   4.91   0.0366   0.0100    -2.70  0    cut
 511  sn2007le      Ia-norm    0.6024   4.91   0.0406   0.0103     5.40  0    cut
 512  sn1999ee      Ia-norm    0.6024   4.89   0.0375   0.0104     6.70  0    cut
 513  sn2006mo      Ia-norm    0.6024   4.88   0.0351   0.0098     5.20  0    cut
 514  sn2002er      Ia-norm    0.6024   4.88   0.0362   0.0101     4.90  0    cut
 515  sn2001da      Ia-norm    0.6024   4.87   0.0392   0.0102     1.90  0    cut
 516  sn1997bp      Ia-norm    0.6024   4.86   0.0511   0.0113     0.80  0    cut
 517  sn2004dt      Ia-norm    0.6024   4.82   0.0483   0.0112    -0.70  0    cut
 518  sn2001ep      Ia-norm    0.6024   4.82   0.0344   0.0100     2.80  0    cut
 519  sn2002er      Ia-norm    0.6024   4.82   0.0380   0.0102     4.10  0    cut
 520  sn2006br      Ia-norm    0.6024   4.82   0.0437   0.0106     3.00  0    cut
 521  sn2002cs      Ia-norm    0.6024   4.81   0.0460   0.0101     3.30  0    cut
 522  sn1984A       Ia-norm    0.5334   4.79   0.0528   0.0109    -2.80  0    cut
 523  sn2001da      Ia-norm    0.6024   4.79   0.0387   0.0105     2.90  0    cut
 524  sn1994M       Ia-norm    0.6024   4.77   0.0397   0.0106     6.60  0    cut
 525  sn2004eo      Ia-norm    0.6024   4.75   0.0347   0.0100     2.90  0    cut
 526  sn2000ce      Ia-norm    0.6024   4.75   0.0377   0.0107     6.70  0    cut
 527  sn2004dt      Ia-norm    0.6024   4.74   0.0485   0.0114    -1.00  0    cut
 528  sn2006lf      Ia-norm    0.6024   4.73   0.0355   0.0102     6.30  0    cut
 529  sn1999aa      Ia-91T     0.5903   4.73   0.0367   0.0109     6.70  0    cut
 530  sn1994T       Ia-norm    0.5943   4.72   0.0399   0.0114     1.70  0    cut
 531  sn2005A       Ia-norm    0.6024   4.72   0.0501   0.0115    -1.30  0    cut
 532  sn2007nq      Ia-norm    0.6024   4.71   0.0372   0.0103     6.30  0    cut
 533  sn2003W       Ia-norm    0.6024   4.70   0.0492   0.0124     0.60  0    cut
 534  sn2004dt      Ia-norm    0.6024   4.67   0.0447   0.0112     2.30  0    cut
 535  sn2008af      Ia-norm    0.6024   4.67   0.0390   0.0107     5.90  0    cut
 536  sn2002fk      Ia-norm    0.6024   4.65   0.0349   0.0105     6.50  0    cut
 537  sn1997bp      Ia-norm    0.6024   4.65   0.0503   0.0117     1.80  0    cut
 538  sn1994M       Ia-norm    0.6024   4.63   0.0420   0.0108     4.70  0    cut
 539  sn2006bt      Ia-norm    0.6024   4.62   0.0415   0.0102    -2.90  0    cut
 540  sn2007au      Ia-norm    0.6024   4.61   0.0356   0.0104     1.10  0    cut
 541  sn2005am      Ia-norm    0.6024   4.59   0.0371   0.0106     6.90  0    cut
 542  sn1998bp      Ia-norm    0.6024   4.58   0.0346   0.0102     1.00  0    cut
 543  sn2004bk      Ia-norm    0.6024   4.54   0.0397   0.0115     6.40  0    cut
 544  sn2000dk      Ia-norm    0.6024   4.53   0.0352   0.0105     3.70  0    cut
 545  sn2001bg      Ia-norm    0.6024   4.52   0.0392   0.0110     5.10  0    cut
 546  sn2004dt      Ia-norm    0.6024   4.52   0.0453   0.0116     2.00  0    cut
 547  sn2006bt      Ia-norm    0.6024   4.49   0.0399   0.0105    -0.10  0    cut
 548  sn2006bw      Ia-norm    0.6024   4.48   0.0345   0.0104     4.90  0    cut
 549  sn1998ab      Ia-91T     0.5402   4.47   0.0318   0.0118     6.70  0    cut
 550  sn2006cp      Ia-norm    0.6024   4.46   0.0395   0.0114     6.30  0    cut
 551  sn2006gt      Ia-91bg    0.6024   4.45   0.0351   0.0104     2.30  0    cut
 552  sn1999cl      Ia-norm    0.6024   4.45   0.0406   0.0114     0.70  0    cut
 553  sn2001en      Ia-norm    0.6024   4.44   0.0398   0.0111     6.30  0    cut
 554  sn2001ep      Ia-norm    0.6024   4.42   0.0337   0.0108     3.80  0    cut
 555  sn2004L       Ia-norm    0.6024   4.40   0.0339   0.0113     5.30  0    cut
 556  sn2004gs      Ia-norm    0.6024   4.39   0.0360   0.0105     1.70  0    cut
 557  sn2002cd      Ia-norm    0.6024   4.39   0.0495   0.0123     3.20  0    cut
 558  sn1996X       Ia-norm    0.6024   4.39   0.0352   0.0113     7.10  0    cut
 559  sn2007hj      Ia-norm    0.6024   4.37   0.0370   0.0109     3.40  0    cut
 560  sn1997bp      Ia-norm    0.6024   4.37   0.0494   0.0124     2.80  0    cut
 561  sn2002eu      Ia-norm    0.6024   4.36   0.0356   0.0105     5.00  0    cut
 562  sn2006bt      Ia-norm    0.6024   4.35   0.0405   0.0108    -1.00  0    cut
 563  sn1986G       Ia-91bg    0.6024   4.31   0.0401   0.0111    -2.70  0    cut
 564  sn2005kc      Ia-norm    0.6024   4.31   0.0333   0.0112     6.70  0    cut
 565  sn1996X       Ia-norm    0.6024   4.31   0.0351   0.0112     7.10  0    cut
 566  sn2004dt      Ia-norm    0.6024   4.31   0.0424   0.0116     3.80  0    cut
 567  sn2003ic      Ia-norm    0.6024   4.30   0.0429   0.0124     3.40  0    cut
 568  sn2007co      Ia-norm    0.6024   4.30   0.0367   0.0112     6.60  0    cut
 569  sn2003cg      Ia-norm    0.6024   4.30   0.0363   0.0114     6.80  0    cut
 570  sn2002fb      Ia-91bg    0.6024   4.30   0.0412   0.0114    -2.70  0    cut
 571  sn2006ac      Ia-norm    0.6024   4.28   0.0386   0.0116     6.20  0    cut
 572  sn2002ic      Ia-csm     0.6024   4.27   0.0350   0.0122     5.60  0    cut
 573  sn1996bo      Ia-norm    0.6024   4.26   0.0409   0.0115     3.30  0    cut
 574  sn1999ef      Ia-norm    0.6024   4.24   0.0381   0.0114     6.70  0    cut
 575  sn2000cx      Ia-pec     0.6024   4.24   0.0437   0.0109     6.60  0    cut
 576  sn2006bq      Ia-norm    0.6024   4.23   0.0434   0.0121     5.30  0    cut
 577  sn1992A       Ia-norm    0.5618   4.22   0.0434   0.0113     6.90  0    cut
 578  sn2007cg      Ia-norm    0.6024   4.22   0.0422   0.0121     6.50  0    cut
 579  sn2004gs      Ia-norm    0.6024   4.22   0.0349   0.0109     2.60  0    cut
 580  sn2006bt      Ia-norm    0.6024   4.22   0.0392   0.0111     0.90  0    cut
 581  sn2001ay      Ia-norm    0.6024   4.20   0.0461   0.0121     1.30  0    cut
 582  sn1994T       Ia-norm    0.4278   4.20   0.0363   0.0121     0.80  0    cut
 583  sn1996Z       Ia-norm    0.6024   4.18   0.0403   0.0121     4.10  0    cut
 584  sn2006D       Ia-norm    0.6024   4.16   0.0392   0.0116     4.50  0    cut
 585  sn2005A       Ia-norm    0.6024   4.14   0.0475   0.0131     0.60  0    cut
 586  sn2005A       Ia-norm    0.6024   4.11   0.0464   0.0133     1.50  0    cut
 587  sn2004dt      Ia-norm    0.5645   4.09   0.0501   0.0129    -2.00  0    cut
 588  sn2004as      Ia-norm    0.6024   4.09   0.0379   0.0125     5.80  0    cut
 589  sn2004dt      Ia-norm    0.6024   4.07   0.0462   0.0126     1.00  0    cut
 590  sn2000cx      Ia-pec     0.5767   4.06   0.0433   0.0115     6.60  0    cut
 591  sn2001ep      Ia-norm    0.6024   4.06   0.0328   0.0116     4.80  0    cut
 592  sn1995al      Ia-norm    0.6024   4.05   0.0417   0.0125     6.40  0    cut
 593  sn2007bc      Ia-norm    0.6024   4.04   0.0326   0.0116     6.20  0    cut
 594  sn1997bp      Ia-norm    0.6024   4.04   0.0486   0.0132     3.80  0    cut
 595  sn2006gt      Ia-91bg    0.6024   4.04   0.0345   0.0112     3.30  0    cut
 596  sn2000cx      Ia-pec     0.6024   4.04   0.0460   0.0127    -2.30  0    cut
 597  sn2004ef      Ia-norm    0.6024   4.02   0.0364   0.0121     6.30  0    cut
 598  sn2002dp      Ia-norm    0.6024   3.98   0.0330   0.0117     7.10  0    cut
 599  sn2007hj      Ia-norm    0.6024   3.92   0.0363   0.0119     4.40  0    cut
 600  sn2006bt      Ia-norm    0.6024   3.90   0.0373   0.0119     2.90  0    cut
 601  sn2006eq      Ia-norm    0.6024   3.90   0.0366   0.0125     4.70  0    cut
 602  sn2007bm      Ia-norm    0.6024   3.90   0.0331   0.0122     6.60  0    cut
 603  sn2008R       Ia-91bg    0.6024   3.89   0.0339   0.0116     5.30  0    cut
 604  sn2007if      Ia-pec     0.5943   3.86   0.0323   0.0141    -2.90  0    cut
 605  sn2003ic      Ia-norm    0.6024   3.85   0.0414   0.0134     4.30  0    cut
 606  sn2004gs      Ia-norm    0.6024   3.85   0.0345   0.0119     3.60  0    cut
 607  sn2006bt      Ia-norm    0.6024   3.81   0.0388   0.0121     1.90  0    cut
 608  sn2004as      Ia-norm    0.6024   3.80   0.0364   0.0129     6.60  0    cut
 609  sn2006bt      Ia-norm    0.6024   3.78   0.0382   0.0122     2.80  0    cut
 610  sn1989B       Ia-norm    0.5510   3.77   0.0330   0.0126     6.60  0    cut
 611  sn2001ay      Ia-norm    0.6024   3.76   0.0444   0.0133     3.30  0    cut
 612  sn2006ac      Ia-norm    0.6024   3.75   0.0377   0.0130     7.10  0    cut
 613  sn2001ay      Ia-norm    0.6024   3.73   0.0444   0.0133     3.30  0    cut
 614  sn1997Y       Ia-norm    0.6024   3.73   0.0343   0.0123     6.90  0    cut
 615  sn1986G       Ia-91bg    0.5172   3.73   0.0371   0.0126     0.30  0    cut
 616  sn2001N       Ia-norm    0.6011   3.67   0.0411   0.0139     4.40  0    cut
 617  sn2001ep      Ia-norm    0.6024   3.66   0.0319   0.0126     5.80  0    cut
 618  sn2002bo      Ia-norm    0.6024   3.61   0.0392   0.0140     5.20  0    cut
 619  sn2006bt      Ia-norm    0.6024   3.57   0.0366   0.0128     4.70  0    cut
 620  sn1986G       Ia-91bg    0.5199   3.57   0.0367   0.0128     1.30  0    cut
 621  sn2006X       Ia-norm    0.6024   3.56   0.0492   0.0147     1.30  0    cut
 622  sn2003cg      Ia-norm    0.6024   3.54   0.0353   0.0138     7.00  0    cut
 623  sn1999da      Ia-91bg    0.6024   3.53   0.0364   0.0130    -2.60  0    cut
 624  sn2002fb      Ia-91bg    0.6024   3.45   0.0396   0.0139     0.30  0    cut
 625  sn2003ic      Ia-norm    0.6024   3.45   0.0403   0.0151     5.30  0    cut
 626  sn2001gc      Ia-norm    0.6024   3.42   0.0465   0.0151     3.40  0    cut
 627  sn1996bo      Ia-norm    0.6024   3.42   0.0392   0.0139     5.20  0    cut
 628  sn2006hb      Ia-91bg    0.6024   3.42   0.0347   0.0130     6.80  0    cut
 629  sn2001ay      Ia-norm    0.6024   3.41   0.0435   0.0144     4.20  0    cut
 630  sn2002bf      Ia-norm    0.6024   3.40   0.0449   0.0153     5.70  0    cut
 631  sn2006bt      Ia-norm    0.6024   3.36   0.0361   0.0132     5.70  0    cut
 632  sn2006X       Ia-norm    0.6024   3.35   0.0481   0.0154     2.30  0    cut
 633  sn1996Z       Ia-norm    0.6024   3.32   0.0386   0.0147     6.10  0    cut
 634  sn2007if      Ia-pec     0.6024   3.28   0.0274   0.0171     6.10  0    cut
 635  sn1991bg      Ia-91bg    0.5591   3.27   0.0330   0.0143     1.90  0    cut
 636  sn2002bf      Ia-norm    0.6024   3.26   0.0447   0.0169     4.80  0    cut
 637  sn1986G       Ia-91bg    0.6024   3.22   0.0394   0.0141    -2.20  0    cut
 638  sn2007ba      Ia-91bg    0.6024   3.22   0.0367   0.0143     3.10  0    cut
 639  sn2001gc      Ia-norm    0.6024   3.20   0.0456   0.0159     4.40  0    cut
 640  sn1996bk      Ia-norm    0.6024   3.19   0.0369   0.0143     2.50  0    cut
 641  sn2001ep      Ia-norm    0.6024   3.18   0.0311   0.0141     6.80  0    cut
 642  sn1986G       Ia-91bg    0.6024   3.14   0.0383   0.0142    -1.20  0    cut
 643  sn1998co      Ia-norm    0.6024   3.14   0.0325   0.0148     6.90  0    cut
 644  sn2005gj      Ia-csm     0.5767   3.12   0.0277   0.0194    -1.80  0    cut
 645  sn2005mc      Ia-norm    0.6024   3.05   0.0323   0.0142     5.60  0    cut
 646  sn2005bl      Ia-91bg    0.6024   3.03   0.0398   0.0144    -2.90  0    cut
 647  sn2007if      Ia-pec     0.5835   3.01   0.0283   0.0175     5.60  0    cut
 648  sn1991T       Ia-91T     0.6024   3.00   0.0403   0.0159    -1.50  0    cut
 649  sn2006X       Ia-norm    0.6024   2.97   0.0458   0.0167     4.20  0    cut
 650  sn2007if      Ia-pec     0.6024   2.97   0.0281   0.0177     4.70  0    cut
 651  sn2002bf      Ia-norm    0.6024   2.91   0.0436   0.0174     6.70  0    cut
 652  sn2001ay      Ia-norm    0.6024   2.91   0.0401   0.0163     5.80  0    cut
 653  sn2007hj      Ia-norm    0.6024   2.90   0.0343   0.0153     6.30  0    cut
 654  sn2005hk      Ia-pec     0.6024   2.89   0.0237   0.0163    -1.40  0    cut
 655  sn1986G       Ia-91bg    0.6024   2.88   0.0351   0.0149    -0.20  0    cut
 656  sn2007if      Ia-pec     0.6024   2.84   0.0264   0.0180     6.60  0    cut
 657  sn1994T       Ia-norm    0.5916   2.84   0.0363   0.0165     4.70  0    cut
 658  sn1999gh      Ia-norm    0.6024   2.82   0.0335   0.0160     5.50  0    cut
 659  sn1986G       Ia-91bg    0.6024   2.81   0.0362   0.0152     0.80  0    cut
 660  sn2001gc      Ia-norm    0.6024   2.80   0.0446   0.0176     5.30  0    cut
 661  sn2006X       Ia-norm    0.6024   2.74   0.0447   0.0178     5.20  0    cut
 662  sn2007ba      Ia-91bg    0.6024   2.71   0.0345   0.0159     5.10  0    cut
 663  sn2006bz      Ia-91bg    0.6024   2.69   0.0380   0.0166    -1.40  0    cut
 664  sn1998de      Ia-91bg    0.6024   2.66   0.0392   0.0172    -2.20  0    cut
 665  sn1996bo      Ia-norm    0.6024   2.65   0.0371   0.0172     7.10  0    cut
 666  sn2006bz      Ia-91bg    0.6024   2.63   0.0366   0.0177     0.70  0    cut
 667  sn2006bz      Ia-91bg    0.6024   2.62   0.0374   0.0175    -0.30  0    cut
 668  sn2005hk      Ia-pec     0.6024   2.53   0.0245   0.0180    -2.40  0    cut
 669  sn1998de      Ia-91bg    0.6024   2.53   0.0375   0.0175    -0.30  0    cut
 670  sn2007ax      Ia-91bg    0.6024   2.52   0.0336   0.0176    -0.80  0    cut
 671  sn2007ax      Ia-91bg    0.6024   2.50   0.0350   0.0182    -1.90  0    cut
 672  sn1999bh      Ia-91bg    0.5889   2.49   0.0221   0.0159     5.10  0    cut
 673  sn2006X       Ia-norm    0.6024   2.47   0.0437   0.0190     6.20  0    cut
 674  sn2005cc      Ia-pec     0.6024   2.46   0.0159   0.0193     2.60  0    cut
 675  sn1991bg      Ia-91bg    0.5970   2.45   0.0329   0.0183     2.10  0    cut
 676  sn2005hk      Ia-pec     0.6024   2.43   0.0163   0.0185     3.60  0    cut
 677  sn1999gh      Ia-norm    0.6024   2.41   0.0327   0.0178     6.50  0    cut
 678  sn2002cx      Ia-pec     0.6024   2.40   0.0275   0.0196    -1.40  0    cut
 679  sn2007ba      Ia-91bg    0.6024   2.37   0.0334   0.0186     6.00  0    cut
 680  sn2008ae      Ia-pec     0.6024   2.36   0.0201   0.0202     2.80  0    cut
 681  sn2005cc      Ia-pec     0.6024   2.34   0.0137   0.0194     3.60  0    cut
 682  sn2008ae      Ia-pec     0.6024   2.30   0.0231   0.0207     1.90  0    cut
 683  sn1997cn      Ia-91bg    0.6024   2.25   0.0315   0.0181     3.90  0    cut
 684  sn2008A       Ia-pec     0.6024   2.24   0.0225   0.0208     1.00  0    cut
 685  sn2005ke      Ia-91bg    0.6024   2.23   0.0321   0.0178     0.50  0    cut
 686  sn2002es      Ia-91bg    0.6024   2.22   0.0212   0.0178     2.10  0    cut
 687  sn2008A       Ia-pec     0.6024   2.21   0.0242   0.0210     0.00  0    cut
 688  sn2008ae      Ia-pec     0.6024   2.19   0.0248   0.0225    -0.10  0    cut
 689  sn2008ae      Ia-pec     0.6024   2.17   0.0288   0.0219    -1.00  0    cut
 690  sn2007al      Ia-91bg    0.6024   2.15   0.0353   0.0209     2.40  0    cut
 691  sn2008A       Ia-pec     0.6024   2.14   0.0257   0.0217    -1.00  0    cut
 692  sn1998de      Ia-91bg    0.6024   2.12   0.0341   0.0206     2.70  0    cut
 693  sn2007al      Ia-91bg    0.6024   2.06   0.0344   0.0212     3.30  0    cut
 694  sn2005cc      Ia-pec     0.6024   2.06   0.0120   0.0210     4.60  0    cut
 695  sn2002es      Ia-91bg    0.6024   2.04   0.0203   0.0189     4.10  0    cut
 696  sn1999by      Ia-91bg    0.6024   2.04   0.0321   0.0198     2.90  0    cut
 697  sn2006H       Ia-91bg    0.6024   2.04   0.0326   0.0199     4.50  0    cut
 698  sn2008ae      Ia-pec     0.6024   2.02   0.0246   0.0221     0.90  0    cut
 699  sn1991bg      Ia-91bg    0.6024   2.00   0.0330   0.0215     2.10  0    cut
 700  sn2008A       Ia-pec     0.6024   2.00   0.0275   0.0229    -1.90  0    cut
 701  sn2005ke      Ia-91bg    0.6024   1.98   0.0308   0.0194     2.40  0    cut
 702  sn1991bg      Ia-91bg    0.6024   1.97   0.0346   0.0218     0.90  0    cut
 703  sn2006H       Ia-91bg    0.6024   1.96   0.0324   0.0206     5.50  0    cut
 704  sn2005cc      Ia-pec     0.6024   1.94   0.0101   0.0218     5.60  0    cut
 705  sn2005bl      Ia-91bg    0.6024   1.94   0.0324   0.0226     4.70  0    cut
 706  sn2007al      Ia-91bg    0.6024   1.94   0.0330   0.0206     4.30  0    cut
 707  sn2007ax      Ia-91bg    0.6024   1.92   0.0322   0.0219     1.10  0    cut
 708  sn2007al      Ia-91bg    0.6024   1.92   0.0326   0.0223     5.30  0    cut
 709  sn1999by      Ia-91bg    0.6024   1.84   0.0318   0.0219     4.00  0    cut
 710  sn2006H       Ia-91bg    0.6024   1.74   0.0318   0.0231     6.50  0    cut
 711  sn2002es      Ia-91bg    0.6024   1.72   0.0201   0.0206     5.10  0    cut
 712  sn1999by      Ia-91bg    0.6024   1.67   0.0313   0.0242     5.00  0    cut
 713  sn2006cj      Ia-norm    0.5862   1.52   0.0460   0.0314    -2.10  0    cut
 714  sn1999by      Ia-91bg    0.6024   1.51   0.0315   0.0277     5.90  0    cut
 715  sn2005ke      Ia-91bg    0.6024   1.43   0.0292   0.0250     6.40  0    cut
 716  sn2007ax      Ia-91bg    0.6024   1.43   0.0322   0.0343     2.00  0    cut
 717  sn1999by      Ia-91bg    0.6024   1.41   0.0313   0.0324     6.90  0    cut
 718  sn2006em      Ia-91bg    0.6024   1.31   0.0350   0.0252     3.70  0    cut
