### SNID output file ###
 
### input spectrum and options ###
# Input spectrum                 : 14279_13.00.dat
# Parameter file                 : NA
# Wavelength range               :    4000.00   9000.00
# Mask file                      : NA
# Median filtering width [A]     : NA
# Median filtering width [pix]   :       1.00
# Clip emission redshift         :     0.0443
# Clip sky lines                 : 0
# Emission clip width [A]        :       0.04
# Keep A-band                    : 1
# Age range                      :       8.00     18.00
# Delta range                    :      -9.99     99.90
# Min. number of spectra/template:   1
# Use only templates             : NA
# Use only types                 : Ia
# Avoid templates                : NA
# Avoid types                    : NA
# rlapmin                        :       5.00
# Redshift range                 :    -0.0100    1.2000
# Forced initial redshift        :     0.0443
# Extra fake redshift            : NA
# Nsigma for initial redshift    : NA
# Redshift filter                :     0.0200
# Wavenumbers k1,k2,k3,k4        :     1    4   85  102
# Template directory             : /home/djperrefort/snid-5.0/templates-2.0/
 
### initial/user-input redshift ###
zinit       0.0000
zuser       0.0443
 
### median redshift/age and error ###
zmed        0.0470    0.0044
agem         11.00      3.12
 
### type fraction/redshift/age ###
#type ntemp fraction slope redshift redshift_error age age_error
Ia            151      1.00    0.0000    0.0470    0.0044    11.000     3.123
Ia-norm       120      0.79    0.0014    0.0471    0.0038    11.050     3.141
Ia-91T         11      0.07   -0.0260    0.0473    0.0030    10.900     3.815
Ia-91bg         2      0.01    0.0000    0.0469    0.0044     9.300     1.414
Ia-csm          1      0.01    0.0130    0.0505    0.0000     9.400     0.000
Ia-pec         17      0.11    0.0740    0.0430    0.0063    11.100     2.635
###
Ib              0      0.00    0.0000    0.0000    0.0000     0.000     0.000
Ib-norm         0      0.00    0.0000    0.0000    0.0000     0.000     0.000
Ib-pec          0      0.00    0.0000    0.0000    0.0000     0.000     0.000
IIb             0      0.00    0.0000    0.0000    0.0000     0.000     0.000
###
Ic              0      0.00    0.0000    0.0000    0.0000     0.000     0.000
Ic-norm         0      0.00    0.0000    0.0000    0.0000     0.000     0.000
Ic-pec          0      0.00    0.0000    0.0000    0.0000     0.000     0.000
Ic-broad        0      0.00    0.0000    0.0000    0.0000     0.000     0.000
###
II              0      0.00    0.0000    0.0000    0.0000     0.000     0.000
IIP             0      0.00    0.0000    0.0000    0.0000     0.000     0.000
II-pec          0      0.00    0.0000    0.0000    0.0000     0.000     0.000
IIn             0      0.00    0.0000    0.0000    0.0000     0.000     0.000
IIL             0      0.00    0.0000    0.0000    0.0000     0.000     0.000
###
NotSN           0      0.00    0.0000    0.0000    0.0000     0.000     0.000
AGN             0      0.00    0.0000    0.0000    0.0000     0.000     0.000
Gal             0      0.00    0.0000    0.0000    0.0000     0.000     0.000
LBV             0      0.00    0.0000    0.0000    0.0000     0.000     0.000
M-star          0      0.00    0.0000    0.0000    0.0000     0.000     0.000
 
### rlap-ordered template listings ###
#no. sn type lap rlap z zerr age age_flag grade
   1  sn2005hf      Ia-norm    0.6065   9.57   0.0483   0.0065    12.00  0   good
   2  sn2005hf      Ia-norm    0.6065   8.41   0.0483   0.0072    11.00  0   good
   3  sn2005hf      Ia-norm    0.6092   8.11   0.0471   0.0070    12.90  0   good
   4  sn2005hf      Ia-norm    0.6092   7.76   0.0486   0.0082     9.10  0   good
   5  sn2007if      Ia-pec     0.7974   7.52   0.0431   0.0078    15.70  0   good
   6  sn2004dt      Ia-norm    0.6918   7.43   0.0450   0.0067    17.00  0   good
   7  sn2007if      Ia-pec     0.8069   7.24   0.0430   0.0081    15.90  0   good
   8  sn2007if      Ia-pec     0.7757   7.19   0.0426   0.0081    13.10  0   good
   9  sn2006gz      Ia-pec     0.6282   7.05   0.0496   0.0079    11.10  0   good
  10  sn2007if      Ia-pec     0.8069   6.70   0.0432   0.0087    14.10  0   good
  11  sn2001fh      Ia-norm    0.6552   6.63   0.0445   0.0083     9.10  0   good
  12  sn2007if      Ia-pec     0.7866   6.57   0.0429   0.0088    10.30  0   good
  13  sn2006gz      Ia-pec     0.6255   6.55   0.0501   0.0086    10.20  0   good
  14  sn2007if      Ia-pec     0.5835   6.55   0.0420   0.0086     9.40  0   good
  15  sn2002ic      Ia-csm     0.7500   6.29   0.0505   0.0101     9.40  0   good
  16  sn2005hf      Ia-norm    0.6079   6.27   0.0465   0.0085    14.90  0   good
  17  sn2001el      Ia-norm    0.7987   6.24   0.0494   0.0086    18.00  0   good
  18  sn1997do      Ia-norm    0.6607   6.21   0.0552   0.0090     8.20  0   good
  19  sn2002cx      Ia-pec     0.6471   6.10   0.0351   0.0087    11.30  0   good
  20  sn2007if      Ia-pec     0.5835   6.10   0.0427   0.0091    13.90  0   good
  21  sn2008C       Ia-norm    0.6322   6.08   0.0510   0.0093     8.30  0   good
  22  sn2003ic      Ia-norm    0.6160   6.07   0.0518   0.0095     8.00  0   good
  23  sn1998ab      Ia-91T     0.6376   6.05   0.0424   0.0094    17.50  0   good
  24  sn2006gz      Ia-pec     0.6255   6.01   0.0505   0.0096     9.20  0   good
  25  sn2004dt      Ia-norm    0.8069   6.00   0.0466   0.0083    14.00  0   good
  26  sn2003hu      Ia-91T     0.5970   5.98   0.0492   0.0104    10.30  0   good
  27  sn2002hd      Ia-norm    0.6349   5.96   0.0459   0.0087    15.80  0   good
  28  sn1989B       Ia-norm    0.5510   5.96   0.0432   0.0085    12.60  0   good
  29  sn2000dg      Ia-norm    0.6295   5.95   0.0466   0.0089    16.60  0   good
  30  sn2005kc      Ia-norm    0.6336   5.94   0.0466   0.0087     9.80  0   good
  31  sn1999X       Ia-norm    0.6444   5.94   0.0482   0.0091    12.00  0   good
  32  sn2006N       Ia-norm    0.6376   5.92   0.0492   0.0091     8.50  0   good
  33  sn2006gr      Ia-norm    0.6187   5.92   0.0541   0.0095     9.40  0   good
  34  sn2001N       Ia-norm    0.6444   5.89   0.0523   0.0101    11.50  0   good
  35  sn2006gr      Ia-norm    0.6268   5.89   0.0506   0.0097    12.40  0   good
  36  sn2005hk      Ia-pec     0.6390   5.87   0.0331   0.0093    14.40  0   good
  37  sn2006le      Ia-norm    0.6363   5.82   0.0538   0.0095     8.90  0   good
  38  sn2003cg      Ia-norm    0.7243   5.82   0.0478   0.0090     9.20  0   good
  39  sn1989B       Ia-norm    0.5510   5.81   0.0445   0.0087    10.60  0   good
  40  sn2001ah      Ia-91T     0.7811   5.78   0.0455   0.0092    17.80  0   good
  41  sn2001N       Ia-norm    0.6471   5.78   0.0542   0.0102    10.40  0   good
  42  sn2001N       Ia-norm    0.6417   5.74   0.0548   0.0102     9.40  0   good
  43  sn2007kk      Ia-norm    0.6146   5.74   0.0560   0.0099     8.80  0   good
  44  sn2002er      Ia-norm    0.8069   5.72   0.0490   0.0095    10.00  0   good
  45  sn2005cf      Ia-norm    0.8069   5.72   0.0447   0.0089    14.10  0   good
  46  sn2002eu      Ia-norm    0.6322   5.71   0.0465   0.0093    10.70  0   good
  47  sn1994Q       Ia-norm    0.6661   5.68   0.0457   0.0093    12.80  0   good
  48  sn2007qe      Ia-norm    0.6255   5.67   0.0584   0.0100     8.00  0   good
  49  sn2005ls      Ia-norm    0.6295   5.66   0.0507   0.0095    10.80  0   good
  50  sn2002dl      Ia-91bg    0.6525   5.64   0.0437   0.0102    10.30  0   good
  51  sn2005cc      Ia-pec     0.6458   5.62   0.0342   0.0097     9.50  0   good
  52  sn2001el      Ia-norm    0.7987   5.62   0.0520   0.0098     9.10  0   good
  53  sn2004eo      Ia-norm    0.8069   5.62   0.0444   0.0094    13.10  0   good
  54  sn1997br      Ia-91T     0.6620   5.59   0.0466   0.0098    16.80  0   good
  55  sn2007if      Ia-pec     0.8069   5.57   0.0435   0.0102     9.40  0   good
  56  sn1994Q       Ia-norm    0.6661   5.55   0.0462   0.0096    11.80  0   good
  57  sn2007S       Ia-91T     0.6349   5.54   0.0543   0.0111     8.10  0   good
  58  sn2007hj      Ia-norm    0.6349   5.52   0.0463   0.0101    12.30  0   good
  59  sn2002cs      Ia-norm    0.6539   5.52   0.0517   0.0091    18.00  0   good
  60  sn1989B       Ia-norm    0.5943   5.52   0.0432   0.0091    17.50  0   good
  61  sn2000B       Ia-norm    0.6525   5.51   0.0584   0.0103     8.60  0   good
  62  sn2004dt      Ia-norm    0.6322   5.51   0.0452   0.0087    16.40  0   good
  63  sn1999ek      Ia-norm    0.6525   5.50   0.0460   0.0092     9.20  0   good
  64  sn1999X       Ia-norm    0.6458   5.50   0.0479   0.0095    13.10  0   good
  65  sn2000cf      Ia-norm    0.6349   5.49   0.0429   0.0093    14.50  0   good
  66  sn1994Q       Ia-norm    0.6661   5.48   0.0470   0.0101    10.90  0   good
  67  sn2005hk      Ia-pec     0.8069   5.48   0.0329   0.0100    14.30  0   good
  68  sn2000ce      Ia-norm    0.6525   5.47   0.0514   0.0103     8.70  0   good
  69  sn2007al      Ia-91bg    0.6403   5.47   0.0500   0.0131     8.30  0   good
  70  sn1995D       Ia-norm    0.7879   5.46   0.0457   0.0093    16.50  0   good
  71  sn1989B       Ia-norm    0.5510   5.44   0.0456   0.0095     8.60  0   good
  72  sn2005hf      Ia-norm    0.6106   5.43   0.0464   0.0100    17.80  0   good
  73  sn2000cf      Ia-norm    0.6322   5.42   0.0426   0.0094    16.40  0   good
  74  sn2005hf      Ia-norm    0.6079   5.40   0.0497   0.0117     8.20  0   good
  75  sn1996X       Ia-norm    0.6661   5.40   0.0502   0.0095     8.10  0   good
  76  sn2002de      Ia-norm    0.6458   5.40   0.0521   0.0102     8.50  0   good
  77  sn1989B       Ia-norm    0.5943   5.39   0.0434   0.0095    15.50  0   good
  78  sn1999ac      Ia-91T     0.6620   5.39   0.0494   0.0108     9.00  0   good
  79  sn2002er      Ia-norm    0.8069   5.39   0.0470   0.0099    14.90  0   good
  80  sn2002er      Ia-norm    0.8069   5.38   0.0470   0.0099    15.80  0   good
  81  sn2005cf      Ia-norm    0.8069   5.37   0.0443   0.0096    16.10  0   good
  82  sn2005kc      Ia-norm    0.6309   5.37   0.0458   0.0094    11.60  0   good
  83  sn2005cf      Ia-norm    0.8069   5.37   0.0454   0.0096    12.20  0   good
  84  sn2008C       Ia-norm    0.7622   5.36   0.0493   0.0099    10.30  0   good
  85  sn2001ay      Ia-norm    0.7487   5.35   0.0453   0.0095    16.50  0   good
  86  sn2006gz      Ia-pec     0.5997   5.33   0.0517   0.0112     8.20  0   good
  87  sn1998ef      Ia-norm    0.5862   5.33   0.0474   0.0097    18.00  0   good
  88  sn2007bd      Ia-norm    0.6214   5.32   0.0531   0.0104     8.40  0   good
  89  sn2004eo      Ia-norm    0.8069   5.32   0.0450   0.0100    11.70  0   good
  90  sn1999ej      Ia-norm    0.6566   5.31   0.0455   0.0100     8.10  0   good
  91  sn2006gz      Ia-pec     0.6255   5.31   0.0509   0.0110     8.20  0   good
  92  sn2004as      Ia-norm    0.6390   5.29   0.0524   0.0105     8.60  0   good
  93  sn2002dp      Ia-norm    0.6593   5.29   0.0457   0.0099    10.00  0   good
  94  sn2007bm      Ia-norm    0.6471   5.28   0.0434   0.0099    17.50  0   good
  95  sn1997do      Ia-norm    0.6607   5.27   0.0535   0.0102    10.20  0   good
  96  sn2007bm      Ia-norm    0.6444   5.27   0.0457   0.0097     9.60  0   good
  97  sn1989B       Ia-norm    0.5943   5.27   0.0432   0.0094    16.50  0   good
  98  sn2001cj      Ia-norm    0.7947   5.26   0.0468   0.0096    13.60  0   good
  99  sn2006te      Ia-norm    0.6214   5.26   0.0455   0.0088    12.30  0   good
 100  sn2006D       Ia-norm    0.7649   5.26   0.0469   0.0102    16.30  0   good
 101  sn2007le      Ia-norm    0.6431   5.24   0.0547   0.0102     8.40  0   good
 102  sn2006sr      Ia-norm    0.6268   5.23   0.0472   0.0096    17.60  0   good
 103  sn2003cg      Ia-norm    0.6674   5.22   0.0485   0.0100     9.80  0   good
 104  sn2005cf      Ia-norm    0.8069   5.22   0.0453   0.0097    12.10  0   good
 105  sn2006cj      Ia-norm    0.5876   5.21   0.0513   0.0104    11.00  0   good
 106  sn2005cf      Ia-norm    0.8069   5.21   0.0466   0.0101     9.40  0   good
 107  sn2003cg      Ia-norm    0.7311   5.20   0.0478   0.0098    11.00  0   good
 108  sn2007co      Ia-norm    0.6268   5.20   0.0522   0.0105     8.60  0   good
 109  sn1995ak      Ia-norm    0.6512   5.20   0.0435   0.0098    17.40  0   good
 110  sn1994D       Ia-norm    0.6769   5.19   0.0457   0.0102    16.90  0   good
 111  sn2003cg      Ia-norm    0.8069   5.18   0.0456   0.0099    15.90  0   good
 112  sn2000bk      Ia-norm    0.6417   5.18   0.0458   0.0106    11.90  0   good
 113  sn2006lf      Ia-norm    0.6363   5.17   0.0445   0.0102    16.10  0   good
 114  sn2007af      Ia-norm    0.6444   5.16   0.0472   0.0100    10.20  0   good
 115  sn1999ac      Ia-91T     0.6620   5.16   0.0482   0.0112    10.00  0   good
 116  sn2003fa      Ia-91T     0.7162   5.15   0.0460   0.0100    17.60  0   good
 117  sn1995ak      Ia-norm    0.6498   5.15   0.0442   0.0100    13.40  0   good
 118  sn2006cj      Ia-norm    0.5862   5.15   0.0516   0.0111     9.10  0   good
 119  sn1999ac      Ia-91T     0.6607   5.14   0.0473   0.0111    10.90  0   good
 120  sn2002dj      Ia-norm    0.8069   5.14   0.0531   0.0107     9.30  0   good
 121  sn2007ux      Ia-norm    0.7459   5.13   0.0432   0.0106    15.50  0   good
 122  sn2003cg      Ia-norm    0.6674   5.13   0.0494   0.0104     8.80  0   good
 123  sn2008bf      Ia-norm    0.6295   5.12   0.0521   0.0098    10.40  0   good
 124  sn2001ay      Ia-norm    0.6363   5.12   0.0536   0.0110     9.00  0   good
 125  sn1992A       Ia-norm    0.6918   5.11   0.0553   0.0105     8.20  0   good
 126  sn1990N       Ia-norm    0.8069   5.11   0.0468   0.0100    13.50  0   good
 127  sn2007ap      Ia-norm    0.6349   5.10   0.0472   0.0102    11.40  0   good
 128  sn2005hc      Ia-norm    0.6065   5.10   0.0492   0.0100    11.10  0   good
 129  sn2005na      Ia-norm    0.6241   5.09   0.0460   0.0101    15.90  0   good
 130  sn2000fa      Ia-norm    0.6485   5.07   0.0531   0.0108     9.10  0   good
 131  sn1995al      Ia-norm    0.6728   5.07   0.0563   0.0116     8.40  0   good
 132  sn2007qe      Ia-norm    0.6282   5.07   0.0572   0.0107     9.00  0   good
 133  sn2005eu      Ia-norm    0.6173   5.07   0.0516   0.0108    10.30  0   good
 134  sn1998aq      Ia-norm    0.6634   5.06   0.0460   0.0100    17.90  0   good
 135  sn2005am      Ia-norm    0.6431   5.06   0.0479   0.0104    14.80  0   good
 136  sn2000dk      Ia-norm    0.6498   5.05   0.0442   0.0104     9.60  0   good
 137  sn1998dk      Ia-norm    0.6566   5.05   0.0546   0.0107    10.20  0   good
 138  sn1999ej      Ia-norm    0.6539   5.04   0.0443   0.0104    11.00  0   good
 139  sn2002kf      Ia-norm    0.6512   5.04   0.0487   0.0104    11.80  0   good
 140  sn2003fa      Ia-91T     0.6309   5.03   0.0495   0.0105    10.70  0   good
 141  sn1998bu      Ia-norm    0.6688   5.03   0.0484   0.0102     9.40  0   good
 142  sn1999X       Ia-norm    0.6417   5.02   0.0466   0.0100    15.00  0   good
 143  sn2006cf      Ia-norm    0.6106   5.02   0.0434   0.0101    17.10  0   good
 144  sn1999ac      Ia-91T     0.6607   5.02   0.0465   0.0113    11.90  0   good
 145  sn2006le      Ia-norm    0.6349   5.02   0.0521   0.0104    10.80  0   good
 146  sn2005cf      Ia-norm    0.6458   5.02   0.0442   0.0102    16.50  0   good
 147  sn2002jg      Ia-norm    0.6539   5.01   0.0467   0.0103     9.40  0   good
 148  sn2003kf      Ia-norm    0.6552   5.01   0.0519   0.0110     8.50  0   good
 149  sn1998bu      Ia-norm    0.6688   5.01   0.0479   0.0101    10.40  0   good
 150  sn1989B       Ia-norm    0.5930   5.00   0.0442   0.0100    11.60  0   good
 151  sn2008C       Ia-norm    0.6322   5.00   0.0472   0.0106    12.30  0   good
#--- rlap cutoff
 152  sn2005hk      Ia-pec     0.5930   4.99   0.0328   0.0106    12.40  0    cut
 153  sn2002ck      Ia-norm    0.6403   4.99   0.0446   0.0102    15.70  0    cut
 154  sn1999X       Ia-norm    0.6431   4.98   0.0460   0.0102    16.00  0    cut
 155  sn2002bf      Ia-norm    0.6417   4.97   0.0564   0.0117    10.60  0    cut
 156  sn2007bm      Ia-norm    0.6471   4.97   0.0445   0.0103    12.60  0    cut
 157  sn2003du      Ia-norm    0.8069   4.96   0.0448   0.0100    16.80  0    cut
 158  sn2005kc      Ia-norm    0.6336   4.96   0.0448   0.0101    15.60  0    cut
 159  sn2006cp      Ia-norm    0.6268   4.95   0.0533   0.0110     9.30  0    cut
 160  sn2003du      Ia-norm    0.8069   4.94   0.0468   0.0101    12.70  0    cut
 161  sn1981B       Ia-norm    0.8069   4.94   0.0478   0.0106    15.40  0    cut
 162  sn2003cg      Ia-norm    0.6674   4.93   0.0479   0.0101    10.80  0    cut
 163  sn1997do      Ia-norm    0.6607   4.93   0.0526   0.0107    11.10  0    cut
 164  sn2007af      Ia-norm    0.6458   4.92   0.0467   0.0104    11.30  0    cut
 165  sn1994D       Ia-norm    0.6783   4.92   0.0462   0.0105    14.80  0    cut
 166  sn2001en      Ia-norm    0.6552   4.91   0.0542   0.0109     8.30  0    cut
 167  sn2002dp      Ia-norm    0.6390   4.91   0.0430   0.0105    16.90  0    cut
 168  sn2007ca      Ia-norm    0.6349   4.91   0.0496   0.0103    11.40  0    cut
 169  sn2008bf      Ia-norm    0.6255   4.90   0.0517   0.0100    11.40  0    cut
 170  sn2005am      Ia-norm    0.6403   4.90   0.0491   0.0107    11.80  0    cut
 171  sn2002ha      Ia-norm    0.6566   4.90   0.0472   0.0105     9.60  0    cut
 172  sn2002hd      Ia-norm    0.6363   4.90   0.0458   0.0104    12.00  0    cut
 173  sn1998bu      Ia-norm    0.6688   4.89   0.0490   0.0109     8.40  0    cut
 174  sn2005am      Ia-norm    0.6417   4.88   0.0497   0.0107    10.90  0    cut
 175  sn1997br      Ia-91T     0.8069   4.87   0.0478   0.0108    11.90  0    cut
 176  sn2002dj      Ia-norm    0.8069   4.86   0.0553   0.0112     8.00  0    cut
 177  sn1996Z       Ia-norm    0.6661   4.86   0.0539   0.0112     8.10  0    cut
 178  sn2007bm      Ia-norm    0.6471   4.86   0.0438   0.0107    15.60  0    cut
 179  sn2001bg      Ia-norm    0.6647   4.86   0.0516   0.0112    10.00  0    cut
 180  sn2003cg      Ia-norm    0.8069   4.85   0.0469   0.0102    11.90  0    cut
 181  sn2005am      Ia-norm    0.6376   4.85   0.0504   0.0108     9.90  0    cut
 182  sn2003fa      Ia-91T     0.6336   4.85   0.0471   0.0103    14.60  0    cut
 183  sn2007hj      Ia-norm    0.7581   4.85   0.0473   0.0114     8.20  0    cut
 184  sn1992A       Ia-norm    0.5591   4.85   0.0524   0.0102    15.80  0    cut
 185  sn1999ek      Ia-norm    0.6525   4.83   0.0439   0.0104    12.20  0    cut
 186  sn2007hj      Ia-norm    0.6336   4.83   0.0457   0.0110    14.20  0    cut
 187  sn1998bu      Ia-norm    0.6674   4.82   0.0475   0.0104    11.40  0    cut
 188  sn1991T       Ia-91T     0.6688   4.82   0.0506   0.0116     9.50  0    cut
 189  sn2000cn      Ia-91bg    0.6485   4.81   0.0453   0.0113    12.20  0    cut
 190  sn2007nq      Ia-norm    0.6079   4.81   0.0499   0.0111     9.20  0    cut
 191  sn2003du      Ia-norm    0.6187   4.80   0.0493   0.0104     8.80  0    cut
 192  sn2003cq      Ia-norm    0.6376   4.80   0.0452   0.0111    17.40  0    cut
 193  sn1998V       Ia-norm    0.6485   4.79   0.0466   0.0105    12.10  0    cut
 194  sn2007ca      Ia-norm    0.6322   4.78   0.0512   0.0109     9.40  0    cut
 195  sn2005M       Ia-91T     0.6255   4.78   0.0466   0.0122    10.00  0    cut
 196  sn2007kk      Ia-norm    0.6146   4.77   0.0550   0.0114     9.80  0    cut
 197  sn2007le      Ia-norm    0.6431   4.77   0.0536   0.0109     9.50  0    cut
 198  sn1998bu      Ia-norm    0.6674   4.76   0.0466   0.0105    12.40  0    cut
 199  sn1999dq      Ia-91T     0.6525   4.76   0.0454   0.0106    17.20  0    cut
 200  sn1998dm      Ia-norm    0.6647   4.76   0.0504   0.0113     9.50  0    cut
 201  sn2005ls      Ia-norm    0.6309   4.76   0.0474   0.0109    16.60  0    cut
 202  sn1998V       Ia-norm    0.6431   4.76   0.0455   0.0107    15.00  0    cut
 203  sn2007fb      Ia-norm    0.6336   4.75   0.0475   0.0106    10.60  0    cut
 204  sn2004dt      Ia-norm    0.7094   4.75   0.0515   0.0113     9.10  0    cut
 205  sn2004bd      Ia-norm    0.6593   4.74   0.0447   0.0114    18.00  0    cut
 206  sn2002dp      Ia-norm    0.6566   4.74   0.0443   0.0107    13.00  0    cut
 207  sn2007S       Ia-91T     0.6363   4.74   0.0481   0.0113    13.10  0    cut
 208  sn2005hj      Ia-91T     0.5794   4.74   0.0479   0.0101    17.40  0    cut
 209  sn2007af      Ia-norm    0.6458   4.73   0.0460   0.0107    12.30  0    cut
 210  sn2004S       Ia-norm    0.8069   4.73   0.0436   0.0111    13.30  0    cut
 211  sn2002dj      Ia-norm    0.8069   4.73   0.0493   0.0112    12.30  0    cut
 212  sn1997br      Ia-91T     0.6661   4.72   0.0489   0.0112     9.90  0    cut
 213  sn1998dk      Ia-norm    0.6566   4.72   0.0536   0.0112    11.10  0    cut
 214  sn2001bf      Ia-norm    0.6512   4.71   0.0428   0.0105    12.50  0    cut
 215  sn2002kf      Ia-norm    0.6525   4.71   0.0473   0.0108    13.90  0    cut
 216  sn2001eh      Ia-91T     0.8069   4.70   0.0529   0.0125     8.60  0    cut
 217  sn1990N       Ia-norm    0.6593   4.69   0.0462   0.0104    16.70  0    cut
 218  sn2003fa      Ia-91T     0.6295   4.69   0.0486   0.0109    11.60  0    cut
 219  sn2002dj      Ia-norm    0.6620   4.69   0.0535   0.0117     9.50  0    cut
 220  sn1997bq      Ia-norm    0.6634   4.68   0.0522   0.0121     9.20  0    cut
 221  sn1999ac      Ia-91T     0.8069   4.68   0.0429   0.0118    16.80  0    cut
 222  sn2006bt      Ia-norm    0.6227   4.67   0.0429   0.0116    16.30  0    cut
 223  sn2006D       Ia-norm    0.8069   4.67   0.0477   0.0113    12.50  0    cut
 224  sn1998dm      Ia-norm    0.6647   4.67   0.0485   0.0108    12.40  0    cut
 225  sn2004S       Ia-norm    0.8069   4.67   0.0439   0.0114    13.90  0    cut
 226  sn2002bf      Ia-norm    0.6431   4.67   0.0514   0.0122    16.40  0    cut
 227  sn2002jy      Ia-norm    0.6485   4.66   0.0510   0.0114     9.90  0    cut
 228  sn1998V       Ia-norm    0.6458   4.66   0.0461   0.0108    13.10  0    cut
 229  sn2006lf      Ia-norm    0.6403   4.65   0.0474   0.0110     9.30  0    cut
 230  sn2004eo      Ia-norm    0.8069   4.65   0.0439   0.0110    14.70  0    cut
 231  sn1989B       Ia-norm    0.5943   4.64   0.0438   0.0104    13.60  0    cut
 232  sn2002ck      Ia-norm    0.6417   4.64   0.0458   0.0108    11.90  0    cut
 233  sn1998eg      Ia-norm    0.5578   4.64   0.0446   0.0104    16.80  0    cut
 234  sn2004at      Ia-norm    0.6471   4.64   0.0450   0.0109    17.80  0    cut
 235  sn2005eu      Ia-norm    0.6187   4.63   0.0526   0.0124     8.30  0    cut
 236  sn2002er      Ia-norm    0.5876   4.63   0.0502   0.0111    11.80  0    cut
 237  sn1992A       Ia-norm    0.6173   4.63   0.0553   0.0109    11.20  0    cut
 238  sn1999gh      Ia-norm    0.6634   4.63   0.0476   0.0120     8.40  0    cut
 239  sn1999gh      Ia-norm    0.6634   4.62   0.0469   0.0119     9.40  0    cut
 240  sn2003it      Ia-norm    0.6431   4.61   0.0515   0.0113     8.50  0    cut
 241  sn2006N       Ia-norm    0.6403   4.61   0.0469   0.0109    11.60  0    cut
 242  sn2008bf      Ia-norm    0.6268   4.60   0.0505   0.0107    13.30  0    cut
 243  sn2007le      Ia-norm    0.6431   4.60   0.0524   0.0112    10.40  0    cut
 244  sn2007co      Ia-norm    0.6268   4.59   0.0501   0.0115    10.50  0    cut
 245  sn2001V       Ia-91T     0.6552   4.58   0.0526   0.0117     9.50  0    cut
 246  sn2001bf      Ia-norm    0.8069   4.58   0.0465   0.0122     8.70  0    cut
 247  sn2002dj      Ia-norm    0.6607   4.58   0.0475   0.0117    16.40  0    cut
 248  sn1998bu      Ia-norm    0.6674   4.58   0.0459   0.0109    13.40  0    cut
 249  sn2001G       Ia-norm    0.6539   4.57   0.0506   0.0110    11.60  0    cut
 250  sn1997do      Ia-norm    0.6607   4.57   0.0516   0.0114    12.10  0    cut
 251  sn1999gh      Ia-norm    0.6620   4.56   0.0461   0.0119    11.40  0    cut
 252  sn2008Z       Ia-norm    0.6322   4.56   0.0521   0.0111    10.30  0    cut
 253  sn2007fb      Ia-norm    0.6336   4.56   0.0462   0.0109    14.50  0    cut
 254  sn2007fb      Ia-norm    0.6322   4.56   0.0467   0.0108    12.60  0    cut
 255  sn1991T       Ia-91T     0.6931   4.55   0.0463   0.0102    17.30  0    cut
 256  sn2007S       Ia-91T     0.6376   4.55   0.0490   0.0118    12.10  0    cut
 257  sn2002fk      Ia-norm    0.6620   4.55   0.0463   0.0115     9.40  0    cut
 258  sn1994D       Ia-norm    0.6769   4.54   0.0468   0.0111    12.80  0    cut
 259  sn1994M       Ia-norm    0.8069   4.54   0.0502   0.0111    11.50  0    cut
 260  sn2001ck      Ia-norm    0.6349   4.53   0.0451   0.0112    16.30  0    cut
 261  sn2003it      Ia-norm    0.6431   4.53   0.0504   0.0113     9.50  0    cut
 262  sn1994D       Ia-norm    0.6755   4.51   0.0474   0.0112    10.80  0    cut
 263  sn2001en      Ia-norm    0.6539   4.51   0.0517   0.0114    10.20  0    cut
 264  sn2008bf      Ia-norm    0.6268   4.51   0.0488   0.0108    16.20  0    cut
 265  sn1996X       Ia-norm    0.4806   4.51   0.0476   0.0102    11.90  0    cut
 266  sn2003du      Ia-norm    0.6634   4.50   0.0449   0.0109    17.90  0    cut
 267  sn1992A       Ia-norm    0.6485   4.50   0.0526   0.0113    16.80  0    cut
 268  sn1999gh      Ia-norm    0.6566   4.49   0.0457   0.0120    12.40  0    cut
 269  sn2000cn      Ia-91bg    0.6444   4.49   0.0459   0.0122    10.20  0    cut
 270  sn2003fa      Ia-91T     0.6282   4.49   0.0476   0.0111    13.50  0    cut
 271  sn1999ac      Ia-91T     0.8069   4.47   0.0440   0.0122    11.80  0    cut
 272  sn1991T       Ia-91T     0.6674   4.47   0.0468   0.0117    14.50  0    cut
 273  sn2006ac      Ia-norm    0.6282   4.46   0.0477   0.0116    18.00  0    cut
 274  sn1995E       Ia-norm    0.7757   4.46   0.0489   0.0113     8.90  0    cut
 275  sn1998dx      Ia-norm    0.6106   4.45   0.0480   0.0119    12.50  0    cut
 276  sn2006H       Ia-91bg    0.6349   4.45   0.0460   0.0130     9.60  0    cut
 277  sn2006lf      Ia-norm    0.6376   4.45   0.0463   0.0115    11.30  0    cut
 278  sn1999aa      Ia-91T     0.8069   4.44   0.0456   0.0113    14.50  0    cut
 279  sn2007ca      Ia-norm    0.6376   4.44   0.0483   0.0110    13.30  0    cut
 280  sn2003fa      Ia-91T     0.6309   4.43   0.0455   0.0110    17.30  0    cut
 281  sn2001V       Ia-91T     0.6552   4.43   0.0517   0.0119    10.50  0    cut
 282  sn2003kf      Ia-norm    0.6552   4.43   0.0502   0.0115    10.40  0    cut
 283  sn2007fb      Ia-norm    0.6336   4.43   0.0461   0.0111    13.60  0    cut
 284  sn2003du      Ia-norm    0.6634   4.43   0.0454   0.0110    16.00  0    cut
 285  sn2002dj      Ia-norm    0.7811   4.41   0.0473   0.0119    16.20  0    cut
 286  sn2003fa      Ia-91T     0.6295   4.41   0.0508   0.0127     8.70  0    cut
 287  sn2007co      Ia-norm    0.6268   4.40   0.0496   0.0117    11.50  0    cut
 288  sn2003hu      Ia-91T     0.5984   4.38   0.0526   0.0139     8.40  0    cut
 289  sn2002jy      Ia-norm    0.6512   4.38   0.0522   0.0129     8.00  0    cut
 290  sn2001ck      Ia-norm    0.6349   4.37   0.0463   0.0113    14.40  0    cut
 291  sn2005eq      Ia-91T     0.6241   4.37   0.0465   0.0114    14.00  0    cut
 292  sn2006lf      Ia-norm    0.6349   4.36   0.0454   0.0115    13.20  0    cut
 293  sn2005mz      Ia-91bg    0.6309   4.36   0.0431   0.0132    10.20  0    cut
 294  sn1995D       Ia-norm    0.5970   4.36   0.0509   0.0117     9.50  0    cut
 295  sn2000fa      Ia-norm    0.6485   4.35   0.0510   0.0119    11.10  0    cut
 296  sn2003kc      Ia-norm    0.6268   4.35   0.0474   0.0119    14.60  0    cut
 297  sn2003fa      Ia-91T     0.6295   4.34   0.0456   0.0112    16.50  0    cut
 298  sn1998es      Ia-91T     0.6309   4.34   0.0450   0.0113    17.30  0    cut
 299  sn2007F       Ia-norm    0.6268   4.33   0.0459   0.0112    17.60  0    cut
 300  sn2004bg      Ia-norm    0.6444   4.32   0.0480   0.0117    10.50  0    cut
 301  sn1998dm      Ia-norm    0.6647   4.31   0.0471   0.0113    14.40  0    cut
 302  sn1994Q       Ia-norm    0.8069   4.31   0.0449   0.0115    11.60  0    cut
 303  sn2006ac      Ia-norm    0.6295   4.30   0.0531   0.0121     9.00  0    cut
 304  sn2003kf      Ia-norm    0.6634   4.29   0.0464   0.0113    17.40  0    cut
 305  sn1994D       Ia-norm    0.6539   4.29   0.0457   0.0114    16.70  0    cut
 306  sn1996Z       Ia-norm    0.6661   4.29   0.0518   0.0122    10.10  0    cut
 307  sn2000cn      Ia-91bg    0.6458   4.29   0.0472   0.0127     8.30  0    cut
 308  sn2006lf      Ia-norm    0.6390   4.27   0.0466   0.0117    10.30  0    cut
 309  sn2003kf      Ia-norm    0.6634   4.24   0.0467   0.0116    15.40  0    cut
 310  sn1998dm      Ia-norm    0.6661   4.23   0.0457   0.0115    17.40  0    cut
 311  sn2006le      Ia-norm    0.6322   4.23   0.0500   0.0121    12.80  0    cut
 312  sn2006hb      Ia-91bg    0.6349   4.23   0.0452   0.0130    11.70  0    cut
 313  sn2005gj      Ia-csm     0.5848   4.23   0.0450   0.0137    17.90  0    cut
 314  sn2005eq      Ia-91T     0.6255   4.22   0.0450   0.0114    16.90  0    cut
 315  sn1997E       Ia-norm    0.6579   4.21   0.0458   0.0120    11.20  0    cut
 316  sn1997bq      Ia-norm    0.6620   4.20   0.0500   0.0131    11.20  0    cut
 317  sn2001en      Ia-norm    0.6539   4.20   0.0499   0.0119    12.20  0    cut
 318  sn2006ac      Ia-norm    0.6255   4.20   0.0524   0.0123    10.00  0    cut
 319  sn2002bo      Ia-norm    0.6607   4.20   0.0469   0.0125    17.50  0    cut
 320  sn2003fa      Ia-91T     0.6295   4.20   0.0467   0.0116    15.50  0    cut
 321  sn2001V       Ia-91T     0.6552   4.20   0.0506   0.0124    11.30  0    cut
 322  sn2006H       Ia-91bg    0.6336   4.19   0.0462   0.0140    10.40  0    cut
 323  sn1995D       Ia-norm    0.5970   4.19   0.0497   0.0117    11.50  0    cut
 324  sn1998es      Ia-91T     0.6255   4.19   0.0454   0.0116    16.30  0    cut
 325  sn2000fa      Ia-norm    0.6512   4.18   0.0465   0.0123    18.00  0    cut
 326  sn2002fk      Ia-norm    0.6620   4.18   0.0472   0.0130     8.30  0    cut
 327  sn1997do      Ia-norm    0.6593   4.18   0.0501   0.0123    14.20  0    cut
 328  sn2003ch      Ia-norm    0.6471   4.17   0.0429   0.0119    13.50  0    cut
 329  sn2007le      Ia-norm    0.6431   4.17   0.0519   0.0121    11.40  0    cut
 330  sn1998es      Ia-91T     0.6255   4.16   0.0462   0.0116    14.30  0    cut
 331  sn1997bq      Ia-norm    0.8069   4.16   0.0491   0.0131    12.20  0    cut
 332  sn2006H       Ia-91bg    0.6295   4.16   0.0465   0.0136    11.40  0    cut
 333  sn1996ai      Ia-norm    0.6674   4.15   0.0459   0.0116    15.10  0    cut
 334  sn2003kf      Ia-norm    0.6647   4.15   0.0473   0.0117    14.40  0    cut
 335  sn2006ac      Ia-norm    0.6295   4.15   0.0486   0.0123    15.00  0    cut
 336  sn2006hb      Ia-91bg    0.6376   4.15   0.0453   0.0134    10.70  0    cut
 337  sn2001V       Ia-91T     0.6552   4.14   0.0498   0.0124    12.50  0    cut
 338  sn2002kf      Ia-norm    0.6525   4.13   0.0516   0.0133     8.00  0    cut
 339  sn2000B       Ia-norm    0.6485   4.13   0.0533   0.0126    13.60  0    cut
 340  sn1999aa      Ia-91T     0.6552   4.12   0.0458   0.0120    16.60  0    cut
 341  sn2005lu      Ia-norm    0.6214   4.12   0.0493   0.0124    16.60  0    cut
 342  sn1997do      Ia-norm    0.6607   4.12   0.0496   0.0125    15.30  0    cut
 343  sn1999ef      Ia-norm    0.6309   4.11   0.0508   0.0118     9.60  0    cut
 344  sn1995al      Ia-norm    0.8069   4.11   0.0474   0.0125    16.40  0    cut
 345  sn2001bg      Ia-norm    0.6566   4.10   0.0480   0.0126    14.00  0    cut
 346  sn2002bf      Ia-norm    0.6403   4.10   0.0548   0.0133    11.70  0    cut
 347  sn2002bo      Ia-norm    0.6620   4.10   0.0474   0.0128    16.40  0    cut
 348  sn1997cn      Ia-91bg    0.6552   4.08   0.0443   0.0140    11.90  0    cut
 349  sn1995D       Ia-norm    0.5970   4.08   0.0474   0.0118    14.50  0    cut
 350  sn1999ee      Ia-norm    0.8069   4.08   0.0458   0.0128    15.70  0    cut
 351  sn1994D       Ia-norm    0.7987   4.08   0.0463   0.0113     9.60  0    cut
 352  sn2004bg      Ia-norm    0.6471   4.07   0.0466   0.0120    12.50  0    cut
 353  sn2007sr      Ia-norm    0.6431   4.07   0.0468   0.0125    17.50  0    cut
 354  sn2008Z       Ia-norm    0.6309   4.07   0.0509   0.0117    12.30  0    cut
 355  sn1998dk      Ia-norm    0.6579   4.07   0.0517   0.0125    13.10  0    cut
 356  sn1995al      Ia-norm    0.6728   4.07   0.0531   0.0133    10.40  0    cut
 357  sn1998bp      Ia-norm    0.6593   4.07   0.0439   0.0129    12.90  0    cut
 358  sn2002bo      Ia-norm    0.6661   4.07   0.0520   0.0131    10.40  0    cut
 359  sn2007qe      Ia-norm    0.6268   4.06   0.0548   0.0126    10.90  0    cut
 360  sn2003hv      Ia-norm    0.6241   4.06   0.0460   0.0114    11.20  0    cut
 361  sn2002hw      Ia-norm    0.5848   4.06   0.0447   0.0119    17.50  0    cut
 362  sn1998ec      Ia-norm    0.6485   4.06   0.0500   0.0128    11.70  0    cut
 363  sn1994M       Ia-norm    0.7906   4.06   0.0499   0.0121    12.50  0    cut
 364  sn2001V       Ia-91T     0.6552   4.05   0.0489   0.0125    13.50  0    cut
 365  sn1999aa      Ia-91T     0.6552   4.05   0.0463   0.0122    15.60  0    cut
 366  sn2000fa      Ia-norm    0.6485   4.05   0.0472   0.0126    16.00  0    cut
 367  sn1994ae      Ia-norm    0.5903   4.05   0.0502   0.0120     9.90  0    cut
 368  sn2001en      Ia-norm    0.6512   4.05   0.0489   0.0122    14.10  0    cut
 369  sn2001cp      Ia-norm    0.6444   4.05   0.0458   0.0119    16.50  0    cut
 370  sn2002jy      Ia-norm    0.6458   4.04   0.0454   0.0118    17.80  0    cut
 371  sn2007ax      Ia-91bg    0.6431   4.04   0.0448   0.0134    17.00  0    cut
 372  sn2007ci      Ia-norm    0.6322   4.03   0.0456   0.0127    12.50  0    cut
 373  sn2006le      Ia-norm    0.6336   4.03   0.0491   0.0125    13.80  0    cut
 374  sn2008Z       Ia-norm    0.6282   4.03   0.0477   0.0117    17.20  0    cut
 375  sn2002cx      Ia-pec     0.5226   4.02   0.0350   0.0106    15.20  0    cut
 376  sn2003kf      Ia-norm    0.6512   4.02   0.0479   0.0121    13.40  0    cut
 377  sn1999aa      Ia-91T     0.6552   4.01   0.0468   0.0122    14.60  0    cut
 378  sn2002bf      Ia-norm    0.6431   4.01   0.0519   0.0134    15.50  0    cut
 379  sn1996Z       Ia-norm    0.6661   4.00   0.0486   0.0129    14.00  0    cut
 380  sn2002bo      Ia-norm    0.6620   4.00   0.0477   0.0130    15.40  0    cut
 381  sn2007sr      Ia-norm    0.6417   3.99   0.0472   0.0127    16.50  0    cut
 382  sn1999ac      Ia-91T     0.8069   3.98   0.0497   0.0134     8.80  0    cut
 383  sn2003du      Ia-norm    0.8069   3.98   0.0493   0.0121     9.80  0    cut
 384  sn2000fa      Ia-norm    0.6512   3.98   0.0484   0.0127    14.00  0    cut
 385  sn2002bf      Ia-norm    0.6431   3.97   0.0503   0.0133    17.50  0    cut
 386  sn1994ae      Ia-norm    0.5916   3.97   0.0507   0.0123     9.00  0    cut
 387  sn2006hb      Ia-91bg    0.6363   3.96   0.0464   0.0142     9.70  0    cut
 388  sn2005ke      Ia-91bg    0.6471   3.96   0.0464   0.0154     8.40  0    cut
 389  sn2001az      Ia-91T     0.6282   3.96   0.0459   0.0127    18.00  0    cut
 390  sn1999aa      Ia-91T     0.6539   3.95   0.0476   0.0123    13.60  0    cut
 391  sn2002er      Ia-norm    0.8069   3.94   0.0439   0.0127     8.80  0    cut
 392  sn2006ac      Ia-norm    0.6268   3.93   0.0514   0.0128    11.00  0    cut
 393  sn2007al      Ia-91bg    0.6417   3.93   0.0477   0.0152    11.30  0    cut
 394  sn2002jy      Ia-norm    0.6485   3.92   0.0464   0.0122    15.80  0    cut
 395  sn1996bo      Ia-norm    0.6552   3.91   0.0521   0.0130     9.20  0    cut
 396  sn2007al      Ia-91bg    0.6376   3.91   0.0504   0.0169    10.20  0    cut
 397  sn2007le      Ia-norm    0.6444   3.90   0.0510   0.0127    12.40  0    cut
 398  sn2004fu      Ia-norm    0.6458   3.90   0.0464   0.0125    15.30  0    cut
 399  sn2002bo      Ia-norm    0.6647   3.90   0.0491   0.0134    13.50  0    cut
 400  sn2007sr      Ia-norm    0.6485   3.89   0.0483   0.0130    14.50  0    cut
 401  sn2007sr      Ia-norm    0.6458   3.89   0.0476   0.0130    15.60  0    cut
 402  sn2002bo      Ia-norm    0.6620   3.88   0.0484   0.0134    14.50  0    cut
 403  sn1996bo      Ia-norm    0.6552   3.85   0.0505   0.0131    11.10  0    cut
 404  sn2002bo      Ia-norm    0.6661   3.85   0.0499   0.0136    12.50  0    cut
 405  sn2002bf      Ia-norm    0.6431   3.83   0.0542   0.0138    12.60  0    cut
 406  sn2002bo      Ia-norm    0.6661   3.83   0.0505   0.0136    11.60  0    cut
 407  sn2007bz      Ia-norm    0.6295   3.83   0.0465   0.0122    17.00  0    cut
 408  sn2007le      Ia-norm    0.6458   3.82   0.0478   0.0131    17.40  0    cut
 409  sn1998dk      Ia-norm    0.6566   3.82   0.0495   0.0132    16.10  0    cut
 410  sn2006le      Ia-norm    0.6349   3.82   0.0484   0.0129    14.70  0    cut
 411  sn1999ee      Ia-norm    0.8069   3.80   0.0506   0.0141    10.60  0    cut
 412  sn1996bl      Ia-norm    0.6363   3.80   0.0484   0.0132    13.30  0    cut
 413  sn2006hb      Ia-91bg    0.6349   3.79   0.0472   0.0153     8.70  0    cut
 414  sn1995bd      Ia-91T     0.6593   3.79   0.0537   0.0135    10.60  0    cut
 415  sn2007le      Ia-norm    0.6444   3.78   0.0493   0.0132    14.40  0    cut
 416  sn2006le      Ia-norm    0.6349   3.78   0.0475   0.0130    16.70  0    cut
 417  sn2006X       Ia-norm    0.6444   3.78   0.0589   0.0139     8.20  0    cut
 418  sn2005mz      Ia-91bg    0.6349   3.78   0.0438   0.0148    12.10  0    cut
 419  sn2007le      Ia-norm    0.6444   3.77   0.0501   0.0131    13.40  0    cut
 420  sn2002bf      Ia-norm    0.6431   3.77   0.0535   0.0139    13.50  0    cut
 421  sn2007jg      Ia-norm    0.6173   3.77   0.0487   0.0135    13.10  0    cut
 422  sn2007le      Ia-norm    0.6444   3.76   0.0482   0.0133    16.40  0    cut
 423  sn2007le      Ia-norm    0.6444   3.76   0.0488   0.0132    15.40  0    cut
 424  sn2006cj      Ia-norm    0.5876   3.76   0.0523   0.0139     8.20  0    cut
 425  sn2001gc      Ia-norm    0.6512   3.72   0.0534   0.0143    13.30  0    cut
 426  sn2006ac      Ia-norm    0.6282   3.71   0.0498   0.0134    12.90  0    cut
 427  sn2002do      Ia-norm    0.6525   3.70   0.0457   0.0148    16.70  0    cut
 428  sn2006eu      Ia-norm    0.6282   3.68   0.0479   0.0157     8.00  0    cut
 429  sn1995al      Ia-norm    0.6647   3.66   0.0473   0.0140    16.40  0    cut
 430  sn1997cn      Ia-91bg    0.6539   3.66   0.0471   0.0153    10.90  0    cut
 431  sn1995al      Ia-norm    0.6715   3.65   0.0498   0.0141    13.30  0    cut
 432  sn2006H       Ia-91bg    0.6349   3.64   0.0455   0.0148    13.40  0    cut
 433  sn1995al      Ia-norm    0.6701   3.64   0.0479   0.0141    15.40  0    cut
 434  sn1994ae      Ia-norm    0.8069   3.63   0.0522   0.0137     8.00  0    cut
 435  sn2002bf      Ia-norm    0.6444   3.63   0.0516   0.0143    14.60  0    cut
 436  sn1984A       Ia-norm    0.5361   3.63   0.0585   0.0142     8.10  0    cut
 437  sn1984A       Ia-norm    0.5266   3.63   0.0511   0.0137    17.00  0    cut
 438  sn1997cn      Ia-91bg    0.6566   3.60   0.0446   0.0141    14.00  0    cut
 439  sn2006al      Ia-norm    0.5876   3.60   0.0497   0.0135     9.10  0    cut
 440  sn2006H       Ia-91bg    0.6376   3.58   0.0451   0.0145    14.30  0    cut
 441  sn2002es      Ia-91bg    0.6498   3.55   0.0359   0.0154    11.00  0    cut
 442  sn2007ax      Ia-91bg    0.6444   3.51   0.0465   0.0167    10.00  0    cut
 443  sn1998bp      Ia-norm    0.6607   3.50   0.0443   0.0138    14.80  0    cut
 444  sn2006H       Ia-91bg    0.6363   3.44   0.0453   0.0153    12.40  0    cut
 445  sn2005gj      Ia-csm     0.5848   3.44   0.0482   0.0174    10.40  0    cut
 446  sn1997cn      Ia-91bg    0.6539   3.44   0.0453   0.0139    15.00  0    cut
 447  sn2002es      Ia-91bg    0.6498   3.42   0.0367   0.0162     9.00  0    cut
 448  sn2003hv      Ia-norm    0.8069   3.40   0.0470   0.0150     8.20  0    cut
 449  sn1997cn      Ia-91bg    0.6525   3.40   0.0453   0.0138    15.80  0    cut
 450  sn2006X       Ia-norm    0.6431   3.39   0.0557   0.0151    10.30  0    cut
 451  sn2005mz      Ia-91bg    0.6282   3.37   0.0429   0.0146    18.00  0    cut
 452  sn2005ke      Ia-91bg    0.6403   3.35   0.0463   0.0171    10.40  0    cut
 453  sn1997cn      Ia-91bg    0.6539   3.34   0.0450   0.0149    13.00  0    cut
 454  sn2006X       Ia-norm    0.6471   3.31   0.0500   0.0153    17.10  0    cut
 455  sn2005ke      Ia-91bg    0.6485   3.29   0.0459   0.0171    11.40  0    cut
 456  sn2007bj      Ia-norm    0.6363   3.23   0.0491   0.0142    14.90  0    cut
 457  sn2006X       Ia-norm    0.6444   3.21   0.0546   0.0157    11.20  0    cut
 458  sn2001E       Ia-norm    0.6498   3.21   0.0539   0.0154    14.60  0    cut
 459  sn2007ci      Ia-norm    0.6349   3.20   0.0452   0.0150    16.50  0    cut
 460  sn2005ke      Ia-91bg    0.6485   3.17   0.0456   0.0172    13.40  0    cut
 461  sn2006X       Ia-norm    0.6458   3.16   0.0533   0.0158    12.30  0    cut
 462  sn1997cn      Ia-91bg    0.6566   3.14   0.0437   0.0151    17.90  0    cut
 463  sn2006H       Ia-91bg    0.6322   3.11   0.0457   0.0168    15.30  0    cut
 464  sn2005hj      Ia-91T     0.5835   3.10   0.0497   0.0135     9.90  0    cut
 465  sn2006X       Ia-norm    0.6458   3.10   0.0523   0.0160    13.30  0    cut
 466  sn2006X       Ia-norm    0.6458   3.09   0.0515   0.0160    14.20  0    cut
 467  sn1991bg      Ia-91bg    0.6539   3.07   0.0460   0.0175    14.10  0    cut
 468  sn2006H       Ia-91bg    0.6349   2.95   0.0459   0.0173    16.30  0    cut
 469  sn2005bl      Ia-91bg    0.8069   2.95   0.0497   0.0198    12.60  0    cut
 470  sn2006H       Ia-91bg    0.6336   2.92   0.0449   0.0160    17.30  0    cut
 471  sn2002cd      Ia-norm    0.6552   2.81   0.0542   0.0169    15.10  0    cut
 472  sn2007al      Ia-91bg    0.8069   2.75   0.0536   0.0220    10.10  0    cut
 473  sn2007bj      Ia-norm    0.6336   2.74   0.0520   0.0156    12.00  0    cut
 474  sn2002cd      Ia-norm    0.6593   2.59   0.0520   0.0179    18.00  0    cut
 475  sn2007ax      Ia-91bg    0.7960   2.59   0.0452   0.0210    15.90  0    cut
 476  sn2005cc      Ia-pec     0.6282   2.59   0.0345   0.0176    14.70  0    cut
 477  sn2002fb      Ia-91bg    0.6552   2.52   0.0505   0.0244    17.00  0    cut
 478  sn1991bg      Ia-91bg    0.7229   2.20   0.0450   0.0174    18.00  0    cut
 479  sn2005cc      Ia-pec     0.6444   2.17   0.0330   0.0191    17.40  0    cut
 480  sn2000cx      Ia-pec     0.6200   1.80   0.0540   0.0244    13.60  0    cut
 481  sn2000cx      Ia-pec     0.6214   1.50   0.0587   0.0297    10.60  0    cut
 482  sn1991bg      Ia-91bg    0.7013   1.48   0.0442   0.0216    15.80  0    cut
 483  sn2000cx      Ia-pec     0.6227   1.47   0.0675   0.0325     8.60  0    cut
