### SNID output file ###
 
### input spectrum and options ###
# Input spectrum                 : 15648_9.40.dat
# Parameter file                 : NA
# Wavelength range               :    4000.00   9000.00
# Mask file                      : NA
# Median filtering width [A]     : NA
# Median filtering width [pix]   :       1.00
# Clip emission redshift         :     0.1738
# Clip sky lines                 : 0
# Emission clip width [A]        :       0.17
# Keep A-band                    : 1
# Age range                      :       4.40     14.40
# Delta range                    :      -9.99     99.90
# Min. number of spectra/template:   1
# Use only templates             : NA
# Use only types                 : Ia
# Avoid templates                : NA
# Avoid types                    : NA
# rlapmin                        :       5.00
# Redshift range                 :    -0.0100    1.2000
# Forced initial redshift        :     0.1738
# Extra fake redshift            : NA
# Nsigma for initial redshift    : NA
# Redshift filter                :     0.0200
# Wavenumbers k1,k2,k3,k4        :     1    4   85  102
# Template directory             : /home/djperrefort/snid-5.0/templates-2.0/
 
### initial/user-input redshift ###
zinit       0.0000
zuser       0.1738
 
### median redshift/age and error ###
zmed        0.1781    0.0051
agem          9.40      2.57
 
### type fraction/redshift/age ###
#type ntemp fraction slope redshift redshift_error age age_error
Ia            264      1.00    0.0000    0.1781    0.0051     9.400     2.567
Ia-norm       231      0.88    0.0330    0.1784    0.0049     9.400     2.553
Ia-91T         12      0.05   -0.0298    0.1758    0.0032    10.450     1.970
Ia-91bg        14      0.05    0.0071    0.1737    0.0029     8.500     2.738
Ia-csm          0      0.00    0.0000    0.0000    0.0000     0.000     0.000
Ia-pec          7      0.03   -0.0135    0.1701    0.0011    10.300     2.612
###
Ib              0      0.00    0.0000    0.0000    0.0000     0.000     0.000
Ib-norm         0      0.00    0.0000    0.0000    0.0000     0.000     0.000
Ib-pec          0      0.00    0.0000    0.0000    0.0000     0.000     0.000
IIb             0      0.00    0.0000    0.0000    0.0000     0.000     0.000
###
Ic              0      0.00    0.0000    0.0000    0.0000     0.000     0.000
Ic-norm         0      0.00    0.0000    0.0000    0.0000     0.000     0.000
Ic-pec          0      0.00    0.0000    0.0000    0.0000     0.000     0.000
Ic-broad        0      0.00    0.0000    0.0000    0.0000     0.000     0.000
###
II              0      0.00    0.0000    0.0000    0.0000     0.000     0.000
IIP             0      0.00    0.0000    0.0000    0.0000     0.000     0.000
II-pec          0      0.00    0.0000    0.0000    0.0000     0.000     0.000
IIn             0      0.00    0.0000    0.0000    0.0000     0.000     0.000
IIL             0      0.00    0.0000    0.0000    0.0000     0.000     0.000
###
NotSN           0      0.00    0.0000    0.0000    0.0000     0.000     0.000
AGN             0      0.00    0.0000    0.0000    0.0000     0.000     0.000
Gal             0      0.00    0.0000    0.0000    0.0000     0.000     0.000
LBV             0      0.00    0.0000    0.0000    0.0000     0.000     0.000
M-star          0      0.00    0.0000    0.0000    0.0000     0.000     0.000
 
### rlap-ordered template listings ###
#no. sn type lap rlap z zerr age age_flag grade
   1  sn2002eu      Ia-norm    0.6837   8.11   0.1759   0.0063    10.70  0   good
   2  sn1999bh      Ia-91bg    0.6390   7.98   0.1664   0.0071     5.10  0   good
   3  sn2002eu      Ia-norm    0.6850   7.93   0.1783   0.0066     7.80  0   good
   4  sn1999gh      Ia-norm    0.6999   7.67   0.1773   0.0071     6.50  0   good
   5  sn1999gh      Ia-norm    0.6986   7.56   0.1784   0.0071     5.50  0   good
   6  sn1999gh      Ia-norm    0.6999   7.49   0.1763   0.0072     7.40  0   good
   7  sn2002jg      Ia-norm    0.6972   7.43   0.1757   0.0070     9.40  0   good
   8  sn2000bk      Ia-norm    0.6931   7.32   0.1733   0.0074    11.90  0   good
   9  sn2007hj      Ia-norm    0.6877   7.25   0.1772   0.0075     7.30  0   good
  10  sn1989B       Ia-norm    0.6024   7.24   0.1722   0.0075    12.60  0   good
  11  sn1989B       Ia-norm    0.6444   7.21   0.1731   0.0075    11.60  0   good
  12  sn1999gh      Ia-norm    0.6999   7.17   0.1753   0.0075     8.40  0   good
  13  sn2007hj      Ia-norm    0.6850   7.12   0.1784   0.0075     6.30  0   good
  14  sn2004S       Ia-norm    0.7419   7.08   0.1714   0.0078    13.30  0   good
  15  sn1989B       Ia-norm    0.6024   7.02   0.1746   0.0075    10.60  0   good
  16  sn2001fh      Ia-norm    0.6959   7.00   0.1738   0.0078     9.10  0   good
  17  sn2001ep      Ia-norm    0.7338   6.96   0.1756   0.0078     7.80  0   good
  18  sn2005mc      Ia-norm    0.6783   6.92   0.1777   0.0075     5.60  0   good
  19  sn2000dk      Ia-norm    0.7013   6.88   0.1722   0.0080     9.60  0   good
  20  sn2001fh      Ia-norm    0.6959   6.82   0.1756   0.0081     7.20  0   good
  21  sn1997Y       Ia-norm    0.6972   6.80   0.1788   0.0082     6.90  0   good
  22  sn2002er      Ia-norm    0.6390   6.75   0.1807   0.0081    11.80  0   good
  23  sn2001N       Ia-norm    0.6945   6.73   0.1823   0.0079    10.40  0   good
  24  sn2002dl      Ia-91bg    0.6972   6.73   0.1704   0.0083    10.30  0   good
  25  sn2000cn      Ia-91bg    0.6972   6.71   0.1754   0.0083     8.30  0   good
  26  sn1999gh      Ia-norm    0.6999   6.68   0.1743   0.0081     9.40  0   good
  27  sn1998co      Ia-norm    0.6986   6.67   0.1778   0.0077     6.90  0   good
  28  sn2005cf      Ia-norm    0.7419   6.67   0.1722   0.0082    14.10  0   good
  29  sn2001N       Ia-norm    0.6891   6.64   0.1831   0.0081     9.40  0   good
  30  sn2007nq      Ia-norm    0.6552   6.63   0.1798   0.0080     9.20  0   good
  31  sn2000cu      Ia-norm    0.6972   6.63   0.1784   0.0078     7.30  0   good
  32  sn2001N       Ia-norm    0.6918   6.62   0.1804   0.0083    11.50  0   good
  33  sn2002er      Ia-norm    0.7419   6.60   0.1776   0.0084    10.00  0   good
  34  sn1996bo      Ia-norm    0.7080   6.60   0.1858   0.0085     5.20  0   good
  35  sn1999ej      Ia-norm    0.6959   6.58   0.1725   0.0082    11.00  0   good
  36  sn2005cf      Ia-norm    0.7419   6.58   0.1735   0.0084    12.10  0   good
  37  sn2005cf      Ia-norm    0.7419   6.56   0.1736   0.0085    12.20  0   good
  38  sn1999ac      Ia-91T     0.7419   6.55   0.1696   0.0084    11.80  0   good
  39  sn2007ap      Ia-norm    0.6864   6.53   0.1764   0.0082    11.40  0   good
  40  sn2004eo      Ia-norm    0.7419   6.51   0.1746   0.0082     7.80  0   good
  41  sn2001ep      Ia-norm    0.7419   6.51   0.1751   0.0082     7.70  0   good
  42  sn1999ej      Ia-norm    0.6999   6.51   0.1756   0.0081     8.10  0   good
  43  sn2007hj      Ia-norm    0.7419   6.46   0.1751   0.0084     8.20  0   good
  44  sn2004S       Ia-norm    0.7419   6.46   0.1722   0.0083    13.90  0   good
  45  sn2008C       Ia-norm    0.7419   6.43   0.1776   0.0084    10.30  0   good
  46  sn2000cn      Ia-91bg    0.6959   6.42   0.1731   0.0088    10.20  0   good
  47  sn2004as      Ia-norm    0.6904   6.40   0.1827   0.0083     7.60  0   good
  48  sn1984A       Ia-norm    0.5361   6.40   0.1881   0.0087     8.10  0   good
  49  sn2005am      Ia-norm    0.6931   6.40   0.1789   0.0083    10.90  0   good
  50  sn2001ep      Ia-norm    0.7026   6.38   0.1766   0.0084     6.80  0   good
  51  sn2005am      Ia-norm    0.6918   6.37   0.1779   0.0085    11.80  0   good
  52  sn2007bm      Ia-norm    0.6986   6.36   0.1720   0.0088    12.60  0   good
  53  sn2007bm      Ia-norm    0.6959   6.36   0.1746   0.0086     9.60  0   good
  54  sn2006eq      Ia-norm    0.6579   6.35   0.1819   0.0081     4.70  0   good
  55  sn1989B       Ia-norm    0.6024   6.33   0.1767   0.0081     8.60  0   good
  56  sn2005kc      Ia-norm    0.6823   6.33   0.1741   0.0088    11.60  0   good
  57  sn2004as      Ia-norm    0.6891   6.31   0.1836   0.0083     6.60  0   good
  58  sn2006hb      Ia-91bg    0.6864   6.30   0.1734   0.0087    11.70  0   good
  59  sn2002hd      Ia-norm    0.6877   6.29   0.1734   0.0088    12.00  0   good
  60  sn2008C       Ia-norm    0.6837   6.26   0.1753   0.0087    12.30  0   good
  61  sn2002dp      Ia-norm    0.7013   6.26   0.1748   0.0086    10.00  0   good
  62  sn1996bo      Ia-norm    0.7067   6.26   0.1836   0.0089     7.10  0   good
  63  sn2004as      Ia-norm    0.6904   6.25   0.1809   0.0084     8.60  0   good
  64  sn2006D       Ia-norm    0.7419   6.25   0.1755   0.0089    12.50  0   good
  65  sn1989B       Ia-norm    0.6458   6.22   0.1713   0.0085    13.60  0   good
  66  sn2002bo      Ia-norm    0.7419   6.19   0.1870   0.0087     5.20  0   good
  67  sn2001N       Ia-norm    0.6525   6.15   0.1895   0.0086     4.40  0   good
  68  sn2005am      Ia-norm    0.6891   6.15   0.1801   0.0085     9.90  0   good
  69  sn1998dx      Ia-norm    0.6620   6.15   0.1765   0.0090    12.50  0   good
  70  sn1996Z       Ia-norm    0.7080   6.14   0.1854   0.0092     6.10  0   good
  71  sn2001gc      Ia-norm    0.6959   6.14   0.1922   0.0092     4.40  0   good
  72  sn2007if      Ia-pec     0.7419   6.13   0.1695   0.0096    14.10  0   good
  73  sn2001gc      Ia-norm    0.6972   6.13   0.1882   0.0092     7.30  0   good
  74  sn2003cg      Ia-norm    0.6999   6.11   0.1782   0.0092     9.80  0   good
  75  sn2006hb      Ia-91bg    0.6891   6.10   0.1741   0.0089    10.70  0   good
  76  sn2001ep      Ia-norm    0.7013   6.08   0.1776   0.0088     5.80  0   good
  77  sn1999ee      Ia-norm    0.7419   6.06   0.1781   0.0090    10.60  0   good
  78  sn2002dp      Ia-norm    0.6986   6.04   0.1723   0.0089    13.00  0   good
  79  sn1997bq      Ia-norm    0.7067   6.04   0.1807   0.0094     9.20  0   good
  80  sn2001gc      Ia-norm    0.6972   6.02   0.1909   0.0093     5.30  0   good
  81  sn1992A       Ia-norm    0.6133   6.02   0.1902   0.0082     6.90  0   good
  82  sn2002dj      Ia-norm    0.7419   6.01   0.1818   0.0095     9.30  0   good
  83  sn1996Z       Ia-norm    0.7080   5.99   0.1830   0.0094     8.10  0   good
  84  sn2007hj      Ia-norm    0.6864   5.99   0.1732   0.0092    12.30  0   good
  85  sn2007af      Ia-norm    0.6972   5.98   0.1751   0.0088    11.30  0   good
  86  sn2002er      Ia-norm    0.7419   5.98   0.1716   0.0090     8.80  0   good
  87  sn1990N       Ia-norm    0.7419   5.96   0.1746   0.0093    13.50  0   good
  88  sn1999ac      Ia-91T     0.6999   5.96   0.1736   0.0094    11.90  0   good
  89  sn2007af      Ia-norm    0.6959   5.96   0.1760   0.0088    10.20  0   good
  90  sn1999ac      Ia-91T     0.6999   5.96   0.1744   0.0093    10.90  0   good
  91  sn1992A       Ia-norm    0.6688   5.95   0.1858   0.0087    11.20  0   good
  92  sn1999gd      Ia-norm    0.6986   5.94   0.1767   0.0089     7.90  0   good
  93  sn1996X       Ia-norm    0.7080   5.94   0.1805   0.0087     8.10  0   good
  94  sn2007fb      Ia-norm    0.6850   5.94   0.1747   0.0090    13.60  0   good
  95  sn2007af      Ia-norm    0.6972   5.94   0.1742   0.0089    12.30  0   good
  96  sn2005am      Ia-norm    0.6918   5.93   0.1825   0.0084     7.90  0   good
  97  sn2007if      Ia-pec     0.6349   5.90   0.1712   0.0093     9.40  0   good
  98  sn2005kc      Ia-norm    0.6850   5.87   0.1759   0.0093     9.80  0   good
  99  sn1999ek      Ia-norm    0.6986   5.86   0.1725   0.0093    12.20  0   good
 100  sn2007fb      Ia-norm    0.6837   5.85   0.1761   0.0090    12.60  0   good
 101  sn1999cl      Ia-norm    0.6999   5.82   0.1800   0.0096     7.60  0   good
 102  sn1998ab      Ia-91T     0.5916   5.82   0.1802   0.0097     6.70  0   good
 103  sn2003cg      Ia-norm    0.7013   5.81   0.1795   0.0096     8.80  0   good
 104  sn1999ac      Ia-91T     0.7419   5.79   0.1753   0.0091     8.80  0   good
 105  sn2001bg      Ia-norm    0.7013   5.79   0.1806   0.0094    10.00  0   good
 106  sn2003cg      Ia-norm    0.7013   5.79   0.1808   0.0095     7.70  0   good
 107  sn2007if      Ia-pec     0.6349   5.79   0.1698   0.0096    13.90  0   good
 108  sn2004eo      Ia-norm    0.7419   5.79   0.1710   0.0095    13.10  0   good
 109  sn2005cf      Ia-norm    0.7419   5.78   0.1761   0.0094     9.40  0   good
 110  sn2006hb      Ia-91bg    0.6877   5.77   0.1754   0.0092     9.70  0   good
 111  sn1999gh      Ia-norm    0.6986   5.77   0.1730   0.0093    11.40  0   good
 112  sn2000B       Ia-norm    0.7013   5.77   0.1880   0.0093     8.60  0   good
 113  sn1997bq      Ia-norm    0.7419   5.77   0.1764   0.0098    12.20  0   good
 114  sn2006lf      Ia-norm    0.6864   5.76   0.1734   0.0093    13.20  0   good
 115  sn2003cg      Ia-norm    0.6999   5.75   0.1767   0.0096    10.80  0   good
 116  sn2003cg      Ia-norm    0.7419   5.75   0.1767   0.0096    11.00  0   good
 117  sn1999X       Ia-norm    0.6972   5.74   0.1773   0.0093    13.10  0   good
 118  sn2001el      Ia-norm    0.7419   5.73   0.1821   0.0096     9.10  0   good
 119  sn2006bw      Ia-norm    0.6728   5.72   0.1807   0.0080     4.90  0   good
 120  sn1992A       Ia-norm    0.7419   5.72   0.1857   0.0092     8.20  0   good
 121  sn2006H       Ia-91bg    0.6864   5.71   0.1734   0.0103     6.50  0   good
 122  sn1997bq      Ia-norm    0.7067   5.71   0.1781   0.0099    11.20  0   good
 123  sn1995ak      Ia-norm    0.7013   5.71   0.1713   0.0097    13.40  0   good
 124  sn2001da      Ia-norm    0.6972   5.70   0.1806   0.0098     7.80  0   good
 125  sn2000cn      Ia-91bg    0.6999   5.70   0.1720   0.0098    12.20  0   good
 126  sn2003cg      Ia-norm    0.7419   5.69   0.1751   0.0097    11.90  0   good
 127  sn1999ek      Ia-norm    0.6999   5.69   0.1757   0.0090     9.20  0   good
 128  sn2004eo      Ia-norm    0.7419   5.69   0.1723   0.0095    11.70  0   good
 129  sn2001E       Ia-norm    0.6959   5.69   0.1910   0.0097     7.70  0   good
 130  sn2007le      Ia-norm    0.6945   5.68   0.1845   0.0098     8.40  0   good
 131  sn1999ac      Ia-91T     0.7013   5.67   0.1761   0.0097     9.00  0   good
 132  sn2007hj      Ia-norm    0.6891   5.66   0.1810   0.0091     4.40  0   good
 133  sn1999X       Ia-norm    0.6959   5.66   0.1780   0.0093    12.00  0   good
 134  sn1996X       Ia-norm    0.7080   5.66   0.1813   0.0091     7.10  0   good
 135  sn2007if      Ia-pec     0.6837   5.65   0.1701   0.0099    10.30  0   good
 136  sn2008C       Ia-norm    0.6837   5.65   0.1798   0.0094     8.30  0   good
 137  sn1994Q       Ia-norm    0.7013   5.64   0.1746   0.0098    12.80  0   good
 138  sn2006gr      Ia-norm    0.6701   5.64   0.1848   0.0098     9.40  0   good
 139  sn1997do      Ia-norm    0.6999   5.64   0.1845   0.0102     8.20  0   good
 140  sn2004ef      Ia-norm    0.6728   5.64   0.1829   0.0091     6.30  0   good
 141  sn2006ac      Ia-norm    0.6769   5.64   0.1847   0.0091     7.10  0   good
 142  sn2003cg      Ia-norm    0.6986   5.63   0.1820   0.0097     6.80  0   good
 143  sn2002dj      Ia-norm    0.7419   5.62   0.1846   0.0098     8.00  0   good
 144  sn2007bc      Ia-norm    0.6810   5.61   0.1761   0.0091     7.30  0   good
 145  sn1998dk      Ia-norm    0.6999   5.61   0.1839   0.0099    10.20  0   good
 146  sn2001en      Ia-norm    0.6999   5.60   0.1838   0.0096     8.30  0   good
 147  sn1994M       Ia-norm    0.6783   5.60   0.1889   0.0091     4.70  0   good
 148  sn2003cg      Ia-norm    0.7419   5.60   0.1775   0.0097     9.20  0   good
 149  sn1999ac      Ia-91T     0.7013   5.59   0.1754   0.0098    10.00  0   good
 150  sn1994Q       Ia-norm    0.7013   5.59   0.1762   0.0099    11.80  0   good
 151  sn2002kf      Ia-norm    0.7013   5.58   0.1763   0.0095    13.90  0   good
 152  sn2007co      Ia-norm    0.6783   5.58   0.1814   0.0093     8.60  0   good
 153  sn1989B       Ia-norm    0.6024   5.58   0.1782   0.0088     6.60  0   good
 154  sn2004as      Ia-norm    0.6877   5.57   0.1844   0.0092     5.80  0   good
 155  sn1997do      Ia-norm    0.6999   5.56   0.1825   0.0101    10.20  0   good
 156  sn2002dp      Ia-norm    0.6999   5.54   0.1782   0.0094     7.10  0   good
 157  sn2002bo      Ia-norm    0.6972   5.54   0.1805   0.0098    10.40  0   good
 158  sn1994M       Ia-norm    0.6769   5.53   0.1873   0.0092     5.60  0   good
 159  sn2002dj      Ia-norm    0.6999   5.53   0.1827   0.0102     9.50  0   good
 160  sn2001ep      Ia-norm    0.7013   5.53   0.1784   0.0096     4.80  0   good
 161  sn2005ls      Ia-norm    0.6810   5.52   0.1808   0.0100    10.80  0   good
 162  sn2007le      Ia-norm    0.6945   5.52   0.1831   0.0100     9.50  0   good
 163  sn2002dj      Ia-norm    0.7419   5.51   0.1775   0.0101    12.30  0   good
 164  sn1998dk      Ia-norm    0.6999   5.51   0.1828   0.0101    11.10  0   good
 165  sn2007if      Ia-pec     0.6742   5.51   0.1693   0.0102    13.10  0   good
 166  sn2002bf      Ia-norm    0.6931   5.51   0.1913   0.0100     6.70  0   good
 167  sn2006le      Ia-norm    0.6877   5.50   0.1843   0.0099     8.90  0   good
 168  sn2007co      Ia-norm    0.6783   5.50   0.1791   0.0096    10.50  0   good
 169  sn2007le      Ia-norm    0.6945   5.50   0.1859   0.0100     7.40  0   good
 170  sn1999ac      Ia-91T     0.7419   5.50   0.1771   0.0096     7.80  0   good
 171  sn2002eu      Ia-norm    0.6850   5.50   0.1817   0.0090     5.00  0   good
 172  sn2001bg      Ia-norm    0.6999   5.50   0.1859   0.0099     5.10  0   good
 173  sn2006N       Ia-norm    0.6918   5.46   0.1760   0.0096    11.60  0   good
 174  sn2006X       Ia-norm    0.6945   5.46   0.1910   0.0098     6.20  0   good
 175  sn2007cg      Ia-norm    0.6512   5.46   0.1870   0.0103     7.50  0   good
 176  sn2006le      Ia-norm    0.6864   5.45   0.1818   0.0099    10.80  0   good
 177  sn1997br      Ia-91T     0.7419   5.45   0.1748   0.0102    11.90  0   good
 178  sn1994D       Ia-norm    0.7107   5.45   0.1747   0.0099    12.80  0   good
 179  sn1996bo      Ia-norm    0.7067   5.44   0.1808   0.0100     9.20  0   good
 180  sn2007co      Ia-norm    0.6783   5.44   0.1784   0.0096    11.50  0   good
 181  sn1997E       Ia-norm    0.7040   5.44   0.1732   0.0096    11.20  0   good
 182  sn2002kf      Ia-norm    0.6999   5.43   0.1782   0.0096    11.80  0   good
 183  sn2006X       Ia-norm    0.6945   5.43   0.1891   0.0099     7.30  0   good
 184  sn2007if      Ia-pec     0.6336   5.43   0.1722   0.0097     7.40  0   good
 185  sn2006X       Ia-norm    0.6931   5.41   0.1920   0.0098     5.20  0   good
 186  sn2007co      Ia-norm    0.6755   5.41   0.1823   0.0095     7.50  0   good
 187  sn2006ac      Ia-norm    0.6769   5.41   0.1815   0.0096    10.00  0   good
 188  sn1999ee      Ia-norm    0.7419   5.41   0.1844   0.0097     6.70  0   good
 189  sn2007kk      Ia-norm    0.6661   5.38   0.1891   0.0103     7.90  0   good
 190  sn2006et      Ia-norm    0.6810   5.38   0.1841   0.0095     6.30  0   good
 191  sn1994M       Ia-norm    0.7419   5.37   0.1785   0.0095    11.50  0   good
 192  sn2007co      Ia-norm    0.6769   5.37   0.1836   0.0095     6.60  0   good
 193  sn2007qe      Ia-norm    0.6796   5.37   0.1866   0.0099     9.00  0   good
 194  sn2007le      Ia-norm    0.6945   5.36   0.1816   0.0102    10.40  0   good
 195  sn2006ac      Ia-norm    0.6810   5.36   0.1824   0.0094     9.00  0   good
 196  sn2006lf      Ia-norm    0.6891   5.36   0.1752   0.0099    11.30  0   good
 197  sn1997do      Ia-norm    0.6999   5.35   0.1813   0.0103    11.10  0   good
 198  sn1996Z       Ia-norm    0.7067   5.34   0.1805   0.0102    10.10  0   good
 199  sn2007S       Ia-91T     0.6877   5.33   0.1771   0.0101    13.10  0   good
 200  sn2006ac      Ia-norm    0.6810   5.33   0.1857   0.0095     6.20  0   good
 201  sn2005am      Ia-norm    0.6918   5.33   0.1836   0.0092     6.90  0   good
 202  sn2006H       Ia-91bg    0.6891   5.32   0.1743   0.0105     5.50  0   good
 203  sn2007kk      Ia-norm    0.6661   5.32   0.1851   0.0103     9.80  0   good
 204  sn1999gh      Ia-norm    0.6931   5.31   0.1725   0.0100    12.40  0   good
 205  sn2005hc      Ia-norm    0.6579   5.30   0.1791   0.0101    11.10  0   good
 206  sn2001en      Ia-norm    0.6986   5.29   0.1810   0.0100    10.20  0   good
 207  sn2006X       Ia-norm    0.6959   5.29   0.1881   0.0101     8.20  0   good
 208  sn2007bm      Ia-norm    0.6945   5.29   0.1777   0.0099     6.60  0   good
 209  sn2001en      Ia-norm    0.7013   5.28   0.1856   0.0101     6.30  0   good
 210  sn1994Q       Ia-norm    0.7026   5.28   0.1772   0.0107    10.90  0   good
 211  sn2007qe      Ia-norm    0.6769   5.27   0.1878   0.0100     8.00  0   good
 212  sn2002bo      Ia-norm    0.6972   5.26   0.1770   0.0102    13.50  0   good
 213  sn2002bo      Ia-norm    0.6986   5.26   0.1787   0.0102    11.60  0   good
 214  sn2002bo      Ia-norm    0.6972   5.26   0.1780   0.0102    12.50  0   good
 215  sn1996bo      Ia-norm    0.7053   5.26   0.1790   0.0104    11.10  0   good
 216  sn2006ac      Ia-norm    0.6783   5.25   0.1804   0.0098    11.00  0   good
 217  sn2006lf      Ia-norm    0.6755   5.24   0.1792   0.0096     7.30  0   good
 218  sn2006N       Ia-norm    0.6891   5.24   0.1795   0.0097     8.50  0   good
 219  sn2006lf      Ia-norm    0.6877   5.24   0.1774   0.0099     9.30  0   good
 220  sn2006cp      Ia-norm    0.6783   5.24   0.1826   0.0101     9.30  0   good
 221  sn1997do      Ia-norm    0.6999   5.24   0.1801   0.0104    12.10  0   good
 222  sn2007if      Ia-pec     0.7419   5.24   0.1709   0.0100     9.40  0   good
 223  sn2003cg      Ia-norm    0.7297   5.23   0.1804   0.0104     7.00  0   good
 224  sn2000B       Ia-norm    0.6972   5.23   0.1821   0.0103    13.60  0   good
 225  sn2006le      Ia-norm    0.6864   5.23   0.1854   0.0103     7.90  0   good
 226  sn2008R       Ia-91bg    0.6864   5.22   0.1782   0.0095     5.30  0   good
 227  sn2002ck      Ia-norm    0.6931   5.21   0.1740   0.0106    11.90  0   good
 228  sn2001bg      Ia-norm    0.6931   5.21   0.1760   0.0104    14.00  0   good
 229  sn2006gr      Ia-norm    0.6783   5.20   0.1801   0.0110    12.40  0   good
 230  sn1998bu      Ia-norm    0.6986   5.18   0.1752   0.0105    12.40  0   good
 231  sn1998bu      Ia-norm    0.6999   5.17   0.1776   0.0105    10.40  0   good
 232  sn2006hb      Ia-91bg    0.6864   5.17   0.1766   0.0100     8.70  0   good
 233  sn2007kk      Ia-norm    0.6661   5.17   0.1860   0.0103     8.80  0   good
 234  sn1998bu      Ia-norm    0.6999   5.16   0.1788   0.0105     9.40  0   good
 235  sn1994M       Ia-norm    0.7121   5.16   0.1861   0.0094     6.60  0   good
 236  sn2002ha      Ia-norm    0.7013   5.15   0.1779   0.0100     9.60  0   good
 237  sn2002bf      Ia-norm    0.6945   5.14   0.1922   0.0107     5.70  0   good
 238  sn2002bf      Ia-norm    0.6931   5.13   0.1856   0.0106    10.60  0   good
 239  sn2003du      Ia-norm    0.7419   5.12   0.1751   0.0103    12.70  0   good
 240  sn1998bu      Ia-norm    0.6986   5.12   0.1739   0.0106    13.40  0   good
 241  sn1998bu      Ia-norm    0.6986   5.12   0.1767   0.0106    11.40  0   good
 242  sn2007bc      Ia-norm    0.6823   5.12   0.1771   0.0099     6.20  0   good
 243  sn2006ak      Ia-norm    0.6674   5.10   0.1855   0.0100     7.30  0   good
 244  sn2006H       Ia-91bg    0.6864   5.10   0.1748   0.0107     4.50  0   good
 245  sn1995E       Ia-norm    0.7419   5.09   0.1773   0.0102     8.90  0   good
 246  sn1998bu      Ia-norm    0.6999   5.09   0.1798   0.0106     8.40  0   good
 247  sn2007jg      Ia-norm    0.6688   5.08   0.1781   0.0102    13.10  0   good
 248  sn2007le      Ia-norm    0.6945   5.07   0.1809   0.0107    11.40  0   good
 249  sn2006ac      Ia-norm    0.6796   5.07   0.1783   0.0102    12.90  0   good
 250  sn2007fb      Ia-norm    0.6850   5.06   0.1784   0.0099    10.60  0   good
 251  sn2002jg      Ia-norm    0.7013   5.06   0.1803   0.0099     4.50  0   good
 252  sn2001cj      Ia-norm    0.7419   5.06   0.1755   0.0106    13.60  0   good
 253  sn2003iv      Ia-norm    0.6864   5.06   0.1778   0.0100     7.20  0   good
 254  sn1999by      Ia-91bg    0.7013   5.05   0.1712   0.0117     5.00  0   good
 255  sn1994D       Ia-norm    0.7094   5.04   0.1765   0.0105    10.80  0   good
 256  sn2001en      Ia-norm    0.6986   5.04   0.1787   0.0104    12.20  0   good
 257  sn2007S       Ia-91T     0.6891   5.04   0.1780   0.0106    12.10  0   good
 258  sn2004dt      Ia-norm    0.7419   5.03   0.1751   0.0096    14.00  0   good
 259  sn2001V       Ia-91T     0.6999   5.03   0.1823   0.0111     9.50  0   good
 260  sn2006mo      Ia-norm    0.6661   5.03   0.1798   0.0099     5.20  0   good
 261  sn1994T       Ia-norm    0.6458   5.02   0.1828   0.0096     4.70  0   good
 262  sn1998V       Ia-norm    0.6931   5.00   0.1742   0.0109    13.10  0   good
 263  sn2001en      Ia-norm    0.6959   5.00   0.1769   0.0104    14.10  0   good
 264  sn1994M       Ia-norm    0.7419   5.00   0.1779   0.0102    12.50  0   good
#--- rlap cutoff
 265  sn1997br      Ia-91T     0.7080   4.99   0.1771   0.0108     9.90  0    cut
 266  sn1998dk      Ia-norm    0.7013   4.99   0.1804   0.0108    13.10  0    cut
 267  sn2006cp      Ia-norm    0.6783   4.97   0.1847   0.0104     7.30  0    cut
 268  sn2001gc      Ia-norm    0.6986   4.96   0.1815   0.0110    13.30  0    cut
 269  sn1997do      Ia-norm    0.6986   4.95   0.1783   0.0108    14.20  0    cut
 270  sn1998V       Ia-norm    0.6945   4.95   0.1751   0.0111    12.10  0    cut
 271  sn1996bl      Ia-norm    0.6877   4.95   0.1759   0.0103    13.30  0    cut
 272  sn2006le      Ia-norm    0.6864   4.94   0.1867   0.0107     6.90  0    cut
 273  sn2005cc      Ia-pec     0.6945   4.94   0.1614   0.0110     5.60  0    cut
 274  sn2001en      Ia-norm    0.6999   4.93   0.1867   0.0106     5.30  0    cut
 275  sn2006lf      Ia-norm    0.6850   4.93   0.1764   0.0105    10.30  0    cut
 276  sn1999gp      Ia-91T     0.6918   4.92   0.1881   0.0110     6.90  0    cut
 277  sn2007S       Ia-91T     0.6864   4.92   0.1835   0.0105     8.10  0    cut
 278  sn2003it      Ia-norm    0.6945   4.91   0.1808   0.0101     9.50  0    cut
 279  sn2007co      Ia-norm    0.6755   4.91   0.1842   0.0103     5.70  0    cut
 280  sn1996Z       Ia-norm    0.7053   4.90   0.1777   0.0112    14.00  0    cut
 281  sn2005be      Ia-norm    0.6688   4.90   0.1811   0.0100     7.70  0    cut
 282  sn2002es      Ia-91bg    0.6972   4.88   0.1639   0.0110     5.10  0    cut
 283  sn2000ce      Ia-norm    0.6986   4.87   0.1815   0.0114     8.70  0    cut
 284  sn2007cg      Ia-norm    0.6539   4.87   0.1895   0.0116     6.50  0    cut
 285  sn2007if      Ia-pec     0.6349   4.87   0.1729   0.0108     5.60  0    cut
 286  sn2005cc      Ia-pec     0.6837   4.86   0.1626   0.0102     4.60  0    cut
 287  sn2003hu      Ia-91T     0.6255   4.86   0.1817   0.0113    10.30  0    cut
 288  sn2002bf      Ia-norm    0.6945   4.85   0.1832   0.0111    12.60  0    cut
 289  sn2007le      Ia-norm    0.6959   4.84   0.1797   0.0110    12.40  0    cut
 290  sn2006le      Ia-norm    0.6837   4.83   0.1793   0.0110    12.80  0    cut
 291  sn1996X       Ia-norm    0.7419   4.83   0.1811   0.0104     7.10  0    cut
 292  sn2006le      Ia-norm    0.6850   4.83   0.1781   0.0111    13.80  0    cut
 293  sn2007qe      Ia-norm    0.6783   4.82   0.1843   0.0108    10.90  0    cut
 294  sn2001eh      Ia-91T     0.7419   4.81   0.1836   0.0113     8.60  0    cut
 295  sn1995E       Ia-norm    0.6444   4.80   0.1824   0.0100     5.90  0    cut
 296  sn2007ap      Ia-norm    0.6864   4.80   0.1805   0.0101     7.40  0    cut
 297  sn2006cp      Ia-norm    0.6769   4.79   0.1864   0.0106     6.30  0    cut
 298  sn2006eu      Ia-norm    0.6796   4.79   0.1735   0.0111     8.00  0    cut
 299  sn2001ck      Ia-norm    0.6864   4.78   0.1749   0.0112    14.40  0    cut
 300  sn2007le      Ia-norm    0.6959   4.78   0.1775   0.0111    14.40  0    cut
 301  sn2001bf      Ia-norm    0.6918   4.77   0.1730   0.0101    12.50  0    cut
 302  sn2002bf      Ia-norm    0.6945   4.77   0.1820   0.0113    13.50  0    cut
 303  sn1991T       Ia-91T     0.7202   4.75   0.1796   0.0111     9.50  0    cut
 304  sn2002bf      Ia-norm    0.6918   4.75   0.1839   0.0114    11.70  0    cut
 305  sn2007if      Ia-pec     0.7419   4.74   0.1715   0.0109     6.60  0    cut
 306  sn2007le      Ia-norm    0.6959   4.73   0.1786   0.0112    13.40  0    cut
 307  sn1995al      Ia-norm    0.7121   4.72   0.1858   0.0119     8.40  0    cut
 308  sn1997br      Ia-91T     0.7419   4.72   0.1820   0.0113     7.20  0    cut
 309  sn2008bf      Ia-norm    0.6783   4.71   0.1797   0.0111    13.30  0    cut
 310  sn2007le      Ia-norm    0.6931   4.71   0.1875   0.0113     5.40  0    cut
 311  sn2007nq      Ia-norm    0.6607   4.70   0.1827   0.0104     6.30  0    cut
 312  sn2002er      Ia-norm    0.7419   4.69   0.1833   0.0107     4.90  0    cut
 313  sn2001V       Ia-91T     0.6999   4.68   0.1813   0.0119    10.50  0    cut
 314  sn2002fk      Ia-norm    0.6999   4.68   0.1771   0.0110     9.40  0    cut
 315  sn1998ab      Ia-91T     0.6417   4.68   0.1775   0.0110     7.70  0    cut
 316  sn2005M       Ia-91T     0.6769   4.67   0.1752   0.0106    10.00  0    cut
 317  sn2006N       Ia-norm    0.6837   4.67   0.1805   0.0106     7.50  0    cut
 318  sn2006hb      Ia-91bg    0.6864   4.66   0.1777   0.0110     7.70  0    cut
 319  sn1997br      Ia-91T     0.7067   4.65   0.1797   0.0115     7.90  0    cut
 320  sn2001V       Ia-91T     0.6999   4.64   0.1798   0.0120    11.30  0    cut
 321  sn1995al      Ia-norm    0.7107   4.64   0.1879   0.0121     6.40  0    cut
 322  sn2008af      Ia-norm    0.6742   4.63   0.1858   0.0106     5.90  0    cut
 323  sn2004bk      Ia-norm    0.6918   4.63   0.1874   0.0121     6.40  0    cut
 324  sn2000fa      Ia-norm    0.6999   4.63   0.1806   0.0117    11.10  0    cut
 325  sn2006X       Ia-norm    0.6945   4.63   0.1848   0.0115    10.30  0    cut
 326  sn2000E       Ia-norm    0.6891   4.62   0.1806   0.0124     7.50  0    cut
 327  sn1998ec      Ia-norm    0.6986   4.62   0.1793   0.0113    11.70  0    cut
 328  sn2001V       Ia-91T     0.6999   4.61   0.1787   0.0119    12.50  0    cut
 329  sn2001V       Ia-91T     0.6999   4.61   0.1774   0.0119    13.50  0    cut
 330  sn2001en      Ia-norm    0.6999   4.60   0.1873   0.0113     4.40  0    cut
 331  sn2002de      Ia-norm    0.6972   4.60   0.1823   0.0125     8.50  0    cut
 332  sn2007if      Ia-pec     0.7419   4.59   0.1721   0.0112     6.10  0    cut
 333  sn2000fa      Ia-norm    0.6972   4.58   0.1833   0.0120     9.10  0    cut
 334  sn2007hj      Ia-norm    0.6850   4.58   0.1722   0.0115    14.20  0    cut
 335  sn2004L       Ia-norm    0.6877   4.57   0.1792   0.0113     5.30  0    cut
 336  sn2006ev      Ia-norm    0.6755   4.57   0.1833   0.0104     5.50  0    cut
 337  sn2005hc      Ia-norm    0.6579   4.55   0.1838   0.0117     6.30  0    cut
 338  sn2004S       Ia-norm    0.7419   4.54   0.1768   0.0108     7.40  0    cut
 339  sn2000fa      Ia-norm    0.7026   4.53   0.1770   0.0117    14.00  0    cut
 340  sn1999by      Ia-91bg    0.7026   4.53   0.1708   0.0130     5.90  0    cut
 341  sn2002kf      Ia-norm    0.7013   4.52   0.1817   0.0110     8.00  0    cut
 342  sn1998es      Ia-91T     0.6769   4.51   0.1749   0.0118    14.30  0    cut
 343  sn2007co      Ia-norm    0.6783   4.51   0.1857   0.0109     4.60  0    cut
 344  sn1995bd      Ia-91T     0.7080   4.48   0.1824   0.0117    10.60  0    cut
 345  sn2002fk      Ia-norm    0.6999   4.48   0.1783   0.0113     8.30  0    cut
 346  sn2007af      Ia-norm    0.6945   4.48   0.1802   0.0107     5.40  0    cut
 347  sn2006bq      Ia-norm    0.6783   4.47   0.1907   0.0112     5.30  0    cut
 348  sn2003it      Ia-norm    0.6945   4.47   0.1822   0.0109     8.50  0    cut
 349  sn2001ay      Ia-norm    0.7419   4.46   0.1860   0.0113     5.80  0    cut
 350  sn2003ic      Ia-norm    0.6674   4.45   0.1819   0.0132     8.00  0    cut
 351  sn2005am      Ia-norm    0.6918   4.44   0.1860   0.0103     4.90  0    cut
 352  sn2008ar      Ia-norm    0.6769   4.44   0.1798   0.0115     7.20  0    cut
 353  sn2005kc      Ia-norm    0.6864   4.44   0.1783   0.0115     6.70  0    cut
 354  sn2008bf      Ia-norm    0.6769   4.43   0.1817   0.0116    11.40  0    cut
 355  sn2003it      Ia-norm    0.6918   4.42   0.1827   0.0108     7.60  0    cut
 356  sn2006X       Ia-norm    0.6959   4.42   0.1835   0.0120    11.20  0    cut
 357  sn2007bd      Ia-norm    0.6728   4.42   0.1842   0.0111     8.40  0    cut
 358  sn2005hk      Ia-pec     0.5930   4.42   0.1565   0.0114    12.40  0    cut
 359  sn2003hv      Ia-norm    0.7419   4.42   0.1786   0.0111     8.20  0    cut
 360  sn2006X       Ia-norm    0.6972   4.42   0.1806   0.0119    13.30  0    cut
 361  sn1998dx      Ia-norm    0.6728   4.41   0.1814   0.0106     7.80  0    cut
 362  sn2003ch      Ia-norm    0.6972   4.40   0.1789   0.0108     6.70  0    cut
 363  sn2008C       Ia-norm    0.6850   4.39   0.1833   0.0112     4.40  0    cut
 364  sn2006X       Ia-norm    0.6972   4.39   0.1821   0.0121    12.30  0    cut
 365  sn2006H       Ia-91bg    0.6810   4.38   0.1722   0.0126     7.50  0    cut
 366  sn1994Q       Ia-norm    0.7419   4.37   0.1733   0.0123    11.60  0    cut
 367  sn2006X       Ia-norm    0.6972   4.36   0.1796   0.0121    14.20  0    cut
 368  sn1999gp      Ia-91T     0.6931   4.36   0.1894   0.0122     4.90  0    cut
 369  sn1995al      Ia-norm    0.7121   4.36   0.1829   0.0125    10.40  0    cut
 370  sn1998dm      Ia-norm    0.7013   4.35   0.1761   0.0119    14.40  0    cut
 371  sn2006le      Ia-norm    0.6850   4.35   0.1874   0.0117     5.90  0    cut
 372  sn2002cr      Ia-norm    0.7013   4.35   0.1786   0.0109     4.60  0    cut
 373  sn2001ay      Ia-norm    0.6877   4.34   0.1840   0.0118     9.00  0    cut
 374  sn1998dm      Ia-norm    0.7013   4.34   0.1782   0.0120    12.40  0    cut
 375  sn2006hb      Ia-91bg    0.6850   4.32   0.1785   0.0115     6.80  0    cut
 376  sn2003hu      Ia-91T     0.6498   4.31   0.1818   0.0123     8.40  0    cut
 377  sn2006lf      Ia-norm    0.6850   4.30   0.1801   0.0113     6.30  0    cut
 378  sn1998dm      Ia-norm    0.7013   4.30   0.1813   0.0121     9.50  0    cut
 379  sn2002cx      Ia-pec     0.6986   4.29   0.1578   0.0126    11.30  0    cut
 380  sn1995D       Ia-norm    0.6485   4.28   0.1796   0.0116    11.50  0    cut
 381  sn2002he      Ia-norm    0.6972   4.28   0.1853   0.0112     5.60  0    cut
 382  sn2005cc      Ia-pec     0.6674   4.26   0.1567   0.0128     9.50  0    cut
 383  sn2002fk      Ia-norm    0.6999   4.26   0.1788   0.0117     7.40  0    cut
 384  sn2006N       Ia-norm    0.6823   4.24   0.1817   0.0111     6.50  0    cut
 385  sn2003hv      Ia-norm    0.6417   4.24   0.1764   0.0112    11.20  0    cut
 386  sn1992A       Ia-norm    0.7419   4.20   0.1900   0.0114     5.90  0    cut
 387  sn2000ce      Ia-norm    0.7013   4.20   0.1835   0.0123     6.70  0    cut
 388  sn2004bg      Ia-norm    0.6959   4.20   0.1756   0.0119    12.50  0    cut
 389  sn1996X       Ia-norm    0.4806   4.19   0.1777   0.0112    11.90  0    cut
 390  sn2007ca      Ia-norm    0.6891   4.19   0.1779   0.0119    13.30  0    cut
 391  sn2003du      Ia-norm    0.7419   4.19   0.1794   0.0118     9.80  0    cut
 392  sn2008bf      Ia-norm    0.6810   4.19   0.1826   0.0121    10.40  0    cut
 393  sn2001ay      Ia-norm    0.7419   4.17   0.1836   0.0121     7.80  0    cut
 394  sn2003ic      Ia-norm    0.6661   4.16   0.1842   0.0131     7.20  0    cut
 395  sn2002bf      Ia-norm    0.6877   4.16   0.1937   0.0132     4.80  0    cut
 396  sn2007if      Ia-pec     0.7419   4.15   0.1720   0.0128     4.70  0    cut
 397  sn1995D       Ia-norm    0.6485   4.14   0.1814   0.0117     9.50  0    cut
 398  sn2005hf      Ia-norm    0.6579   4.13   0.1761   0.0122    12.00  0    cut
 399  sn2004bg      Ia-norm    0.6931   4.11   0.1775   0.0120    10.50  0    cut
 400  sn1999by      Ia-91bg    0.7026   4.11   0.1703   0.0141     6.90  0    cut
 401  sn2006gz      Ia-pec     0.6796   4.10   0.1797   0.0128    11.10  0    cut
 402  sn2003kf      Ia-norm    0.7026   4.10   0.1762   0.0126    14.40  0    cut
 403  sn2005eq      Ia-91T     0.6593   4.10   0.1757   0.0127    14.00  0    cut
 404  sn2003kf      Ia-norm    0.6931   4.09   0.1827   0.0126     8.50  0    cut
 405  sn1989B       Ia-norm    0.6024   4.08   0.1804   0.0111     4.60  0    cut
 406  sn1995al      Ia-norm    0.7107   4.08   0.1791   0.0132    13.30  0    cut
 407  sn2007ca      Ia-norm    0.6864   4.07   0.1796   0.0122    11.40  0    cut
 408  sn2003fa      Ia-91T     0.6796   4.06   0.1773   0.0129    13.50  0    cut
 409  sn2007kk      Ia-norm    0.6661   4.06   0.1890   0.0128     5.90  0    cut
 410  sn1999dq      Ia-91T     0.6986   4.06   0.1861   0.0137     5.40  0    cut
 411  sn1993ac      Ia-norm    0.7419   4.05   0.1897   0.0115     6.90  0    cut
 412  sn2007ba      Ia-91bg    0.6674   4.04   0.1764   0.0131     5.10  0    cut
 413  sn1992A       Ia-norm    0.7419   4.03   0.1901   0.0117     5.50  0    cut
 414  sn2001eh      Ia-91T     0.6810   4.03   0.1880   0.0124     5.70  0    cut
 415  sn2003ch      Ia-norm    0.6986   4.03   0.1707   0.0135    13.50  0    cut
 416  sn2007cg      Ia-norm    0.6539   4.03   0.1900   0.0137     5.50  0    cut
 417  sn1998dx      Ia-norm    0.6728   4.02   0.1836   0.0107     5.90  0    cut
 418  sn1998dm      Ia-norm    0.7013   4.02   0.1828   0.0128     7.40  0    cut
 419  sn2001G       Ia-norm    0.6999   4.00   0.1807   0.0134    11.60  0    cut
 420  sn2005hc      Ia-norm    0.6566   4.00   0.1850   0.0125     5.40  0    cut
 421  sn2002fk      Ia-norm    0.6999   3.99   0.1796   0.0129     6.50  0    cut
 422  sn2003ch      Ia-norm    0.7419   3.98   0.1804   0.0117     5.60  0    cut
 423  sn2005hk      Ia-pec     0.6904   3.96   0.1558   0.0132    14.40  0    cut
 424  sn2007S       Ia-91T     0.6904   3.96   0.1859   0.0119     6.20  0    cut
 425  sn2001bf      Ia-norm    0.7419   3.96   0.1772   0.0113     8.70  0    cut
 426  sn2006al      Ia-norm    0.6390   3.94   0.1809   0.0120     9.10  0    cut
 427  sn2007ci      Ia-norm    0.6837   3.94   0.1714   0.0132    12.50  0    cut
 428  sn2001ay      Ia-norm    0.6891   3.93   0.1862   0.0128     7.20  0    cut
 429  sn2004dt      Ia-norm    0.7419   3.92   0.1832   0.0116     9.10  0    cut
 430  sn2002jy      Ia-norm    0.6972   3.92   0.1818   0.0127     9.90  0    cut
 431  sn2006lf      Ia-norm    0.6864   3.90   0.1816   0.0120     5.30  0    cut
 432  sn2003kf      Ia-norm    0.6891   3.89   0.1771   0.0132    13.40  0    cut
 433  sn2006cj      Ia-norm    0.6390   3.89   0.1831   0.0134    11.00  0    cut
 434  sn1994D       Ia-norm    0.6823   3.89   0.1763   0.0127     9.60  0    cut
 435  sn2002kf      Ia-norm    0.6986   3.87   0.1834   0.0124     6.00  0    cut
 436  sn2003it      Ia-norm    0.6877   3.86   0.1835   0.0121     6.60  0    cut
 437  sn2005cf      Ia-norm    0.7419   3.85   0.1794   0.0127     7.20  0    cut
 438  sn1994ae      Ia-norm    0.6417   3.84   0.1809   0.0126     9.90  0    cut
 439  sn2003kf      Ia-norm    0.6931   3.84   0.1806   0.0135    10.40  0    cut
 440  sn2007ca      Ia-norm    0.6837   3.82   0.1816   0.0125     9.40  0    cut
 441  sn2005bl      Ia-91bg    0.7419   3.80   0.1726   0.0152     4.70  0    cut
 442  sn2003fa      Ia-91T     0.6810   3.79   0.1786   0.0137    11.60  0    cut
 443  sn2006gz      Ia-pec     0.6485   3.78   0.1826   0.0135     8.20  0    cut
 444  sn2003ch      Ia-norm    0.6959   3.77   0.1807   0.0121     4.80  0    cut
 445  sn1999aa      Ia-91T     0.6972   3.77   0.1769   0.0138    13.60  0    cut
 446  sn2006N       Ia-norm    0.6877   3.76   0.1824   0.0122     5.60  0    cut
 447  sn2007ux      Ia-norm    0.6742   3.76   0.1804   0.0121     5.80  0    cut
 448  sn2008L       Ia-norm    0.6810   3.75   0.1846   0.0122     5.60  0    cut
 449  sn2005ke      Ia-91bg    0.6986   3.75   0.1700   0.0145     6.40  0    cut
 450  sn2002ha      Ia-norm    0.7013   3.75   0.1816   0.0125     5.60  0    cut
 451  sn1998dm      Ia-norm    0.7013   3.73   0.1832   0.0135     6.50  0    cut
 452  sn2002jy      Ia-norm    0.6999   3.72   0.1830   0.0131     8.00  0    cut
 453  sn2003fa      Ia-91T     0.6823   3.72   0.1802   0.0138    10.70  0    cut
 454  sn2004fu      Ia-norm    0.6959   3.72   0.1871   0.0121     4.40  0    cut
 455  sn2003it      Ia-norm    0.6945   3.71   0.1841   0.0125     5.70  0    cut
 456  sn2006al      Ia-norm    0.6363   3.71   0.1818   0.0125     6.30  0    cut
 457  sn2006cj      Ia-norm    0.6390   3.69   0.1841   0.0132     8.20  0    cut
 458  sn1995D       Ia-norm    0.6485   3.69   0.1828   0.0125     7.50  0    cut
 459  sn2006gz      Ia-pec     0.6769   3.69   0.1809   0.0138    10.20  0    cut
 460  sn2005gj      Ia-csm     0.6268   3.68   0.1705   0.0145    10.40  0    cut
 461  sn1994ae      Ia-norm    0.6431   3.67   0.1819   0.0129     9.00  0    cut
 462  sn1994ae      Ia-norm    0.7419   3.67   0.1822   0.0131     8.00  0    cut
 463  sn2008ar      Ia-norm    0.6755   3.65   0.1813   0.0133     5.00  0    cut
 464  sn1999aa      Ia-91T     0.6783   3.65   0.1865   0.0146     6.70  0    cut
 465  sn2003du      Ia-norm    0.6701   3.63   0.1804   0.0130     8.80  0    cut
 466  sn1999ef      Ia-norm    0.6823   3.62   0.1807   0.0140     9.60  0    cut
 467  sn2007ba      Ia-91bg    0.6444   3.62   0.1762   0.0148     6.00  0    cut
 468  sn2003ic      Ia-norm    0.6674   3.61   0.1864   0.0151     5.30  0    cut
 469  sn2005mz      Ia-91bg    0.6823   3.59   0.1682   0.0151    10.20  0    cut
 470  sn1999by      Ia-91bg    0.7013   3.59   0.1706   0.0158     7.90  0    cut
 471  sn1994ae      Ia-norm    0.6431   3.57   0.1831   0.0130     7.90  0    cut
 472  sn2007kk      Ia-norm    0.6661   3.57   0.1892   0.0143     5.00  0    cut
 473  sn2006H       Ia-91bg    0.6864   3.57   0.1704   0.0150     9.60  0    cut
 474  sn2006te      Ia-norm    0.6728   3.57   0.1737   0.0127    12.30  0    cut
 475  sn2002jy      Ia-norm    0.6999   3.56   0.1839   0.0137     7.00  0    cut
 476  sn1998aq      Ia-norm    0.6959   3.53   0.1830   0.0140     6.00  0    cut
 477  sn2001fe      Ia-norm    0.6999   3.53   0.1863   0.0151     6.20  0    cut
 478  sn2003du      Ia-norm    0.6701   3.52   0.1809   0.0132     7.90  0    cut
 479  sn2001eh      Ia-91T     0.6796   3.52   0.1895   0.0140     4.70  0    cut
 480  sn1999ef      Ia-norm    0.6783   3.51   0.1833   0.0142     7.70  0    cut
 481  sn2008bf      Ia-norm    0.6769   3.51   0.1853   0.0135     7.50  0    cut
 482  sn2006bt      Ia-norm    0.6728   3.48   0.1806   0.0141     5.70  0    cut
 483  sn2006al      Ia-norm    0.6390   3.48   0.1824   0.0129     5.40  0    cut
 484  sn1998bp      Ia-norm    0.6999   3.47   0.1692   0.0146    12.90  0    cut
 485  sn2001bf      Ia-norm    0.6931   3.46   0.1780   0.0131     7.60  0    cut
 486  sn2002ic      Ia-csm     0.7419   3.46   0.1797   0.0144     9.40  0    cut
 487  sn2006gz      Ia-pec     0.6471   3.44   0.1847   0.0147     6.20  0    cut
 488  sn2005hk      Ia-pec     0.7365   3.43   0.1558   0.0146    14.30  0    cut
 489  sn2005hf      Ia-norm    0.6607   3.43   0.1786   0.0135     9.10  0    cut
 490  sn1999ef      Ia-norm    0.6796   3.42   0.1838   0.0147     6.70  0    cut
 491  sn2003du      Ia-norm    0.6661   3.42   0.1813   0.0134     6.90  0    cut
 492  sn2002fk      Ia-norm    0.6986   3.41   0.1805   0.0140     4.40  0    cut
 493  sn2005cf      Ia-norm    0.7419   3.41   0.1804   0.0139     6.20  0    cut
 494  sn2003hu      Ia-91T     0.6498   3.41   0.1839   0.0144     7.50  0    cut
 495  sn2005cf      Ia-norm    0.7419   3.40   0.1803   0.0141     5.20  0    cut
 496  sn2006gz      Ia-pec     0.6769   3.39   0.1813   0.0146     9.20  0    cut
 497  sn2004bg      Ia-norm    0.6931   3.38   0.1817   0.0132     5.70  0    cut
 498  sn2007al      Ia-91bg    0.6864   3.35   0.1735   0.0169     5.30  0    cut
 499  sn2002es      Ia-91bg    0.6945   3.34   0.1625   0.0150     9.00  0    cut
 500  sn2006bt      Ia-norm    0.6728   3.31   0.1808   0.0146     4.70  0    cut
 501  sn2003fa      Ia-91T     0.6810   3.31   0.1820   0.0148     8.70  0    cut
 502  sn2006cf      Ia-norm    0.6607   3.30   0.1807   0.0136     6.50  0    cut
 503  sn1998aq      Ia-norm    0.6972   3.27   0.1836   0.0148     5.00  0    cut
 504  sn2008Z       Ia-norm    0.6823   3.27   0.1811   0.0149    12.30  0    cut
 505  sn2006cj      Ia-norm    0.6376   3.26   0.1833   0.0157     9.10  0    cut
 506  sn2006H       Ia-91bg    0.6850   3.26   0.1702   0.0159    10.40  0    cut
 507  sn2006N       Ia-norm    0.6877   3.26   0.1833   0.0135     4.60  0    cut
 508  sn2001bf      Ia-norm    0.6999   3.24   0.1823   0.0143     4.70  0    cut
 509  sn2005M       Ia-91T     0.6823   3.22   0.1799   0.0142     5.10  0    cut
 510  sn2005cf      Ia-norm    0.6904   3.19   0.1808   0.0142     4.50  0    cut
 511  sn2005cf      Ia-norm    0.7419   3.17   0.1804   0.0145     4.50  0    cut
 512  sn1995D       Ia-norm    0.6485   3.16   0.1844   0.0136     5.50  0    cut
 513  sn2002jy      Ia-norm    0.6999   3.15   0.1850   0.0146     6.00  0    cut
 514  sn2001ck      Ia-norm    0.6850   3.15   0.1841   0.0152     4.80  0    cut
 515  sn2007al      Ia-91bg    0.7229   3.14   0.1737   0.0171    10.10  0    cut
 516  sn2001ck      Ia-norm    0.7419   3.14   0.1837   0.0148     5.80  0    cut
 517  sn2008Z       Ia-norm    0.6837   3.13   0.1838   0.0155    10.30  0    cut
 518  sn2005hj      Ia-91T     0.6607   3.12   0.1892   0.0159     5.10  0    cut
 519  sn2001G       Ia-norm    0.6986   3.12   0.1868   0.0163     4.70  0    cut
 520  sn2006D       Ia-norm    0.6918   3.12   0.1835   0.0152     4.50  0    cut
 521  sn2007fb      Ia-norm    0.6796   3.12   0.1833   0.0136     5.60  0    cut
 522  sn2000cx      Ia-pec     0.6931   3.08   0.1988   0.0174     6.60  0    cut
 523  sn1997cn      Ia-91bg    0.6539   3.08   0.1724   0.0170    10.90  0    cut
 524  sn2005hf      Ia-norm    0.6579   3.07   0.1765   0.0156    11.00  0    cut
 525  sn2000cx      Ia-pec     0.7419   3.07   0.1986   0.0169     5.70  0    cut
 526  sn2005hf      Ia-norm    0.6607   3.04   0.1732   0.0166    12.90  0    cut
 527  sn2000cx      Ia-pec     0.7419   3.02   0.1999   0.0173     4.70  0    cut
 528  sn2005mz      Ia-91bg    0.6864   3.00   0.1684   0.0178    12.10  0    cut
 529  sn1997cn      Ia-91bg    0.6552   2.98   0.1703   0.0174    11.90  0    cut
 530  sn2005eu      Ia-norm    0.6688   2.98   0.1831   0.0162    10.30  0    cut
 531  sn2007fs      Ia-norm    0.6864   2.98   0.1834   0.0150     5.10  0    cut
 532  sn1996C       Ia-norm    0.7419   2.98   0.1807   0.0144     7.80  0    cut
 533  sn2006gz      Ia-pec     0.6769   2.95   0.1821   0.0161     8.20  0    cut
 534  sn2006H       Ia-91bg    0.6810   2.95   0.1706   0.0176    11.40  0    cut
 535  sn2005ke      Ia-91bg    0.6986   2.93   0.1691   0.0178     8.40  0    cut
 536  sn2003fa      Ia-91T     0.6796   2.93   0.1831   0.0157     7.80  0    cut
 537  sn2002es      Ia-91bg    0.6959   2.92   0.1623   0.0175    11.00  0    cut
 538  sn1994ae      Ia-norm    0.6431   2.92   0.1852   0.0146     5.00  0    cut
 539  sn2007ca      Ia-norm    0.6864   2.86   0.1833   0.0149     6.40  0    cut
 540  sn2002ic      Ia-csm     0.7419   2.83   0.1801   0.0171     5.60  0    cut
 541  sn2007al      Ia-91bg    0.6918   2.83   0.1711   0.0192     8.30  0    cut
 542  sn1996C       Ia-norm    0.6959   2.80   0.1829   0.0156     4.80  0    cut
 543  sn2006gz      Ia-pec     0.6796   2.77   0.1832   0.0167     7.30  0    cut
 544  sn1997cn      Ia-91bg    0.6566   2.76   0.1717   0.0176    14.00  0    cut
 545  sn2006cf      Ia-norm    0.6620   2.74   0.1819   0.0160     4.70  0    cut
 546  sn2005gj      Ia-csm     0.6282   2.72   0.1731   0.0191     7.70  0    cut
 547  sn2008bf      Ia-norm    0.6769   2.66   0.1869   0.0161     4.50  0    cut
 548  sn2005ke      Ia-91bg    0.6918   2.63   0.1684   0.0196    10.40  0    cut
 549  sn2007ca      Ia-norm    0.6904   2.62   0.1842   0.0156     5.50  0    cut
 550  sn2007al      Ia-91bg    0.6823   2.58   0.1721   0.0198    11.30  0    cut
 551  sn1997cn      Ia-91bg    0.6539   2.57   0.1707   0.0200    13.00  0    cut
 552  sn2008Z       Ia-norm    0.6810   2.57   0.1863   0.0176     7.60  0    cut
 553  sn2003fa      Ia-91T     0.6823   2.53   0.1834   0.0174     6.90  0    cut
 554  sn2005hf      Ia-norm    0.6593   2.51   0.1795   0.0161     8.20  0    cut
 555  sn2005ke      Ia-91bg    0.6999   2.51   0.1678   0.0205    11.40  0    cut
 556  sn2007bj      Ia-norm    0.6850   2.48   0.1837   0.0182    12.00  0    cut
 557  sn2006H       Ia-91bg    0.6864   2.47   0.1699   0.0202    13.40  0    cut
 558  sn2005cg      Ia-norm    0.4413   2.45   0.1855   0.0135     4.80  0    cut
 559  sn2005cg      Ia-norm    0.4400   2.44   0.1850   0.0139     6.70  0    cut
 560  sn2005eu      Ia-norm    0.6701   2.42   0.1852   0.0189     8.30  0    cut
 561  sn2005ke      Ia-91bg    0.6999   2.41   0.1679   0.0211    13.40  0    cut
 562  sn2006H       Ia-91bg    0.6891   2.40   0.1697   0.0197    14.30  0    cut
 563  sn2005bl      Ia-91bg    0.7419   2.39   0.1714   0.0236    12.60  0    cut
 564  sn2007al      Ia-91bg    0.6891   2.39   0.1708   0.0226    10.20  0    cut
 565  sn2007A       Ia-norm    0.6850   2.35   0.1822   0.0172     4.50  0    cut
 566  sn1991bg      Ia-91bg    0.7053   2.29   0.1701   0.0242    14.10  0    cut
 567  sn2000cx      Ia-pec     0.6227   2.26   0.1993   0.0216     6.60  0    cut
 568  sn2006H       Ia-91bg    0.6877   2.24   0.1679   0.0211    12.40  0    cut
 569  sn2000cx      Ia-pec     0.6227   2.15   0.0518   0.0245     8.60  0    cut
 570  sn2006gz      Ia-pec     0.5754   2.13   0.1851   0.0186     5.30  0    cut
 571  sn2000cx      Ia-pec     0.6214   2.12   0.0501   0.0263    10.60  0    cut
 572  sn2006cj      Ia-norm    0.6363   2.09   0.1860   0.0243     5.40  0    cut
 573  sn2007ax      Ia-91bg    0.6959   2.02   0.1677   0.0263    10.00  0    cut
 574  sn2006cj      Ia-norm    0.6390   1.86   0.1847   0.0224     4.40  0    cut
 575  sn2000cx      Ia-pec     0.6200   1.75   0.1853   0.0250    13.60  0    cut
 576  sn2005hj      Ia-91T     0.4671   1.29   0.2834   0.0167     9.90  0    cut
