### SNID output file ###
 
### input spectrum and options ###
# Input spectrum                 : 16232_11.80.dat
# Parameter file                 : NA
# Wavelength range               :    4000.00   9000.00
# Mask file                      : NA
# Median filtering width [A]     : NA
# Median filtering width [pix]   :       1.00
# Clip emission redshift         :     0.3743
# Clip sky lines                 : 0
# Emission clip width [A]        :       0.37
# Keep A-band                    : 1
# Age range                      :       6.80     16.80
# Delta range                    :      -9.99     99.90
# Min. number of spectra/template:   1
# Use only templates             : NA
# Use only types                 : Ia
# Avoid templates                : NA
# Avoid types                    : NA
# rlapmin                        :       5.00
# Redshift range                 :    -0.0100    1.2000
# Forced initial redshift        :     0.3743
# Extra fake redshift            : NA
# Nsigma for initial redshift    : NA
# Redshift filter                :     0.0200
# Wavenumbers k1,k2,k3,k4        :     1    4   85  102
# Template directory             : /home/djperrefort/snid-5.0/templates-2.0/
 
### initial/user-input redshift ###
zinit       0.0000
zuser       0.3743
 
### median redshift/age and error ###
zmed        0.3817    0.0038
agem         12.80      2.65
 
### type fraction/redshift/age ###
#type ntemp fraction slope redshift redshift_error age age_error
Ia              4      1.00    0.0000    0.3817    0.0038    12.800     2.650
Ia-norm         4      1.00    0.0000    0.3817    0.0038    12.800     2.650
Ia-91T          0      0.00    0.0000    0.0000    0.0000     0.000     0.000
Ia-91bg         0      0.00    0.0000    0.0000    0.0000     0.000     0.000
Ia-csm          0      0.00    0.0000    0.0000    0.0000     0.000     0.000
Ia-pec          0      0.00    0.0000    0.0000    0.0000     0.000     0.000
###
Ib              0      0.00    0.0000    0.0000    0.0000     0.000     0.000
Ib-norm         0      0.00    0.0000    0.0000    0.0000     0.000     0.000
Ib-pec          0      0.00    0.0000    0.0000    0.0000     0.000     0.000
IIb             0      0.00    0.0000    0.0000    0.0000     0.000     0.000
###
Ic              0      0.00    0.0000    0.0000    0.0000     0.000     0.000
Ic-norm         0      0.00    0.0000    0.0000    0.0000     0.000     0.000
Ic-pec          0      0.00    0.0000    0.0000    0.0000     0.000     0.000
Ic-broad        0      0.00    0.0000    0.0000    0.0000     0.000     0.000
###
II              0      0.00    0.0000    0.0000    0.0000     0.000     0.000
IIP             0      0.00    0.0000    0.0000    0.0000     0.000     0.000
II-pec          0      0.00    0.0000    0.0000    0.0000     0.000     0.000
IIn             0      0.00    0.0000    0.0000    0.0000     0.000     0.000
IIL             0      0.00    0.0000    0.0000    0.0000     0.000     0.000
###
NotSN           0      0.00    0.0000    0.0000    0.0000     0.000     0.000
AGN             0      0.00    0.0000    0.0000    0.0000     0.000     0.000
Gal             0      0.00    0.0000    0.0000    0.0000     0.000     0.000
LBV             0      0.00    0.0000    0.0000    0.0000     0.000     0.000
M-star          0      0.00    0.0000    0.0000    0.0000     0.000     0.000
 
### rlap-ordered template listings ###
#no. sn type lap rlap z zerr age age_flag grade
   1  sn2006X       Ia-norm    0.6241   5.41   0.3815   0.0095    14.20  0   good
   2  sn2006X       Ia-norm    0.6241   5.37   0.3820   0.0096    13.30  0   good
   3  sn2002dj      Ia-norm    0.6431   5.22   0.3777   0.0094    12.30  0   good
   4  sn2006X       Ia-norm    0.6268   5.04   0.3870   0.0100     8.20  0   good
#--- rlap cutoff
   5  sn2007qe      Ia-norm    0.6458   4.96   0.3823   0.0096    10.90  0    cut
   6  sn2008Z       Ia-norm    0.6403   4.95   0.3741   0.0087    10.30  0    cut
   7  sn2006X       Ia-norm    0.6241   4.92   0.3878   0.0101     7.30  0    cut
   8  sn2002dj      Ia-norm    0.6282   4.85   0.3752   0.0100    16.20  0    cut
   9  sn2008Z       Ia-norm    0.6417   4.85   0.3736   0.0092    12.30  0    cut
  10  sn1994ae      Ia-norm    0.6336   4.64   0.3708   0.0096     9.90  0    cut
  11  sn2005lu      Ia-norm    0.6458   4.63   0.3810   0.0103    16.60  0    cut
  12  sn1994ae      Ia-norm    0.6349   4.55   0.3714   0.0096     9.00  0    cut
  13  sn2006hb      Ia-91bg    0.6363   4.51   0.3682   0.0102    11.70  0    cut
  14  sn2006lf      Ia-norm    0.5970   4.48   0.3709   0.0097    11.30  0    cut
  15  sn2007sr      Ia-norm    0.6241   4.47   0.3754   0.0106    14.50  0    cut
  16  sn2007sr      Ia-norm    0.6241   4.47   0.3751   0.0107    15.60  0    cut
  17  sn2007qe      Ia-norm    0.6431   4.44   0.3836   0.0105     9.00  0    cut
  18  sn2008bf      Ia-norm    0.6431   4.43   0.3749   0.0096    10.40  0    cut
  19  sn2006cp      Ia-norm    0.6417   4.43   0.3792   0.0107     9.30  0    cut
  20  sn2006X       Ia-norm    0.5930   4.40   0.3850   0.0109    10.30  0    cut
  21  sn2002dj      Ia-norm    0.6309   4.38   0.3812   0.0109     8.00  0    cut
  22  sn2006hb      Ia-91bg    0.6363   4.37   0.3682   0.0104    10.70  0    cut
  23  sn1994ae      Ia-norm    0.6336   4.34   0.3716   0.0100     7.90  0    cut
  24  sn2007co      Ia-norm    0.6471   4.33   0.3763   0.0108    11.50  0    cut
  25  sn2007sr      Ia-norm    0.6241   4.32   0.3745   0.0110    16.50  0    cut
  26  sn2007co      Ia-norm    0.6471   4.32   0.3767   0.0109    10.50  0    cut
  27  sn2005eu      Ia-norm    0.6525   4.31   0.3745   0.0104    10.30  0    cut
  28  sn2007ca      Ia-norm    0.6322   4.31   0.3706   0.0096    11.40  0    cut
  29  sn2006hb      Ia-91bg    0.6376   4.30   0.3692   0.0102     9.70  0    cut
  30  sn1989B       Ia-norm    0.6309   4.29   0.3698   0.0106     8.60  0    cut
  31  sn2007S       Ia-91T     0.6336   4.28   0.3735   0.0108    12.10  0    cut
  32  sn2006X       Ia-norm    0.5930   4.27   0.3841   0.0112    11.20  0    cut
  33  sn2007le      Ia-norm    0.6241   4.24   0.3779   0.0109    10.40  0    cut
  34  sn2007le      Ia-norm    0.6268   4.24   0.3785   0.0109     9.50  0    cut
  35  sn2008bf      Ia-norm    0.6458   4.22   0.3743   0.0101    11.40  0    cut
  36  sn2007S       Ia-91T     0.6349   4.22   0.3726   0.0110    13.10  0    cut
  37  sn2003ic      Ia-norm    0.6079   4.20   0.3773   0.0102     7.20  0    cut
  38  sn2007ca      Ia-norm    0.6349   4.17   0.3716   0.0098     9.40  0    cut
  39  sn2006X       Ia-norm    0.5781   4.17   0.3823   0.0117    12.30  0    cut
  40  sn2007le      Ia-norm    0.6268   4.16   0.3778   0.0111    11.40  0    cut
  41  sn2007fb      Ia-norm    0.6403   4.14   0.3718   0.0107    10.60  0    cut
  42  sn2007le      Ia-norm    0.6268   4.13   0.3789   0.0111     8.40  0    cut
  43  sn2004fu      Ia-norm    0.6241   4.12   0.3740   0.0115    15.30  0    cut
  44  sn2002cd      Ia-norm    0.5645   4.11   0.3835   0.0122    15.10  0    cut
  45  sn2003du      Ia-norm    0.6349   4.10   0.3707   0.0099     7.90  0    cut
  46  sn2007qe      Ia-norm    0.6431   4.08   0.3846   0.0111     8.00  0    cut
  47  sn1989B       Ia-norm    0.6173   4.07   0.3679   0.0111    11.60  0    cut
  48  sn1989B       Ia-norm    0.6336   4.03   0.3681   0.0113    10.60  0    cut
  49  sn2007le      Ia-norm    0.6282   4.03   0.3770   0.0114    12.40  0    cut
  50  sn1995D       Ia-norm    0.6498   4.03   0.3722   0.0102     9.50  0    cut
  51  sn2007le      Ia-norm    0.6268   4.00   0.3766   0.0115    13.40  0    cut
  52  sn2003ic      Ia-norm    0.6079   4.00   0.3773   0.0110     8.00  0    cut
  53  sn2006al      Ia-norm    0.5862   4.00   0.3734   0.0114     9.10  0    cut
  54  sn2006ac      Ia-norm    0.6376   3.99   0.3778   0.0114     9.00  0    cut
  55  sn2003du      Ia-norm    0.6471   3.99   0.3711   0.0104     8.80  0    cut
  56  sn2007le      Ia-norm    0.6268   3.94   0.3794   0.0115     7.40  0    cut
  57  sn1995D       Ia-norm    0.6485   3.94   0.3719   0.0110    11.50  0    cut
  58  sn2007ca      Ia-norm    0.6322   3.93   0.3699   0.0109    13.30  0    cut
  59  sn2006N       Ia-norm    0.6322   3.92   0.3711   0.0109     8.50  0    cut
  60  sn2006hb      Ia-91bg    0.6363   3.91   0.3698   0.0113     8.70  0    cut
  61  sn2001E       Ia-norm    0.5727   3.91   0.3827   0.0122    14.60  0    cut
  62  sn2006ac      Ia-norm    0.6417   3.90   0.3759   0.0117    12.90  0    cut
  63  sn2003du      Ia-norm    0.6471   3.88   0.3702   0.0108     9.80  0    cut
  64  sn2006lf      Ia-norm    0.5713   3.87   0.3717   0.0114    10.30  0    cut
  65  sn2008C       Ia-norm    0.6376   3.86   0.3710   0.0119    12.30  0    cut
  66  sn2007le      Ia-norm    0.6268   3.86   0.3759   0.0119    14.40  0    cut
  67  sn2002bf      Ia-norm    0.5794   3.84   0.3819   0.0123    13.50  0    cut
  68  sn2007bd      Ia-norm    0.6525   3.83   0.3773   0.0116     8.40  0    cut
  69  sn2002bf      Ia-norm    0.5794   3.83   0.3829   0.0125    12.60  0    cut
  70  sn2006N       Ia-norm    0.6295   3.83   0.3717   0.0109     7.50  0    cut
  71  sn2002er      Ia-norm    0.6349   3.80   0.3750   0.0119    10.00  0    cut
  72  sn2006lf      Ia-norm    0.5727   3.79   0.3722   0.0114     9.30  0    cut
  73  sn2007le      Ia-norm    0.6282   3.79   0.3755   0.0120    15.40  0    cut
  74  sn2007le      Ia-norm    0.6282   3.79   0.3749   0.0121    16.40  0    cut
  75  sn2007bj      Ia-norm    0.6376   3.77   0.3773   0.0118    12.00  0    cut
  76  sn2003du      Ia-norm    0.6336   3.76   0.3706   0.0106     6.90  0    cut
  77  sn2007kk      Ia-norm    0.6634   3.76   0.3818   0.0121     9.80  0    cut
  78  sn2007co      Ia-norm    0.6485   3.76   0.3774   0.0120     8.60  0    cut
  79  sn1999ef      Ia-norm    0.5930   3.75   0.3743   0.0110     9.60  0    cut
  80  sn2002bo      Ia-norm    0.5578   3.75   0.3763   0.0129    11.60  0    cut
  81  sn1999ef      Ia-norm    0.5943   3.74   0.3747   0.0105     7.70  0    cut
  82  sn2006ac      Ia-norm    0.6390   3.74   0.3772   0.0119    10.00  0    cut
  83  sn1994D       Ia-norm    0.5591   3.73   0.3720   0.0116    10.80  0    cut
  84  sn2005ls      Ia-norm    0.6363   3.72   0.3742   0.0126    16.60  0    cut
  85  sn2002bo      Ia-norm    0.5564   3.72   0.3756   0.0130    12.50  0    cut
  86  sn1995al      Ia-norm    0.5645   3.71   0.3778   0.0126    13.30  0    cut
  87  sn2006ac      Ia-norm    0.6092   3.70   0.3772   0.0123    11.00  0    cut
  88  sn2002bf      Ia-norm    0.5794   3.68   0.3837   0.0127    11.70  0    cut
  89  sn2005kc      Ia-norm    0.6309   3.68   0.3674   0.0110     9.80  0    cut
  90  sn2006lf      Ia-norm    0.5997   3.67   0.3696   0.0114    13.20  0    cut
  91  sn1989B       Ia-norm    0.6187   3.67   0.3665   0.0116    12.60  0    cut
  92  sn2002er      Ia-norm    0.6322   3.67   0.3826   0.0136    11.80  0    cut
  93  sn2001gc      Ia-norm    0.5727   3.66   0.3810   0.0134    13.30  0    cut
  94  sn1995al      Ia-norm    0.5645   3.66   0.3761   0.0129    15.40  0    cut
  95  sn2004eo      Ia-norm    0.6309   3.65   0.3675   0.0125    11.70  0    cut
  96  sn2002bf      Ia-norm    0.5794   3.64   0.3803   0.0131    15.50  0    cut
  97  sn2001en      Ia-norm    0.5700   3.64   0.3756   0.0127    12.20  0    cut
  98  sn2002bo      Ia-norm    0.5564   3.64   0.3777   0.0132    10.40  0    cut
  99  sn1994D       Ia-norm    0.5172   3.64   0.3712   0.0115     9.60  0    cut
 100  sn2004bg      Ia-norm    0.5740   3.63   0.3703   0.0112    10.50  0    cut
 101  sn2006le      Ia-norm    0.6322   3.62   0.3756   0.0121    10.80  0    cut
 102  sn2007bm      Ia-norm    0.6268   3.62   0.3673   0.0115     9.60  0    cut
 103  sn2002bo      Ia-norm    0.5578   3.62   0.3749   0.0133    13.50  0    cut
 104  sn2006cp      Ia-norm    0.6403   3.61   0.3799   0.0128     7.30  0    cut
 105  sn2007jg      Ia-norm    0.5970   3.61   0.3770   0.0130    13.10  0    cut
 106  sn1998bu      Ia-norm    0.5564   3.60   0.3711   0.0120    11.40  0    cut
 107  sn2000fa      Ia-norm    0.5767   3.60   0.3750   0.0126    14.00  0    cut
 108  sn1995al      Ia-norm    0.5645   3.60   0.3754   0.0132    16.40  0    cut
 109  sn2006le      Ia-norm    0.6322   3.59   0.3764   0.0119     8.90  0    cut
 110  sn2006hb      Ia-91bg    0.6363   3.59   0.3704   0.0122     7.70  0    cut
 111  sn2005ls      Ia-norm    0.6363   3.59   0.3774   0.0130    10.80  0    cut
 112  sn2003hu      Ia-91T     0.6268   3.58   0.3735   0.0147     8.40  0    cut
 113  sn2007bj      Ia-norm    0.6336   3.58   0.3741   0.0119    14.90  0    cut
 114  sn2002er      Ia-norm    0.6715   3.57   0.3670   0.0121     8.80  0    cut
 115  sn1998dk      Ia-norm    0.5686   3.56   0.3778   0.0127    13.10  0    cut
 116  sn1998bu      Ia-norm    0.5564   3.56   0.3714   0.0118    10.40  0    cut
 117  sn2001ck      Ia-norm    0.5876   3.56   0.3714   0.0123    14.40  0    cut
 118  sn1995al      Ia-norm    0.7040   3.56   0.3773   0.0121    16.40  0    cut
 119  sn2007bc      Ia-norm    0.6417   3.55   0.3674   0.0120     7.30  0    cut
 120  sn2000B       Ia-norm    0.5740   3.55   0.3803   0.0130    13.60  0    cut
 121  sn2003kc      Ia-norm    0.5862   3.55   0.3742   0.0130    14.60  0    cut
 122  sn2008Z       Ia-norm    0.6431   3.55   0.3745   0.0106     7.60  0    cut
 123  sn1998V       Ia-norm    0.5713   3.54   0.3705   0.0126    12.10  0    cut
 124  sn2000dk      Ia-norm    0.5903   3.54   0.3682   0.0123     9.60  0    cut
 125  sn1998ec      Ia-norm    0.5754   3.54   0.3770   0.0131    11.70  0    cut
 126  sn1995D       Ia-norm    0.6444   3.54   0.3725   0.0108     7.50  0    cut
 127  sn1998V       Ia-norm    0.5727   3.53   0.3702   0.0124    13.10  0    cut
 128  sn2003cg      Ia-norm    0.6539   3.53   0.3710   0.0124     9.20  0    cut
 129  sn1999X       Ia-norm    0.5781   3.53   0.3707   0.0122    15.00  0    cut
 130  sn1997bq      Ia-norm    0.5700   3.52   0.3769   0.0135    11.20  0    cut
 131  sn2008bf      Ia-norm    0.6444   3.52   0.3734   0.0120    13.30  0    cut
 132  sn1998dk      Ia-norm    0.5686   3.51   0.3762   0.0132    16.10  0    cut
 133  sn2002bo      Ia-norm    0.5578   3.51   0.3741   0.0137    14.50  0    cut
 134  sn2006cj      Ia-norm    0.6850   3.51   0.3765   0.0115    11.00  0    cut
 135  sn2008bf      Ia-norm    0.6444   3.51   0.3756   0.0112     7.50  0    cut
 136  sn1998bu      Ia-norm    0.5564   3.51   0.3701   0.0124    12.40  0    cut
 137  sn2007af      Ia-norm    0.6268   3.50   0.3683   0.0118    10.20  0    cut
 138  sn2005eu      Ia-norm    0.6525   3.50   0.3741   0.0119     8.30  0    cut
 139  sn1996bo      Ia-norm    0.5754   3.49   0.3781   0.0138    11.10  0    cut
 140  sn2006ac      Ia-norm    0.5930   3.49   0.3749   0.0125    15.00  0    cut
 141  sn2003cg      Ia-norm    0.5578   3.49   0.3709   0.0122    10.80  0    cut
 142  sn2007fb      Ia-norm    0.6417   3.49   0.3711   0.0123    12.60  0    cut
 143  sn2004S       Ia-norm    0.6255   3.49   0.3696   0.0146    13.30  0    cut
 144  sn2002ck      Ia-norm    0.5794   3.48   0.3686   0.0126    11.90  0    cut
 145  sn2001bg      Ia-norm    0.5618   3.48   0.3733   0.0132    14.00  0    cut
 146  sn2007S       Ia-91T     0.6349   3.47   0.3752   0.0126     8.10  0    cut
 147  sn1995D       Ia-norm    0.6498   3.47   0.3701   0.0124    14.50  0    cut
 148  sn2007af      Ia-norm    0.6268   3.46   0.3681   0.0120    11.30  0    cut
 149  sn1998es      Ia-91T     0.6309   3.46   0.3695   0.0128    14.30  0    cut
 150  sn2002bf      Ia-norm    0.5794   3.46   0.3807   0.0135    14.60  0    cut
 151  sn2003cg      Ia-norm    0.6485   3.46   0.3715   0.0129    11.00  0    cut
 152  sn1996bl      Ia-norm    0.5957   3.46   0.3708   0.0133    13.30  0    cut
 153  sn1995al      Ia-norm    0.5645   3.46   0.3798   0.0128    10.40  0    cut
 154  sn1999ek      Ia-norm    0.5727   3.45   0.3693   0.0122     9.20  0    cut
 155  sn2002ha      Ia-norm    0.5700   3.45   0.3722   0.0118     9.60  0    cut
 156  sn2000fa      Ia-norm    0.5767   3.44   0.3740   0.0128    16.00  0    cut
 157  sn2003hv      Ia-norm    0.5916   3.44   0.3713   0.0112     8.20  0    cut
 158  sn2006le      Ia-norm    0.6322   3.44   0.3748   0.0127    12.80  0    cut
 159  sn1998dx      Ia-norm    0.6065   3.44   0.3735   0.0121     7.80  0    cut
 160  sn1997bq      Ia-norm    0.5686   3.44   0.3792   0.0135     9.20  0    cut
 161  sn2003fa      Ia-91T     0.5930   3.44   0.3696   0.0111    11.60  0    cut
 162  sn1996bo      Ia-norm    0.5767   3.44   0.3780   0.0135     9.20  0    cut
 163  sn2003kf      Ia-norm    0.5632   3.44   0.3725   0.0126    13.40  0    cut
 164  sn2001en      Ia-norm    0.5700   3.43   0.3768   0.0131    10.20  0    cut
 165  sn2004bg      Ia-norm    0.5740   3.43   0.3698   0.0125    12.50  0    cut
 166  sn2006gz      Ia-pec     0.6403   3.42   0.3703   0.0103    10.20  0    cut
 167  sn2001G       Ia-norm    0.5713   3.42   0.3750   0.0121    11.60  0    cut
 168  sn1998dm      Ia-norm    0.5618   3.42   0.3708   0.0126    14.40  0    cut
 169  sn2006hb      Ia-91bg    0.6349   3.42   0.3712   0.0125     6.80  0    cut
 170  sn2001V       Ia-91T     0.5700   3.41   0.3739   0.0126    12.50  0    cut
 171  sn2001V       Ia-91T     0.5700   3.41   0.3732   0.0129    13.50  0    cut
 172  sn2003it      Ia-norm    0.5781   3.40   0.3736   0.0118     9.50  0    cut
 173  sn2006gz      Ia-pec     0.6444   3.40   0.3711   0.0101     9.20  0    cut
 174  sn2002dj      Ia-norm    0.6701   3.39   0.3829   0.0129     9.30  0    cut
 175  sn1999X       Ia-norm    0.5781   3.39   0.3717   0.0122    13.10  0    cut
 176  sn2006gz      Ia-pec     0.6444   3.39   0.3715   0.0102     8.20  0    cut
 177  sn2001en      Ia-norm    0.5700   3.39   0.3743   0.0133    14.10  0    cut
 178  sn1996Z       Ia-norm    0.5659   3.39   0.3777   0.0136    10.10  0    cut
 179  sn2006gz      Ia-pec     0.6417   3.39   0.3702   0.0103    11.10  0    cut
 180  sn1999X       Ia-norm    0.5781   3.38   0.3694   0.0129    16.00  0    cut
 181  sn2003kf      Ia-norm    0.5632   3.38   0.3721   0.0129    14.40  0    cut
 182  sn1997do      Ia-norm    0.5645   3.38   0.3765   0.0131    14.20  0    cut
 183  sn2001V       Ia-91T     0.5700   3.38   0.3742   0.0124    11.30  0    cut
 184  sn1992A       Ia-norm    0.6106   3.38   0.3847   0.0123     6.90  0    cut
 185  sn2006gr      Ia-norm    0.6552   3.38   0.3811   0.0121     9.40  0    cut
 186  sn2005kc      Ia-norm    0.6309   3.37   0.3667   0.0119    11.60  0    cut
 187  sn2006le      Ia-norm    0.6322   3.37   0.3742   0.0132    13.80  0    cut
 188  sn1998dx      Ia-norm    0.6065   3.37   0.3734   0.0117    12.50  0    cut
 189  sn2001gc      Ia-norm    0.5713   3.36   0.3857   0.0142     7.30  0    cut
 190  sn2006ac      Ia-norm    0.6390   3.36   0.3788   0.0126     7.10  0    cut
 191  sn2002bo      Ia-norm    0.5591   3.36   0.3734   0.0141    15.40  0    cut
 192  sn2006le      Ia-norm    0.6322   3.36   0.3764   0.0128     7.90  0    cut
 193  sn2007co      Ia-norm    0.6485   3.36   0.3793   0.0131     7.50  0    cut
 194  sn1998bu      Ia-norm    0.5564   3.35   0.3720   0.0122     9.40  0    cut
 195  sn2002kf      Ia-norm    0.5740   3.34   0.3728   0.0134    13.90  0    cut
 196  sn2007af      Ia-norm    0.6268   3.34   0.3678   0.0124    12.30  0    cut
 197  sn2007kk      Ia-norm    0.6620   3.33   0.3830   0.0132     8.80  0    cut
 198  sn2001cp      Ia-norm    0.5754   3.33   0.3699   0.0128    16.50  0    cut
 199  sn1981B       Ia-norm    0.5727   3.33   0.3737   0.0138    15.40  0    cut
 200  sn2003kf      Ia-norm    0.5632   3.33   0.3717   0.0131    15.40  0    cut
 201  sn2007ap      Ia-norm    0.6336   3.33   0.3713   0.0123     7.40  0    cut
 202  sn2002dj      Ia-norm    0.5632   3.33   0.3799   0.0136     9.50  0    cut
 203  sn1998dk      Ia-norm    0.5686   3.33   0.3788   0.0130    11.10  0    cut
 204  sn1998dm      Ia-norm    0.5618   3.33   0.3717   0.0123    12.40  0    cut
 205  sn1997do      Ia-norm    0.5645   3.32   0.3776   0.0130    12.10  0    cut
 206  sn2002de      Ia-norm    0.5821   3.32   0.3753   0.0115     8.50  0    cut
 207  sn1997do      Ia-norm    0.5659   3.32   0.3761   0.0133    15.30  0    cut
 208  sn1998bu      Ia-norm    0.5564   3.31   0.3692   0.0130    13.40  0    cut
 209  sn2000fa      Ia-norm    0.5767   3.31   0.3769   0.0132    11.10  0    cut
 210  sn2005am      Ia-norm    0.6268   3.31   0.3747   0.0128     9.90  0    cut
 211  sn2003cg      Ia-norm    0.5578   3.31   0.3721   0.0128     9.80  0    cut
 212  sn2002kf      Ia-norm    0.5740   3.30   0.3743   0.0130    11.80  0    cut
 213  sn2003fa      Ia-91T     0.5930   3.30   0.3701   0.0119    10.70  0    cut
 214  sn2001V       Ia-91T     0.5700   3.30   0.3748   0.0123    10.50  0    cut
 215  sn2003cg      Ia-norm    0.6444   3.30   0.3698   0.0132    11.90  0    cut
 216  sn2002jy      Ia-norm    0.5727   3.29   0.3705   0.0132    15.80  0    cut
 217  sn2007hj      Ia-norm    0.6363   3.28   0.3743   0.0137     7.30  0    cut
 218  sn2006cj      Ia-norm    0.6850   3.28   0.3745   0.0118     9.10  0    cut
 219  sn2007ap      Ia-norm    0.6336   3.28   0.3698   0.0127    11.40  0    cut
 220  sn1998es      Ia-91T     0.6200   3.28   0.3692   0.0133    16.30  0    cut
 221  sn1992A       Ia-norm    0.7351   3.26   0.3841   0.0127    11.20  0    cut
 222  sn2002fk      Ia-norm    0.5632   3.26   0.3683   0.0115     9.40  0    cut
 223  sn2006gr      Ia-norm    0.6376   3.26   0.3797   0.0135    12.40  0    cut
 224  sn2006N       Ia-norm    0.6309   3.25   0.3700   0.0124    11.60  0    cut
 225  sn1997E       Ia-norm    0.5713   3.25   0.3687   0.0129    11.20  0    cut
 226  sn2003fa      Ia-91T     0.5930   3.24   0.3699   0.0125    13.50  0    cut
 227  sn1997do      Ia-norm    0.5645   3.24   0.3784   0.0131    11.10  0    cut
 228  sn2006cj      Ia-norm    0.6837   3.23   0.3770   0.0116     8.20  0    cut
 229  sn2005M       Ia-91T     0.6376   3.23   0.3669   0.0135    10.00  0    cut
 230  sn2006D       Ia-norm    0.7067   3.23   0.3666   0.0135    12.50  0    cut
 231  sn1991T       Ia-91T     0.6349   3.22   0.3701   0.0130     9.50  0    cut
 232  sn2005cf      Ia-norm    0.6309   3.22   0.3665   0.0133    14.10  0    cut
 233  sn2002bf      Ia-norm    0.5781   3.22   0.3862   0.0142    10.60  0    cut
 234  sn2006gz      Ia-pec     0.6431   3.22   0.3725   0.0104     7.30  0    cut
 235  sn1996C       Ia-norm    0.6810   3.22   0.3719   0.0116     7.80  0    cut
 236  sn2007fb      Ia-norm    0.6403   3.21   0.3701   0.0131    13.60  0    cut
 237  sn2008C       Ia-norm    0.6376   3.21   0.3725   0.0141     8.30  0    cut
 238  sn2007nq      Ia-norm    0.5727   3.21   0.3746   0.0133     9.20  0    cut
 239  sn1998V       Ia-norm    0.5727   3.21   0.3695   0.0136    15.00  0    cut
 240  sn2002dp      Ia-norm    0.5672   3.21   0.3689   0.0130    10.00  0    cut
 241  sn2006D       Ia-norm    0.5943   3.20   0.3694   0.0131    16.30  0    cut
 242  sn1999X       Ia-norm    0.5781   3.20   0.3711   0.0124    12.00  0    cut
 243  sn1999aa      Ia-91T     0.5686   3.20   0.3716   0.0138    14.60  0    cut
 244  sn2003du      Ia-norm    0.6227   3.20   0.3687   0.0127    12.70  0    cut
 245  sn1994ae      Ia-norm    0.7351   3.19   0.3767   0.0127     8.00  0    cut
 246  sn1994D       Ia-norm    0.5591   3.18   0.3709   0.0135    12.80  0    cut
 247  sn2001fh      Ia-norm    0.5659   3.18   0.3689   0.0136     9.10  0    cut
 248  sn2003iv      Ia-norm    0.5862   3.18   0.3708   0.0124     7.20  0    cut
 249  sn2005am      Ia-norm    0.6255   3.18   0.3745   0.0134    10.90  0    cut
 250  sn1994Q       Ia-norm    0.5605   3.18   0.3709   0.0140    11.80  0    cut
 251  sn2005hc      Ia-norm    0.6620   3.17   0.3737   0.0129    11.10  0    cut
 252  sn2008bf      Ia-norm    0.6458   3.17   0.3716   0.0128    16.20  0    cut
 253  sn2001V       Ia-91T     0.5700   3.17   0.3748   0.0123     9.50  0    cut
 254  sn2006le      Ia-norm    0.6024   3.17   0.3742   0.0137    14.70  0    cut
 255  sn2003fa      Ia-91T     0.5943   3.16   0.3677   0.0126    14.60  0    cut
 256  sn2005cf      Ia-norm    0.6471   3.16   0.3676   0.0133    12.20  0    cut
 257  sn2006H       Ia-91bg    0.6051   3.16   0.3631   0.0136     7.50  0    cut
 258  sn1999ej      Ia-norm    0.5686   3.16   0.3692   0.0123     8.10  0    cut
 259  sn2004as      Ia-norm    0.5848   3.16   0.3770   0.0136     8.60  0    cut
 260  sn1999cl      Ia-norm    0.5618   3.16   0.3771   0.0149     7.60  0    cut
 261  sn2002bo      Ia-norm    0.5578   3.16   0.3726   0.0149    16.40  0    cut
 262  sn2002dj      Ia-norm    0.5632   3.15   0.3734   0.0143    16.40  0    cut
 263  sn2002dp      Ia-norm    0.5672   3.15   0.3676   0.0135    13.00  0    cut
 264  sn2003hv      Ia-norm    0.5429   3.15   0.3704   0.0128    11.20  0    cut
 265  sn2001bg      Ia-norm    0.5618   3.15   0.3761   0.0136    10.00  0    cut
 266  sn2007bm      Ia-norm    0.6282   3.14   0.3658   0.0130    12.60  0    cut
 267  sn2005kc      Ia-norm    0.6024   3.14   0.3675   0.0130    15.60  0    cut
 268  sn1997do      Ia-norm    0.5645   3.14   0.3792   0.0134    10.20  0    cut
 269  sn1998dk      Ia-norm    0.5686   3.13   0.3797   0.0134    10.20  0    cut
 270  sn1994Q       Ia-norm    0.5605   3.13   0.3695   0.0138    12.80  0    cut
 271  sn2003fa      Ia-91T     0.5930   3.12   0.3686   0.0131    16.50  0    cut
 272  sn1999gd      Ia-norm    0.5713   3.12   0.3702   0.0130     7.90  0    cut
 273  sn1999aa      Ia-91T     0.5686   3.12   0.3721   0.0143    13.60  0    cut
 274  sn1999aa      Ia-91T     0.5781   3.12   0.3699   0.0138    14.50  0    cut
 275  sn2001E       Ia-norm    0.5740   3.12   0.3880   0.0137     7.70  0    cut
 276  sn1999ek      Ia-norm    0.5713   3.12   0.3685   0.0135    12.20  0    cut
 277  sn2003cg      Ia-norm    0.5591   3.12   0.3727   0.0128     8.80  0    cut
 278  sn2002bf      Ia-norm    0.5781   3.12   0.3807   0.0153    16.40  0    cut
 279  sn1996bo      Ia-norm    0.5781   3.11   0.3797   0.0142     7.10  0    cut
 280  sn2003kf      Ia-norm    0.5632   3.11   0.3740   0.0126    10.40  0    cut
 281  sn1999aa      Ia-91T     0.5700   3.10   0.3712   0.0142    15.60  0    cut
 282  sn2006le      Ia-norm    0.6038   3.09   0.3731   0.0139    16.70  0    cut
 283  sn1997bq      Ia-norm    0.7162   3.09   0.3801   0.0139    12.20  0    cut
 284  sn2005eq      Ia-91T     0.5605   3.09   0.3704   0.0140    14.00  0    cut
 285  sn1994Q       Ia-norm    0.6417   3.08   0.3758   0.0158    11.60  0    cut
 286  sn1989B       Ia-norm    0.6187   3.07   0.3657   0.0135    15.50  0    cut
 287  sn2001ck      Ia-norm    0.5876   3.07   0.3702   0.0131    16.30  0    cut
 288  sn2003du      Ia-norm    0.5605   3.06   0.3683   0.0138    16.00  0    cut
 289  sn2003fa      Ia-91T     0.5943   3.06   0.3700   0.0129    15.50  0    cut
 290  sn2003fa      Ia-91T     0.5943   3.06   0.3692   0.0117     8.70  0    cut
 291  sn2002hd      Ia-norm    0.5876   3.05   0.3685   0.0138    12.00  0    cut
 292  sn2008ar      Ia-norm    0.6471   3.05   0.3745   0.0143     7.20  0    cut
 293  sn2001cj      Ia-norm    0.7013   3.04   0.3714   0.0131    13.60  0    cut
 294  sn1990N       Ia-norm    0.6769   3.04   0.3707   0.0136    13.50  0    cut
 295  sn1999ac      Ia-91T     0.5916   3.03   0.3714   0.0138     7.80  0    cut
 296  sn1996Z       Ia-norm    0.5672   3.03   0.3789   0.0147     8.10  0    cut
 297  sn1998bu      Ia-norm    0.5564   3.03   0.3723   0.0128     8.40  0    cut
 298  sn2006le      Ia-norm    0.6322   3.03   0.3771   0.0135     6.90  0    cut
 299  sn2000cf      Ia-norm    0.5916   3.03   0.3644   0.0137    14.50  0    cut
 300  sn2005hf      Ia-norm    0.6607   3.02   0.3646   0.0109    12.00  0    cut
 301  sn1999ej      Ia-norm    0.5672   3.02   0.3679   0.0137    11.00  0    cut
 302  sn2002fk      Ia-norm    0.5632   3.01   0.3688   0.0116     8.30  0    cut
 303  sn2005am      Ia-norm    0.5943   3.01   0.3741   0.0139    11.80  0    cut
 304  sn2003it      Ia-norm    0.5794   3.00   0.3750   0.0128     8.50  0    cut
 305  sn1996Z       Ia-norm    0.5645   2.99   0.3751   0.0158    14.00  0    cut
 306  sn2003hu      Ia-91T     0.6255   2.99   0.3734   0.0158     7.50  0    cut
 307  sn2001eh      Ia-91T     0.5916   2.99   0.3744   0.0131     8.60  0    cut
 308  sn2005am      Ia-norm    0.6268   2.99   0.3760   0.0138     7.90  0    cut
 309  sn1999aa      Ia-91T     0.5700   2.98   0.3704   0.0145    16.60  0    cut
 310  sn2000fa      Ia-norm    0.5740   2.98   0.3780   0.0138     9.10  0    cut
 311  sn2000B       Ia-norm    0.5740   2.98   0.3844   0.0144     8.60  0    cut
 312  sn2000cn      Ia-91bg    0.5781   2.98   0.3721   0.0148     8.30  0    cut
 313  sn2002jy      Ia-norm    0.5740   2.98   0.3731   0.0122     9.90  0    cut
 314  sn1984A       Ia-norm    0.4928   2.97   0.3845   0.0167     8.10  0    cut
 315  sn1997br      Ia-91T     0.6539   2.97   0.3748   0.0133     7.20  0    cut
 316  sn2003du      Ia-norm    0.5794   2.97   0.3674   0.0139    16.80  0    cut
 317  sn1992A       Ia-norm    0.7351   2.97   0.3840   0.0135     8.20  0    cut
 318  sn2007fb      Ia-norm    0.6403   2.97   0.3696   0.0136    14.50  0    cut
 319  sn1997br      Ia-91T     0.5659   2.96   0.3725   0.0133     7.90  0    cut
 320  sn2001bf      Ia-norm    0.5659   2.95   0.3648   0.0134    12.50  0    cut
 321  sn2004as      Ia-norm    0.5862   2.95   0.3787   0.0144     7.60  0    cut
 322  sn2005be      Ia-norm    0.6539   2.95   0.3729   0.0131     7.70  0    cut
 323  sn2005cf      Ia-norm    0.6282   2.95   0.3665   0.0141    16.10  0    cut
 324  sn1989B       Ia-norm    0.6133   2.94   0.3661   0.0140    13.60  0    cut
 325  sn2008C       Ia-norm    0.7189   2.93   0.3746   0.0139    10.30  0    cut
 326  sn2006bt      Ia-norm    0.5808   2.93   0.3666   0.0143    16.30  0    cut
 327  sn1994Q       Ia-norm    0.5618   2.92   0.3717   0.0147    10.90  0    cut
 328  sn2006lf      Ia-norm    0.5591   2.91   0.3749   0.0123     7.30  0    cut
 329  sn2005cf      Ia-norm    0.6241   2.91   0.3669   0.0142    16.50  0    cut
 330  sn1996X       Ia-norm    0.5672   2.91   0.3730   0.0127     8.10  0    cut
 331  sn2001ay      Ia-norm    0.5835   2.91   0.3813   0.0145     9.00  0    cut
 332  sn2004eo      Ia-norm    0.6309   2.91   0.3656   0.0143    13.10  0    cut
 333  sn1995al      Ia-norm    0.5645   2.90   0.3814   0.0144     8.40  0    cut
 334  sn2001en      Ia-norm    0.5700   2.90   0.3781   0.0146     8.30  0    cut
 335  sn2000cn      Ia-91bg    0.5767   2.88   0.3703   0.0150    10.20  0    cut
 336  sn2004eo      Ia-norm    0.6309   2.87   0.3654   0.0143    14.70  0    cut
 337  sn2001ay      Ia-norm    0.6038   2.87   0.3819   0.0149     7.80  0    cut
 338  sn2004eo      Ia-norm    0.6593   2.87   0.3683   0.0141     7.80  0    cut
 339  sn1997br      Ia-91T     0.5672   2.87   0.3717   0.0141     9.90  0    cut
 340  sn2000ce      Ia-norm    0.5713   2.87   0.3754   0.0138     8.70  0    cut
 341  sn2005am      Ia-norm    0.6255   2.86   0.3764   0.0142     6.90  0    cut
 342  sn2003cg      Ia-norm    0.5591   2.83   0.3725   0.0138     7.70  0    cut
 343  sn1996X       Ia-norm    0.4495   2.83   0.3693   0.0147    11.90  0    cut
 344  sn1989B       Ia-norm    0.6173   2.82   0.3645   0.0142    16.50  0    cut
 345  sn2005am      Ia-norm    0.5903   2.80   0.3726   0.0149    14.80  0    cut
 346  sn1998co      Ia-norm    0.5727   2.80   0.3720   0.0143     6.90  0    cut
 347  sn1999ac      Ia-91T     0.6877   2.80   0.3666   0.0152    11.80  0    cut
 348  sn2001ay      Ia-norm    0.4725   2.79   0.3685   0.0148    16.50  0    cut
 349  sn2002ck      Ia-norm    0.5848   2.79   0.3667   0.0143    15.70  0    cut
 350  sn1998dm      Ia-norm    0.5618   2.79   0.3724   0.0125     9.50  0    cut
 351  sn2002jg      Ia-norm    0.5686   2.79   0.3701   0.0157     9.40  0    cut
 352  sn2005na      Ia-norm    0.6417   2.79   0.3666   0.0133    15.90  0    cut
 353  sn2001N       Ia-norm    0.5727   2.79   0.3826   0.0164     9.40  0    cut
 354  sn1997do      Ia-norm    0.5645   2.78   0.3796   0.0142     8.20  0    cut
 355  sn2003ch      Ia-norm    0.5767   2.78   0.3719   0.0161    13.50  0    cut
 356  sn2002eu      Ia-norm    0.5889   2.78   0.3695   0.0153    10.70  0    cut
 357  sn2002fk      Ia-norm    0.5632   2.77   0.3689   0.0117     7.40  0    cut
 358  sn1998ab      Ia-91T     0.6417   2.77   0.3712   0.0167     7.70  0    cut
 359  sn2007kk      Ia-norm    0.5835   2.77   0.3815   0.0143     7.90  0    cut
 360  sn1994M       Ia-norm    0.7351   2.76   0.3816   0.0152    12.50  0    cut
 361  sn2005cf      Ia-norm    0.6701   2.75   0.3684   0.0146    12.10  0    cut
 362  sn2003it      Ia-norm    0.5781   2.75   0.3750   0.0130     7.60  0    cut
 363  sn1994M       Ia-norm    0.6918   2.74   0.3760   0.0148    11.50  0    cut
 364  sn1998eg      Ia-norm    0.5781   2.73   0.3669   0.0150    16.80  0    cut
 365  sn2006eu      Ia-norm    0.6458   2.73   0.3747   0.0159     8.00  0    cut
 366  sn1991T       Ia-91T     0.6972   2.72   0.3704   0.0153    14.50  0    cut
 367  sn2003kf      Ia-norm    0.5632   2.72   0.3749   0.0129     8.50  0    cut
 368  sn1999ee      Ia-norm    0.6837   2.71   0.3785   0.0150    10.60  0    cut
 369  sn1994D       Ia-norm    0.5591   2.70   0.3694   0.0153    14.80  0    cut
 370  sn1995ak      Ia-norm    0.5835   2.68   0.3663   0.0145    13.40  0    cut
 371  sn2001N       Ia-norm    0.5727   2.67   0.3830   0.0172    10.40  0    cut
 372  sn1996X       Ia-norm    0.5672   2.66   0.3730   0.0132     7.10  0    cut
 373  sn2000E       Ia-norm    0.5456   2.66   0.3717   0.0146     7.50  0    cut
 374  sn2002ic      Ia-csm     0.5903   2.65   0.3673   0.0128     9.40  0    cut
 375  sn2002dp      Ia-norm    0.5672   2.65   0.3713   0.0142     7.10  0    cut
 376  sn2001da      Ia-norm    0.5727   2.64   0.3770   0.0159     7.80  0    cut
 377  sn2003fa      Ia-91T     0.5943   2.63   0.3703   0.0126     7.80  0    cut
 378  sn1996ai      Ia-norm    0.5632   2.63   0.3704   0.0164    15.10  0    cut
 379  sn2000cn      Ia-91bg    0.5781   2.63   0.3693   0.0158    12.20  0    cut
 380  sn1992A       Ia-norm    0.5794   2.63   0.3782   0.0158    15.80  0    cut
 381  sn2003cg      Ia-norm    0.5645   2.61   0.3734   0.0148     7.00  0    cut
 382  sn2007if      Ia-pec     0.6931   2.60   0.3648   0.0145     7.40  0    cut
 383  sn2006ak      Ia-norm    0.6566   2.59   0.3849   0.0165     7.30  0    cut
 384  sn1999ac      Ia-91T     0.5645   2.59   0.3686   0.0168    11.90  0    cut
 385  sn2003cg      Ia-norm    0.5564   2.57   0.3730   0.0143     6.80  0    cut
 386  sn1997Y       Ia-norm    0.5645   2.57   0.3715   0.0142     6.90  0    cut
 387  sn2001ep      Ia-norm    0.6864   2.56   0.3699   0.0148     7.70  0    cut
 388  sn2001ep      Ia-norm    0.5686   2.56   0.3692   0.0154     7.80  0    cut
 389  sn2002es      Ia-91bg    0.5700   2.55   0.3469   0.0148     9.00  0    cut
 390  sn1999ac      Ia-91T     0.5645   2.55   0.3692   0.0168    10.90  0    cut
 391  sn1999ac      Ia-91T     0.6918   2.55   0.3655   0.0165    16.80  0    cut
 392  sn2004dt      Ia-norm    0.6227   2.55   0.3798   0.0180     9.10  0    cut
 393  sn2006gz      Ia-pec     0.5740   2.54   0.3717   0.0115     8.20  0    cut
 394  sn2001fh      Ia-norm    0.5659   2.54   0.3707   0.0157     7.20  0    cut
 395  sn1995D       Ia-norm    0.7351   2.54   0.3688   0.0158    16.50  0    cut
 396  sn2000cu      Ia-norm    0.5713   2.54   0.3742   0.0163     7.30  0    cut
 397  sn2007bm      Ia-norm    0.6255   2.54   0.1706   0.0153    15.60  0    cut
 398  sn2007cg      Ia-norm    0.5578   2.52   0.3824   0.0150     7.50  0    cut
 399  sn2001ay      Ia-norm    0.5835   2.52   0.3835   0.0166     7.20  0    cut
 400  sn2002jy      Ia-norm    0.5740   2.52   0.3732   0.0130     8.00  0    cut
 401  sn2005hf      Ia-norm    0.6620   2.51   0.3647   0.0137    11.00  0    cut
 402  sn2006lf      Ia-norm    0.5578   2.51   0.3674   0.0160    16.10  0    cut
 403  sn1999ac      Ia-91T     0.6945   2.50   0.3726   0.0161     8.80  0    cut
 404  sn1996X       Ia-norm    0.7351   2.50   0.3727   0.0141     7.10  0    cut
 405  sn2002eu      Ia-norm    0.5903   2.49   0.3716   0.0150     7.80  0    cut
 406  sn2001ep      Ia-norm    0.5686   2.49   0.3695   0.0155     6.80  0    cut
 407  sn2002kf      Ia-norm    0.5740   2.47   0.3747   0.0141     8.00  0    cut
 408  sn2000bk      Ia-norm    0.5781   2.46   0.3712   0.0164    11.90  0    cut
 409  sn2001N       Ia-norm    0.5727   2.46   0.3816   0.0187    11.50  0    cut
 410  sn2005cf      Ia-norm    0.6986   2.46   0.3717   0.0152     9.40  0    cut
 411  sn1999ac      Ia-91T     0.5645   2.45   0.3701   0.0167    10.00  0    cut
 412  sn2007if      Ia-pec     0.7162   2.43   0.1713   0.0194    15.90  0    cut
 413  sn1999gh      Ia-norm    0.5618   2.41   0.3727   0.0183     8.40  0    cut
 414  sn2005hf      Ia-norm    0.6607   2.40   0.3672   0.0152     9.10  0    cut
 415  sn2005hf      Ia-norm    0.6634   2.39   0.3652   0.0151    14.90  0    cut
 416  sn2007al      Ia-91bg    0.5578   2.39   0.5753   0.0240    10.10  0    cut
 417  sn2005mz      Ia-91bg    0.6349   2.39   0.3608   0.0160    10.20  0    cut
 418  sn2006H       Ia-91bg    0.6160   2.39   0.3627   0.0161    10.40  0    cut
 419  sn1999ac      Ia-91T     0.5645   2.39   0.3703   0.0168     9.00  0    cut
 420  sn2006H       Ia-91bg    0.6322   2.38   0.3620   0.0163     9.60  0    cut
 421  sn2007if      Ia-pec     0.5185   2.38   0.3626   0.0156    10.30  0    cut
 422  sn1999gh      Ia-norm    0.5618   2.38   0.3731   0.0187     7.40  0    cut
 423  sn2000dg      Ia-norm    0.5916   2.37   0.1739   0.0157    16.60  0    cut
 424  sn1997br      Ia-91T     0.7189   2.36   0.3710   0.0166    11.90  0    cut
 425  sn2007hj      Ia-norm    0.5835   2.36   0.3708   0.0168    12.30  0    cut
 426  sn1995bd      Ia-91T     0.5740   2.36   0.3731   0.0180    10.60  0    cut
 427  sn2007hj      Ia-norm    0.7107   2.36   0.3733   0.0162     8.20  0    cut
 428  sn1999gh      Ia-norm    0.5618   2.35   0.3712   0.0184     9.40  0    cut
 429  sn2007ci      Ia-norm    0.6390   2.34   0.3655   0.0156    12.50  0    cut
 430  sn1999gp      Ia-91T     0.5821   2.33   0.3793   0.0159     6.90  0    cut
 431  sn1992A       Ia-norm    0.7121   2.33   0.3778   0.0167    16.80  0    cut
 432  sn1993ac      Ia-norm    0.7351   2.33   0.3856   0.0162     6.90  0    cut
 433  sn2002dl      Ia-91bg    0.5700   2.33   0.3648   0.0170    10.30  0    cut
 434  sn2000cx      Ia-pec     0.4996   2.32   0.3794   0.0248    13.60  0    cut
 435  sn2003hu      Ia-91T     0.5537   2.30   0.3713   0.0193    10.30  0    cut
 436  sn1998dm      Ia-norm    0.5618   2.30   0.3723   0.0131     7.40  0    cut
 437  sn2007al      Ia-91bg    0.6322   2.29   0.3547   0.0128    10.20  0    cut
 438  sn2004dt      Ia-norm    0.6051   2.29   0.3706   0.0157    16.40  0    cut
 439  sn2000cf      Ia-norm    0.5889   2.28   0.1698   0.0161    16.40  0    cut
 440  sn2004dt      Ia-norm    0.6674   2.27   0.3698   0.0168    14.00  0    cut
 441  sn2007if      Ia-pec     0.6945   2.26   0.1725   0.0203    13.90  0    cut
 442  sn2003cg      Ia-norm    0.6200   2.26   0.1728   0.0171    15.90  0    cut
 443  sn2003fa      Ia-91T     0.5943   2.22   0.3693   0.0138     6.90  0    cut
 444  sn1990N       Ia-norm    0.7080   2.22   0.3687   0.0168    16.70  0    cut
 445  sn2005hf      Ia-norm    0.6634   2.22   0.3641   0.0136    12.90  0    cut
 446  sn2007ux      Ia-norm    0.7311   2.21   0.1656   0.0170    15.50  0    cut
 447  sn2002jy      Ia-norm    0.5740   2.19   0.3726   0.0144     7.00  0    cut
 448  sn1999gh      Ia-norm    0.5618   2.18   0.3700   0.0192    11.40  0    cut
 449  sn2002cx      Ia-pec     0.5794   2.14   0.1600   0.0162    11.30  0    cut
 450  sn1999ee      Ia-norm    0.6837   2.14   0.1728   0.0197    15.70  0    cut
 451  sn2006H       Ia-91bg    0.6322   2.13   0.3602   0.0179    12.40  0    cut
 452  sn2007ax      Ia-91bg    0.5388   2.13   0.5760   0.0249    15.90  0    cut
 453  sn1994D       Ia-norm    0.5862   2.13   0.1718   0.0165    16.70  0    cut
 454  sn1991bg      Ia-91bg    0.6796   2.12   0.3615   0.0100    14.10  0    cut
 455  sn2001bf      Ia-norm    0.5700   2.10   0.3686   0.0190     7.60  0    cut
 456  sn1999gh      Ia-norm    0.5618   2.10   0.3696   0.0192    12.40  0    cut
 457  sn2006H       Ia-91bg    0.6160   2.09   0.3604   0.0159    11.40  0    cut
 458  sn2007hj      Ia-norm    0.5821   2.08   0.3694   0.0178    14.20  0    cut
 459  sn2005hk      Ia-pec     0.6309   2.08   0.1572   0.0150    14.40  0    cut
 460  sn2002hd      Ia-norm    0.5889   2.08   0.1721   0.0167    15.80  0    cut
 461  sn2007al      Ia-91bg    0.5659   2.08   0.5655   0.0320    11.30  0    cut
 462  sn1999by      Ia-91bg    0.5564   2.06   0.5763   0.0278     7.90  0    cut
 463  sn2007al      Ia-91bg    0.6322   2.05   0.5774   0.0250     8.30  0    cut
 464  sn2002er      Ia-norm    0.6850   2.04   0.1702   0.0205    14.90  0    cut
 465  sn2002er      Ia-norm    0.6850   2.03   0.1702   0.0206    15.80  0    cut
 466  sn1999by      Ia-91bg    0.5578   2.01   0.5777   0.0286     6.90  0    cut
 467  sn2007if      Ia-pec     0.5090   2.01   0.3615   0.0174    13.10  0    cut
 468  sn2007if      Ia-pec     0.6403   2.01   0.1719   0.0205     9.40  0    cut
 469  sn2007if      Ia-pec     0.7148   2.00   0.1757   0.0225    14.10  0    cut
 470  sn2005hf      Ia-norm    0.6620   1.98   0.3680   0.0161     8.20  0    cut
 471  sn1997br      Ia-91T     0.5618   1.97   0.3673   0.0193    16.80  0    cut
 472  sn1997cn      Ia-91bg    0.5239   1.96   0.5790   0.0247    10.90  0    cut
 473  sn2005ke      Ia-91bg    0.5943   1.94   0.5753   0.0268    10.40  0    cut
 474  sn2001el      Ia-norm    0.6715   1.91   0.3844   0.0219     9.10  0    cut
 475  sn2001bf      Ia-norm    0.7135   1.89   0.3846   0.0220     8.70  0    cut
 476  sn2006H       Ia-91bg    0.6309   1.88   0.3604   0.0167    14.30  0    cut
 477  sn2005ke      Ia-91bg    0.6227   1.87   0.5749   0.0254     8.40  0    cut
 478  sn2005ke      Ia-91bg    0.6173   1.87   0.5758   0.0276    11.40  0    cut
 479  sn2007ax      Ia-91bg    0.6295   1.86   0.5792   0.0297    10.00  0    cut
 480  sn2002es      Ia-91bg    0.5713   1.84   0.5646   0.0179    11.00  0    cut
 481  sn2005ke      Ia-91bg    0.6214   1.83   0.5778   0.0284    13.40  0    cut
 482  sn2006H       Ia-91bg    0.5916   1.82   0.3603   0.0170    13.40  0    cut
 483  sn2000cx      Ia-pec     0.4996   1.81   0.3784   0.0331    10.60  0    cut
 484  sn2005bl      Ia-91bg    0.5957   1.77   0.5803   0.0332    12.60  0    cut
 485  sn2007if      Ia-pec     0.5253   1.72   0.3616   0.0191    15.70  0    cut
 486  sn2004S       Ia-norm    0.5970   1.65   0.1711   0.0225    13.90  0    cut
 487  sn2006te      Ia-norm    0.6552   1.65   0.7562   0.0265    12.30  0    cut
 488  sn2007ci      Ia-norm    0.6390   1.63   0.3646   0.0189    16.50  0    cut
 489  sn2006H       Ia-91bg    0.5645   1.61   0.5820   0.0314    15.30  0    cut
 490  sn2007if      Ia-pec     0.7311   1.61   0.1817   0.0251     9.40  0    cut
 491  sn2006H       Ia-91bg    0.5727   1.57   0.3637   0.0149    16.30  0    cut
 492  sn2002do      Ia-norm    0.5713   1.56   0.5539   0.0279    16.70  0    cut
 493  sn2005cf      Ia-norm    0.6674   1.55   0.3734   0.0224     7.20  0    cut
 494  sn1997cn      Ia-91bg    0.5226   1.50   0.5824   0.0287    11.90  0    cut
 495  sn2005cc      Ia-pec     0.5090   1.50   0.2810   0.0105    14.70  0    cut
 496  sn1995E       Ia-norm    0.7324   1.46   0.3788   0.0102     8.90  0    cut
 497  sn2005hk      Ia-pec     0.5713   1.44   0.3448   0.0170    14.30  0    cut
 498  sn2000cx      Ia-pec     0.4982   1.40   0.3775   0.0427     8.60  0    cut
 499  sn2005mz      Ia-91bg    0.5794   1.38   0.5780   0.0392    12.10  0    cut
 500  sn2005gj      Ia-csm     0.5672   1.37   0.3656   0.0173    10.40  0    cut
 501  sn1998bp      Ia-norm    0.5632   1.25   0.3609   0.0226    14.80  0    cut
 502  sn1997cn      Ia-91bg    0.5226   1.25   0.5835   0.0356    13.00  0    cut
 503  sn1997cn      Ia-91bg    0.5239   1.24   0.5805   0.0163    14.00  0    cut
 504  sn1998bp      Ia-norm    0.5659   1.20   0.5802   0.0301    12.90  0    cut
 505  sn2005hk      Ia-pec     0.4928   1.12   0.3442   0.0208    12.40  0    cut
 506  sn2005cc      Ia-pec     0.5469   1.11   0.3463   0.0205     9.50  0    cut
 507  sn2004S       Ia-norm    0.7040   1.01   0.5868   0.0399     7.40  0    cut
 508  sn1997cn      Ia-91bg    0.5212   0.91   0.3617   0.0164    15.80  0    cut
 509  sn1991bg      Ia-91bg    0.4413   0.88   0.3588   0.0165    15.80  0    cut
 510  sn2005gj      Ia-csm     0.5686   0.87   0.6374   0.0355     7.70  0    cut
 511  sn2002cx      Ia-pec     0.4088   0.84   0.2833   0.0161    15.20  0    cut
 512  sn1997cn      Ia-91bg    0.5226   0.81   0.2800   0.0480    15.00  0    cut
