### SNID output file ###
 
### input spectrum and options ###
# Input spectrum                 : 17528_8.10.dat
# Parameter file                 : NA
# Wavelength range               :    4000.00   9000.00
# Mask file                      : NA
# Median filtering width [A]     : NA
# Median filtering width [pix]   :       1.00
# Clip emission redshift         :     0.3587
# Clip sky lines                 : 0
# Emission clip width [A]        :       0.36
# Keep A-band                    : 1
# Age range                      :       3.10     13.10
# Delta range                    :      -9.99     99.90
# Min. number of spectra/template:   1
# Use only templates             : NA
# Use only types                 : Ia
# Avoid templates                : NA
# Avoid types                    : NA
# rlapmin                        :       5.00
# Redshift range                 :    -0.0100    1.2000
# Forced initial redshift        :     0.3587
# Extra fake redshift            : NA
# Nsigma for initial redshift    : NA
# Redshift filter                :     0.0200
# Wavenumbers k1,k2,k3,k4        :     1    4   85  102
# Template directory             : /home/djperrefort/snid-5.0/templates-2.0/
 
### initial/user-input redshift ###
zinit       0.0000
zuser       0.3587
 
### median redshift/age and error ###
zmed        0.3718    0.0056
agem          6.25      2.25
 
### type fraction/redshift/age ###
#type ntemp fraction slope redshift redshift_error age age_error
Ia              4      1.00    0.0000    0.3718    0.0056     6.250     2.249
Ia-norm         3      0.75    0.2500    0.3729    0.0014     5.300     1.473
Ia-91T          0      0.00    0.0000    0.0000    0.0000     0.000     0.000
Ia-91bg         0      0.00    0.0000    0.0000    0.0000     0.000     0.000
Ia-csm          1      0.25    0.0000    0.3612    0.0000     9.400     0.000
Ia-pec          0      0.00    0.0000    0.0000    0.0000     0.000     0.000
###
Ib              0      0.00    0.0000    0.0000    0.0000     0.000     0.000
Ib-norm         0      0.00    0.0000    0.0000    0.0000     0.000     0.000
Ib-pec          0      0.00    0.0000    0.0000    0.0000     0.000     0.000
IIb             0      0.00    0.0000    0.0000    0.0000     0.000     0.000
###
Ic              0      0.00    0.0000    0.0000    0.0000     0.000     0.000
Ic-norm         0      0.00    0.0000    0.0000    0.0000     0.000     0.000
Ic-pec          0      0.00    0.0000    0.0000    0.0000     0.000     0.000
Ic-broad        0      0.00    0.0000    0.0000    0.0000     0.000     0.000
###
II              0      0.00    0.0000    0.0000    0.0000     0.000     0.000
IIP             0      0.00    0.0000    0.0000    0.0000     0.000     0.000
II-pec          0      0.00    0.0000    0.0000    0.0000     0.000     0.000
IIn             0      0.00    0.0000    0.0000    0.0000     0.000     0.000
IIL             0      0.00    0.0000    0.0000    0.0000     0.000     0.000
###
NotSN           0      0.00    0.0000    0.0000    0.0000     0.000     0.000
AGN             0      0.00    0.0000    0.0000    0.0000     0.000     0.000
Gal             0      0.00    0.0000    0.0000    0.0000     0.000     0.000
LBV             0      0.00    0.0000    0.0000    0.0000     0.000     0.000
M-star          0      0.00    0.0000    0.0000    0.0000     0.000     0.000
 
### rlap-ordered template listings ###
#no. sn type lap rlap z zerr age age_flag grade
   1  sn2003ic      Ia-norm    0.6268   6.04   0.3729   0.0085     5.30  0   good
   2  sn2003ic      Ia-norm    0.6268   5.72   0.3731   0.0085     4.30  0   good
   3  sn2003ic      Ia-norm    0.6268   5.44   0.3707   0.0096     7.20  0   good
   4  sn2002ic      Ia-csm     0.6092   5.08   0.3612   0.0104     9.40  0   good
#--- rlap cutoff
   5  sn2003ic      Ia-norm    0.6268   4.24   0.3733   0.0112     3.40  0    cut
   6  sn2003ic      Ia-norm    0.6268   4.19   0.3705   0.0132     8.00  0    cut
   7  sn2005eu      Ia-norm    0.6715   4.10   0.3681   0.0111     8.30  0    cut
   8  sn1998ab      Ia-91T     0.6607   4.07   0.3628   0.0131     7.70  0    cut
   9  sn2001N       Ia-norm    0.5916   4.05   0.3698   0.0109    11.50  0    cut
  10  sn2005eu      Ia-norm    0.6715   3.99   0.3661   0.0128    10.30  0    cut
  11  sn2008Z       Ia-norm    0.6593   3.97   0.3676   0.0124    10.30  0    cut
  12  sn1984A       Ia-norm    0.5117   3.84   0.3756   0.0156     8.10  0    cut
  13  sn2007if      Ia-pec     0.5375   3.81   0.3484   0.0129    10.30  0    cut
  14  sn2006cj      Ia-norm    0.7053   3.76   0.3714   0.0135     5.40  0    cut
  15  sn2003hu      Ia-91T     0.6444   3.73   0.3683   0.0135     7.50  0    cut
  16  sn2001N       Ia-norm    0.5916   3.70   0.3701   0.0111    10.40  0    cut
  17  sn2007if      Ia-pec     0.7622   3.70   0.3446   0.0137     6.60  0    cut
  18  sn2002dj      Ia-norm    0.6498   3.67   0.3734   0.0133     8.00  0    cut
  19  sn2006cj      Ia-norm    0.7040   3.67   0.3695   0.0114     9.10  0    cut
  20  sn1999ef      Ia-norm    0.6133   3.66   0.3706   0.0126     7.70  0    cut
  21  sn2007if      Ia-pec     0.7879   3.66   0.3405   0.0141     6.10  0    cut
  22  sn2007if      Ia-pec     0.7622   3.66   0.3435   0.0169     4.70  0    cut
  23  sn2007kk      Ia-norm    0.6810   3.65   0.3738   0.0133     8.80  0    cut
  24  sn2006gz      Ia-pec     0.6593   3.64   0.3617   0.0106    10.20  0    cut
  25  sn1999ef      Ia-norm    0.6133   3.63   0.3709   0.0122     6.70  0    cut
  26  sn2008Z       Ia-norm    0.6620   3.61   0.3691   0.0124     7.60  0    cut
  27  sn2005hf      Ia-norm    0.6810   3.60   0.3668   0.0091     8.20  0    cut
  28  sn2006gz      Ia-pec     0.6607   3.59   0.3609   0.0113    11.10  0    cut
  29  sn2002de      Ia-norm    0.6011   3.58   0.3715   0.0128     8.50  0    cut
  30  sn2007cg      Ia-norm    0.5781   3.57   0.3761   0.0120     5.50  0    cut
  31  sn2006cp      Ia-norm    0.6607   3.54   0.3708   0.0138     9.30  0    cut
  32  sn2006gz      Ia-pec     0.5943   3.54   0.3688   0.0110     6.20  0    cut
  33  sn2007kk      Ia-norm    0.6823   3.53   0.3741   0.0133     9.80  0    cut
  34  sn2006gz      Ia-pec     0.6634   3.53   0.3627   0.0111     9.20  0    cut
  35  sn2006gz      Ia-pec     0.6620   3.52   0.3653   0.0114     7.30  0    cut
  36  sn2007if      Ia-pec     0.7121   3.52   0.3504   0.0116     7.40  0    cut
  37  sn2006gz      Ia-pec     0.6634   3.51   0.3641   0.0115     8.20  0    cut
  38  sn2006X       Ia-norm    0.6417   3.51   0.3798   0.0147     6.20  0    cut
  39  sn2006X       Ia-norm    0.6458   3.50   0.3783   0.0141     8.20  0    cut
  40  sn2006cj      Ia-norm    0.7026   3.49   0.3686   0.0117     8.20  0    cut
  41  sn2006et      Ia-norm    0.6620   3.49   0.3691   0.0131     6.30  0    cut
  42  sn2007qe      Ia-norm    0.6620   3.49   0.3757   0.0134     9.00  0    cut
  43  sn2006al      Ia-norm    0.6051   3.47   0.3661   0.0119     9.10  0    cut
  44  sn2005hf      Ia-norm    0.6823   3.47   0.3656   0.0126    12.90  0    cut
  45  sn2006X       Ia-norm    0.6431   3.47   0.3789   0.0145     7.30  0    cut
  46  sn2006N       Ia-norm    0.6485   3.47   0.3635   0.0107     7.50  0    cut
  47  sn2007le      Ia-norm    0.6458   3.46   0.3727   0.0134     7.40  0    cut
  48  sn2007le      Ia-norm    0.6458   3.46   0.3720   0.0137     8.40  0    cut
  49  sn2007S       Ia-91T     0.6539   3.45   0.3675   0.0142     8.10  0    cut
  50  sn2006N       Ia-norm    0.6498   3.45   0.3639   0.0107     6.50  0    cut
  51  sn2006X       Ia-norm    0.6417   3.42   0.3809   0.0148     5.20  0    cut
  52  sn2006N       Ia-norm    0.6512   3.41   0.3628   0.0106     8.50  0    cut
  53  sn2002cd      Ia-norm    0.5848   3.41   0.3850   0.0154     3.20  0    cut
  54  sn2002ck      Ia-norm    0.6038   3.39   0.3679   0.0130     4.20  0    cut
  55  sn2006cp      Ia-norm    0.6593   3.39   0.3715   0.0141     7.30  0    cut
  56  sn2002de      Ia-norm    0.6011   3.37   0.3729   0.0118     3.70  0    cut
  57  sn2006gz      Ia-pec     0.5930   3.34   0.3665   0.0122     8.20  0    cut
  58  sn2002bf      Ia-norm    0.5970   3.33   0.3770   0.0144     4.80  0    cut
  59  sn1994ae      Ia-norm    0.6539   3.32   0.3642   0.0130     9.00  0    cut
  60  sn2007qe      Ia-norm    0.6620   3.32   0.3763   0.0143     8.00  0    cut
  61  sn2003hu      Ia-91T     0.5727   3.32   0.3669   0.0155    10.30  0    cut
  62  sn1999bh      Ia-91bg    0.5307   3.30   0.3426   0.0118     5.10  0    cut
  63  sn2007bm      Ia-norm    0.6471   3.29   0.3600   0.0126     6.60  0    cut
  64  sn2002ic      Ia-csm     0.7568   3.28   0.3596   0.0235     5.60  0    cut
  65  sn2006al      Ia-norm    0.6282   3.28   0.3642   0.0110     6.30  0    cut
  66  sn2007le      Ia-norm    0.6458   3.27   0.3714   0.0145     9.50  0    cut
  67  sn2006ac      Ia-norm    0.6566   3.27   0.3685   0.0126     9.00  0    cut
  68  sn2005hf      Ia-norm    0.6796   3.26   0.3647   0.0109     9.10  0    cut
  69  sn2007if      Ia-pec     0.5280   3.26   0.3461   0.0148    13.10  0    cut
  70  sn2007kk      Ia-norm    0.6024   3.26   0.3757   0.0136     7.90  0    cut
  71  sn2002bf      Ia-norm    0.5970   3.26   0.3732   0.0118    10.60  0    cut
  72  sn1996C       Ia-norm    0.6051   3.23   0.3668   0.0121     4.80  0    cut
  73  sn2006N       Ia-norm    0.6485   3.23   0.3652   0.0109     4.60  0    cut
  74  sn1994ae      Ia-norm    0.6525   3.23   0.3648   0.0133     7.90  0    cut
  75  sn2002bf      Ia-norm    0.5984   3.21   0.3793   0.0140     5.70  0    cut
  76  sn2006ac      Ia-norm    0.6579   3.21   0.3699   0.0124     7.10  0    cut
  77  sn2006X       Ia-norm    0.6403   3.21   0.3819   0.0158     4.20  0    cut
  78  sn2006le      Ia-norm    0.6512   3.20   0.3689   0.0147     8.90  0    cut
  79  sn2007le      Ia-norm    0.6471   3.19   0.3734   0.0136     5.40  0    cut
  80  sn2006le      Ia-norm    0.6512   3.18   0.3694   0.0147     7.90  0    cut
  81  sn2002eu      Ia-norm    0.6079   3.18   0.3583   0.0137    10.70  0    cut
  82  sn2005kc      Ia-norm    0.6485   3.17   0.3599   0.0122     6.70  0    cut
  83  sn2007qe      Ia-norm    0.6647   3.17   0.3745   0.0154    10.90  0    cut
  84  sn1994ae      Ia-norm    0.6525   3.17   0.3636   0.0137     9.90  0    cut
  85  sn2007cg      Ia-norm    0.5781   3.16   0.3766   0.0146     6.50  0    cut
  86  sn2008Z       Ia-norm    0.6607   3.15   0.3646   0.0154    12.30  0    cut
  87  sn2005M       Ia-91T     0.6566   3.15   0.3582   0.0156    10.00  0    cut
  88  sn2006N       Ia-norm    0.6512   3.13   0.3646   0.0109     5.60  0    cut
  89  sn2001fh      Ia-norm    0.5848   3.12   0.3586   0.0156     9.10  0    cut
  90  sn2007if      Ia-pec     0.7121   3.12   0.3524   0.0188     5.60  0    cut
  91  sn2006gr      Ia-norm    0.6742   3.11   0.3724   0.0159     9.40  0    cut
  92  sn1998co      Ia-norm    0.5916   3.11   0.3616   0.0125     6.90  0    cut
  93  sn2001fe      Ia-norm    0.5876   3.11   0.3711   0.0135     6.20  0    cut
  94  sn2007ca      Ia-norm    0.6539   3.11   0.3634   0.0130     9.40  0    cut
  95  sn2007cg      Ia-norm    0.5767   3.10   0.3760   0.0146     7.50  0    cut
  96  sn1999gp      Ia-91T     0.6011   3.10   0.3729   0.0153     6.90  0    cut
  97  sn2005kc      Ia-norm    0.6498   3.10   0.3575   0.0119     9.80  0    cut
  98  sn2003hv      Ia-norm    0.6106   3.09   0.3623   0.0129     8.20  0    cut
  99  sn2002dj      Ia-norm    0.6620   3.09   0.3708   0.0167    12.30  0    cut
 100  sn2002dj      Ia-norm    0.6891   3.08   0.3774   0.0144     9.30  0    cut
 101  sn1998dx      Ia-norm    0.6255   3.08   0.3661   0.0125     7.80  0    cut
 102  sn2006le      Ia-norm    0.6512   3.07   0.3700   0.0147     6.90  0    cut
 103  sn2008C       Ia-norm    0.6566   3.07   0.3643   0.0137     8.30  0    cut
 104  sn2008C       Ia-norm    0.6566   3.06   0.3672   0.0130     4.40  0    cut
 105  sn2007fb      Ia-norm    0.6593   3.06   0.3614   0.0119    10.60  0    cut
 106  sn2007le      Ia-norm    0.6431   3.06   0.3704   0.0156    10.40  0    cut
 107  sn2007S       Ia-91T     0.6539   3.05   0.3633   0.0175    13.10  0    cut
 108  sn2006ac      Ia-norm    0.6431   3.05   0.3702   0.0133     6.20  0    cut
 109  sn2006cp      Ia-norm    0.6593   3.05   0.3726   0.0149     6.30  0    cut
 110  sn2007kk      Ia-norm    0.6810   3.04   0.3787   0.0139     5.00  0    cut
 111  sn2001E       Ia-norm    0.5930   3.03   0.3804   0.0152     7.70  0    cut
 112  sn2007ca      Ia-norm    0.6512   3.02   0.3622   0.0137    11.40  0    cut
 113  sn2005hf      Ia-norm    0.6810   3.02   0.3626   0.0147    11.00  0    cut
 114  sn2001ck      Ia-norm    0.7554   3.02   0.3708   0.0147     5.80  0    cut
 115  sn2003cg      Ia-norm    0.6363   3.02   0.3667   0.0135     4.00  0    cut
 116  sn1999aa      Ia-91T     0.5320   3.02   0.3698   0.0161     6.70  0    cut
 117  sn2006hb      Ia-91bg    0.6566   3.02   0.3621   0.0118     9.70  0    cut
 118  sn2006cf      Ia-norm    0.6796   3.01   0.3668   0.0133     6.50  0    cut
 119  sn2007bc      Ia-norm    0.6607   3.01   0.3581   0.0118     7.30  0    cut
 120  sn2003du      Ia-norm    0.6661   3.01   0.3630   0.0137     8.80  0    cut
 121  sn2007ap      Ia-norm    0.6525   3.00   0.3624   0.0116     7.40  0    cut
 122  sn2003fa      Ia-91T     0.6133   3.00   0.3659   0.0154     8.70  0    cut
 123  sn2003iv      Ia-norm    0.6051   2.99   0.3622   0.0140     7.20  0    cut
 124  sn2001N       Ia-norm    0.5916   2.98   0.3693   0.0143     9.40  0    cut
 125  sn2006le      Ia-norm    0.6498   2.98   0.3709   0.0147     5.90  0    cut
 126  sn2005na      Ia-norm    0.6566   2.98   0.3653   0.0147     3.40  0    cut
 127  sn2001gc      Ia-norm    0.5903   2.97   0.3819   0.0183     4.40  0    cut
 128  sn1991T       Ia-91T     0.6539   2.97   0.3594   0.0166     9.50  0    cut
 129  sn2002bf      Ia-norm    0.5984   2.96   0.3787   0.0159     6.70  0    cut
 130  sn1998co      Ia-norm    0.5916   2.96   0.3643   0.0129     3.90  0    cut
 131  sn1996bo      Ia-norm    0.5970   2.95   0.3727   0.0147     5.20  0    cut
 132  sn2001gc      Ia-norm    0.5903   2.95   0.3800   0.0205     7.30  0    cut
 133  sn2007bm      Ia-norm    0.6458   2.95   0.3562   0.0136     9.60  0    cut
 134  sn2003du      Ia-norm    0.6539   2.94   0.3628   0.0140     7.90  0    cut
 135  sn2001fh      Ia-norm    0.5848   2.94   0.3606   0.0146     7.20  0    cut
 136  sn1997br      Ia-91T     0.6728   2.94   0.3689   0.0159     7.20  0    cut
 137  sn2007kk      Ia-norm    0.6823   2.93   0.3763   0.0156     5.90  0    cut
 138  sn2008bf      Ia-norm    0.6620   2.93   0.3660   0.0145    10.40  0    cut
 139  sn2003it      Ia-norm    0.5984   2.93   0.3676   0.0129     8.50  0    cut
 140  sn2005am      Ia-norm    0.6458   2.93   0.3650   0.0127     7.90  0    cut
 141  sn2003fa      Ia-91T     0.6119   2.93   0.3642   0.0156    10.70  0    cut
 142  sn1996C       Ia-norm    0.6999   2.92   0.3659   0.0125     7.80  0    cut
 143  sn2005hj      Ia-91T     0.5144   2.92   0.3694   0.0142     5.10  0    cut
 144  sn2001gc      Ia-norm    0.5916   2.91   0.3823   0.0187     5.30  0    cut
 145  sn2007co      Ia-norm    0.6674   2.91   0.3671   0.0136     8.60  0    cut
 146  sn1997br      Ia-91T     0.5848   2.89   0.3620   0.0160     7.90  0    cut
 147  sn2006lf      Ia-norm    0.6160   2.88   0.3606   0.0165    11.30  0    cut
 148  sn2005am      Ia-norm    0.6458   2.88   0.3631   0.0131     9.90  0    cut
 149  sn2005ls      Ia-norm    0.6552   2.87   0.3653   0.0175    10.80  0    cut
 150  sn1999ef      Ia-norm    0.6119   2.85   0.3691   0.0163     9.60  0    cut
 151  sn1992A       Ia-norm    0.6701   2.85   0.3757   0.0133     5.90  0    cut
 152  sn1999ee      Ia-norm    0.6742   2.85   0.3728   0.0162     6.70  0    cut
 153  sn2007co      Ia-norm    0.6674   2.85   0.3680   0.0145     7.50  0    cut
 154  sn2006hb      Ia-91bg    0.6552   2.85   0.3589   0.0139    10.70  0    cut
 155  sn2003fa      Ia-91T     0.6133   2.84   0.3662   0.0152     7.80  0    cut
 156  sn2005M       Ia-91T     0.6566   2.84   0.3610   0.0160     5.10  0    cut
 157  sn2007S       Ia-91T     0.6512   2.84   0.3701   0.0167     6.20  0    cut
 158  sn2007bc      Ia-norm    0.6593   2.84   0.3583   0.0135     6.20  0    cut
 159  sn1996bo      Ia-norm    0.5970   2.84   0.3727   0.0150     3.30  0    cut
 160  sn1989B       Ia-norm    0.6498   2.84   0.3600   0.0138     8.60  0    cut
 161  sn2008bf      Ia-norm    0.6634   2.84   0.3688   0.0145     7.50  0    cut
 162  sn2001eh      Ia-91T     0.6106   2.83   0.3704   0.0165     5.70  0    cut
 163  sn2007if      Ia-pec     0.7500   2.83   0.3444   0.0274     9.40  0    cut
 164  sn2005hk      Ia-pec     0.5442   2.83   0.3376   0.0146     3.60  0    cut
 165  sn2007fs      Ia-norm    0.6566   2.83   0.3657   0.0140     5.10  0    cut
 166  sn1999X       Ia-norm    0.5970   2.83   0.3625   0.0151    12.00  0    cut
 167  sn2001bf      Ia-norm    0.7324   2.82   0.3599   0.0126     8.70  0    cut
 168  sn2007S       Ia-91T     0.6525   2.82   0.3612   0.0173    12.10  0    cut
 169  sn2007co      Ia-norm    0.6688   2.82   0.3684   0.0130     6.60  0    cut
 170  sn2003cg      Ia-norm    0.6728   2.82   0.3626   0.0156     9.20  0    cut
 171  sn2007ca      Ia-norm    0.6552   2.81   0.3655   0.0132     6.40  0    cut
 172  sn1998dx      Ia-norm    0.6255   2.81   0.3665   0.0131     5.90  0    cut
 173  sn2006hb      Ia-91bg    0.6552   2.81   0.3582   0.0145    11.70  0    cut
 174  sn1994ae      Ia-norm    0.6525   2.80   0.3671   0.0146     5.00  0    cut
 175  sn2005cc      Ia-pec     0.5862   2.80   0.3339   0.0114     4.60  0    cut
 176  sn2003cg      Ia-norm    0.5754   2.80   0.3671   0.0147     6.80  0    cut
 177  sn2002eu      Ia-norm    0.6092   2.80   0.3593   0.0141     7.80  0    cut
 178  sn2007co      Ia-norm    0.6674   2.80   0.3695   0.0142     5.70  0    cut
 179  sn2008L       Ia-norm    0.6593   2.79   0.3673   0.0126     5.60  0    cut
 180  sn2007ux      Ia-norm    0.6688   2.79   0.3637   0.0129     5.80  0    cut
 181  sn2002eu      Ia-norm    0.6092   2.79   0.3646   0.0126     5.00  0    cut
 182  sn2007co      Ia-norm    0.6661   2.79   0.3653   0.0142    11.50  0    cut
 183  sn2007af      Ia-norm    0.6458   2.79   0.3610   0.0124     5.40  0    cut
 184  sn2005am      Ia-norm    0.6444   2.79   0.3658   0.0131     6.90  0    cut
 185  sn2003it      Ia-norm    0.5970   2.78   0.3656   0.0137     9.50  0    cut
 186  sn1989B       Ia-norm    0.6322   2.78   0.3627   0.0154     6.60  0    cut
 187  sn2001gc      Ia-norm    0.5916   2.78   0.3823   0.0197     3.40  0    cut
 188  sn1996bo      Ia-norm    0.5970   2.78   0.3722   0.0147     7.10  0    cut
 189  sn2007bd      Ia-norm    0.6715   2.77   0.3683   0.0155     8.40  0    cut
 190  sn1995E       Ia-norm    0.6742   2.77   0.3645   0.0125     5.90  0    cut
 191  sn2003du      Ia-norm    0.6661   2.77   0.3622   0.0149     9.80  0    cut
 192  sn1995D       Ia-norm    0.6634   2.77   0.3652   0.0150     7.50  0    cut
 193  sn1997bp      Ia-norm    0.5862   2.77   0.3836   0.0180     3.80  0    cut
 194  sn2007af      Ia-norm    0.6458   2.76   0.3572   0.0127    10.20  0    cut
 195  sn2007co      Ia-norm    0.6661   2.76   0.3664   0.0166    10.50  0    cut
 196  sn2006al      Ia-norm    0.6959   2.76   0.3727   0.0132     4.30  0    cut
 197  sn2008R       Ia-91bg    0.6525   2.76   0.3600   0.0122     5.30  0    cut
 198  sn2003hv      Ia-norm    0.5239   2.76   0.3675   0.0133     3.20  0    cut
 199  sn2001ck      Ia-norm    0.6079   2.76   0.3688   0.0139     4.80  0    cut
 200  sn2007kk      Ia-norm    0.6796   2.76   0.3779   0.0159     4.10  0    cut
 201  sn2006le      Ia-norm    0.6512   2.75   0.3662   0.0180    10.80  0    cut
 202  sn2003du      Ia-norm    0.6525   2.75   0.3632   0.0145     6.90  0    cut
 203  sn1999gd      Ia-norm    0.5903   2.74   0.3618   0.0140     7.90  0    cut
 204  sn2006ac      Ia-norm    0.6579   2.74   0.3681   0.0147    10.00  0    cut
 205  sn2006H       Ia-91bg    0.6349   2.74   0.3525   0.0165    10.40  0    cut
 206  sn1996X       Ia-norm    0.4684   2.74   0.3578   0.0169    11.90  0    cut
 207  sn2005am      Ia-norm    0.6444   2.74   0.3626   0.0142    10.90  0    cut
 208  sn2000cx      Ia-pec     0.5185   2.74   0.3824   0.0174     6.60  0    cut
 209  sn2004eo      Ia-norm    0.6498   2.73   0.3545   0.0142    11.70  0    cut
 210  sn2007bc      Ia-norm    0.6607   2.73   0.3605   0.0139     4.30  0    cut
 211  sn1999ek      Ia-norm    0.5916   2.73   0.3597   0.0142     9.20  0    cut
 212  sn2005hc      Ia-norm    0.6810   2.73   0.3691   0.0158     6.30  0    cut
 213  sn2003it      Ia-norm    0.5970   2.72   0.3675   0.0135     7.60  0    cut
 214  sn2005kc      Ia-norm    0.6498   2.72   0.3558   0.0124    11.60  0    cut
 215  sn2005mc      Ia-norm    0.6593   2.72   0.3582   0.0132     5.60  0    cut
 216  sn1992A       Ia-norm    0.6295   2.72   0.3760   0.0144     6.90  0    cut
 217  sn2007af      Ia-norm    0.6458   2.71   0.3619   0.0128     4.30  0    cut
 218  sn2002dl      Ia-91bg    0.5889   2.71   0.3527   0.0239    10.30  0    cut
 219  sn2006gj      Ia-norm    0.6674   2.70   0.3627   0.0120     3.20  0    cut
 220  sn2007le      Ia-norm    0.6458   2.70   0.3701   0.0176    11.40  0    cut
 221  sn2001eh      Ia-91T     0.6106   2.70   0.3673   0.0175     8.60  0    cut
 222  sn1995E       Ia-norm    0.7514   2.70   0.3636   0.0277     8.90  0    cut
 223  sn2003cg      Ia-norm    0.5781   2.70   0.3670   0.0160     7.70  0    cut
 224  sn2004L       Ia-norm    0.6065   2.70   0.3647   0.0157     5.30  0    cut
 225  sn2003iv      Ia-norm    0.6051   2.69   0.3660   0.0136     3.40  0    cut
 226  sn2007A       Ia-norm    0.6566   2.69   0.3651   0.0146     4.50  0    cut
 227  sn2001V       Ia-91T     0.5889   2.69   0.3685   0.0165     9.50  0    cut
 228  sn2007fs      Ia-norm    0.6566   2.69   0.3669   0.0141     4.10  0    cut
 229  sn1999ej      Ia-norm    0.5876   2.69   0.3578   0.0143     8.10  0    cut
 230  sn2003fa      Ia-91T     0.6119   2.68   0.3635   0.0176    11.60  0    cut
 231  sn1999ac      Ia-91T     0.6106   2.68   0.3623   0.0151     7.80  0    cut
 232  sn1995D       Ia-norm    0.6688   2.68   0.3635   0.0162     9.50  0    cut
 233  sn1997Y       Ia-norm    0.5835   2.67   0.3621   0.0151     6.90  0    cut
 234  sn2006cf      Ia-norm    0.6796   2.67   0.3672   0.0148     4.70  0    cut
 235  sn2007ap      Ia-norm    0.6525   2.67   0.3594   0.0132    11.40  0    cut
 236  sn2001eh      Ia-91T     0.6106   2.66   0.3716   0.0171     4.70  0    cut
 237  sn2007co      Ia-norm    0.6647   2.66   0.3704   0.0149     4.60  0    cut
 238  sn2007ca      Ia-norm    0.6525   2.65   0.3654   0.0144     5.50  0    cut
 239  sn2000B       Ia-norm    0.5930   2.65   0.3740   0.0150     8.60  0    cut
 240  sn2006lf      Ia-norm    0.5916   2.65   0.3627   0.0144     9.30  0    cut
 241  sn2003ch      Ia-norm    0.5970   2.64   0.3599   0.0152     6.70  0    cut
 242  sn2006hb      Ia-91bg    0.6552   2.64   0.3610   0.0133     8.70  0    cut
 243  sn2005am      Ia-norm    0.6133   2.64   0.3617   0.0170    11.80  0    cut
 244  sn1994ae      Ia-norm    0.6525   2.64   0.3678   0.0151     4.00  0    cut
 245  sn1999X       Ia-norm    0.5970   2.64   0.3624   0.0159    13.10  0    cut
 246  sn2007nq      Ia-norm    0.5916   2.64   0.3632   0.0165     9.20  0    cut
 247  sn2004bk      Ia-norm    0.5970   2.64   0.3734   0.0166     6.40  0    cut
 248  sn2004as      Ia-norm    0.6051   2.63   0.3701   0.0166     5.80  0    cut
 249  sn2005be      Ia-norm    0.6728   2.62   0.3638   0.0131     7.70  0    cut
 250  sn2007nq      Ia-norm    0.6850   2.62   0.3672   0.0132     6.30  0    cut
 251  sn2007af      Ia-norm    0.6458   2.62   0.3626   0.0133     3.30  0    cut
 252  sn2003cg      Ia-norm    0.5767   2.62   0.3645   0.0175     9.80  0    cut
 253  sn2008bf      Ia-norm    0.6647   2.62   0.3643   0.0170    11.40  0    cut
 254  sn2007fb      Ia-norm    0.6593   2.62   0.3658   0.0133     5.60  0    cut
 255  sn2003it      Ia-norm    0.5970   2.61   0.3677   0.0138     6.60  0    cut
 256  sn1995al      Ia-norm    0.5821   2.61   0.3768   0.0178     6.40  0    cut
 257  sn2006ac      Ia-norm    0.6282   2.61   0.3673   0.0171    11.00  0    cut
 258  sn2002jg      Ia-norm    0.5876   2.61   0.3614   0.0174     9.40  0    cut
 259  sn2006H       Ia-91bg    0.6241   2.61   0.3538   0.0223     7.50  0    cut
 260  sn2007af      Ia-norm    0.6458   2.60   0.3565   0.0136    11.30  0    cut
 261  sn2006bq      Ia-norm    0.6593   2.60   0.3775   0.0179     5.30  0    cut
 262  sn2006lf      Ia-norm    0.5930   2.59   0.3655   0.0142     6.30  0    cut
 263  sn2004L       Ia-norm    0.6065   2.59   0.3668   0.0155     3.40  0    cut
 264  sn2006hb      Ia-91bg    0.6552   2.59   0.3614   0.0130     7.70  0    cut
 265  sn2005gj      Ia-csm     0.5862   2.58   0.3437   0.0215    10.40  0    cut
 266  sn2006le      Ia-norm    0.6498   2.58   0.3726   0.0167     3.90  0    cut
 267  sn1998dk      Ia-norm    0.5876   2.57   0.3705   0.0166    10.20  0    cut
 268  sn2005hc      Ia-norm    0.6783   2.57   0.3693   0.0162     5.40  0    cut
 269  sn2002es      Ia-91bg    0.5903   2.57   0.3443   0.0216     4.10  0    cut
 270  sn2004eo      Ia-norm    0.6783   2.57   0.3587   0.0143     7.80  0    cut
 271  sn2007hj      Ia-norm    0.6552   2.57   0.3633   0.0165     6.30  0    cut
 272  sn2006H       Ia-91bg    0.6512   2.57   0.3545   0.0225     9.60  0    cut
 273  sn2006hb      Ia-91bg    0.6539   2.57   0.3627   0.0135     6.80  0    cut
 274  sn2007kk      Ia-norm    0.6796   2.56   0.3780   0.0168     3.20  0    cut
 275  sn1999gh      Ia-norm    0.5808   2.56   0.3547   0.0219    12.40  0    cut
 276  sn2000dk      Ia-norm    0.6092   2.56   0.3550   0.0203     9.60  0    cut
 277  sn2006X       Ia-norm    0.6119   2.56   0.3773   0.0192    10.30  0    cut
 278  sn1995al      Ia-norm    0.5835   2.56   0.3757   0.0182     8.40  0    cut
 279  sn2000cx      Ia-pec     0.5754   2.55   0.3843   0.0200     6.60  0    cut
 280  sn2005am      Ia-norm    0.6431   2.55   0.3678   0.0142     4.90  0    cut
 281  sn1999gp      Ia-91T     0.6011   2.54   0.3736   0.0186     4.90  0    cut
 282  sn2007hj      Ia-norm    0.6552   2.54   0.3617   0.0175     7.30  0    cut
 283  sn2001bf      Ia-norm    0.5889   2.54   0.3632   0.0133     4.70  0    cut
 284  sn2002jg      Ia-norm    0.5903   2.54   0.3635   0.0127     4.50  0    cut
 285  sn2001fh      Ia-norm    0.5848   2.54   0.3642   0.0141     4.20  0    cut
 286  sn1996X       Ia-norm    0.5862   2.54   0.3624   0.0140     8.10  0    cut
 287  sn2007hj      Ia-norm    0.6552   2.53   0.3661   0.0155     3.40  0    cut
 288  sn2004bg      Ia-norm    0.5943   2.53   0.3654   0.0140     5.70  0    cut
 289  sn2006bt      Ia-norm    0.6701   2.53   0.3688   0.0135     4.70  0    cut
 290  sn1997E       Ia-norm    0.5903   2.52   0.3558   0.0175    11.20  0    cut
 291  sn2002dj      Ia-norm    0.5821   2.52   0.3726   0.0188     9.50  0    cut
 292  sn2005ke      Ia-91bg    0.6363   2.52   0.3513   0.0161     6.40  0    cut
 293  sn1999gh      Ia-norm    0.5808   2.52   0.3554   0.0233    11.40  0    cut
 294  sn1997bq      Ia-norm    0.5876   2.52   0.3706   0.0207     9.20  0    cut
 295  sn2001V       Ia-91T     0.5889   2.52   0.3686   0.0175    10.50  0    cut
 296  sn2002bf      Ia-norm    0.5984   2.52   0.3726   0.0162    11.70  0    cut
 297  sn2003it      Ia-norm    0.5984   2.52   0.3683   0.0138     5.70  0    cut
 298  sn2002jy      Ia-norm    0.5930   2.51   0.3666   0.0158     9.90  0    cut
 299  sn1999dq      Ia-91T     0.5862   2.51   0.3686   0.0183     5.40  0    cut
 300  sn2000fa      Ia-norm    0.5930   2.51   0.3717   0.0167     9.10  0    cut
 301  sn2006mo      Ia-norm    0.6755   2.51   0.3636   0.0142     5.20  0    cut
 302  sn1989B       Ia-norm    0.6403   2.51   0.3640   0.0156     4.60  0    cut
 303  sn1995E       Ia-norm    0.6200   2.51   0.3673   0.0156     3.90  0    cut
 304  sn2008ar      Ia-norm    0.6661   2.50   0.3663   0.0178     7.20  0    cut
 305  sn2004ef      Ia-norm    0.6674   2.50   0.3689   0.0171     6.30  0    cut
 306  sn2006sr      Ia-norm    0.6620   2.49   0.3704   0.0143     3.90  0    cut
 307  sn2002jy      Ia-norm    0.5930   2.49   0.3675   0.0153     8.00  0    cut
 308  sn1997br      Ia-91T     0.5862   2.49   0.3596   0.0181     9.90  0    cut
 309  sn2004eo      Ia-norm    0.6498   2.48   0.3522   0.0143    13.10  0    cut
 310  sn2006lf      Ia-norm    0.5930   2.48   0.3667   0.0138     5.30  0    cut
 311  sn2001G       Ia-norm    0.5903   2.47   0.3714   0.0155     4.70  0    cut
 312  sn1996X       Ia-norm    0.5862   2.47   0.3631   0.0140     7.10  0    cut
 313  sn2002ha      Ia-norm    0.5889   2.47   0.3622   0.0152     9.60  0    cut
 314  sn2001fe      Ia-norm    0.5876   2.47   0.3713   0.0155     3.20  0    cut
 315  sn2003fa      Ia-91T     0.6133   2.47   0.3656   0.0168     6.90  0    cut
 316  sn2005el      Ia-norm    0.6525   2.47   0.3648   0.0143     4.00  0    cut
 317  sn2000cf      Ia-norm    0.6106   2.47   0.3605   0.0154     3.90  0    cut
 318  sn1995D       Ia-norm    0.6674   2.46   0.3664   0.0160     5.50  0    cut
 319  sn2000bk      Ia-norm    0.5970   2.46   0.3572   0.0203    11.90  0    cut
 320  sn2003cg      Ia-norm    0.5781   2.46   0.3648   0.0180     8.80  0    cut
 321  sn2006ac      Ia-norm    0.6607   2.46   0.3659   0.0174    12.90  0    cut
 322  sn2008af      Ia-norm    0.6728   2.46   0.3706   0.0163     5.90  0    cut
 323  sn2007hj      Ia-norm    0.6552   2.46   0.3655   0.0166     4.40  0    cut
 324  sn2006cf      Ia-norm    0.6796   2.45   0.3678   0.0164     3.70  0    cut
 325  sn2008C       Ia-norm    0.6566   2.45   0.3593   0.0188    12.30  0    cut
 326  sn2003cg      Ia-norm    0.6674   2.45   0.3624   0.0173    11.00  0    cut
 327  sn2004as      Ia-norm    0.6038   2.45   0.3682   0.0185     6.60  0    cut
 328  sn1998dk      Ia-norm    0.5876   2.45   0.3699   0.0179    11.10  0    cut
 329  sn2004fu      Ia-norm    0.6485   2.45   0.3721   0.0156     3.40  0    cut
 330  sn2004gs      Ia-norm    0.6634   2.45   0.3632   0.0152     3.60  0    cut
 331  sn2004as      Ia-norm    0.6051   2.44   0.3688   0.0196     7.60  0    cut
 332  sn2006cj      Ia-norm    0.7013   2.44   0.3735   0.0160     4.40  0    cut
 333  sn2002jy      Ia-norm    0.5930   2.44   0.3678   0.0145     7.00  0    cut
 334  sn1999cl      Ia-norm    0.5808   2.44   0.3681   0.0208     7.60  0    cut
 335  sn2006eq      Ia-norm    0.5957   2.43   0.3657   0.0167     4.70  0    cut
 336  sn2007bm      Ia-norm    0.6471   2.43   0.3530   0.0146    12.60  0    cut
 337  sn2007hj      Ia-norm    0.6024   2.43   0.3545   0.0310    12.30  0    cut
 338  sn2000E       Ia-norm    0.5645   2.43   0.3660   0.0200     7.50  0    cut
 339  sn1999gh      Ia-norm    0.5808   2.43   0.3582   0.0199     7.40  0    cut
 340  sn2000cx      Ia-pec     0.5172   2.43   0.3819   0.0200     8.60  0    cut
 341  sn2007ae      Ia-norm    0.6255   2.43   0.3688   0.0184     3.30  0    cut
 342  sn1999ek      Ia-norm    0.5916   2.43   0.3654   0.0148     3.30  0    cut
 343  sn2001bf      Ia-norm    0.5889   2.43   0.3613   0.0141     7.60  0    cut
 344  sn2007af      Ia-norm    0.6458   2.42   0.3553   0.0144    12.30  0    cut
 345  sn2007co      Ia-norm    0.6661   2.42   0.3711   0.0172     3.70  0    cut
 346  sn2006bt      Ia-norm    0.6688   2.42   0.3685   0.0152     5.70  0    cut
 347  sn2007le      Ia-norm    0.6471   2.42   0.3690   0.0202    12.40  0    cut
 348  sn2006lf      Ia-norm    0.5781   2.42   0.3626   0.0141     7.30  0    cut
 349  sn1999ej      Ia-norm    0.5862   2.42   0.3542   0.0171    11.00  0    cut
 350  sn2006cj      Ia-norm    0.7040   2.42   0.3668   0.0218    11.00  0    cut
 351  sn1994T       Ia-norm    0.5334   2.41   0.3681   0.0220     4.70  0    cut
 352  sn2001eh      Ia-91T     0.6106   2.41   0.3713   0.0181     3.70  0    cut
 353  sn2008bf      Ia-norm    0.6634   2.41   0.3708   0.0162     4.50  0    cut
 354  sn2000fa      Ia-norm    0.5957   2.41   0.3734   0.0165     4.20  0    cut
 355  sn2003cg      Ia-norm    0.5767   2.40   0.3613   0.0188    10.80  0    cut
 356  sn1998eg      Ia-norm    0.5984   2.40   0.3661   0.0145     4.10  0    cut
 357  sn2000cn      Ia-91bg    0.5970   2.40   0.3535   0.0259    12.20  0    cut
 358  sn2007fb      Ia-norm    0.6607   2.39   0.3606   0.0151    12.60  0    cut
 359  sn2006em      Ia-91bg    0.6607   2.39   0.3552   0.0149     3.70  0    cut
 360  sn2007bj      Ia-norm    0.6566   2.39   0.3699   0.0200    12.00  0    cut
 361  sn2006H       Ia-91bg    0.6512   2.39   0.3619   0.0229     6.50  0    cut
 362  sn1999gh      Ia-norm    0.5808   2.39   0.3583   0.0213     8.40  0    cut
 363  sn2005hc      Ia-norm    0.6810   2.39   0.3612   0.0288    11.10  0    cut
 364  sn1999gh      Ia-norm    0.5808   2.38   0.3564   0.0234     9.40  0    cut
 365  sn2004fu      Ia-norm    0.6458   2.38   0.3718   0.0159     4.40  0    cut
 366  sn2000ce      Ia-norm    0.5903   2.38   0.3688   0.0196     8.70  0    cut
 367  sn2007ca      Ia-norm    0.6539   2.37   0.3667   0.0156     3.40  0    cut
 368  sn2004as      Ia-norm    0.6038   2.37   0.3675   0.0196     8.60  0    cut
 369  sn2001en      Ia-norm    0.5889   2.37   0.3699   0.0178     8.30  0    cut
 370  sn1998bu      Ia-norm    0.5754   2.37   0.3645   0.0178     8.40  0    cut
 371  sn2001V       Ia-91T     0.5889   2.37   0.3671   0.0189    11.30  0    cut
 372  sn2000cu      Ia-norm    0.5903   2.37   0.3626   0.0166     7.30  0    cut
 373  sn1996Z       Ia-norm    0.5862   2.36   0.3741   0.0186     6.10  0    cut
 374  sn2006X       Ia-norm    0.6119   2.36   0.3767   0.0214    11.20  0    cut
 375  sn1998ab      Ia-91T     0.5957   2.36   0.3629   0.0221     6.70  0    cut
 376  sn1996bo      Ia-norm    0.5957   2.36   0.3703   0.0195     9.20  0    cut
 377  sn2002bf      Ia-norm    0.5984   2.36   0.3740   0.0186    12.60  0    cut
 378  sn1996ai      Ia-norm    0.5821   2.36   0.3690   0.0119     4.20  0    cut
 379  sn2002he      Ia-norm    0.5984   2.36   0.3696   0.0152     5.60  0    cut
 380  sn2005hk      Ia-pec     0.5117   2.35   0.3239   0.0194    12.40  0    cut
 381  sn2003ch      Ia-norm    0.6038   2.35   0.3627   0.0153     5.60  0    cut
 382  sn2006bw      Ia-norm    0.6688   2.35   0.3613   0.0160     4.90  0    cut
 383  sn2004bg      Ia-norm    0.5930   2.35   0.3626   0.0174    10.50  0    cut
 384  sn2006H       Ia-91bg    0.6349   2.35   0.3542   0.0233    11.40  0    cut
 385  sn1999ee      Ia-norm    0.7026   2.35   0.3729   0.0217    10.60  0    cut
 386  sn2006H       Ia-91bg    0.6485   2.34   0.3576   0.0204     5.50  0    cut
 387  sn2003ch      Ia-norm    0.5957   2.34   0.3615   0.0154     4.80  0    cut
 388  sn2006N       Ia-norm    0.6498   2.34   0.3591   0.0147    11.60  0    cut
 389  sn2001ay      Ia-norm    0.6227   2.33   0.3699   0.0204     7.80  0    cut
 390  sn2002ha      Ia-norm    0.5889   2.33   0.3650   0.0147     5.60  0    cut
 391  sn2007ax      Ia-91bg    0.6485   2.33   0.5551   0.0252    10.00  0    cut
 392  sn2002er      Ia-norm    0.5862   2.33   0.3673   0.0158     3.80  0    cut
 393  sn1997bq      Ia-norm    0.5889   2.33   0.3689   0.0234    11.20  0    cut
 394  sn1989B       Ia-norm    0.6525   2.32   0.3570   0.0179    10.60  0    cut
 395  sn1995D       Ia-norm    0.6674   2.32   0.3618   0.0193    11.50  0    cut
 396  sn1996Z       Ia-norm    0.5862   2.32   0.3745   0.0190     4.10  0    cut
 397  sn2002dp      Ia-norm    0.5862   2.32   0.3586   0.0170    10.00  0    cut
 398  sn2008ar      Ia-norm    0.6634   2.32   0.3684   0.0191     5.00  0    cut
 399  sn2001G       Ia-norm    0.5903   2.31   0.3699   0.0185    11.60  0    cut
 400  sn1989B       Ia-norm    0.6363   2.31   0.3559   0.0199    11.60  0    cut
 401  sn1999gh      Ia-norm    0.5808   2.30   0.3594   0.0202     6.50  0    cut
 402  sn2001da      Ia-norm    0.5916   2.30   0.3676   0.0178     7.80  0    cut
 403  sn1998bp      Ia-norm    0.5848   2.30   0.3499   0.0167    12.90  0    cut
 404  sn2003it      Ia-norm    0.5984   2.30   0.3689   0.0147     3.70  0    cut
 405  sn2005am      Ia-norm    0.6458   2.29   0.3687   0.0150     3.90  0    cut
 406  sn2002he      Ia-norm    0.5984   2.29   0.3715   0.0151     3.70  0    cut
 407  sn2002dp      Ia-norm    0.5862   2.29   0.3619   0.0155     7.10  0    cut
 408  sn1998bu      Ia-norm    0.5754   2.29   0.3638   0.0191     9.40  0    cut
 409  sn2006al      Ia-norm    0.7026   2.28   0.3660   0.0128     5.40  0    cut
 410  sn2006S       Ia-norm    0.6661   2.28   0.3726   0.0174     3.20  0    cut
 411  sn2006gz      Ia-pec     0.7121   2.28   0.3677   0.0135     5.30  0    cut
 412  sn1996Z       Ia-norm    0.5862   2.28   0.3726   0.0204     8.10  0    cut
 413  sn2000cn      Ia-91bg    0.5970   2.28   0.3611   0.0226     8.30  0    cut
 414  sn2001en      Ia-norm    0.5903   2.28   0.3710   0.0173     6.30  0    cut
 415  sn2006lf      Ia-norm    0.5903   2.28   0.3617   0.0182    10.30  0    cut
 416  sn2005mz      Ia-91bg    0.5984   2.28   0.3488   0.0165    12.10  0    cut
 417  sn2001ay      Ia-norm    0.6038   2.28   0.3767   0.0199     4.20  0    cut
 418  sn1997do      Ia-norm    0.5835   2.28   0.3710   0.0205     8.20  0    cut
 419  sn2005mz      Ia-91bg    0.6539   2.27   0.3498   0.0143    10.20  0    cut
 420  sn2000cn      Ia-91bg    0.5957   2.27   0.3576   0.0270    10.20  0    cut
 421  sn2002bo      Ia-norm    0.7608   2.27   0.3746   0.0217     5.20  0    cut
 422  sn1996X       Ia-norm    0.7690   2.27   0.3629   0.0174     7.10  0    cut
 423  sn2008bf      Ia-norm    0.6634   2.27   0.3714   0.0171     3.60  0    cut
 424  sn2001ay      Ia-norm    0.6024   2.26   0.3723   0.0210     7.20  0    cut
 425  sn1994M       Ia-norm    0.5997   2.26   0.3697   0.0176     6.60  0    cut
 426  sn1999ac      Ia-91T     0.5835   2.26   0.3604   0.0173    10.90  0    cut
 427  sn1995al      Ia-norm    0.5835   2.25   0.3742   0.0204    10.40  0    cut
 428  sn1998dm      Ia-norm    0.5808   2.25   0.3644   0.0172     9.50  0    cut
 429  sn2001N       Ia-norm    0.6092   2.25   0.3729   0.0223     4.40  0    cut
 430  sn2000dk      Ia-norm    0.5916   2.25   0.3643   0.0164     3.70  0    cut
 431  sn2002hd      Ia-norm    0.6065   2.25   0.3530   0.0194    12.00  0    cut
 432  sn2003kf      Ia-norm    0.5821   2.25   0.3676   0.0185     8.50  0    cut
 433  sn2003cg      Ia-norm    0.5835   2.25   0.3670   0.0177     7.00  0    cut
 434  sn2005cf      Ia-norm    0.7175   2.24   0.3650   0.0197     9.40  0    cut
 435  sn2001en      Ia-norm    0.5889   2.24   0.3719   0.0178     5.30  0    cut
 436  sn2007al      Ia-91bg    0.6498   2.24   0.3573   0.0188     3.30  0    cut
 437  sn2006gt      Ia-91bg    0.6850   2.23   0.3608   0.0126     3.30  0    cut
 438  sn2001bg      Ia-norm    0.5808   2.23   0.3669   0.0198    10.00  0    cut
 439  sn2001ay      Ia-norm    0.6024   2.23   0.3715   0.0208     9.00  0    cut
 440  sn2001ay      Ia-norm    0.6038   2.23   0.3770   0.0198     3.30  0    cut
 441  sn2001en      Ia-norm    0.5889   2.22   0.3684   0.0194    10.20  0    cut
 442  sn2002jy      Ia-norm    0.5930   2.22   0.3684   0.0152     6.00  0    cut
 443  sn2006le      Ia-norm    0.6512   2.22   0.3646   0.0210    12.80  0    cut
 444  sn1999ac      Ia-91T     0.5835   2.22   0.3613   0.0162     9.00  0    cut
 445  sn2001ay      Ia-norm    0.7906   2.22   0.0927   0.0205     5.80  0    cut
 446  sn1998aq      Ia-norm    0.5767   2.21   0.3650   0.0173     6.00  0    cut
 447  sn2002fk      Ia-norm    0.5821   2.21   0.3610   0.0172     8.30  0    cut
 448  sn2007al      Ia-91bg    0.6512   2.21   0.5642   0.0202     8.30  0    cut
 449  sn1995D       Ia-norm    0.6390   2.20   0.3658   0.0171     3.60  0    cut
 450  sn1999gh      Ia-norm    0.5794   2.20   0.3601   0.0205     5.50  0    cut
 451  sn2002er      Ia-norm    0.6539   2.20   0.3654   0.0220    10.00  0    cut
 452  sn2002fk      Ia-norm    0.5821   2.20   0.3614   0.0167     7.40  0    cut
 453  sn2005hf      Ia-norm    0.6796   2.20   0.3589   0.0190    12.00  0    cut
 454  sn2006X       Ia-norm    0.5970   2.20   0.3753   0.0228    12.30  0    cut
 455  sn2002es      Ia-91bg    0.5903   2.19   0.3435   0.0246     5.10  0    cut
 456  sn2006S       Ia-norm    0.6376   2.19   0.3706   0.0178     4.10  0    cut
 457  sn2000fa      Ia-norm    0.5957   2.19   0.3713   0.0204    11.10  0    cut
 458  sn2003cg      Ia-norm    0.6634   2.19   0.3602   0.0180    11.90  0    cut
 459  sn2002fk      Ia-norm    0.5821   2.19   0.3598   0.0180     9.40  0    cut
 460  sn2004dt      Ia-norm    0.6417   2.18   0.3694   0.0181     9.10  0    cut
 461  sn2004S       Ia-norm    0.7229   2.18   0.5741   0.0262     7.40  0    cut
 462  sn2002er      Ia-norm    0.6904   2.18   0.3689   0.0173     4.90  0    cut
 463  sn1999dq      Ia-91T     0.5862   2.18   0.3702   0.0214     3.40  0    cut
 464  sn2006ev      Ia-norm    0.6688   2.18   0.3686   0.0162     5.50  0    cut
 465  sn1999ac      Ia-91T     0.7135   2.18   0.3621   0.0197     8.80  0    cut
 466  sn2002cr      Ia-norm    0.5835   2.18   0.3588   0.0155     4.60  0    cut
 467  sn1998dm      Ia-norm    0.5808   2.18   0.3649   0.0164     7.40  0    cut
 468  sn2002cx      Ia-pec     0.5984   2.17   0.3296   0.0160    11.30  0    cut
 469  sn2002kf      Ia-norm    0.5930   2.17   0.3648   0.0187    11.80  0    cut
 470  sn2003ch      Ia-norm    0.5984   2.17   0.3623   0.0167     3.80  0    cut
 471  sn2007al      Ia-91bg    0.6498   2.17   0.3555   0.0211     5.30  0    cut
 472  sn1998bu      Ia-norm    0.5754   2.16   0.3627   0.0209    10.40  0    cut
 473  sn1998dk      Ia-norm    0.5876   2.16   0.3684   0.0208    13.10  0    cut
 474  sn2001ep      Ia-norm    0.5876   2.16   0.3587   0.0177     7.80  0    cut
 475  sn2001V       Ia-91T     0.5889   2.15   0.3663   0.0216    12.50  0    cut
 476  sn1999ac      Ia-91T     0.5835   2.15   0.3611   0.0167    10.00  0    cut
 477  sn1998V       Ia-norm    0.5903   2.15   0.3626   0.0211    12.10  0    cut
 478  sn2002bo      Ia-norm    0.5754   2.14   0.3682   0.0242    10.40  0    cut
 479  sn2006ak      Ia-norm    0.6755   2.14   0.3712   0.0188     7.30  0    cut
 480  sn1995bd      Ia-91T     0.5930   2.14   0.3645   0.0227    10.60  0    cut
 481  sn1994Q       Ia-norm    0.5794   2.13   0.3567   0.0194    11.80  0    cut
 482  sn2001ep      Ia-norm    0.5876   2.13   0.3594   0.0173     6.80  0    cut
 483  sn2008C       Ia-norm    0.7378   2.13   0.3646   0.0223    10.30  0    cut
 484  sn2001ep      Ia-norm    0.5876   2.13   0.3605   0.0170     5.80  0    cut
 485  sn1998aq      Ia-norm    0.5767   2.12   0.3654   0.0174     5.00  0    cut
 486  sn2006H       Ia-91bg    0.6512   2.12   0.3564   0.0381     4.50  0    cut
 487  sn2001en      Ia-norm    0.5889   2.12   0.3723   0.0181     4.40  0    cut
 488  sn1997cn      Ia-91bg    0.6363   2.12   0.3540   0.0187     3.90  0    cut
 489  sn2005gj      Ia-csm     0.5876   2.12   0.3444   0.0294     7.70  0    cut
 490  sn2006D       Ia-norm    0.6444   2.12   0.3631   0.0151     4.50  0    cut
 491  sn1996bo      Ia-norm    0.5943   2.11   0.3739   0.0226    11.10  0    cut
 492  sn2001bg      Ia-norm    0.5794   2.11   0.3701   0.0185     5.10  0    cut
 493  sn1997do      Ia-norm    0.5835   2.11   0.3693   0.0230    10.20  0    cut
 494  sn2008ar      Ia-norm    0.6647   2.10   0.3686   0.0211     4.10  0    cut
 495  sn2001ep      Ia-norm    0.5876   2.10   0.3614   0.0171     4.80  0    cut
 496  sn2002kf      Ia-norm    0.5930   2.10   0.3664   0.0164     8.00  0    cut
 497  sn1999ac      Ia-91T     0.5835   2.10   0.3595   0.0210    11.90  0    cut
 498  sn1998dx      Ia-norm    0.6255   2.10   0.3643   0.0240    12.50  0    cut
 499  sn2001ay      Ia-norm    0.7378   2.09   0.0929   0.0212     3.30  0    cut
 500  sn2005bl      Ia-91bg    0.6146   2.09   0.5637   0.0259    12.60  0    cut
 501  sn2003hu      Ia-91T     0.6458   2.09   0.3596   0.0257     8.40  0    cut
 502  sn2001bg      Ia-norm    0.5794   2.08   0.3710   0.0188     4.20  0    cut
 503  sn1998dm      Ia-norm    0.5808   2.08   0.3653   0.0167     6.50  0    cut
 504  sn2002ck      Ia-norm    0.5984   2.08   0.3614   0.0241    11.90  0    cut
 505  sn2002dp      Ia-norm    0.5862   2.08   0.3552   0.0196    13.00  0    cut
 506  sn2005ke      Ia-91bg    0.6363   2.08   0.5604   0.0227    11.40  0    cut
 507  sn2005cc      Ia-pec     0.6458   2.08   0.3340   0.0130     3.60  0    cut
 508  sn1998dm      Ia-norm    0.5808   2.07   0.3627   0.0194    12.40  0    cut
 509  sn1994M       Ia-norm    0.5605   2.07   0.3678   0.0211     5.60  0    cut
 510  sn2007ba      Ia-91bg    0.6783   2.07   0.3599   0.0161     5.10  0    cut
 511  sn1989B       Ia-norm    0.6376   2.07   0.3520   0.0234    12.60  0    cut
 512  sn2005ke      Ia-91bg    0.6417   2.06   0.5614   0.0235     8.40  0    cut
 513  sn1994D       Ia-norm    0.5361   2.06   0.3621   0.0194     9.60  0    cut
 514  sn1999ac      Ia-91T     0.7067   2.06   0.3558   0.0226    11.80  0    cut
 515  sn2005cf      Ia-norm    0.6864   2.05   0.3679   0.0201     7.20  0    cut
 516  sn2000ce      Ia-norm    0.5903   2.05   0.3689   0.0191     6.70  0    cut
 517  sn2001ep      Ia-norm    0.7053   2.05   0.3603   0.0193     7.70  0    cut
 518  sn1997cn      Ia-91bg    0.5415   2.05   0.3505   0.0156    11.90  0    cut
 519  sn1998aq      Ia-norm    0.5767   2.05   0.3653   0.0178     4.00  0    cut
 520  sn2003du      Ia-norm    0.7121   2.04   0.3693   0.0184     4.00  0    cut
 521  sn2005cf      Ia-norm    0.6431   2.04   0.3649   0.0188     4.50  0    cut
 522  sn1996Z       Ia-norm    0.5848   2.03   0.3720   0.0236    10.10  0    cut
 523  sn2001ep      Ia-norm    0.5876   2.03   0.3624   0.0174     3.80  0    cut
 524  sn1998ec      Ia-norm    0.5943   2.03   0.3691   0.0216    11.70  0    cut
 525  sn2002er      Ia-norm    0.5835   2.02   0.3675   0.0175     4.10  0    cut
 526  sn2007jg      Ia-norm    0.6160   2.02   0.3677   0.0247    13.10  0    cut
 527  sn2002er      Ia-norm    0.6512   2.02   0.3683   0.0213    11.80  0    cut
 528  sn1997do      Ia-norm    0.5835   2.02   0.3685   0.0243    11.10  0    cut
 529  sn2002bo      Ia-norm    0.5767   2.02   0.3669   0.0264    11.60  0    cut
 530  sn2007al      Ia-91bg    0.5848   2.01   0.3578   0.0221    11.30  0    cut
 531  sn2006eu      Ia-norm    0.6647   2.01   0.3638   0.0219     8.00  0    cut
 532  sn2007al      Ia-91bg    0.6512   2.01   0.3531   0.0478     4.30  0    cut
 533  sn2002bo      Ia-norm    0.5754   2.00   0.3662   0.0272    12.50  0    cut
 534  sn2007al      Ia-91bg    0.6512   2.00   0.3504   0.0119    10.20  0    cut
 535  sn2003kf      Ia-norm    0.5821   1.99   0.3660   0.0212    10.40  0    cut
 536  sn2005bl      Ia-91bg    0.6620   1.99   0.3552   0.0201     4.70  0    cut
 537  sn2002cs      Ia-norm    0.5889   1.98   0.3766   0.0167     3.30  0    cut
 538  sn1998bu      Ia-norm    0.5754   1.98   0.3609   0.0233    11.40  0    cut
 539  sn1994D       Ia-norm    0.5781   1.98   0.3609   0.0193    10.80  0    cut
 540  sn2005cf      Ia-norm    0.7297   1.98   0.3698   0.0199     4.50  0    cut
 541  sn1998V       Ia-norm    0.5916   1.98   0.3608   0.0239    13.10  0    cut
 542  sn1994M       Ia-norm    0.7107   1.98   0.3661   0.0178    11.50  0    cut
 543  sn2005cf      Ia-norm    0.6214   1.97   0.3636   0.0188     4.20  0    cut
 544  sn2007ci      Ia-norm    0.6579   1.97   0.3522   0.0211    12.50  0    cut
 545  sn1999by      Ia-91bg    0.5767   1.97   0.3508   0.0321     6.90  0    cut
 546  sn2005cf      Ia-norm    0.6918   1.97   0.3697   0.0202     5.20  0    cut
 547  sn2000cw      Ia-norm    0.6038   1.96   0.3651   0.0181     3.50  0    cut
 548  sn2002es      Ia-91bg    0.5889   1.95   0.5482   0.0217     9.00  0    cut
 549  sn2003du      Ia-norm    0.6417   1.95   0.3560   0.0227    12.70  0    cut
 550  sn2001en      Ia-norm    0.5889   1.94   0.3663   0.0239    12.20  0    cut
 551  sn2000cx      Ia-pec     0.5185   1.94   0.3805   0.0238    10.60  0    cut
 552  sn2003hv      Ia-norm    0.5618   1.93   0.3555   0.0182    11.20  0    cut
 553  sn2002es      Ia-91bg    0.5903   1.93   0.5479   0.0215    11.00  0    cut
 554  sn2002fk      Ia-norm    0.5808   1.93   0.3623   0.0180     4.40  0    cut
 555  sn2002kf      Ia-norm    0.5930   1.93   0.3666   0.0168     6.00  0    cut
 556  sn2000cx      Ia-pec     0.6810   1.93   0.3870   0.0254     4.70  0    cut
 557  sn2004bg      Ia-norm    0.5930   1.92   0.3614   0.0221    12.50  0    cut
 558  sn1999by      Ia-91bg    0.5754   1.92   0.3519   0.0323     5.00  0    cut
 559  sn2005cf      Ia-norm    0.6417   1.91   0.3660   0.0195     3.50  0    cut
 560  sn2002er      Ia-norm    0.6904   1.90   0.0696   0.0236     8.80  0    cut
 561  sn2005ke      Ia-91bg    0.6133   1.90   0.5616   0.0258    10.40  0    cut
 562  sn1994D       Ia-norm    0.5781   1.89   0.3575   0.0222    12.80  0    cut
 563  sn1997do      Ia-norm    0.5835   1.89   0.3666   0.0259    12.10  0    cut
 564  sn1999by      Ia-91bg    0.5767   1.87   0.3512   0.0335     5.90  0    cut
 565  sn1997br      Ia-91T     0.7378   1.87   0.0662   0.0209    11.90  0    cut
 566  sn2005cf      Ia-norm    0.6661   1.87   0.3561   0.0247    12.20  0    cut
 567  sn2006D       Ia-norm    0.7256   1.86   0.3549   0.0154    12.50  0    cut
 568  sn1990N       Ia-norm    0.7906   1.86   0.0829   0.0162     3.90  0    cut
 569  sn1998bu      Ia-norm    0.5754   1.85   0.3584   0.0255    12.40  0    cut
 570  sn1994M       Ia-norm    0.5537   1.85   0.3725   0.0239     3.70  0    cut
 571  sn1999by      Ia-91bg    0.5754   1.85   0.3529   0.0332     4.00  0    cut
 572  sn2005cc      Ia-pec     0.5659   1.85   0.3223   0.0199     9.50  0    cut
 573  sn1999ek      Ia-norm    0.5903   1.84   0.3562   0.0213    12.20  0    cut
 574  sn2002kf      Ia-norm    0.5930   1.84   0.3685   0.0166     4.10  0    cut
 575  sn2006gr      Ia-norm    0.6566   1.84   0.3690   0.0239    12.40  0    cut
 576  sn2001el      Ia-norm    0.6904   1.83   0.5834   0.0293     9.10  0    cut
 577  sn2005cf      Ia-norm    0.7107   1.82   0.3705   0.0217     6.20  0    cut
 578  sn1994M       Ia-norm    0.7541   1.82   0.0681   0.0223    12.50  0    cut
 579  sn2005cf      Ia-norm    0.6891   1.82   0.3570   0.0243    12.10  0    cut
 580  sn1994Q       Ia-norm    0.5808   1.82   0.3600   0.0252    10.90  0    cut
 581  sn1994Q       Ia-norm    0.5794   1.82   0.3552   0.0262    12.80  0    cut
 582  sn1993ac      Ia-norm    0.7893   1.82   0.0912   0.0218     6.90  0    cut
 583  sn2002fk      Ia-norm    0.5821   1.81   0.3634   0.0198     6.50  0    cut
 584  sn2000cx      Ia-pec     0.6823   1.81   0.3862   0.0264     5.70  0    cut
 585  sn2007if      Ia-pec     0.6593   1.80   0.3502   0.0275     9.40  0    cut
 586  sn2005cc      Ia-pec     0.6458   1.79   0.3336   0.0190     5.60  0    cut
 587  sn1994ae      Ia-norm    0.7906   1.78   0.5594   0.0161     8.00  0    cut
 588  sn1992A       Ia-norm    0.7906   1.73   0.0933   0.0190     5.50  0    cut
 589  sn2006H       Ia-91bg    0.6512   1.72   0.3583   0.0287    12.40  0    cut
 590  sn1992A       Ia-norm    0.7906   1.71   0.0871   0.0253     8.20  0    cut
 591  sn2001bf      Ia-norm    0.5848   1.67   0.3550   0.0218    12.50  0    cut
 592  sn1994Q       Ia-norm    0.6607   1.67   0.3641   0.0252    11.60  0    cut
 593  sn1994M       Ia-norm    0.5618   1.67   0.3694   0.0278     4.70  0    cut
 594  sn2007hj      Ia-norm    0.7297   1.66   0.0771   0.0263     8.20  0    cut
 595  sn1992A       Ia-norm    0.7906   1.65   0.0802   0.0291    11.20  0    cut
 596  sn2007ba      Ia-91bg    0.5727   1.61   0.3548   0.0321     6.00  0    cut
 597  sn2004dt      Ia-norm    0.6728   1.61   0.3741   0.0295     3.30  0    cut
 598  sn1997bq      Ia-norm    0.7351   1.60   0.0704   0.0261    12.20  0    cut
 599  sn2004dt      Ia-norm    0.6959   1.55   0.3756   0.0258     3.80  0    cut
 600  sn2006al      Ia-norm    0.6999   1.51   0.3667   0.0156     3.40  0    cut
 601  sn2006te      Ia-norm    0.6742   1.51   0.7564   0.0354    12.30  0    cut
 602  sn2007al      Ia-91bg    0.5767   1.46   0.5653   0.0707    10.10  0    cut
 603  sn1999by      Ia-91bg    0.5754   1.45   0.5676   0.0403     7.90  0    cut
 604  sn1997cn      Ia-91bg    0.5415   1.31   0.1177   0.0418    13.00  0    cut
 605  sn1997cn      Ia-91bg    0.5429   1.24   0.1351   0.0431    10.90  0    cut
