### SNID output file ###
 
### input spectrum and options ###
# Input spectrum                 : 17745_-10.50.dat
# Parameter file                 : NA
# Wavelength range               :    4000.00   9000.00
# Mask file                      : NA
# Median filtering width [A]     : NA
# Median filtering width [pix]   :       1.00
# Clip emission redshift         :     0.0621
# Clip sky lines                 : 0
# Emission clip width [A]        :       0.06
# Keep A-band                    : 1
# Age range                      :     -15.50     -5.50
# Delta range                    :      -9.99     99.90
# Min. number of spectra/template:   1
# Use only templates             : NA
# Use only types                 : Ia
# Avoid templates                : NA
# Avoid types                    : NA
# rlapmin                        :       5.00
# Redshift range                 :    -0.0100    1.2000
# Forced initial redshift        :     0.0621
# Extra fake redshift            : NA
# Nsigma for initial redshift    : NA
# Redshift filter                :     0.0200
# Wavenumbers k1,k2,k3,k4        :     1    4   85  102
# Template directory             : /home/djperrefort/snid-5.0/templates-2.0/
 
### initial/user-input redshift ###
zinit       0.0000
zuser       0.0621
 
### median redshift/age and error ###
zmed        0.0696    0.0062
agem         -8.45      1.75
 
### type fraction/redshift/age ###
#type ntemp fraction slope redshift redshift_error age age_error
Ia             36      1.00    0.0000    0.0696    0.0062    -8.450     1.749
Ia-norm        35      0.97    0.0176    0.0696    0.0062    -8.400     1.767
Ia-91T          0      0.00    0.0000    0.0000    0.0000     0.000     0.000
Ia-91bg         0      0.00    0.0000    0.0000    0.0000     0.000     0.000
Ia-csm          0      0.00    0.0000    0.0000    0.0000     0.000     0.000
Ia-pec          1      0.03    0.0000    0.0659    0.0000    -9.300     0.000
###
Ib              0      0.00    0.0000    0.0000    0.0000     0.000     0.000
Ib-norm         0      0.00    0.0000    0.0000    0.0000     0.000     0.000
Ib-pec          0      0.00    0.0000    0.0000    0.0000     0.000     0.000
IIb             0      0.00    0.0000    0.0000    0.0000     0.000     0.000
###
Ic              0      0.00    0.0000    0.0000    0.0000     0.000     0.000
Ic-norm         0      0.00    0.0000    0.0000    0.0000     0.000     0.000
Ic-pec          0      0.00    0.0000    0.0000    0.0000     0.000     0.000
Ic-broad        0      0.00    0.0000    0.0000    0.0000     0.000     0.000
###
II              0      0.00    0.0000    0.0000    0.0000     0.000     0.000
IIP             0      0.00    0.0000    0.0000    0.0000     0.000     0.000
II-pec          0      0.00    0.0000    0.0000    0.0000     0.000     0.000
IIn             0      0.00    0.0000    0.0000    0.0000     0.000     0.000
IIL             0      0.00    0.0000    0.0000    0.0000     0.000     0.000
###
NotSN           0      0.00    0.0000    0.0000    0.0000     0.000     0.000
AGN             0      0.00    0.0000    0.0000    0.0000     0.000     0.000
Gal             0      0.00    0.0000    0.0000    0.0000     0.000     0.000
LBV             0      0.00    0.0000    0.0000    0.0000     0.000     0.000
M-star          0      0.00    0.0000    0.0000    0.0000     0.000     0.000
 
### rlap-ordered template listings ###
#no. sn type lap rlap z zerr age age_flag grade
   1  sn2005cg      Ia-norm    0.6458   7.52   0.0690   0.0065    -9.80  0   good
   2  sn1990O       Ia-norm    0.7311   7.32   0.0674   0.0086    -7.60  0   good
   3  sn2005cg      Ia-norm    0.6661   6.81   0.0672   0.0075    -8.80  0   good
   4  sn2006gr      Ia-norm    0.6363   6.65   0.0741   0.0092    -9.80  0   good
   5  sn1990N       Ia-norm    0.7311   6.54   0.0722   0.0100   -14.20  0   good
   6  sn2007qe      Ia-norm    0.6444   6.53   0.0766   0.0095    -9.40  0   good
   7  sn2007qe      Ia-norm    0.6431   6.46   0.0753   0.0095    -8.60  0   good
   8  sn2006ax      Ia-norm    0.6498   6.43   0.0597   0.0097    -8.40  0   good
   9  sn2006ax      Ia-norm    0.6498   6.38   0.0591   0.0094    -6.40  0   good
  10  sn2006ax      Ia-norm    0.6485   6.32   0.0606   0.0102    -9.30  0   good
  11  sn2000fa      Ia-norm    0.5957   6.30   0.0719   0.0093   -10.40  0   good
  12  sn2002cd      Ia-norm    0.6715   6.27   0.0736   0.0097    -5.70  0   good
  13  sn2002cd      Ia-norm    0.6728   5.98   0.0749   0.0101    -6.70  0   good
  14  sn2002cd      Ia-norm    0.6715   5.90   0.0762   0.0099    -7.70  0   good
  15  sn2006cp      Ia-norm    0.6458   5.90   0.0680   0.0097    -6.30  0   good
  16  sn2002cd      Ia-norm    0.6755   5.83   0.0774   0.0101    -8.60  0   good
  17  sn2002cs      Ia-norm    0.6701   5.72   0.0722   0.0096    -7.50  0   good
  18  sn2006gr      Ia-norm    0.6363   5.71   0.0796   0.0115   -10.80  0   good
  19  sn2006S       Ia-norm    0.6363   5.56   0.0646   0.0090    -5.50  0   good
  20  sn2006gr      Ia-norm    0.6363   5.54   0.0727   0.0104    -8.90  0   good
  21  sn2003du      Ia-norm    0.6715   5.52   0.0616   0.0098    -8.10  0   good
  22  sn2006cp      Ia-norm    0.6444   5.40   0.0702   0.0106    -8.40  0   good
  23  sn2007bd      Ia-norm    0.6403   5.40   0.0682   0.0109    -9.00  0   good
  24  sn2002cs      Ia-norm    0.6701   5.36   0.0729   0.0099    -8.50  0   good
  25  sn2003du      Ia-norm    0.7311   5.36   0.0602   0.0106    -6.10  0   good
  26  sn2006gr      Ia-norm    0.6336   5.31   0.0695   0.0102    -6.90  0   good
  27  sn2006le      Ia-norm    0.6539   5.19   0.0769   0.0123   -11.70  0   good
  28  sn2003W       Ia-norm    0.6634   5.18   0.0808   0.0120    -9.10  0   good
  29  sn2006gr      Ia-norm    0.6349   5.16   0.0710   0.0109    -7.90  0   good
  30  sn2006le      Ia-norm    0.6498   5.12   0.0696   0.0112    -8.80  0   good
  31  sn2004dt      Ia-norm    0.7311   5.09   0.0679   0.0117    -6.40  0   good
  32  sn2003du      Ia-norm    0.7311   5.07   0.0612   0.0100    -7.20  0   good
  33  sn1990N       Ia-norm    0.7080   5.05   0.0637   0.0097    -7.40  0   good
  34  sn2006gz      Ia-pec     0.6417   5.04   0.0659   0.0081    -9.30  0   good
  35  sn2007F       Ia-norm    0.6431   5.03   0.0647   0.0104    -8.70  0   good
  36  sn1989B       Ia-norm    0.7311   5.00   0.0580   0.0109    -7.20  0   good
#--- rlap cutoff
  37  sn2006gr      Ia-norm    0.6322   5.00   0.0686   0.0104    -6.00  0    cut
  38  sn1999ac      Ia-91T     0.7067   4.93   0.0636   0.0119    -9.90  0    cut
  39  sn2003W       Ia-norm    0.6634   4.91   0.0769   0.0125    -7.30  0    cut
  40  sn1990O       Ia-norm    0.7040   4.89   0.0668   0.0122    -6.60  0    cut
  41  sn2000fa      Ia-norm    0.6647   4.89   0.0732   0.0116   -10.40  0    cut
  42  sn2006cp      Ia-norm    0.6444   4.86   0.0714   0.0118    -9.30  0    cut
  43  sn2006le      Ia-norm    0.6458   4.86   0.0662   0.0110    -6.80  0    cut
  44  sn2006gz      Ia-pec     0.6485   4.86   0.0656   0.0081    -8.40  0    cut
  45  sn2003du      Ia-norm    0.6810   4.75   0.0655   0.0128   -12.70  0    cut
  46  sn2006cp      Ia-norm    0.6417   4.75   0.0725   0.0123   -10.30  0    cut
  47  sn2007F       Ia-norm    0.6444   4.75   0.0643   0.0107    -7.70  0    cut
  48  sn2003kf      Ia-norm    0.6810   4.70   0.0667   0.0111    -9.30  0    cut
  49  sn2006le      Ia-norm    0.6512   4.63   0.0676   0.0116    -7.80  0    cut
  50  sn2003W       Ia-norm    0.6674   4.59   0.0791   0.0131    -8.20  0    cut
  51  sn1999ac      Ia-91T     0.7311   4.58   0.0691   0.0140   -13.90  0    cut
  52  sn2007F       Ia-norm    0.6458   4.56   0.0635   0.0105    -6.70  0    cut
  53  sn2004dt      Ia-norm    0.7311   4.56   0.0673   0.0127    -6.50  0    cut
  54  sn2003du      Ia-norm    0.6810   4.54   0.0643   0.0128   -10.70  0    cut
  55  sn2007F       Ia-norm    0.6431   4.51   0.0628   0.0108    -5.70  0    cut
  56  sn2007bd      Ia-norm    0.6403   4.50   0.0672   0.0133    -8.10  0    cut
  57  sn2003W       Ia-norm    0.6647   4.50   0.0756   0.0135    -6.30  0    cut
  58  sn2002er      Ia-norm    0.7148   4.49   0.0658   0.0124   -10.00  0    cut
  59  sn2002cr      Ia-norm    0.6769   4.49   0.0576   0.0124    -6.30  0    cut
  60  sn1999ee      Ia-norm    0.7311   4.49   0.0663   0.0124    -7.20  0    cut
  61  sn1999cp      Ia-norm    0.6363   4.48   0.0644   0.0143   -13.80  0    cut
  62  sn1990O       Ia-norm    0.7040   4.48   0.0663   0.0119    -5.60  0    cut
  63  sn2005iq      Ia-norm    0.6376   4.47   0.0599   0.0126    -6.00  0    cut
  64  sn2003du      Ia-norm    0.6769   4.46   0.0636   0.0125    -9.80  0    cut
  65  sn2001cp      Ia-norm    0.6634   4.46   0.0645   0.0109    -6.80  0    cut
  66  sn2008Q       Ia-norm    0.6593   4.43   0.0637   0.0137    -7.20  0    cut
  67  sn2002dj      Ia-norm    0.7311   4.43   0.0683   0.0129    -6.60  0    cut
  68  sn2005el      Ia-norm    0.6458   4.43   0.0602   0.0128    -5.80  0    cut
  69  sn2006lf      Ia-norm    0.6552   4.40   0.0599   0.0132    -6.50  0    cut
  70  sn2004dt      Ia-norm    0.7311   4.38   0.0673   0.0127    -6.50  0    cut
  71  sn2003kf      Ia-norm    0.6796   4.38   0.0661   0.0115    -8.40  0    cut
  72  sn2006cp      Ia-norm    0.6458   4.36   0.0743   0.0134   -11.20  0    cut
  73  sn1999ee      Ia-norm    0.7311   4.35   0.0707   0.0132    -9.10  0    cut
  74  sn2008Q       Ia-norm    0.6593   4.33   0.0631   0.0133    -6.20  0    cut
  75  sn2002cr      Ia-norm    0.6688   4.33   0.0584   0.0131    -8.20  0    cut
  76  sn2003du      Ia-norm    0.6769   4.33   0.0632   0.0124    -8.90  0    cut
  77  sn2007le      Ia-norm    0.6593   4.30   0.0682   0.0118    -6.40  0    cut
  78  sn2008Z       Ia-norm    0.6431   4.30   0.0672   0.0117    -9.20  0    cut
  79  sn2002er      Ia-norm    0.5713   4.28   0.0627   0.0121    -6.00  0    cut
  80  sn2004dt      Ia-norm    0.7311   4.28   0.0680   0.0131    -8.50  0    cut
  81  sn1997bq      Ia-norm    0.6810   4.27   0.0707   0.0139    -7.70  0    cut
  82  sn2002dj      Ia-norm    0.6796   4.26   0.0705   0.0130    -7.40  0    cut
  83  sn2004dt      Ia-norm    0.7311   4.26   0.0669   0.0131    -5.60  0    cut
  84  sn2002he      Ia-norm    0.6566   4.26   0.0662   0.0133    -8.10  0    cut
  85  sn1997bq      Ia-norm    0.6796   4.25   0.0696   0.0138    -6.60  0    cut
  86  sn2008Z       Ia-norm    0.6444   4.23   0.0665   0.0116    -8.20  0    cut
  87  sn1997bq      Ia-norm    0.6810   4.22   0.0738   0.0141    -9.60  0    cut
  88  sn1997bq      Ia-norm    0.6810   4.19   0.0724   0.0141    -8.70  0    cut
  89  sn2003kf      Ia-norm    0.6810   4.19   0.0660   0.0117    -7.40  0    cut
  90  sn2001eh      Ia-91T     0.7311   4.17   0.0642   0.0107    -5.90  0    cut
  91  sn2005cf      Ia-norm    0.6566   4.17   0.0652   0.0139   -10.40  0    cut
  92  sn2005cf      Ia-norm    0.7311   4.15   0.0601   0.0119    -5.50  0    cut
  93  sn2008Z       Ia-norm    0.6471   4.15   0.0656   0.0114    -6.30  0    cut
  94  sn2006gz      Ia-pec     0.6444   4.14   0.0669   0.0100   -11.30  0    cut
  95  sn2006cc      Ia-norm    0.6363   4.11   0.0669   0.0119    -9.70  0    cut
  96  sn2005cf      Ia-norm    0.6607   4.11   0.0642   0.0137    -9.30  0    cut
  97  sn2007bm      Ia-norm    0.6579   4.10   0.0588   0.0139    -9.30  0    cut
  98  sn1984A       Ia-norm    0.4955   4.09   0.0746   0.0134    -7.00  0    cut
  99  sn2000dn      Ia-norm    0.6539   4.09   0.0590   0.0140    -7.70  0    cut
 100  sn2003U       Ia-norm    0.6566   4.09   0.0600   0.0132    -5.60  0    cut
 101  sn2003du      Ia-norm    0.7311   4.09   0.0642   0.0129   -11.10  0    cut
 102  sn2003kf      Ia-norm    0.7311   4.08   0.0665   0.0122    -9.40  0    cut
 103  sn2006oa      Ia-91T     0.6119   4.08   0.0621   0.0111    -7.60  0    cut
 104  sn1999cp      Ia-norm    0.6336   4.06   0.0605   0.0144   -11.90  0    cut
 105  sn1997bq      Ia-norm    0.6796   4.06   0.0682   0.0143    -5.60  0    cut
 106  sn2002dj      Ia-norm    0.6755   4.06   0.0689   0.0136    -6.40  0    cut
 107  sn1997do      Ia-norm    0.6755   4.06   0.0709   0.0133    -7.60  0    cut
 108  sn2008Z       Ia-norm    0.6458   4.05   0.0660   0.0119    -7.30  0    cut
 109  sn2002de      Ia-norm    0.6620   4.05   0.0641   0.0118    -6.10  0    cut
 110  sn1997bq      Ia-norm    0.6728   4.04   0.0754   0.0147   -10.60  0    cut
 111  sn2004as      Ia-norm    0.6566   4.04   0.0673   0.0137    -7.80  0    cut
 112  sn2007le      Ia-norm    0.6620   4.03   0.0693   0.0126    -7.40  0    cut
 113  sn1998es      Ia-91T     0.5551   4.02   0.0629   0.0116    -9.40  0    cut
 114  sn2007le      Ia-norm    0.6579   4.00   0.0710   0.0130    -8.40  0    cut
 115  sn1997do      Ia-norm    0.6755   3.99   0.0699   0.0132    -6.60  0    cut
 116  sn2002dj      Ia-norm    0.6837   3.99   0.0714   0.0139    -8.40  0    cut
 117  sn2000E       Ia-norm    0.6837   3.98   0.0617   0.0125    -6.40  0    cut
 118  sn2001ah      Ia-91T     0.6322   3.93   0.0640   0.0122    -9.70  0    cut
 119  sn1994D       Ia-norm    0.6972   3.91   0.0636   0.0138    -8.10  0    cut
 120  sn2002er      Ia-norm    0.6742   3.91   0.0638   0.0140    -7.00  0    cut
 121  sn1984A       Ia-norm    0.5212   3.90   0.0733   0.0138    -5.90  0    cut
 122  sn2005cf      Ia-norm    0.6593   3.90   0.0661   0.0147   -11.40  0    cut
 123  sn2003U       Ia-norm    0.7311   3.88   0.0618   0.0144    -8.50  0    cut
 124  sn2004dt      Ia-norm    0.6810   3.88   0.0695   0.0142    -8.90  0    cut
 125  sn2003du      Ia-norm    0.7311   3.87   0.0643   0.0145   -11.10  0    cut
 126  sn2004dt      Ia-norm    0.7311   3.86   0.0695   0.0142    -9.40  0    cut
 127  sn1997do      Ia-norm    0.6742   3.85   0.0753   0.0148   -10.60  0    cut
 128  sn2003cg      Ia-norm    0.7311   3.83   0.0613   0.0133    -8.00  0    cut
 129  sn2004fu      Ia-norm    0.6579   3.83   0.0658   0.0139    -6.40  0    cut
 130  sn1998aq      Ia-norm    0.6647   3.82   0.0622   0.0149    -9.90  0    cut
 131  sn2007af      Ia-norm    0.6634   3.82   0.0598   0.0136    -5.60  0    cut
 132  sn1998aq      Ia-norm    0.6295   3.79   0.0616   0.0152    -8.90  0    cut
 133  sn2003W       Ia-norm    0.6688   3.79   0.0824   0.0158   -10.20  0    cut
 134  sn1998es      Ia-91T     0.6376   3.79   0.0622   0.0121    -6.40  0    cut
 135  sn2005cf      Ia-norm    0.7311   3.78   0.0618   0.0129    -7.30  0    cut
 136  sn2008ar      Ia-norm    0.6403   3.78   0.0641   0.0141    -7.50  0    cut
 137  sn1984A       Ia-norm    0.5686   3.76   0.0757   0.0144    -6.70  0    cut
 138  sn2006lf      Ia-norm    0.6539   3.74   0.0586   0.0151    -5.50  0    cut
 139  sn2004as      Ia-norm    0.6566   3.72   0.0661   0.0151    -5.90  0    cut
 140  sn2008ar      Ia-norm    0.6431   3.72   0.0660   0.0148    -8.50  0    cut
 141  sn1997dt      Ia-norm    0.6783   3.70   0.0657   0.0149   -10.60  0    cut
 142  sn2002dj      Ia-norm    0.7311   3.70   0.0718   0.0154    -8.60  0    cut
 143  sn2005cf      Ia-norm    0.6607   3.69   0.0670   0.0156   -12.40  0    cut
 144  sn1997bq      Ia-norm    0.7311   3.67   0.0771   0.0158   -11.60  0    cut
 145  sn1997do      Ia-norm    0.6755   3.66   0.0765   0.0155   -11.60  0    cut
 146  sn2003fa      Ia-91T     0.6444   3.65   0.0641   0.0123    -8.50  0    cut
 147  sn2003kc      Ia-norm    0.6566   3.64   0.0648   0.0152    -5.70  0    cut
 148  sn2003cq      Ia-norm    0.6552   3.64   0.0654   0.0146    -5.80  0    cut
 149  sn2002dj      Ia-norm    0.7311   3.64   0.0730   0.0152    -9.50  0    cut
 150  sn2003fa      Ia-91T     0.6444   3.61   0.0632   0.0136    -9.50  0    cut
 151  sn2007le      Ia-norm    0.6593   3.60   0.0745   0.0155   -10.30  0    cut
 152  sn2006oa      Ia-91T     0.6119   3.60   0.0614   0.0120    -8.50  0    cut
 153  sn2005cf      Ia-norm    0.7311   3.59   0.0608   0.0129    -6.30  0    cut
 154  sn1999cp      Ia-norm    0.6796   3.59   0.0688   0.0173   -14.90  0    cut
 155  sn2004at      Ia-norm    0.6661   3.59   0.0637   0.0143    -7.40  0    cut
 156  sn2005cf      Ia-norm    0.7311   3.58   0.0610   0.0126    -6.60  0    cut
 157  sn1994D       Ia-norm    0.7229   3.58   0.0636   0.0150    -9.20  0    cut
 158  sn1997dt      Ia-norm    0.6783   3.57   0.0640   0.0145    -7.70  0    cut
 159  sn2008ar      Ia-norm    0.6417   3.55   0.0628   0.0144    -6.60  0    cut
 160  sn2003W       Ia-norm    0.7311   3.54   0.0859   0.0161   -11.10  0    cut
 161  sn2007bm      Ia-norm    0.6620   3.53   0.0601   0.0159   -11.20  0    cut
 162  sn2001ah      Ia-91T     0.6309   3.52   0.0646   0.0134    -8.70  0    cut
 163  sn2004fz      Ia-norm    0.6512   3.50   0.0581   0.0154    -6.80  0    cut
 164  sn2001gc      Ia-norm    0.6674   3.49   0.0751   0.0159    -8.50  0    cut
 165  sn2002cr      Ia-norm    0.6755   3.48   0.0597   0.0165   -11.20  0    cut
 166  sn1994D       Ia-norm    0.6931   3.47   0.0665   0.0160   -10.00  0    cut
 167  sn2003fa      Ia-91T     0.6485   3.47   0.0638   0.0130    -7.60  0    cut
 168  sn1997dt      Ia-norm    0.6783   3.45   0.0655   0.0153    -9.70  0    cut
 169  sn2003cg      Ia-norm    0.7311   3.45   0.0604   0.0143    -6.40  0    cut
 170  sn1997dt      Ia-norm    0.6796   3.45   0.0645   0.0152    -8.70  0    cut
 171  sn2003fa      Ia-91T     0.6471   3.45   0.0652   0.0148   -10.40  0    cut
 172  sn2005cf      Ia-norm    0.7311   3.43   0.0628   0.0139    -8.20  0    cut
 173  sn2004as      Ia-norm    0.6539   3.42   0.0666   0.0160    -6.80  0    cut
 174  sn1994D       Ia-norm    0.7311   3.42   0.0619   0.0151    -6.10  0    cut
 175  sn1999aa      Ia-91T     0.6268   3.42   0.0624   0.0129    -6.10  0    cut
 176  sn2003fa      Ia-91T     0.6471   3.41   0.0638   0.0135    -6.60  0    cut
 177  sn2007ci      Ia-norm    0.6485   3.41   0.0603   0.0155    -6.10  0    cut
 178  sn2004at      Ia-norm    0.6647   3.40   0.0650   0.0151    -8.60  0    cut
 179  sn2004at      Ia-norm    0.6661   3.39   0.0636   0.0147    -6.60  0    cut
 180  sn2006lf      Ia-norm    0.6566   3.39   0.0605   0.0173    -7.50  0    cut
 181  sn2004eo      Ia-norm    0.7311   3.39   0.0569   0.0152    -5.60  0    cut
 182  sn2006gz      Ia-pec     0.5469   3.37   0.0674   0.0103   -12.30  0    cut
 183  sn2006oa      Ia-91T     0.6133   3.35   0.0608   0.0137    -5.70  0    cut
 184  sn2002bo      Ia-norm    0.6810   3.35   0.0680   0.0161    -7.30  0    cut
 185  sn2002bo      Ia-norm    0.6810   3.30   0.0690   0.0164    -8.40  0    cut
 186  sn2002bo      Ia-norm    0.6823   3.30   0.0669   0.0162    -6.30  0    cut
 187  sn2003cg      Ia-norm    0.7311   3.30   0.0610   0.0152    -7.30  0    cut
 188  sn1994D       Ia-norm    0.6322   3.28   0.0683   0.0176   -11.20  0    cut
 189  sn2005eq      Ia-91T     0.6363   3.28   0.0637   0.0134    -8.30  0    cut
 190  sn1999cl      Ia-norm    0.6282   3.27   0.0649   0.0166    -7.30  0    cut
 191  sn2003kc      Ia-norm    0.6552   3.25   0.0663   0.0162    -7.60  0    cut
 192  sn2002bo      Ia-norm    0.6769   3.25   0.0700   0.0171    -9.70  0    cut
 193  sn2002cu      Ia-norm    0.6634   3.23   0.0698   0.0171    -6.30  0    cut
 194  sn2002er      Ia-norm    0.6728   3.23   0.0658   0.0168    -9.00  0    cut
 195  sn2007ci      Ia-norm    0.6498   3.22   0.0597   0.0162    -7.10  0    cut
 196  sn2002er      Ia-norm    0.6187   3.21   0.0672   0.0171   -11.90  0    cut
 197  sn1994D       Ia-norm    0.6403   3.20   0.0624   0.0171    -8.20  0    cut
 198  sn1998es      Ia-91T     0.6728   3.18   0.0628   0.0135    -7.30  0    cut
 199  sn2004ef      Ia-norm    0.6431   3.16   0.0662   0.0164    -6.20  0    cut
 200  sn1998dh      Ia-norm    0.6810   3.16   0.0643   0.0163    -7.50  0    cut
 201  sn2002dj      Ia-norm    0.6823   3.15   0.0731   0.0167   -10.40  0    cut
 202  sn2003cg      Ia-norm    0.6837   3.15   0.0624   0.0151    -6.10  0    cut
 203  sn2004dt      Ia-norm    0.6607   3.14   0.0725   0.0169    -9.90  0    cut
 204  sn2002er      Ia-norm    0.7311   3.12   0.0680   0.0160    -8.00  0    cut
 205  sn2006D       Ia-norm    0.7311   3.10   0.0605   0.0188    -7.30  0    cut
 206  sn1999aa      Ia-91T     0.6227   3.09   0.0629   0.0139    -7.10  0    cut
 207  sn1998dh      Ia-norm    0.6810   3.08   0.0648   0.0166    -8.40  0    cut
 208  sn1998es      Ia-91T     0.6728   3.07   0.0634   0.0140    -8.40  0    cut
 209  sn2007ci      Ia-norm    0.6498   3.07   0.0605   0.0170    -8.10  0    cut
 210  sn2005cf      Ia-norm    0.7311   3.06   0.0645   0.0163    -9.20  0    cut
 211  sn2006gz      Ia-pec     0.6431   3.03   0.0679   0.0215   -12.30  0    cut
 212  sn2002dj      Ia-norm    0.7311   3.01   0.0725   0.0169   -10.40  0    cut
 213  sn2002cu      Ia-norm    0.6620   2.98   0.0732   0.0194    -8.20  0    cut
 214  sn1999aa      Ia-91T     0.7311   2.98   0.0633   0.0154    -9.40  0    cut
 215  sn1998dh      Ia-norm    0.6810   2.97   0.0653   0.0172    -9.40  0    cut
 216  sn1999aa      Ia-91T     0.6214   2.94   0.0638   0.0145    -8.00  0    cut
 217  sn2006lf      Ia-norm    0.6552   2.94   0.0606   0.0182    -8.40  0    cut
 218  sn1999dq      Ia-91T     0.7311   2.89   0.0645   0.0152    -9.40  0    cut
 219  sn2004ef      Ia-norm    0.6403   2.88   0.0703   0.0195    -8.10  0    cut
 220  sn2007au      Ia-norm    0.6471   2.86   0.0572   0.0174    -5.60  0    cut
 221  sn1999cl      Ia-norm    0.6796   2.86   0.0665   0.0187    -8.30  0    cut
 222  sn2005cf      Ia-norm    0.7311   2.85   0.0641   0.0183    -9.70  0    cut
 223  sn1999aa      Ia-91T     0.6255   2.84   0.0654   0.0153    -9.90  0    cut
 224  sn1998es      Ia-91T     0.6728   2.83   0.0663   0.0167   -11.40  0    cut
 225  sn1999aa      Ia-91T     0.6282   2.83   0.0645   0.0151    -9.00  0    cut
 226  sn2005cf      Ia-norm    0.7311   2.83   0.0651   0.0179   -10.20  0    cut
 227  sn1998es      Ia-91T     0.6688   2.80   0.0652   0.0162   -10.30  0    cut
 228  sn2005eu      Ia-norm    0.6363   2.78   0.0647   0.0162    -7.10  0    cut
 229  sn2007if      Ia-pec     0.7311   2.77   0.0519   0.0163    -9.20  0    cut
 230  sn2001V       Ia-91T     0.6701   2.76   0.0695   0.0181   -13.20  0    cut
 231  sn2004ef      Ia-norm    0.6417   2.76   0.0683   0.0196    -7.10  0    cut
 232  sn2001V       Ia-91T     0.6701   2.73   0.0679   0.0177   -12.30  0    cut
 233  sn2001V       Ia-91T     0.6674   2.71   0.0668   0.0174   -11.20  0    cut
 234  sn2005cf      Ia-norm    0.7311   2.71   0.0665   0.0185   -11.20  0    cut
 235  sn1999dq      Ia-91T     0.6647   2.68   0.0626   0.0153    -6.40  0    cut
 236  sn1999dq      Ia-91T     0.6715   2.66   0.0623   0.0157    -5.50  0    cut
 237  sn2005eu      Ia-norm    0.6376   2.66   0.0642   0.0179    -9.00  0    cut
 238  sn2005cf      Ia-norm    0.7311   2.66   0.0615   0.0195    -8.70  0    cut
 239  sn2001ep      Ia-norm    0.6728   2.62   0.0598   0.0196    -7.00  0    cut
 240  sn2001V       Ia-91T     0.6661   2.60   0.0661   0.0171   -10.20  0    cut
 241  sn2001V       Ia-91T     0.6715   2.59   0.0644   0.0162    -7.40  0    cut
 242  sn2001V       Ia-91T     0.6715   2.59   0.0642   0.0158    -6.40  0    cut
 243  sn2005cf      Ia-norm    0.7311   2.59   0.0639   0.0190    -9.70  0    cut
 244  sn1994D       Ia-norm    0.6322   2.56   0.0668   0.0205   -10.10  0    cut
 245  sn1999dq      Ia-91T     0.6661   2.56   0.0631   0.0158    -7.40  0    cut
 246  sn2005cf      Ia-norm    0.7311   2.55   0.0666   0.0199   -11.70  0    cut
 247  sn2002dj      Ia-norm    0.6796   2.54   0.0744   0.0204   -11.40  0    cut
 248  sn2001V       Ia-91T     0.6674   2.51   0.0655   0.0172    -9.30  0    cut
 249  sn2002bo      Ia-norm    0.6769   2.50   0.0734   0.0211   -12.70  0    cut
 250  sn1994D       Ia-norm    0.7311   2.45   0.0687   0.0205   -11.10  0    cut
 251  sn1999dq      Ia-91T     0.6661   2.44   0.0638   0.0167    -8.50  0    cut
 252  sn2002dj      Ia-norm    0.7311   2.42   0.0752   0.0199   -11.40  0    cut
 253  sn2006gz      Ia-pec     0.6417   2.38   0.0681   0.0223   -13.30  0    cut
 254  sn1999dq      Ia-91T     0.6715   2.35   0.0651   0.0180   -10.40  0    cut
 255  sn2005mz      Ia-91bg    0.6512   2.34   0.0572   0.0221    -7.50  0    cut
 256  sn2000cn      Ia-91bg    0.6620   2.33   0.0617   0.0217    -7.30  0    cut
 257  sn2002bo      Ia-norm    0.7311   2.33   0.0753   0.0215   -12.40  0    cut
 258  sn2006gz      Ia-pec     0.6255   2.27   0.0659   0.0238   -13.30  0    cut
 259  sn2005hk      Ia-pec     0.7311   2.24   0.0454   0.0161    -8.30  0    cut
 260  sn1991T       Ia-91T     0.7311   2.21   0.0610   0.0162    -6.70  0    cut
 261  sn2000cn      Ia-91bg    0.6647   2.18   0.0623   0.0232    -8.30  0    cut
 262  sn2005hk      Ia-pec     0.6282   2.16   0.0457   0.0166    -6.30  0    cut
 263  sn2004eo      Ia-norm    0.7311   2.14   0.0578   0.0219   -10.20  0    cut
 264  sn1991T       Ia-91T     0.7311   2.14   0.0622   0.0166    -7.70  0    cut
 265  sn2007if      Ia-pec     0.6931   2.13   0.0519   0.0217    -6.60  0    cut
 266  sn2005hk      Ia-pec     0.7311   2.12   0.0442   0.0170    -6.30  0    cut
 267  sn2005hk      Ia-pec     0.6282   2.11   0.0466   0.0164    -7.30  0    cut
 268  sn1995bd      Ia-91T     0.6769   2.11   0.0706   0.0199   -10.10  0    cut
 269  sn2005hk      Ia-pec     0.6552   2.10   0.0470   0.0171    -8.30  0    cut
 270  sn2002bo      Ia-norm    0.6810   2.08   0.0752   0.0231   -13.40  0    cut
 271  sn2005hk      Ia-pec     0.6552   2.06   0.0456   0.0176    -6.30  0    cut
 272  sn1995ac      Ia-norm    0.6133   2.06   0.0643   0.0188    -5.50  0    cut
 273  sn2000cn      Ia-91bg    0.6661   2.06   0.0636   0.0270    -9.30  0    cut
 274  sn2005hk      Ia-pec     0.6539   2.06   0.0462   0.0172    -7.30  0    cut
 275  sn1997br      Ia-91T     0.7311   2.04   0.0653   0.0178    -9.60  0    cut
 276  sn2002bo      Ia-norm    0.7080   2.03   0.0764   0.0252   -13.60  0    cut
 277  sn2002dl      Ia-91bg    0.6755   2.02   0.0607   0.0247    -8.40  0    cut
 278  sn1991T       Ia-91T     0.7311   2.01   0.0636   0.0177    -8.70  0    cut
 279  sn2005hk      Ia-pec     0.6552   2.01   0.0480   0.0158    -9.30  0    cut
 280  sn1999ac      Ia-91T     0.7311   2.00   0.0674   0.0273   -12.90  0    cut
 281  sn1997br      Ia-91T     0.7311   1.95   0.0629   0.0177    -7.60  0    cut
 282  sn2003fa      Ia-91T     0.6106   1.94   0.0621   0.0164    -5.60  0    cut
 283  sn1995bd      Ia-91T     0.6742   1.93   0.0654   0.0194    -7.10  0    cut
 284  sn1995bd      Ia-91T     0.6728   1.92   0.0698   0.0198    -9.10  0    cut
 285  sn1997br      Ia-91T     0.6810   1.91   0.0629   0.0191    -7.00  0    cut
 286  sn2002hw      Ia-norm    0.6674   1.90   0.2016   0.0201    -6.00  0    cut
 287  sn2002dl      Ia-91bg    0.6701   1.90   0.0596   0.0266    -7.40  0    cut
 288  sn1998ab      Ia-91T     0.6485   1.89   0.0615   0.0193    -7.80  0    cut
 289  sn1995bd      Ia-91T     0.6742   1.87   0.0746   0.0215   -12.00  0    cut
 290  sn1991T       Ia-91T     0.7311   1.84   0.0642   0.0183   -10.70  0    cut
 291  sn2005bl      Ia-91bg    0.7311   1.84   0.0575   0.0305    -5.90  0    cut
 292  sn1997br      Ia-91T     0.6755   1.80   0.0615   0.0216    -6.60  0    cut
 293  sn1997br      Ia-91T     0.6796   1.78   0.0638   0.0202    -8.00  0    cut
 294  sn1991T       Ia-91T     0.7311   1.72   0.0652   0.0201   -11.70  0    cut
 295  sn2002dl      Ia-91bg    0.6755   1.72   0.2054   0.0207    -6.50  0    cut
 296  sn1997br      Ia-91T     0.7162   1.60   0.0625   0.0192    -8.60  0    cut
 297  sn2008A       Ia-pec     0.6512   1.55   0.0525   0.0208    -7.90  0    cut
 298  sn2008A       Ia-pec     0.6512   1.51   0.0511   0.0216    -6.90  0    cut
 299  sn1998de      Ia-91bg    0.5970   1.49   0.0630   0.0289    -7.20  0    cut
 300  sn2007if      Ia-pec     0.6755   1.47   0.1813   0.0191    -7.50  0    cut
 301  sn1998de      Ia-91bg    0.6728   1.45   0.2103   0.0222    -6.20  0    cut
 302  sn1991T       Ia-91T     0.7311   1.36   0.6448   0.0564   -12.80  0    cut
 303  sn2005gj      Ia-csm     0.5984   1.33   0.0413   0.0223   -12.10  0    cut
 304  sn2003Y       Ia-91bg    0.6715   1.05   0.7197   0.0765    -6.30  0    cut
