### SNID output file ###
 
### input spectrum and options ###
# Input spectrum                 : 17809_10.40.dat
# Parameter file                 : NA
# Wavelength range               :    4000.00   9000.00
# Mask file                      : NA
# Median filtering width [A]     : NA
# Median filtering width [pix]   :       1.00
# Clip emission redshift         :     0.2875
# Clip sky lines                 : 0
# Emission clip width [A]        :       0.29
# Keep A-band                    : 1
# Age range                      :       5.40     15.40
# Delta range                    :      -9.99     99.90
# Min. number of spectra/template:   1
# Use only templates             : NA
# Use only types                 : Ia
# Avoid templates                : NA
# Avoid types                    : NA
# rlapmin                        :       5.00
# Redshift range                 :    -0.0100    1.2000
# Forced initial redshift        :     0.2875
# Extra fake redshift            : NA
# Nsigma for initial redshift    : NA
# Redshift filter                :     0.0200
# Wavenumbers k1,k2,k3,k4        :     1    4   85  102
# Template directory             : /home/djperrefort/snid-5.0/templates-2.0/
 
### initial/user-input redshift ###
zinit       0.0000
zuser       0.2875
 
### median redshift/age and error ###
zmed        0.2870    0.0000
agem         10.60      0.00
 
### type fraction/redshift/age ###
#type ntemp fraction slope redshift redshift_error age age_error
Ia              1      1.00    0.0000    0.2870    0.0000    10.600     0.000
Ia-norm         1      1.00    0.0000    0.2870    0.0000    10.600     0.000
Ia-91T          0      0.00    0.0000    0.0000    0.0000     0.000     0.000
Ia-91bg         0      0.00    0.0000    0.0000    0.0000     0.000     0.000
Ia-csm          0      0.00    0.0000    0.0000    0.0000     0.000     0.000
Ia-pec          0      0.00    0.0000    0.0000    0.0000     0.000     0.000
###
Ib              0      0.00    0.0000    0.0000    0.0000     0.000     0.000
Ib-norm         0      0.00    0.0000    0.0000    0.0000     0.000     0.000
Ib-pec          0      0.00    0.0000    0.0000    0.0000     0.000     0.000
IIb             0      0.00    0.0000    0.0000    0.0000     0.000     0.000
###
Ic              0      0.00    0.0000    0.0000    0.0000     0.000     0.000
Ic-norm         0      0.00    0.0000    0.0000    0.0000     0.000     0.000
Ic-pec          0      0.00    0.0000    0.0000    0.0000     0.000     0.000
Ic-broad        0      0.00    0.0000    0.0000    0.0000     0.000     0.000
###
II              0      0.00    0.0000    0.0000    0.0000     0.000     0.000
IIP             0      0.00    0.0000    0.0000    0.0000     0.000     0.000
II-pec          0      0.00    0.0000    0.0000    0.0000     0.000     0.000
IIn             0      0.00    0.0000    0.0000    0.0000     0.000     0.000
IIL             0      0.00    0.0000    0.0000    0.0000     0.000     0.000
###
NotSN           0      0.00    0.0000    0.0000    0.0000     0.000     0.000
AGN             0      0.00    0.0000    0.0000    0.0000     0.000     0.000
Gal             0      0.00    0.0000    0.0000    0.0000     0.000     0.000
LBV             0      0.00    0.0000    0.0000    0.0000     0.000     0.000
M-star          0      0.00    0.0000    0.0000    0.0000     0.000     0.000
 
### rlap-ordered template listings ###
#no. sn type lap rlap z zerr age age_flag grade
   1  sn1999ee      Ia-norm    0.7527   5.61   0.2870   0.0108    10.60  0   good
#--- rlap cutoff
   2  sn1999ac      Ia-91T     0.7568   4.73   0.2744   0.0114    11.80  0    cut
   3  sn2006gr      Ia-norm    0.7243   4.44   0.2874   0.0142     9.40  0    cut
   4  sn1999ee      Ia-norm    0.7243   4.23   0.2936   0.0133     6.70  0    cut
   5  sn1999ac      Ia-91T     0.7635   4.18   0.2814   0.0142     8.80  0    cut
   6  sn2008C       Ia-norm    0.7879   4.06   0.2770   0.0122    10.30  0    cut
   7  sn2001ep      Ia-norm    0.7554   3.98   0.2758   0.0133     7.70  0    cut
   8  sn2007kk      Ia-norm    0.7311   3.98   0.2848   0.0135     8.80  0    cut
   9  sn2008C       Ia-norm    0.7067   3.96   0.2799   0.0129     8.30  0    cut
  10  sn2007kk      Ia-norm    0.7324   3.92   0.2840   0.0128     9.80  0    cut
  11  sn1997bq      Ia-norm    0.7852   3.90   0.2790   0.0130    12.20  0    cut
  12  sn1998ab      Ia-91T     0.7067   3.88   0.2795   0.0147     7.70  0    cut
  13  sn2004S       Ia-norm    0.7730   3.87   0.2919   0.0138     7.40  0    cut
  14  sn2004eo      Ia-norm    0.6999   3.84   0.2734   0.0124    11.70  0    cut
  15  sn2004S       Ia-norm    0.6945   3.82   0.2810   0.0136    13.30  0    cut
  16  sn1989B       Ia-norm    0.6850   3.70   0.2736   0.0118    11.60  0    cut
  17  sn2001el      Ia-norm    0.7405   3.69   0.2970   0.0152     9.10  0    cut
  18  sn2008C       Ia-norm    0.7067   3.64   0.2737   0.0132    12.30  0    cut
  19  sn2004eo      Ia-norm    0.7283   3.61   0.2741   0.0140     7.80  0    cut
  20  sn2002er      Ia-norm    0.7541   3.57   0.2790   0.0143    14.90  0    cut
  21  sn2007S       Ia-91T     0.7040   3.54   0.2777   0.0151    13.10  0    cut
  22  sn2005ls      Ia-norm    0.7053   3.49   0.2821   0.0165    10.80  0    cut
  23  sn2005cf      Ia-norm    0.7676   3.46   0.2797   0.0170     9.40  0    cut
  24  sn2007hj      Ia-norm    0.7798   3.43   0.2746   0.0135     8.20  0    cut
  25  sn1989B       Ia-norm    0.6823   3.42   0.2706   0.0114    13.60  0    cut
  26  sn1992A       Ia-norm    0.8042   3.41   0.2823   0.0131     8.20  0    cut
  27  sn2002dj      Ia-norm    0.7121   3.41   0.2773   0.0137    12.30  0    cut
  28  sn2002dj      Ia-norm    0.7392   3.41   0.2835   0.0155     9.30  0    cut
  29  sn2005M       Ia-91T     0.7067   3.39   0.2803   0.0169    10.00  0    cut
  30  sn2004eo      Ia-norm    0.6999   3.37   0.2725   0.0132    13.10  0    cut
  31  sn2007bm      Ia-norm    0.6972   3.35   0.2709   0.0138    12.60  0    cut
  32  sn2001cj      Ia-norm    0.7703   3.33   0.2762   0.0149    13.60  0    cut
  33  sn2007co      Ia-norm    0.7162   3.30   0.2776   0.0145    11.50  0    cut
  34  sn2006hb      Ia-91bg    0.7053   3.29   0.2712   0.0136    11.70  0    cut
  35  sn1989B       Ia-norm    0.6444   3.26   0.2712   0.0150    12.60  0    cut
  36  sn2006cj      Ia-norm    0.7459   3.26   0.2787   0.0184     9.10  0    cut
  37  sn2007bm      Ia-norm    0.6959   3.26   0.2707   0.0142     9.60  0    cut
  38  sn2000dk      Ia-norm    0.6593   3.25   0.2710   0.0137     9.60  0    cut
  39  sn2002bf      Ia-norm    0.6471   3.24   0.2881   0.0162    10.60  0    cut
  40  sn2006et      Ia-norm    0.7121   3.22   0.2921   0.0178     6.30  0    cut
  41  sn2007co      Ia-norm    0.7162   3.22   0.2781   0.0150    10.50  0    cut
  42  sn2003ic      Ia-norm    0.6769   3.19   0.2824   0.0159     7.20  0    cut
  43  sn2007co      Ia-norm    0.7175   3.18   0.2864   0.0177     5.70  0    cut
  44  sn1996bl      Ia-norm    0.6647   3.17   0.2729   0.0128    13.30  0    cut
  45  sn2002er      Ia-norm    0.7040   3.15   0.2790   0.0151    10.00  0    cut
  46  sn2005kc      Ia-norm    0.6999   3.14   0.2704   0.0147    11.60  0    cut
  47  sn2007kk      Ia-norm    0.7324   3.14   0.2891   0.0184     5.90  0    cut
  48  sn2007S       Ia-91T     0.7040   3.14   0.2885   0.0191     8.10  0    cut
  49  sn2006ak      Ia-norm    0.7256   3.14   0.2927   0.0178     7.30  0    cut
  50  sn2003ic      Ia-norm    0.6769   3.14   0.2824   0.0171     8.00  0    cut
  51  sn2005hc      Ia-norm    0.7311   3.13   0.2895   0.0193     6.30  0    cut
  52  sn1989B       Ia-norm    0.6566   3.13   0.2745   0.0153     8.60  0    cut
  53  sn1990N       Ia-norm    0.7459   3.12   0.2743   0.0155    13.50  0    cut
  54  sn2000cf      Ia-norm    0.6607   3.11   0.2695   0.0161    14.50  0    cut
  55  sn2002hd      Ia-norm    0.6566   3.11   0.2744   0.0142    12.00  0    cut
  56  sn1991T       Ia-91T     0.7663   3.11   0.2767   0.0165    14.50  0    cut
  57  sn2007co      Ia-norm    0.7175   3.10   0.2806   0.0164     8.60  0    cut
  58  sn2005cf      Ia-norm    0.6999   3.10   0.2719   0.0152    14.10  0    cut
  59  sn1989B       Ia-norm    0.6593   3.09   0.2733   0.0152    10.60  0    cut
  60  sn2006te      Ia-norm    0.7243   3.08   0.2745   0.0186    12.30  0    cut
  61  sn2007co      Ia-norm    0.7175   3.07   0.2823   0.0180     7.50  0    cut
  62  sn2006ac      Ia-norm    0.6620   3.07   0.2754   0.0148    15.00  0    cut
  63  sn2005cf      Ia-norm    0.7392   3.07   0.2745   0.0163    12.10  0    cut
  64  sn2007co      Ia-norm    0.7189   3.06   0.2842   0.0177     6.60  0    cut
  65  sn2000cn      Ia-91bg    0.6458   3.05   0.2737   0.0144    10.20  0    cut
  66  sn2007af      Ia-norm    0.6959   3.05   0.2703   0.0146    12.30  0    cut
  67  sn2006cp      Ia-norm    0.7107   3.04   0.2810   0.0160     9.30  0    cut
  68  sn2006X       Ia-norm    0.6931   3.03   0.2800   0.0149    14.20  0    cut
  69  sn2007sr      Ia-norm    0.6931   3.03   0.2746   0.0146    14.50  0    cut
  70  sn2007hj      Ia-norm    0.7053   3.03   0.2756   0.0147     7.30  0    cut
  71  sn2006cj      Ia-norm    0.7459   3.03   0.2949   0.0178     5.40  0    cut
  72  sn2002eu      Ia-norm    0.6579   3.02   0.2741   0.0154    10.70  0    cut
  73  sn1997E       Ia-norm    0.6403   3.02   0.2696   0.0147    11.20  0    cut
  74  sn2007S       Ia-91T     0.7026   3.02   0.2763   0.0175    12.10  0    cut
  75  sn2007af      Ia-norm    0.6959   3.02   0.2708   0.0147    11.30  0    cut
  76  sn2006cj      Ia-norm    0.7473   3.02   0.2751   0.0202    11.00  0    cut
  77  sn2003hu      Ia-91T     0.6959   3.01   0.2805   0.0164     8.40  0    cut
  78  sn2006lf      Ia-norm    0.6688   3.01   0.2711   0.0147    13.20  0    cut
  79  sn2006hb      Ia-91bg    0.7053   3.00   0.2710   0.0146    10.70  0    cut
  80  sn2006X       Ia-norm    0.6931   2.98   0.2806   0.0151    13.30  0    cut
  81  sn2007fb      Ia-norm    0.7094   2.98   0.2718   0.0153    13.60  0    cut
  82  sn2005hf      Ia-norm    0.7311   2.97   0.2812   0.0204     8.20  0    cut
  83  sn2004eo      Ia-norm    0.6999   2.97   0.2726   0.0134    14.70  0    cut
  84  sn2005hf      Ia-norm    0.7297   2.96   0.2793   0.0180     9.10  0    cut
  85  sn2007bc      Ia-norm    0.7107   2.94   0.2722   0.0160     7.30  0    cut
  86  sn1997br      Ia-91T     0.6363   2.94   0.2788   0.0195     9.90  0    cut
  87  sn1998V       Ia-norm    0.6417   2.94   0.2715   0.0151    15.00  0    cut
  88  sn2002bf      Ia-norm    0.6485   2.94   0.2854   0.0174    11.70  0    cut
  89  sn2001gc      Ia-norm    0.6403   2.94   0.2857   0.0170     7.30  0    cut
  90  sn2006X       Ia-norm    0.6931   2.94   0.2864   0.0155     7.30  0    cut
  91  sn2006X       Ia-norm    0.6959   2.93   0.2857   0.0156     8.20  0    cut
  92  sn2007fb      Ia-norm    0.7094   2.93   0.2708   0.0153    14.50  0    cut
  93  sn2008ar      Ia-norm    0.7162   2.93   0.2846   0.0204     7.20  0    cut
  94  sn1994ae      Ia-norm    0.8042   2.92   0.2753   0.0161     8.00  0    cut
  95  sn2004fu      Ia-norm    0.6931   2.91   0.2724   0.0145    15.30  0    cut
  96  sn2002er      Ia-norm    0.7405   2.90   0.2689   0.0166     8.80  0    cut
  97  sn2002ck      Ia-norm    0.6485   2.89   0.2735   0.0158    11.90  0    cut
  98  sn2006ac      Ia-norm    0.7107   2.89   0.2750   0.0153    12.90  0    cut
  99  sn2000B       Ia-norm    0.6431   2.89   0.2822   0.0169    13.60  0    cut
 100  sn2003kc      Ia-norm    0.6552   2.89   0.2751   0.0163    14.60  0    cut
 101  sn2002dj      Ia-norm    0.6999   2.89   0.2814   0.0163     8.00  0    cut
 102  sn1999ej      Ia-norm    0.6363   2.88   0.2696   0.0156    11.00  0    cut
 103  sn2001N       Ia-norm    0.6417   2.88   0.2794   0.0186    11.50  0    cut
 104  sn2007af      Ia-norm    0.6959   2.88   0.2712   0.0155    10.20  0    cut
 105  sn2000bk      Ia-norm    0.6471   2.88   0.2723   0.0155    11.90  0    cut
 106  sn2005am      Ia-norm    0.6593   2.87   0.2745   0.0157    14.80  0    cut
 107  sn1994Q       Ia-norm    0.6295   2.87   0.2733   0.0161    12.80  0    cut
 108  sn1999ac      Ia-91T     0.6336   2.87   0.2793   0.0182    11.90  0    cut
 109  sn1997bq      Ia-norm    0.6390   2.86   0.2757   0.0166    11.20  0    cut
 110  sn2005mz      Ia-91bg    0.7040   2.86   0.2702   0.0132    10.20  0    cut
 111  sn2007fb      Ia-norm    0.7107   2.85   0.2729   0.0153    12.60  0    cut
 112  sn2006hb      Ia-91bg    0.7067   2.85   0.2718   0.0148     9.70  0    cut
 113  sn2005hf      Ia-norm    0.7324   2.85   0.2737   0.0188    14.90  0    cut
 114  sn1995ak      Ia-norm    0.6525   2.84   0.2720   0.0162    13.40  0    cut
 115  sn2007ap      Ia-norm    0.7026   2.84   0.2721   0.0151    11.40  0    cut
 116  sn2005kc      Ia-norm    0.6999   2.84   0.2701   0.0156     9.80  0    cut
 117  sn2002dp      Ia-norm    0.6363   2.83   0.2694   0.0160    13.00  0    cut
 118  sn2002dl      Ia-91bg    0.6390   2.83   0.2703   0.0169    10.30  0    cut
 119  sn2005am      Ia-norm    0.6945   2.83   0.2760   0.0157    10.90  0    cut
 120  sn2007le      Ia-norm    0.6972   2.82   0.2743   0.0153    15.40  0    cut
 121  sn2003cg      Ia-norm    0.7229   2.82   0.2733   0.0162     9.20  0    cut
 122  sn2006lf      Ia-norm    0.6661   2.82   0.2714   0.0153    11.30  0    cut
 123  sn2005hc      Ia-norm    0.7283   2.82   0.2919   0.0213     5.40  0    cut
 124  sn2005hc      Ia-norm    0.7311   2.82   0.2749   0.0172    11.10  0    cut
 125  sn2001fh      Ia-norm    0.6349   2.81   0.2690   0.0160     9.10  0    cut
 126  sn2005gj      Ia-csm     0.6268   2.81   0.2687   0.0067    10.40  0    cut
 127  sn2007hj      Ia-norm    0.7053   2.80   0.2765   0.0156     6.30  0    cut
 128  sn2001en      Ia-norm    0.6390   2.80   0.2741   0.0158    14.10  0    cut
 129  sn2006H       Ia-91bg    0.6986   2.80   0.2725   0.0166     5.50  0    cut
 130  sn2005hf      Ia-norm    0.7324   2.79   0.2749   0.0212    12.90  0    cut
 131  sn2007le      Ia-norm    0.6959   2.79   0.2747   0.0155    14.40  0    cut
 132  sn2007qe      Ia-norm    0.7121   2.79   0.2835   0.0168     9.00  0    cut
 133  sn2005eu      Ia-norm    0.7216   2.79   0.2748   0.0180    10.30  0    cut
 134  sn2000cn      Ia-91bg    0.6471   2.78   0.2734   0.0147    12.20  0    cut
 135  sn1996bo      Ia-norm    0.6458   2.78   0.2767   0.0161     9.20  0    cut
 136  sn1991T       Ia-91T     0.7040   2.78   0.2809   0.0194     9.50  0    cut
 137  sn2001gc      Ia-norm    0.6417   2.78   0.2797   0.0169    13.30  0    cut
 138  sn2001N       Ia-norm    0.6417   2.77   0.2819   0.0184    10.40  0    cut
 139  sn2006le      Ia-norm    0.7013   2.77   0.2746   0.0152    13.80  0    cut
 140  sn2007le      Ia-norm    0.6959   2.77   0.2757   0.0156    13.40  0    cut
 141  sn2006X       Ia-norm    0.6918   2.77   0.2868   0.0163     6.20  0    cut
 142  sn2003cg      Ia-norm    0.7175   2.76   0.2731   0.0162    11.00  0    cut
 143  sn1984A       Ia-norm    0.5361   2.76   0.2807   0.0185     8.10  0    cut
 144  sn2005am      Ia-norm    0.6634   2.76   0.2740   0.0161    11.80  0    cut
 145  sn1992A       Ia-norm    0.8042   2.76   0.2882   0.0165     5.50  0    cut
 146  sn2006le      Ia-norm    0.6715   2.76   0.2741   0.0152    14.70  0    cut
 147  sn1998es      Ia-91T     0.6999   2.75   0.2732   0.0158    14.30  0    cut
 148  sn2006cp      Ia-norm    0.7094   2.75   0.2826   0.0181     7.30  0    cut
 149  sn2002bo      Ia-norm    0.6282   2.75   0.2734   0.0172    15.40  0    cut
 150  sn2007le      Ia-norm    0.6931   2.74   0.2779   0.0164    10.40  0    cut
 151  sn1999ac      Ia-91T     0.6336   2.74   0.2799   0.0198    10.90  0    cut
 152  sn2007fb      Ia-norm    0.7094   2.74   0.2746   0.0152    10.60  0    cut
 153  sn2006ac      Ia-norm    0.7067   2.74   0.2780   0.0162     9.00  0    cut
 154  sn2003cg      Ia-norm    0.7135   2.73   0.2714   0.0156    11.90  0    cut
 155  sn2007le      Ia-norm    0.6959   2.73   0.2775   0.0161    11.40  0    cut
 156  sn1997bq      Ia-norm    0.6376   2.73   0.2781   0.0174     9.20  0    cut
 157  sn2007bj      Ia-norm    0.7026   2.73   0.2736   0.0145    14.90  0    cut
 158  sn2006al      Ia-norm    0.7459   2.72   0.2809   0.0180     5.40  0    cut
 159  sn2007qe      Ia-norm    0.7148   2.72   0.2813   0.0168    10.90  0    cut
 160  sn2007le      Ia-norm    0.6972   2.72   0.2763   0.0160    12.40  0    cut
 161  sn2006H       Ia-91bg    0.7013   2.72   0.2737   0.0195     6.50  0    cut
 162  sn2006cp      Ia-norm    0.7094   2.71   0.2856   0.0181     6.30  0    cut
 163  sn2005cf      Ia-norm    0.7162   2.71   0.2730   0.0173    12.20  0    cut
 164  sn1981B       Ia-norm    0.6417   2.71   0.2747   0.0168    15.40  0    cut
 165  sn1995E       Ia-norm    0.7229   2.71   0.2790   0.0204     5.90  0    cut
 166  sn1994Q       Ia-norm    0.6295   2.71   0.2745   0.0174    11.80  0    cut
 167  sn1999ek      Ia-norm    0.6403   2.71   0.2707   0.0166    12.20  0    cut
 168  sn1999X       Ia-norm    0.6471   2.70   0.2735   0.0172    15.00  0    cut
 169  sn2006eu      Ia-norm    0.7148   2.70   0.2751   0.0149     8.00  0    cut
 170  sn2007hj      Ia-norm    0.6525   2.70   0.2738   0.0148    12.30  0    cut
 171  sn2005hf      Ia-norm    0.7311   2.70   0.2778   0.0215    11.00  0    cut
 172  sn2002bo      Ia-norm    0.6268   2.70   0.2739   0.0175    14.50  0    cut
 173  sn2006cf      Ia-norm    0.7297   2.70   0.2788   0.0229     6.50  0    cut
 174  sn2005am      Ia-norm    0.6959   2.70   0.2776   0.0165     9.90  0    cut
 175  sn2005mc      Ia-norm    0.7094   2.69   0.2759   0.0168     5.60  0    cut
 176  sn2002bf      Ia-norm    0.6485   2.69   0.2822   0.0177    12.60  0    cut
 177  sn1998ab      Ia-91T     0.5957   2.69   0.2943   0.0214     6.70  0    cut
 178  sn1997br      Ia-91T     0.7229   2.68   0.2877   0.0213     7.20  0    cut
 179  sn1995D       Ia-norm    0.7189   2.68   0.2739   0.0169    14.50  0    cut
 180  sn2005cf      Ia-norm    0.7608   2.68   0.2971   0.0202     6.20  0    cut
 181  sn2004ef      Ia-norm    0.7175   2.67   0.2862   0.0204     6.30  0    cut
 182  sn2006ac      Ia-norm    0.6783   2.67   0.2768   0.0160    11.00  0    cut
 183  sn1997br      Ia-91T     0.7879   2.67   0.2754   0.0187    11.90  0    cut
 184  sn2006ac      Ia-norm    0.7080   2.67   0.2774   0.0161    10.00  0    cut
 185  sn2006N       Ia-norm    0.6999   2.67   0.2713   0.0155    11.60  0    cut
 186  sn1998V       Ia-norm    0.6417   2.66   0.2715   0.0165    13.10  0    cut
 187  sn1996bo      Ia-norm    0.6444   2.66   0.2757   0.0172    11.10  0    cut
 188  sn2007le      Ia-norm    0.6959   2.66   0.2789   0.0172     9.50  0    cut
 189  sn2000cn      Ia-91bg    0.6471   2.65   0.2741   0.0166     8.30  0    cut
 190  sn2002bo      Ia-norm    0.6268   2.65   0.2744   0.0178    13.50  0    cut
 191  sn2002er      Ia-norm    0.6945   2.65   0.2848   0.0195    11.80  0    cut
 192  sn2002bf      Ia-norm    0.6485   2.65   0.2902   0.0179     6.70  0    cut
 193  sn2001N       Ia-norm    0.6417   2.64   0.2828   0.0183     9.40  0    cut
 194  sn2001bg      Ia-norm    0.6309   2.64   0.2729   0.0174    14.00  0    cut
 195  sn1998dx      Ia-norm    0.6755   2.64   0.2794   0.0174    12.50  0    cut
 196  sn2007qe      Ia-norm    0.7121   2.63   0.2848   0.0184     8.00  0    cut
 197  sn2001en      Ia-norm    0.6390   2.63   0.2754   0.0165    12.20  0    cut
 198  sn1995E       Ia-norm    0.8015   2.63   0.2757   0.0164     8.90  0    cut
 199  sn2006le      Ia-norm    0.7013   2.63   0.2776   0.0169    10.80  0    cut
 200  sn2006D       Ia-norm    0.7757   2.62   0.2695   0.0178    12.50  0    cut
 201  sn1999gh      Ia-norm    0.6309   2.62   0.2715   0.0169     9.40  0    cut
 202  sn2005cf      Ia-norm    0.7365   2.62   0.2934   0.0212     7.20  0    cut
 203  sn1998bu      Ia-norm    0.6255   2.62   0.2703   0.0170    13.40  0    cut
 204  sn2004S       Ia-norm    0.6661   2.62   0.2785   0.0194    13.90  0    cut
 205  sn1999gh      Ia-norm    0.6309   2.61   0.2722   0.0173     8.40  0    cut
 206  sn1994M       Ia-norm    0.7608   2.61   0.2785   0.0162    11.50  0    cut
 207  sn2003cg      Ia-norm    0.6268   2.60   0.2708   0.0173    10.80  0    cut
 208  sn1998V       Ia-norm    0.6403   2.59   0.2712   0.0163    12.10  0    cut
 209  sn2002bo      Ia-norm    0.6255   2.59   0.2748   0.0182    12.50  0    cut
 210  sn2006le      Ia-norm    0.7013   2.59   0.2756   0.0162    12.80  0    cut
 211  sn2007le      Ia-norm    0.6959   2.58   0.2802   0.0181     8.40  0    cut
 212  sn1999aa      Ia-91T     0.6471   2.58   0.2720   0.0166    14.50  0    cut
 213  sn1989B       Ia-norm    0.6390   2.58   0.2751   0.0203     6.60  0    cut
 214  sn2001ck      Ia-norm    0.6566   2.58   0.2716   0.0165    14.40  0    cut
 215  sn2002kf      Ia-norm    0.6431   2.58   0.2740   0.0176    13.90  0    cut
 216  sn1992A       Ia-norm    0.8042   2.57   0.2873   0.0186    11.20  0    cut
 217  sn2008bf      Ia-norm    0.7148   2.57   0.2761   0.0169    11.40  0    cut
 218  sn1997do      Ia-norm    0.6349   2.56   0.2754   0.0179    15.30  0    cut
 219  sn2005hf      Ia-norm    0.7297   2.56   0.2698   0.0214    12.00  0    cut
 220  sn2002bo      Ia-norm    0.6268   2.56   0.2754   0.0181    11.60  0    cut
 221  sn2007bc      Ia-norm    0.7094   2.56   0.2723   0.0182     6.20  0    cut
 222  sn1999cl      Ia-norm    0.6309   2.56   0.2780   0.0201     7.60  0    cut
 223  sn1997do      Ia-norm    0.6336   2.55   0.2754   0.0179    14.20  0    cut
 224  sn1996X       Ia-norm    0.8042   2.54   0.2758   0.0199     7.10  0    cut
 225  sn1993ac      Ia-norm    0.8042   2.54   0.2872   0.0172     6.90  0    cut
 226  sn2006ac      Ia-norm    0.7080   2.54   0.2815   0.0178     7.10  0    cut
 227  sn2006N       Ia-norm    0.7013   2.54   0.2747   0.0170     8.50  0    cut
 228  sn2007if      Ia-pec     0.5876   2.53   0.2690   0.0226    10.30  0    cut
 229  sn1994M       Ia-norm    0.8042   2.53   0.2777   0.0174    12.50  0    cut
 230  sn1998bu      Ia-norm    0.6255   2.53   0.2710   0.0174    12.40  0    cut
 231  sn2001ck      Ia-norm    0.8042   2.52   0.2809   0.0241     5.80  0    cut
 232  sn1999gh      Ia-norm    0.6309   2.52   0.2723   0.0177     7.40  0    cut
 233  sn1997do      Ia-norm    0.6336   2.52   0.2771   0.0182    12.10  0    cut
 234  sn2008Z       Ia-norm    0.7107   2.51   0.2735   0.0160    12.30  0    cut
 235  sn1994D       Ia-norm    0.6282   2.51   0.2719   0.0180    14.80  0    cut
 236  sn1995D       Ia-norm    0.7175   2.51   0.2758   0.0194    11.50  0    cut
 237  sn2002bf      Ia-norm    0.6485   2.51   0.2798   0.0189    13.50  0    cut
 238  sn2005ke      Ia-91bg    0.6864   2.50   0.2692   0.0189     6.40  0    cut
 239  sn2006H       Ia-91bg    0.6742   2.50   0.2706   0.0176     7.50  0    cut
 240  sn2002cd      Ia-norm    0.6336   2.49   0.2789   0.0164    15.10  0    cut
 241  sn1996C       Ia-norm    0.7500   2.48   0.2710   0.0177     7.80  0    cut
 242  sn2007bd      Ia-norm    0.7216   2.48   0.2778   0.0170     8.40  0    cut
 243  sn1999ac      Ia-91T     0.6336   2.47   0.2824   0.0222    10.00  0    cut
 244  sn1994D       Ia-norm    0.6282   2.46   0.2703   0.0179    12.80  0    cut
 245  sn2002jg      Ia-norm    0.6376   2.46   0.2702   0.0175     9.40  0    cut
 246  sn2001V       Ia-91T     0.6390   2.46   0.2746   0.0197    13.50  0    cut
 247  sn1996Z       Ia-norm    0.6349   2.45   0.2778   0.0188    10.10  0    cut
 248  sn1999X       Ia-norm    0.6471   2.45   0.2745   0.0190    13.10  0    cut
 249  sn1994Q       Ia-norm    0.7107   2.45   0.2814   0.0214    11.60  0    cut
 250  sn1997do      Ia-norm    0.6336   2.45   0.2781   0.0193    11.10  0    cut
 251  sn2002bo      Ia-norm    0.6255   2.44   0.2768   0.0191    10.40  0    cut
 252  sn2007le      Ia-norm    0.6959   2.44   0.2816   0.0198     7.40  0    cut
 253  sn2006gr      Ia-norm    0.7067   2.44   0.2827   0.0184    12.40  0    cut
 254  sn2000fa      Ia-norm    0.6458   2.44   0.2738   0.0171    14.00  0    cut
 255  sn2006le      Ia-norm    0.7013   2.43   0.2817   0.0220     7.90  0    cut
 256  sn1997br      Ia-91T     0.6349   2.43   0.2800   0.0244     7.90  0    cut
 257  sn2007ca      Ia-norm    0.7013   2.43   0.2708   0.0168    13.30  0    cut
 258  sn2002bf      Ia-norm    0.6485   2.42   0.2896   0.0199     5.70  0    cut
 259  sn1999gh      Ia-norm    0.6309   2.42   0.2714   0.0177    11.40  0    cut
 260  sn1998dk      Ia-norm    0.6376   2.42   0.2756   0.0182    13.10  0    cut
 261  sn2006lf      Ia-norm    0.6403   2.42   0.2711   0.0165    10.30  0    cut
 262  sn1995al      Ia-norm    0.6336   2.42   0.2738   0.0172    15.40  0    cut
 263  sn2006X       Ia-norm    0.6620   2.41   0.2828   0.0181    10.30  0    cut
 264  sn2000cx      Ia-pec     0.5686   2.41   0.1383   0.0204    10.60  0    cut
 265  sn2008bf      Ia-norm    0.7121   2.41   0.2768   0.0197    10.40  0    cut
 266  sn2007nq      Ia-norm    0.6417   2.41   0.2784   0.0184     9.20  0    cut
 267  sn1997do      Ia-norm    0.6336   2.41   0.2794   0.0201    10.20  0    cut
 268  sn1994Q       Ia-norm    0.6309   2.41   0.2753   0.0207    10.90  0    cut
 269  sn1995bd      Ia-91T     0.6431   2.41   0.2947   0.0220    10.60  0    cut
 270  sn2002dp      Ia-norm    0.6363   2.40   0.2703   0.0186    10.00  0    cut
 271  sn2007bm      Ia-norm    0.6972   2.39   0.2710   0.0194     6.60  0    cut
 272  sn1998bu      Ia-norm    0.6255   2.39   0.2716   0.0181    11.40  0    cut
 273  sn1999gh      Ia-norm    0.6309   2.39   0.2740   0.0186     6.50  0    cut
 274  sn2003du      Ia-norm    0.6918   2.39   0.2707   0.0180    12.70  0    cut
 275  sn2006X       Ia-norm    0.6471   2.39   0.2790   0.0184    12.30  0    cut
 276  sn2003ch      Ia-norm    0.6458   2.38   0.2671   0.0152    13.50  0    cut
 277  sn2003du      Ia-norm    0.7162   2.38   0.2744   0.0211     9.80  0    cut
 278  sn2006hb      Ia-91bg    0.7053   2.38   0.2724   0.0180     8.70  0    cut
 279  sn2007nq      Ia-norm    0.7351   2.38   0.2787   0.0198     6.30  0    cut
 280  sn2006le      Ia-norm    0.7013   2.38   0.2794   0.0213     8.90  0    cut
 281  sn2006cj      Ia-norm    0.7459   2.37   0.2778   0.0270     8.20  0    cut
 282  sn2007bj      Ia-norm    0.7067   2.37   0.2758   0.0158    12.00  0    cut
 283  sn2007jg      Ia-norm    0.6661   2.37   0.2769   0.0200    13.10  0    cut
 284  sn1994ae      Ia-norm    0.6986   2.36   0.2727   0.0182     9.90  0    cut
 285  sn1995D       Ia-norm    0.7189   2.36   0.2760   0.0226     9.50  0    cut
 286  sn1999ej      Ia-norm    0.6376   2.36   0.2712   0.0182     8.10  0    cut
 287  sn2003cg      Ia-norm    0.6268   2.35   0.2713   0.0199     9.80  0    cut
 288  sn2001ep      Ia-norm    0.6376   2.34   0.2751   0.0243     7.80  0    cut
 289  sn2006X       Ia-norm    0.6620   2.34   0.2815   0.0187    11.20  0    cut
 290  sn2000cx      Ia-pec     0.6255   2.34   0.3151   0.0149     6.60  0    cut
 291  sn2001en      Ia-norm    0.6390   2.34   0.2766   0.0183    10.20  0    cut
 292  sn2003du      Ia-norm    0.7162   2.34   0.2745   0.0216     8.80  0    cut
 293  sn2008bf      Ia-norm    0.7135   2.33   0.2759   0.0181    13.30  0    cut
 294  sn1999aa      Ia-91T     0.6376   2.33   0.2730   0.0180    14.60  0    cut
 295  sn1999ac      Ia-91T     0.6607   2.33   0.2877   0.0234     7.80  0    cut
 296  sn2002bf      Ia-norm    0.6485   2.33   0.2766   0.0200    14.60  0    cut
 297  sn2002dj      Ia-norm    0.6322   2.32   0.2782   0.0195     9.50  0    cut
 298  sn2001fh      Ia-norm    0.6349   2.31   0.2733   0.0249     7.20  0    cut
 299  sn2002ic      Ia-csm     0.8042   2.31   0.2694   0.0168     5.60  0    cut
 300  sn2005eu      Ia-norm    0.7216   2.31   0.2743   0.0230     8.30  0    cut
 301  sn1999ek      Ia-norm    0.6417   2.31   0.2703   0.0179     9.20  0    cut
 302  sn1999ac      Ia-91T     0.6336   2.31   0.2851   0.0245     9.00  0    cut
 303  sn1996Z       Ia-norm    0.6336   2.30   0.2740   0.0195    14.00  0    cut
 304  sn2001E       Ia-norm    0.6417   2.30   0.2787   0.0175    14.60  0    cut
 305  sn2006N       Ia-norm    0.6986   2.29   0.2751   0.0182     7.50  0    cut
 306  sn2000cx      Ia-pec     0.5686   2.29   0.1363   0.0225    13.60  0    cut
 307  sn1996bo      Ia-norm    0.6471   2.29   0.2793   0.0200     7.10  0    cut
 308  sn1996Z       Ia-norm    0.6363   2.29   0.2801   0.0210     8.10  0    cut
 309  sn2004as      Ia-norm    0.6552   2.29   0.2814   0.0205     7.60  0    cut
 310  sn2006ev      Ia-norm    0.7189   2.28   0.2857   0.0242     5.50  0    cut
 311  sn2004as      Ia-norm    0.6539   2.28   0.2794   0.0213     8.60  0    cut
 312  sn2004dt      Ia-norm    0.7365   2.27   0.2732   0.0171    14.00  0    cut
 313  sn1994ae      Ia-norm    0.7013   2.27   0.2726   0.0186     9.00  0    cut
 314  sn1995al      Ia-norm    0.6336   2.27   0.2752   0.0178    13.30  0    cut
 315  sn2006H       Ia-91bg    0.7013   2.27   0.2682   0.0179     9.60  0    cut
 316  sn1994D       Ia-norm    0.6282   2.26   0.2715   0.0186    10.80  0    cut
 317  sn2001V       Ia-91T     0.6390   2.25   0.2752   0.0223    12.50  0    cut
 318  sn2005gj      Ia-csm     0.6282   2.25   0.2680   0.0068     7.70  0    cut
 319  sn2001bf      Ia-norm    0.6349   2.25   0.2658   0.0164    12.50  0    cut
 320  sn2003hv      Ia-norm    0.6119   2.24   0.2683   0.0176    11.20  0    cut
 321  sn1998co      Ia-norm    0.6417   2.24   0.2725   0.0193     6.90  0    cut
 322  sn1998ec      Ia-norm    0.6444   2.23   0.2768   0.0196    11.70  0    cut
 323  sn2001eh      Ia-91T     0.6607   2.23   0.2941   0.0257     8.60  0    cut
 324  sn1999gh      Ia-norm    0.6309   2.23   0.2719   0.0181    12.40  0    cut
 325  sn2004as      Ia-norm    0.6539   2.23   0.2839   0.0224     6.60  0    cut
 326  sn2006lf      Ia-norm    0.6417   2.23   0.2727   0.0185     9.30  0    cut
 327  sn2005ke      Ia-91bg    0.6918   2.22   0.2693   0.0197     8.40  0    cut
 328  sn1998bu      Ia-norm    0.6255   2.22   0.2716   0.0194    10.40  0    cut
 329  sn1996X       Ia-norm    0.4806   2.22   0.2687   0.0209    11.90  0    cut
 330  sn2008Z       Ia-norm    0.7094   2.21   0.2741   0.0191    10.30  0    cut
 331  sn1998dk      Ia-norm    0.6376   2.21   0.2780   0.0208    11.10  0    cut
 332  sn2002eu      Ia-norm    0.6593   2.21   0.2764   0.0223     7.80  0    cut
 333  sn2007S       Ia-91T     0.7013   2.21   0.3012   0.0255     6.20  0    cut
 334  sn1997do      Ia-norm    0.6336   2.20   0.2814   0.0244     8.20  0    cut
 335  sn2007ca      Ia-norm    0.7013   2.20   0.2711   0.0187    11.40  0    cut
 336  sn2001E       Ia-norm    0.6431   2.20   0.2860   0.0212     7.70  0    cut
 337  sn2001da      Ia-norm    0.6417   2.20   0.2802   0.0255     7.80  0    cut
 338  sn2006le      Ia-norm    0.7013   2.19   0.2836   0.0254     6.90  0    cut
 339  sn1999aa      Ia-91T     0.6376   2.19   0.2740   0.0202    13.60  0    cut
 340  sn1995D       Ia-norm    0.7175   2.19   0.2916   0.0278     5.50  0    cut
 341  sn2006le      Ia-norm    0.6999   2.19   0.2880   0.0268     5.90  0    cut
 342  sn2002kf      Ia-norm    0.6431   2.19   0.2753   0.0193    11.80  0    cut
 343  sn2003kf      Ia-norm    0.6322   2.18   0.2713   0.0188    15.40  0    cut
 344  sn2007al      Ia-91bg    0.7013   2.18   0.2725   0.0180    10.20  0    cut
 345  sn2001bg      Ia-norm    0.6309   2.17   0.2765   0.0213    10.00  0    cut
 346  sn2006ac      Ia-norm    0.6931   2.17   0.2821   0.0205     6.20  0    cut
 347  sn1999X       Ia-norm    0.6471   2.17   0.2742   0.0230    12.00  0    cut
 348  sn2007ax      Ia-91bg    0.6986   2.16   0.2681   0.0180    10.00  0    cut
 349  sn1992A       Ia-norm    0.7202   2.16   0.2857   0.0197     5.90  0    cut
 350  sn2007hj      Ia-norm    0.6512   2.16   0.2735   0.0162    14.20  0    cut
 351  sn2007if      Ia-pec     0.5781   2.16   0.2726   0.0241    13.10  0    cut
 352  sn2007le      Ia-norm    0.6972   2.16   0.2837   0.0256     5.40  0    cut
 353  sn2003fa      Ia-91T     0.6620   2.16   0.2743   0.0218    13.50  0    cut
 354  sn1999gh      Ia-norm    0.6295   2.16   0.2753   0.0207     5.50  0    cut
 355  sn1999gp      Ia-91T     0.6512   2.15   0.3031   0.0250     6.90  0    cut
 356  sn2005am      Ia-norm    0.6959   2.15   0.2787   0.0199     7.90  0    cut
 357  sn1999gd      Ia-norm    0.6403   2.15   0.2717   0.0213     7.90  0    cut
 358  sn1998dm      Ia-norm    0.6309   2.14   0.2707   0.0200    14.40  0    cut
 359  sn2006hb      Ia-91bg    0.7053   2.14   0.2730   0.0194     7.70  0    cut
 360  sn1991bg      Ia-91bg    0.7487   2.14   0.4810   0.0131    14.10  0    cut
 361  sn2003kf      Ia-norm    0.6322   2.13   0.2721   0.0187    14.40  0    cut
 362  sn2007ci      Ia-norm    0.7080   2.13   0.2728   0.0184    12.50  0    cut
 363  sn2007if      Ia-pec     0.8042   2.13   0.1056   0.0186     6.60  0    cut
 364  sn2004bg      Ia-norm    0.6431   2.13   0.2707   0.0202    12.50  0    cut
 365  sn2006N       Ia-norm    0.6999   2.12   0.2755   0.0197     6.50  0    cut
 366  sn2008af      Ia-norm    0.7229   2.11   0.2851   0.0252     5.90  0    cut
 367  sn2001ep      Ia-norm    0.6376   2.10   0.2756   0.0280     6.80  0    cut
 368  sn2000cx      Ia-pec     0.7324   2.10   0.1350   0.0207     5.70  0    cut
 369  sn1998dk      Ia-norm    0.6376   2.09   0.2792   0.0231    10.20  0    cut
 370  sn2000cu      Ia-norm    0.6403   2.09   0.2737   0.0195     7.30  0    cut
 371  sn2005kc      Ia-norm    0.6986   2.09   0.2703   0.0217     6.70  0    cut
 372  sn2000fa      Ia-norm    0.6458   2.08   0.2756   0.0194    11.10  0    cut
 373  sn2002es      Ia-91bg    0.6390   2.08   0.2671   0.0186     9.00  0    cut
 374  sn2000cx      Ia-pec     0.5672   2.08   0.1395   0.0219     8.60  0    cut
 375  sn2002ic      Ia-csm     0.6593   2.07   0.2687   0.0098     9.40  0    cut
 376  sn2003fa      Ia-91T     0.6634   2.07   0.2676   0.0234    14.60  0    cut
 377  sn1996ai      Ia-norm    0.6322   2.06   0.2673   0.0202    15.10  0    cut
 378  sn2005eq      Ia-91T     0.6295   2.06   0.2725   0.0245    14.00  0    cut
 379  sn2003cg      Ia-norm    0.6282   2.06   0.2727   0.0228     8.80  0    cut
 380  sn2001ay      Ia-norm    0.6525   2.05   0.2752   0.0188     9.00  0    cut
 381  sn2007ap      Ia-norm    0.7026   2.05   0.2748   0.0198     7.40  0    cut
 382  sn2002cx      Ia-pec     0.6485   2.04   0.2674   0.0124    11.30  0    cut
 383  sn1996Z       Ia-norm    0.6363   2.04   0.2837   0.0267     6.10  0    cut
 384  sn2006hb      Ia-91bg    0.7040   2.03   0.2744   0.0208     6.80  0    cut
 385  sn1999by      Ia-91bg    0.6268   2.03   0.2723   0.0252     5.90  0    cut
 386  sn1994ae      Ia-norm    0.6999   2.03   0.2727   0.0210     7.90  0    cut
 387  sn2006H       Ia-91bg    0.6850   2.02   0.2691   0.0189    10.40  0    cut
 388  sn1998bu      Ia-norm    0.6255   2.02   0.2717   0.0214     9.40  0    cut
 389  sn2003kf      Ia-norm    0.6322   2.02   0.2721   0.0195    13.40  0    cut
 390  sn2005be      Ia-norm    0.7229   2.02   0.2766   0.0204     7.70  0    cut
 391  sn1992A       Ia-norm    0.6471   2.00   0.2858   0.0233     6.90  0    cut
 392  sn1995D       Ia-norm    0.7135   2.00   0.2768   0.0282     7.50  0    cut
 393  sn2006gz      Ia-pec     0.7107   2.00   0.2708   0.0230    11.10  0    cut
 394  sn2002ha      Ia-norm    0.6390   2.00   0.2726   0.0207     9.60  0    cut
 395  sn2007ca      Ia-norm    0.7040   1.99   0.2725   0.0214     9.40  0    cut
 396  sn2005cc      Ia-pec     0.6160   1.99   0.2656   0.0127     9.50  0    cut
 397  sn2003du      Ia-norm    0.7040   1.99   0.2737   0.0249     7.90  0    cut
 398  sn2007al      Ia-91bg    0.7013   1.98   0.2675   0.0268     8.30  0    cut
 399  sn1994D       Ia-norm    0.5862   1.98   0.2671   0.0169     9.60  0    cut
 400  sn1995al      Ia-norm    0.6336   1.97   0.2769   0.0207    10.40  0    cut
 401  sn2000B       Ia-norm    0.6431   1.97   0.2841   0.0230     8.60  0    cut
 402  sn2004as      Ia-norm    0.6552   1.97   0.2843   0.0275     5.80  0    cut
 403  sn2002es      Ia-91bg    0.6403   1.95   0.2659   0.0197    11.00  0    cut
 404  sn2005ke      Ia-91bg    0.6864   1.95   0.2681   0.0196    11.40  0    cut
 405  sn1999ef      Ia-norm    0.6620   1.94   0.2734   0.0188     9.60  0    cut
 406  sn2001V       Ia-91T     0.6390   1.94   0.2738   0.0274    11.30  0    cut
 407  sn2001en      Ia-norm    0.6390   1.94   0.2787   0.0221     8.30  0    cut
 408  sn2005ke      Ia-91bg    0.6904   1.94   0.2684   0.0197    13.40  0    cut
 409  sn2005hk      Ia-pec     0.6403   1.93   0.2656   0.0131    14.30  0    cut
 410  sn2005am      Ia-norm    0.6945   1.92   0.2803   0.0234     6.90  0    cut
 411  sn2001ay      Ia-norm    0.6728   1.92   0.2752   0.0207     7.80  0    cut
 412  sn2006gz      Ia-pec     0.7094   1.92   0.2714   0.0229    10.20  0    cut
 413  sn2003hu      Ia-91T     0.6945   1.92   0.2963   0.0291     7.50  0    cut
 414  sn2001ep      Ia-norm    0.6376   1.92   0.2785   0.0323     5.80  0    cut
 415  sn2006al      Ia-norm    0.6485   1.90   0.2692   0.0299     9.10  0    cut
 416  sn2007ba      Ia-91bg    0.6227   1.90   0.3018   0.0110     6.00  0    cut
 417  sn2000cx      Ia-pec     0.5686   1.89   0.3148   0.0161     6.60  0    cut
 418  sn2001bf      Ia-norm    0.7825   1.89   0.2739   0.0210     8.70  0    cut
 419  sn1998dx      Ia-norm    0.6755   1.89   0.2736   0.0206     7.80  0    cut
 420  sn2003it      Ia-norm    0.6471   1.88   0.2750   0.0226     9.50  0    cut
 421  sn2006al      Ia-norm    0.6688   1.88   0.2764   0.0208     6.30  0    cut
 422  sn2007af      Ia-norm    0.6959   1.88   0.2733   0.0268     5.40  0    cut
 423  sn2004bg      Ia-norm    0.6431   1.87   0.2717   0.0234    10.50  0    cut
 424  sn2001G       Ia-norm    0.6403   1.87   0.2747   0.0228    11.60  0    cut
 425  sn1999by      Ia-91bg    0.6268   1.87   0.2712   0.0259     6.90  0    cut
 426  sn2005bl      Ia-91bg    0.6647   1.87   0.4816   0.0206    12.60  0    cut
 427  sn2001ay      Ia-norm    0.6525   1.87   0.2755   0.0209     7.20  0    cut
 428  sn1997Y       Ia-norm    0.6336   1.86   0.2702   0.0213     6.90  0    cut
 429  sn2006H       Ia-91bg    0.7013   1.86   0.2706   0.0202    12.40  0    cut
 430  sn2003iv      Ia-norm    0.6552   1.85   0.2715   0.0217     7.20  0    cut
 431  sn2006gz      Ia-pec     0.7135   1.84   0.2713   0.0247     9.20  0    cut
 432  sn2001eh      Ia-91T     0.6607   1.83   0.3044   0.0294     5.70  0    cut
 433  sn2003hv      Ia-norm    0.6607   1.82   0.2723   0.0222     8.20  0    cut
 434  sn2007cg      Ia-norm    0.6268   1.81   0.2762   0.0252     7.50  0    cut
 435  sn2008bf      Ia-norm    0.7135   1.81   0.2773   0.0310     7.50  0    cut
 436  sn2007if      Ia-pec     0.8042   1.81   0.2603   0.0314     6.10  0    cut
 437  sn2006H       Ia-91bg    0.6850   1.80   0.2702   0.0226    11.40  0    cut
 438  sn2000fa      Ia-norm    0.6431   1.80   0.2782   0.0269     9.10  0    cut
 439  sn2001V       Ia-91T     0.6390   1.78   0.2747   0.0306    10.50  0    cut
 440  sn2007al      Ia-91bg    0.6268   1.77   0.4839   0.0238    10.10  0    cut
 441  sn1998dm      Ia-norm    0.6309   1.77   0.2710   0.0270    12.40  0    cut
 442  sn2002de      Ia-norm    0.6512   1.77   0.2768   0.0310     8.50  0    cut
 443  sn2001ay      Ia-norm    0.8042   1.77   0.2860   0.0224     5.80  0    cut
 444  sn2007if      Ia-pec     0.8001   1.76   0.0996   0.0206     9.40  0    cut
 445  sn2007if      Ia-pec     0.7527   1.76   0.0929   0.0213    13.90  0    cut
 446  sn2007if      Ia-pec     0.7514   1.76   0.2705   0.0288     5.60  0    cut
 447  sn2007if      Ia-pec     0.7839   1.76   0.0969   0.0212    14.10  0    cut
 448  sn2003fa      Ia-91T     0.6620   1.76   0.2755   0.0279    10.70  0    cut
 449  sn2007ux      Ia-norm    0.7189   1.74   0.2777   0.0305     5.80  0    cut
 450  sn2006N       Ia-norm    0.7013   1.74   0.2751   0.0226     5.60  0    cut
 451  sn2003it      Ia-norm    0.6485   1.74   0.2761   0.0208     8.50  0    cut
 452  sn2007cg      Ia-norm    0.6282   1.74   0.2780   0.0249     6.50  0    cut
 453  sn1999dq      Ia-91T     0.6363   1.73   0.3086   0.0336     5.40  0    cut
 454  sn2008Z       Ia-norm    0.7121   1.73   0.2727   0.0708     7.60  0    cut
 455  sn2003cg      Ia-norm    0.6282   1.73   0.2699   0.0338     7.70  0    cut
 456  sn2007kk      Ia-norm    0.6525   1.73   0.2832   0.0285     7.90  0    cut
 457  sn2003hu      Ia-91T     0.6227   1.73   0.2709   0.0289    10.30  0    cut
 458  sn2008L       Ia-norm    0.7094   1.72   0.2787   0.0246     5.60  0    cut
 459  sn2007if      Ia-pec     0.7500   1.72   0.1052   0.0240     7.40  0    cut
 460  sn1996X       Ia-norm    0.6363   1.72   0.2730   0.0296     8.10  0    cut
 461  sn1995al      Ia-norm    0.6336   1.71   0.2791   0.0288     8.40  0    cut
 462  sn1999by      Ia-91bg    0.6255   1.71   0.2703   0.0275     7.90  0    cut
 463  sn2005ke      Ia-91bg    0.6634   1.70   0.2696   0.0233    10.40  0    cut
 464  sn2003du      Ia-norm    0.7026   1.70   0.2726   0.0351     6.90  0    cut
 465  sn1998bu      Ia-norm    0.6255   1.70   0.2702   0.0290     8.40  0    cut
 466  sn2005cc      Ia-pec     0.6959   1.69   0.0851   0.0230     5.60  0    cut
 467  sn2003cg      Ia-norm    0.6336   1.69   0.2735   0.0370     7.00  0    cut
 468  sn2004bk      Ia-norm    0.6471   1.68   0.2830   0.0328     6.40  0    cut
 469  sn2006lf      Ia-norm    0.6282   1.67   0.2725   0.0240     7.30  0    cut
 470  sn2001bf      Ia-norm    0.6390   1.67   0.2657   0.0196     7.60  0    cut
 471  sn2000ce      Ia-norm    0.6403   1.65   0.2752   0.0332     8.70  0    cut
 472  sn2002fk      Ia-norm    0.6322   1.65   0.2701   0.0320     9.40  0    cut
 473  sn2000ce      Ia-norm    0.6403   1.64   0.2916   0.0346     6.70  0    cut
 474  sn2001V       Ia-91T     0.6390   1.63   0.2737   0.0335     9.50  0    cut
 475  sn2006gz      Ia-pec     0.7135   1.62   0.2694   0.0253     8.20  0    cut
 476  sn2001en      Ia-norm    0.6403   1.62   0.2800   0.0269     6.30  0    cut
 477  sn2003fa      Ia-91T     0.6620   1.61   0.2713   0.0312    11.60  0    cut
 478  sn1998bp      Ia-norm    0.6349   1.59   0.2714   0.0181    12.90  0    cut
 479  sn2002dp      Ia-norm    0.6363   1.58   0.2713   0.0327     7.10  0    cut
 480  sn2005mz      Ia-91bg    0.6485   1.58   0.2692   0.0172    12.10  0    cut
 481  sn1994M       Ia-norm    0.6498   1.57   0.2839   0.0289     6.60  0    cut
 482  sn2006gz      Ia-pec     0.7121   1.56   0.2701   0.0258     7.30  0    cut
 483  sn1998dx      Ia-norm    0.6755   1.56   0.2748   0.0222     5.90  0    cut
 484  sn1999ef      Ia-norm    0.6634   1.55   0.2718   0.0612     7.70  0    cut
 485  sn2005hk      Ia-pec     0.6999   1.55   0.2653   0.0171    14.40  0    cut
 486  sn2002fk      Ia-norm    0.6322   1.55   0.3019   0.0359     6.50  0    cut
 487  sn2007fb      Ia-norm    0.7094   1.55   0.2770   0.0248     5.60  0    cut
 488  sn2007cg      Ia-norm    0.6282   1.54   0.2762   0.0274     5.50  0    cut
 489  sn2005cc      Ia-pec     0.5781   1.53   0.2647   0.0113    14.70  0    cut
 490  sn2003kf      Ia-norm    0.6322   1.53   0.2725   0.0331    10.40  0    cut
 491  sn2000E       Ia-norm    0.6146   1.53   0.2691   0.0371     7.50  0    cut
 492  sn2005hk      Ia-pec     0.5618   1.52   0.2667   0.0166    12.40  0    cut
 493  sn1995al      Ia-norm    0.6322   1.52   0.2793   0.0384     6.40  0    cut
 494  sn2004dt      Ia-norm    0.6918   1.50   0.2795   0.0235     9.10  0    cut
 495  sn2006H       Ia-91bg    0.6999   1.50   0.2755   0.0264    14.30  0    cut
 496  sn2007if      Ia-pec     0.6986   1.49   0.2603   0.0293     9.40  0    cut
 497  sn2001fe      Ia-norm    0.6376   1.49   0.3092   0.0167     6.20  0    cut
 498  sn1998dm      Ia-norm    0.6309   1.48   0.3069   0.0182     6.50  0    cut
 499  sn2003cg      Ia-norm    0.6255   1.46   0.2683   0.0405     6.80  0    cut
 500  sn1996X       Ia-norm    0.6363   1.43   0.2714   0.0377     7.10  0    cut
 501  sn1998bp      Ia-norm    0.6322   1.42   0.2706   0.0185    14.80  0    cut
 502  sn2002fk      Ia-norm    0.6322   1.42   0.2673   0.0362     8.30  0    cut
 503  sn2003it      Ia-norm    0.6471   1.40   0.2731   0.0324     7.60  0    cut
 504  sn2006bt      Ia-norm    0.7189   1.40   0.2731   0.0403     5.70  0    cut
 505  sn1998dm      Ia-norm    0.6309   1.40   0.3075   0.0397     7.40  0    cut
 506  sn2002cx      Ia-pec     0.4779   1.39   0.2672   0.0120    15.20  0    cut
 507  sn2006gz      Ia-pec     0.6444   1.38   0.3091   0.0140     6.20  0    cut
 508  sn2006lf      Ia-norm    0.6431   1.38   0.2710   0.0494     6.30  0    cut
 509  sn2003fa      Ia-91T     0.6634   1.37   0.3020   0.0371     7.80  0    cut
 510  sn2004bg      Ia-norm    0.6444   1.37   0.1314   0.0237     5.70  0    cut
 511  sn1999ef      Ia-norm    0.6634   1.37   0.2686   0.0389     6.70  0    cut
 512  sn2007ca      Ia-norm    0.7053   1.36   0.2692   0.0383     6.40  0    cut
 513  sn2003fa      Ia-91T     0.6634   1.35   0.3054   0.0391     6.90  0    cut
 514  sn2002jy      Ia-norm    0.6431   1.34   0.2699   0.0378     9.90  0    cut
 515  sn2003kf      Ia-norm    0.6322   1.33   0.2701   0.0397     8.50  0    cut
 516  sn2007al      Ia-91bg    0.6349   1.33   0.4816   0.0258    11.30  0    cut
 517  sn2002he      Ia-norm    0.6485   1.32   0.2782   0.0262     5.60  0    cut
 518  sn2003ch      Ia-norm    0.6539   1.31   0.1266   0.0252     5.60  0    cut
 519  sn1999aa      Ia-91T     0.5821   1.30   0.3069   0.0411     6.70  0    cut
 520  sn2002jy      Ia-norm    0.6431   1.30   0.3077   0.0193     6.00  0    cut
 521  sn1998aq      Ia-norm    0.6268   1.29   0.3072   0.0166     6.00  0    cut
 522  sn2006H       Ia-91bg    0.6607   1.29   0.4477   0.0375    13.40  0    cut
 523  sn2006gz      Ia-pec     0.6431   1.29   0.2696   0.0215     8.20  0    cut
 524  sn1998dm      Ia-norm    0.6309   1.28   0.2672   0.0422     9.50  0    cut
 525  sn1997cn      Ia-91bg    0.5916   1.26   0.2685   0.0198    11.90  0    cut
 526  sn1994M       Ia-norm    0.6106   1.24   0.2761   0.0816     5.60  0    cut
 527  sn2007ca      Ia-norm    0.7026   1.24   0.2696   0.0419     5.50  0    cut
 528  sn1997cn      Ia-91bg    0.5930   1.23   0.2732   0.0215    10.90  0    cut
 529  sn2002kf      Ia-norm    0.6431   1.23   0.2742   0.0440     8.00  0    cut
 530  sn2003ch      Ia-norm    0.6471   1.23   0.2663   0.0711     6.70  0    cut
 531  sn2002fk      Ia-norm    0.6322   1.22   0.2650   0.0423     7.40  0    cut
 532  sn2002jy      Ia-norm    0.6431   1.20   0.3076   0.0435     7.00  0    cut
 533  sn2003fa      Ia-91T     0.6634   1.20   0.2683   0.0406     8.70  0    cut
 534  sn2006H       Ia-91bg    0.6336   1.19   0.2697   0.0268    15.30  0    cut
 535  sn2002jy      Ia-norm    0.6431   1.16   0.2685   0.0435     8.00  0    cut
 536  sn2003it      Ia-norm    0.6471   1.16   0.2707   0.0446     6.60  0    cut
 537  sn1997cn      Ia-91bg    0.5916   1.15   0.2707   0.0172    13.00  0    cut
 538  sn1997cn      Ia-91bg    0.5930   1.14   0.2694   0.0190    14.00  0    cut
 539  sn1997cn      Ia-91bg    0.5916   1.13   0.3671   0.0134    15.00  0    cut
 540  sn2003it      Ia-norm    0.6485   1.09   0.2706   0.0477     5.70  0    cut
 541  sn2002kf      Ia-norm    0.6431   1.06   0.3086   0.0471     6.00  0    cut
 542  sn2002ha      Ia-norm    0.6390   0.92   0.3072   0.0536     5.60  0    cut
