### SNID output file ###
 
### input spectrum and options ###
# Input spectrum                 : 18030_7.80.dat
# Parameter file                 : NA
# Wavelength range               :    4000.00   9000.00
# Mask file                      : NA
# Median filtering width [A]     : NA
# Median filtering width [pix]   :       1.00
# Clip emission redshift         :     0.1552
# Clip sky lines                 : 0
# Emission clip width [A]        :       0.16
# Keep A-band                    : 1
# Age range                      :       2.80     12.80
# Delta range                    :      -9.99     99.90
# Min. number of spectra/template:   1
# Use only templates             : NA
# Use only types                 : Ia
# Avoid templates                : NA
# Avoid types                    : NA
# rlapmin                        :       5.00
# Redshift range                 :    -0.0100    1.2000
# Forced initial redshift        :     0.1552
# Extra fake redshift            : NA
# Nsigma for initial redshift    : NA
# Redshift filter                :     0.0200
# Wavenumbers k1,k2,k3,k4        :     1    4   85  102
# Template directory             : /home/djperrefort/snid-5.0/templates-2.0/
 
### initial/user-input redshift ###
zinit       0.0000
zuser       0.1552
 
### median redshift/age and error ###
zmed        0.1618    0.0041
agem          6.30      2.31
 
### type fraction/redshift/age ###
#type ntemp fraction slope redshift redshift_error age age_error
Ia            401      1.00    0.0000    0.1618    0.0041     6.300     2.310
Ia-norm       350      0.87    0.0147    0.1620    0.0039     6.200     2.257
Ia-91T         33      0.08   -0.0065    0.1613    0.0041     7.500     2.495
Ia-91bg         8      0.02   -0.0054    0.1572    0.0043     7.250     2.518
Ia-csm          2      0.00   -0.0004    0.1508    0.0034     9.900     0.707
Ia-pec          8      0.02    0.0018    0.1614    0.0013     8.200     1.950
###
Ib              0      0.00    0.0000    0.0000    0.0000     0.000     0.000
Ib-norm         0      0.00    0.0000    0.0000    0.0000     0.000     0.000
Ib-pec          0      0.00    0.0000    0.0000    0.0000     0.000     0.000
IIb             0      0.00    0.0000    0.0000    0.0000     0.000     0.000
###
Ic              0      0.00    0.0000    0.0000    0.0000     0.000     0.000
Ic-norm         0      0.00    0.0000    0.0000    0.0000     0.000     0.000
Ic-pec          0      0.00    0.0000    0.0000    0.0000     0.000     0.000
Ic-broad        0      0.00    0.0000    0.0000    0.0000     0.000     0.000
###
II              0      0.00    0.0000    0.0000    0.0000     0.000     0.000
IIP             0      0.00    0.0000    0.0000    0.0000     0.000     0.000
II-pec          0      0.00    0.0000    0.0000    0.0000     0.000     0.000
IIn             0      0.00    0.0000    0.0000    0.0000     0.000     0.000
IIL             0      0.00    0.0000    0.0000    0.0000     0.000     0.000
###
NotSN           0      0.00    0.0000    0.0000    0.0000     0.000     0.000
AGN             0      0.00    0.0000    0.0000    0.0000     0.000     0.000
Gal             0      0.00    0.0000    0.0000    0.0000     0.000     0.000
LBV             0      0.00    0.0000    0.0000    0.0000     0.000     0.000
M-star          0      0.00    0.0000    0.0000    0.0000     0.000     0.000
 
### rlap-ordered template listings ###
#no. sn type lap rlap z zerr age age_flag grade
   1  sn2008C       Ia-norm    0.7351  14.94   0.1628   0.0036     4.40  0   good
   2  sn2006le      Ia-norm    0.7351  14.70   0.1659   0.0037     5.90  0   good
   3  sn2006le      Ia-norm    0.7365  14.07   0.1654   0.0038     6.90  0   good
   4  sn2002er      Ia-norm    0.8069  14.06   0.1628   0.0036     4.90  0   good
   5  sn2007le      Ia-norm    0.7432  13.65   0.1673   0.0039     5.40  0   good
   6  sn1989B       Ia-norm    0.6390  13.51   0.1578   0.0037     6.60  0   good
   7  sn2005hc      Ia-norm    0.7080  13.47   0.1638   0.0039     6.30  0   good
   8  sn1989B       Ia-norm    0.6471  13.07   0.1594   0.0038     4.60  0   good
   9  sn2003cg      Ia-norm    0.7974  12.77   0.1620   0.0039     4.00  0   good
  10  sn2005hc      Ia-norm    0.7067  12.49   0.1643   0.0042     5.40  0   good
  11  sn2006et      Ia-norm    0.7311  12.36   0.1628   0.0044     6.30  0   good
  12  sn2007co      Ia-norm    0.7256  12.33   0.1649   0.0044     5.70  0   good
  13  sn2006mo      Ia-norm    0.7162  12.31   0.1597   0.0039     5.20  0   good
  14  sn2007S       Ia-91T     0.7405  12.15   0.1646   0.0046     6.20  0   good
  15  sn2006al      Ia-norm    0.6688  12.14   0.1605   0.0040     6.30  0   good
  16  sn2007kk      Ia-norm    0.7162  12.07   0.1684   0.0047     5.90  0   good
  17  sn2006cp      Ia-norm    0.7270  11.97   0.1664   0.0047     6.30  0   good
  18  sn1995E       Ia-norm    0.6945  11.93   0.1617   0.0042     5.90  0   good
  19  sn2006le      Ia-norm    0.7365  11.77   0.1643   0.0046     7.90  0   good
  20  sn2007co      Ia-norm    0.7270  11.72   0.1640   0.0045     6.60  0   good
  21  sn2006N       Ia-norm    0.7324  11.66   0.1606   0.0040     6.50  0   good
  22  sn2007nq      Ia-norm    0.7107  11.56   0.1621   0.0042     6.30  0   good
  23  sn1992A       Ia-norm    0.8069  11.52   0.1697   0.0043     5.90  0   good
  24  sn2007co      Ia-norm    0.7283  11.38   0.1663   0.0047     4.60  0   good
  25  sn2006al      Ia-norm    0.6891  11.33   0.1613   0.0042     5.40  0   good
  26  sn2007ux      Ia-norm    0.7243  11.24   0.1596   0.0041     5.80  0   good
  27  sn2007bc      Ia-norm    0.7311  11.24   0.1580   0.0042     4.30  0   good
  28  sn2006cp      Ia-norm    0.7283  11.19   0.1651   0.0050     7.30  0   good
  29  sn2006N       Ia-norm    0.7378  11.12   0.1619   0.0042     4.60  0   good
  30  sn2007af      Ia-norm    0.7446  11.12   0.1587   0.0044     5.40  0   good
  31  sn2002cd      Ia-norm    0.6999  11.01   0.1752   0.0054     3.20  0    bad
  32  sn1992A       Ia-norm    0.8069  10.96   0.1694   0.0045     5.50  0   good
  33  sn2007co      Ia-norm    0.7270  10.95   0.1668   0.0050     3.70  0   good
  34  sn2007af      Ia-norm    0.7446  10.93   0.1596   0.0045     4.30  0   good
  35  sn2006N       Ia-norm    0.7378  10.87   0.1613   0.0043     5.60  0   good
  36  sn1996X       Ia-norm    0.8069  10.84   0.1599   0.0045     7.10  0   good
  37  sn2006gj      Ia-norm    0.7270  10.81   0.1598   0.0042     3.20  0   good
  38  sn2002er      Ia-norm    0.8069  10.79   0.1639   0.0048     2.90  0   good
  39  sn2002bo      Ia-norm    0.8069  10.74   0.1662   0.0052     5.20  0   good
  40  sn2008bf      Ia-norm    0.7270  10.71   0.1644   0.0047     7.50  0   good
  41  sn2003du      Ia-norm    0.7202  10.63   0.1597   0.0046     7.90  0   good
  42  sn2003du      Ia-norm    0.7162  10.53   0.1600   0.0047     6.90  0   good
  43  sn1992A       Ia-norm    0.6471  10.51   0.1691   0.0046     6.90  0   good
  44  sn2007kk      Ia-norm    0.7162  10.50   0.1696   0.0053     5.00  0   good
  45  sn2004eo      Ia-norm    0.8055  10.39   0.1594   0.0047     2.90  0   good
  46  sn2007co      Ia-norm    0.7256  10.38   0.1632   0.0051     7.50  0   good
  47  sn2007qe      Ia-norm    0.7270  10.36   0.1681   0.0054     8.00  0   good
  48  sn1999ee      Ia-norm    0.8069  10.31   0.1665   0.0055     6.70  0   good
  49  sn2003du      Ia-norm    0.7202  10.31   0.1592   0.0048     8.80  0   good
  50  sn2007S       Ia-91T     0.7365  10.29   0.1630   0.0051     8.10  0   good
  51  sn2008L       Ia-norm    0.7311  10.25   0.1635   0.0046     5.60  0   good
  52  sn2007bc      Ia-norm    0.7324  10.25   0.1567   0.0046     6.20  0   good
  53  sn2005am      Ia-norm    0.7392  10.21   0.1649   0.0047     4.90  0   good
  54  sn1995D       Ia-norm    0.6986  10.21   0.1610   0.0049     7.50  0   good
  55  sn2007kk      Ia-norm    0.7148  10.17   0.1701   0.0054     4.10  0   good
  56  sn2005M       Ia-91T     0.7270  10.09   0.1547   0.0051    10.00  0   good
  57  sn2006le      Ia-norm    0.7338  10.01   0.1674   0.0054     3.90  0   good
  58  sn2007af      Ia-norm    0.7487   9.98   0.1601   0.0049     3.30  0   good
  59  sn1995E       Ia-norm    0.6688   9.98   0.1618   0.0050     3.90  0   good
  60  sn2007le      Ia-norm    0.7446   9.97   0.1658   0.0053     7.40  0   good
  61  sn2005kc      Ia-norm    0.7365   9.84   0.1578   0.0049     6.70  0   good
  62  sn2007ca      Ia-norm    0.7338   9.79   0.1601   0.0051     9.40  0   good
  63  sn2002dj      Ia-norm    0.8069   9.74   0.1650   0.0056     8.00  0   good
  64  sn2006ev      Ia-norm    0.7256   9.73   0.1638   0.0052     5.50  0   good
  65  sn2006ac      Ia-norm    0.7283   9.63   0.1648   0.0055     6.20  0   good
  66  sn2001ck      Ia-norm    0.8069   9.60   0.1629   0.0051     5.80  0   good
  67  sn2006cf      Ia-norm    0.7107   9.60   0.1596   0.0051     6.50  0   good
  68  sn2002de      Ia-norm    0.6972   9.57   0.1653   0.0052     3.70  0   good
  69  sn1999ac      Ia-91T     0.8069   9.57   0.1571   0.0055     8.80  0   good
  70  sn2008ar      Ia-norm    0.7270   9.53   0.1602   0.0054     7.20  0   good
  71  sn2003du      Ia-norm    0.8069   9.52   0.1589   0.0051     9.80  0   good
  72  sn2007bm      Ia-norm    0.7446   9.50   0.1573   0.0050     6.60  0   good
  73  sn2007ap      Ia-norm    0.7365   9.38   0.1596   0.0049     7.40  0   good
  74  sn2007fs      Ia-norm    0.7365   9.33   0.1621   0.0053     5.10  0   good
  75  sn2008af      Ia-norm    0.7243   9.32   0.1655   0.0055     5.90  0   good
  76  sn2006ak      Ia-norm    0.7175   9.28   0.1667   0.0059     7.30  0   good
  77  sn1989B       Ia-norm    0.6525   9.28   0.1567   0.0050     8.60  0   good
  78  sn1998co      Ia-norm    0.6986   9.25   0.1608   0.0052     3.90  0   good
  79  sn2007hj      Ia-norm    0.7365   9.20   0.1620   0.0054     3.40  0   good
  80  sn1998dx      Ia-norm    0.7026   9.20   0.1617   0.0053     5.90  0   good
  81  sn2005cf      Ia-norm    0.8069   9.16   0.1569   0.0053     9.40  0   good
  82  sn2001eh      Ia-91T     0.6959   9.16   0.1644   0.0054     5.70  0   good
  83  sn1999gp      Ia-91T     0.6999   9.16   0.1674   0.0060     2.90  0   good
  84  sn2007bd      Ia-norm    0.7229   9.12   0.1627   0.0056     8.40  0   good
  85  sn2007kk      Ia-norm    0.7135   9.09   0.1711   0.0061     3.20  0   good
  86  sn2006bq      Ia-norm    0.7283   9.04   0.1701   0.0062     5.30  0   good
  87  sn2006gr      Ia-norm    0.7202   9.01   0.1661   0.0057     9.40  0   good
  88  sn2003ch      Ia-norm    0.7649   8.99   0.1590   0.0051     5.60  0   good
  89  sn2000dg      Ia-norm    0.6945   8.94   0.1609   0.0056     3.10  0   good
  90  sn2005hj      Ia-91T     0.6755   8.92   0.1643   0.0056     5.10  0   good
  91  sn2003fa      Ia-91T     0.6986   8.90   0.1603   0.0056     8.70  0   good
  92  sn2006bw      Ia-norm    0.7229   8.88   0.1596   0.0054     4.90  0   good
  93  sn2007kk      Ia-norm    0.7162   8.87   0.1664   0.0061     8.80  0   good
  94  sn2006N       Ia-norm    0.7338   8.86   0.1599   0.0053     7.50  0   good
  95  sn2005am      Ia-norm    0.7419   8.86   0.1656   0.0054     3.90  0   good
  96  sn2005cf      Ia-norm    0.8069   8.78   0.1590   0.0056     7.20  0   good
  97  sn2007cg      Ia-norm    0.6539   8.76   0.1690   0.0064     5.50  0   good
  98  sn1995D       Ia-norm    0.6986   8.74   0.1594   0.0056     9.50  0   good
  99  sn1999gp      Ia-91T     0.6986   8.72   0.1666   0.0061     4.90  0   good
 100  sn2006le      Ia-norm    0.7365   8.71   0.1683   0.0061     2.90  0   good
 101  sn1997Y       Ia-norm    0.6579   8.69   0.1617   0.0056     2.90  0   good
 102  sn2005am      Ia-norm    0.7405   8.67   0.1630   0.0054     6.90  0   good
 103  sn1999gp      Ia-91T     0.6972   8.67   0.1657   0.0060     6.90  0   good
 104  sn2003fa      Ia-91T     0.6972   8.66   0.1607   0.0056     7.80  0   good
 105  sn1994M       Ia-norm    0.6769   8.64   0.1654   0.0058     5.60  0   good
 106  sn2008C       Ia-norm    0.7338   8.61   0.1598   0.0059     8.30  0   good
 107  sn1994ae      Ia-norm    0.8069   8.59   0.1607   0.0057     8.00  0   good
 108  sn2004fu      Ia-norm    0.7432   8.56   0.1672   0.0060     3.40  0   good
 109  sn2002ck      Ia-norm    0.6959   8.56   0.1608   0.0056     4.20  0   good
 110  sn2006le      Ia-norm    0.7378   8.55   0.1636   0.0060     8.90  0   good
 111  sn2002er      Ia-norm    0.7202   8.54   0.1638   0.0059     3.80  0   good
 112  sn2006gz      Ia-pec     0.7270   8.53   0.1604   0.0053     9.20  0   good
 113  sn2006cj      Ia-norm    0.6891   8.52   0.1624   0.0057     8.20  0   good
 114  sn1999dq      Ia-91T     0.6986   8.51   0.1637   0.0059     5.40  0   good
 115  sn2007hj      Ia-norm    0.7392   8.48   0.1615   0.0058     4.40  0   good
 116  sn1997bp      Ia-norm    0.7026   8.48   0.1745   0.0068     3.80  0   good
 117  sn2004fu      Ia-norm    0.7459   8.39   0.1671   0.0062     4.40  0   good
 118  sn2006X       Ia-norm    0.7378   8.36   0.1730   0.0067     4.20  0   good
 119  sn2006ac      Ia-norm    0.7270   8.35   0.1641   0.0062     7.10  0   good
 120  sn2005M       Ia-91T     0.7324   8.31   0.1571   0.0062     5.10  0   good
 121  sn1995E       Ia-norm    0.8069   8.30   0.1577   0.0057     8.90  0   good
 122  sn2007bc      Ia-norm    0.7311   8.28   0.1560   0.0055     7.30  0   good
 123  sn2006gz      Ia-pec     0.6471   8.27   0.1632   0.0054     6.20  0   good
 124  sn2004gs      Ia-norm    0.7270   8.27   0.1596   0.0059     3.60  0   good
 125  sn2007qe      Ia-norm    0.7297   8.26   0.1672   0.0066     9.00  0   good
 126  sn2006gz      Ia-pec     0.7270   8.26   0.1613   0.0056     8.20  0   good
 127  sn2003cg      Ia-norm    0.6986   8.25   0.1615   0.0060     6.80  0   good
 128  sn2001ep      Ia-norm    0.8069   8.18   0.1561   0.0058     7.70  0   good
 129  sn2005am      Ia-norm    0.7256   8.17   0.1668   0.0059     3.00  0   good
 130  sn2006al      Ia-norm    0.6891   8.14   0.1633   0.0059     3.40  0   good
 131  sn2001eh      Ia-91T     0.6945   8.12   0.1651   0.0061     4.70  0   good
 132  sn2003ch      Ia-norm    0.6986   8.12   0.1572   0.0058     6.70  0   good
 133  sn1995D       Ia-norm    0.6986   8.12   0.1623   0.0060     5.50  0   good
 134  sn2006gz      Ia-pec     0.7297   8.08   0.1619   0.0056     7.30  0   good
 135  sn1998dm      Ia-norm    0.7013   8.06   0.1616   0.0061     7.40  0   good
 136  sn1996C       Ia-norm    0.7053   8.03   0.1605   0.0060     4.80  0   good
 137  sn2006al      Ia-norm    0.6891   8.02   0.1630   0.0060     4.30  0   good
 138  sn2007co      Ia-norm    0.7283   8.01   0.1625   0.0064     8.60  0   good
 139  sn1999ee      Ia-norm    0.8069   8.00   0.1618   0.0068    10.60  0   good
 140  sn2006gz      Ia-pec     0.7270   7.99   0.1600   0.0057    10.20  0   good
 141  sn2006sr      Ia-norm    0.7297   7.98   0.1662   0.0061     3.90  0   good
 142  sn2007ca      Ia-norm    0.7365   7.98   0.1619   0.0061     6.40  0   good
 143  sn2006X       Ia-norm    0.7392   7.97   0.1722   0.0070     5.20  0   good
 144  sn2002eu      Ia-norm    0.6999   7.97   0.1617   0.0059     3.00  0   good
 145  sn1999ac      Ia-91T     0.7717   7.94   0.1576   0.0066     7.80  0   good
 146  sn2007kk      Ia-norm    0.7162   7.93   0.1655   0.0067     9.80  0   good
 147  sn2002jg      Ia-norm    0.7013   7.93   0.1603   0.0059     4.50  0   good
 148  sn2003hv      Ia-norm    0.7717   7.91   0.1581   0.0057     8.20  0   good
 149  sn2007fs      Ia-norm    0.7351   7.88   0.1631   0.0062     4.10  0   good
 150  sn2003hu      Ia-91T     0.6986   7.86   0.1617   0.0070     7.50  0   good
 151  sn2004L       Ia-norm    0.6986   7.86   0.1591   0.0057     5.30  0   good
 152  sn1994ae      Ia-norm    0.6931   7.86   0.1605   0.0061     7.90  0   good
 153  sn2001eh      Ia-91T     0.7717   7.86   0.1623   0.0061     8.60  0   good
 154  sn2006cp      Ia-norm    0.7283   7.85   0.1638   0.0068     9.30  0   good
 155  sn2003ic      Ia-norm    0.6986   7.84   0.1657   0.0064     4.30  0   good
 156  sn2007fb      Ia-norm    0.7297   7.83   0.1624   0.0057     5.60  0   good
 157  sn2007le      Ia-norm    0.7446   7.82   0.1647   0.0067     8.40  0   good
 158  sn2003hu      Ia-91T     0.6999   7.82   0.1604   0.0061     8.40  0   good
 159  sn2004ef      Ia-norm    0.7229   7.81   0.1641   0.0065     6.30  0   good
 160  sn1999aa      Ia-91T     0.6931   7.79   0.1628   0.0066     6.70  0   good
 161  sn2001ck      Ia-norm    0.6972   7.73   0.1625   0.0062     4.80  0   good
 162  sn2003it      Ia-norm    0.6972   7.72   0.1633   0.0061     5.70  0   good
 163  sn2002cr      Ia-norm    0.7013   7.65   0.1574   0.0060     4.60  0   good
 164  sn2008R       Ia-91bg    0.7365   7.64   0.1578   0.0058     5.30  0   good
 165  sn2008ar      Ia-norm    0.7256   7.63   0.1621   0.0068     5.00  0   good
 166  sn2003ic      Ia-norm    0.6986   7.62   0.1644   0.0067     5.30  0   good
 167  sn2001fh      Ia-norm    0.6959   7.61   0.1558   0.0063     7.20  0   good
 168  sn2001fe      Ia-norm    0.6999   7.61   0.1647   0.0064     6.20  0   good
 169  sn2004L       Ia-norm    0.6959   7.60   0.1601   0.0061     3.40  0   good
 170  sn2001fh      Ia-norm    0.6972   7.60   0.1593   0.0063     4.20  0   good
 171  sn2007ca      Ia-norm    0.7405   7.57   0.1624   0.0064     5.50  0   good
 172  sn2004as      Ia-norm    0.6986   7.54   0.1660   0.0069     2.90  0   good
 173  sn2006cf      Ia-norm    0.7121   7.53   0.1607   0.0063     4.70  0   good
 174  sn2006sr      Ia-norm    0.7270   7.53   0.1668   0.0063     3.00  0   good
 175  sn2002jy      Ia-norm    0.6999   7.49   0.1621   0.0063     7.00  0   good
 176  sn2003ch      Ia-norm    0.6959   7.47   0.1587   0.0059     4.80  0   good
 177  sn2007fs      Ia-norm    0.7365   7.46   0.1628   0.0064     3.10  0   good
 178  sn1998dm      Ia-norm    0.7013   7.43   0.1620   0.0065     6.50  0   good
 179  sn2006gz      Ia-pec     0.7297   7.42   0.1594   0.0061    11.10  0   good
 180  sn2005cf      Ia-norm    0.8069   7.41   0.1599   0.0067     6.20  0   good
 181  sn2003it      Ia-norm    0.6891   7.37   0.1629   0.0064     6.60  0   good
 182  sn1998aq      Ia-norm    0.6959   7.36   0.1619   0.0064     6.00  0   good
 183  sn1994M       Ia-norm    0.7162   7.35   0.1648   0.0065     6.60  0   good
 184  sn1996bo      Ia-norm    0.7094   7.35   0.1663   0.0070     3.30  0   good
 185  sn2006gz      Ia-pec     0.6485   7.34   0.1614   0.0062     8.20  0   good
 186  sn2003iv      Ia-norm    0.6945   7.34   0.1603   0.0060     3.40  0   good
 187  sn2002jy      Ia-norm    0.6999   7.33   0.1615   0.0066     8.00  0   good
 188  sn1993ac      Ia-norm    0.8055   7.32   0.1681   0.0069     6.90  0   good
 189  sn1999ek      Ia-norm    0.6999   7.30   0.1601   0.0063     3.30  0   good
 190  sn2003fa      Ia-91T     0.6999   7.28   0.1610   0.0065     6.90  0   good
 191  sn2006cj      Ia-norm    0.6877   7.24   0.1620   0.0067     9.10  0   good
 192  sn2005cf      Ia-norm    0.7825   7.23   0.1594   0.0066     4.20  0   good
 193  sn1994ae      Ia-norm    0.6931   7.22   0.1625   0.0067     5.00  0   good
 194  sn2005cf      Ia-norm    0.8069   7.22   0.1599   0.0068     5.20  0   good
 195  sn1999ej      Ia-norm    0.6999   7.21   0.1599   0.0063     3.10  0   good
 196  sn2006cj      Ia-norm    0.6891   7.20   0.1610   0.0072    11.00  0   good
 197  sn2008bf      Ia-norm    0.7311   7.18   0.1623   0.0068    10.40  0   good
 198  sn2008bf      Ia-norm    0.7270   7.17   0.1662   0.0067     4.50  0   good
 199  sn2001bg      Ia-norm    0.6999   7.17   0.1656   0.0072     4.20  0   good
 200  sn2007cg      Ia-norm    0.6539   7.16   0.1688   0.0079     6.50  0   good
 201  sn2005cf      Ia-norm    0.8069   7.15   0.1609   0.0070     4.50  0   good
 202  sn1997br      Ia-91T     0.8069   7.12   0.1613   0.0072     7.20  0   good
 203  sn2000cf      Ia-norm    0.6999   7.11   0.1568   0.0065     3.90  0   good
 204  sn1999dq      Ia-91T     0.6972   7.11   0.1648   0.0071     3.40  0   good
 205  sn2001G       Ia-norm    0.6986   7.11   0.1653   0.0067     4.70  0   good
 206  sn2006cf      Ia-norm    0.7135   7.10   0.1617   0.0070     3.70  0   good
 207  sn2002ic      Ia-csm     0.7703   7.08   0.1532   0.0078     9.40  0   good
 208  sn2000fa      Ia-norm    0.6999   7.08   0.1667   0.0069     4.20  0   good
 209  sn2003it      Ia-norm    0.6931   7.06   0.1618   0.0067     7.60  0   good
 210  sn1999ef      Ia-norm    0.6972   7.04   0.1632   0.0069     6.70  0   good
 211  sn1994M       Ia-norm    0.6783   7.01   0.1668   0.0071     4.70  0   good
 212  sn2001bg      Ia-norm    0.6999   6.99   0.1648   0.0073     5.10  0   good
 213  sn2006N       Ia-norm    0.7392   6.99   0.1590   0.0066     8.50  0   good
 214  sn1996X       Ia-norm    0.7080   6.98   0.1606   0.0067     7.10  0   good
 215  sn1998eg      Ia-norm    0.6810   6.97   0.1611   0.0066     4.10  0   good
 216  sn2005mc      Ia-norm    0.7283   6.95   0.1575   0.0065     5.60  0   good
 217  sn1999ac      Ia-91T     0.8069   6.95   0.1520   0.0073    11.80  0   good
 218  sn2005am      Ia-norm    0.7419   6.94   0.1622   0.0066     7.90  0   good
 219  sn2005be      Ia-norm    0.7189   6.93   0.1604   0.0064     7.70  0   good
 220  sn2006X       Ia-norm    0.7405   6.91   0.1712   0.0079     6.20  0   good
 221  sn2004bg      Ia-norm    0.6931   6.91   0.1601   0.0068     5.70  0   good
 222  sn2003cg      Ia-norm    0.8069   6.91   0.1577   0.0071     9.20  0   good
 223  sn2005cf      Ia-norm    0.7378   6.89   0.1609   0.0071     4.50  0   good
 224  sn2004eo      Ia-norm    0.8069   6.89   0.1552   0.0066     7.80  0   good
 225  sn1998ab      Ia-91T     0.6918   6.87   0.1582   0.0075     7.70  0   good
 226  sn1999ef      Ia-norm    0.6959   6.87   0.1621   0.0070     7.70  0   good
 227  sn2002ha      Ia-norm    0.7013   6.87   0.1609   0.0064     5.60  0   good
 228  sn2002er      Ia-norm    0.7013   6.86   0.1636   0.0071     4.10  0   good
 229  sn2000cf      Ia-norm    0.6999   6.85   0.1575   0.0067     2.90  0   good
 230  sn1994ae      Ia-norm    0.6931   6.85   0.1596   0.0070     9.00  0   good
 231  sn2001eh      Ia-91T     0.6945   6.84   0.1651   0.0071     3.70  0   good
 232  sn2004bk      Ia-norm    0.6931   6.84   0.1660   0.0070     6.40  0   good
 233  sn2001en      Ia-norm    0.6999   6.81   0.1660   0.0075     5.30  0   good
 234  sn1997Y       Ia-norm    0.6972   6.78   0.1582   0.0070     6.90  0   good
 235  sn1998aq      Ia-norm    0.6972   6.78   0.1623   0.0068     5.00  0   good
 236  sn2004as      Ia-norm    0.6972   6.76   0.1636   0.0078     5.80  0   good
 237  sn2008ar      Ia-norm    0.7283   6.76   0.1631   0.0076     4.10  0   good
 238  sn2003du      Ia-norm    0.8069   6.76   0.1618   0.0071     4.00  0   good
 239  sn2006S       Ia-norm    0.7987   6.75   0.1662   0.0074     4.10  0   good
 240  sn2005hf      Ia-norm    0.7107   6.74   0.1588   0.0069     9.10  0   good
 241  sn2007ca      Ia-norm    0.7365   6.74   0.1584   0.0072    11.40  0   good
 242  sn1998dm      Ia-norm    0.7013   6.72   0.1604   0.0074     9.50  0   good
 243  sn1996C       Ia-norm    0.8069   6.72   0.1598   0.0071     7.80  0   good
 244  sn1996ai      Ia-norm    0.7080   6.72   0.1641   0.0063     4.20  0   good
 245  sn2007hj      Ia-norm    0.7351   6.71   0.1596   0.0071     6.30  0   good
 246  sn2006eq      Ia-norm    0.6579   6.70   0.1620   0.0075     4.70  0   good
 247  sn2002he      Ia-norm    0.6986   6.69   0.1665   0.0070     3.70  0   good
 248  sn2001el      Ia-norm    0.8069   6.69   0.1650   0.0074     9.10  0   good
 249  sn2002fk      Ia-norm    0.6999   6.67   0.1577   0.0069     7.40  0   good
 250  sn1996Z       Ia-norm    0.7080   6.66   0.1664   0.0078     4.10  0   good
 251  sn2003iv      Ia-norm    0.6959   6.66   0.1577   0.0068     7.20  0   good
 252  sn1998dx      Ia-norm    0.7026   6.65   0.1604   0.0073     7.80  0   good
 253  sn2002dj      Ia-norm    0.8069   6.61   0.1640   0.0081     9.30  0   good
 254  sn2008Z       Ia-norm    0.7311   6.59   0.1637   0.0074     7.60  0   good
 255  sn2006lf      Ia-norm    0.6864   6.56   0.1611   0.0069     5.30  0   good
 256  sn2002he      Ia-norm    0.6999   6.55   0.1644   0.0073     5.60  0   good
 257  sn2005el      Ia-norm    0.7351   6.55   0.1616   0.0069     4.00  0   good
 258  sn1992A       Ia-norm    0.7933   6.55   0.1659   0.0072     8.20  0   good
 259  sn2003it      Ia-norm    0.6999   6.52   0.1643   0.0070     3.70  0   good
 260  sn2006br      Ia-norm    0.7270   6.52   0.1700   0.0080     3.00  0   good
 261  sn2006lf      Ia-norm    0.6850   6.51   0.1598   0.0070     6.30  0   good
 262  sn2001en      Ia-norm    0.7013   6.51   0.1648   0.0078     6.30  0   good
 263  sn2001en      Ia-norm    0.6999   6.51   0.1665   0.0079     4.40  0   good
 264  sn2002er      Ia-norm    0.8069   6.51   0.1532   0.0079     8.80  0   good
 265  sn2001fe      Ia-norm    0.7013   6.50   0.1651   0.0074     3.20  0   good
 266  sn2004as      Ia-norm    0.6972   6.48   0.1626   0.0078     6.60  0   good
 267  sn2003cg      Ia-norm    0.7013   6.48   0.1608   0.0075     7.70  0   good
 268  sn2008ar      Ia-norm    0.7243   6.48   0.1639   0.0080     3.10  0   good
 269  sn1994M       Ia-norm    0.6674   6.48   0.1683   0.0081     3.70  0   good
 270  sn2008C       Ia-norm    0.8069   6.46   0.1577   0.0076    10.30  0   good
 271  sn1994ae      Ia-norm    0.6918   6.42   0.1628   0.0075     4.00  0   good
 272  sn1994ae      Ia-norm    0.6918   6.42   0.1589   0.0074     9.90  0   good
 273  sn2002dp      Ia-norm    0.6999   6.37   0.1579   0.0073     7.10  0   good
 274  sn1995al      Ia-norm    0.7107   6.37   0.1675   0.0083     6.40  0   good
 275  sn2008bf      Ia-norm    0.7270   6.34   0.1666   0.0076     3.60  0   good
 276  sn2002bf      Ia-norm    0.6972   6.34   0.1716   0.0085     5.70  0   good
 277  sn2001gc      Ia-norm    0.6959   6.34   0.1717   0.0087     4.40  0   good
 278  sn1990N       Ia-norm    0.8069   6.33   0.1597   0.0077     3.90  0   good
 279  sn2007A       Ia-norm    0.7351   6.31   0.1610   0.0074     4.50  0   good
 280  sn2000E       Ia-norm    0.6891   6.31   0.1603   0.0083     7.50  0   good
 281  sn1998aq      Ia-norm    0.6972   6.30   0.1626   0.0073     4.00  0   good
 282  sn2006ac      Ia-norm    0.7311   6.30   0.1620   0.0080     9.00  0   good
 283  sn2003fa      Ia-91T     0.6986   6.29   0.1586   0.0076    10.70  0   good
 284  sn2001gc      Ia-norm    0.6959   6.27   0.1725   0.0089     3.40  0   good
 285  sn2003du      Ia-norm    0.8015   6.27   0.1608   0.0076     2.90  0   good
 286  sn1999X       Ia-norm    0.6972   6.27   0.1578   0.0077    12.00  0   good
 287  sn2006lf      Ia-norm    0.6755   6.25   0.1588   0.0073     7.30  0   good
 288  sn2002jy      Ia-norm    0.6999   6.25   0.1629   0.0074     6.00  0   good
 289  sn2007kk      Ia-norm    0.6728   6.25   0.1671   0.0079     7.90  0   good
 290  sn2005cf      Ia-norm    0.7405   6.24   0.1620   0.0078     3.50  0   good
 291  sn2002fk      Ia-norm    0.6999   6.24   0.1573   0.0073     8.30  0   good
 292  sn2001ep      Ia-norm    0.7013   6.23   0.1582   0.0076     4.80  0   good
 293  sn2005na      Ia-norm    0.7229   6.23   0.1611   0.0076     3.40  0   good
 294  sn2001ep      Ia-norm    0.7013   6.22   0.1591   0.0076     3.80  0   good
 295  sn2000dk      Ia-norm    0.6986   6.19   0.1594   0.0072     3.70  0   good
 296  sn2006hb      Ia-91bg    0.7351   6.17   0.1585   0.0072     6.80  0   good
 297  sn2008Z       Ia-norm    0.7338   6.17   0.1621   0.0079    10.30  0   good
 298  sn2003ch      Ia-norm    0.6959   6.16   0.1589   0.0072     3.80  0   good
 299  sn2002eu      Ia-norm    0.6986   6.16   0.1579   0.0072     7.80  0   good
 300  sn2002bf      Ia-norm    0.6891   6.15   0.1722   0.0089     4.80  0   good
 301  sn2006hb      Ia-91bg    0.7365   6.14   0.1578   0.0072     7.70  0   good
 302  sn1996bo      Ia-norm    0.7094   6.13   0.1650   0.0083     5.20  0   good
 303  sn2007ca      Ia-norm    0.7338   6.12   0.1631   0.0079     3.40  0   good
 304  sn1998bu      Ia-norm    0.6999   6.11   0.1597   0.0078     8.40  0   good
 305  sn1996X       Ia-norm    0.7080   6.09   0.1601   0.0076     8.10  0   good
 306  sn2002kf      Ia-norm    0.7013   6.08   0.1615   0.0076     8.00  0   good
 307  sn2006X       Ia-norm    0.7419   6.07   0.1701   0.0088     7.30  0   good
 308  sn2000ce      Ia-norm    0.7013   6.06   0.1633   0.0077     6.70  0   good
 309  sn2007ae      Ia-norm    0.6742   6.05   0.1637   0.0079     3.30  0   good
 310  sn2003ic      Ia-norm    0.6986   6.01   0.1656   0.0082     3.40  0   good
 311  sn2007le      Ia-norm    0.7446   6.00   0.1639   0.0085     9.50  0   good
 312  sn1994ae      Ia-norm    0.6945   5.98   0.1631   0.0079     3.00  0   good
 313  sn2001ep      Ia-norm    0.7013   5.98   0.1574   0.0080     5.80  0   good
 314  sn1998co      Ia-norm    0.6986   5.97   0.1580   0.0079     6.90  0   good
 315  sn2003cg      Ia-norm    0.7324   5.96   0.1605   0.0080     7.00  0   good
 316  sn2001da      Ia-norm    0.6999   5.96   0.1649   0.0083     2.90  0   good
 317  sn1998aq      Ia-norm    0.6959   5.95   0.1628   0.0077     3.00  0   good
 318  sn2007fb      Ia-norm    0.7351   5.95   0.1587   0.0072    10.60  0   good
 319  sn2002jy      Ia-norm    0.6972   5.94   0.1604   0.0080     9.90  0   good
 320  sn2006hb      Ia-91bg    0.7365   5.94   0.1571   0.0074     8.70  0   good
 321  sn2006te      Ia-norm    0.7229   5.92   0.1531   0.0089    12.30  0   good
 322  sn1995D       Ia-norm    0.6986   5.90   0.1580   0.0080    11.50  0   good
 323  sn1995D       Ia-norm    0.6539   5.88   0.1617   0.0080     3.60  0   good
 324  sn2002kf      Ia-norm    0.6986   5.87   0.1627   0.0078     6.00  0   good
 325  sn2006gz      Ia-pec     0.6255   5.87   0.1626   0.0071     5.30  0   good
 326  sn2003kf      Ia-norm    0.6931   5.87   0.1618   0.0082     8.50  0   good
 327  sn2008bf      Ia-norm    0.7270   5.86   0.1612   0.0081    11.40  0   good
 328  sn2002de      Ia-norm    0.7026   5.86   0.1629   0.0083     8.50  0   good
 329  sn2003hv      Ia-norm    0.6850   5.81   0.1611   0.0081     3.20  0   good
 330  sn2005kc      Ia-norm    0.7351   5.80   0.1556   0.0079     9.80  0   good
 331  sn2007hj      Ia-norm    0.7378   5.80   0.1585   0.0081     7.30  0   good
 332  sn2000cw      Ia-norm    0.6999   5.80   0.1608   0.0077     3.50  0   good
 333  sn1984A       Ia-norm    0.5361   5.78   0.1662   0.0098     8.10  0   good
 334  sn2002fk      Ia-norm    0.6999   5.77   0.1564   0.0078     9.40  0   good
 335  sn2003ic      Ia-norm    0.6972   5.76   0.1630   0.0085     7.20  0   good
 336  sn2002jy      Ia-norm    0.6999   5.76   0.1638   0.0079     3.00  0   good
 337  sn2007F       Ia-norm    0.7283   5.75   0.1634   0.0082     3.00  0   good
 338  sn2001ay      Ia-norm    0.8069   5.75   0.1718   0.0093     3.30  0   good
 339  sn2007co      Ia-norm    0.7283   5.75   0.1605   0.0086    10.50  0   good
 340  sn1999gd      Ia-norm    0.6986   5.75   0.1565   0.0083     7.90  0   good
 341  sn2003it      Ia-norm    0.6972   5.75   0.1615   0.0080     8.50  0   good
 342  sn2006S       Ia-norm    0.7216   5.75   0.1670   0.0086     3.20  0   good
 343  sn1999aw      Ia-91T     0.7987   5.73   0.1725   0.0092     2.90  0   good
 344  sn2003cg      Ia-norm    0.7013   5.72   0.1594   0.0086     8.80  0   good
 345  sn2001fh      Ia-norm    0.6959   5.71   0.1541   0.0083     9.10  0   good
 346  sn2004as      Ia-norm    0.6999   5.67   0.1620   0.0088     7.60  0   good
 347  sn2007qe      Ia-norm    0.7283   5.67   0.1656   0.0092    10.90  0   good
 348  sn2001ep      Ia-norm    0.7487   5.67   0.1559   0.0082     7.80  0   good
 349  sn2005ls      Ia-norm    0.7311   5.65   0.1622   0.0089    10.80  0   good
 350  sn2001E       Ia-norm    0.6959   5.65   0.1705   0.0095     7.70  0   good
 351  sn2006hb      Ia-91bg    0.7378   5.63   0.1563   0.0079     9.70  0   good
 352  sn2001en      Ia-norm    0.6999   5.63   0.1631   0.0089     8.30  0   good
 353  sn2000ce      Ia-norm    0.6986   5.62   0.1618   0.0087     8.70  0   good
 354  sn2005cf      Ia-norm    0.8069   5.61   0.1541   0.0084    12.10  0   good
 355  sn2006le      Ia-norm    0.7365   5.60   0.1612   0.0088    10.80  0   good
 356  sn1991T       Ia-91T     0.7703   5.59   0.1581   0.0085     9.50  0   good
 357  sn2004S       Ia-norm    0.8069   5.59   0.1600   0.0095     7.40  0   good
 358  sn2002fk      Ia-norm    0.6986   5.59   0.1591   0.0081     4.40  0   good
 359  sn2005gj      Ia-csm     0.6268   5.56   0.1484   0.0071    10.40  0   good
 360  sn2000cu      Ia-norm    0.6972   5.56   0.1584   0.0083     7.30  0   good
 361  sn2005eu      Ia-norm    0.7202   5.55   0.1621   0.0087     8.30  0   good
 362  sn2005eu      Ia-norm    0.7189   5.52   0.1609   0.0088    10.30  0   good
 363  sn2007hj      Ia-norm    0.8069   5.51   0.1572   0.0085     8.20  0   good
 364  sn1996Z       Ia-norm    0.7080   5.50   0.1650   0.0092     6.10  0   good
 365  sn2007af      Ia-norm    0.7459   5.48   0.1552   0.0083    10.20  0   good
 366  sn2006X       Ia-norm    0.7459   5.47   0.1695   0.0095     8.20  0   good
 367  sn2001ep      Ia-norm    0.7026   5.45   0.1566   0.0086     6.80  0   good
 368  sn2001gc      Ia-norm    0.6972   5.44   0.1705   0.0099     5.30  0   good
 369  sn2006al      Ia-norm    0.6485   5.42   0.1611   0.0086     9.10  0   good
 370  sn2001N       Ia-norm    0.6661   5.41   0.1681   0.0098     4.40  0   good
 371  sn1999gh      Ia-norm    0.6986   5.40   0.1579   0.0094     5.50  0   good
 372  sn2006gt      Ia-91bg    0.7094   5.39   0.1573   0.0077     3.30  0   good
 373  sn1989B       Ia-norm    0.6525   5.38   0.1549   0.0081    10.60  0   good
 374  sn2006cj      Ia-norm    0.6864   5.38   0.1639   0.0092     5.40  0   good
 375  sn2007cg      Ia-norm    0.6512   5.38   0.1675   0.0095     7.50  0   good
 376  sn2005hf      Ia-norm    0.7094   5.37   0.1601   0.0083     8.20  0   good
 377  sn2001V       Ia-91T     0.6999   5.37   0.1616   0.0094     9.50  0   good
 378  sn2000B       Ia-norm    0.7013   5.36   0.1673   0.0094     8.60  0   good
 379  sn2006cj      Ia-norm    0.6891   5.35   0.1642   0.0089     4.40  0   good
 380  sn2002bf      Ia-norm    0.6959   5.31   0.1704   0.0099     6.70  0   good
 381  sn2007S       Ia-91T     0.7392   5.28   0.1593   0.0091    12.10  0   good
 382  sn1999ek      Ia-norm    0.6999   5.27   0.1556   0.0088     9.20  0   good
 383  sn2006bt      Ia-norm    0.8069   5.25   0.1634   0.0093     2.90  0   good
 384  sn1997do      Ia-norm    0.6999   5.23   0.1651   0.0095     8.20  0   good
 385  sn2007le      Ia-norm    0.7419   5.22   0.1625   0.0096    10.40  0   good
 386  sn1999ej      Ia-norm    0.6999   5.21   0.1556   0.0084     8.10  0   good
 387  sn1999bh      Ia-91bg    0.6390   5.19   0.1453   0.0076     5.10  0   good
 388  sn1999ac      Ia-91T     0.7013   5.19   0.1564   0.0097     9.00  0   good
 389  sn2002eu      Ia-norm    0.6986   5.17   0.1610   0.0084     5.00  0   good
 390  sn2002ha      Ia-norm    0.7013   5.15   0.1581   0.0085     9.60  0   good
 391  sn1995al      Ia-norm    0.7121   5.14   0.1659   0.0100     8.40  0   good
 392  sn2004as      Ia-norm    0.6986   5.13   0.1606   0.0097     8.60  0   good
 393  sn1998ab      Ia-91T     0.5957   5.12   0.1588   0.0096     6.70  0   good
 394  sn1998bu      Ia-norm    0.6999   5.11   0.1588   0.0093     9.40  0   good
 395  sn2008Z       Ia-norm    0.7324   5.10   0.1599   0.0096    12.30  0   good
 396  sn2004dt      Ia-norm    0.8069   5.07   0.1677   0.0106     3.80  0   good
 397  sn2003fa      Ia-91T     0.6972   5.07   0.1584   0.0095    11.60  0   good
 398  sn2006hb      Ia-91bg    0.7392   5.06   0.1553   0.0086    10.70  0   good
 399  sn2002cs      Ia-norm    0.6986   5.05   0.1709   0.0092     3.30  0   good
 400  sn2003it      Ia-norm    0.6959   5.04   0.1605   0.0089     9.50  0   good
 401  sn2002fk      Ia-norm    0.6999   5.04   0.1588   0.0091     6.50  0   good
 402  sn2007nq      Ia-norm    0.6552   5.01   0.1602   0.0092     9.20  0   good
#--- rlap cutoff
 403  sn2002kf      Ia-norm    0.7013   4.99   0.1642   0.0089     4.10  0    cut
 404  sn2005cf      Ia-norm    0.8069   4.99   0.1546   0.0091    12.20  0    cut
 405  sn2007bm      Ia-norm    0.7459   4.99   0.1548   0.0090     9.60  0    cut
 406  sn2001ay      Ia-norm    0.7839   4.99   0.1640   0.0103     7.80  0    cut
 407  sn2003ic      Ia-norm    0.6986   4.95   0.1617   0.0099     8.00  0    cut
 408  sn2007co      Ia-norm    0.7283   4.92   0.1599   0.0098    11.50  0    cut
 409  sn2004dt      Ia-norm    0.8028   4.90   0.1630   0.0099     9.10  0    cut
 410  sn2006bt      Ia-norm    0.7229   4.87   0.1620   0.0097     4.70  0    cut
 411  sn2002kf      Ia-norm    0.6999   4.87   0.1642   0.0091     3.10  0    cut
 412  sn1998dk      Ia-norm    0.6999   4.85   0.1637   0.0102    10.20  0    cut
 413  sn2003cg      Ia-norm    0.8069   4.84   0.1574   0.0097    11.00  0    cut
 414  sn1999gh      Ia-norm    0.6999   4.84   0.1569   0.0103     6.50  0    cut
 415  sn2003cg      Ia-norm    0.6999   4.84   0.1589   0.0102     9.80  0    cut
 416  sn2003hu      Ia-91T     0.6255   4.83   0.1599   0.0105    10.30  0    cut
 417  sn2002er      Ia-norm    0.8069   4.83   0.1598   0.0099    10.00  0    cut
 418  sn2007ba      Ia-91bg    0.7175   4.82   0.1570   0.0083     5.10  0    cut
 419  sn2001bf      Ia-norm    0.6999   4.82   0.1590   0.0101     4.70  0    cut
 420  sn2005cg      Ia-norm    0.4562   4.79   0.1641   0.0081     4.80  0    cut
 421  sn2006lf      Ia-norm    0.6877   4.78   0.1572   0.0094     9.30  0    cut
 422  sn2005hc      Ia-norm    0.7080   4.78   0.1582   0.0102    11.10  0    cut
 423  sn2003du      Ia-norm    0.8028   4.77   0.1544   0.0099    12.70  0    cut
 424  sn2004bg      Ia-norm    0.6931   4.77   0.1566   0.0099    10.50  0    cut
 425  sn1989B       Ia-norm    0.6850   4.76   0.1536   0.0094    11.60  0    cut
 426  sn2002ic      Ia-csm     0.8069   4.76   0.1536   0.0106     5.60  0    cut
 427  sn2001bg      Ia-norm    0.7013   4.76   0.1602   0.0103    10.00  0    cut
 428  sn2005am      Ia-norm    0.7392   4.76   0.1604   0.0094     9.90  0    cut
 429  sn1994T       Ia-norm    0.6458   4.75   0.1615   0.0111     4.70  0    cut
 430  sn2001ay      Ia-norm    0.8069   4.75   0.1676   0.0104     5.80  0    cut
 431  sn2008C       Ia-norm    0.7338   4.73   0.1556   0.0099    12.30  0    cut
 432  sn2007af      Ia-norm    0.7473   4.73   0.1545   0.0094    11.30  0    cut
 433  sn1997br      Ia-91T     0.7067   4.73   0.1588   0.0105     7.90  0    cut
 434  sn2002eu      Ia-norm    0.6959   4.73   0.1560   0.0093    10.70  0    cut
 435  sn2002dp      Ia-norm    0.7013   4.71   0.1550   0.0097    10.00  0    cut
 436  sn2006ac      Ia-norm    0.7270   4.71   0.1613   0.0102    10.00  0    cut
 437  sn1999ef      Ia-norm    0.6986   4.71   0.1602   0.0104     9.60  0    cut
 438  sn2006D       Ia-norm    0.7405   4.70   0.1611   0.0086     4.50  0    cut
 439  sn2004dt      Ia-norm    0.8069   4.70   0.1694   0.0118     3.30  0    cut
 440  sn2001da      Ia-norm    0.6972   4.69   0.1609   0.0102     7.80  0    cut
 441  sn2006bt      Ia-norm    0.7229   4.66   0.1615   0.0102     5.70  0    cut
 442  sn2001N       Ia-norm    0.6891   4.65   0.1629   0.0108     9.40  0    cut
 443  sn1996bo      Ia-norm    0.7080   4.64   0.1633   0.0104     7.10  0    cut
 444  sn2000fa      Ia-norm    0.6972   4.64   0.1631   0.0104     9.10  0    cut
 445  sn2006hb      Ia-91bg    0.7365   4.62   0.1549   0.0094    11.70  0    cut
 446  sn2002jg      Ia-norm    0.6972   4.62   0.1556   0.0102     9.40  0    cut
 447  sn2006H       Ia-91bg    0.7365   4.61   0.1565   0.0098     4.50  0    cut
 448  sn2001V       Ia-91T     0.6999   4.61   0.1612   0.0107    10.50  0    cut
 449  sn1999ac      Ia-91T     0.7013   4.61   0.1561   0.0106    10.00  0    cut
 450  sn1996Z       Ia-norm    0.7080   4.57   0.1628   0.0109     8.10  0    cut
 451  sn2001bf      Ia-norm    0.8069   4.51   0.1561   0.0104     8.70  0    cut
 452  sn2006H       Ia-91bg    0.7392   4.48   0.1557   0.0100     5.50  0    cut
 453  sn2006D       Ia-norm    0.8069   4.47   0.1561   0.0092    12.50  0    cut
 454  sn2001gc      Ia-norm    0.6972   4.47   0.1681   0.0118     7.30  0    cut
 455  sn2007ba      Ia-91bg    0.7148   4.46   0.1585   0.0090     3.10  0    cut
 456  sn2007le      Ia-norm    0.7446   4.45   0.1620   0.0109    11.40  0    cut
 457  sn2001N       Ia-norm    0.6945   4.44   0.1622   0.0113    10.40  0    cut
 458  sn1999gh      Ia-norm    0.6999   4.44   0.1559   0.0111     7.40  0    cut
 459  sn1997cn      Ia-91bg    0.7270   4.41   0.1545   0.0092     3.90  0    cut
 460  sn2002es      Ia-91bg    0.6986   4.41   0.1425   0.0094     4.10  0    cut
 461  sn1992A       Ia-norm    0.7189   4.41   0.1662   0.0106    11.20  0    cut
 462  sn2004eo      Ia-norm    0.8069   4.37   0.1541   0.0103    11.70  0    cut
 463  sn1999ac      Ia-91T     0.6999   4.37   0.1551   0.0112    10.90  0    cut
 464  sn1998bu      Ia-norm    0.6999   4.36   0.1577   0.0108    10.40  0    cut
 465  sn1999by      Ia-91bg    0.7974   4.35   0.1536   0.0102     2.90  0    cut
 466  sn2002dj      Ia-norm    0.8069   4.35   0.1604   0.0115    12.30  0    cut
 467  sn2001en      Ia-norm    0.6986   4.34   0.1608   0.0112    10.20  0    cut
 468  sn1998dk      Ia-norm    0.6999   4.34   0.1628   0.0113    11.10  0    cut
 469  sn2000cx      Ia-pec     0.8069   4.33   0.1730   0.0106     4.70  0    cut
 470  sn2006lf      Ia-norm    0.7094   4.32   0.1553   0.0104    11.30  0    cut
 471  sn2005cg      Ia-norm    0.4549   4.32   0.1631   0.0087     6.70  0    cut
 472  sn2000cx      Ia-pec     0.6227   4.31   0.1715   0.0114     6.60  0    cut
 473  sn2007if      Ia-pec     0.8069   4.31   0.1495   0.0108     4.70  0    cut
 474  sn2002dj      Ia-norm    0.6999   4.31   0.1629   0.0116     9.50  0    cut
 475  sn1998dm      Ia-norm    0.7013   4.28   0.1579   0.0112    12.40  0    cut
 476  sn2007if      Ia-pec     0.8028   4.24   0.1486   0.0112     6.10  0    cut
 477  sn2007if      Ia-pec     0.6986   4.24   0.1508   0.0120    10.30  0    cut
 478  sn1997do      Ia-norm    0.6999   4.23   0.1632   0.0115    10.20  0    cut
 479  sn2001ay      Ia-norm    0.6986   4.23   0.1695   0.0119     4.20  0    cut
 480  sn2007ap      Ia-norm    0.7365   4.23   0.1565   0.0102    11.40  0    cut
 481  sn2002kf      Ia-norm    0.6999   4.23   0.1589   0.0106    11.80  0    cut
 482  sn1994Q       Ia-norm    0.7026   4.20   0.1570   0.0108    10.90  0    cut
 483  sn2007fb      Ia-norm    0.7338   4.19   0.1567   0.0104    12.60  0    cut
 484  sn2001ay      Ia-norm    0.6986   4.18   0.1702   0.0121     3.30  0    cut
 485  sn2003kf      Ia-norm    0.6931   4.17   0.1606   0.0110    10.40  0    cut
 486  sn2001V       Ia-91T     0.6999   4.15   0.1597   0.0119    11.30  0    cut
 487  sn2005gj      Ia-csm     0.6282   4.14   0.1490   0.0075     7.70  0    cut
 488  sn2000cx      Ia-pec     0.8069   4.14   0.1723   0.0109     5.70  0    cut
 489  sn2005bl      Ia-91bg    0.8069   4.14   0.1536   0.0109     4.70  0    cut
 490  sn2005hk      Ia-pec     0.6282   4.13   0.1431   0.0116     3.60  0    cut
 491  sn2007af      Ia-norm    0.7473   4.12   0.1538   0.0107    12.30  0    cut
 492  sn2003cg      Ia-norm    0.6999   4.12   0.1571   0.0119    10.80  0    cut
 493  sn2005kc      Ia-norm    0.7324   4.11   0.1543   0.0107    11.60  0    cut
 494  sn2006ac      Ia-norm    0.7107   4.08   0.1603   0.0116    11.00  0    cut
 495  sn2006eu      Ia-norm    0.7297   4.07   0.1571   0.0123     8.00  0    cut
 496  sn2001bf      Ia-norm    0.6931   4.07   0.1555   0.0109     7.60  0    cut
 497  sn2001N       Ia-norm    0.6918   4.06   0.1609   0.0123    11.50  0    cut
 498  sn2003cg      Ia-norm    0.8069   4.06   0.1555   0.0112    11.90  0    cut
 499  sn2005am      Ia-norm    0.7419   4.06   0.1596   0.0109    10.90  0    cut
 500  sn2007if      Ia-pec     0.8069   4.04   0.1491   0.0108     6.60  0    cut
 501  sn1999ac      Ia-91T     0.6999   4.03   0.1544   0.0120    11.90  0    cut
 502  sn2002bo      Ia-norm    0.6972   4.02   0.1601   0.0124    10.40  0    cut
 503  sn2001ay      Ia-norm    0.6959   4.01   0.1659   0.0124     7.20  0    cut
 504  sn1997bq      Ia-norm    0.8069   3.99   0.1597   0.0125    12.20  0    cut
 505  sn1997br      Ia-91T     0.7080   3.97   0.1564   0.0124     9.90  0    cut
 506  sn2002es      Ia-91bg    0.6972   3.97   0.1423   0.0102     5.10  0    cut
 507  sn2000dk      Ia-norm    0.7148   3.96   0.1536   0.0112     9.60  0    cut
 508  sn2005hf      Ia-norm    0.7080   3.96   0.1575   0.0120    11.00  0    cut
 509  sn1997bq      Ia-norm    0.7067   3.96   0.1613   0.0127     9.20  0    cut
 510  sn1995bd      Ia-91T     0.7080   3.95   0.1604   0.0125    10.60  0    cut
 511  sn1994Q       Ia-norm    0.7013   3.94   0.1555   0.0117    11.80  0    cut
 512  sn2006le      Ia-norm    0.7338   3.94   0.1590   0.0118    12.80  0    cut
 513  sn1999cl      Ia-norm    0.6999   3.93   0.1603   0.0128     7.60  0    cut
 514  sn1994M       Ia-norm    0.8069   3.93   0.1599   0.0112    11.50  0    cut
 515  sn2000cx      Ia-pec     0.6931   3.92   0.1716   0.0128     6.60  0    cut
 516  sn2001G       Ia-norm    0.6999   3.92   0.1610   0.0120    11.60  0    cut
 517  sn2006lf      Ia-norm    0.6850   3.90   0.1560   0.0111    10.30  0    cut
 518  sn2006gr      Ia-norm    0.7283   3.89   0.1634   0.0107    12.40  0    cut
 519  sn1999gh      Ia-norm    0.6999   3.89   0.1551   0.0124     8.40  0    cut
 520  sn2007le      Ia-norm    0.7459   3.88   0.1607   0.0123    12.40  0    cut
 521  sn2007al      Ia-91bg    0.7365   3.85   0.1533   0.0116     5.30  0    cut
 522  sn1995al      Ia-norm    0.7121   3.85   0.1631   0.0128    10.40  0    cut
 523  sn1994Q       Ia-norm    0.7013   3.85   0.1542   0.0122    12.80  0    cut
 524  sn1997do      Ia-norm    0.6999   3.83   0.1619   0.0126    11.10  0    cut
 525  sn1989B       Ia-norm    0.6444   3.83   0.1532   0.0112    12.60  0    cut
 526  sn1998bu      Ia-norm    0.6986   3.82   0.1566   0.0124    11.40  0    cut
 527  sn2005hj      Ia-91T     0.4779   3.82   0.1627   0.0092     3.30  0    cut
 528  sn2001ay      Ia-norm    0.6945   3.80   0.1637   0.0127     9.00  0    cut
 529  sn2006H       Ia-91bg    0.7365   3.80   0.1561   0.0123     6.50  0    cut
 530  sn2006H       Ia-91bg    0.7094   3.80   0.1534   0.0120     7.50  0    cut
 531  sn2002bf      Ia-norm    0.6945   3.79   0.1664   0.0128    10.60  0    cut
 532  sn2001V       Ia-91T     0.6999   3.75   0.1585   0.0129    12.50  0    cut
 533  sn2002dl      Ia-91bg    0.6972   3.73   0.1518   0.0119    10.30  0    cut
 534  sn2007al      Ia-91bg    0.7392   3.72   0.1540   0.0113     3.30  0    cut
 535  sn1999by      Ia-91bg    0.7013   3.71   0.1535   0.0121     4.00  0    cut
 536  sn2001bf      Ia-norm    0.6918   3.69   0.1513   0.0114    12.50  0    cut
 537  sn2004bg      Ia-norm    0.6959   3.68   0.1546   0.0126    12.50  0    cut
 538  sn1996bo      Ia-norm    0.7067   3.66   0.1609   0.0130     9.20  0    cut
 539  sn2007ba      Ia-91bg    0.6444   3.65   0.1559   0.0136     6.00  0    cut
 540  sn1999gh      Ia-norm    0.6999   3.64   0.1544   0.0131     9.40  0    cut
 541  sn1996Z       Ia-norm    0.7067   3.63   0.1606   0.0134    10.10  0    cut
 542  sn1997br      Ia-91T     0.8069   3.62   0.1537   0.0124    11.90  0    cut
 543  sn2007al      Ia-91bg    0.7419   3.62   0.1531   0.0116     4.30  0    cut
 544  sn2005hf      Ia-norm    0.7080   3.59   0.1579   0.0131    12.00  0    cut
 545  sn2006N       Ia-norm    0.7419   3.59   0.1560   0.0120    11.60  0    cut
 546  sn1997E       Ia-norm    0.7040   3.56   0.1529   0.0130    11.20  0    cut
 547  sn2000fa      Ia-norm    0.6999   3.55   0.1609   0.0132    11.10  0    cut
 548  sn2002bo      Ia-norm    0.6986   3.54   0.1586   0.0137    11.60  0    cut
 549  sn2001en      Ia-norm    0.6986   3.54   0.1583   0.0135    12.20  0    cut
 550  sn2005cc      Ia-pec     0.6837   3.54   0.1412   0.0116     4.60  0    cut
 551  sn2007al      Ia-91bg    0.6823   3.52   0.1525   0.0123    11.30  0    cut
 552  sn2002ck      Ia-norm    0.6959   3.52   0.1541   0.0131    11.90  0    cut
 553  sn1999ej      Ia-norm    0.6959   3.52   0.1526   0.0125    11.00  0    cut
 554  sn1998V       Ia-norm    0.6945   3.51   0.1550   0.0135    12.10  0    cut
 555  sn2000cn      Ia-91bg    0.6986   3.51   0.1565   0.0123     8.30  0    cut
 556  sn1999by      Ia-91bg    0.7013   3.50   0.1525   0.0128     5.00  0    cut
 557  sn2007bm      Ia-norm    0.7487   3.49   0.1523   0.0123    12.60  0    cut
 558  sn1997do      Ia-norm    0.6999   3.49   0.1607   0.0136    12.10  0    cut
 559  sn1998bu      Ia-norm    0.6986   3.47   0.1551   0.0136    12.40  0    cut
 560  sn1994D       Ia-norm    0.7094   3.47   0.1569   0.0131    10.80  0    cut
 561  sn1998ec      Ia-norm    0.6986   3.46   0.1597   0.0134    11.70  0    cut
 562  sn1994M       Ia-norm    0.8069   3.44   0.1593   0.0124    12.50  0    cut
 563  sn2007if      Ia-pec     0.6850   3.44   0.1500   0.0130     5.60  0    cut
 564  sn2005am      Ia-norm    0.7094   3.42   0.1584   0.0129    11.80  0    cut
 565  sn2007bj      Ia-norm    0.7351   3.41   0.1618   0.0134    12.00  0    cut
 566  sn2002bo      Ia-norm    0.6972   3.37   0.1579   0.0144    12.50  0    cut
 567  sn2002bf      Ia-norm    0.6945   3.36   0.1649   0.0138    11.70  0    cut
 568  sn2002er      Ia-norm    0.6891   3.36   0.1627   0.0132    11.80  0    cut
 569  sn2007hj      Ia-norm    0.6931   3.35   0.1550   0.0132    12.30  0    cut
 570  sn1994D       Ia-norm    0.6972   3.35   0.1568   0.0132     9.60  0    cut
 571  sn2000bk      Ia-norm    0.6945   3.34   0.1539   0.0134    11.90  0    cut
 572  sn1999gh      Ia-norm    0.6986   3.34   0.1534   0.0140    11.40  0    cut
 573  sn2007if      Ia-pec     0.8069   3.34   0.1474   0.0120     9.40  0    cut
 574  sn2005mz      Ia-91bg    0.7324   3.31   0.1511   0.0120    10.20  0    cut
 575  sn2005ke      Ia-91bg    0.7392   3.31   0.1501   0.0129     6.40  0    cut
 576  sn2006X       Ia-norm    0.7107   3.27   0.1667   0.0142    10.30  0    cut
 577  sn2006H       Ia-91bg    0.7365   3.24   0.1518   0.0147     9.60  0    cut
 578  sn1997bq      Ia-norm    0.7067   3.23   0.1590   0.0151    11.20  0    cut
 579  sn2002hd      Ia-norm    0.6986   3.23   0.1532   0.0131    12.00  0    cut
 580  sn1999by      Ia-91bg    0.7026   3.22   0.1522   0.0138     5.90  0    cut
 581  sn2005hk      Ia-pec     0.5930   3.21   0.1344   0.0141    12.40  0    cut
 582  sn1999gh      Ia-norm    0.6931   3.21   0.1531   0.0145    12.40  0    cut
 583  sn2006H       Ia-91bg    0.7243   3.19   0.1518   0.0146    10.40  0    cut
 584  sn2000cn      Ia-91bg    0.6959   3.18   0.1548   0.0134    10.20  0    cut
 585  sn2007if      Ia-pec     0.6837   3.11   0.1495   0.0137     7.40  0    cut
 586  sn2002es      Ia-91bg    0.6945   3.10   0.1404   0.0120     9.00  0    cut
 587  sn2000cn      Ia-91bg    0.7013   3.10   0.1535   0.0138    12.20  0    cut
 588  sn1998dx      Ia-norm    0.6918   3.10   0.1581   0.0140    12.50  0    cut
 589  sn2005cc      Ia-pec     0.6674   3.09   0.1362   0.0138     9.50  0    cut
 590  sn1999by      Ia-91bg    0.7026   3.08   0.1519   0.0144     6.90  0    cut
 591  sn1994Q       Ia-norm    0.8069   3.08   0.1584   0.0146    11.60  0    cut
 592  sn1994D       Ia-norm    0.7107   3.06   0.1547   0.0152    12.80  0    cut
 593  sn1999ek      Ia-norm    0.6986   3.06   0.1534   0.0144    12.20  0    cut
 594  sn2003hv      Ia-norm    0.6417   3.06   0.1555   0.0133    11.20  0    cut
 595  sn2002bf      Ia-norm    0.6972   3.04   0.1644   0.0151    12.60  0    cut
 596  sn2007al      Ia-91bg    0.7419   3.02   0.1505   0.0143     8.30  0    cut
 597  sn2007ci      Ia-norm    0.7338   2.96   0.1535   0.0143    12.50  0    cut
 598  sn2002es      Ia-91bg    0.6959   2.95   0.1397   0.0126    11.00  0    cut
 599  sn2006X       Ia-norm    0.7121   2.94   0.1659   0.0155    11.20  0    cut
 600  sn1996bo      Ia-norm    0.7053   2.93   0.1602   0.0158    11.10  0    cut
 601  sn2007al      Ia-91bg    0.7378   2.92   0.1530   0.0150    10.10  0    cut
 602  sn2000cx      Ia-pec     0.6227   2.92   0.1705   0.0154     8.60  0    cut
 603  sn2006H       Ia-91bg    0.7202   2.85   0.1517   0.0160    11.40  0    cut
 604  sn2005ke      Ia-91bg    0.7446   2.84   0.1497   0.0148     8.40  0    cut
 605  sn1999by      Ia-91bg    0.7013   2.82   0.1516   0.0158     7.90  0    cut
 606  sn2006X       Ia-norm    0.6986   2.76   0.1640   0.0165    12.30  0    cut
 607  sn2005cc      Ia-pec     0.7446   2.75   0.1386   0.0138     3.60  0    cut
 608  sn2007al      Ia-91bg    0.7392   2.72   0.1513   0.0141    10.20  0    cut
 609  sn1997cn      Ia-91bg    0.6552   2.71   0.1507   0.0156    11.90  0    cut
 610  sn2006em      Ia-91bg    0.7324   2.71   0.1532   0.0158     3.70  0    cut
 611  sn2005mz      Ia-91bg    0.6891   2.70   0.1501   0.0146    12.10  0    cut
 612  sn2006H       Ia-91bg    0.7378   2.56   0.1532   0.0192    12.40  0    cut
 613  sn2002cx      Ia-pec     0.7013   2.50   0.1389   0.0163    11.30  0    cut
 614  sn2007if      Ia-pec     0.6850   2.46   0.1484   0.0160     9.40  0    cut
 615  sn1996X       Ia-norm    0.4806   2.45   0.1572   0.0173    11.90  0    cut
 616  sn2005ke      Ia-91bg    0.7405   2.41   0.1487   0.0173    11.40  0    cut
 617  sn2005ke      Ia-91bg    0.7094   2.35   0.1493   0.0174    10.40  0    cut
 618  sn1997cn      Ia-91bg    0.6539   2.33   0.1522   0.0182    10.90  0    cut
 619  sn2005cc      Ia-pec     0.7446   2.25   0.1374   0.0167     5.60  0    cut
 620  sn2000cx      Ia-pec     0.6214   2.18   0.1681   0.0190    10.60  0    cut
 621  sn2005hj      Ia-91T     0.4820   1.93   0.1597   0.0165     9.90  0    cut
 622  sn2007ax      Ia-91bg    0.7459   1.88   0.3293   0.0227    10.00  0    cut
 623  sn2005bl      Ia-91bg    0.7757   1.77   0.3330   0.0220    12.60  0    cut
