### SNID output file ###
 
### input spectrum and options ###
# Input spectrum                 : 19029_-2.60.dat
# Parameter file                 : NA
# Wavelength range               :    4000.00   9000.00
# Mask file                      : NA
# Median filtering width [A]     : NA
# Median filtering width [pix]   :       1.00
# Clip emission redshift         :     0.3180
# Clip sky lines                 : 0
# Emission clip width [A]        :       0.32
# Keep A-band                    : 1
# Age range                      :      -7.60      2.40
# Delta range                    :      -9.99     99.90
# Min. number of spectra/template:   1
# Use only templates             : NA
# Use only types                 : Ia
# Avoid templates                : NA
# Avoid types                    : NA
# rlapmin                        :       5.00
# Redshift range                 :    -0.0100    1.2000
# Forced initial redshift        :     0.3180
# Extra fake redshift            : NA
# Nsigma for initial redshift    : NA
# Redshift filter                :     0.0200
# Wavenumbers k1,k2,k3,k4        :     1    4   85  102
# Template directory             : /home/djperrefort/snid-5.0/templates-2.0/
 
### initial/user-input redshift ###
zinit       0.0000
zuser       0.3180
 
### median redshift/age and error ###
zmed        0.3219    0.0059
agem         -2.40      2.78
 
### type fraction/redshift/age ###
#type ntemp fraction slope redshift redshift_error age age_error
Ia            105      1.00    0.0000    0.3219    0.0059    -2.400     2.783
Ia-norm        63      0.60   -0.0358    0.3234    0.0058    -2.200     2.960
Ia-91T         41      0.39    0.0349    0.3203    0.0050    -3.100     2.552
Ia-91bg         0      0.00    0.0000    0.0000    0.0000     0.000     0.000
Ia-csm          0      0.00    0.0000    0.0000    0.0000     0.000     0.000
Ia-pec          1      0.01    0.0000    0.3259    0.0000    -2.300     0.000
###
Ib              0      0.00    0.0000    0.0000    0.0000     0.000     0.000
Ib-norm         0      0.00    0.0000    0.0000    0.0000     0.000     0.000
Ib-pec          0      0.00    0.0000    0.0000    0.0000     0.000     0.000
IIb             0      0.00    0.0000    0.0000    0.0000     0.000     0.000
###
Ic              0      0.00    0.0000    0.0000    0.0000     0.000     0.000
Ic-norm         0      0.00    0.0000    0.0000    0.0000     0.000     0.000
Ic-pec          0      0.00    0.0000    0.0000    0.0000     0.000     0.000
Ic-broad        0      0.00    0.0000    0.0000    0.0000     0.000     0.000
###
II              0      0.00    0.0000    0.0000    0.0000     0.000     0.000
IIP             0      0.00    0.0000    0.0000    0.0000     0.000     0.000
II-pec          0      0.00    0.0000    0.0000    0.0000     0.000     0.000
IIn             0      0.00    0.0000    0.0000    0.0000     0.000     0.000
IIL             0      0.00    0.0000    0.0000    0.0000     0.000     0.000
###
NotSN           0      0.00    0.0000    0.0000    0.0000     0.000     0.000
AGN             0      0.00    0.0000    0.0000    0.0000     0.000     0.000
Gal             0      0.00    0.0000    0.0000    0.0000     0.000     0.000
LBV             0      0.00    0.0000    0.0000    0.0000     0.000     0.000
M-star          0      0.00    0.0000    0.0000    0.0000     0.000     0.000
 
### rlap-ordered template listings ###
#no. sn type lap rlap z zerr age age_flag grade
   1  sn1990N       Ia-norm    0.8082  13.34   0.3334   0.0057    -7.40  0   good
   2  sn2006oa      Ia-91T     0.7283  13.13   0.3230   0.0051    -2.00  0   good
   3  sn2006oa      Ia-91T     0.7283  11.40   0.3256   0.0061    -4.70  0   good
   4  sn2006oa      Ia-91T     0.7283  11.35   0.3252   0.0058    -3.80  0   good
   5  sn2005cf      Ia-norm    0.7229  10.67   0.3321   0.0067    -7.30  0   good
   6  sn2005cf      Ia-norm    0.7283  10.36   0.3312   0.0069    -6.60  0   good
   7  sn2006oa      Ia-91T     0.7283  10.24   0.3196   0.0064    -0.10  0   good
   8  sn2005eq      Ia-91T     0.6945  10.09   0.3200   0.0057    -3.50  0   good
   9  sn2005cf      Ia-norm    0.7256  10.08   0.3305   0.0070    -6.30  0   good
  10  sn2006cz      Ia-91T     0.7094  10.03   0.3233   0.0061    -3.90  0   good
  11  sn2006oa      Ia-91T     0.7283   9.68   0.3305   0.0068    -7.60  0   good
  12  sn2006oa      Ia-91T     0.7283   9.65   0.3283   0.0069    -5.70  0   good
  13  sn2005eq      Ia-91T     0.6931   9.16   0.3173   0.0061     0.40  0   good
  14  sn2005M       Ia-91T     0.6864   9.04   0.3104   0.0063    -2.70  0   good
  15  sn2005cf      Ia-norm    0.7270   8.72   0.3251   0.0077    -2.40  0   good
  16  sn2006cz      Ia-91T     0.7094   8.72   0.3217   0.0070    -2.00  0   good
  17  sn1998es      Ia-91T     0.6918   8.70   0.3182   0.0065    -2.40  0   good
  18  sn2001eh      Ia-91T     0.7297   8.61   0.3251   0.0073    -5.90  0   good
  19  sn2005eq      Ia-91T     0.6959   8.41   0.3168   0.0067     1.30  0   good
  20  sn2005M       Ia-91T     0.6864   8.41   0.3106   0.0070    -1.70  0   good
  21  sn2001eh      Ia-91T     0.7283   8.20   0.3239   0.0077    -4.90  0   good
  22  sn2005cf      Ia-norm    0.7256   8.14   0.3234   0.0080    -1.50  0   good
  23  sn1999aa      Ia-91T     0.7067   7.89   0.3208   0.0075    -3.10  0   good
  24  sn2003hu      Ia-91T     0.6755   7.81   0.3164   0.0070     0.10  0   good
  25  sn1999ee      Ia-norm    0.7338   7.79   0.3321   0.0086    -7.20  0   good
  26  sn2006S       Ia-norm    0.6972   7.77   0.3228   0.0075    -2.60  0   good
  27  sn1999aa      Ia-91T     0.7283   7.69   0.3147   0.0077     1.80  0   good
  28  sn2005cf      Ia-norm    0.7581   7.67   0.3309   0.0090    -5.50  0   good
  29  sn2006S       Ia-norm    0.6959   7.63   0.3204   0.0073    -0.70  0   good
  30  sn2005M       Ia-91T     0.6850   7.61   0.3091   0.0075     0.20  0   good
  31  sn2006S       Ia-norm    0.6972   7.53   0.3257   0.0078    -5.50  0   good
  32  sn2006cj      Ia-norm    0.7338   7.46   0.3183   0.0086    -1.20  0   good
  33  sn1999aa      Ia-91T     0.7053   7.40   0.3128   0.0079    -1.60  0   good
  34  sn2006cz      Ia-91T     0.7053   7.37   0.3203   0.0080    -1.00  0   good
  35  sn1998es      Ia-91T     0.6837   7.35   0.3169   0.0076    -0.50  0   good
  36  sn1998es      Ia-91T     0.7026   7.34   0.3219   0.0078    -7.30  0   good
  37  sn2006gr      Ia-norm    0.7040   7.29   0.3287   0.0081    -2.10  0   good
  38  sn2007kk      Ia-norm    0.7107   7.29   0.3270   0.0083    -1.70  0   good
  39  sn1998es      Ia-91T     0.6891   7.25   0.3191   0.0075    -3.40  0   good
  40  sn2005cf      Ia-norm    0.7162   7.16   0.3232   0.0090    -1.20  0   good
  41  sn2005cf      Ia-norm    0.7175   7.11   0.3262   0.0092    -2.70  0   good
  42  sn2006S       Ia-norm    0.6959   7.08   0.3198   0.0079     0.20  0   good
  43  sn2006S       Ia-norm    0.6959   7.03   0.3250   0.0081    -4.60  0   good
  44  sn2003du      Ia-norm    0.7487   7.02   0.3255   0.0091    -6.10  0   good
  45  sn2006cq      Ia-norm    0.7148   6.96   0.3264   0.0093    -3.30  0   good
  46  sn2005cf      Ia-norm    0.7094   6.96   0.3283   0.0093    -3.80  0   good
  47  sn2003du      Ia-norm    0.6864   6.94   0.3241   0.0087    -7.20  0   good
  48  sn2007ae      Ia-norm    0.7351   6.92   0.3169   0.0084     2.30  0   good
  49  sn2005eq      Ia-91T     0.6945   6.84   0.3221   0.0083    -5.40  0   good
  50  sn2005cf      Ia-norm    0.7256   6.84   0.3193   0.0092     1.50  0   good
  51  sn1990O       Ia-norm    0.7852   6.78   0.3402   0.0108    -7.60  0    bad
  52  sn2006gr      Ia-norm    0.7026   6.78   0.3347   0.0090    -5.10  0   good
  53  sn2004S       Ia-norm    0.7920   6.74   0.3246   0.0100     1.60  0   good
  54  sn2006gr      Ia-norm    0.7040   6.72   0.3323   0.0088    -4.00  0   good
  55  sn1998es      Ia-91T     0.6904   6.70   0.3196   0.0081    -4.40  0   good
  56  sn2006S       Ia-norm    0.6918   6.46   0.3194   0.0083     1.20  0   good
  57  sn2003du      Ia-norm    0.7487   6.42   0.3232   0.0097    -4.20  0   good
  58  sn2007kk      Ia-norm    0.7094   6.37   0.3247   0.0094    -0.80  0   good
  59  sn1999ee      Ia-norm    0.7324   6.35   0.3216   0.0095    -0.20  0   good
  60  sn1998es      Ia-91T     0.6810   6.33   0.3160   0.0085     0.50  0   good
  61  sn2006gr      Ia-norm    0.7013   6.28   0.3282   0.0090    -1.10  0   good
  62  sn2007S       Ia-91T     0.6796   6.24   0.3197   0.0088    -2.70  0   good
  63  sn1989B       Ia-norm    0.8082   6.23   0.3185   0.0097    -7.20  0   good
  64  sn1994S       Ia-norm    0.6268   6.22   0.3248   0.0106    -3.00  0   good
  65  sn2007S       Ia-91T     0.6810   6.14   0.3204   0.0091    -3.70  0   good
  66  sn1999aa      Ia-91T     0.6877   6.09   0.3216   0.0089    -4.10  0   good
  67  sn1998es      Ia-91T     0.6837   6.06   0.3153   0.0087     1.50  0   good
  68  sn1999ee      Ia-norm    0.7338   6.05   0.3198   0.0097     1.80  0   good
  69  sn2007kk      Ia-norm    0.7121   6.01   0.3227   0.0099     1.10  0   good
  70  sn2000cx      Ia-pec     0.5862   5.99   0.3259   0.0099    -2.30  0   good
  71  sn2003fa      Ia-91T     0.5320   5.99   0.3214   0.0095    -5.60  0   good
  72  sn1998es      Ia-91T     0.6959   5.97   0.3214   0.0090    -6.40  0   good
  73  sn2007S       Ia-91T     0.6837   5.95   0.3175   0.0088    -0.70  0   good
  74  sn2006cf      Ia-norm    0.7040   5.89   0.3119   0.0097     1.80  0   good
  75  sn2006et      Ia-norm    0.6918   5.82   0.3147   0.0089     2.40  0   good
  76  sn2006ax      Ia-norm    0.6837   5.81   0.3175   0.0102    -6.40  0   good
  77  sn1992A       Ia-norm    0.8082   5.80   0.3252   0.0100    -0.80  0   good
  78  sn2002er      Ia-norm    0.7351   5.77   0.3285   0.0118    -6.00  0   good
  79  sn2007kk      Ia-norm    0.7107   5.72   0.3215   0.0102     2.10  0   good
  80  sn2008ar      Ia-norm    0.6945   5.69   0.3213   0.0107     1.20  0   good
  81  sn2005hj      Ia-91T     0.5510   5.64   0.3200   0.0095    -4.30  0   good
  82  sn2006gr      Ia-norm    0.7053   5.61   0.3363   0.0108    -6.00  0   good
  83  sn2007S       Ia-91T     0.6810   5.60   0.3219   0.0099    -4.70  0   good
  84  sn2006cm      Ia-norm    0.6837   5.56   0.3219   0.0133    -1.90  0   good
  85  sn1999aw      Ia-91T     0.7013   5.52   0.3278   0.0097     0.00  0   good
  86  sn1998es      Ia-91T     0.6877   5.44   0.3205   0.0096    -5.40  0   good
  87  sn2005cf      Ia-norm    0.7568   5.43   0.3229   0.0116    -0.20  0   good
  88  sn1990O       Ia-norm    0.7866   5.40   0.3368   0.0128    -6.60  0   good
  89  sn2005na      Ia-norm    0.6877   5.40   0.3146   0.0109    -1.50  0   good
  90  sn2006gr      Ia-norm    0.7040   5.38   0.3386   0.0112    -6.90  0    bad
  91  sn2007jg      Ia-norm    0.7080   5.32   0.3397   0.0125    -2.30  0    bad
  92  sn2007F       Ia-norm    0.6891   5.31   0.3181   0.0108    -1.80  0   good
  93  sn2003ic      Ia-norm    0.6579   5.30   0.3236   0.0120    -4.10  0   good
  94  sn2008ar      Ia-norm    0.6959   5.30   0.3313   0.0119    -4.60  0   good
  95  sn2005na      Ia-norm    0.6918   5.28   0.3134   0.0113     1.40  0   good
  96  sn2003du      Ia-norm    0.6864   5.26   0.3180   0.0105    -2.20  0   good
  97  sn2008bf      Ia-norm    0.6904   5.20   0.3217   0.0104     0.70  0   good
  98  sn1999aa      Ia-91T     0.6945   5.19   0.3232   0.0103    -5.10  0   good
  99  sn2005cf      Ia-norm    0.6769   5.13   0.3205   0.0112    -0.30  0   good
 100  sn1999ac      Ia-91T     0.7053   5.13   0.3081   0.0109     0.40  0   good
 101  sn1996ab      Ia-norm    0.6227   5.11   0.3148   0.0110     1.30  0   good
 102  sn2008Z       Ia-norm    0.6891   5.10   0.3230   0.0112    -4.30  0   good
 103  sn2008ar      Ia-norm    0.6918   5.09   0.3295   0.0122    -3.70  0   good
 104  sn2005eu      Ia-norm    0.6986   5.06   0.3206   0.0121    -5.20  0   good
 105  sn1990O       Ia-norm    0.7852   5.05   0.3345   0.0130    -5.60  0   good
 106  sn2005cf      Ia-norm    0.6769   5.04   0.3216   0.0115    -1.40  0   good
 107  sn2008ar      Ia-norm    0.6945   5.03   0.3248   0.0118    -0.70  0   good
 108  sn2005cf      Ia-norm    0.6769   5.00   0.3225   0.0117    -2.30  0   good
#--- rlap cutoff
 109  sn2002er      Ia-norm    0.6999   4.99   0.3216   0.0116    -4.00  0    cut
 110  sn2008Z       Ia-norm    0.6891   4.98   0.3241   0.0117    -5.30  0    cut
 111  sn1992A       Ia-norm    0.8082   4.97   0.3218   0.0121     2.00  0    cut
 112  sn2007F       Ia-norm    0.6904   4.97   0.3166   0.0112    -0.90  0    cut
 113  sn1999aa      Ia-91T     0.6918   4.94   0.3235   0.0109    -6.10  0    cut
 114  sn2008Z       Ia-norm    0.6877   4.90   0.3268   0.0117    -7.30  0    cut
 115  sn2005el      Ia-norm    0.6837   4.86   0.3217   0.0118    -5.80  0    cut
 116  sn2006le      Ia-norm    0.6823   4.86   0.3369   0.0129    -6.80  0    cut
 117  sn2005cf      Ia-norm    0.6755   4.85   0.3253   0.0126    -5.40  0    cut
 118  sn2005hj      Ia-91T     0.5429   4.85   0.3208   0.0113    -5.20  0    cut
 119  sn2005cf      Ia-norm    0.6769   4.85   0.3236   0.0121    -3.40  0    cut
 120  sn2001da      Ia-norm    0.7703   4.84   0.3297   0.0134    -1.00  0    cut
 121  sn2005cf      Ia-norm    0.6769   4.82   0.3248   0.0123    -4.40  0    cut
 122  sn2005el      Ia-norm    0.6837   4.78   0.3207   0.0118    -4.80  0    cut
 123  sn2005cf      Ia-norm    0.6755   4.74   0.3191   0.0118     0.60  0    cut
 124  sn1981B       Ia-norm    0.8082   4.73   0.3185   0.0127    -1.50  0    cut
 125  sn2002er      Ia-norm    0.7473   4.72   0.3292   0.0139    -5.00  0    cut
 126  sn2004eo      Ia-norm    0.7256   4.71   0.3190   0.0125    -5.60  0    cut
 127  sn1991T       Ia-91T     0.6661   4.70   0.1559   0.0143    -6.70  0    cut
 128  sn2005el      Ia-norm    0.6837   4.69   0.3198   0.0119    -3.90  0    cut
 129  sn1992A       Ia-norm    0.8082   4.68   0.3346   0.0127    -5.40  0    cut
 130  sn2005eu      Ia-norm    0.7013   4.66   0.3216   0.0129    -7.10  0    cut
 131  sn2008Z       Ia-norm    0.6891   4.66   0.3256   0.0122    -6.30  0    cut
 132  sn1999aa      Ia-91T     0.6945   4.66   0.3250   0.0115    -7.10  0    cut
 133  sn2006az      Ia-norm    0.6945   4.64   0.3117   0.0119    -1.00  0    cut
 134  sn1999dq      Ia-91T     0.6133   4.63   0.3227   0.0120    -2.50  0    cut
 135  sn2006ax      Ia-norm    0.6823   4.63   0.3120   0.0116     0.50  0    cut
 136  sn2002er      Ia-norm    0.7094   4.59   0.3290   0.0136    -7.00  0    cut
 137  sn2008ar      Ia-norm    0.6918   4.58   0.3282   0.0132    -2.70  0    cut
 138  sn1995ac      Ia-norm    0.6701   4.55   0.1622   0.0143    -5.50  0    cut
 139  sn2003cg      Ia-norm    0.7554   4.55   0.3181   0.0127    -2.10  0    cut
 140  sn2007A       Ia-norm    0.6864   4.53   0.3149   0.0123    -3.40  0    cut
 141  sn2002er      Ia-norm    0.7595   4.51   0.3243   0.0138    -3.10  0    cut
 142  sn1999dq      Ia-91T     0.6133   4.50   0.3237   0.0127    -3.50  0    cut
 143  sn2006cj      Ia-norm    0.7338   4.49   0.3175   0.0123    -0.20  0    cut
 144  sn2003du      Ia-norm    0.6701   4.47   0.3169   0.0125    -1.30  0    cut
 145  sn1991T       Ia-91T     0.8082   4.47   0.3214   0.0128    -1.50  0    cut
 146  sn2008ar      Ia-norm    0.6931   4.44   0.3337   0.0141    -6.60  0    cut
 147  sn2002er      Ia-norm    0.7527   4.44   0.3228   0.0138    -2.10  0    cut
 148  sn2007A       Ia-norm    0.6850   4.36   0.3146   0.0126    -2.40  0    cut
 149  sn1994ae      Ia-norm    0.6823   4.35   0.3128   0.0122     0.00  0    cut
 150  sn1999dq      Ia-91T     0.6146   4.35   0.3238   0.0132    -5.50  0    cut
 151  sn2007F       Ia-norm    0.6891   4.34   0.3244   0.0136    -5.70  0    cut
 152  sn2002dj      Ia-norm    0.7459   4.34   0.3327   0.0140    -3.60  0    cut
 153  sn2005iq      Ia-norm    0.6986   4.34   0.3193   0.0127    -6.00  0    cut
 154  sn1996X       Ia-norm    0.7960   4.32   0.3107   0.0134     0.10  0    cut
 155  sn2005cf      Ia-norm    0.6728   4.31   0.3178   0.0127     1.60  0    cut
 156  sn2007co      Ia-norm    0.6972   4.25   0.3214   0.0122    -0.20  0    cut
 157  sn2007co      Ia-norm    0.6972   4.21   0.3229   0.0126    -1.20  0    cut
 158  sn2003du      Ia-norm    0.6688   4.20   0.3149   0.0128     0.90  0    cut
 159  sn1996X       Ia-norm    0.7933   4.18   0.3093   0.0138     1.10  0    cut
 160  sn2007F       Ia-norm    0.6931   4.18   0.3265   0.0142    -6.70  0    cut
 161  sn1989B       Ia-norm    0.7703   4.18   0.3167   0.0137    -1.30  0    cut
 162  sn1994ae      Ia-norm    0.6837   4.18   0.3123   0.0125     0.90  0    cut
 163  sn2005hj      Ia-91T     0.5510   4.14   0.3190   0.0115     0.50  0    cut
 164  sn2002ha      Ia-norm    0.7757   4.14   0.3144   0.0136     1.70  0    cut
 165  sn2007bd      Ia-norm    0.7013   4.14   0.3175   0.0124     1.70  0    cut
 166  sn2007co      Ia-norm    0.6959   4.12   0.3202   0.0127     0.80  0    cut
 167  sn1995E       Ia-norm    0.6593   4.12   0.3154   0.0141    -2.90  0    cut
 168  sn2007co      Ia-norm    0.6931   4.10   0.3187   0.0124     1.70  0    cut
 169  sn1994ae      Ia-norm    0.6823   4.10   0.3115   0.0125     2.00  0    cut
 170  sn1999dq      Ia-91T     0.6146   4.09   0.3241   0.0140    -4.50  0    cut
 171  sn1997br      Ia-91T     0.6309   4.09   0.3187   0.0131    -4.60  0    cut
 172  sn2000dn      Ia-norm    0.6552   4.09   0.3156   0.0137    -3.80  0    cut
 173  sn2002bo      Ia-norm    0.7229   4.09   0.3241   0.0140    -1.70  0    cut
 174  sn2007bd      Ia-norm    0.6986   4.08   0.3207   0.0126    -1.30  0    cut
 175  sn2008ar      Ia-norm    0.6959   4.05   0.3377   0.0151    -7.50  0    cut
 176  sn2002dj      Ia-norm    0.7595   4.05   0.3376   0.0154    -4.60  0    cut
 177  sn2002bo      Ia-norm    0.6959   4.04   0.3214   0.0135    -0.60  0    cut
 178  sn2005ki      Ia-norm    0.6864   4.03   0.3141   0.0124     1.00  0    cut
 179  sn2006N       Ia-norm    0.6810   4.03   0.3199   0.0132    -3.30  0    cut
 180  sn2003du      Ia-norm    0.6701   4.03   0.3170   0.0135    -0.30  0    cut
 181  sn1999dq      Ia-91T     0.6146   4.01   0.3245   0.0141    -6.40  0    cut
 182  sn2007co      Ia-norm    0.6931   4.00   0.3264   0.0135    -3.10  0    cut
 183  sn2002bo      Ia-norm    0.7635   4.00   0.3308   0.0151    -4.80  0    cut
 184  sn1997bp      Ia-norm    0.7608   3.98   0.3447   0.0162    -3.00  0    cut
 185  sn2006N       Ia-norm    0.6783   3.98   0.3176   0.0129    -1.30  0    cut
 186  sn2008Q       Ia-norm    0.6796   3.98   0.3221   0.0137    -6.20  0    cut
 187  sn2008Q       Ia-norm    0.6783   3.96   0.3234   0.0139    -7.20  0    cut
 188  sn2002ck      Ia-norm    0.6336   3.96   0.3168   0.0131    -0.60  0    cut
 189  sn2005el      Ia-norm    0.6823   3.96   0.3139   0.0127     2.10  0    cut
 190  sn2002cx      Ia-pec     0.6214   3.95   0.3071   0.0123    -4.30  0    cut
 191  sn1997br      Ia-91T     0.5361   3.94   0.3228   0.0127    -6.60  0    cut
 192  sn2000cx      Ia-pec     0.7121   3.94   0.3205   0.0112     0.70  0    cut
 193  sn2007bd      Ia-norm    0.7013   3.94   0.3251   0.0137    -4.20  0    cut
 194  sn2002he      Ia-norm    0.7866   3.93   0.3251   0.0146    -3.20  0    cut
 195  sn2006N       Ia-norm    0.6715   3.91   0.3149   0.0130     0.70  0    cut
 196  sn2001eh      Ia-91T     0.6403   3.90   0.3224   0.0135    -2.00  0    cut
 197  sn1999aa      Ia-91T     0.6119   3.90   0.3219   0.0146    -5.00  0    cut
 198  sn2008Q       Ia-norm    0.6796   3.90   0.3192   0.0137    -3.20  0    cut
 199  sn1999aa      Ia-91T     0.6160   3.88   0.3227   0.0142    -2.10  0    cut
 200  sn2007bc      Ia-norm    0.6864   3.88   0.3139   0.0135    -2.60  0    cut
 201  sn2008Q       Ia-norm    0.6796   3.86   0.3181   0.0137    -2.20  0    cut
 202  sn2000cx      Ia-pec     0.5740   3.85   0.3266   0.0144    -3.30  0    cut
 203  sn2005bo      Ia-norm    0.6810   3.84   0.3115   0.0133    -0.10  0    cut
 204  sn2002hu      Ia-91T     0.6403   3.84   0.3184   0.0139    -0.70  0    cut
 205  sn2007co      Ia-norm    0.6972   3.83   0.3319   0.0148    -5.10  0    cut
 206  sn2006cm      Ia-norm    0.6837   3.81   0.3164   0.0135    -1.00  0    cut
 207  sn2006N       Ia-norm    0.6810   3.81   0.3139   0.0131     1.60  0    cut
 208  sn2008Q       Ia-norm    0.6796   3.80   0.3174   0.0138    -1.20  0    cut
 209  sn1995E       Ia-norm    0.6688   3.80   0.3142   0.0131    -0.90  0    cut
 210  sn2008ae      Ia-pec     0.6999   3.79   0.1420   0.0169    -1.00  0    cut
 211  sn1999gp      Ia-91T     0.6309   3.79   0.3255   0.0147    -2.00  0    cut
 212  sn1999dq      Ia-91T     0.6146   3.76   0.3251   0.0151    -7.40  0    cut
 213  sn2007co      Ia-norm    0.6945   3.76   0.3290   0.0146    -4.10  0    cut
 214  sn2008Q       Ia-norm    0.6783   3.76   0.3165   0.0138    -0.30  0    cut
 215  sn2007af      Ia-norm    0.6755   3.75   0.3185   0.0143    -5.60  0    cut
 216  sn2006sr      Ia-norm    0.6931   3.74   0.3175   0.0134     2.00  0    cut
 217  sn2007af      Ia-norm    0.6755   3.73   0.3173   0.0142    -4.60  0    cut
 218  sn2006ot      Ia-norm    0.7202   3.73   0.3289   0.0151    -0.40  0    cut
 219  sn2001az      Ia-91T     0.6444   3.70   0.3242   0.0151    -3.10  0    cut
 220  sn2006sr      Ia-norm    0.6904   3.69   0.3188   0.0134     1.00  0    cut
 221  sn1996bl      Ia-norm    0.6444   3.68   0.3224   0.0140    -2.20  0    cut
 222  sn2007fb      Ia-norm    0.6864   3.66   0.3153   0.0132     1.70  0    cut
 223  sn1996ai      Ia-norm    0.6661   3.64   0.3187   0.0138    -0.90  0    cut
 224  sn2005hj      Ia-91T     0.5524   3.64   0.3184   0.0129     2.40  0    cut
 225  sn2000dg      Ia-norm    0.6403   3.63   0.3168   0.0142    -0.80  0    cut
 226  sn2004ef      Ia-norm    0.7013   3.63   0.3249   0.0143     0.60  0    cut
 227  sn2004fu      Ia-norm    0.6796   3.62   0.3283   0.0152    -3.50  0    cut
 228  sn2008A       Ia-pec     0.6864   3.61   0.1448   0.0163    -6.90  0    cut
 229  sn2001eh      Ia-91T     0.6403   3.60   0.3214   0.0144    -0.10  0    cut
 230  sn2003ch      Ia-norm    0.7757   3.60   0.3136   0.0150     1.80  0    cut
 231  sn2005hk      Ia-pec     0.6796   3.60   0.1389   0.0164    -6.30  0    cut
 232  sn2007if      Ia-pec     0.5537   3.59   0.3147   0.0151    -6.60  0    cut
 233  sn2005mc      Ia-norm    0.6877   3.59   0.3173   0.0137    -2.20  0    cut
 234  sn2007af      Ia-norm    0.6755   3.58   0.3161   0.0145    -3.60  0    cut
 235  sn1998dx      Ia-norm    0.6322   3.58   0.3203   0.0148    -1.70  0    cut
 236  sn2006D       Ia-norm    0.7568   3.58   0.1706   0.0194    -5.30  0    cut
 237  sn2006lf      Ia-norm    0.6498   3.58   0.3201   0.0146    -6.50  0    cut
 238  sn2002ck      Ia-norm    0.6336   3.57   0.3157   0.0138     0.30  0    cut
 239  sn1995E       Ia-norm    0.6769   3.57   0.3139   0.0139     1.00  0    cut
 240  sn2004fz      Ia-norm    0.6864   3.56   0.3153   0.0147    -6.80  0    cut
 241  sn2008A       Ia-pec     0.6850   3.55   0.1418   0.0169    -3.90  0    cut
 242  sn2008A       Ia-pec     0.6850   3.55   0.1414   0.0173    -3.00  0    cut
 243  sn2001fe      Ia-norm    0.6160   3.55   0.3218   0.0144    -1.70  0    cut
 244  sn2005hk      Ia-pec     0.6796   3.55   0.1384   0.0167    -5.30  0    cut
 245  sn1999dq      Ia-91T     0.6146   3.53   0.3207   0.0146     0.40  0    cut
 246  sn2008ae      Ia-pec     0.6999   3.53   0.1392   0.0185    -0.10  0    cut
 247  sn1998dx      Ia-norm    0.6309   3.52   0.3164   0.0143     2.10  0    cut
 248  sn1998dx      Ia-norm    0.6309   3.51   0.3185   0.0150    -0.70  0    cut
 249  sn2001G       Ia-norm    0.6146   3.50   0.3269   0.0162    -5.10  0    cut
 250  sn2005hk      Ia-pec     0.6783   3.48   0.1367   0.0180    -3.30  0    cut
 251  sn1999aa      Ia-91T     0.6173   3.48   0.3208   0.0151    -0.20  0    cut
 252  sn2006sr      Ia-norm    0.6918   3.47   0.3217   0.0140    -0.90  0    cut
 253  sn2002ck      Ia-norm    0.6336   3.46   0.3150   0.0140     2.30  0    cut
 254  sn2004ef      Ia-norm    0.6986   3.45   0.3228   0.0145     1.50  0    cut
 255  sn2006bz      Ia-91bg    0.6904   3.45   0.1684   0.0292    -0.30  0    cut
 256  sn2005A       Ia-norm    0.6837   3.45   0.3357   0.0163    -1.30  0    cut
 257  sn2007af      Ia-norm    0.6755   3.44   0.3151   0.0148    -2.60  0    cut
 258  sn2008A       Ia-pec     0.6850   3.43   0.1406   0.0179    -1.90  0    cut
 259  sn2002hu      Ia-91T     0.6403   3.42   0.3221   0.0175    -5.30  0    cut
 260  sn2007af      Ia-norm    0.6742   3.42   0.3137   0.0147    -1.60  0    cut
 261  sn2005hk      Ia-pec     0.6796   3.41   0.1379   0.0179    -4.30  0    cut
 262  sn1994D       Ia-norm    0.6877   3.40   0.3189   0.0146    -2.30  0    cut
 263  sn1996C       Ia-norm    0.6349   3.40   0.3160   0.0140     2.00  0    cut
 264  sn2005hk      Ia-pec     0.7757   3.40   0.1373   0.0168    -5.10  0    cut
 265  sn2002de      Ia-norm    0.6309   3.40   0.3245   0.0155    -2.20  0    cut
 266  sn2006gz      Ia-pec     0.6133   3.40   0.3234   0.0132    -1.60  0    cut
 267  sn1997br      Ia-91T     0.6133   3.39   0.3242   0.0152    -7.00  0    cut
 268  sn2002de      Ia-norm    0.6295   3.38   0.3264   0.0172    -4.10  0    cut
 269  sn2005bl      Ia-91bg    0.7040   3.38   0.1665   0.0256    -4.90  0    cut
 270  sn2007if      Ia-pec     0.5659   3.38   0.3145   0.0152    -2.90  0    cut
 271  sn2005hk      Ia-pec     0.6810   3.37   0.1399   0.0169    -7.30  0    cut
 272  sn2000cx      Ia-pec     0.5754   3.35   0.3272   0.0141    -1.30  0    cut
 273  sn2000cx      Ia-pec     0.5876   3.35   0.3274   0.0162    -0.30  0    cut
 274  sn1999gp      Ia-91T     0.6309   3.35   0.3241   0.0161     0.00  0    cut
 275  sn2007af      Ia-norm    0.6728   3.34   0.3127   0.0147    -0.60  0    cut
 276  sn2006lf      Ia-norm    0.6498   3.34   0.3197   0.0153    -4.50  0    cut
 277  sn2007le      Ia-norm    0.6796   3.34   0.3363   0.0180    -6.40  0    cut
 278  snls03D3bb    Ia-pec     0.8082   3.34   0.3028   0.0148     2.00  0    cut
 279  sn2001V       Ia-91T     0.6160   3.33   0.3251   0.0156    -5.40  0    cut
 280  sn2002de      Ia-norm    0.6268   3.33   0.3284   0.0180    -5.00  0    cut
 281  sn2006cp      Ia-norm    0.6877   3.33   0.3369   0.0169    -6.30  0    cut
 282  sn2004ef      Ia-norm    0.6999   3.33   0.3268   0.0155    -0.40  0    cut
 283  sn2007cq      Ia-91T     0.6931   3.32   0.1646   0.0239    -5.00  0    cut
 284  sn1999ac      Ia-91T     0.6498   3.32   0.3147   0.0159    -2.10  0    cut
 285  sn2004fu      Ia-norm    0.6796   3.31   0.3324   0.0169    -5.40  0    cut
 286  sn2004ef      Ia-norm    0.6837   3.31   0.3361   0.0171    -5.20  0    cut
 287  sn2007ci      Ia-norm    0.6864   3.30   0.3199   0.0146    -4.20  0    cut
 288  sn2006D       Ia-norm    0.7554   3.29   0.1712   0.0202    -1.40  0    cut
 289  sn2007ci      Ia-norm    0.6864   3.28   0.3173   0.0145    -2.20  0    cut
 290  sn2002hu      Ia-91T     0.6403   3.28   0.3206   0.0161    -3.50  0    cut
 291  sn1999gp      Ia-91T     0.6295   3.27   0.3295   0.0171    -4.80  0    cut
 292  sn2007af      Ia-norm    0.6715   3.27   0.3118   0.0149     0.30  0    cut
 293  sn2007cq      Ia-91T     0.6918   3.27   0.1637   0.0241    -4.00  0    cut
 294  sn1997br      Ia-91T     0.6024   3.26   0.3244   0.0162    -7.60  0    cut
 295  sn2005hk      Ia-pec     0.6783   3.25   0.1370   0.0192    -2.40  0    cut
 296  sn1999dq      Ia-91T     0.6146   3.25   0.3203   0.0155     1.40  0    cut
 297  sn2008A       Ia-pec     0.6864   3.23   0.1394   0.0193    -1.00  0    cut
 298  sn2004ef      Ia-norm    0.6986   3.21   0.3287   0.0160    -1.50  0    cut
 299  sn2002aw      Ia-norm    0.6295   3.20   0.3178   0.0149    -0.90  0    cut
 300  sn2006gz      Ia-pec     0.6146   3.19   0.3257   0.0148    -4.50  0    cut
 301  sn1996bl      Ia-norm    0.6444   3.19   0.3248   0.0160    -4.00  0    cut
 302  sn1999cl      Ia-norm    0.6728   3.18   0.3246   0.0166    -3.30  0    cut
 303  sn2007ci      Ia-norm    0.6864   3.18   0.3165   0.0147    -1.20  0    cut
 304  sn2006gj      Ia-norm    0.6945   3.17   0.3111   0.0153    -0.70  0    cut
 305  sn2001V       Ia-91T     0.6146   3.16   0.3259   0.0164    -6.40  0    cut
 306  sn1998aq      Ia-norm    0.6051   3.14   0.3204   0.0161    -0.90  0    cut
 307  sn1999dq      Ia-91T     0.6146   3.13   0.3201   0.0158     2.40  0    cut
 308  sn2000cx      Ia-pec     0.5808   3.13   0.3295   0.0184    -4.30  0    cut
 309  sn2004fu      Ia-norm    0.6796   3.12   0.3345   0.0181    -6.40  0    cut
 310  sn2004fu      Ia-norm    0.6783   3.12   0.3189   0.0158     2.40  0    cut
 311  sn1994T       Ia-norm    0.5632   3.12   0.1765   0.0203    -0.20  0    cut
 312  sn2004ef      Ia-norm    0.6999   3.11   0.3339   0.0176    -3.30  0    cut
 313  sn2001fe      Ia-norm    0.6173   3.11   0.3212   0.0157     0.30  0    cut
 314  sn2001V       Ia-91T     0.6146   3.10   0.3242   0.0167    -3.30  0    cut
 315  sn2006D       Ia-norm    0.7568   3.10   0.1719   0.0215    -7.30  0    cut
 316  sn2002de      Ia-norm    0.6295   3.08   0.3256   0.0173    -3.00  0    cut
 317  sn2007af      Ia-norm    0.6742   3.07   0.3091   0.0152     2.30  0    cut
 318  sn1994D       Ia-norm    0.7162   3.06   0.3247   0.0172    -5.30  0    cut
 319  sn2008A       Ia-pec     0.6864   3.05   0.1382   0.0207     0.00  0    cut
 320  sn2004ef      Ia-norm    0.6810   3.05   0.3379   0.0185    -6.20  0    cut
 321  sn1996ai      Ia-norm    0.6106   3.04   0.3183   0.0145     0.10  0    cut
 322  sn2000dg      Ia-norm    0.6403   3.04   0.3163   0.0157     0.20  0    cut
 323  sn1996ai      Ia-norm    0.5429   3.03   0.3178   0.0145     2.20  0    cut
 324  sn2002de      Ia-norm    0.6309   3.03   0.3211   0.0164     1.80  0    cut
 325  sn1998aq      Ia-norm    0.6051   3.03   0.3198   0.0162     0.00  0    cut
 326  sn2000cx      Ia-pec     0.6065   3.02   0.3263   0.0170    -0.40  0    cut
 327  sn2002dj      Ia-norm    0.7053   3.02   0.3384   0.0183    -6.60  0    cut
 328  sn2001V       Ia-91T     0.6173   3.01   0.3267   0.0169    -7.40  0    cut
 329  sn2002aw      Ia-norm    0.6295   3.01   0.3167   0.0147     1.10  0    cut
 330  sn2008ae      Ia-pec     0.6986   3.01   0.1370   0.0232     0.90  0    cut
 331  sn2003fa      Ia-91T     0.6417   3.00   0.3240   0.0192    -6.60  0    cut
 332  sn2003ic      Ia-norm    0.6566   3.00   0.3224   0.0169    -2.30  0    cut
 333  sn2007ci      Ia-norm    0.6850   2.99   0.3225   0.0157    -7.10  0    cut
 334  sn2000cx      Ia-pec     0.6079   2.98   0.3268   0.0182    -1.30  0    cut
 335  sn2006kf      Ia-norm    0.6904   2.98   0.3228   0.0165    -5.20  0    cut
 336  sn1998V       Ia-norm    0.6214   2.95   0.3192   0.0162     0.30  0    cut
 337  sn2002bo      Ia-norm    0.6688   2.95   0.3223   0.0175    -1.80  0    cut
 338  sn2004gs      Ia-norm    0.6931   2.93   0.3182   0.0165    -3.20  0    cut
 339  sn1999cl      Ia-norm    0.6728   2.92   0.3186   0.0170     0.70  0    cut
 340  sn2008ae      Ia-pec     0.6999   2.92   0.1365   0.0239     1.90  0    cut
 341  sn2004dt      Ia-norm    0.7676   2.92   0.3449   0.0198    -6.50  0    cut
 342  sn2002bo      Ia-norm    0.6688   2.92   0.3255   0.0179    -3.70  0    cut
 343  sn1998aq      Ia-norm    0.6065   2.91   0.3193   0.0165     1.00  0    cut
 344  sn1994T       Ia-norm    0.5632   2.91   0.1743   0.0208     0.80  0    cut
 345  sn2005hk      Ia-pec     0.6485   2.90   0.1377   0.0212    -4.20  0    cut
 346  sn1998dx      Ia-norm    0.6566   2.89   0.3172   0.0165     1.10  0    cut
 347  sn1984A       Ia-norm    0.7148   2.89   0.3575   0.0220    -6.70  0    cut
 348  sn2008A       Ia-pec     0.6850   2.87   0.1369   0.0230     1.00  0    cut
 349  sn2007ci      Ia-norm    0.6850   2.87   0.3220   0.0162    -6.10  0    cut
 350  sn2003cg      Ia-norm    0.6268   2.87   0.3163   0.0156     1.00  0    cut
 351  sn2004ef      Ia-norm    0.6972   2.87   0.3376   0.0193    -4.20  0    cut
 352  sn2005am      Ia-norm    0.6755   2.86   0.3208   0.0164     2.00  0    cut
 353  sn2007ci      Ia-norm    0.6850   2.85   0.3211   0.0161    -5.10  0    cut
 354  sn2003ch      Ia-norm    0.6268   2.84   0.3139   0.0152     1.80  0    cut
 355  sn2007le      Ia-norm    0.6783   2.82   0.3379   0.0209    -7.40  0    cut
 356  sn2003iv      Ia-norm    0.6376   2.81   0.3173   0.0154     0.50  0    cut
 357  sn1998V       Ia-norm    0.6214   2.81   0.3185   0.0165     1.30  0    cut
 358  sn2002bo      Ia-norm    0.6688   2.81   0.3242   0.0182    -2.80  0    cut
 359  sn2006br      Ia-norm    0.6417   2.81   0.3203   0.0183     0.20  0    cut
 360  sn2000dn      Ia-norm    0.6403   2.81   0.3157   0.0170    -0.90  0    cut
 361  sn2003iv      Ia-norm    0.6363   2.81   0.3163   0.0152     1.40  0    cut
 362  sn2005bc      Ia-norm    0.6376   2.80   0.3215   0.0170    -5.00  0    cut
 363  sn2002fk      Ia-norm    0.6106   2.80   0.3185   0.0183    -3.50  0    cut
 364  sn2000cp      Ia-norm    0.6376   2.79   0.3193   0.0165    -1.50  0    cut
 365  sn2003fa      Ia-91T     0.6431   2.79   0.3252   0.0188    -7.60  0    cut
 366  sn2003cg      Ia-norm    0.5348   2.78   0.3215   0.0149    -2.30  0    cut
 367  sn2003cg      Ia-norm    0.6065   2.78   0.3212   0.0160    -2.10  0    cut
 368  sn2003iv      Ia-norm    0.6376   2.78   0.3183   0.0151    -1.40  0    cut
 369  sn1998aq      Ia-norm    0.6065   2.78   0.3188   0.0167     2.00  0    cut
 370  sn2003W       Ia-norm    0.6227   2.77   0.3440   0.0214    -6.30  0    cut
 371  sn1998bu      Ia-norm    0.6038   2.77   0.3217   0.0181    -3.60  0    cut
 372  sn2004dt      Ia-norm    0.7338   2.76   0.3405   0.0195    -5.60  0    cut
 373  sn2004dt      Ia-norm    0.7500   2.76   0.3378   0.0204    -3.70  0    cut
 374  sn2001cp      Ia-norm    0.6255   2.75   0.3253   0.0196    -4.90  0    cut
 375  sn2004dt      Ia-norm    0.6810   2.74   0.3280   0.0181    -0.70  0    cut
 376  sn2005hk      Ia-pec     0.6810   2.74   0.1358   0.0225    -1.40  0    cut
 377  sn2003iv      Ia-norm    0.6363   2.73   0.3187   0.0158    -2.40  0    cut
 378  sn1998V       Ia-norm    0.6214   2.73   0.3181   0.0167     2.30  0    cut
 379  sn2001cp      Ia-norm    0.6241   2.73   0.3259   0.0201    -6.80  0    cut
 380  sn2003cg      Ia-norm    0.5984   2.73   0.3201   0.0174    -1.00  0    cut
 381  sn2003cg      Ia-norm    0.6065   2.72   0.3208   0.0165    -1.20  0    cut
 382  sn2002fk      Ia-norm    0.6119   2.71   0.3178   0.0179    -1.50  0    cut
 383  sn2006bz      Ia-91bg    0.6945   2.70   0.1685   0.0347     0.70  0    cut
 384  sn2002ef      Ia-norm    0.6268   2.69   0.3236   0.0183    -2.90  0    cut
 385  sn1999cl      Ia-norm    0.6647   2.68   0.3259   0.0193    -4.20  0    cut
 386  sn1994S       Ia-norm    0.5916   2.68   0.3231   0.0198    -4.00  0    cut
 387  sn2002cd      Ia-norm    0.6133   2.67   0.3404   0.0207    -5.70  0    cut
 388  sn2005am      Ia-norm    0.6769   2.67   0.3303   0.0190    -2.90  0    cut
 389  sn1998bu      Ia-norm    0.6038   2.66   0.3212   0.0186    -2.60  0    cut
 390  sn2006cj      Ia-norm    0.6431   2.66   0.3212   0.0235    -2.10  0    cut
 391  sn2002de      Ia-norm    0.6309   2.66   0.3276   0.0196    -6.10  0    cut
 392  sn2002bo      Ia-norm    0.6674   2.66   0.3226   0.0187    -1.50  0    cut
 393  sn2002cd      Ia-norm    0.6119   2.66   0.3394   0.0206    -4.70  0    cut
 394  sn2003iv      Ia-norm    0.6363   2.65   0.3175   0.0158    -0.50  0    cut
 395  sn2003kf      Ia-norm    0.6106   2.65   0.3285   0.0211    -7.40  0    cut
 396  sn1999cl      Ia-norm    0.6647   2.65   0.3278   0.0197    -5.20  0    cut
 397  sn2003cg      Ia-norm    0.6051   2.65   0.3228   0.0177    -5.10  0    cut
 398  sn2004dt      Ia-norm    0.7338   2.64   0.3415   0.0198    -6.40  0    cut
 399  sn2003kf      Ia-norm    0.6051   2.63   0.3245   0.0205    -3.40  0    cut
 400  sn2003cg      Ia-norm    0.6051   2.63   0.3224   0.0179    -4.10  0    cut
 401  sn2001cp      Ia-norm    0.6255   2.63   0.3221   0.0192    -1.10  0    cut
 402  sn2003cg      Ia-norm    0.6065   2.63   0.3244   0.0181    -6.10  0    cut
 403  sn2001ex      Ia-norm    0.6282   2.62   0.3140   0.0155    -3.40  0    cut
 404  sn2000E       Ia-norm    0.6498   2.62   0.3247   0.0204    -6.40  0    cut
 405  sn2004dt      Ia-norm    0.7175   2.62   0.3367   0.0204    -3.00  0    cut
 406  sn2003kf      Ia-norm    0.6106   2.62   0.3265   0.0212    -5.40  0    cut
 407  sn2007au      Ia-norm    0.6864   2.61   0.3201   0.0179    -4.70  0    cut
 408  sn2006nz      Ia-norm    0.7121   2.61   0.3319   0.0210    -1.70  0    cut
 409  sn1998bu      Ia-norm    0.6038   2.60   0.3208   0.0186    -1.60  0    cut
 410  sn2007au      Ia-norm    0.6864   2.60   0.3229   0.0186    -5.60  0    cut
 411  sn2002er      Ia-norm    0.6783   2.59   0.3184   0.0189    -1.10  0    cut
 412  sn2007hj      Ia-norm    0.6837   2.59   0.3204   0.0175    -2.60  0    cut
 413  sn2001cp      Ia-norm    0.6255   2.58   0.3198   0.0186     0.80  0    cut
 414  sn2003cg      Ia-norm    0.6268   2.58   0.3228   0.0176    -5.00  0    cut
 415  sn2000cp      Ia-norm    0.6376   2.58   0.3214   0.0179    -2.50  0    cut
 416  sn2005hk      Ia-pec     0.5727   2.57   0.3061   0.0165    -7.30  0    cut
 417  sn2007au      Ia-norm    0.6891   2.57   0.3172   0.0178    -3.80  0    cut
 418  sn2003W       Ia-norm    0.6227   2.57   0.3367   0.0225    -3.30  0    cut
 419  sn2002cx      Ia-pec     0.6268   2.56   0.3022   0.0170    -1.40  0    cut
 420  sn2007hj      Ia-norm    0.6837   2.55   0.3184   0.0173    -1.50  0    cut
 421  sn2004gs      Ia-norm    0.6945   2.55   0.3138   0.0178    -1.20  0    cut
 422  sn2005hk      Ia-pec     0.5727   2.54   0.3049   0.0166    -6.30  0    cut
 423  sn2003it      Ia-norm    0.6282   2.54   0.3244   0.0183    -2.20  0    cut
 424  sn2002jy      Ia-norm    0.6227   2.54   0.3198   0.0185     1.10  0    cut
 425  sn2003it      Ia-norm    0.6282   2.53   0.3216   0.0174     0.80  0    cut
 426  sn1996X       Ia-norm    0.6146   2.53   0.3226   0.0182    -3.80  0    cut
 427  sn2003it      Ia-norm    0.6282   2.53   0.3245   0.0181    -3.20  0    cut
 428  sn2002cd      Ia-norm    0.6146   2.52   0.3424   0.0218    -6.70  0    cut
 429  sn2002cd      Ia-norm    0.6146   2.52   0.3372   0.0207    -3.70  0    cut
 430  sn2004dt      Ia-norm    0.7094   2.51   0.3325   0.0205    -1.00  0    cut
 431  sn1999ek      Ia-norm    0.6200   2.50   0.3163   0.0169    -0.60  0    cut
 432  sn2003it      Ia-norm    0.6282   2.50   0.3228   0.0181    -0.20  0    cut
 433  sn2003cg      Ia-norm    0.6051   2.50   0.3219   0.0184    -3.10  0    cut
 434  sn2003it      Ia-norm    0.6282   2.50   0.3233   0.0185    -1.10  0    cut
 435  sn2004dt      Ia-norm    0.6823   2.49   0.3249   0.0200     2.30  0    cut
 436  sn2002jy      Ia-norm    0.6227   2.47   0.3206   0.0194     0.10  0    cut
 437  sn2003it      Ia-norm    0.6282   2.47   0.3205   0.0176     1.70  0    cut
 438  sn1996X       Ia-norm    0.6160   2.44   0.3222   0.0190    -2.80  0    cut
 439  sn1994D       Ia-norm    0.8015   2.44   0.3266   0.0227    -4.30  0    cut
 440  sn2007hj      Ia-norm    0.6850   2.44   0.3145   0.0179     1.40  0    cut
 441  sn2006bt      Ia-norm    0.7487   2.44   0.3211   0.0188    -3.90  0    cut
 442  sn2004bg      Ia-norm    0.6241   2.43   0.3205   0.0209    -3.00  0    cut
 443  sn2000E       Ia-norm    0.6376   2.43   0.3233   0.0212    -3.40  0    cut
 444  sn1996X       Ia-norm    0.6024   2.42   0.3208   0.0198    -1.80  0    cut
 445  sn1994D       Ia-norm    0.6106   2.42   0.3252   0.0207    -5.10  0    cut
 446  sn1986G       Ia-91bg    0.5510   2.41   0.3165   0.0189    -0.70  0    cut
 447  sn1996X       Ia-norm    0.6160   2.40   0.3210   0.0185    -1.70  0    cut
 448  sn2000dm      Ia-norm    0.6173   2.40   0.3207   0.0187    -2.90  0    cut
 449  sn2002aw      Ia-norm    0.6282   2.40   0.3192   0.0173    -1.90  0    cut
 450  sn2006bt      Ia-norm    0.6972   2.38   0.3182   0.0166    -1.00  0    cut
 451  sn1995bd      Ia-91T     0.6227   2.38   0.3289   0.0215    -7.10  0    cut
 452  sn1998co      Ia-norm    0.6214   2.38   0.3185   0.0174     0.00  0    cut
 453  sn1994D       Ia-norm    0.6092   2.36   0.3236   0.0204    -3.10  0    cut
 454  sn2003cg      Ia-norm    0.5361   2.36   0.3205   0.0182    -2.80  0    cut
 455  sn2004eo      Ia-norm    0.6241   2.36   0.3166   0.0188    -2.00  0    cut
 456  sn2001br      Ia-norm    0.6241   2.35   0.3288   0.0206    -0.40  0    cut
 457  sn2003cg      Ia-norm    0.6038   2.35   0.3221   0.0225    -6.40  0    cut
 458  sn1994D       Ia-norm    0.6092   2.34   0.3243   0.0208    -4.10  0    cut
 459  sn2003cg      Ia-norm    0.6065   2.33   0.3194   0.0183     0.80  0    cut
 460  sn2000cp      Ia-norm    0.6376   2.33   0.3179   0.0197    -0.50  0    cut
 461  sn2003U       Ia-norm    0.6322   2.33   0.3196   0.0190    -0.70  0    cut
 462  sn1996X       Ia-norm    0.6160   2.32   0.3203   0.0187    -0.80  0    cut
 463  sn2001fh      Ia-norm    0.6146   2.32   0.3209   0.0210    -3.60  0    cut
 464  sn2006bt      Ia-norm    0.6972   2.32   0.3188   0.0172    -2.90  0    cut
 465  sn2002cr      Ia-norm    0.6133   2.32   0.3167   0.0203    -2.40  0    cut
 466  sn2003ch      Ia-norm    0.6268   2.31   0.3160   0.0180     0.80  0    cut
 467  sn2002cr      Ia-norm    0.6133   2.30   0.3199   0.0214    -6.30  0    cut
 468  sn2003cg      Ia-norm    0.6065   2.30   0.3201   0.0186    -0.20  0    cut
 469  sn2003cq      Ia-norm    0.6349   2.29   0.3225   0.0198     0.00  0    cut
 470  sn1990O       Ia-norm    0.6268   2.29   0.3278   0.0218    -0.90  0    cut
 471  sn2002dj      Ia-norm    0.6119   2.29   0.3347   0.0227    -6.40  0    cut
 472  sn2004ef      Ia-norm    0.6972   2.28   0.3524   0.0258    -7.10  0    cut
 473  sn2007hj      Ia-norm    0.6837   2.28   0.3173   0.0188    -0.60  0    cut
 474  sn2003cq      Ia-norm    0.6363   2.28   0.3226   0.0204    -0.90  0    cut
 475  sn2005mz      Ia-91bg    0.6837   2.28   0.3121   0.0191    -7.50  0    cut
 476  sn1986G       Ia-91bg    0.5564   2.28   0.3201   0.0197    -3.00  0    cut
 477  sn2004gs      Ia-norm    0.6918   2.28   0.3126   0.0201    -0.30  0    cut
 478  sn1994S       Ia-norm    0.5957   2.27   0.3189   0.0201     0.90  0    cut
 479  sn2002dj      Ia-norm    0.6119   2.27   0.3367   0.0226    -7.40  0    cut
 480  sn1996X       Ia-norm    0.6160   2.27   0.3196   0.0189     0.20  0    cut
 481  sn2006bt      Ia-norm    0.6972   2.27   0.3170   0.0171    -0.10  0    cut
 482  sn2005gj      Ia-csm     0.6336   2.26   0.3079   0.0206    -1.80  0    cut
 483  sn1990N       Ia-norm    0.5794   2.26   0.3129   0.0204     1.60  0    cut
 484  sn1998eg      Ia-norm    0.6282   2.26   0.3181   0.0193    -0.80  0    cut
 485  sn2002do      Ia-norm    0.6200   2.26   0.3166   0.0190     2.00  0    cut
 486  sn2002hd      Ia-norm    0.6376   2.25   0.3149   0.0181     1.40  0    cut
 487  sn2001fh      Ia-norm    0.6160   2.24   0.3202   0.0208    -1.70  0    cut
 488  sn1998co      Ia-norm    0.6214   2.24   0.3175   0.0179     1.00  0    cut
 489  sn2003ch      Ia-norm    0.6282   2.23   0.3168   0.0188    -0.20  0    cut
 490  sn2002ha      Ia-norm    0.6187   2.23   0.3239   0.0210    -4.20  0    cut
 491  sn2001el      Ia-norm    0.4792   2.22   0.3238   0.0174     1.20  0    cut
 492  sn2003du      Ia-norm    0.6092   2.22   0.3208   0.0226    -1.80  0    cut
 493  sn2001fh      Ia-norm    0.6146   2.20   0.3206   0.0203    -2.60  0    cut
 494  sn1994T       Ia-norm    0.6146   2.20   0.3156   0.0217     0.80  0    cut
 495  sn2006bt      Ia-norm    0.8082   2.20   0.3235   0.0207    -4.60  0    cut
 496  sn2000fa      Ia-norm    0.6363   2.20   0.3230   0.0208     1.30  0    cut
 497  sn1997do      Ia-norm    0.6133   2.19   0.3373   0.0243    -7.60  0    cut
 498  sn2005hk      Ia-pec     0.6471   2.19   0.1405   0.0258    -6.30  0    cut
 499  sn2004dt      Ia-norm    0.7121   2.18   0.3420   0.0231    -4.50  0    cut
 500  sn2002fb      Ia-91bg    0.6187   2.17   0.3233   0.0248    -4.50  0    cut
 501  sn2003cg      Ia-norm    0.6255   2.17   0.3233   0.0209    -7.30  0    cut
 502  sn1994D       Ia-norm    0.6079   2.16   0.3215   0.0207    -0.10  0    cut
 503  sn2006bt      Ia-norm    0.6999   2.16   0.3169   0.0176     0.90  0    cut
 504  sn2003du      Ia-norm    0.6065   2.16   0.3187   0.0213     1.10  0    cut
 505  sn2002cr      Ia-norm    0.6133   2.15   0.3148   0.0198     0.70  0    cut
 506  sn2003cq      Ia-norm    0.6363   2.14   0.3246   0.0204    -1.80  0    cut
 507  sn1997do      Ia-norm    0.6133   2.14   0.3358   0.0250    -6.60  0    cut
 508  sn2004at      Ia-norm    0.6255   2.13   0.3178   0.0203     2.20  0    cut
 509  sn1997Y       Ia-norm    0.6255   2.13   0.3158   0.0182     1.90  0    cut
 510  sn1986G       Ia-91bg    0.5916   2.13   0.3167   0.0214     0.30  0    cut
 511  sn1996X       Ia-norm    0.6160   2.13   0.3187   0.0191     1.20  0    cut
 512  sn1996X       Ia-norm    0.6160   2.13   0.3178   0.0190     2.20  0    cut
 513  sn2006lf      Ia-norm    0.6200   2.12   0.3232   0.0214    -5.50  0    cut
 514  sn2004at      Ia-norm    0.6255   2.12   0.3203   0.0219    -0.70  0    cut
 515  sn2002cs      Ia-norm    0.6146   2.11   0.3397   0.0218    -7.50  0    cut
 516  sn2003kc      Ia-norm    0.6363   2.11   0.3230   0.0210    -0.90  0    cut
 517  sn2007hj      Ia-norm    0.6850   2.10   0.3132   0.0197     2.40  0    cut
 518  sn2004gs      Ia-norm    0.6931   2.10   0.3101   0.0194     1.70  0    cut
 519  sn2003W       Ia-norm    0.6227   2.10   0.3473   0.0253    -7.30  0    cut
 520  sn1999aw      Ia-91T     0.4968   2.10   0.3268   0.0201    -1.00  0    cut
 521  sn1999ac      Ia-91T     0.6133   2.09   0.3197   0.0236    -2.90  0    cut
 522  sn2006X       Ia-norm    0.6728   2.09   0.3279   0.0234     1.30  0    cut
 523  sn1986G       Ia-91bg    0.5957   2.09   0.3160   0.0212     1.30  0    cut
 524  sn1998dh      Ia-norm    0.6079   2.09   0.3281   0.0232    -7.50  0    cut
 525  sn2004at      Ia-norm    0.6255   2.09   0.3195   0.0221     0.20  0    cut
 526  sn2000E       Ia-norm    0.6268   2.08   0.3234   0.0236    -2.30  0    cut
 527  sn1999ac      Ia-91T     0.6133   2.08   0.3208   0.0236    -3.90  0    cut
 528  sn2004at      Ia-norm    0.6255   2.08   0.3186   0.0212     1.20  0    cut
 529  sn1999cc      Ia-norm    0.6349   2.08   0.3188   0.0200     1.70  0    cut
 530  sn2003W       Ia-norm    0.6227   2.07   0.3433   0.0257    -5.30  0    cut
 531  sn2006bt      Ia-norm    0.6959   2.07   0.3168   0.0177     1.90  0    cut
 532  sn2002cd      Ia-norm    0.6119   2.06   0.3334   0.0259     0.30  0    cut
 533  sn2002hw      Ia-norm    0.6214   2.06   0.3214   0.0235    -6.00  0    cut
 534  sn1998bp      Ia-norm    0.6146   2.05   0.3183   0.0195    -2.90  0    cut
 535  sn2003du      Ia-norm    0.6092   2.05   0.3177   0.0216     2.10  0    cut
 536  sn2003cq      Ia-norm    0.6363   2.05   0.3199   0.0209     1.00  0    cut
 537  sn1999gd      Ia-norm    0.6214   2.05   0.3151   0.0193     1.10  0    cut
 538  sn1997dt      Ia-norm    0.6079   2.04   0.3256   0.0251    -4.70  0    cut
 539  sn2006X       Ia-norm    0.6728   2.03   0.3261   0.0236     2.30  0    cut
 540  sn2003cg      Ia-norm    0.6051   2.02   0.3192   0.0209     1.90  0    cut
 541  sn1998dh      Ia-norm    0.6065   2.02   0.3262   0.0236    -5.40  0    cut
 542  sn1998bp      Ia-norm    0.6146   2.01   0.3170   0.0199    -1.90  0    cut
 543  sn2003U       Ia-norm    0.6322   2.00   0.3256   0.0233    -5.60  0    cut
 544  sn2001bf      Ia-norm    0.6160   2.00   0.3143   0.0216     0.80  0    cut
 545  sn2008ar      Ia-norm    0.6336   2.00   0.3239   0.0252    -1.70  0    cut
 546  sn2005bl      Ia-91bg    0.6051   1.98   0.3212   0.0286    -5.90  0    cut
 547  sn1999ej      Ia-norm    0.6160   1.98   0.3160   0.0206     1.10  0    cut
 548  sn1999cl      Ia-norm    0.6579   1.98   0.3329   0.0247    -7.30  0    cut
 549  sn1997E       Ia-norm    0.6214   1.98   0.3236   0.0196    -3.70  0    cut
 550  sn1999cc      Ia-norm    0.6349   1.98   0.3232   0.0216    -1.20  0    cut
 551  sn2002bo      Ia-norm    0.6065   1.97   0.3351   0.0247    -7.30  0    cut
 552  sn2006gt      Ia-91bg    0.7135   1.97   0.3088   0.0220     1.30  0    cut
 553  sn2002er      Ia-norm    0.6079   1.96   0.3258   0.0244    -3.80  0    cut
 554  sn2003W       Ia-norm    0.6227   1.96   0.3359   0.0275    -2.30  0    cut
 555  sn2002cd      Ia-norm    0.6133   1.96   0.3321   0.0272     2.20  0    cut
 556  sn2004at      Ia-norm    0.6241   1.94   0.3245   0.0274    -4.70  0    cut
 557  sn2004at      Ia-norm    0.6255   1.94   0.3234   0.0272    -3.60  0    cut
 558  sn1998ef      Ia-norm    0.6200   1.94   0.3314   0.0237    -4.50  0    cut
 559  sn1999cc      Ia-norm    0.6349   1.94   0.3225   0.0214    -0.20  0    cut
 560  sn2003kc      Ia-norm    0.6363   1.93   0.3350   0.0256    -7.60  0    cut
 561  sn2000fa      Ia-norm    0.6255   1.93   0.3240   0.0251     2.20  0    cut
 562  sn1998bp      Ia-norm    0.6146   1.92   0.3158   0.0195    -0.90  0    cut
 563  sn2002dp      Ia-norm    0.6146   1.92   0.3229   0.0237    -4.80  0    cut
 564  sn1991bg      Ia-91bg    0.5307   1.92   0.3092   0.0215     1.90  0    cut
 565  sn1999ej      Ia-norm    0.6133   1.91   0.3196   0.0225    -1.80  0    cut
 566  sn2002fb      Ia-91bg    0.6173   1.91   0.3217   0.0290    -2.70  0    cut
 567  sn2002bo      Ia-norm    0.6065   1.90   0.3334   0.0256    -6.30  0    cut
 568  sn1999ac      Ia-91T     0.6133   1.89   0.3167   0.0249    -0.90  0    cut
 569  sn2002er      Ia-norm    0.6038   1.89   0.3204   0.0233     0.90  0    cut
 570  sn2002cs      Ia-norm    0.6173   1.89   0.3364   0.0242    -4.50  0    cut
 571  sn2003cq      Ia-norm    0.6349   1.89   0.3268   0.0231    -5.80  0    cut
 572  sn2001cp      Ia-norm    0.6255   1.89   0.3229   0.0226    -3.90  0    cut
 573  sn1998ef      Ia-norm    0.6200   1.89   0.3303   0.0241    -3.60  0    cut
 574  sn2003ch      Ia-norm    0.6282   1.88   0.3197   0.0236    -2.10  0    cut
 575  sn2002hw      Ia-norm    0.6214   1.88   0.3213   0.0211    -5.20  0    cut
 576  sn1998dh      Ia-norm    0.6092   1.88   0.3249   0.0240    -3.50  0    cut
 577  sn2004at      Ia-norm    0.6227   1.87   0.3282   0.0306    -7.40  0    cut
 578  sn2002bo      Ia-norm    0.6065   1.86   0.3321   0.0258    -5.40  0    cut
 579  sn1997dt      Ia-norm    0.6079   1.86   0.3200   0.0239     0.20  0    cut
 580  sn1994D       Ia-norm    0.8001   1.85   0.3303   0.0289    -6.10  0    cut
 581  sn2000dk      Ia-norm    0.6214   1.85   0.3232   0.0227    -4.20  0    cut
 582  sn1997bq      Ia-norm    0.6173   1.84   0.3378   0.0261    -6.60  0    cut
 583  sn1998ec      Ia-norm    0.6214   1.84   0.3309   0.0284    -3.00  0    cut
 584  sn1984A       Ia-norm    0.5334   1.84   0.3344   0.0235    -2.80  0    cut
 585  sn2002hw      Ia-norm    0.6200   1.83   0.3207   0.0236    -3.20  0    cut
 586  sn2002G       Ia-norm    0.6376   1.83   0.3269   0.0239    -4.40  0    cut
 587  sn2003cq      Ia-norm    0.6363   1.83   0.3206   0.0225     2.00  0    cut
 588  sn2002dl      Ia-91bg    0.6200   1.83   0.3262   0.0298    -7.40  0    cut
 589  sn2001N       Ia-norm    0.6227   1.83   0.1715   0.0312     0.70  0    cut
 590  sn2002bo      Ia-norm    0.6065   1.82   0.3307   0.0266    -4.30  0    cut
 591  sn2002bo      Ia-norm    0.6065   1.82   0.3295   0.0267    -3.40  0    cut
 592  sn1998ef      Ia-norm    0.6214   1.82   0.3238   0.0236     1.30  0    cut
 593  sn2000dk      Ia-norm    0.6214   1.82   0.3239   0.0246    -5.10  0    cut
 594  sn1997bp      Ia-norm    0.6160   1.81   0.3362   0.0271    -1.20  0    cut
 595  sn1998bp      Ia-norm    0.6133   1.81   0.3144   0.0204     0.10  0    cut
 596  sn1998ec      Ia-norm    0.6227   1.81   0.3322   0.0291    -3.90  0    cut
 597  sn1999cl      Ia-norm    0.6444   1.81   0.3220   0.0246    -1.30  0    cut
 598  sn2003W       Ia-norm    0.6227   1.81   0.3325   0.0290    -0.40  0    cut
 599  sn1999cc      Ia-norm    0.6349   1.80   0.3259   0.0232    -3.20  0    cut
 600  sn2004at      Ia-norm    0.6241   1.80   0.3261   0.0320    -6.60  0    cut
 601  sn1997bq      Ia-norm    0.6173   1.80   0.3359   0.0268    -5.60  0    cut
 602  sn2005A       Ia-norm    0.5808   1.80   0.3246   0.0267     1.50  0    cut
 603  sn2001el      Ia-norm    0.4955   1.80   0.3287   0.0211    -3.80  0    cut
 604  sn2002eu      Ia-norm    0.6403   1.80   0.3200   0.0220     1.10  0    cut
 605  sn2002G       Ia-norm    0.6376   1.80   0.3258   0.0252    -2.50  0    cut
 606  sn2004as      Ia-norm    0.6349   1.79   0.3226   0.0246    -0.10  0    cut
 607  sn2004as      Ia-norm    0.6349   1.79   0.3239   0.0249    -1.00  0    cut
 608  sn2002kf      Ia-norm    0.6214   1.79   0.3215   0.0254     2.20  0    cut
 609  sn2006lf      Ia-norm    0.6187   1.78   0.3252   0.0251    -7.50  0    cut
 610  sn2004as      Ia-norm    0.6349   1.78   0.3276   0.0264    -2.90  0    cut
 611  sn2002bo      Ia-norm    0.6065   1.77   0.3280   0.0270    -2.40  0    cut
 612  sn1999cl      Ia-norm    0.6444   1.77   0.3242   0.0255    -2.30  0    cut
 613  sn2002dl      Ia-91bg    0.6200   1.77   0.3254   0.0297    -6.50  0    cut
 614  sn2000dk      Ia-norm    0.6214   1.77   0.3173   0.0219     0.80  0    cut
 615  sn2001ep      Ia-norm    0.6173   1.76   0.3190   0.0245    -2.10  0    cut
 616  sn1984A       Ia-norm    0.5496   1.76   0.3404   0.0249    -4.90  0    cut
 617  sn2004dt      Ia-norm    0.6255   1.74   0.1802   0.0263    -6.50  0    cut
 618  sn2007au      Ia-norm    0.6891   1.74   0.3110   0.0231     1.10  0    cut
 619  sn1994M       Ia-norm    0.6051   1.74   0.3243   0.0241     1.60  0    cut
 620  sn2001ep      Ia-norm    0.6173   1.74   0.3200   0.0254    -3.10  0    cut
 621  sn2002bo      Ia-norm    0.6065   1.74   0.3267   0.0270    -1.50  0    cut
 622  sn2003W       Ia-norm    0.6187   1.74   0.3307   0.0297     0.60  0    cut
 623  sn2004as      Ia-norm    0.6349   1.73   0.3263   0.0269    -2.00  0    cut
 624  sn1997bp      Ia-norm    0.6146   1.73   0.3348   0.0284    -0.20  0    cut
 625  sn2002kf      Ia-norm    0.6227   1.72   0.3229   0.0276     1.10  0    cut
 626  sn1994T       Ia-norm    0.5659   1.72   0.3213   0.0265     1.70  0    cut
 627  sn2003cg      Ia-norm    0.6133   1.72   0.3208   0.0243     1.80  0    cut
 628  sn2002fb      Ia-91bg    0.6187   1.72   0.3189   0.0334     0.30  0    cut
 629  sn2007ax      Ia-91bg    0.6769   1.72   0.3146   0.0266    -1.90  0    cut
 630  sn2004as      Ia-norm    0.6349   1.71   0.3298   0.0280    -3.90  0    cut
 631  sn2004as      Ia-norm    0.6336   1.71   0.3317   0.0286    -4.90  0    cut
 632  sn2002bf      Ia-norm    0.6282   1.71   0.1750   0.0333     1.80  0    cut
 633  sn1998dh      Ia-norm    0.6119   1.70   0.3221   0.0249    -0.60  0    cut
 634  sn2002jg      Ia-norm    0.6200   1.70   0.3220   0.0218    -3.40  0    cut
 635  sn2001en      Ia-norm    0.6187   1.70   0.3247   0.0253     1.50  0    cut
 636  sn2001ep      Ia-norm    0.6173   1.69   0.3157   0.0237     0.80  0    cut
 637  sn1997dt      Ia-norm    0.6092   1.69   0.3174   0.0239     2.20  0    cut
 638  sn1998bp      Ia-norm    0.6133   1.69   0.3133   0.0211     1.00  0    cut
 639  sn2004as      Ia-norm    0.6349   1.69   0.3196   0.0255     1.80  0    cut
 640  sn2006gt      Ia-91bg    0.7135   1.69   0.3056   0.0211     2.30  0    cut
 641  sn2004as      Ia-norm    0.6349   1.68   0.3342   0.0301    -5.90  0    cut
 642  sn2005A       Ia-norm    0.6038   1.67   0.3275   0.0295     0.60  0    cut
 643  sn2001ep      Ia-norm    0.6173   1.67   0.3169   0.0248    -0.10  0    cut
 644  sn2001ep      Ia-norm    0.6173   1.66   0.3185   0.0254    -1.10  0    cut
 645  sn2002cu      Ia-norm    0.6255   1.65   0.3428   0.0302    -6.30  0    cut
 646  sn2001ep      Ia-norm    0.6173   1.65   0.3239   0.0284    -7.00  0    cut
 647  sn2007ax      Ia-91bg    0.6783   1.65   0.3120   0.0273    -0.80  0    cut
 648  sn2003kc      Ia-norm    0.6363   1.64   0.3315   0.0265    -5.70  0    cut
 649  sn2004dt      Ia-norm    0.6525   1.63   0.3235   0.0274     2.00  0    cut
 650  sn2001da      Ia-norm    0.6200   1.63   0.3257   0.0294    -2.00  0    cut
 651  sn1986G       Ia-91bg    0.6376   1.62   0.3232   0.0283    -3.70  0    cut
 652  sn1997bp      Ia-norm    0.6160   1.62   0.3336   0.0298     0.80  0    cut
 653  sn2004as      Ia-norm    0.6322   1.61   0.3350   0.0334    -6.80  0    cut
 654  sn2004dt      Ia-norm    0.6539   1.60   0.1686   0.0283     1.00  0    cut
 655  sn2001ep      Ia-norm    0.6173   1.60   0.3149   0.0243     1.80  0    cut
 656  sn1999by      Ia-91bg    0.6024   1.59   0.3180   0.0350    -5.00  0    cut
 657  sn1999by      Ia-91bg    0.6661   1.58   0.3097   0.0242    -3.00  0    cut
 658  sn1997bp      Ia-norm    0.6160   1.56   0.3321   0.0306     1.80  0    cut
 659  sn2001ay      Ia-norm    0.6336   1.56   0.1689   0.0322     1.30  0    cut
 660  sn1999by      Ia-91bg    0.6065   1.56   0.3169   0.0358    -4.10  0    cut
 661  sn2007ax      Ia-91bg    0.5835   1.54   0.3361   0.0512     2.00  0    cut
 662  sn1986G       Ia-91bg    0.6376   1.54   0.3212   0.0287    -2.70  0    cut
 663  sn2000cn      Ia-91bg    0.6268   1.53   0.3290   0.0320    -7.30  0    cut
 664  sn2002bo      Ia-norm    0.6403   1.53   0.1729   0.0350    -4.70  0    cut
 665  sn2005ke      Ia-91bg    0.6715   1.52   0.1368   0.0506     2.40  0    cut
 666  sn2002cu      Ia-norm    0.6255   1.51   0.3329   0.0317    -3.30  0    cut
 667  sn2005bl      Ia-91bg    0.6051   1.51   0.3155   0.0391    -2.90  0    cut
 668  sn2001da      Ia-norm    0.6200   1.50   0.3232   0.0297     0.00  0    cut
 669  sn2001ay      Ia-norm    0.6322   1.48   0.1725   0.0318    -1.50  0    cut
 670  sn1984A       Ia-norm    0.5212   1.48   0.3434   0.0275    -5.90  0    cut
 671  sn2002cf      Ia-91bg    0.6187   1.47   0.3232   0.0360    -5.40  0    cut
 672  sn2003Y       Ia-91bg    0.6187   1.46   0.3632   0.0501    -6.30  0    cut
 673  sn2007al      Ia-91bg    0.6810   1.46   0.1426   0.0498     2.40  0    cut
 674  sn2005ke      Ia-91bg    0.6701   1.44   0.1385   0.0512     0.50  0    cut
 675  sn2001da      Ia-norm    0.6187   1.43   0.3206   0.0290     1.90  0    cut
 676  sn1991bg      Ia-91bg    0.5686   1.41   0.3107   0.0289     2.10  0    cut
 677  sn2003Y       Ia-91bg    0.6187   1.40   0.1421   0.0320    -3.40  0    cut
 678  sn1991bg      Ia-91bg    0.6566   1.39   0.1424   0.0517     2.10  0    cut
 679  sn1986G       Ia-91bg    0.6390   1.39   0.1624   0.0408    -4.70  0    cut
 680  sn2003gn      Ia-norm    0.6376   1.38   0.1696   0.0378    -3.00  0    cut
 681  sn2003Y       Ia-91bg    0.6187   1.31   0.1431   0.0363    -5.30  0    cut
 682  sn2007if      Ia-pec     0.5361   1.27   0.3246   0.0546    -7.50  0    cut
 683  sn1986G       Ia-91bg    0.6241   1.26   0.1596   0.0431    -0.20  0    cut
 684  sn2007ax      Ia-91bg    0.5848   1.25   0.1526   0.0454     1.10  0    cut
 685  sn1998de      Ia-91bg    0.6187   1.22   0.3358   0.0565    -6.20  0    cut
 686  sn1986G       Ia-91bg    0.6241   1.22   0.1596   0.0444     0.80  0    cut
 687  sn1999da      Ia-91bg    0.6133   1.21   0.3177   0.0351    -2.60  0    cut
 688  sn1986G       Ia-91bg    0.6241   1.19   0.1641   0.0434    -2.20  0    cut
 689  sn2002es      Ia-91bg    0.6200   1.18   0.2949   0.0869     2.10  0    cut
 690  sn1986G       Ia-91bg    0.6227   1.15   0.1628   0.0443    -1.20  0    cut
 691  sn1998de      Ia-91bg    0.6187   1.15   0.1664   0.0442    -7.20  0    cut
 692  sn1998de      Ia-91bg    0.6200   1.14   0.1568   0.0474    -0.30  0    cut
 693  sn1998de      Ia-91bg    0.6200   1.13   0.1600   0.0476    -3.20  0    cut
 694  sn1998de      Ia-91bg    0.6187   1.11   0.1620   0.0452    -5.20  0    cut
 695  sn2004dt      Ia-norm    0.5361   1.11   0.0709   0.0298    -2.00  0    cut
 696  sn2006bz      Ia-91bg    0.6255   1.10   0.1502   0.0477    -1.40  0    cut
 697  sn1984A       Ia-norm    0.4955   1.08   0.1879   0.0448    -7.00  0    cut
 698  sn1998de      Ia-91bg    0.6187   1.07   0.1582   0.0480    -2.20  0    cut
 699  sn1991bg      Ia-91bg    0.6295   1.03   0.1453   0.0534     0.90  0    cut
