### SNID output file ###
 
### input spectrum and options ###
# Input spectrum                 : 19323_-4.80.dat
# Parameter file                 : NA
# Wavelength range               :    4000.00   9000.00
# Mask file                      : NA
# Median filtering width [A]     : NA
# Median filtering width [pix]   :       1.00
# Clip emission redshift         :     0.0855
# Clip sky lines                 : 0
# Emission clip width [A]        :       0.09
# Keep A-band                    : 1
# Age range                      :      -9.80      0.20
# Delta range                    :      -9.99     99.90
# Min. number of spectra/template:   1
# Use only templates             : NA
# Use only types                 : Ib
# Avoid templates                : NA
# Avoid types                    : NA
# rlapmin                        :       5.00
# Redshift range                 :    -0.0100    1.2000
# Forced initial redshift        :     0.0855
# Extra fake redshift            : NA
# Nsigma for initial redshift    : NA
# Redshift filter                :     0.0200
# Wavenumbers k1,k2,k3,k4        :     1    4   85  102
# Template directory             : /home/djperrefort/snid-5.0/templates-2.0/
 
### initial/user-input redshift ###
zinit       0.0000
zuser       0.0855
 
### median redshift/age and error ###
zmed        0.0729    0.0074
agem         -6.60      0.00
 
### type fraction/redshift/age ###
#type ntemp fraction slope redshift redshift_error age age_error
Ia              0      0.00    0.0000    0.0000    0.0000     0.000     0.000
Ia-norm         0      0.00    0.0000    0.0000    0.0000     0.000     0.000
Ia-91T          0      0.00    0.0000    0.0000    0.0000     0.000     0.000
Ia-91bg         0      0.00    0.0000    0.0000    0.0000     0.000     0.000
Ia-csm          0      0.00    0.0000    0.0000    0.0000     0.000     0.000
Ia-pec          0      0.00    0.0000    0.0000    0.0000     0.000     0.000
###
Ib              5      1.00    0.0000    0.0729    0.0074    -6.600     0.000
Ib-norm         4      0.80    0.2000    0.0709    0.0041     0.000     0.000
Ib-pec          1      0.20    0.0000    0.0855    0.0000    -6.600     0.000
IIb             0      0.00    0.0000    0.0000    0.0000     0.000     0.000
###
Ic              0      0.00    0.0000    0.0000    0.0000     0.000     0.000
Ic-norm         0      0.00    0.0000    0.0000    0.0000     0.000     0.000
Ic-pec          0      0.00    0.0000    0.0000    0.0000     0.000     0.000
Ic-broad        0      0.00    0.0000    0.0000    0.0000     0.000     0.000
###
II              0      0.00    0.0000    0.0000    0.0000     0.000     0.000
IIP             0      0.00    0.0000    0.0000    0.0000     0.000     0.000
II-pec          0      0.00    0.0000    0.0000    0.0000     0.000     0.000
IIn             0      0.00    0.0000    0.0000    0.0000     0.000     0.000
IIL             0      0.00    0.0000    0.0000    0.0000     0.000     0.000
###
NotSN           0      0.00    0.0000    0.0000    0.0000     0.000     0.000
AGN             0      0.00    0.0000    0.0000    0.0000     0.000     0.000
Gal             0      0.00    0.0000    0.0000    0.0000     0.000     0.000
LBV             0      0.00    0.0000    0.0000    0.0000     0.000     0.000
M-star          0      0.00    0.0000    0.0000    0.0000     0.000     0.000
 
### rlap-ordered template listings ###
#no. sn type lap rlap z zerr age age_flag grade
   1  sn1991ar      Ib-norm    0.5348   6.94   0.0689   0.0073     0.00  1   good
   2  sn1999dn      Ib-norm    0.8082   5.47   0.0755   0.0105     0.00  1   good
   3  sn1998T       Ib-norm    0.6552   5.43   0.0729   0.0089     0.00  1   good
   4  sn2008D       Ib-pec     0.7866   5.29   0.0855   0.0111    -6.60  0   good
   5  sn1991ar      Ib-norm    0.4860   5.05   0.0664   0.0086    15.80  1   good
#--- rlap cutoff
   6  sn1999dn      Ib-norm    0.8082   4.35   0.0739   0.0121     6.90  1    cut
   7  sn1998dt      Ib-norm    0.6959   4.24   0.0858   0.0128     0.00  0    cut
   8  sn2008D       Ib-pec     0.8042   4.11   0.0906   0.0136    -9.30  0    cut
   9  sn1999dn      Ib-norm    0.7324   3.98   0.0723   0.0115    27.70  1    cut
  10  sn1988L       Ib-norm    0.7053   3.94   0.0704   0.0135     0.00  1    cut
  11  sn1997dc      Ib-norm    0.7338   3.87   0.0703   0.0129     0.00  1    cut
  12  sn2005bf      Ib-pec     0.6742   3.58   0.0723   0.0144    -2.70  0    cut
  13  sn1999di      Ib-norm    0.7392   3.33   0.0714   0.0137     0.00  1    cut
  14  sn1999di      Ib-norm    0.7378   3.28   0.0690   0.0128    23.60  1    cut
  15  sn2005bf      Ib-pec     0.6742   3.24   0.0722   0.0152    -1.60  0    cut
  16  sn2005bf      Ib-pec     0.6701   3.09   0.0723   0.0160    -0.70  0    cut
  17  sn2005bf      Ib-pec     0.6661   2.87   0.0720   0.0169    -3.60  0    cut
  18  sn2005bf      Ib-pec     0.6715   2.84   0.0724   0.0172    -4.60  0    cut
  19  sn2007Y       Ib-norm    0.8082   2.79   0.0749   0.0191    -2.00  0    cut
  20  sn2005bf      Ib-pec     0.6674   2.65   0.0725   0.0180    -5.60  0    cut
  21  sn2005bf      Ib-pec     0.6715   2.52   0.0716   0.0188    -7.60  0    cut
  22  sn2007Y       Ib-norm    0.7784   2.43   0.0807   0.0234    -9.00  0    cut
  23  sn2005bf      Ib-pec     0.6065   2.40   0.0720   0.0203    -0.90  0    cut
  24  sn1999di      Ib-norm    0.6214   2.13   0.0716   0.0163    30.50  1    cut
  25  sn1999ex      Ib-norm    0.8082   2.09   0.0855   0.0238    -4.50  0    cut
  26  sn1991ar      Ib-norm    0.7148   1.93   0.0668   0.0192    27.40  1    cut
  27  sn1997dd      IIb        0.6959   1.81   0.0671   0.0201    16.40  1    cut
  28  sn1997dd      IIb        0.8082   1.65   0.0691   0.0251     0.00  1    cut
  29  sn1997dd      IIb        0.6959   1.40   0.0691   0.0269     3.60  1    cut
  30  sn2003bg      IIb        0.7757   1.38   0.0980   0.0415    -7.40  0    cut
  31  sn1996cb      IIb        0.7026   1.35   0.0829   0.0380    -2.10  0    cut
  32  sn1993J       IIb        0.8082   1.25   0.0742   0.0297    -2.00  0    cut
  33  sn1993J       IIb        0.8082   1.24   0.0774   0.0296    -4.00  0    cut
  34  sn1993J       IIb        0.8082   1.18   0.0754   0.0307    -3.00  0    cut
  35  sn1988L       Ib-norm    0.6823   1.05   0.0695   0.0295    47.70  1    cut
  36  sn1993J       IIb        0.6986   1.02   0.0773   0.0346    -5.00  0    cut
  37  sn1993J       IIb        0.8082   0.95   0.0752   0.0352    -1.60  0    cut
  38  sn1993J       IIb        0.8082   0.95   0.0776   0.0346    -2.40  0    cut
