### SNID output file ###
 
### input spectrum and options ###
# Input spectrum                 : 20048_1.80.dat
# Parameter file                 : NA
# Wavelength range               :    4000.00   9000.00
# Mask file                      : NA
# Median filtering width [A]     : NA
# Median filtering width [pix]   :       1.00
# Clip emission redshift         :     0.1839
# Clip sky lines                 : 0
# Emission clip width [A]        :       0.18
# Keep A-band                    : 1
# Age range                      :      -3.20      6.80
# Delta range                    :      -9.99     99.90
# Min. number of spectra/template:   1
# Use only templates             : NA
# Use only types                 : Ia
# Avoid templates                : NA
# Avoid types                    : NA
# rlapmin                        :       5.00
# Redshift range                 :    -0.0100    1.2000
# Forced initial redshift        :     0.1839
# Extra fake redshift            : NA
# Nsigma for initial redshift    : NA
# Redshift filter                :     0.0200
# Wavenumbers k1,k2,k3,k4        :     1    4   85  102
# Template directory             : /home/djperrefort/snid-5.0/templates-2.0/
 
### initial/user-input redshift ###
zinit       0.0000
zuser       0.1839
 
### median redshift/age and error ###
zmed        0.1899    0.0000
agem         -1.90      0.00
 
### type fraction/redshift/age ###
#type ntemp fraction slope redshift redshift_error age age_error
Ia              1      1.00    0.0000    0.1899    0.0000    -1.900     0.000
Ia-norm         1      1.00    0.0000    0.1899    0.0000    -1.900     0.000
Ia-91T          0      0.00    0.0000    0.0000    0.0000     0.000     0.000
Ia-91bg         0      0.00    0.0000    0.0000    0.0000     0.000     0.000
Ia-csm          0      0.00    0.0000    0.0000    0.0000     0.000     0.000
Ia-pec          0      0.00    0.0000    0.0000    0.0000     0.000     0.000
###
Ib              0      0.00    0.0000    0.0000    0.0000     0.000     0.000
Ib-norm         0      0.00    0.0000    0.0000    0.0000     0.000     0.000
Ib-pec          0      0.00    0.0000    0.0000    0.0000     0.000     0.000
IIb             0      0.00    0.0000    0.0000    0.0000     0.000     0.000
###
Ic              0      0.00    0.0000    0.0000    0.0000     0.000     0.000
Ic-norm         0      0.00    0.0000    0.0000    0.0000     0.000     0.000
Ic-pec          0      0.00    0.0000    0.0000    0.0000     0.000     0.000
Ic-broad        0      0.00    0.0000    0.0000    0.0000     0.000     0.000
###
II              0      0.00    0.0000    0.0000    0.0000     0.000     0.000
IIP             0      0.00    0.0000    0.0000    0.0000     0.000     0.000
II-pec          0      0.00    0.0000    0.0000    0.0000     0.000     0.000
IIn             0      0.00    0.0000    0.0000    0.0000     0.000     0.000
IIL             0      0.00    0.0000    0.0000    0.0000     0.000     0.000
###
NotSN           0      0.00    0.0000    0.0000    0.0000     0.000     0.000
AGN             0      0.00    0.0000    0.0000    0.0000     0.000     0.000
Gal             0      0.00    0.0000    0.0000    0.0000     0.000     0.000
LBV             0      0.00    0.0000    0.0000    0.0000     0.000     0.000
M-star          0      0.00    0.0000    0.0000    0.0000     0.000     0.000
 
### rlap-ordered template listings ###
#no. sn type lap rlap z zerr age age_flag grade
   1  sn2006cm      Ia-norm    0.6959   5.17   0.1899   0.0099    -1.90  0   good
#--- rlap cutoff
   2  sn2006cf      Ia-norm    0.6783   4.57   0.1841   0.0109     2.70  0    cut
   3  sn2006cj      Ia-norm    0.6525   4.48   0.1903   0.0124    -1.20  0    cut
   4  sn2008ae      Ia-pec     0.6891   4.41   0.0359   0.0184    -0.10  0    cut
   5  sn2003ic      Ia-norm    0.6823   4.17   0.1900   0.0112     3.40  0    cut
   6  sn2005hk      Ia-pec     0.7053   4.11   0.0357   0.0160    -1.40  0    cut
   7  sn2007if      Ia-pec     0.6498   4.05   0.0377   0.0196     5.60  0    cut
   8  sn2007if      Ia-pec     0.7473   3.84   0.0359   0.0207     6.10  0    cut
   9  sn2008A       Ia-pec     0.6999   3.79   0.0389   0.0190    -1.00  0    cut
  10  sn2006cj      Ia-norm    0.6539   3.77   0.1883   0.0128     4.40  0    cut
  11  sn2008A       Ia-pec     0.7013   3.70   0.0411   0.0190    -3.00  0    cut
  12  sn1999gp      Ia-91T     0.7013   3.67   0.0581   0.0159    -2.00  0    cut
  13  sn2008A       Ia-pec     0.7026   3.66   0.0359   0.0207     1.00  0    cut
  14  sn2008A       Ia-pec     0.6986   3.62   0.0376   0.0201     0.00  0    cut
  15  sn2008ae      Ia-pec     0.6904   3.61   0.0361   0.0222     1.90  0    cut
  16  sn1991T       Ia-91T     0.7473   3.61   0.0555   0.0175    -1.50  0    cut
  17  sn2008A       Ia-pec     0.6999   3.59   0.0405   0.0197    -1.90  0    cut
  18  sn2006cf      Ia-norm    0.6769   3.46   0.1850   0.0136     1.80  0    cut
  19  sn2006cf      Ia-norm    0.6769   3.40   0.1838   0.0132     4.70  0    cut
  20  sn2007if      Ia-pec     0.7473   3.39   0.0409   0.0214     4.70  0    cut
  21  sn1998ab      Ia-91T     0.5957   3.38   0.0460   0.0195     6.70  0    cut
  22  sn2007ae      Ia-norm    0.6593   3.37   0.1876   0.0137     3.30  0    cut
  23  sn2005na      Ia-norm    0.6918   3.37   0.1857   0.0143     1.40  0    cut
  24  sn2007F       Ia-norm    0.6931   3.35   0.1881   0.0145    -0.90  0    cut
  25  sn2005na      Ia-norm    0.6877   3.35   0.1858   0.0141     3.40  0    cut
  26  sn2008ae      Ia-pec     0.6715   3.34   0.0353   0.0228     2.80  0    cut
  27  sn2003hu      Ia-91T     0.6620   3.33   0.1860   0.0141     0.10  0    cut
  28  sn2006az      Ia-norm    0.6850   3.33   0.1841   0.0141    -1.00  0    cut
  29  sn2005hj      Ia-91T     0.6593   3.32   0.1878   0.0141     2.40  0    cut
  30  sn2005hk      Ia-pec     0.7067   3.31   0.0385   0.0195    -2.40  0    cut
  31  sn2007F       Ia-norm    0.6904   3.30   0.1889   0.0149    -1.80  0    cut
  32  sn2007F       Ia-norm    0.6931   3.29   0.1869   0.0143     3.00  0    cut
  33  sn2005na      Ia-norm    0.6931   3.28   0.1869   0.0150    -1.50  0    cut
  34  sn2006cj      Ia-norm    0.6512   3.27   0.1877   0.0144     5.40  0    cut
  35  sn2005cc      Ia-pec     0.7094   3.27   0.0311   0.0240     2.60  0    cut
  36  sn2001eh      Ia-91T     0.6972   3.24   0.0565   0.0170    -2.00  0    cut
  37  sn2001eh      Ia-91T     0.7473   3.23   0.1901   0.0150     2.70  0    cut
  38  sn2005cc      Ia-pec     0.7094   3.22   0.0294   0.0254     3.60  0    cut
  39  sn2006ax      Ia-norm    0.6959   3.21   0.1840   0.0154     0.50  0    cut
  40  sn1991bg      Ia-91bg    0.6376   3.21   0.1821   0.0151     1.90  0    cut
  41  sn2005eq      Ia-91T     0.6877   3.21   0.1883   0.0151     1.30  0    cut
  42  sn2000cx      Ia-pec     0.7473   3.21   0.0562   0.0174     0.70  0    cut
  43  sn2006S       Ia-norm    0.6877   3.20   0.1917   0.0159    -0.70  0    cut
  44  sn1994ae      Ia-norm    0.6593   3.19   0.1870   0.0151     0.00  0    cut
  45  sn2000cx      Ia-pec     0.6525   3.18   0.1951   0.0152    -2.30  0    cut
  46  sn2008ae      Ia-pec     0.6891   3.17   0.0378   0.0249     0.90  0    cut
  47  sn1998es      Ia-91T     0.6931   3.17   0.1887   0.0155    -0.50  0    cut
  48  sn2007A       Ia-norm    0.6931   3.17   0.1870   0.0153    -2.40  0    cut
  49  sn2005M       Ia-91T     0.6945   3.16   0.1834   0.0165     0.20  0    cut
  50  sn1999gp      Ia-91T     0.6999   3.16   0.0565   0.0191     0.00  0    cut
  51  sn2006S       Ia-norm    0.6877   3.16   0.1910   0.0158     0.20  0    cut
  52  sn1999aw      Ia-91T     0.7473   3.14   0.1966   0.0181     2.90  0    cut
  53  sn2007ca      Ia-norm    0.6986   3.14   0.1856   0.0150     3.40  0    cut
  54  sn2005eq      Ia-91T     0.6904   3.13   0.1889   0.0160     0.40  0    cut
  55  sn2007ax      Ia-91bg    0.6904   3.12   0.2051   0.0283     2.00  0    cut
  56  sn2003cg      Ia-norm    0.6417   3.11   0.1884   0.0146    -2.10  0    cut
  57  sn1998es      Ia-91T     0.6931   3.11   0.1877   0.0154     0.50  0    cut
  58  sn2006cf      Ia-norm    0.6783   3.10   0.1845   0.0145     3.70  0    cut
  59  sn1994ae      Ia-norm    0.6593   3.09   0.1876   0.0152     0.90  0    cut
  60  sn1998es      Ia-91T     0.6931   3.08   0.1873   0.0153     1.50  0    cut
  61  sn1999aa      Ia-91T     0.7473   3.08   0.1840   0.0172    -1.60  0    cut
  62  sn2005M       Ia-91T     0.6945   3.08   0.1847   0.0173    -1.70  0    cut
  63  sn2003du      Ia-norm    0.7473   3.07   0.1855   0.0155     0.90  0    cut
  64  sn1995E       Ia-norm    0.6227   3.07   0.1886   0.0165    -2.90  0    cut
  65  sn2006S       Ia-norm    0.6864   3.07   0.1906   0.0157     1.20  0    cut
  66  sn2006S       Ia-norm    0.6877   3.06   0.1931   0.0172    -2.60  0    cut
  67  sn2003ic      Ia-norm    0.6823   3.06   0.1895   0.0142     4.30  0    cut
  68  sn2007if      Ia-pec     0.7473   3.05   0.0386   0.0255     6.60  0    cut
  69  sn2005M       Ia-91T     0.6931   3.05   0.1858   0.0172    -2.70  0    cut
  70  sn2005hj      Ia-91T     0.6579   3.04   0.1882   0.0148     0.50  0    cut
  71  sn2002ha      Ia-norm    0.7473   3.04   0.1859   0.0146     1.70  0    cut
  72  sn2007ae      Ia-norm    0.6579   3.04   0.1885   0.0161     2.30  0    cut
  73  sn1994ae      Ia-norm    0.6593   3.03   0.1867   0.0153     2.00  0    cut
  74  sn2005bo      Ia-norm    0.7040   3.00   0.1846   0.0153    -0.10  0    cut
  75  sn2006N       Ia-norm    0.7040   2.98   0.1873   0.0144    -1.30  0    cut
  76  sn2008ae      Ia-pec     0.6904   2.98   0.0423   0.0236    -1.00  0    cut
  77  sn1998es      Ia-91T     0.6850   2.97   0.1904   0.0169    -2.40  0    cut
  78  sn2006N       Ia-norm    0.6986   2.97   0.1844   0.0142     2.60  0    cut
  79  sn2005hj      Ia-91T     0.6512   2.94   0.1855   0.0155     5.10  0    cut
  80  sn2007A       Ia-norm    0.6999   2.94   0.1845   0.0153     4.50  0    cut
  81  sn1999aa      Ia-91T     0.7473   2.93   0.1876   0.0159     1.80  0    cut
  82  sn2006N       Ia-norm    0.6999   2.93   0.1858   0.0144     0.70  0    cut
  83  sn2007ca      Ia-norm    0.7053   2.93   0.1848   0.0152     5.50  0    cut
  84  sn2003du      Ia-norm    0.7473   2.93   0.1829   0.0160     2.90  0    cut
  85  sn2003du      Ia-norm    0.7473   2.92   0.1869   0.0170    -1.30  0    cut
  86  sn2002bf      Ia-norm    0.6891   2.91   0.0537   0.0258     4.80  0    cut
  87  sn2008Q       Ia-norm    0.7053   2.91   0.1893   0.0154    -3.20  0    cut
  88  sn2006cz      Ia-91T     0.6755   2.90   0.1941   0.0165    -2.00  0    cut
  89  sn1999gp      Ia-91T     0.6999   2.90   0.0544   0.0209     2.90  0    cut
  90  sn2006S       Ia-norm    0.7473   2.89   0.1891   0.0161     4.10  0    cut
  91  sn2008Q       Ia-norm    0.7026   2.88   0.1888   0.0155    -2.20  0    cut
  92  sn2005M       Ia-91T     0.6972   2.88   0.1793   0.0152     5.10  0    cut
  93  sn2006N       Ia-norm    0.7013   2.87   0.1853   0.0146     1.60  0    cut
  94  sn2006cz      Ia-91T     0.6755   2.86   0.1933   0.0172    -1.00  0    cut
  95  sn2008Q       Ia-norm    0.7080   2.86   0.1883   0.0155    -1.20  0    cut
  96  sn2007bc      Ia-norm    0.6945   2.86   0.1852   0.0155    -2.60  0    cut
  97  sn2006cf      Ia-norm    0.6755   2.86   0.1826   0.0150     6.50  0    cut
  98  sn1994ae      Ia-norm    0.6593   2.85   0.1865   0.0162     3.00  0    cut
  99  sn1996ab      Ia-norm    0.6160   2.85   0.1875   0.0146     1.30  0    cut
 100  sn2008Q       Ia-norm    0.7053   2.84   0.1878   0.0155    -0.30  0    cut
 101  sn2003ic      Ia-norm    0.6823   2.83   0.1886   0.0150     5.30  0    cut
 102  sn2003du      Ia-norm    0.7473   2.83   0.1873   0.0176    -2.20  0    cut
 103  sn2007af      Ia-norm    0.7121   2.83   0.1859   0.0159    -1.60  0    cut
 104  sn2006oa      Ia-91T     0.6607   2.83   0.1883   0.0188    -0.10  0    cut
 105  sn1996C       Ia-norm    0.7053   2.82   0.1857   0.0149     2.00  0    cut
 106  sn1999ac      Ia-91T     0.7040   2.80   0.1841   0.0167     0.40  0    cut
 107  sn1999dq      Ia-91T     0.6986   2.80   0.0525   0.0210     5.40  0    cut
 108  sn2006S       Ia-norm    0.6864   2.80   0.1890   0.0163     3.20  0    cut
 109  sn2003du      Ia-norm    0.7473   2.78   0.1839   0.0164     4.00  0    cut
 110  sn2007fs      Ia-norm    0.6999   2.78   0.1858   0.0157     4.10  0    cut
 111  sn1995E       Ia-norm    0.6579   2.76   0.1890   0.0166    -0.90  0    cut
 112  sn2007af      Ia-norm    0.7135   2.76   0.1851   0.0159    -0.60  0    cut
 113  sn2007af      Ia-norm    0.7121   2.75   0.1867   0.0164    -2.60  0    cut
 114  sn2007fs      Ia-norm    0.7013   2.75   0.1846   0.0159     5.10  0    cut
 115  sn1999aw      Ia-91T     0.7473   2.75   0.2006   0.0205     0.00  0    cut
 116  sn1996bl      Ia-norm    0.6986   2.75   0.1906   0.0156    -2.20  0    cut
 117  sn2006al      Ia-norm    0.6539   2.74   0.1845   0.0157     3.40  0    cut
 118  sn2007af      Ia-norm    0.7067   2.74   0.1844   0.0158     0.30  0    cut
 119  sn1994T       Ia-norm    0.4941   2.74   0.0498   0.0232     0.80  0    cut
 120  sn2008bf      Ia-norm    0.6931   2.73   0.1906   0.0166     0.70  0    cut
 121  sn1999ac      Ia-91T     0.7473   2.73   0.1881   0.0170    -2.10  0    cut
 122  sn2007fs      Ia-norm    0.7013   2.73   0.1860   0.0161     3.10  0    cut
 123  sn1999ac      Ia-91T     0.7473   2.73   0.1830   0.0166     2.70  0    cut
 124  sn2003du      Ia-norm    0.7473   2.72   0.1872   0.0174    -0.30  0    cut
 125  sn2006N       Ia-norm    0.7026   2.72   0.1835   0.0147     4.60  0    cut
 126  sn2007ca      Ia-norm    0.7013   2.71   0.1845   0.0156     6.40  0    cut
 127  sn2002ck      Ia-norm    0.7013   2.71   0.1862   0.0162    -0.60  0    cut
 128  sn2005ki      Ia-norm    0.6931   2.70   0.1863   0.0157     1.00  0    cut
 129  sn2006ot      Ia-norm    0.6674   2.70   0.1885   0.0164     2.50  0    cut
 130  sn2006gj      Ia-norm    0.6904   2.69   0.1849   0.0147    -0.70  0    cut
 131  sn2006oa      Ia-91T     0.6607   2.69   0.1905   0.0224    -2.00  0    cut
 132  sn1999ee      Ia-norm    0.7473   2.69   0.1930   0.0183    -0.20  0    cut
 133  sn2000cx      Ia-pec     0.7473   2.69   0.0531   0.0206     4.70  0    cut
 134  sn2006et      Ia-norm    0.6959   2.69   0.1871   0.0161     2.40  0    cut
 135  sn2008ar      Ia-norm    0.6931   2.68   0.1877   0.0173     1.20  0    cut
 136  sn2007S       Ia-91T     0.6999   2.68   0.1907   0.0171    -0.70  0    cut
 137  sn1995D       Ia-norm    0.6255   2.68   0.1853   0.0167     3.60  0    cut
 138  sn1999ee      Ia-norm    0.7473   2.68   0.1914   0.0182     1.80  0    cut
 139  sn1996X       Ia-norm    0.7473   2.68   0.1868   0.0156     0.10  0    cut
 140  sn2007S       Ia-91T     0.7053   2.68   0.1880   0.0168     6.20  0    cut
 141  sn1994ae      Ia-norm    0.6566   2.67   0.1862   0.0169     4.00  0    cut
 142  sn1995E       Ia-norm    0.6579   2.67   0.1871   0.0165     1.00  0    cut
 143  sn1989B       Ia-norm    0.7473   2.67   0.1860   0.0168    -1.30  0    cut
 144  sn1999aa      Ia-91T     0.6796   2.66   0.1916   0.0196    -3.10  0    cut
 145  sn2007fb      Ia-norm    0.6999   2.66   0.1870   0.0153     1.70  0    cut
 146  sn2007S       Ia-91T     0.6986   2.66   0.1927   0.0184    -2.70  0    cut
 147  sn2006cj      Ia-norm    0.6539   2.65   0.1901   0.0174    -0.20  0    cut
 148  sn1999gp      Ia-91T     0.6986   2.65   0.0532   0.0227     4.90  0    cut
 149  sn1996X       Ia-norm    0.7473   2.64   0.1859   0.0158     1.10  0    cut
 150  sn2007ux      Ia-norm    0.6891   2.64   0.1826   0.0141     5.80  0    cut
 151  sn2002cx      Ia-pec     0.6999   2.64   0.0412   0.0229    -1.40  0    cut
 152  sn2008bf      Ia-norm    0.6918   2.63   0.1890   0.0164     3.60  0    cut
 153  sn1994D       Ia-norm    0.7473   2.63   0.1878   0.0160    -2.30  0    cut
 154  sn2002ck      Ia-norm    0.6986   2.63   0.1849   0.0157     0.30  0    cut
 155  sn2008bf      Ia-norm    0.6918   2.62   0.1896   0.0164     2.60  0    cut
 156  sn2005el      Ia-norm    0.7013   2.60   0.1844   0.0163     2.10  0    cut
 157  sn2006al      Ia-norm    0.6552   2.58   0.1852   0.0158     2.50  0    cut
 158  sn2007af      Ia-norm    0.7094   2.58   0.1827   0.0161     2.30  0    cut
 159  sn1996ai      Ia-norm    0.7473   2.57   0.1886   0.0167    -0.90  0    cut
 160  sn2008bf      Ia-norm    0.6918   2.57   0.1884   0.0166     4.50  0    cut
 161  sn2006gz      Ia-pec     0.5903   2.56   0.1868   0.0146     5.30  0    cut
 162  sn2002er      Ia-norm    0.7473   2.56   0.1913   0.0168    -3.10  0    cut
 163  sn2002er      Ia-norm    0.7473   2.56   0.1906   0.0170    -2.10  0    cut
 164  sn2008C       Ia-norm    0.6999   2.55   0.1842   0.0159     4.40  0    cut
 165  sn1994ae      Ia-norm    0.6579   2.55   0.1858   0.0170     5.00  0    cut
 166  sn2007bd      Ia-norm    0.6891   2.55   0.1890   0.0166     1.70  0    cut
 167  sn2007bd      Ia-norm    0.6877   2.55   0.1914   0.0165    -1.30  0    cut
 168  sn2005cf      Ia-norm    0.7080   2.55   0.1868   0.0181    -0.30  0    cut
 169  sn2007kk      Ia-norm    0.6769   2.54   0.1947   0.0179    -0.80  0    cut
 170  sn2000cx      Ia-pec     0.6904   2.54   0.0572   0.0228    -0.40  0    cut
 171  sn1996C       Ia-norm    0.7053   2.54   0.1830   0.0160     4.80  0    cut
 172  sn2002hu      Ia-91T     0.7013   2.54   0.1879   0.0173    -0.70  0    cut
 173  sn1981B       Ia-norm    0.7473   2.53   0.1902   0.0167    -1.50  0    cut
 174  sn2001ck      Ia-norm    0.7473   2.53   0.1857   0.0164     5.80  0    cut
 175  sn2000dn      Ia-norm    0.6986   2.52   0.1848   0.0161    -0.90  0    cut
 176  sn2002he      Ia-norm    0.7473   2.51   0.1930   0.0168    -3.20  0    cut
 177  sn2007kk      Ia-norm    0.6783   2.51   0.1927   0.0178     1.10  0    cut
 178  sn2005mc      Ia-norm    0.6904   2.51   0.1877   0.0162    -2.20  0    cut
 179  sn1995D       Ia-norm    0.6634   2.51   0.1857   0.0166     5.50  0    cut
 180  sn2000cx      Ia-pec     0.6931   2.50   0.0568   0.0235    -1.30  0    cut
 181  sn1997Y       Ia-norm    0.7067   2.50   0.0530   0.0222     1.90  0    cut
 182  sn2007af      Ia-norm    0.7135   2.50   0.1820   0.0162     3.30  0    cut
 183  sn2006gr      Ia-norm    0.6877   2.50   0.1984   0.0205    -2.10  0    cut
 184  sn2002de      Ia-norm    0.6918   2.50   0.0597   0.0229    -3.00  0    cut
 185  sn2005cf      Ia-norm    0.7473   2.49   0.1857   0.0176     1.50  0    cut
 186  sn2005A       Ia-norm    0.7107   2.49   0.0587   0.0260     0.60  0    cut
 187  sn2005cf      Ia-norm    0.7473   2.48   0.1890   0.0199    -2.40  0    cut
 188  sn2005cf      Ia-norm    0.7121   2.48   0.1864   0.0182     0.60  0    cut
 189  sn2002de      Ia-norm    0.6918   2.48   0.0587   0.0221    -2.20  0    cut
 190  sn2007bc      Ia-norm    0.6959   2.47   0.1807   0.0162     4.30  0    cut
 191  sn2006D       Ia-norm    0.7473   2.47   0.1893   0.0173    -1.40  0    cut
 192  sn2002bf      Ia-norm    0.6972   2.46   0.0522   0.0295     5.70  0    cut
 193  sn2005cf      Ia-norm    0.7107   2.46   0.1878   0.0190    -1.40  0    cut
 194  sn2005cf      Ia-norm    0.7473   2.46   0.1881   0.0192    -1.50  0    cut
 195  sn1989B       Ia-norm    0.6160   2.45   0.1829   0.0165     2.60  0    cut
 196  sn1999dq      Ia-91T     0.6972   2.45   0.0538   0.0221     3.40  0    cut
 197  sn2006al      Ia-norm    0.6539   2.45   0.1840   0.0163     4.30  0    cut
 198  sn2005el      Ia-norm    0.6999   2.45   0.1839   0.0166     4.00  0    cut
 199  sn2006sr      Ia-norm    0.6918   2.45   0.1896   0.0160     1.00  0    cut
 200  sn2000dg      Ia-norm    0.6986   2.44   0.1843   0.0180    -0.80  0    cut
 201  sn2006sr      Ia-norm    0.6931   2.44   0.1890   0.0160     2.00  0    cut
 202  sn2001fe      Ia-norm    0.6999   2.42   0.0523   0.0243     6.20  0    cut
 203  sn2001az      Ia-91T     0.6931   2.42   0.1934   0.0173    -3.10  0    cut
 204  sn2005cf      Ia-norm    0.7121   2.41   0.1848   0.0177     2.50  0    cut
 205  sn2002bf      Ia-norm    0.6959   2.41   0.0512   0.0310     6.70  0    cut
 206  sn2005cf      Ia-norm    0.7121   2.41   0.1855   0.0181     1.60  0    cut
 207  sn1996ai      Ia-norm    0.6498   2.40   0.1867   0.0175     2.20  0    cut
 208  sn2006et      Ia-norm    0.6959   2.40   0.1856   0.0171     6.30  0    cut
 209  sn2005cf      Ia-norm    0.7473   2.40   0.1868   0.0188    -0.20  0    cut
 210  sn2002ck      Ia-norm    0.6877   2.39   0.1847   0.0166     2.30  0    cut
 211  sn1996bo      Ia-norm    0.7094   2.39   0.0533   0.0271     3.30  0    cut
 212  sn2007kk      Ia-norm    0.6769   2.39   0.1959   0.0199    -1.70  0    cut
 213  sn2007kk      Ia-norm    0.6783   2.39   0.1922   0.0190     3.20  0    cut
 214  sn2000cf      Ia-norm    0.6999   2.39   0.1801   0.0167     2.90  0    cut
 215  sn2001eh      Ia-91T     0.6972   2.39   0.1915   0.0177    -0.10  0    cut
 216  sn2007kk      Ia-norm    0.6796   2.38   0.1911   0.0189     4.10  0    cut
 217  sn2003ic      Ia-norm    0.6810   2.38   0.1930   0.0180    -2.30  0    cut
 218  sn2000cx      Ia-pec     0.7473   2.38   0.0515   0.0234     5.70  0    cut
 219  sn2003ch      Ia-norm    0.7473   2.38   0.1819   0.0173     1.80  0    cut
 220  sn2007kk      Ia-norm    0.6796   2.37   0.1925   0.0193     2.10  0    cut
 221  sn2006br      Ia-norm    0.6931   2.37   0.1874   0.0175     0.20  0    cut
 222  sn2005cf      Ia-norm    0.7080   2.37   0.1885   0.0208    -2.30  0    cut
 223  sn2002er      Ia-norm    0.7473   2.36   0.1850   0.0177     2.90  0    cut
 224  sn2000cf      Ia-norm    0.6999   2.36   0.1795   0.0170     3.90  0    cut
 225  sn2001br      Ia-norm    0.7473   2.36   0.1913   0.0174     2.50  0    cut
 226  sn1999ac      Ia-91T     0.6999   2.35   0.0539   0.0249    -0.90  0    cut
 227  sn2000dg      Ia-norm    0.6945   2.35   0.1842   0.0169     0.20  0    cut
 228  sn2007af      Ia-norm    0.7094   2.35   0.1813   0.0167     4.30  0    cut
 229  sn2005A       Ia-norm    0.6959   2.35   0.0583   0.0241    -1.30  0    cut
 230  sn2002aw      Ia-norm    0.6972   2.35   0.1858   0.0156    -0.90  0    cut
 231  sn2000E       Ia-norm    0.7107   2.34   0.0571   0.0219    -2.30  0    cut
 232  sn2006nz      Ia-norm    0.6769   2.34   0.1972   0.0159    -1.70  0    cut
 233  sn1998V       Ia-norm    0.6999   2.34   0.0549   0.0213     0.30  0    cut
 234  sn1996bo      Ia-norm    0.7094   2.33   0.0513   0.0294     5.20  0    cut
 235  sn2006sr      Ia-norm    0.6918   2.33   0.1914   0.0166    -0.90  0    cut
 236  sn2001ep      Ia-norm    0.7473   2.33   0.1827   0.0179     2.80  0    cut
 237  sn2002ic      Ia-csm     0.7473   2.33   0.1820   0.0186     5.60  0    cut
 238  sn2004eo      Ia-norm    0.7473   2.33   0.1824   0.0170     2.90  0    cut
 239  sn2003cg      Ia-norm    0.7473   2.33   0.1848   0.0168     4.00  0    cut
 240  sn1998V       Ia-norm    0.6945   2.33   0.0534   0.0229     2.30  0    cut
 241  sn2002ef      Ia-norm    0.6986   2.32   0.0576   0.0229    -2.90  0    cut
 242  sn2008ar      Ia-norm    0.6931   2.31   0.1895   0.0196    -0.70  0    cut
 243  sn2006sr      Ia-norm    0.6918   2.31   0.1884   0.0165     3.00  0    cut
 244  sn2006N       Ia-norm    0.6972   2.31   0.1824   0.0162     6.50  0    cut
 245  sn2006cm      Ia-norm    0.7013   2.31   0.1907   0.0190    -1.00  0    cut
 246  sn2003cg      Ia-norm    0.6999   2.31   0.0574   0.0198    -0.20  0    cut
 247  sn2003cg      Ia-norm    0.6999   2.30   0.0569   0.0206     0.80  0    cut
 248  sn2005cf      Ia-norm    0.7473   2.30   0.1834   0.0178     4.50  0    cut
 249  sn1994S       Ia-norm    0.5104   2.30   0.1891   0.0237    -3.00  0    cut
 250  sn2005cf      Ia-norm    0.7094   2.30   0.1843   0.0181     3.50  0    cut
 251  sn2006le      Ia-norm    0.7013   2.30   0.1895   0.0193     2.90  0    cut
 252  sn2005cf      Ia-norm    0.7053   2.29   0.1832   0.0182     4.50  0    cut
 253  sn2006sr      Ia-norm    0.6945   2.29   0.1874   0.0165     3.90  0    cut
 254  sn2005cf      Ia-norm    0.7473   2.29   0.1824   0.0183     6.20  0    cut
 255  sn2002G       Ia-norm    0.6986   2.29   0.0570   0.0266    -2.50  0    cut
 256  sn2002er      Ia-norm    0.7473   2.29   0.1839   0.0169     4.90  0    cut
 257  sn2003cg      Ia-norm    0.6972   2.29   0.0593   0.0200    -3.10  0    cut
 258  sn2003cg      Ia-norm    0.7013   2.28   0.0559   0.0231     2.80  0    cut
 259  sn1999ac      Ia-91T     0.6999   2.28   0.0544   0.0257    -2.90  0    cut
 260  snls03D3bb    Ia-pec     0.7283   2.28   0.1768   0.0182     2.00  0    cut
 261  sn2007fb      Ia-norm    0.6945   2.28   0.1847   0.0162     5.60  0    cut
 262  sn2006al      Ia-norm    0.6512   2.27   0.1810   0.0156     6.30  0    cut
 263  sn2000cx      Ia-pec     0.6931   2.27   0.0534   0.0267     6.60  0    cut
 264  sn2006N       Ia-norm    0.7026   2.27   0.1827   0.0162     5.60  0    cut
 265  sn2005cf      Ia-norm    0.7473   2.27   0.1825   0.0183     5.20  0    cut
 266  sn2007if      Ia-pec     0.6728   2.27   0.1849   0.0200    -2.90  0    cut
 267  sn1998dx      Ia-norm    0.6837   2.27   0.1890   0.0154     1.10  0    cut
 268  sn2006gj      Ia-norm    0.6918   2.27   0.1831   0.0158     3.20  0    cut
 269  sn2006al      Ia-norm    0.6539   2.26   0.1833   0.0163     5.40  0    cut
 270  sn1991M       Ia-norm    0.6918   2.25   0.1892   0.0181     2.70  0    cut
 271  sn2006le      Ia-norm    0.6986   2.24   0.1887   0.0196     3.90  0    cut
 272  sn2003cg      Ia-norm    0.6417   2.24   0.1891   0.0172    -2.30  0    cut
 273  sn1999ek      Ia-norm    0.6986   2.24   0.0535   0.0214    -0.60  0    cut
 274  sn1996X       Ia-norm    0.7080   2.24   0.0583   0.0206    -1.70  0    cut
 275  sn2003cg      Ia-norm    0.7338   2.24   0.1859   0.0162     1.00  0    cut
 276  sn2002aw      Ia-norm    0.6945   2.23   0.1849   0.0160     1.10  0    cut
 277  sn2007kk      Ia-norm    0.6810   2.23   0.1904   0.0199     5.00  0    cut
 278  sn2002bo      Ia-norm    0.7473   2.22   0.1908   0.0191    -0.60  0    cut
 279  sn1996X       Ia-norm    0.7080   2.22   0.0575   0.0204     0.20  0    cut
 280  sn1996X       Ia-norm    0.7080   2.22   0.0578   0.0202    -0.80  0    cut
 281  sn2008ar      Ia-norm    0.6891   2.21   0.1863   0.0183     3.10  0    cut
 282  sn2007ci      Ia-norm    0.6986   2.21   0.1881   0.0181    -2.20  0    cut
 283  sn2004fu      Ia-norm    0.7080   2.21   0.1880   0.0178     3.40  0    cut
 284  sn2003W       Ia-norm    0.6945   2.20   0.0584   0.0277    -0.40  0    cut
 285  sn1998dm      Ia-norm    0.7013   2.20   0.0535   0.0226     6.50  0    cut
 286  sn2008ar      Ia-norm    0.6877   2.20   0.0570   0.0214    -1.70  0    cut
 287  sn2000dg      Ia-norm    0.6945   2.20   0.1817   0.0178     3.10  0    cut
 288  sn2004bk      Ia-norm    0.6931   2.19   0.0510   0.0292     6.40  0    cut
 289  sn2001fe      Ia-norm    0.6986   2.19   0.1909   0.0198    -1.70  0    cut
 290  sn2002do      Ia-norm    0.6972   2.19   0.0513   0.0275     2.00  0    cut
 291  sn2008ar      Ia-norm    0.6931   2.19   0.1855   0.0192     4.10  0    cut
 292  sn2005cf      Ia-norm    0.7473   2.19   0.1882   0.0212    -1.20  0    cut
 293  sn2002fk      Ia-norm    0.7013   2.19   0.0525   0.0192     2.50  0    cut
 294  sn2007ci      Ia-norm    0.6972   2.18   0.1872   0.0181    -1.20  0    cut
 295  sn2007af      Ia-norm    0.7094   2.18   0.1806   0.0172     5.40  0    cut
 296  sn2002jg      Ia-norm    0.7013   2.18   0.0518   0.0252     4.50  0    cut
 297  sn2007co      Ia-norm    0.6904   2.18   0.1898   0.0189     0.80  0    cut
 298  sn1998aq      Ia-norm    0.6959   2.17   0.0538   0.0228     6.00  0    cut
 299  sn2003W       Ia-norm    0.6918   2.17   0.0581   0.0291     0.60  0    cut
 300  sn1996X       Ia-norm    0.7080   2.17   0.0588   0.0207    -2.80  0    cut
 301  sn2001N       Ia-norm    0.6945   2.17   0.0563   0.0295     2.60  0    cut
 302  sn1995E       Ia-norm    0.6593   2.17   0.1847   0.0178     3.90  0    cut
 303  sn1999gd      Ia-norm    0.6999   2.17   0.0532   0.0230     1.10  0    cut
 304  sn2003kc      Ia-norm    0.6959   2.17   0.0553   0.0264    -0.90  0    cut
 305  sn2004L       Ia-norm    0.6959   2.17   0.0498   0.0300     3.40  0    cut
 306  sn2002er      Ia-norm    0.7107   2.17   0.0574   0.0224     0.90  0    cut
 307  sn2007co      Ia-norm    0.6904   2.16   0.1879   0.0188     2.70  0    cut
 308  sn2003iv      Ia-norm    0.6999   2.16   0.1854   0.0161     0.50  0    cut
 309  sn2006mo      Ia-norm    0.6810   2.16   0.1821   0.0170     5.20  0    cut
 310  sn2004L       Ia-norm    0.6945   2.16   0.0513   0.0284     2.50  0    cut
 311  sn2003cg      Ia-norm    0.6986   2.16   0.0566   0.0235     1.90  0    cut
 312  sn2000cp      Ia-norm    0.6986   2.16   0.1897   0.0158    -2.50  0    cut
 313  sn1999cl      Ia-norm    0.6742   2.16   0.0546   0.0274    -2.30  0    cut
 314  sn2001ep      Ia-norm    0.7013   2.16   0.0527   0.0246     0.80  0    cut
 315  sn1996ai      Ia-norm    0.7053   2.16   0.1861   0.0163     0.10  0    cut
 316  sn1999cl      Ia-norm    0.6769   2.15   0.0532   0.0285    -1.30  0    cut
 317  sn2008L       Ia-norm    0.6959   2.15   0.1850   0.0174     5.60  0    cut
 318  sn2001eh      Ia-91T     0.6945   2.15   0.1893   0.0185     3.70  0    cut
 319  sn2000cp      Ia-norm    0.6986   2.15   0.1864   0.0170    -1.50  0    cut
 320  sn2005cc      Ia-pec     0.7094   2.15   0.0324   0.0382     5.60  0    cut
 321  sn2007co      Ia-norm    0.6877   2.15   0.1893   0.0194     1.70  0    cut
 322  sn2007hj      Ia-norm    0.6972   2.15   0.0537   0.0266    -0.60  0    cut
 323  sn2004fu      Ia-norm    0.7107   2.14   0.1887   0.0180     4.40  0    cut
 324  sn1996X       Ia-norm    0.7080   2.14   0.0567   0.0209     1.20  0    cut
 325  sn2001gc      Ia-norm    0.6959   2.14   0.0571   0.0321     4.40  0    cut
 326  sn2000cp      Ia-norm    0.6986   2.14   0.1868   0.0176    -0.50  0    cut
 327  sn2004eo      Ia-norm    0.7053   2.14   0.0526   0.0244    -2.00  0    cut
 328  sn2003cq      Ia-norm    0.6999   2.13   0.0548   0.0252    -0.90  0    cut
 329  sn2001gc      Ia-norm    0.6972   2.13   0.0552   0.0329     5.30  0    cut
 330  sn2002de      Ia-norm    0.6891   2.13   0.1897   0.0172     1.80  0    cut
 331  sn1999dq      Ia-91T     0.6904   2.13   0.1933   0.0217    -2.50  0    cut
 332  sn2001G       Ia-norm    0.6986   2.13   0.0545   0.0253     4.70  0    cut
 333  sn2004fu      Ia-norm    0.7040   2.13   0.1886   0.0184     2.40  0    cut
 334  sn2004S       Ia-norm    0.7473   2.13   0.1895   0.0239     1.60  0    cut
 335  sn2002er      Ia-norm    0.7473   2.13   0.1900   0.0182    -1.10  0    cut
 336  sn2001ep      Ia-norm    0.7013   2.12   0.0526   0.0254     1.80  0    cut
 337  sn2001ep      Ia-norm    0.7013   2.12   0.0537   0.0246    -0.10  0    cut
 338  sn1998aq      Ia-norm    0.6837   2.12   0.1883   0.0203    -0.90  0    cut
 339  sn2007au      Ia-norm    0.7013   2.12   0.0487   0.0307     1.10  0    cut
 340  sn1998co      Ia-norm    0.6986   2.12   0.0548   0.0240     0.00  0    cut
 341  sn1996X       Ia-norm    0.7080   2.11   0.0562   0.0218     2.20  0    cut
 342  sn2003iv      Ia-norm    0.6986   2.11   0.1857   0.0162    -1.40  0    cut
 343  sn2002de      Ia-norm    0.6972   2.11   0.1897   0.0169     2.70  0    cut
 344  sn2001gc      Ia-norm    0.6959   2.11   0.0571   0.0328     3.40  0    cut
 345  sn1998aq      Ia-norm    0.6972   2.11   0.0541   0.0225     5.00  0    cut
 346  sn2003cq      Ia-norm    0.6999   2.11   0.0561   0.0261    -1.80  0    cut
 347  sn1990O       Ia-norm    0.7175   2.11   0.0601   0.0248    -0.90  0    cut
 348  sn2007co      Ia-norm    0.6918   2.11   0.1919   0.0199    -1.20  0    cut
 349  sn2001ep      Ia-norm    0.6999   2.11   0.0547   0.0248    -2.10  0    cut
 350  sn2008ar      Ia-norm    0.6959   2.11   0.1915   0.0222    -2.70  0    cut
 351  sn1999aa      Ia-91T     0.6959   2.10   0.1930   0.0223    -2.10  0    cut
 352  sn2001fh      Ia-norm    0.6945   2.10   0.0537   0.0254    -2.60  0    cut
 353  sn2007co      Ia-norm    0.6918   2.10   0.1912   0.0199    -0.20  0    cut
 354  sn1992A       Ia-norm    0.6647   2.10   0.1976   0.0170    -0.80  0    cut
 355  sn2001N       Ia-norm    0.6972   2.10   0.0577   0.0305     0.70  0    cut
 356  sn2002er      Ia-norm    0.7202   2.10   0.0555   0.0265     3.80  0    cut
 357  sn2007kk      Ia-norm    0.6810   2.09   0.1891   0.0211     5.90  0    cut
 358  sn2007co      Ia-norm    0.6931   2.09   0.1938   0.0206    -3.10  0    cut
 359  sn2001fh      Ia-norm    0.6972   2.09   0.0505   0.0265     4.20  0    cut
 360  sn2003W       Ia-norm    0.6972   2.09   0.0603   0.0281    -2.30  0    cut
 361  sn2003cg      Ia-norm    0.7202   2.09   0.0574   0.0241     1.80  0    cut
 362  sn2003cg      Ia-norm    0.6986   2.08   0.0549   0.0269     6.80  0    cut
 363  sn2002fk      Ia-norm    0.6999   2.08   0.0509   0.0252     6.50  0    cut
 364  sn1992A       Ia-norm    0.6661   2.08   0.1942   0.0170     2.00  0    cut
 365  sn1998co      Ia-norm    0.6986   2.08   0.0540   0.0256     1.00  0    cut
 366  sn1999aa      Ia-91T     0.6972   2.08   0.1906   0.0205    -0.20  0    cut
 367  sn2007bc      Ia-norm    0.6972   2.08   0.1798   0.0180     6.20  0    cut
 368  sn2005cf      Ia-norm    0.7473   2.08   0.1830   0.0190     4.20  0    cut
 369  sn2003iv      Ia-norm    0.6972   2.08   0.1841   0.0167     1.40  0    cut
 370  sn2002bo      Ia-norm    0.7473   2.07   0.1933   0.0197    -1.70  0    cut
 371  sn1998dx      Ia-norm    0.6160   2.07   0.1859   0.0181     2.10  0    cut
 372  sn2001ep      Ia-norm    0.7013   2.07   0.0517   0.0274     2.80  0    cut
 373  sn2002de      Ia-norm    0.6972   2.07   0.1890   0.0168     3.70  0    cut
 374  sn1990N       Ia-norm    0.7473   2.07   0.1826   0.0183     3.90  0    cut
 375  sn2001br      Ia-norm    0.6999   2.07   0.0602   0.0256    -0.40  0    cut
 376  sn2005cf      Ia-norm    0.7473   2.06   0.1909   0.0244    -2.70  0    cut
 377  sn1999ee      Ia-norm    0.7473   2.06   0.1889   0.0210     6.70  0    cut
 378  sn1998aq      Ia-norm    0.6931   2.06   0.1877   0.0207     0.00  0    cut
 379  sn2001ep      Ia-norm    0.7013   2.05   0.0509   0.0282     3.80  0    cut
 380  sn2002fk      Ia-norm    0.6986   2.05   0.0513   0.0222     4.40  0    cut
 381  sn2002ck      Ia-norm    0.6959   2.05   0.1845   0.0175     4.20  0    cut
 382  sn2003iv      Ia-norm    0.6972   2.05   0.1847   0.0170    -0.50  0    cut
 383  sn2005hc      Ia-norm    0.6715   2.05   0.1854   0.0202     5.40  0    cut
 384  sn2002bo      Ia-norm    0.6986   2.05   0.0606   0.0243    -2.40  0    cut
 385  sn2006le      Ia-norm    0.6999   2.05   0.1872   0.0200     5.90  0    cut
 386  sn2001da      Ia-norm    0.6972   2.05   0.0581   0.0267    -2.00  0    cut
 387  sn2005kc      Ia-norm    0.7013   2.05   0.1806   0.0184     6.70  0    cut
 388  sn2001fe      Ia-norm    0.6986   2.05   0.1906   0.0197     0.30  0    cut
 389  sn2007co      Ia-norm    0.6918   2.05   0.1875   0.0195     3.70  0    cut
 390  sn2006gz      Ia-pec     0.6390   2.05   0.1926   0.0183    -1.60  0    cut
 391  sn2007hj      Ia-norm    0.7026   2.04   0.1874   0.0175     1.40  0    cut
 392  sn2002aw      Ia-norm    0.6972   2.04   0.1872   0.0160    -1.90  0    cut
 393  sn2002bo      Ia-norm    0.7473   2.04   0.1941   0.0201    -2.80  0    cut
 394  sn2003iv      Ia-norm    0.6972   2.04   0.1856   0.0170    -2.40  0    cut
 395  sn2004as      Ia-norm    0.6986   2.04   0.0557   0.0270    -1.00  0    cut
 396  sn2002bo      Ia-norm    0.7256   2.04   0.1923   0.0199    -1.80  0    cut
 397  sn2001ep      Ia-norm    0.7013   2.04   0.0542   0.0249    -1.10  0    cut
 398  sn2001ep      Ia-norm    0.6999   2.03   0.0551   0.0259    -3.10  0    cut
 399  sn2007al      Ia-91bg    0.7040   2.03   0.1847   0.0246     2.40  0    cut
 400  sn2000cw      Ia-norm    0.6999   2.03   0.0513   0.0271     3.50  0    cut
 401  sn2004as      Ia-norm    0.6972   2.03   0.0503   0.0334     5.80  0    cut
 402  sn2007hj      Ia-norm    0.6986   2.02   0.1907   0.0175    -1.50  0    cut
 403  sn2008ar      Ia-norm    0.6904   2.02   0.1847   0.0196     5.00  0    cut
 404  sn2002cr      Ia-norm    0.7013   2.02   0.0502   0.0241     4.60  0    cut
 405  sn2003cq      Ia-norm    0.6986   2.02   0.0552   0.0257     0.00  0    cut
 406  sn2001ck      Ia-norm    0.6972   2.02   0.1855   0.0176     4.80  0    cut
 407  sn1996Z       Ia-norm    0.7080   2.02   0.0541   0.0300     4.10  0    cut
 408  sn1999ek      Ia-norm    0.6999   2.02   0.0514   0.0252     3.30  0    cut
 409  sn1998bu      Ia-norm    0.6972   2.02   0.1884   0.0207    -2.60  0    cut
 410  sn2004as      Ia-norm    0.6986   2.01   0.0531   0.0289     1.80  0    cut
 411  sn1997Y       Ia-norm    0.6579   2.01   0.1820   0.0191     2.90  0    cut
 412  sn2007hj      Ia-norm    0.7026   2.01   0.1921   0.0177    -2.60  0    cut
 413  sn2001ep      Ia-norm    0.7013   2.01   0.0501   0.0302     4.80  0    cut
 414  sn1999dq      Ia-91T     0.6959   2.01   0.1906   0.0204     0.40  0    cut
 415  sn2003iv      Ia-norm    0.6945   2.01   0.1822   0.0167     3.40  0    cut
 416  sn2001da      Ia-norm    0.6999   2.01   0.0539   0.0295     2.90  0    cut
 417  sn2003cg      Ia-norm    0.6986   2.01   0.1871   0.0185    -1.20  0    cut
 418  sn2002bo      Ia-norm    0.6972   2.01   0.0597   0.0252    -1.50  0    cut
 419  sn1998dx      Ia-norm    0.6160   2.01   0.1875   0.0192    -0.70  0    cut
 420  sn2001da      Ia-norm    0.7473   2.00   0.1910   0.0204    -1.00  0    cut
 421  sn2006bt      Ia-norm    0.7473   2.00   0.0486   0.0269     2.90  0    cut
 422  sn2000fa      Ia-norm    0.6999   2.00   0.0536   0.0286     4.20  0    cut
 423  sn2001fh      Ia-norm    0.6972   2.00   0.0528   0.0261    -1.70  0    cut
 424  sn2003cq      Ia-norm    0.7013   2.00   0.0536   0.0267     1.00  0    cut
 425  sn2004as      Ia-norm    0.6972   2.00   0.0480   0.0347     6.60  0    cut
 426  sn2004as      Ia-norm    0.6972   2.00   0.0549   0.0279    -0.10  0    cut
 427  sn2001eh      Ia-91T     0.6945   2.00   0.1889   0.0195     4.70  0    cut
 428  sn1998dx      Ia-norm    0.6160   1.99   0.1890   0.0199    -1.70  0    cut
 429  sn1996Z       Ia-norm    0.7080   1.99   0.0535   0.0320     6.10  0    cut
 430  sn2006gr      Ia-norm    0.6850   1.99   0.1979   0.0248    -1.10  0    cut
 431  sn2007co      Ia-norm    0.6931   1.99   0.1872   0.0195     4.60  0    cut
 432  sn2000cx      Ia-pec     0.6403   1.99   0.1962   0.0219    -0.30  0    cut
 433  sn2003cg      Ia-norm    0.6986   1.99   0.1881   0.0183    -2.10  0    cut
 434  sn2002cr      Ia-norm    0.6986   1.99   0.0523   0.0220     0.70  0    cut
 435  sn1994S       Ia-norm    0.7026   1.99   0.0548   0.0207     0.90  0    cut
 436  sn2002bf      Ia-norm    0.6999   1.99   0.0561   0.0313     1.80  0    cut
 437  sn2004at      Ia-norm    0.6986   1.98   0.0561   0.0215    -0.70  0    cut
 438  sn2003du      Ia-norm    0.6986   1.98   0.0568   0.0198    -1.80  0    cut
 439  sn1992A       Ia-norm    0.7473   1.98   0.1910   0.0182     5.50  0    cut
 440  sn1991bg      Ia-91bg    0.6755   1.98   0.1850   0.0231     2.10  0    cut
 441  sn1998aq      Ia-norm    0.6959   1.98   0.1869   0.0205     1.00  0    cut
 442  sn1999cc      Ia-norm    0.6999   1.97   0.0567   0.0264    -1.20  0    cut
 443  sn2003du      Ia-norm    0.6999   1.97   0.0552   0.0216     2.10  0    cut
 444  sn2007le      Ia-norm    0.7080   1.97   0.1887   0.0197     5.40  0    cut
 445  sn1999by      Ia-91bg    0.7473   1.97   0.0461   0.0479     2.90  0    cut
 446  sn2001ep      Ia-norm    0.7013   1.97   0.0492   0.0306     5.80  0    cut
 447  sn1999dq      Ia-91T     0.6959   1.97   0.1900   0.0203     1.40  0    cut
 448  sn2004as      Ia-norm    0.6986   1.97   0.0525   0.0307     2.90  0    cut
 449  sn2001cp      Ia-norm    0.6986   1.97   0.1904   0.0192    -1.10  0    cut
 450  sn2001cp      Ia-norm    0.6999   1.97   0.1886   0.0178     0.80  0    cut
 451  sn2004as      Ia-norm    0.6972   1.97   0.0579   0.0280    -2.90  0    cut
 452  sn2007hj      Ia-norm    0.7040   1.97   0.0492   0.0360     4.40  0    cut
 453  sn2002jy      Ia-norm    0.6999   1.96   0.1878   0.0184     1.10  0    cut
 454  sn2006X       Ia-norm    0.7094   1.96   0.0457   0.0349     6.20  0    cut
 455  sn2003ch      Ia-norm    0.6959   1.96   0.1826   0.0185     1.80  0    cut
 456  sn2001da      Ia-norm    0.6986   1.96   0.0563   0.0274     0.00  0    cut
 457  sn2003ch      Ia-norm    0.6999   1.96   0.0536   0.0233    -2.10  0    cut
 458  sn2001da      Ia-norm    0.6972   1.96   0.0548   0.0290     1.90  0    cut
 459  sn2004ef      Ia-norm    0.6877   1.96   0.0453   0.0347     6.30  0    cut
 460  sn2005am      Ia-norm    0.7053   1.96   0.1881   0.0186     2.00  0    cut
 461  sn2006bt      Ia-norm    0.6877   1.96   0.0472   0.0309     5.70  0    cut
 462  sn2005am      Ia-norm    0.7107   1.95   0.0601   0.0265    -2.90  0    cut
 463  sn2006bw      Ia-norm    0.6877   1.95   0.1811   0.0178     4.90  0    cut
 464  sn1999cc      Ia-norm    0.6972   1.95   0.0559   0.0272    -0.20  0    cut
 465  sn1998bu      Ia-norm    0.6972   1.95   0.1878   0.0210    -1.60  0    cut
 466  sn2004L       Ia-norm    0.6986   1.94   0.0444   0.0350     5.30  0    cut
 467  sn2001eh      Ia-91T     0.6959   1.94   0.1882   0.0191     5.70  0    cut
 468  sn2000fa      Ia-norm    0.7135   1.94   0.0557   0.0269     1.30  0    cut
 469  sn2006gt      Ia-91bg    0.6755   1.94   0.1846   0.0191     1.30  0    cut
 470  sn2004bg      Ia-norm    0.6986   1.94   0.1838   0.0181     2.60  0    cut
 471  sn2002bo      Ia-norm    0.7473   1.94   0.1929   0.0201    -1.50  0    cut
 472  sn2003hv      Ia-norm    0.6607   1.94   0.1804   0.0206     3.20  0    cut
 473  sn2001ay      Ia-norm    0.6986   1.94   0.0480   0.0304     4.20  0    cut
 474  sn2002hd      Ia-norm    0.6986   1.93   0.1848   0.0172     1.40  0    cut
 475  sn2006bt      Ia-norm    0.6877   1.93   0.0470   0.0297     4.70  0    cut
 476  sn2003cg      Ia-norm    0.7053   1.93   0.1869   0.0203    -1.00  0    cut
 477  sn2004as      Ia-norm    0.6999   1.93   0.0569   0.0284    -2.00  0    cut
 478  sn2002eu      Ia-norm    0.6986   1.93   0.0488   0.0350     5.00  0    cut
 479  sn2006lf      Ia-norm    0.6850   1.93   0.0492   0.0295     6.30  0    cut
 480  sn2002es      Ia-91bg    0.6972   1.93   0.0404   0.0341     2.10  0    cut
 481  sn2005am      Ia-norm    0.7067   1.93   0.1860   0.0181     3.90  0    cut
 482  sn2004gs      Ia-norm    0.6931   1.93   0.1881   0.0191    -3.20  0    cut
 483  sn2001bf      Ia-norm    0.6972   1.93   0.1834   0.0176     0.80  0    cut
 484  sn2003ch      Ia-norm    0.6986   1.92   0.0525   0.0243    -0.20  0    cut
 485  sn2007bm      Ia-norm    0.7094   1.92   0.1797   0.0190     6.60  0    cut
 486  sn2006X       Ia-norm    0.7080   1.92   0.0471   0.0349     5.20  0    cut
 487  sn1998aq      Ia-norm    0.6959   1.92   0.1863   0.0205     2.00  0    cut
 488  sn1999cc      Ia-norm    0.6986   1.91   0.0581   0.0264    -3.20  0    cut
 489  sn2002fk      Ia-norm    0.6972   1.91   0.1848   0.0203    -1.50  0    cut
 490  sn2002ha      Ia-norm    0.7013   1.90   0.0520   0.0277     5.60  0    cut
 491  sn2006bt      Ia-norm    0.6877   1.90   0.0499   0.0297     2.80  0    cut
 492  sn2005am      Ia-norm    0.7067   1.90   0.1856   0.0185     4.90  0    cut
 493  sn2000dk      Ia-norm    0.6972   1.89   0.0523   0.0279     0.80  0    cut
 494  sn1999ej      Ia-norm    0.6945   1.89   0.0549   0.0263    -1.80  0    cut
 495  sn2001el      Ia-norm    0.5862   1.89   0.1920   0.0178     1.20  0    cut
 496  sn1998dx      Ia-norm    0.6877   1.89   0.1834   0.0188     5.90  0    cut
 497  sn1996bk      Ia-norm    0.7067   1.89   0.0533   0.0331     2.50  0    cut
 498  sn2002jy      Ia-norm    0.6999   1.89   0.1884   0.0192     0.10  0    cut
 499  sn2002eu      Ia-norm    0.6986   1.89   0.0535   0.0287     1.10  0    cut
 500  sn2005am      Ia-norm    0.6904   1.89   0.1875   0.0185     3.00  0    cut
 501  sn1986G       Ia-91bg    0.5740   1.89   0.1861   0.0215    -0.70  0    cut
 502  sn1999cl      Ia-norm    0.6864   1.89   0.1888   0.0212     0.70  0    cut
 503  sn2005hk      Ia-pec     0.6282   1.89   0.1590   0.0238     3.60  0    cut
 504  sn1999dq      Ia-91T     0.6959   1.89   0.1892   0.0208     2.40  0    cut
 505  sn2006eq      Ia-norm    0.6579   1.88   0.0500   0.0356     4.70  0    cut
 506  sn2006gz      Ia-pec     0.6471   1.88   0.1870   0.0162     6.20  0    cut
 507  sn2007al      Ia-91bg    0.7013   1.88   0.1862   0.0279     5.30  0    cut
 508  sn1998V       Ia-norm    0.6999   1.88   0.1873   0.0187     1.30  0    cut
 509  sn2007hj      Ia-norm    0.6999   1.88   0.0474   0.0454     6.30  0    cut
 510  sn2004gs      Ia-norm    0.6904   1.88   0.1839   0.0186    -0.30  0    cut
 511  sn2006bt      Ia-norm    0.6877   1.88   0.0507   0.0274    -0.10  0    cut
 512  sn2001ep      Ia-norm    0.7026   1.88   0.0484   0.0327     6.80  0    cut
 513  sn2006bt      Ia-norm    0.6877   1.87   0.0497   0.0296     1.90  0    cut
 514  sn2006X       Ia-norm    0.7080   1.87   0.0484   0.0346     4.20  0    cut
 515  sn2007co      Ia-norm    0.6904   1.87   0.1858   0.0202     5.70  0    cut
 516  sn2004bg      Ia-norm    0.6959   1.87   0.1867   0.0210    -3.00  0    cut
 517  sn1999ej      Ia-norm    0.6986   1.87   0.0534   0.0273     1.10  0    cut
 518  sn2001bg      Ia-norm    0.6999   1.87   0.0561   0.0283     4.20  0    cut
 519  sn1992A       Ia-norm    0.7473   1.87   0.1915   0.0186     5.90  0    cut
 520  sn1998bp      Ia-norm    0.6986   1.87   0.0523   0.0307    -0.90  0    cut
 521  sn2002er      Ia-norm    0.7013   1.86   0.0548   0.0285     4.10  0    cut
 522  sn2003it      Ia-norm    0.6972   1.86   0.1882   0.0182     0.80  0    cut
 523  sn1996X       Ia-norm    0.7094   1.86   0.1862   0.0215    -1.80  0    cut
 524  sn1998bp      Ia-norm    0.6986   1.86   0.0526   0.0303    -1.90  0    cut
 525  sn2003it      Ia-norm    0.6986   1.86   0.1868   0.0179     2.70  0    cut
 526  sn1995E       Ia-norm    0.6593   1.86   0.1846   0.0204     5.90  0    cut
 527  sn2007nq      Ia-norm    0.6755   1.86   0.1845   0.0188     6.30  0    cut
 528  sn1998dh      Ia-norm    0.7013   1.86   0.0577   0.0246    -0.60  0    cut
 529  sn1994M       Ia-norm    0.6918   1.85   0.0599   0.0263     1.60  0    cut
 530  sn2003it      Ia-norm    0.6972   1.85   0.1892   0.0187    -0.20  0    cut
 531  sn2001en      Ia-norm    0.6999   1.85   0.0540   0.0296     5.30  0    cut
 532  sn1998eg      Ia-norm    0.6877   1.85   0.1864   0.0183    -0.80  0    cut
 533  sn2000ce      Ia-norm    0.7013   1.85   0.0519   0.0320     6.70  0    cut
 534  sn2006bt      Ia-norm    0.6864   1.85   0.0499   0.0290     0.90  0    cut
 535  sn1986G       Ia-91bg    0.6810   1.85   0.0514   0.0350    -2.70  0    cut
 536  sn1998aq      Ia-norm    0.6959   1.85   0.1857   0.0208     3.00  0    cut
 537  sn2003it      Ia-norm    0.6945   1.84   0.1894   0.0189    -1.10  0    cut
 538  sn1994M       Ia-norm    0.6783   1.84   0.0605   0.0279     4.70  0    cut
 539  sn2006lf      Ia-norm    0.6864   1.84   0.0511   0.0306     5.30  0    cut
 540  sn2003it      Ia-norm    0.6986   1.84   0.1874   0.0182     1.70  0    cut
 541  sn2003cq      Ia-norm    0.6999   1.84   0.0521   0.0304     2.00  0    cut
 542  sn1999ej      Ia-norm    0.6999   1.84   0.0520   0.0281     3.10  0    cut
 543  sn1998bp      Ia-norm    0.6986   1.84   0.0529   0.0311    -2.90  0    cut
 544  sn2006D       Ia-norm    0.7067   1.84   0.1878   0.0193     4.50  0    cut
 545  sn2004gs      Ia-norm    0.6918   1.84   0.1854   0.0190    -1.20  0    cut
 546  sn1994D       Ia-norm    0.7148   1.83   0.1894   0.0211    -3.10  0    cut
 547  sn1986G       Ia-91bg    0.6133   1.83   0.1892   0.0219    -3.00  0    cut
 548  sn2001N       Ia-norm    0.6661   1.83   0.0510   0.0368     4.40  0    cut
 549  sn2003it      Ia-norm    0.6986   1.83   0.1901   0.0191    -2.20  0    cut
 550  sn2001ay      Ia-norm    0.6986   1.83   0.0493   0.0307     3.30  0    cut
 551  sn2002cr      Ia-norm    0.6972   1.83   0.0527   0.0232    -2.40  0    cut
 552  sn2005hc      Ia-norm    0.6728   1.83   0.1845   0.0212     6.30  0    cut
 553  sn2006ev      Ia-norm    0.6904   1.83   0.1855   0.0192     5.50  0    cut
 554  sn2002kf      Ia-norm    0.6986   1.82   0.0567   0.0241     2.20  0    cut
 555  sn2001bg      Ia-norm    0.6999   1.82   0.0557   0.0296     5.10  0    cut
 556  sn2001en      Ia-norm    0.6999   1.82   0.0579   0.0262     1.50  0    cut
 557  sn1994M       Ia-norm    0.7162   1.82   0.0518   0.0330     6.60  0    cut
 558  sn2002jy      Ia-norm    0.6999   1.82   0.1869   0.0182     3.00  0    cut
 559  sn2000dm      Ia-norm    0.6972   1.82   0.0552   0.0274    -2.90  0    cut
 560  sn1998bp      Ia-norm    0.6972   1.81   0.0515   0.0315     0.10  0    cut
 561  sn2000fa      Ia-norm    0.7013   1.81   0.0552   0.0287     2.20  0    cut
 562  sn2002cd      Ia-norm    0.6999   1.81   0.0569   0.0349     3.20  0    cut
 563  sn2004dt      Ia-norm    0.7473   1.81   0.0605   0.0225    -3.00  0    cut
 564  sn2003U       Ia-norm    0.6986   1.81   0.1866   0.0179    -0.70  0    cut
 565  sn1989B       Ia-norm    0.6173   1.80   0.1826   0.0186     4.60  0    cut
 566  sn2001en      Ia-norm    0.7013   1.80   0.0530   0.0319     6.30  0    cut
 567  sn2002eu      Ia-norm    0.6999   1.80   0.1840   0.0179     3.00  0    cut
 568  sn1997bp      Ia-norm    0.7026   1.79   0.0570   0.0350     3.80  0    cut
 569  sn2005cg      Ia-norm    0.4319   1.79   0.1902   0.0184    -0.10  0    cut
 570  sn2001en      Ia-norm    0.6999   1.79   0.0552   0.0297     4.40  0    cut
 571  sn2000dk      Ia-norm    0.6986   1.79   0.0502   0.0329     3.70  0    cut
 572  sn2002kf      Ia-norm    0.6986   1.79   0.0537   0.0287     6.00  0    cut
 573  sn2006gt      Ia-91bg    0.6742   1.79   0.1841   0.0196     2.30  0    cut
 574  sn2007hj      Ia-norm    0.6999   1.79   0.1865   0.0192     2.40  0    cut
 575  sn1998ec      Ia-norm    0.6959   1.78   0.0603   0.0278    -3.00  0    cut
 576  sn1998bp      Ia-norm    0.6972   1.78   0.0505   0.0323     1.00  0    cut
 577  sn2002he      Ia-norm    0.6986   1.78   0.0547   0.0305     3.70  0    cut
 578  sn1999aa      Ia-91T     0.6688   1.78   0.1835   0.0227     6.70  0    cut
 579  sn2002kf      Ia-norm    0.6999   1.78   0.0552   0.0254     3.10  0    cut
 580  sn2004ef      Ia-norm    0.6877   1.78   0.0554   0.0305    -0.40  0    cut
 581  sn2007cg      Ia-norm    0.6539   1.77   0.0573   0.0342     6.50  0    cut
 582  sn2001ay      Ia-norm    0.7473   1.77   0.0487   0.0299     3.30  0    cut
 583  sn2002hw      Ia-norm    0.6986   1.77   0.0545   0.0315    -3.20  0    cut
 584  sn2003it      Ia-norm    0.6972   1.77   0.1900   0.0191    -3.20  0    cut
 585  sn2004dt      Ia-norm    0.7473   1.77   0.0579   0.0245    -1.00  0    cut
 586  sn2004dt      Ia-norm    0.7473   1.77   0.1929   0.0258    -0.70  0    cut
 587  sn2005A       Ia-norm    0.6877   1.77   0.1926   0.0249     1.50  0    cut
 588  sn2006bz      Ia-91bg    0.6891   1.77   0.0456   0.0444    -0.30  0    cut
 589  sn2001E       Ia-norm    0.6972   1.76   0.0565   0.0340     2.80  0    cut
 590  sn2007hj      Ia-norm    0.7013   1.76   0.1854   0.0194     3.40  0    cut
 591  sn1998aq      Ia-norm    0.6972   1.76   0.1852   0.0213     4.00  0    cut
 592  sn2006bt      Ia-norm    0.6850   1.76   0.0510   0.0295    -1.00  0    cut
 593  sn1998ef      Ia-norm    0.6823   1.76   0.0574   0.0291     1.30  0    cut
 594  sn2004ef      Ia-norm    0.6891   1.76   0.0566   0.0309    -1.50  0    cut
 595  sn2001fe      Ia-norm    0.7013   1.76   0.1895   0.0222     3.20  0    cut
 596  sn2006cp      Ia-norm    0.6918   1.75   0.1875   0.0214     6.30  0    cut
 597  sn1999bh      Ia-91bg    0.6390   1.75   0.1684   0.0205     5.10  0    cut
 598  sn1994T       Ia-norm    0.6471   1.75   0.1813   0.0244    -0.20  0    cut
 599  sn2008R       Ia-91bg    0.7013   1.75   0.1819   0.0190     5.30  0    cut
 600  sn2004at      Ia-norm    0.6999   1.75   0.1854   0.0193     2.20  0    cut
 601  sn2003it      Ia-norm    0.6999   1.75   0.1859   0.0189     3.70  0    cut
 602  sn2006X       Ia-norm    0.7080   1.75   0.0511   0.0344     2.30  0    cut
 603  sn2006H       Ia-91bg    0.7013   1.75   0.0433   0.0533     4.50  0    cut
 604  sn1999ef      Ia-norm    0.6945   1.74   0.1864   0.0200     6.70  0    cut
 605  sn2007co      Ia-norm    0.6918   1.74   0.1845   0.0210     6.60  0    cut
 606  sn1986G       Ia-91bg    0.5835   1.74   0.0475   0.0362     0.30  0    cut
 607  sn1995al      Ia-norm    0.7107   1.74   0.0522   0.0340     6.40  0    cut
 608  sn1998eg      Ia-norm    0.6810   1.74   0.1841   0.0179     4.10  0    cut
 609  sn2002jy      Ia-norm    0.6999   1.73   0.1854   0.0184     6.00  0    cut
 610  sn1997bp      Ia-norm    0.7013   1.73   0.0628   0.0302    -1.20  0    cut
 611  sn2002kf      Ia-norm    0.6999   1.73   0.0574   0.0246     1.10  0    cut
 612  sn1997cn      Ia-91bg    0.7013   1.73   0.0475   0.0534     3.90  0    cut
 613  sn1986G       Ia-91bg    0.5862   1.73   0.0465   0.0366     1.30  0    cut
 614  sn2004bg      Ia-norm    0.6931   1.73   0.1817   0.0185     5.70  0    cut
 615  sn1997bp      Ia-norm    0.7013   1.73   0.0582   0.0346     2.80  0    cut
 616  sn2002kf      Ia-norm    0.7013   1.73   0.0550   0.0271     4.10  0    cut
 617  sn2007al      Ia-91bg    0.7040   1.72   0.1850   0.0315     3.30  0    cut
 618  sn2004at      Ia-norm    0.6999   1.72   0.1869   0.0197     0.20  0    cut
 619  sn2003gn      Ia-norm    0.6986   1.71   0.0579   0.0304    -3.00  0    cut
 620  sn2004at      Ia-norm    0.6999   1.71   0.1861   0.0197     1.20  0    cut
 621  sn2005mc      Ia-norm    0.6931   1.71   0.0427   0.0463     5.60  0    cut
 622  sn2006br      Ia-norm    0.6918   1.71   0.1885   0.0215     3.00  0    cut
 623  sn2002bo      Ia-norm    0.7473   1.71   0.1870   0.0214     5.20  0    cut
 624  sn2001bf      Ia-norm    0.6999   1.71   0.1794   0.0163     4.70  0    cut
 625  sn2006X       Ia-norm    0.7080   1.71   0.0525   0.0339     1.30  0    cut
 626  sn2005cc      Ia-pec     0.6837   1.70   0.1564   0.0267     4.60  0    cut
 627  sn2002he      Ia-norm    0.6999   1.70   0.0527   0.0324     5.60  0    cut
 628  sn1997bp      Ia-norm    0.7473   1.69   0.2055   0.0225    -3.00  0    cut
 629  sn2000cx      Ia-pec     0.6173   1.69   0.1969   0.0215    -1.30  0    cut
 630  sn2005bl      Ia-91bg    0.7473   1.69   0.0363   0.0522     4.70  0    cut
 631  sn2006ac      Ia-norm    0.6959   1.69   0.1856   0.0203     6.20  0    cut
 632  sn2004dt      Ia-norm    0.7473   1.69   0.1862   0.0226     3.80  0    cut
 633  sn1984A       Ia-norm    0.5334   1.69   0.1996   0.0238    -2.80  0    cut
 634  sn1990N       Ia-norm    0.5794   1.69   0.1810   0.0219     1.60  0    cut
 635  sn2003ch      Ia-norm    0.6986   1.69   0.1837   0.0193     0.80  0    cut
 636  sn2003ch      Ia-norm    0.6959   1.68   0.1794   0.0189     4.80  0    cut
 637  sn1998de      Ia-91bg    0.7013   1.68   0.0562   0.0425    -3.20  0    cut
 638  sn2006bz      Ia-91bg    0.6931   1.68   0.0445   0.0461     0.70  0    cut
 639  sn2003it      Ia-norm    0.6972   1.68   0.1847   0.0189     5.70  0    cut
 640  sn2004ef      Ia-norm    0.6891   1.68   0.1885   0.0204     1.50  0    cut
 641  sn2003ch      Ia-norm    0.6959   1.67   0.1794   0.0192     3.80  0    cut
 642  sn2004dt      Ia-norm    0.7473   1.67   0.1880   0.0273     3.30  0    cut
 643  sn2007ba      Ia-91bg    0.6444   1.67   0.0501   0.0347     6.00  0    cut
 644  sn2001ay      Ia-norm    0.7473   1.67   0.0462   0.0381     5.80  0    cut
 645  sn1996ai      Ia-norm    0.7080   1.67   0.1862   0.0155     4.20  0    cut
 646  sn2007ba      Ia-91bg    0.6823   1.66   0.0400   0.0461     5.10  0    cut
 647  sn1994T       Ia-norm    0.6471   1.66   0.1814   0.0240     0.80  0    cut
 648  sn1999by      Ia-91bg    0.7473   1.66   0.1869   0.0251    -3.00  0    cut
 649  sn2004ef      Ia-norm    0.6864   1.66   0.1899   0.0208     0.60  0    cut
 650  sn2006bt      Ia-norm    0.6864   1.66   0.0521   0.0312    -2.90  0    cut
 651  sn1997bp      Ia-norm    0.7053   1.66   0.0615   0.0326    -0.20  0    cut
 652  sn2006ot      Ia-norm    0.6688   1.65   0.1932   0.0224    -0.40  0    cut
 653  sn2003du      Ia-norm    0.6972   1.65   0.1853   0.0221     1.10  0    cut
 654  sn1997bp      Ia-norm    0.7053   1.65   0.0586   0.0348     1.80  0    cut
 655  sn2004ef      Ia-norm    0.6891   1.65   0.1881   0.0204     2.50  0    cut
 656  sn1999aw      Ia-91T     0.6038   1.65   0.1949   0.0205    -1.00  0    cut
 657  sn2004dt      Ia-norm    0.6891   1.65   0.0546   0.0261     1.00  0    cut
 658  sn1998co      Ia-norm    0.6986   1.65   0.1817   0.0193     3.90  0    cut
 659  sn2003ch      Ia-norm    0.6986   1.64   0.1771   0.0215     6.70  0    cut
 660  sn1999cc      Ia-norm    0.6986   1.63   0.1863   0.0192     1.70  0    cut
 661  sn2004gs      Ia-norm    0.6918   1.63   0.1835   0.0202     1.70  0    cut
 662  sn2003cg      Ia-norm    0.6431   1.63   0.1901   0.0230    -2.80  0    cut
 663  sn1989B       Ia-norm    0.6173   1.62   0.1813   0.0201     6.60  0    cut
 664  sn1997bp      Ia-norm    0.7013   1.62   0.0598   0.0340     0.80  0    cut
 665  sn2008af      Ia-norm    0.6891   1.62   0.1861   0.0207     5.90  0    cut
 666  sn2006H       Ia-91bg    0.7013   1.61   0.0475   0.0621     6.50  0    cut
 667  sn2007ax      Ia-91bg    0.7107   1.61   0.1921   0.0310    -0.80  0    cut
 668  sn1994M       Ia-norm    0.6674   1.61   0.1906   0.0255     3.70  0    cut
 669  sn2001ay      Ia-norm    0.6999   1.60   0.0524   0.0335     1.30  0    cut
 670  sn2004gs      Ia-norm    0.6918   1.60   0.1818   0.0196     3.60  0    cut
 671  sn2004gs      Ia-norm    0.6918   1.60   0.1824   0.0191     2.60  0    cut
 672  sn2006hb      Ia-91bg    0.6999   1.60   0.1836   0.0196     6.80  0    cut
 673  sn2007cg      Ia-norm    0.6539   1.60   0.1871   0.0236     5.50  0    cut
 674  sn1994D       Ia-norm    0.7135   1.60   0.1870   0.0212    -0.10  0    cut
 675  sn2006gt      Ia-91bg    0.6742   1.60   0.1840   0.0204     3.30  0    cut
 676  sn2004dt      Ia-norm    0.7473   1.60   0.1890   0.0256     2.30  0    cut
 677  sn2000cx      Ia-pec     0.6227   1.59   0.1936   0.0228     6.60  0    cut
 678  sn2002fb      Ia-91bg    0.6959   1.59   0.1952   0.0340    -2.70  0    cut
 679  sn1998de      Ia-91bg    0.7013   1.59   0.0517   0.0454    -0.30  0    cut
 680  sn2006em      Ia-91bg    0.6972   1.59   0.1944   0.0363     3.70  0    cut
 681  sn2007jg      Ia-norm    0.6823   1.59   0.1986   0.0255    -2.30  0    cut
 682  sn1994T       Ia-norm    0.6498   1.57   0.0564   0.0323     1.70  0    cut
 683  sn2006bq      Ia-norm    0.6931   1.57   0.1907   0.0239     5.30  0    cut
 684  sn1986G       Ia-91bg    0.6552   1.55   0.0487   0.0403    -0.20  0    cut
 685  sn2006cj      Ia-norm    0.6525   1.55   0.1931   0.0257    -2.10  0    cut
 686  sn1994M       Ia-norm    0.6891   1.54   0.1872   0.0223     2.60  0    cut
 687  sn2003ch      Ia-norm    0.7405   1.54   0.1799   0.0194     5.60  0    cut
 688  sn2003it      Ia-norm    0.6891   1.54   0.1841   0.0198     6.60  0    cut
 689  sn2002cd      Ia-norm    0.6945   1.54   0.1995   0.0342     0.30  0    cut
 690  sn1999da      Ia-91bg    0.6986   1.54   0.0510   0.0405    -2.60  0    cut
 691  sn2001ay      Ia-norm    0.6999   1.54   0.0564   0.0318    -1.50  0    cut
 692  sn1994M       Ia-norm    0.6769   1.53   0.1847   0.0245     5.60  0    cut
 693  sn2004dt      Ia-norm    0.6891   1.53   0.0527   0.0275     2.00  0    cut
 694  sn2003ch      Ia-norm    0.6999   1.53   0.1816   0.0213     2.80  0    cut
 695  sn1997dt      Ia-norm    0.6959   1.52   0.1858   0.0216     0.20  0    cut
 696  sn1986G       Ia-91bg    0.6552   1.51   0.0494   0.0415     0.80  0    cut
 697  sn2006bz      Ia-91bg    0.6769   1.51   0.0458   0.0470    -1.40  0    cut
 698  sn2002fb      Ia-91bg    0.6959   1.51   0.1959   0.0389     0.30  0    cut
 699  sn2007ax      Ia-91bg    0.7107   1.50   0.1932   0.0623    -1.90  0    cut
 700  sn2002es      Ia-91bg    0.6986   1.50   0.1677   0.0260     4.10  0    cut
 701  sn1997dt      Ia-norm    0.6986   1.50   0.1842   0.0202     2.20  0    cut
 702  sn2006H       Ia-91bg    0.7040   1.49   0.1854   0.0257     5.50  0    cut
 703  sn2002cd      Ia-norm    0.6972   1.49   0.1976   0.0322     2.20  0    cut
 704  sn1986G       Ia-91bg    0.6539   1.49   0.0523   0.0404    -2.20  0    cut
 705  sn1991bg      Ia-91bg    0.7365   1.48   0.0460   0.0542     0.90  0    cut
 706  sn2005cg      Ia-norm    0.4319   1.48   0.1895   0.0192     4.80  0    cut
 707  sn2007ba      Ia-91bg    0.6796   1.48   0.1872   0.0231     3.10  0    cut
 708  sn2004dt      Ia-norm    0.6431   1.48   0.1971   0.0261    -2.00  0    cut
 709  sn2005gj      Ia-csm     0.6363   1.47   0.1765   0.0288    -1.80  0    cut
 710  sn1998de      Ia-91bg    0.7013   1.47   0.0494   0.0526     2.70  0    cut
 711  sn1998de      Ia-91bg    0.6999   1.47   0.0529   0.0468    -2.20  0    cut
 712  sn2002cs      Ia-norm    0.6986   1.46   0.0594   0.0322     3.30  0    cut
 713  sn1986G       Ia-91bg    0.6566   1.45   0.0516   0.0408    -1.20  0    cut
 714  sn2007al      Ia-91bg    0.7067   1.44   0.1836   0.0942     4.30  0    cut
 715  sn1994T       Ia-norm    0.6458   1.42   0.1789   0.0262     4.70  0    cut
 716  sn1999gh      Ia-norm    0.6986   1.41   0.0513   0.0442     5.50  0    cut
 717  sn2005bl      Ia-91bg    0.7121   1.37   0.1835   0.0420    -2.90  0    cut
 718  sn2005hj      Ia-91T     0.4535   1.37   0.1866   0.0177     3.30  0    cut
 719  sn1991bg      Ia-91bg    0.7080   1.36   0.1879   0.0427     2.10  0    cut
 720  sn2002es      Ia-91bg    0.6972   1.36   0.1683   0.0263     5.10  0    cut
 721  sn2005ke      Ia-91bg    0.7067   1.35   0.1823   0.0299     0.50  0    cut
 722  sn1999gh      Ia-norm    0.6999   1.33   0.0511   0.0735     6.50  0    cut
 723  sn2005cg      Ia-norm    0.4305   1.32   0.1891   0.0205     6.70  0    cut
 724  sn2007ax      Ia-91bg    0.6918   1.30   0.0500   0.0620     1.10  0    cut
 725  sn2005ke      Ia-91bg    0.7135   1.27   0.1811   0.0327     2.40  0    cut
 726  sn1999by      Ia-91bg    0.7026   1.26   0.1875   0.0556     5.90  0    cut
 727  sn2005ke      Ia-91bg    0.7135   1.26   0.1795   0.0355     6.40  0    cut
 728  sn1999by      Ia-91bg    0.7013   1.26   0.1862   0.0536     5.00  0    cut
 729  sn1999by      Ia-91bg    0.7013   1.03   0.0513   0.0776     4.00  0    cut
