### SNID output file ###
 
### input spectrum and options ###
# Input spectrum                 : 20364_-2.10.dat
# Parameter file                 : NA
# Wavelength range               :    4000.00   9000.00
# Mask file                      : NA
# Median filtering width [A]     : NA
# Median filtering width [pix]   :       1.00
# Clip emission redshift         :     0.2173
# Clip sky lines                 : 0
# Emission clip width [A]        :       0.22
# Keep A-band                    : 1
# Age range                      :      -7.10      2.90
# Delta range                    :      -9.99     99.90
# Min. number of spectra/template:   1
# Use only templates             : NA
# Use only types                 : Ia
# Avoid templates                : NA
# Avoid types                    : NA
# rlapmin                        :       5.00
# Redshift range                 :    -0.0100    1.2000
# Forced initial redshift        :     0.2173
# Extra fake redshift            : NA
# Nsigma for initial redshift    : NA
# Redshift filter                :     0.0200
# Wavenumbers k1,k2,k3,k4        :     1    4   85  102
# Template directory             : /home/djperrefort/snid-5.0/templates-2.0/
 
### initial/user-input redshift ###
zinit       0.0000
zuser       0.2173
 
### median redshift/age and error ###
zmed        0.2190    0.0051
agem         -2.00      2.74
 
### type fraction/redshift/age ###
#type ntemp fraction slope redshift redshift_error age age_error
Ia            163      1.00    0.0000    0.2190    0.0051    -2.000     2.745
Ia-norm       138      0.85    0.0655    0.2196    0.0051    -2.100     2.835
Ia-91T         25      0.15   -0.0664    0.2160    0.0035    -1.000     2.071
Ia-91bg         0      0.00    0.0000    0.0000    0.0000     0.000     0.000
Ia-csm          0      0.00    0.0000    0.0000    0.0000     0.000     0.000
Ia-pec          0      0.00    0.0000    0.0000    0.0000     0.000     0.000
###
Ib              0      0.00    0.0000    0.0000    0.0000     0.000     0.000
Ib-norm         0      0.00    0.0000    0.0000    0.0000     0.000     0.000
Ib-pec          0      0.00    0.0000    0.0000    0.0000     0.000     0.000
IIb             0      0.00    0.0000    0.0000    0.0000     0.000     0.000
###
Ic              0      0.00    0.0000    0.0000    0.0000     0.000     0.000
Ic-norm         0      0.00    0.0000    0.0000    0.0000     0.000     0.000
Ic-pec          0      0.00    0.0000    0.0000    0.0000     0.000     0.000
Ic-broad        0      0.00    0.0000    0.0000    0.0000     0.000     0.000
###
II              0      0.00    0.0000    0.0000    0.0000     0.000     0.000
IIP             0      0.00    0.0000    0.0000    0.0000     0.000     0.000
II-pec          0      0.00    0.0000    0.0000    0.0000     0.000     0.000
IIn             0      0.00    0.0000    0.0000    0.0000     0.000     0.000
IIL             0      0.00    0.0000    0.0000    0.0000     0.000     0.000
###
NotSN           0      0.00    0.0000    0.0000    0.0000     0.000     0.000
AGN             0      0.00    0.0000    0.0000    0.0000     0.000     0.000
Gal             0      0.00    0.0000    0.0000    0.0000     0.000     0.000
LBV             0      0.00    0.0000    0.0000    0.0000     0.000     0.000
M-star          0      0.00    0.0000    0.0000    0.0000     0.000     0.000
 
### rlap-ordered template listings ###
#no. sn type lap rlap z zerr age age_flag grade
   1  sn1992A       Ia-norm    0.7514   8.66   0.2322   0.0067    -5.40  0   good
   2  sn2006cj      Ia-norm    0.7405   7.86   0.2180   0.0076    -0.20  0   good
   3  sn1997bp      Ia-norm    0.8055   7.72   0.2408   0.0087    -3.00  0    bad
   4  sn1992A       Ia-norm    0.7514   7.39   0.2271   0.0076    -0.80  0   good
   5  sn2002er      Ia-norm    0.7879   7.29   0.2266   0.0082    -7.00  0   good
   6  sn2007jg      Ia-norm    0.7500   7.15   0.2333   0.0092    -2.30  0   good
   7  sn2008Q       Ia-norm    0.7473   7.05   0.2227   0.0083    -6.20  0   good
   8  sn2006ot      Ia-norm    0.7487   7.00   0.2270   0.0085    -0.40  0   good
   9  sn1998dx      Ia-norm    0.6322   6.98   0.2213   0.0083    -1.70  0   good
  10  sn2002dj      Ia-norm    0.8055   6.95   0.2304   0.0090    -3.60  0   good
  11  sn2006al      Ia-norm    0.7053   6.91   0.2158   0.0082     2.50  0   good
  12  sn2004dt      Ia-norm    0.8055   6.91   0.2394   0.0095    -6.50  0    bad
  13  sn1995E       Ia-norm    0.6593   6.90   0.2158   0.0092    -2.90  0   good
  14  sn2006lf      Ia-norm    0.7135   6.87   0.2220   0.0083    -6.50  0   good
  15  sn2006N       Ia-norm    0.7392   6.79   0.2208   0.0082    -3.30  0   good
  16  sn2007bd      Ia-norm    0.7446   6.70   0.2248   0.0088    -4.20  0   good
  17  sn2005na      Ia-norm    0.7432   6.69   0.2136   0.0088     1.40  0   good
  18  sn2008Q       Ia-norm    0.7446   6.56   0.2208   0.0085    -3.20  0   good
  19  sn2007S       Ia-91T     0.7432   6.54   0.2160   0.0081    -0.70  0   good
  20  sn1989B       Ia-norm    0.6498   6.52   0.2113   0.0087     2.60  0   good
  21  sn2005na      Ia-norm    0.7405   6.51   0.2146   0.0088    -1.50  0   good
  22  sn2007kk      Ia-norm    0.7473   6.49   0.2239   0.0090    -1.70  0   good
  23  sn2005iq      Ia-norm    0.7446   6.48   0.2194   0.0093    -6.00  0   good
  24  sn2003cg      Ia-norm    0.7283   6.47   0.2169   0.0088    -2.10  0   good
  25  sn2008Q       Ia-norm    0.7419   6.43   0.2200   0.0089    -2.20  0   good
  26  sn2006ax      Ia-norm    0.7419   6.41   0.2167   0.0094    -6.40  0   good
  27  sn2006lf      Ia-norm    0.7135   6.39   0.2219   0.0085    -4.50  0   good
  28  sn2005el      Ia-norm    0.7392   6.38   0.2191   0.0091    -4.80  0   good
  29  sn2005ki      Ia-norm    0.7392   6.34   0.2156   0.0088     1.00  0   good
  30  sn2001br      Ia-norm    0.8055   6.34   0.2216   0.0093     2.50  0   good
  31  sn2008bf      Ia-norm    0.7432   6.32   0.2199   0.0086     0.70  0   good
  32  sn2006N       Ia-norm    0.7419   6.31   0.2196   0.0089    -1.30  0   good
  33  sn2005el      Ia-norm    0.7419   6.30   0.2186   0.0090    -3.90  0   good
  34  sn1998es      Ia-91T     0.7365   6.29   0.2160   0.0086    -2.40  0   good
  35  sn1998dx      Ia-norm    0.6309   6.29   0.2181   0.0089     2.10  0   good
  36  sn2002er      Ia-norm    0.7784   6.28   0.2207   0.0093    -4.00  0   good
  37  sn2006N       Ia-norm    0.7311   6.24   0.2169   0.0087     0.70  0   good
  38  sn2006az      Ia-norm    0.7392   6.23   0.2137   0.0092    -1.00  0   good
  39  sn2003hu      Ia-91T     0.6972   6.23   0.2148   0.0092     0.10  0   good
  40  sn2003du      Ia-norm    0.7649   6.21   0.2166   0.0089    -2.20  0   good
  41  sn2007F       Ia-norm    0.7392   6.19   0.2176   0.0092    -1.80  0   good
  42  sn2005el      Ia-norm    0.7378   6.17   0.2195   0.0096    -5.80  0   good
  43  sn1998es      Ia-91T     0.7338   6.15   0.2148   0.0089     0.50  0   good
  44  sn1998es      Ia-91T     0.7365   6.15   0.2148   0.0089    -0.50  0   good
  45  sn1998dx      Ia-norm    0.6309   6.14   0.2204   0.0094    -0.70  0   good
  46  sn2007A       Ia-norm    0.7446   6.13   0.2154   0.0093    -3.40  0   good
  47  sn2006sr      Ia-norm    0.7419   6.11   0.2197   0.0089     1.00  0   good
  48  sn2006N       Ia-norm    0.7419   6.10   0.2161   0.0091     1.60  0   good
  49  sn2002he      Ia-norm    0.8055   6.10   0.2242   0.0092    -3.20  0   good
  50  sn2008Z       Ia-norm    0.7446   6.10   0.2218   0.0094    -5.30  0   good
  51  sn2008Q       Ia-norm    0.7473   6.10   0.2193   0.0091    -1.20  0   good
  52  sn2004eo      Ia-norm    0.8042   6.09   0.2184   0.0091    -5.60  0   good
  53  sn1990O       Ia-norm    0.8055   6.08   0.2301   0.0102    -6.60  0   good
  54  sn1989B       Ia-norm    0.8055   6.08   0.2154   0.0091    -1.30  0   good
  55  sn2007F       Ia-norm    0.7405   6.07   0.2220   0.0092    -5.70  0   good
  56  sn1992A       Ia-norm    0.7527   6.07   0.2253   0.0094     2.00  0   good
  57  sn2008Z       Ia-norm    0.7459   6.07   0.2210   0.0093    -4.30  0   good
  58  sn2000dn      Ia-norm    0.7189   6.06   0.2168   0.0098    -3.80  0   good
  59  sn2007fb      Ia-norm    0.7459   6.06   0.2175   0.0086     1.70  0   good
  60  sn2008Q       Ia-norm    0.7432   6.06   0.2187   0.0092    -0.30  0   good
  61  sn2007bd      Ia-norm    0.7459   6.04   0.2209   0.0090    -1.30  0   good
  62  sn2002dj      Ia-norm    0.8055   6.03   0.2325   0.0105    -4.60  0   good
  63  sn2007A       Ia-norm    0.7378   6.02   0.2152   0.0094    -2.40  0   good
  64  sn2006sr      Ia-norm    0.7459   6.01   0.2186   0.0092     2.00  0   good
  65  sn2008Z       Ia-norm    0.7446   5.99   0.2227   0.0095    -6.30  0   good
  66  sn2005cf      Ia-norm    0.7947   5.99   0.2190   0.0095    -1.20  0   good
  67  sn2007kk      Ia-norm    0.7459   5.98   0.2226   0.0098    -0.80  0   good
  68  sn1998es      Ia-91T     0.7324   5.98   0.2167   0.0090    -3.40  0   good
  69  sn2004fz      Ia-norm    0.7459   5.94   0.2177   0.0088    -6.80  0   good
  70  sn1998es      Ia-91T     0.7365   5.94   0.2139   0.0092     1.50  0   good
  71  sn2007F       Ia-norm    0.7432   5.93   0.2166   0.0095    -0.90  0   good
  72  sn2006N       Ia-norm    0.7378   5.93   0.2148   0.0093     2.60  0   good
  73  sn2002er      Ia-norm    0.7067   5.92   0.2248   0.0099    -6.00  0   good
  74  sn2006ot      Ia-norm    0.7487   5.90   0.2201   0.0102     2.50  0   good
  75  sn2006sr      Ia-norm    0.7432   5.89   0.2222   0.0091    -0.90  0   good
  76  sn2007F       Ia-norm    0.7473   5.89   0.2239   0.0095    -6.70  0   good
  77  sn2006cf      Ia-norm    0.7405   5.88   0.2120   0.0097     1.80  0   good
  78  sn2007bd      Ia-norm    0.7500   5.86   0.2178   0.0095     1.70  0   good
  79  sn1995E       Ia-norm    0.6945   5.85   0.2148   0.0096     1.00  0   good
  80  sn1995E       Ia-norm    0.6864   5.84   0.2151   0.0095    -0.90  0   good
  81  sn2008bf      Ia-norm    0.7432   5.84   0.2188   0.0095     2.60  0   good
  82  sn1994S       Ia-norm    0.5970   5.84   0.2170   0.0103    -3.00  0   good
  83  sn2005cf      Ia-norm    0.7960   5.80   0.2212   0.0100    -2.70  0   good
  84  sn1999aa      Ia-91T     0.7459   5.78   0.2173   0.0098    -3.10  0   good
  85  sn2007S       Ia-91T     0.7378   5.78   0.2178   0.0092    -2.70  0   good
  86  sn2005cf      Ia-norm    0.7879   5.77   0.2226   0.0102    -3.80  0   good
  87  sn2006S       Ia-norm    0.7446   5.77   0.2196   0.0095    -2.60  0   good
  88  sn2005eq      Ia-91T     0.7432   5.74   0.2146   0.0093     0.40  0   good
  89  sn2007bc      Ia-norm    0.7405   5.73   0.2156   0.0095    -2.60  0   good
  90  sn1996ab      Ia-norm    0.6227   5.72   0.2145   0.0103     1.30  0   good
  91  sn2005eu      Ia-norm    0.7419   5.69   0.2181   0.0103    -5.20  0   good
  92  sn1999aa      Ia-91T     0.8055   5.68   0.2130   0.0099     1.80  0   good
  93  sn1996X       Ia-norm    0.8055   5.68   0.2165   0.0100     0.10  0   good
  94  sn2006gr      Ia-norm    0.7487   5.67   0.2280   0.0102    -4.00  0   good
  95  sn2008ar      Ia-norm    0.7473   5.67   0.2178   0.0103     1.20  0   good
  96  sn2006et      Ia-norm    0.7473   5.67   0.2137   0.0089     2.40  0   good
  97  sn2002ha      Ia-norm    0.8055   5.66   0.2156   0.0104     1.70  0   good
  98  sn2006cz      Ia-91T     0.7405   5.65   0.2178   0.0102    -1.00  0   good
  99  sn2006cz      Ia-91T     0.7446   5.64   0.2201   0.0102    -3.90  0   good
 100  sn2006S       Ia-norm    0.7419   5.64   0.2223   0.0100    -5.50  0   good
 101  sn2002er      Ia-norm    0.8055   5.63   0.2259   0.0105    -5.00  0   good
 102  sn2007kk      Ia-norm    0.7500   5.63   0.2210   0.0103     1.10  0   good
 103  sn2004dt      Ia-norm    0.8055   5.62   0.2390   0.0115    -5.60  0    bad
 104  sn1990O       Ia-norm    0.8055   5.59   0.2286   0.0105    -5.60  0   good
 105  sn2006gr      Ia-norm    0.7446   5.59   0.2297   0.0107    -5.10  0   good
 106  sn2003du      Ia-norm    0.7487   5.58   0.2168   0.0101    -1.30  0   good
 107  sn2006cz      Ia-91T     0.7446   5.58   0.2190   0.0104    -2.00  0   good
 108  sn2006gr      Ia-norm    0.7514   5.58   0.2247   0.0099    -2.10  0   good
 109  sn2005el      Ia-norm    0.7432   5.58   0.2147   0.0095     2.10  0   good
 110  sn2005eq      Ia-91T     0.7432   5.57   0.2146   0.0100     1.30  0   good
 111  sn2006S       Ia-norm    0.7432   5.55   0.2171   0.0096     0.20  0   good
 112  sn2005bo      Ia-norm    0.7446   5.53   0.2140   0.0100    -0.10  0   good
 113  sn2007kk      Ia-norm    0.7500   5.52   0.2199   0.0103     2.10  0   good
 114  sn1998es      Ia-91T     0.7365   5.52   0.2172   0.0095    -4.40  0   good
 115  sn2005cf      Ia-norm    0.8042   5.50   0.2166   0.0098     1.50  0   good
 116  sn2005M       Ia-91T     0.7392   5.50   0.2080   0.0096     0.20  0   good
 117  sn2005eq      Ia-91T     0.7446   5.49   0.2174   0.0096    -3.50  0   good
 118  sn1999ac      Ia-91T     0.8042   5.48   0.2075   0.0098     2.70  0   good
 119  sn2002bo      Ia-norm    0.8015   5.47   0.2237   0.0105    -1.70  0   good
 120  sn2004fu      Ia-norm    0.7446   5.47   0.2267   0.0104    -3.50  0   good
 121  sn2006cq      Ia-norm    0.7446   5.47   0.2214   0.0108    -3.30  0   good
 122  sn2003ch      Ia-norm    0.8055   5.46   0.2138   0.0096     1.80  0   good
 123  sn1981B       Ia-norm    0.8055   5.44   0.2195   0.0102    -1.50  0   good
 124  sn2006S       Ia-norm    0.7432   5.43   0.2173   0.0097    -0.70  0   good
 125  sn2008ar      Ia-norm    0.7473   5.42   0.2206   0.0106    -0.70  0   good
 126  sn2004fu      Ia-norm    0.7446   5.42   0.2305   0.0109    -5.40  0   good
 127  sn2006oa      Ia-91T     0.7473   5.41   0.2147   0.0105    -0.10  0   good
 128  sn1996X       Ia-norm    0.8055   5.41   0.2157   0.0102     1.10  0   good
 129  sn2004dt      Ia-norm    0.8055   5.41   0.2354   0.0122    -3.70  0   good
 130  sn2005eu      Ia-norm    0.7459   5.40   0.2190   0.0106    -7.10  0   good
 131  sn2006ax      Ia-norm    0.7378   5.40   0.2123   0.0103     0.50  0   good
 132  sn2006S       Ia-norm    0.7378   5.40   0.2167   0.0097     1.20  0   good
 133  sn2007af      Ia-norm    0.7473   5.39   0.2189   0.0106    -5.60  0   good
 134  sn2006S       Ia-norm    0.7419   5.36   0.2215   0.0104    -4.60  0   good
 135  sn1994D       Ia-norm    0.8055   5.34   0.2221   0.0105    -4.30  0   good
 136  sn2007S       Ia-91T     0.7419   5.31   0.2180   0.0102    -3.70  0   good
 137  sn2003du      Ia-norm    0.8055   5.31   0.2203   0.0108    -6.10  0   good
 138  sn2006gr      Ia-norm    0.7459   5.27   0.2238   0.0103    -1.10  0   good
 139  sn2004fu      Ia-norm    0.7459   5.27   0.2323   0.0113    -6.40  0   good
 140  sn2006gj      Ia-norm    0.7446   5.27   0.2160   0.0098    -0.70  0   good
 141  sn2007af      Ia-norm    0.7473   5.24   0.2180   0.0106    -4.60  0   good
 142  sn1999aa      Ia-91T     0.7839   5.24   0.2102   0.0101    -1.60  0   good
 143  sn2004dt      Ia-norm    0.8055   5.24   0.2400   0.0121    -6.40  0    bad
 144  sn2007co      Ia-norm    0.7487   5.24   0.2282   0.0112    -5.10  0   good
 145  sn2003du      Ia-norm    0.7487   5.23   0.2168   0.0107    -0.30  0   good
 146  sn2006cp      Ia-norm    0.7419   5.23   0.2334   0.0121    -6.30  0   good
 147  sn2003du      Ia-norm    0.8055   5.20   0.2191   0.0106    -4.20  0   good
 148  sn2006gr      Ia-norm    0.7459   5.20   0.2316   0.0116    -6.00  0   good
 149  sn1994D       Ia-norm    0.7663   5.20   0.2196   0.0096    -2.30  0   good
 150  sn2008ar      Ia-norm    0.7459   5.20   0.2256   0.0115    -4.60  0   good
 151  sn2002bo      Ia-norm    0.8055   5.17   0.2273   0.0112    -4.80  0   good
 152  sn2006cj      Ia-norm    0.7392   5.17   0.2169   0.0117    -1.20  0   good
 153  sn2001az      Ia-91T     0.6972   5.17   0.2233   0.0113    -3.10  0   good
 154  sn2005bc      Ia-norm    0.6918   5.16   0.2229   0.0100    -5.00  0   good
 155  sn2002bo      Ia-norm    0.7744   5.14   0.2208   0.0107    -0.60  0   good
 156  sn2005cf      Ia-norm    0.8042   5.14   0.2190   0.0106    -1.50  0   good
 157  sn2007af      Ia-norm    0.7446   5.13   0.2174   0.0108    -3.60  0   good
 158  sn2006le      Ia-norm    0.7365   5.12   0.2318   0.0127    -6.80  0   good
 159  sn2003du      Ia-norm    0.7473   5.09   0.2152   0.0109     0.90  0   good
 160  sn2002er      Ia-norm    0.8055   5.08   0.2221   0.0111    -3.10  0   good
 161  sn2002er      Ia-norm    0.8055   5.08   0.2215   0.0110    -2.10  0   good
 162  sn1999aa      Ia-91T     0.7256   5.06   0.2183   0.0106    -4.10  0   good
 163  sn2004ef      Ia-norm    0.7473   5.05   0.2223   0.0106     0.60  0   good
 164  sn2002hu      Ia-91T     0.7013   5.02   0.2179   0.0100    -0.70  0   good
 165  sn2003ic      Ia-norm    0.6999   5.01   0.2240   0.0113    -4.10  0   good
 166  sn2006kf      Ia-norm    0.7446   5.01   0.2219   0.0105    -5.20  0   good
 167  sn2007co      Ia-norm    0.7459   5.00   0.2186   0.0106     0.80  0   good
#--- rlap cutoff
 168  sn1999ee      Ia-norm    0.8055   5.00   0.2177   0.0109     1.80  0    cut
 169  sn2007co      Ia-norm    0.7487   4.99   0.2194   0.0106    -0.20  0    cut
 170  sn2005cf      Ia-norm    0.7446   4.98   0.2175   0.0108    -0.30  0    cut
 171  sn2004dt      Ia-norm    0.7960   4.98   0.2349   0.0127    -3.00  0    cut
 172  sn2006gr      Ia-norm    0.7459   4.96   0.2332   0.0123    -6.90  0    cut
 173  sn2007co      Ia-norm    0.7459   4.95   0.2236   0.0111    -3.10  0    cut
 174  sn1994ae      Ia-norm    0.7013   4.94   0.2126   0.0114     0.00  0    cut
 175  sn2007S       Ia-91T     0.7405   4.93   0.2191   0.0108    -4.70  0    cut
 176  sn2006oa      Ia-91T     0.7487   4.93   0.2200   0.0118    -3.80  0    cut
 177  sn2001eh      Ia-91T     0.6972   4.93   0.2222   0.0109    -2.00  0    cut
 178  sn2003ic      Ia-norm    0.6972   4.92   0.2225   0.0116    -2.30  0    cut
 179  sn1991M       Ia-norm    0.7216   4.92   0.2206   0.0117     2.70  0    cut
 180  sn2008ar      Ia-norm    0.7432   4.91   0.2238   0.0118    -3.70  0    cut
 181  sn2005cf      Ia-norm    0.7473   4.91   0.2185   0.0112    -1.40  0    cut
 182  sn2005cf      Ia-norm    0.8055   4.90   0.2182   0.0114    -0.20  0    cut
 183  sn1994ae      Ia-norm    0.7013   4.90   0.2115   0.0114     2.00  0    cut
 184  sn2007co      Ia-norm    0.7487   4.89   0.2202   0.0111    -1.20  0    cut
 185  sn2007af      Ia-norm    0.7473   4.88   0.2166   0.0111    -2.60  0    cut
 186  sn2006oa      Ia-91T     0.7473   4.88   0.2176   0.0116    -2.00  0    cut
 187  sn2007af      Ia-norm    0.7459   4.88   0.2158   0.0112    -1.60  0    cut
 188  sn2005cf      Ia-norm    0.8055   4.86   0.2237   0.0122    -5.50  0    cut
 189  sn2001da      Ia-norm    0.8055   4.86   0.2236   0.0118    -1.00  0    cut
 190  sn1999ac      Ia-91T     0.7690   4.85   0.2080   0.0109     0.40  0    cut
 191  sn1999ee      Ia-norm    0.8055   4.85   0.2192   0.0114    -0.20  0    cut
 192  sn2007co      Ia-norm    0.7405   4.84   0.2173   0.0109     1.70  0    cut
 193  sn2002hu      Ia-91T     0.6959   4.83   0.2212   0.0124    -5.30  0    cut
 194  sn2005cf      Ia-norm    0.7446   4.83   0.2190   0.0115    -2.30  0    cut
 195  sn2004ef      Ia-norm    0.7473   4.82   0.2212   0.0109     1.50  0    cut
 196  sn1994ae      Ia-norm    0.7026   4.82   0.2120   0.0117     0.90  0    cut
 197  sn1999aw      Ia-91T     0.7798   4.82   0.2244   0.0114     0.00  0    cut
 198  sn2007ae      Ia-norm    0.7446   4.81   0.2148   0.0115     2.30  0    cut
 199  sn2004ef      Ia-norm    0.7514   4.81   0.2201   0.0112     2.50  0    cut
 200  sn2005cf      Ia-norm    0.7473   4.79   0.2166   0.0115     0.60  0    cut
 201  sn2005cf      Ia-norm    0.8042   4.79   0.2247   0.0121    -6.30  0    cut
 202  sn1996ai      Ia-norm    0.7446   4.77   0.2183   0.0108    -0.90  0    cut
 203  sn1994D       Ia-norm    0.7947   4.76   0.2230   0.0113    -5.30  0    cut
 204  sn2008ar      Ia-norm    0.7473   4.76   0.2228   0.0120    -2.70  0    cut
 205  sn2005cf      Ia-norm    0.7446   4.76   0.2161   0.0115     1.60  0    cut
 206  sn2005cf      Ia-norm    0.8055   4.76   0.2251   0.0124    -6.60  0    cut
 207  sn2006le      Ia-norm    0.7405   4.76   0.2194   0.0121     2.90  0    cut
 208  sn2001eh      Ia-91T     0.8055   4.74   0.2157   0.0112     2.70  0    cut
 209  sn2005cf      Ia-norm    0.7459   4.72   0.2210   0.0122    -4.40  0    cut
 210  sn1998es      Ia-91T     0.7419   4.71   0.2184   0.0112    -6.40  0    cut
 211  sn1998es      Ia-91T     0.7324   4.71   0.2181   0.0110    -5.40  0    cut
 212  sn2005cf      Ia-norm    0.7473   4.71   0.2200   0.0118    -3.40  0    cut
 213  sn2008ar      Ia-norm    0.7432   4.71   0.2281   0.0131    -6.60  0    cut
 214  sn2005M       Ia-91T     0.7405   4.71   0.2086   0.0116    -1.70  0    cut
 215  sn2007co      Ia-norm    0.7459   4.71   0.2254   0.0121    -4.10  0    cut
 216  sn2005cf      Ia-norm    0.7459   4.70   0.2216   0.0125    -5.40  0    cut
 217  sn2007co      Ia-norm    0.7459   4.69   0.2161   0.0112     2.70  0    cut
 218  sn2005eq      Ia-91T     0.7432   4.67   0.2182   0.0116    -5.40  0    cut
 219  sn2007af      Ia-norm    0.7459   4.66   0.2148   0.0114    -0.60  0    cut
 220  sn2005cf      Ia-norm    0.7459   4.65   0.2154   0.0115     2.50  0    cut
 221  sn2006gz      Ia-pec     0.6431   4.63   0.2257   0.0117    -4.50  0    cut
 222  sn2004fu      Ia-norm    0.7419   4.62   0.2197   0.0119     2.40  0    cut
 223  sn2003du      Ia-norm    0.7487   4.62   0.2122   0.0116     2.90  0    cut
 224  sn1999aa      Ia-91T     0.7297   4.61   0.2194   0.0114    -5.10  0    cut
 225  sn1984A       Ia-norm    0.7040   4.61   0.2500   0.0141    -6.70  0    cut
 226  sn2004S       Ia-norm    0.8055   4.60   0.2184   0.0122     1.60  0    cut
 227  sn2005am      Ia-norm    0.7405   4.58   0.2216   0.0111     2.00  0    cut
 228  sn2004ef      Ia-norm    0.7473   4.57   0.2236   0.0120    -0.40  0    cut
 229  sn2005M       Ia-91T     0.7392   4.56   0.2083   0.0113    -2.70  0    cut
 230  sn2001ep      Ia-norm    0.8055   4.55   0.2105   0.0122     2.80  0    cut
 231  sn2007af      Ia-norm    0.7378   4.53   0.2140   0.0115     0.30  0    cut
 232  sn2001eh      Ia-91T     0.6972   4.52   0.2209   0.0126    -0.10  0    cut
 233  sn2004ef      Ia-norm    0.7473   4.51   0.2252   0.0122    -1.50  0    cut
 234  sn2006cf      Ia-norm    0.7473   4.51   0.2094   0.0122     2.70  0    cut
 235  sn2006oa      Ia-91T     0.7500   4.47   0.2184   0.0129    -4.70  0    cut
 236  sn2007le      Ia-norm    0.7473   4.46   0.2324   0.0141    -6.40  0    cut
 237  sn1996bl      Ia-norm    0.7026   4.46   0.2228   0.0120    -2.20  0    cut
 238  sn2004dt      Ia-norm    0.7879   4.43   0.2323   0.0138    -1.00  0    cut
 239  sn2002ck      Ia-norm    0.7013   4.43   0.2172   0.0131    -0.60  0    cut
 240  sn2004ef      Ia-norm    0.7324   4.41   0.2333   0.0137    -6.20  0    cut
 241  sn2002er      Ia-norm    0.7568   4.38   0.2195   0.0129    -1.10  0    cut
 242  sn2007ci      Ia-norm    0.7432   4.37   0.2238   0.0116    -7.10  0    cut
 243  sn2004gs      Ia-norm    0.7459   4.33   0.2195   0.0118    -3.20  0    cut
 244  sn2002dj      Ia-norm    0.7839   4.31   0.2349   0.0140    -6.60  0    cut
 245  sn2001eh      Ia-91T     0.8055   4.31   0.2207   0.0132    -4.90  0    cut
 246  sn2005cf      Ia-norm    0.8055   4.29   0.2198   0.0124    -2.40  0    cut
 247  sn1999aa      Ia-91T     0.7270   4.28   0.2196   0.0121    -6.10  0    cut
 248  sn2006gz      Ia-pec     0.6390   4.26   0.2239   0.0124    -1.60  0    cut
 249  sn2002ck      Ia-norm    0.6877   4.26   0.2150   0.0127     2.30  0    cut
 250  sn2002ck      Ia-norm    0.6986   4.26   0.2161   0.0125     0.30  0    cut
 251  sn2000dn      Ia-norm    0.6986   4.23   0.2171   0.0123    -0.90  0    cut
 252  sn2006cm      Ia-norm    0.7446   4.23   0.2139   0.0123    -1.00  0    cut
 253  sn2000cf      Ia-norm    0.6999   4.20   0.2125   0.0120     2.90  0    cut
 254  sn2003iv      Ia-norm    0.6986   4.20   0.2204   0.0109    -1.40  0    cut
 255  sn1999gp      Ia-91T     0.6999   4.19   0.2237   0.0127     0.00  0    cut
 256  sn2003iv      Ia-norm    0.6972   4.16   0.2187   0.0111     1.40  0    cut
 257  sn1996C       Ia-norm    0.7053   4.14   0.2167   0.0124     2.00  0    cut
 258  sn2004ef      Ia-norm    0.7487   4.14   0.2288   0.0137    -3.30  0    cut
 259  sn2003it      Ia-norm    0.6972   4.13   0.2256   0.0122    -3.20  0    cut
 260  sn2004ef      Ia-norm    0.7378   4.12   0.2305   0.0145    -5.20  0    cut
 261  sn2007af      Ia-norm    0.7432   4.12   0.2118   0.0125     2.30  0    cut
 262  sn2007ci      Ia-norm    0.7432   4.11   0.2213   0.0117    -4.20  0    cut
 263  sn1996bl      Ia-norm    0.7040   4.11   0.2254   0.0131    -4.00  0    cut
 264  sn2003iv      Ia-norm    0.6972   4.10   0.2200   0.0111    -2.40  0    cut
 265  sn2007au      Ia-norm    0.7419   4.09   0.2238   0.0129    -5.60  0    cut
 266  sn2003iv      Ia-norm    0.6999   4.07   0.2188   0.0116     0.50  0    cut
 267  sn2004ef      Ia-norm    0.7473   4.07   0.2320   0.0146    -4.20  0    cut
 268  sn2002er      Ia-norm    0.8055   4.06   0.2147   0.0137     2.90  0    cut
 269  sn2000cx      Ia-pec     0.7906   4.06   0.2201   0.0106     0.70  0    cut
 270  sn2005mc      Ia-norm    0.7378   4.06   0.2175   0.0121    -2.20  0    cut
 271  sn2006oa      Ia-91T     0.7487   4.05   0.2211   0.0139    -5.70  0    cut
 272  sn1999aa      Ia-91T     0.7256   4.03   0.2201   0.0128    -7.10  0    cut
 273  sn2005A       Ia-norm    0.7392   4.03   0.2330   0.0149    -1.30  0    cut
 274  sn1999ac      Ia-91T     0.7283   4.01   0.2153   0.0140    -2.10  0    cut
 275  sn2003iv      Ia-norm    0.6972   4.00   0.2191   0.0112    -0.50  0    cut
 276  sn1999cl      Ia-norm    0.7094   4.00   0.2237   0.0140    -3.30  0    cut
 277  sn2007ci      Ia-norm    0.7419   4.00   0.2232   0.0122    -6.10  0    cut
 278  sn2003it      Ia-norm    0.6986   3.99   0.2249   0.0131    -2.20  0    cut
 279  sn2007au      Ia-norm    0.7405   3.98   0.2222   0.0129    -4.70  0    cut
 280  sn2002bo      Ia-norm    0.7473   3.96   0.2229   0.0146    -1.80  0    cut
 281  sn2001eh      Ia-91T     0.8055   3.95   0.2219   0.0142    -5.90  0    cut
 282  sn2000dg      Ia-norm    0.6986   3.93   0.2158   0.0120    -0.80  0    cut
 283  sn2002bo      Ia-norm    0.7473   3.91   0.2261   0.0148    -3.70  0    cut
 284  sn2005am      Ia-norm    0.7473   3.89   0.2277   0.0141    -2.90  0    cut
 285  sn2006br      Ia-norm    0.6945   3.89   0.2247   0.0127     0.20  0    cut
 286  sn2003it      Ia-norm    0.6945   3.89   0.2240   0.0136    -1.10  0    cut
 287  sn2007au      Ia-norm    0.7446   3.88   0.2199   0.0131    -3.80  0    cut
 288  sn2003it      Ia-norm    0.6972   3.87   0.2227   0.0130     0.80  0    cut
 289  sn2002aw      Ia-norm    0.6972   3.87   0.2183   0.0118    -0.90  0    cut
 290  sn2004dt      Ia-norm    0.7906   3.87   0.2403   0.0162    -4.50  0    cut
 291  sn1999dq      Ia-91T     0.6904   3.86   0.2215   0.0144    -2.50  0    cut
 292  sn2003it      Ia-norm    0.6972   3.85   0.2235   0.0134    -0.20  0    cut
 293  sn1999gp      Ia-91T     0.7013   3.85   0.2243   0.0143    -2.00  0    cut
 294  sn2003it      Ia-norm    0.6986   3.84   0.2210   0.0134     2.70  0    cut
 295  sn2007hj      Ia-norm    0.7459   3.83   0.2230   0.0135    -2.60  0    cut
 296  sn2003ch      Ia-norm    0.6959   3.82   0.2156   0.0121     1.80  0    cut
 297  sn1994D       Ia-norm    0.8055   3.82   0.2257   0.0154    -6.10  0    cut
 298  sn2003it      Ia-norm    0.6986   3.82   0.2219   0.0132     1.70  0    cut
 299  sn2007ci      Ia-norm    0.7446   3.79   0.2191   0.0126    -2.20  0    cut
 300  sn1999aw      Ia-91T     0.7459   3.79   0.2201   0.0152     2.90  0    cut
 301  sn2006cm      Ia-norm    0.7392   3.78   0.2188   0.0177    -1.90  0    cut
 302  sn1999dq      Ia-91T     0.6931   3.78   0.2204   0.0148     0.40  0    cut
 303  sn2002de      Ia-norm    0.6891   3.76   0.2208   0.0149     1.80  0    cut
 304  sn2002bo      Ia-norm    0.7473   3.76   0.2249   0.0151    -2.80  0    cut
 305  sn2004dt      Ia-norm    0.7595   3.75   0.2266   0.0154    -0.70  0    cut
 306  sn2000dg      Ia-norm    0.6945   3.75   0.2174   0.0134     0.20  0    cut
 307  sn2007ci      Ia-norm    0.7432   3.74   0.2186   0.0125    -1.20  0    cut
 308  sn1999aa      Ia-91T     0.6959   3.74   0.2208   0.0145    -0.20  0    cut
 309  sn2002aw      Ia-norm    0.6945   3.73   0.2181   0.0126     1.10  0    cut
 310  sn1996ai      Ia-norm    0.6891   3.72   0.2192   0.0124     0.10  0    cut
 311  sn1991T       Ia-91T     0.8055   3.70   0.2145   0.0138    -1.50  0    cut
 312  sn2007hj      Ia-norm    0.7419   3.69   0.2215   0.0135    -1.50  0    cut
 313  sn2002de      Ia-norm    0.6918   3.68   0.2229   0.0156    -2.20  0    cut
 314  sn2006nz      Ia-norm    0.7487   3.68   0.2329   0.0166    -1.70  0    cut
 315  sn2006bt      Ia-norm    0.8055   3.67   0.2208   0.0140    -3.90  0    cut
 316  sn1996X       Ia-norm    0.6931   3.66   0.2236   0.0134    -3.80  0    cut
 317  sn2007ci      Ia-norm    0.7405   3.64   0.2226   0.0131    -5.10  0    cut
 318  sn2001fe      Ia-norm    0.6945   3.63   0.2213   0.0153    -1.70  0    cut
 319  sn2001ex      Ia-norm    0.6999   3.63   0.2153   0.0111    -3.40  0    cut
 320  sn1999gp      Ia-91T     0.6999   3.62   0.2214   0.0152     2.90  0    cut
 321  sn1998aq      Ia-norm    0.6837   3.61   0.2213   0.0145    -0.90  0    cut
 322  sn2000dm      Ia-norm    0.6959   3.61   0.2219   0.0136    -2.90  0    cut
 323  sn1994D       Ia-norm    0.6891   3.60   0.2258   0.0148    -5.10  0    cut
 324  sn2002cd      Ia-norm    0.6918   3.60   0.2406   0.0185    -5.70  0    cut
 325  sn1999cl      Ia-norm    0.7013   3.60   0.2273   0.0158    -5.20  0    cut
 326  sn1999cl      Ia-norm    0.6999   3.59   0.2256   0.0158    -4.20  0    cut
 327  sn2006bt      Ia-norm    0.8055   3.57   0.2219   0.0144    -4.60  0    cut
 328  sn1998V       Ia-norm    0.6999   3.56   0.2199   0.0151     0.30  0    cut
 329  sn2004gs      Ia-norm    0.7459   3.55   0.2171   0.0140    -1.20  0    cut
 330  sn1999dq      Ia-91T     0.6931   3.54   0.2206   0.0158     2.40  0    cut
 331  sn2001G       Ia-norm    0.6904   3.54   0.2261   0.0159    -5.10  0    cut
 332  sn2002bo      Ia-norm    0.7459   3.54   0.2239   0.0159    -1.50  0    cut
 333  sn2006lf      Ia-norm    0.6823   3.53   0.2246   0.0149    -5.50  0    cut
 334  sn2002ha      Ia-norm    0.6972   3.52   0.2247   0.0149    -4.20  0    cut
 335  sn2004ef      Ia-norm    0.7473   3.52   0.2444   0.0194    -7.10  0    cut
 336  sn1999dq      Ia-91T     0.6918   3.52   0.2223   0.0155    -3.50  0    cut
 337  sn1999dq      Ia-91T     0.6931   3.51   0.2204   0.0156     1.40  0    cut
 338  sn1998aq      Ia-norm    0.6837   3.51   0.2208   0.0151     0.00  0    cut
 339  sn2006gt      Ia-91bg    0.7487   3.51   0.2149   0.0145     1.30  0    cut
 340  sn2001cp      Ia-norm    0.6999   3.49   0.2255   0.0165    -4.90  0    cut
 341  sn2001br      Ia-norm    0.6999   3.49   0.2298   0.0155    -0.40  0    cut
 342  sn2000cp      Ia-norm    0.6986   3.48   0.2191   0.0144    -1.50  0    cut
 343  sn2002cr      Ia-norm    0.6918   3.48   0.2217   0.0163    -6.30  0    cut
 344  sn1996X       Ia-norm    0.6945   3.46   0.2224   0.0135    -1.70  0    cut
 345  sn2003cg      Ia-norm    0.7053   3.46   0.2163   0.0132     1.00  0    cut
 346  sn1994D       Ia-norm    0.6877   3.46   0.2254   0.0149    -4.10  0    cut
 347  sn2001cp      Ia-norm    0.6999   3.46   0.2204   0.0157     0.80  0    cut
 348  sn1996X       Ia-norm    0.6945   3.45   0.2231   0.0143    -2.80  0    cut
 349  sn2001cp      Ia-norm    0.6986   3.45   0.2218   0.0159    -1.10  0    cut
 350  sn2004dt      Ia-norm    0.7608   3.44   0.2249   0.0170     2.30  0    cut
 351  sn1999aa      Ia-91T     0.6945   3.43   0.2221   0.0162    -2.10  0    cut
 352  sn2002hu      Ia-91T     0.7013   3.43   0.2192   0.0157    -3.50  0    cut
 353  sn1998aq      Ia-norm    0.6850   3.43   0.2204   0.0154     1.00  0    cut
 354  sn2002cd      Ia-norm    0.6931   3.42   0.2420   0.0189    -6.70  0    cut
 355  sn2000cx      Ia-pec     0.6525   3.42   0.2258   0.0150    -2.30  0    cut
 356  sn1998V       Ia-norm    0.6999   3.41   0.2192   0.0159     1.30  0    cut
 357  sn2002de      Ia-norm    0.6972   3.40   0.2216   0.0170     2.70  0    cut
 358  sn2001fe      Ia-norm    0.6959   3.40   0.2216   0.0163     0.30  0    cut
 359  sn2002cd      Ia-norm    0.6904   3.40   0.2392   0.0204    -4.70  0    cut
 360  sn2004bg      Ia-norm    0.6959   3.39   0.2206   0.0160    -3.00  0    cut
 361  sn1998co      Ia-norm    0.6986   3.39   0.2207   0.0138     0.00  0    cut
 362  sn2004eo      Ia-norm    0.7026   3.37   0.2185   0.0145    -2.00  0    cut
 363  sn2000cp      Ia-norm    0.6986   3.36   0.2209   0.0144    -2.50  0    cut
 364  sn2003U       Ia-norm    0.6986   3.35   0.2204   0.0149    -0.70  0    cut
 365  sn2002jy      Ia-norm    0.6999   3.35   0.2210   0.0160     0.10  0    cut
 366  sn2002de      Ia-norm    0.6918   3.34   0.2246   0.0168    -3.00  0    cut
 367  sn2002aw      Ia-norm    0.6972   3.34   0.2204   0.0130    -1.90  0    cut
 368  sn1994D       Ia-norm    0.6877   3.33   0.2246   0.0153    -3.10  0    cut
 369  sn2002jy      Ia-norm    0.6999   3.32   0.2199   0.0166     1.10  0    cut
 370  sn2002cd      Ia-norm    0.6931   3.32   0.2378   0.0200    -3.70  0    cut
 371  sn2001fh      Ia-norm    0.6931   3.31   0.2220   0.0154    -3.60  0    cut
 372  sn1999aa      Ia-91T     0.6904   3.30   0.2178   0.0155    -5.00  0    cut
 373  sn1996X       Ia-norm    0.6945   3.30   0.2220   0.0148    -0.80  0    cut
 374  sn1998aq      Ia-norm    0.6850   3.30   0.2201   0.0162     2.00  0    cut
 375  sn2003kf      Ia-norm    0.6891   3.28   0.2264   0.0173    -5.40  0    cut
 376  sn1997br      Ia-91T     0.7094   3.28   0.2111   0.0155    -4.60  0    cut
 377  sn1998eg      Ia-norm    0.6877   3.28   0.2196   0.0155    -0.80  0    cut
 378  sn1998V       Ia-norm    0.6945   3.28   0.2186   0.0176     2.30  0    cut
 379  sn2006bt      Ia-norm    0.7432   3.27   0.2197   0.0148    -2.90  0    cut
 380  sn1990N       Ia-norm    0.5794   3.26   0.2138   0.0173     1.60  0    cut
 381  sn2002de      Ia-norm    0.6945   3.25   0.2227   0.0168    -4.10  0    cut
 382  sn1994T       Ia-norm    0.5808   3.24   0.2123   0.0155     0.80  0    cut
 383  sn1998bu      Ia-norm    0.6823   3.24   0.2228   0.0162    -3.60  0    cut
 384  sn2003kf      Ia-norm    0.6837   3.24   0.2251   0.0173    -3.40  0    cut
 385  sn2007hj      Ia-norm    0.7405   3.23   0.2208   0.0151    -0.60  0    cut
 386  sn2002cr      Ia-norm    0.6918   3.22   0.2190   0.0164    -2.40  0    cut
 387  sn2004gs      Ia-norm    0.7419   3.22   0.2159   0.0150    -0.30  0    cut
 388  sn2004bg      Ia-norm    0.6986   3.21   0.2173   0.0164     2.60  0    cut
 389  sn2007hj      Ia-norm    0.7473   3.21   0.2182   0.0153     1.40  0    cut
 390  sn2006bt      Ia-norm    0.7419   3.21   0.2190   0.0147    -1.00  0    cut
 391  sn2002de      Ia-norm    0.7013   3.20   0.2276   0.0158    -6.10  0    cut
 392  sn1999ek      Ia-norm    0.6986   3.20   0.2181   0.0147    -0.60  0    cut
 393  sn2001cp      Ia-norm    0.6959   3.20   0.2260   0.0184    -6.80  0    cut
 394  sn1999cl      Ia-norm    0.7189   3.20   0.2183   0.0167     0.70  0    cut
 395  sn2002hw      Ia-norm    0.6972   3.19   0.2224   0.0157    -6.00  0    cut
 396  sn2002fk      Ia-norm    0.6891   3.19   0.2194   0.0173    -3.50  0    cut
 397  sn2003ch      Ia-norm    0.6986   3.18   0.2172   0.0154     0.80  0    cut
 398  sn1999dq      Ia-91T     0.6931   3.17   0.2219   0.0167    -5.50  0    cut
 399  sn2003cg      Ia-norm    0.6133   3.17   0.2227   0.0147    -2.30  0    cut
 400  sn1990O       Ia-norm    0.7053   3.16   0.2292   0.0182    -0.90  0    cut
 401  sn2003cq      Ia-norm    0.6999   3.13   0.2237   0.0168    -0.90  0    cut
 402  sn1996X       Ia-norm    0.6945   3.13   0.2213   0.0157     0.20  0    cut
 403  sn2002de      Ia-norm    0.6931   3.13   0.2254   0.0176    -5.00  0    cut
 404  sn2002fk      Ia-norm    0.6904   3.13   0.2185   0.0171    -1.50  0    cut
 405  sn2001fh      Ia-norm    0.6931   3.13   0.2216   0.0157    -2.60  0    cut
 406  sn1994D       Ia-norm    0.6864   3.13   0.2230   0.0157    -0.10  0    cut
 407  sn2003U       Ia-norm    0.6972   3.12   0.2258   0.0166    -5.60  0    cut
 408  sn1996X       Ia-norm    0.6810   3.12   0.2226   0.0165    -1.80  0    cut
 409  sn1998bu      Ia-norm    0.6823   3.11   0.2223   0.0170    -2.60  0    cut
 410  sn2002ef      Ia-norm    0.6986   3.10   0.2242   0.0170    -2.90  0    cut
 411  sn2005hj      Ia-91T     0.6295   3.09   0.2205   0.0150    -4.30  0    cut
 412  sn2004dt      Ia-norm    0.7013   3.08   0.2317   0.0190     2.00  0    cut
 413  sn1999dq      Ia-91T     0.6918   3.08   0.2228   0.0167    -4.50  0    cut
 414  sn1998co      Ia-norm    0.6986   3.07   0.2201   0.0150     1.00  0    cut
 415  sn2003cg      Ia-norm    0.6850   3.07   0.2215   0.0155    -1.20  0    cut
 416  sn2000fa      Ia-norm    0.7135   3.06   0.2233   0.0184     1.30  0    cut
 417  sn1998bu      Ia-norm    0.6823   3.05   0.2220   0.0174    -1.60  0    cut
 418  sn1999gp      Ia-91T     0.6972   3.04   0.2267   0.0183    -4.80  0    cut
 419  sn2003cg      Ia-norm    0.6850   3.03   0.2215   0.0160    -2.10  0    cut
 420  sn1986G       Ia-91bg    0.5740   3.02   0.2192   0.0169    -0.70  0    cut
 421  sn1999cc      Ia-norm    0.6999   3.02   0.2250   0.0162    -1.20  0    cut
 422  sn2006bt      Ia-norm    0.7446   3.01   0.2182   0.0155    -0.10  0    cut
 423  sn1999cc      Ia-norm    0.6972   3.00   0.2238   0.0166    -0.20  0    cut
 424  sn2004at      Ia-norm    0.6986   3.00   0.2214   0.0170    -0.70  0    cut
 425  sn2004eo      Ia-norm    0.7527   2.99   0.2124   0.0162     2.90  0    cut
 426  sn2004at      Ia-norm    0.6999   2.98   0.2195   0.0170     2.20  0    cut
 427  sn2003cq      Ia-norm    0.6986   2.97   0.2218   0.0166     0.00  0    cut
 428  sn2002cs      Ia-norm    0.6959   2.97   0.2369   0.0197    -4.50  0    cut
 429  sn1999cc      Ia-norm    0.6986   2.97   0.2197   0.0164     1.70  0    cut
 430  sn2003cg      Ia-norm    0.7053   2.97   0.2229   0.0160    -5.00  0    cut
 431  sn1994S       Ia-norm    0.6701   2.95   0.2246   0.0182    -4.00  0    cut
 432  sn1998dx      Ia-norm    0.6999   2.94   0.2281   0.0188     1.10  0    cut
 433  sn1996X       Ia-norm    0.6945   2.94   0.2199   0.0164     2.20  0    cut
 434  sn2000E       Ia-norm    0.7283   2.94   0.2239   0.0192    -6.40  0    cut
 435  sn2001fh      Ia-norm    0.6945   2.94   0.2197   0.0171    -1.70  0    cut
 436  sn2003cg      Ia-norm    0.6769   2.94   0.2210   0.0171    -1.00  0    cut
 437  sn2004at      Ia-norm    0.6999   2.93   0.2201   0.0173     1.20  0    cut
 438  sn2003cq      Ia-norm    0.6986   2.93   0.2334   0.0173    -5.80  0    cut
 439  sn1997dt      Ia-norm    0.6864   2.93   0.2261   0.0193    -4.70  0    cut
 440  sn2003ch      Ia-norm    0.6986   2.92   0.2187   0.0169    -0.20  0    cut
 441  sn2004at      Ia-norm    0.6999   2.92   0.2241   0.0190    -3.60  0    cut
 442  sn2004dt      Ia-norm    0.6146   2.92   0.2401   0.0189    -2.00  0    cut
 443  sn1996X       Ia-norm    0.6945   2.91   0.2205   0.0161     1.20  0    cut
 444  sn2004at      Ia-norm    0.6999   2.90   0.2207   0.0174     0.20  0    cut
 445  sn2003du      Ia-norm    0.6877   2.90   0.2218   0.0185    -1.80  0    cut
 446  sn2004dt      Ia-norm    0.7040   2.89   0.2425   0.0197    -6.50  0    cut
 447  sn1999dq      Ia-91T     0.6877   2.88   0.2230   0.0175    -6.40  0    cut
 448  sn2003cg      Ia-norm    0.6837   2.88   0.2232   0.0167    -5.10  0    cut
 449  sn2002do      Ia-norm    0.6972   2.88   0.2186   0.0158     2.00  0    cut
 450  sn2006bt      Ia-norm    0.7459   2.88   0.2187   0.0161     0.90  0    cut
 451  sn2000E       Ia-norm    0.7121   2.88   0.2233   0.0193    -3.40  0    cut
 452  sn1997do      Ia-norm    0.6918   2.87   0.2354   0.0214    -6.60  0    cut
 453  sn2002dj      Ia-norm    0.6904   2.87   0.2346   0.0209    -6.40  0    cut
 454  sn1999ej      Ia-norm    0.6945   2.87   0.2189   0.0155     1.10  0    cut
 455  sn2003cg      Ia-norm    0.6837   2.86   0.2225   0.0172    -4.10  0    cut
 456  sn1997bp      Ia-norm    0.6945   2.85   0.2403   0.0221    -1.20  0    cut
 457  snls03D3bb    Ia-pec     0.8055   2.85   0.2043   0.0148     2.00  0    cut
 458  sn2002cr      Ia-norm    0.6918   2.85   0.2175   0.0176     0.70  0    cut
 459  sn2003cq      Ia-norm    0.6999   2.85   0.2236   0.0179    -1.80  0    cut
 460  sn2003fa      Ia-91T     0.6972   2.84   0.2225   0.0183    -6.60  0    cut
 461  sn2002fk      Ia-norm    0.6904   2.84   0.2158   0.0188     2.50  0    cut
 462  sn2000cx      Ia-pec     0.6173   2.84   0.2269   0.0148    -1.30  0    cut
 463  sn1998ef      Ia-norm    0.6823   2.84   0.2315   0.0198    -4.50  0    cut
 464  sn2003kc      Ia-norm    0.6959   2.83   0.2235   0.0178    -0.90  0    cut
 465  sn2002hd      Ia-norm    0.6986   2.83   0.2164   0.0166     1.40  0    cut
 466  sn2003du      Ia-norm    0.6850   2.81   0.2202   0.0189     1.10  0    cut
 467  sn2005hk      Ia-pec     0.7432   2.81   0.0480   0.0244    -6.30  0    cut
 468  sn2002eu      Ia-norm    0.6986   2.81   0.2210   0.0169     1.10  0    cut
 469  sn2000cx      Ia-pec     0.6403   2.81   0.2278   0.0170    -0.30  0    cut
 470  sn2003cg      Ia-norm    0.6850   2.81   0.2244   0.0176    -6.10  0    cut
 471  sn1998bp      Ia-norm    0.6931   2.81   0.2205   0.0159    -2.90  0    cut
 472  sn2003W       Ia-norm    0.6959   2.81   0.2408   0.0255    -6.30  0    cut
 473  sn2004dt      Ia-norm    0.7026   2.81   0.2336   0.0213     1.00  0    cut
 474  sn1999cc      Ia-norm    0.6986   2.80   0.2271   0.0176    -3.20  0    cut
 475  sn2008ar      Ia-norm    0.6877   2.79   0.2219   0.0197    -1.70  0    cut
 476  sn1996ai      Ia-norm    0.6214   2.78   0.2180   0.0176     2.20  0    cut
 477  sn2000cp      Ia-norm    0.6986   2.78   0.2172   0.0173    -0.50  0    cut
 478  sn2008ae      Ia-pec     0.7487   2.78   0.0464   0.0252    -0.10  0    cut
 479  sn2000dk      Ia-norm    0.6999   2.78   0.2246   0.0178    -5.10  0    cut
 480  sn2005hj      Ia-91T     0.6309   2.78   0.2190   0.0184     2.40  0    cut
 481  sn2001V       Ia-91T     0.6931   2.78   0.2236   0.0179    -3.30  0    cut
 482  sn2005hj      Ia-91T     0.6295   2.77   0.2182   0.0177     0.50  0    cut
 483  sn1991T       Ia-91T     0.7446   2.77   0.0654   0.0236    -6.70  0    cut
 484  sn2002hw      Ia-norm    0.6986   2.77   0.2226   0.0167    -5.20  0    cut
 485  sn1999aw      Ia-91T     0.5754   2.77   0.2284   0.0174    -1.00  0    cut
 486  sn2002kf      Ia-norm    0.6986   2.77   0.2226   0.0192     2.20  0    cut
 487  sn1986G       Ia-91bg    0.5916   2.77   0.2163   0.0162     0.30  0    cut
 488  sn2004L       Ia-norm    0.6945   2.76   0.2176   0.0175     2.50  0    cut
 489  sn2003cg      Ia-norm    0.6823   2.76   0.2218   0.0195    -6.40  0    cut
 490  sn1998ec      Ia-norm    0.6959   2.76   0.2316   0.0217    -3.00  0    cut
 491  sn2004at      Ia-norm    0.6945   2.76   0.2238   0.0198    -4.70  0    cut
 492  sn2005gj      Ia-csm     0.6363   2.75   0.2131   0.0167    -1.80  0    cut
 493  sn2003ch      Ia-norm    0.6999   2.75   0.2216   0.0183    -2.10  0    cut
 494  sn2006D       Ia-norm    0.8055   2.74   0.2185   0.0219    -5.30  0    cut
 495  sn2003W       Ia-norm    0.6918   2.74   0.2438   0.0247    -5.30  0    cut
 496  sn2008ae      Ia-pec     0.7500   2.73   0.0483   0.0261    -1.00  0    cut
 497  sn1998ec      Ia-norm    0.6891   2.73   0.2319   0.0223    -3.90  0    cut
 498  sn1998ef      Ia-norm    0.6810   2.73   0.2305   0.0208    -3.60  0    cut
 499  sn2002hw      Ia-norm    0.6986   2.72   0.2218   0.0171    -3.20  0    cut
 500  sn2000dk      Ia-norm    0.6999   2.72   0.2236   0.0178    -4.20  0    cut
 501  sn1999ej      Ia-norm    0.6918   2.72   0.2211   0.0176    -1.80  0    cut
 502  sn2001ay      Ia-norm    0.6999   2.72   0.2353   0.0193    -1.50  0    cut
 503  sn2001V       Ia-91T     0.6945   2.72   0.2240   0.0178    -5.40  0    cut
 504  sn2008A       Ia-pec     0.7459   2.72   0.0518   0.0247    -6.90  0    cut
 505  sn2002dp      Ia-norm    0.6931   2.72   0.2232   0.0188    -4.80  0    cut
 506  sn2003W       Ia-norm    0.6959   2.71   0.2362   0.0235    -3.30  0    cut
 507  sn2001cp      Ia-norm    0.6945   2.71   0.2236   0.0188    -3.90  0    cut
 508  sn2003du      Ia-norm    0.6877   2.70   0.2192   0.0201     2.10  0    cut
 509  sn2002kf      Ia-norm    0.6999   2.70   0.2238   0.0193     1.10  0    cut
 510  sn2001el      Ia-norm    0.5578   2.70   0.2243   0.0165     1.20  0    cut
 511  sn1998dh      Ia-norm    0.6850   2.69   0.2273   0.0200    -5.40  0    cut
 512  sn2007hj      Ia-norm    0.7446   2.69   0.2175   0.0176     2.40  0    cut
 513  sn1997E       Ia-norm    0.6999   2.69   0.2255   0.0168    -3.70  0    cut
 514  sn1986G       Ia-91bg    0.6133   2.69   0.2215   0.0179    -3.00  0    cut
 515  sn1986G       Ia-91bg    0.5957   2.68   0.2161   0.0166     1.30  0    cut
 516  sn2003cg      Ia-norm    0.6837   2.68   0.2213   0.0185    -3.10  0    cut
 517  sn1998bp      Ia-norm    0.6931   2.68   0.2196   0.0162    -1.90  0    cut
 518  sn2004at      Ia-norm    0.6986   2.68   0.2264   0.0209    -6.60  0    cut
 519  sn2005hk      Ia-pec     0.7392   2.67   0.0477   0.0256    -5.30  0    cut
 520  sn1984A       Ia-norm    0.5334   2.67   0.2374   0.0198    -2.80  0    cut
 521  sn2003ch      Ia-norm    0.6999   2.67   0.2149   0.0186     2.80  0    cut
 522  sn2000E       Ia-norm    0.7053   2.67   0.2233   0.0202    -2.30  0    cut
 523  sn2003cg      Ia-norm    0.6146   2.66   0.2211   0.0195    -2.80  0    cut
 524  sn1997bq      Ia-norm    0.6959   2.66   0.2386   0.0229    -6.60  0    cut
 525  sn2004as      Ia-norm    0.6972   2.66   0.2279   0.0210    -2.90  0    cut
 526  sn2001bf      Ia-norm    0.6945   2.66   0.2196   0.0199     0.80  0    cut
 527  sn2002jg      Ia-norm    0.6986   2.66   0.2231   0.0175    -3.40  0    cut
 528  sn2000cx      Ia-pec     0.5740   2.65   0.2263   0.0181    -3.30  0    cut
 529  sn1997bp      Ia-norm    0.6931   2.65   0.2391   0.0242    -0.20  0    cut
 530  sn2000fa      Ia-norm    0.7013   2.64   0.2248   0.0219     2.20  0    cut
 531  sn2002cu      Ia-norm    0.6972   2.64   0.2388   0.0216    -6.30  0    cut
 532  sn2005hk      Ia-pec     0.7459   2.63   0.0463   0.0260    -4.30  0    cut
 533  sn2003cg      Ia-norm    0.6850   2.63   0.2203   0.0188     0.80  0    cut
 534  sn2002G       Ia-norm    0.6959   2.63   0.2273   0.0180    -4.40  0    cut
 535  sn2002er      Ia-norm    0.6864   2.62   0.2266   0.0210    -3.80  0    cut
 536  sn2004as      Ia-norm    0.6999   2.62   0.2330   0.0230    -5.90  0    cut
 537  sn2006X       Ia-norm    0.7405   2.62   0.2311   0.0225     1.30  0    cut
 538  sn1997bq      Ia-norm    0.6959   2.60   0.2371   0.0235    -5.60  0    cut
 539  sn2001V       Ia-91T     0.6931   2.60   0.2252   0.0183    -6.40  0    cut
 540  sn2008A       Ia-pec     0.7487   2.59   0.0504   0.0252    -3.90  0    cut
 541  sn2004as      Ia-norm    0.6972   2.58   0.2310   0.0225    -4.90  0    cut
 542  sn1999gd      Ia-norm    0.6999   2.58   0.2172   0.0176     1.10  0    cut
 543  sn2008A       Ia-pec     0.7459   2.57   0.0497   0.0252    -3.00  0    cut
 544  sn2006bt      Ia-norm    0.8055   2.57   0.2164   0.0184     2.90  0    cut
 545  sn2003cg      Ia-norm    0.6850   2.56   0.2209   0.0190    -0.20  0    cut
 546  sn2005hj      Ia-91T     0.6214   2.55   0.2198   0.0175    -5.20  0    cut
 547  sn2004as      Ia-norm    0.6999   2.55   0.2294   0.0223    -3.90  0    cut
 548  sn2002cd      Ia-norm    0.6904   2.54   0.2351   0.0268     0.30  0    cut
 549  sn2006bt      Ia-norm    0.7432   2.53   0.2176   0.0177     1.90  0    cut
 550  sn1997dt      Ia-norm    0.6864   2.53   0.2220   0.0224     0.20  0    cut
 551  sn2003kc      Ia-norm    0.7013   2.52   0.2321   0.0222    -5.70  0    cut
 552  sn2003cq      Ia-norm    0.7013   2.52   0.2207   0.0197     1.00  0    cut
 553  sn2006D       Ia-norm    0.8055   2.52   0.2184   0.0222    -1.40  0    cut
 554  sn1997Y       Ia-norm    0.6552   2.52   0.2170   0.0185     2.90  0    cut
 555  sn1997bp      Ia-norm    0.6945   2.51   0.2385   0.0257     0.80  0    cut
 556  sn1998ef      Ia-norm    0.6823   2.51   0.2250   0.0216     1.30  0    cut
 557  sn2005hk      Ia-pec     0.7392   2.51   0.0446   0.0273    -3.30  0    cut
 558  sn1998dh      Ia-norm    0.6877   2.50   0.2255   0.0212    -3.50  0    cut
 559  sn2004as      Ia-norm    0.6999   2.50   0.2265   0.0216    -2.00  0    cut
 560  sn2008A       Ia-pec     0.7446   2.50   0.0487   0.0255    -1.90  0    cut
 561  sn2000cx      Ia-pec     0.6850   2.50   0.2267   0.0189    -0.40  0    cut
 562  sn2004as      Ia-norm    0.6945   2.49   0.2336   0.0246    -6.80  0    cut
 563  sn2000dk      Ia-norm    0.6972   2.49   0.2194   0.0188     0.80  0    cut
 564  sn2002G       Ia-norm    0.6986   2.48   0.2263   0.0203    -2.50  0    cut
 565  sn1999cl      Ia-norm    0.6783   2.47   0.2257   0.0213    -2.30  0    cut
 566  sn2004gs      Ia-norm    0.7446   2.47   0.2147   0.0178     1.70  0    cut
 567  sn2005hk      Ia-pec     0.8055   2.47   0.0468   0.0268    -5.10  0    cut
 568  sn1984A       Ia-norm    0.5496   2.47   0.2415   0.0218    -4.90  0    cut
 569  sn2002bo      Ia-norm    0.6850   2.46   0.2327   0.0229    -6.30  0    cut
 570  sn1994S       Ia-norm    0.6742   2.45   0.2202   0.0219     0.90  0    cut
 571  sn2003W       Ia-norm    0.6972   2.45   0.2371   0.0270    -2.30  0    cut
 572  sn1998bp      Ia-norm    0.6931   2.44   0.2188   0.0173    -0.90  0    cut
 573  sn2002dl      Ia-91bg    0.6986   2.44   0.2254   0.0214    -6.50  0    cut
 574  sn2004as      Ia-norm    0.6986   2.44   0.2244   0.0218    -1.00  0    cut
 575  sn1986G       Ia-91bg    0.6796   2.43   0.2234   0.0201    -3.70  0    cut
 576  sn2006gt      Ia-91bg    0.7473   2.42   0.2128   0.0197     2.30  0    cut
 577  sn1999cl      Ia-norm    0.6810   2.42   0.2238   0.0211    -1.30  0    cut
 578  sn1995ac      Ia-norm    0.6918   2.41   0.2214   0.0193    -5.50  0    cut
 579  sn1994M       Ia-norm    0.6837   2.41   0.2266   0.0206     1.60  0    cut
 580  sn2001ay      Ia-norm    0.6999   2.41   0.2333   0.0227     1.30  0    cut
 581  sn2006bt      Ia-norm    0.7473   2.40   0.2167   0.0179     2.80  0    cut
 582  sn2008A       Ia-pec     0.7459   2.40   0.0475   0.0265    -1.00  0    cut
 583  sn1994M       Ia-norm    0.6810   2.40   0.2258   0.0198     2.60  0    cut
 584  sn2006X       Ia-norm    0.7405   2.40   0.2292   0.0238     2.30  0    cut
 585  sn2008ae      Ia-pec     0.7473   2.39   0.0438   0.0251     0.90  0    cut
 586  sn2002bo      Ia-norm    0.6850   2.39   0.2316   0.0236    -5.40  0    cut
 587  sn2002bo      Ia-norm    0.7189   2.38   0.2322   0.0228    -4.70  0    cut
 588  sn2002cu      Ia-norm    0.6959   2.38   0.2314   0.0216    -3.30  0    cut
 589  sn2004as      Ia-norm    0.6972   2.38   0.2228   0.0217    -0.10  0    cut
 590  sn2001en      Ia-norm    0.6972   2.37   0.2268   0.0235     1.50  0    cut
 591  sn1997bp      Ia-norm    0.6945   2.36   0.2377   0.0271     1.80  0    cut
 592  sn2003cg      Ia-norm    0.6864   2.36   0.2191   0.0221     2.80  0    cut
 593  sn2000cx      Ia-pec     0.6864   2.35   0.2265   0.0201    -1.30  0    cut
 594  sn1984A       Ia-norm    0.5212   2.35   0.2441   0.0223    -5.90  0    cut
 595  sn2001el      Ia-norm    0.5740   2.35   0.2293   0.0188    -3.80  0    cut
 596  sn2001ep      Ia-norm    0.6959   2.35   0.2198   0.0217    -2.10  0    cut
 597  sn2001E       Ia-norm    0.6972   2.34   0.2336   0.0265     2.80  0    cut
 598  sn1997br      Ia-91T     0.6146   2.32   0.2193   0.0189    -6.60  0    cut
 599  sn2002fb      Ia-91bg    0.6972   2.32   0.2232   0.0231    -4.50  0    cut
 600  sn2001ep      Ia-norm    0.6959   2.32   0.2207   0.0223    -3.10  0    cut
 601  sn2008A       Ia-pec     0.7446   2.31   0.0462   0.0267     0.00  0    cut
 602  sn2005hk      Ia-pec     0.7270   2.31   0.0482   0.0302    -4.20  0    cut
 603  sn2002cd      Ia-norm    0.6918   2.30   0.2351   0.0295     2.20  0    cut
 604  sn1998dh      Ia-norm    0.6904   2.30   0.2234   0.0233    -0.60  0    cut
 605  sn2008ae      Ia-pec     0.7500   2.30   0.0428   0.0292     1.90  0    cut
 606  sn2007au      Ia-norm    0.7500   2.29   0.2159   0.0197     1.10  0    cut
 607  sn2002bo      Ia-norm    0.6850   2.29   0.2306   0.0245    -4.30  0    cut
 608  sn2005hk      Ia-pec     0.7446   2.29   0.0446   0.0292    -2.40  0    cut
 609  sn1986G       Ia-91bg    0.6810   2.28   0.2220   0.0210    -2.70  0    cut
 610  sn2002bo      Ia-norm    0.6850   2.28   0.2297   0.0248    -3.40  0    cut
 611  sn2003cq      Ia-norm    0.6999   2.28   0.2197   0.0210     2.00  0    cut
 612  sn1997br      Ia-91T     0.6918   2.27   0.2199   0.0207    -7.00  0    cut
 613  sn2004as      Ia-norm    0.6986   2.26   0.2218   0.0230     1.80  0    cut
 614  sn2003cg      Ia-norm    0.6837   2.25   0.2195   0.0233     1.90  0    cut
 615  sn1997Y       Ia-norm    0.7040   2.23   0.2159   0.0500     1.90  0    cut
 616  sn1998bp      Ia-norm    0.6918   2.22   0.2176   0.0190     0.10  0    cut
 617  sn2001ep      Ia-norm    0.6959   2.22   0.2239   0.0236    -7.00  0    cut
 618  sn1986G       Ia-91bg    0.6959   2.22   0.2237   0.0218    -4.70  0    cut
 619  sn2004as      Ia-norm    0.6986   2.21   0.2205   0.0224     2.90  0    cut
 620  sn2002bf      Ia-norm    0.6999   2.20   0.2341   0.0279     1.80  0    cut
 621  sn1999ac      Ia-91T     0.6918   2.20   0.2192   0.0244    -2.90  0    cut
 622  sn1997dt      Ia-norm    0.6877   2.20   0.2198   0.0234     2.20  0    cut
 623  sn2008A       Ia-pec     0.7473   2.20   0.0446   0.0284     1.00  0    cut
 624  sn2003W       Ia-norm    0.6945   2.18   0.2338   0.0282    -0.40  0    cut
 625  sn1999ac      Ia-91T     0.6918   2.17   0.2213   0.0263    -3.90  0    cut
 626  sn2001ep      Ia-norm    0.6959   2.17   0.2184   0.0226    -0.10  0    cut
 627  sn2001da      Ia-norm    0.6972   2.17   0.2259   0.0241    -2.00  0    cut
 628  sn2001ep      Ia-norm    0.6959   2.17   0.2195   0.0232    -1.10  0    cut
 629  sn2002bo      Ia-norm    0.6850   2.16   0.2283   0.0256    -2.40  0    cut
 630  sn2001ep      Ia-norm    0.6959   2.16   0.2178   0.0226     0.80  0    cut
 631  sn1997bp      Ia-norm    0.6945   2.15   0.2359   0.0291     2.80  0    cut
 632  sn1999ac      Ia-91T     0.6918   2.15   0.2171   0.0240    -0.90  0    cut
 633  sn2007if      Ia-pec     0.6444   2.14   0.2142   0.0202    -2.90  0    cut
 634  sn2002bo      Ia-norm    0.6850   2.14   0.2275   0.0262    -1.50  0    cut
 635  sn2003fa      Ia-91T     0.6106   2.13   0.2202   0.0221    -5.60  0    cut
 636  sn2001N       Ia-norm    0.6945   2.13   0.2245   0.0227     2.60  0    cut
 637  sn2002fb      Ia-91bg    0.6959   2.11   0.2216   0.0252    -2.70  0    cut
 638  sn2004gs      Ia-norm    0.7459   2.10   0.2142   0.0208     2.60  0    cut
 639  sn2001N       Ia-norm    0.6972   2.09   0.2271   0.0241     0.70  0    cut
 640  sn2002er      Ia-norm    0.6823   2.09   0.2233   0.0252     0.90  0    cut
 641  sn2003W       Ia-norm    0.6918   2.09   0.2338   0.0298     0.60  0    cut
 642  sn1994T       Ia-norm    0.6417   2.09   0.2252   0.0243     0.80  0    cut
 643  sn2003cg      Ia-norm    0.6918   2.07   0.2204   0.0268     1.80  0    cut
 644  sn2002cx      Ia-pec     0.6931   2.06   0.2098   0.0226    -4.30  0    cut
 645  sn2005hk      Ia-pec     0.7459   2.05   0.0433   0.0312    -1.40  0    cut
 646  sn2002cf      Ia-91bg    0.6972   2.05   0.2243   0.0241    -5.40  0    cut
 647  sn2005cg      Ia-norm    0.4034   2.05   0.2305   0.0230    -4.00  0    cut
 648  sn2001ep      Ia-norm    0.6959   2.04   0.2177   0.0240     1.80  0    cut
 649  sn2005bl      Ia-91bg    0.6837   2.00   0.2239   0.0261    -5.90  0    cut
 650  sn1998bp      Ia-norm    0.6918   2.00   0.2178   0.0203     1.00  0    cut
 651  sn2005cc      Ia-pec     0.7459   2.00   0.0359   0.0315     2.60  0    cut
 652  sn2003gn      Ia-norm    0.6986   1.98   0.2273   0.0254    -3.00  0    cut
 653  sn1994T       Ia-norm    0.6417   1.96   0.2252   0.0276    -0.20  0    cut
 654  sn2001da      Ia-norm    0.6986   1.95   0.2237   0.0273     0.00  0    cut
 655  sn2005bl      Ia-91bg    0.7825   1.95   0.2140   0.0250    -4.90  0    cut
 656  sn2001ep      Ia-norm    0.6959   1.94   0.2164   0.0249     2.80  0    cut
 657  sn1984A       Ia-norm    0.4955   1.91   0.2460   0.0249    -7.00  0    cut
 658  sn1999by      Ia-91bg    0.7446   1.90   0.2142   0.0246    -3.00  0    cut
 659  sn2007cq      Ia-91T     0.7432   1.90   0.0646   0.0356    -4.00  0    cut
 660  sn2007cq      Ia-91T     0.7446   1.90   0.0650   0.0363    -5.00  0    cut
 661  sn1999by      Ia-91bg    0.6024   1.89   0.2221   0.0280    -5.00  0    cut
 662  sn1995bd      Ia-91T     0.7013   1.85   0.2230   0.0240    -7.10  0    cut
 663  sn2007ax      Ia-91bg    0.7473   1.85   0.2147   0.0295    -1.90  0    cut
 664  sn2001da      Ia-norm    0.6999   1.84   0.2214   0.0279     2.90  0    cut
 665  sn2007ax      Ia-91bg    0.7487   1.83   0.2134   0.0285    -0.80  0    cut
 666  sn2002fb      Ia-91bg    0.6959   1.83   0.2185   0.0284     0.30  0    cut
 667  sn2005hk      Ia-pec     0.7256   1.83   0.0577   0.0377    -6.30  0    cut
 668  sn2001da      Ia-norm    0.6972   1.82   0.2221   0.0282     1.90  0    cut
 669  sn2005A       Ia-norm    0.6593   1.80   0.2302   0.0300     1.50  0    cut
 670  sn2005A       Ia-norm    0.6823   1.79   0.2330   0.0310     0.60  0    cut
 671  sn2006cj      Ia-norm    0.6552   1.78   0.2161   0.0325    -2.10  0    cut
 672  sn1986G       Ia-91bg    0.6539   1.76   0.2245   0.0292    -2.20  0    cut
 673  sn2002cx      Ia-pec     0.6999   1.71   0.0632   0.0397    -1.40  0    cut
 674  sn2006bz      Ia-91bg    0.7392   1.71   0.0667   0.0444    -0.30  0    cut
 675  sn1999by      Ia-91bg    0.6850   1.71   0.2184   0.0298    -4.10  0    cut
 676  sn1986G       Ia-91bg    0.6566   1.68   0.2237   0.0310    -1.20  0    cut
 677  sn1999da      Ia-91bg    0.6918   1.65   0.2215   0.0289    -2.60  0    cut
 678  sn2005bl      Ia-91bg    0.6837   1.64   0.2214   0.0324    -2.90  0    cut
 679  sn2007al      Ia-91bg    0.7446   1.63   0.0484   0.0419     2.40  0    cut
 680  sn2005ke      Ia-91bg    0.7446   1.63   0.0416   0.0471     2.40  0    cut
 681  sn2008ae      Ia-pec     0.6715   1.60   0.0424   0.0393     2.80  0    cut
 682  sn1998de      Ia-91bg    0.6972   1.60   0.2322   0.0453    -6.20  0    cut
 683  sn2003Y       Ia-91bg    0.6972   1.58   0.2380   0.0540    -6.30  0    cut
 684  sn2005hk      Ia-pec     0.6282   1.58   0.7475   0.0282    -6.30  0    cut
 685  sn1994T       Ia-norm    0.6444   1.58   0.2322   0.0316     1.70  0    cut
 686  sn1998de      Ia-91bg    0.6972   1.57   0.2299   0.0831    -5.20  0    cut
 687  sn1986G       Ia-91bg    0.6552   1.54   0.2194   0.0316    -0.20  0    cut
 688  sn2005ke      Ia-91bg    0.7365   1.53   0.0433   0.0461     0.50  0    cut
 689  sn1986G       Ia-91bg    0.6552   1.51   0.2228   0.0362     0.80  0    cut
 690  sn1991bg      Ia-91bg    0.6092   1.48   0.2131   0.0315     1.90  0    cut
 691  sn1998de      Ia-91bg    0.6986   1.47   0.2266   0.0486    -3.20  0    cut
 692  sn2007if      Ia-pec     0.6322   1.47   0.7617   0.0414    -6.60  0    cut
 693  sn1991bg      Ia-91bg    0.6471   1.47   0.7618   0.0591     2.10  0    cut
 694  sn1998de      Ia-91bg    0.6972   1.46   0.2259   0.0477    -2.20  0    cut
 695  sn2007ax      Ia-91bg    0.6620   1.43   0.7536   0.0634     2.00  0    cut
 696  sn2006bz      Ia-91bg    0.6769   1.41   0.2167   0.0369    -1.40  0    cut
 697  sn2003Y       Ia-91bg    0.6972   1.41   0.2249   0.0434    -5.30  0    cut
 698  sn2006bz      Ia-91bg    0.7473   1.40   0.2120   0.0284     0.70  0    cut
 699  sn1999by      Ia-91bg    0.7446   1.38   0.0430   0.0512     2.90  0    cut
 700  sn1998de      Ia-91bg    0.6986   1.37   0.2241   0.0509    -0.30  0    cut
 701  sn1991bg      Ia-91bg    0.7243   1.36   0.0456   0.0489     2.10  0    cut
 702  sn1991bg      Ia-91bg    0.7080   1.36   0.2180   0.0463     0.90  0    cut
 703  sn1996bk      Ia-norm    0.6945   1.32   0.2227   0.0311     2.50  0    cut
 704  sn2003Y       Ia-91bg    0.6972   1.28   0.2184   0.0452    -3.40  0    cut
 705  sn1998de      Ia-91bg    0.6986   1.26   0.2230   0.0562     2.70  0    cut
 706  sn2000cx      Ia-pec     0.6512   1.22   0.7839   0.0474    -4.30  0    cut
 707  sn2002es      Ia-91bg    0.6972   1.12   0.1980   0.0367     2.10  0    cut
 708  sn2005cg      Ia-norm    0.4034   1.12   0.4025   0.0391    -0.10  0    cut
 709  sn2005hk      Ia-pec     0.4183   1.08   0.3186   0.0397    -3.40  0    cut
 710  sn2005hk      Ia-pec     0.4210   1.07   0.3198   0.0383    -4.20  0    cut
 711  sn2007ax      Ia-91bg    0.6634   1.04   0.2413   0.0391     1.10  0    cut
