### SNID output file ###
 
### input spectrum and options ###
# Input spectrum                 : 21861_8.80.dat
# Parameter file                 : NA
# Wavelength range               :    4000.00   9000.00
# Mask file                      : NA
# Median filtering width [A]     : NA
# Median filtering width [pix]   :       1.00
# Clip emission redshift         :     0.1859
# Clip sky lines                 : 0
# Emission clip width [A]        :       0.19
# Keep A-band                    : 1
# Age range                      :       3.80     13.80
# Delta range                    :      -9.99     99.90
# Min. number of spectra/template:   1
# Use only templates             : NA
# Use only types                 : Ia
# Avoid templates                : NA
# Avoid types                    : NA
# rlapmin                        :       5.00
# Redshift range                 :    -0.0100    1.2000
# Forced initial redshift        :     0.1859
# Extra fake redshift            : NA
# Nsigma for initial redshift    : NA
# Redshift filter                :     0.0200
# Wavenumbers k1,k2,k3,k4        :     1    4   85  102
# Template directory             : /home/djperrefort/snid-5.0/templates-2.0/
 
### initial/user-input redshift ###
zinit       0.0000
zuser       0.1859
 
### median redshift/age and error ###
zmed        0.1864    0.0028
agem          5.00      1.45
 
### type fraction/redshift/age ###
#type ntemp fraction slope redshift redshift_error age age_error
Ia             36      1.00    0.0000    0.1864    0.0028     5.000     1.447
Ia-norm        34      0.94    0.0240    0.1862    0.0027     4.850     1.483
Ia-91T          2      0.06    0.0000    0.1895    0.0025     5.650     0.778
Ia-91bg         0      0.00    0.0000    0.0000    0.0000     0.000     0.000
Ia-csm          0      0.00    0.0000    0.0000    0.0000     0.000     0.000
Ia-pec          0      0.00    0.0000    0.0000    0.0000     0.000     0.000
###
Ib              0      0.00    0.0000    0.0000    0.0000     0.000     0.000
Ib-norm         0      0.00    0.0000    0.0000    0.0000     0.000     0.000
Ib-pec          0      0.00    0.0000    0.0000    0.0000     0.000     0.000
IIb             0      0.00    0.0000    0.0000    0.0000     0.000     0.000
###
Ic              0      0.00    0.0000    0.0000    0.0000     0.000     0.000
Ic-norm         0      0.00    0.0000    0.0000    0.0000     0.000     0.000
Ic-pec          0      0.00    0.0000    0.0000    0.0000     0.000     0.000
Ic-broad        0      0.00    0.0000    0.0000    0.0000     0.000     0.000
###
II              0      0.00    0.0000    0.0000    0.0000     0.000     0.000
IIP             0      0.00    0.0000    0.0000    0.0000     0.000     0.000
II-pec          0      0.00    0.0000    0.0000    0.0000     0.000     0.000
IIn             0      0.00    0.0000    0.0000    0.0000     0.000     0.000
IIL             0      0.00    0.0000    0.0000    0.0000     0.000     0.000
###
NotSN           0      0.00    0.0000    0.0000    0.0000     0.000     0.000
AGN             0      0.00    0.0000    0.0000    0.0000     0.000     0.000
Gal             0      0.00    0.0000    0.0000    0.0000     0.000     0.000
LBV             0      0.00    0.0000    0.0000    0.0000     0.000     0.000
M-star          0      0.00    0.0000    0.0000    0.0000     0.000     0.000
 
### rlap-ordered template listings ###
#no. sn type lap rlap z zerr age age_flag grade
   1  sn2004S       Ia-norm    0.7974   8.63   0.1852   0.0064     7.40  0   good
   2  sn1999ee      Ia-norm    0.7974   7.94   0.1875   0.0071     6.70  0   good
   3  sn2008ar      Ia-norm    0.7446   7.33   0.1876   0.0072     4.10  0   good
   4  sn2005cf      Ia-norm    0.7974   7.32   0.1865   0.0072     4.50  0   good
   5  sn2005cf      Ia-norm    0.7974   7.00   0.1864   0.0073     5.20  0   good
   6  sn2005cf      Ia-norm    0.7974   7.00   0.1864   0.0073     6.20  0   good
   7  sn2006S       Ia-norm    0.7730   6.52   0.1904   0.0081     4.10  0   good
   8  sn2008ar      Ia-norm    0.7419   6.33   0.1869   0.0082     5.00  0   good
   9  sn2005cf      Ia-norm    0.7974   6.29   0.1857   0.0081     7.20  0   good
  10  sn2006cj      Ia-norm    0.7026   6.22   0.1809   0.0098     5.40  0   good
  11  sn2007co      Ia-norm    0.7446   6.17   0.1883   0.0086     4.60  0   good
  12  sn2006et      Ia-norm    0.7473   5.97   0.1848   0.0089     6.30  0   good
  13  sn2003du      Ia-norm    0.7974   5.87   0.1853   0.0095     4.00  0   good
  14  sn2007kk      Ia-norm    0.7311   5.85   0.1921   0.0095     4.10  0   good
  15  sn2007fs      Ia-norm    0.7459   5.66   0.1853   0.0099     4.10  0   good
  16  sn2004fu      Ia-norm    0.7459   5.62   0.1892   0.0089     4.40  0   good
  17  sn2007co      Ia-norm    0.7419   5.61   0.1878   0.0092     5.70  0   good
  18  sn1995D       Ia-norm    0.7148   5.55   0.1844   0.0101     5.50  0   good
  19  sn2002cr      Ia-norm    0.7013   5.52   0.1838   0.0072     4.60  0   good
  20  sn1998aq      Ia-norm    0.6972   5.50   0.1894   0.0074     4.00  0   good
  21  sn2005cf      Ia-norm    0.7378   5.49   0.1865   0.0094     4.50  0   good
  22  sn2008ar      Ia-norm    0.7432   5.48   0.1851   0.0092     7.20  0   good
  23  sn2008C       Ia-norm    0.7459   5.46   0.1849   0.0100     4.40  0   good
  24  sn2007kk      Ia-norm    0.7324   5.43   0.1917   0.0105     5.00  0   good
  25  sn1999ee      Ia-norm    0.7974   5.42   0.1848   0.0097    10.60  0   good
  26  sn2006cj      Ia-norm    0.7053   5.34   0.1853   0.0119     4.40  0   good
  27  sn1998aq      Ia-norm    0.6972   5.30   0.1894   0.0076     5.00  0   good
  28  sn2007S       Ia-91T     0.7459   5.19   0.1877   0.0105     6.20  0   good
  29  sn2005hj      Ia-91T     0.6498   5.18   0.1913   0.0079     5.10  0   good
  30  sn2005eu      Ia-norm    0.7365   5.15   0.1800   0.0125     8.30  0   good
  31  sn2005cf      Ia-norm    0.7568   5.14   0.1857   0.0090     4.20  0   good
  32  sn1994ae      Ia-norm    0.6986   5.10   0.1841   0.0114     4.00  0   good
  33  sn2007kk      Ia-norm    0.7324   5.07   0.1910   0.0105     5.90  0   good
  34  sn1998dm      Ia-norm    0.7013   5.07   0.1888   0.0082     6.50  0   good
  35  sn2002fk      Ia-norm    0.6986   5.05   0.1861   0.0079     4.40  0   good
  36  sn2006cf      Ia-norm    0.7283   5.02   0.1843   0.0122     4.70  0   good
#--- rlap cutoff
  37  sn2001fh      Ia-norm    0.6972   4.98   0.1858   0.0085     4.20  0    cut
  38  sn2001G       Ia-norm    0.6986   4.96   0.1929   0.0082     4.70  0    cut
  39  sn2007fs      Ia-norm    0.7473   4.94   0.1854   0.0112     5.10  0    cut
  40  sn2002jy      Ia-norm    0.6999   4.94   0.1898   0.0084     6.00  0    cut
  41  sn2007ca      Ia-norm    0.7473   4.93   0.1845   0.0111     5.50  0    cut
  42  sn1998aq      Ia-norm    0.6959   4.93   0.1891   0.0080     6.00  0    cut
  43  sn2001el      Ia-norm    0.7974   4.93   0.1930   0.0097     9.10  0    cut
  44  sn2005M       Ia-91T     0.7432   4.91   0.1790   0.0108     5.10  0    cut
  45  sn1995D       Ia-norm    0.7148   4.91   0.1832   0.0109     7.50  0    cut
  46  sn2002er      Ia-norm    0.7974   4.90   0.1864   0.0106     4.90  0    cut
  47  sn2006ak      Ia-norm    0.7338   4.84   0.1914   0.0102     7.30  0    cut
  48  sn1996C       Ia-norm    0.7974   4.81   0.1801   0.0122     7.80  0    cut
  49  sn2006cf      Ia-norm    0.7270   4.81   0.1836   0.0114     6.50  0    cut
  50  sn1995E       Ia-norm    0.7107   4.81   0.1841   0.0108     5.90  0    cut
  51  sn2006ev      Ia-norm    0.7419   4.81   0.1877   0.0102     5.50  0    cut
  52  sn2005eu      Ia-norm    0.7351   4.81   0.1754   0.0127    10.30  0    cut
  53  sn2008bf      Ia-norm    0.7432   4.80   0.1903   0.0115     4.50  0    cut
  54  sn1998dm      Ia-norm    0.7013   4.80   0.1885   0.0086     7.40  0    cut
  55  sn1994ae      Ia-norm    0.6999   4.77   0.1837   0.0118     5.00  0    cut
  56  sn1994M       Ia-norm    0.6783   4.70   0.1925   0.0092     4.70  0    cut
  57  sn2000cf      Ia-norm    0.6999   4.63   0.1823   0.0106     3.90  0    cut
  58  sn2001ck      Ia-norm    0.7974   4.63   0.1869   0.0118     5.80  0    cut
  59  sn2006cj      Ia-norm    0.7040   4.55   0.1819   0.0129     9.10  0    cut
  60  sn2002bo      Ia-norm    0.7974   4.55   0.1880   0.0114     5.20  0    cut
  61  sn2006cj      Ia-norm    0.7053   4.55   0.1786   0.0122    11.00  0    cut
  62  sn2006cp      Ia-norm    0.7405   4.52   0.1892   0.0116     6.30  0    cut
  63  sn2008Z       Ia-norm    0.7473   4.51   0.1838   0.0134     7.60  0    cut
  64  sn2002ha      Ia-norm    0.7013   4.49   0.1878   0.0084     5.60  0    cut
  65  sn2002fk      Ia-norm    0.6999   4.48   0.1861   0.0088     6.50  0    cut
  66  sn2004bg      Ia-norm    0.6931   4.47   0.1869   0.0092     5.70  0    cut
  67  sn2002jy      Ia-norm    0.6999   4.46   0.1893   0.0091     7.00  0    cut
  68  sn2007co      Ia-norm    0.7419   4.45   0.1869   0.0110     7.50  0    cut
  69  sn2007ca      Ia-norm    0.7459   4.44   0.1842   0.0121     6.40  0    cut
  70  sn1994ae      Ia-norm    0.7974   4.44   0.1821   0.0120     8.00  0    cut
  71  sn1995E       Ia-norm    0.6688   4.43   0.1860   0.0110     3.90  0    cut
  72  sn2006cp      Ia-norm    0.7419   4.43   0.1873   0.0119     7.30  0    cut
  73  sn1998eg      Ia-norm    0.6810   4.42   0.1875   0.0094     4.10  0    cut
  74  sn2001bg      Ia-norm    0.6999   4.42   0.1921   0.0102     4.20  0    cut
  75  sn2007co      Ia-norm    0.7432   4.41   0.1886   0.0112     6.60  0    cut
  76  sn2002fk      Ia-norm    0.6999   4.40   0.1850   0.0086     7.40  0    cut
  77  sn2006sr      Ia-norm    0.7459   4.39   0.1889   0.0116     3.90  0    cut
  78  sn2007A       Ia-norm    0.7459   4.38   0.1836   0.0128     4.50  0    cut
  79  sn1999dq      Ia-91T     0.6986   4.38   0.1911   0.0090     5.40  0    cut
  80  sn2002er      Ia-norm    0.7013   4.35   0.1906   0.0098     4.10  0    cut
  81  sn2005hf      Ia-norm    0.7256   4.32   0.1777   0.0157     8.20  0    cut
  82  sn1992A       Ia-norm    0.7974   4.31   0.1923   0.0116     5.90  0    cut
  83  sn1992A       Ia-norm    0.7974   4.29   0.1929   0.0117     5.50  0    cut
  84  sn1996C       Ia-norm    0.7053   4.28   0.1865   0.0112     4.80  0    cut
  85  sn2002jg      Ia-norm    0.7013   4.27   0.1865   0.0097     4.50  0    cut
  86  sn1999ac      Ia-91T     0.7974   4.21   0.1793   0.0118     8.80  0    cut
  87  sn2006le      Ia-norm    0.7378   4.18   0.1921   0.0121     3.90  0    cut
  88  sn2006gr      Ia-norm    0.7365   4.17   0.1903   0.0120     9.40  0    cut
  89  sn2002kf      Ia-norm    0.6986   4.14   0.1896   0.0097     6.00  0    cut
  90  sn2001bg      Ia-norm    0.6999   4.13   0.1917   0.0107     5.10  0    cut
  91  sn1994M       Ia-norm    0.6769   4.12   0.1915   0.0105     5.60  0    cut
  92  sn2001fh      Ia-norm    0.6959   4.08   0.1835   0.0100     7.20  0    cut
  93  sn2007af      Ia-norm    0.7446   4.08   0.1823   0.0121     4.30  0    cut
  94  sn2003cg      Ia-norm    0.7717   4.06   0.1863   0.0122     4.00  0    cut
  95  sn2002kf      Ia-norm    0.7013   4.03   0.1904   0.0102     4.10  0    cut
  96  sn1998co      Ia-norm    0.6986   4.03   0.1872   0.0102     3.90  0    cut
  97  sn2002jy      Ia-norm    0.6999   4.03   0.1889   0.0102     8.00  0    cut
  98  sn1996ai      Ia-norm    0.7080   4.01   0.1918   0.0090     4.20  0    cut
  99  sn2000fa      Ia-norm    0.6999   4.00   0.1945   0.0102     4.20  0    cut
 100  sn2003it      Ia-norm    0.6972   3.99   0.1899   0.0103     5.70  0    cut
 101  sn2005M       Ia-91T     0.7378   3.99   0.1779   0.0123    10.00  0    cut
 102  sn2003cg      Ia-norm    0.6986   3.99   0.1887   0.0101     6.80  0    cut
 103  sn2001ep      Ia-norm    0.7013   3.99   0.1852   0.0101     4.80  0    cut
 104  sn2006lf      Ia-norm    0.6864   3.98   0.1880   0.0097     5.30  0    cut
 105  sn1989B       Ia-norm    0.6471   3.98   0.1836   0.0120     4.60  0    cut
 106  sn2007fb      Ia-norm    0.7432   3.97   0.1866   0.0119     5.60  0    cut
 107  sn2001fe      Ia-norm    0.6999   3.96   0.1925   0.0096     6.20  0    cut
 108  sn2005el      Ia-norm    0.7419   3.95   0.1867   0.0131     4.00  0    cut
 109  sn2007kk      Ia-norm    0.7324   3.93   0.1893   0.0134     8.80  0    cut
 110  sn2003ch      Ia-norm    0.6959   3.92   0.1856   0.0098     4.80  0    cut
 111  sn2005hc      Ia-norm    0.7229   3.91   0.1904   0.0126     5.40  0    cut
 112  sn1995al      Ia-norm    0.7107   3.91   0.1954   0.0113     6.40  0    cut
 113  sn2000ce      Ia-norm    0.7013   3.89   0.1910   0.0102     6.70  0    cut
 114  sn2007qe      Ia-norm    0.7432   3.89   0.1916   0.0131     8.00  0    cut
 115  sn2002fk      Ia-norm    0.6999   3.88   0.1850   0.0096     8.30  0    cut
 116  sn2006bq      Ia-norm    0.7419   3.87   0.1924   0.0131     5.30  0    cut
 117  sn2001en      Ia-norm    0.6999   3.87   0.1929   0.0111     4.40  0    cut
 118  sn2006lf      Ia-norm    0.6755   3.85   0.1866   0.0100     7.30  0    cut
 119  sn2007S       Ia-91T     0.7446   3.85   0.1858   0.0128     8.10  0    cut
 120  sn2001eh      Ia-91T     0.6945   3.84   0.1914   0.0106     4.70  0    cut
 121  sn2002ck      Ia-norm    0.6959   3.83   0.1880   0.0109     4.20  0    cut
 122  sn2006al      Ia-norm    0.7053   3.83   0.1874   0.0140     4.30  0    cut
 123  sn1990N       Ia-norm    0.7974   3.83   0.1850   0.0124     3.90  0    cut
 124  sn2008bf      Ia-norm    0.7432   3.81   0.1889   0.0136     7.50  0    cut
 125  sn2001ck      Ia-norm    0.6972   3.78   0.1893   0.0112     4.80  0    cut
 126  sn2001ep      Ia-norm    0.7013   3.73   0.1847   0.0108     5.80  0    cut
 127  sn2007le      Ia-norm    0.7446   3.72   0.1922   0.0141     5.40  0    cut
 128  sn2001en      Ia-norm    0.6999   3.71   0.1926   0.0115     5.30  0    cut
 129  sn2005hc      Ia-norm    0.7243   3.70   0.1910   0.0132     6.30  0    cut
 130  sn1996Z       Ia-norm    0.7080   3.69   0.1941   0.0118     4.10  0    cut
 131  sn2002dp      Ia-norm    0.6999   3.68   0.1850   0.0105     7.10  0    cut
 132  sn2002kf      Ia-norm    0.7013   3.66   0.1886   0.0109     8.00  0    cut
 133  sn2006lf      Ia-norm    0.6850   3.66   0.1872   0.0107     6.30  0    cut
 134  sn2005am      Ia-norm    0.7419   3.65   0.1910   0.0124     3.90  0    cut
 135  sn1998dm      Ia-norm    0.7013   3.64   0.1880   0.0108     9.50  0    cut
 136  sn2001eh      Ia-91T     0.6959   3.64   0.1912   0.0110     5.70  0    cut
 137  sn2004L       Ia-norm    0.6986   3.63   0.1863   0.0105     5.30  0    cut
 138  sn2007kk      Ia-norm    0.7324   3.63   0.1887   0.0136     9.80  0    cut
 139  sn2006cp      Ia-norm    0.7432   3.63   0.1867   0.0137     9.30  0    cut
 140  sn1989B       Ia-norm    0.6390   3.62   0.1831   0.0125     6.60  0    cut
 141  sn1999gp      Ia-91T     0.6986   3.60   0.1929   0.0124     4.90  0    cut
 142  sn1994ae      Ia-norm    0.6999   3.60   0.1816   0.0147     7.90  0    cut
 143  sn1994M       Ia-norm    0.7162   3.59   0.1920   0.0104     6.60  0    cut
 144  sn2001bf      Ia-norm    0.6999   3.59   0.1843   0.0106     4.70  0    cut
 145  sn2006al      Ia-norm    0.7053   3.59   0.1869   0.0135     5.40  0    cut
 146  sn1997Y       Ia-norm    0.6972   3.58   0.1853   0.0105     6.90  0    cut
 147  sn2007af      Ia-norm    0.7446   3.58   0.1820   0.0133     5.40  0    cut
 148  sn2007bc      Ia-norm    0.7459   3.58   0.1832   0.0136     4.30  0    cut
 149  sn2001en      Ia-norm    0.7013   3.55   0.1920   0.0116     6.30  0    cut
 150  sn2003it      Ia-norm    0.6891   3.54   0.1896   0.0113     6.60  0    cut
 151  sn1993ac      Ia-norm    0.7974   3.54   0.1904   0.0135     6.90  0    cut
 152  sn2002dj      Ia-norm    0.7852   3.52   0.1889   0.0140     8.00  0    cut
 153  sn2003ch      Ia-norm    0.7392   3.51   0.1860   0.0109     5.60  0    cut
 154  sn2003kf      Ia-norm    0.6931   3.50   0.1898   0.0111     8.50  0    cut
 155  sn2003ch      Ia-norm    0.6986   3.48   0.1839   0.0120     6.70  0    cut
 156  sn2002he      Ia-norm    0.6999   3.47   0.1910   0.0115     5.60  0    cut
 157  sn2003cg      Ia-norm    0.7189   3.47   0.1884   0.0110     7.00  0    cut
 158  sn2004ef      Ia-norm    0.7392   3.47   0.1903   0.0129     6.30  0    cut
 159  sn1999ac      Ia-91T     0.7459   3.47   0.1824   0.0134     7.80  0    cut
 160  sn2003du      Ia-norm    0.7229   3.46   0.1845   0.0149     6.90  0    cut
 161  sn2007qe      Ia-norm    0.7459   3.46   0.1910   0.0141     9.00  0    cut
 162  sn2003cg      Ia-norm    0.7013   3.46   0.1881   0.0114     7.70  0    cut
 163  sn1996X       Ia-norm    0.7080   3.45   0.1883   0.0111     7.10  0    cut
 164  sn2006gz      Ia-pec     0.6471   3.44   0.1909   0.0096     6.20  0    cut
 165  sn2001ep      Ia-norm    0.7026   3.43   0.1841   0.0115     6.80  0    cut
 166  sn2003fa      Ia-91T     0.6999   3.43   0.1880   0.0131     6.90  0    cut
 167  sn1999bh      Ia-91bg    0.6390   3.43   0.1722   0.0087     5.10  0    cut
 168  sn2004bk      Ia-norm    0.6931   3.42   0.1942   0.0109     6.40  0    cut
 169  sn2007ca      Ia-norm    0.7419   3.42   0.1827   0.0149     9.40  0    cut
 170  sn1998dx      Ia-norm    0.7026   3.40   0.1870   0.0126     5.90  0    cut
 171  sn2001ep      Ia-norm    0.7974   3.39   0.1807   0.0134     7.70  0    cut
 172  sn2002fk      Ia-norm    0.6999   3.38   0.1844   0.0109     9.40  0    cut
 173  sn2006le      Ia-norm    0.7392   3.38   0.1921   0.0144     5.90  0    cut
 174  sn1999aa      Ia-91T     0.6674   3.38   0.1901   0.0116     6.70  0    cut
 175  sn2008af      Ia-norm    0.7405   3.38   0.1913   0.0131     5.90  0    cut
 176  sn2007ux      Ia-norm    0.7405   3.37   0.1840   0.0140     5.80  0    cut
 177  sn2006al      Ia-norm    0.6688   3.37   0.1855   0.0142     6.30  0    cut
 178  sn1998bu      Ia-norm    0.6999   3.37   0.1874   0.0115     8.40  0    cut
 179  sn2008C       Ia-norm    0.7446   3.34   0.1834   0.0142     8.30  0    cut
 180  sn2005cf      Ia-norm    0.7974   3.34   0.1843   0.0139     9.40  0    cut
 181  sn2005cg      Ia-norm    0.4305   3.31   0.1902   0.0107     4.80  0    cut
 182  sn2000cx      Ia-pec     0.7974   3.31   0.0424   0.0172     4.70  0    cut
 183  sn2006mo      Ia-norm    0.7324   3.29   0.1821   0.0148     5.20  0    cut
 184  sn1994ae      Ia-norm    0.7013   3.28   0.1800   0.0157     9.00  0    cut
 185  sn2007co      Ia-norm    0.7446   3.28   0.1874   0.0140     8.60  0    cut
 186  sn2003it      Ia-norm    0.6931   3.27   0.1891   0.0120     7.60  0    cut
 187  sn2002es      Ia-91bg    0.6986   3.26   0.1707   0.0111     4.10  0    cut
 188  sn2007if      Ia-pec     0.7974   3.26   0.0275   0.0234     4.70  0    cut
 189  sn2003fa      Ia-91T     0.6972   3.25   0.1875   0.0143     7.80  0    cut
 190  sn2005am      Ia-norm    0.7392   3.25   0.1907   0.0135     4.90  0    cut
 191  sn2002dj      Ia-norm    0.7974   3.24   0.1896   0.0147     9.30  0    cut
 192  sn2003cg      Ia-norm    0.7013   3.24   0.1874   0.0119     8.80  0    cut
 193  sn2003hu      Ia-91T     0.6999   3.24   0.1857   0.0152     8.40  0    cut
 194  sn2000ce      Ia-norm    0.6986   3.23   0.1899   0.0121     8.70  0    cut
 195  sn2001ep      Ia-norm    0.7229   3.22   0.1837   0.0120     7.80  0    cut
 196  sn1996Z       Ia-norm    0.7080   3.21   0.1934   0.0129     6.10  0    cut
 197  sn2002jy      Ia-norm    0.6972   3.21   0.1883   0.0120     9.90  0    cut
 198  sn2008L       Ia-norm    0.7446   3.20   0.1877   0.0150     5.60  0    cut
 199  sn2008Z       Ia-norm    0.7473   3.20   0.1829   0.0173    10.30  0    cut
 200  sn2007nq      Ia-norm    0.7270   3.20   0.1853   0.0151     6.30  0    cut
 201  sn2003du      Ia-norm    0.7283   3.19   0.1838   0.0160     7.90  0    cut
 202  sn1997do      Ia-norm    0.6999   3.19   0.1942   0.0127     8.20  0    cut
 203  sn1999ac      Ia-91T     0.7974   3.16   0.1755   0.0149    11.80  0    cut
 204  sn1992A       Ia-norm    0.6471   3.16   0.1933   0.0137     6.90  0    cut
 205  sn1995D       Ia-norm    0.7148   3.16   0.1830   0.0155     9.50  0    cut
 206  sn2006eq      Ia-norm    0.6579   3.16   0.1873   0.0132     4.70  0    cut
 207  sn2000cx      Ia-pec     0.7974   3.15   0.0418   0.0180     5.70  0    cut
 208  sn1995al      Ia-norm    0.7121   3.15   0.1942   0.0133     8.40  0    cut
 209  sn2006le      Ia-norm    0.7419   3.15   0.1915   0.0157     6.90  0    cut
 210  sn2007hj      Ia-norm    0.7487   3.15   0.1838   0.0139     4.40  0    cut
 211  sn2003ic      Ia-norm    0.6986   3.15   0.1886   0.0190     4.30  0    cut
 212  sn2002cx      Ia-pec     0.7013   3.13   0.0017   0.0106    11.30  0    cut
 213  sn2001gc      Ia-norm    0.6959   3.13   0.1992   0.0144     4.40  0    cut
 214  sn1996X       Ia-norm    0.7080   3.13   0.1878   0.0121     8.10  0    cut
 215  sn2000cx      Ia-pec     0.6931   3.13   0.0558   0.0164     6.60  0    cut
 216  sn1999gp      Ia-91T     0.6972   3.12   0.1928   0.0135     6.90  0    cut
 217  sn2003du      Ia-norm    0.7365   3.12   0.1837   0.0162     8.80  0    cut
 218  sn2001fh      Ia-norm    0.6959   3.11   0.1818   0.0125     9.10  0    cut
 219  sn2008Z       Ia-norm    0.7473   3.10   0.1777   0.0174    12.30  0    cut
 220  sn2004S       Ia-norm    0.7798   3.10   0.1821   0.0152    13.30  0    cut
 221  sn2000cu      Ia-norm    0.6972   3.10   0.1854   0.0121     7.30  0    cut
 222  sn2006X       Ia-norm    0.7392   3.09   0.1953   0.0151     5.20  0    cut
 223  sn2000E       Ia-norm    0.6891   3.09   0.1880   0.0134     7.50  0    cut
 224  sn2006X       Ia-norm    0.7378   3.08   0.1962   0.0153     4.20  0    cut
 225  sn1998ab      Ia-91T     0.7067   3.08   0.1832   0.0157     7.70  0    cut
 226  sn1999gd      Ia-norm    0.6986   3.08   0.1842   0.0124     7.90  0    cut
 227  sn2001eh      Ia-91T     0.7459   3.08   0.1899   0.0128     8.60  0    cut
 228  sn1994Q       Ia-norm    0.7960   3.06   0.1895   0.0144    11.60  0    cut
 229  sn2005hf      Ia-norm    0.7270   3.06   0.1792   0.0199     9.10  0    cut
 230  sn1999X       Ia-norm    0.6972   3.05   0.1858   0.0134    12.00  0    cut
 231  sn2007cg      Ia-norm    0.6539   3.04   0.1959   0.0144     6.50  0    cut
 232  sn2000cx      Ia-pec     0.6227   3.04   0.1958   0.0126     6.60  0    cut
 233  sn2007le      Ia-norm    0.7446   3.04   0.1915   0.0162     7.40  0    cut
 234  sn2006ac      Ia-norm    0.7283   3.03   0.1877   0.0156     6.20  0    cut
 235  sn2003du      Ia-norm    0.7974   3.03   0.1839   0.0164     9.80  0    cut
 236  sn2007bc      Ia-norm    0.7459   3.02   0.1821   0.0152     6.20  0    cut
 237  sn2003hu      Ia-91T     0.6986   3.02   0.1862   0.0157     7.50  0    cut
 238  sn2004as      Ia-norm    0.6972   3.02   0.1893   0.0146     5.80  0    cut
 239  sn1998co      Ia-norm    0.6986   3.02   0.1851   0.0130     6.90  0    cut
 240  sn2002es      Ia-91bg    0.6972   3.01   0.1715   0.0109     5.10  0    cut
 241  sn1994ae      Ia-norm    0.6986   3.00   0.1791   0.0171     9.90  0    cut
 242  sn1999gh      Ia-norm    0.6986   2.98   0.1840   0.0139     5.50  0    cut
 243  sn2006N       Ia-norm    0.7405   2.96   0.1875   0.0167     4.60  0    cut
 244  sn2002er      Ia-norm    0.7974   2.96   0.1763   0.0156     8.80  0    cut
 245  sn2002ic      Ia-csm     0.7974   2.96   0.0342   0.0214     5.60  0    cut
 246  sn2003hv      Ia-norm    0.7459   2.94   0.1848   0.0139     8.20  0    cut
 247  sn2007ba      Ia-91bg    0.6444   2.94   0.1821   0.0119     6.00  0    cut
 248  sn2007cg      Ia-norm    0.6539   2.94   0.1974   0.0153     5.50  0    cut
 249  sn2001en      Ia-norm    0.6999   2.94   0.1909   0.0136     8.30  0    cut
 250  sn2006bt      Ia-norm    0.7392   2.93   0.1828   0.0153     4.70  0    cut
 251  sn1999ac      Ia-91T     0.7013   2.93   0.1847   0.0151     9.00  0    cut
 252  sn2001gc      Ia-norm    0.6972   2.93   0.1983   0.0151     5.30  0    cut
 253  sn1999ej      Ia-norm    0.6999   2.92   0.1837   0.0123     8.10  0    cut
 254  sn2007bd      Ia-norm    0.7392   2.90   0.1868   0.0165     8.40  0    cut
 255  sn2006le      Ia-norm    0.7419   2.90   0.1907   0.0164     7.90  0    cut
 256  sn2003fa      Ia-91T     0.6986   2.89   0.1877   0.0167     8.70  0    cut
 257  sn1998bu      Ia-norm    0.6999   2.89   0.1868   0.0136     9.40  0    cut
 258  sn2003iv      Ia-norm    0.6959   2.89   0.1848   0.0137     7.20  0    cut
 259  sn2007qe      Ia-norm    0.7446   2.88   0.1893   0.0164    10.90  0    cut
 260  sn2006X       Ia-norm    0.7405   2.85   0.1946   0.0159     6.20  0    cut
 261  sn2006gz      Ia-pec     0.6485   2.84   0.1898   0.0118     8.20  0    cut
 262  sn2006cj      Ia-norm    0.7053   2.84   0.1862   0.0189     8.20  0    cut
 263  sn2001bf      Ia-norm    0.7974   2.84   0.1834   0.0117     8.70  0    cut
 264  sn2006te      Ia-norm    0.7392   2.84   0.1787   0.0215    12.30  0    cut
 265  sn2004as      Ia-norm    0.6972   2.84   0.1889   0.0149     6.60  0    cut
 266  sn2003ic      Ia-norm    0.6986   2.84   0.1883   0.0197     5.30  0    cut
 267  sn2002ha      Ia-norm    0.7013   2.83   0.1860   0.0129     9.60  0    cut
 268  sn2006hb      Ia-91bg    0.7432   2.81   0.1827   0.0153     6.80  0    cut
 269  sn2002dp      Ia-norm    0.7013   2.81   0.1828   0.0132    10.00  0    cut
 270  sn1999ef      Ia-norm    0.6972   2.80   0.1892   0.0174     6.70  0    cut
 271  sn2006ac      Ia-norm    0.7392   2.80   0.1867   0.0166     7.10  0    cut
 272  sn1996bo      Ia-norm    0.7094   2.80   0.1928   0.0141     5.20  0    cut
 273  sn2003it      Ia-norm    0.6972   2.79   0.1888   0.0136     8.50  0    cut
 274  sn2001bg      Ia-norm    0.7013   2.79   0.1886   0.0141    10.00  0    cut
 275  sn2001da      Ia-norm    0.6972   2.78   0.1891   0.0140     7.80  0    cut
 276  sn2007co      Ia-norm    0.7446   2.77   0.1861   0.0158    10.50  0    cut
 277  sn2008bf      Ia-norm    0.7473   2.76   0.1863   0.0177    10.40  0    cut
 278  sn1999by      Ia-91bg    0.7013   2.76   0.1817   0.0141     4.00  0    cut
 279  sn1999gh      Ia-norm    0.6999   2.75   0.1834   0.0146     6.50  0    cut
 280  sn2005ls      Ia-norm    0.7405   2.75   0.1890   0.0163    10.80  0    cut
 281  sn2003cg      Ia-norm    0.6999   2.74   0.1868   0.0141     9.80  0    cut
 282  sn2001E       Ia-norm    0.6959   2.73   0.1984   0.0159     7.70  0    cut
 283  sn2002bf      Ia-norm    0.6972   2.73   0.1992   0.0157     5.70  0    cut
 284  sn2005kc      Ia-norm    0.7392   2.72   0.1829   0.0172     6.70  0    cut
 285  sn2005cg      Ia-norm    0.4292   2.72   0.1903   0.0124     6.70  0    cut
 286  sn1999ek      Ia-norm    0.6999   2.72   0.1832   0.0138     9.20  0    cut
 287  sn2000B       Ia-norm    0.7013   2.71   0.1948   0.0148     8.60  0    cut
 288  sn2006bt      Ia-norm    0.7392   2.71   0.1837   0.0163     5.70  0    cut
 289  sn2004eo      Ia-norm    0.7974   2.71   0.1808   0.0158     7.80  0    cut
 290  sn1999ef      Ia-norm    0.6959   2.70   0.1887   0.0174     7.70  0    cut
 291  sn2007le      Ia-norm    0.7446   2.70   0.1904   0.0177     8.40  0    cut
 292  sn1989B       Ia-norm    0.6566   2.70   0.1826   0.0160     8.60  0    cut
 293  sn1984A       Ia-norm    0.5361   2.69   0.1928   0.0173     8.10  0    cut
 294  sn1999ac      Ia-91T     0.7013   2.69   0.1847   0.0159    10.00  0    cut
 295  sn2007hj      Ia-norm    0.7446   2.69   0.1825   0.0156     6.30  0    cut
 296  sn1995E       Ia-norm    0.7974   2.69   0.1853   0.0174     8.90  0    cut
 297  sn2006X       Ia-norm    0.7419   2.69   0.1938   0.0166     7.30  0    cut
 298  sn2004dt      Ia-norm    0.7771   2.68   0.1912   0.0155     9.10  0    cut
 299  sn2002bf      Ia-norm    0.6891   2.68   0.2004   0.0165     4.80  0    cut
 300  sn2001bf      Ia-norm    0.6931   2.67   0.1821   0.0127     7.60  0    cut
 301  sn2001V       Ia-91T     0.6999   2.66   0.1905   0.0147     9.50  0    cut
 302  sn2001ay      Ia-norm    0.7974   2.66   0.1948   0.0147     5.80  0    cut
 303  sn2006N       Ia-norm    0.7432   2.66   0.1870   0.0178     5.60  0    cut
 304  sn2004as      Ia-norm    0.6999   2.65   0.1889   0.0155     7.60  0    cut
 305  sn2008R       Ia-91bg    0.7432   2.65   0.1811   0.0159     5.30  0    cut
 306  sn2001gc      Ia-norm    0.6972   2.65   0.1964   0.0162     7.30  0    cut
 307  sn2007bm      Ia-norm    0.7459   2.65   0.1832   0.0169     6.60  0    cut
 308  sn1998dk      Ia-norm    0.6999   2.65   0.1925   0.0149    10.20  0    cut
 309  sn1996Z       Ia-norm    0.7080   2.65   0.1919   0.0149     8.10  0    cut
 310  sn1997do      Ia-norm    0.6999   2.64   0.1930   0.0150    10.20  0    cut
 311  sn2002eu      Ia-norm    0.6986   2.64   0.1840   0.0148     7.80  0    cut
 312  sn2004bg      Ia-norm    0.6931   2.63   0.1844   0.0146    10.50  0    cut
 313  sn2007bc      Ia-norm    0.7459   2.63   0.1819   0.0171     7.30  0    cut
 314  sn2003ic      Ia-norm    0.6972   2.62   0.1851   0.0199     7.20  0    cut
 315  sn2002ic      Ia-csm     0.7446   2.62   0.0305   0.0252     9.40  0    cut
 316  sn2005am      Ia-norm    0.7405   2.62   0.1895   0.0162     6.90  0    cut
 317  sn2006lf      Ia-norm    0.6877   2.62   0.1850   0.0138     9.30  0    cut
 318  sn2006al      Ia-norm    0.6485   2.61   0.1869   0.0146     9.10  0    cut
 319  sn1999X       Ia-norm    0.6986   2.61   0.1857   0.0144    13.10  0    cut
 320  sn2007S       Ia-91T     0.7459   2.60   0.1834   0.0164    12.10  0    cut
 321  sn2007ca      Ia-norm    0.7419   2.60   0.1808   0.0183    11.40  0    cut
 322  sn2000fa      Ia-norm    0.6972   2.59   0.1923   0.0144     9.10  0    cut
 323  sn2006hb      Ia-91bg    0.7459   2.59   0.1819   0.0160     7.70  0    cut
 324  sn2005cc      Ia-pec     0.7446   2.59   0.0012   0.0176     5.60  0    cut
 325  sn2006ac      Ia-norm    0.7419   2.58   0.1844   0.0177     9.00  0    cut
 326  sn2002dj      Ia-norm    0.6999   2.57   0.1919   0.0154     9.50  0    cut
 327  sn2006N       Ia-norm    0.7365   2.57   0.1856   0.0188     6.50  0    cut
 328  sn2003kf      Ia-norm    0.6931   2.57   0.1889   0.0142    10.40  0    cut
 329  sn2008C       Ia-norm    0.7974   2.56   0.1822   0.0170    10.30  0    cut
 330  sn2006D       Ia-norm    0.7405   2.55   0.1838   0.0158     4.50  0    cut
 331  sn2004as      Ia-norm    0.6986   2.55   0.1873   0.0161     8.60  0    cut
 332  sn2003hu      Ia-91T     0.6255   2.54   0.1868   0.0155    10.30  0    cut
 333  sn2002de      Ia-norm    0.7026   2.54   0.1911   0.0157     8.50  0    cut
 334  sn2003it      Ia-norm    0.6959   2.53   0.1881   0.0146     9.50  0    cut
 335  sn2007kk      Ia-norm    0.6728   2.53   0.1959   0.0148     7.90  0    cut
 336  sn1999by      Ia-91bg    0.7013   2.53   0.1811   0.0150     5.00  0    cut
 337  sn2002jg      Ia-norm    0.6972   2.52   0.1837   0.0157     9.40  0    cut
 338  sn1998dx      Ia-norm    0.7026   2.52   0.1861   0.0166     7.80  0    cut
 339  sn2006X       Ia-norm    0.7459   2.51   0.1940   0.0169     8.20  0    cut
 340  sn1994Q       Ia-norm    0.7026   2.51   0.1867   0.0143    10.90  0    cut
 341  sn1999ac      Ia-91T     0.6999   2.50   0.1841   0.0168    10.90  0    cut
 342  sn2006le      Ia-norm    0.7432   2.50   0.1900   0.0184     8.90  0    cut
 343  sn2006hb      Ia-91bg    0.7459   2.50   0.1813   0.0167     8.70  0    cut
 344  sn1999gh      Ia-norm    0.6999   2.50   0.1827   0.0156     7.40  0    cut
 345  sn2003ic      Ia-norm    0.6986   2.50   0.1769   0.0208     8.00  0    cut
 346  sn2002bf      Ia-norm    0.6959   2.49   0.1985   0.0165     6.70  0    cut
 347  sn2002eu      Ia-norm    0.6986   2.49   0.1869   0.0131     5.00  0    cut
 348  sn1998bu      Ia-norm    0.6999   2.49   0.1861   0.0152    10.40  0    cut
 349  sn2000cx      Ia-pec     0.6227   2.48   0.0576   0.0211     8.60  0    cut
 350  sn2007co      Ia-norm    0.7446   2.46   0.1851   0.0169    11.50  0    cut
 351  sn1995D       Ia-norm    0.7148   2.46   0.1822   0.0181    11.50  0    cut
 352  sn1992A       Ia-norm    0.7974   2.46   0.1903   0.0172     8.20  0    cut
 353  sn1998dk      Ia-norm    0.6999   2.45   0.1913   0.0159    11.10  0    cut
 354  sn2007S       Ia-91T     0.7459   2.45   0.1828   0.0183    13.10  0    cut
 355  sn2006hb      Ia-91bg    0.7487   2.45   0.1788   0.0176     9.70  0    cut
 356  sn1994T       Ia-norm    0.6458   2.44   0.1866   0.0178     4.70  0    cut
 357  sn1998dm      Ia-norm    0.7013   2.43   0.1862   0.0154    12.40  0    cut
 358  sn1997do      Ia-norm    0.6999   2.43   0.1919   0.0161    11.10  0    cut
 359  sn1995al      Ia-norm    0.7121   2.43   0.1919   0.0161    10.40  0    cut
 360  sn2001ay      Ia-norm    0.7581   2.43   0.1900   0.0161     7.80  0    cut
 361  sn2002es      Ia-91bg    0.6945   2.42   0.1702   0.0147     9.00  0    cut
 362  sn2007hj      Ia-norm    0.7473   2.42   0.1817   0.0167     7.30  0    cut
 363  sn2001en      Ia-norm    0.6986   2.41   0.1891   0.0157    10.20  0    cut
 364  sn1999cl      Ia-norm    0.6999   2.40   0.1879   0.0168     7.60  0    cut
 365  sn2002kf      Ia-norm    0.6999   2.39   0.1867   0.0153    11.80  0    cut
 366  sn2001ay      Ia-norm    0.6986   2.39   0.1946   0.0162     4.20  0    cut
 367  sn2007ap      Ia-norm    0.7432   2.38   0.1862   0.0180     7.40  0    cut
 368  sn2005hf      Ia-norm    0.7243   2.38   0.1607   0.0236    11.00  0    cut
 369  sn1997br      Ia-91T     0.7974   2.37   0.1871   0.0190     7.20  0    cut
 370  sn2001V       Ia-91T     0.6999   2.37   0.1906   0.0163    10.50  0    cut
 371  sn2006bw      Ia-norm    0.7392   2.36   0.1837   0.0175     4.90  0    cut
 372  sn2007le      Ia-norm    0.7446   2.35   0.1897   0.0194     9.50  0    cut
 373  sn2007nq      Ia-norm    0.6552   2.35   0.1881   0.0160     9.20  0    cut
 374  sn2005hf      Ia-norm    0.7270   2.35   0.1579   0.0235    12.90  0    cut
 375  sn2002bo      Ia-norm    0.6972   2.35   0.1877   0.0172    10.40  0    cut
 376  sn2000cx      Ia-pec     0.6214   2.35   0.0550   0.0243    10.60  0    cut
 377  sn2002dj      Ia-norm    0.7974   2.34   0.1856   0.0186    12.30  0    cut
 378  sn1996bo      Ia-norm    0.7080   2.34   0.1917   0.0156     7.10  0    cut
 379  sn1999ac      Ia-91T     0.6999   2.33   0.1841   0.0176    11.90  0    cut
 380  sn1999by      Ia-91bg    0.7026   2.30   0.1813   0.0164     5.90  0    cut
 381  sn1996X       Ia-norm    0.7974   2.29   0.1856   0.0205     7.10  0    cut
 382  sn2005cf      Ia-norm    0.7974   2.28   0.1818   0.0185    12.10  0    cut
 383  sn2002dl      Ia-91bg    0.6972   2.28   0.1803   0.0158    10.30  0    cut
 384  sn2003cg      Ia-norm    0.7974   2.28   0.1843   0.0193     9.20  0    cut
 385  sn2007bj      Ia-norm    0.7459   2.28   0.1799   0.0216    12.00  0    cut
 386  sn2003cg      Ia-norm    0.6999   2.27   0.1855   0.0166    10.80  0    cut
 387  sn1997bq      Ia-norm    0.7067   2.27   0.1896   0.0178     9.20  0    cut
 388  sn2001N       Ia-norm    0.6891   2.26   0.1900   0.0173     9.40  0    cut
 389  sn2007cg      Ia-norm    0.6512   2.26   0.1956   0.0186     7.50  0    cut
 390  sn2005am      Ia-norm    0.7419   2.26   0.1890   0.0176     7.90  0    cut
 391  sn1999ef      Ia-norm    0.6986   2.26   0.1863   0.0214     9.60  0    cut
 392  sn1999gh      Ia-norm    0.6999   2.25   0.1825   0.0170     8.40  0    cut
 393  sn2001G       Ia-norm    0.6999   2.24   0.1901   0.0165    11.60  0    cut
 394  sn2003fa      Ia-91T     0.6986   2.24   0.1876   0.0199    10.70  0    cut
 395  sn2005mc      Ia-norm    0.7419   2.22   0.1833   0.0171     5.60  0    cut
 396  sn2002eu      Ia-norm    0.6959   2.21   0.1834   0.0164    10.70  0    cut
 397  sn2002es      Ia-91bg    0.6959   2.21   0.1686   0.0146    11.00  0    cut
 398  sn2002er      Ia-norm    0.7893   2.21   0.1850   0.0177    10.00  0    cut
 399  sn1997do      Ia-norm    0.6999   2.20   0.1910   0.0171    12.10  0    cut
 400  sn2006N       Ia-norm    0.7365   2.20   0.1857   0.0205     7.50  0    cut
 401  sn1990N       Ia-norm    0.7974   2.20   0.1808   0.0198    13.50  0    cut
 402  sn2005be      Ia-norm    0.7351   2.20   0.1866   0.0195     7.70  0    cut
 403  sn1996Z       Ia-norm    0.7067   2.19   0.1897   0.0178    10.10  0    cut
 404  sn2001V       Ia-91T     0.6999   2.19   0.1895   0.0175    11.30  0    cut
 405  sn2000cx      Ia-pec     0.6200   2.18   0.0504   0.0292    13.60  0    cut
 406  sn2006lf      Ia-norm    0.6850   2.18   0.1841   0.0157    10.30  0    cut
 407  sn1991T       Ia-91T     0.7784   2.18   0.1811   0.0203     9.50  0    cut
 408  sn2001ay      Ia-norm    0.6959   2.17   0.1920   0.0173     7.20  0    cut
 409  sn1998bu      Ia-norm    0.6986   2.17   0.1854   0.0172    11.40  0    cut
 410  sn2006H       Ia-91bg    0.7419   2.16   0.1816   0.0182     4.50  0    cut
 411  sn1994Q       Ia-norm    0.7013   2.16   0.1842   0.0175    12.80  0    cut
 412  sn2005gj      Ia-csm     0.6268   2.15   0.0232   0.0240    10.40  0    cut
 413  sn2005cc      Ia-pec     0.6674   2.15   0.0008   0.0129     9.50  0    cut
 414  sn1999by      Ia-91bg    0.7026   2.15   0.1813   0.0181     6.90  0    cut
 415  sn2008bf      Ia-norm    0.7432   2.14   0.1861   0.0209    11.40  0    cut
 416  sn2007le      Ia-norm    0.7419   2.14   0.1890   0.0203    10.40  0    cut
 417  sn2001N       Ia-norm    0.6661   2.14   0.1931   0.0191     4.40  0    cut
 418  sn2004bg      Ia-norm    0.6959   2.14   0.1824   0.0177    12.50  0    cut
 419  sn2001N       Ia-norm    0.6945   2.14   0.1896   0.0181    10.40  0    cut
 420  sn2007al      Ia-91bg    0.7405   2.13   0.0300   0.0349     5.30  0    cut
 421  sn1992A       Ia-norm    0.7351   2.12   0.1915   0.0192    11.20  0    cut
 422  sn1999gh      Ia-norm    0.6999   2.12   0.1821   0.0176     9.40  0    cut
 423  sn2006hb      Ia-91bg    0.7487   2.11   0.1792   0.0188    10.70  0    cut
 424  sn1997br      Ia-91T     0.7067   2.10   0.1873   0.0192     7.90  0    cut
 425  sn2003fa      Ia-91T     0.6972   2.10   0.1864   0.0213    11.60  0    cut
 426  sn2007if      Ia-pec     0.7974   2.10   0.0098   0.0241     9.40  0    cut
 427  sn1998ab      Ia-91T     0.5957   2.10   0.1856   0.0196     6.70  0    cut
 428  sn2005hf      Ia-norm    0.7243   2.09   0.1647   0.0261    12.00  0    cut
 429  sn2002bo      Ia-norm    0.6986   2.09   0.1864   0.0186    11.60  0    cut
 430  sn2006gz      Ia-pec     0.7459   2.09   0.1916   0.0249     7.30  0    cut
 431  sn1994Q       Ia-norm    0.7013   2.09   0.1860   0.0169    11.80  0    cut
 432  sn2006eu      Ia-norm    0.7459   2.08   0.1783   0.0196     8.00  0    cut
 433  sn2007ca      Ia-norm    0.7446   2.08   0.1785   0.0215    13.30  0    cut
 434  sn2007al      Ia-91bg    0.7473   2.08   0.0302   0.0390     4.30  0    cut
 435  sn2007hj      Ia-norm    0.7974   2.07   0.1815   0.0188     8.20  0    cut
 436  sn1998ec      Ia-norm    0.6986   2.07   0.1881   0.0179    11.70  0    cut
 437  sn2006lf      Ia-norm    0.7094   2.06   0.1818   0.0189    11.30  0    cut
 438  sn2001ay      Ia-norm    0.6945   2.06   0.1902   0.0175     9.00  0    cut
 439  sn2000dk      Ia-norm    0.7148   2.06   0.1803   0.0185     9.60  0    cut
 440  sn2006H       Ia-91bg    0.7432   2.06   0.1776   0.0236    12.40  0    cut
 441  sn2000fa      Ia-norm    0.6999   2.06   0.1897   0.0176    11.10  0    cut
 442  sn1989B       Ia-norm    0.6850   2.05   0.1800   0.0197    11.60  0    cut
 443  sn2001cj      Ia-norm    0.7974   2.05   0.1840   0.0221    13.60  0    cut
 444  sn1997bq      Ia-norm    0.7974   2.05   0.1852   0.0194    12.20  0    cut
 445  sn2000cn      Ia-91bg    0.6986   2.05   0.1837   0.0171     8.30  0    cut
 446  sn2006hb      Ia-91bg    0.7459   2.05   0.1779   0.0188    11.70  0    cut
 447  sn2007af      Ia-norm    0.7459   2.04   0.1785   0.0194    10.20  0    cut
 448  sn2001V       Ia-91T     0.6999   2.04   0.1885   0.0187    12.50  0    cut
 449  sn2002er      Ia-norm    0.6945   2.04   0.1906   0.0174    11.80  0    cut
 450  sn1989B       Ia-norm    0.6593   2.04   0.1815   0.0197    10.60  0    cut
 451  sn2002dp      Ia-norm    0.6986   2.03   0.1814   0.0169    13.00  0    cut
 452  sn2008C       Ia-norm    0.7446   2.03   0.1795   0.0195    12.30  0    cut
 453  sn1999ej      Ia-norm    0.6959   2.02   0.1810   0.0176    11.00  0    cut
 454  sn2001bf      Ia-norm    0.6918   2.02   0.1790   0.0157    12.50  0    cut
 455  sn2005cc      Ia-pec     0.6837   2.00   0.1700   0.0168     4.60  0    cut
 456  sn2001N       Ia-norm    0.6918   2.00   0.0277   0.0241    11.50  0    cut
 457  sn2002bo      Ia-norm    0.6972   1.99   0.1860   0.0194    12.50  0    cut
 458  sn2006gz      Ia-pec     0.7432   1.98   0.1912   0.0255     8.20  0    cut
 459  sn2005cf      Ia-norm    0.7974   1.98   0.1829   0.0198    12.20  0    cut
 460  sn1994D       Ia-norm    0.7094   1.98   0.1853   0.0188    10.80  0    cut
 461  sn2005bl      Ia-91bg    0.7974   1.97   0.0296   0.0493     4.70  0    cut
 462  sn1998bu      Ia-norm    0.6986   1.97   0.1840   0.0193    12.40  0    cut
 463  sn2007fb      Ia-norm    0.7487   1.97   0.1866   0.0201    10.60  0    cut
 464  sn1998dk      Ia-norm    0.7013   1.97   0.1895   0.0188    13.10  0    cut
 465  sn2006gz      Ia-pec     0.6417   1.96   0.1925   0.0263     5.30  0    cut
 466  sn1999by      Ia-91bg    0.7013   1.94   0.1816   0.0205     7.90  0    cut
 467  sn2001en      Ia-norm    0.6986   1.94   0.1876   0.0190    12.20  0    cut
 468  sn2002bf      Ia-norm    0.6945   1.94   0.0303   0.0253    10.60  0    cut
 469  sn2007le      Ia-norm    0.7446   1.94   0.1883   0.0216    11.40  0    cut
 470  sn1996bo      Ia-norm    0.7067   1.93   0.1897   0.0188     9.20  0    cut
 471  sn1999gh      Ia-norm    0.6986   1.92   0.1823   0.0191    11.40  0    cut
 472  sn2006le      Ia-norm    0.7419   1.92   0.1892   0.0225    10.80  0    cut
 473  sn2005gj      Ia-csm     0.6282   1.91   0.0231   0.0260     7.70  0    cut
 474  sn1998V       Ia-norm    0.6945   1.91   0.1848   0.0196    12.10  0    cut
 475  sn1995bd      Ia-91T     0.7080   1.91   0.1881   0.0208    10.60  0    cut
 476  sn1997br      Ia-91T     0.7974   1.91   0.0155   0.0244    11.90  0    cut
 477  sn1997cn      Ia-91bg    0.7270   1.91   0.1785   0.0173     3.90  0    cut
 478  sn2006gz      Ia-pec     0.7432   1.90   0.1909   0.0259     9.20  0    cut
 479  sn2004eo      Ia-norm    0.7852   1.89   0.1789   0.0209    11.70  0    cut
 480  sn2007if      Ia-pec     0.6986   1.88   0.0090   0.0261     9.40  0    cut
 481  sn2002bo      Ia-norm    0.6972   1.88   0.1856   0.0201    13.50  0    cut
 482  sn2000cn      Ia-91bg    0.6959   1.88   0.1840   0.0181    10.20  0    cut
 483  sn2007if      Ia-pec     0.6728   1.87   0.1777   0.0238    10.30  0    cut
 484  sn1997bq      Ia-norm    0.7067   1.87   0.1877   0.0202    11.20  0    cut
 485  sn1997E       Ia-norm    0.7040   1.86   0.1825   0.0201    11.20  0    cut
 486  sn1997br      Ia-91T     0.7080   1.86   0.1854   0.0213     9.90  0    cut
 487  sn2006gr      Ia-norm    0.7392   1.86   0.1902   0.0143    12.40  0    cut
 488  sn2001V       Ia-91T     0.6999   1.85   0.1876   0.0202    13.50  0    cut
 489  sn2003kf      Ia-norm    0.6891   1.85   0.1862   0.0195    13.40  0    cut
 490  sn1999gh      Ia-norm    0.6931   1.84   0.1825   0.0195    12.40  0    cut
 491  sn2006N       Ia-norm    0.7446   1.84   0.1855   0.0234     8.50  0    cut
 492  sn2002ck      Ia-norm    0.6959   1.84   0.1830   0.0211    11.90  0    cut
 493  sn2002bf      Ia-norm    0.6945   1.84   0.1937   0.0195    11.70  0    cut
 494  sn2007jg      Ia-norm    0.6891   1.83   0.1874   0.0179    13.10  0    cut
 495  sn2006ac      Ia-norm    0.7107   1.83   0.1855   0.0207    11.00  0    cut
 496  sn2006H       Ia-91bg    0.7419   1.82   0.1787   0.0201     5.50  0    cut
 497  sn2006ac      Ia-norm    0.7392   1.82   0.1844   0.0214    10.00  0    cut
 498  sn2007af      Ia-norm    0.7473   1.82   0.1777   0.0208    11.30  0    cut
 499  sn1995al      Ia-norm    0.7107   1.81   0.1894   0.0201    13.30  0    cut
 500  sn2006X       Ia-norm    0.7446   1.81   0.1907   0.0203    13.30  0    cut
 501  sn1994D       Ia-norm    0.6715   1.80   0.1831   0.0207     9.60  0    cut
 502  sn1996bl      Ia-norm    0.7067   1.80   0.1851   0.0220    13.30  0    cut
 503  sn2005ke      Ia-91bg    0.7392   1.80   0.0189   0.0389     6.40  0    cut
 504  sn2001gc      Ia-norm    0.6986   1.79   0.1918   0.0204    13.30  0    cut
 505  sn1998bu      Ia-norm    0.6986   1.79   0.1831   0.0210    13.40  0    cut
 506  sn2003fa      Ia-91T     0.6959   1.79   0.1855   0.0233    13.50  0    cut
 507  sn2003cg      Ia-norm    0.7974   1.78   0.1844   0.0225    11.00  0    cut
 508  sn1998V       Ia-norm    0.6931   1.78   0.1842   0.0208    13.10  0    cut
 509  sn2000B       Ia-norm    0.6972   1.78   0.1919   0.0198    13.60  0    cut
 510  sn1995ak      Ia-norm    0.7080   1.77   0.0136   0.0225    13.40  0    cut
 511  sn2005bl      Ia-91bg    0.7500   1.77   0.0204   0.0329    12.60  0    cut
 512  sn2006gz      Ia-pec     0.7405   1.77   0.1906   0.0266    10.20  0    cut
 513  sn2005mz      Ia-91bg    0.6891   1.77   0.0126   0.0234    12.10  0    cut
 514  sn2000bk      Ia-norm    0.6945   1.76   0.1828   0.0197    11.90  0    cut
 515  sn2007al      Ia-91bg    0.7121   1.76   0.1817   0.0339    10.10  0    cut
 516  sn1999aa      Ia-91T     0.6972   1.76   0.1857   0.0208    13.60  0    cut
 517  sn2007bm      Ia-norm    0.7459   1.76   0.1809   0.0221     9.60  0    cut
 518  sn1999ek      Ia-norm    0.6986   1.75   0.1814   0.0195    12.20  0    cut
 519  sn2005kc      Ia-norm    0.7392   1.75   0.1817   0.0225     9.80  0    cut
 520  sn2007if      Ia-pec     0.7013   1.75   0.0167   0.0348     5.60  0    cut
 521  sn2006H       Ia-91bg    0.7094   1.74   0.0222   0.0360     7.50  0    cut
 522  sn2000cn      Ia-91bg    0.7013   1.74   0.1838   0.0190    12.20  0    cut
 523  sn2006X       Ia-norm    0.7107   1.74   0.1940   0.0203    10.30  0    cut
 524  sn2007le      Ia-norm    0.7473   1.73   0.1866   0.0230    12.40  0    cut
 525  sn2005hc      Ia-norm    0.7243   1.72   0.1870   0.0237    11.10  0    cut
 526  sn2002bf      Ia-norm    0.6972   1.70   0.0275   0.0288    13.50  0    cut
 527  sn1998bp      Ia-norm    0.6999   1.69   0.1816   0.0198    12.90  0    cut
 528  sn2005am      Ia-norm    0.7392   1.69   0.1882   0.0217     9.90  0    cut
 529  sn1994D       Ia-norm    0.7107   1.68   0.1834   0.0221    12.80  0    cut
 530  sn2007ba      Ia-91bg    0.7338   1.68   0.1814   0.0217     5.10  0    cut
 531  sn2006H       Ia-91bg    0.7202   1.67   0.0182   0.0360    11.40  0    cut
 532  sn2006gz      Ia-pec     0.7446   1.67   0.1905   0.0281    11.10  0    cut
 533  sn2002bf      Ia-norm    0.6972   1.67   0.0284   0.0299    12.60  0    cut
 534  sn1989B       Ia-norm    0.6444   1.65   0.0094   0.0259    12.60  0    cut
 535  sn1994M       Ia-norm    0.7974   1.64   0.1903   0.0212    11.50  0    cut
 536  sn2007le      Ia-norm    0.7459   1.64   0.1853   0.0236    13.40  0    cut
 537  sn1996bo      Ia-norm    0.7053   1.63   0.1902   0.0212    11.10  0    cut
 538  sn2007al      Ia-91bg    0.6823   1.63   0.1809   0.0236    11.30  0    cut
 539  sn2007if      Ia-pec     0.6999   1.63   0.0087   0.0322     7.40  0    cut
 540  sn2007if      Ia-pec     0.6634   1.63   0.1782   0.0257    13.10  0    cut
 541  sn2006H       Ia-91bg    0.7419   1.62   0.0245   0.0541     6.50  0    cut
 542  sn2007hj      Ia-norm    0.6931   1.60   0.0160   0.0285    12.30  0    cut
 543  sn2005ke      Ia-91bg    0.7094   1.59   0.0151   0.0362    10.40  0    cut
 544  sn2007if      Ia-pec     0.7974   1.59   0.0096   0.0342     6.60  0    cut
 545  sn2002hd      Ia-norm    0.6986   1.58   0.0146   0.0255    12.00  0    cut
 546  sn2008bf      Ia-norm    0.7446   1.58   0.1854   0.0249    13.30  0    cut
 547  sn2006X       Ia-norm    0.6986   1.58   0.1926   0.0215    12.30  0    cut
 548  sn2003hv      Ia-norm    0.6417   1.58   0.1822   0.0206    11.20  0    cut
 549  sn2005hj      Ia-91T     0.4562   1.57   0.2788   0.0127     9.90  0    cut
 550  sn2006X       Ia-norm    0.7121   1.56   0.1938   0.0216    11.20  0    cut
 551  sn2004eo      Ia-norm    0.7852   1.54   0.0113   0.0265    13.10  0    cut
 552  sn2007fb      Ia-norm    0.7487   1.54   0.1849   0.0249    12.60  0    cut
 553  sn1989B       Ia-norm    0.6823   1.53   0.0108   0.0240    13.60  0    cut
 554  sn2005ke      Ia-91bg    0.7446   1.52   0.0176   0.0478     8.40  0    cut
 555  sn2007ax      Ia-91bg    0.7487   1.52   0.1728   0.0290    10.00  0    cut
 556  sn2007if      Ia-pec     0.7974   1.51   0.0102   0.0372     6.10  0    cut
 557  sn2005am      Ia-norm    0.7094   1.51   0.0208   0.0320    11.80  0    cut
 558  sn2007al      Ia-91bg    0.7446   1.50   0.0266   0.0531    10.20  0    cut
 559  sn1997cn      Ia-91bg    0.6552   1.50   0.1826   0.0210    11.90  0    cut
 560  sn2006H       Ia-91bg    0.7243   1.49   0.0187   0.0409    10.40  0    cut
 561  sn2006le      Ia-norm    0.7392   1.49   0.1874   0.0251    12.80  0    cut
 562  sn2005ke      Ia-91bg    0.7405   1.47   0.0153   0.0475    11.40  0    cut
 563  sn2005hk      Ia-pec     0.5930   1.46   0.6098   0.0164    12.40  0    cut
 564  sn2006H       Ia-91bg    0.7013   1.46   0.0148   0.0318    13.40  0    cut
 565  sn2007bm      Ia-norm    0.7500   1.45   0.0120   0.0300    12.60  0    cut
 566  sn1998dx      Ia-norm    0.6918   1.43   0.0181   0.0343    12.50  0    cut
 567  sn2005ke      Ia-91bg    0.7446   1.41   0.0147   0.0595    13.40  0    cut
 568  sn2006H       Ia-91bg    0.7419   1.41   0.0191   0.0465     9.60  0    cut
 569  sn2007al      Ia-91bg    0.7473   1.40   0.1735   0.0243     8.30  0    cut
 570  sn2006lf      Ia-norm    0.7094   1.40   0.0139   0.0295    13.20  0    cut
 571  sn2007ci      Ia-norm    0.7459   1.38   0.0119   0.0268    12.50  0    cut
 572  sn2005mz      Ia-91bg    0.7405   1.38   0.1776   0.0249    10.20  0    cut
 573  sn1997cn      Ia-91bg    0.6539   1.38   0.1816   0.0329    10.90  0    cut
 574  sn1994M       Ia-norm    0.7974   1.37   0.0185   0.0321    12.50  0    cut
 575  sn2003ch      Ia-norm    0.6986   1.36   0.0157   0.0340    13.50  0    cut
 576  sn2005kc      Ia-norm    0.7365   1.36   0.0141   0.0312    11.60  0    cut
 577  sn2005am      Ia-norm    0.7419   1.35   0.0203   0.0356    10.90  0    cut
 578  sn2003cg      Ia-norm    0.7974   1.34   0.0148   0.0337    11.90  0    cut
 579  sn2003du      Ia-norm    0.7771   1.34   0.0160   0.0384    12.70  0    cut
 580  sn2007af      Ia-norm    0.7473   1.33   0.0143   0.0319    12.30  0    cut
 581  sn1996X       Ia-norm    0.4806   1.32   0.1847   0.0244    11.90  0    cut
 582  sn2006ac      Ia-norm    0.7446   1.28   0.0188   0.0319    12.90  0    cut
 583  sn2006le      Ia-norm    0.7405   1.28   0.0191   0.0376    13.80  0    cut
 584  sn2007fb      Ia-norm    0.7487   1.24   0.0134   0.0348    13.60  0    cut
 585  sn1997cn      Ia-91bg    0.6539   1.21   0.1806   0.0307    13.00  0    cut
 586  sn2007ap      Ia-norm    0.7432   1.20   0.0172   0.0388    11.40  0    cut
 587  sn2006D       Ia-norm    0.7974   1.20   0.0139   0.0434    12.50  0    cut
 588  sn2006N       Ia-norm    0.7459   1.17   0.0160   0.0372    11.60  0    cut
