### SNID output file ###
 
### input spectrum and options ###
# Input spectrum                 : 17880_0.70.dat
# Parameter file                 : NA
# Wavelength range               :    4000.00   9000.00
# Mask file                      : NA
# Median filtering width [A]     : NA
# Median filtering width [pix]   :       1.00
# Clip emission redshift         :     0.0720
# Clip sky lines                 : 0
# Emission clip width [A]        :       0.07
# Keep A-band                    : 1
# Age range                      :      -4.30      5.70
# Delta range                    :      -9.99     99.90
# Min. number of spectra/template:   1
# Use only templates             : NA
# Use only types                 : Ia
# Avoid templates                : NA
# Avoid types                    : NA
# rlapmin                        :      10.00
# Redshift range                 :    -0.0100    1.2000
# Forced initial redshift        :     0.0720
# Extra fake redshift            : NA
# Nsigma for initial redshift    : NA
# Redshift filter                :     0.0200
# Wavenumbers k1,k2,k3,k4        :     1    4   85  102
# Template directory             : /home/djperrefort/snid-5.0/templates-2.0/
 
### initial/user-input redshift ###
zinit       0.0000
zuser       0.0720
 
### median redshift/age and error ###
zmed        0.0696    0.0049
agem          1.70      2.38
 
### type fraction/redshift/age ###
#type ntemp fraction slope redshift redshift_error age age_error
Ia             35      1.00    0.0000    0.0696    0.0049     1.700     2.385
Ia-norm        35      1.00    0.0000    0.0696    0.0049     1.700     2.385
Ia-91T          0      0.00    0.0000    0.0000    0.0000     0.000     0.000
Ia-91bg         0      0.00    0.0000    0.0000    0.0000     0.000     0.000
Ia-csm          0      0.00    0.0000    0.0000    0.0000     0.000     0.000
Ia-pec          0      0.00    0.0000    0.0000    0.0000     0.000     0.000
###
Ib              0      0.00    0.0000    0.0000    0.0000     0.000     0.000
Ib-norm         0      0.00    0.0000    0.0000    0.0000     0.000     0.000
Ib-pec          0      0.00    0.0000    0.0000    0.0000     0.000     0.000
IIb             0      0.00    0.0000    0.0000    0.0000     0.000     0.000
###
Ic              0      0.00    0.0000    0.0000    0.0000     0.000     0.000
Ic-norm         0      0.00    0.0000    0.0000    0.0000     0.000     0.000
Ic-pec          0      0.00    0.0000    0.0000    0.0000     0.000     0.000
Ic-broad        0      0.00    0.0000    0.0000    0.0000     0.000     0.000
###
II              0      0.00    0.0000    0.0000    0.0000     0.000     0.000
IIP             0      0.00    0.0000    0.0000    0.0000     0.000     0.000
II-pec          0      0.00    0.0000    0.0000    0.0000     0.000     0.000
IIn             0      0.00    0.0000    0.0000    0.0000     0.000     0.000
IIL             0      0.00    0.0000    0.0000    0.0000     0.000     0.000
###
NotSN           0      0.00    0.0000    0.0000    0.0000     0.000     0.000
AGN             0      0.00    0.0000    0.0000    0.0000     0.000     0.000
Gal             0      0.00    0.0000    0.0000    0.0000     0.000     0.000
LBV             0      0.00    0.0000    0.0000    0.0000     0.000     0.000
M-star          0      0.00    0.0000    0.0000    0.0000     0.000     0.000
 
### rlap-ordered template listings ###
#no. sn type lap rlap z zerr age age_flag grade
   1  sn2006br      Ia-norm    0.6431  26.81   0.0682   0.0023     3.00  0   good
   2  sn2001ay      Ia-norm    0.6593  16.70   0.0720   0.0036    -1.50  0   good
   3  sn1997bp      Ia-norm    0.6769  15.95   0.0778   0.0040    -1.20  0   good
   4  sn2001ay      Ia-norm    0.6579  15.42   0.0698   0.0039     1.30  0   good
   5  sn2004dt      Ia-norm    0.6403  14.98   0.0702   0.0040     2.00  0   good
   6  sn1997bp      Ia-norm    0.6823  14.57   0.0767   0.0044    -0.20  0   good
   7  sn2004dt      Ia-norm    0.7107  14.20   0.0732   0.0044    -0.70  0   good
   8  sn2001bf      Ia-norm    0.6728  14.06   0.0606   0.0042     4.70  0   good
   9  sn2001bf      Ia-norm    0.6728  14.02   0.0646   0.0042     0.80  0   good
  10  sn1997bp      Ia-norm    0.6769  13.66   0.0757   0.0046     0.80  0   good
  11  sn1994T       Ia-norm    0.6471  13.41   0.0662   0.0045    -0.20  0   good
  12  sn1994T       Ia-norm    0.6498  13.22   0.0647   0.0045     1.70  0   good
  13  sn2006bq      Ia-norm    0.6444  12.90   0.0677   0.0047     5.30  0   good
  14  sn2004dt      Ia-norm    0.6403  12.56   0.0711   0.0047     1.00  0   good
  15  sn1997bp      Ia-norm    0.6810  12.53   0.0748   0.0050     1.80  0   good
  16  sn2001ay      Ia-norm    0.6566  12.23   0.0680   0.0049     3.30  0   good
  17  sn2002dj      Ia-norm    0.7987  11.84   0.0731   0.0054    -3.60  0   good
  18  sn2004fu      Ia-norm    0.6620  11.48   0.0650   0.0051     4.40  0   good
  19  sn2002bo      Ia-norm    0.6769  11.41   0.0696   0.0054    -1.80  0   good
  20  sn1994T       Ia-norm    0.6471  11.35   0.0652   0.0053     0.80  0   good
  21  sn2004fu      Ia-norm    0.6593  11.35   0.0653   0.0052     3.40  0   good
  22  sn2006ot      Ia-norm    0.6200  11.21   0.0704   0.0055    -0.40  0   good
  23  sn2007kk      Ia-norm    0.6295  11.12   0.0698   0.0055     1.10  0   good
  24  sn1997bp      Ia-norm    0.6769  11.02   0.0738   0.0056     2.80  0   good
  25  sn2006al      Ia-norm    0.6051  10.94   0.0618   0.0054     4.30  0   good
  26  sn2006X       Ia-norm    0.6593  10.89   0.0739   0.0057     1.30  0   good
  27  sn2002bo      Ia-norm    0.6728  10.55   0.0717   0.0059    -3.70  0   good
  28  sn1997bp      Ia-norm    0.7987  10.45   0.0807   0.0059    -3.00  0   good
  29  sn1996C       Ia-norm    0.6620  10.44   0.0617   0.0058     4.80  0   good
  30  sn2002bf      Ia-norm    0.6634  10.30   0.0740   0.0060     1.80  0   good
  31  sn2006sr      Ia-norm    0.6431  10.25   0.0658   0.0058     3.00  0   good
  32  sn2004fu      Ia-norm    0.6552  10.14   0.0662   0.0057     2.40  0   good
  33  sn2006sr      Ia-norm    0.6458  10.13   0.0654   0.0058     3.90  0   good
  34  sn2006sr      Ia-norm    0.6444  10.10   0.0664   0.0059     2.00  0   good
  35  sn2002he      Ia-norm    0.6620  10.09   0.0651   0.0059     3.70  0   good
#--- rlap cutoff
  36  sn2007kk      Ia-norm    0.6322   9.88   0.0671   0.0061     5.00  0    cut
  37  sn2004dt      Ia-norm    0.7987   9.87   0.0687   0.0061     2.30  0    cut
  38  sn2007kk      Ia-norm    0.6309   9.85   0.0689   0.0061     2.10  0    cut
  39  sn1992A       Ia-norm    0.6173   9.76   0.0710   0.0059     2.00  0    cut
  40  sn2007cg      Ia-norm    0.6376   9.74   0.0665   0.0062     5.50  0    cut
  41  sn2001ay      Ia-norm    0.6566   9.66   0.0671   0.0061     4.20  0    cut
  42  sn2007kk      Ia-norm    0.6309   9.58   0.0676   0.0062     4.10  0    cut
  43  sn2002he      Ia-norm    0.6634   9.57   0.0632   0.0061     5.60  0    cut
  44  sn2007kk      Ia-norm    0.6295   9.57   0.0686   0.0062     3.20  0    cut
  45  sn1997bp      Ia-norm    0.6783   9.46   0.0728   0.0065     3.80  0    cut
  46  sn2006gz      Ia-pec     0.5415   9.44   0.0628   0.0065     5.30  0    cut
  47  sn2007kk      Ia-norm    0.6282   9.42   0.0707   0.0064    -0.80  0    cut
  48  sn2002bo      Ia-norm    0.7987   9.19   0.0705   0.0067    -2.80  0    cut
  49  sn2002bo      Ia-norm    0.7987   9.09   0.0684   0.0066    -0.60  0    cut
  50  sn2006sr      Ia-norm    0.6431   9.08   0.0670   0.0064     1.00  0    cut
  51  sn1997Y       Ia-norm    0.6579   9.06   0.0612   0.0065     2.90  0    cut
  52  sn2006X       Ia-norm    0.6593   8.93   0.0726   0.0068     2.30  0    cut
  53  sn2006br      Ia-norm    0.6444   8.93   0.0712   0.0067     0.20  0    cut
  54  sn1991M       Ia-norm    0.6431   8.91   0.0668   0.0065     2.70  0    cut
  55  sn2007bd      Ia-norm    0.6390   8.77   0.0690   0.0067    -1.30  0    cut
  56  sn2002bo      Ia-norm    0.7987   8.76   0.0698   0.0070    -1.70  0    cut
  57  sn2004fu      Ia-norm    0.6566   8.60   0.0706   0.0068    -3.50  0    cut
  58  sn2003ch      Ia-norm    0.6593   8.55   0.0594   0.0068     3.80  0    cut
  59  sn2007kk      Ia-norm    0.6282   8.51   0.0713   0.0072    -1.70  0    cut
  60  sn2008L       Ia-norm    0.6471   8.51   0.0627   0.0068     5.60  0    cut
  61  sn2002bo      Ia-norm    0.7987   8.50   0.0695   0.0071    -1.50  0    cut
  62  sn1994M       Ia-norm    0.6783   8.49   0.0690   0.0069     1.60  0    cut
  63  sn2007bd      Ia-norm    0.6403   8.49   0.0669   0.0070     1.70  0    cut
  64  sn2003ch      Ia-norm    0.7987   8.49   0.0579   0.0070     5.60  0    cut
  65  sn1999aw      Ia-91T     0.6119   8.44   0.0685   0.0075    -1.00  0    cut
  66  sn2006N       Ia-norm    0.6539   8.40   0.0605   0.0070     5.60  0    cut
  67  sn1998ef      Ia-norm    0.6525   8.36   0.0677   0.0070     1.30  0    cut
  68  sn2004dt      Ia-norm    0.7987   8.33   0.0664   0.0068     3.80  0    cut
  69  sn2004dt      Ia-norm    0.7094   8.32   0.0745   0.0071    -3.00  0    cut
  70  sn2001E       Ia-norm    0.6674   8.31   0.0732   0.0073     2.80  0    cut
  71  sn1997E       Ia-norm    0.6769   8.25   0.0668   0.0070    -3.70  0    cut
  72  sn2005am      Ia-norm    0.6566   8.24   0.0667   0.0070     2.00  0    cut
  73  sn2001en      Ia-norm    0.6728   8.22   0.0652   0.0071     5.30  0    cut
  74  sn2006sr      Ia-norm    0.6431   8.20   0.0686   0.0071    -0.90  0    cut
  75  sn2005am      Ia-norm    0.6579   8.17   0.0645   0.0070     3.90  0    cut
  76  sn2006al      Ia-norm    0.6051   8.17   0.0625   0.0071     3.40  0    cut
  77  sn1989B       Ia-norm    0.5672   8.16   0.0605   0.0069     2.60  0    cut
  78  sn2003ch      Ia-norm    0.6634   8.15   0.0598   0.0072     2.80  0    cut
  79  sn2005ki      Ia-norm    0.6444   8.10   0.0635   0.0071     1.00  0    cut
  80  sn2005am      Ia-norm    0.6579   8.09   0.0635   0.0071     4.90  0    cut
  81  sn2001en      Ia-norm    0.6728   8.05   0.0658   0.0072     4.40  0    cut
  82  sn2003it      Ia-norm    0.6607   8.04   0.0625   0.0073     5.70  0    cut
  83  sn2003ch      Ia-norm    0.6620   8.03   0.0585   0.0072     4.80  0    cut
  84  sn2007co      Ia-norm    0.6431   8.01   0.0638   0.0072     3.70  0    cut
  85  sn2001N       Ia-norm    0.6661   8.01   0.0703   0.0075     0.70  0    cut
  86  sn1996ai      Ia-norm    0.6877   8.01   0.0622   0.0076     4.20  0    cut
  87  sn2004ef      Ia-norm    0.6376   8.01   0.0664   0.0072     0.60  0    cut
  88  sn1996bl      Ia-norm    0.6498   8.01   0.0696   0.0075    -2.20  0    cut
  89  sn2005el      Ia-norm    0.6512   8.00   0.0610   0.0073     4.00  0    cut
  90  sn2003kc      Ia-norm    0.6512   7.99   0.0682   0.0074    -0.90  0    cut
  91  sn2004ef      Ia-norm    0.6403   7.96   0.0657   0.0072     1.50  0    cut
  92  sn2004ef      Ia-norm    0.6403   7.94   0.0648   0.0072     2.50  0    cut
  93  sn2007bd      Ia-norm    0.6349   7.92   0.0709   0.0074    -4.20  0    cut
  94  sn1994M       Ia-norm    0.6769   7.90   0.0645   0.0074     5.60  0    cut
  95  sn2004bg      Ia-norm    0.6607   7.90   0.0604   0.0074     5.70  0    cut
  96  sn2005am      Ia-norm    0.6417   7.89   0.0657   0.0072     3.00  0    cut
  97  sn1998dx      Ia-norm    0.6349   7.87   0.0641   0.0075     1.10  0    cut
  98  sn1994T       Ia-norm    0.4454   7.87   0.0645   0.0075     0.80  0    cut
  99  sn2004ef      Ia-norm    0.6390   7.83   0.0673   0.0074    -0.40  0    cut
 100  sn1986G       Ia-91bg    0.6133   7.78   0.0632   0.0074    -3.00  0    cut
 101  sn2007co      Ia-norm    0.6444   7.77   0.0633   0.0074     4.60  0    cut
 102  sn2001br      Ia-norm    0.7987   7.76   0.0680   0.0075     2.50  0    cut
 103  sn1996bl      Ia-norm    0.6512   7.71   0.0706   0.0078    -4.00  0    cut
 104  sn1994ae      Ia-norm    0.6092   7.70   0.0625   0.0075     5.00  0    cut
 105  sn1992A       Ia-norm    0.7487   7.69   0.0676   0.0074     5.50  0    cut
 106  sn2006ev      Ia-norm    0.6417   7.69   0.0615   0.0074     5.50  0    cut
 107  sn2003ch      Ia-norm    0.6607   7.69   0.0608   0.0077     1.80  0    cut
 108  sn2003it      Ia-norm    0.6634   7.69   0.0634   0.0076     3.70  0    cut
 109  sn2003U       Ia-norm    0.6579   7.68   0.0641   0.0075    -0.70  0    cut
 110  sn2007fs      Ia-norm    0.6525   7.65   0.0612   0.0076     5.10  0    cut
 111  sn2007co      Ia-norm    0.6390   7.62   0.0654   0.0076     1.70  0    cut
 112  sn2004dt      Ia-norm    0.7987   7.56   0.0749   0.0079    -3.70  0    cut
 113  sn2005am      Ia-norm    0.6620   7.53   0.0721   0.0076    -2.90  0    cut
 114  sn1999cc      Ia-norm    0.6552   7.51   0.0641   0.0076     1.70  0    cut
 115  sn1994M       Ia-norm    0.6783   7.51   0.0682   0.0077     2.60  0    cut
 116  sn2007fs      Ia-norm    0.6512   7.46   0.0621   0.0078     4.10  0    cut
 117  sn2003ch      Ia-norm    0.6634   7.44   0.0613   0.0079     0.80  0    cut
 118  sn2003du      Ia-norm    0.7121   7.43   0.0629   0.0082    -1.30  0    cut
 119  sn2007ci      Ia-norm    0.6485   7.43   0.0643   0.0076    -1.20  0    cut
 120  sn2001en      Ia-norm    0.6728   7.42   0.0680   0.0079     1.50  0    cut
 121  sn2004ef      Ia-norm    0.6403   7.42   0.0705   0.0078    -3.30  0    cut
 122  sn2003iv      Ia-norm    0.6525   7.42   0.0622   0.0077     1.40  0    cut
 123  sn2007co      Ia-norm    0.6417   7.40   0.0647   0.0077     2.70  0    cut
 124  sn2007co      Ia-norm    0.6417   7.39   0.0619   0.0077     5.70  0    cut
 125  sn2004ef      Ia-norm    0.6403   7.38   0.0681   0.0078    -1.50  0    cut
 126  sn2004eo      Ia-norm    0.6728   7.38   0.0616   0.0076    -2.00  0    cut
 127  sn2006N       Ia-norm    0.6539   7.34   0.0616   0.0079     4.60  0    cut
 128  sn1998dx      Ia-norm    0.5672   7.31   0.0661   0.0077    -1.70  0    cut
 129  sn2007co      Ia-norm    0.6431   7.31   0.0668   0.0079    -0.20  0    cut
 130  sn2004gs      Ia-norm    0.6444   7.31   0.0644   0.0076    -3.20  0    cut
 131  sn2004as      Ia-norm    0.6552   7.30   0.0648   0.0079     2.90  0    cut
 132  sn2007co      Ia-norm    0.6431   7.29   0.0673   0.0080    -1.20  0    cut
 133  sn2006al      Ia-norm    0.6065   7.29   0.0625   0.0078     2.50  0    cut
 134  sn1999cl      Ia-norm    0.6282   7.26   0.0693   0.0081    -3.30  0    cut
 135  sn2003cq      Ia-norm    0.6566   7.25   0.0652   0.0079     1.00  0    cut
 136  sn1998ef      Ia-norm    0.6525   7.24   0.0710   0.0081    -3.60  0    cut
 137  sn1984A       Ia-norm    0.5334   7.23   0.0784   0.0081    -2.80  0    cut
 138  sn2002cd      Ia-norm    0.6728   7.23   0.0784   0.0086    -3.70  0    cut
 139  sn2003cg      Ia-norm    0.7419   7.22   0.0613   0.0082     4.00  0    cut
 140  sn2007ci      Ia-norm    0.6498   7.22   0.0648   0.0078    -2.20  0    cut
 141  sn2001ck      Ia-norm    0.6512   7.22   0.0626   0.0082     4.80  0    cut
 142  sn2003du      Ia-norm    0.7121   7.21   0.0628   0.0085    -2.20  0    cut
 143  sn2002cd      Ia-norm    0.6742   7.20   0.0756   0.0084     0.30  0    cut
 144  sn1986G       Ia-91bg    0.5740   7.19   0.0611   0.0080    -0.70  0    cut
 145  sn2002hd      Ia-norm    0.6525   7.18   0.0622   0.0078     1.40  0    cut
 146  sn2007co      Ia-norm    0.6417   7.18   0.0661   0.0081     0.80  0    cut
 147  sn1994ae      Ia-norm    0.6079   7.17   0.0630   0.0080     4.00  0    cut
 148  sn2003iv      Ia-norm    0.6525   7.16   0.0640   0.0078    -2.40  0    cut
 149  sn2003iv      Ia-norm    0.6512   7.15   0.0606   0.0079     3.40  0    cut
 150  sn2007A       Ia-norm    0.6512   7.15   0.0620   0.0082     4.50  0    cut
 151  sn1996C       Ia-norm    0.6620   7.14   0.0638   0.0082     2.00  0    cut
 152  sn2002ha      Ia-norm    0.6742   7.13   0.0602   0.0080     5.60  0    cut
 153  sn2003ch      Ia-norm    0.6620   7.12   0.0618   0.0082    -0.20  0    cut
 154  sn2006al      Ia-norm    0.6051   7.12   0.0610   0.0080     5.40  0    cut
 155  sn2004as      Ia-norm    0.6539   7.12   0.0667   0.0082    -0.10  0    cut
 156  sn2007fb      Ia-norm    0.6458   7.10   0.0624   0.0079     5.60  0    cut
 157  sn2001N       Ia-norm    0.6647   7.09   0.0681   0.0083     2.60  0    cut
 158  sn2002bo      Ia-norm    0.6837   7.08   0.0711   0.0084    -2.40  0    cut
 159  sn2004dt      Ia-norm    0.7987   7.06   0.0675   0.0078     3.30  0    cut
 160  sn2007le      Ia-norm    0.6593   7.05   0.0648   0.0082     5.40  0    cut
 161  sn2004as      Ia-norm    0.6552   7.04   0.0675   0.0083    -1.00  0    cut
 162  sn2002er      Ia-norm    0.6959   7.04   0.0628   0.0082     3.80  0    cut
 163  sn2002bo      Ia-norm    0.6823   7.03   0.0702   0.0085    -1.50  0    cut
 164  sn2007ca      Ia-norm    0.6566   7.03   0.0623   0.0082     5.50  0    cut
 165  sn1997Y       Ia-norm    0.6728   6.99   0.0618   0.0083     1.90  0    cut
 166  sn2003cq      Ia-norm    0.6552   6.98   0.0644   0.0082     2.00  0    cut
 167  sn2004as      Ia-norm    0.6552   6.98   0.0651   0.0083     1.80  0    cut
 168  sn1999cc      Ia-norm    0.6566   6.97   0.0666   0.0082    -1.20  0    cut
 169  sn2004ef      Ia-norm    0.6417   6.96   0.0716   0.0083    -4.20  0    cut
 170  sn2006cf      Ia-norm    0.6295   6.96   0.0617   0.0082     3.70  0    cut
 171  sn2006le      Ia-norm    0.6525   6.96   0.0665   0.0084     2.90  0    cut
 172  sn2008bf      Ia-norm    0.6431   6.96   0.0654   0.0084     4.50  0    cut
 173  sn2007au      Ia-norm    0.6471   6.96   0.0644   0.0079    -3.80  0    cut
 174  sn1992A       Ia-norm    0.6160   6.95   0.0737   0.0080    -0.80  0    cut
 175  sn2004gs      Ia-norm    0.6431   6.94   0.0629   0.0079    -1.20  0    cut
 176  sn2002bo      Ia-norm    0.6823   6.94   0.0721   0.0086    -3.40  0    cut
 177  sn2002bo      Ia-norm    0.6823   6.93   0.0731   0.0086    -4.30  0    cut
 178  sn2003iv      Ia-norm    0.6525   6.91   0.0636   0.0081    -1.40  0    cut
 179  sn2002ha      Ia-norm    0.6715   6.91   0.0655   0.0083    -4.20  0    cut
 180  sn2003du      Ia-norm    0.7135   6.91   0.0628   0.0088    -0.30  0    cut
 181  sn1996ai      Ia-norm    0.7987   6.89   0.0638   0.0088    -0.90  0    cut
 182  sn1999cc      Ia-norm    0.6552   6.89   0.0680   0.0083    -3.20  0    cut
 183  sn1999ek      Ia-norm    0.6701   6.89   0.0600   0.0083     3.30  0    cut
 184  sn1999cl      Ia-norm    0.6268   6.88   0.0704   0.0086    -4.20  0    cut
 185  sn2003cg      Ia-norm    0.6579   6.86   0.0633   0.0085    -2.80  0    cut
 186  sn1998co      Ia-norm    0.6688   6.86   0.0594   0.0083     3.90  0    cut
 187  sn1989B       Ia-norm    0.5686   6.86   0.0584   0.0083     4.60  0    cut
 188  sn2002er      Ia-norm    0.7987   6.85   0.0617   0.0083     2.90  0    cut
 189  sn2001N       Ia-norm    0.6187   6.82   0.0660   0.0085     4.40  0    cut
 190  sn2003cq      Ia-norm    0.6552   6.81   0.0668   0.0085    -1.80  0    cut
 191  sn2006lf      Ia-norm    0.6552   6.80   0.0602   0.0083     5.30  0    cut
 192  sn2006N       Ia-norm    0.6525   6.80   0.0636   0.0084     1.60  0    cut
 193  sn2006N       Ia-norm    0.6498   6.80   0.0630   0.0084     2.60  0    cut
 194  sn2001da      Ia-norm    0.7987   6.79   0.0662   0.0083    -1.00  0    cut
 195  sn2006N       Ia-norm    0.6512   6.78   0.0641   0.0084     0.70  0    cut
 196  sn2001el      Ia-norm    0.6864   6.78   0.0681   0.0083     1.20  0    cut
 197  sn2003it      Ia-norm    0.6620   6.78   0.0641   0.0085     2.70  0    cut
 198  sn2003cq      Ia-norm    0.6552   6.74   0.0652   0.0084     0.00  0    cut
 199  sn2003cq      Ia-norm    0.6552   6.74   0.0662   0.0085    -0.90  0    cut
 200  sn1999cc      Ia-norm    0.6539   6.73   0.0660   0.0084    -0.20  0    cut
 201  sn2007hj      Ia-norm    0.6498   6.71   0.0663   0.0081    -1.50  0    cut
 202  sn2002er      Ia-norm    0.7987   6.70   0.0665   0.0086    -4.00  0    cut
 203  sn2001ay      Ia-norm    0.7987   6.69   0.0672   0.0084     3.30  0    cut
 204  sn2003it      Ia-norm    0.6607   6.68   0.0665   0.0087    -3.20  0    cut
 205  sn2007ci      Ia-norm    0.6485   6.68   0.0662   0.0083    -4.20  0    cut
 206  sn1998aq      Ia-norm    0.6823   6.68   0.0622   0.0089     5.00  0    cut
 207  sn1994ae      Ia-norm    0.6106   6.68   0.0636   0.0085     3.00  0    cut
 208  sn2003iv      Ia-norm    0.6525   6.67   0.0630   0.0083    -0.50  0    cut
 209  sn2005A       Ia-norm    0.6471   6.67   0.0760   0.0089    -1.30  0    cut
 210  sn2005el      Ia-norm    0.6525   6.67   0.0619   0.0085     2.10  0    cut
 211  sn1999cl      Ia-norm    0.6282   6.66   0.0675   0.0087    -1.30  0    cut
 212  sn2004gs      Ia-norm    0.6417   6.65   0.0617   0.0082    -0.30  0    cut
 213  sn1999ek      Ia-norm    0.6701   6.65   0.0618   0.0085    -0.60  0    cut
 214  sn2005cf      Ia-norm    0.7987   6.64   0.0648   0.0087    -2.70  0    cut
 215  sn2007hj      Ia-norm    0.6539   6.63   0.0676   0.0082    -2.60  0    cut
 216  sn2008Q       Ia-norm    0.6593   6.62   0.0653   0.0087    -1.20  0    cut
 217  sn2003it      Ia-norm    0.6620   6.62   0.0646   0.0087     1.70  0    cut
 218  sn2003iv      Ia-norm    0.6539   6.61   0.0630   0.0085     0.50  0    cut
 219  sn2006le      Ia-norm    0.6498   6.61   0.0661   0.0088     3.90  0    cut
 220  sn2005el      Ia-norm    0.6498   6.60   0.0637   0.0087    -3.90  0    cut
 221  sn2000cf      Ia-norm    0.6512   6.58   0.0582   0.0086     2.90  0    cut
 222  sn1996bo      Ia-norm    0.6742   6.57   0.0655   0.0088     3.30  0    cut
 223  sn2000dm      Ia-norm    0.6715   6.56   0.0634   0.0086    -2.90  0    cut
 224  sn2003W       Ia-norm    0.6661   6.56   0.0780   0.0094    -2.30  0    cut
 225  sn2007fs      Ia-norm    0.6525   6.56   0.0626   0.0089     3.10  0    cut
 226  sn2006ot      Ia-norm    0.6187   6.55   0.0662   0.0093     2.50  0    cut
 227  sn2001br      Ia-norm    0.6674   6.55   0.0709   0.0089    -0.40  0    cut
 228  sn1999cl      Ia-norm    0.6376   6.55   0.0656   0.0088     0.70  0    cut
 229  sn2004as      Ia-norm    0.6566   6.53   0.0683   0.0090    -2.00  0    cut
 230  sn2007fb      Ia-norm    0.6512   6.53   0.0648   0.0084     1.70  0    cut
 231  sn2008Q       Ia-norm    0.6566   6.53   0.0648   0.0088    -0.30  0    cut
 232  sn2006bt      Ia-norm    0.6376   6.51   0.0658   0.0085    -2.90  0    cut
 233  sn1998co      Ia-norm    0.6688   6.51   0.0618   0.0086     1.00  0    cut
 234  sn2002cs      Ia-norm    0.6715   6.49   0.0702   0.0088     3.30  0    cut
 235  sn2003it      Ia-norm    0.6607   6.48   0.0653   0.0088     0.80  0    cut
 236  sn1999cl      Ia-norm    0.6255   6.47   0.0686   0.0090    -2.30  0    cut
 237  sn2008Q       Ia-norm    0.6539   6.47   0.0657   0.0089    -2.20  0    cut
 238  sn2002cu      Ia-norm    0.6620   6.47   0.0734   0.0090    -3.30  0    cut
 239  sn2008Q       Ia-norm    0.6566   6.47   0.0661   0.0089    -3.20  0    cut
 240  sn2001fe      Ia-norm    0.6755   6.46   0.0649   0.0093     3.20  0    cut
 241  sn2006cf      Ia-norm    0.6282   6.45   0.0622   0.0089     1.80  0    cut
 242  sn1999ej      Ia-norm    0.6728   6.45   0.0637   0.0087    -1.80  0    cut
 243  sn1999ej      Ia-norm    0.6742   6.43   0.0614   0.0086     1.10  0    cut
 244  sn2006X       Ia-norm    0.6593   6.43   0.0700   0.0090     4.20  0    cut
 245  sn2007co      Ia-norm    0.6444   6.43   0.0690   0.0090    -3.10  0    cut
 246  sn2007F       Ia-norm    0.6444   6.41   0.0640   0.0091     3.00  0    cut
 247  sn2007co      Ia-norm    0.6431   6.38   0.0701   0.0090    -4.10  0    cut
 248  sn1989B       Ia-norm    0.7987   6.38   0.0626   0.0089    -1.30  0    cut
 249  sn2007hj      Ia-norm    0.6485   6.38   0.0653   0.0085    -0.60  0    cut
 250  sn1999ej      Ia-norm    0.6742   6.38   0.0598   0.0087     3.10  0    cut
 251  sn2002ck      Ia-norm    0.6539   6.38   0.0611   0.0092     4.20  0    cut
 252  sn1995D       Ia-norm    0.6146   6.36   0.0616   0.0089     5.50  0    cut
 253  sn1995E       Ia-norm    0.6106   6.36   0.0618   0.0088     3.90  0    cut
 254  sn1994D       Ia-norm    0.6972   6.36   0.0665   0.0092    -3.10  0    cut
 255  sn2007hj      Ia-norm    0.6539   6.35   0.0634   0.0085     1.40  0    cut
 256  sn2006bw      Ia-norm    0.6390   6.34   0.0585   0.0085     4.90  0    cut
 257  sn2003ch      Ia-norm    0.6634   6.34   0.0632   0.0090    -2.10  0    cut
 258  sn2002er      Ia-norm    0.7987   6.33   0.0668   0.0090    -3.10  0    cut
 259  sn2002er      Ia-norm    0.7987   6.33   0.0603   0.0088     4.90  0    cut
 260  sn2005cg      Ia-norm    0.5320   6.31   0.0625   0.0085     4.80  0    cut
 261  sn2006N       Ia-norm    0.6552   6.31   0.0655   0.0090    -1.30  0    cut
 262  sn2002eu      Ia-norm    0.6512   6.31   0.0614   0.0086     3.00  0    cut
 263  sn2000cp      Ia-norm    0.6525   6.30   0.0647   0.0090    -1.50  0    cut
 264  sn2008bf      Ia-norm    0.6431   6.30   0.0659   0.0091     3.60  0    cut
 265  sn1998co      Ia-norm    0.6688   6.30   0.0624   0.0089     0.00  0    cut
 266  sn2004dt      Ia-norm    0.7987   6.29   0.0723   0.0092    -1.00  0    cut
 267  sn2007hj      Ia-norm    0.6512   6.29   0.0621   0.0086     2.40  0    cut
 268  sn1998aq      Ia-norm    0.6823   6.28   0.0625   0.0094     4.00  0    cut
 269  sn2005cf      Ia-norm    0.7987   6.28   0.0626   0.0092    -1.20  0    cut
 270  sn2005hc      Ia-norm    0.6227   6.28   0.0625   0.0092     5.40  0    cut
 271  sn2002ck      Ia-norm    0.6458   6.27   0.0619   0.0093     2.30  0    cut
 272  sn1999ee      Ia-norm    0.7987   6.27   0.0677   0.0092    -0.20  0    cut
 273  sn2007jg      Ia-norm    0.6336   6.27   0.0704   0.0093    -2.30  0    cut
 274  sn2005na      Ia-norm    0.6390   6.26   0.0621   0.0094     3.40  0    cut
 275  sn2005bo      Ia-norm    0.6552   6.25   0.0621   0.0090    -0.10  0    cut
 276  sn1999gd      Ia-norm    0.6701   6.23   0.0609   0.0091     1.10  0    cut
 277  sn2005cf      Ia-norm    0.7987   6.22   0.0664   0.0092    -3.80  0    cut
 278  sn1994D       Ia-norm    0.7987   6.22   0.0655   0.0093    -4.30  0    cut
 279  sn2003it      Ia-norm    0.6620   6.21   0.0668   0.0092    -2.20  0    cut
 280  sn1990N       Ia-norm    0.7446   6.21   0.0593   0.0095     3.90  0    cut
 281  sn2006gj      Ia-norm    0.6417   6.20   0.0617   0.0087    -0.70  0    cut
 282  sn2004gs      Ia-norm    0.6431   6.19   0.0603   0.0087     1.70  0    cut
 283  sn2004gs      Ia-norm    0.6431   6.18   0.0590   0.0087     2.60  0    cut
 284  sn2002eu      Ia-norm    0.6512   6.16   0.0588   0.0090     5.00  0    cut
 285  sn1996ai      Ia-norm    0.6864   6.16   0.0633   0.0096     0.10  0    cut
 286  sn1994D       Ia-norm    0.6931   6.15   0.0667   0.0094    -4.10  0    cut
 287  sn2004as      Ia-norm    0.6539   6.15   0.0690   0.0095    -2.90  0    cut
 288  sn2006N       Ia-norm    0.6498   6.14   0.0665   0.0092    -3.30  0    cut
 289  sn2005hj      Ia-91T     0.7514   6.12   0.0624   0.0096     5.10  0    cut
 290  sn2006cf      Ia-norm    0.6282   6.12   0.0614   0.0092     4.70  0    cut
 291  sn1999ee      Ia-norm    0.7987   6.12   0.0662   0.0093     1.80  0    cut
 292  sn2000dk      Ia-norm    0.6701   6.12   0.0646   0.0089    -4.20  0    cut
 293  sn1998dx      Ia-norm    0.5672   6.11   0.0638   0.0090     2.10  0    cut
 294  sn1994M       Ia-norm    0.6783   6.10   0.0663   0.0093     4.70  0    cut
 295  sn2002cd      Ia-norm    0.6755   6.10   0.0744   0.0097     2.20  0    cut
 296  sn2007af      Ia-norm    0.6607   6.10   0.0595   0.0091     4.30  0    cut
 297  sn2002eu      Ia-norm    0.6498   6.08   0.0641   0.0088     1.10  0    cut
 298  sn2003it      Ia-norm    0.6607   6.08   0.0660   0.0094    -0.20  0    cut
 299  sn2002aw      Ia-norm    0.6566   6.08   0.0621   0.0094     1.10  0    cut
 300  sn1998V       Ia-norm    0.6647   6.07   0.0628   0.0096     2.30  0    cut
 301  sn2007af      Ia-norm    0.6607   6.07   0.0585   0.0092     5.40  0    cut
 302  sn2002jy      Ia-norm    0.6688   6.05   0.0637   0.0096     3.00  0    cut
 303  sn2003cg      Ia-norm    0.7419   6.05   0.0635   0.0096    -2.30  0    cut
 304  sn2000cx      Ia-pec     0.7987   6.04   0.0704   0.0094     0.70  0    cut
 305  sn2002er      Ia-norm    0.7987   6.04   0.0663   0.0093    -2.10  0    cut
 306  sn2000dk      Ia-norm    0.6674   6.03   0.0610   0.0089     0.80  0    cut
 307  sn2005cf      Ia-norm    0.7987   6.03   0.0631   0.0094    -0.20  0    cut
 308  sn2007af      Ia-norm    0.6647   6.03   0.0602   0.0093     3.30  0    cut
 309  sn2006bt      Ia-norm    0.6390   6.02   0.0641   0.0092    -0.10  0    cut
 310  sn1998aq      Ia-norm    0.6810   6.02   0.0628   0.0098     3.00  0    cut
 311  sn1994M       Ia-norm    0.6674   6.02   0.0674   0.0094     3.70  0    cut
 312  sn1998ec      Ia-norm    0.6579   6.00   0.0713   0.0098    -3.90  0    cut
 313  sn2006bt      Ia-norm    0.6363   6.00   0.0645   0.0092    -1.00  0    cut
 314  sn1998eg      Ia-norm    0.6444   6.00   0.0608   0.0094     4.10  0    cut
 315  sn2005na      Ia-norm    0.6431   5.99   0.0625   0.0099     1.40  0    cut
 316  sn2000dg      Ia-norm    0.6498   5.99   0.0622   0.0100    -0.80  0    cut
 317  sn1998dx      Ia-norm    0.5672   5.98   0.0650   0.0092    -0.70  0    cut
 318  sn2003it      Ia-norm    0.6579   5.97   0.0662   0.0096    -1.10  0    cut
 319  sn2003gn      Ia-norm    0.6525   5.97   0.0684   0.0093    -3.00  0    cut
 320  sn2000cp      Ia-norm    0.6525   5.95   0.0654   0.0094    -2.50  0    cut
 321  sn2001bg      Ia-norm    0.6823   5.95   0.0645   0.0095     4.20  0    cut
 322  sn2007A       Ia-norm    0.6498   5.93   0.0640   0.0098    -3.40  0    cut
 323  sn2001bg      Ia-norm    0.6823   5.93   0.0638   0.0095     5.10  0    cut
 324  sn2002bo      Ia-norm    0.7987   5.93   0.0641   0.0097     5.20  0    cut
 325  sn1995E       Ia-norm    0.6092   5.93   0.0637   0.0093     1.00  0    cut
 326  sn2002cr      Ia-norm    0.6796   5.92   0.0575   0.0094     4.60  0    cut
 327  sn1999ac      Ia-91T     0.7987   5.92   0.0579   0.0094     2.70  0    cut
 328  sn2000fa      Ia-norm    0.6688   5.90   0.0670   0.0098     1.30  0    cut
 329  sn2003W       Ia-norm    0.6634   5.89   0.0758   0.0102    -0.40  0    cut
 330  sn2002cd      Ia-norm    0.6769   5.88   0.0737   0.0099     3.20  0    cut
 331  sn2007af      Ia-norm    0.6607   5.86   0.0608   0.0095     2.30  0    cut
 332  sn1998aq      Ia-norm    0.6810   5.85   0.0629   0.0100     2.00  0    cut
 333  sn2007ca      Ia-norm    0.6498   5.84   0.0631   0.0098     3.40  0    cut
 334  sn2007au      Ia-norm    0.6525   5.84   0.0593   0.0092     1.10  0    cut
 335  sn2008bf      Ia-norm    0.6431   5.83   0.0664   0.0098     2.60  0    cut
 336  sn2004as      Ia-norm    0.6566   5.83   0.0698   0.0100    -3.90  0    cut
 337  sn1998bp      Ia-norm    0.6755   5.82   0.0613   0.0092    -2.90  0    cut
 338  sn2008ar      Ia-norm    0.6403   5.81   0.0624   0.0097     3.10  0    cut
 339  sn2003ic      Ia-norm    0.6322   5.81   0.0685   0.0102    -2.30  0    cut
 340  sn2001G       Ia-norm    0.6701   5.80   0.0648   0.0101     4.70  0    cut
 341  sn2006gj      Ia-norm    0.6431   5.79   0.0593   0.0093     3.20  0    cut
 342  sn1994ae      Ia-norm    0.6106   5.79   0.0638   0.0097     2.00  0    cut
 343  sn2004S       Ia-norm    0.7987   5.78   0.0628   0.0097     1.60  0    cut
 344  sn2006ax      Ia-norm    0.6471   5.77   0.0617   0.0098     0.50  0    cut
 345  sn2003ch      Ia-norm    0.7527   5.77   0.0604   0.0096     1.80  0    cut
 346  sn2000dn      Ia-norm    0.6552   5.77   0.0615   0.0097    -3.80  0    cut
 347  sn1994D       Ia-norm    0.6972   5.77   0.0645   0.0099    -0.10  0    cut
 348  sn2008ar      Ia-norm    0.6444   5.75   0.0635   0.0099     1.20  0    cut
 349  sn2002cr      Ia-norm    0.6755   5.74   0.0612   0.0098    -2.40  0    cut
 350  sn1998ec      Ia-norm    0.6661   5.72   0.0707   0.0103    -3.00  0    cut
 351  sn2008ar      Ia-norm    0.6417   5.70   0.0607   0.0099     5.00  0    cut
 352  sn1998V       Ia-norm    0.6701   5.70   0.0635   0.0102     0.30  0    cut
 353  sn2005cg      Ia-norm    0.5320   5.70   0.0648   0.0094    -0.10  0    cut
 354  sn2007hj      Ia-norm    0.6525   5.69   0.0607   0.0094     3.40  0    cut
 355  sn2004bg      Ia-norm    0.6661   5.68   0.0619   0.0099     2.60  0    cut
 356  sn1999aa      Ia-91T     0.7987   5.68   0.0643   0.0103     1.80  0    cut
 357  sn2004gs      Ia-norm    0.6431   5.67   0.0586   0.0093     3.60  0    cut
 358  sn2002ck      Ia-norm    0.6566   5.67   0.0627   0.0102     0.30  0    cut
 359  sn1998bp      Ia-norm    0.6755   5.65   0.0607   0.0094    -1.90  0    cut
 360  sn2007F       Ia-norm    0.6444   5.65   0.0648   0.0102    -0.90  0    cut
 361  sn2008C       Ia-norm    0.6512   5.63   0.0614   0.0098     4.40  0    cut
 362  sn2001eh      Ia-91T     0.6458   5.62   0.0657   0.0102     4.70  0    cut
 363  sn2007af      Ia-norm    0.6579   5.62   0.0623   0.0100     0.30  0    cut
 364  sn1995E       Ia-norm    0.6092   5.61   0.0637   0.0098    -0.90  0    cut
 365  sn2006bt      Ia-norm    0.6376   5.61   0.0633   0.0097     0.90  0    cut
 366  sn2000cf      Ia-norm    0.6512   5.61   0.0578   0.0099     3.90  0    cut
 367  sn2002jg      Ia-norm    0.6728   5.60   0.0594   0.0096     4.50  0    cut
 368  sn2000fa      Ia-norm    0.6661   5.60   0.0653   0.0102     4.20  0    cut
 369  sn2003W       Ia-norm    0.6647   5.60   0.0746   0.0107     0.60  0    cut
 370  sn2005cf      Ia-norm    0.7987   5.59   0.0639   0.0100    -1.50  0    cut
 371  sn1998aq      Ia-norm    0.6810   5.59   0.0631   0.0105     1.00  0    cut
 372  sn1998bp      Ia-norm    0.6755   5.57   0.0598   0.0096    -0.90  0    cut
 373  sn2007A       Ia-norm    0.6444   5.57   0.0636   0.0104    -2.40  0    cut
 374  sn1998V       Ia-norm    0.6701   5.57   0.0631   0.0104     1.30  0    cut
 375  sn1994T       Ia-norm    0.6458   5.56   0.0604   0.0100     4.70  0    cut
 376  sn2000cx      Ia-pec     0.7987   5.56   0.0700   0.0098     4.70  0    cut
 377  sn2005hj      Ia-91T     0.7581   5.56   0.0633   0.0108     0.50  0    cut
 378  sn2002ef      Ia-norm    0.6634   5.55   0.0667   0.0105    -2.90  0    cut
 379  sn1996X       Ia-norm    0.6837   5.54   0.0627   0.0102     2.20  0    cut
 380  snls03D3bb    Ia-pec     0.6796   5.54   0.0554   0.0100     2.00  0    cut
 381  sn2002jg      Ia-norm    0.6701   5.54   0.0638   0.0098    -3.40  0    cut
 382  sn2002fk      Ia-norm    0.6796   5.52   0.0598   0.0103     4.40  0    cut
 383  sn2008ar      Ia-norm    0.6444   5.50   0.0616   0.0102     4.10  0    cut
 384  sn2007hj      Ia-norm    0.6552   5.50   0.0598   0.0097     4.40  0    cut
 385  sn2001eh      Ia-91T     0.7987   5.49   0.0663   0.0101     2.70  0    cut
 386  sn2000dk      Ia-norm    0.6688   5.48   0.0588   0.0098     3.70  0    cut
 387  sn2006eq      Ia-norm    0.6241   5.48   0.0606   0.0100     4.70  0    cut
 388  sn2007af      Ia-norm    0.6647   5.47   0.0628   0.0102    -0.60  0    cut
 389  sn2001ex      Ia-norm    0.6634   5.46   0.0597   0.0096    -3.40  0    cut
 390  sn2006S       Ia-norm    0.6376   5.46   0.0658   0.0105     3.20  0    cut
 391  sn1998bp      Ia-norm    0.6755   5.45   0.0588   0.0098     0.10  0    cut
 392  sn2006az      Ia-norm    0.6363   5.44   0.0618   0.0103    -1.00  0    cut
 393  sn2005cf      Ia-norm    0.7987   5.44   0.0616   0.0102     1.50  0    cut
 394  sn2005cf      Ia-norm    0.7987   5.44   0.0592   0.0104     4.50  0    cut
 395  sn2003du      Ia-norm    0.7473   5.44   0.0630   0.0107    -4.20  0    cut
 396  sn2002cr      Ia-norm    0.6769   5.44   0.0602   0.0102     0.70  0    cut
 397  sn2006X       Ia-norm    0.6593   5.44   0.0688   0.0104     5.20  0    cut
 398  sn1999ac      Ia-91T     0.7987   5.44   0.0623   0.0105    -2.10  0    cut
 399  sn2002er      Ia-norm    0.7987   5.42   0.0645   0.0105     0.90  0    cut
 400  sn2001fh      Ia-norm    0.6728   5.41   0.0628   0.0101    -1.70  0    cut
 401  sn2000cp      Ia-norm    0.6525   5.41   0.0638   0.0102    -0.50  0    cut
 402  sn2005cf      Ia-norm    0.7987   5.41   0.0592   0.0103     4.20  0    cut
 403  sn2006mo      Ia-norm    0.6322   5.38   0.0588   0.0099     5.20  0    cut
 404  sn1994ae      Ia-norm    0.6106   5.38   0.0642   0.0104     0.90  0    cut
 405  sn2007af      Ia-norm    0.6634   5.38   0.0633   0.0103    -1.60  0    cut
 406  sn2006gz      Ia-pec     0.6173   5.38   0.0667   0.0107    -1.60  0    cut
 407  sn2005cf      Ia-norm    0.6566   5.37   0.0598   0.0104     4.50  0    cut
 408  sn2003cg      Ia-norm    0.6850   5.37   0.0630   0.0105     2.80  0    cut
 409  sn2005cf      Ia-norm    0.7987   5.36   0.0584   0.0103     5.20  0    cut
 410  sn2005cg      Ia-norm    0.5320   5.35   0.0683   0.0097    -4.00  0    cut
 411  sn2002ck      Ia-norm    0.6593   5.35   0.0628   0.0109    -0.60  0    cut
 412  sn1996bo      Ia-norm    0.6742   5.34   0.0635   0.0104     5.20  0    cut
 413  sn2003cg      Ia-norm    0.5930   5.34   0.0653   0.0105    -2.10  0    cut
 414  sn1996X       Ia-norm    0.6837   5.33   0.0632   0.0106     1.20  0    cut
 415  sn2007af      Ia-norm    0.6634   5.33   0.0640   0.0105    -2.60  0    cut
 416  sn2008bf      Ia-norm    0.6444   5.32   0.0667   0.0108     0.70  0    cut
 417  sn2004dt      Ia-norm    0.7432   5.31   0.0731   0.0108    -2.00  0    cut
 418  sn1997dt      Ia-norm    0.6810   5.31   0.0626   0.0106     2.20  0    cut
 419  sn2002de      Ia-norm    0.6579   5.31   0.0650   0.0110     3.70  0    cut
 420  sn1999ac      Ia-91T     0.6552   5.31   0.0597   0.0106     0.40  0    cut
 421  sn2006cm      Ia-norm    0.6525   5.29   0.0656   0.0113    -1.00  0    cut
 422  sn1981B       Ia-norm    0.7974   5.28   0.0669   0.0106    -1.50  0    cut
 423  sn2000dn      Ia-norm    0.6498   5.28   0.0617   0.0105    -0.90  0    cut
 424  sn2007af      Ia-norm    0.6607   5.27   0.0644   0.0105    -3.60  0    cut
 425  sn1996Z       Ia-norm    0.6837   5.27   0.0647   0.0106     4.10  0    cut
 426  sn2002er      Ia-norm    0.6796   5.26   0.0623   0.0104     4.10  0    cut
 427  sn2000fa      Ia-norm    0.6674   5.26   0.0669   0.0109     2.20  0    cut
 428  sn2006gr      Ia-norm    0.6363   5.25   0.0715   0.0113    -1.10  0    cut
 429  sn2005cf      Ia-norm    0.6607   5.25   0.0607   0.0106     3.50  0    cut
 430  sn1998bp      Ia-norm    0.6755   5.25   0.0579   0.0101     1.00  0    cut
 431  sn2002kf      Ia-norm    0.6701   5.24   0.0632   0.0106     4.10  0    cut
 432  sn2006cj      Ia-norm    0.6051   5.24   0.0645   0.0110    -0.20  0    cut
 433  sn1994ae      Ia-norm    0.6106   5.23   0.0643   0.0106     0.00  0    cut
 434  sn1998aq      Ia-norm    0.6796   5.23   0.0632   0.0111     0.00  0    cut
 435  sn2007ae      Ia-norm    0.6092   5.23   0.0653   0.0108     2.30  0    cut
 436  sn2007bc      Ia-norm    0.6458   5.23   0.0621   0.0104    -2.60  0    cut
 437  sn2002aw      Ia-norm    0.6593   5.23   0.0629   0.0107    -0.90  0    cut
 438  sn2002ic      Ia-csm     0.7987   5.22   0.0588   0.0123     5.60  0    cut
 439  sn1996X       Ia-norm    0.6837   5.22   0.0645   0.0108    -1.70  0    cut
 440  sn2002bf      Ia-norm    0.6607   5.21   0.0692   0.0109     5.70  0    cut
 441  sn2001eh      Ia-91T     0.6471   5.21   0.0645   0.0108     5.70  0    cut
 442  sn2007F       Ia-norm    0.6417   5.19   0.0654   0.0110    -1.80  0    cut
 443  sn2001eh      Ia-91T     0.6458   5.19   0.0666   0.0109     3.70  0    cut
 444  sn2001fe      Ia-norm    0.6728   5.18   0.0652   0.0113     0.30  0    cut
 445  sn2006cq      Ia-norm    0.6214   5.17   0.0656   0.0109    -3.30  0    cut
 446  sn2002jy      Ia-norm    0.6688   5.16   0.0645   0.0110     1.10  0    cut
 447  sn2000dg      Ia-norm    0.6485   5.16   0.0607   0.0111     3.10  0    cut
 448  sn1996X       Ia-norm    0.6837   5.15   0.0637   0.0109     0.20  0    cut
 449  sn2006gr      Ia-norm    0.6390   5.15   0.0722   0.0115    -2.10  0    cut
 450  sn2008ar      Ia-norm    0.6431   5.14   0.0669   0.0109    -3.70  0    cut
 451  sn2001da      Ia-norm    0.6701   5.13   0.0639   0.0108     1.90  0    cut
 452  sn2000cx      Ia-pec     0.7987   5.13   0.0687   0.0105     5.70  0    cut
 453  sn1996X       Ia-norm    0.6837   5.12   0.0641   0.0110    -0.80  0    cut
 454  sn2001gc      Ia-norm    0.6661   5.11   0.0706   0.0112     3.40  0    cut
 455  sn1997dt      Ia-norm    0.6796   5.10   0.0638   0.0110     0.20  0    cut
 456  sn2003du      Ia-norm    0.7987   5.10   0.0605   0.0108     4.00  0    cut
 457  sn2003cg      Ia-norm    0.6850   5.09   0.0638   0.0111     0.80  0    cut
 458  sn2005mc      Ia-norm    0.6417   5.09   0.0643   0.0106    -2.20  0    cut
 459  sn1998bu      Ia-norm    0.6850   5.08   0.0645   0.0112    -3.60  0    cut
 460  sn2002er      Ia-norm    0.7987   5.06   0.0630   0.0114    -1.10  0    cut
 461  sn2003du      Ia-norm    0.7987   5.05   0.0618   0.0110     0.90  0    cut
 462  sn2005na      Ia-norm    0.6444   5.05   0.0634   0.0114    -1.50  0    cut
 463  sn1998dh      Ia-norm    0.6810   5.05   0.0651   0.0109    -0.60  0    cut
 464  sn1998bu      Ia-norm    0.6850   5.05   0.0640   0.0112    -1.60  0    cut
 465  sn2002he      Ia-norm    0.7987   5.05   0.0685   0.0108    -3.20  0    cut
 466  sn2001fh      Ia-norm    0.6728   5.04   0.0632   0.0107    -3.60  0    cut
 467  sn2001fh      Ia-norm    0.6715   5.04   0.0633   0.0108    -2.60  0    cut
 468  sn2003cg      Ia-norm    0.6837   5.04   0.0646   0.0113    -1.20  0    cut
 469  sn1998aq      Ia-norm    0.6701   5.04   0.0636   0.0115    -0.90  0    cut
 470  sn2001ep      Ia-norm    0.7987   5.02   0.0582   0.0107     2.80  0    cut
 471  sn2006gt      Ia-91bg    0.6268   5.02   0.0590   0.0103     1.30  0    cut
 472  sn1998bu      Ia-norm    0.6850   5.01   0.0644   0.0113    -2.60  0    cut
 473  sn2006S       Ia-norm    0.7568   5.00   0.0656   0.0111     4.10  0    cut
 474  sn2005cf      Ia-norm    0.6634   5.00   0.0611   0.0111     2.50  0    cut
 475  sn2002kf      Ia-norm    0.6688   4.99   0.0632   0.0111     3.10  0    cut
 476  sn2007bc      Ia-norm    0.6471   4.99   0.0582   0.0108     4.30  0    cut
 477  sn2001da      Ia-norm    0.6701   4.99   0.0632   0.0111     2.90  0    cut
 478  sn1994S       Ia-norm    0.6999   4.98   0.0620   0.0116     0.90  0    cut
 479  sn2005cf      Ia-norm    0.6634   4.97   0.0615   0.0112     1.60  0    cut
 480  sn2006bt      Ia-norm    0.6390   4.96   0.0628   0.0108     1.90  0    cut
 481  sn1998eg      Ia-norm    0.6512   4.96   0.0627   0.0111    -0.80  0    cut
 482  sn2003hv      Ia-norm    0.7608   4.95   0.0599   0.0110     3.20  0    cut
 483  sn2002fk      Ia-norm    0.6810   4.95   0.0604   0.0113     2.50  0    cut
 484  sn2003cg      Ia-norm    0.6850   4.95   0.0641   0.0114    -0.20  0    cut
 485  sn2002G       Ia-norm    0.6525   4.94   0.0678   0.0113    -2.50  0    cut
 486  sn2003cg      Ia-norm    0.6850   4.92   0.0634   0.0114     1.90  0    cut
 487  sn2002kf      Ia-norm    0.6688   4.91   0.0641   0.0112     2.20  0    cut
 488  sn2001fh      Ia-norm    0.6742   4.91   0.0584   0.0111     4.20  0    cut
 489  sn2005cf      Ia-norm    0.6620   4.91   0.0633   0.0114    -1.40  0    cut
 490  sn2002do      Ia-norm    0.6688   4.91   0.0605   0.0108     2.00  0    cut
 491  sn2005cf      Ia-norm    0.6593   4.91   0.0635   0.0114    -2.30  0    cut
 492  sn1996X       Ia-norm    0.7987   4.90   0.0625   0.0114     1.10  0    cut
 493  sn2005hj      Ia-91T     0.7595   4.88   0.0639   0.0119     2.40  0    cut
 494  sn2003cg      Ia-norm    0.6837   4.88   0.0649   0.0116    -2.10  0    cut
 495  sn2003du      Ia-norm    0.7987   4.88   0.0602   0.0113     2.90  0    cut
 496  sn1995D       Ia-norm    0.5767   4.88   0.0620   0.0113     3.60  0    cut
 497  sn2000dg      Ia-norm    0.6458   4.85   0.0626   0.0117     0.20  0    cut
 498  sn2006S       Ia-norm    0.6390   4.84   0.0669   0.0118     0.20  0    cut
 499  sn1996X       Ia-norm    0.6837   4.83   0.0651   0.0116    -3.80  0    cut
 500  sn2001gc      Ia-norm    0.6674   4.82   0.0697   0.0116     4.40  0    cut
 501  sn2002hu      Ia-91T     0.6525   4.81   0.0656   0.0118    -3.50  0    cut
 502  sn2003cg      Ia-norm    0.6837   4.81   0.0656   0.0116    -3.10  0    cut
 503  sn1996bk      Ia-norm    0.6823   4.80   0.0604   0.0111     2.50  0    cut
 504  sn2008ar      Ia-norm    0.6444   4.80   0.0646   0.0116    -0.70  0    cut
 505  sn2006cf      Ia-norm    0.6295   4.80   0.0623   0.0117     2.70  0    cut
 506  sn1996X       Ia-norm    0.7987   4.80   0.0629   0.0117     0.10  0    cut
 507  sn2005mc      Ia-norm    0.6444   4.79   0.0559   0.0108     5.60  0    cut
 508  sn1996ab      Ia-norm    0.5672   4.79   0.0622   0.0123     1.30  0    cut
 509  sn2008ar      Ia-norm    0.6471   4.79   0.0662   0.0117    -2.70  0    cut
 510  sn2005cf      Ia-norm    0.6620   4.78   0.0643   0.0116    -3.40  0    cut
 511  sn1994D       Ia-norm    0.7987   4.78   0.0645   0.0114    -2.30  0    cut
 512  sn1998dh      Ia-norm    0.6810   4.75   0.0669   0.0115    -3.50  0    cut
 513  sn2005cf      Ia-norm    0.6634   4.74   0.0621   0.0117     0.60  0    cut
 514  sn2006cj      Ia-norm    0.6051   4.74   0.0637   0.0120     4.40  0    cut
 515  sn2001da      Ia-norm    0.6701   4.74   0.0652   0.0117     0.00  0    cut
 516  sn1995E       Ia-norm    0.5740   4.73   0.0646   0.0114    -2.90  0    cut
 517  sn2006S       Ia-norm    0.6376   4.72   0.0668   0.0120     1.20  0    cut
 518  sn2002jy      Ia-norm    0.6688   4.72   0.0648   0.0120     0.10  0    cut
 519  sn2002fk      Ia-norm    0.6783   4.71   0.0616   0.0120    -3.50  0    cut
 520  sn2008R       Ia-91bg    0.6525   4.71   0.0573   0.0110     5.30  0    cut
 521  sn1986G       Ia-91bg    0.6336   4.71   0.0646   0.0113    -3.70  0    cut
 522  sn2000cw      Ia-norm    0.6579   4.70   0.0603   0.0114     3.50  0    cut
 523  sn2003du      Ia-norm    0.6823   4.70   0.0625   0.0118     2.10  0    cut
 524  sn2000E       Ia-norm    0.6755   4.69   0.0661   0.0123    -2.30  0    cut
 525  sn1999gh      Ia-norm    0.6810   4.69   0.0573   0.0113     5.50  0    cut
 526  sn1996X       Ia-norm    0.6837   4.68   0.0648   0.0119    -2.80  0    cut
 527  sn2004at      Ia-norm    0.6661   4.68   0.0631   0.0118     2.20  0    cut
 528  sn2000E       Ia-norm    0.6661   4.67   0.0665   0.0124    -3.40  0    cut
 529  sn2001ep      Ia-norm    0.6755   4.66   0.0586   0.0115     2.80  0    cut
 530  sn2004eo      Ia-norm    0.7987   4.64   0.0584   0.0115     2.90  0    cut
 531  sn2002de      Ia-norm    0.6498   4.64   0.0659   0.0124     1.80  0    cut
 532  sn2005A       Ia-norm    0.7987   4.64   0.0741   0.0120     0.60  0    cut
 533  sn2005cf      Ia-norm    0.6593   4.64   0.0628   0.0119    -0.30  0    cut
 534  sn2006bt      Ia-norm    0.6390   4.64   0.0600   0.0114     4.70  0    cut
 535  sn2006bt      Ia-norm    0.6390   4.63   0.0621   0.0115     2.80  0    cut
 536  sn1999dq      Ia-91T     0.6742   4.62   0.0628   0.0123     5.40  0    cut
 537  sn2003cg      Ia-norm    0.6837   4.62   0.0660   0.0120    -4.10  0    cut
 538  sn2002fk      Ia-norm    0.6769   4.61   0.0613   0.0121    -1.50  0    cut
 539  sn2001eh      Ia-91T     0.6485   4.61   0.0678   0.0125    -0.10  0    cut
 540  sn1998es      Ia-91T     0.6444   4.60   0.0652   0.0121     1.50  0    cut
 541  sn2001cp      Ia-norm    0.6661   4.60   0.0639   0.0123     0.80  0    cut
 542  sn2005hj      Ia-91T     0.7581   4.60   0.0622   0.0130    -4.30  0    cut
 543  sn2001ep      Ia-norm    0.6755   4.60   0.0601   0.0117     0.80  0    cut
 544  sn2006gr      Ia-norm    0.6363   4.58   0.0741   0.0128    -4.00  0    cut
 545  sn1996X       Ia-norm    0.7987   4.58   0.0629   0.0123    -1.80  0    cut
 546  sn2006nz      Ia-norm    0.6282   4.57   0.0759   0.0126    -1.70  0    cut
 547  sn2006et      Ia-norm    0.6471   4.56   0.0639   0.0123     2.40  0    cut
 548  sn1986G       Ia-91bg    0.6349   4.56   0.0636   0.0116    -2.70  0    cut
 549  sn2003cg      Ia-norm    0.7987   4.56   0.0632   0.0121    -1.00  0    cut
 550  sn1998es      Ia-91T     0.6444   4.55   0.0655   0.0123     0.50  0    cut
 551  sn2001ep      Ia-norm    0.6742   4.55   0.0628   0.0119    -3.10  0    cut
 552  sn2001fe      Ia-norm    0.6742   4.54   0.0652   0.0128    -1.70  0    cut
 553  sn2001ep      Ia-norm    0.6755   4.53   0.0578   0.0118     3.80  0    cut
 554  sn1990O       Ia-norm    0.6823   4.52   0.0694   0.0126    -0.90  0    cut
 555  sn1999dq      Ia-91T     0.6728   4.50   0.0648   0.0126     3.40  0    cut
 556  sn2001da      Ia-norm    0.6688   4.50   0.0671   0.0123    -2.00  0    cut
 557  sn2004bg      Ia-norm    0.6634   4.49   0.0636   0.0125    -3.00  0    cut
 558  sn1999ac      Ia-91T     0.6783   4.49   0.0630   0.0125    -2.90  0    cut
 559  sn2001ep      Ia-norm    0.6755   4.49   0.0596   0.0119     1.80  0    cut
 560  sn1999ac      Ia-91T     0.6783   4.48   0.0639   0.0126    -3.90  0    cut
 561  sn2001ep      Ia-norm    0.6755   4.48   0.0609   0.0120    -0.10  0    cut
 562  sn2002er      Ia-norm    0.6796   4.48   0.0676   0.0122    -3.80  0    cut
 563  sn2003du      Ia-norm    0.6823   4.47   0.0628   0.0124     1.10  0    cut
 564  sn2006S       Ia-norm    0.6390   4.47   0.0673   0.0127    -0.70  0    cut
 565  sn2002de      Ia-norm    0.6579   4.47   0.0660   0.0129     2.70  0    cut
 566  sn2004L       Ia-norm    0.6512   4.46   0.0592   0.0122     3.40  0    cut
 567  sn2006S       Ia-norm    0.6390   4.46   0.0687   0.0127    -2.60  0    cut
 568  sn2001ep      Ia-norm    0.6755   4.45   0.0569   0.0119     4.80  0    cut
 569  sn1999gp      Ia-91T     0.6593   4.45   0.0659   0.0127     4.90  0    cut
 570  sn2004L       Ia-norm    0.6498   4.44   0.0604   0.0123     2.50  0    cut
 571  sn1999ac      Ia-91T     0.6783   4.43   0.0617   0.0125    -0.90  0    cut
 572  sn2001ep      Ia-norm    0.6742   4.43   0.0620   0.0121    -2.10  0    cut
 573  sn2005cf      Ia-norm    0.7987   4.42   0.0654   0.0118    -2.40  0    cut
 574  sn2006cz      Ia-91T     0.6268   4.41   0.0698   0.0129    -1.00  0    cut
 575  sn1994S       Ia-norm    0.6986   4.41   0.0639   0.0131    -4.00  0    cut
 576  sn2006cz      Ia-91T     0.6268   4.39   0.0704   0.0132    -2.00  0    cut
 577  sn2004L       Ia-norm    0.6539   4.38   0.0572   0.0126     5.30  0    cut
 578  sn2001eh      Ia-91T     0.6485   4.38   0.0673   0.0132    -2.00  0    cut
 579  sn2006bt      Ia-norm    0.7987   4.38   0.0654   0.0119    -3.90  0    cut
 580  sn2002ha      Ia-norm    0.7987   4.37   0.0621   0.0120     1.70  0    cut
 581  sn2008ar      Ia-norm    0.6458   4.37   0.0654   0.0125    -1.70  0    cut
 582  sn2004at      Ia-norm    0.6661   4.37   0.0633   0.0126     1.20  0    cut
 583  sn2002kf      Ia-norm    0.6688   4.37   0.0650   0.0124     1.10  0    cut
 584  sn2001el      Ia-norm    0.7026   4.36   0.0734   0.0120    -3.80  0    cut
 585  sn2002aw      Ia-norm    0.6607   4.35   0.0627   0.0128    -1.90  0    cut
 586  sn1999gp      Ia-91T     0.6607   4.35   0.0672   0.0132     2.90  0    cut
 587  sn2001gc      Ia-norm    0.6674   4.35   0.0686   0.0127     5.30  0    cut
 588  sn2006cz      Ia-91T     0.6268   4.34   0.0708   0.0134    -3.90  0    cut
 589  sn2001ep      Ia-norm    0.6755   4.33   0.0616   0.0123    -1.10  0    cut
 590  sn2002hw      Ia-norm    0.6701   4.33   0.0630   0.0123    -3.20  0    cut
 591  sn2005eq      Ia-91T     0.6390   4.31   0.0654   0.0128     1.30  0    cut
 592  sn1999aa      Ia-91T     0.7987   4.31   0.0604   0.0127    -1.60  0    cut
 593  sn2003cg      Ia-norm    0.7987   4.28   0.0607   0.0124     1.00  0    cut
 594  sn2006gt      Ia-91bg    0.6255   4.28   0.0582   0.0118     2.30  0    cut
 595  sn2006bt      Ia-norm    0.6390   4.27   0.0596   0.0121     5.70  0    cut
 596  sn2001cp      Ia-norm    0.6607   4.26   0.0649   0.0130    -3.90  0    cut
 597  sn2001cp      Ia-norm    0.6647   4.23   0.0649   0.0134    -1.10  0    cut
 598  sn2007S       Ia-91T     0.6512   4.22   0.0666   0.0135    -0.70  0    cut
 599  sn2004at      Ia-norm    0.6647   4.22   0.0643   0.0130    -0.70  0    cut
 600  sn2004at      Ia-norm    0.6661   4.21   0.0638   0.0130     0.20  0    cut
 601  sn1999dq      Ia-91T     0.6728   4.21   0.0656   0.0133     2.40  0    cut
 602  sn1999aa      Ia-91T     0.6715   4.20   0.0663   0.0135    -0.20  0    cut
 603  sn2005A       Ia-norm    0.7879   4.17   0.0726   0.0130     1.50  0    cut
 604  sn2000cx      Ia-pec     0.6403   4.15   0.0717   0.0139    -0.30  0    cut
 605  sn1999aw      Ia-91T     0.7635   4.15   0.0733   0.0138     0.00  0    cut
 606  sn2001az      Ia-91T     0.6444   4.14   0.0672   0.0141    -3.10  0    cut
 607  sn1994S       Ia-norm    0.4616   4.14   0.0712   0.0136    -3.00  0    cut
 608  sn2002de      Ia-norm    0.6539   4.13   0.0673   0.0141    -3.00  0    cut
 609  sn2006bt      Ia-norm    0.7987   4.12   0.0605   0.0124     2.90  0    cut
 610  sn1999dq      Ia-91T     0.6728   4.12   0.0661   0.0136     1.40  0    cut
 611  sn2003du      Ia-norm    0.6810   4.12   0.0636   0.0134    -1.80  0    cut
 612  sn1998es      Ia-91T     0.6444   4.11   0.0658   0.0135    -0.50  0    cut
 613  sn1990N       Ia-norm    0.5794   4.09   0.0596   0.0131     1.60  0    cut
 614  sn1996ai      Ia-norm    0.7473   4.04   0.0612   0.0135     2.20  0    cut
 615  sn1999aw      Ia-91T     0.7987   4.04   0.0716   0.0134     2.90  0    cut
 616  sn2005eq      Ia-91T     0.6417   4.03   0.0657   0.0137     0.40  0    cut
 617  sn1999dq      Ia-91T     0.6728   4.01   0.0662   0.0140     0.40  0    cut
 618  sn2007ae      Ia-norm    0.6106   3.95   0.0637   0.0137     3.30  0    cut
 619  sn2005M       Ia-91T     0.6485   3.94   0.0578   0.0136     5.10  0    cut
 620  sn2003W       Ia-norm    0.6647   3.93   0.0800   0.0147    -3.30  0    cut
 621  sn2007if      Ia-pec     0.7987   3.87   0.0493   0.0153     4.70  0    cut
 622  sn2003cg      Ia-norm    0.7987   3.85   0.0632   0.0139     1.80  0    cut
 623  sn2002hu      Ia-91T     0.6525   3.84   0.0639   0.0141    -0.70  0    cut
 624  sn2004at      Ia-norm    0.6661   3.84   0.0658   0.0140    -3.60  0    cut
 625  sn2000cx      Ia-pec     0.6755   3.83   0.0707   0.0147    -0.40  0    cut
 626  sn2003kf      Ia-norm    0.6810   3.83   0.0662   0.0144    -3.40  0    cut
 627  sn2006gt      Ia-91bg    0.6255   3.77   0.0577   0.0132     3.30  0    cut
 628  sn2002de      Ia-norm    0.6525   3.77   0.0669   0.0153    -2.20  0    cut
 629  sn1986G       Ia-91bg    0.5348   3.74   0.0603   0.0132     0.30  0    cut
 630  sn1999gp      Ia-91T     0.6620   3.73   0.0695   0.0154    -2.00  0    cut
 631  sn1986G       Ia-91bg    0.5375   3.70   0.0598   0.0134     1.30  0    cut
 632  sn2008Z       Ia-norm    0.6485   3.70   0.0668   0.0154    -4.30  0    cut
 633  sn2006D       Ia-norm    0.6579   3.66   0.0625   0.0145     4.50  0    cut
 634  sn2006oa      Ia-91T     0.6119   3.59   0.0629   0.0158    -0.10  0    cut
 635  sn2007S       Ia-91T     0.6498   3.57   0.0679   0.0158    -2.70  0    cut
 636  sn1999da      Ia-91bg    0.6769   3.57   0.0588   0.0137    -2.60  0    cut
 637  sn2000cx      Ia-pec     0.6173   3.56   0.0714   0.0156    -1.30  0    cut
 638  sn2006D       Ia-norm    0.7987   3.55   0.0631   0.0148    -1.40  0    cut
 639  sn2000cx      Ia-pec     0.6769   3.55   0.0703   0.0159    -1.30  0    cut
 640  sn1999gp      Ia-91T     0.6607   3.55   0.0687   0.0160     0.00  0    cut
 641  sn1999aa      Ia-91T     0.6715   3.53   0.0672   0.0158    -2.10  0    cut
 642  sn1998es      Ia-91T     0.6363   3.52   0.0671   0.0155    -2.40  0    cut
 643  sn2003ic      Ia-norm    0.6336   3.47   0.0634   0.0161     5.30  0    cut
 644  sn2003ic      Ia-norm    0.6336   3.46   0.0651   0.0160     4.30  0    cut
 645  sn2001V       Ia-91T     0.6715   3.39   0.0675   0.0161    -3.30  0    cut
 646  sn2002fb      Ia-91bg    0.6701   3.32   0.0631   0.0153    -2.70  0    cut
 647  sn2005hj      Ia-91T     0.5537   3.31   0.0606   0.0147     3.30  0    cut
 648  sn2007S       Ia-91T     0.6525   3.30   0.0687   0.0168    -3.70  0    cut
 649  sn1986G       Ia-91bg    0.6214   3.28   0.0631   0.0150    -2.20  0    cut
 650  sn2002bf      Ia-norm    0.6539   3.28   0.0701   0.0164     4.80  0    cut
 651  sn1991bg      Ia-91bg    0.7378   3.24   0.0550   0.0161     1.90  0    cut
 652  sn1998es      Ia-91T     0.6349   3.23   0.0677   0.0167    -3.40  0    cut
 653  sn2005M       Ia-91T     0.6458   3.21   0.0616   0.0163     0.20  0    cut
 654  sn2006cj      Ia-norm    0.6024   3.20   0.0655   0.0176     5.40  0    cut
 655  sn2003hu      Ia-91T     0.6133   3.18   0.0662   0.0167     0.10  0    cut
 656  sn2005gj      Ia-csm     0.5943   3.18   0.0461   0.0201    -1.80  0    cut
 657  sn1986G       Ia-91bg    0.6255   3.18   0.0620   0.0154    -1.20  0    cut
 658  sn2006cj      Ia-norm    0.6038   3.15   0.0659   0.0172    -1.20  0    cut
 659  sn2007if      Ia-pec     0.6011   3.14   0.0506   0.0180     5.60  0    cut
 660  sn2007if      Ia-pec     0.7730   3.06   0.0532   0.0194    -2.90  0    cut
 661  sn1986G       Ia-91bg    0.6227   3.01   0.0589   0.0159    -0.20  0    cut
 662  sn1986G       Ia-91bg    0.6227   2.99   0.0600   0.0161     0.80  0    cut
 663  sn2007ba      Ia-91bg    0.6309   2.96   0.0592   0.0168     3.10  0    cut
 664  sn1998de      Ia-91bg    0.6728   2.96   0.0640   0.0163    -3.20  0    cut
 665  sn1999dq      Ia-91T     0.6688   2.95   0.0672   0.0182    -2.50  0    cut
 666  sn2003ic      Ia-norm    0.6336   2.93   0.0671   0.0187     3.40  0    cut
 667  sn2006oa      Ia-91T     0.6119   2.93   0.0652   0.0184    -2.00  0    cut
 668  sn1999aa      Ia-91T     0.6309   2.91   0.0673   0.0181    -3.10  0    cut
 669  sn2007cq      Ia-91T     0.6431   2.89   0.0627   0.0186    -4.00  0    cut
 670  sn2005eq      Ia-91T     0.6417   2.89   0.0676   0.0181    -3.50  0    cut
 671  sn1999bh      Ia-91bg    0.6390   2.88   0.0445   0.0169     5.10  0    cut
 672  sn2006oa      Ia-91T     0.6133   2.87   0.0659   0.0191    -3.80  0    cut
 673  sn1998de      Ia-91bg    0.6728   2.84   0.0602   0.0169    -0.30  0    cut
 674  sn1998de      Ia-91bg    0.6728   2.84   0.0621   0.0167    -2.20  0    cut
 675  sn2007ba      Ia-91bg    0.6336   2.78   0.0567   0.0176     5.10  0    cut
 676  sn2005M       Ia-91T     0.6458   2.77   0.0630   0.0182    -1.70  0    cut
 677  sn1999dq      Ia-91T     0.6701   2.77   0.0681   0.0191    -3.50  0    cut
 678  sn1999aa      Ia-91T     0.6295   2.74   0.0677   0.0191    -4.10  0    cut
 679  sn1999by      Ia-91bg    0.6850   2.73   0.0597   0.0172    -4.10  0    cut
 680  sn2002de      Ia-norm    0.6566   2.70   0.0682   0.0203    -4.10  0    cut
 681  sn1999by      Ia-91bg    0.7987   2.60   0.0582   0.0179    -3.00  0    cut
 682  sn2000cx      Ia-pec     0.5740   2.60   0.0692   0.0203    -3.30  0    cut
 683  sn2002fb      Ia-91bg    0.6688   2.59   0.0611   0.0186     0.30  0    cut
 684  sn1991T       Ia-91T     0.7987   2.58   0.0644   0.0214    -1.50  0    cut
 685  sn1998de      Ia-91bg    0.6728   2.57   0.0564   0.0186     2.70  0    cut
 686  sn2005M       Ia-91T     0.6444   2.57   0.0635   0.0193    -2.70  0    cut
 687  sn2003ic      Ia-norm    0.6336   2.52   0.0735   0.0223    -4.10  0    cut
 688  sn2005bl      Ia-91bg    0.7987   2.51   0.0625   0.0189    -2.90  0    cut
 689  sn1991bg      Ia-91bg    0.7703   2.45   0.0542   0.0203     2.10  0    cut
 690  sn2005cc      Ia-pec     0.6607   2.43   0.0387   0.0203     3.60  0    cut
 691  sn2007ax      Ia-91bg    0.7920   2.37   0.0534   0.0195     1.10  0    cut
 692  sn2006bz      Ia-91bg    0.6431   2.36   0.0603   0.0194    -1.40  0    cut
 693  sn1997cn      Ia-91bg    0.6525   2.35   0.0537   0.0194     3.90  0    cut
 694  sn2000cx      Ia-pec     0.6525   2.34   0.0719   0.0218    -2.30  0    cut
 695  sn2005ke      Ia-91bg    0.6579   2.31   0.0536   0.0193     0.50  0    cut
 696  sn2005cc      Ia-pec     0.6607   2.31   0.0350   0.0199     5.60  0    cut
 697  sn2006H       Ia-91bg    0.6525   2.30   0.0544   0.0197     4.50  0    cut
 698  sn2005cc      Ia-pec     0.6607   2.29   0.0404   0.0219     2.60  0    cut
 699  sn2002es      Ia-91bg    0.6688   2.27   0.0452   0.0202     2.10  0    cut
 700  sn1999by      Ia-91bg    0.7987   2.26   0.0535   0.0201     2.90  0    cut
 701  sn2006H       Ia-91bg    0.6552   2.23   0.0543   0.0203     5.50  0    cut
 702  sn2005hk      Ia-pec     0.6566   2.22   0.0491   0.0230    -1.40  0    cut
 703  sn2002es      Ia-91bg    0.6701   2.21   0.0445   0.0210     4.10  0    cut
 704  sn2000cx      Ia-pec     0.6512   2.20   0.0705   0.0239    -4.30  0    cut
 705  sn2007ax      Ia-91bg    0.6620   2.18   0.0553   0.0209    -0.80  0    cut
 706  sn2005cc      Ia-pec     0.6593   2.18   0.0369   0.0211     4.60  0    cut
 707  sn2006bz      Ia-91bg    0.6403   2.16   0.0594   0.0206    -0.30  0    cut
 708  sn2006bz      Ia-91bg    0.6444   2.15   0.0587   0.0212     0.70  0    cut
 709  sn2008ae      Ia-pec     0.6403   2.14   0.0446   0.0225     2.80  0    cut
 710  sn2005hk      Ia-pec     0.6579   2.13   0.0499   0.0235    -2.40  0    cut
 711  sn2005hk      Ia-pec     0.7987   2.13   0.4982   0.0231    -4.20  0    cut
 712  sn2005ke      Ia-91bg    0.6647   2.12   0.0523   0.0207     2.40  0    cut
 713  sn2005bl      Ia-91bg    0.7987   2.11   0.0533   0.0223     4.70  0    cut
 714  sn2006cm      Ia-norm    0.6471   2.10   0.0690   0.0264    -1.90  0    cut
 715  sn2005hk      Ia-pec     0.6282   2.09   0.0411   0.0228     3.60  0    cut
 716  sn2007ax      Ia-91bg    0.6620   2.05   0.0561   0.0220    -1.90  0    cut
 717  sn2008ae      Ia-pec     0.6417   2.02   0.0471   0.0243     1.90  0    cut
 718  sn2002cx      Ia-pec     0.6647   1.96   0.0505   0.0298    -1.40  0    cut
 719  sn2005hk      Ia-pec     0.6525   1.93   0.0503   0.0257    -3.30  0    cut
 720  sn2006cj      Ia-norm    0.6038   1.90   0.1995   0.0341    -2.10  0    cut
 721  sn1991bg      Ia-91bg    0.7987   1.90   0.0553   0.0232     0.90  0    cut
 722  sn2008ae      Ia-pec     0.6403   1.88   0.0478   0.0260    -0.10  0    cut
 723  sn2002es      Ia-91bg    0.6688   1.88   0.0438   0.0233     5.10  0    cut
 724  sn1999by      Ia-91bg    0.6877   1.87   0.0534   0.0233     4.00  0    cut
 725  sn2007al      Ia-91bg    0.6552   1.86   0.0552   0.0243     2.40  0    cut
 726  sn2008ae      Ia-pec     0.6417   1.86   0.0516   0.0272    -1.00  0    cut
 727  sn2008A       Ia-pec     0.6539   1.85   0.0480   0.0255     1.00  0    cut
 728  sn1991bg      Ia-91bg    0.6593   1.79   0.0541   0.0246     2.10  0    cut
 729  sn2007al      Ia-91bg    0.6552   1.79   0.0549   0.0244     3.30  0    cut
 730  sn2008A       Ia-pec     0.6498   1.77   0.0496   0.0266     0.00  0    cut
 731  sn2007al      Ia-91bg    0.6525   1.76   0.0527   0.0254     5.30  0    cut
 732  sn2007al      Ia-91bg    0.6579   1.75   0.0539   0.0244     4.30  0    cut
 733  sn1999by      Ia-91bg    0.6877   1.73   0.0528   0.0248     5.00  0    cut
 734  sn2003Y       Ia-91bg    0.6701   1.72   0.0574   0.0231    -3.40  0    cut
 735  sn2005hk      Ia-pec     0.6579   1.71   0.5001   0.0265    -4.30  0    cut
 736  sn2008A       Ia-pec     0.6512   1.70   0.0508   0.0279    -1.00  0    cut
 737  sn2008ae      Ia-pec     0.6403   1.66   0.0479   0.0267     0.90  0    cut
 738  sn2007ax      Ia-91bg    0.7906   1.62   0.0528   0.0258     2.00  0    cut
 739  sn2002cx      Ia-pec     0.6634   1.60   0.5043   0.0274    -4.30  0    cut
 740  sn2005hk      Ia-pec     0.5469   1.57   0.0466   0.0244    -3.40  0    cut
 741  sn2008A       Ia-pec     0.6512   1.52   0.3118   0.0308    -1.90  0    cut
 742  sn2008A       Ia-pec     0.6552   1.52   0.3116   0.0299    -3.90  0    cut
 743  sn2008A       Ia-pec     0.6525   1.45   0.3122   0.0314    -3.00  0    cut
 744  sn2005hk      Ia-pec     0.5496   1.40   0.0468   0.0259    -4.20  0    cut
 745  sn2006em      Ia-91bg    0.6485   1.28   0.5129   0.0421     3.70  0    cut
