### SNID output file ###
 
### input spectrum and options ###
# Input spectrum                 : 1253_4.70.dat
# Parameter file                 : NA
# Wavelength range               :    4000.00   9000.00
# Mask file                      : NA
# Median filtering width [A]     : NA
# Median filtering width [pix]   :       1.00
# Clip emission redshift         :     0.2617
# Clip sky lines                 : 0
# Emission clip width [A]        :       0.26
# Keep A-band                    : 1
# Age range                      :      -0.30      9.70
# Delta range                    :      -9.99     99.90
# Min. number of spectra/template:   1
# Use only templates             : NA
# Use only types                 : NA
# Avoid templates                : NA
# Avoid types                    : NA
# rlapmin                        :      10.00
# Redshift range                 :    -0.0100    1.2000
# Forced initial redshift        :     0.2617
# Extra fake redshift            : NA
# Nsigma for initial redshift    : NA
# Redshift filter                :     0.0200
# Wavenumbers k1,k2,k3,k4        :     1    4   85  102
# Template directory             : /home/djperrefort/snid-5.0/templates-2.0/
 
### initial/user-input redshift ###
zinit       0.0000
zuser       0.2617
 
### median redshift/age and error ###
zmed        0.2613    0.0011
agem          5.40      2.55
 
### type fraction/redshift/age ###
#type ntemp fraction slope redshift redshift_error age age_error
Ia              5      1.00    0.0000    0.2613    0.0011     5.400     2.550
Ia-norm         4      0.80    0.0000    0.2611    0.0013     5.650     1.630
Ia-91T          1      0.20    0.0000    0.2613    0.0000     0.400     0.000
Ia-91bg         0      0.00    0.0000    0.0000    0.0000     0.000     0.000
Ia-csm          0      0.00    0.0000    0.0000    0.0000     0.000     0.000
Ia-pec          0      0.00    0.0000    0.0000    0.0000     0.000     0.000
###
Ib              0      0.00    0.0000    0.0000    0.0000     0.000     0.000
Ib-norm         0      0.00    0.0000    0.0000    0.0000     0.000     0.000
Ib-pec          0      0.00    0.0000    0.0000    0.0000     0.000     0.000
IIb             0      0.00    0.0000    0.0000    0.0000     0.000     0.000
###
Ic              0      0.00    0.0000    0.0000    0.0000     0.000     0.000
Ic-norm         0      0.00    0.0000    0.0000    0.0000     0.000     0.000
Ic-pec          0      0.00    0.0000    0.0000    0.0000     0.000     0.000
Ic-broad        0      0.00    0.0000    0.0000    0.0000     0.000     0.000
###
II              0      0.00    0.0000    0.0000    0.0000     0.000     0.000
IIP             0      0.00    0.0000    0.0000    0.0000     0.000     0.000
II-pec          0      0.00    0.0000    0.0000    0.0000     0.000     0.000
IIn             0      0.00    0.0000    0.0000    0.0000     0.000     0.000
IIL             0      0.00    0.0000    0.0000    0.0000     0.000     0.000
###
NotSN           0      0.00    0.0000    0.0000    0.0000     0.000     0.000
AGN             0      0.00    0.0000    0.0000    0.0000     0.000     0.000
Gal             0      0.00    0.0000    0.0000    0.0000     0.000     0.000
LBV             0      0.00    0.0000    0.0000    0.0000     0.000     0.000
M-star          0      0.00    0.0000    0.0000    0.0000     0.000     0.000
 
### rlap-ordered template listings ###
#no. sn type lap rlap z zerr age age_flag grade
   1  sn1995E       Ia-norm    0.7229  10.78   0.2624   0.0045     5.90  0   good
   2  sn2001ep      Ia-norm    0.7473  10.60   0.2603   0.0048     2.80  0   good
   3  sn2006cf      Ia-norm    0.7392  10.47   0.2598   0.0047     6.50  0   good
   4  sn1999ac      Ia-91T     0.7473  10.19   0.2613   0.0055     0.40  0   good
   5  sn2006al      Ia-norm    0.7175  10.03   0.2619   0.0046     5.40  0   good
#--- rlap cutoff
   6  sn2006cf      Ia-norm    0.7405   9.95   0.2608   0.0050     4.70  0    cut
   7  sn1999ac      Ia-91T     0.7473   9.95   0.2606   0.0055     2.70  0    cut
   8  sn1999aw      Ia-91T     0.7107   9.91   0.2732   0.0054     2.90  0    cut
   9  sn2008C       Ia-norm    0.7297   9.52   0.2627   0.0052     4.40  0    cut
  10  sn1995D       Ia-norm    0.7202   9.49   0.2627   0.0052     5.50  0    cut
  11  sn2007kk      Ia-norm    0.7446   9.30   0.2702   0.0058     5.00  0    cut
  12  sn2006et      Ia-norm    0.7351   9.27   0.2636   0.0058     6.30  0    cut
  13  sn1999ee      Ia-norm    0.7473   9.23   0.2675   0.0061     6.70  0    cut
  14  sn2006cf      Ia-norm    0.7419   9.22   0.2618   0.0054     3.70  0    cut
  15  sn1995D       Ia-norm    0.7162   9.21   0.2612   0.0054     7.50  0    cut
  16  sn2007co      Ia-norm    0.7378   9.14   0.2670   0.0055     4.60  0    cut
  17  sn2002er      Ia-norm    0.7473   9.10   0.2622   0.0055     4.90  0    cut
  18  sn2007co      Ia-norm    0.7405   9.08   0.2654   0.0057     5.70  0    cut
  19  sn2007co      Ia-norm    0.7392   8.84   0.2679   0.0058     2.70  0    cut
  20  sn2007kk      Ia-norm    0.7432   8.83   0.2709   0.0062     4.10  0    cut
  21  sn1994ae      Ia-norm    0.6999   8.72   0.2628   0.0056     5.00  0    cut
  22  sn2007fs      Ia-norm    0.7297   8.72   0.2626   0.0056     5.10  0    cut
  23  sn1989B       Ia-norm    0.6498   8.66   0.2612   0.0055     2.60  0    cut
  24  sn2007co      Ia-norm    0.7392   8.63   0.2674   0.0061     3.70  0    cut
  25  sn1995E       Ia-norm    0.6945   8.63   0.2648   0.0055     1.00  0    cut
  26  sn1994ae      Ia-norm    0.6986   8.57   0.2632   0.0057     4.00  0    cut
  27  sn2006al      Ia-norm    0.7053   8.55   0.2644   0.0054     2.50  0    cut
  28  sn2005hc      Ia-norm    0.7351   8.54   0.2656   0.0059     5.40  0    cut
  29  sn2007co      Ia-norm    0.7365   8.50   0.2693   0.0060     1.70  0    cut
  30  sn2007bc      Ia-norm    0.7338   8.49   0.2580   0.0054     4.30  0    cut
  31  sn2006cj      Ia-norm    0.7175   8.48   0.2652   0.0059     4.40  0    cut
  32  sn2007kk      Ia-norm    0.7446   8.36   0.2694   0.0066     5.90  0    cut
  33  sn2007fs      Ia-norm    0.7297   8.36   0.2637   0.0058     4.10  0    cut
  34  sn2006cj      Ia-norm    0.7148   8.36   0.2647   0.0063     5.40  0    cut
  35  sn2007S       Ia-91T     0.7243   8.34   0.2658   0.0060     6.20  0    cut
  36  sn2001ck      Ia-norm    0.7473   8.29   0.2637   0.0058     5.80  0    cut
  37  sn2008ar      Ia-norm    0.7365   8.28   0.2637   0.0064     5.00  0    cut
  38  sn2002er      Ia-norm    0.7473   8.25   0.2651   0.0062     2.90  0    cut
  39  sn2006cf      Ia-norm    0.7405   8.23   0.2622   0.0062     1.80  0    cut
  40  sn2007kk      Ia-norm    0.7419   8.18   0.2726   0.0066     3.20  0    cut
  41  sn2006cf      Ia-norm    0.7419   8.16   0.2615   0.0059     2.70  0    cut
  42  sn2005cf      Ia-norm    0.7473   8.15   0.2609   0.0062     7.20  0    cut
  43  sn2008ar      Ia-norm    0.7378   8.13   0.2650   0.0067     4.10  0    cut
  44  sn2007af      Ia-norm    0.7175   8.09   0.2604   0.0058     2.30  0    cut
  45  sn2007co      Ia-norm    0.7392   8.07   0.2700   0.0065     0.80  0    cut
  46  sn2007af      Ia-norm    0.7189   8.00   0.2598   0.0058     3.30  0    cut
  47  sn2006et      Ia-norm    0.7351   7.96   0.2664   0.0068     2.40  0    cut
  48  sn2007ae      Ia-norm    0.6742   7.95   0.2646   0.0061     3.30  0    cut
  49  sn2007fs      Ia-norm    0.7311   7.92   0.2635   0.0061     3.10  0    cut
  50  sn2008ar      Ia-norm    0.7392   7.90   0.2616   0.0064     7.20  0    cut
  51  sn2007co      Ia-norm    0.7419   7.90   0.2645   0.0062     6.60  0    cut
  52  sn1994ae      Ia-norm    0.7013   7.89   0.2632   0.0062     3.00  0    cut
  53  sn1999ee      Ia-norm    0.7473   7.88   0.2714   0.0075     1.80  0    cut
  54  sn2006al      Ia-norm    0.7175   7.88   0.2639   0.0060     4.30  0    cut
  55  sn2007co      Ia-norm    0.7405   7.86   0.2712   0.0068    -0.20  0    cut
  56  sn2006S       Ia-norm    0.7107   7.76   0.2671   0.0061     4.10  0    cut
  57  sn2007ca      Ia-norm    0.7283   7.74   0.2623   0.0061     6.40  0    cut
  58  sn2007af      Ia-norm    0.7148   7.73   0.2622   0.0062     0.30  0    cut
  59  sn2007ca      Ia-norm    0.7256   7.68   0.2623   0.0061     5.50  0    cut
  60  sn2003ic      Ia-norm    0.6986   7.67   0.2666   0.0065     3.40  0    cut
  61  sn2008bf      Ia-norm    0.7365   7.67   0.2652   0.0062     7.50  0    cut
  62  sn1994ae      Ia-norm    0.7473   7.65   0.2603   0.0063     8.00  0    cut
  63  sn1996C       Ia-norm    0.7473   7.59   0.2596   0.0062     7.80  0    cut
  64  sn2007af      Ia-norm    0.7189   7.57   0.2591   0.0061     4.30  0    cut
  65  sn2008bf      Ia-norm    0.7365   7.56   0.2673   0.0063     4.50  0    cut
  66  sn2005hc      Ia-norm    0.7365   7.56   0.2655   0.0068     6.30  0    cut
  67  sn2003du      Ia-norm    0.7229   7.54   0.2602   0.0062     6.90  0    cut
  68  sn1999aw      Ia-91T     0.7446   7.52   0.2787   0.0073     0.00  0    cut
  69  sn2006cj      Ia-norm    0.7162   7.50   0.2623   0.0067     9.10  0    cut
  70  sn2005cf      Ia-norm    0.7473   7.49   0.2620   0.0069     6.20  0    cut
  71  sn2007A       Ia-norm    0.7297   7.45   0.2612   0.0063     4.50  0    cut
  72  sn1995D       Ia-norm    0.6539   7.43   0.2619   0.0065     3.60  0    cut
  73  sn2007kk      Ia-norm    0.7432   7.41   0.2727   0.0074     2.10  0    cut
  74  sn2004S       Ia-norm    0.7473   7.41   0.2641   0.0082     7.40  0    cut
  75  sn2006al      Ia-norm    0.7175   7.40   0.2637   0.0064     3.40  0    cut
  76  sn1995E       Ia-norm    0.6688   7.39   0.2627   0.0063     3.90  0    cut
  77  sn1992A       Ia-norm    0.7297   7.39   0.2734   0.0063     2.00  0    cut
  78  sn2005cf      Ia-norm    0.7473   7.38   0.2627   0.0071     4.50  0    cut
  79  sn2008ar      Ia-norm    0.7378   7.34   0.2658   0.0073     3.10  0    cut
  80  sn2005cf      Ia-norm    0.7473   7.33   0.2620   0.0070     5.20  0    cut
  81  sn2004eo      Ia-norm    0.7175   7.31   0.2595   0.0064     2.90  0    cut
  82  sn1992A       Ia-norm    0.7473   7.30   0.2703   0.0065     5.50  0    cut
  83  sn2006cj      Ia-norm    0.7175   7.26   0.2628   0.0065     8.20  0    cut
  84  sn1994ae      Ia-norm    0.7026   7.23   0.2637   0.0067     0.90  0    cut
  85  sn2005cf      Ia-norm    0.7162   7.20   0.2622   0.0068     4.50  0    cut
  86  sn1994ae      Ia-norm    0.7013   7.18   0.2627   0.0065     2.00  0    cut
  87  sn2008bf      Ia-norm    0.7365   7.18   0.2679   0.0068     3.60  0    cut
  88  sn1999ee      Ia-norm    0.7473   7.17   0.2734   0.0082    -0.20  0    cut
  89  sn2003du      Ia-norm    0.7473   7.13   0.2623   0.0069     4.00  0    cut
  90  sn2006N       Ia-norm    0.7216   7.07   0.2618   0.0062     4.60  0    cut
  91  sn2007ae      Ia-norm    0.7216   7.06   0.2681   0.0072     2.30  0    cut
  92  sn2007ca      Ia-norm    0.7270   7.05   0.2635   0.0068     3.40  0    cut
  93  sn2006al      Ia-norm    0.6688   7.04   0.2613   0.0064     6.30  0    cut
  94  sn2006le      Ia-norm    0.7229   7.01   0.2699   0.0074     2.90  0    cut
  95  sn2001eh      Ia-91T     0.7473   6.93   0.2686   0.0074     2.70  0    cut
  96  sn2007F       Ia-norm    0.7338   6.92   0.2643   0.0071     3.00  0    cut
  97  sn2007co      Ia-norm    0.7405   6.91   0.2638   0.0071     7.50  0    cut
  98  sn2007fb      Ia-norm    0.7324   6.87   0.2629   0.0062     5.60  0    cut
  99  sn2006ot      Ia-norm    0.7311   6.86   0.2713   0.0080     2.50  0    cut
 100  sn2006S       Ia-norm    0.7392   6.79   0.2683   0.0073     3.20  0    cut
 101  sn2000cf      Ia-norm    0.6837   6.74   0.2574   0.0067     3.90  0    cut
 102  sn2007af      Ia-norm    0.7189   6.74   0.2584   0.0066     5.40  0    cut
 103  sn2004S       Ia-norm    0.7473   6.74   0.2718   0.0097     1.60  0    cut
 104  sn2006le      Ia-norm    0.7229   6.74   0.2689   0.0076     3.90  0    cut
 105  sn2006S       Ia-norm    0.7392   6.74   0.2695   0.0078     0.20  0    cut
 106  sn2007ux      Ia-norm    0.7419   6.74   0.2597   0.0064     5.80  0    cut
 107  sn2006S       Ia-norm    0.7351   6.72   0.2696   0.0075     1.20  0    cut
 108  sn2006N       Ia-norm    0.7229   6.72   0.2633   0.0066     2.60  0    cut
 109  sn2003cg      Ia-norm    0.6701   6.72   0.2635   0.0063     1.00  0    cut
 110  sn2005cf      Ia-norm    0.7148   6.71   0.2634   0.0073     3.50  0    cut
 111  sn2007kk      Ia-norm    0.7446   6.71   0.2665   0.0079     8.80  0    cut
 112  sn2008Z       Ia-norm    0.7351   6.70   0.2644   0.0072     7.60  0    cut
 113  sn2007nq      Ia-norm    0.7392   6.70   0.2626   0.0066     6.30  0    cut
 114  sn1994ae      Ia-norm    0.6999   6.67   0.2603   0.0070     7.90  0    cut
 115  sn2007le      Ia-norm    0.7202   6.66   0.2683   0.0074     5.40  0    cut
 116  sn1994ae      Ia-norm    0.7013   6.66   0.2636   0.0072     0.00  0    cut
 117  sn2007kk      Ia-norm    0.7419   6.65   0.2733   0.0082     1.10  0    cut
 118  sn2008bf      Ia-norm    0.7351   6.64   0.2686   0.0073     2.60  0    cut
 119  sn2003cg      Ia-norm    0.7094   6.62   0.2627   0.0068     4.00  0    cut
 120  sn2006le      Ia-norm    0.7229   6.61   0.2670   0.0074     5.90  0    cut
 121  sn1989B       Ia-norm    0.6471   6.61   0.2599   0.0067     4.60  0    cut
 122  sn2006cp      Ia-norm    0.7324   6.59   0.2673   0.0077     6.30  0    cut
 123  sn2004fu      Ia-norm    0.7189   6.58   0.2673   0.0073     4.40  0    cut
 124  sn2006mo      Ia-norm    0.7446   6.57   0.2600   0.0067     5.20  0    cut
 125  sn2003du      Ia-norm    0.7135   6.55   0.2610   0.0073     2.90  0    cut
 126  sn2003du      Ia-norm    0.7270   6.53   0.2596   0.0070     7.90  0    cut
 127  sn2005bo      Ia-norm    0.7243   6.52   0.2617   0.0073    -0.10  0    cut
 128  sn2005na      Ia-norm    0.7297   6.49   0.2623   0.0073     3.40  0    cut
 129  sn2006cj      Ia-norm    0.7175   6.48   0.2673   0.0081    -0.20  0    cut
 130  sn2008ar      Ia-norm    0.7378   6.47   0.2681   0.0087     1.20  0    cut
 131  sn2007bd      Ia-norm    0.7446   6.47   0.2686   0.0074     1.70  0    cut
 132  sn2005hf      Ia-norm    0.7378   6.47   0.2598   0.0069     8.20  0    cut
 133  sn2006ev      Ia-norm    0.7419   6.46   0.2646   0.0076     5.50  0    cut
 134  sn2004fu      Ia-norm    0.7216   6.44   0.2677   0.0075     3.40  0    cut
 135  sn2006gr      Ia-norm    0.7473   6.43   0.2669   0.0081     9.40  0    cut
 136  sn2005ki      Ia-norm    0.7297   6.42   0.2647   0.0072     1.00  0    cut
 137  sn2005el      Ia-norm    0.7256   6.42   0.2622   0.0069     4.00  0    cut
 138  sn2002de      Ia-norm    0.6742   6.42   0.2681   0.0070     2.70  0    cut
 139  sn2006sr      Ia-norm    0.7351   6.41   0.2667   0.0070     3.90  0    cut
 140  sn2002ha      Ia-norm    0.7473   6.41   0.2641   0.0075     1.70  0    cut
 141  sn2005cf      Ia-norm    0.7175   6.41   0.2640   0.0077     2.50  0    cut
 142  sn2006ax      Ia-norm    0.7256   6.38   0.2617   0.0078     0.50  0    cut
 143  sn2008L       Ia-norm    0.7324   6.38   0.2638   0.0070     5.60  0    cut
 144  sn2005cf      Ia-norm    0.6945   6.32   0.2610   0.0072     4.20  0    cut
 145  sn2003du      Ia-norm    0.7392   6.32   0.2590   0.0074     8.80  0    cut
 146  sn2002cd      Ia-norm    0.6552   6.31   0.2804   0.0092     0.30  0    cut
 147  sn2002de      Ia-norm    0.6742   6.28   0.2682   0.0074     1.80  0    cut
 148  sn2005na      Ia-norm    0.7351   6.27   0.2624   0.0079     1.40  0    cut
 149  sn2000cf      Ia-norm    0.6837   6.25   0.2577   0.0072     2.90  0    cut
 150  sn1992A       Ia-norm    0.7432   6.23   0.2709   0.0074     5.90  0    cut
 151  sn2006sr      Ia-norm    0.7365   6.22   0.2673   0.0072     3.00  0    cut
 152  sn2007bc      Ia-norm    0.7324   6.21   0.2568   0.0071     6.20  0    cut
 153  sn2002de      Ia-norm    0.6742   6.21   0.2673   0.0072     3.70  0    cut
 154  sn1996C       Ia-norm    0.6783   6.20   0.2618   0.0071     4.80  0    cut
 155  sn2007hj      Ia-norm    0.7283   6.19   0.2652   0.0075     1.40  0    cut
 156  sn2006N       Ia-norm    0.7243   6.18   0.2641   0.0072     1.60  0    cut
 157  sn2006ak      Ia-norm    0.7459   6.18   0.2678   0.0086     7.30  0    cut
 158  sn2005M       Ia-91T     0.7297   6.17   0.2559   0.0080     5.10  0    cut
 159  sn1999cl      Ia-norm    0.7162   6.17   0.2693   0.0087     0.70  0    cut
 160  sn2004ef      Ia-norm    0.7459   6.16   0.2694   0.0085     2.50  0    cut
 161  sn2006gj      Ia-norm    0.7405   6.16   0.2599   0.0068     3.20  0    cut
 162  sn1996X       Ia-norm    0.7473   6.15   0.2631   0.0074     1.10  0    cut
 163  sn2008bf      Ia-norm    0.7338   6.15   0.2698   0.0082     0.70  0    cut
 164  sn2005cf      Ia-norm    0.7162   6.15   0.2648   0.0082     1.60  0    cut
 165  sn2006cp      Ia-norm    0.7324   6.15   0.2662   0.0082     7.30  0    cut
 166  sn2002ck      Ia-norm    0.6769   6.13   0.2622   0.0073     2.30  0    cut
 167  sn2007ca      Ia-norm    0.7270   6.13   0.2601   0.0075     9.40  0    cut
 168  sn2002cd      Ia-norm    0.6566   6.10   0.2795   0.0093     2.20  0    cut
 169  sn2006N       Ia-norm    0.7243   6.09   0.2614   0.0070     5.60  0    cut
 170  sn1996X       Ia-norm    0.7473   6.09   0.2639   0.0075     0.10  0    cut
 171  sn2005cf      Ia-norm    0.7189   6.08   0.2659   0.0085     0.60  0    cut
 172  sn2006le      Ia-norm    0.7243   6.08   0.2662   0.0079     6.90  0    cut
 173  sn1996C       Ia-norm    0.6783   6.08   0.2630   0.0072     2.00  0    cut
 174  sn2005hj      Ia-91T     0.5957   6.06   0.2677   0.0080     2.40  0    cut
 175  sn1995E       Ia-norm    0.7473   6.04   0.2581   0.0077     8.90  0    cut
 176  sn2004fu      Ia-norm    0.7216   6.02   0.2688   0.0081     2.40  0    cut
 177  sn1999ac      Ia-91T     0.7473   6.02   0.2573   0.0081     8.80  0    cut
 178  sn2003ic      Ia-norm    0.6986   6.02   0.2664   0.0083     4.30  0    cut
 179  sn2003du      Ia-norm    0.7121   5.99   0.2634   0.0080     0.90  0    cut
 180  sn2006N       Ia-norm    0.7148   5.97   0.2645   0.0074     0.70  0    cut
 181  sn2002bo      Ia-norm    0.7473   5.96   0.2665   0.0086     5.20  0    cut
 182  sn2003du      Ia-norm    0.7135   5.96   0.2649   0.0083    -0.30  0    cut
 183  sn2004ef      Ia-norm    0.7419   5.95   0.2711   0.0088     1.50  0    cut
 184  sn2001br      Ia-norm    0.7473   5.94   0.2717   0.0083     2.50  0    cut
 185  sn2006sr      Ia-norm    0.7365   5.93   0.2678   0.0076     2.00  0    cut
 186  sn1998es      Ia-91T     0.7270   5.93   0.2653   0.0082     1.50  0    cut
 187  sn2006N       Ia-norm    0.7229   5.92   0.2607   0.0073     6.50  0    cut
 188  sn2002ck      Ia-norm    0.6769   5.90   0.2623   0.0077     0.30  0    cut
 189  sn2000dg      Ia-norm    0.6837   5.90   0.2636   0.0077     0.20  0    cut
 190  sn2001ck      Ia-norm    0.6810   5.87   0.2640   0.0075     4.80  0    cut
 191  sn2002cr      Ia-norm    0.6566   5.86   0.2577   0.0073     4.60  0    cut
 192  sn2006sr      Ia-norm    0.7338   5.85   0.2687   0.0077     1.00  0    cut
 193  sn2005cf      Ia-norm    0.7473   5.85   0.2662   0.0094     1.50  0    cut
 194  sn2007S       Ia-91T     0.7270   5.83   0.2635   0.0082     8.10  0    cut
 195  sn2004ef      Ia-norm    0.7446   5.79   0.2724   0.0095     0.60  0    cut
 196  sn2005cf      Ia-norm    0.7202   5.79   0.2671   0.0092    -0.30  0    cut
 197  sn2006gz      Ia-pec     0.6539   5.77   0.2634   0.0070     5.30  0    cut
 198  sn1995D       Ia-norm    0.7216   5.77   0.2594   0.0081     9.50  0    cut
 199  sn2002ck      Ia-norm    0.6769   5.76   0.2623   0.0078     4.20  0    cut
 200  sn1998eg      Ia-norm    0.6715   5.76   0.2620   0.0074     4.10  0    cut
 201  sn2005eq      Ia-91T     0.7392   5.75   0.2670   0.0090     1.30  0    cut
 202  sn2005el      Ia-norm    0.7256   5.72   0.2631   0.0079     2.10  0    cut
 203  sn2007fb      Ia-norm    0.7297   5.70   0.2652   0.0077     1.70  0    cut
 204  sn2001G       Ia-norm    0.6634   5.65   0.2676   0.0079     4.70  0    cut
 205  sn2008Q       Ia-norm    0.7216   5.64   0.2660   0.0081    -0.30  0    cut
 206  sn2005hf      Ia-norm    0.7392   5.64   0.2590   0.0078     9.10  0    cut
 207  sn2001cp      Ia-norm    0.6688   5.64   0.2656   0.0083     0.80  0    cut
 208  sn2005eq      Ia-91T     0.7365   5.64   0.2673   0.0092     0.40  0    cut
 209  sn1991bg      Ia-91bg    0.5740   5.64   0.2600   0.0096     1.90  0    cut
 210  sn1998es      Ia-91T     0.7243   5.63   0.2657   0.0088     0.50  0    cut
 211  sn2006gz      Ia-pec     0.7351   5.61   0.2623   0.0073     7.30  0    cut
 212  sn2001eh      Ia-91T     0.6837   5.60   0.2674   0.0084     3.70  0    cut
 213  sn2001el      Ia-norm    0.7473   5.60   0.2687   0.0096     9.10  0    cut
 214  sn2002hd      Ia-norm    0.6810   5.58   0.2630   0.0077     1.40  0    cut
 215  sn2004bg      Ia-norm    0.6674   5.58   0.2610   0.0078     5.70  0    cut
 216  sn1998aq      Ia-norm    0.6498   5.58   0.2641   0.0080     5.00  0    cut
 217  sn1998aq      Ia-norm    0.6498   5.53   0.2643   0.0081     4.00  0    cut
 218  sn2005kc      Ia-norm    0.7216   5.52   0.2584   0.0080     6.70  0    cut
 219  sn2001fe      Ia-norm    0.6607   5.51   0.2676   0.0082     3.20  0    cut
 220  sn2003cg      Ia-norm    0.6498   5.51   0.2659   0.0080     0.80  0    cut
 221  sn1997dt      Ia-norm    0.6512   5.50   0.2663   0.0087     0.20  0    cut
 222  sn2004bg      Ia-norm    0.6674   5.49   0.2619   0.0080     2.60  0    cut
 223  sn1996ab      Ia-norm    0.6227   5.47   0.2626   0.0083     1.30  0    cut
 224  sn1998dx      Ia-norm    0.6999   5.47   0.2639   0.0064     1.10  0    cut
 225  sn2005eu      Ia-norm    0.7446   5.46   0.2632   0.0090     8.30  0    cut
 226  sn2003hu      Ia-91T     0.6986   5.46   0.2624   0.0086     7.50  0    cut
 227  sn2001fe      Ia-norm    0.6607   5.46   0.2678   0.0085     0.30  0    cut
 228  sn2002jy      Ia-norm    0.6661   5.46   0.2644   0.0078     6.00  0    cut
 229  sn2003ic      Ia-norm    0.6986   5.45   0.2653   0.0092     5.30  0    cut
 230  sn2007hj      Ia-norm    0.7283   5.44   0.2641   0.0085     2.40  0    cut
 231  sn2002aw      Ia-norm    0.6728   5.44   0.2626   0.0078     1.10  0    cut
 232  sn1998aq      Ia-norm    0.6498   5.43   0.2645   0.0083     3.00  0    cut
 233  sn1998aq      Ia-norm    0.6498   5.42   0.2635   0.0081     6.00  0    cut
 234  sn2005cf      Ia-norm    0.7473   5.42   0.2581   0.0088     9.40  0    cut
 235  sn2002jy      Ia-norm    0.6661   5.42   0.2655   0.0083     1.10  0    cut
 236  sn1998V       Ia-norm    0.6647   5.40   0.2647   0.0081     1.30  0    cut
 237  sn2005cf      Ia-norm    0.7473   5.40   0.2681   0.0108    -0.20  0    cut
 238  sn2008af      Ia-norm    0.7459   5.39   0.2662   0.0088     5.90  0    cut
 239  sn1991M       Ia-norm    0.7135   5.39   0.2690   0.0090     2.70  0    cut
 240  sn2005am      Ia-norm    0.7473   5.39   0.2678   0.0085     3.00  0    cut
 241  sn2003it      Ia-norm    0.6715   5.38   0.2646   0.0079     5.70  0    cut
 242  sn2007qe      Ia-norm    0.7351   5.38   0.2697   0.0096     8.00  0    cut
 243  sn2006gz      Ia-pec     0.7365   5.38   0.2621   0.0076     8.20  0    cut
 244  sn2003fa      Ia-91T     0.6864   5.36   0.2621   0.0082     6.90  0    cut
 245  sn2004at      Ia-norm    0.6688   5.36   0.2638   0.0083     2.20  0    cut
 246  sn2002jy      Ia-norm    0.6661   5.35   0.2655   0.0082     3.00  0    cut
 247  sn1994ae      Ia-norm    0.7013   5.34   0.2594   0.0085     9.00  0    cut
 248  sn2007hj      Ia-norm    0.7283   5.32   0.2626   0.0086     3.40  0    cut
 249  sn2003ch      Ia-norm    0.7473   5.31   0.2620   0.0087     1.80  0    cut
 250  sn2003iv      Ia-norm    0.6783   5.29   0.2613   0.0076     3.40  0    cut
 251  sn1998V       Ia-norm    0.6647   5.29   0.2646   0.0083     2.30  0    cut
 252  sn2007bc      Ia-norm    0.7338   5.29   0.2559   0.0081     7.30  0    cut
 253  sn2006gt      Ia-91bg    0.7392   5.27   0.2597   0.0086     1.30  0    cut
 254  sn1997dt      Ia-norm    0.6525   5.27   0.2648   0.0089     2.20  0    cut
 255  sn2006gz      Ia-pec     0.6471   5.27   0.2653   0.0079     6.20  0    cut
 256  sn2005hj      Ia-91T     0.5943   5.27   0.2673   0.0090     0.50  0    cut
 257  sn2003cg      Ia-norm    0.6512   5.26   0.2650   0.0081     2.80  0    cut
 258  sn2002jy      Ia-norm    0.6661   5.26   0.2636   0.0081     7.00  0    cut
 259  sn2006le      Ia-norm    0.7243   5.26   0.2651   0.0092     7.90  0    cut
 260  sn2002jy      Ia-norm    0.6661   5.25   0.2663   0.0088     0.10  0    cut
 261  sn2003fa      Ia-91T     0.6864   5.25   0.2617   0.0087     7.80  0    cut
 262  sn2002fk      Ia-norm    0.6552   5.24   0.2605   0.0086     2.50  0    cut
 263  sn2003cg      Ia-norm    0.6485   5.24   0.2660   0.0085     1.90  0    cut
 264  sn2000dg      Ia-norm    0.6810   5.24   0.2616   0.0087     3.10  0    cut
 265  sn2002cd      Ia-norm    0.6579   5.23   0.2779   0.0107     3.20  0    cut
 266  sn2005hj      Ia-91T     0.5876   5.23   0.2663   0.0085     5.10  0    cut
 267  sn1998dm      Ia-norm    0.6539   5.23   0.2634   0.0083     6.50  0    cut
 268  sn2005am      Ia-norm    0.7162   5.22   0.2655   0.0082     4.90  0    cut
 269  sn1998co      Ia-norm    0.6647   5.21   0.2618   0.0083     3.90  0    cut
 270  sn1998aq      Ia-norm    0.6498   5.20   0.2646   0.0088     2.00  0    cut
 271  sn2007ap      Ia-norm    0.7256   5.20   0.2602   0.0080     7.40  0    cut
 272  sn2003hu      Ia-91T     0.6999   5.19   0.2590   0.0098     8.40  0    cut
 273  sn1999ek      Ia-norm    0.6647   5.19   0.2613   0.0081     3.30  0    cut
 274  sn2007bm      Ia-norm    0.7202   5.18   0.2576   0.0083     6.60  0    cut
 275  sn2002fk      Ia-norm    0.6539   5.18   0.2604   0.0086     4.40  0    cut
 276  sn2003fa      Ia-91T     0.6864   5.18   0.2610   0.0087     8.70  0    cut
 277  sn1989B       Ia-norm    0.6390   5.17   0.2586   0.0085     6.60  0    cut
 278  sn2004L       Ia-norm    0.6796   5.16   0.2620   0.0088     2.50  0    cut
 279  sn1996X       Ia-norm    0.6593   5.16   0.2646   0.0084     2.20  0    cut
 280  sn2001eh      Ia-91T     0.6837   5.15   0.2660   0.0088     5.70  0    cut
 281  sn2006hb      Ia-91bg    0.7270   5.15   0.2590   0.0083     6.80  0    cut
 282  sn2003cg      Ia-norm    0.6498   5.15   0.2664   0.0086    -0.20  0    cut
 283  sn2001eh      Ia-91T     0.6837   5.15   0.2666   0.0090     4.70  0    cut
 284  sn2006gz      Ia-pec     0.7365   5.14   0.2609   0.0077     9.20  0    cut
 285  sn2002er      Ia-norm    0.6471   5.14   0.2675   0.0095     0.90  0    cut
 286  sn2002cr      Ia-norm    0.6566   5.13   0.2600   0.0087     0.70  0    cut
 287  sn2005am      Ia-norm    0.7189   5.13   0.2663   0.0084     3.90  0    cut
 288  sn1996ai      Ia-norm    0.5862   5.12   0.2662   0.0085     2.20  0    cut
 289  sn2003ch      Ia-norm    0.6701   5.12   0.2573   0.0083     6.70  0    cut
 290  sn2007co      Ia-norm    0.7405   5.10   0.2637   0.0088     8.60  0    cut
 291  sn1998V       Ia-norm    0.6647   5.09   0.2652   0.0089     0.30  0    cut
 292  sn2001ep      Ia-norm    0.7473   5.09   0.2562   0.0089     7.70  0    cut
 293  sn2006bq      Ia-norm    0.7324   5.08   0.2712   0.0101     5.30  0    cut
 294  sn1999gd      Ia-norm    0.6647   5.08   0.2621   0.0085     1.10  0    cut
 295  sn2001fh      Ia-norm    0.6579   5.08   0.2603   0.0085     4.20  0    cut
 296  sn2003du      Ia-norm    0.6498   5.08   0.2640   0.0091     1.10  0    cut
 297  sn2006gt      Ia-91bg    0.7378   5.08   0.2586   0.0082     2.30  0    cut
 298  sn2006oa      Ia-91T     0.7243   5.08   0.2673   0.0115    -0.10  0    cut
 299  sn1998aq      Ia-norm    0.6498   5.07   0.2648   0.0092     1.00  0    cut
 300  sn2002ha      Ia-norm    0.6620   5.06   0.2624   0.0081     5.60  0    cut
 301  sn2003cq      Ia-norm    0.6783   5.05   0.2683   0.0088     0.00  0    cut
 302  sn2004at      Ia-norm    0.6688   5.05   0.2643   0.0088     1.20  0    cut
 303  sn2006bt      Ia-norm    0.7405   5.05   0.2676   0.0088    -0.10  0    cut
 304  sn2003du      Ia-norm    0.6525   5.05   0.2636   0.0089     2.10  0    cut
 305  sn2004gs      Ia-norm    0.7351   5.04   0.2629   0.0093    -0.30  0    cut
 306  sn2003it      Ia-norm    0.6715   5.04   0.2659   0.0083     2.70  0    cut
 307  sn1998co      Ia-norm    0.6647   5.04   0.2638   0.0085     1.00  0    cut
 308  sn2003cq      Ia-norm    0.6796   5.03   0.2669   0.0082     1.00  0    cut
 309  sn1998dx      Ia-norm    0.6309   5.03   0.2644   0.0087     2.10  0    cut
 310  sn1998ab      Ia-91T     0.7067   5.02   0.2593   0.0103     7.70  0    cut
 311  sn2001eh      Ia-91T     0.6837   5.02   0.2678   0.0094    -0.10  0    cut
 312  sn1990N       Ia-norm    0.5794   5.02   0.2604   0.0090     1.60  0    cut
 313  sn1998aq      Ia-norm    0.6485   5.01   0.2651   0.0096     0.00  0    cut
 314  sn2000fa      Ia-norm    0.6688   5.00   0.2704   0.0093     2.20  0    cut
 315  sn1998dx      Ia-norm    0.6986   5.00   0.2639   0.0086     5.90  0    cut
 316  sn1999aa      Ia-91T     0.6607   5.00   0.2675   0.0101    -0.20  0    cut
 317  sn2000fa      Ia-norm    0.6688   4.98   0.2690   0.0091     4.20  0    cut
 318  sn1998co      Ia-norm    0.6647   4.97   0.2646   0.0086     0.00  0    cut
 319  sn1999ej      Ia-norm    0.6607   4.96   0.2607   0.0085     3.10  0    cut
 320  sn2003it      Ia-norm    0.6701   4.95   0.2641   0.0085     6.60  0    cut
 321  sn2003ch      Ia-norm    0.6688   4.95   0.2591   0.0084     4.80  0    cut
 322  sn2001E       Ia-norm    0.6647   4.94   0.2771   0.0108     2.80  0    cut
 323  sn2002eu      Ia-norm    0.6837   4.94   0.2629   0.0086     3.00  0    cut
 324  sn2004at      Ia-norm    0.6688   4.94   0.2646   0.0090     0.20  0    cut
 325  sn1996X       Ia-norm    0.6593   4.93   0.2656   0.0088     0.20  0    cut
 326  sn2008R       Ia-91bg    0.7256   4.93   0.2580   0.0084     5.30  0    cut
 327  sn1999dq      Ia-91T     0.6579   4.92   0.2675   0.0097     1.40  0    cut
 328  sn1999dq      Ia-91T     0.6579   4.92   0.2670   0.0096     2.40  0    cut
 329  sn1998dm      Ia-norm    0.6539   4.92   0.2627   0.0088     7.40  0    cut
 330  sn2003cq      Ia-norm    0.6796   4.92   0.2680   0.0086     2.00  0    cut
 331  sn1994M       Ia-norm    0.6336   4.92   0.2664   0.0102     5.60  0    cut
 332  sn1996X       Ia-norm    0.6593   4.91   0.2651   0.0087     1.20  0    cut
 333  sn2002jy      Ia-norm    0.6661   4.91   0.2632   0.0087     8.00  0    cut
 334  sn2006D       Ia-norm    0.7175   4.90   0.2608   0.0082     4.50  0    cut
 335  sn2004L       Ia-norm    0.6796   4.90   0.2621   0.0091     3.40  0    cut
 336  sn2007bd      Ia-norm    0.7446   4.88   0.2641   0.0096     8.40  0    cut
 337  sn2003it      Ia-norm    0.6715   4.88   0.2657   0.0087     3.70  0    cut
 338  sn1999dq      Ia-91T     0.6593   4.87   0.2668   0.0096     3.40  0    cut
 339  sn2006N       Ia-norm    0.7216   4.87   0.2600   0.0087     7.50  0    cut
 340  sn1998ef      Ia-norm    0.6647   4.86   0.2698   0.0094     1.30  0    cut
 341  sn1994S       Ia-norm    0.6390   4.86   0.2641   0.0097     0.90  0    cut
 342  sn2006bt      Ia-norm    0.7432   4.85   0.2671   0.0093     0.90  0    cut
 343  sn2006bt      Ia-norm    0.7473   4.85   0.2655   0.0094     2.90  0    cut
 344  sn2007le      Ia-norm    0.7189   4.84   0.2672   0.0097     7.40  0    cut
 345  sn2004L       Ia-norm    0.6796   4.84   0.2609   0.0091     5.30  0    cut
 346  sn1994M       Ia-norm    0.6268   4.84   0.2704   0.0112     3.70  0    cut
 347  sn1997Y       Ia-norm    0.6200   4.83   0.2620   0.0090     2.90  0    cut
 348  sn2006cp      Ia-norm    0.7338   4.83   0.2652   0.0101     9.30  0    cut
 349  sn2007cg      Ia-norm    0.6512   4.82   0.2704   0.0104     5.50  0    cut
 350  sn1996X       Ia-norm    0.7473   4.82   0.2601   0.0089     7.10  0    cut
 351  sn2002fk      Ia-norm    0.6552   4.82   0.2594   0.0088     7.40  0    cut
 352  sn2002kf      Ia-norm    0.6661   4.81   0.2645   0.0091     6.00  0    cut
 353  sn2004ef      Ia-norm    0.7405   4.81   0.2657   0.0095     6.30  0    cut
 354  sn2005am      Ia-norm    0.7189   4.81   0.2689   0.0093     2.00  0    cut
 355  sn2000fa      Ia-norm    0.6796   4.79   0.2703   0.0097     1.30  0    cut
 356  sn2002do      Ia-norm    0.6634   4.78   0.2618   0.0094     2.00  0    cut
 357  sn1999gp      Ia-91T     0.6742   4.76   0.2695   0.0105     2.90  0    cut
 358  sn2007hj      Ia-norm    0.7283   4.76   0.2621   0.0095     4.40  0    cut
 359  sn2003it      Ia-norm    0.6715   4.74   0.2667   0.0090     1.70  0    cut
 360  sn2006hb      Ia-91bg    0.7283   4.71   0.2582   0.0088     7.70  0    cut
 361  sn2006bt      Ia-norm    0.7432   4.70   0.2642   0.0096     4.70  0    cut
 362  sn2006bt      Ia-norm    0.7392   4.70   0.2672   0.0095     1.90  0    cut
 363  sn2008C       Ia-norm    0.7297   4.69   0.2600   0.0095     8.30  0    cut
 364  sn2007qe      Ia-norm    0.7351   4.68   0.2685   0.0106     9.00  0    cut
 365  sn2003it      Ia-norm    0.6715   4.68   0.2675   0.0091     0.80  0    cut
 366  sn2001bg      Ia-norm    0.6525   4.68   0.2670   0.0101     4.20  0    cut
 367  sn1999dq      Ia-91T     0.6579   4.67   0.2673   0.0103     0.40  0    cut
 368  sn1999ef      Ia-norm    0.6864   4.67   0.2641   0.0091     6.70  0    cut
 369  sn2005M       Ia-91T     0.7283   4.67   0.2600   0.0109     0.20  0    cut
 370  sn2006bt      Ia-norm    0.7432   4.65   0.2662   0.0095     2.80  0    cut
 371  sn2004gs      Ia-norm    0.7365   4.65   0.2619   0.0101     1.70  0    cut
 372  sn1994T       Ia-norm    0.5578   4.64   0.2665   0.0103     0.80  0    cut
 373  sn2003ch      Ia-norm    0.6715   4.63   0.2596   0.0084     3.80  0    cut
 374  sn2002kf      Ia-norm    0.6661   4.63   0.2659   0.0091     3.10  0    cut
 375  sn1999gp      Ia-91T     0.6742   4.63   0.2687   0.0106     4.90  0    cut
 376  sn2003it      Ia-norm    0.6715   4.63   0.2682   0.0094    -0.20  0    cut
 377  sn1997bp      Ia-norm    0.6579   4.63   0.2806   0.0120    -0.20  0    cut
 378  sn2006ac      Ia-norm    0.7162   4.63   0.2653   0.0100     6.20  0    cut
 379  sn2002kf      Ia-norm    0.6661   4.62   0.2654   0.0094     4.10  0    cut
 380  sn1998bp      Ia-norm    0.6566   4.61   0.2613   0.0095     0.10  0    cut
 381  sn2003iv      Ia-norm    0.6810   4.61   0.2639   0.0089     0.50  0    cut
 382  sn1997bp      Ia-norm    0.6593   4.59   0.2797   0.0120     0.80  0    cut
 383  sn2006gz      Ia-pec     0.6485   4.59   0.2637   0.0090     8.20  0    cut
 384  sn2003it      Ia-norm    0.6701   4.58   0.2636   0.0090     7.60  0    cut
 385  sn2003cg      Ia-norm    0.6566   4.58   0.2667   0.0092     1.80  0    cut
 386  sn1999cc      Ia-norm    0.6783   4.58   0.2665   0.0094     1.70  0    cut
 387  sn1998bp      Ia-norm    0.6566   4.58   0.2602   0.0096     1.00  0    cut
 388  sn2003hu      Ia-91T     0.6972   4.57   0.2635   0.0100     0.10  0    cut
 389  sn2006lf      Ia-norm    0.6661   4.57   0.2624   0.0091     5.30  0    cut
 390  sn2003W       Ia-norm    0.6620   4.56   0.2782   0.0126     0.60  0    cut
 391  sn2001en      Ia-norm    0.6620   4.56   0.2708   0.0103     1.50  0    cut
 392  sn2002er      Ia-norm    0.6566   4.56   0.2647   0.0099     4.10  0    cut
 393  sn2003iv      Ia-norm    0.6796   4.56   0.2628   0.0089     1.40  0    cut
 394  sn2004eo      Ia-norm    0.7473   4.54   0.2550   0.0096     7.80  0    cut
 395  sn2006hb      Ia-91bg    0.7283   4.54   0.2579   0.0091     8.70  0    cut
 396  sn1992A       Ia-norm    0.6471   4.54   0.2708   0.0093     6.90  0    cut
 397  sn1994M       Ia-norm    0.6349   4.53   0.2672   0.0114     4.70  0    cut
 398  sn2005be      Ia-norm    0.7459   4.52   0.2616   0.0092     7.70  0    cut
 399  sn2001ep      Ia-norm    0.6607   4.52   0.2625   0.0100     0.80  0    cut
 400  sn2006lf      Ia-norm    0.6661   4.51   0.2611   0.0091     6.30  0    cut
 401  sn1996ai      Ia-norm    0.6539   4.51   0.2662   0.0089     0.10  0    cut
 402  sn2006lf      Ia-norm    0.6512   4.51   0.2602   0.0088     7.30  0    cut
 403  sn1997bp      Ia-norm    0.6593   4.50   0.2787   0.0121     1.80  0    cut
 404  sn2003ch      Ia-norm    0.6715   4.50   0.2613   0.0083     2.80  0    cut
 405  sn2003iv      Ia-norm    0.6783   4.50   0.2591   0.0090     7.20  0    cut
 406  sn2001fe      Ia-norm    0.6607   4.49   0.2669   0.0095     6.20  0    cut
 407  sn2000cw      Ia-norm    0.6769   4.48   0.2615   0.0094     3.50  0    cut
 408  sn2001ep      Ia-norm    0.6607   4.48   0.2634   0.0101    -0.10  0    cut
 409  sn2002jg      Ia-norm    0.6634   4.47   0.2610   0.0091     4.50  0    cut
 410  sn2006bt      Ia-norm    0.7419   4.47   0.2637   0.0100     5.70  0    cut
 411  sn2002dj      Ia-norm    0.7229   4.46   0.2667   0.0107     8.00  0    cut
 412  sn2002he      Ia-norm    0.6715   4.46   0.2674   0.0095     3.70  0    cut
 413  sn2005am      Ia-norm    0.7175   4.45   0.2637   0.0094     6.90  0    cut
 414  sn2002kf      Ia-norm    0.6647   4.45   0.2667   0.0100     2.20  0    cut
 415  sn2002kf      Ia-norm    0.6661   4.45   0.2630   0.0096     8.00  0    cut
 416  sn2001en      Ia-norm    0.6620   4.44   0.2680   0.0103     4.40  0    cut
 417  sn2003ch      Ia-norm    0.6701   4.44   0.2619   0.0090     1.80  0    cut
 418  sn2004as      Ia-norm    0.6783   4.44   0.2693   0.0108    -0.10  0    cut
 419  sn1999dq      Ia-91T     0.6593   4.43   0.2656   0.0101     5.40  0    cut
 420  sn1999ej      Ia-norm    0.6593   4.43   0.2619   0.0097     1.10  0    cut
 421  sn2002fk      Ia-norm    0.6552   4.42   0.2591   0.0095     8.30  0    cut
 422  sn1996X       Ia-norm    0.6593   4.42   0.2613   0.0094     7.10  0    cut
 423  sn2001ep      Ia-norm    0.6607   4.41   0.2618   0.0101     1.80  0    cut
 424  sn2000dk      Ia-norm    0.6647   4.40   0.2608   0.0095     3.70  0    cut
 425  sn1999gp      Ia-91T     0.6742   4.40   0.2718   0.0123     0.00  0    cut
 426  sn2001bg      Ia-norm    0.6525   4.39   0.2661   0.0105     5.10  0    cut
 427  sn2004gs      Ia-norm    0.7365   4.39   0.2592   0.0100     3.60  0    cut
 428  sn2001ep      Ia-norm    0.6607   4.39   0.2610   0.0101     2.80  0    cut
 429  sn1994D       Ia-norm    0.6512   4.38   0.2661   0.0101    -0.10  0    cut
 430  sn2007au      Ia-norm    0.7324   4.38   0.2612   0.0105     1.10  0    cut
 431  sn1997bp      Ia-norm    0.6593   4.37   0.2779   0.0123     2.80  0    cut
 432  sn2002cs      Ia-norm    0.6620   4.36   0.2733   0.0104     3.30  0    cut
 433  sn2002fk      Ia-norm    0.6552   4.36   0.2606   0.0100     6.50  0    cut
 434  sn2006br      Ia-norm    0.7324   4.35   0.2701   0.0113     3.00  0    cut
 435  sn2001en      Ia-norm    0.6620   4.35   0.2674   0.0103     5.30  0    cut
 436  sn2003ch      Ia-norm    0.6701   4.35   0.2627   0.0091     0.80  0    cut
 437  sn2004as      Ia-norm    0.6783   4.35   0.2667   0.0109     2.90  0    cut
 438  sn1990N       Ia-norm    0.7473   4.35   0.2602   0.0104     3.90  0    cut
 439  sn2006X       Ia-norm    0.7162   4.34   0.2784   0.0121     1.30  0    cut
 440  sn1999cc      Ia-norm    0.6783   4.34   0.2690   0.0101    -0.20  0    cut
 441  sn2006X       Ia-norm    0.7162   4.34   0.2767   0.0119     2.30  0    cut
 442  sn2004gs      Ia-norm    0.7378   4.33   0.2604   0.0098     2.60  0    cut
 443  sn2002kf      Ia-norm    0.6661   4.32   0.2677   0.0104     1.10  0    cut
 444  sn2004as      Ia-norm    0.6783   4.32   0.2675   0.0112     1.80  0    cut
 445  sn2003ch      Ia-norm    0.6769   4.32   0.2598   0.0093     5.60  0    cut
 446  sn1999ef      Ia-norm    0.6864   4.30   0.2632   0.0102     7.70  0    cut
 447  sn1994M       Ia-norm    0.6458   4.30   0.2689   0.0112     2.60  0    cut
 448  sn2006le      Ia-norm    0.7243   4.30   0.2640   0.0108     8.90  0    cut
 449  sn1996ai      Ia-norm    0.6552   4.30   0.2665   0.0088     4.20  0    cut
 450  sn2000dk      Ia-norm    0.6647   4.29   0.2632   0.0099     0.80  0    cut
 451  sn2003hv      Ia-norm    0.6837   4.29   0.2592   0.0096     8.20  0    cut
 452  sn2006ac      Ia-norm    0.7311   4.28   0.2644   0.0108     7.10  0    cut
 453  sn2002dj      Ia-norm    0.7473   4.27   0.2671   0.0114     9.30  0    cut
 454  sn2002er      Ia-norm    0.6593   4.25   0.2652   0.0105     3.80  0    cut
 455  sn1993ac      Ia-norm    0.7473   4.24   0.2695   0.0108     6.90  0    cut
 456  sn2003ch      Ia-norm    0.6715   4.24   0.2624   0.0093    -0.20  0    cut
 457  sn2002he      Ia-norm    0.6715   4.23   0.2660   0.0102     5.60  0    cut
 458  sn2001ep      Ia-norm    0.6607   4.21   0.2604   0.0103     3.80  0    cut
 459  sn1994M       Ia-norm    0.6485   4.16   0.2704   0.0116     1.60  0    cut
 460  sn2006hb      Ia-91bg    0.7297   4.15   0.2575   0.0100     9.70  0    cut
 461  sn2001fh      Ia-norm    0.6579   4.15   0.2574   0.0101     7.20  0    cut
 462  sn1994M       Ia-norm    0.6728   4.14   0.2662   0.0103     6.60  0    cut
 463  sn2006gt      Ia-91bg    0.7378   4.14   0.2569   0.0092     3.30  0    cut
 464  sn1999gp      Ia-91T     0.6742   4.14   0.2678   0.0113     6.90  0    cut
 465  sn2000ce      Ia-norm    0.6634   4.12   0.2653   0.0104     6.70  0    cut
 466  sn1997bp      Ia-norm    0.6593   4.12   0.2769   0.0128     3.80  0    cut
 467  sn2006bw      Ia-norm    0.7419   4.10   0.2603   0.0106     4.90  0    cut
 468  sn2001el      Ia-norm    0.5226   4.09   0.2702   0.0096     1.20  0    cut
 469  sn1999aa      Ia-91T     0.7473   4.09   0.2662   0.0120     1.80  0    cut
 470  sn2001ep      Ia-norm    0.6607   4.09   0.2594   0.0107     4.80  0    cut
 471  sn1995al      Ia-norm    0.6552   4.07   0.2700   0.0120     6.40  0    cut
 472  sn1994T       Ia-norm    0.6065   4.07   0.2659   0.0134     0.80  0    cut
 473  sn2003cg      Ia-norm    0.6485   4.07   0.2631   0.0104     6.80  0    cut
 474  sn2001en      Ia-norm    0.6634   4.07   0.2664   0.0110     6.30  0    cut
 475  sn2002dp      Ia-norm    0.6593   4.06   0.2591   0.0102     7.10  0    cut
 476  sn2002bf      Ia-norm    0.6715   4.06   0.2774   0.0124     1.80  0    cut
 477  sn1989B       Ia-norm    0.6566   4.06   0.2573   0.0100     8.60  0    cut
 478  sn2007le      Ia-norm    0.7189   4.04   0.2658   0.0115     8.40  0    cut
 479  sn2004bk      Ia-norm    0.6701   4.01   0.2682   0.0113     6.40  0    cut
 480  sn2003hv      Ia-norm    0.5970   4.00   0.2631   0.0111     3.20  0    cut
 481  sn1999ac      Ia-91T     0.6837   4.00   0.2590   0.0118     7.80  0    cut
 482  sn2003kf      Ia-norm    0.6552   3.99   0.2635   0.0109     8.50  0    cut
 483  sn2007hj      Ia-norm    0.7283   3.98   0.2606   0.0113     6.30  0    cut
 484  sn2001da      Ia-norm    0.6634   3.95   0.2687   0.0119     0.00  0    cut
 485  sn2003ic      Ia-norm    0.6972   3.94   0.2635   0.0119     7.20  0    cut
 486  snls03D3bb    Ia-pec     0.7473   3.92   0.2538   0.0110     2.00  0    cut
 487  sn2006X       Ia-norm    0.7135   3.91   0.2746   0.0127     4.20  0    cut
 488  sn2006N       Ia-norm    0.7243   3.90   0.2596   0.0104     8.50  0    cut
 489  sn2001eh      Ia-91T     0.6837   3.90   0.2635   0.0111     8.60  0    cut
 490  sn1998dm      Ia-norm    0.6539   3.90   0.2620   0.0109     9.50  0    cut
 491  sn2001da      Ia-norm    0.6620   3.89   0.2671   0.0118     1.90  0    cut
 492  sn2001da      Ia-norm    0.6647   3.89   0.2664   0.0117     2.90  0    cut
 493  sn2007cg      Ia-norm    0.6512   3.87   0.2710   0.0126     6.50  0    cut
 494  sn1997Y       Ia-norm    0.6688   3.87   0.2630   0.0104     1.90  0    cut
 495  sn1992A       Ia-norm    0.7473   3.87   0.2671   0.0111     8.20  0    cut
 496  sn2001ep      Ia-norm    0.6607   3.86   0.2587   0.0112     5.80  0    cut
 497  sn1991bg      Ia-91bg    0.6119   3.86   0.2608   0.0137     2.10  0    cut
 498  sn2005mc      Ia-norm    0.7324   3.86   0.2580   0.0107     5.60  0    cut
 499  sn2002eu      Ia-norm    0.6837   3.86   0.2662   0.0109     1.10  0    cut
 500  sn2002fk      Ia-norm    0.6552   3.85   0.2580   0.0108     9.40  0    cut
 501  sn2001N       Ia-norm    0.6661   3.84   0.2731   0.0133     0.70  0    cut
 502  sn2005am      Ia-norm    0.7189   3.83   0.2631   0.0106     7.90  0    cut
 503  sn2003cg      Ia-norm    0.7459   3.82   0.2581   0.0115     9.20  0    cut
 504  sn1997Y       Ia-norm    0.6566   3.81   0.2594   0.0106     6.90  0    cut
 505  sn1996X       Ia-norm    0.6593   3.81   0.2608   0.0109     8.10  0    cut
 506  sn2006X       Ia-norm    0.7148   3.81   0.2736   0.0128     5.20  0    cut
 507  sn2006eq      Ia-norm    0.6579   3.81   0.2630   0.0117     4.70  0    cut
 508  sn1996Z       Ia-norm    0.6593   3.80   0.2687   0.0124     4.10  0    cut
 509  sn2002fb      Ia-91bg    0.6620   3.80   0.2623   0.0131     0.30  0    cut
 510  sn2005A       Ia-norm    0.6471   3.78   0.2768   0.0150     0.60  0    cut
 511  sn2005A       Ia-norm    0.6241   3.77   0.2752   0.0148     1.50  0    cut
 512  sn1998bu      Ia-norm    0.6485   3.77   0.2611   0.0112     8.40  0    cut
 513  sn1986G       Ia-91bg    0.5957   3.76   0.2629   0.0114     1.30  0    cut
 514  sn1998co      Ia-norm    0.6647   3.75   0.2592   0.0113     6.90  0    cut
 515  sn2003it      Ia-norm    0.6715   3.73   0.2632   0.0114     8.50  0    cut
 516  sn2004as      Ia-norm    0.6783   3.73   0.2646   0.0125     5.80  0    cut
 517  sn2002eu      Ia-norm    0.6823   3.73   0.2589   0.0109     7.80  0    cut
 518  sn1998dx      Ia-norm    0.6986   3.71   0.2626   0.0110     7.80  0    cut
 519  sn2006ac      Ia-norm    0.7297   3.70   0.2626   0.0122     9.00  0    cut
 520  sn2001N       Ia-norm    0.6647   3.68   0.2708   0.0132     2.60  0    cut
 521  sn2007ba      Ia-91bg    0.7459   3.67   0.2578   0.0107     5.10  0    cut
 522  sn1995F       Ic-norm    0.7392   3.67   0.2545   0.0166     0.20  1    cut
 523  sn1986G       Ia-91bg    0.5916   3.67   0.2629   0.0117     0.30  0    cut
 524  sn1997br      Ia-91T     0.7459   3.66   0.2624   0.0128     7.20  0    cut
 525  sn2006H       Ia-91bg    0.7243   3.65   0.2570   0.0125     4.50  0    cut
 526  sn2007al      Ia-91bg    0.7243   3.63   0.2535   0.0116     2.40  0    cut
 527  sn2001ay      Ia-norm    0.7473   3.62   0.2733   0.0133     3.30  0    cut
 528  sn2007hj      Ia-norm    0.7283   3.62   0.2594   0.0125     7.30  0    cut
 529  sn2002ha      Ia-norm    0.6620   3.60   0.2596   0.0110     9.60  0    cut
 530  sn1999ej      Ia-norm    0.6607   3.57   0.2564   0.0115     8.10  0    cut
 531  sn2002es      Ia-91bg    0.6634   3.56   0.2449   0.0128     2.10  0    cut
 532  sn1999gd      Ia-norm    0.6634   3.55   0.2581   0.0117     7.90  0    cut
 533  sn1995F       Ic-norm    0.6579   3.55   0.2571   0.0179     0.00  1    cut
 534  sn2003it      Ia-norm    0.6701   3.55   0.2616   0.0116     9.50  0    cut
 535  sn1999ex      Ib-norm    0.7473   3.54   0.2647   0.0146     0.40  0    cut
 536  sn2000cu      Ia-norm    0.6634   3.54   0.2602   0.0115     7.30  0    cut
 537  sn2001ep      Ia-norm    0.6607   3.54   0.2577   0.0121     6.80  0    cut
 538  sn2003cg      Ia-norm    0.6512   3.53   0.2621   0.0120     7.70  0    cut
 539  sn1994T       Ia-norm    0.6092   3.52   0.2682   0.0136     1.70  0    cut
 540  sn1999aa      Ia-91T     0.6051   3.52   0.2648   0.0122     6.70  0    cut
 541  sn1994T       Ia-norm    0.6065   3.51   0.2701   0.0146    -0.20  0    cut
 542  sn2007al      Ia-91bg    0.7229   3.50   0.2534   0.0128     5.30  0    cut
 543  sn1996bo      Ia-norm    0.6701   3.49   0.2682   0.0127     3.30  0    cut
 544  sn2003cg      Ia-norm    0.6566   3.48   0.2623   0.0120     7.00  0    cut
 545  sn2002es      Ia-91bg    0.6634   3.48   0.2431   0.0139     4.10  0    cut
 546  sn2000ce      Ia-norm    0.6634   3.47   0.2639   0.0126     8.70  0    cut
 547  sn2004dt      Ia-norm    0.7473   3.47   0.2693   0.0148     3.80  0    cut
 548  sn2003ic      Ia-norm    0.6986   3.45   0.2621   0.0133     8.00  0    cut
 549  sn2002bf      Ia-norm    0.6701   3.45   0.2724   0.0135     4.80  0    cut
 550  sn2004as      Ia-norm    0.6769   3.44   0.2634   0.0132     6.60  0    cut
 551  sn2007kk      Ia-norm    0.6728   3.43   0.2696   0.0129     7.90  0    cut
 552  sn1999ek      Ia-norm    0.6647   3.43   0.2572   0.0116     9.20  0    cut
 553  sn2000cx      Ia-pec     0.7473   3.43   0.2734   0.0134     0.70  0    cut
 554  sn2002de      Ia-norm    0.6742   3.42   0.2638   0.0125     8.50  0    cut
 555  sn2000cx      Ia-pec     0.6309   3.41   0.2768   0.0156    -0.30  0    cut
 556  sn2006al      Ia-norm    0.6485   3.41   0.2621   0.0115     9.10  0    cut
 557  sn2001bf      Ia-norm    0.6620   3.40   0.2595   0.0115     4.70  0    cut
 558  sn2004aw      Ic-norm    0.7473   3.39   0.2665   0.0138    -0.20  0    cut
 559  sn2006X       Ia-norm    0.7148   3.39   0.2725   0.0142     6.20  0    cut
 560  sn2006lf      Ia-norm    0.6647   3.38   0.2588   0.0119     9.30  0    cut
 561  sn2001en      Ia-norm    0.6620   3.38   0.2647   0.0126     8.30  0    cut
 562  sn2007ba      Ia-91bg    0.7432   3.36   0.2588   0.0118     3.10  0    cut
 563  sn2006eu      Ia-norm    0.7378   3.36   0.2608   0.0148     8.00  0    cut
 564  sn2006H       Ia-91bg    0.7216   3.36   0.2557   0.0134     5.50  0    cut
 565  sn2007le      Ia-norm    0.7189   3.35   0.2650   0.0133     9.50  0    cut
 566  sn2005ke      Ia-91bg    0.7135   3.34   0.2542   0.0125     0.50  0    cut
 567  sn2007nq      Ia-norm    0.6552   3.33   0.2609   0.0123     9.20  0    cut
 568  sn2002er      Ia-norm    0.7473   3.33   0.2537   0.0144     8.80  0    cut
 569  sn2001gc      Ia-norm    0.6647   3.31   0.2743   0.0153     3.40  0    cut
 570  sn2005bf      Ib-pec     0.7256   3.31   0.2456   0.0141     1.20  0    cut
 571  sn2008ae      Ia-pec     0.7432   3.31   0.0922   0.0223    -0.10  0    cut
 572  sn1991T       Ia-91T     0.7270   3.30   0.2575   0.0131     9.50  0    cut
 573  sn2006bz      Ia-91bg    0.7378   3.29   0.2596   0.0133     0.70  0    cut
 574  lbv2003hy     LBV        0.6674   3.28   0.2411   0.0116   -99.90  2    cut
 575  sn2001bf      Ia-norm    0.6593   3.27   0.2638   0.0142     0.80  0    cut
 576  sn2007al      Ia-91bg    0.7229   3.27   0.2532   0.0128     3.30  0    cut
 577  sn2001fh      Ia-norm    0.6579   3.26   0.2560   0.0131     9.10  0    cut
 578  sn1998bu      Ia-norm    0.6485   3.26   0.2602   0.0128     9.40  0    cut
 579  sn1997dd      IIb        0.7216   3.25   0.2395   0.0145     0.00  1    cut
 580  sn2003cg      Ia-norm    0.6512   3.25   0.2605   0.0132     8.80  0    cut
 581  sn2001gc      Ia-norm    0.6634   3.23   0.2737   0.0154     4.40  0    cut
 582  sn2005bf      Ib-pec     0.7297   3.23   0.2435   0.0149     6.20  0    cut
 583  sn2001ep      Ia-norm    0.6607   3.23   0.2572   0.0132     7.80  0    cut
 584  sn2006aj      Ic-broad   0.7473   3.22   0.1278   0.0180     2.50  0    cut
 585  sn2000E       Ia-norm    0.6376   3.22   0.2621   0.0138     7.50  0    cut
 586  sn2002bf      Ia-norm    0.6715   3.21   0.2727   0.0139     5.70  0    cut
 587  sn1999gh      Ia-norm    0.6525   3.21   0.2588   0.0147     5.50  0    cut
 588  sn1996bo      Ia-norm    0.6701   3.21   0.2665   0.0132     5.20  0    cut
 589  sn2004dt      Ia-norm    0.7459   3.20   0.2714   0.0168     3.30  0    cut
 590  sn1999ef      Ia-norm    0.6850   3.20   0.2620   0.0131     9.60  0    cut
 591  sn1999bh      Ia-91bg    0.6038   3.19   0.2437   0.0135     5.10  0    cut
 592  sn1996Z       Ia-norm    0.6593   3.18   0.2673   0.0143     6.10  0    cut
 593  sn2007al      Ia-91bg    0.7243   3.17   0.2530   0.0130     4.30  0    cut
 594  sn2001bf      Ia-norm    0.7473   3.16   0.2569   0.0118     8.70  0    cut
 595  sn2004as      Ia-norm    0.6783   3.16   0.2631   0.0141     7.60  0    cut
 596  sn2005bf      Ib-pec     0.7473   3.16   0.2444   0.0151     3.40  0    cut
 597  sn2006X       Ia-norm    0.7162   3.16   0.2715   0.0146     7.30  0    cut
 598  sn1997cn      Ia-91bg    0.7094   3.15   0.2538   0.0133     3.90  0    cut
 599  sn2001bf      Ia-norm    0.6620   3.14   0.2564   0.0115     7.60  0    cut
 600  sn2002es      Ia-91bg    0.6634   3.14   0.2431   0.0145     5.10  0    cut
 601  sn2002eu      Ia-norm    0.6823   3.13   0.2631   0.0119     5.00  0    cut
 602  sn2002ic      Ia-csm     0.7473   3.13   0.2609   0.0143     5.60  0    cut
 603  sn1995al      Ia-norm    0.6566   3.13   0.2682   0.0146     8.40  0    cut
 604  sn2007hj      Ia-norm    0.7473   3.13   0.2586   0.0140     8.20  0    cut
 605  sn2000B       Ia-norm    0.6661   3.10   0.2692   0.0138     8.60  0    cut
 606  sn1999ac      Ia-91T     0.6566   3.09   0.2581   0.0147     9.00  0    cut
 607  sn1997do      Ia-norm    0.6566   3.09   0.2667   0.0146     8.20  0    cut
 608  sn1996bk      Ia-norm    0.6593   3.09   0.2635   0.0146     2.50  0    cut
 609  sn2007bm      Ia-norm    0.7189   3.08   0.2549   0.0130     9.60  0    cut
 610  sn1998S       IIn        0.6444   3.07   0.2391   0.0105     9.70  0    cut
 611  sn2004dt      Ia-norm    0.7148   3.07   0.2644   0.0130     9.10  0    cut
 612  sn2006em      Ia-91bg    0.7338   3.07   0.2532   0.0130     3.70  0    cut
 613  sn2007cg      Ia-norm    0.6498   3.07   0.2693   0.0149     7.50  0    cut
 614  sn2005bf      Ib-pec     0.7283   3.06   0.2452   0.0156     5.20  0    cut
 615  sn2001E       Ia-norm    0.6661   3.06   0.2726   0.0152     7.70  0    cut
 616  sn2005ke      Ia-91bg    0.7148   3.05   0.2527   0.0140     2.40  0    cut
 617  sn2005bf      Ib-pec     0.7270   3.05   0.2449   0.0152     2.20  0    cut
 618  sn2005bl      Ia-91bg    0.7351   3.03   0.2538   0.0148     4.70  0    cut
 619  sn2002jg      Ia-norm    0.6607   3.03   0.2572   0.0143     9.40  0    cut
 620  sn2005bf      Ib-pec     0.7297   3.01   0.2448   0.0155     3.20  0    cut
 621  sn2001N       Ia-norm    0.6661   3.01   0.2690   0.0159     4.40  0    cut
 622  kcSa          Gal        0.7473   3.00   0.2245   0.0104   -99.90  2    cut
 623  sn1986G       Ia-91bg    0.6552   2.99   0.2626   0.0142    -0.20  0    cut
 624  sn1994T       Ia-norm    0.6065   2.99   0.2618   0.0164     4.70  0    cut
 625  sn2001V       Ia-91T     0.6620   2.99   0.2636   0.0142     9.50  0    cut
 626  sn2004as      Ia-norm    0.6769   2.96   0.2617   0.0148     8.60  0    cut
 627  sn1998ab      Ia-91T     0.5957   2.95   0.2595   0.0147     6.70  0    cut
 628  sn1999gh      Ia-norm    0.6539   2.95   0.2582   0.0157     6.50  0    cut
 629  sn2006H       Ia-91bg    0.6972   2.95   0.2540   0.0163     7.50  0    cut
 630  sn2006X       Ia-norm    0.7189   2.93   0.2709   0.0152     8.20  0    cut
 631  sn2005bf      Ib-pec     0.7297   2.93   0.2415   0.0160     8.20  0    cut
 632  sn1991bg      Ia-91bg    0.6999   2.93   0.2540   0.0159     2.10  0    cut
 633  sn2000fa      Ia-norm    0.6661   2.92   0.2653   0.0143     9.10  0    cut
 634  sn2001gc      Ia-norm    0.6647   2.92   0.2727   0.0166     5.30  0    cut
 635  sn2001da      Ia-norm    0.6647   2.92   0.2627   0.0143     7.80  0    cut
 636  sn1986G       Ia-91bg    0.6552   2.91   0.2641   0.0144     0.80  0    cut
 637  sn2001ay      Ia-norm    0.7473   2.89   0.2702   0.0149     5.80  0    cut
 638  sn2006H       Ia-91bg    0.7243   2.85   0.2587   0.0160     6.50  0    cut
 639  sn1999by      Ia-91bg    0.7094   2.84   0.2534   0.0156     2.90  0    cut
 640  sn1998de      Ia-91bg    0.6634   2.84   0.2650   0.0182    -0.30  0    cut
 641  sn1998de      Ia-91bg    0.6634   2.84   0.2619   0.0183     2.70  0    cut
 642  sn2007al      Ia-91bg    0.7243   2.83   0.2506   0.0166     8.30  0    cut
 643  sn2002bf      Ia-norm    0.6715   2.81   0.2721   0.0155     6.70  0    cut
 644  sn2000dk      Ia-norm    0.6823   2.81   0.2551   0.0154     9.60  0    cut
 645  sn2008A       Ia-pec     0.7297   2.81   0.0920   0.0246     0.00  0    cut
 646  sn1991bg      Ia-91bg    0.6728   2.80   0.2575   0.0174     0.90  0    cut
 647  sn2004dt      Ia-norm    0.7256   2.79   0.2718   0.0186     2.30  0    cut
 648  sn1999by      Ia-91bg    0.6485   2.78   0.2550   0.0185     4.00  0    cut
 649  sn2001ay      Ia-norm    0.6769   2.77   0.2738   0.0160     1.30  0    cut
 650  sn2001ay      Ia-norm    0.6769   2.76   0.2716   0.0150     3.30  0    cut
 651  kcSb          Gal        0.7473   2.75   0.2249   0.0146   -99.90  2    cut
 652  sn2001ay      Ia-norm    0.6769   2.74   0.2709   0.0151     4.20  0    cut
 653  sn1999gh      Ia-norm    0.6539   2.73   0.2571   0.0166     7.40  0    cut
 654  sn2000cx      Ia-pec     0.5916   2.73   0.2736   0.0151     6.60  0    cut
 655  sn2002ic      Ia-csm     0.6823   2.72   0.2632   0.0155     9.40  0    cut
 656  sn1997dq      Ic-broad   0.7473   2.72   0.2625   0.0212     1.00  1    cut
 657  sn1990B       Ic-norm    0.7189   2.72   0.2583   0.0206     8.90  0    cut
 658  sn2002es      Ia-91bg    0.6620   2.71   0.2406   0.0165     9.00  0    cut
 659  sn1995F       Ic-norm    0.7473   2.69   0.2551   0.0205    35.70  1    cut
 660  sn1995F       Ic-norm    0.7405   2.69   0.2549   0.0204    35.80  1    cut
 661  sn2005ke      Ia-91bg    0.7094   2.68   0.2501   0.0165     6.40  0    cut
 662  sn2004aw      Ic-norm    0.6620   2.67   0.2676   0.0174     0.80  0    cut
 663  sn1999by      Ia-91bg    0.6485   2.66   0.2537   0.0199     5.00  0    cut
 664  kcE           Gal        0.7473   2.65   0.2247   0.0146   -99.90  2    cut
 665  sn2001ay      Ia-norm    0.6959   2.65   0.2650   0.0159     7.80  0    cut
 666  sn1996Z       Ia-norm    0.6593   2.64   0.2646   0.0165     8.10  0    cut
 667  sn2006H       Ia-91bg    0.7243   2.62   0.2534   0.0191     9.60  0    cut
 668  sn2004aw      Ic-norm    0.6634   2.61   0.2631   0.0152     2.60  0    cut
 669  sn2004aw      Ic-norm    0.7229   2.61   0.2591   0.0176     5.30  0    cut
 670  lbv2003hy     LBV        0.6688   2.61   0.2408   0.0138   -99.90  2    cut
 671  sn2000cx      Ia-pec     0.7473   2.61   0.2745   0.0154     4.70  0    cut
 672  sn2005ke      Ia-91bg    0.7148   2.60   0.2499   0.0175     8.40  0    cut
 673  sn1997br      Ia-91T     0.6579   2.60   0.2590   0.0163     7.90  0    cut
 674  sn1984A       Ia-norm    0.5361   2.60   0.2684   0.0188     8.10  0    cut
 675  sn2002dj      Ia-norm    0.6552   2.60   0.2652   0.0168     9.50  0    cut
 676  sn1996bo      Ia-norm    0.6701   2.59   0.2652   0.0157     7.10  0    cut
 677  sn2001N       Ia-norm    0.6647   2.59   0.2643   0.0173     9.40  0    cut
 678  sn2005hk      Ia-pec     0.6173   2.58   0.2414   0.0173     3.60  0    cut
 679  sn1999by      Ia-91bg    0.6498   2.56   0.2538   0.0210     5.90  0    cut
 680  sn2001ay      Ia-norm    0.6755   2.55   0.2669   0.0163     7.20  0    cut
 681  sn1999by      Ia-91bg    0.6498   2.55   0.2538   0.0212     6.90  0    cut
 682  sn1995F       Ic-norm    0.7405   2.55   0.2554   0.0216    56.90  1    cut
 683  sn1998dt      Ib-norm    0.7473   2.53   0.2524   0.0220     7.90  0    cut
 684  sn1995F       Ic-norm    0.7405   2.51   0.2506   0.0223    29.10  1    cut
 685  sn2006bz      Ia-91bg    0.7338   2.51   0.2585   0.0138    -0.30  0    cut
 686  sn1999by      Ia-91bg    0.6485   2.50   0.2544   0.0217     7.90  0    cut
 687  sn1990K       IIL        0.6390   2.50   0.2493   0.0136     0.00  1    cut
 688  sn1999gh      Ia-norm    0.6539   2.50   0.2569   0.0180     8.40  0    cut
 689  sn2004aw      Ic-norm    0.6620   2.50   0.2663   0.0167     1.60  0    cut
 690  lbv2001ac     LBV        0.7473   2.49   0.2065   0.0077   -99.90  2    cut
 691  sn2002ap      Ic-broad   0.7473   2.49   0.2583   0.0193     2.70  0    cut
 692  sn2000cn      Ia-91bg    0.6701   2.48   0.2587   0.0170     8.30  0    cut
 693  sn2000cx      Ia-pec     0.7473   2.47   0.2734   0.0159     5.70  0    cut
 694  sn2006br      Ia-norm    0.6850   2.45   0.2715   0.0161     0.20  0    cut
 695  sn2007ax      Ia-91bg    0.6282   2.45   0.2616   0.0244     1.10  0    cut
 696  sn2001gc      Ia-norm    0.6634   2.45   0.2697   0.0193     7.30  0    cut
 697  sn2004aw      Ic-norm    0.6661   2.43   0.2645   0.0168     1.90  0    cut
 698  sn1983V       Ic-norm    0.6160   2.43   0.2590   0.0196     4.00  0    cut
 699  sn2001ay      Ia-norm    0.6755   2.43   0.2652   0.0170     9.00  0    cut
 700  sn1995F       Ic-norm    0.6607   2.42   0.2591   0.0244    11.00  1    cut
 701  lbv2003hy     LBV        0.6674   2.41   0.2398   0.0115   -99.90  2    cut
 702  sn1999gh      Ia-norm    0.6539   2.38   0.2560   0.0191     9.40  0    cut
 703  sn1991N       Ic-norm    0.7473   2.38   0.0908   0.0229    27.90  1    cut
 704  kcS0          Gal        0.7473   2.37   0.2236   0.0176   -99.90  2    cut
 705  sn1999cl      Ia-norm    0.6539   2.37   0.2614   0.0180     7.60  0    cut
 706  sn1997bq      Ia-norm    0.6607   2.35   0.2629   0.0188     9.20  0    cut
 707  sn2004dt      Ia-norm    0.6959   2.34   0.2699   0.0205     2.00  0    cut
 708  sn2005cc      Ia-pec     0.7189   2.34   0.0627   0.0188     5.60  0    cut
 709  sn2000cx      Ia-pec     0.6485   2.34   0.2733   0.0185     6.60  0    cut
 710  lbv2003hy     LBV        0.6701   2.34   0.2409   0.0184   -99.90  2    cut
 711  sn2004aw      Ic-norm    0.6620   2.33   0.2641   0.0187     3.60  0    cut
 712  sn2008ae      Ia-pec     0.6661   2.32   0.2432   0.0196     2.80  0    cut
 713  sn1991N       Ic-norm    0.7473   2.32   0.2703   0.0291     6.60  1    cut
 714  sn2004dt      Ia-norm    0.6972   2.29   0.2719   0.0212     1.00  0    cut
 715  sn1992ar      Ic-norm    0.6146   2.28   0.2511   0.0183     3.40  0    cut
 716  sn1991N       Ic-norm    0.7473   2.27   0.2691   0.0297     5.70  1    cut
 717  sn2004aw      Ic-norm    0.6661   2.25   0.2644   0.0172     3.10  0    cut
 718  lbv2003hy     LBV        0.6715   2.24   0.2446   0.0159   -99.90  2    cut
 719  sn1997dq      Ic-broad   0.7378   2.24   0.2591   0.0226    27.90  1    cut
 720  sn1997dq      Ic-broad   0.7378   2.24   0.2591   0.0226    27.90  1    cut
 721  sn2008D       Ib-pec     0.6864   2.21   0.2533   0.0213     5.50  0    cut
 722  sn2007ba      Ia-91bg    0.6444   2.21   0.2588   0.0209     6.00  0    cut
 723  sn2008A       Ia-pec     0.7283   2.20   0.0847   0.0288     1.00  0    cut
 724  sn2002ap      Ic-broad   0.5672   2.20   0.2549   0.0220     9.50  0    cut
 725  lbv2003hy     LBV        0.6688   2.20   0.2438   0.0190   -99.90  2    cut
 726  sn2007Y       Ib-norm    0.6823   2.18   0.2391   0.0217     7.90  0    cut
 727  sn2007ax      Ia-91bg    0.6268   2.14   0.2564   0.0545     2.00  0    cut
 728  sn1996bo      Ia-norm    0.6688   2.14   0.2616   0.0187     9.20  0    cut
 729  sn1994D       Ia-norm    0.6092   2.13   0.2577   0.0189     9.60  0    cut
 730  lbv2003hy     LBV        0.6701   2.13   0.2438   0.0195   -99.90  2    cut
 731  lbv2003hy     LBV        0.6688   2.12   0.2457   0.0177   -99.90  2    cut
 732  sn2005cc      Ia-pec     0.6593   2.11   0.2389   0.0194     4.60  0    cut
 733  sn2000cx      Ia-pec     0.5903   2.11   0.2721   0.0182     8.60  0    cut
 734  sn2005cc      Ia-pec     0.6390   2.09   0.0589   0.0185     9.50  0    cut
 735  mstar         M-star     0.7053   2.08   0.2258   0.0173     0.00  2    cut
 736  sn2007if      Ia-pec     0.7473   2.08   0.2470   0.0223     4.70  0    cut
 737  sn2005cs      IIP        0.7107   2.08   0.2416   0.0125     7.10  0    cut
 738  sn2005cs      IIP        0.7094   2.08   0.2387   0.0127     9.70  0    cut
 739  kcSB6         Gal        0.7473   2.07   0.2684   0.0051   -99.90  2    cut
 740  sn1988L       Ib-norm    0.5808   2.05   0.2549   0.0257     0.00  1    cut
 741  sn1994I       Ic-norm    0.6823   2.05   0.2618   0.0215     0.10  0    cut
 742  sn1999dn      Ib-norm    0.6891   2.05   0.2401   0.0244     6.90  1    cut
 743  sn2005cs      IIP        0.7121   2.05   0.2403   0.0126     8.00  0    cut
 744  sn1991ar      Ib-norm    0.5645   2.04   0.2446   0.0117    27.40  1    cut
 745  sn1997dq      Ic-broad   0.6485   2.04   0.2554   0.0255     0.00  1    cut
 746  sn1994I       Ic-norm    0.7473   2.04   0.2600   0.0221     2.60  0    cut
 747  sn2005cs      IIP        0.7121   2.02   0.2394   0.0128     9.00  0    cut
 748  sn2004et      IIP        0.7026   2.00   0.2467   0.0211     8.60  0    cut
 749  sn1997dd      IIb        0.6593   1.99   0.2324   0.0209     3.60  1    cut
 750  sn2000H       IIb        0.6607   1.99   0.2444   0.0236     9.60  0    cut
 751  sn1991N       Ic-norm    0.7473   1.98   0.2701   0.0324     7.60  1    cut
 752  sn1993J       IIb        0.6891   1.98   0.2513   0.0219     1.40  0    cut
 753  sn2008ae      Ia-pec     0.7419   1.97   0.2447   0.0218     0.90  0    cut
 754  sn1995F       Ic-norm    0.6471   1.97   0.2521   0.0292     1.90  1    cut
 755  sn1993J       IIb        0.6945   1.97   0.2465   0.0227     4.60  0    cut
 756  sn1994I       Ic-norm    0.6512   1.97   0.2570   0.0255     3.50  0    cut
 757  sn2007if      Ia-pec     0.7473   1.97   0.2465   0.0218     6.60  0    cut
 758  sn1991A       Ic-norm    0.6065   1.97   0.2521   0.0293     0.00  1    cut
 759  sn1999ex      Ib-norm    0.6458   1.97   0.2456   0.0224     9.30  0    cut
 760  sn2000H       IIb        0.6607   1.96   0.2455   0.0235     7.70  0    cut
 761  sn1995F       Ic-norm    0.6471   1.96   0.2496   0.0285     4.00  1    cut
 762  sn1993J       IIb        0.7229   1.95   0.2399   0.0219     3.70  0    cut
 763  sn1994I       Ic-norm    0.6512   1.95   0.2582   0.0258     2.30  0    cut
 764  sn1996cb      IIb        0.6458   1.95   0.2341   0.0183     0.90  0    cut
 765  lbv2003hy     LBV        0.6674   1.95   0.2400   0.0143   -99.90  2    cut
 766  sn1994I       Ic-norm    0.6498   1.95   0.2589   0.0250     1.30  0    cut
 767  sn2008ae      Ia-pec     0.7432   1.95   0.2435   0.0200     1.90  0    cut
 768  sn1984L       Ib-norm    0.5537   1.94   0.2438   0.0254     8.00  0    cut
 769  sn1984L       Ib-norm    0.5564   1.92   0.2399   0.0255     9.00  0    cut
 770  sn1991N       Ic-norm    0.7473   1.91   0.0911   0.0290    12.00  1    cut
 771  sn1997dq      Ic-broad   0.6498   1.90   0.2563   0.0265    14.90  1    cut
 772  sn1990K       IIL        0.6227   1.90   0.2881   0.0224   147.00  1    cut
 773  sn2008D       Ib-pec     0.6647   1.88   0.2520   0.0231     4.40  0    cut
 774  sn2007if      Ia-pec     0.7473   1.88   0.2481   0.0239     6.10  0    cut
 775  sn1993J       IIb        0.6959   1.88   0.2461   0.0235     3.80  0    cut
 776  sn2004dj      IIP        0.5239   1.87   0.2322   0.0138    46.80  1    cut
 777  sn1990K       IIL        0.5591   1.86   0.2391   0.0282    76.30  1    cut
 778  sn2007if      Ia-pec     0.7135   1.86   0.2482   0.0239     5.60  0    cut
 779  sn1997dq      Ic-broad   0.6498   1.86   0.2558   0.0263    17.90  1    cut
 780  sn1993J       IIb        0.6742   1.85   0.2507   0.0243     3.40  0    cut
 781  sn1997dq      Ic-broad   0.6512   1.84   0.2553   0.0267    21.90  1    cut
 782  sn1997ef      Ic-broad   0.5334   1.83   0.2596   0.0259     6.90  0    cut
 783  sn2004dj      IIP        0.5253   1.83   0.2318   0.0150    48.00  1    cut
 784  sn2004dj      IIP        0.5253   1.81   0.2319   0.0143    50.00  1    cut
 785  sn2004dj      IIP        0.5266   1.81   0.2325   0.0122    50.60  1    cut
 786  sn2002ap      Ic-broad   0.5672   1.80   0.2584   0.0252     6.50  0    cut
 787  sn1997ei      Ic-norm    0.6634   1.80   0.2605   0.0282    10.90  1    cut
 788  sn2005gj      Ia-csm     0.6282   1.80   0.2682   0.0212     7.70  0    cut
 789  sn1993J       IIb        0.6403   1.79   0.2482   0.0260     2.70  0    cut
 790  sn1993J       IIb        0.6620   1.79   0.2457   0.0289     6.60  0    cut
 791  sn1997dq      Ic-broad   0.6512   1.78   0.2560   0.0270    26.90  1    cut
 792  sn1990K       IIL        0.6295   1.77   0.2482   0.0261    55.60  1    cut
 793  sn1993J       IIb        0.7053   1.77   0.2438   0.0250     5.50  0    cut
 794  kcSB3         Gal        0.7473   1.77   0.2694   0.0055   -99.90  2    cut
 795  sn2006aj      Ic-broad   0.5551   1.76   0.2990   0.0276     1.50  0    cut
 796  sn2004dj      IIP        0.5226   1.76   0.2317   0.0155    51.90  1    cut
 797  sn1996cb      IIb        0.6539   1.75   0.2336   0.0190     6.00  0    cut
 798  sn2004et      IIP        0.7067   1.74   0.2473   0.0218     6.20  0    cut
 799  sn2000H       IIb        0.6607   1.74   0.2444   0.0266     6.70  0    cut
 800  sn1998S       IIn        0.6431   1.74   0.7627   0.0134     2.70  0    cut
 801  mstar         M-star     0.7040   1.74   0.2260   0.0185     1.00  2    cut
 802  sn1998dt      Ib-norm    0.6620   1.73   0.2465   0.0243     3.90  0    cut
 803  kcSB1         Gal        0.7473   1.73   0.3177   0.0114   -99.90  2    cut
 804  sn2005cc      Ia-pec     0.7189   1.72   0.0653   0.0303     3.60  0    cut
 805  sn2007if      Ia-pec     0.7121   1.72   0.2478   0.0234     7.40  0    cut
 806  sn1990K       IIL        0.6065   1.72   0.2469   0.0286    53.30  1    cut
 807  kcSB5         Gal        0.7473   1.72   0.2686   0.0054   -99.90  2    cut
 808  sn1998S       IIn        0.5808   1.72   0.2426   0.0100     1.90  0    cut
 809  sn1997dd      IIb        0.6607   1.71   0.2308   0.0251    16.40  1    cut
 810  sn1997dq      Ic-broad   0.7473   1.70   0.2572   0.0264    81.70  1    cut
 811  sn1990K       IIL        0.5659   1.69   0.2669   0.0091   201.60  1    cut
 812  sn1980K       IIL        0.5185   1.69   0.2533   0.0284     9.00  0    cut
 813  sn2005cc      Ia-pec     0.7202   1.67   0.0688   0.0325     2.60  0    cut
 814  sn2007if      Ia-pec     0.7473   1.66   0.0748   0.0263     9.40  0    cut
 815  sn1991N       Ic-norm    0.7473   1.64   0.2629   0.0382     0.00  1    cut
 816  sn2000H       IIb        0.6918   1.63   0.2527   0.0269     8.40  0    cut
 817  sn2007if      Ia-pec     0.6986   1.63   0.0744   0.0297     9.40  0    cut
 818  sn2004dj      IIP        0.5023   1.63   0.2332   0.0130    20.00  1    cut
 819  sn2002ap      Ic-broad   0.6485   1.62   0.2613   0.0370     6.60  0    cut
 820  sn1996cb      IIb        0.6525   1.62   0.2341   0.0201     5.00  0    cut
 821  sn2004dj      IIP        0.5023   1.62   0.2337   0.0131    17.00  1    cut
 822  sn2004dj      IIP        0.5023   1.61   0.2322   0.0139    36.00  1    cut
 823  lbv1999bw     LBV        0.6498   1.61   0.2681   0.0053   -99.90  2    cut
 824  sn2002ap      Ic-broad   0.6485   1.60   0.2639   0.0362     5.60  0    cut
 825  kcSB2         Gal        0.7473   1.60   0.3173   0.0114   -99.90  2    cut
 826  lbv1999bw     LBV        0.6011   1.60   0.2691   0.0070   -99.90  2    cut
 827  mstar         M-star     0.7080   1.59   0.2256   0.0178     2.00  2    cut
 828  sn2002ap      Ic-broad   0.7392   1.58   0.2575   0.0251     4.70  0    cut
 829  sn2004dj      IIP        0.5023   1.57   0.2339   0.0138    18.00  1    cut
 830  mstar         M-star     0.7053   1.57   0.4285   0.0202     4.00  2    cut
 831  sn2002ap      Ic-broad   0.6485   1.56   0.2629   0.0375     4.60  0    cut
 832  sn1998dt      Ib-norm    0.6620   1.56   0.2405   0.0276     6.90  0    cut
 833  sn1980K       IIL        0.5280   1.55   0.2518   0.0137     7.00  0    cut
 834  sn1999em      IIP        0.6471   1.54   0.2495   0.0226     9.40  0    cut
 835  sn1996cb      IIb        0.6498   1.54   0.2330   0.0197     7.00  0    cut
 836  sn1987A       II-pec     0.5713   1.53   0.2438   0.0512     3.30  0    cut
 837  sn2008D       Ib-pec     0.6485   1.52   0.2447   0.0293     9.50  0    cut
 838  mstar         M-star     0.7080   1.51   0.2251   0.0172     3.00  2    cut
 839  sn1990K       IIL        0.6444   1.50   0.2662   0.0101   174.70  1    cut
 840  sn1997dq      Ic-broad   0.6539   1.50   0.2575   0.0346    54.80  1    cut
 841  sn1990K       IIL        0.6038   1.49   0.2660   0.0106   202.50  1    cut
 842  sn1999em      IIP        0.7473   1.48   0.2507   0.0247     6.20  0    cut
 843  lbv2001ac     LBV        0.6512   1.48   0.2689   0.0069   -99.90  2    cut
 844  sn2004et      IIP        0.7094   1.48   0.2489   0.0245     4.00  0    cut
 845  sn1998S       IIn        0.6390   1.47   0.7633   0.0136     1.80  0    cut
 846  sn1990K       IIL        0.6282   1.46   0.2653   0.0112   174.70  1    cut
 847  sn2002ap      Ic-broad   0.6485   1.46   0.2652   0.0396     3.60  0    cut
 848  mstar         M-star     0.7067   1.46   0.2235   0.0186     5.00  2    cut
 849  sn1999em      IIP        0.6986   1.46   0.0105   0.0291     0.40  0    cut
 850  lbv2003hy     LBV        0.6688   1.46   0.1998   0.0139   -99.90  2    cut
 851  sn1998dt      Ib-norm    0.6620   1.45   0.2636   0.0305     0.90  0    cut
 852  sn1998dt      Ib-norm    0.6620   1.42   0.2607   0.0296     0.00  0    cut
 853  sn1990aa      Ic-norm    0.6146   1.42   0.2522   0.0345     0.00  1    cut
 854  sn1995F       Ic-norm    0.7135   1.42   0.2610   0.0259    88.80  1    cut
 855  sn1999dn      Ib-norm    0.6620   1.41   0.2352   0.0313     0.00  1    cut
 856  sn1996L       IIn        0.6092   1.40   0.0115   0.0167     8.40  0    cut
 857  sn1990B       Ic-norm    0.4319   1.40   0.3574   0.0225     5.00  0    cut
 858  sn2005cs      IIP        0.7107   1.40   0.2439   0.0156     5.00  0    cut
 859  sn1990B       Ic-norm    0.4346   1.40   0.3538   0.0229     6.00  0    cut
 860  sn1991ar      Ib-norm    0.4860   1.39   0.4839   0.0129    15.80  1    cut
 861  sn1990B       Ic-norm    0.4346   1.39   0.3546   0.0217     5.90  0    cut
 862  sn1997cy      IIn        0.7473   1.38   0.2667   0.0085   377.70  1    cut
 863  sn1990K       IIL        0.5876   1.37   0.2663   0.0148   160.90  1    cut
 864  sn2007Y       Ib-norm    0.6187   1.36   0.2326   0.0284     4.90  0    cut
 865  sn2005cs      IIP        0.7121   1.36   0.0100   0.0260     2.10  0    cut
 866  sn1999di      Ib-norm    0.5889   1.34   0.2307   0.0231     0.00  1    cut
 867  sn1999em      IIP        0.7473   1.34   0.0090   0.0295     0.20  0    cut
 868  sn2005cs      IIP        0.7053   1.33   0.0088   0.0326     0.80  0    cut
 869  mstar         M-star     0.7067   1.33   0.2656   0.0147    10.00  2    cut
 870  sn2004dj      IIP        0.5740   1.33   0.2354   0.0091    89.80  1    cut
 871  sn2006bp      IIP        0.5415   1.33  -0.0024   0.0323     0.10  0    cut
 872  sn2005cs      IIP        0.7121   1.33   0.0096   0.0240     3.10  0    cut
 873  sn1998T       Ib-norm    0.5050   1.32   0.4853   0.0132     0.00  1    cut
 874  sn1999em      IIP        0.6485   1.32   0.2527   0.0205     6.40  0    cut
 875  sn1991A       Ic-norm    0.5456   1.32   0.2432   0.0327    10.90  1    cut
 876  kcSc          Gal        0.7473   1.32   0.2046   0.0072   -99.90  2    cut
 877  sn2006bp      IIP        0.6783   1.31   0.2596   0.0209     7.20  0    cut
 878  sn1999em      IIP        0.6959   1.30   0.0113   0.0300     1.40  0    cut
 879  sn1987A       II-pec     0.5754   1.29   0.2413   0.0525     9.30  0    cut
 880  sn1996cb      IIb        0.6322   1.29   0.2343   0.0205     7.90  0    cut
 881  sn1987A       II-pec     0.6255   1.27   0.2422   0.0341     8.00  0    cut
 882  sn1987A       II-pec     0.6282   1.26   0.2421   0.0348     3.10  0    cut
 883  sn2005cs      IIP        0.7107   1.26   0.0095   0.0331     1.00  0    cut
 884  sn1998S       IIn        0.6376   1.25   0.7629   0.0164     0.90  0    cut
 885  sn1990aa      Ic-norm    0.6133   1.25   0.2761   0.0340   116.10  1    cut
 886  sn1998bw      Ic-broad   0.7473   1.23   0.3418   0.0345     7.80  0    cut
 887  sn2005cs      IIP        0.7107   1.23   0.0015   0.0364     0.10  0    cut
 888  lbv2003hy     LBV        0.6674   1.23   0.2031   0.0080   -99.90  2    cut
 889  sn2005cs      IIP        0.7067   1.23   0.0009   0.0359    -0.20  0    cut
 890  mstar         M-star     0.7067   1.23   0.2167   0.0429     7.00  2    cut
 891  sn1998bw      Ic-broad   0.7473   1.23   0.4627   0.0310     8.70  0    cut
 892  sn2004dj      IIP        0.5009   1.22   0.3163   0.0144     0.00  1    cut
 893  sn1999em      IIP        0.7243   1.22   0.0118   0.0304     2.40  0    cut
 894  mstar         M-star     0.7053   1.22   0.6233   0.0175     6.00  2    cut
 895  kcSB4         Gal        0.7473   1.22   0.2039   0.0068   -99.90  2    cut
 896  sn1987A       II-pec     0.5740   1.22   0.2415   0.0559     1.30  0    cut
 897  sn2004dj      IIP        0.5023   1.22   0.3151   0.0147     2.70  1    cut
 898  sn1999di      Ib-norm    0.5876   1.20   0.4784   0.0111    23.60  1    cut
 899  mstar         M-star     0.7067   1.20   0.6893   0.0094     8.00  2    cut
 900  sn2004dj      IIP        0.4996   1.19   0.3144   0.0142     8.00  1    cut
 901  sn1988L       Ib-norm    0.5320   1.19   0.2597   0.0286    47.70  1    cut
 902  sn2004et      IIP        0.6972   1.18   0.2504   0.0248     2.00  0    cut
 903  sn1990K       IIL        0.6566   1.16   0.2633   0.0332   119.10  1    cut
 904  sn1999dn      Ib-norm    0.5821   1.16   0.4768   0.0129    27.70  1    cut
 905  sn2004dj      IIP        0.5009   1.16   0.3152   0.0145     5.00  1    cut
 906  agn           AGN        0.7473   1.15   0.2677   0.0081   -99.90  2    cut
 907  sn2005cs      IIP        0.7094   1.15   0.0092   0.0269     4.00  0    cut
 908  sn1997cy      IIn        0.7473   1.15   0.2698   0.0113   116.80  1    cut
 909  sn1991A       Ic-norm    0.5564   1.14   0.2693   0.0323    61.40  1    cut
 910  sn2005cs      IIP        0.6904   1.14   0.0095   0.0240     3.80  0    cut
 911  sn1999em      IIP        0.7067   1.14   0.2516   0.0234     5.40  0    cut
 912  sn1997cy      IIn        0.7365   1.13   0.2691   0.0101   174.50  1    cut
 913  sn1997cy      IIn        0.7473   1.12   0.1160   0.0324     0.00  1    cut
 914  sn1991ar      Ib-norm    0.5348   1.11   0.2416   0.0465     0.00  1    cut
 915  sn1991A       Ic-norm    0.6092   1.10   0.2704   0.0431    32.60  1    cut
 916  sn2004et      IIP        0.7026   1.09   0.0120   0.0315     1.00  0    cut
 917  sn1997cy      IIn        0.7473   1.09   0.2684   0.0237    57.20  1    cut
 918  sn2002ap      Ic-broad   0.6485   1.07   0.2665   0.0567     0.60  0    cut
 919  sn1997dc      Ib-norm    0.5835   1.07   0.3673   0.0196     0.00  1    cut
 920  sn1997ei      Ic-norm    0.5050   1.06   0.7633   0.0331     0.00  1    cut
 921  sn1991A       Ic-norm    0.5578   1.06   0.2648   0.0301    47.50  1    cut
 922  sn2006bp      IIP        0.5537   1.05   0.2586   0.0299     8.10  0    cut
 923  sn1997cy      IIn        0.7473   1.04   0.3057   0.0106   125.30  1    cut
 924  sn1983N       Ib-norm    0.5117   1.03   0.2392   0.0301     4.00  0    cut
 925  sn1990aa      Ic-norm    0.6133   1.03   0.2672   0.0229    61.50  1    cut
 926  sn2005cs      IIP        0.5496   1.02  -0.0094   0.0000     0.80  0    cut
 927  sn1990B       Ic-norm    0.4346   1.02   0.3509   0.0395     7.00  0    cut
 928  sn1997dq      Ic-broad   0.6566   1.01   0.2693   0.0628   222.20  1    cut
 929  mstar         M-star     0.7053   1.00   0.5393   0.0083     9.00  2    cut
 930  sn1999di      Ib-norm    0.4711   1.00   0.3702   0.0214    30.50  1    cut
 931  sn1997cy      IIn        0.7473   1.00   0.3160   0.0105   196.10  1    cut
 932  sn1990B       Ic-norm    0.4860   1.00   0.2338   0.0375     4.00  0    cut
 933  sn1997cy      IIn        0.7473   0.98   0.2700   0.0268    71.30  1    cut
 934  sn1999em      IIP        0.5754   0.98   0.2517   0.0350     6.60  0    cut
 935  sn2006bp      IIP        0.6539   0.97   0.2629   0.0227     4.20  0    cut
 936  sn2006bp      IIP        0.5524   0.96  -0.0015   0.0376     2.10  0    cut
 937  sn1999em      IIP        0.5659   0.95   0.3292   0.0256     5.60  0    cut
 938  sn1991A       Ic-norm    0.5090   0.94   0.5167   0.0227    16.80  1    cut
 939  sn1991A       Ic-norm    0.5456   0.92   0.3740   0.0184    65.10  1    cut
 940  sn1991A       Ic-norm    0.4833   0.92   0.2727   0.0514   128.30  1    cut
 941  sn2002ap      Ic-broad   0.5659   0.89   0.2687   0.0364     1.50  0    cut
 942  sn1997dq      Ic-broad   0.4549   0.87   0.0960   0.0276    42.80  1    cut
 943  sn1997cy      IIn        0.7473   0.84  -0.0106   0.0462    29.40  1    cut
 944  sn1990K       IIL        0.6119   0.84   0.3105   0.0450   136.10  1    cut
 945  sn1991N       Ic-norm    0.7473   0.83   0.2968   0.0505   250.20  1    cut
 946  sn1997cy      IIn        0.7473   0.81   0.2719   0.0387    14.10  1    cut
 947  sn2006bp      IIP        0.6539   0.80   0.1526   0.0263     3.30  0    cut
 948  sn1990K       IIL        0.4616   0.80   0.2466   0.0469    50.50  1    cut
 949  sn1991N       Ic-norm    0.5970   0.79   0.2890   0.0457   276.10  1    cut
 950  sn1990K       IIL        0.5320   0.68   0.2609   0.0502   139.00  1    cut
 951  sn1997cy      IIn        0.7473   0.60   0.4077   0.0729   226.10  1    cut
