### SNID output file ###
 
### input spectrum and options ###
# Input spectrum                 : 13894_10.40.dat
# Parameter file                 : NA
# Wavelength range               :    4000.00   9000.00
# Mask file                      : NA
# Median filtering width [A]     : NA
# Median filtering width [pix]   :       1.00
# Clip emission redshift         :     0.1197
# Clip sky lines                 : 0
# Emission clip width [A]        :       0.12
# Keep A-band                    : 1
# Age range                      :       5.40     15.40
# Delta range                    :      -9.99     99.90
# Min. number of spectra/template:   1
# Use only templates             : NA
# Use only types                 : NA
# Avoid templates                : NA
# Avoid types                    : NA
# rlapmin                        :      10.00
# Redshift range                 :    -0.0100    1.2000
# Forced initial redshift        :     0.1197
# Extra fake redshift            : NA
# Nsigma for initial redshift    : NA
# Redshift filter                :     0.0200
# Wavenumbers k1,k2,k3,k4        :     1    4   85  102
# Template directory             : /home/djperrefort/snid-5.0/templates-2.0/
 
### initial/user-input redshift ###
zinit       0.0000
zuser       0.1197
 
### median redshift/age and error ###
zmed        0.1261    0.0019
agem          9.20      1.23
 
### type fraction/redshift/age ###
#type ntemp fraction slope redshift redshift_error age age_error
Ia             41      1.00    0.0000    0.1261    0.0019     9.200     1.231
Ia-norm        27      0.66    0.0292    0.1270    0.0017     9.100     1.162
Ia-91T          9      0.22   -0.0201    0.1255    0.0023     8.600     1.565
Ia-91bg         0      0.00    0.0000    0.0000    0.0000     0.000     0.000
Ia-csm          1      0.02    0.0000    0.1235    0.0000     9.400     0.000
Ia-pec          4      0.10   -0.0088    0.1261    0.0006     9.700     1.253
###
Ib              0      0.00    0.0000    0.0000    0.0000     0.000     0.000
Ib-norm         0      0.00    0.0000    0.0000    0.0000     0.000     0.000
Ib-pec          0      0.00    0.0000    0.0000    0.0000     0.000     0.000
IIb             0      0.00    0.0000    0.0000    0.0000     0.000     0.000
###
Ic              0      0.00    0.0000    0.0000    0.0000     0.000     0.000
Ic-norm         0      0.00    0.0000    0.0000    0.0000     0.000     0.000
Ic-pec          0      0.00    0.0000    0.0000    0.0000     0.000     0.000
Ic-broad        0      0.00    0.0000    0.0000    0.0000     0.000     0.000
###
II              0      0.00    0.0000    0.0000    0.0000     0.000     0.000
IIP             0      0.00    0.0000    0.0000    0.0000     0.000     0.000
II-pec          0      0.00    0.0000    0.0000    0.0000     0.000     0.000
IIn             0      0.00    0.0000    0.0000    0.0000     0.000     0.000
IIL             0      0.00    0.0000    0.0000    0.0000     0.000     0.000
###
NotSN           0      0.00    0.0000    0.0000    0.0000     0.000     0.000
AGN             0      0.00    0.0000    0.0000    0.0000     0.000     0.000
Gal             0      0.00    0.0000    0.0000    0.0000     0.000     0.000
LBV             0      0.00    0.0000    0.0000    0.0000     0.000     0.000
M-star          0      0.00    0.0000    0.0000    0.0000     0.000     0.000
 
### rlap-ordered template listings ###
#no. sn type lap rlap z zerr age age_flag grade
   1  sn2008Z       Ia-norm    0.7013  24.32   0.1280   0.0021    10.30  0   good
   2  sn1994ae      Ia-norm    0.6593  16.43   0.1252   0.0032     9.90  0   good
   3  sn1999ef      Ia-norm    0.6959  16.17   0.1276   0.0032     7.70  0   good
   4  sn2006cj      Ia-norm    0.6566  16.11   0.1273   0.0033    11.00  0   good
   5  sn1994ae      Ia-norm    0.6607  15.67   0.1258   0.0033     9.00  0   good
   6  sn2003du      Ia-norm    0.6877  14.44   0.1250   0.0035     8.80  0   good
   7  sn2003du      Ia-norm    0.8069  14.00   0.1247   0.0036     9.80  0   good
   8  sn2006cj      Ia-norm    0.6552  13.99   0.1272   0.0036     9.10  0   good
   9  sn2007S       Ia-91T     0.7040  13.87   0.1275   0.0040     8.10  0   good
  10  sn2003fa      Ia-91T     0.6986  13.78   0.1248   0.0037    10.70  0   good
  11  sn2007ca      Ia-norm    0.7040  13.58   0.1249   0.0039    11.40  0   good
  12  sn2008bf      Ia-norm    0.6986  13.56   0.1282   0.0038    10.40  0   good
  13  sn2005M       Ia-91T     0.6945  13.43   0.1206   0.0041    10.00  0   good
  14  sn1994ae      Ia-norm    0.6607  12.54   0.1264   0.0041     7.90  0   good
  15  sn2007ca      Ia-norm    0.7013  12.47   0.1261   0.0041     9.40  0   good
  16  sn1995D       Ia-norm    0.6661  12.47   0.1255   0.0041     9.50  0   good
  17  sn1999ef      Ia-norm    0.6972  12.13   0.1282   0.0041     6.70  0   good
  18  sn2007bd      Ia-norm    0.6904  11.64   0.1287   0.0046     8.40  0   good
  19  sn2006al      Ia-norm    0.6485  11.64   0.1259   0.0043     9.10  0   good
  20  sn2003fa      Ia-91T     0.6972  11.64   0.1241   0.0044    11.60  0   good
  21  sn2005eu      Ia-norm    0.6864  11.59   0.1274   0.0044    10.30  0   good
  22  sn2005hj      Ia-91T     0.5144  11.52   0.1255   0.0037     9.90  0   good
  23  sn2006gz      Ia-pec     0.6945  11.38   0.1260   0.0039    10.20  0   good
  24  sn2002de      Ia-norm    0.7026  11.34   0.1278   0.0045     8.50  0   good
  25  sn2006gz      Ia-pec     0.6945  11.16   0.1262   0.0040     9.20  0   good
  26  sn2007kk      Ia-norm    0.6837  11.15   0.1304   0.0049     8.80  0   good
  27  sn2006N       Ia-norm    0.7067  11.09   0.1249   0.0046     8.50  0   good
  28  sn2002ic      Ia-csm     0.8028  10.99   0.1235   0.0047     9.40  0   good
  29  sn1997br      Ia-91T     0.8069  10.96   0.1271   0.0050     7.20  0   good
  30  sn1998ab      Ia-91T     0.6593  10.94   0.1235   0.0052     7.70  0   good
  31  sn1999ef      Ia-norm    0.6986  10.73   0.1270   0.0048     9.60  0   good
  32  sn2003hu      Ia-91T     0.6674  10.71   0.1260   0.0050     7.50  0   good
  33  sn2006le      Ia-norm    0.7053  10.54   0.1283   0.0049     8.90  0   good
  34  sn2001eh      Ia-91T     0.8042  10.53   0.1275   0.0048     8.60  0   good
  35  sn2006N       Ia-norm    0.7013  10.49   0.1256   0.0048     7.50  0   good
  36  sn2006gz      Ia-pec     0.6945  10.48   0.1267   0.0042     8.20  0   good
  37  sn2003du      Ia-norm    0.6877  10.15   0.1253   0.0048     7.90  0   good
  38  sn2007kk      Ia-norm    0.6837  10.12   0.1305   0.0054     9.80  0   good
  39  sn2006gz      Ia-pec     0.6972  10.10   0.1254   0.0045    11.10  0   good
  40  sn2003cg      Ia-norm    0.7933  10.09   0.1236   0.0051     9.20  0   good
  41  sn2008bf      Ia-norm    0.6945  10.05   0.1278   0.0050    11.40  0   good
#--- rlap cutoff
  42  sn2005cf      Ia-norm    0.8069   9.99   0.1224   0.0050     9.40  0    cut
  43  sn2006gz      Ia-pec     0.6485   9.96   0.1267   0.0044     8.20  0    cut
  44  sn2003fa      Ia-91T     0.6986   9.93   0.1256   0.0048     8.70  0    cut
  45  sn2003hu      Ia-91T     0.6674   9.86   0.1255   0.0057     8.40  0    cut
  46  sn2000E       Ia-norm    0.6891   9.75   0.1253   0.0054     7.50  0    cut
  47  sn2008Z       Ia-norm    0.6999   9.62   0.1268   0.0053    12.30  0    cut
  48  sn1996X       Ia-norm    0.8069   9.57   0.1258   0.0051     7.10  0    cut
  49  sn1999aa      Ia-91T     0.7256   9.55   0.1266   0.0054     6.70  0    cut
  50  sn2005eu      Ia-norm    0.6877   9.49   0.1277   0.0052     8.30  0    cut
  51  sn2007qe      Ia-norm    0.6972   9.45   0.1323   0.0057     9.00  0    cut
  52  sn2006le      Ia-norm    0.7040   9.42   0.1288   0.0054     7.90  0    cut
  53  sn2006gr      Ia-norm    0.6877   9.40   0.1299   0.0055     9.40  0    cut
  54  sn2007qe      Ia-norm    0.6945   9.39   0.1332   0.0058     8.00  0    cut
  55  sn2006cp      Ia-norm    0.6959   9.32   0.1287   0.0058     9.30  0    cut
  56  sn2002ic      Ia-csm     0.8069   9.30   0.1250   0.0054     5.60  0    cut
  57  sn2006N       Ia-norm    0.6999   9.18   0.1261   0.0054     6.50  0    cut
  58  sn2006al      Ia-norm    0.6539   9.16   0.1261   0.0054     6.30  0    cut
  59  sn2006cj      Ia-norm    0.6566   9.14   0.1271   0.0052     8.20  0    cut
  60  sn2007le      Ia-norm    0.7121   9.03   0.1307   0.0058     7.40  0    cut
  61  sn2006cp      Ia-norm    0.6959   8.95   0.1298   0.0061     7.30  0    cut
  62  sn2002jy      Ia-norm    0.6972   8.94   0.1262   0.0055     9.90  0    cut
  63  sn2007le      Ia-norm    0.7121   8.93   0.1298   0.0059     8.40  0    cut
  64  sn1999ac      Ia-91T     0.8069   8.92   0.1231   0.0061     8.80  0    cut
  65  sn2006gz      Ia-pec     0.6972   8.87   0.1270   0.0048     7.30  0    cut
  66  sn1996C       Ia-norm    0.8069   8.83   0.1254   0.0055     7.80  0    cut
  67  sn2002dj      Ia-norm    0.8069   8.82   0.1301   0.0062     8.00  0    cut
  68  sn2004bg      Ia-norm    0.6931   8.81   0.1234   0.0057    10.50  0    cut
  69  sn2008Z       Ia-norm    0.6986   8.76   0.1290   0.0054     7.60  0    cut
  70  sn1994D       Ia-norm    0.7297   8.68   0.1225   0.0059     9.60  0    cut
  71  sn1994ae      Ia-norm    0.8069   8.67   0.1267   0.0057     8.00  0    cut
  72  sn2003hu      Ia-91T     0.6255   8.61   0.1241   0.0066    10.30  0    cut
  73  sn2001V       Ia-91T     0.6999   8.48   0.1273   0.0061     9.50  0    cut
  74  sn1999ac      Ia-91T     0.8042   8.45   0.1243   0.0064     7.80  0    cut
  75  sn2007ca      Ia-norm    0.7067   8.34   0.1238   0.0061    13.30  0    cut
  76  sn2002fk      Ia-norm    0.6999   8.33   0.1226   0.0058     9.40  0    cut
  77  sn1999gp      Ia-91T     0.6972   8.33   0.1310   0.0066     6.90  0    cut
  78  sn1995D       Ia-norm    0.6661   8.19   0.1263   0.0060     7.50  0    cut
  79  sn1995D       Ia-norm    0.6661   8.19   0.1249   0.0061    11.50  0    cut
  80  sn2007fb      Ia-norm    0.7026   8.15   0.1247   0.0060    10.60  0    cut
  81  sn2006le      Ia-norm    0.7040   8.13   0.1295   0.0062     6.90  0    cut
  82  sn2008bf      Ia-norm    0.6945   8.12   0.1294   0.0059     7.50  0    cut
  83  sn1999ee      Ia-norm    0.8069   8.08   0.1263   0.0067    10.60  0    cut
  84  sn2005hc      Ia-norm    0.6755   8.07   0.1279   0.0061     6.30  0    cut
  85  sn1998bu      Ia-norm    0.6999   8.06   0.1245   0.0062     9.40  0    cut
  86  sn1992A       Ia-norm    0.8001   8.05   0.1347   0.0064     5.90  0    cut
  87  sn2006ac      Ia-norm    0.6945   8.02   0.1295   0.0066     7.10  0    cut
  88  sn1998dm      Ia-norm    0.7013   7.98   0.1259   0.0062     9.50  0    cut
  89  sn2002er      Ia-norm    0.8069   7.95   0.1192   0.0067     8.80  0    cut
  90  sn1998dx      Ia-norm    0.6904   7.86   0.1263   0.0063     7.80  0    cut
  91  sn2006ac      Ia-norm    0.6986   7.86   0.1278   0.0068     9.00  0    cut
  92  sn2007kk      Ia-norm    0.6837   7.85   0.1323   0.0068     5.90  0    cut
  93  sn2003hv      Ia-norm    0.8042   7.83   0.1236   0.0062     8.20  0    cut
  94  sn2007le      Ia-norm    0.7121   7.82   0.1290   0.0067     9.50  0    cut
  95  sn1998bu      Ia-norm    0.6999   7.82   0.1252   0.0063     8.40  0    cut
  96  sn2006le      Ia-norm    0.7040   7.80   0.1271   0.0065    10.80  0    cut
  97  sn1992A       Ia-norm    0.8001   7.79   0.1344   0.0065     5.50  0    cut
  98  sn2007co      Ia-norm    0.6931   7.77   0.1281   0.0066     7.50  0    cut
  99  sn2007qe      Ia-norm    0.6959   7.74   0.1309   0.0069    10.90  0    cut
 100  sn2007co      Ia-norm    0.6959   7.72   0.1275   0.0067     8.60  0    cut
 101  sn1991T       Ia-91T     0.7378   7.70   0.1245   0.0068     9.50  0    cut
 102  sn2003kf      Ia-norm    0.6931   7.69   0.1274   0.0063     8.50  0    cut
 103  sn2001fe      Ia-norm    0.6999   7.69   0.1289   0.0061     6.20  0    cut
 104  sn2005kc      Ia-norm    0.7040   7.66   0.1236   0.0061     6.70  0    cut
 105  sn2003ic      Ia-norm    0.6837   7.65   0.1289   0.0066     7.20  0    cut
 106  sn1999X       Ia-norm    0.6972   7.64   0.1237   0.0064    12.00  0    cut
 107  sn2001V       Ia-91T     0.6999   7.53   0.1270   0.0067    10.50  0    cut
 108  sn2003cg      Ia-norm    0.7013   7.52   0.1248   0.0067     8.80  0    cut
 109  sn2006cp      Ia-norm    0.6945   7.51   0.1311   0.0071     6.30  0    cut
 110  sn2007cg      Ia-norm    0.6512   7.49   0.1322   0.0071     7.50  0    cut
 111  sn2007le      Ia-norm    0.7107   7.49   0.1315   0.0068     5.40  0    cut
 112  sn2007S       Ia-91T     0.7067   7.48   0.1250   0.0069    12.10  0    cut
 113  sn2007kk      Ia-norm    0.6728   7.46   0.1323   0.0068     7.90  0    cut
 114  sn2007S       Ia-91T     0.7080   7.46   0.1283   0.0071     6.20  0    cut
 115  sn1992A       Ia-norm    0.7608   7.44   0.1318   0.0069     8.20  0    cut
 116  sn2006ac      Ia-norm    0.6986   7.43   0.1304   0.0070     6.20  0    cut
 117  sn2007cg      Ia-norm    0.6539   7.41   0.1336   0.0075     6.50  0    cut
 118  sn1998bu      Ia-norm    0.6999   7.40   0.1239   0.0068    10.40  0    cut
 119  sn2007bm      Ia-norm    0.7121   7.38   0.1229   0.0065     6.60  0    cut
 120  sn2002ha      Ia-norm    0.7013   7.38   0.1240   0.0065     9.60  0    cut
 121  sn2001bf      Ia-norm    0.8069   7.36   0.1212   0.0063     8.70  0    cut
 122  sn2003cg      Ia-norm    0.6999   7.32   0.1242   0.0069     9.80  0    cut
 123  sn2003du      Ia-norm    0.8069   7.32   0.1221   0.0067    12.70  0    cut
 124  sn2003cg      Ia-norm    0.7013   7.29   0.1254   0.0068     7.70  0    cut
 125  sn1989B       Ia-norm    0.6200   7.28   0.1224   0.0066     8.60  0    cut
 126  sn2003it      Ia-norm    0.6972   7.27   0.1271   0.0068     8.50  0    cut
 127  sn1989B       Ia-norm    0.6200   7.24   0.1235   0.0067     6.60  0    cut
 128  sn2003kf      Ia-norm    0.6931   7.24   0.1263   0.0068    10.40  0    cut
 129  sn2008C       Ia-norm    0.7013   7.24   0.1255   0.0071     8.30  0    cut
 130  sn2002dj      Ia-norm    0.8069   7.23   0.1292   0.0075     9.30  0    cut
 131  sn2008C       Ia-norm    0.8069   7.23   0.1240   0.0070    10.30  0    cut
 132  sn1995E       Ia-norm    0.8069   7.22   0.1238   0.0068     8.90  0    cut
 133  sn1998ab      Ia-91T     0.5957   7.22   0.1244   0.0074     6.70  0    cut
 134  sn2001ck      Ia-norm    0.8069   7.16   0.1275   0.0066     5.80  0    cut
 135  sn1999ac      Ia-91T     0.8069   7.10   0.1187   0.0075    11.80  0    cut
 136  sn2003du      Ia-norm    0.6837   7.09   0.1254   0.0066     6.90  0    cut
 137  sn2005cf      Ia-norm    0.8069   7.08   0.1207   0.0069    12.10  0    cut
 138  sn2005ls      Ia-norm    0.6986   7.08   0.1268   0.0071    10.80  0    cut
 139  sn2002fk      Ia-norm    0.6999   7.08   0.1233   0.0067     8.30  0    cut
 140  sn1998dm      Ia-norm    0.7013   7.07   0.1242   0.0070    12.40  0    cut
 141  sn1999ee      Ia-norm    0.8069   7.07   0.1296   0.0079     6.70  0    cut
 142  sn1999ek      Ia-norm    0.6999   7.05   0.1215   0.0069     9.20  0    cut
 143  sn2003it      Ia-norm    0.6959   7.04   0.1260   0.0069     9.50  0    cut
 144  sn2007le      Ia-norm    0.7121   7.03   0.1280   0.0074    10.40  0    cut
 145  sn2006lf      Ia-norm    0.6877   7.02   0.1235   0.0070     9.30  0    cut
 146  sn2007cg      Ia-norm    0.6539   6.96   0.1341   0.0079     5.50  0    cut
 147  sn2001G       Ia-norm    0.6999   6.96   0.1270   0.0070    11.60  0    cut
 148  sn2005kc      Ia-norm    0.7026   6.95   0.1223   0.0068     9.80  0    cut
 149  sn2007co      Ia-norm    0.6945   6.94   0.1285   0.0074     6.60  0    cut
 150  sn2006gz      Ia-pec     0.6471   6.92   0.1279   0.0060     6.20  0    cut
 151  sn2006et      Ia-norm    0.6986   6.92   0.1274   0.0078     6.30  0    cut
 152  sn1996X       Ia-norm    0.7080   6.90   0.1254   0.0069     8.10  0    cut
 153  sn1995al      Ia-norm    0.7121   6.88   0.1316   0.0077     8.40  0    cut
 154  sn2003cg      Ia-norm    0.6986   6.88   0.1262   0.0070     6.80  0    cut
 155  sn2007nq      Ia-norm    0.6783   6.87   0.1275   0.0071     6.30  0    cut
 156  sn2001el      Ia-norm    0.8069   6.86   0.1291   0.0073     9.10  0    cut
 157  sn2001fh      Ia-norm    0.6959   6.82   0.1215   0.0073     7.20  0    cut
 158  sn1999dq      Ia-91T     0.6986   6.81   0.1280   0.0072     5.40  0    cut
 159  sn2006N       Ia-norm    0.7053   6.79   0.1266   0.0070     5.60  0    cut
 160  sn2008af      Ia-norm    0.6918   6.79   0.1303   0.0075     5.90  0    cut
 161  sn1999X       Ia-norm    0.6986   6.77   0.1235   0.0071    13.10  0    cut
 162  sn2003cg      Ia-norm    0.8001   6.75   0.1235   0.0075    11.00  0    cut
 163  sn2005am      Ia-norm    0.7094   6.74   0.1273   0.0073     7.90  0    cut
 164  sn2001E       Ia-norm    0.6959   6.74   0.1365   0.0081     7.70  0    cut
 165  sn2001V       Ia-91T     0.6999   6.73   0.1261   0.0076    11.30  0    cut
 166  sn2000fa      Ia-norm    0.6972   6.72   0.1288   0.0074     9.10  0    cut
 167  sn2007af      Ia-norm    0.7135   6.69   0.1218   0.0073    10.20  0    cut
 168  sn2005cf      Ia-norm    0.8069   6.69   0.1211   0.0073    12.20  0    cut
 169  sn2001cj      Ia-norm    0.8069   6.68   0.1234   0.0074    13.60  0    cut
 170  sn2001fh      Ia-norm    0.6959   6.68   0.1202   0.0075     9.10  0    cut
 171  sn1999gd      Ia-norm    0.6986   6.68   0.1225   0.0074     7.90  0    cut
 172  sn2003it      Ia-norm    0.6931   6.66   0.1274   0.0071     7.60  0    cut
 173  sn2007co      Ia-norm    0.6931   6.66   0.1293   0.0077     5.70  0    cut
 174  sn2007co      Ia-norm    0.6959   6.66   0.1262   0.0076    10.50  0    cut
 175  sn2002jy      Ia-norm    0.6999   6.66   0.1271   0.0071     8.00  0    cut
 176  sn2001ep      Ia-norm    0.8069   6.65   0.1214   0.0075     7.70  0    cut
 177  sn2002bf      Ia-norm    0.6972   6.65   0.1377   0.0082     5.70  0    cut
 178  sn2003fa      Ia-91T     0.6972   6.63   0.1257   0.0069     7.80  0    cut
 179  sn2000ce      Ia-norm    0.6986   6.62   0.1273   0.0075     8.70  0    cut
 180  sn1990N       Ia-norm    0.8069   6.60   0.1226   0.0076    13.50  0    cut
 181  sn2006D       Ia-norm    0.8069   6.58   0.1231   0.0074    12.50  0    cut
 182  sn2007ap      Ia-norm    0.7040   6.55   0.1250   0.0073     7.40  0    cut
 183  sn2003iv      Ia-norm    0.6959   6.55   0.1233   0.0073     7.20  0    cut
 184  sn2005am      Ia-norm    0.7094   6.54   0.1279   0.0075     6.90  0    cut
 185  sn2007S       Ia-91T     0.7053   6.47   0.1241   0.0081    13.10  0    cut
 186  sn2006le      Ia-norm    0.7026   6.46   0.1298   0.0077     5.90  0    cut
 187  sn2006X       Ia-norm    0.7121   6.41   0.1364   0.0086     6.20  0    cut
 188  sn1998dk      Ia-norm    0.6999   6.41   0.1293   0.0079    10.20  0    cut
 189  sn2004ef      Ia-norm    0.6904   6.39   0.1287   0.0080     6.30  0    cut
 190  sn2007bc      Ia-norm    0.6986   6.38   0.1214   0.0073     7.30  0    cut
 191  sn2001eh      Ia-91T     0.6959   6.38   0.1291   0.0075     5.70  0    cut
 192  sn2003ic      Ia-norm    0.6850   6.35   0.1277   0.0078     8.00  0    cut
 193  sn1996X       Ia-norm    0.7080   6.34   0.1259   0.0073     7.10  0    cut
 194  sn2007bc      Ia-norm    0.6999   6.34   0.1222   0.0074     6.20  0    cut
 195  sn2003cg      Ia-norm    0.6999   6.34   0.1229   0.0079    10.80  0    cut
 196  sn2008ar      Ia-norm    0.6945   6.34   0.1253   0.0077     7.20  0    cut
 197  sn2007if      Ia-pec     0.7311   6.30   0.1162   0.0087    10.30  0    cut
 198  sn2005hc      Ia-norm    0.6742   6.30   0.1279   0.0075     5.40  0    cut
 199  sn2006X       Ia-norm    0.7121   6.30   0.1353   0.0086     7.30  0    cut
 200  sn1998bu      Ia-norm    0.6986   6.29   0.1233   0.0079    11.40  0    cut
 201  sn1998co      Ia-norm    0.6986   6.28   0.1234   0.0078     6.90  0    cut
 202  sn2004bk      Ia-norm    0.6931   6.28   0.1310   0.0077     6.40  0    cut
 203  sn2006cf      Ia-norm    0.6783   6.27   0.1248   0.0076     6.50  0    cut
 204  sn2001en      Ia-norm    0.6999   6.26   0.1293   0.0081     8.30  0    cut
 205  sn2006lf      Ia-norm    0.7067   6.26   0.1224   0.0079    11.30  0    cut
 206  sn2003fa      Ia-91T     0.6959   6.25   0.1236   0.0077    13.50  0    cut
 207  sn2006ak      Ia-norm    0.6850   6.25   0.1308   0.0084     7.30  0    cut
 208  sn1998dx      Ia-norm    0.6904   6.24   0.1274   0.0077     5.90  0    cut
 209  sn2006ac      Ia-norm    0.6945   6.22   0.1277   0.0082    10.00  0    cut
 210  sn2002kf      Ia-norm    0.6999   6.20   0.1251   0.0079    11.80  0    cut
 211  sn1995al      Ia-norm    0.7107   6.20   0.1331   0.0085     6.40  0    cut
 212  sn2007af      Ia-norm    0.7121   6.16   0.1244   0.0077     5.40  0    cut
 213  sn1994Q       Ia-norm    0.7026   6.15   0.1233   0.0081    10.90  0    cut
 214  sn2005hc      Ia-norm    0.6755   6.14   0.1249   0.0079    11.10  0    cut
 215  sn1992A       Ia-norm    0.6309   6.14   0.1345   0.0078     6.90  0    cut
 216  sn2004bg      Ia-norm    0.6959   6.14   0.1222   0.0081    12.50  0    cut
 217  sn1995al      Ia-norm    0.7121   6.13   0.1294   0.0085    10.40  0    cut
 218  sn2004dt      Ia-norm    0.7784   6.13   0.1280   0.0081     9.10  0    cut
 219  sn2001en      Ia-norm    0.6986   6.11   0.1273   0.0083    10.20  0    cut
 220  sn1998dk      Ia-norm    0.6999   6.10   0.1284   0.0083    11.10  0    cut
 221  sn2000B       Ia-norm    0.7013   6.07   0.1333   0.0086     8.60  0    cut
 222  sn2001bg      Ia-norm    0.7013   6.06   0.1265   0.0084    10.00  0    cut
 223  sn2007le      Ia-norm    0.7121   6.06   0.1277   0.0084    11.40  0    cut
 224  sn2007bm      Ia-norm    0.7135   6.04   0.1211   0.0079     9.60  0    cut
 225  sn2002bf      Ia-norm    0.6959   6.04   0.1367   0.0090     6.70  0    cut
 226  sn2005bf      Ib-pec     0.6999   6.01   0.1140   0.0091     6.20  0    cut
 227  sn2002fk      Ia-norm    0.6999   6.01   0.1235   0.0077     7.40  0    cut
 228  sn2006lf      Ia-norm    0.6850   6.00   0.1228   0.0081    10.30  0    cut
 229  sn2000cx      Ia-pec     0.6227   5.99   0.1329   0.0092     8.60  0    cut
 230  sn2006X       Ia-norm    0.7135   5.99   0.1345   0.0090     8.20  0    cut
 231  sn2003fa      Ia-91T     0.7026   5.98   0.1230   0.0079    14.60  0    cut
 232  sn2001bf      Ia-norm    0.6931   5.97   0.1213   0.0078     7.60  0    cut
 233  sn2008bf      Ia-norm    0.6959   5.97   0.1269   0.0081    13.30  0    cut
 234  sn1999ej      Ia-norm    0.6999   5.96   0.1210   0.0079     8.10  0    cut
 235  sn2002dp      Ia-norm    0.7013   5.96   0.1209   0.0081    10.00  0    cut
 236  sn2007nq      Ia-norm    0.6552   5.96   0.1255   0.0082     9.20  0    cut
 237  sn2002dj      Ia-norm    0.6999   5.95   0.1289   0.0088     9.50  0    cut
 238  sn2003ch      Ia-norm    0.7974   5.95   0.1242   0.0077     5.60  0    cut
 239  sn2007af      Ia-norm    0.7148   5.93   0.1213   0.0081    11.30  0    cut
 240  sn1997br      Ia-91T     0.7067   5.93   0.1247   0.0086     7.90  0    cut
 241  sn2002bo      Ia-norm    0.6972   5.92   0.1266   0.0091    10.40  0    cut
 242  sn2008D       Ib-pec     0.8069   5.92   0.1210   0.0095     5.50  0    cut
 243  sn2004eo      Ia-norm    0.8069   5.92   0.1206   0.0081     7.80  0    cut
 244  sn2005cf      Ia-norm    0.8069   5.89   0.1236   0.0079     7.20  0    cut
 245  sn1997do      Ia-norm    0.6999   5.88   0.1303   0.0085     8.20  0    cut
 246  sn2005am      Ia-norm    0.7067   5.87   0.1258   0.0083     9.90  0    cut
 247  sn2007co      Ia-norm    0.6959   5.86   0.1256   0.0085    11.50  0    cut
 248  sn2006al      Ia-norm    0.6566   5.85   0.1270   0.0081     5.40  0    cut
 249  sn2007ux      Ia-norm    0.6918   5.85   0.1246   0.0081     5.80  0    cut
 250  sn2003cg      Ia-norm    0.7324   5.85   0.1259   0.0081     7.00  0    cut
 251  sn2007if      Ia-pec     0.8069   5.82   0.1172   0.0085     6.60  0    cut
 252  sn2001V       Ia-91T     0.6999   5.80   0.1254   0.0087    12.50  0    cut
 253  sn2001ay      Ia-norm    0.8069   5.78   0.1297   0.0090     7.80  0    cut
 254  sn2005be      Ia-norm    0.6864   5.75   0.1259   0.0082     7.70  0    cut
 255  sn2004as      Ia-norm    0.6972   5.74   0.1288   0.0089     6.60  0    cut
 256  sn2003ch      Ia-norm    0.6986   5.73   0.1222   0.0082     6.70  0    cut
 257  sn2005cf      Ia-norm    0.8069   5.71   0.1198   0.0085    14.10  0    cut
 258  sn1996bo      Ia-norm    0.7080   5.71   0.1291   0.0087     7.10  0    cut
 259  sn2004as      Ia-norm    0.6999   5.70   0.1284   0.0090     7.60  0    cut
 260  sn1993ac      Ia-norm    0.7730   5.69   0.1333   0.0089     6.90  0    cut
 261  sn1989B       Ia-norm    0.6200   5.69   0.1209   0.0081    10.60  0    cut
 262  sn1998dm      Ia-norm    0.7013   5.67   0.1265   0.0082     7.40  0    cut
 263  sn1999ac      Ia-91T     0.7013   5.67   0.1234   0.0092     9.00  0    cut
 264  sn2004as      Ia-norm    0.6986   5.65   0.1270   0.0091     8.60  0    cut
 265  sn1994D       Ia-norm    0.7094   5.64   0.1234   0.0088    10.80  0    cut
 266  sn2000cx      Ia-pec     0.6214   5.63   0.1312   0.0096    10.60  0    cut
 267  sn2007ap      Ia-norm    0.7040   5.63   0.1226   0.0086    11.40  0    cut
 268  sn2008L       Ia-norm    0.6986   5.63   0.1286   0.0084     5.60  0    cut
 269  sn2006lf      Ia-norm    0.6755   5.63   0.1247   0.0084     7.30  0    cut
 270  sn2006ac      Ia-norm    0.6959   5.62   0.1267   0.0090    11.00  0    cut
 271  sn2003cg      Ia-norm    0.8069   5.61   0.1224   0.0088    11.90  0    cut
 272  sn2002er      Ia-norm    0.8069   5.60   0.1255   0.0090    10.00  0    cut
 273  sn1996Z       Ia-norm    0.7080   5.59   0.1291   0.0092     8.10  0    cut
 274  sn1994Q       Ia-norm    0.7013   5.57   0.1218   0.0088    11.80  0    cut
 275  sn1997do      Ia-norm    0.6999   5.56   0.1290   0.0090    10.20  0    cut
 276  sn1997Y       Ia-norm    0.6972   5.56   0.1235   0.0084     6.90  0    cut
 277  sn2003it      Ia-norm    0.6891   5.55   0.1281   0.0083     6.60  0    cut
 278  sn2001bf      Ia-norm    0.6918   5.53   0.1189   0.0080    12.50  0    cut
 279  sn2006lf      Ia-norm    0.6850   5.51   0.1254   0.0085     6.30  0    cut
 280  sn2002dp      Ia-norm    0.6999   5.48   0.1235   0.0086     7.10  0    cut
 281  sn1996Z       Ia-norm    0.7080   5.48   0.1309   0.0093     6.10  0    cut
 282  sn2004as      Ia-norm    0.6972   5.47   0.1295   0.0095     5.80  0    cut
 283  sn2005bf      Ib-pec     0.6999   5.47   0.1132   0.0099     8.20  0    cut
 284  sn2002jy      Ia-norm    0.6999   5.47   0.1274   0.0083     7.00  0    cut
 285  sn1998V       Ia-norm    0.6945   5.46   0.1225   0.0090    12.10  0    cut
 286  sn1992A       Ia-norm    0.6864   5.46   0.1319   0.0091    11.20  0    cut
 287  sn1995F       Ic-norm    0.8069   5.46   0.1204   0.0106     0.20  1    cut
 288  sn2001gc      Ia-norm    0.6972   5.45   0.1345   0.0101     7.30  0    cut
 289  sn2000fa      Ia-norm    0.6999   5.45   0.1271   0.0090    11.10  0    cut
 290  sn2007if      Ia-pec     0.7703   5.44   0.1176   0.0089     6.10  0    cut
 291  sn2001ep      Ia-norm    0.7811   5.44   0.1214   0.0089     7.80  0    cut
 292  sn2006ev      Ia-norm    0.6931   5.42   0.1288   0.0093     5.50  0    cut
 293  sn2006le      Ia-norm    0.7013   5.42   0.1255   0.0092    12.80  0    cut
 294  sn2006gr      Ia-norm    0.6959   5.41   0.1289   0.0087    12.40  0    cut
 295  sn2002eu      Ia-norm    0.6986   5.40   0.1230   0.0087     7.80  0    cut
 296  sn1994M       Ia-norm    0.7162   5.40   0.1302   0.0088     6.60  0    cut
 297  sn1998bu      Ia-norm    0.6986   5.39   0.1222   0.0091    12.40  0    cut
 298  sn1998dm      Ia-norm    0.7013   5.39   0.1229   0.0090    14.40  0    cut
 299  sn2000cu      Ia-norm    0.6972   5.38   0.1241   0.0089     7.30  0    cut
 300  sn1994M       Ia-norm    0.8069   5.37   0.1250   0.0092    11.50  0    cut
 301  sn1999X       Ia-norm    0.6945   5.37   0.1223   0.0089    15.00  0    cut
 302  sn1996bl      Ia-norm    0.7053   5.36   0.1230   0.0092    13.30  0    cut
 303  sn1997bq      Ia-norm    0.7067   5.36   0.1278   0.0100     9.20  0    cut
 304  sn1995bd      Ia-91T     0.7080   5.36   0.1258   0.0097    10.60  0    cut
 305  sn2002bo      Ia-norm    0.6986   5.35   0.1253   0.0099    11.60  0    cut
 306  sn1999ac      Ia-91T     0.6999   5.34   0.1222   0.0097    10.90  0    cut
 307  sn1999ac      Ia-91T     0.7013   5.33   0.1230   0.0096    10.00  0    cut
 308  sn2002ck      Ia-norm    0.6959   5.32   0.1217   0.0092    11.90  0    cut
 309  sn2007le      Ia-norm    0.7135   5.31   0.1268   0.0095    12.40  0    cut
 310  sn1995E       Ia-norm    0.6620   5.27   0.1267   0.0091     5.90  0    cut
 311  sn2003fa      Ia-91T     0.6999   5.27   0.1260   0.0083     6.90  0    cut
 312  sn2008C       Ia-norm    0.7013   5.26   0.1223   0.0093    12.30  0    cut
 313  sn1995F       Ic-norm    0.6607   5.26   0.1228   0.0107    11.00  1    cut
 314  sn2006N       Ia-norm    0.7094   5.26   0.1229   0.0091    11.60  0    cut
 315  sn1995D       Ia-norm    0.6661   5.26   0.1272   0.0087     5.50  0    cut
 316  sn2007fb      Ia-norm    0.7013   5.24   0.1229   0.0091    12.60  0    cut
 317  sn2000ce      Ia-norm    0.7013   5.23   0.1286   0.0091     6.70  0    cut
 318  sn2007hj      Ia-norm    0.8069   5.21   0.1227   0.0095     8.20  0    cut
 319  sn2006cj      Ia-norm    0.6539   5.21   0.1289   0.0092     5.40  0    cut
 320  sn1997do      Ia-norm    0.6999   5.20   0.1280   0.0096    11.10  0    cut
 321  sn2005kc      Ia-norm    0.6999   5.19   0.1210   0.0091    11.60  0    cut
 322  sn1998ec      Ia-norm    0.6986   5.19   0.1265   0.0097    11.70  0    cut
 323  sn2002dj      Ia-norm    0.8069   5.18   0.1261   0.0099    12.30  0    cut
 324  sn2005cf      Ia-norm    0.8069   5.17   0.1242   0.0088     6.20  0    cut
 325  sn2001V       Ia-91T     0.6999   5.17   0.1245   0.0097    13.50  0    cut
 326  sn2007ca      Ia-norm    0.7040   5.17   0.1269   0.0089     6.40  0    cut
 327  sn2005hf      Ia-norm    0.6783   5.17   0.1239   0.0089     9.10  0    cut
 328  sn2007af      Ia-norm    0.7148   5.15   0.1208   0.0092    12.30  0    cut
 329  sn2003kf      Ia-norm    0.6891   5.15   0.1242   0.0094    13.40  0    cut
 330  sn2007hj      Ia-norm    0.7026   5.14   0.1251   0.0097     6.30  0    cut
 331  sn2002jg      Ia-norm    0.6972   5.14   0.1210   0.0096     9.40  0    cut
 332  sn2001en      Ia-norm    0.6986   5.13   0.1255   0.0098    12.20  0    cut
 333  sn2002he      Ia-norm    0.6999   5.11   0.1302   0.0093     5.60  0    cut
 334  sn2006hb      Ia-91bg    0.7053   5.10   0.1221   0.0093     9.70  0    cut
 335  sn2001en      Ia-norm    0.7013   5.10   0.1308   0.0096     6.30  0    cut
 336  sn2002bo      Ia-norm    0.6972   5.09   0.1247   0.0103    12.50  0    cut
 337  sn2001N       Ia-norm    0.6891   5.09   0.1290   0.0106     9.40  0    cut
 338  sn2005am      Ia-norm    0.7107   5.08   0.1250   0.0095    10.90  0    cut
 339  sn2002kf      Ia-norm    0.7013   5.06   0.1274   0.0092     8.00  0    cut
 340  sn1999cl      Ia-norm    0.6999   5.06   0.1266   0.0105     7.60  0    cut
 341  sn1994Q       Ia-norm    0.7013   5.06   0.1212   0.0097    12.80  0    cut
 342  sn2005eq      Ia-91T     0.6593   5.05   0.1224   0.0095    14.00  0    cut
 343  sn1999ac      Ia-91T     0.6999   5.04   0.1217   0.0101    11.90  0    cut
 344  sn1989B       Ia-norm    0.6620   5.03   0.1200   0.0095    11.60  0    cut
 345  sn1997ef      Ic-broad   0.7080   5.02   0.1268   0.0143    13.80  0    cut
 346  sn1998dk      Ia-norm    0.7013   5.02   0.1268   0.0100    13.10  0    cut
 347  sn1996bo      Ia-norm    0.7067   5.01   0.1268   0.0100     9.20  0    cut
 348  sn2005mc      Ia-norm    0.6959   5.01   0.1231   0.0096     5.60  0    cut
 349  sn1984A       Ia-norm    0.5361   4.99   0.1315   0.0111     8.10  0    cut
 350  sn1996Z       Ia-norm    0.7067   4.98   0.1273   0.0102    10.10  0    cut
 351  sn2001da      Ia-norm    0.6972   4.98   0.1269   0.0099     7.80  0    cut
 352  sn1998aq      Ia-norm    0.6959   4.96   0.1266   0.0089     6.00  0    cut
 353  sn2006te      Ia-norm    0.6904   4.95   0.1207   0.0101    12.30  0    cut
 354  sn2004S       Ia-norm    0.8069   4.93   0.1201   0.0102    13.30  0    cut
 355  sn1998es      Ia-91T     0.6945   4.92   0.1228   0.0095    14.30  0    cut
 356  sn1984L       Ib-norm    0.6051   4.92   0.1140   0.0116    11.90  0    cut
 357  sn2006le      Ia-norm    0.7026   4.91   0.1246   0.0101    13.80  0    cut
 358  sn2001ep      Ia-norm    0.7013   4.91   0.1230   0.0096     5.80  0    cut
 359  sn2007ca      Ia-norm    0.7080   4.90   0.1273   0.0092     5.50  0    cut
 360  sn2006hb      Ia-91bg    0.7067   4.88   0.1215   0.0097    10.70  0    cut
 361  sn1997do      Ia-norm    0.6999   4.88   0.1271   0.0102    12.10  0    cut
 362  sn2007Y       Ib-norm    0.8028   4.87   0.1110   0.0115     7.90  0    cut
 363  sn1998dm      Ia-norm    0.7013   4.87   0.1270   0.0093     6.50  0    cut
 364  sn2001N       Ia-norm    0.6945   4.86   0.1282   0.0109    10.40  0    cut
 365  sn2001ep      Ia-norm    0.7026   4.86   0.1223   0.0097     6.80  0    cut
 366  sn2004bg      Ia-norm    0.6931   4.86   0.1255   0.0092     5.70  0    cut
 367  sn1994M       Ia-norm    0.6769   4.86   0.1303   0.0102     5.60  0    cut
 368  sn2002kf      Ia-norm    0.7013   4.84   0.1234   0.0099    13.90  0    cut
 369  sn1994M       Ia-norm    0.8069   4.84   0.1245   0.0100    12.50  0    cut
 370  sn2007bj      Ia-norm    0.7026   4.83   0.1282   0.0099    12.00  0    cut
 371  sn2003it      Ia-norm    0.6972   4.83   0.1285   0.0094     5.70  0    cut
 372  sn1997bq      Ia-norm    0.8069   4.83   0.1253   0.0109    12.20  0    cut
 373  sn1995D       Ia-norm    0.6661   4.83   0.1227   0.0099    14.50  0    cut
 374  sn1995F       Ic-norm    0.6309   4.80   0.1219   0.0120     0.00  1    cut
 375  sn2007le      Ia-norm    0.7135   4.80   0.1262   0.0103    13.40  0    cut
 376  sn2006hb      Ia-91bg    0.7040   4.79   0.1231   0.0098     8.70  0    cut
 377  sn1998V       Ia-norm    0.6931   4.79   0.1220   0.0101    13.10  0    cut
 378  sn2007hj      Ia-norm    0.7053   4.78   0.1242   0.0103     7.30  0    cut
 379  sn2000cx      Ia-pec     0.6200   4.77   0.1288   0.0112    13.60  0    cut
 380  sn2007if      Ia-pec     0.7216   4.77   0.1152   0.0109    13.10  0    cut
 381  sn2001ck      Ia-norm    0.6972   4.77   0.1227   0.0099    14.40  0    cut
 382  sn2007sr      Ia-norm    0.7175   4.76   0.1248   0.0105    14.50  0    cut
 383  sn2002ha      Ia-norm    0.7013   4.73   0.1260   0.0093     5.60  0    cut
 384  sn2002bo      Ia-norm    0.6972   4.73   0.1241   0.0109    13.50  0    cut
 385  sn2002eu      Ia-norm    0.6959   4.73   0.1211   0.0097    10.70  0    cut
 386  sn2006X       Ia-norm    0.7107   4.72   0.1329   0.0109    10.30  0    cut
 387  sn2000cx      Ia-pec     0.6931   4.70   0.1340   0.0117     6.60  0    cut
 388  sn1998bu      Ia-norm    0.6986   4.70   0.1212   0.0103    13.40  0    cut
 389  sn1999gh      Ia-norm    0.6986   4.69   0.1238   0.0110     5.50  0    cut
 390  sn2006hb      Ia-91bg    0.7040   4.69   0.1237   0.0100     7.70  0    cut
 391  sn1998dt      Ib-norm    0.8069   4.67   0.1215   0.0125     7.90  0    cut
 392  sn2003kf      Ia-norm    0.7026   4.67   0.1236   0.0102    14.40  0    cut
 393  sn2006ac      Ia-norm    0.6972   4.66   0.1254   0.0106    12.90  0    cut
 394  sn2001ay      Ia-norm    0.6959   4.65   0.1316   0.0108     7.20  0    cut
 395  sn1997br      Ia-91T     0.7080   4.65   0.1231   0.0107     9.90  0    cut
 396  sn2004S       Ia-norm    0.8069   4.63   0.1231   0.0107     7.40  0    cut
 397  sn2000cx      Ia-pec     0.6227   4.62   0.1337   0.0117     6.60  0    cut
 398  sn2001ay      Ia-norm    0.6945   4.62   0.1299   0.0106     9.00  0    cut
 399  sn1997bq      Ia-norm    0.7067   4.61   0.1258   0.0113    11.20  0    cut
 400  sn1997E       Ia-norm    0.7040   4.61   0.1200   0.0106    11.20  0    cut
 401  sn2000H       IIb        0.8069   4.60   0.1143   0.0122    13.40  0    cut
 402  sn2008D       Ib-pec     0.8069   4.60   0.1185   0.0127    15.40  0    cut
 403  sn1988L       Ib-norm    0.7013   4.60   0.1204   0.0125     0.00  1    cut
 404  sn2007if      Ia-pec     0.6525   4.58   0.1175   0.0109     5.60  0    cut
 405  sn1999aa      Ia-91T     0.6972   4.58   0.1236   0.0104    13.60  0    cut
 406  sn1995al      Ia-norm    0.7107   4.58   0.1268   0.0111    13.30  0    cut
 407  sn2000dk      Ia-norm    0.7148   4.56   0.1198   0.0105     9.60  0    cut
 408  sn2007fb      Ia-norm    0.6972   4.54   0.1277   0.0098     5.60  0    cut
 409  sn1999aa      Ia-91T     0.7906   4.52   0.1213   0.0106    14.50  0    cut
 410  sn2006hb      Ia-91bg    0.7040   4.51   0.1212   0.0105    11.70  0    cut
 411  sn2000cx      Ia-pec     0.8069   4.50   0.1350   0.0112     5.70  0    cut
 412  sn1991T       Ia-91T     0.7365   4.49   0.1209   0.0111    14.50  0    cut
 413  sn1999gh      Ia-norm    0.6999   4.49   0.1230   0.0113     6.50  0    cut
 414  sn2001bg      Ia-norm    0.6931   4.49   0.1231   0.0111    14.00  0    cut
 415  sn1999ej      Ia-norm    0.6959   4.48   0.1188   0.0106    11.00  0    cut
 416  sn1997dq      Ic-broad   0.7026   4.45   0.1205   0.0122    21.90  1    cut
 417  sn2001ay      Ia-norm    0.8069   4.44   0.1324   0.0111     5.80  0    cut
 418  sn1991N       Ic-norm    0.8069   4.41   0.1188   0.0140     0.00  1    cut
 419  sn1997dq      Ic-broad   0.6999   4.41   0.1209   0.0123    17.90  1    cut
 420  sn1998S       IIn        0.6864   4.40   0.1045   0.0101    12.70  0    cut
 421  sn2004dt      Ia-norm    0.8069   4.40   0.1224   0.0101    14.00  0    cut
 422  sn2006X       Ia-norm    0.7148   4.39   0.1295   0.0117    13.30  0    cut
 423  sn2005am      Ia-norm    0.7094   4.38   0.1246   0.0108    11.80  0    cut
 424  sn2007le      Ia-norm    0.7135   4.37   0.1254   0.0112    14.40  0    cut
 425  sn2002bf      Ia-norm    0.6945   4.37   0.1324   0.0118    10.60  0    cut
 426  sn2000fa      Ia-norm    0.7026   4.37   0.1246   0.0111    14.00  0    cut
 427  sn1981B       Ia-norm    0.7852   4.37   0.1232   0.0111    15.40  0    cut
 428  sn2007jg      Ia-norm    0.6864   4.37   0.1259   0.0111    13.10  0    cut
 429  sn1999gh      Ia-norm    0.6999   4.37   0.1220   0.0115     7.40  0    cut
 430  sn2002dp      Ia-norm    0.6986   4.37   0.1191   0.0107    13.00  0    cut
 431  sn1997ef      Ic-broad   0.7094   4.36   0.1257   0.0146    12.80  0    cut
 432  sn2002bo      Ia-norm    0.6945   4.35   0.1234   0.0117    14.50  0    cut
 433  sn2006hb      Ia-91bg    0.7026   4.35   0.1243   0.0107     6.80  0    cut
 434  sn1995F       Ic-norm    0.7026   4.34   0.1206   0.0130     4.00  1    cut
 435  sn1997dq      Ic-broad   0.6999   4.33   0.1206   0.0130     0.00  1    cut
 436  sn2006le      Ia-norm    0.7040   4.32   0.1238   0.0113    14.70  0    cut
 437  sn2006X       Ia-norm    0.7121   4.32   0.1320   0.0117    11.20  0    cut
 438  sn1997dq      Ic-broad   0.6999   4.32   0.1209   0.0128    14.90  1    cut
 439  sn2003kf      Ia-norm    0.7013   4.30   0.1228   0.0111    15.40  0    cut
 440  sn2007fb      Ia-norm    0.7026   4.30   0.1222   0.0107    13.60  0    cut
 441  sn2006lf      Ia-norm    0.7040   4.30   0.1209   0.0110    13.20  0    cut
 442  sn2002bf      Ia-norm    0.6945   4.30   0.1311   0.0116    11.70  0    cut
 443  sn2004eo      Ia-norm    0.8069   4.30   0.1194   0.0111    11.70  0    cut
 444  sn2001N       Ia-norm    0.6918   4.30   0.1265   0.0122    11.50  0    cut
 445  sn2000B       Ia-norm    0.6972   4.29   0.1290   0.0115    13.60  0    cut
 446  sn2001gc      Ia-norm    0.6986   4.28   0.1292   0.0121    13.30  0    cut
 447  sn1998S       IIn        0.6877   4.28   0.1044   0.0103    13.80  0    cut
 448  sn2002bf      Ia-norm    0.6972   4.24   0.1308   0.0118    12.60  0    cut
 449  sn1999dn      Ib-norm    0.8069   4.24   0.1159   0.0134     6.90  1    cut
 450  sn1997dq      Ic-broad   0.8069   4.23   0.1212   0.0130     1.00  1    cut
 451  sn1999aa      Ia-91T     0.6986   4.22   0.1227   0.0112    14.60  0    cut
 452  sn1997dq      Ic-broad   0.7026   4.22   0.1207   0.0125    26.90  1    cut
 453  sn2006X       Ia-norm    0.7148   4.22   0.1288   0.0121    14.20  0    cut
 454  sn1997do      Ia-norm    0.6986   4.21   0.1256   0.0116    14.20  0    cut
 455  sn1994D       Ia-norm    0.7107   4.20   0.1221   0.0115    12.80  0    cut
 456  lbv2003hy     LBV        0.6945   4.19   0.1045   0.0106   -99.90  2    cut
 457  sn1999ek      Ia-norm    0.6986   4.19   0.1200   0.0113    12.20  0    cut
 458  sn2003hv      Ia-norm    0.6417   4.18   0.1209   0.0106    11.20  0    cut
 459  sn1997br      Ia-91T     0.8069   4.17   0.1212   0.0116    11.90  0    cut
 460  sn1998dx      Ia-norm    0.6796   4.16   0.1243   0.0114    12.50  0    cut
 461  sn1990B       Ic-norm    0.6918   4.16   0.1206   0.0126     8.90  0    cut
 462  sn2007bm      Ia-norm    0.7162   4.16   0.1193   0.0111    12.60  0    cut
 463  sn2001en      Ia-norm    0.6959   4.16   0.1241   0.0117    14.10  0    cut
 464  sn1998S       IIn        0.6837   4.15   0.1045   0.0103     9.70  0    cut
 465  sn2006X       Ia-norm    0.6986   4.12   0.1302   0.0123    12.30  0    cut
 466  sn2000cn      Ia-91bg    0.6986   4.12   0.1225   0.0117     8.30  0    cut
 467  sn1989B       Ia-norm    0.6200   4.12   0.1193   0.0106    12.60  0    cut
 468  sn2002bf      Ia-norm    0.6972   4.12   0.1300   0.0120    13.50  0    cut
 469  sn1996bo      Ia-norm    0.7053   4.11   0.1265   0.0118    11.10  0    cut
 470  sn1984L       Ib-norm    0.5537   4.11   0.1147   0.0135     8.00  0    cut
 471  sn2002bo      Ia-norm    0.6959   4.10   0.1229   0.0122    15.40  0    cut
 472  sn2002jy      Ia-norm    0.6999   4.10   0.1279   0.0106     6.00  0    cut
 473  sn2001E       Ia-norm    0.6972   4.09   0.1298   0.0124    14.60  0    cut
 474  sn2007le      Ia-norm    0.7135   4.07   0.1249   0.0119    15.40  0    cut
 475  sn2007bj      Ia-norm    0.7053   4.05   0.1257   0.0117    14.90  0    cut
 476  sn1991A       Ic-norm    0.6065   4.05   0.1157   0.0149     0.00  1    cut
 477  sn1994Q       Ia-norm    0.8069   4.02   0.1232   0.0115    11.60  0    cut
 478  sn1990aa      Ic-norm    0.7351   4.02   0.1215   0.0135     0.00  1    cut
 479  sn1995F       Ic-norm    0.7026   4.01   0.1211   0.0137     1.90  1    cut
 480  sn2007if      Ia-pec     0.8069   4.00   0.1161   0.0116     9.40  0    cut
 481  sn2002kf      Ia-norm    0.6986   3.96   0.1284   0.0112     6.00  0    cut
 482  sn1997dq      Ic-broad   0.8069   3.96   0.1208   0.0132    27.90  1    cut
 483  sn1995al      Ia-norm    0.7094   3.96   0.1250   0.0126    15.40  0    cut
 484  sn1998V       Ia-norm    0.6904   3.96   0.1209   0.0120    15.00  0    cut
 485  sn1997do      Ia-norm    0.7013   3.95   0.1251   0.0123    15.30  0    cut
 486  sn2000cf      Ia-norm    0.7013   3.93   0.1170   0.0116    14.50  0    cut
 487  sn1984L       Ib-norm    0.5564   3.93   0.1129   0.0140     9.00  0    cut
 488  sn1990I       Ib-norm    0.7635   3.93   0.1280   0.0137    11.30  0    cut
 489  sn2005hf      Ia-norm    0.6769   3.91   0.1243   0.0111     8.20  0    cut
 490  sn1999gh      Ia-norm    0.6999   3.90   0.1217   0.0126     8.40  0    cut
 491  sn1999ex      Ib-norm    0.7663   3.89   0.1201   0.0134     9.30  0    cut
 492  sn1995F       Ic-norm    0.8069   3.87   0.1182   0.0141    29.10  1    cut
 493  sn2006ac      Ia-norm    0.6972   3.86   0.1241   0.0124    15.00  0    cut
 494  sn2004S       Ia-norm    0.8069   3.85   0.1200   0.0125    13.90  0    cut
 495  sn2006H       Ia-91bg    0.7067   3.85   0.1214   0.0122     5.50  0    cut
 496  sn2008D       Ib-pec     0.6769   3.84   0.1189   0.0141     9.50  0    cut
 497  sn2004fu      Ia-norm    0.7148   3.84   0.1233   0.0124    15.30  0    cut
 498  sn2002cd      Ia-norm    0.6945   3.83   0.1293   0.0136    15.10  0    cut
 499  sn2002fk      Ia-norm    0.6999   3.82   0.1245   0.0118     6.50  0    cut
 500  sn1990U       Ic-norm    0.7256   3.80   0.1106   0.0143    10.90  0    cut
 501  sn2003kc      Ia-norm    0.6877   3.76   0.1236   0.0127    14.60  0    cut
 502  sn1999dn      Ib-norm    0.7825   3.75   0.1164   0.0155     0.00  1    cut
 503  sn2007if      Ia-pec     0.6512   3.75   0.1169   0.0124     7.40  0    cut
 504  sn2005hf      Ia-norm    0.6755   3.72   0.1219   0.0120    12.00  0    cut
 505  sn1996Z       Ia-norm    0.7053   3.70   0.1250   0.0128    14.00  0    cut
 506  sn2006bt      Ia-norm    0.6904   3.66   0.1271   0.0131     5.70  0    cut
 507  sn2005hf      Ia-norm    0.6755   3.65   0.1218   0.0129    11.00  0    cut
 508  sn2000cn      Ia-91bg    0.6959   3.64   0.1209   0.0128    10.20  0    cut
 509  sn2007fb      Ia-norm    0.7026   3.63   0.1213   0.0125    14.50  0    cut
 510  sn1997ei      Ic-norm    0.7839   3.62   0.1220   0.0144    10.90  1    cut
 511  sn1997dq      Ic-broad   0.8069   3.62   0.1207   0.0143    27.90  1    cut
 512  sn1999gh      Ia-norm    0.6999   3.60   0.1209   0.0134     9.40  0    cut
 513  sn2002ap      Ic-broad   0.6227   3.60   0.1231   0.0157     6.50  0    cut
 514  sn1996X       Ia-norm    0.4806   3.59   0.1220   0.0123    11.90  0    cut
 515  sn2002hd      Ia-norm    0.6986   3.58   0.1205   0.0123    12.00  0    cut
 516  sn2004eo      Ia-norm    0.8069   3.53   0.1187   0.0126    13.10  0    cut
 517  sn2005am      Ia-norm    0.7080   3.52   0.1229   0.0130    14.80  0    cut
 518  sn1994D       Ia-norm    0.7121   3.50   0.1210   0.0133    14.80  0    cut
 519  sn1990U       Ic-norm    0.7270   3.49   0.1066   0.0143    11.90  0    cut
 520  sn2007Y       Ib-norm    0.8069   3.48   0.1128   0.0162    12.80  0    cut
 521  sn2005gj      Ia-csm     0.6268   3.48   0.1191   0.0142    10.40  0    cut
 522  sn1989B       Ia-norm    0.6634   3.48   0.1191   0.0124    13.60  0    cut
 523  sn2000H       IIb        0.6959   3.47   0.1182   0.0158     7.70  0    cut
 524  sn2000H       IIb        0.7338   3.46   0.1202   0.0152     8.40  0    cut
 525  sn2004aw      Ic-norm    0.8069   3.46   0.1236   0.0150    12.20  0    cut
 526  sn2002dl      Ia-91bg    0.6972   3.46   0.1175   0.0132    10.30  0    cut
 527  sn2000bk      Ia-norm    0.6945   3.43   0.1206   0.0133    11.90  0    cut
 528  lbv2003hy     LBV        0.6959   3.42   0.1047   0.0118   -99.90  2    cut
 529  sn1995ak      Ia-norm    0.7080   3.42   0.1191   0.0130    13.40  0    cut
 530  sn2002bf      Ia-norm    0.6986   3.38   0.1280   0.0138    14.60  0    cut
 531  sn2002er      Ia-norm    0.6566   3.38   0.1275   0.0136    11.80  0    cut
 532  sn2005hf      Ia-norm    0.6769   3.37   0.1210   0.0135    14.90  0    cut
 533  sn2000H       IIb        0.6959   3.35   0.1168   0.0159     9.60  0    cut
 534  sn1983V       Ic-norm    0.6322   3.35   0.1231   0.0161    14.90  0    cut
 535  sn2000H       IIb        0.6931   3.33   0.1149   0.0159    10.60  0    cut
 536  sn2002ap      Ic-broad   0.6227   3.31   0.1210   0.0171     9.50  0    cut
 537  sn2000H       IIb        0.6959   3.30   0.1150   0.0156    11.60  0    cut
 538  sn2004eo      Ia-norm    0.8069   3.29   0.1183   0.0135    14.70  0    cut
 539  sn1995F       Ic-norm    0.8069   3.28   0.1196   0.0154    35.70  1    cut
 540  sn1991N       Ic-norm    0.6959   3.28   0.1230   0.0173     5.70  1    cut
 541  sn1996ai      Ia-norm    0.7053   3.28   0.1228   0.0138    15.10  0    cut
 542  sn2006H       Ia-91bg    0.7040   3.28   0.1216   0.0143     6.50  0    cut
 543  sn2005cg      Ia-norm    0.4874   3.28   0.1275   0.0102     6.70  0    cut
 544  sn1991N       Ic-norm    0.8069   3.27   0.1165   0.0161    12.00  1    cut
 545  sn2006H       Ia-91bg    0.6986   3.24   0.1193   0.0138     7.50  0    cut
 546  sn2002ap      Ic-broad   0.6999   3.24   0.1261   0.0171     5.60  0    cut
 547  sn2003ch      Ia-norm    0.6986   3.23   0.1185   0.0139    13.50  0    cut
 548  sn1983V       Ic-norm    0.6336   3.21   0.1233   0.0164    11.90  0    cut
 549  sn2000cn      Ia-91bg    0.7013   3.15   0.1205   0.0140    12.20  0    cut
 550  sn1998dt      Ib-norm    0.6959   3.13   0.1205   0.0174     6.90  0    cut
 551  sn2002ap      Ic-broad   0.6999   3.11   0.1229   0.0190    11.60  0    cut
 552  sn2005ke      Ia-91bg    0.7162   3.10   0.1164   0.0143     6.40  0    cut
 553  sn2002er      Ia-norm    0.8069   3.10   0.1247   0.0143    14.90  0    cut
 554  sn1991N       Ic-norm    0.6959   3.09   0.1212   0.0178     6.60  1    cut
 555  sn2000H       IIb        0.6986   3.08   0.1193   0.0180     6.70  0    cut
 556  sn2002ap      Ic-broad   0.6999   3.07   0.1252   0.0180     6.60  0    cut
 557  sn2007ba      Ia-91bg    0.6444   3.06   0.1218   0.0159     6.00  0    cut
 558  sn1995F       Ic-norm    0.8069   3.06   0.1195   0.0164    35.80  1    cut
 559  sn1999gh      Ia-norm    0.6986   3.04   0.1202   0.0151    11.40  0    cut
 560  lbv2003hy     LBV        0.6931   3.03   0.1047   0.0124   -99.90  2    cut
 561  sn1997ef      Ic-broad   0.5645   3.01   0.1231   0.0186     6.90  0    cut
 562  sn2007hj      Ia-norm    0.6931   3.01   0.1216   0.0145    12.30  0    cut
 563  lbv2003hy     LBV        0.6959   3.00   0.1052   0.0118   -99.90  2    cut
 564  sn1997dq      Ic-broad   0.7067   2.96   0.1207   0.0161    54.80  1    cut
 565  sn2005hf      Ia-norm    0.6783   2.94   0.1194   0.0160    12.90  0    cut
 566  sn2007if      Ia-pec     0.6525   2.87   0.1170   0.0149     9.40  0    cut
 567  sn1993J       IIb        0.8069   2.86   0.1147   0.0182    13.00  0    cut
 568  sn1983V       Ic-norm    0.6038   2.84   0.1236   0.0187    13.90  0    cut
 569  sn1997dd      IIb        0.8069   2.83   0.1101   0.0182     0.00  1    cut
 570  sn2007al      Ia-91bg    0.7094   2.83   0.1178   0.0150     8.30  0    cut
 571  sn1991N       Ic-norm    0.8069   2.82   0.1173   0.0162    27.90  1    cut
 572  sn1999gh      Ia-norm    0.6931   2.79   0.1200   0.0158    12.40  0    cut
 573  sn1998dt      Ib-norm    0.6999   2.78   0.1216   0.0193    10.70  0    cut
 574  sn1998dt      Ib-norm    0.7013   2.76   0.1212   0.0193    11.70  0    cut
 575  sn1983V       Ic-norm    0.5930   2.76   0.1220   0.0196    12.90  0    cut
 576  sn2006eu      Ia-norm    0.6972   2.73   0.1239   0.0174     8.00  0    cut
 577  sn1998S       IIn        0.8069   2.72   0.1054   0.0131    11.40  0    cut
 578  sn2007if      Ia-pec     0.8069   2.70   0.1156   0.0162    14.10  0    cut
 579  lbv2003hy     LBV        0.6945   2.68   0.1049   0.0177   -99.90  2    cut
 580  sn2002es      Ia-91bg    0.6945   2.64   0.1071   0.0152     9.00  0    cut
 581  sn1991A       Ic-norm    0.6593   2.62   0.1133   0.0192    10.90  1    cut
 582  sn1999by      Ia-91bg    0.7026   2.62   0.1185   0.0169     5.90  0    cut
 583  sn2002es      Ia-91bg    0.6959   2.58   0.1068   0.0152    11.00  0    cut
 584  sn1999dn      Ib-norm    0.7026   2.58   0.1205   0.0175    27.70  1    cut
 585  sn1999di      Ib-norm    0.7080   2.57   0.1159   0.0178    23.60  1    cut
 586  sn1997ei      Ic-norm    0.6255   2.48   0.1166   0.0199     0.00  1    cut
 587  mstar         M-star     0.8069   2.47   0.0937   0.0149     0.00  2    cut
 588  sn2007ax      Ia-91bg    0.7135   2.47   0.2834   0.0201    10.00  0    cut
 589  sn2006H       Ia-91bg    0.7040   2.47   0.1173   0.0175     9.60  0    cut
 590  lbv2003hy     LBV        0.6972   2.46   0.1079   0.0186   -99.90  2    cut
 591  sn2007hj      Ia-norm    0.6904   2.43   0.1212   0.0164    14.20  0    cut
 592  lbv2003hy     LBV        0.6972   2.43   0.1050   0.0178   -99.90  2    cut
 593  sn2007al      Ia-91bg    0.7067   2.43   0.2884   0.0198    10.20  0    cut
 594  lbv2003hy     LBV        0.6959   2.42   0.1067   0.0187   -99.90  2    cut
 595  sn2005hk      Ia-pec     0.7839   2.41   0.1019   0.0171    14.30  0    cut
 596  lbv2003hy     LBV        0.6796   2.40   0.0972   0.0170   -99.90  2    cut
 597  sn1999by      Ia-91bg    0.7026   2.37   0.1184   0.0181     6.90  0    cut
 598  sn1983N       Ib-norm    0.7446   2.37   0.1092   0.0221    12.00  0    cut
 599  kcE           Gal        0.8069   2.37   0.0926   0.0143   -99.90  2    cut
 600  sn2006H       Ia-91bg    0.7026   2.35   0.1178   0.0181    10.40  0    cut
 601  sn1991A       Ic-norm    0.6363   2.33   0.1223   0.0182    32.60  1    cut
 602  sn1991N       Ic-norm    0.6959   2.30   0.1198   0.0224     7.60  1    cut
 603  lbv2003hy     LBV        0.6999   2.30   0.1043   0.0192   -99.90  2    cut
 604  sn2005mz      Ia-91bg    0.6999   2.29   0.1178   0.0175    10.20  0    cut
 605  sn2005ke      Ia-91bg    0.7162   2.27   0.1166   0.0180     8.40  0    cut
 606  sn2007ci      Ia-norm    0.7013   2.26   0.1203   0.0173    12.50  0    cut
 607  mstar         M-star     0.8069   2.25   0.0932   0.0150     1.00  2    cut
 608  sn2005bl      Ia-91bg    0.8069   2.20   0.1205   0.0189    12.60  0    cut
 609  sn2005cs      IIP        0.8069   2.17   0.1039   0.0161    12.70  0    cut
 610  kcSa          Gal        0.8069   2.17   0.0917   0.0146   -99.90  2    cut
 611  sn1980K       IIL        0.4833   2.16   0.1169   0.0160    12.00  0    cut
 612  sn1997dq      Ic-broad   0.8069   2.16   0.1191   0.0191    81.70  1    cut
 613  sn2006H       Ia-91bg    0.6986   2.16   0.1186   0.0179    11.40  0    cut
 614  sn1979C       IIL        0.4941   2.15  -0.0051   0.0174     9.90  0    cut
 615  sn2005cs      IIP        0.8069   2.15   0.1041   0.0165     9.80  0    cut
 616  sn2007al      Ia-91bg    0.7703   2.15   0.1198   0.0188    10.10  0    cut
 617  sn1995F       Ic-norm    0.8069   2.14   0.1191   0.0210    56.90  1    cut
 618  sn2005cc      Ia-pec     0.7121   2.13   0.1057   0.0191     5.60  0    cut
 619  mstar         M-star     0.8069   2.12   0.0924   0.0151     2.00  2    cut
 620  sn2007if      Ia-pec     0.6525   2.12   0.1153   0.0193    13.90  0    cut
 621  kcS0          Gal        0.8069   2.12   0.0926   0.0152   -99.90  2    cut
 622  sn1999di      Ib-norm    0.7094   2.12   0.1147   0.0231     0.00  1    cut
 623  sn2005cc      Ia-pec     0.6674   2.11   0.1016   0.0200     9.50  0    cut
 624  sn1993J       IIb        0.7825   2.11   0.1119   0.0241     6.60  0    cut
 625  sn2007al      Ia-91bg    0.6823   2.10   0.1175   0.0176    11.30  0    cut
 626  sn1993J       IIb        0.8069   2.09   0.1129   0.0208     5.50  0    cut
 627  sn1999by      Ia-91bg    0.7013   2.08   0.1184   0.0198     7.90  0    cut
 628  sn2002cx      Ia-pec     0.7013   2.08   0.1037   0.0192    11.30  0    cut
 629  sn1987A       II-pec     0.5754   2.07   0.1098   0.0189     9.30  0    cut
 630  sn2005hk      Ia-pec     0.7080   2.07   0.1025   0.0180    14.40  0    cut
 631  lbv2001ac     LBV        0.8069   2.05   0.0848   0.0179   -99.90  2    cut
 632  sn1991ar      Ib-norm    0.5348   2.02   0.1165   0.0210     0.00  1    cut
 633  sn2005hk      Ia-pec     0.5930   2.01   0.1000   0.0204    12.40  0    cut
 634  sn1987A       II-pec     0.6769   2.00   0.1095   0.0199    10.00  0    cut
 635  sn2005cs      IIP        0.7744   1.99   0.1047   0.0168     9.70  0    cut
 636  sn1987A       II-pec     0.6796   1.94   0.1092   0.0209     8.00  0    cut
 637  sn1987A       II-pec     0.6769   1.93   0.1092   0.0208    12.00  0    cut
 638  mstar         M-star     0.8069   1.93   0.0921   0.0150     3.00  2    cut
 639  sn2006H       Ia-91bg    0.7013   1.92   0.1186   0.0200    13.40  0    cut
 640  sn2005gj      Ia-csm     0.6282   1.91   0.1237   0.0226     7.70  0    cut
 641  sn1991A       Ic-norm    0.6295   1.90   0.1143   0.0225    16.80  1    cut
 642  sn2005ke      Ia-91bg    0.7094   1.90   0.1167   0.0204    10.40  0    cut
 643  sn1991A       Ic-norm    0.6728   1.89   0.1214   0.0195    47.50  1    cut
 644  sn1998bp      Ia-norm    0.6999   1.88   0.1172   0.0195    12.90  0    cut
 645  sn1987A       II-pec     0.6769   1.87   0.1096   0.0207    14.10  0    cut
 646  sn2005ke      Ia-91bg    0.7175   1.86   0.1165   0.0206    11.40  0    cut
 647  sn1999di      Ib-norm    0.5916   1.85   0.1192   0.0213    30.50  1    cut
 648  sn2006H       Ia-91bg    0.7053   1.84   0.1177   0.0217    12.40  0    cut
 649  sn2006H       Ia-91bg    0.7067   1.84   0.1176   0.0211    14.30  0    cut
 650  sn1999em      IIP        0.8069   1.79   0.1107   0.0228    11.10  0    cut
 651  sn2004et      IIP        0.8001   1.79   0.1106   0.0226    14.50  0    cut
 652  sn2005cs      IIP        0.7162   1.78   0.1051   0.0178    10.00  0    cut
 653  sn2005cs      IIP        0.7175   1.77   0.1058   0.0183     9.00  0    cut
 654  sn2005ke      Ia-91bg    0.7175   1.77   0.1168   0.0211    13.40  0    cut
 655  sn1991ar      Ib-norm    0.6850   1.77   0.1175   0.0194    27.40  1    cut
 656  sn1990aa      Ic-norm    0.7338   1.75   0.1249   0.0227    61.50  1    cut
 657  sn1991bg      Ia-91bg    0.7229   1.73   0.1203   0.0221    14.10  0    cut
 658  sn2005cs      IIP        0.7189   1.70   0.1062   0.0189     8.00  0    cut
 659  sn2005mz      Ia-91bg    0.6891   1.70   0.1176   0.0200    12.10  0    cut
 660  sn1990K       IIL        0.6390   1.69   0.4546   0.0204     0.00  1    cut
 661  sn1991ar      Ib-norm    0.4860   1.66   0.1193   0.0199    15.80  1    cut
 662  sn2004dj      IIP        0.5943   1.66   0.1055   0.0214    46.80  1    cut
 663  sn1993J       IIb        0.7162   1.66   0.1126   0.0285    12.00  0    cut
 664  sn1990K       IIL        0.7500   1.65   0.1114   0.0239    55.60  1    cut
 665  sn2004dj      IIP        0.5943   1.65   0.1060   0.0219    48.00  1    cut
 666  sn2004et      IIP        0.8069   1.65   0.1116   0.0238     8.60  0    cut
 667  sn2006bp      IIP        0.7121   1.64   0.1163   0.0235    15.10  0    cut
 668  kcSb          Gal        0.8069   1.63   0.0921   0.0246   -99.90  2    cut
 669  sn2004et      IIP        0.7216   1.62   0.1109   0.0227    12.00  0    cut
 670  sn1993J       IIb        0.7162   1.62   0.1123   0.0283    11.00  0    cut
 671  sn1979C       IIL        0.4955   1.61  -0.0036   0.0235    10.90  0    cut
 672  sn2004dj      IIP        0.5943   1.61   0.1070   0.0220    50.00  1    cut
 673  sn1998bp      Ia-norm    0.6986   1.61   0.1173   0.0206    14.80  0    cut
 674  sn1997dc      Ib-norm    0.7040   1.60   0.2147   0.0189     0.00  1    cut
 675  sn1995F       Ic-norm    0.8069   1.60   0.1219   0.0235    88.80  1    cut
 676  sn1990K       IIL        0.7080   1.60   0.0031   0.0213   160.90  1    cut
 677  kcSB2         Gal        0.8069   1.60   0.0335   0.0287   -99.90  2    cut
 678  sn2004et      IIP        0.7189   1.59   0.1119   0.0229    10.00  0    cut
 679  sn2004dj      IIP        0.5916   1.59   0.1074   0.0218    51.90  1    cut
 680  sn1987A       II-pec     0.5740   1.59   0.4350   0.0156    13.30  0    cut
 681  sn1998bw      Ic-broad   0.8069   1.59   0.1434   0.0440    13.70  0    cut
 682  sn1997cn      Ia-91bg    0.6552   1.59   0.1176   0.0206    11.90  0    cut
 683  sn1997dd      IIb        0.6986   1.57   0.1049   0.0292    16.40  1    cut
 684  kcSB1         Gal        0.8069   1.57   0.0338   0.0280   -99.90  2    cut
 685  sn1987A       II-pec     0.5781   1.56   0.3048   0.0364    11.30  0    cut
 686  sn1990K       IIL        0.6065   1.56   0.1135   0.0243    53.30  1    cut
 687  sn2006bp      IIP        0.7107   1.56   0.1178   0.0238    14.30  0    cut
 688  sn1990K       IIL        0.6796   1.55   0.1093   0.0258    76.30  1    cut
 689  sn2006H       Ia-91bg    0.6715   1.55   0.1184   0.0224    15.30  0    cut
 690  sn1997cn      Ia-91bg    0.6566   1.54   0.1178   0.0194    14.00  0    cut
 691  sn2005cs      IIP        0.7162   1.53   0.1075   0.0210     7.10  0    cut
 692  sn1990K       IIL        0.7243   1.51   0.0022   0.0216   202.50  1    cut
 693  sn1998T       Ib-norm    0.6255   1.50   0.1159   0.0245     0.00  1    cut
 694  mstar         M-star     0.8069   1.48   0.0914   0.0182     5.00  2    cut
 695  mstar         M-star     0.8069   1.47   0.0254   0.0213    10.00  2    cut
 696  sn1997dd      IIb        0.6972   1.47   0.1031   0.0285     3.60  1    cut
 697  sn1990K       IIL        0.7487   1.45   0.0021   0.0209   174.70  1    cut
 698  sn1991A       Ic-norm    0.5564   1.45   0.1230   0.0203    61.40  1    cut
 699  sn1997dq      Ic-broad   0.4549   1.45   0.1215   0.0228    42.80  1    cut
 700  sn1991A       Ic-norm    0.6661   1.45   0.1209   0.0209    65.10  1    cut
 701  sn1990K       IIL        0.7771   1.44   0.0030   0.0202   119.10  1    cut
 702  sn1988L       Ib-norm    0.6525   1.42   0.1224   0.0236    47.70  1    cut
 703  mstar         M-star     0.8069   1.42   0.0940   0.0226     4.00  2    cut
 704  sn1990B       Ic-norm    0.6634   1.39   0.1192   0.0244    15.40  0    cut
 705  sn1997cn      Ia-91bg    0.6539   1.39   0.1194   0.0230    10.90  0    cut
 706  sn2004dj      IIP        0.5970   1.38   0.1056   0.0240    50.60  1    cut
 707  mstar         M-star     0.8069   1.37   0.0884   0.0203     7.00  2    cut
 708  sn1979C       IIL        0.5537   1.36   0.3627   0.0212    12.90  0    cut
 709  sn2004dj      IIP        0.5713   1.33   0.1048   0.0259    36.00  1    cut
 710  sn1996cb      IIb        0.7067   1.31   0.1052   0.0315     6.00  0    cut
 711  sn1999em      IIP        0.7365   1.31   0.0146   0.0211     5.40  0    cut
 712  sn1990K       IIL        0.5821   1.31   0.0050   0.0228    50.50  1    cut
 713  sn1997cn      Ia-91bg    0.6539   1.30   0.1180   0.0209    15.00  0    cut
 714  sn1998bw      Ic-broad   0.8069   1.30   0.2384   0.0381    11.70  0    cut
 715  sn2004et      IIP        0.7229   1.30   0.1139   0.0254     6.20  0    cut
 716  sn1998bw      Ic-broad   0.8069   1.26   0.4653   0.0426     8.70  0    cut
 717  sn2002ap      Ic-broad   0.6011   1.26   0.1064   0.0367    12.70  0    cut
 718  sn2006bp      IIP        0.7080   1.26   0.0190   0.0231     7.20  0    cut
 719  sn1998bw      Ic-broad   0.8069   1.25   0.2322   0.0394    12.70  0    cut
 720  sn2004dj      IIP        0.6945   1.25   0.1090   0.0283    89.80  1    cut
 721  sn1997cn      Ia-91bg    0.6539   1.24   0.1171   0.0216    13.00  0    cut
 722  sn1990K       IIL        0.5659   1.22   0.1213   0.0286   201.60  1    cut
 723  sn1990K       IIL        0.6227   1.19   0.1396   0.0318   147.00  1    cut
 724  sn1999em      IIP        0.6986   1.18   0.0148   0.0222     6.40  0    cut
 725  sn2006bp      IIP        0.6661   1.16   0.1179   0.0358    13.20  0    cut
 726  mstar         M-star     0.8069   1.16   0.0265   0.0227     9.00  2    cut
 727  sn1997dq      Ic-broad   0.7771   1.15   0.1223   0.0295   222.20  1    cut
 728  sn1990K       IIL        0.6444   1.15   0.1177   0.0293   174.70  1    cut
 729  sn1996cb      IIb        0.7026   1.15   0.1040   0.0330     7.00  0    cut
 730  sn1999em      IIP        0.8069   1.15   0.0142   0.0214     6.20  0    cut
 731  lbv1999bw     LBV        0.6525   1.14   0.0063   0.0286   -99.90  2    cut
 732  sn2005cc      Ia-pec     0.6282   1.13   0.0928   0.0248    14.70  0    cut
 733  sn2005cs      IIP        0.6579   1.12   0.0007   0.0167    13.80  0    cut
 734  kcSB5         Gal        0.8069   1.10   0.0054   0.0214   -99.90  2    cut
 735  sn1990B       Ic-norm    0.4346   1.10   0.1055   0.0396     6.00  0    cut
 736  sn1980K       IIL        0.5185   1.08   0.1135   0.0250     9.00  0    cut
 737  kcSB6         Gal        0.8069   1.08   0.0039   0.0216   -99.90  2    cut
 738  sn2004dj      IIP        0.5672   1.07   0.1049   0.0445    20.00  1    cut
 739  mstar         M-star     0.8069   1.07   0.0878   0.0226     8.00  2    cut
 740  sn1999em      IIP        0.6972   1.07   0.1134   0.0373     9.40  0    cut
 741  sn1996L       IIn        0.6092   1.05   0.0678   0.0195     8.40  0    cut
 742  sn1990B       Ic-norm    0.4346   1.05   0.1052   0.0425     9.90  0    cut
 743  sn2004dj      IIP        0.5740   1.05   0.1049   0.0451    17.00  1    cut
 744  lbv1999bw     LBV        0.6999   1.04   0.3585   0.0214   -99.90  2    cut
 745  kcSB3         Gal        0.8069   1.03   0.0058   0.0205   -99.90  2    cut
 746  sn1997cy      IIn        0.8069   1.03   0.0045   0.0281   377.70  1    cut
 747  sn2003bg      IIb        0.6417   1.03   0.1090   0.0376    11.50  0    cut
 748  sn2004dj      IIP        0.5727   1.02   0.1058   0.0476    18.00  1    cut
 749  mstar         M-star     0.8069   1.02   0.4353   0.0257     6.00  2    cut
 750  sn1990B       Ic-norm    0.4346   1.01   0.1098   0.0419     7.00  0    cut
 751  kcSB4         Gal        0.8069   1.00   0.0063   0.0242   -99.90  2    cut
 752  sn1990B       Ic-norm    0.4346   1.00   0.1065   0.0401     5.90  0    cut
 753  agn           AGN        0.8069   0.99   0.0069   0.0363   -99.90  2    cut
 754  sn1980K       IIL        0.5280   0.99   0.4608   0.0229     7.00  0    cut
 755  sn1990aa      Ic-norm    0.7338   0.99   0.1297   0.0296   116.10  1    cut
 756  sn2002cx      Ia-pec     0.5226   0.97   0.1008   0.0267    15.20  0    cut
 757  sn1996cb      IIb        0.6864   0.96   0.1056   0.0438     7.90  0    cut
 758  sn1997cy      IIn        0.8069   0.96   0.0075   0.0283   174.50  1    cut
 759  sn1991A       Ic-norm    0.4833   0.95   0.1256   0.0277   128.30  1    cut
 760  lbv2003hy     LBV        0.6945   0.95   0.0612   0.0155   -99.90  2    cut
 761  sn1999em      IIP        0.6959   0.93   0.0122   0.0266     6.60  0    cut
 762  sn1997cy      IIn        0.8069   0.92   0.1234   0.0417    14.10  1    cut
 763  sn1999em      IIP        0.6864   0.89   0.0121   0.0280     5.60  0    cut
 764  sn2004dj      IIP        0.5551   0.89   0.0017   0.0218     0.00  1    cut
 765  lbv2001ac     LBV        0.6959   0.86   0.0083   0.0371   -99.90  2    cut
 766  sn1997cy      IIn        0.8069   0.86   0.0087   0.0276   116.80  1    cut
 767  sn1991N       Ic-norm    0.7175   0.86   0.0475   0.0271   276.10  1    cut
 768  kcSc          Gal        0.7581   0.85   0.0065   0.0426   -99.90  2    cut
 769  sn1990K       IIL        0.5320   0.84   0.1317   0.0361   139.00  1    cut
 770  sn1990K       IIL        0.6119   0.84   0.0407   0.0281   136.10  1    cut
 771  sn1992H       IIP        0.5767   0.83   0.0145   0.0292    11.50  0    cut
 772  sn2006bp      IIP        0.6742   0.82   0.1227   0.0372     8.10  0    cut
 773  sn2004dj      IIP        0.5510   0.79   0.0010   0.0221     2.70  1    cut
 774  sn1991N       Ic-norm    0.8069   0.78   0.1266   0.0531   250.20  1    cut
 775  sn1997cy      IIn        0.8001   0.77   0.1555   0.0542     0.00  1    cut
 776  sn1998bw      Ic-broad   0.8069   0.76  -0.0094   0.0000     7.80  0    cut
 777  sn1997cy      IIn        0.8069   0.75   0.1190   0.0468    57.20  1    cut
 778  sn2004dj      IIP        0.5740   0.74   0.0009   0.0220     5.00  1    cut
 779  sn1997cy      IIn        0.8069   0.73   0.0093   0.0320    71.30  1    cut
 780  sn1997cy      IIn        0.8042   0.72   0.0643   0.0289   226.10  1    cut
 781  sn1980K       IIL        0.4887   0.64   0.1808   0.0904    11.00  0    cut
 782  sn1997cy      IIn        0.8069   0.64   0.0337   0.0284   125.30  1    cut
 783  sn2004dj      IIP        0.5524   0.63   0.0807   0.0603     8.00  1    cut
 784  sn1997cy      IIn        0.8069   0.57   0.0440   0.0299   196.10  1    cut
 785  sn1997cy      IIn        0.8069   0.53   0.0552   0.0327    29.40  1    cut
