### SNID output file ###
 
### input spectrum and options ###
# Input spectrum                 : 16758_3.30.dat
# Parameter file                 : NA
# Wavelength range               :    4000.00   9000.00
# Mask file                      : NA
# Median filtering width [A]     : NA
# Median filtering width [pix]   :       1.00
# Clip emission redshift         :     0.3249
# Clip sky lines                 : 0
# Emission clip width [A]        :       0.32
# Keep A-band                    : 1
# Age range                      :      -1.70      8.30
# Delta range                    :      -9.99     99.90
# Min. number of spectra/template:   1
# Use only templates             : NA
# Use only types                 : NA
# Avoid templates                : NA
# Avoid types                    : NA
# rlapmin                        :      10.00
# Redshift range                 :    -0.0100    1.2000
# Forced initial redshift        :     0.3249
# Extra fake redshift            : NA
# Nsigma for initial redshift    : NA
# Redshift filter                :     0.0200
# Wavenumbers k1,k2,k3,k4        :     1    4   85  102
# Template directory             : /home/djperrefort/snid-5.0/templates-2.0/
 
### initial/user-input redshift ###
zinit       0.0000
zuser       0.3249
 
### median redshift/age and error ###
zmed        0.3196    0.0000
agem          4.80      0.00
 
### type fraction/redshift/age ###
#type ntemp fraction slope redshift redshift_error age age_error
Ia              1      1.00    0.0000    0.3196    0.0000     4.800     0.000
Ia-norm         1      1.00    0.0000    0.3196    0.0000     4.800     0.000
Ia-91T          0      0.00    0.0000    0.0000    0.0000     0.000     0.000
Ia-91bg         0      0.00    0.0000    0.0000    0.0000     0.000     0.000
Ia-csm          0      0.00    0.0000    0.0000    0.0000     0.000     0.000
Ia-pec          0      0.00    0.0000    0.0000    0.0000     0.000     0.000
###
Ib              0      0.00    0.0000    0.0000    0.0000     0.000     0.000
Ib-norm         0      0.00    0.0000    0.0000    0.0000     0.000     0.000
Ib-pec          0      0.00    0.0000    0.0000    0.0000     0.000     0.000
IIb             0      0.00    0.0000    0.0000    0.0000     0.000     0.000
###
Ic              0      0.00    0.0000    0.0000    0.0000     0.000     0.000
Ic-norm         0      0.00    0.0000    0.0000    0.0000     0.000     0.000
Ic-pec          0      0.00    0.0000    0.0000    0.0000     0.000     0.000
Ic-broad        0      0.00    0.0000    0.0000    0.0000     0.000     0.000
###
II              0      0.00    0.0000    0.0000    0.0000     0.000     0.000
IIP             0      0.00    0.0000    0.0000    0.0000     0.000     0.000
II-pec          0      0.00    0.0000    0.0000    0.0000     0.000     0.000
IIn             0      0.00    0.0000    0.0000    0.0000     0.000     0.000
IIL             0      0.00    0.0000    0.0000    0.0000     0.000     0.000
###
NotSN           0      0.00    0.0000    0.0000    0.0000     0.000     0.000
AGN             0      0.00    0.0000    0.0000    0.0000     0.000     0.000
Gal             0      0.00    0.0000    0.0000    0.0000     0.000     0.000
LBV             0      0.00    0.0000    0.0000    0.0000     0.000     0.000
M-star          0      0.00    0.0000    0.0000    0.0000     0.000     0.000
 
### rlap-ordered template listings ###
#no. sn type lap rlap z zerr age age_flag grade
   1  sn1996C       Ia-norm    0.6295  11.59   0.3196   0.0042     4.80  0   good
#--- rlap cutoff
   2  sn2002bo      Ia-norm    0.7852   9.92   0.3237   0.0057     5.20  0    cut
   3  sn2002bo      Ia-norm    0.7175   9.12   0.3307   0.0065    -1.70  0    cut
   4  sn2002ck      Ia-norm    0.6282   9.02   0.3199   0.0055     2.30  0    cut
   5  sn1999aw      Ia-91T     0.6620   8.95   0.3334   0.0070     2.90  0    cut
   6  sn1995E       Ia-norm    0.6444   8.89   0.3205   0.0056     3.90  0    cut
   7  sn1996C       Ia-norm    0.6295   8.73   0.3213   0.0056     2.00  0    cut
   8  sn2003fa      Ia-91T     0.6376   8.65   0.3192   0.0057     6.90  0    cut
   9  sn2001ck      Ia-norm    0.7798   8.50   0.3188   0.0060     5.80  0    cut
  10  sn2003fa      Ia-91T     0.6376   8.41   0.3185   0.0058     7.80  0    cut
  11  sn2002bo      Ia-norm    0.6904   8.39   0.3285   0.0069    -0.60  0    cut
  12  sn2005hj      Ia-91T     0.5456   8.33   0.3236   0.0062     0.50  0    cut
  13  sn2002ck      Ia-norm    0.6282   8.32   0.3205   0.0060     0.30  0    cut
  14  sn2002ck      Ia-norm    0.6282   8.20   0.3209   0.0063    -0.60  0    cut
  15  sn1981B       Ia-norm    0.8055   8.20   0.3279   0.0068    -1.50  0    cut
  16  sn1995D       Ia-norm    0.6539   8.18   0.3201   0.0065     3.60  0    cut
  17  sn2007kk      Ia-norm    0.7067   8.03   0.3245   0.0069     5.90  0    cut
  18  sn2007af      Ia-norm    0.6701   7.96   0.3173   0.0063     3.30  0    cut
  19  sn2006ot      Ia-norm    0.7162   7.95   0.3267   0.0077     2.50  0    cut
  20  sn2005hc      Ia-norm    0.7026   7.93   0.3187   0.0063     5.40  0    cut
  21  sn2005hj      Ia-91T     0.5388   7.90   0.3212   0.0062     5.10  0    cut
  22  sn2004fu      Ia-norm    0.6728   7.88   0.3250   0.0068     3.40  0    cut
  23  sn2007af      Ia-norm    0.6701   7.86   0.3168   0.0062     4.30  0    cut
  24  sn2002ck      Ia-norm    0.6282   7.85   0.3200   0.0061     4.20  0    cut
  25  sn2005hj      Ia-91T     0.5469   7.85   0.3235   0.0066     2.40  0    cut
  26  sn2006le      Ia-norm    0.6742   7.83   0.3240   0.0069     3.90  0    cut
  27  sn2006le      Ia-norm    0.6742   7.82   0.3222   0.0065     5.90  0    cut
  28  sn2002er      Ia-norm    0.7148   7.81   0.3197   0.0065     4.90  0    cut
  29  sn2003cg      Ia-norm    0.6607   7.81   0.3195   0.0065     4.00  0    cut
  30  sn1989B       Ia-norm    0.6498   7.81   0.3184   0.0068     2.60  0    cut
  31  sn2001br      Ia-norm    0.7622   7.81   0.3280   0.0070     2.50  0    cut
  32  sn2007af      Ia-norm    0.6688   7.78   0.3180   0.0065     2.30  0    cut
  33  sn2002bo      Ia-norm    0.6620   7.77   0.3322   0.0071    -1.50  0    cut
  34  sn2005hc      Ia-norm    0.7053   7.73   0.3179   0.0065     6.30  0    cut
  35  sn2007kk      Ia-norm    0.7053   7.68   0.3259   0.0072     5.00  0    cut
  36  sn2002er      Ia-norm    0.7527   7.66   0.3214   0.0068     2.90  0    cut
  37  sn2001ck      Ia-norm    0.6322   7.63   0.3212   0.0062     4.80  0    cut
  38  sn2008C       Ia-norm    0.6810   7.63   0.3201   0.0068     4.40  0    cut
  39  sn2006al      Ia-norm    0.7243   7.60   0.3204   0.0074     3.40  0    cut
  40  sn2007S       Ia-91T     0.6755   7.55   0.3227   0.0078     6.20  0    cut
  41  sn2000cf      Ia-norm    0.6349   7.51   0.3152   0.0064     3.90  0    cut
  42  sn2002de      Ia-norm    0.6255   7.50   0.3240   0.0064     3.70  0    cut
  43  sn2004fu      Ia-norm    0.6701   7.49   0.3255   0.0072     4.40  0    cut
  44  sn2006N       Ia-norm    0.6728   7.49   0.3187   0.0066     4.60  0    cut
  45  sn2006ev      Ia-norm    0.6931   7.47   0.3214   0.0069     5.50  0    cut
  46  sn2000dg      Ia-norm    0.6349   7.47   0.3202   0.0064     0.20  0    cut
  47  sn2002de      Ia-norm    0.6255   7.45   0.3257   0.0066     1.80  0    cut
  48  sn2007ae      Ia-norm    0.6498   7.45   0.3218   0.0075     3.30  0    cut
  49  sn2007co      Ia-norm    0.6931   7.45   0.3200   0.0066     6.60  0    cut
  50  sn2007fs      Ia-norm    0.6810   7.44   0.3189   0.0067     5.10  0    cut
  51  sn2005cf      Ia-norm    0.7107   7.43   0.3147   0.0067     7.20  0    cut
  52  sn2000dg      Ia-norm    0.6349   7.43   0.3196   0.0066    -0.80  0    cut
  53  sn1996X       Ia-norm    0.7879   7.41   0.3188   0.0066     1.10  0    cut
  54  sn2007le      Ia-norm    0.6715   7.41   0.3243   0.0067     5.40  0    cut
  55  sn2003cg      Ia-norm    0.6214   7.38   0.3200   0.0063     1.00  0    cut
  56  sn1996X       Ia-norm    0.7906   7.38   0.3195   0.0067     0.10  0    cut
  57  sn2001eh      Ia-91T     0.6349   7.36   0.3256   0.0070     3.70  0    cut
  58  sn2001fe      Ia-norm    0.6106   7.35   0.3254   0.0070    -1.70  0    cut
  59  sn2007fs      Ia-norm    0.6823   7.33   0.3198   0.0070     3.10  0    cut
  60  sn2004bg      Ia-norm    0.6187   7.32   0.3184   0.0063     5.70  0    cut
  61  sn1995E       Ia-norm    0.6986   7.32   0.3176   0.0065     5.90  0    cut
  62  sn2000cf      Ia-norm    0.6349   7.32   0.3158   0.0065     2.90  0    cut
  63  sn1989B       Ia-norm    0.7649   7.31   0.3212   0.0079    -1.30  0    cut
  64  sn2006le      Ia-norm    0.6755   7.24   0.3215   0.0069     6.90  0    cut
  65  sn2007af      Ia-norm    0.6661   7.21   0.3196   0.0071     0.30  0    cut
  66  sn2007kk      Ia-norm    0.7040   7.20   0.3264   0.0078     4.10  0    cut
  67  sn2008L       Ia-norm    0.6837   7.17   0.3208   0.0066     5.60  0    cut
  68  sn2006al      Ia-norm    0.7202   7.17   0.3192   0.0072     4.30  0    cut
  69  sn2001eh      Ia-91T     0.6349   7.16   0.3251   0.0071     4.70  0    cut
  70  sn1999aa      Ia-91T     0.6119   7.14   0.3260   0.0075    -0.20  0    cut
  71  sn2000dg      Ia-norm    0.6322   7.13   0.3175   0.0065     3.10  0    cut
  72  sn2007af      Ia-norm    0.6701   7.11   0.3159   0.0067     5.40  0    cut
  73  sn2001ep      Ia-norm    0.7270   7.11   0.3162   0.0073     2.80  0    cut
  74  sn1997Y       Ia-norm    0.5713   7.10   0.3186   0.0068     2.90  0    cut
  75  sn2008bf      Ia-norm    0.6877   7.09   0.3211   0.0070     7.50  0    cut
  76  sn2001fe      Ia-norm    0.6119   7.08   0.3251   0.0070     0.30  0    cut
  77  sn2007co      Ia-norm    0.6904   7.08   0.3225   0.0076     3.70  0    cut
  78  sn1991M       Ia-norm    0.6647   7.05   0.3276   0.0076     2.70  0    cut
  79  sn2002de      Ia-norm    0.6255   7.02   0.3251   0.0070     2.70  0    cut
  80  sn2006al      Ia-norm    0.6525   7.01   0.3193   0.0065     6.30  0    cut
  81  sn2003du      Ia-norm    0.6769   7.00   0.3165   0.0070     6.90  0    cut
  82  sn2007bc      Ia-norm    0.6850   6.99   0.3145   0.0068     4.30  0    cut
  83  sn2008ar      Ia-norm    0.6904   6.98   0.3174   0.0071     7.20  0    cut
  84  sn2006N       Ia-norm    0.6742   6.98   0.3203   0.0073     2.60  0    cut
  85  sn2004fu      Ia-norm    0.6728   6.97   0.3257   0.0077     2.40  0    cut
  86  sn2006cp      Ia-norm    0.6837   6.96   0.3235   0.0075     6.30  0    cut
  87  sn2007co      Ia-norm    0.6918   6.96   0.3205   0.0075     5.70  0    cut
  88  sn2006sr      Ia-norm    0.6864   6.94   0.3240   0.0071     3.90  0    cut
  89  sn2007ca      Ia-norm    0.6796   6.94   0.3188   0.0071     6.40  0    cut
  90  sn1999cl      Ia-norm    0.6674   6.92   0.3266   0.0082     0.70  0    cut
  91  sn2007co      Ia-norm    0.6904   6.90   0.3230   0.0078     2.70  0    cut
  92  sn2003ch      Ia-norm    0.6214   6.89   0.3140   0.0068     6.70  0    cut
  93  sn2006bq      Ia-norm    0.6837   6.88   0.3283   0.0078     5.30  0    cut
  94  sn1996ab      Ia-norm    0.6227   6.86   0.3200   0.0073     1.30  0    cut
  95  sn2007af      Ia-norm    0.6674   6.85   0.3202   0.0076    -0.60  0    cut
  96  sn2001eh      Ia-91T     0.6349   6.84   0.3267   0.0078    -0.10  0    cut
  97  sn2002cd      Ia-norm    0.6065   6.84   0.3377   0.0074     0.30  0    cut
  98  sn2006cf      Ia-norm    0.7040   6.81   0.3156   0.0076     6.50  0    cut
  99  sn1995E       Ia-norm    0.6715   6.77   0.3218   0.0078     1.00  0    cut
 100  sn2006N       Ia-norm    0.6755   6.76   0.3181   0.0070     5.60  0    cut
 101  sn2006al      Ia-norm    0.6850   6.76   0.3203   0.0073     2.50  0    cut
 102  sn2006cj      Ia-norm    0.7283   6.75   0.3230   0.0081    -0.20  0    cut
 103  sn1996ai      Ia-norm    0.6051   6.75   0.3227   0.0072     0.10  0    cut
 104  sn2001fe      Ia-norm    0.6119   6.75   0.3244   0.0071     3.20  0    cut
 105  sn2007ca      Ia-norm    0.6769   6.74   0.3196   0.0075     5.50  0    cut
 106  sn2002jy      Ia-norm    0.6173   6.73   0.3207   0.0068     7.00  0    cut
 107  sn2007co      Ia-norm    0.6891   6.73   0.3221   0.0077     4.60  0    cut
 108  sn2007fs      Ia-norm    0.6810   6.73   0.3197   0.0074     4.10  0    cut
 109  sn2008af      Ia-norm    0.6972   6.71   0.3226   0.0076     5.90  0    cut
 110  sn1998V       Ia-norm    0.6160   6.71   0.3221   0.0071     1.30  0    cut
 111  sn1998V       Ia-norm    0.6160   6.71   0.3215   0.0071     2.30  0    cut
 112  sn2006le      Ia-norm    0.6742   6.71   0.3245   0.0081     2.90  0    cut
 113  sn2002jy      Ia-norm    0.6173   6.70   0.3217   0.0070     6.00  0    cut
 114  sn1999dq      Ia-91T     0.6092   6.68   0.3247   0.0076     2.40  0    cut
 115  sn1996ai      Ia-norm    0.5375   6.66   0.3207   0.0070     2.20  0    cut
 116  sn2001eh      Ia-91T     0.6349   6.66   0.3239   0.0074     5.70  0    cut
 117  sn1998dx      Ia-norm    0.6498   6.65   0.3210   0.0072     5.90  0    cut
 118  sn2006sr      Ia-norm    0.6877   6.62   0.3249   0.0076     2.00  0    cut
 119  sn2007kk      Ia-norm    0.7040   6.62   0.3270   0.0082     3.20  0    cut
 120  sn2006sr      Ia-norm    0.6877   6.59   0.3239   0.0075     3.00  0    cut
 121  sn1999gp      Ia-91T     0.6255   6.59   0.3277   0.0081     2.90  0    cut
 122  sn1999dq      Ia-91T     0.6092   6.58   0.3255   0.0079     0.40  0    cut
 123  sn1995D       Ia-norm    0.6918   6.58   0.3193   0.0077     5.50  0    cut
 124  sn1995E       Ia-norm    0.6634   6.56   0.3230   0.0082    -0.90  0    cut
 125  sn1998dx      Ia-norm    0.6309   6.55   0.3228   0.0075     2.10  0    cut
 126  sn2007af      Ia-norm    0.6688   6.54   0.3207   0.0081    -1.60  0    cut
 127  sn2002hd      Ia-norm    0.6322   6.53   0.3211   0.0070     1.40  0    cut
 128  sn1998V       Ia-norm    0.6160   6.52   0.3227   0.0074     0.30  0    cut
 129  sn1992A       Ia-norm    0.8055   6.52   0.3307   0.0076     2.00  0    cut
 130  sn2005bo      Ia-norm    0.6755   6.52   0.3197   0.0080    -0.10  0    cut
 131  sn1990N       Ia-norm    0.8055   6.51   0.3179   0.0081     3.90  0    cut
 132  sn2006N       Ia-norm    0.6661   6.49   0.3215   0.0080     0.70  0    cut
 133  sn2006cp      Ia-norm    0.6837   6.49   0.3221   0.0078     7.30  0    cut
 134  sn1999dq      Ia-91T     0.6092   6.47   0.3250   0.0079     1.40  0    cut
 135  sn2006cf      Ia-norm    0.7040   6.47   0.3178   0.0083     3.70  0    cut
 136  sn1994ae      Ia-norm    0.6769   6.46   0.3199   0.0077     5.00  0    cut
 137  sn1992A       Ia-norm    0.8055   6.45   0.3339   0.0082    -0.80  0    cut
 138  sn2006al      Ia-norm    0.7270   6.45   0.3191   0.0074     5.40  0    cut
 139  sn2005am      Ia-norm    0.6674   6.45   0.3212   0.0077     4.90  0    cut
 140  sn2006cf      Ia-norm    0.7040   6.44   0.3166   0.0082     4.70  0    cut
 141  sn1992A       Ia-norm    0.8055   6.44   0.3285   0.0075     5.50  0    cut
 142  sn2001G       Ia-norm    0.6146   6.43   0.3242   0.0073     4.70  0    cut
 143  sn2007F       Ia-norm    0.6850   6.43   0.3220   0.0084    -0.90  0    cut
 144  sn1998aq      Ia-norm    0.6011   6.42   0.3202   0.0074     5.00  0    cut
 145  sn2006N       Ia-norm    0.6755   6.42   0.3207   0.0078     1.60  0    cut
 146  sn1998aq      Ia-norm    0.6011   6.40   0.3194   0.0074     6.00  0    cut
 147  sn1994ae      Ia-norm    0.6769   6.39   0.3205   0.0080     4.00  0    cut
 148  sn1989B       Ia-norm    0.6471   6.37   0.3170   0.0079     4.60  0    cut
 149  sn1994ae      Ia-norm    0.6769   6.34   0.3212   0.0082     3.00  0    cut
 150  sn2005cf      Ia-norm    0.6458   6.32   0.3177   0.0078     4.20  0    cut
 151  sn1999ac      Ia-91T     0.7202   6.30   0.3173   0.0090     2.70  0    cut
 152  sn2005na      Ia-norm    0.6864   6.30   0.3183   0.0083     1.40  0    cut
 153  sn2007A       Ia-norm    0.6810   6.29   0.3186   0.0082     4.50  0    cut
 154  sn1995D       Ia-norm    0.6877   6.28   0.3186   0.0080     7.50  0    cut
 155  sn2005cf      Ia-norm    0.7162   6.28   0.3152   0.0078     5.20  0    cut
 156  sn2002jy      Ia-norm    0.6173   6.27   0.3202   0.0072     8.00  0    cut
 157  sn2003du      Ia-norm    0.6783   6.27   0.3163   0.0078     7.90  0    cut
 158  sn2006sr      Ia-norm    0.6850   6.26   0.3252   0.0081     1.00  0    cut
 159  sn1998aq      Ia-norm    0.6011   6.26   0.3206   0.0077     4.00  0    cut
 160  sn2004gs      Ia-norm    0.6864   6.25   0.3204   0.0076    -0.30  0    cut
 161  sn2007co      Ia-norm    0.6877   6.25   0.3244   0.0086     1.70  0    cut
 162  sn2000cp      Ia-norm    0.6322   6.24   0.3241   0.0076    -1.50  0    cut
 163  sn2003it      Ia-norm    0.6227   6.24   0.3217   0.0073     5.70  0    cut
 164  sn2002jy      Ia-norm    0.6173   6.23   0.3228   0.0075     3.00  0    cut
 165  sn2006et      Ia-norm    0.6864   6.22   0.3196   0.0088     6.30  0    cut
 166  sn2007ca      Ia-norm    0.6783   6.21   0.3201   0.0084     3.40  0    cut
 167  sn2007cg      Ia-norm    0.6024   6.19   0.3270   0.0080     5.50  0    cut
 168  sn2003cg      Ia-norm    0.5930   6.19   0.3229   0.0079    -1.00  0    cut
 169  sn2003ch      Ia-norm    0.7703   6.17   0.3167   0.0084     1.80  0    cut
 170  sn2007co      Ia-norm    0.6918   6.17   0.3199   0.0080     7.50  0    cut
 171  sn2002jy      Ia-norm    0.6173   6.16   0.3234   0.0077     1.10  0    cut
 172  sn2005cf      Ia-norm    0.7351   6.16   0.3153   0.0080     6.20  0    cut
 173  sn1996ai      Ia-norm    0.6607   6.16   0.3229   0.0089    -0.90  0    cut
 174  sn1994M       Ia-norm    0.5848   6.15   0.3233   0.0082     5.60  0    cut
 175  sn2003du      Ia-norm    0.6647   6.15   0.3171   0.0086     2.90  0    cut
 176  sn1999ee      Ia-norm    0.7270   6.14   0.3276   0.0101    -0.20  0    cut
 177  sn2006S       Ia-norm    0.6620   6.12   0.3234   0.0091     4.10  0    cut
 178  sn2003du      Ia-norm    0.7365   6.12   0.3169   0.0083     4.00  0    cut
 179  sn2000cp      Ia-norm    0.6322   6.12   0.3233   0.0078    -0.50  0    cut
 180  sn2006cj      Ia-norm    0.7256   6.12   0.3211   0.0085     4.40  0    cut
 181  sn1999dq      Ia-91T     0.6106   6.11   0.3238   0.0082     3.40  0    cut
 182  sn2005am      Ia-norm    0.6999   6.11   0.3229   0.0082     3.00  0    cut
 183  sn1998aq      Ia-norm    0.6011   6.10   0.3210   0.0079     3.00  0    cut
 184  sn2008ar      Ia-norm    0.6891   6.09   0.3206   0.0086     3.10  0    cut
 185  sn2007F       Ia-norm    0.6850   6.09   0.3209   0.0084     3.00  0    cut
 186  sn2007bd      Ia-norm    0.6959   6.08   0.3249   0.0084     1.70  0    cut
 187  sn2007kk      Ia-norm    0.7053   6.08   0.3268   0.0091     2.10  0    cut
 188  sn1998aq      Ia-norm    0.6011   6.06   0.3214   0.0080     2.00  0    cut
 189  sn2006le      Ia-norm    0.6755   6.05   0.3208   0.0080     7.90  0    cut
 190  sn2005na      Ia-norm    0.6823   6.04   0.3192   0.0088    -1.50  0    cut
 191  sn2007kk      Ia-norm    0.7040   6.04   0.3297   0.0095    -0.80  0    cut
 192  sn1998aq      Ia-norm    0.6011   6.03   0.3218   0.0081     1.00  0    cut
 193  sn2008bf      Ia-norm    0.6877   6.03   0.3221   0.0085     4.50  0    cut
 194  sn2007nq      Ia-norm    0.7094   6.01   0.3196   0.0076     6.30  0    cut
 195  sn2002er      Ia-norm    0.6728   6.00   0.3245   0.0087    -1.10  0    cut
 196  sn2001cp      Ia-norm    0.6200   6.00   0.3233   0.0080     0.80  0    cut
 197  sn2004eo      Ia-norm    0.6688   6.00   0.3164   0.0085     2.90  0    cut
 198  sn2005A       Ia-norm    0.6783   5.99   0.3374   0.0095    -1.30  0    cut
 199  sn2005na      Ia-norm    0.6810   5.99   0.3179   0.0085     3.40  0    cut
 200  sn2008ar      Ia-norm    0.6877   5.99   0.3179   0.0085     5.00  0    cut
 201  sn2006ot      Ia-norm    0.7148   5.99   0.3319   0.0098    -0.40  0    cut
 202  sn1999ef      Ia-norm    0.6376   5.98   0.3215   0.0074     6.70  0    cut
 203  sn2006N       Ia-norm    0.6742   5.98   0.3175   0.0079     6.50  0    cut
 204  sn2007co      Ia-norm    0.6904   5.97   0.3248   0.0091     0.80  0    cut
 205  sn1999aa      Ia-91T     0.6999   5.96   0.3170   0.0105    -1.60  0    cut
 206  sn2002aw      Ia-norm    0.6241   5.96   0.3204   0.0077     1.10  0    cut
 207  sn2005am      Ia-norm    0.6701   5.96   0.3221   0.0084     3.90  0    cut
 208  sn2005cf      Ia-norm    0.6674   5.95   0.3170   0.0086     4.50  0    cut
 209  sn1998aq      Ia-norm    0.5997   5.95   0.3221   0.0083     0.00  0    cut
 210  sn1994T       Ia-norm    0.5578   5.94   0.3249   0.0085    -0.20  0    cut
 211  sn2003iv      Ia-norm    0.6295   5.94   0.3187   0.0076     3.40  0    cut
 212  sn2006et      Ia-norm    0.6864   5.93   0.3213   0.0094     2.40  0    cut
 213  sn2006ak      Ia-norm    0.6999   5.93   0.3228   0.0088     7.30  0    cut
 214  sn1998dm      Ia-norm    0.6051   5.92   0.3195   0.0077     6.50  0    cut
 215  sn2003ch      Ia-norm    0.6200   5.92   0.3157   0.0078     4.80  0    cut
 216  sn1998aq      Ia-norm    0.5997   5.89   0.3226   0.0085    -0.90  0    cut
 217  sn2007fb      Ia-norm    0.6837   5.89   0.3199   0.0084     5.60  0    cut
 218  sn2006cj      Ia-norm    0.7283   5.89   0.3242   0.0103    -1.20  0    cut
 219  sn1998dx      Ia-norm    0.6322   5.89   0.3264   0.0087    -1.70  0    cut
 220  sn2004bg      Ia-norm    0.6187   5.89   0.3197   0.0078     2.60  0    cut
 221  sn1998dm      Ia-norm    0.6051   5.88   0.3191   0.0077     7.40  0    cut
 222  sn2006sr      Ia-norm    0.6864   5.88   0.3274   0.0087    -0.90  0    cut
 223  sn2008Q       Ia-norm    0.6728   5.88   0.3224   0.0086    -0.30  0    cut
 224  sn2002jy      Ia-norm    0.6173   5.87   0.3242   0.0081     0.10  0    cut
 225  sn2006gz      Ia-pec     0.6187   5.87   0.3220   0.0076     6.20  0    cut
 226  sn2003ch      Ia-norm    0.6227   5.87   0.3169   0.0077     3.80  0    cut
 227  sn2006N       Ia-norm    0.6728   5.86   0.3233   0.0088    -1.30  0    cut
 228  sn1998dx      Ia-norm    0.6512   5.85   0.3234   0.0084     1.10  0    cut
 229  sn2002cd      Ia-norm    0.6079   5.84   0.3369   0.0085     2.20  0    cut
 230  sn1999ee      Ia-norm    0.7283   5.83   0.3248   0.0105     1.80  0    cut
 231  sn2007kk      Ia-norm    0.7067   5.83   0.3277   0.0094     1.10  0    cut
 232  sn1994ae      Ia-norm    0.8055   5.82   0.3170   0.0077     8.00  0    cut
 233  sn1994T       Ia-norm    0.5605   5.81   0.3233   0.0087     1.70  0    cut
 234  sn1999ac      Ia-91T     0.6999   5.81   0.3178   0.0099     0.40  0    cut
 235  sn2003kc      Ia-norm    0.6309   5.81   0.3290   0.0084    -0.90  0    cut
 236  sn2006cz      Ia-91T     0.6999   5.80   0.3273   0.0104    -1.00  0    cut
 237  sn2003du      Ia-norm    0.6634   5.78   0.3197   0.0092     0.90  0    cut
 238  sn1998eg      Ia-norm    0.6227   5.78   0.3195   0.0079     4.10  0    cut
 239  sn2003cg      Ia-norm    0.6011   5.78   0.3237   0.0082    -1.20  0    cut
 240  sn1999gp      Ia-91T     0.6255   5.77   0.3270   0.0088     4.90  0    cut
 241  sn2002aw      Ia-norm    0.6241   5.77   0.3218   0.0081    -0.90  0    cut
 242  sn2005el      Ia-norm    0.6769   5.76   0.3176   0.0091     4.00  0    cut
 243  sn1998es      Ia-91T     0.6783   5.76   0.3213   0.0099     1.50  0    cut
 244  sn2008ar      Ia-norm    0.6891   5.76   0.3192   0.0089     4.10  0    cut
 245  sn2006cf      Ia-norm    0.6986   5.76   0.3183   0.0095     1.80  0    cut
 246  sn2008bf      Ia-norm    0.6877   5.74   0.3226   0.0089     3.60  0    cut
 247  sn2006ac      Ia-norm    0.6674   5.72   0.3233   0.0083     6.20  0    cut
 248  sn1998es      Ia-91T     0.6755   5.72   0.3219   0.0101     0.50  0    cut
 249  sn2006gz      Ia-pec     0.6079   5.72   0.3272   0.0083    -1.60  0    cut
 250  sn2008Q       Ia-norm    0.6742   5.71   0.3229   0.0089    -1.20  0    cut
 251  sn2003it      Ia-norm    0.6227   5.71   0.3227   0.0080     3.70  0    cut
 252  sn2003cg      Ia-norm    0.6011   5.69   0.3226   0.0082     0.80  0    cut
 253  sn1999ek      Ia-norm    0.6160   5.69   0.3180   0.0079     3.30  0    cut
 254  sn2003it      Ia-norm    0.6214   5.69   0.3213   0.0080     6.60  0    cut
 255  sn2003ch      Ia-norm    0.6214   5.69   0.3187   0.0084     1.80  0    cut
 256  sn2006ax      Ia-norm    0.6769   5.68   0.3183   0.0094     0.50  0    cut
 257  sn2005M       Ia-91T     0.6810   5.66   0.3142   0.0098     5.10  0    cut
 258  sn2001fe      Ia-norm    0.6119   5.65   0.3230   0.0079     6.20  0    cut
 259  sn2003cq      Ia-norm    0.6295   5.64   0.3263   0.0082     0.00  0    cut
 260  sn2002cr      Ia-norm    0.6079   5.64   0.3143   0.0080     4.60  0    cut
 261  sn2005ki      Ia-norm    0.6810   5.63   0.3212   0.0090     1.00  0    cut
 262  sn2007ap      Ia-norm    0.6769   5.63   0.3162   0.0079     7.40  0    cut
 263  sn2004gs      Ia-norm    0.6891   5.62   0.3223   0.0087    -1.20  0    cut
 264  sn2002ha      Ia-norm    0.7703   5.62   0.3199   0.0095     1.70  0    cut
 265  sn2003it      Ia-norm    0.6227   5.62   0.3231   0.0081     2.70  0    cut
 266  sn2007kk      Ia-norm    0.7053   5.60   0.3303   0.0102    -1.70  0    cut
 267  sn1999dq      Ia-91T     0.6106   5.59   0.3219   0.0084     5.40  0    cut
 268  sn1992A       Ia-norm    0.6945   5.58   0.3284   0.0085     5.90  0    cut
 269  sn2005kc      Ia-norm    0.6728   5.58   0.3144   0.0081     6.70  0    cut
 270  sn2006cj      Ia-norm    0.7270   5.58   0.3184   0.0084     8.20  0    cut
 271  sn1998dx      Ia-norm    0.6309   5.58   0.3243   0.0089    -0.70  0    cut
 272  sn2003cq      Ia-norm    0.6309   5.56   0.3249   0.0081     1.00  0    cut
 273  sn2006X       Ia-norm    0.6674   5.56   0.3370   0.0099     1.30  0    cut
 274  sn1994T       Ia-norm    0.5578   5.55   0.3232   0.0094     0.80  0    cut
 275  sn2003cq      Ia-norm    0.6309   5.53   0.3267   0.0084    -0.90  0    cut
 276  sn1999gd      Ia-norm    0.6160   5.52   0.3190   0.0082     1.10  0    cut
 277  sn1994ae      Ia-norm    0.6783   5.52   0.3210   0.0093     0.90  0    cut
 278  sn2003cg      Ia-norm    0.6024   5.51   0.3216   0.0083     2.80  0    cut
 279  sn2007hj      Ia-norm    0.6796   5.51   0.3236   0.0089     1.40  0    cut
 280  sn1999ek      Ia-norm    0.6146   5.50   0.3207   0.0084    -0.60  0    cut
 281  sn2007bc      Ia-norm    0.6837   5.50   0.3129   0.0084     6.20  0    cut
 282  sn1997bp      Ia-norm    0.6106   5.50   0.3404   0.0096    -1.20  0    cut
 283  sn2005am      Ia-norm    0.6688   5.49   0.3193   0.0084     6.90  0    cut
 284  sn2006az      Ia-norm    0.6891   5.49   0.3166   0.0095    -1.00  0    cut
 285  sn2002hu      Ia-91T     0.6349   5.49   0.3210   0.0093    -0.70  0    cut
 286  sn2005am      Ia-norm    0.6701   5.49   0.3245   0.0093     2.00  0    cut
 287  sn1997bp      Ia-norm    0.6092   5.48   0.3391   0.0096    -0.20  0    cut
 288  sn2003du      Ia-norm    0.6647   5.48   0.3207   0.0098    -0.30  0    cut
 289  sn2000dn      Ia-norm    0.6349   5.48   0.3198   0.0086    -0.90  0    cut
 290  sn1994ae      Ia-norm    0.6769   5.47   0.3199   0.0093     2.00  0    cut
 291  sn1996X       Ia-norm    0.6106   5.47   0.3210   0.0083     2.20  0    cut
 292  sn1993ac      Ia-norm    0.8055   5.47   0.3263   0.0091     6.90  0    cut
 293  sn1994ae      Ia-norm    0.6769   5.47   0.3206   0.0095     0.00  0    cut
 294  sn1998bu      Ia-norm    0.5984   5.46   0.3231   0.0089    -1.60  0    cut
 295  sn2008bf      Ia-norm    0.6864   5.46   0.3235   0.0093     2.60  0    cut
 296  sn2006gz      Ia-pec     0.6877   5.45   0.3155   0.0082     8.20  0    cut
 297  sn2000fa      Ia-norm    0.6309   5.44   0.3276   0.0085     1.30  0    cut
 298  sn1998co      Ia-norm    0.6160   5.44   0.3184   0.0085     3.90  0    cut
 299  sn1996X       Ia-norm    0.7933   5.44   0.3174   0.0078     7.10  0    cut
 300  sn2003ic      Ia-norm    0.6512   5.44   0.3257   0.0091     3.40  0    cut
 301  sn2001br      Ia-norm    0.6187   5.44   0.3326   0.0089    -0.40  0    cut
 302  sn2005cf      Ia-norm    0.6661   5.43   0.3180   0.0094     3.50  0    cut
 303  sn2002bo      Ia-norm    0.6011   5.43   0.3310   0.0094    -1.50  0    cut
 304  sn2006gj      Ia-norm    0.6891   5.42   0.3193   0.0088    -0.70  0    cut
 305  sn2007co      Ia-norm    0.6918   5.42   0.3268   0.0103    -1.20  0    cut
 306  sn1999gp      Ia-91T     0.6255   5.42   0.3308   0.0100     0.00  0    cut
 307  sn1999ef      Ia-norm    0.6376   5.41   0.3208   0.0082     7.70  0    cut
 308  sn2006gz      Ia-pec     0.6173   5.41   0.3200   0.0081     8.20  0    cut
 309  sn1994M       Ia-norm    0.5862   5.40   0.3256   0.0091     4.70  0    cut
 310  sn2005cf      Ia-norm    0.7541   5.40   0.3155   0.0091     4.50  0    cut
 311  sn2003du      Ia-norm    0.6647   5.39   0.3205   0.0102    -1.30  0    cut
 312  sn2006gz      Ia-pec     0.6864   5.39   0.3163   0.0085     7.30  0    cut
 313  sn2003iv      Ia-norm    0.6309   5.39   0.3206   0.0083     1.40  0    cut
 314  sn1998es      Ia-91T     0.6783   5.39   0.3224   0.0110    -0.50  0    cut
 315  sn2002fk      Ia-norm    0.6065   5.39   0.3180   0.0087     2.50  0    cut
 316  sn2007bd      Ia-norm    0.6931   5.39   0.3273   0.0097    -1.30  0    cut
 317  sn2002fk      Ia-norm    0.6065   5.37   0.3199   0.0090    -1.50  0    cut
 318  sn2007le      Ia-norm    0.6701   5.36   0.3234   0.0087     7.40  0    cut
 319  sn2007ux      Ia-norm    0.6931   5.36   0.3177   0.0089     5.80  0    cut
 320  sn2003hu      Ia-91T     0.6688   5.35   0.3195   0.0101     7.50  0    cut
 321  sn1999cc      Ia-norm    0.6295   5.35   0.3235   0.0085     1.70  0    cut
 322  sn2002fk      Ia-norm    0.6051   5.34   0.3178   0.0088     4.40  0    cut
 323  sn2004dt      Ia-norm    0.7202   5.34   0.3245   0.0104     3.80  0    cut
 324  sn2007S       Ia-91T     0.6783   5.34   0.3255   0.0111    -0.70  0    cut
 325  sn2007qe      Ia-norm    0.6864   5.34   0.3269   0.0092     8.00  0    cut
 326  sn1994M       Ia-norm    0.5970   5.34   0.3277   0.0092     2.60  0    cut
 327  sn2001cp      Ia-norm    0.6200   5.33   0.3245   0.0091    -1.10  0    cut
 328  sn2001ay      Ia-norm    0.7622   5.32   0.3289   0.0099     3.30  0    cut
 329  sn2003it      Ia-norm    0.6227   5.31   0.3240   0.0085     1.70  0    cut
 330  sn1998ef      Ia-norm    0.6160   5.30   0.3281   0.0088     1.30  0    cut
 331  sn2002cd      Ia-norm    0.6092   5.30   0.3359   0.0092     3.20  0    cut
 332  sn2003cg      Ia-norm    0.6011   5.30   0.3232   0.0088    -0.20  0    cut
 333  sn1994M       Ia-norm    0.5997   5.30   0.3290   0.0092     1.60  0    cut
 334  sn2006gj      Ia-norm    0.6918   5.30   0.3170   0.0082     3.20  0    cut
 335  sn2006mo      Ia-norm    0.6999   5.29   0.3173   0.0084     5.20  0    cut
 336  sn2005A       Ia-norm    0.5754   5.29   0.3318   0.0100     1.50  0    cut
 337  sn2008ar      Ia-norm    0.6891   5.28   0.3211   0.0104     1.20  0    cut
 338  sn2007ci      Ia-norm    0.6810   5.26   0.3230   0.0088    -1.20  0    cut
 339  sn2007bm      Ia-norm    0.6715   5.26   0.3138   0.0086     6.60  0    cut
 340  sn2001bf      Ia-norm    0.6106   5.25   0.3229   0.0092     0.80  0    cut
 341  sn2006gz      Ia-pec     0.7121   5.25   0.3160   0.0093     5.30  0    cut
 342  sn2007co      Ia-norm    0.6918   5.25   0.3255   0.0105    -0.20  0    cut
 343  sn2007fb      Ia-norm    0.6810   5.24   0.3229   0.0097     1.70  0    cut
 344  sn1999aa      Ia-91T     0.5564   5.23   0.3194   0.0089     6.70  0    cut
 345  sn2003it      Ia-norm    0.6227   5.23   0.3251   0.0087     0.80  0    cut
 346  sn2002he      Ia-norm    0.6227   5.23   0.3253   0.0087     3.70  0    cut
 347  sn1994M       Ia-norm    0.5781   5.21   0.3270   0.0097     3.70  0    cut
 348  sn2002er      Ia-norm    0.6106   5.21   0.3218   0.0087     3.80  0    cut
 349  sn2006br      Ia-norm    0.6837   5.20   0.3288   0.0101     3.00  0    cut
 350  sn2004gs      Ia-norm    0.6877   5.20   0.3191   0.0086     1.70  0    cut
 351  sn2006X       Ia-norm    0.6674   5.20   0.3356   0.0104     2.30  0    cut
 352  sn2005be      Ia-norm    0.6972   5.19   0.3167   0.0084     7.70  0    cut
 353  sn2001E       Ia-norm    0.6160   5.19   0.3355   0.0095     2.80  0    cut
 354  sn1996X       Ia-norm    0.6106   5.19   0.3217   0.0087     1.20  0    cut
 355  sn2003U       Ia-norm    0.6268   5.19   0.3240   0.0090    -0.70  0    cut
 356  sn2003iv      Ia-norm    0.6322   5.18   0.3213   0.0086     0.50  0    cut
 357  sn2003ch      Ia-norm    0.6282   5.18   0.3165   0.0086     5.60  0    cut
 358  sn1997bp      Ia-norm    0.6106   5.17   0.3381   0.0100     0.80  0    cut
 359  sn1996X       Ia-norm    0.6106   5.17   0.3234   0.0090    -1.70  0    cut
 360  sn2004as      Ia-norm    0.6295   5.16   0.3250   0.0091     2.90  0    cut
 361  sn2005el      Ia-norm    0.6769   5.16   0.3185   0.0098     2.10  0    cut
 362  sn1996X       Ia-norm    0.6106   5.16   0.3222   0.0088     0.20  0    cut
 363  sn2003it      Ia-norm    0.6214   5.15   0.3201   0.0086     7.60  0    cut
 364  sn2003cg      Ia-norm    0.5997   5.14   0.3223   0.0089     1.90  0    cut
 365  sn2001eh      Ia-91T     0.7216   5.12   0.3230   0.0110     2.70  0    cut
 366  sn2003ic      Ia-norm    0.6512   5.12   0.3258   0.0092     4.30  0    cut
 367  sn1990N       Ia-norm    0.5794   5.11   0.3162   0.0091     1.60  0    cut
 368  sn2004ef      Ia-norm    0.6972   5.10   0.3229   0.0103     2.50  0    cut
 369  sn1996X       Ia-norm    0.6106   5.09   0.3228   0.0090    -0.80  0    cut
 370  sn2000fa      Ia-norm    0.6200   5.09   0.3258   0.0089     4.20  0    cut
 371  sn1992A       Ia-norm    0.6471   5.08   0.3292   0.0088     6.90  0    cut
 372  sn1990O       Ia-norm    0.6214   5.08   0.3298   0.0093    -0.90  0    cut
 373  sn2004ef      Ia-norm    0.6959   5.07   0.3256   0.0105     0.60  0    cut
 374  sn1986G       Ia-91bg    0.5456   5.07   0.3195   0.0099    -0.70  0    cut
 375  sn2003it      Ia-norm    0.6227   5.06   0.3258   0.0090    -0.20  0    cut
 376  sn2007hj      Ia-norm    0.6783   5.06   0.3273   0.0096    -1.50  0    cut
 377  sn2002er      Ia-norm    0.5984   5.06   0.3244   0.0093     0.90  0    cut
 378  sn1998co      Ia-norm    0.6160   5.05   0.3212   0.0089     1.00  0    cut
 379  sn1996ai      Ia-norm    0.6065   5.05   0.3224   0.0088     4.20  0    cut
 380  sn1996X       Ia-norm    0.6106   5.05   0.3173   0.0086     7.10  0    cut
 381  sn1997bp      Ia-norm    0.6106   5.05   0.3369   0.0101     1.80  0    cut
 382  sn2006bw      Ia-norm    0.6931   5.04   0.3169   0.0087     4.90  0    cut
 383  sn2007ae      Ia-norm    0.7297   5.03   0.3217   0.0111     2.30  0    cut
 384  sn2006N       Ia-norm    0.6728   5.03   0.3167   0.0088     7.50  0    cut
 385  sn2005cf      Ia-norm    0.6688   5.03   0.3184   0.0102     2.50  0    cut
 386  sn2008bf      Ia-norm    0.6850   5.02   0.3237   0.0104     0.70  0    cut
 387  sn1999ej      Ia-norm    0.6119   5.02   0.3176   0.0089     3.10  0    cut
 388  sn2007hj      Ia-norm    0.6783   5.01   0.3260   0.0096    -0.60  0    cut
 389  sn2008Z       Ia-norm    0.6864   5.01   0.3208   0.0093     7.60  0    cut
 390  sn2003ch      Ia-norm    0.6214   5.00   0.3196   0.0092     0.80  0    cut
 391  sn1998co      Ia-norm    0.6160   5.00   0.3220   0.0091     0.00  0    cut
 392  sn2003it      Ia-norm    0.6227   5.00   0.3260   0.0092    -1.10  0    cut
 393  sn2007hj      Ia-norm    0.6796   5.00   0.3222   0.0096     2.40  0    cut
 394  sn2002ha      Ia-norm    0.6133   5.00   0.3189   0.0088     5.60  0    cut
 395  sn2002fk      Ia-norm    0.6065   5.00   0.3159   0.0090     7.40  0    cut
 396  sn2004as      Ia-norm    0.6295   4.99   0.3255   0.0095     1.80  0    cut
 397  sn1997dt      Ia-norm    0.6038   4.98   0.3218   0.0092     2.20  0    cut
 398  sn2003cq      Ia-norm    0.6309   4.98   0.3252   0.0091     2.00  0    cut
 399  sn2004as      Ia-norm    0.6295   4.97   0.3277   0.0096    -0.10  0    cut
 400  sn1999ac      Ia-91T     0.6079   4.97   0.3224   0.0100    -0.90  0    cut
 401  sn2002cr      Ia-norm    0.6079   4.96   0.3176   0.0093     0.70  0    cut
 402  sn1994S       Ia-norm    0.5903   4.95   0.3206   0.0094     0.90  0    cut
 403  sn2001en      Ia-norm    0.6133   4.95   0.3250   0.0091     5.30  0    cut
 404  sn2003ch      Ia-norm    0.6227   4.95   0.3167   0.0092     2.80  0    cut
 405  sn2004ef      Ia-norm    0.6931   4.94   0.3241   0.0107     1.50  0    cut
 406  sn2005cf      Ia-norm    0.6674   4.93   0.3192   0.0106     1.60  0    cut
 407  sn2003W       Ia-norm    0.6173   4.93   0.3386   0.0106    -0.40  0    cut
 408  sn2001en      Ia-norm    0.6133   4.92   0.3256   0.0092     4.40  0    cut
 409  sn2006cj      Ia-norm    0.7297   4.91   0.3199   0.0079     5.40  0    cut
 410  sn2003hv      Ia-norm    0.5483   4.90   0.3182   0.0093     3.20  0    cut
 411  sn1997Y       Ia-norm    0.6200   4.90   0.3195   0.0092     1.90  0    cut
 412  sn2003W       Ia-norm    0.6133   4.89   0.3370   0.0107     0.60  0    cut
 413  sn2004at      Ia-norm    0.6200   4.89   0.3209   0.0093     2.20  0    cut
 414  sn1989B       Ia-norm    0.6390   4.88   0.3159   0.0097     6.60  0    cut
 415  sn2001bg      Ia-norm    0.6038   4.88   0.3242   0.0094     4.20  0    cut
 416  sn2004as      Ia-norm    0.6295   4.88   0.3288   0.0098    -1.00  0    cut
 417  sn2002he      Ia-norm    0.6227   4.87   0.3234   0.0091     5.60  0    cut
 418  sn2007bc      Ia-norm    0.6850   4.87   0.3122   0.0088     7.30  0    cut
 419  sn1997dt      Ia-norm    0.6024   4.86   0.3229   0.0096     0.20  0    cut
 420  sn2006cf      Ia-norm    0.7040   4.86   0.3170   0.0116     2.70  0    cut
 421  sn2001el      Ia-norm    0.4738   4.84   0.3252   0.0094     1.20  0    cut
 422  sn2001en      Ia-norm    0.6133   4.83   0.3283   0.0096     1.50  0    cut
 423  sn2003du      Ia-norm    0.6038   4.83   0.3206   0.0095     2.10  0    cut
 424  sn1997bp      Ia-norm    0.6106   4.83   0.3359   0.0104     2.80  0    cut
 425  sn1996C       Ia-norm    0.7243   4.82   0.3167   0.0097     7.80  0    cut
 426  sn2002eu      Ia-norm    0.6349   4.82   0.3202   0.0093     3.00  0    cut
 427  sn2004L       Ia-norm    0.6309   4.81   0.3203   0.0097     2.50  0    cut
 428  sn2001bf      Ia-norm    0.6133   4.80   0.3185   0.0094     4.70  0    cut
 429  sn2003iv      Ia-norm    0.6322   4.80   0.3224   0.0092    -1.40  0    cut
 430  sn2005A       Ia-norm    0.5984   4.79   0.3336   0.0108     0.60  0    cut
 431  sn1999ee      Ia-norm    0.6986   4.79   0.3201   0.0114     6.70  0    cut
 432  sn2003du      Ia-norm    0.6011   4.77   0.3210   0.0097     1.10  0    cut
 433  sn2000fa      Ia-norm    0.6200   4.77   0.3276   0.0096     2.20  0    cut
 434  sn2003iv      Ia-norm    0.6309   4.77   0.3212   0.0092    -0.50  0    cut
 435  sn1994D       Ia-norm    0.6024   4.76   0.3242   0.0098    -0.10  0    cut
 436  sn1994ae      Ia-norm    0.6769   4.76   0.3185   0.0094     7.90  0    cut
 437  sn1998ab      Ia-91T     0.6850   4.76   0.3126   0.0113     7.70  0    cut
 438  sn1999gp      Ia-91T     0.6255   4.75   0.3254   0.0101     6.90  0    cut
 439  sn2006S       Ia-norm    0.6904   4.75   0.3218   0.0112     3.20  0    cut
 440  sn2003cg      Ia-norm    0.5997   4.75   0.3178   0.0092     6.80  0    cut
 441  sn2003hu      Ia-91T     0.6701   4.74   0.3210   0.0124     0.10  0    cut
 442  sn1999ej      Ia-norm    0.6106   4.74   0.3199   0.0095     1.10  0    cut
 443  sn2003ic      Ia-norm    0.6512   4.73   0.3244   0.0099     5.30  0    cut
 444  sn2005cf      Ia-norm    0.6701   4.71   0.3198   0.0113     0.60  0    cut
 445  sn2007hj      Ia-norm    0.6796   4.70   0.3209   0.0101     3.40  0    cut
 446  sn1998eg      Ia-norm    0.6227   4.68   0.3212   0.0096    -0.80  0    cut
 447  sn1999cl      Ia-norm    0.6390   4.68   0.3292   0.0103    -1.30  0    cut
 448  sn1999aw      Ia-91T     0.4914   4.67   0.3302   0.0105    -1.00  0    cut
 449  sn2005eq      Ia-91T     0.6904   4.67   0.3209   0.0119     1.30  0    cut
 450  sn2006lf      Ia-norm    0.6173   4.66   0.3195   0.0093     5.30  0    cut
 451  sn2004ef      Ia-norm    0.6945   4.65   0.3274   0.0117    -0.40  0    cut
 452  sn1992A       Ia-norm    0.8055   4.65   0.3245   0.0095     8.20  0    cut
 453  sn2003ch      Ia-norm    0.6227   4.64   0.3197   0.0099    -0.20  0    cut
 454  sn2006cm      Ia-norm    0.6783   4.63   0.3250   0.0115    -1.00  0    cut
 455  sn2007cg      Ia-norm    0.6024   4.63   0.3269   0.0097     6.50  0    cut
 456  sn2007S       Ia-91T     0.6783   4.62   0.3199   0.0113     8.10  0    cut
 457  sn2004ef      Ia-norm    0.6918   4.61   0.3190   0.0105     6.30  0    cut
 458  sn2006lf      Ia-norm    0.6173   4.61   0.3184   0.0093     6.30  0    cut
 459  sn2003hv      Ia-norm    0.6349   4.61   0.3159   0.0093     8.20  0    cut
 460  sn2002kf      Ia-norm    0.6173   4.61   0.3214   0.0096     6.00  0    cut
 461  sn2002bf      Ia-norm    0.6227   4.60   0.3364   0.0106     1.80  0    cut
 462  sn2001bg      Ia-norm    0.6038   4.60   0.3235   0.0098     5.10  0    cut
 463  sn2001da      Ia-norm    0.7649   4.60   0.3284   0.0121    -1.00  0    cut
 464  sn2004at      Ia-norm    0.6200   4.58   0.3213   0.0098     1.20  0    cut
 465  sn1999cc      Ia-norm    0.6295   4.56   0.3264   0.0099    -0.20  0    cut
 466  sn2001fh      Ia-norm    0.6092   4.56   0.3172   0.0099     4.20  0    cut
 467  sn2008ar      Ia-norm    0.6891   4.55   0.3232   0.0120    -0.70  0    cut
 468  sn2006ac      Ia-norm    0.6823   4.54   0.3226   0.0098     7.10  0    cut
 469  sn2007au      Ia-norm    0.6837   4.54   0.3180   0.0100     1.10  0    cut
 470  sn2003iv      Ia-norm    0.6295   4.52   0.3155   0.0096     7.20  0    cut
 471  sn2006nz      Ia-norm    0.7067   4.51   0.3410   0.0120    -1.70  0    cut
 472  sn2005eq      Ia-91T     0.6877   4.51   0.3211   0.0127     0.40  0    cut
 473  sn2004gs      Ia-norm    0.6891   4.51   0.3183   0.0098     2.60  0    cut
 474  sn2004as      Ia-norm    0.6295   4.50   0.3222   0.0100     5.80  0    cut
 475  sn1999cc      Ia-norm    0.6295   4.49   0.3269   0.0100    -1.20  0    cut
 476  sn1997bp      Ia-norm    0.6106   4.48   0.3349   0.0109     3.80  0    cut
 477  sn2004gs      Ia-norm    0.6877   4.48   0.3177   0.0100     3.60  0    cut
 478  sn2002jg      Ia-norm    0.6146   4.47   0.3177   0.0097     4.50  0    cut
 479  sn2001en      Ia-norm    0.6146   4.47   0.3239   0.0098     6.30  0    cut
 480  sn2002dj      Ia-norm    0.6742   4.46   0.3233   0.0106     8.00  0    cut
 481  sn2006S       Ia-norm    0.6864   4.46   0.3231   0.0124     1.20  0    cut
 482  sn2004L       Ia-norm    0.6309   4.46   0.3187   0.0102     3.40  0    cut
 483  sn1991bg      Ia-91bg    0.5253   4.45   0.3144   0.0114     1.90  0    cut
 484  sn2004ef      Ia-norm    0.6931   4.44   0.3295   0.0126    -1.50  0    cut
 485  sn1996bo      Ia-norm    0.6214   4.43   0.3252   0.0100     3.30  0    cut
 486  sn2004at      Ia-norm    0.6200   4.43   0.3220   0.0103     0.20  0    cut
 487  sn2005am      Ia-norm    0.6701   4.42   0.3185   0.0098     7.90  0    cut
 488  sn2006S       Ia-norm    0.6904   4.42   0.3230   0.0129     0.20  0    cut
 489  snls03D3bb    Ia-pec     0.8055   4.41   0.3109   0.0113     2.00  0    cut
 490  sn1998dh      Ia-norm    0.6065   4.40   0.3252   0.0101    -0.60  0    cut
 491  sn2002er      Ia-norm    0.6079   4.40   0.3216   0.0100     4.10  0    cut
 492  sn1994M       Ia-norm    0.6241   4.40   0.3239   0.0102     6.60  0    cut
 493  sn1999aw      Ia-91T     0.6959   4.39   0.3327   0.0143     0.00  0    cut
 494  sn1998dx      Ia-norm    0.6498   4.39   0.3191   0.0101     7.80  0    cut
 495  sn2002fk      Ia-norm    0.6065   4.38   0.3153   0.0100     8.30  0    cut
 496  sn2004at      Ia-norm    0.6200   4.38   0.3228   0.0104    -0.70  0    cut
 497  sn2006gt      Ia-91bg    0.7080   4.37   0.3182   0.0108     1.30  0    cut
 498  sn2005cf      Ia-norm    0.6715   4.37   0.3203   0.0122    -0.30  0    cut
 499  sn1996X       Ia-norm    0.6106   4.36   0.3164   0.0097     8.10  0    cut
 500  sn2002kf      Ia-norm    0.6173   4.35   0.3200   0.0100     8.00  0    cut
 501  sn2001N       Ia-norm    0.6173   4.34   0.3320   0.0115     0.70  0    cut
 502  sn2001N       Ia-norm    0.6160   4.31   0.3295   0.0114     2.60  0    cut
 503  sn1997Y       Ia-norm    0.6079   4.31   0.3153   0.0099     6.90  0    cut
 504  sn2000cw      Ia-norm    0.6282   4.30   0.3192   0.0101     3.50  0    cut
 505  sn2004dt      Ia-norm    0.6769   4.29   0.3290   0.0131     2.30  0    cut
 506  sn2002kf      Ia-norm    0.6173   4.27   0.3228   0.0103     4.10  0    cut
 507  sn2006X       Ia-norm    0.6647   4.27   0.3334   0.0119     4.20  0    cut
 508  sn2002do      Ia-norm    0.6146   4.26   0.3195   0.0105     2.00  0    cut
 509  sn2001ep      Ia-norm    0.6119   4.25   0.3192   0.0104     0.80  0    cut
 510  sn2005cf      Ia-norm    0.7202   4.24   0.3177   0.0118     1.50  0    cut
 511  sn2006S       Ia-norm    0.6904   4.23   0.3233   0.0138    -0.70  0    cut
 512  sn2005cf      Ia-norm    0.6715   4.21   0.3213   0.0131    -1.40  0    cut
 513  sn1994T       Ia-norm    0.6146   4.20   0.3241   0.0124     0.80  0    cut
 514  sn2001ay      Ia-norm    0.8055   4.19   0.3245   0.0115     5.80  0    cut
 515  sn2004dt      Ia-norm    0.6972   4.17   0.3247   0.0130     3.30  0    cut
 516  sn2004L       Ia-norm    0.6309   4.17   0.3177   0.0108     5.30  0    cut
 517  sn2007hj      Ia-norm    0.6796   4.16   0.3204   0.0111     4.40  0    cut
 518  sn2008R       Ia-91bg    0.6769   4.15   0.3153   0.0104     5.30  0    cut
 519  sn1999aa      Ia-91T     0.7229   4.15   0.3183   0.0127     1.80  0    cut
 520  sn2006lf      Ia-norm    0.6024   4.14   0.3173   0.0105     7.30  0    cut
 521  sn2001ep      Ia-norm    0.6119   4.14   0.3172   0.0104     2.80  0    cut
 522  sn2003cg      Ia-norm    0.6079   4.12   0.3234   0.0105     1.80  0    cut
 523  sn2005eu      Ia-norm    0.6959   4.12   0.3198   0.0107     8.30  0    cut
 524  sn2002kf      Ia-norm    0.6173   4.11   0.3226   0.0107     3.10  0    cut
 525  sn2003cg      Ia-norm    0.6024   4.09   0.3168   0.0102     7.70  0    cut
 526  sn2008C       Ia-norm    0.6810   4.08   0.3171   0.0114     8.30  0    cut
 527  sn2001fh      Ia-norm    0.6106   4.08   0.3229   0.0109    -1.70  0    cut
 528  sn2002dp      Ia-norm    0.6106   4.07   0.3153   0.0104     7.10  0    cut
 529  sn2002cs      Ia-norm    0.6133   4.07   0.3315   0.0109     3.30  0    cut
 530  sn2001ep      Ia-norm    0.6119   4.06   0.3182   0.0106     1.80  0    cut
 531  sn2001ep      Ia-norm    0.6119   4.06   0.3200   0.0108    -0.10  0    cut
 532  sn2005hf      Ia-norm    0.7053   4.05   0.3160   0.0134     8.20  0    cut
 533  sn2000dk      Ia-norm    0.6160   4.05   0.3209   0.0107     0.80  0    cut
 534  sn2008ar      Ia-norm    0.6282   4.03   0.3266   0.0116    -1.70  0    cut
 535  sn2001ep      Ia-norm    0.7297   4.03   0.3125   0.0112     7.70  0    cut
 536  sn2002kf      Ia-norm    0.6160   4.02   0.3239   0.0109     2.20  0    cut
 537  sn1998bp      Ia-norm    0.6092   4.01   0.3195   0.0111    -0.90  0    cut
 538  sn1998bp      Ia-norm    0.6079   4.01   0.3179   0.0111     0.10  0    cut
 539  sn1996Z       Ia-norm    0.6106   4.00   0.3251   0.0109     4.10  0    cut
 540  sn2005cf      Ia-norm    0.7107   4.00   0.3199   0.0130    -1.20  0    cut
 541  sn2005M       Ia-91T     0.6796   4.00   0.3166   0.0152     0.20  0    cut
 542  sn2000dk      Ia-norm    0.6160   4.00   0.3180   0.0108     3.70  0    cut
 543  sn2004as      Ia-norm    0.6282   3.99   0.3212   0.0110     6.60  0    cut
 544  sn2006gr      Ia-norm    0.6959   3.98   0.3312   0.0163    -1.10  0    cut
 545  sn2002fk      Ia-norm    0.6065   3.97   0.3177   0.0112     6.50  0    cut
 546  sn2001ep      Ia-norm    0.6119   3.97   0.3163   0.0108     3.80  0    cut
 547  sn2006br      Ia-norm    0.6363   3.96   0.3303   0.0119     0.20  0    cut
 548  sn2007kk      Ia-norm    0.6268   3.95   0.3260   0.0106     7.90  0    cut
 549  sn2002eu      Ia-norm    0.6349   3.94   0.3243   0.0112     1.10  0    cut
 550  sn1995al      Ia-norm    0.6065   3.94   0.3272   0.0111     6.40  0    cut
 551  sn2001ep      Ia-norm    0.6119   3.93   0.3213   0.0112    -1.10  0    cut
 552  sn2004dt      Ia-norm    0.7040   3.92   0.3341   0.0147    -1.00  0    cut
 553  sn2000E       Ia-norm    0.5889   3.92   0.3167   0.0109     7.50  0    cut
 554  sn2004bk      Ia-norm    0.6214   3.91   0.3241   0.0111     6.40  0    cut
 555  sn1998bp      Ia-norm    0.6079   3.91   0.3166   0.0114     1.00  0    cut
 556  sn2001ep      Ia-norm    0.6119   3.90   0.3154   0.0109     4.80  0    cut
 557  sn2004dt      Ia-norm    0.6755   3.90   0.3332   0.0152    -0.70  0    cut
 558  sn2006X       Ia-norm    0.6661   3.88   0.3322   0.0128     5.20  0    cut
 559  sn1999ac      Ia-91T     0.6349   3.87   0.3173   0.0115     7.80  0    cut
 560  sn2004S       Ia-norm    0.7866   3.85   0.3231   0.0147     1.60  0    cut
 561  sn2006oa      Ia-91T     0.7229   3.81   0.3174   0.0158    -0.10  0    cut
 562  sn1996bo      Ia-norm    0.6214   3.80   0.3235   0.0111     5.20  0    cut
 563  sn2000cx      Ia-pec     0.5821   3.79   0.3331   0.0128    -0.30  0    cut
 564  sn2005cf      Ia-norm    0.7202   3.79   0.3204   0.0138    -1.50  0    cut
 565  sn1999gd      Ia-norm    0.6146   3.78   0.3137   0.0109     7.90  0    cut
 566  sn2001da      Ia-norm    0.6133   3.77   0.3247   0.0116     1.90  0    cut
 567  sn2001da      Ia-norm    0.6160   3.77   0.3238   0.0116     2.90  0    cut
 568  sn2000ce      Ia-norm    0.6146   3.76   0.3220   0.0113     6.70  0    cut
 569  sn2004eo      Ia-norm    0.7026   3.74   0.3116   0.0114     7.80  0    cut
 570  sn1998co      Ia-norm    0.6160   3.74   0.3147   0.0114     6.90  0    cut
 571  sn2001da      Ia-norm    0.6146   3.73   0.3266   0.0119     0.00  0    cut
 572  sn2004S       Ia-norm    0.7473   3.71   0.3155   0.0142     7.40  0    cut
 573  sn2006D       Ia-norm    0.7500   3.70   0.3271   0.0129    -1.40  0    cut
 574  sn2001en      Ia-norm    0.6133   3.67   0.3221   0.0113     8.30  0    cut
 575  sn2001ep      Ia-norm    0.6119   3.67   0.3144   0.0114     5.80  0    cut
 576  sn2002eu      Ia-norm    0.6336   3.66   0.3153   0.0114     7.80  0    cut
 577  sn2005cf      Ia-norm    0.7514   3.66   0.3192   0.0142    -0.20  0    cut
 578  sn2006bt      Ia-norm    0.6918   3.65   0.3235   0.0130    -0.10  0    cut
 579  sn2002kf      Ia-norm    0.6173   3.65   0.3248   0.0119     1.10  0    cut
 580  sn2006hb      Ia-91bg    0.6783   3.64   0.3160   0.0124     6.80  0    cut
 581  sn2001fh      Ia-norm    0.6092   3.62   0.3135   0.0121     7.20  0    cut
 582  sn2004dt      Ia-norm    0.6471   3.61   0.3308   0.0139     2.00  0    cut
 583  sn1986G       Ia-91bg    0.5916   3.61   0.3229   0.0122     0.30  0    cut
 584  sn2006D       Ia-norm    0.6688   3.61   0.3218   0.0128     4.50  0    cut
 585  sn2003cg      Ia-norm    0.6079   3.59   0.3178   0.0115     7.00  0    cut
 586  sn2007cg      Ia-norm    0.6011   3.58   0.3258   0.0124     7.50  0    cut
 587  sn1994T       Ia-norm    0.5578   3.58   0.3191   0.0128     4.70  0    cut
 588  sn1998ab      Ia-91T     0.5957   3.58   0.3164   0.0128     6.70  0    cut
 589  sn2006bt      Ia-norm    0.6918   3.56   0.3238   0.0135    -1.00  0    cut
 590  sn1986G       Ia-91bg    0.5957   3.55   0.3226   0.0123     1.30  0    cut
 591  sn2004as      Ia-norm    0.6295   3.55   0.3209   0.0119     7.60  0    cut
 592  sn1997br      Ia-91T     0.6972   3.54   0.3198   0.0124     7.20  0    cut
 593  sn1991N       Ic-norm    0.7757   3.51   0.1541   0.0239     0.00  1    cut
 594  sn2006X       Ia-norm    0.6661   3.51   0.3311   0.0138     6.20  0    cut
 595  sn2001ay      Ia-norm    0.6282   3.50   0.3318   0.0127     1.30  0    cut
 596  sn2006bt      Ia-norm    0.6945   3.50   0.3226   0.0134     0.90  0    cut
 597  sn2000cx      Ia-pec     0.6011   3.49   0.3321   0.0133    -0.40  0    cut
 598  sn2001N       Ia-norm    0.6336   3.49   0.3272   0.0132     4.40  0    cut
 599  sn2006eq      Ia-norm    0.6200   3.49   0.3201   0.0126     4.70  0    cut
 600  sn2000cu      Ia-norm    0.6146   3.48   0.3158   0.0120     7.30  0    cut
 601  sn2001ay      Ia-norm    0.6268   3.48   0.3344   0.0128    -1.50  0    cut
 602  sn2002bf      Ia-norm    0.6214   3.43   0.3325   0.0135     4.80  0    cut
 603  sn2006gt      Ia-91bg    0.7080   3.41   0.3174   0.0131     2.30  0    cut
 604  sn2001bf      Ia-norm    0.6133   3.41   0.3149   0.0120     7.60  0    cut
 605  sn2001gc      Ia-norm    0.6160   3.40   0.3326   0.0133     3.40  0    cut
 606  sn2002bf      Ia-norm    0.6227   3.40   0.3317   0.0128     5.70  0    cut
 607  sn2001ay      Ia-norm    0.6282   3.40   0.3296   0.0130     3.30  0    cut
 608  sn2000cx      Ia-pec     0.5429   3.37   0.3286   0.0130     6.60  0    cut
 609  sn2000cx      Ia-pec     0.6024   3.37   0.3324   0.0141    -1.30  0    cut
 610  sn2006hb      Ia-91bg    0.6796   3.37   0.3157   0.0129     7.70  0    cut
 611  sn2003ic      Ia-norm    0.6512   3.36   0.3230   0.0129     7.20  0    cut
 612  sn1991T       Ia-91T     0.8055   3.36   0.1679   0.0202    -1.50  0    cut
 613  sn2005mc      Ia-norm    0.6837   3.36   0.3143   0.0126     5.60  0    cut
 614  sn1999ej      Ia-norm    0.6119   3.34   0.3119   0.0122     8.10  0    cut
 615  sn2006bt      Ia-norm    0.6904   3.34   0.3220   0.0135     1.90  0    cut
 616  sn2002eu      Ia-norm    0.6336   3.34   0.3174   0.0122     5.00  0    cut
 617  sn2001ep      Ia-norm    0.6119   3.34   0.3134   0.0122     6.80  0    cut
 618  sn2004dt      Ia-norm    0.6485   3.34   0.3321   0.0148     1.00  0    cut
 619  sn2001gc      Ia-norm    0.6146   3.32   0.3316   0.0133     4.40  0    cut
 620  sn2006bt      Ia-norm    0.7324   3.27   0.3200   0.0146     2.90  0    cut
 621  sn2001ay      Ia-norm    0.6282   3.26   0.3289   0.0132     4.20  0    cut
 622  sn1996Z       Ia-norm    0.6106   3.26   0.3236   0.0128     6.10  0    cut
 623  sn2007hj      Ia-norm    0.6796   3.25   0.3182   0.0136     6.30  0    cut
 624  sn1984A       Ia-norm    0.5361   3.23   0.3234   0.0146     8.10  0    cut
 625  sn2005bf      Ib-pec     0.7974   3.22   0.3056   0.0169     3.40  0    cut
 626  sn1999gh      Ia-norm    0.6038   3.21   0.3157   0.0137     5.50  0    cut
 627  sn2005M       Ia-91T     0.6810   3.18   0.3198   0.0182    -1.70  0    cut
 628  sn2006bt      Ia-norm    0.6945   3.18   0.3191   0.0139     4.70  0    cut
 629  sn2001E       Ia-norm    0.6173   3.16   0.3305   0.0134     7.70  0    cut
 630  sn2006bt      Ia-norm    0.6945   3.15   0.3210   0.0143     2.80  0    cut
 631  sn2005bf      Ib-pec     0.6810   3.15   0.3048   0.0167    -1.60  0    cut
 632  sn2003ic      Ia-norm    0.6512   3.13   0.3209   0.0123     8.00  0    cut
 633  sn2002ic      Ia-csm     0.7811   3.12   0.3181   0.0146     5.60  0    cut
 634  sn2000cx      Ia-pec     0.5700   3.11   0.3336   0.0146    -1.30  0    cut
 635  sn1996bk      Ia-norm    0.6106   3.11   0.3196   0.0139     2.50  0    cut
 636  sn2006X       Ia-norm    0.6674   3.02   0.3298   0.0150     7.30  0    cut
 637  sn2005bf      Ib-pec     0.6783   3.02   0.3056   0.0170     2.20  0    cut
 638  sn2001ep      Ia-norm    0.6119   2.99   0.3124   0.0133     7.80  0    cut
 639  sn2005bf      Ib-pec     0.6810   2.98   0.3054   0.0179     3.20  0    cut
 640  sn1997do      Ia-norm    0.6079   2.97   0.3230   0.0134     8.20  0    cut
 641  sn2002fb      Ia-91bg    0.6133   2.97   0.3218   0.0151     0.30  0    cut
 642  sn2005bf      Ib-pec     0.6769   2.96   0.3042   0.0176     1.20  0    cut
 643  sn2002bf      Ia-norm    0.6227   2.95   0.3304   0.0143     6.70  0    cut
 644  sn2001gc      Ia-norm    0.6160   2.94   0.3308   0.0144     5.30  0    cut
 645  sn2005bf      Ib-pec     0.6796   2.93   0.3049   0.0179     5.20  0    cut
 646  sn2001ay      Ia-norm    0.6471   2.92   0.3230   0.0150     7.80  0    cut
 647  sn2000cx      Ia-pec     0.5997   2.92   0.3301   0.0145     6.60  0    cut
 648  sn2002es      Ia-91bg    0.6146   2.91   0.3004   0.0143     2.10  0    cut
 649  sn2006bt      Ia-norm    0.6931   2.91   0.3177   0.0151     5.70  0    cut
 650  sn2005bf      Ib-pec     0.6796   2.91   0.3049   0.0176    -0.70  0    cut
 651  sn1996bo      Ia-norm    0.6214   2.90   0.3219   0.0135     7.10  0    cut
 652  sn2001ay      Ia-norm    0.6268   2.88   0.3251   0.0146     7.20  0    cut
 653  sn2007hj      Ia-norm    0.6796   2.86   0.3174   0.0148     7.30  0    cut
 654  sn1997br      Ia-91T     0.6092   2.86   0.3161   0.0147     7.90  0    cut
 655  lbv2001ac     LBV        0.7378   2.85   0.2670   0.0120   -99.90  2    cut
 656  sn1999gh      Ia-norm    0.6051   2.85   0.3148   0.0149     6.50  0    cut
 657  sn2004aw      Ic-norm    0.7473   2.84   0.3320   0.0156    -1.70  0    cut
 658  sn2002es      Ia-91bg    0.6146   2.80   0.2991   0.0149     4.10  0    cut
 659  sn1991N       Ic-norm    0.7744   2.80   0.1475   0.0216    12.00  1    cut
 660  sn2006gt      Ia-91bg    0.7094   2.78   0.3157   0.0148     3.30  0    cut
 661  sn1991N       Ic-norm    0.7311   2.77   0.1479   0.0208    27.90  1    cut
 662  sn2005bf      Ib-pec     0.6810   2.76   0.3048   0.0193     6.20  0    cut
 663  sn2001da      Ia-norm    0.6160   2.75   0.3192   0.0143     7.80  0    cut
 664  sn2006X       Ia-norm    0.6701   2.73   0.3287   0.0163     8.20  0    cut
 665  sn1996Z       Ia-norm    0.6106   2.72   0.3213   0.0145     8.10  0    cut
 666  sn1984L       Ib-norm    0.5415   2.68   0.2968   0.0172     8.00  0    cut
 667  kcSb          Gal        0.8055   2.66   0.4781   0.0168   -99.90  2    cut
 668  sn1999bh      Ia-91bg    0.5551   2.65   0.2969   0.0160     5.10  0    cut
 669  sn2004aw      Ic-norm    0.7270   2.64   0.3286   0.0165    -0.20  0    cut
 670  sn1991bg      Ia-91bg    0.5632   2.63   0.3127   0.0176     2.10  0    cut
 671  sn2007if      Ia-pec     0.7866   2.62   0.3055   0.0121     4.70  0    cut
 672  sn1999gh      Ia-norm    0.6051   2.61   0.3137   0.0160     7.40  0    cut
 673  sn2007ax      Ia-91bg    0.6728   2.57   0.3178   0.0180    -0.80  0    cut
 674  sn2004aw      Ic-norm    0.6173   2.56   0.3311   0.0181    -1.30  0    cut
 675  mstar         M-star     0.6566   2.54   0.2875   0.0174     0.00  2    cut
 676  sn2004aw      Ic-norm    0.6133   2.52   0.3263   0.0181     0.80  0    cut
 677  sn2000cx      Ia-pec     0.7053   2.50   0.1705   0.0197     4.70  0    cut
 678  sn2000cx      Ia-pec     0.7067   2.50   0.1690   0.0201     5.70  0    cut
 679  sn2002es      Ia-91bg    0.6146   2.50   0.2991   0.0160     5.10  0    cut
 680  sn2005hk      Ia-pec     0.5686   2.49   0.2954   0.0171     3.60  0    cut
 681  sn2005ke      Ia-91bg    0.6647   2.49   0.3126   0.0153     0.50  0    cut
 682  sn2007if      Ia-pec     0.8055   2.45   0.3061   0.0135     6.10  0    cut
 683  sn2001gc      Ia-norm    0.6146   2.45   0.3280   0.0166     7.30  0    cut
 684  sn1995F       Ic-norm    0.6579   2.45   0.3114   0.0244     0.00  1    cut
 685  lbv2003hy     LBV        0.6187   2.44   0.2979   0.0164   -99.90  2    cut
 686  sn1998dt      Ib-norm    0.7324   2.43   0.3094   0.0246     7.90  0    cut
 687  sn2008ae      Ia-pec     0.6173   2.42   0.3005   0.0168     2.80  0    cut
 688  sn2007hj      Ia-norm    0.7541   2.42   0.3170   0.0163     8.20  0    cut
 689  mstar         M-star     0.6593   2.41   0.2847   0.0128     3.00  2    cut
 690  sn2006eu      Ia-norm    0.6891   2.40   0.3186   0.0187     8.00  0    cut
 691  mstar         M-star     0.6579   2.39   0.2835   0.0125     5.00  2    cut
 692  kcSa          Gal        0.8055   2.37   0.2744   0.0142   -99.90  2    cut
 693  sn2007if      Ia-pec     0.7866   2.36   0.3054   0.0140     6.60  0    cut
 694  sn2005cc      Ia-pec     0.6106   2.36   0.2917   0.0172     4.60  0    cut
 695  sn2007ba      Ia-91bg    0.7013   2.35   0.3210   0.0185     3.10  0    cut
 696  sn2004aw      Ic-norm    0.6173   2.34   0.3210   0.0187     1.90  0    cut
 697  sn1986G       Ia-91bg    0.6173   2.34   0.3236   0.0167    -1.20  0    cut
 698  sn1986G       Ia-91bg    0.6187   2.33   0.3195   0.0164    -0.20  0    cut
 699  sn2006aj      Ic-broad   0.7717   2.33   0.1835   0.0245     2.50  0    cut
 700  mstar         M-star     0.6552   2.33   0.2860   0.0157     1.00  2    cut
 701  sn2000H       IIb        0.6119   2.32   0.3047   0.0184     7.70  0    cut
 702  kcE           Gal        0.8055   2.32   0.2765   0.0182   -99.90  2    cut
 703  sn2007al      Ia-91bg    0.6755   2.31   0.3110   0.0190     2.40  0    cut
 704  sn2006bz      Ia-91bg    0.6200   2.30   0.3207   0.0173    -1.40  0    cut
 705  mstar         M-star     0.6593   2.29   0.2840   0.0144     2.00  2    cut
 706  sn2004aw      Ic-norm    0.6133   2.27   0.3236   0.0196     1.60  0    cut
 707  sn2005ke      Ia-91bg    0.6661   2.27   0.3108   0.0168     2.40  0    cut
 708  sn2004aw      Ic-norm    0.6146   2.27   0.3221   0.0187     2.60  0    cut
 709  sn2006em      Ia-91bg    0.6850   2.26   0.1435   0.0214     3.70  0    cut
 710  sn1995F       Ic-norm    0.6904   2.24   0.3074   0.0257     0.20  1    cut
 711  sn1986G       Ia-91bg    0.6187   2.23   0.3211   0.0170     0.80  0    cut
 712  mstar         M-star     0.6579   2.23   0.2817   0.0161     7.00  2    cut
 713  sn2006H       Ia-91bg    0.6755   2.23   0.3127   0.0202     4.50  0    cut
 714  sn1999by      Ia-91bg    0.6607   2.22   0.3135   0.0174     2.90  0    cut
 715  sn1991bg      Ia-91bg    0.6512   2.22   0.3145   0.0186     2.10  0    cut
 716  sn2008A       Ia-pec     0.6810   2.22   0.3031   0.0158     0.00  0    cut
 717  sn1999ex      Ib-norm    0.7392   2.22   0.3178   0.0218     0.40  0    cut
 718  sn1999dn      Ib-norm    0.6403   2.21   0.3041   0.0240     6.90  1    cut
 719  sn1997cn      Ia-91bg    0.6607   2.17   0.3092   0.0185     3.90  0    cut
 720  sn2008A       Ia-pec     0.6796   2.17   0.3024   0.0154     1.00  0    cut
 721  sn2006bz      Ia-91bg    0.6891   2.17   0.3209   0.0187     0.70  0    cut
 722  sn2005bf      Ib-pec     0.6810   2.16   0.3056   0.0236     8.20  0    cut
 723  sn1998de      Ia-91bg    0.6146   2.15   0.3228   0.0184    -0.30  0    cut
 724  sn2007al      Ia-91bg    0.6742   2.15   0.3100   0.0195     5.30  0    cut
 725  sn2000H       IIb        0.6119   2.14   0.3051   0.0201     6.70  0    cut
 726  kcS0          Gal        0.8055   2.12   0.2768   0.0186   -99.90  2    cut
 727  sn2006H       Ia-91bg    0.6728   2.12   0.3153   0.0200     5.50  0    cut
 728  sn1999cl      Ia-norm    0.6051   2.11   0.3189   0.0184     7.60  0    cut
 729  sn2000cn      Ia-91bg    0.6214   2.11   0.3142   0.0176     8.30  0    cut
 730  sn2007if      Ia-pec     0.7365   2.11   0.3050   0.0133     5.60  0    cut
 731  sn2000cx      Ia-pec     0.7067   2.10   0.1719   0.0221     0.70  0    cut
 732  sn2007al      Ia-91bg    0.6742   2.10   0.3143   0.0202     3.30  0    cut
 733  sn2002ap      Ic-broad   0.5957   2.10   0.1804   0.0325    -1.40  0    cut
 734  sn2008ae      Ia-pec     0.6931   2.08   0.3030   0.0139     0.90  0    cut
 735  mstar         M-star     0.6566   2.08   0.2843   0.0186     4.00  2    cut
 736  sn1998de      Ia-91bg    0.6146   2.05   0.3182   0.0199     2.70  0    cut
 737  lbv2003hy     LBV        0.6214   2.05   0.1249   0.0221   -99.90  2    cut
 738  sn1999by      Ia-91bg    0.5997   2.04   0.3117   0.0194     4.00  0    cut
 739  sn2005hk      Ia-pec     0.6755   2.04   0.2993   0.0170    -1.40  0    cut
 740  sn2008ae      Ia-pec     0.6945   2.02   0.3039   0.0140    -1.00  0    cut
 741  sn2002ap      Ic-broad   0.6904   2.02   0.1598   0.0444     4.70  0    cut
 742  sn2007ba      Ia-91bg    0.5970   2.01   0.3116   0.0202     6.00  0    cut
 743  sn2008A       Ia-pec     0.6810   2.01   0.3029   0.0174    -1.00  0    cut
 744  sn2007al      Ia-91bg    0.6755   2.00   0.3099   0.0199     4.30  0    cut
 745  sn2006H       Ia-91bg    0.6485   1.99   0.3140   0.0216     7.50  0    cut
 746  mstar         M-star     0.6579   1.98   0.2791   0.0123     8.00  2    cut
 747  sn2007ba      Ia-91bg    0.7026   1.98   0.3167   0.0205     5.10  0    cut
 748  sn1991bg      Ia-91bg    0.6241   1.97   0.3163   0.0200     0.90  0    cut
 749  sn2006aj      Ic-broad   0.6336   1.96   0.3646   0.0215    -0.40  0    cut
 750  kcSc          Gal        0.8055   1.94   0.2604   0.0111   -99.90  2    cut
 751  sn2005bf      Ib-pec     0.5848   1.94   0.3006   0.0208    -0.90  0    cut
 752  sn2007ax      Ia-91bg    0.5794   1.94   0.3118   0.0202     1.10  0    cut
 753  sn2004aw      Ic-norm    0.6173   1.93   0.3207   0.0203     3.10  0    cut
 754  sn2007al      Ia-91bg    0.6755   1.93   0.3191   0.0214     8.30  0    cut
 755  sn1998dt      Ib-norm    0.6133   1.92   0.3076   0.0216     3.90  0    cut
 756  sn1999by      Ia-91bg    0.5997   1.92   0.3112   0.0205     5.00  0    cut
 757  sn1990B       Ic-norm    0.4048   1.92   0.4117   0.0195     6.00  0    cut
 758  sn2004aw      Ic-norm    0.6133   1.92   0.3204   0.0217     3.60  0    cut
 759  sn2008ae      Ia-pec     0.6945   1.91   0.3025   0.0155     1.90  0    cut
 760  sn2008ae      Ia-pec     0.6945   1.90   0.3016   0.0155    -0.10  0    cut
 761  sn2007Y       Ib-norm    0.6336   1.90   0.3001   0.0255     7.90  0    cut
 762  sn2005bl      Ia-91bg    0.6864   1.90   0.3146   0.0218     4.70  0    cut
 763  lbv2003hy     LBV        0.6200   1.88   0.1260   0.0249   -99.90  2    cut
 764  sn2005cc      Ia-pec     0.6701   1.88   0.1160   0.0220     5.60  0    cut
 765  sn2008D       Ib-pec     0.6376   1.87   0.3120   0.0226     5.50  0    cut
 766  lbv2003hy     LBV        0.6214   1.87   0.1247   0.0248   -99.90  2    cut
 767  sn1990B       Ic-norm    0.4048   1.84   0.4123   0.0195     5.90  0    cut
 768  sn2005ke      Ia-91bg    0.6607   1.84   0.3100   0.0205     6.40  0    cut
 769  lbv2003hy     LBV        0.6227   1.83   0.1235   0.0294   -99.90  2    cut
 770  sn2002ap      Ic-broad   0.7189   1.83   0.3166   0.0206     2.70  0    cut
 771  kcSB3         Gal        0.8055   1.82   0.4583   0.0109   -99.90  2    cut
 772  sn2007if      Ia-pec     0.7365   1.80   0.3047   0.0149     7.40  0    cut
 773  sn2006aj      Ic-broad   0.6322   1.80   0.3664   0.0243    -1.40  0    cut
 774  sn2005cs      IIP        0.6607   1.80   0.7142   0.0167     4.00  0    cut
 775  sn2005cc      Ia-pec     0.6715   1.79   0.2926   0.0139     2.60  0    cut
 776  sn2006bz      Ia-91bg    0.6850   1.79   0.1568   0.0324    -0.30  0    cut
 777  sn1999by      Ia-91bg    0.6011   1.79   0.3116   0.0218     5.90  0    cut
 778  mstar         M-star     0.6566   1.78   0.2787   0.0157     6.00  2    cut
 779  sn2005cs      IIP        0.6634   1.78   0.0532   0.0193     2.10  0    cut
 780  sn2005cc      Ia-pec     0.6701   1.77   0.2921   0.0143     3.60  0    cut
 781  sn1997dq      Ic-broad   0.7297   1.77   0.3189   0.0273     1.00  1    cut
 782  sn1991N       Ic-norm    0.7541   1.76   0.3164   0.0292     6.60  1    cut
 783  sn2005cs      IIP        0.6620   1.75   0.7137   0.0160     5.00  0    cut
 784  sn1999by      Ia-91bg    0.6011   1.74   0.3115   0.0227     6.90  0    cut
 785  sn1993J       IIb        0.6403   1.74   0.3030   0.0240     1.40  0    cut
 786  sn1994I       Ic-norm    0.6011   1.74   0.3191   0.0220    -1.60  0    cut
 787  sn2006aj      Ic-broad   0.5402   1.72   0.3595   0.0243     1.50  0    cut
 788  sn2005cs      IIP        0.6634   1.71   0.0533   0.0197     3.10  0    cut
 789  sn2008D       Ib-pec     0.6160   1.70   0.3094   0.0221     4.40  0    cut
 790  sn1997dc      Ib-norm    0.5348   1.70   0.0059   0.0251     0.00  1    cut
 791  sn2004aw      Ic-norm    0.6742   1.69   0.3208   0.0230     5.30  0    cut
 792  sn2005cs      IIP        0.6417   1.69   0.7144   0.0174     3.80  0    cut
 793  sn1991N       Ic-norm    0.7527   1.69   0.1488   0.0440     5.70  1    cut
 794  sn2006H       Ia-91bg    0.6755   1.69   0.3206   0.0222     6.50  0    cut
 795  kcSB5         Gal        0.8055   1.68   0.3199   0.0064   -99.90  2    cut
 796  lbv2003hy     LBV        0.6200   1.67   0.2990   0.0215   -99.90  2    cut
 797  sn1991N       Ic-norm    0.7541   1.67   0.1497   0.0282     7.60  1    cut
 798  sn1999by      Ia-91bg    0.5997   1.67   0.3119   0.0257     7.90  0    cut
 799  sn1994I       Ic-norm    0.5997   1.66   0.3176   0.0227    -0.60  0    cut
 800  sn1993J       IIb        0.6349   1.64   0.3071   0.0254    -1.60  0    cut
 801  sn1990B       Ic-norm    0.4048   1.64   0.4105   0.0237     5.00  0    cut
 802  sn1998dt      Ib-norm    0.6133   1.63   0.3028   0.0255     6.90  0    cut
 803  sn1999em      IIP        0.7162   1.63   0.0559   0.0225     0.20  0    cut
 804  sn2005cs      IIP        0.6566   1.63   0.0511   0.0214     0.80  0    cut
 805  sn1998dt      Ib-norm    0.6133   1.62   0.3163   0.0224     0.00  0    cut
 806  sn2005gj      Ia-csm     0.6119   1.62   0.3170   0.0248     7.70  0    cut
 807  lbv2003hy     LBV        0.6200   1.62   0.1264   0.0291   -99.90  2    cut
 808  sn1994I       Ic-norm    0.6336   1.60   0.3199   0.0217     0.10  0    cut
 809  sn1999em      IIP        0.6755   1.60   0.0566   0.0212     2.40  0    cut
 810  sn1990B       Ic-norm    0.4048   1.60   0.4130   0.0224     7.00  0    cut
 811  sn1991ar      Ib-norm    0.4671   1.59   0.4111   0.0168    15.80  1    cut
 812  sn2002ap      Ic-broad   0.5957   1.59   0.1777   0.0414    -0.40  0    cut
 813  sn1995F       Ic-norm    0.6918   1.58   0.3126   0.0267    56.90  1    cut
 814  sn1997dq      Ic-broad   0.6891   1.57   0.3157   0.0226    27.90  1    cut
 815  sn1997dq      Ic-broad   0.6891   1.57   0.3157   0.0226    27.90  1    cut
 816  sn1999em      IIP        0.6498   1.56   0.0569   0.0212     0.40  0    cut
 817  lbv2003hy     LBV        0.6187   1.55   0.2969   0.0207   -99.90  2    cut
 818  sn2005cs      IIP        0.6620   1.55   0.7138   0.0156     7.10  0    cut
 819  sn1990K       IIL        0.6227   1.55   0.4908   0.0228     0.00  1    cut
 820  sn2002cx      Ia-pec     0.6214   1.55   0.3097   0.0273    -1.40  0    cut
 821  sn2004et      IIP        0.6607   1.54   0.7210   0.0173     4.00  0    cut
 822  sn1999em      IIP        0.6471   1.54   0.0569   0.0214     1.40  0    cut
 823  sn1998S       IIn        0.5496   1.53   0.4953   0.0190     1.90  0    cut
 824  sn1995F       Ic-norm    0.7541   1.53   0.4981   0.0229    35.70  1    cut
 825  sn2005cs      IIP        0.6620   1.53   0.0512   0.0218     1.00  0    cut
 826  sn2005cs      IIP        0.6634   1.52   0.7132   0.0154     8.00  0    cut
 827  sn1999em      IIP        0.6579   1.52   0.0539   0.0194     5.40  0    cut
 828  sn2006bp      IIP        0.6051   1.52   0.7282   0.0193     4.20  0    cut
 829  sn2004et      IIP        0.6593   1.51   0.0584   0.0213    -0.90  0    cut
 830  sn1995F       Ic-norm    0.6295   1.50   0.3178   0.0277    11.00  1    cut
 831  sn1994I       Ic-norm    0.6011   1.49   0.3148   0.0250     1.30  0    cut
 832  sn2007Y       Ib-norm    0.5700   1.48   0.2873   0.0258     4.90  0    cut
 833  sn1997dd      IIb        0.6728   1.48   0.2894   0.0340     0.00  1    cut
 834  sn2006bp      IIP        0.6051   1.48   0.7302   0.0208     3.30  0    cut
 835  kcSB4         Gal        0.8055   1.48   0.2639   0.0116   -99.90  2    cut
 836  sn1998dt      Ib-norm    0.6133   1.47   0.3167   0.0251     0.90  0    cut
 837  sn1999dn      Ib-norm    0.6133   1.46   0.2961   0.0288     0.00  1    cut
 838  sn2007ax      Ia-91bg    0.5781   1.46   0.3112   0.0263     2.00  0    cut
 839  sn1995F       Ic-norm    0.6918   1.45   0.3044   0.0324    29.10  1    cut
 840  sn2004et      IIP        0.6539   1.45   0.0586   0.0212     1.00  0    cut
 841  sn1999em      IIP        0.7175   1.44   0.7207   0.0206     6.20  0    cut
 842  sn1993J       IIb        0.6255   1.44   0.2962   0.0286     3.40  0    cut
 843  sn1994I       Ic-norm    0.6024   1.44   0.3146   0.0262     2.30  0    cut
 844  sn1995F       Ic-norm    0.6918   1.44   0.3120   0.0301    35.80  1    cut
 845  sn1983V       Ic-norm    0.6160   1.44   0.3224   0.0272     4.00  0    cut
 846  sn1994I       Ic-norm    0.6024   1.43   0.3136   0.0267     3.50  0    cut
 847  sn2006bp      IIP        0.6295   1.43   0.7274   0.0196     7.20  0    cut
 848  sn1998S       IIn        0.6837   1.43   0.0114   0.0206    -1.50  0    cut
 849  sn1998bw      Ic-broad   0.7013   1.41   0.3988   0.0293     7.80  0    cut
 850  sn1999em      IIP        0.6566   1.41   0.0561   0.0235    -0.60  0    cut
 851  sn2004et      IIP        0.6579   1.40   0.7198   0.0179     6.20  0    cut
 852  lbv2003hy     LBV        0.6187   1.40   0.2967   0.0246   -99.90  2    cut
 853  sn1992ar      Ic-norm    0.6173   1.39   0.3164   0.0259     3.40  0    cut
 854  mstar         M-star     0.6566   1.39   0.0002   0.0100     9.00  2    cut
 855  sn1996cb      IIb        0.5970   1.38   0.2852   0.0239     0.90  0    cut
 856  sn1995F       Ic-norm    0.5984   1.38   0.3061   0.0331     4.00  1    cut
 857  sn1993J       IIb        0.6742   1.38   0.1299   0.0259     3.70  0    cut
 858  kcSB6         Gal        0.8055   1.38   0.1322   0.0089   -99.90  2    cut
 859  sn2005cs      IIP        0.6620   1.37   0.0494   0.0234     0.10  0    cut
 860  sn2004et      IIP        0.6485   1.37   0.0580   0.0214     2.00  0    cut
 861  sn2005cs      IIP        0.5009   1.36   0.4085   0.0177     0.80  0    cut
 862  sn2002ap      Ic-broad   0.5997   1.36   0.1737   0.0526     0.60  0    cut
 863  sn2005cs      IIP        0.6579   1.34   0.0502   0.0260    -0.20  0    cut
 864  agn           AGN        0.8055   1.33   0.2030   0.0161   -99.90  2    cut
 865  sn1997dd      IIb        0.6106   1.32   0.2849   0.0245     3.60  1    cut
 866  sn1987A       II-pec     0.5713   1.32   0.6745   0.0167     3.30  0    cut
 867  sn1997dq      Ic-broad   0.4549   1.32   0.4080   0.0231    42.80  1    cut
 868  sn1997cy      IIn        0.7202   1.31   0.1951   0.0290   377.70  1    cut
 869  sn1993J       IIb        0.6566   1.31   0.1268   0.0264     5.50  0    cut
 870  sn1988L       Ib-norm    0.4833   1.30   0.4136   0.0151    47.70  1    cut
 871  sn1995F       Ic-norm    0.5984   1.30   0.3076   0.0335     1.90  1    cut
 872  sn1997dq      Ic-broad   0.5997   1.30   0.3159   0.0311     0.00  1    cut
 873  sn1997dq      Ic-broad   0.7283   1.29   0.3166   0.0269    81.70  1    cut
 874  sn1990K       IIL        0.4129   1.29   0.3971   0.0204    50.50  1    cut
 875  sn1994I       Ic-norm    0.7432   1.29   0.3195   0.0302     2.60  0    cut
 876  sn1999di      Ib-norm    0.5402   1.29   0.0086   0.0318     0.00  1    cut
 877  sn1999em      IIP        0.5997   1.28   0.7186   0.0204     6.40  0    cut
 878  sn1996cb      IIb        0.6051   1.28   0.2831   0.0215     6.00  0    cut
 879  sn1993J       IIb        0.6471   1.25   0.1279   0.0254     3.80  0    cut
 880  lbv2003hy     LBV        0.6187   1.25   0.2900   0.0209   -99.90  2    cut
 881  sn1997cy      IIn        0.8028   1.24   0.0385   0.0200    29.40  1    cut
 882  sn1993J       IIb        0.6458   1.24   0.1274   0.0267     4.60  0    cut
 883  sn1988L       Ib-norm    0.5320   1.23   0.3145   0.0368     0.00  1    cut
 884  sn1997dd      IIb        0.6119   1.22   0.2817   0.0248    16.40  1    cut
 885  sn1996cb      IIb        0.6038   1.22   0.2848   0.0215     5.00  0    cut
 886  sn1991ar      Ib-norm    0.5158   1.22   0.0922   0.0227    27.40  1    cut
 887  sn1991A       Ic-norm    0.5618   1.22   0.3116   0.0415     0.00  1    cut
 888  sn2002ap      Ic-broad   0.5185   1.22   0.3118   0.0312     6.50  0    cut
 889  sn1990aa      Ic-norm    0.5645   1.21   0.1711   0.0348    61.50  1    cut
 890  sn1996cb      IIb        0.6011   1.20   0.2825   0.0216     7.00  0    cut
 891  sn1997dq      Ic-broad   0.6011   1.20   0.3168   0.0267    17.90  1    cut
 892  lbv1999bw     LBV        0.5524   1.20   0.7230   0.0153   -99.90  2    cut
 893  sn2002ap      Ic-broad   0.5172   1.19   0.1658   0.0608     1.50  0    cut
 894  sn1997dq      Ic-broad   0.6011   1.19   0.3171   0.0288    14.90  1    cut
 895  sn1997dq      Ic-broad   0.6024   1.18   0.3167   0.0268    21.90  1    cut
 896  sn2006bp      IIP        0.4941   1.18   0.0518   0.0315    -1.70  0    cut
 897  mstar         M-star     0.6579   1.17   0.0003   0.0106    10.00  2    cut
 898  sn1991ar      Ib-norm    0.5131   1.17   0.0107   0.0315     0.00  1    cut
 899  sn1997cy      IIn        0.7202   1.17   0.1703   0.0340     0.00  1    cut
 900  sn1990B       Ic-norm    0.4373   1.16   0.4064   0.0223     4.00  0    cut
 901  sn2004dj      IIP        0.5253   1.16   0.2680   0.0160    89.80  1    cut
 902  sn1998T       Ib-norm    0.4562   1.16   0.4221   0.0219     0.00  1    cut
 903  sn1997cy      IIn        0.7202   1.15   0.1438   0.0356    14.10  1    cut
 904  sn1997ef      Ic-broad   0.4847   1.14   0.3163   0.0337     6.90  0    cut
 905  sn1997dq      Ic-broad   0.6024   1.14   0.3167   0.0263    26.90  1    cut
 906  sn2006bp      IIP        0.5036   1.13   0.7327   0.0263     2.10  0    cut
 907  lbv2003hy     LBV        0.6200   1.13   0.2455   0.0180   -99.90  2    cut
 908  sn2004dj      IIP        0.4738   1.13   0.1403   0.0133    51.90  1    cut
 909  sn2005cs      IIP        0.6634   1.13   0.0489   0.0286    -0.80  0    cut
 910  kcSB1         Gal        0.8055   1.12   0.0382   0.0220   -99.90  2    cut
 911  sn1997cy      IIn        0.6877   1.12   0.1963   0.0314   174.50  1    cut
 912  sn1997cy      IIn        0.7189   1.12   0.2002   0.0292    71.30  1    cut
 913  sn1991A       Ic-norm    0.4603   1.11   0.4112   0.0275    16.80  1    cut
 914  sn1980K       IIL        0.5253   1.11   0.4057   0.0187     7.00  0    cut
 915  sn1990K       IIL        0.5808   1.11   0.6938   0.0208    55.60  1    cut
 916  sn1990aa      Ic-norm    0.5645   1.11   0.3298   0.0252   116.10  1    cut
 917  sn2004dj      IIP        0.4779   1.09   0.3988   0.0211    50.60  1    cut
 918  lbv1999bw     LBV        0.6011   1.09   1.0453   0.0217   -99.90  2    cut
 919  sn1999di      Ib-norm    0.4224   1.09   0.6625   0.0263    30.50  1    cut
 920  sn1990K       IIL        0.5794   1.09   0.1839   0.0299   174.70  1    cut
 921  sn1990K       IIL        0.5808   1.08   0.6909   0.0231    53.30  1    cut
 922  sn2002ap      Ic-broad   0.5997   1.08   0.3190   0.0320     4.60  0    cut
 923  kcSB2         Gal        0.8055   1.08   0.0395   0.0230   -99.90  2    cut
 924  sn1997cy      IIn        0.7202   1.07   0.1675   0.0263   125.30  1    cut
 925  sn1998S       IIn        0.5943   1.07   0.8236   0.0246     2.70  0    cut
 926  sn2006bp      IIP        0.4928   1.06   0.7356   0.0284     0.10  0    cut
 927  sn1990K       IIL        0.6065   1.05   0.1833   0.0269   174.70  1    cut
 928  sn1990aa      Ic-norm    0.5659   1.05   0.3109   0.0413     0.00  1    cut
 929  sn1997cy      IIn        0.7202   1.05   0.3976   0.0321   116.80  1    cut
 930  sn2002ap      Ic-broad   0.5997   1.05   0.3177   0.0358     6.60  0    cut
 931  sn1991A       Ic-norm    0.5090   1.04   0.4146   0.0246    47.50  1    cut
 932  sn1997ei      Ic-norm    0.4562   1.03   0.4122   0.0229     0.00  1    cut
 933  sn1990K       IIL        0.5551   1.03   0.1860   0.0452   202.50  1    cut
 934  sn2002ap      Ic-broad   0.5997   1.02   0.3205   0.0323     3.60  0    cut
 935  sn1991A       Ic-norm    0.4968   1.02   0.4141   0.0275    65.10  1    cut
 936  sn1993J       IIb        0.5916   1.01   0.2900   0.0310     2.70  0    cut
 937  sn2004dj      IIP        0.4535   1.01   0.2616   0.0243     2.70  1    cut
 938  sn1997dq      Ic-broad   0.6051   1.01   0.3170   0.0268    54.80  1    cut
 939  sn2002ap      Ic-broad   0.5997   1.01   0.3184   0.0358     5.60  0    cut
 940  sn1999em      IIP        0.5172   1.01   0.7173   0.0251     5.60  0    cut
 941  sn2004dj      IIP        0.4522   1.01   0.2604   0.0284     5.00  1    cut
 942  sn1997cy      IIn        0.7216   1.01   0.3949   0.0262    57.20  1    cut
 943  sn1990K       IIL        0.5320   1.00   0.1543   0.0339   139.00  1    cut
 944  sn1999di      Ib-norm    0.5388   0.99   0.1635   0.0229    23.60  1    cut
 945  sn1999em      IIP        0.5957   0.99   0.0472   0.0303    -1.60  0    cut
 946  sn2006bp      IIP        0.5050   0.97   0.4179   0.0221     8.10  0    cut
 947  sn2004dj      IIP        0.4522   0.97   0.2621   0.0228     0.00  1    cut
 948  sn1993J       IIb        0.6133   0.97   0.2880   0.0445     6.60  0    cut
 949  sn1990K       IIL        0.5104   0.96   0.3976   0.0208    76.30  1    cut
 950  sn2004dj      IIP        0.4535   0.96   0.2590   0.0397    18.00  1    cut
 951  sn1987A       II-pec     0.5794   0.95   0.0976   0.0274     3.10  0    cut
 952  sn1998S       IIn        0.5903   0.95   0.4767   0.0388     1.80  0    cut
 953  sn1997cy      IIn        0.8055   0.95   0.2517   0.0252   196.10  1    cut
 954  sn2004dj      IIP        0.4535   0.94   0.2597   0.0386    17.00  1    cut
 955  sn1999em      IIP        0.5266   0.94   0.7142   0.0251     6.60  0    cut
 956  sn1987A       II-pec     0.5767   0.94   0.0966   0.0275     8.00  0    cut
 957  sn2004dj      IIP        0.4508   0.94   0.2604   0.0380     8.00  1    cut
 958  sn2004dj      IIP        0.4535   0.92   0.2584   0.0391    20.00  1    cut
 959  sn1997cy      IIn        0.7202   0.90   0.0431   0.0181   226.10  1    cut
 960  sn1999dn      Ib-norm    0.5334   0.90   0.1648   0.0253    27.70  1    cut
 961  lbv2001ac     LBV        0.6024   0.89   0.1342   0.0290   -99.90  2    cut
 962  sn2004dj      IIP        0.4535   0.89   0.3958   0.0243    36.00  1    cut
 963  sn1987A       II-pec     0.5740   0.89   0.0970   0.0264     1.30  0    cut
 964  sn2004dj      IIP        0.4752   0.89   0.3989   0.0235    46.80  1    cut
 965  sn1990K       IIL        0.5307   0.88   0.1913   0.0801   201.60  1    cut
 966  sn1998S       IIn        0.5889   0.88   0.6848   0.0219     0.90  0    cut
 967  sn1991A       Ic-norm    0.4616   0.88   0.0853   0.0272   128.30  1    cut
 968  sn1995F       Ic-norm    0.6647   0.87   0.1700   0.0468    88.80  1    cut
 969  sn2004dj      IIP        0.4765   0.87   0.3999   0.0218    50.00  1    cut
 970  sn1991N       Ic-norm    0.7852   0.86   0.1755   0.0882   250.20  1    cut
 971  sn1990K       IIL        0.6079   0.86   0.6845   0.0276   119.10  1    cut
 972  sn1990K       IIL        0.6051   0.86   0.3408   0.0299   147.00  1    cut
 973  sn1990K       IIL        0.6079   0.85   0.1759   0.0296   136.10  1    cut
 974  sn1996cb      IIb        0.5835   0.84   0.2821   0.0263     7.90  0    cut
 975  sn1997ei      Ic-norm    0.6146   0.83   0.3237   0.0364    10.90  1    cut
 976  sn2004dj      IIP        0.4765   0.82   0.3987   0.0237    48.00  1    cut
 977  sn1997dq      Ic-broad   0.6079   0.81   0.3185   0.0340   222.20  1    cut
 978  sn1990K       IIL        0.5388   0.78   0.1857   0.0422   160.90  1    cut
 979  sn1983N       Ib-norm    0.4630   0.77   0.4235   0.0379     4.00  0    cut
 980  sn1991A       Ic-norm    0.5605   0.74   0.1006   0.0375    32.60  1    cut
 981  sn1991A       Ic-norm    0.5361   0.74   0.0940   0.0313    61.40  1    cut
 982  sn1991A       Ic-norm    0.4968   0.70   0.4125   0.0304    10.90  1    cut
 983  sn1991N       Ic-norm    0.5483   0.65   0.1766   0.0830   276.10  1    cut
