### SNID output file ###
 
### input spectrum and options ###
# Input spectrum                 : 20040_8.30.dat
# Parameter file                 : NA
# Wavelength range               :    4000.00   9000.00
# Mask file                      : NA
# Median filtering width [A]     : NA
# Median filtering width [pix]   :       1.00
# Clip emission redshift         :     0.2866
# Clip sky lines                 : 0
# Emission clip width [A]        :       0.29
# Keep A-band                    : 1
# Age range                      :       3.30     13.30
# Delta range                    :      -9.99     99.90
# Min. number of spectra/template:   1
# Use only templates             : NA
# Use only types                 : NA
# Avoid templates                : NA
# Avoid types                    : NA
# rlapmin                        :      10.00
# Redshift range                 :    -0.0100    1.2000
# Forced initial redshift        :     0.2866
# Extra fake redshift            : NA
# Nsigma for initial redshift    : NA
# Redshift filter                :     0.0200
# Wavenumbers k1,k2,k3,k4        :     1    4   85  102
# Template directory             : /home/djperrefort/snid-5.0/templates-2.0/
 
### initial/user-input redshift ###
zinit       0.0000
zuser       0.2866
 
### median redshift/age and error ###
zmed        0.2891    0.0009
agem          6.85      2.05
 
### type fraction/redshift/age ###
#type ntemp fraction slope redshift redshift_error age age_error
Ia              2      1.00    0.0000    0.2891    0.0009     6.850     2.051
Ia-norm         2      1.00    0.0000    0.2891    0.0009     6.850     2.051
Ia-91T          0      0.00    0.0000    0.0000    0.0000     0.000     0.000
Ia-91bg         0      0.00    0.0000    0.0000    0.0000     0.000     0.000
Ia-csm          0      0.00    0.0000    0.0000    0.0000     0.000     0.000
Ia-pec          0      0.00    0.0000    0.0000    0.0000     0.000     0.000
###
Ib              0      0.00    0.0000    0.0000    0.0000     0.000     0.000
Ib-norm         0      0.00    0.0000    0.0000    0.0000     0.000     0.000
Ib-pec          0      0.00    0.0000    0.0000    0.0000     0.000     0.000
IIb             0      0.00    0.0000    0.0000    0.0000     0.000     0.000
###
Ic              0      0.00    0.0000    0.0000    0.0000     0.000     0.000
Ic-norm         0      0.00    0.0000    0.0000    0.0000     0.000     0.000
Ic-pec          0      0.00    0.0000    0.0000    0.0000     0.000     0.000
Ic-broad        0      0.00    0.0000    0.0000    0.0000     0.000     0.000
###
II              0      0.00    0.0000    0.0000    0.0000     0.000     0.000
IIP             0      0.00    0.0000    0.0000    0.0000     0.000     0.000
II-pec          0      0.00    0.0000    0.0000    0.0000     0.000     0.000
IIn             0      0.00    0.0000    0.0000    0.0000     0.000     0.000
IIL             0      0.00    0.0000    0.0000    0.0000     0.000     0.000
###
NotSN           0      0.00    0.0000    0.0000    0.0000     0.000     0.000
AGN             0      0.00    0.0000    0.0000    0.0000     0.000     0.000
Gal             0      0.00    0.0000    0.0000    0.0000     0.000     0.000
LBV             0      0.00    0.0000    0.0000    0.0000     0.000     0.000
M-star          0      0.00    0.0000    0.0000    0.0000     0.000     0.000
 
### rlap-ordered template listings ###
#no. sn type lap rlap z zerr age age_flag grade
   1  sn2006cj      Ia-norm    0.7459  10.92   0.2898   0.0054     5.40  0   good
   2  sn2005eu      Ia-norm    0.7256  10.59   0.2884   0.0060     8.30  0   good
#--- rlap cutoff
   3  sn2006et      Ia-norm    0.7162   9.72   0.2905   0.0064     6.30  0    cut
   4  sn1999ee      Ia-norm    0.7283   9.70   0.2941   0.0065     6.70  0    cut
   5  sn2006cj      Ia-norm    0.7459   9.44   0.2862   0.0063     9.10  0    cut
   6  sn2003ic      Ia-norm    0.6810   9.13   0.2923   0.0066     4.30  0    cut
   7  sn2008Z       Ia-norm    0.7162   8.97   0.2898   0.0063     7.60  0    cut
   8  sn2003ic      Ia-norm    0.6810   8.21   0.2915   0.0073     5.30  0    cut
   9  sn2003ic      Ia-norm    0.6810   8.06   0.2927   0.0072     3.40  0    cut
  10  sn2007kk      Ia-norm    0.7365   7.97   0.2955   0.0083     5.90  0    cut
  11  sn2007kk      Ia-norm    0.7351   7.78   0.2926   0.0084     8.80  0    cut
  12  sn2006cf      Ia-norm    0.7338   7.62   0.2875   0.0077     4.70  0    cut
  13  sn2006cj      Ia-norm    0.7459   7.61   0.2886   0.0077     8.20  0    cut
  14  sn2007kk      Ia-norm    0.7338   7.60   0.2972   0.0085     4.10  0    cut
  15  sn2006cf      Ia-norm    0.7338   7.59   0.2859   0.0078     6.50  0    cut
  16  sn2006cj      Ia-norm    0.7446   7.50   0.2908   0.0077     4.40  0    cut
  17  sn2005hf      Ia-norm    0.7351   7.45   0.2853   0.0075     8.20  0    cut
  18  sn1994ae      Ia-norm    0.8069   7.42   0.2853   0.0076     8.00  0    cut
  19  sn1999ee      Ia-norm    0.7568   7.31   0.2914   0.0088    10.60  0    cut
  20  sn2006cj      Ia-norm    0.7473   7.30   0.2875   0.0089    11.00  0    cut
  21  sn2002ic      Ia-csm     0.8069   7.29   0.2830   0.0063     5.60  0    cut
  22  sn1996C       Ia-norm    0.7541   7.27   0.2839   0.0078     7.80  0    cut
  23  sn2005M       Ia-91T     0.7107   7.22   0.2827   0.0080     5.10  0    cut
  24  sn2002ic      Ia-csm     0.6634   7.14   0.2824   0.0060     9.40  0    cut
  25  sn2005na      Ia-norm    0.7107   7.10   0.2878   0.0077     3.40  0    cut
  26  sn2005eu      Ia-norm    0.7256   7.07   0.2869   0.0090    10.30  0    cut
  27  sn2007kk      Ia-norm    0.7351   7.02   0.2959   0.0090     5.00  0    cut
  28  sn1998ab      Ia-91T     0.7067   6.93   0.2859   0.0082     7.70  0    cut
  29  sn2005hc      Ia-norm    0.7324   6.90   0.2914   0.0088     5.40  0    cut
  30  sn2005hf      Ia-norm    0.7338   6.72   0.2837   0.0078     9.10  0    cut
  31  sn1995E       Ia-norm    0.7229   6.69   0.2886   0.0088     5.90  0    cut
  32  sn2005hc      Ia-norm    0.7351   6.67   0.2912   0.0091     6.30  0    cut
  33  sn2006gz      Ia-pec     0.7162   6.56   0.2889   0.0072     7.30  0    cut
  34  sn2003hu      Ia-91T     0.6999   6.42   0.2884   0.0096     8.40  0    cut
  35  sn2006gz      Ia-pec     0.7175   6.41   0.2883   0.0075     8.20  0    cut
  36  sn2006cf      Ia-norm    0.7338   6.40   0.2878   0.0091     3.70  0    cut
  37  sn2007S       Ia-91T     0.7080   6.38   0.2890   0.0085     8.10  0    cut
  38  sn2007fs      Ia-norm    0.7107   6.30   0.2887   0.0086     5.10  0    cut
  39  sn2005M       Ia-91T     0.7107   6.25   0.2808   0.0086    10.00  0    cut
  40  sn1995D       Ia-norm    0.7202   6.20   0.2888   0.0089     5.50  0    cut
  41  sn1995D       Ia-norm    0.7162   6.18   0.2872   0.0090     7.50  0    cut
  42  sn2006gr      Ia-norm    0.7283   6.17   0.2940   0.0098     9.40  0    cut
  43  sn2007S       Ia-91T     0.7053   6.16   0.2912   0.0092     6.20  0    cut
  44  sn2007co      Ia-norm    0.7216   5.98   0.2920   0.0098     5.70  0    cut
  45  sn2007fs      Ia-norm    0.7107   5.96   0.2900   0.0089     4.10  0    cut
  46  sn2008bf      Ia-norm    0.7175   5.91   0.2910   0.0091     7.50  0    cut
  47  sn2004S       Ia-norm    0.7771   5.85   0.2948   0.0115     7.40  0    cut
  48  sn1994ae      Ia-norm    0.6999   5.85   0.2886   0.0090     5.00  0    cut
  49  sn1994ae      Ia-norm    0.6999   5.84   0.2859   0.0089     7.90  0    cut
  50  sn2005hf      Ia-norm    0.7351   5.84   0.2816   0.0099    11.00  0    cut
  51  sn2001ck      Ia-norm    0.8069   5.80   0.2891   0.0096     5.80  0    cut
  52  sn2003hu      Ia-91T     0.6986   5.80   0.2869   0.0091     7.50  0    cut
  53  sn2008ar      Ia-norm    0.7175   5.79   0.2919   0.0105     5.00  0    cut
  54  sn2008bf      Ia-norm    0.7175   5.74   0.2940   0.0093     4.50  0    cut
  55  sn2007co      Ia-norm    0.7189   5.74   0.2930   0.0100     4.60  0    cut
  56  sn2008Z       Ia-norm    0.7135   5.72   0.2882   0.0095    10.30  0    cut
  57  sn2007kk      Ia-norm    0.7365   5.71   0.2930   0.0107     9.80  0    cut
  58  sn2008C       Ia-norm    0.7107   5.71   0.2884   0.0097     4.40  0    cut
  59  sn2002ck      Ia-norm    0.6579   5.70   0.2897   0.0091     4.20  0    cut
  60  sn2007co      Ia-norm    0.7202   5.64   0.2943   0.0104     3.70  0    cut
  61  sn2006al      Ia-norm    0.7392   5.62   0.2889   0.0096     4.30  0    cut
  62  sn2006gz      Ia-pec     0.7175   5.60   0.2875   0.0086     9.20  0    cut
  63  sn2007ca      Ia-norm    0.7094   5.56   0.2878   0.0089     6.40  0    cut
  64  sn2008ar      Ia-norm    0.7189   5.54   0.2928   0.0111     4.10  0    cut
  65  sn1994ae      Ia-norm    0.6986   5.49   0.2893   0.0096     4.00  0    cut
  66  sn1999aa      Ia-91T     0.5862   5.49   0.2891   0.0100     6.70  0    cut
  67  sn1997ef      Ic-broad   0.6444   5.43   0.2922   0.0143    12.80  0    cut
  68  sn2002er      Ia-norm    0.7446   5.40   0.2885   0.0107     4.90  0    cut
  69  sn1999ac      Ia-91T     0.7676   5.37   0.2826   0.0103     8.80  0    cut
  70  sn2007co      Ia-norm    0.7229   5.37   0.2909   0.0105     6.60  0    cut
  71  sn2007A       Ia-norm    0.7107   5.35   0.2871   0.0097     4.50  0    cut
  72  sn2007ca      Ia-norm    0.7080   5.31   0.2855   0.0095     9.40  0    cut
  73  sn2003du      Ia-norm    0.7663   5.31   0.2885   0.0106     4.00  0    cut
  74  sn2008bf      Ia-norm    0.7175   5.27   0.2945   0.0102     3.60  0    cut
  75  sn2007ca      Ia-norm    0.7067   5.26   0.2879   0.0097     5.50  0    cut
  76  sn2003du      Ia-norm    0.7202   5.26   0.2847   0.0102     8.80  0    cut
  77  sn2006gz      Ia-pec     0.6471   5.24   0.2912   0.0085     6.20  0    cut
  78  sn2006le      Ia-norm    0.7040   5.22   0.2932   0.0103     5.90  0    cut
  79  sn2006cp      Ia-norm    0.7135   5.15   0.2922   0.0115     7.30  0    cut
  80  sn2003ic      Ia-norm    0.6810   5.12   0.2889   0.0111     7.20  0    cut
  81  sn2005cf      Ia-norm    0.7405   5.11   0.2877   0.0118     7.20  0    cut
  82  sn2003du      Ia-norm    0.7080   5.10   0.2851   0.0100     7.90  0    cut
  83  sn1994ae      Ia-norm    0.7013   5.07   0.2850   0.0101     9.00  0    cut
  84  sn2007le      Ia-norm    0.7013   5.07   0.2944   0.0108     5.40  0    cut
  85  sn2003du      Ia-norm    0.7067   5.07   0.2860   0.0099     6.90  0    cut
  86  sn2006le      Ia-norm    0.7053   5.05   0.2921   0.0107     6.90  0    cut
  87  sn1991A       Ic-norm    0.5916   5.04   0.2791   0.0160     0.00  1    cut
  88  sn2003fa      Ia-91T     0.6674   5.03   0.2877   0.0101     8.70  0    cut
  89  sn2005hf      Ia-norm    0.7365   5.03   0.2791   0.0122    12.90  0    cut
  90  sn1990aa      Ic-norm    0.5957   5.02   0.2868   0.0154     0.00  1    cut
  91  sn2006cp      Ia-norm    0.7135   5.01   0.2939   0.0115     6.30  0    cut
  92  sn2001el      Ia-norm    0.7446   4.96   0.2973   0.0134     9.10  0    cut
  93  sn2005hj      Ia-91T     0.5686   4.95   0.2909   0.0102     5.10  0    cut
  94  sn2005cf      Ia-norm    0.7459   4.95   0.2889   0.0124     5.20  0    cut
  95  sn2006gz      Ia-pec     0.7135   4.94   0.2869   0.0093    10.20  0    cut
  96  sn1996C       Ia-norm    0.6593   4.93   0.2878   0.0099     4.80  0    cut
  97  sn2008ar      Ia-norm    0.7202   4.91   0.2886   0.0124     7.20  0    cut
  98  sn2006le      Ia-norm    0.7040   4.91   0.2955   0.0112     3.90  0    cut
  99  sn2007ca      Ia-norm    0.7080   4.88   0.2897   0.0106     3.40  0    cut
 100  sn2006N       Ia-norm    0.7026   4.87   0.2876   0.0101     4.60  0    cut
 101  sn2007co      Ia-norm    0.7216   4.85   0.2898   0.0117     7.50  0    cut
 102  sn2003cg      Ia-norm    0.6904   4.84   0.2881   0.0105     4.00  0    cut
 103  sn2001eh      Ia-91T     0.6647   4.84   0.2919   0.0107     5.70  0    cut
 104  sn2003fa      Ia-91T     0.6674   4.77   0.2879   0.0105     7.80  0    cut
 105  sn2006le      Ia-norm    0.7053   4.77   0.2913   0.0115     7.90  0    cut
 106  sn2007bc      Ia-norm    0.7148   4.73   0.2835   0.0110     4.30  0    cut
 107  sn2005kc      Ia-norm    0.7026   4.70   0.2834   0.0106     6.70  0    cut
 108  sn2006al      Ia-norm    0.7459   4.69   0.2870   0.0114     5.40  0    cut
 109  sn2006N       Ia-norm    0.7040   4.68   0.2863   0.0105     6.50  0    cut
 110  sn2006gz      Ia-pec     0.6471   4.64   0.2894   0.0098     8.20  0    cut
 111  sn1999bh      Ia-91bg    0.5848   4.64   0.2740   0.0133     5.10  0    cut
 112  sn2005cf      Ia-norm    0.7839   4.63   0.2898   0.0132     4.50  0    cut
 113  sn2001fe      Ia-norm    0.6417   4.62   0.2919   0.0103     6.20  0    cut
 114  sn1995F       Ic-norm    0.7202   4.62   0.2852   0.0138     0.20  1    cut
 115  sn2002de      Ia-norm    0.6552   4.62   0.2923   0.0105     3.70  0    cut
 116  sn2006ak      Ia-norm    0.7297   4.62   0.2962   0.0135     7.30  0    cut
 117  sn1999ef      Ia-norm    0.6674   4.59   0.2902   0.0110     6.70  0    cut
 118  sn2007nq      Ia-norm    0.7392   4.58   0.2878   0.0117     6.30  0    cut
 119  sn2005cf      Ia-norm    0.7649   4.58   0.2888   0.0130     6.20  0    cut
 120  sn2007qe      Ia-norm    0.7162   4.54   0.2965   0.0130     8.00  0    cut
 121  sn1995D       Ia-norm    0.7216   4.54   0.2855   0.0118     9.50  0    cut
 122  sn2007ux      Ia-norm    0.7229   4.52   0.2845   0.0113     5.80  0    cut
 123  sn1999ef      Ia-norm    0.6674   4.51   0.2899   0.0112     7.70  0    cut
 124  sn2006gz      Ia-pec     0.7148   4.47   0.2863   0.0104    11.10  0    cut
 125  sn2001eh      Ia-91T     0.6647   4.45   0.2925   0.0116     4.70  0    cut
 126  sn1992A       Ia-norm    0.7243   4.45   0.2969   0.0120     5.90  0    cut
 127  sn2006cp      Ia-norm    0.7148   4.45   0.2912   0.0127     9.30  0    cut
 128  sn2007bm      Ia-norm    0.7013   4.44   0.2830   0.0112     6.60  0    cut
 129  sn2005el      Ia-norm    0.7067   4.44   0.2887   0.0108     4.00  0    cut
 130  sn1999dq      Ia-91T     0.6403   4.44   0.2910   0.0112     5.40  0    cut
 131  sn2005cf      Ia-norm    0.7717   4.43   0.2844   0.0125     9.40  0    cut
 132  sn2003hu      Ia-91T     0.6255   4.42   0.2856   0.0130    10.30  0    cut
 133  sn2006al      Ia-norm    0.6688   4.41   0.2876   0.0116     6.30  0    cut
 134  sn2007le      Ia-norm    0.6999   4.40   0.2930   0.0123     7.40  0    cut
 135  sn2003fa      Ia-91T     0.6674   4.40   0.2883   0.0108     6.90  0    cut
 136  sn2002dj      Ia-norm    0.7432   4.39   0.2936   0.0136     9.30  0    cut
 137  sn1994ae      Ia-norm    0.6986   4.37   0.2844   0.0116     9.90  0    cut
 138  sn2003du      Ia-norm    0.7202   4.37   0.2844   0.0117     9.80  0    cut
 139  sn1999ac      Ia-91T     0.7608   4.37   0.2780   0.0126    11.80  0    cut
 140  sn2001fh      Ia-norm    0.6390   4.36   0.2827   0.0126     7.20  0    cut
 141  sn2006S       Ia-norm    0.6918   4.35   0.2931   0.0118     4.10  0    cut
 142  sn2006te      Ia-norm    0.7283   4.33   0.2841   0.0144    12.30  0    cut
 143  sn2006N       Ia-norm    0.7053   4.33   0.2871   0.0110     5.60  0    cut
 144  sn2007bc      Ia-norm    0.7135   4.31   0.2817   0.0118     6.20  0    cut
 145  sn1995F       Ic-norm    0.7216   4.29   0.2884   0.0145    35.80  1    cut
 146  sn1992A       Ia-norm    0.8069   4.29   0.2965   0.0130     5.50  0    cut
 147  sn2002ap      Ic-broad   0.6295   4.27   0.2944   0.0181     4.60  0    cut
 148  sn2005gj      Ia-csm     0.6268   4.27   0.2811   0.0070    10.40  0    cut
 149  sn2007fb      Ia-norm    0.7135   4.27   0.2883   0.0112     5.60  0    cut
 150  sn2002ap      Ic-broad   0.6295   4.27   0.2894   0.0182    11.60  0    cut
 151  sn2000E       Ia-norm    0.6187   4.25   0.2867   0.0135     7.50  0    cut
 152  sn2006sr      Ia-norm    0.7162   4.25   0.2922   0.0119     3.90  0    cut
 153  sn2002es      Ia-91bg    0.6444   4.24   0.2723   0.0131     4.10  0    cut
 154  sn2006al      Ia-norm    0.7432   4.23   0.2912   0.0141     3.40  0    cut
 155  sn2006mo      Ia-norm    0.7297   4.23   0.2847   0.0122     5.20  0    cut
 156  sn1999gp      Ia-91T     0.6552   4.23   0.2933   0.0127     6.90  0    cut
 157  sn2008L       Ia-norm    0.7135   4.23   0.2895   0.0118     5.60  0    cut
 158  sn2001ep      Ia-norm    0.7595   4.23   0.2817   0.0124     7.70  0    cut
 159  sn2001eh      Ia-91T     0.6647   4.22   0.2931   0.0117     3.70  0    cut
 160  sn2008bf      Ia-norm    0.7162   4.21   0.2887   0.0120    10.40  0    cut
 161  sn2007qe      Ia-norm    0.7162   4.21   0.2949   0.0135     9.00  0    cut
 162  sn2003cg      Ia-norm    0.6295   4.20   0.2878   0.0130     6.80  0    cut
 163  sn2002ap      Ic-broad   0.6295   4.20   0.2929   0.0184     6.60  0    cut
 164  sn2007co      Ia-norm    0.7216   4.18   0.2887   0.0124     8.60  0    cut
 165  sn2002ap      Ic-broad   0.6295   4.17   0.2935   0.0185     5.60  0    cut
 166  sn2005cf      Ia-norm    0.6972   4.15   0.2897   0.0128     4.50  0    cut
 167  sn2007bd      Ia-norm    0.7256   4.15   0.2897   0.0129     8.40  0    cut
 168  sn2002dj      Ia-norm    0.7040   4.15   0.2927   0.0136     8.00  0    cut
 169  sn2007af      Ia-norm    0.6999   4.14   0.2842   0.0120     4.30  0    cut
 170  sn1995F       Ic-norm    0.7839   4.13   0.2882   0.0158    35.70  1    cut
 171  sn1995F       Ic-norm    0.6579   4.12   0.2920   0.0157     0.00  1    cut
 172  sn2007af      Ia-norm    0.6999   4.10   0.2833   0.0119     5.40  0    cut
 173  sn2004S       Ia-norm    0.6986   4.10   0.2896   0.0148    13.30  0    cut
 174  sn2007bc      Ia-norm    0.7148   4.09   0.2812   0.0123     7.30  0    cut
 175  sn2001ck      Ia-norm    0.6620   4.08   0.2899   0.0116     4.80  0    cut
 176  sn1992A       Ia-norm    0.8069   4.07   0.2937   0.0128     8.20  0    cut
 177  sn2000cf      Ia-norm    0.6647   4.06   0.2840   0.0122     3.90  0    cut
 178  sn2008C       Ia-norm    0.7107   4.06   0.2848   0.0125     8.30  0    cut
 179  sn1999gp      Ia-91T     0.6552   4.04   0.2947   0.0132     4.90  0    cut
 180  sn2004aw      Ic-norm    0.6431   4.02   0.2905   0.0156     3.60  0    cut
 181  sn2006N       Ia-norm    0.7026   4.02   0.2858   0.0122     7.50  0    cut
 182  sn2004fu      Ia-norm    0.7026   4.01   0.2942   0.0133     3.40  0    cut
 183  sn2004fu      Ia-norm    0.6999   4.01   0.2945   0.0130     4.40  0    cut
 184  sn2002bo      Ia-norm    0.8069   4.01   0.2938   0.0147     5.20  0    cut
 185  sn1995E       Ia-norm    0.6688   3.99   0.2894   0.0128     3.90  0    cut
 186  sn1996X       Ia-norm    0.8069   3.99   0.2858   0.0123     7.10  0    cut
 187  sn2001fh      Ia-norm    0.6390   3.98   0.2819   0.0133     9.10  0    cut
 188  sn2007cg      Ia-norm    0.6322   3.98   0.2931   0.0149     5.50  0    cut
 189  sn2004L       Ia-norm    0.6607   3.97   0.2872   0.0126     5.30  0    cut
 190  sn2006bt      Ia-norm    0.7243   3.95   0.2906   0.0128     4.70  0    cut
 191  sn2006le      Ia-norm    0.7053   3.95   0.2902   0.0134     8.90  0    cut
 192  sn2006ev      Ia-norm    0.7229   3.94   0.2920   0.0145     5.50  0    cut
 193  sn2002ap      Ic-broad   0.6295   3.93   0.2959   0.0199     3.60  0    cut
 194  sn2000cx      Ia-pec     0.5727   3.92   0.2986   0.0131     6.60  0    cut
 195  sn2003ic      Ia-norm    0.6810   3.91   0.2875   0.0143     8.00  0    cut
 196  sn1984A       Ia-norm    0.5361   3.91   0.2906   0.0168     8.10  0    cut
 197  sn2001eh      Ia-91T     0.6647   3.90   0.2896   0.0131     8.60  0    cut
 198  sn1984L       Ib-norm    0.7446   3.90   0.2862   0.0196    11.90  0    cut
 199  sn1998co      Ia-norm    0.6458   3.89   0.2869   0.0130     3.90  0    cut
 200  sn2007cg      Ia-norm    0.6322   3.89   0.2935   0.0161     6.50  0    cut
 201  sn2007le      Ia-norm    0.6999   3.89   0.2920   0.0137     8.40  0    cut
 202  sn2008Z       Ia-norm    0.7148   3.89   0.2866   0.0140    12.30  0    cut
 203  sn2002fk      Ia-norm    0.6363   3.86   0.2864   0.0124     7.40  0    cut
 204  sn2005cf      Ia-norm    0.6959   3.86   0.2908   0.0136     3.50  0    cut
 205  sn2008af      Ia-norm    0.7270   3.85   0.2925   0.0143     5.90  0    cut
 206  sn2002fk      Ia-norm    0.6363   3.83   0.2863   0.0127     8.30  0    cut
 207  sn1998dx      Ia-norm    0.6796   3.83   0.2896   0.0128     5.90  0    cut
 208  sn1993ac      Ia-norm    0.8069   3.83   0.2945   0.0141     6.90  0    cut
 209  sn2003cg      Ia-norm    0.6322   3.83   0.2871   0.0144     7.70  0    cut
 210  sn1999ac      Ia-91T     0.6647   3.81   0.2854   0.0143     7.80  0    cut
 211  sn1999X       Ia-norm    0.6512   3.80   0.2854   0.0130    12.00  0    cut
 212  sn1998aq      Ia-norm    0.6309   3.80   0.2894   0.0127     6.00  0    cut
 213  sn2002de      Ia-norm    0.6552   3.80   0.2896   0.0133     8.50  0    cut
 214  sn1994M       Ia-norm    0.6146   3.79   0.2929   0.0156     5.60  0    cut
 215  sn2007ap      Ia-norm    0.7067   3.79   0.2857   0.0122     7.40  0    cut
 216  sn1995D       Ia-norm    0.6539   3.78   0.2882   0.0130     3.60  0    cut
 217  sn2005ls      Ia-norm    0.7094   3.78   0.2900   0.0141    10.80  0    cut
 218  sn2007cg      Ia-norm    0.6309   3.78   0.2923   0.0157     7.50  0    cut
 219  sn1989B       Ia-norm    0.6390   3.77   0.2840   0.0129     6.60  0    cut
 220  sn2006bq      Ia-norm    0.7135   3.77   0.2979   0.0150     5.30  0    cut
 221  sn2007ca      Ia-norm    0.7053   3.77   0.2838   0.0130    11.40  0    cut
 222  sn2002bf      Ia-norm    0.6512   3.76   0.2964   0.0153     4.80  0    cut
 223  sn2004ef      Ia-norm    0.7216   3.75   0.2926   0.0141     6.30  0    cut
 224  sn1999dq      Ia-91T     0.6403   3.75   0.2924   0.0131     3.40  0    cut
 225  sn1998bu      Ia-norm    0.6295   3.74   0.2873   0.0141     8.40  0    cut
 226  sn1998dt      Ib-norm    0.7622   3.74   0.2877   0.0182     7.90  0    cut
 227  sn2004eo      Ia-norm    0.7324   3.74   0.2804   0.0135     7.80  0    cut
 228  sn1997dq      Ic-broad   0.7595   3.73   0.2924   0.0185     1.00  1    cut
 229  sn1995F       Ic-norm    0.7216   3.71   0.2895   0.0166    56.90  1    cut
 230  sn2006ac      Ia-norm    0.7121   3.69   0.2899   0.0144     7.10  0    cut
 231  sn1997Y       Ia-norm    0.6376   3.68   0.2845   0.0145     6.90  0    cut
 232  sn1991T       Ia-91T     0.7080   3.68   0.2827   0.0137     9.50  0    cut
 233  sn2007S       Ia-91T     0.7067   3.67   0.2847   0.0134    12.10  0    cut
 234  sn2006ac      Ia-norm    0.6972   3.66   0.2906   0.0144     6.20  0    cut
 235  sn2006gz      Ia-pec     0.7121   3.66   0.2893   0.0131     5.30  0    cut
 236  sn2006X       Ia-norm    0.6959   3.64   0.3001   0.0159     5.20  0    cut
 237  sn2001G       Ia-norm    0.6444   3.63   0.2931   0.0129     4.70  0    cut
 238  sn2003iv      Ia-norm    0.6593   3.63   0.2856   0.0135     7.20  0    cut
 239  sn2002jy      Ia-norm    0.6471   3.63   0.2889   0.0128     8.00  0    cut
 240  sn1997br      Ia-91T     0.7270   3.62   0.2874   0.0147     7.20  0    cut
 241  sn2002es      Ia-91bg    0.6444   3.62   0.2734   0.0148     5.10  0    cut
 242  sn1990K       IIL        0.6376   3.62   0.2804   0.0069   119.10  1    cut
 243  sn2002fk      Ia-norm    0.6363   3.61   0.2856   0.0136     9.40  0    cut
 244  sn2006H       Ia-91bg    0.6783   3.61   0.2826   0.0167     7.50  0    cut
 245  sn2006hb      Ia-91bg    0.7107   3.61   0.2834   0.0131     9.70  0    cut
 246  sn2006X       Ia-norm    0.6945   3.61   0.3013   0.0164     4.20  0    cut
 247  sn2003cg      Ia-norm    0.6322   3.60   0.2863   0.0159     8.80  0    cut
 248  sn2004L       Ia-norm    0.6607   3.59   0.2880   0.0141     3.40  0    cut
 249  sn2003ch      Ia-norm    0.6512   3.59   0.2827   0.0146     6.70  0    cut
 250  sn2003iv      Ia-norm    0.6593   3.59   0.2867   0.0127     3.40  0    cut
 251  sn1997dq      Ic-broad   0.6295   3.59   0.2835   0.0200     0.00  1    cut
 252  sn1995F       Ic-norm    0.7216   3.58   0.2856   0.0173    29.10  1    cut
 253  sn2006bt      Ia-norm    0.7229   3.58   0.2901   0.0143     5.70  0    cut
 254  sn2004bg      Ia-norm    0.6485   3.58   0.2876   0.0129     5.70  0    cut
 255  sn2008C       Ia-norm    0.7920   3.57   0.2843   0.0145    10.30  0    cut
 256  sn2003cg      Ia-norm    0.6309   3.57   0.2860   0.0162     9.80  0    cut
 257  sn2006lf      Ia-norm    0.6322   3.57   0.2867   0.0144     7.30  0    cut
 258  sn2006al      Ia-norm    0.6485   3.57   0.2864   0.0131     9.10  0    cut
 259  sn2003fa      Ia-91T     0.6661   3.57   0.2872   0.0139    10.70  0    cut
 260  sn2003hv      Ia-norm    0.6647   3.57   0.2860   0.0133     8.20  0    cut
 261  sn1990K       IIL        0.6363   3.56   0.2812   0.0059   174.70  1    cut
 262  sn1998dm      Ia-norm    0.6349   3.56   0.2873   0.0136     9.50  0    cut
 263  sn2005gj      Ia-csm     0.6282   3.54   0.2810   0.0072     7.70  0    cut
 264  sn1997br      Ia-91T     0.6390   3.52   0.2838   0.0151     7.90  0    cut
 265  sn1998co      Ia-norm    0.6458   3.52   0.2853   0.0148     6.90  0    cut
 266  sn2007hj      Ia-norm    0.7094   3.51   0.2886   0.0152     3.40  0    cut
 267  sn2003cg      Ia-norm    0.7270   3.51   0.2838   0.0149     9.20  0    cut
 268  sn1998aq      Ia-norm    0.6309   3.51   0.2899   0.0135     5.00  0    cut
 269  sn2006N       Ia-norm    0.7053   3.51   0.2851   0.0138     8.50  0    cut
 270  sn1997dq      Ic-broad   0.6322   3.50   0.2848   0.0201    21.90  1    cut
 271  sn1989B       Ia-norm    0.6471   3.50   0.2851   0.0132     4.60  0    cut
 272  sn2006lf      Ia-norm    0.6471   3.48   0.2879   0.0139     6.30  0    cut
 273  sn2004bk      Ia-norm    0.6512   3.47   0.2941   0.0147     6.40  0    cut
 274  sn1990K       IIL        0.5686   3.47   0.2813   0.0062   160.90  1    cut
 275  sn2005am      Ia-norm    0.6972   3.46   0.2911   0.0139     4.90  0    cut
 276  sn2006X       Ia-norm    0.6959   3.46   0.2992   0.0168     6.20  0    cut
 277  sn2008bf      Ia-norm    0.7189   3.45   0.2875   0.0141    11.40  0    cut
 278  sn2005be      Ia-norm    0.7270   3.45   0.2873   0.0138     7.70  0    cut
 279  sn1989B       Ia-norm    0.6566   3.44   0.2820   0.0132     8.60  0    cut
 280  sn2002dl      Ia-91bg    0.6431   3.44   0.2831   0.0178    10.30  0    cut
 281  sn2003it      Ia-norm    0.6512   3.44   0.2895   0.0136     7.60  0    cut
 282  sn1998dm      Ia-norm    0.6349   3.44   0.2879   0.0138     7.40  0    cut
 283  sn2002jy      Ia-norm    0.6471   3.42   0.2882   0.0134     9.90  0    cut
 284  sn2003kf      Ia-norm    0.6363   3.42   0.2895   0.0141     8.50  0    cut
 285  sn2006hb      Ia-91bg    0.7080   3.42   0.2846   0.0145     6.80  0    cut
 286  sn2001gc      Ia-norm    0.6444   3.41   0.3000   0.0179     4.40  0    cut
 287  sn2002jy      Ia-norm    0.6471   3.41   0.2895   0.0132     7.00  0    cut
 288  sn2001V       Ia-91T     0.6431   3.41   0.2892   0.0150     9.50  0    cut
 289  sn2007co      Ia-norm    0.7202   3.40   0.2880   0.0148    10.50  0    cut
 290  sn2007if      Ia-pec     0.8069   3.40   0.2711   0.0178     4.70  0    cut
 291  sn1999gd      Ia-norm    0.6444   3.39   0.2841   0.0146     7.90  0    cut
 292  sn1998bu      Ia-norm    0.6295   3.39   0.2865   0.0155     9.40  0    cut
 293  sn2006ac      Ia-norm    0.7107   3.39   0.2886   0.0152     9.00  0    cut
 294  sn1997bq      Ia-norm    0.7893   3.38   0.2904   0.0164    12.20  0    cut
 295  sn1997dq      Ic-broad   0.6309   3.38   0.2846   0.0210    14.90  1    cut
 296  sn1997dq      Ic-broad   0.6309   3.38   0.2846   0.0210    17.90  1    cut
 297  sn2004aw      Ic-norm    0.7040   3.38   0.2877   0.0177     5.30  0    cut
 298  sn2001N       Ia-norm    0.6458   3.37   0.2890   0.0171    11.50  0    cut
 299  sn2003it      Ia-norm    0.6512   3.37   0.2898   0.0138     6.60  0    cut
 300  sn2002ap      Ic-broad   0.5483   3.36   0.2830   0.0188     9.50  0    cut
 301  sn2007qe      Ia-norm    0.7189   3.36   0.2937   0.0165    10.90  0    cut
 302  sn1990K       IIL        0.6092   3.36   0.2808   0.0065   174.70  1    cut
 303  sn2006hb      Ia-91bg    0.7094   3.36   0.2833   0.0140     8.70  0    cut
 304  sn1995al      Ia-norm    0.6363   3.35   0.2961   0.0170     6.40  0    cut
 305  sn1994M       Ia-norm    0.6079   3.35   0.2974   0.0175     3.70  0    cut
 306  sn1994M       Ia-norm    0.6160   3.34   0.2955   0.0177     4.70  0    cut
 307  sn1996X       Ia-norm    0.6403   3.34   0.2871   0.0145     7.10  0    cut
 308  sn2006H       Ia-91bg    0.7053   3.33   0.2867   0.0160     6.50  0    cut
 309  sn2007if      Ia-pec     0.8069   3.32   0.2689   0.0186     6.60  0    cut
 310  sn2001N       Ia-norm    0.6458   3.32   0.2901   0.0168    10.40  0    cut
 311  sn2007kk      Ia-norm    0.6566   3.32   0.2955   0.0165     7.90  0    cut
 312  sn2006hb      Ia-91bg    0.7094   3.31   0.2824   0.0143    10.70  0    cut
 313  sn2007le      Ia-norm    0.6999   3.31   0.2911   0.0156     9.50  0    cut
 314  sn2007hj      Ia-norm    0.7094   3.31   0.2883   0.0160     4.40  0    cut
 315  sn2005cf      Ia-norm    0.6755   3.31   0.2868   0.0146     4.20  0    cut
 316  sn2005am      Ia-norm    0.6986   3.31   0.2897   0.0142     6.90  0    cut
 317  sn2002er      Ia-norm    0.6403   3.31   0.2907   0.0160     3.80  0    cut
 318  sn1996X       Ia-norm    0.6403   3.31   0.2869   0.0148     8.10  0    cut
 319  sn2003it      Ia-norm    0.6525   3.31   0.2895   0.0143     8.50  0    cut
 320  sn2007S       Ia-91T     0.7080   3.31   0.2865   0.0156    13.10  0    cut
 321  sn1998aq      Ia-norm    0.6309   3.30   0.2901   0.0142     4.00  0    cut
 322  sn2006hb      Ia-91bg    0.7094   3.30   0.2835   0.0142     7.70  0    cut
 323  sn2008R       Ia-91bg    0.7067   3.30   0.2829   0.0145     5.30  0    cut
 324  sn2003fa      Ia-91T     0.6661   3.29   0.2860   0.0146    11.60  0    cut
 325  sn2007if      Ia-pec     0.5916   3.29   0.2767   0.0204    10.30  0    cut
 326  sn2001fh      Ia-norm    0.6390   3.28   0.2852   0.0154     4.20  0    cut
 327  sn1997bp      Ia-norm    0.6403   3.28   0.3021   0.0190     3.80  0    cut
 328  sn2001gc      Ia-norm    0.6458   3.27   0.3007   0.0188     3.40  0    cut
 329  sn1998S       IIn        0.6255   3.27   0.2656   0.0163    12.70  0    cut
 330  sn1999ej      Ia-norm    0.6417   3.27   0.2836   0.0156     8.10  0    cut
 331  sn1996bo      Ia-norm    0.6512   3.27   0.2920   0.0162     5.20  0    cut
 332  sn1990K       IIL        0.6065   3.27   0.2855   0.0129    53.30  1    cut
 333  sn2007fb      Ia-norm    0.7135   3.26   0.2856   0.0136    10.60  0    cut
 334  sn1995F       Ic-norm    0.6593   3.25   0.2918   0.0177    11.00  1    cut
 335  sn2002eu      Ia-norm    0.6634   3.25   0.2848   0.0157     7.80  0    cut
 336  sn2002bf      Ia-norm    0.6525   3.24   0.2974   0.0176     5.70  0    cut
 337  sn2006X       Ia-norm    0.6972   3.24   0.2984   0.0171     7.30  0    cut
 338  sn1997dq      Ic-broad   0.6322   3.24   0.2849   0.0213    26.90  1    cut
 339  sn2002ha      Ia-norm    0.6431   3.24   0.2877   0.0138     5.60  0    cut
 340  sn1998eg      Ia-norm    0.6525   3.24   0.2884   0.0144     4.10  0    cut
 341  sn2005hk      Ia-pec     0.5984   3.23   0.2672   0.0194     3.60  0    cut
 342  sn2007al      Ia-91bg    0.7040   3.23   0.2806   0.0169     5.30  0    cut
 343  sn2000fa      Ia-norm    0.6498   3.23   0.2947   0.0152     4.20  0    cut
 344  sn1997dq      Ic-broad   0.7189   3.23   0.2892   0.0186    27.90  1    cut
 345  kcSb          Gal        0.8069   3.23   0.4359   0.0201   -99.90  2    cut
 346  sn2000cx      Ia-pec     0.6295   3.23   0.2984   0.0160     6.60  0    cut
 347  sn1997dq      Ic-broad   0.7189   3.22   0.2892   0.0186    27.90  1    cut
 348  sn2007if      Ia-pec     0.7500   3.21   0.2641   0.0180     7.40  0    cut
 349  sn2003it      Ia-norm    0.6525   3.21   0.2899   0.0144     5.70  0    cut
 350  sn1999ef      Ia-norm    0.6661   3.21   0.2890   0.0149     9.60  0    cut
 351  sn1998dx      Ia-norm    0.6796   3.21   0.2884   0.0158     7.80  0    cut
 352  sn2007hj      Ia-norm    0.7094   3.21   0.2869   0.0164     6.30  0    cut
 353  sn1998dm      Ia-norm    0.6349   3.21   0.2883   0.0143     6.50  0    cut
 354  sn2006H       Ia-91bg    0.7026   3.20   0.2829   0.0169     5.50  0    cut
 355  sn2005kc      Ia-norm    0.7040   3.20   0.2812   0.0145     9.80  0    cut
 356  sn1999X       Ia-norm    0.6512   3.20   0.2855   0.0149    13.10  0    cut
 357  sn2000cn      Ia-91bg    0.6498   3.20   0.2876   0.0177    10.20  0    cut
 358  sn2000ce      Ia-norm    0.6444   3.19   0.2891   0.0161     8.70  0    cut
 359  sn2006lf      Ia-norm    0.6471   3.19   0.2887   0.0143     5.30  0    cut
 360  sn2005am      Ia-norm    0.6999   3.19   0.2919   0.0153     3.90  0    cut
 361  sn2001gc      Ia-norm    0.6458   3.18   0.2996   0.0189     5.30  0    cut
 362  sn1997ei      Ic-norm    0.6444   3.18   0.2913   0.0181    10.90  1    cut
 363  sn1988L       Ib-norm    0.5618   3.18   0.2791   0.0211     0.00  1    cut
 364  sn1994T       Ia-norm    0.5876   3.18   0.2872   0.0185     4.70  0    cut
 365  sn2002jg      Ia-norm    0.6444   3.17   0.2863   0.0161     4.50  0    cut
 366  sn2006H       Ia-91bg    0.7053   3.17   0.2841   0.0179     4.50  0    cut
 367  sn1999by      Ia-91bg    0.6295   3.17   0.2847   0.0222     4.00  0    cut
 368  sn2006H       Ia-91bg    0.7053   3.16   0.2820   0.0186     9.60  0    cut
 369  sn1987A       II-pec     0.6065   3.16   0.2775   0.0107    12.00  0    cut
 370  sn2006hb      Ia-91bg    0.7094   3.16   0.2823   0.0154    11.70  0    cut
 371  sn1995D       Ia-norm    0.7202   3.15   0.2844   0.0158    11.50  0    cut
 372  sn2005hf      Ia-norm    0.7338   3.15   0.2842   0.0163    12.00  0    cut
 373  sn2002fk      Ia-norm    0.6349   3.15   0.2876   0.0150     4.40  0    cut
 374  sn2006bw      Ia-norm    0.7229   3.14   0.2842   0.0163     4.90  0    cut
 375  sn1998S       IIn        0.6255   3.13   0.2652   0.0151     9.70  0    cut
 376  sn1990K       IIL        0.6227   3.13   0.3049   0.0079   147.00  1    cut
 377  sn1990K       IIL        0.6106   3.13   0.2819   0.0127    55.60  1    cut
 378  sn2002ha      Ia-norm    0.6431   3.12   0.2866   0.0153     9.60  0    cut
 379  sn2001E       Ia-norm    0.6471   3.12   0.2982   0.0183     7.70  0    cut
 380  sn2007Y       Ib-norm    0.7162   3.12   0.2722   0.0210    12.80  0    cut
 381  sn2002cr      Ia-norm    0.6376   3.10   0.2829   0.0150     4.60  0    cut
 382  sn2002jy      Ia-norm    0.6471   3.10   0.2904   0.0145     6.00  0    cut
 383  sn2002dp      Ia-norm    0.6403   3.09   0.2850   0.0159     7.10  0    cut
 384  sn1997ef      Ic-broad   0.5144   3.09   0.2865   0.0209     6.90  0    cut
 385  sn2005am      Ia-norm    0.6999   3.09   0.2888   0.0150     7.90  0    cut
 386  sn2002fk      Ia-norm    0.6363   3.09   0.2882   0.0158     6.50  0    cut
 387  sn2006X       Ia-norm    0.6999   3.09   0.2976   0.0174     8.20  0    cut
 388  sn1990K       IIL        0.5848   3.08   0.2814   0.0066   202.50  1    cut
 389  sn2003cg      Ia-norm    0.6376   3.08   0.2880   0.0162     7.00  0    cut
 390  sn2007if      Ia-pec     0.8042   3.07   0.2608   0.0195     9.40  0    cut
 391  sn2007hj      Ia-norm    0.7094   3.07   0.2865   0.0173     7.30  0    cut
 392  sn2003it      Ia-norm    0.6512   3.07   0.2889   0.0156     9.50  0    cut
 393  sn2005hc      Ia-norm    0.7351   3.07   0.2843   0.0166    11.10  0    cut
 394  sn2000cn      Ia-91bg    0.6512   3.06   0.2882   0.0182     8.30  0    cut
 395  sn1999ac      Ia-91T     0.6376   3.05   0.2835   0.0177     9.00  0    cut
 396  sn2003ch      Ia-norm    0.6498   3.05   0.2847   0.0153     4.80  0    cut
 397  sn1990K       IIL        0.5605   3.04   0.2817   0.0065   201.60  1    cut
 398  sn2001bf      Ia-norm    0.6431   3.04   0.2808   0.0141     7.60  0    cut
 399  sn1995al      Ia-norm    0.6376   3.04   0.2943   0.0183     8.40  0    cut
 400  sn1997do      Ia-norm    0.6376   3.03   0.2922   0.0186     8.20  0    cut
 401  sn1999ek      Ia-norm    0.6458   3.03   0.2826   0.0159     9.20  0    cut
 402  sn2000cu      Ia-norm    0.6444   3.03   0.2856   0.0165     7.30  0    cut
 403  sn2001ep      Ia-norm    0.6417   3.03   0.2844   0.0170     5.80  0    cut
 404  sn2002ap      Ic-broad   0.5483   3.03   0.2875   0.0210     6.50  0    cut
 405  sn2006lf      Ia-norm    0.6458   3.02   0.2860   0.0159     9.30  0    cut
 406  sn2004gs      Ia-norm    0.7175   3.02   0.2844   0.0168     3.60  0    cut
 407  sn1994M       Ia-norm    0.6539   3.02   0.2928   0.0161     6.60  0    cut
 408  sn1999ac      Ia-91T     0.6376   3.02   0.2828   0.0183    10.90  0    cut
 409  sn2006eq      Ia-norm    0.6498   3.02   0.2887   0.0189     4.70  0    cut
 410  sn1987A       II-pec     0.6051   3.02   0.2775   0.0119    10.00  0    cut
 411  lbv2001ac     LBV        0.6322   3.02   0.2815   0.0050   -99.90  2    cut
 412  sn2007if      Ia-pec     0.5821   3.02   0.2747   0.0222    13.10  0    cut
 413  sn1996Z       Ia-norm    0.6403   3.01   0.2943   0.0183     4.10  0    cut
 414  sn2005cf      Ia-norm    0.7432   3.01   0.2820   0.0166    12.10  0    cut
 415  sn2002eu      Ia-norm    0.6620   3.01   0.2845   0.0173    10.70  0    cut
 416  sn1996ai      Ia-norm    0.6363   3.00   0.2905   0.0128     4.20  0    cut
 417  sn2001bf      Ia-norm    0.7866   3.00   0.2816   0.0149     8.70  0    cut
 418  sn2001ep      Ia-norm    0.6417   3.00   0.2839   0.0174     6.80  0    cut
 419  sn2004as      Ia-norm    0.6593   3.00   0.2895   0.0174     5.80  0    cut
 420  sn2003ch      Ia-norm    0.6579   3.00   0.2853   0.0147     5.60  0    cut
 421  sn2001gc      Ia-norm    0.6444   3.00   0.2969   0.0204     7.30  0    cut
 422  sn2007hj      Ia-norm    0.7839   3.00   0.2866   0.0172     8.20  0    cut
 423  sn2003cg      Ia-norm    0.6309   3.00   0.2837   0.0183    10.80  0    cut
 424  sn1999gh      Ia-norm    0.6336   3.00   0.2851   0.0203     5.50  0    cut
 425  sn1998bu      Ia-norm    0.6295   2.99   0.2858   0.0173    10.40  0    cut
 426  sn2000cn      Ia-91bg    0.6512   2.99   0.2866   0.0182    12.20  0    cut
 427  sn1992A       Ia-norm    0.6471   2.99   0.2960   0.0158     6.90  0    cut
 428  sn2001bf      Ia-norm    0.6431   2.99   0.2832   0.0151     4.70  0    cut
 429  sn1999dn      Ib-norm    0.6701   2.99   0.2768   0.0203     6.90  1    cut
 430  sn2001N       Ia-norm    0.6458   2.99   0.2901   0.0190     9.40  0    cut
 431  sn2003ch      Ia-norm    0.6525   2.98   0.2847   0.0149     3.80  0    cut
 432  sn2006le      Ia-norm    0.7053   2.98   0.2884   0.0168    10.80  0    cut
 433  sn2001V       Ia-91T     0.6431   2.98   0.2886   0.0168    10.50  0    cut
 434  sn2001ep      Ia-norm    0.6417   2.98   0.2851   0.0173     4.80  0    cut
 435  sn2001ep      Ia-norm    0.6417   2.98   0.2837   0.0176     7.80  0    cut
 436  sn2004bg      Ia-norm    0.6471   2.98   0.2852   0.0157    10.50  0    cut
 437  sn2007co      Ia-norm    0.7202   2.97   0.2869   0.0162    11.50  0    cut
 438  sn1998dk      Ia-norm    0.6417   2.97   0.2905   0.0179    10.20  0    cut
 439  sn1999ac      Ia-91T     0.6376   2.97   0.2826   0.0188    11.90  0    cut
 440  sn1999gh      Ia-norm    0.6349   2.97   0.2839   0.0205     7.40  0    cut
 441  sn2001en      Ia-norm    0.6431   2.96   0.2905   0.0174     8.30  0    cut
 442  sn1990B       Ic-norm    0.6999   2.96   0.2840   0.0193     8.90  0    cut
 443  sn2005mc      Ia-norm    0.7135   2.96   0.2834   0.0166     5.60  0    cut
 444  sn2007nq      Ia-norm    0.6458   2.96   0.2882   0.0184     9.20  0    cut
 445  sn2007if      Ia-pec     0.8069   2.96   0.2707   0.0202     6.10  0    cut
 446  sn2000dk      Ia-norm    0.6458   2.96   0.2871   0.0170     3.70  0    cut
 447  sn1999gh      Ia-norm    0.6349   2.96   0.2847   0.0206     6.50  0    cut
 448  sn2000ce      Ia-norm    0.6444   2.96   0.2910   0.0164     6.70  0    cut
 449  sn2002dp      Ia-norm    0.6403   2.96   0.2827   0.0170    10.00  0    cut
 450  sn2004as      Ia-norm    0.6579   2.96   0.2897   0.0177     6.60  0    cut
 451  sn2002bf      Ia-norm    0.6525   2.95   0.2972   0.0189     6.70  0    cut
 452  sn1983V       Ic-norm    0.5930   2.94   0.2857   0.0272    12.90  0    cut
 453  sn2006H       Ia-91bg    0.7053   2.94   0.2844   0.0195    12.40  0    cut
 454  sn2007le      Ia-norm    0.6972   2.94   0.2899   0.0171    10.40  0    cut
 455  sn2000dk      Ia-norm    0.6634   2.94   0.2844   0.0180     9.60  0    cut
 456  sn2007bm      Ia-norm    0.6999   2.92   0.2805   0.0161     9.60  0    cut
 457  sn2007af      Ia-norm    0.6999   2.92   0.2802   0.0158    10.20  0    cut
 458  sn2002er      Ia-norm    0.7446   2.92   0.2822   0.0182     8.80  0    cut
 459  sn1987A       II-pec     0.6065   2.92   0.2775   0.0120     8.00  0    cut
 460  sn2002kf      Ia-norm    0.6471   2.92   0.2894   0.0161     8.00  0    cut
 461  sn2006H       Ia-91bg    0.6891   2.92   0.2820   0.0202    10.40  0    cut
 462  sn2001ep      Ia-norm    0.6417   2.92   0.2861   0.0176     3.80  0    cut
 463  sn2007ca      Ia-norm    0.7053   2.92   0.2819   0.0162    13.30  0    cut
 464  sn2002jg      Ia-norm    0.6417   2.91   0.2840   0.0194     9.40  0    cut
 465  sn1999cl      Ia-norm    0.6349   2.91   0.2877   0.0208     7.60  0    cut
 466  sn2006D       Ia-norm    0.6986   2.91   0.2857   0.0147     4.50  0    cut
 467  sn1999by      Ia-91bg    0.6295   2.91   0.2842   0.0238     5.00  0    cut
 468  sn2002he      Ia-norm    0.6525   2.90   0.2917   0.0162     5.60  0    cut
 469  sn1999ac      Ia-91T     0.6376   2.90   0.2833   0.0186    10.00  0    cut
 470  sn1994I       Ic-norm    0.6322   2.90   0.2863   0.0252     3.50  0    cut
 471  sn1996Z       Ia-norm    0.6403   2.89   0.2931   0.0189     6.10  0    cut
 472  sn1999gh      Ia-norm    0.6349   2.88   0.2841   0.0214     9.40  0    cut
 473  sn2001bg      Ia-norm    0.6349   2.88   0.2874   0.0185    10.00  0    cut
 474  sn2003it      Ia-norm    0.6525   2.88   0.2907   0.0157     3.70  0    cut
 475  sn2007ba      Ia-91bg    0.7324   2.88   0.2818   0.0141     5.10  0    cut
 476  sn2000B       Ia-norm    0.6471   2.88   0.2949   0.0185     8.60  0    cut
 477  kcSa          Gal        0.8069   2.86   0.2455   0.0093   -99.90  2    cut
 478  sn1999gh      Ia-norm    0.6349   2.86   0.2844   0.0213     8.40  0    cut
 479  sn2005bf      Ib-pec     0.7107   2.85   0.2696   0.0174     6.20  0    cut
 480  sn2001en      Ia-norm    0.6444   2.85   0.2921   0.0179     6.30  0    cut
 481  sn2001en      Ia-norm    0.6431   2.85   0.2929   0.0184     5.30  0    cut
 482  sn2004as      Ia-norm    0.6593   2.85   0.2902   0.0183     7.60  0    cut
 483  sn2001bg      Ia-norm    0.6336   2.85   0.2912   0.0192     5.10  0    cut
 484  sn1994Q       Ia-norm    0.6349   2.85   0.2860   0.0187    10.90  0    cut
 485  sn2001bg      Ia-norm    0.6336   2.84   0.2923   0.0193     4.20  0    cut
 486  sn1990U       Ic-norm    0.7541   2.84   0.2779   0.0230    10.90  0    cut
 487  sn1997br      Ia-91T     0.6403   2.84   0.2817   0.0186     9.90  0    cut
 488  sn2000cw      Ia-norm    0.6579   2.83   0.2892   0.0174     3.50  0    cut
 489  sn2000cx      Ia-pec     0.5713   2.83   0.2981   0.0167     8.60  0    cut
 490  lbv2003hy     LBV        0.6498   2.83   0.2814   0.0212   -99.90  2    cut
 491  sn1983V       Ic-norm    0.6160   2.83   0.2853   0.0193     4.00  0    cut
 492  sn1996bo      Ia-norm    0.6512   2.82   0.2910   0.0176     7.10  0    cut
 493  sn2007hj      Ia-norm    0.6566   2.81   0.2875   0.0196    12.30  0    cut
 494  sn2002dj      Ia-norm    0.6363   2.81   0.2906   0.0204     9.50  0    cut
 495  sn2004eo      Ia-norm    0.7040   2.81   0.2809   0.0182    11.70  0    cut
 496  sn1998ab      Ia-91T     0.5957   2.81   0.2848   0.0176     6.70  0    cut
 497  sn2000fa      Ia-norm    0.6471   2.80   0.2911   0.0174     9.10  0    cut
 498  sn2002he      Ia-norm    0.6525   2.80   0.2933   0.0166     3.70  0    cut
 499  lbv2003hy     LBV        0.6485   2.80   0.2593   0.0176   -99.90  2    cut
 500  sn2002er      Ia-norm    0.6376   2.80   0.2906   0.0185     4.10  0    cut
 501  sn2002bf      Ia-norm    0.6512   2.80   0.2918   0.0177    10.60  0    cut
 502  sn2007Y       Ib-norm    0.6634   2.80   0.2721   0.0221     7.90  0    cut
 503  sn2001V       Ia-91T     0.6431   2.79   0.2876   0.0179    11.30  0    cut
 504  sn1999gh      Ia-norm    0.6349   2.78   0.2846   0.0219    11.40  0    cut
 505  sn2004dj      IIP        0.5551   2.78   0.2863   0.0060    89.80  1    cut
 506  sn2006lf      Ia-norm    0.6701   2.77   0.2857   0.0170    11.30  0    cut
 507  sn2003kf      Ia-norm    0.6363   2.77   0.2883   0.0170    10.40  0    cut
 508  sn2008D       Ib-pec     0.6674   2.77   0.2829   0.0199     5.50  0    cut
 509  sn2004dt      Ia-norm    0.7500   2.77   0.2956   0.0204     3.80  0    cut
 510  sn2006eu      Ia-norm    0.7189   2.76   0.2894   0.0209     8.00  0    cut
 511  sn1998dk      Ia-norm    0.6417   2.75   0.2897   0.0192    11.10  0    cut
 512  sn1995F       Ic-norm    0.6282   2.75   0.2873   0.0250     4.00  1    cut
 513  sn1997bq      Ia-norm    0.6417   2.75   0.2894   0.0208     9.20  0    cut
 514  sn2002bo      Ia-norm    0.6295   2.74   0.2875   0.0209    10.40  0    cut
 515  sn1998dm      Ia-norm    0.6349   2.74   0.2854   0.0174    12.40  0    cut
 516  sn1996bl      Ia-norm    0.6688   2.74   0.2829   0.0167    13.30  0    cut
 517  sn2005ke      Ia-91bg    0.6904   2.73   0.2783   0.0207     6.40  0    cut
 518  sn1989B       Ia-norm    0.6850   2.73   0.2829   0.0170    11.60  0    cut
 519  sn2001da      Ia-norm    0.6458   2.73   0.2885   0.0187     7.80  0    cut
 520  sn2002dj      Ia-norm    0.7162   2.73   0.2897   0.0186    12.30  0    cut
 521  sn2004aw      Ic-norm    0.7040   2.73   0.2834   0.0210    12.20  0    cut
 522  sn2002es      Ia-91bg    0.6431   2.73   0.2729   0.0195     9.00  0    cut
 523  sn2005bf      Ib-pec     0.7107   2.73   0.2680   0.0167     8.20  0    cut
 524  sn1994Q       Ia-norm    0.6336   2.72   0.2825   0.0191    11.80  0    cut
 525  sn1990N       Ia-norm    0.8069   2.72   0.2887   0.0189     3.90  0    cut
 526  sn2005mz      Ia-91bg    0.7080   2.72   0.2810   0.0184    10.20  0    cut
 527  sn2004as      Ia-norm    0.6579   2.70   0.2885   0.0190     8.60  0    cut
 528  sn1997br      Ia-91T     0.7920   2.70   0.2768   0.0181    11.90  0    cut
 529  sn1989B       Ia-norm    0.6593   2.70   0.2802   0.0161    10.60  0    cut
 530  sn2006H       Ia-91bg    0.6891   2.69   0.2819   0.0211    11.40  0    cut
 531  sn2000cx      Ia-pec     0.7351   2.68   0.2987   0.0157     4.70  0    cut
 532  sn1997do      Ia-norm    0.6376   2.68   0.2906   0.0207    10.20  0    cut
 533  sn1996Z       Ia-norm    0.6403   2.66   0.2909   0.0202     8.10  0    cut
 534  sn2005cc      Ia-pec     0.6403   2.65   0.2655   0.0216     4.60  0    cut
 535  sn1997cn      Ia-91bg    0.6904   2.65   0.2810   0.0184     3.90  0    cut
 536  sn2001en      Ia-norm    0.6431   2.65   0.2934   0.0194     4.40  0    cut
 537  sn2001N       Ia-norm    0.6634   2.64   0.2956   0.0215     4.40  0    cut
 538  sn1998bu      Ia-norm    0.6295   2.64   0.2853   0.0194    11.40  0    cut
 539  sn2001en      Ia-norm    0.6431   2.63   0.2885   0.0189    10.20  0    cut
 540  sn2001G       Ia-norm    0.6444   2.63   0.2890   0.0174    11.60  0    cut
 541  sn1995bd      Ia-91T     0.6471   2.63   0.2856   0.0193    10.60  0    cut
 542  sn2002kf      Ia-norm    0.6471   2.63   0.2903   0.0173     6.00  0    cut
 543  lbv2003hy     LBV        0.6498   2.62   0.2838   0.0237   -99.90  2    cut
 544  sn1999gh      Ia-norm    0.6349   2.62   0.2842   0.0225    12.40  0    cut
 545  sn1997dq      Ic-broad   0.6349   2.61   0.2877   0.0239    54.80  1    cut
 546  sn2007af      Ia-norm    0.6999   2.61   0.2799   0.0174    11.30  0    cut
 547  sn2007bj      Ia-norm    0.7107   2.60   0.2866   0.0194    12.00  0    cut
 548  sn2002kf      Ia-norm    0.6471   2.60   0.2879   0.0182    11.80  0    cut
 549  sn1994Q       Ia-norm    0.7148   2.59   0.2919   0.0186    11.60  0    cut
 550  sn2006ac      Ia-norm    0.7121   2.59   0.2877   0.0180    10.00  0    cut
 551  sn1994Q       Ia-norm    0.6336   2.58   0.2823   0.0209    12.80  0    cut
 552  sn2008C       Ia-norm    0.7107   2.58   0.2816   0.0182    12.30  0    cut
 553  sn1993J       IIb        0.6431   2.58   0.2869   0.0244     6.60  0    cut
 554  sn2002er      Ia-norm    0.7080   2.57   0.2898   0.0193    10.00  0    cut
 555  sn1999ej      Ia-norm    0.6403   2.57   0.2822   0.0203    11.00  0    cut
 556  sn2007al      Ia-91bg    0.7053   2.57   0.2788   0.0201     4.30  0    cut
 557  sn2005am      Ia-norm    0.6999   2.56   0.2877   0.0180     9.90  0    cut
 558  sn2002eu      Ia-norm    0.6634   2.56   0.2857   0.0177     5.00  0    cut
 559  sn2004dj      IIP        0.5036   2.56   0.2810   0.0064    51.90  1    cut
 560  sn2003cg      Ia-norm    0.7216   2.56   0.2846   0.0182    11.00  0    cut
 561  sn2007le      Ia-norm    0.6999   2.56   0.2897   0.0189    11.40  0    cut
 562  sn2006lf      Ia-norm    0.6444   2.55   0.2857   0.0182    10.30  0    cut
 563  sn2005bl      Ia-91bg    0.7162   2.54   0.2803   0.0204     4.70  0    cut
 564  sn1999by      Ia-91bg    0.6309   2.54   0.2847   0.0264     5.90  0    cut
 565  kcSB3         Gal        0.8069   2.54   0.2821   0.0052   -99.90  2    cut
 566  sn2004dj      IIP        0.5063   2.54   0.2815   0.0064    50.00  1    cut
 567  lbv1999bw     LBV        0.5821   2.54   0.2814   0.0053   -99.90  2    cut
 568  sn2005bf      Ib-pec     0.7094   2.54   0.2708   0.0202     5.20  0    cut
 569  sn1997do      Ia-norm    0.6376   2.54   0.2897   0.0214    11.10  0    cut
 570  sn2002bo      Ia-norm    0.6309   2.53   0.2862   0.0220    11.60  0    cut
 571  sn2002bo      Ia-norm    0.6295   2.53   0.2858   0.0223    12.50  0    cut
 572  sn1995E       Ia-norm    0.8055   2.53   0.2844   0.0192     8.90  0    cut
 573  sn1997cy      IIn        0.7500   2.52   0.2815   0.0066   377.70  1    cut
 574  sn1997E       Ia-norm    0.6444   2.52   0.2819   0.0210    11.20  0    cut
 575  sn2000bk      Ia-norm    0.6512   2.52   0.2845   0.0214    11.90  0    cut
 576  sn2004dj      IIP        0.5063   2.51   0.2813   0.0064    48.00  1    cut
 577  sn1991N       Ic-norm    0.8042   2.51  -0.0087   0.0256    12.00  1    cut
 578  sn1997bq      Ia-norm    0.6431   2.50   0.2878   0.0221    11.20  0    cut
 579  lbv2003hy     LBV        0.6485   2.50   0.2670   0.0148   -99.90  2    cut
 580  sn1991N       Ic-norm    0.7608   2.50   0.1157   0.0248    27.90  1    cut
 581  sn2001V       Ia-91T     0.6431   2.50   0.2870   0.0196    12.50  0    cut
 582  sn1995F       Ic-norm    0.6282   2.49   0.2876   0.0276     1.90  1    cut
 583  sn1995al      Ia-norm    0.6376   2.48   0.2915   0.0213    10.40  0    cut
 584  sn2002hd      Ia-norm    0.6607   2.47   0.2842   0.0206    12.00  0    cut
 585  sn1989B       Ia-norm    0.6444   2.47   0.2792   0.0185    12.60  0    cut
 586  lbv2003hy     LBV        0.6498   2.46   0.2571   0.0213   -99.90  2    cut
 587  sn2006X       Ia-norm    0.6972   2.46   0.2935   0.0201    13.30  0    cut
 588  sn2007ax      Ia-91bg    0.7026   2.45   0.2820   0.0228    10.00  0    cut
 589  sn1996bo      Ia-norm    0.6498   2.44   0.2882   0.0211     9.20  0    cut
 590  sn2007al      Ia-91bg    0.7053   2.44   0.2787   0.0191    10.20  0    cut
 591  sn2005kc      Ia-norm    0.7040   2.44   0.2806   0.0191    11.60  0    cut
 592  sn2002es      Ia-91bg    0.6444   2.43   0.2751   0.0219    11.00  0    cut
 593  sn2005cf      Ia-norm    0.7202   2.43   0.2826   0.0189    12.20  0    cut
 594  sn2005bf      Ib-pec     0.8069   2.42   0.2712   0.0200     3.40  0    cut
 595  sn1993J       IIb        0.6552   2.42   0.2806   0.0234     3.40  0    cut
 596  sn2002dp      Ia-norm    0.6403   2.41   0.2818   0.0209    13.00  0    cut
 597  sn2006ac      Ia-norm    0.6823   2.41   0.2880   0.0201    11.00  0    cut
 598  sn1998bu      Ia-norm    0.6295   2.41   0.2842   0.0213    12.40  0    cut
 599  sn1998V       Ia-norm    0.6444   2.41   0.2843   0.0197    12.10  0    cut
 600  sn1997do      Ia-norm    0.6376   2.41   0.2888   0.0221    12.10  0    cut
 601  kcE           Gal        0.8069   2.40   0.2458   0.0253   -99.90  2    cut
 602  sn2005bl      Ia-91bg    0.6688   2.39   0.2872   0.0223    12.60  0    cut
 603  sn2006D       Ia-norm    0.7798   2.39   0.2813   0.0180    12.50  0    cut
 604  sn1999ex      Ib-norm    0.6268   2.38   0.2796   0.0198     9.30  0    cut
 605  sn1984L       Ib-norm    0.5537   2.38   0.2724   0.0229     8.00  0    cut
 606  sn2004dj      IIP        0.5050   2.38   0.2811   0.0066    46.80  1    cut
 607  sn1990I       Ib-norm    0.6241   2.38   0.2925   0.0279    11.30  0    cut
 608  sn2004dj      IIP        0.4833   2.38   0.2818   0.0064    36.00  1    cut
 609  sn2007ba      Ia-91bg    0.6268   2.37   0.2789   0.0244     6.00  0    cut
 610  sn2007al      Ia-91bg    0.6390   2.37   0.2823   0.0198    11.30  0    cut
 611  kcSB6         Gal        0.8069   2.37   0.2815   0.0053   -99.90  2    cut
 612  sn1996X       Ia-norm    0.4806   2.37   0.2803   0.0225    11.90  0    cut
 613  sn2005ke      Ia-91bg    0.6959   2.37   0.2785   0.0228     8.40  0    cut
 614  sn2007al      Ia-91bg    0.7053   2.36   0.2768   0.0220     8.30  0    cut
 615  sn2000cx      Ia-pec     0.7365   2.36   0.2979   0.0172     5.70  0    cut
 616  sn1998dk      Ia-norm    0.6417   2.36   0.2881   0.0214    13.10  0    cut
 617  sn1997dq      Ic-broad   0.7581   2.35   0.2861   0.0244    81.70  1    cut
 618  sn1990U       Ic-norm    0.5876   2.35   0.2616   0.0260    11.90  0    cut
 619  sn1999by      Ia-91bg    0.6309   2.35   0.2848   0.0282     6.90  0    cut
 620  sn2005am      Ia-norm    0.6986   2.35   0.2876   0.0193    10.90  0    cut
 621  sn2004bg      Ia-norm    0.6471   2.35   0.2839   0.0188    12.50  0    cut
 622  sn2001ay      Ia-norm    0.6566   2.34   0.2914   0.0208     7.20  0    cut
 623  sn2007af      Ia-norm    0.6999   2.34   0.2794   0.0190    12.30  0    cut
 624  sn2000fa      Ia-norm    0.6498   2.34   0.2893   0.0197    11.10  0    cut
 625  sn2004dt      Ia-norm    0.6959   2.33   0.2905   0.0189     9.10  0    cut
 626  sn1996Z       Ia-norm    0.6390   2.33   0.2894   0.0227    10.10  0    cut
 627  sn1997cy      IIn        0.7514   2.33   0.2846   0.0090    57.20  1    cut
 628  mstar         M-star     0.6864   2.33   0.6407   0.0101     6.00  2    cut
 629  sn1997cy      IIn        0.7175   2.33   0.2842   0.0072   174.50  1    cut
 630  sn2005hk      Ia-pec     0.5659   2.32   0.2524   0.0268    12.40  0    cut
 631  sn2006em      Ia-91bg    0.7148   2.32   0.2763   0.0234     3.70  0    cut
 632  sn2001gc      Ia-norm    0.6458   2.32   0.2921   0.0239    13.30  0    cut
 633  sn2002kf      Ia-norm    0.6471   2.32   0.2913   0.0190     4.10  0    cut
 634  kcSB5         Gal        0.8069   2.32   0.2818   0.0055   -99.90  2    cut
 635  sn2007ap      Ia-norm    0.7067   2.30   0.2837   0.0201    11.40  0    cut
 636  sn2001ay      Ia-norm    0.6579   2.30   0.2940   0.0210     4.20  0    cut
 637  sn1997cy      IIn        0.8069   2.30   0.3309   0.0076   196.10  1    cut
 638  sn2005am      Ia-norm    0.6674   2.30   0.2879   0.0209    11.80  0    cut
 639  sn2002ck      Ia-norm    0.6525   2.30   0.2849   0.0209    11.90  0    cut
 640  sn2001ay      Ia-norm    0.6769   2.30   0.2899   0.0213     7.80  0    cut
 641  sn2008D       Ib-pec     0.6458   2.29   0.2818   0.0211     4.40  0    cut
 642  sn2008D       Ib-pec     0.6295   2.29   0.2800   0.0254     9.50  0    cut
 643  sn2004eo      Ia-norm    0.7040   2.29   0.2797   0.0199    13.10  0    cut
 644  sn1997dd      IIb        0.7026   2.29   0.2703   0.0238     0.00  1    cut
 645  sn2007fb      Ia-norm    0.7148   2.29   0.2858   0.0198    12.60  0    cut
 646  sn1984L       Ib-norm    0.5564   2.29   0.2710   0.0241     9.00  0    cut
 647  sn2002bf      Ia-norm    0.6525   2.28   0.2915   0.0202    11.70  0    cut
 648  sn1994D       Ia-norm    0.6322   2.28   0.2863   0.0213    10.80  0    cut
 649  sn2001ay      Ia-norm    0.8069   2.27   0.2971   0.0211     5.80  0    cut
 650  sn1990K       IIL        0.6390   2.27   0.2829   0.0192     0.00  1    cut
 651  sn2007le      Ia-norm    0.7013   2.26   0.2886   0.0206    12.40  0    cut
 652  sn1993J       IIb        0.6755   2.26   0.2766   0.0261     4.60  0    cut
 653  sn2006ac      Ia-norm    0.7148   2.24   0.2867   0.0205    12.90  0    cut
 654  sn1983V       Ic-norm    0.6688   2.24   0.2850   0.0269    11.90  0    cut
 655  sn1990K       IIL        0.5402   2.24   0.2801   0.0113    76.30  1    cut
 656  sn2007if      Ia-pec     0.7514   2.23   0.2727   0.0242     5.60  0    cut
 657  sn1998V       Ia-norm    0.6458   2.23   0.2837   0.0212    13.10  0    cut
 658  sn2005cc      Ia-pec     0.6999   2.22   0.1066   0.0278     3.60  0    cut
 659  sn2001en      Ia-norm    0.6431   2.22   0.2870   0.0223    12.20  0    cut
 660  sn2006lf      Ia-norm    0.6728   2.21   0.2847   0.0216    13.20  0    cut
 661  sn2004dj      IIP        0.5077   2.21   0.2814   0.0067    50.60  1    cut
 662  sn1994M       Ia-norm    0.8069   2.21   0.2884   0.0183    12.50  0    cut
 663  sn1994M       Ia-norm    0.7649   2.21   0.2867   0.0192    11.50  0    cut
 664  sn1998ec      Ia-norm    0.6485   2.21   0.2887   0.0212    11.70  0    cut
 665  sn2008bf      Ia-norm    0.7175   2.20   0.2870   0.0201    13.30  0    cut
 666  sn2006X       Ia-norm    0.6661   2.20   0.2965   0.0226    10.30  0    cut
 667  sn2006le      Ia-norm    0.7053   2.19   0.2868   0.0209    12.80  0    cut
 668  sn2005cc      Ia-pec     0.6200   2.19   0.2490   0.0283     9.50  0    cut
 669  sn2003du      Ia-norm    0.6959   2.18   0.2813   0.0205    12.70  0    cut
 670  sn2001ay      Ia-norm    0.6566   2.18   0.2901   0.0222     9.00  0    cut
 671  sn1993J       IIb        0.6769   2.17   0.2766   0.0268     3.80  0    cut
 672  sn2002bf      Ia-norm    0.6525   2.17   0.2927   0.0216    12.60  0    cut
 673  sn2007bm      Ia-norm    0.7013   2.17   0.2794   0.0214    12.60  0    cut
 674  sn2007jg      Ia-norm    0.6701   2.17   0.2907   0.0218    13.10  0    cut
 675  lbv2003hy     LBV        0.6485   2.17   0.2595   0.0187   -99.90  2    cut
 676  sn2005ke      Ia-91bg    0.6674   2.16   0.2824   0.0248    10.40  0    cut
 677  sn1997cy      IIn        0.7500   2.15   0.2941   0.0101    14.10  1    cut
 678  lbv2001ac     LBV        0.7676   2.14   0.2324   0.0172   -99.90  2    cut
 679  sn1987A       II-pec     0.5754   2.14   0.2728   0.0203     9.30  0    cut
 680  sn1994D       Ia-norm    0.6322   2.14   0.2853   0.0241    12.80  0    cut
 681  sn1990K       IIL        0.6119   2.14   0.3275   0.0101   136.10  1    cut
 682  sn1996bo      Ia-norm    0.6485   2.14   0.2899   0.0235    11.10  0    cut
 683  sn2001bf      Ia-norm    0.6390   2.14   0.2799   0.0181    12.50  0    cut
 684  lbv2003hy     LBV        0.6512   2.13   0.2800   0.0324   -99.90  2    cut
 685  sn1997cy      IIn        0.7500   2.13   0.2855   0.0083   116.80  1    cut
 686  mstar         M-star     0.6864   2.12   0.2774   0.0413     4.00  2    cut
 687  sn2005ke      Ia-91bg    0.6904   2.12   0.2796   0.0252    11.40  0    cut
 688  sn1999ek      Ia-norm    0.6444   2.12   0.2832   0.0220    12.20  0    cut
 689  sn2007ci      Ia-norm    0.7121   2.11   0.2804   0.0216    12.50  0    cut
 690  sn1992ar      Ic-norm    0.6173   2.11   0.2735   0.0218     3.40  0    cut
 691  sn1994D       Ia-norm    0.5903   2.11   0.2862   0.0230     9.60  0    cut
 692  sn2002er      Ia-norm    0.6945   2.10   0.2953   0.0211    11.80  0    cut
 693  sn2000cx      Ia-pec     0.5727   2.10   0.2966   0.0208    10.60  0    cut
 694  lbv1999bw     LBV        0.6309   2.09   0.2808   0.0056   -99.90  2    cut
 695  sn1992A       Ia-norm    0.8069   2.08   0.2968   0.0239    11.20  0    cut
 696  sn2002cx      Ia-pec     0.6525   2.08   0.0854   0.0212    11.30  0    cut
 697  sn1991N       Ic-norm    0.7839   2.08  -0.0013   0.0297     7.60  1    cut
 698  sn2003cg      Ia-norm    0.7175   2.07   0.2825   0.0214    11.90  0    cut
 699  sn2006X       Ia-norm    0.6512   2.07   0.2933   0.0244    12.30  0    cut
 700  sn1999by      Ia-91bg    0.6295   2.06   0.2852   0.0300     7.90  0    cut
 701  sn1993J       IIb        0.8042   2.06   0.2802   0.0262    13.00  0    cut
 702  sn1997cy      IIn        0.7487   2.06   0.2852   0.0087    71.30  1    cut
 703  sn2004dj      IIP        0.4833   2.06   0.2822   0.0073    20.00  1    cut
 704  sn2004dj      IIP        0.4833   2.05   0.2825   0.0073    18.00  1    cut
 705  sn2007if      Ia-pec     0.6986   2.05   0.1090   0.0265     9.40  0    cut
 706  sn2006X       Ia-norm    0.6661   2.03   0.2960   0.0242    11.20  0    cut
 707  sn1999dn      Ib-norm    0.6431   2.02   0.2789   0.0267     0.00  1    cut
 708  sn2004dj      IIP        0.4820   2.02   0.2834   0.0080     5.00  1    cut
 709  sn2005cs      IIP        0.7933   2.02   0.2876   0.0122     9.80  0    cut
 710  sn1997cy      IIn        0.7500   2.02   0.3265   0.0113     0.00  1    cut
 711  sn2004dj      IIP        0.4833   2.01   0.2825   0.0074    17.00  1    cut
 712  sn2004dj      IIP        0.4820   2.00   0.2841   0.0086     0.00  1    cut
 713  sn2004dj      IIP        0.4806   2.00   0.2830   0.0079     8.00  1    cut
 714  sn2007Y       Ib-norm    0.5997   1.98   0.2635   0.0345     4.90  0    cut
 715  sn2006N       Ia-norm    0.7040   1.97   0.2835   0.0220    11.60  0    cut
 716  sn1998dt      Ib-norm    0.6431   1.96   0.2825   0.0239     6.90  0    cut
 717  mstar         M-star     0.6877   1.96   0.6404   0.0098     8.00  2    cut
 718  sn2000H       IIb        0.6417   1.95   0.2836   0.0310     6.70  0    cut
 719  sn1995al      Ia-norm    0.6376   1.95   0.2886   0.0253    13.30  0    cut
 720  sn2007al      Ia-91bg    0.6309   1.95   0.2849   0.0275    10.10  0    cut
 721  sn1998dx      Ia-norm    0.6796   1.94   0.2910   0.0242    12.50  0    cut
 722  lbv2003hy     LBV        0.6525   1.93   0.2812   0.0286   -99.90  2    cut
 723  sn2000H       IIb        0.6417   1.93   0.2784   0.0306     9.60  0    cut
 724  sn2000H       IIb        0.6417   1.92   0.2801   0.0333     7.70  0    cut
 725  sn1995F       Ic-norm    0.6945   1.89   0.2901   0.0250    88.80  1    cut
 726  agn           AGN        0.8069   1.89   0.2817   0.0069   -99.90  2    cut
 727  sn1987A       II-pec     0.5781   1.88   0.2728   0.0220    11.30  0    cut
 728  lbv2003hy     LBV        0.6512   1.88   0.2812   0.0333   -99.90  2    cut
 729  sn2005mz      Ia-91bg    0.6525   1.87   0.2828   0.0256    12.10  0    cut
 730  sn1990K       IIL        0.5320   1.87   0.3020   0.0117   139.00  1    cut
 731  sn2002ap      Ic-broad   0.7202   1.87   0.2883   0.0298     4.70  0    cut
 732  sn2004dj      IIP        0.4833   1.86   0.2831   0.0084     2.70  1    cut
 733  sn1997cy      IIn        0.7500   1.86   0.3206   0.0093   125.30  1    cut
 734  kcS0          Gal        0.8069   1.85   0.2468   0.0307   -99.90  2    cut
 735  sn1998dt      Ib-norm    0.6431   1.85   0.2844   0.0231     3.90  0    cut
 736  sn1987A       II-pec     0.5740   1.85   0.2733   0.0188    13.30  0    cut
 737  sn2000H       IIb        0.6403   1.84   0.2750   0.0326    10.60  0    cut
 738  sn1999di      Ib-norm    0.5700   1.84  -0.0089   0.0279     0.00  1    cut
 739  sn1999em      IIP        0.7459   1.83   0.2940   0.0261    11.10  0    cut
 740  sn2006gr      Ia-norm    0.7107   1.83   0.2905   0.0231    12.40  0    cut
 741  sn1990K       IIL        0.4427   1.82   0.2824   0.0132    50.50  1    cut
 742  sn2000H       IIb        0.6417   1.80   0.2748   0.0327    11.60  0    cut
 743  sn1983N       Ib-norm    0.6336   1.77   0.2683   0.0297    12.00  0    cut
 744  sn1998bw      Ic-broad   0.7378   1.75   0.3159   0.0352     8.70  0    cut
 745  sn1988L       Ib-norm    0.5131   1.75   0.2952   0.0219    47.70  1    cut
 746  sn1999em      IIP        0.6282   1.75   0.2903   0.0194     9.40  0    cut
 747  sn2004et      IIP        0.6837   1.74   0.2826   0.0273     8.60  0    cut
 748  sn1998bp      Ia-norm    0.6390   1.72   0.2831   0.0297    12.90  0    cut
 749  mstar         M-star     0.6864   1.71   0.6392   0.0120     9.00  2    cut
 750  sn1998dt      Ib-norm    0.6417   1.70   0.2821   0.0271    10.70  0    cut
 751  sn1993J       IIb        0.6864   1.70   0.2766   0.0336     5.50  0    cut
 752  sn1998S       IIn        0.7189   1.69   0.2622   0.0185    11.40  0    cut
 753  sn2005cc      Ia-pec     0.6999   1.68   0.0889   0.0320     5.60  0    cut
 754  sn2003hv      Ia-norm    0.6160   1.67   0.2823   0.0271    11.20  0    cut
 755  sn1997dd      IIb        0.6417   1.67   0.2715   0.0245    16.40  1    cut
 756  sn1991A       Ic-norm    0.5903   1.66   0.2857   0.0332    32.60  1    cut
 757  sn1998dt      Ib-norm    0.6431   1.65   0.2825   0.0273    11.70  0    cut
 758  lbv2003hy     LBV        0.6485   1.63   0.2787   0.0080   -99.90  2    cut
 759  mstar         M-star     0.6864   1.63   0.2489   0.0370     0.00  2    cut
 760  mstar         M-star     0.6877   1.63   0.6403   0.0107    10.00  2    cut
 761  sn1997cn      Ia-91bg    0.5957   1.62   0.2828   0.0295    11.90  0    cut
 762  sn1996cb      IIb        0.6336   1.62   0.0021   0.0275     5.00  0    cut
 763  sn1997cn      Ia-91bg    0.5970   1.61   0.2869   0.0307    10.90  0    cut
 764  sn1996cb      IIb        0.6349   1.61   0.0010   0.0277     6.00  0    cut
 765  sn1991N       Ic-norm    0.5781   1.60   0.3323   0.0139   276.10  1    cut
 766  sn1991A       Ic-norm    0.5266   1.60   0.2709   0.0331    10.90  1    cut
 767  sn2005cs      IIP        0.6891   1.59   0.2804   0.0283    12.70  0    cut
 768  sn1996cb      IIb        0.6309   1.59   0.0002   0.0287     7.00  0    cut
 769  kcSB4         Gal        0.8069   1.58   0.2811   0.0061   -99.90  2    cut
 770  mstar         M-star     0.6877   1.58   0.6409   0.0118     7.00  2    cut
 771  sn1980K       IIL        0.5293   1.56   0.1209   0.0268    12.00  0    cut
 772  sn2005cs      IIP        0.6931   1.56   0.2843   0.0249    10.00  0    cut
 773  sn1991N       Ic-norm    0.8069   1.55   0.3312   0.0169   250.20  1    cut
 774  sn2005cs      IIP        0.6931   1.54   0.2849   0.0245     9.00  0    cut
 775  sn1999em      IIP        0.6877   1.54   0.0200   0.0288     5.40  0    cut
 776  sn1998bw      Ic-broad   0.7311   1.54   0.3626   0.0402     7.80  0    cut
 777  sn2005cs      IIP        0.6918   1.53   0.2852   0.0189     7.10  0    cut
 778  sn2005cs      IIP        0.6931   1.49   0.2853   0.0220     8.00  0    cut
 779  sn1991ar      Ib-norm    0.5456   1.49   0.2830   0.0331    27.40  1    cut
 780  sn2005cs      IIP        0.6904   1.48   0.2834   0.0267     9.70  0    cut
 781  sn2004et      IIP        0.6904   1.48   0.2825   0.0359    12.00  0    cut
 782  sn1991N       Ic-norm    0.8055   1.47   0.2864   0.0360     0.00  1    cut
 783  sn1997cy      IIn        0.8069   1.46   0.3541   0.0111    29.40  1    cut
 784  sn1993J       IIb        0.7771   1.44   0.4545   0.0254    11.00  0    cut
 785  sn1999di      Ib-norm    0.5686   1.44  -0.0094   0.0000    23.60  1    cut
 786  mstar         M-star     0.6877   1.44   0.6420   0.0128     5.00  2    cut
 787  kcSB2         Gal        0.8069   1.43   0.1810   0.0123   -99.90  2    cut
 788  sn1998bw      Ic-broad   0.8069   1.43   0.4145   0.0453    12.70  0    cut
 789  sn1993J       IIb        0.7771   1.41   0.4547   0.0240    12.00  0    cut
 790  sn2004et      IIP        0.6877   1.40   0.2849   0.0254     6.20  0    cut
 791  sn2004et      IIP        0.6918   1.40   0.2836   0.0357    10.00  0    cut
 792  sn1997dd      IIb        0.6403   1.39   0.2711   0.0402     3.60  1    cut
 793  sn1991N       Ic-norm    0.7839   1.38   0.4852   0.0230     6.60  1    cut
 794  sn1990aa      Ic-norm    0.5943   1.36   0.2898   0.0301    61.50  1    cut
 795  sn1991ar      Ib-norm    0.5348   1.35  -0.0094   0.0000     0.00  1    cut
 796  sn1999em      IIP        0.7473   1.35   0.2904   0.0263     6.20  0    cut
 797  sn1997cy      IIn        0.7500   1.33   0.3608   0.0091   226.10  1    cut
 798  sn1999em      IIP        0.6295   1.33   0.2921   0.0212     6.40  0    cut
 799  sn1983N       Ib-norm    0.4928   1.33   0.2720   0.0253     4.00  0    cut
 800  sn2006bp      IIP        0.6593   1.32   0.2949   0.0224     7.20  0    cut
 801  mstar         M-star     0.6850   1.32   0.2489   0.0455     1.00  2    cut
 802  sn1991A       Ic-norm    0.5564   1.32   0.2874   0.0270    61.40  1    cut
 803  sn1999dn      Ib-norm    0.5632   1.31  -0.0094   0.0000    27.70  1    cut
 804  sn1993J       IIb        0.7040   1.31   0.2664   0.0378     3.70  0    cut
 805  sn1996cb      IIb        0.6133   1.30  -0.0020   0.0358     7.90  0    cut
 806  mstar         M-star     0.6891   1.29   0.2491   0.0219     3.00  2    cut
 807  kcSc          Gal        0.8069   1.29   0.2813   0.0063   -99.90  2    cut
 808  sn1997cn      Ia-91bg    0.5957   1.29   0.2835   0.0322    13.00  0    cut
 809  sn1997dc      Ib-norm    0.5645   1.28  -0.0094   0.0000     0.00  1    cut
 810  kcSB1         Gal        0.8069   1.28   0.1801   0.0118   -99.90  2    cut
 811  sn1998T       Ib-norm    0.4860   1.27  -0.0039   0.0301     0.00  1    cut
 812  sn2005cs      IIP        0.6918   1.26   0.2859   0.0160     5.00  0    cut
 813  sn1992H       IIP        0.4373   1.25   0.0239   0.0325    11.50  0    cut
 814  sn2000H       IIb        0.6728   1.25   0.1149   0.0425     8.40  0    cut
 815  sn1997ei      Ic-norm    0.4860   1.22   0.2821   0.0384     0.00  1    cut
 816  sn1997dq      Ic-broad   0.6376   1.22   0.3327   0.0499   222.20  1    cut
 817  sn1991A       Ic-norm    0.4901   1.22   0.1083   0.0396    16.80  1    cut
 818  sn1980K       IIL        0.5280   1.20   0.0992   0.0247     7.00  0    cut
 819  sn2002ap      Ic-broad   0.4616   1.19   0.5434   0.0305    12.70  0    cut
 820  sn1991A       Ic-norm    0.5388   1.19   0.2851   0.0292    47.50  1    cut
 821  sn1999em      IIP        0.5564   1.18   0.2931   0.0208     6.60  0    cut
 822  sn1996L       IIn        0.6092   1.17   0.2221   0.0382     8.40  0    cut
 823  lbv2003hy     LBV        0.6498   1.17   0.4129   0.0204   -99.90  2    cut
 824  sn1979C       IIL        0.4319   1.16   0.2803   0.0145    10.90  0    cut
 825  mstar         M-star     0.6891   1.15   0.2495   0.0586     2.00  2    cut
 826  sn2004et      IIP        0.6904   1.15   0.2867   0.0251     4.00  0    cut
 827  sn2006bp      IIP        0.5266   1.13   0.2961   0.0257    13.20  0    cut
 828  sn1980K       IIL        0.5618   1.12   0.1506   0.0176    11.00  0    cut
 829  sn1979C       IIL        0.4332   1.12   0.2801   0.0161     9.90  0    cut
 830  sn1999em      IIP        0.5469   1.11   0.0136   0.0314     5.60  0    cut
 831  sn1998bw      Ic-broad   0.7852   1.10   0.2476   0.0459    11.70  0    cut
 832  sn1990B       Ic-norm    0.4671   1.08   0.2754   0.0414     4.00  0    cut
 833  sn2005cs      IIP        0.6904   1.07   0.2862   0.0159     4.00  0    cut
 834  sn2005cs      IIP        0.6715   1.06   0.2859   0.0155     3.80  0    cut
 835  sn1990B       Ic-norm    0.4319   1.06   0.5435   0.0240     5.00  0    cut
 836  sn1991N       Ic-norm    0.7825   1.05   0.4908   0.0455     5.70  1    cut
 837  sn1990B       Ic-norm    0.4346   1.04   0.5432   0.0166     6.00  0    cut
 838  sn1979C       IIL        0.5537   1.02   0.1096   0.0337    12.90  0    cut
 839  sn2003bg      IIb        0.6146   1.01   0.2729   0.0461    11.50  0    cut
 840  sn1997dq      Ic-broad   0.4549   1.00   0.1118   0.0547    42.80  1    cut
 841  sn2006bp      IIP        0.6349   0.98   0.2983   0.0244     4.20  0    cut
 842  sn1990B       Ic-norm    0.4346   0.98   0.5418   0.0419     5.90  0    cut
 843  sn1991A       Ic-norm    0.5266   0.98   0.2865   0.0277    65.10  1    cut
 844  sn1999di      Ib-norm    0.4522   0.96   0.1202   0.0278    30.50  1    cut
 845  sn1991A       Ic-norm    0.4833   0.95   0.3338   0.0230   128.30  1    cut
 846  sn2006bp      IIP        0.5348   0.91   0.2975   0.0269     8.10  0    cut
 847  sn1990aa      Ic-norm    0.5943   0.87   0.2923   0.0592   116.10  1    cut
 848  sn1990B       Ic-norm    0.4346   0.86   0.5403   0.0311     9.90  0    cut
 849  sn1991ar      Ib-norm    0.4860   0.86   0.2818   0.0198    15.80  1    cut
 850  sn1990B       Ic-norm    0.4346   0.83   0.0098   0.0362     7.00  0    cut
 851  sn1980K       IIL        0.5185   0.81   0.1015   0.0246     9.00  0    cut
