### SNID output file ###
 
### input spectrum and options ###
# Input spectrum                 : 15031_-9.80.dat
# Parameter file                 : NA
# Wavelength range               :    3747.81   7200.04
# Mask file                      : NA
# Median filtering width [A]     : NA
# Median filtering width [pix]   :       1.00
# Clip emission redshift         :     0.0293
# Clip sky lines                 : 0
# Emission clip width [A]        :       0.03
# Keep A-band                    : 1
# Age range                      :     -19.80      0.20
# Delta range                    :      -9.99     99.90
# Min. number of spectra/template:   1
# Use only templates             : NA
# Use only types                 : NA
# Avoid templates                : NA
# Avoid types                    : NA
# rlapmin                        :      10.00
# Redshift range                 :    -0.0100    1.2000
# Forced initial redshift        :     0.0293
# Extra fake redshift            : NA
# Nsigma for initial redshift    : NA
# Redshift filter                :     0.0200
# Wavenumbers k1,k2,k3,k4        :     1    4   85  102
# Template directory             : /Users/daniel/snid-5.0/templates/
 
### initial/user-input redshift ###
zinit       0.0000
zuser       0.0293
 
### median redshift/age and error ###
zmed        0.0302    0.0000
agem          0.10      0.00
 
### type fraction/redshift/age ###
#type ntemp fraction slope redshift redshift_error age age_error
Ia              0      0.00    0.0000    0.0000    0.0000     0.000     0.000
Ia-norm         0      0.00    0.0000    0.0000    0.0000     0.000     0.000
Ia-91T          0      0.00    0.0000    0.0000    0.0000     0.000     0.000
Ia-91bg         0      0.00    0.0000    0.0000    0.0000     0.000     0.000
Ia-csm          0      0.00    0.0000    0.0000    0.0000     0.000     0.000
Ia-pec          0      0.00    0.0000    0.0000    0.0000     0.000     0.000
###
Ib              0      0.00    0.0000    0.0000    0.0000     0.000     0.000
Ib-norm         0      0.00    0.0000    0.0000    0.0000     0.000     0.000
Ib-pec          0      0.00    0.0000    0.0000    0.0000     0.000     0.000
IIb             0      0.00    0.0000    0.0000    0.0000     0.000     0.000
###
Ic              0      0.00    0.0000    0.0000    0.0000     0.000     0.000
Ic-norm         0      0.00    0.0000    0.0000    0.0000     0.000     0.000
Ic-pec          0      0.00    0.0000    0.0000    0.0000     0.000     0.000
Ic-broad        0      0.00    0.0000    0.0000    0.0000     0.000     0.000
###
II              1      1.00    0.0000    0.0302    0.0000     0.100     0.000
IIP             1      1.00    0.0000    0.0302    0.0000     0.100     0.000
II-pec          0      0.00    0.0000    0.0000    0.0000     0.000     0.000
IIn             0      0.00    0.0000    0.0000    0.0000     0.000     0.000
IIL             0      0.00    0.0000    0.0000    0.0000     0.000     0.000
###
NotSN           0      0.00    0.0000    0.0000    0.0000     0.000     0.000
AGN             0      0.00    0.0000    0.0000    0.0000     0.000     0.000
Gal             0      0.00    0.0000    0.0000    0.0000     0.000     0.000
LBV             0      0.00    0.0000    0.0000    0.0000     0.000     0.000
M-star          0      0.00    0.0000    0.0000    0.0000     0.000     0.000
 
### rlap-ordered template listings ###
#no. sn type lap rlap z zerr age age_flag grade
   1  sn06bp        IIP        0.5226  12.81   0.0302   0.0045     0.10  0   good
#--- rlap cutoff
   2  sn99em        IIP        0.6255   9.65   0.0247   0.0054    -1.60  0    cut
   3  sn06bp        IIP        0.5239   9.48   0.0307   0.0059    -1.70  0    cut
   4  sn99em        IIP        0.6255   8.97   0.0253   0.0059    -2.60  0    cut
   5  sn99em        IIP        0.6498   8.78   0.0243   0.0057    -0.60  0    cut
   6  sn99gi        IIP        0.6227   8.10   0.0268   0.0068    -4.00  0    cut
   7  sn05cs        IIP        0.6498   8.00   0.0174   0.0054     0.10  0    cut
   8  sn99em        IIP        0.6268   7.72   0.0268   0.0071    -3.60  0    cut
   9  sn99em        IIP        0.6498   7.29   0.0284   0.0073    -3.70  0    cut
  10  sn05cs        IIP        0.6498   7.22   0.0174   0.0059    -0.80  0    cut
  11  sn04et        IIP        0.6498   6.16   0.0237   0.0075    -2.90  0    cut
  12  sn91N         Ic-norm    0.6498   5.49   0.2833   0.0160     0.00  1    cut
  13  sn04et        IIP        0.6498   5.40   0.0235   0.0082    -1.90  0    cut
  14  sn94I         Ic-norm    0.6309   5.09   0.3119   0.0156    -5.70  0    cut
  15  sn99gi        IIP        0.6200   4.88   0.0285   0.0105    -5.00  0    cut
  16  sn00cx        Ia-pec     0.6038   4.69   0.3069   0.0162    -3.40  0    cut
  17  sn05cs        IIP        0.6498   4.53   0.0183   0.0087    -1.90  0    cut
  18  sn04et        IIP        0.6498   4.50   0.0236   0.0093    -0.90  0    cut
  19  sn96cb        IIb        0.5821   4.42   0.0400   0.0115   -18.00  0    cut
  20  sn97dq        Ic-norm    0.6295   4.38   0.2898   0.0196     0.00  1    cut
  21  sn94I         Ic-norm    0.6322   4.36   0.3013   0.0170    -3.80  0    cut
  22  sn94I         Ic-norm    0.6322   4.18   0.2991   0.0175    -2.70  0    cut
  23  sn91T         Ia-91T     0.6498   4.18   0.2983   0.0154    -5.30  0    cut
  24  sn00cx        Ia-pec     0.5740   4.08   0.3041   0.0181    -2.40  0    cut
  25  sn00cx        Ia-pec     0.5997   4.03   0.3086   0.0155    -0.40  0    cut
  26  sn91T         Ia-91T     0.6498   4.01   0.2983   0.0157    -6.40  0    cut
  27  sn91T         Ia-91T     0.6498   3.91   0.2994   0.0159    -0.20  0    cut
  28  sn97br        Ia-91T     0.6498   3.88   0.3009   0.0157    -6.40  0    cut
  29  sn91T         Ia-91T     0.6498   3.84   0.2991   0.0163    -7.30  0    cut
  30  sn97br        Ia-91T     0.6268   3.61   0.3003   0.0170    -7.00  0    cut
  31  sn05hj        Ia-norm    0.5727   3.58   0.3020   0.0162    -6.00  0    cut
  32  sn97dq        Ic-norm    0.6309   3.57   0.2868   0.0220    14.90  1    cut
  33  sn99by        Ia-91bg    0.6309   3.55   0.2976   0.0215    -3.90  0    cut
  34  sn99by        Ia-91bg    0.6024   3.54   0.2991   0.0221    -4.80  0    cut
  35  sn91T         Ia-91T     0.6498   3.54   0.2988   0.0188    -9.30  0    cut
  36  sn91T         Ia-91T     0.6498   3.51   0.2997   0.0185   -10.30  0    cut
  37  sn96cb        IIb        0.5821   3.50   0.0356   0.0136   -16.90  0    cut
  38  sn99aa        Ia-91T     0.6498   3.49   0.3187   0.0177    -8.50  0    cut
  39  sn97dq        Ic-norm    0.6498   3.47   0.2863   0.0240     1.00  1    cut
  40  sn97br        Ia-91T     0.6417   3.38   0.3002   0.0177    -7.40  0    cut
  41  sn87A         II-pec     0.5740   3.37   0.2804   0.0236   -16.70  0    cut
  42  sn97dq        Ic-norm    0.6322   3.37   0.2857   0.0231    21.90  1    cut
  43  sn97dq        Ic-norm    0.6309   3.36   0.2860   0.0231    17.90  1    cut
  44  sn97br        Ia-91T     0.6255   3.34   0.3021   0.0182    -9.00  0    cut
  45  sn97br        Ia-91T     0.6011   3.33   0.3001   0.0182    -8.00  0    cut
  46  sn91T         Ia-91T     0.6498   3.28   0.3773   0.0184   -11.50  0    cut
  47  sn97dq        Ic-norm    0.6322   3.25   0.2855   0.0234    26.90  1    cut
  48  sn04eo        Ia-norm    0.6295   3.24   0.3084   0.0197   -11.00  0    cut
  49  sn05hk        Ia-pec     0.5970   3.18   0.2800   0.0186    -7.30  0    cut
  50  sn91N         Ic-norm    0.6498   3.16   0.2791   0.0226    12.00  1    cut
  51  sn00E         Ia-norm    0.6498   3.13   0.3036   0.0188    -5.50  0    cut
  52  sn87A         II-pec     0.5740   3.12   0.2785   0.0264    -8.70  0    cut
  53  sn04aw        Ic-norm    0.6485   3.12   0.3136   0.0195    -1.30  0    cut
  54  sn97br        Ia-91T     0.5605   3.11   0.3028   0.0183    -6.00  0    cut
  55  sn05hk        Ia-pec     0.5970   3.09   0.2811   0.0192    -6.30  0    cut
  56  sn05hj        Ia-norm    0.5754   3.08   0.3036   0.0193    -5.10  0    cut
  57  sn04dj        IIP        0.4820   2.98   0.0128   0.0102     0.00  1    cut
  58  sn04aw        Ic-norm    0.6431   2.95   0.3173   0.0204    -3.30  0    cut
  59  sn87A         II-pec     0.5767   2.94   0.2800   0.0264    -4.70  0    cut
  60  sn99aa        Ia-91T     0.6498   2.90   0.3156   0.0186    -0.60  0    cut
  61  sn00E         Ia-norm    0.6498   2.89   0.3045   0.0197    -1.40  0    cut
  62  sn04aw        Ic-norm    0.6498   2.88   0.3107   0.0218    -0.20  0    cut
  63  sn94I         Ic-norm    0.6498   2.88   0.2920   0.0245    -0.10  0    cut
  64  sn00E         Ia-norm    0.6498   2.87   0.3029   0.0199    -2.50  0    cut
  65  sn02bo        Ia-norm    0.6498   2.87   0.3277   0.0213   -12.30  0    cut
  66  sn99by        Ia-91bg    0.6498   2.87   0.2929   0.0263    -2.80  0    cut
  67  sn03cg        Ia-norm    0.6498   2.82   0.3048   0.0195    -4.50  0    cut
  68  sn02er        Ia-norm    0.6498   2.82   0.3164   0.0210   -11.30  0    cut
  69  sn93J         IIb        0.6498   2.81   0.0188   0.0183   -16.70  0    cut
  70  sn02er        Ia-norm    0.6498   2.78   0.3142   0.0200    -9.40  0    cut
  71  sn04dj        IIP        0.4833   2.74   0.0121   0.0107     2.70  1    cut
  72  sn04dj        IIP        0.4820   2.70   0.0120   0.0109     5.00  1    cut
  73  sn03cg        Ia-norm    0.6227   2.70   0.3038   0.0202    -0.50  0    cut
  74  sn02cx        Ia-pec     0.6498   2.70   0.2846   0.0203    -2.40  0    cut
  75  sn87A         II-pec     0.5767   2.67   0.2776   0.0303    -2.70  0    cut
  76  sn04aw        Ic-norm    0.6431   2.67   0.3172   0.0228    -2.20  0    cut
  77  sn04aw        Ic-norm    0.6417   2.66   0.3231   0.0210    -5.20  0    cut
  78  sn04dj        IIP        0.5551   2.64   0.0163   0.0116    89.80  1    cut
  79  sn05bf        Ib-pec     0.6227   2.63   0.2841   0.0257   -18.50  0    cut
  80  sn93J         IIb        0.6498   2.63   0.1218   0.0225   -18.00  0    cut
  81  sn04aw        Ic-norm    0.6498   2.63   0.3156   0.0220    -1.70  0    cut
  82  sn91A         Ic-norm    0.5916   2.62   0.2896   0.0301     0.00  1    cut
  83  sn03cg        Ia-norm    0.6363   2.62   0.3052   0.0213    -7.50  0    cut
  84  sn04dj        IIP        0.5036   2.61   0.0108   0.0102    51.90  1    cut
  85  sn93J         IIb        0.5794   2.61   0.0256   0.0114   -10.50  0    cut
  86  sn05hk        Ia-pec     0.6498   2.61   0.2827   0.0253    -4.30  0    cut
  87  sn02bo        Ia-norm    0.6309   2.60   0.3082   0.0209    -1.20  0    cut
  88  sn02bo        Ia-norm    0.6498   2.60   0.3206   0.0217    -9.40  0    cut
  89  sn99aa        Ia-91T     0.6498   2.60   0.3173   0.0230    -4.10  0    cut
  90  sn02bo        Ia-norm    0.6309   2.56   0.3096   0.0211    -2.10  0    cut
  91  sn99ee        Ia-norm    0.6498   2.55   0.3099   0.0252    -8.60  0    cut
  92  sn02bo        Ia-norm    0.6498   2.54   0.3297   0.0262   -13.30  0    cut
  93  sn05hk        Ia-pec     0.6498   2.53   0.2823   0.0250    -3.30  0    cut
  94  sn99ee        Ia-norm    0.6498   2.51   0.3091   0.0246    -6.70  0    cut
  95  sn05hk        Ia-pec     0.6498   2.50   0.2790   0.0249    -8.30  0    cut
  96  sn05hk        Ia-pec     0.6498   2.50   0.2806   0.0262    -5.10  0    cut
  97  sn86G         Ia-91bg    0.6498   2.50   0.3010   0.0246    -2.40  0    cut
  98  agn           AGN        0.6498   2.50   0.0184   0.0133   -99.90  2    cut
  99  sn02bo        Ia-norm    0.6309   2.50   0.3122   0.0215    -4.00  0    cut
 100  sn05hk        Ia-pec     0.6498   2.49   0.2798   0.0270    -6.30  0    cut
 101  sn02bo        Ia-norm    0.6309   2.49   0.3108   0.0216    -3.10  0    cut
 102  sn91N         Ic-norm    0.6498   2.48   0.2832   0.0282     5.70  1    cut
 103  sn04dj        IIP        0.4833   2.48   0.0110   0.0112    17.00  1    cut
 104  sn05hk        Ia-pec     0.6498   2.48   0.2761   0.0271    -6.30  0    cut
 105  sn90N         Ia-norm    0.6498   2.48   0.3017   0.0224    -6.40  0    cut
 106  sn99ex        Ib-norm    0.6498   2.47   0.2995   0.0263    -4.50  0    cut
 107  sn04dj        IIP        0.5063   2.46   0.0110   0.0104    50.00  1    cut
 108  sn05hk        Ia-pec     0.6498   2.46   0.2824   0.0255    -5.30  0    cut
 109  sn05hk        Ia-pec     0.6498   2.46   0.2773   0.0253    -8.30  0    cut
 110  sn02bo        Ia-norm    0.6309   2.45   0.3136   0.0218    -5.10  0    cut
 111  sn02bo        Ia-norm    0.6309   2.45   0.3152   0.0220    -6.00  0    cut
 112  sn05hj        Ia-norm    0.5700   2.45   0.3044   0.0209    -0.30  0    cut
 113  sn02bo        Ia-norm    0.6309   2.44   0.3197   0.0221    -8.10  0    cut
 114  sn05hk        Ia-pec     0.6498   2.44   0.2821   0.0246    -2.40  0    cut
 115  sn02bo        Ia-norm    0.6309   2.44   0.3176   0.0221    -7.00  0    cut
 116  sn04eo        Ia-norm    0.6485   2.44   0.3004   0.0201    -2.80  0    cut
 117  sn93J         IIb        0.6498   2.43   0.0235   0.0131    -2.40  0    cut
 118  sn05bf        Ib-pec     0.6065   2.41   0.2832   0.0297    -0.90  0    cut
 119  sn04dj        IIP        0.4806   2.41   0.0117   0.0117     8.00  1    cut
 120  sn86G         Ia-91bg    0.6485   2.40   0.2950   0.0256     0.10  0    cut
 121  sn86G         Ia-91bg    0.6498   2.40   0.3016   0.0263    -3.40  0    cut
 122  sn05hk        Ia-pec     0.6498   2.40   0.2788   0.0271    -4.20  0    cut
 123  sn98bu        Ia-norm    0.6282   2.40   0.3018   0.0219    -2.80  0    cut
 124  sn02bo        Ia-norm    0.6498   2.39   0.3129   0.0218    -4.40  0    cut
 125  sn05hk        Ia-pec     0.6498   2.39   0.2799   0.0262    -7.30  0    cut
 126  sn98bu        Ia-norm    0.6282   2.38   0.3016   0.0218    -1.70  0    cut
 127  sn98bu        Ia-norm    0.6282   2.37   0.3013   0.0217    -0.70  0    cut
 128  sn06gz        Ia-pec     0.6376   2.37   0.3039   0.0208    -2.60  0    cut
 129  sn94S         Ia-norm    0.6173   2.37   0.3019   0.0220    -3.40  0    cut
 130  lbv03hy       LBV        0.6485   2.37   0.0972   0.0218   -99.90  2    cut
 131  sn83V         Ic-norm    0.6349   2.37   0.3278   0.0257    -9.00  0    cut
 132  sn86G         Ia-91bg    0.6498   2.36   0.3018   0.0261    -4.40  0    cut
 133  sn02er        Ia-norm    0.6403   2.35   0.3112   0.0221    -7.40  0    cut
 134  sn04dj        IIP        0.4833   2.34   0.0106   0.0110    36.00  1    cut
 135  sn96X         Ia-norm    0.6200   2.34   0.3049   0.0218    -0.90  0    cut
 136  kcSc          Gal        0.6498   2.34   0.0179   0.0132   -99.90  2    cut
 137  sn05hk        Ia-pec     0.6498   2.33   0.2783   0.0276    -9.30  0    cut
 138  sn83V         Ic-norm    0.5903   2.33   0.3252   0.0274    -4.00  0    cut
 139  sn91N         Ic-norm    0.6498   2.32   0.2732   0.0275    27.90  1    cut
 140  sn86G         Ia-91bg    0.6471   2.32   0.2989   0.0262    -0.90  0    cut
 141  sn02bo        Ia-norm    0.6498   2.31   0.3132   0.0217    -4.50  0    cut
 142  sn04dj        IIP        0.5063   2.31   0.0106   0.0108    48.00  1    cut
 143  sn06gz        Ia-pec     0.5781   2.31   0.3052   0.0209   -13.30  0    cut
 144  sn04dj        IIP        0.4833   2.30   0.0109   0.0117    20.00  1    cut
 145  sn86G         Ia-91bg    0.6485   2.30   0.3001   0.0263    -1.90  0    cut
 146  sn04dj        IIP        0.4833   2.29   0.0113   0.0117    18.00  1    cut
 147  sn94I         Ic-norm    0.6498   2.27   0.1335   0.0250    -5.60  0    cut
 148  sn92A         Ia-norm    0.6498   2.27   0.3147   0.0210    -0.60  0    cut
 149  sn96X         Ia-norm    0.6268   2.25   0.3026   0.0217    -1.10  0    cut
 150  kcSB4         Gal        0.6498   2.24   0.0185   0.0140   -99.90  2    cut
 151  sn90N         Ia-norm    0.6498   2.23   0.4780   0.0300   -13.20  0    cut
 152  sn92A         Ia-norm    0.6498   2.22   0.3148   0.0212    -0.40  0    cut
 153  sn98aq        Ia-norm    0.6295   2.22   0.3008   0.0218     0.00  0    cut
 154  sn03cg        Ia-norm    0.5605   2.22   0.3075   0.0210    -2.30  0    cut
 155  sn90O         Ia-norm    0.6498   2.20   0.3059   0.0250    -0.40  0    cut
 156  kcSB2         Gal        0.6498   2.19   0.0174   0.0136   -99.90  2    cut
 157  sn04dj        IIP        0.5050   2.19   0.0103   0.0109    46.80  1    cut
 158  sn04eo        Ia-norm    0.6498   2.19   0.2998   0.0225    -6.40  0    cut
 159  sn93J         IIb        0.6498   2.19   0.0249   0.0141    -5.00  0    cut
 160  sn91N         Ic-norm    0.6498   2.18   0.2807   0.0304     6.60  1    cut
 161  sn02bo        Ia-norm    0.6498   2.18   0.3077   0.0220    -1.20  0    cut
 162  sn02bo        Ia-norm    0.6498   2.17   0.3102   0.0229    -3.40  0    cut
 163  sn93J         IIb        0.6498   2.17   0.0235   0.0141    -1.60  0    cut
 164  sn93J         IIb        0.6498   2.16   0.0245   0.0142    -4.00  0    cut
 165  sn03du        Ia-norm    0.6336   2.16   0.3009   0.0229    -0.80  0    cut
 166  kcSB3         Gal        0.6498   2.15   0.0204   0.0138   -99.90  2    cut
 167  sn05hk        Ia-pec     0.6498   2.15   0.2841   0.0266    -1.40  0    cut
 168  sn03du        Ia-norm    0.6336   2.14   0.3039   0.0258    -9.70  0    cut
 169  sn03cg        Ia-norm    0.5591   2.14   0.3086   0.0230    -1.80  0    cut
 170  sn02bo        Ia-norm    0.6309   2.14   0.3309   0.0257   -12.10  0    cut
 171  sn92A         Ia-norm    0.6498   2.14   0.3173   0.0222    -5.00  0    cut
 172  sn03cg        Ia-norm    0.6282   2.14   0.3028   0.0237    -5.90  0    cut
 173  sn04dj        IIP        0.5077   2.13   0.0110   0.0110    50.60  1    cut
 174  sn99ac        Ia-91T     0.6038   2.13   0.3240   0.0246    -9.60  0    cut
 175  sn02er        Ia-norm    0.6498   2.12   0.3059   0.0236    -4.40  0    cut
 176  sn03du        Ia-norm    0.6336   2.12   0.3027   0.0251    -8.80  0    cut
 177  sn92A         Ia-norm    0.6498   2.12   0.3171   0.0224    -5.00  0    cut
 178  sn03du        Ia-norm    0.6336   2.11   0.3020   0.0254    -7.80  0    cut
 179  sn97ei        Ic-norm    0.6444   2.09   0.2819   0.0347    10.90  1    cut
 180  sn97dq        Ic-norm    0.6498   2.09   0.2770   0.0312    27.90  1    cut
 181  sn86G         Ia-91bg    0.5740   2.08   0.3033   0.0287    -0.40  0    cut
 182  sn96X         Ia-norm    0.6498   2.08   0.3043   0.0221    -2.00  0    cut
 183  sn96X         Ia-norm    0.6498   2.08   0.3052   0.0222    -3.00  0    cut
 184  kcSB1         Gal        0.6498   2.08   0.0177   0.0145   -99.90  2    cut
 185  sn03du        Ia-norm    0.6498   2.07   0.3041   0.0255   -10.10  0    cut
 186  sn90O         Ia-norm    0.6498   2.07   0.3086   0.0257    -6.10  0    cut
 187  sn94D         Ia-norm    0.6336   2.06   0.3056   0.0237    -2.60  0    cut
 188  sn02er        Ia-norm    0.6498   2.05   0.3067   0.0243    -6.40  0    cut
 189  sn06gz        Ia-pec     0.6403   2.05   0.3057   0.0225    -5.50  0    cut
 190  sn90K         IIL        0.6363   2.04   0.0170   0.0139     0.00  1    cut
 191  sn98aq        Ia-norm    0.6295   2.04   0.3006   0.0235    -9.00  0    cut
 192  sn90O         Ia-norm    0.6498   2.04   0.3077   0.0254    -5.10  0    cut
 193  sn03du        Ia-norm    0.6336   2.03   0.3091   0.0269   -11.70  0    cut
 194  sn02bo        Ia-norm    0.6498   2.03   0.3081   0.0230    -1.50  0    cut
 195  sn95E         Ia-norm    0.6024   2.02   0.3019   0.0280    -1.90  0    cut
 196  sn00cx        Ia-pec     0.6106   2.02   0.3104   0.0266    -1.40  0    cut
 197  sn81B         Ia-norm    0.6498   2.01   0.3154   0.0226    -0.90  0    cut
 198  sn02bo        Ia-norm    0.6498   2.01   0.3084   0.0234    -1.40  0    cut
 199  sn93J         IIb        0.6498   2.00   0.0242   0.0148    -3.00  0    cut
 200  sn02bo        Ia-norm    0.6498   2.00   0.3095   0.0236    -2.50  0    cut
 201  sn96X         Ia-norm    0.6498   2.00   0.3039   0.0217     0.00  0    cut
 202  sn03cg        Ia-norm    0.6498   1.99   0.3035   0.0233    -6.80  0    cut
 203  sn02er        Ia-norm    0.6498   1.99   0.3027   0.0248    -0.50  0    cut
 204  sn89B         Ia-norm    0.6498   1.99   0.2990   0.0233    -0.50  0    cut
 205  sn95E         Ia-norm    0.6458   1.99   0.3023   0.0246     0.10  0    cut
 206  sn98aq        Ia-norm    0.6498   1.99   0.4749   0.0275    -8.00  0    cut
 207  sn81B         Ia-norm    0.6498   1.98   0.3153   0.0230     0.00  0    cut
 208  kcSB6         Gal        0.6498   1.96   0.0201   0.0139   -99.90  2    cut
 209  sn06gz        Ia-pec     0.6498   1.95   0.3070   0.0205    -9.30  0    cut
 210  sn03du        Ia-norm    0.6498   1.95   0.3081   0.0258    -6.20  0    cut
 211  kcSB5         Gal        0.6498   1.95   0.0192   0.0149   -99.90  2    cut
 212  sn94D         Ia-norm    0.6322   1.94   0.3038   0.0243    -3.60  0    cut
 213  sn03du        Ia-norm    0.6498   1.93   0.3115   0.0251   -10.10  0    cut
 214  sn94D         Ia-norm    0.6498   1.93   0.3211   0.0276   -10.60  0    cut
 215  sn02bo        Ia-norm    0.6498   1.92   0.3075   0.0234    -0.30  0    cut
 216  sn02er        Ia-norm    0.6498   1.91   0.3047   0.0236    -2.50  0    cut
 217  sn86G         Ia-91bg    0.5808   1.91   0.3076   0.0310    -2.70  0    cut
 218  sn90K         IIL        0.6376   1.90   0.0118   0.0132   119.20  1    cut
 219  sn97br        Ia-91T     0.6498   1.90   0.1280   0.0273    -4.00  0    cut
 220  sn90K         IIL        0.5320   1.89   0.0281   0.0104   139.00  1    cut
 221  lbv03hy       LBV        0.6485   1.89   0.0926   0.0284   -99.90  2    cut
 222  sn02er        Ia-norm    0.6498   1.89   0.3043   0.0234    -1.50  0    cut
 223  sn05bf        Ib-pec     0.6498   1.89   0.2721   0.0280    -4.60  0    cut
 224  sn05bf        Ib-pec     0.6498   1.88   0.2714   0.0264    -1.60  0    cut
 225  sn98dt        Ib-norm    0.6431   1.88   0.2963   0.0334     0.00  0    cut
 226  sn06gz        Ia-pec     0.6498   1.88   0.3064   0.0204   -10.30  0    cut
 227  sn90O         Ia-norm    0.6498   1.87   0.3083   0.0276    -7.10  0    cut
 228  sn05gj        Ia-csm     0.6187   1.86   0.0169   0.0172   -12.10  0    cut
 229  sn94D         Ia-norm    0.6363   1.86   0.3051   0.0259    -4.70  0    cut
 230  sn91N         Ic-norm    0.6498   1.86   0.2806   0.0341     7.60  1    cut
 231  sn02bo        Ia-norm    0.6309   1.84   0.3351   0.0291   -13.10  0    cut
 232  sn05bf        Ib-pec     0.6498   1.84   0.2699   0.0282    -7.60  0    cut
 233  sn06gz        Ia-pec     0.6498   1.82   0.3079   0.0213   -12.30  0    cut
 234  sn93J         IIb        0.6498   1.81   0.0260   0.0147   -15.70  0    cut
 235  sn02er        Ia-norm    0.6498   1.81   0.3038   0.0248    -3.50  0    cut
 236  lbv03hy       LBV        0.6485   1.80   0.0991   0.0275   -99.90  2    cut
 237  sn93J         IIb        0.6498   1.80   0.0241   0.0155    -2.00  0    cut
 238  sn05bf        Ib-pec     0.6498   1.79   0.2706   0.0289    -5.60  0    cut
 239  sn03du        Ia-norm    0.6498   1.79   0.2997   0.0253    -7.00  0    cut
 240  sn02cx        Ia-pec     0.6458   1.78   0.2849   0.0329    -5.30  0    cut
 241  sn02er        Ia-norm    0.6498   1.78   0.3099   0.0270    -8.40  0    cut
 242  sn05bf        Ib-pec     0.6498   1.77   0.2707   0.0285    -3.60  0    cut
 243  sn90K         IIL        0.5686   1.77   0.0126   0.0141   161.00  1    cut
 244  lbv01ac       LBV        0.6322   1.76   0.0191   0.0146   -99.90  2    cut
 245  sn05bf        Ib-pec     0.6498   1.75   0.2697   0.0286    -2.70  0    cut
 246  sn06gz        Ia-pec     0.6498   1.74   0.3096   0.0233   -14.20  0    cut
 247  kcSa          Gal        0.6498   1.73   0.4783   0.0197   -99.90  2    cut
 248  sn99di        Ib-norm    0.5700   1.73   0.0057   0.0256     0.00  1    cut
 249  sn02er        Ia-norm    0.6065   1.73   0.3051   0.0293    -5.40  0    cut
 250  sn90K         IIL        0.6106   1.72   0.0135   0.0153    55.60  1    cut
 251  sn05gj        Ia-csm     0.6282   1.71   0.2907   0.0319    -1.80  0    cut
 252  sn02ap        Ic-broad   0.6241   1.70   0.1347   0.0408    -0.40  0    cut
 253  sn98S         IIn        0.5916   1.69   0.2815   0.0235   -12.50  0    cut
 254  lbv03hy       LBV        0.6485   1.68   0.0920   0.0241   -99.90  2    cut
 255  sn90N         Ia-norm    0.6498   1.67   0.3116   0.0334   -13.20  0    cut
 256  sn90aa        Ic-norm    0.5957   1.67   0.1014   0.0323     0.00  1    cut
 257  lbv03hy       LBV        0.6498   1.66   0.2732   0.0445   -99.90  2    cut
 258  sn90K         IIL        0.4427   1.66   0.0153   0.0165    50.50  1    cut
 259  sn05bf        Ib-pec     0.6498   1.65   0.2703   0.0302    -0.70  0    cut
 260  lbv03hy       LBV        0.6498   1.65   0.2792   0.0445   -99.90  2    cut
 261  mstar         M-star     0.6498   1.65   0.0318   0.0130     8.00  2    cut
 262  sn99ac        Ia-91T     0.6403   1.64   0.3183   0.0326   -13.60  0    cut
 263  mstar         M-star     0.6498   1.64   0.1614   0.0159     9.00  2    cut
 264  sn06bp        IIP        0.5239   1.62   0.0355   0.0253    -4.60  0    cut
 265  sn01el        Ia-norm    0.5199   1.61   0.3181   0.0286    -3.70  0    cut
 266  sn99dn        Ib-norm    0.6431   1.60   0.1221   0.0293     0.00  1    cut
 267  sn02ap        Ic-broad   0.6498   1.59   0.1457   0.0475    -2.40  0    cut
 268  sn97dq        Ic-norm    0.4549   1.59   0.1180   0.0441    42.80  1    cut
 269  sn06aj        Ic-broad   0.6498   1.59   0.1633   0.0348    -2.10  0    cut
 270  sn03du        Ia-norm    0.6498   1.58   0.2996   0.0274    -5.00  0    cut
 271  sn97dd        IIb        0.6417   1.58   0.0170   0.0248    16.40  1    cut
 272  sn94D         Ia-norm    0.6498   1.57   0.3020   0.0258    -3.80  0    cut
 273  sn97ef        Ic-broad   0.6376   1.56   0.1378   0.0376    -6.10  0    cut
 274  sn94D         Ia-norm    0.6065   1.56   0.3134   0.0316    -8.70  0    cut
 275  sn99di        Ib-norm    0.4522   1.56   0.1322   0.0251    30.50  1    cut
 276  sn96cb        IIb        0.6498   1.55   0.0210   0.0304    -2.10  0    cut
 277  sn02ap        Ic-broad   0.6255   1.54   0.1424   0.0450    -1.40  0    cut
 278  lbv99bw       LBV        0.6309   1.53   0.0192   0.0152   -99.90  2    cut
 279  mstar         M-star     0.6498   1.53   0.1603   0.0162    10.00  2    cut
 280  sn03du        Ia-norm    0.6498   1.53   0.2986   0.0280    -3.20  0    cut
 281  sn03du        Ia-norm    0.6498   1.52   0.2986   0.0263    -1.10  0    cut
 282  sn90K         IIL        0.6322   1.52   0.0121   0.0144   174.80  1    cut
 283  sn94D         Ia-norm    0.6498   1.51   0.3155   0.0328   -10.70  0    cut
 284  sn06gz        Ia-pec     0.6498   1.51   0.3056   0.0243   -13.30  0    cut
 285  lbv03hy       LBV        0.6498   1.50   0.2652   0.0474   -99.90  2    cut
 286  sn97ef        Ic-broad   0.6390   1.50   0.1368   0.0395    -5.10  0    cut
 287  sn06aj        Ic-broad   0.6498   1.50   0.1574   0.0314    -0.50  0    cut
 288  sn02ap        Ic-broad   0.5564   1.49   0.1572   0.0447    -4.50  0    cut
 289  sn99dn        Ib-norm    0.5632   1.49  -0.0060   0.0266    27.70  1    cut
 290  sn89B         Ia-norm    0.6498   1.49   0.3009   0.0282    -6.30  0    cut
 291  mstar         M-star     0.6498   1.48   0.0962   0.0256     3.00  2    cut
 292  sn87A         II-pec     0.5483   1.47   0.2636   0.0560   -18.60  0    cut
 293  kcS0          Gal        0.6498   1.46   0.4755   0.0252   -99.90  2    cut
 294  sn98S         IIn        0.6227   1.46   0.2799   0.0258   -13.10  0    cut
 295  kcSb          Gal        0.6498   1.46   0.4742   0.0376   -99.90  2    cut
 296  sn03du        Ia-norm    0.6498   1.45   0.2988   0.0266    -0.20  0    cut
 297  sn97ef        Ic-broad   0.6390   1.44   0.1544   0.0412   -10.10  0    cut
 298  sn97cy        IIn        0.6498   1.44   0.1387   0.0384     0.00  1    cut
 299  sn97dd        IIb        0.6403   1.43   0.0207   0.0283     3.60  1    cut
 300  sn83V         Ic-norm    0.5930   1.43   0.1445   0.0439    -7.00  0    cut
 301  mstar         M-star     0.6498   1.42   0.2463   0.0346     0.00  2    cut
 302  lbv01ac       LBV        0.6498   1.41   0.0230   0.0200   -99.90  2    cut
 303  sn97ef        Ic-broad   0.6376   1.40   0.1309   0.0407    -4.10  0    cut
 304  sn88L         Ib-norm    0.5618   1.39   0.2968   0.0368     0.00  1    cut
 305  sn91A         Ic-norm    0.5903   1.39   0.1194   0.0352    32.60  1    cut
 306  sn97ef        Ic-broad   0.6336   1.39   0.1573   0.0432   -11.00  0    cut
 307  sn90K         IIL        0.6079   1.38   0.0119   0.0149   174.80  1    cut
 308  lbv99bw       LBV        0.5821   1.37   0.0218   0.0205   -99.90  2    cut
 309  sn91A         Ic-norm    0.4901   1.37   0.1232   0.0332    16.80  1    cut
 310  sn94D         Ia-norm    0.6376   1.36   0.3159   0.0334    -9.50  0    cut
 311  lbv03hy       LBV        0.6498   1.36   0.4448   0.0376   -99.90  2    cut
 312  sn98S         IIn        0.6498   1.35  -0.0009   0.0380    -1.50  0    cut
 313  sn90K         IIL        0.6065   1.34   0.0133   0.0177    53.30  1    cut
 314  kcE           Gal        0.6498   1.34   0.4751   0.0260   -99.90  2    cut
 315  sn90K         IIL        0.5848   1.33   0.0128   0.0149   202.60  1    cut
 316  mstar         M-star     0.6498   1.33   0.1617   0.0181     6.00  2    cut
 317  sn90K         IIL        0.6268   1.33   0.0333   0.0159   147.10  1    cut
 318  sn94D         Ia-norm    0.6498   1.32   0.3011   0.0263    -1.80  0    cut
 319  sn06aj        Ic-broad   0.6498   1.32   0.1595   0.0359    -1.50  0    cut
 320  sn90K         IIL        0.5375   1.32   0.0131   0.0176    76.40  1    cut
 321  sn94S         Ia-norm    0.4901   1.32   0.1265   0.0293    -2.50  0    cut
 322  mstar         M-star     0.6498   1.31   0.0295   0.0151     7.00  2    cut
 323  sn06aj        Ic-broad   0.6498   1.30   0.1731   0.0402    -5.00  0    cut
 324  sn97cy        IIn        0.6498   1.29  -0.0094   0.0000   226.10  1    cut
 325  sn02ap        Ic-broad   0.5564   1.29   0.1654   0.0454    -5.50  0    cut
 326  sn99aw        Ia-91T     0.5212   1.29   0.3132   0.0295    -0.70  0    cut
 327  sn06gz        Ia-pec     0.6065   1.28   0.3139   0.0373   -14.30  0    cut
 328  sn91A         Ic-norm    0.5266   1.28   0.1176   0.0447    10.90  1    cut
 329  sn97ef        Ic-broad   0.6390   1.27   0.1498   0.0466    -9.10  0    cut
 330  sn94D         Ia-norm    0.6498   1.27   0.3037   0.0292    -4.80  0    cut
 331  mstar         M-star     0.6498   1.27   0.0965   0.0255     2.00  2    cut
 332  sn06aj        Ic-broad   0.6498   1.26   0.1650   0.0437    -3.40  0    cut
 333  sn97dc        Ib-norm    0.5645   1.26   0.1210   0.0356     0.00  1    cut
 334  sn94D         Ia-norm    0.6498   1.26   0.3164   0.0387    -9.60  0    cut
 335  sn90K         IIL        0.5591   1.24   0.0130   0.0151   201.70  1    cut
 336  sn90K         IIL        0.6119   1.24   0.0529   0.0166   136.20  1    cut
 337  sn94D         Ia-norm    0.6241   1.23   0.3119   0.0378    -7.70  0    cut
 338  sn97ef        Ic-broad   0.6376   1.22   0.1623   0.0479   -11.90  0    cut
 339  sn99di        Ib-norm    0.5686   1.22   0.1286   0.0262    23.60  1    cut
 340  sn94D         Ia-norm    0.6498   1.21   0.3030   0.0306    -5.60  0    cut
 341  sn95F         Ic-norm    0.6498   1.20   0.1256   0.0326    88.60  1    cut
 342  sn97ei        Ic-norm    0.4860   1.20   0.1185   0.0545     0.00  1    cut
 343  sn97cy        IIn        0.6498   1.19  -0.0094   0.0000    29.40  1    cut
 344  sn88L         Ib-norm    0.5131   1.18   0.1204   0.0588    47.70  1    cut
 345  sn97dd        IIb        0.6498   1.18   0.0207   0.0309     0.00  1    cut
 346  sn98T         Ib-norm    0.4860   1.18   0.0017   0.0287     0.00  1    cut
 347  lbv03hy       LBV        0.6498   1.18   0.0018   0.0393   -99.90  2    cut
 348  sn95F         Ic-norm    0.6498   1.18   0.2703   0.0427     0.00  1    cut
 349  sn91ar        Ib-norm    0.4860   1.16   0.1189   0.0308    15.80  1    cut
 350  sn97dq        Ic-norm    0.6498   1.15   0.1189   0.0309    81.70  1    cut
 351  sn95F         Ic-norm    0.6498   1.15   0.1225   0.0353    28.90  1    cut
 352  sn87A         II-pec     0.5740   1.14   0.2498   0.0571   -15.70  0    cut
 353  sn91ar        Ib-norm    0.5348   1.14   0.0020   0.0284     0.00  1    cut
 354  sn99dn        Ib-norm    0.6498   1.14  -0.0031   0.0305     6.90  1    cut
 355  lbv03hy       LBV        0.6498   1.13   0.2411   0.0497   -99.90  2    cut
 356  sn06bp        IIP        0.5239   1.12   0.0946   0.0240    -5.70  0    cut
 357  sn95F         Ic-norm    0.6498   1.12   0.1244   0.0287    35.60  1    cut
 358  mstar         M-star     0.6498   1.12   0.0963   0.0279     5.00  2    cut
 359  sn97ef        Ic-broad   0.6498   1.10   0.1389   0.0448    -5.00  0    cut
 360  mstar         M-star     0.6498   1.09   0.0966   0.0305     1.00  2    cut
 361  sn99gi        IIP        0.6268   1.08   0.0328   0.0273    -7.10  0    cut
 362  lbv03hy       LBV        0.6498   1.07   0.2380   0.0541   -99.90  2    cut
 363  sn87A         II-pec     0.5740   1.06   0.2489   0.0604   -13.70  0    cut
 364  mstar         M-star     0.6498   1.05   0.0975   0.0306     4.00  2    cut
 365  sn97cy        IIn        0.6498   1.03   0.1024   0.0484    14.10  1    cut
 366  sn91N         Ic-norm    0.5781   1.02   0.0588   0.0237   276.10  1    cut
 367  sn95F         Ic-norm    0.6498   1.01   0.1227   0.0304    56.70  1    cut
 368  sn87A         II-pec     0.5767   1.00   0.2468   0.0612   -10.70  0    cut
 369  sn91A         Ic-norm    0.5388   0.97   0.1192   0.0479    47.50  1    cut
 370  sn91ar        Ib-norm    0.5456   0.97   0.1175   0.0343    27.40  1    cut
 371  sn87A         II-pec     0.5740   0.97   0.2484   0.0638    -6.70  0    cut
 372  sn90aa        Ic-norm    0.5943   0.96   0.1217   0.0597    61.50  1    cut
 373  sn91N         Ic-norm    0.6498   0.90   0.0587   0.0246   250.20  1    cut
 374  sn91A         Ic-norm    0.5564   0.89   0.1209   0.0693    61.40  1    cut
 375  sn97dq        Ic-norm    0.6498   0.88   0.1179   0.0407   222.20  1    cut
 376  sn97ef        Ic-broad   0.6376   0.87   0.1693   0.0666   -14.00  0    cut
 377  sn97cy        IIn        0.6498   0.86   0.1308   0.0505   125.30  1    cut
 378  sn97cy        IIn        0.6498   0.86   0.0184   0.0157   377.70  1    cut
 379  sn97cy        IIn        0.6498   0.79   0.1404   0.0521   196.10  1    cut
 380  sn97cy        IIn        0.6498   0.78   0.0947   0.0578    57.20  1    cut
 381  sn97cy        IIn        0.6498   0.77   0.0200   0.0162   174.50  1    cut
 382  sn91A         Ic-norm    0.5266   0.75   0.1233   0.0786    65.10  1    cut
 383  sn97cy        IIn        0.6498   0.63   0.0950   0.0635    71.30  1    cut
 384  sn90aa        Ic-norm    0.5943   0.63   0.0695   0.0348   116.10  1    cut
 385  sn97cy        IIn        0.6498   0.61   0.0971   0.0655   116.80  1    cut
 386  sn91A         Ic-norm    0.4833   0.49   0.0668   0.0334   128.30  1    cut
