### SNID output file ###
 
### input spectrum and options ###
# Input spectrum                 : 17186_-1.80.dat
# Parameter file                 : NA
# Wavelength range               :    3913.30   7370.51
# Mask file                      : NA
# Median filtering width [A]     : NA
# Median filtering width [pix]   :       1.00
# Clip emission redshift         :     0.0785
# Clip sky lines                 : 0
# Emission clip width [A]        :       0.08
# Keep A-band                    : 1
# Age range                      :     -11.80      8.20
# Delta range                    :      -9.99     99.90
# Min. number of spectra/template:   1
# Use only templates             : NA
# Use only types                 : NA
# Avoid templates                : NA
# Avoid types                    : NA
# rlapmin                        :      10.00
# Redshift range                 :    -0.0100    1.2000
# Forced initial redshift        :     0.0785
# Extra fake redshift            : NA
# Nsigma for initial redshift    : NA
# Redshift filter                :     0.0200
# Wavenumbers k1,k2,k3,k4        :     1    4   85  102
# Template directory             : /Users/daniel/snid-5.0/templates/
 
### initial/user-input redshift ###
zinit       0.0000
zuser       0.0785
 
### median redshift/age and error ###
zmed        0.0744    0.0033
agem          0.00      3.46
 
### type fraction/redshift/age ###
#type ntemp fraction slope redshift redshift_error age age_error
Ia             41      1.00    0.0000    0.0744    0.0033     0.000     3.457
Ia-norm        41      1.00    0.0000    0.0744    0.0033     0.000     3.457
Ia-91T          0      0.00    0.0000    0.0000    0.0000     0.000     0.000
Ia-91bg         0      0.00    0.0000    0.0000    0.0000     0.000     0.000
Ia-csm          0      0.00    0.0000    0.0000    0.0000     0.000     0.000
Ia-pec          0      0.00    0.0000    0.0000    0.0000     0.000     0.000
###
Ib              0      0.00    0.0000    0.0000    0.0000     0.000     0.000
Ib-norm         0      0.00    0.0000    0.0000    0.0000     0.000     0.000
Ib-pec          0      0.00    0.0000    0.0000    0.0000     0.000     0.000
IIb             0      0.00    0.0000    0.0000    0.0000     0.000     0.000
###
Ic              0      0.00    0.0000    0.0000    0.0000     0.000     0.000
Ic-norm         0      0.00    0.0000    0.0000    0.0000     0.000     0.000
Ic-pec          0      0.00    0.0000    0.0000    0.0000     0.000     0.000
Ic-broad        0      0.00    0.0000    0.0000    0.0000     0.000     0.000
###
II              0      0.00    0.0000    0.0000    0.0000     0.000     0.000
IIP             0      0.00    0.0000    0.0000    0.0000     0.000     0.000
II-pec          0      0.00    0.0000    0.0000    0.0000     0.000     0.000
IIn             0      0.00    0.0000    0.0000    0.0000     0.000     0.000
IIL             0      0.00    0.0000    0.0000    0.0000     0.000     0.000
###
NotSN           0      0.00    0.0000    0.0000    0.0000     0.000     0.000
AGN             0      0.00    0.0000    0.0000    0.0000     0.000     0.000
Gal             0      0.00    0.0000    0.0000    0.0000     0.000     0.000
LBV             0      0.00    0.0000    0.0000    0.0000     0.000     0.000
M-star          0      0.00    0.0000    0.0000    0.0000     0.000     0.000
 
### rlap-ordered template listings ###
#no. sn type lap rlap z zerr age age_flag grade
   1  sn03du        Ia-norm    0.6295  19.41   0.0752   0.0028    -5.00  0   good
   2  sn03du        Ia-norm    0.6295  18.76   0.0763   0.0029    -7.00  0   good
   3  sn03du        Ia-norm    0.6295  17.71   0.0744   0.0029    -3.20  0   good
   4  sn03du        Ia-norm    0.6295  16.86   0.0735   0.0030    -0.20  0   good
   5  sn96X         Ia-norm    0.6295  16.32   0.0748   0.0030     0.90  0   good
   6  sn94ae        Ia-norm    0.6295  16.01   0.0750   0.0032     1.30  0   good
   7  sn03du        Ia-norm    0.6295  15.86   0.0733   0.0033    -1.10  0   good
   8  sn96X         Ia-norm    0.6295  15.27   0.0742   0.0033     1.90  0   good
   9  sn94ae        Ia-norm    0.6295  14.59   0.0742   0.0034     3.30  0   good
  10  sn03du        Ia-norm    0.6295  14.43   0.0726   0.0034     1.90  0   good
  11  sn94ae        Ia-norm    0.6295  14.42   0.0739   0.0035     2.30  0   good
  12  sn94ae        Ia-norm    0.6295  14.34   0.0744   0.0035     3.30  0   good
  13  sn94ae        Ia-norm    0.6295  14.18   0.0733   0.0035     4.40  0   good
  14  sn05hj        Ia-norm    0.5456  14.04   0.0742   0.0035    -0.30  0   good
  15  sn03du        Ia-norm    0.6295  13.97   0.0735   0.0036     0.80  0   good
  16  sn94D         Ia-norm    0.6295  13.50   0.0749   0.0036    -1.80  0   good
  17  sn03du        Ia-norm    0.6295  13.42   0.0715   0.0037     5.00  0   good
  18  sn05hj        Ia-norm    0.5442  12.94   0.0735   0.0038     1.60  0   good
  19  sn03du        Ia-norm    0.6295  12.89   0.0707   0.0038     3.90  0   good
  20  sn95D         Ia-norm    0.6160  12.87   0.0719   0.0039     4.20  0   good
  21  sn02er        Ia-norm    0.6106  12.79   0.0790   0.0040    -5.40  0   good
  22  sn95D         Ia-norm    0.6295  12.62   0.0709   0.0039     6.10  0   good
  23  sn98aq        Ia-norm    0.6051  12.29   0.0742   0.0041     0.90  0   good
  24  sn98aq        Ia-norm    0.6065  12.07   0.0740   0.0041     1.90  0   good
  25  sn94ae        Ia-norm    0.6295  12.02   0.0729   0.0041     6.40  0   good
  26  sn02er        Ia-norm    0.6295  12.01   0.0770   0.0042    -3.50  0   good
  27  sn89B         Ia-norm    0.6295  11.95   0.0735   0.0042    -0.50  0   good
  28  sn98aq        Ia-norm    0.6051  11.86   0.0746   0.0042     0.00  0   good
  29  sn94D         Ia-norm    0.6295  11.61   0.0760   0.0043    -3.80  0   good
  30  sn02er        Ia-norm    0.6295  11.59   0.0773   0.0043    -2.50  0   good
  31  sn92A         Ia-norm    0.6295  11.44   0.0847   0.0042    -0.40  0   good
  32  sn90O         Ia-norm    0.6295  11.44   0.0822   0.0046    -5.10  0   good
  33  sn02er        Ia-norm    0.6295  11.42   0.0770   0.0044    -1.50  0   good
  34  sn98aq        Ia-norm    0.6065  11.06   0.0737   0.0044     2.90  0   good
  35  sn89B         Ia-norm    0.6295  10.86   0.0762   0.0047    -6.30  0   good
  36  sn94D         Ia-norm    0.6295  10.76   0.0715   0.0044     2.90  0   good
  37  sn92A         Ia-norm    0.6295  10.66   0.0845   0.0045    -0.60  0   good
  38  sn03cg        Ia-norm    0.5348  10.66   0.0759   0.0045    -1.80  0   good
  39  sn03du        Ia-norm    0.6295  10.59   0.0835   0.0048    -6.20  0   good
  40  sn96X         Ia-norm    0.6295  10.51   0.0751   0.0045     0.00  0   good
  41  sn99ee        Ia-norm    0.6295  10.26   0.0767   0.0054     0.30  0   good
#--- rlap cutoff
  42  sn90O         Ia-norm    0.6295   9.95   0.0829   0.0052    -6.10  0    cut
  43  sn01el        Ia-norm    0.4792   9.87   0.0776   0.0048     1.30  0    cut
  44  sn99aa        Ia-91T     0.6295   9.85   0.0890   0.0053     2.70  0    cut
  45  sn98aq        Ia-norm    0.6065   9.77   0.0734   0.0050     3.90  0    cut
  46  sn03cg        Ia-norm    0.5361   9.54   0.0751   0.0050    -2.30  0    cut
  47  sn91M         Ia-norm    0.6295   9.52   0.0777   0.0054     2.70  0    cut
  48  sn02er        Ia-norm    0.6295   9.51   0.0802   0.0054    -6.40  0    cut
  49  sn03cg        Ia-norm    0.6268   9.41   0.0729   0.0050     1.50  0    cut
  50  sn96X         Ia-norm    0.6295   9.33   0.0740   0.0050     1.90  0    cut
  51  sn02er        Ia-norm    0.6295   9.27   0.0823   0.0056    -8.40  0    cut
  52  sn06gz        Ia-pec     0.6133   9.16   0.0783   0.0047    -2.60  0    cut
  53  sn92A         Ia-norm    0.6295   9.15   0.0873   0.0052    -5.00  0    cut
  54  sn06gz        Ia-pec     0.5740   9.11   0.0741   0.0048     4.30  0    cut
  55  sn96X         Ia-norm    0.6295   9.04   0.0747   0.0051     1.00  0    cut
  56  sn89B         Ia-norm    0.6051   9.03   0.0714   0.0053     3.50  0    cut
  57  sn94D         Ia-norm    0.6079   8.99   0.0761   0.0056    -3.60  0    cut
  58  sn99ee        Ia-norm    0.6295   8.95   0.0756   0.0060     2.20  0    cut
  59  sn90O         Ia-norm    0.6295   8.94   0.0837   0.0058    -7.10  0    cut
  60  sn96X         Ia-norm    0.6295   8.90   0.0764   0.0052    -3.00  0    cut
  61  sn98aq        Ia-norm    0.6065   8.89   0.0732   0.0054     4.90  0    cut
  62  sn92A         Ia-norm    0.6295   8.79   0.0872   0.0054    -5.00  0    cut
  63  sn02er        Ia-norm    0.6295   8.58   0.0791   0.0057    -4.40  0    cut
  64  sn81B         Ia-norm    0.6295   8.54   0.0851   0.0058    -0.90  0    cut
  65  sn04eo        Ia-norm    0.6295   8.54   0.0750   0.0056    -6.40  0    cut
  66  sn96X         Ia-norm    0.6295   8.45   0.0761   0.0055    -2.00  0    cut
  67  sn06gz        Ia-pec     0.6160   8.44   0.0798   0.0051    -5.50  0    cut
  68  sn94D         Ia-norm    0.6295   8.41   0.0769   0.0058    -4.80  0    cut
  69  sn81B         Ia-norm    0.6295   8.40   0.0851   0.0059     0.00  0    cut
  70  sn99aw        Ia-91T     0.6295   8.38   0.0795   0.0064     3.20  0    cut
  71  sn02er        Ia-norm    0.6295   8.25   0.0753   0.0062    -0.50  0    cut
  72  sn99aw        Ia-91T     0.6295   8.21   0.0822   0.0067     0.30  0    cut
  73  sn98bu        Ia-norm    0.6038   8.20   0.0753   0.0059    -1.70  0    cut
  74  sn98bu        Ia-norm    0.6038   8.18   0.0755   0.0059    -2.80  0    cut
  75  sn98bu        Ia-norm    0.6038   8.15   0.0748   0.0059    -0.70  0    cut
  76  sn96X         Ia-norm    0.6024   8.13   0.0749   0.0060    -1.10  0    cut
  77  sn99aa        Ia-91T     0.6295   8.05   0.0852   0.0064    -0.60  0    cut
  78  sn94S         Ia-norm    0.4941   7.96   0.0753   0.0065    -2.50  0    cut
  79  sn90N         Ia-norm    0.6295   7.92   0.0694   0.0059     4.90  0    cut
  80  sn94D         Ia-norm    0.6295   7.91   0.0771   0.0062    -5.60  0    cut
  81  sn90N         Ia-norm    0.6295   7.91   0.0783   0.0065    -6.40  0    cut
  82  sn96X         Ia-norm    0.6295   7.84   0.0738   0.0059     2.90  0    cut
  83  sn02er        Ia-norm    0.6295   7.77   0.0729   0.0063     3.40  0    cut
  84  sn03cg        Ia-norm    0.5984   7.76   0.0750   0.0061    -0.50  0    cut
  85  sn98aq        Ia-norm    0.6065   7.75   0.0730   0.0061     5.90  0    cut
  86  sn94D         Ia-norm    0.6295   7.72   0.0740   0.0059     2.20  0    cut
  87  sn99aw        Ia-91T     0.4968   7.68   0.0787   0.0066    -0.70  0    cut
  88  sn94S         Ia-norm    0.5930   7.64   0.0746   0.0068    -3.40  0    cut
  89  sn92A         Ia-norm    0.6295   7.63   0.0824   0.0061     2.40  0    cut
  90  sn95D         Ia-norm    0.6295   7.60   0.0703   0.0062     8.10  0    cut
  91  sn95E         Ia-norm    0.6295   7.53   0.0745   0.0063     0.10  0    cut
  92  sn03du        Ia-norm    0.6295   7.44   0.0709   0.0063     7.90  0    cut
  93  sn05hj        Ia-norm    0.5456   7.41   0.0729   0.0064     4.30  0    cut
  94  sn03cg        Ia-norm    0.6038   7.33   0.0766   0.0068    -5.90  0    cut
  95  sn06gz        Ia-pec     0.6295   7.24   0.0817   0.0056   -10.30  0    cut
  96  sn98aq        Ia-norm    0.6295   7.23   0.0749   0.0070    -8.00  0    cut
  97  sn02bo        Ia-norm    0.6295   7.21   0.0834   0.0072    -4.50  0    cut
  98  sn04S         Ia-norm    0.6295   7.20   0.0722   0.0070     1.70  0    cut
  99  sn03du        Ia-norm    0.6065   7.13   0.0733   0.0066     2.20  0    cut
 100  sn03du        Ia-norm    0.6092   7.13   0.0778   0.0073    -7.80  0    cut
 101  sn92A         Ia-norm    0.6295   7.11   0.0822   0.0065     3.30  0    cut
 102  sn03du        Ia-norm    0.6295   7.10   0.0874   0.0073   -10.10  0    cut
 103  sn02bo        Ia-norm    0.6295   7.01   0.0791   0.0074    -0.30  0    cut
 104  sn03fg        Ia-pec     0.6295   6.99   0.0653   0.0064     2.00  0    cut
 105  sn03cg        Ia-norm    0.6255   6.97   0.0772   0.0068    -6.80  0    cut
 106  sn03du        Ia-norm    0.6092   6.96   0.0744   0.0069    -0.80  0    cut
 107  sn95E         Ia-norm    0.6024   6.90   0.0758   0.0069    -1.90  0    cut
 108  sn03du        Ia-norm    0.6092   6.88   0.0730   0.0068     3.10  0    cut
 109  sn99ac        Ia-91T     0.6295   6.86   0.0801   0.0074     0.80  0    cut
 110  sn94D         Ia-norm    0.6065   6.85   0.0749   0.0068     0.40  0    cut
 111  sn06gz        Ia-pec     0.6295   6.85   0.0811   0.0057    -9.30  0    cut
 112  sn90O         Ia-norm    0.6268   6.83   0.0800   0.0072    -0.40  0    cut
 113  sn03cg        Ia-norm    0.6295   6.72   0.0728   0.0069     4.50  0    cut
 114  sn03cg        Ia-norm    0.6268   6.71   0.0769   0.0067    -4.50  0    cut
 115  sn90N         Ia-norm    0.5794   6.64   0.0692   0.0070     2.60  0    cut
 116  sn02bo        Ia-norm    0.6295   6.63   0.0799   0.0078    -1.50  0    cut
 117  sn04eo        Ia-norm    0.6241   6.62   0.0728   0.0070    -2.80  0    cut
 118  sn03du        Ia-norm    0.6092   6.60   0.0786   0.0080    -8.80  0    cut
 119  sn94D         Ia-norm    0.5997   6.59   0.0793   0.0076    -7.70  0    cut
 120  sn00E         Ia-norm    0.6295   6.55   0.0768   0.0075    -2.50  0    cut
 121  sn03cg        Ia-norm    0.6119   6.47   0.0782   0.0073    -7.50  0    cut
 122  sn98aq        Ia-norm    0.6065   6.45   0.0726   0.0072     6.90  0    cut
 123  sn02bo        Ia-norm    0.6295   6.36   0.0808   0.0081    -1.40  0    cut
 124  sn02bo        Ia-norm    0.6295   6.36   0.0815   0.0082    -2.50  0    cut
 125  sn02bo        Ia-norm    0.6295   6.26   0.0822   0.0083    -3.40  0    cut
 126  sn96X         Ia-norm    0.5957   6.22   0.0755   0.0075    -0.90  0    cut
 127  sn98aq        Ia-norm    0.6051   6.19   0.0762   0.0082    -9.00  0    cut
 128  sn01el        Ia-norm    0.4955   6.16   0.0813   0.0074    -3.70  0    cut
 129  sn96X         Ia-norm    0.6295   6.12   0.0726   0.0074     4.90  0    cut
 130  sn94D         Ia-norm    0.6092   6.07   0.0765   0.0078    -2.60  0    cut
 131  sn94M         Ia-norm    0.5903   6.03   0.0782   0.0084     5.00  0    cut
 132  sn00cx        Ia-pec     0.6295   5.97   0.0793   0.0076     1.60  0    cut
 133  sn06gz        Ia-pec     0.6295   5.94   0.0732   0.0070     6.30  0    cut
 134  sn94S         Ia-norm    0.5957   5.92   0.0734   0.0079     1.40  0    cut
 135  sn02bo        Ia-norm    0.6295   5.85   0.0805   0.0088    -1.20  0    cut
 136  sn06gz        Ia-pec     0.6241   5.81   0.0742   0.0070     5.20  0    cut
 137  sn94M         Ia-norm    0.5510   5.77   0.0793   0.0086     4.00  0    cut
 138  sn99ac        Ia-91T     0.6295   5.70   0.0792   0.0086     3.10  0    cut
 139  sn03du        Ia-norm    0.6092   5.70   0.0797   0.0093    -9.70  0    cut
 140  sn86G         Ia-91bg    0.5564   5.67   0.0751   0.0086    -2.70  0    cut
 141  sn00E         Ia-norm    0.6268   5.60   0.0770   0.0084    -1.40  0    cut
 142  sn89B         Ia-norm    0.6065   5.59   0.0706   0.0081     5.50  0    cut
 143  sn86G         Ia-91bg    0.5510   5.49   0.0728   0.0088    -0.40  0    cut
 144  sn00E         Ia-norm    0.6295   5.48   0.0775   0.0088    -5.50  0    cut
 145  sn94D         Ia-norm    0.5821   5.47   0.0804   0.0094    -8.70  0    cut
 146  sn04eo        Ia-norm    0.6295   5.45   0.0703   0.0081     2.20  0    cut
 147  sn98bu        Ia-norm    0.5632   5.40   0.0744   0.0088     1.20  0    cut
 148  sn99aa        Ia-91T     0.6255   5.23   0.0905   0.0098    -4.10  0    cut
 149  sn02bo        Ia-norm    0.6065   5.21   0.0866   0.0102    -7.00  0    cut
 150  sn06gz        Ia-pec     0.6295   5.19   0.0727   0.0079     7.20  0    cut
 151  sn02bo        Ia-norm    0.6065   5.16   0.0878   0.0102    -8.10  0    cut
 152  sn96X         Ia-norm    0.6295   5.16   0.0722   0.0085     5.90  0    cut
 153  sn05hj        Ia-norm    0.5483   5.13   0.0757   0.0089    -6.00  0    cut
 154  sn95E         Ia-norm    0.6160   5.08   0.0740   0.0087     2.00  0    cut
 155  sn02bo        Ia-norm    0.6065   5.07   0.0852   0.0104    -6.00  0    cut
 156  sn99ee        Ia-norm    0.6295   5.00   0.0847   0.0113    -6.70  0    cut
 157  sn02bo        Ia-norm    0.6065   5.00   0.0842   0.0104    -5.10  0    cut
 158  sn02er        Ia-norm    0.6295   4.96   0.0718   0.0092     5.50  0    cut
 159  sn94D         Ia-norm    0.6119   4.95   0.0776   0.0094    -4.70  0    cut
 160  sn02er        Ia-norm    0.6038   4.85   0.0755   0.0096     1.50  0    cut
 161  sn00cx        Ia-pec     0.5876   4.84   0.0801   0.0096     0.60  0    cut
 162  sn02bo        Ia-norm    0.6065   4.83   0.0823   0.0107    -3.10  0    cut
 163  sn02bo        Ia-norm    0.6065   4.81   0.0832   0.0107    -4.00  0    cut
 164  sn96X         Ia-norm    0.6295   4.72   0.0713   0.0092     6.90  0    cut
 165  sn03du        Ia-norm    0.6295   4.67   0.0810   0.0112   -10.10  0    cut
 166  sn99ee        Ia-norm    0.6295   4.61   0.0740   0.0103     7.10  0    cut
 167  sn02bo        Ia-norm    0.6065   4.61   0.0814   0.0111    -2.10  0    cut
 168  sn92A         Ia-norm    0.6295   4.51   0.0865   0.0098     5.90  0    cut
 169  sn02bo        Ia-norm    0.6065   4.50   0.0805   0.0113    -1.20  0    cut
 170  sn92A         Ia-norm    0.6295   4.43   0.0803   0.0100     6.30  0    cut
 171  sn02bo        Ia-norm    0.6295   4.40   0.0846   0.0111    -4.40  0    cut
 172  sn06gz        Ia-pec     0.6227   4.39   0.0726   0.0093     7.20  0    cut
 173  sn02er        Ia-norm    0.6160   4.36   0.0733   0.0102     4.40  0    cut
 174  sn03du        Ia-norm    0.6092   4.34   0.0836   0.0122   -11.70  0    cut
 175  sn93ac        Ia-norm    0.6295   4.32   0.0766   0.0109     6.90  0    cut
 176  sn06gz        Ia-pec     0.6295   4.23   0.0720   0.0094     8.20  0    cut
 177  sn94D         Ia-norm    0.6295   4.22   0.0875   0.0123   -10.60  0    cut
 178  sn02er        Ia-norm    0.6295   4.22   0.0843   0.0110    -9.40  0    cut
 179  sn96X         Ia-norm    0.6295   4.16   0.0712   0.0105     7.80  0    cut
 180  sn00cx        Ia-pec     0.5754   4.13   0.0802   0.0106    -0.40  0    cut
 181  sn94D         Ia-norm    0.6133   4.12   0.0838   0.0124    -9.50  0    cut
 182  sn99ac        Ia-91T     0.5794   4.08   0.0904   0.0114    -9.60  0    cut
 183  sn94M         Ia-norm    0.6295   4.07   0.0764   0.0105     7.90  0    cut
 184  sn99ee        Ia-norm    0.6295   4.07   0.0886   0.0136    -8.60  0    cut
 185  sn94M         Ia-norm    0.6295   3.99   0.0806   0.0115     3.00  0    cut
 186  sn95E         Ia-norm    0.6024   3.92   0.0708   0.0111     7.00  0    cut
 187  sn00cx        Ia-pec     0.6295   3.92   0.0799   0.0107     5.60  0    cut
 188  sn02bo        Ia-norm    0.6295   3.92   0.0750   0.0121     5.50  0    cut
 189  sn86G         Ia-91bg    0.6295   3.88   0.0771   0.0113    -3.40  0    cut
 190  sn04S         Ia-norm    0.6295   3.87   0.0687   0.0115     7.50  0    cut
 191  sn02er        Ia-norm    0.6160   3.84   0.0846   0.0116    -7.40  0    cut
 192  sn02bo        Ia-norm    0.6295   3.84   0.0908   0.0128    -9.40  0    cut
 193  sn96X         Ia-norm    0.6295   3.83   0.0704   0.0111     7.90  0    cut
 194  sn02er        Ia-norm    0.6295   3.82   0.0864   0.0124   -11.30  0    cut
 195  sn00cx        Ia-pec     0.5483   3.81   0.0778   0.0112     7.50  0    cut
 196  sn86G         Ia-91bg    0.6295   3.71   0.0760   0.0116    -2.40  0    cut
 197  sn02ic        Ia-csm     0.6295   3.64   0.0700   0.0124     5.60  0    cut
 198  sn86G         Ia-91bg    0.6295   3.64   0.0770   0.0119    -4.40  0    cut
 199  sn86G         Ia-91bg    0.5727   3.63   0.0737   0.0116     0.60  0    cut
 200  sn92A         Ia-norm    0.6173   3.62   0.0800   0.0114     7.30  0    cut
 201  sn89B         Ia-norm    0.6065   3.55   0.0695   0.0117     7.50  0    cut
 202  sn00cx        Ia-pec     0.6295   3.50   0.0792   0.0117     6.50  0    cut
 203  sn99aa        Ia-91T     0.5767   3.48   0.0877   0.0130     7.60  0    cut
 204  sn86G         Ia-91bg    0.5754   3.47   0.0735   0.0118     1.60  0    cut
 205  sn04eo        Ia-norm    0.6051   3.44   0.0771   0.0130   -11.00  0    cut
 206  sn05hj        Ia-norm    0.5510   3.41   0.0746   0.0122    -5.10  0    cut
 207  sn00cx        Ia-pec     0.5862   3.39   0.0802   0.0139    -1.40  0    cut
 208  lbv01ac       LBV        0.6295   3.36   0.0345   0.0139   -99.90  2    cut
 209  sn99by        Ia-91bg    0.6295   3.30   0.0717   0.0128    -2.80  0    cut
 210  sn94T         Ia-norm    0.4833   3.28   0.0736   0.0135     1.20  0    cut
 211  sn94D         Ia-norm    0.6295   3.14   0.0873   0.0158   -10.70  0    cut
 212  sn00cx        Ia-pec     0.5740   3.13   0.0796   0.0148    -2.40  0    cut
 213  sn91bg        Ia-91bg    0.5307   3.09   0.0681   0.0142     2.50  0    cut
 214  sn04aw        Ic-norm    0.6187   2.95   0.0828   0.0167    -3.30  0    cut
 215  sn04aw        Ic-norm    0.6187   2.86   0.0812   0.0173    -2.20  0    cut
 216  sn94D         Ia-norm    0.6295   2.82   0.0854   0.0165    -9.60  0    cut
 217  sn99by        Ia-91bg    0.6065   2.82   0.0725   0.0148    -3.90  0    cut
 218  sn05gj        Ia-csm     0.6295   2.80   0.0620   0.0203    -1.80  0    cut
 219  sn99by        Ia-91bg    0.6024   2.77   0.0734   0.0150    -4.80  0    cut
 220  sn97br        Ia-91T     0.6295   2.72   0.0710   0.0157     7.80  0    cut
 221  sn05bf        Ib-pec     0.6295   2.71   0.0559   0.0182    -1.60  0    cut
 222  sn04aw        Ic-norm    0.6173   2.70   0.0874   0.0196    -5.20  0    cut
 223  sn04aw        Ic-norm    0.6295   2.70   0.0805   0.0164    -1.70  0    cut
 224  sn03cg        Ia-norm    0.6133   2.66   0.0717   0.0151     7.40  0    cut
 225  sn00cx        Ia-pec     0.5794   2.64   0.0803   0.0166    -3.40  0    cut
 226  sn99aa        Ia-91T     0.6295   2.63   0.0947   0.0193    -8.50  0    cut
 227  sn05bf        Ib-pec     0.6295   2.63   0.0550   0.0195     1.20  0    cut
 228  sn05bf        Ib-pec     0.6295   2.61   0.0540   0.0203     3.40  0    cut
 229  sn91T         Ia-91T     0.6295   2.60   0.0737   0.0171    -0.20  0    cut
 230  sn05bf        Ib-pec     0.6295   2.57   0.0567   0.0187    -3.60  0    cut
 231  sn86G         Ia-91bg    0.6241   2.55   0.0758   0.0154    -1.90  0    cut
 232  sn06bp        IIP        0.4996   2.55   0.0591   0.0169    -5.70  0    cut
 233  sn97br        Ia-91T     0.6295   2.49   0.0731   0.0179    -4.00  0    cut
 234  sn05bf        Ib-pec     0.6295   2.47   0.0556   0.0215    -2.70  0    cut
 235  sn05bf        Ib-pec     0.6295   2.46   0.0544   0.0215     2.20  0    cut
 236  sn86G         Ia-91bg    0.6227   2.46   0.0752   0.0157    -0.90  0    cut
 237  sn05bf        Ib-pec     0.6295   2.42   0.0538   0.0219     3.20  0    cut
 238  sn05bf        Ib-pec     0.6295   2.42   0.0562   0.0211    -0.70  0    cut
 239  sn86G         Ia-91bg    0.6241   2.40   0.0720   0.0157     0.10  0    cut
 240  sn04eo        Ia-norm    0.6295   2.38   0.0669   0.0156     7.00  0    cut
 241  sn06bp        IIP        0.4996   2.37   0.0557   0.0180    -4.60  0    cut
 242  sn04aw        Ic-norm    0.6295   2.36   0.0792   0.0183    -0.20  0    cut
 243  sn05bf        Ib-pec     0.6295   2.35   0.0574   0.0208    -4.60  0    cut
 244  sn05bf        Ib-pec     0.6295   2.29   0.0574   0.0222    -5.60  0    cut
 245  sn05bf        Ib-pec     0.6295   2.27   0.0535   0.0242     6.20  0    cut
 246  sn04aw        Ic-norm    0.6241   2.23   0.0799   0.0190    -1.30  0    cut
 247  sn86G         Ia-91bg    0.6241   2.23   0.0731   0.0164     1.10  0    cut
 248  sn05bf        Ib-pec     0.6295   2.20   0.0539   0.0243     5.20  0    cut
 249  sn97cn        Ia-91bg    0.6295   2.19   0.0675   0.0174     3.90  0    cut
 250  sn05hk        Ia-pec     0.6295   2.18   0.0565   0.0173    -1.40  0    cut
 251  mstar         M-star     0.6295   2.18   0.1806   0.0200     6.00  2    cut
 252  sn84L         Ib-norm    0.5469   2.18   0.0494   0.0212     8.00  0    cut
 253  sn02cx        Ia-pec     0.6214   2.12   0.0635   0.0195    -5.30  0    cut
 254  sn05bf        Ib-pec     0.6295   2.10   0.0568   0.0230    -7.60  0    cut
 255  sn91bg        Ia-91bg    0.5672   2.06   0.0682   0.0189     2.70  0    cut
 256  sn05bf        Ib-pec     0.6295   2.06   0.0528   0.0258     8.20  0    cut
 257  sn02cx        Ia-pec     0.6268   2.03   0.0588   0.0191    -2.40  0    cut
 258  sn98S         IIn        0.5957   2.03   0.1844   0.0164     1.80  0    cut
 259  sn99by        Ia-91bg    0.6295   2.01   0.0673   0.0188     3.10  0    cut
 260  sn98S         IIn        0.5943   2.01   0.1848   0.0176     0.90  0    cut
 261  sn00H         IIb        0.6173   1.99   0.0584   0.0210     7.70  0    cut
 262  sn00H         IIb        0.6173   1.98   0.0584   0.0214     6.70  0    cut
 263  sn05hk        Ia-pec     0.6295   1.98   0.0598   0.0196    -8.30  0    cut
 264  sn04aw        Ic-norm    0.6187   1.97   0.0766   0.0206     0.80  0    cut
 265  sn91bg        Ia-91bg    0.6295   1.96   0.0675   0.0205     2.70  0    cut
 266  sn05hk        Ia-pec     0.6295   1.94   0.0580   0.0183    -2.40  0    cut
 267  sn05hk        Ia-pec     0.5727   1.94   0.0619   0.0185    -6.30  0    cut
 268  sn98S         IIn        0.5997   1.93   0.1855   0.0190     2.70  0    cut
 269  mstar         M-star     0.6295   1.90   0.1803   0.0222     5.00  2    cut
 270  sn05hk        Ia-pec     0.6295   1.90   0.0594   0.0189    -6.30  0    cut
 271  sn05hk        Ia-pec     0.6295   1.89   0.0580   0.0190    -3.30  0    cut
 272  sn97br        Ia-91T     0.6268   1.89   0.0781   0.0224    -6.40  0    cut
 273  sn05hk        Ia-pec     0.6295   1.89   0.0591   0.0190    -4.30  0    cut
 274  sn05hk        Ia-pec     0.6295   1.87   0.0575   0.0191    -4.20  0    cut
 275  sn05hk        Ia-pec     0.5740   1.87   0.0509   0.0205     3.60  0    cut
 276  sn05cs        IIP        0.6295   1.86   0.3922   0.0197     3.10  0    cut
 277  sn05hk        Ia-pec     0.6295   1.85   0.0584   0.0195    -5.10  0    cut
 278  sn04aw        Ic-norm    0.6200   1.85   0.0724   0.0196     2.60  0    cut
 279  sn91bg        Ia-91bg    0.6295   1.85   0.0694   0.0215     1.50  0    cut
 280  sn05hk        Ia-pec     0.6295   1.84   0.0595   0.0188    -5.30  0    cut
 281  kcSa          Gal        0.6295   1.84   0.0417   0.0156   -99.90  2    cut
 282  sn05cs        IIP        0.6295   1.82   0.3908   0.0197     4.00  0    cut
 283  sn04et        IIP        0.6295   1.82   0.3996   0.0180     1.00  0    cut
 284  sn97br        Ia-91T     0.6173   1.82   0.0780   0.0249    -7.40  0    cut
 285  sn05cs        IIP        0.6295   1.80   0.3927   0.0206     2.10  0    cut
 286  sn05hk        Ia-pec     0.6295   1.78   0.0594   0.0200    -6.30  0    cut
 287  sn04et        IIP        0.6295   1.78   0.4017   0.0197    -1.90  0    cut
 288  lbv03hy       LBV        0.6241   1.77   0.0520   0.0189   -99.90  2    cut
 289  mstar         M-star     0.6295   1.77   0.0485   0.0210     7.00  2    cut
 290  sn91T         Ia-91T     0.6295   1.73   0.0757   0.0237    -5.30  0    cut
 291  sn04aw        Ic-norm    0.6187   1.73   0.0759   0.0219     1.60  0    cut
 292  sn04et        IIP        0.6295   1.73   0.4010   0.0195    -0.90  0    cut
 293  sn06aj        Ic-broad   0.6295   1.73   0.1080   0.0244    -0.50  0    cut
 294  sn04et        IIP        0.6295   1.73   0.4020   0.0197    -2.90  0    cut
 295  sn91T         Ia-91T     0.6295   1.73   0.0790   0.0254    -9.30  0    cut
 296  sn99ex        Ib-norm    0.6295   1.72   0.0691   0.0239     0.40  0    cut
 297  sn96cb        IIb        0.6295   1.72   0.0469   0.0223     0.90  0    cut
 298  sn98dt        Ib-norm    0.6187   1.71   0.0578   0.0247     3.90  0    cut
 299  sn04aw        Ic-norm    0.6227   1.71   0.0742   0.0226     1.90  0    cut
 300  sn99em        IIP        0.6295   1.70   0.4012   0.0205     2.40  0    cut
 301  sn99ex        Ib-norm    0.6295   1.70   0.0717   0.0253    -4.50  0    cut
 302  sn92ar        Ic-norm    0.5402   1.68   0.0613   0.0283     3.40  0    cut
 303  sn05gj        Ia-csm     0.6173   1.68   0.0600   0.0301     7.70  0    cut
 304  sn97br        Ia-91T     0.6011   1.68   0.0807   0.0248    -9.00  0    cut
 305  sn99em        IIP        0.6295   1.68   0.3973   0.0192     5.40  0    cut
 306  sn04dj        IIP        0.4589   1.67   0.0263   0.0192    18.00  1    cut
 307  sn04et        IIP        0.6295   1.67   0.3984   0.0183     2.00  0    cut
 308  sn05cs        IIP        0.6295   1.67   0.3887   0.0203     5.00  0    cut
 309  sn99em        IIP        0.6295   1.67   0.4033   0.0215     0.40  0    cut
 310  sn83V         Ic-norm    0.6295   1.65   0.0905   0.0254    -9.00  0    cut
 311  sn99by        Ia-91bg    0.6051   1.64   0.0669   0.0227     4.10  0    cut
 312  mstar         M-star     0.6295   1.64   0.0479   0.0162     3.00  2    cut
 313  sn06bp        IIP        0.6106   1.63   0.4049   0.0187     4.20  0    cut
 314  sn99em        IIP        0.6295   1.62   0.4017   0.0213     1.40  0    cut
 315  sn91T         Ia-91T     0.6295   1.62   0.0765   0.0256    -6.40  0    cut
 316  sn83V         Ic-norm    0.5943   1.61   0.0868   0.0237    -4.00  0    cut
 317  sn04dj        IIP        0.4589   1.61   0.0264   0.0200    17.00  1    cut
 318  sn94I         Ic-norm    0.6065   1.61   0.0834   0.0303    -5.70  0    cut
 319  sn98T         Ib-norm    0.4616   1.60   0.1599   0.0180     0.00  1    cut
 320  sn91T         Ia-91T     0.6295   1.60   0.0800   0.0269   -10.30  0    cut
 321  sn06bp        IIP        0.6106   1.59   0.4063   0.0202     3.30  0    cut
 322  mstar         M-star     0.6295   1.59   0.0493   0.0166     4.00  2    cut
 323  sn04dj        IIP        0.4562   1.59   0.0264   0.0197     8.00  1    cut
 324  sn83V         Ic-norm    0.5686   1.59   0.0855   0.0282    -7.00  0    cut
 325  sn97br        Ia-91T     0.6024   1.58   0.0785   0.0240    -7.00  0    cut
 326  sn99dn        Ib-norm    0.6295   1.57   0.3595   0.0236     6.90  1    cut
 327  sn91T         Ia-91T     0.6295   1.57   0.0778   0.0269    -7.30  0    cut
 328  lbv03hy       LBV        0.6255   1.57   0.0121   0.0154   -99.90  2    cut
 329  mstar         M-star     0.6295   1.56   0.0464   0.0179     2.00  2    cut
 330  sn04dj        IIP        0.4589   1.56   0.0268   0.0183     2.70  1    cut
 331  sn04dj        IIP        0.4576   1.56   0.0265   0.0190     5.00  1    cut
 332  sn99em        IIP        0.6295   1.55   0.4003   0.0223     0.20  0    cut
 333  sn06bp        IIP        0.6295   1.54   0.4016   0.0185     7.20  0    cut
 334  sn05cs        IIP        0.6295   1.54   0.3921   0.0225     1.00  0    cut
 335  kcS0          Gal        0.6295   1.53   0.2048   0.0188   -99.90  2    cut
 336  sn04et        IIP        0.6295   1.53   0.3952   0.0186     4.00  0    cut
 337  kcSB6         Gal        0.6295   1.52   0.0407   0.0209   -99.90  2    cut
 338  sn04dj        IIP        0.4589   1.52   0.0261   0.0210    20.00  1    cut
 339  sn99by        Ia-91bg    0.6051   1.52   0.0664   0.0248     5.20  0    cut
 340  sn97dc        Ib-norm    0.5402   1.52   0.1557   0.0193     0.00  1    cut
 341  lbv03hy       LBV        0.6268   1.52   0.0449   0.0239   -99.90  2    cut
 342  sn91N         Ic-norm    0.6295   1.52   0.0768   0.0369     6.60  1    cut
 343  sn91N         Ic-norm    0.6295   1.50   0.0763   0.0396     7.60  1    cut
 344  sn83N         Ib-norm    0.4684   1.48   0.1660   0.0284     4.00  0    cut
 345  sn06aj        Ic-broad   0.6295   1.48   0.1107   0.0308    -1.50  0    cut
 346  mstar         M-star     0.6295   1.48   0.0456   0.0198     1.00  2    cut
 347  kcE           Gal        0.6295   1.47   0.2045   0.0182   -99.90  2    cut
 348  sn04dj        IIP        0.5307   1.46   0.0318   0.0201    89.80  1    cut
 349  kcSB3         Gal        0.6295   1.46   0.0433   0.0263   -99.90  2    cut
 350  sn04dj        IIP        0.4576   1.45   0.0272   0.0189     0.00  1    cut
 351  sn05hk        Ia-pec     0.5727   1.45   0.3166   0.0211    -7.30  0    cut
 352  sn04aw        Ic-norm    0.6227   1.45   0.0731   0.0226     3.10  0    cut
 353  mstar         M-star     0.6295   1.44   0.0436   0.0212     0.00  2    cut
 354  sn95F         Ic-norm    0.6295   1.43   0.3732   0.0252    35.60  1    cut
 355  sn99em        IIP        0.6295   1.43   0.4049   0.0241    -0.60  0    cut
 356  sn97br        Ia-91T     0.5361   1.43   0.3344   0.0209    -6.00  0    cut
 357  sn05bf        Ib-pec     0.5903   1.42   0.0530   0.0260    -0.90  0    cut
 358  sn96cb        IIb        0.6295   1.42   0.0462   0.0222     5.00  0    cut
 359  sn99di        Ib-norm    0.5456   1.42   0.0405   0.0283     0.00  1    cut
 360  mstar         M-star     0.6295   1.41   0.1197   0.0189    10.00  2    cut
 361  sn04et        IIP        0.6295   1.41   0.3924   0.0184     6.20  0    cut
 362  sn91N         Ic-norm    0.6295   1.41   0.0784   0.0387     5.70  1    cut
 363  sn05hk        Ia-pec     0.6295   1.40   0.3160   0.0221    -7.30  0    cut
 364  mstar         M-star     0.6295   1.40   0.0499   0.0207     8.00  2    cut
 365  sn04aw        Ic-norm    0.6187   1.40   0.0745   0.0262     3.60  0    cut
 366  lbv03hy       LBV        0.6241   1.40   0.1767   0.0153   -99.90  2    cut
 367  sn04dj        IIP        0.4589   1.39   0.0266   0.0237    36.00  1    cut
 368  sn99gi        IIP        0.6024   1.39   0.0551   0.0395    -7.10  0    cut
 369  sn99em        IIP        0.6051   1.38   0.3955   0.0210     6.40  0    cut
 370  sn99by        Ia-91bg    0.6065   1.37   0.0664   0.0299     6.10  0    cut
 371  sn05cs        IIP        0.6295   1.36   0.3810   0.0189     8.00  0    cut
 372  sn91T         Ia-91T     0.6295   1.36   0.4190   0.0244   -11.50  0    cut
 373  sn98S         IIn        0.5551   1.36   0.2200   0.0222     1.90  0    cut
 374  sn05hk        Ia-pec     0.6295   1.36   0.3162   0.0219    -8.30  0    cut
 375  lbv03hy       LBV        0.6255   1.35   0.0505   0.0247   -99.90  2    cut
 376  sn05cs        IIP        0.6295   1.35   0.3825   0.0204     7.10  0    cut
 377  sn97dd        IIb        0.6295   1.34   0.0468   0.0299     0.00  1    cut
 378  lbv99bw       LBV        0.6065   1.34   0.6674   0.0192   -99.90  2    cut
 379  sn98dt        Ib-norm    0.6187   1.33   0.0670   0.0279     0.00  0    cut
 380  sn06aj        Ic-broad   0.6295   1.32  -0.0094   0.0000    -5.00  0    cut
 381  sn95F         Ic-norm    0.6295   1.32   0.3740   0.0268    56.70  1    cut
 382  sn87A         II-pec     0.5713   1.32   0.3634   0.0168     3.30  0    cut
 383  sn91ar        Ib-norm    0.4725   1.32   0.1521   0.0195    15.80  1    cut
 384  lbv99bw       LBV        0.5578   1.31   0.4061   0.0226   -99.90  2    cut
 385  sn94I         Ic-norm    0.6079   1.31   0.0725   0.0282    -2.70  0    cut
 386  sn06aj        Ic-broad   0.5456   1.31   0.1036   0.0296     1.80  0    cut
 387  sn99em        IIP        0.6295   1.31   0.3939   0.0220     6.20  0    cut
 388  sn91A         Ic-norm    0.4657   1.31   0.1545   0.0321    16.80  1    cut
 389  sn06aj        Ic-broad   0.6295   1.30   0.1121   0.0326    -2.10  0    cut
 390  sn87A         II-pec     0.5767   1.30   0.3621   0.0172   -10.70  0    cut
 391  sn95F         Ic-norm    0.6295   1.30   0.3717   0.0263     0.00  1    cut
 392  sn99by        Ia-91bg    0.6065   1.30   0.0661   0.0356     7.10  0    cut
 393  lbv03hy       LBV        0.6282   1.30   0.0478   0.0233   -99.90  2    cut
 394  sn97dd        IIb        0.6160   1.29   0.0441   0.0253     3.60  1    cut
 395  sn87A         II-pec     0.5740   1.29   0.3626   0.0172    -6.70  0    cut
 396  sn05hk        Ia-pec     0.6295   1.28   0.3169   0.0213    -9.30  0    cut
 397  sn94I         Ic-norm    0.6295   1.28   0.0786   0.0306    -5.60  0    cut
 398  sn96cb        IIb        0.6295   1.28   0.0452   0.0251     7.00  0    cut
 399  sn96cb        IIb        0.6295   1.28   0.0452   0.0252     7.00  0    cut
 400  sn06aj        Ic-broad   0.6295   1.28   0.1037   0.0303     2.80  0    cut
 401  sn90B         Ic-norm    0.4102   1.28   0.1520   0.0258     6.00  0    cut
 402  sn98dt        Ib-norm    0.6295   1.27   0.3707   0.0251     7.90  0    cut
 403  sn94I         Ic-norm    0.6079   1.26   0.0740   0.0292    -3.80  0    cut
 404  sn91A         Ic-norm    0.5144   1.26   0.1503   0.0244    47.50  1    cut
 405  sn99di        Ib-norm    0.5442   1.25   0.1567   0.0207    23.60  1    cut
 406  sn99em        IIP        0.6011   1.24   0.4034   0.0260    -1.60  0    cut
 407  sn90B         Ic-norm    0.4102   1.24   0.1529   0.0250     5.90  0    cut
 408  sn90B         Ic-norm    0.4102   1.24   0.1534   0.0252     7.00  0    cut
 409  sn91ar        Ib-norm    0.5212   1.24   0.0793   0.0208    27.40  1    cut
 410  kcSB2         Gal        0.6295   1.23   0.1141   0.0152   -99.90  2    cut
 411  lbv03hy       LBV        0.6241   1.23   0.1948   0.0294   -99.90  2    cut
 412  sn91A         Ic-norm    0.5023   1.23   0.1529   0.0296    65.10  1    cut
 413  sn90K         IIL        0.4183   1.22   0.0312   0.0196    50.50  1    cut
 414  kcSc          Gal        0.6295   1.22   0.0251   0.0243   -99.90  2    cut
 415  sn04aw        Ic-norm    0.6295   1.22   0.0717   0.0295     5.30  0    cut
 416  sn05cs        IIP        0.6295   1.21   0.3899   0.0238     0.10  0    cut
 417  sn97dq        Ic-norm    0.6295   1.21   0.0756   0.0335     1.00  1    cut
 418  kcSB4         Gal        0.6295   1.21   0.0400   0.0267   -99.90  2    cut
 419  kcSb          Gal        0.6295   1.21   0.0438   0.0833   -99.90  2    cut
 420  sn99by        Ia-91bg    0.6051   1.21   0.0654   0.0436     8.10  0    cut
 421  sn97ef        Ic-broad   0.4901   1.21   0.3272   0.0320     6.80  0    cut
 422  sn94I         Ic-norm    0.6295   1.21   0.0725   0.0300    -0.10  0    cut
 423  sn99dn        Ib-norm    0.5388   1.21   0.3490   0.0233    27.70  1    cut
 424  sn97cy        IIn        0.6295   1.20   0.0346   0.0263   226.10  1    cut
 425  sn96cb        IIb        0.6295   1.20   0.0470   0.0290    -2.10  0    cut
 426  sn93J         IIb        0.6295   1.20   0.3858   0.0212     5.50  0    cut
 427  sn97dd        IIb        0.6173   1.19   0.0417   0.0261    16.40  1    cut
 428  sn06bp        IIP        0.5090   1.19   0.4096   0.0251     2.10  0    cut
 429  sn99di        Ib-norm    0.4278   1.19   0.1565   0.0217    30.50  1    cut
 430  sn98dt        Ib-norm    0.6187   1.18   0.0670   0.0340     0.90  0    cut
 431  kcSB1         Gal        0.6295   1.16   0.1148   0.0138   -99.90  2    cut
 432  sn97br        Ia-91T     0.5767   1.16   0.3343   0.0247    -8.00  0    cut
 433  mstar         M-star     0.6295   1.15   0.0519   0.0162     9.00  2    cut
 434  sn91ar        Ib-norm    0.5185   1.15   0.1577   0.0228     0.00  1    cut
 435  sn95F         Ic-norm    0.6295   1.14   0.3694   0.0285    28.90  1    cut
 436  sn90B         Ic-norm    0.4102   1.14   0.1520   0.0291     5.00  0    cut
 437  sn93J         IIb        0.6295   1.13   0.0564   0.0377    -4.00  0    cut
 438  sn93J         IIb        0.6295   1.13   0.0570   0.0379    -5.00  0    cut
 439  lbv03hy       LBV        0.6268   1.12   0.0480   0.0287   -99.90  2    cut
 440  sn90K         IIL        0.6295   1.12   0.3823   0.0215     0.00  1    cut
 441  sn93J         IIb        0.6295   1.12   0.0532   0.0365    -2.00  0    cut
 442  sn04dj        IIP        0.4820   1.11   0.0275   0.0299    48.00  1    cut
 443  sn93J         IIb        0.6295   1.09   0.0544   0.0374    -3.00  0    cut
 444  sn80K         IIL        0.5280   1.08   0.3932   0.0232     7.00  0    cut
 445  sn99gi        IIP        0.5984   1.08   0.0424   0.0271    -4.00  0    cut
 446  sn98bw        Ic-broad   0.6295   1.08   0.2456   0.0343     7.80  0    cut
 447  sn06bp        IIP        0.4982   1.08   0.4116   0.0272     0.10  0    cut
 448  sn99gi        IIP        0.5957   1.07   0.0467   0.0331    -5.00  0    cut
 449  sn93J         IIb        0.6295   1.07   0.3916   0.0239    -2.40  0    cut
 450  sn04dj        IIP        0.4820   1.07   0.0274   0.0295    50.00  1    cut
 451  sn90aa        Ic-norm    0.5700   1.06   0.0824   0.0262   116.10  1    cut
 452  sn06aj        Ic-broad   0.6295   1.06   0.1150   0.0424    -3.40  0    cut
 453  sn93J         IIb        0.6295   1.06   0.3844   0.0243     3.40  0    cut
 454  sn97cy        IIn        0.6295   1.06   0.1222   0.0440    71.30  1    cut
 455  sn04dj        IIP        0.4806   1.06   0.0268   0.0303    46.80  1    cut
 456  sn93J         IIb        0.6295   1.05   0.3875   0.0245     1.40  0    cut
 457  sn04dj        IIP        0.4833   1.05   0.0267   0.0282    50.60  1    cut
 458  lbv03hy       LBV        0.6255   1.05   0.0497   0.0293   -99.90  2    cut
 459  sn99em        IIP        0.5226   1.05   0.3968   0.0251     5.60  0    cut
 460  sn04dj        IIP        0.4792   1.04   0.0276   0.0310    51.90  1    cut
 461  sn93J         IIb        0.6295   1.04   0.3854   0.0234     3.80  0    cut
 462  sn94I         Ic-norm    0.6079   1.04   0.0688   0.0345     1.10  0    cut
 463  sn83V         Ic-norm    0.5686   1.04   0.0715   0.0346     4.00  0    cut
 464  sn97ef        Ic-broad   0.6295   1.04   0.1002   0.0458    -5.00  0    cut
 465  sn93J         IIb        0.6295   1.04   0.3844   0.0242     4.60  0    cut
 466  agn           AGN        0.6295   1.03   0.0301   0.0288   -99.90  2    cut
 467  sn05cs        IIP        0.6295   1.03   0.0279   0.0292    -0.80  0    cut
 468  sn99em        IIP        0.6024   1.03   0.0433   0.0285    -3.60  0    cut
 469  sn93J         IIb        0.6295   1.03   0.0467   0.0371     3.70  0    cut
 470  sn88L         Ib-norm    0.4887   1.03   0.0825   0.0190    47.70  1    cut
 471  sn97dq        Ic-norm    0.6051   1.02   0.0761   0.0511     0.00  1    cut
 472  sn93J         IIb        0.6295   1.02   0.3913   0.0241    -1.60  0    cut
 473  sn99em        IIP        0.5320   1.02   0.0422   0.0241     6.60  0    cut
 474  sn90K         IIL        0.5131   1.02   0.0331   0.0257    76.40  1    cut
 475  sn99em        IIP        0.6295   1.02   0.0444   0.0273    -3.70  0    cut
 476  sn97cy        IIn        0.6295   1.02   0.1323   0.0452    57.20  1    cut
 477  sn94I         Ic-norm    0.6295   1.01   0.0705   0.0521     2.40  0    cut
 478  sn91N         Ic-norm    0.6295   1.01   0.0700   0.0468     0.00  1    cut
 479  sn90K         IIL        0.6133   1.00   0.1057   0.0659   147.10  1    cut
 480  sn97dq        Ic-norm    0.6295   1.00   0.0771   0.0325    27.90  1    cut
 481  sn06bp        IIP        0.5104   1.00   0.4046   0.0237     8.10  0    cut
 482  sn99dn        Ib-norm    0.6187   1.00   0.3606   0.0271     0.00  1    cut
 483  sn97cy        IIn        0.6295   0.99   0.1295   0.0442   116.80  1    cut
 484  sn97cy        IIn        0.6295   0.99   0.1236   0.0426   174.50  1    cut
 485  sn91A         Ic-norm    0.5023   0.99   0.3070   0.0388    10.90  1    cut
 486  sn06bp        IIP        0.4996   0.99   0.0482   0.0257    -1.70  0    cut
 487  sn97dq        Ic-norm    0.6295   0.98   0.0767   0.0306    81.70  1    cut
 488  sn97dq        Ic-norm    0.6295   0.98   0.0768   0.0276   222.20  1    cut
 489  sn94I         Ic-norm    0.6079   0.98   0.0663   0.0424     2.10  0    cut
 490  sn91N         Ic-norm    0.6295   0.97   0.0754   0.0219    27.90  1    cut
 491  sn97dq        Ic-norm    0.4549   0.97   0.1503   0.0336    42.80  1    cut
 492  lbv03hy       LBV        0.6241   0.97   0.0531   0.0275   -99.90  2    cut
 493  sn97cy        IIn        0.6295   0.96   0.0130   0.0186   196.10  1    cut
 494  sn98dt        Ib-norm    0.6187   0.96   0.3706   0.0265     6.80  0    cut
 495  sn94I         Ic-norm    0.5997   0.95   0.0649   0.0463     3.30  0    cut
 496  sn97dq        Ic-norm    0.6065   0.95   0.0799   0.0460    14.90  1    cut
 497  sn97ei        Ic-norm    0.4616   0.95   0.3042   0.0268     0.00  1    cut
 498  sn99em        IIP        0.6011   0.94   0.0406   0.0279    -2.60  0    cut
 499  kcSB5         Gal        0.6295   0.93   0.0435   0.0339   -99.90  2    cut
 500  sn91N         Ic-norm    0.6295   0.93   0.0759   0.0481    12.00  1    cut
 501  sn88L         Ib-norm    0.5375   0.93   0.4961   0.0288     0.00  1    cut
 502  sn87A         II-pec     0.5767   0.93   0.3661   0.0209    -2.70  0    cut
 503  sn93J         IIb        0.5551   0.92   0.4002   0.0250   -10.50  0    cut
 504  sn97dq        Ic-norm    0.6079   0.92   0.0795   0.0404    21.90  1    cut
 505  sn90B         Ic-norm    0.4427   0.92   0.3014   0.0243     4.00  0    cut
 506  sn90K         IIL        0.5862   0.92   0.3741   0.0260    53.30  1    cut
 507  sn91A         Ic-norm    0.5415   0.92   0.0802   0.0225    61.40  1    cut
 508  sn97dq        Ic-norm    0.6065   0.91   0.0796   0.0434    17.90  1    cut
 509  sn02ap        Ic-broad   0.6295   0.90   0.0729   0.0646     4.70  0    cut
 510  sn97dq        Ic-norm    0.6079   0.90   0.0800   0.0407    26.90  1    cut
 511  sn97cy        IIn        0.6295   0.89   0.1227   0.0439   377.70  1    cut
 512  sn97cy        IIn        0.6295   0.88   0.1776   0.0495     0.00  1    cut
 513  lbv03hy       LBV        0.6255   0.88   0.0532   0.0384   -99.90  2    cut
 514  sn97cy        IIn        0.6295   0.88   0.1452   0.0470    14.10  1    cut
 515  sn02ap        Ic-broad   0.6295   0.86   0.3834   0.0440     2.70  0    cut
 516  sn97cy        IIn        0.6295   0.85   0.1720   0.0489   125.30  1    cut
 517  sn90K         IIL        0.5862   0.84   0.3761   0.0256    55.60  1    cut
 518  sn91N         Ic-norm    0.6295   0.83   0.0796   0.0322   250.20  1    cut
 519  sn97cy        IIn        0.6295   0.82   0.0282   0.0365    29.40  1    cut
 520  sn87A         II-pec     0.5740   0.82   0.3674   0.0221     1.30  0    cut
 521  sn05cs        IIP        0.6295   0.81   0.0318   0.0386    -1.90  0    cut
 522  sn91N         Ic-norm    0.5537   0.81   0.0775   0.0322   276.10  1    cut
 523  sn90aa        Ic-norm    0.5713   0.80   0.5059   0.0304     0.00  1    cut
 524  sn97ef        Ic-broad   0.6092   0.80  -0.0094   0.0000   -11.00  0    cut
 525  sn90aa        Ic-norm    0.5700   0.79   0.1614   0.0332    61.50  1    cut
 526  sn87A         II-pec     0.5767   0.79   0.5572   0.0624    -4.70  0    cut
 527  sn97ei        Ic-norm    0.6200   0.79   0.0850   0.0340    10.90  1    cut
 528  sn93J         IIb        0.5997   0.79   0.0471   0.0345     2.70  0    cut
 529  sn87A         II-pec     0.5740   0.79   0.3651   0.0233    -8.70  0    cut
 530  sn02ap        Ic-broad   0.5239   0.78   0.0637   0.0425     6.50  0    cut
 531  sn02ap        Ic-broad   0.6051   0.78   0.0798   0.0733     6.60  0    cut
 532  sn02ap        Ic-broad   0.6051   0.78   0.0784   0.0680     4.60  0    cut
 533  sn91A         Ic-norm    0.5672   0.77   0.0754   0.0570     0.00  1    cut
 534  sn91A         Ic-norm    0.4671   0.77   0.0802   0.0262   128.30  1    cut
 535  sn95F         Ic-norm    0.6295   0.76   0.3765   0.0353    88.60  1    cut
 536  sn98S         IIn        0.6295   0.76   0.3677   0.0510    -1.50  0    cut
 537  lbv01ac       LBV        0.6079   0.76   0.0273   0.0319   -99.90  2    cut
 538  sn02ap        Ic-broad   0.6051   0.75   0.0813   0.0733     5.60  0    cut
 539  sn02ap        Ic-broad   0.6051   0.73   0.0815   0.0682     3.60  0    cut
 540  sn02ap        Ic-broad   0.6051   0.73   0.3832   0.0451     0.60  0    cut
 541  sn97ef        Ic-broad   0.6133   0.71   0.0912   0.0595    -4.10  0    cut
 542  sn90K         IIL        0.5320   0.71   0.3995   0.0253   139.00  1    cut
 543  sn02ap        Ic-broad   0.6295   0.71   0.1894   0.0476    -2.40  0    cut
 544  sn97ef        Ic-broad   0.6133   0.71   0.0996   0.0520    -6.10  0    cut
 545  sn90K         IIL        0.6133   0.71   0.3681   0.0256   119.20  1    cut
 546  sn97ef        Ic-broad   0.6146   0.70   0.0965   0.0536    -5.10  0    cut
 547  sn93J         IIb        0.6187   0.69   0.0448   0.0805     6.60  0    cut
 548  sn02ap        Ic-broad   0.5997   0.68   0.3818   0.0541    -0.40  0    cut
 549  sn97ef        Ic-broad   0.6146   0.67   0.1102   0.0549    -9.10  0    cut
 550  sn91A         Ic-norm    0.5659   0.66   0.1558   0.0386    32.60  1    cut
 551  sn97ef        Ic-broad   0.6146   0.66   0.1148   0.0522   -10.10  0    cut
 552  sn02ap        Ic-broad   0.5226   0.60   0.3822   0.0829     1.50  0    cut
 553  sn90K         IIL        0.5348   0.60   0.3692   0.0291   201.70  1    cut
 554  sn02ap        Ic-broad   0.6011   0.60   0.3819   0.0755    -1.40  0    cut
 555  sn90K         IIL        0.5442   0.60   0.3681   0.0269   161.00  1    cut
 556  sn90K         IIL        0.6119   0.59   0.0075   0.0227   136.20  1    cut
 557  sn90K         IIL        0.5605   0.56   0.3687   0.0307   202.60  1    cut
 558  sn90K         IIL        0.5835   0.55   0.3663   0.0260   174.80  1    cut
 559  sn90K         IIL        0.6079   0.54   0.3678   0.0285   174.80  1    cut
 560  sn02ap        Ic-broad   0.5320   0.51   0.1912   0.0570    -4.50  0    cut
 561  sn02ap        Ic-broad   0.5320   0.47   0.1971   0.2067    -5.50  0    cut
