### SNID output file ###
 
### input spectrum and options ###
# Input spectrum                 : 14186_-7.30.dat
# Parameter file                 : NA
# Wavelength range               :    4000.00  10000.00
# Mask file                      : NA
# Median filtering width [A]     : NA
# Median filtering width [pix]   :       1.00
# Clip emission redshift         :     0.3116
# Clip sky lines                 : 0
# Emission clip width [A]        :       0.31
# Keep A-band                    : 1
# Age range                      :     -17.30      2.70
# Delta range                    :      -9.99     99.90
# Min. number of spectra/template:   1
# Use only templates             : NA
# Use only types                 : NA
# Avoid templates                : NA
# Avoid types                    : NA
# rlapmin                        :       5.00
# Redshift range                 :    -0.0100    1.2000
# Forced initial redshift        :     0.3116
# Extra fake redshift            : NA
# Nsigma for initial redshift    : NA
# Redshift filter                :     0.0200
# Wavenumbers k1,k2,k3,k4        :     1    4   85  102
# Template directory             : /Users/daniel/snid-5.0/templates-2.0/
 
### initial/user-input redshift ###
zinit       0.0000
zuser       0.3116
 
### median redshift/age and error ###
zmed        0.3045    0.0000
agem         -1.80      0.00
 
### type fraction/redshift/age ###
#type ntemp fraction slope redshift redshift_error age age_error
Ia              1      1.00    0.0000    0.3045    0.0000    -1.800     0.000
Ia-norm         0      0.00    0.0000    0.0000    0.0000     0.000     0.000
Ia-91T          0      0.00    0.0000    0.0000    0.0000     0.000     0.000
Ia-91bg         0      0.00    0.0000    0.0000    0.0000     0.000     0.000
Ia-csm          1      1.00    0.0000    0.3045    0.0000    -1.800     0.000
Ia-pec          0      0.00    0.0000    0.0000    0.0000     0.000     0.000
###
Ib              0      0.00    0.0000    0.0000    0.0000     0.000     0.000
Ib-norm         0      0.00    0.0000    0.0000    0.0000     0.000     0.000
Ib-pec          0      0.00    0.0000    0.0000    0.0000     0.000     0.000
IIb             0      0.00    0.0000    0.0000    0.0000     0.000     0.000
###
Ic              0      0.00    0.0000    0.0000    0.0000     0.000     0.000
Ic-norm         0      0.00    0.0000    0.0000    0.0000     0.000     0.000
Ic-pec          0      0.00    0.0000    0.0000    0.0000     0.000     0.000
Ic-broad        0      0.00    0.0000    0.0000    0.0000     0.000     0.000
###
II              0      0.00    0.0000    0.0000    0.0000     0.000     0.000
IIP             0      0.00    0.0000    0.0000    0.0000     0.000     0.000
II-pec          0      0.00    0.0000    0.0000    0.0000     0.000     0.000
IIn             0      0.00    0.0000    0.0000    0.0000     0.000     0.000
IIL             0      0.00    0.0000    0.0000    0.0000     0.000     0.000
###
NotSN           0      0.00    0.0000    0.0000    0.0000     0.000     0.000
AGN             0      0.00    0.0000    0.0000    0.0000     0.000     0.000
Gal             0      0.00    0.0000    0.0000    0.0000     0.000     0.000
LBV             0      0.00    0.0000    0.0000    0.0000     0.000     0.000
M-star          0      0.00    0.0000    0.0000    0.0000     0.000     0.000
 
### rlap-ordered template listings ###
#no. sn type lap rlap z zerr age age_flag grade
   1  sn2005gj      Ia-csm     0.6363   5.28   0.3045   0.0047    -1.80  0   good
#--- rlap cutoff
   2  sn2004dt      Ia-norm    0.7906   4.72   0.4805   0.0117    -0.70  0    cut
   3  sn1991N       Ic-norm    0.8854   4.54   0.4740   0.0095   250.20  1    cut
   4  sn2004dt      Ia-norm    0.8191   4.40   0.4828   0.0119    -1.00  0    cut
   5  kcSB6         Gal        0.8854   4.37   0.4225   0.0049   -99.90  2    cut
   6  sn2004dt      Ia-norm    0.8218   4.18   0.4878   0.0132    -4.50  0    cut
   7  sn1997bq      Ia-norm    0.7067   4.16   0.4912   0.0116    -8.70  0    cut
   8  kcSB4         Gal        0.8854   4.11   0.4233   0.0055   -99.90  2    cut
   9  sn1997bq      Ia-norm    0.7067   4.10   0.4922   0.0122    -9.60  0    cut
  10  sn1997bp      Ia-norm    0.7013   4.10   0.4866   0.0116    -1.20  0    cut
  11  kcSB5         Gal        0.8854   4.02   0.4235   0.0054   -99.90  2    cut
  12  sn1997bp      Ia-norm    0.7053   4.00   0.4858   0.0121    -0.20  0    cut
  13  sn2004dt      Ia-norm    0.7920   3.98   0.4748   0.0133     2.30  0    cut
  14  agn           AGN        0.8854   3.93   0.4219   0.0064   -99.90  2    cut
  15  sn1991N       Ic-norm    0.6634   3.88   0.4745   0.0099   276.10  1    cut
  16  sn2002bo      Ia-norm    0.7784   3.75   0.4783   0.0138    -2.80  0    cut
  17  sn2005gj      Ia-csm     0.6187   3.74   0.3054   0.0049   -12.10  0    cut
  18  sn2004dt      Ia-norm    0.8434   3.71   0.4885   0.0144    -5.60  0    cut
  19  sn1994D       Ia-norm    0.7974   3.69   0.4686   0.0121    -2.30  0    cut
  20  sn2004dt      Ia-norm    0.8434   3.68   0.4879   0.0146    -6.40  0    cut
  21  sn1996X       Ia-norm    0.7080   3.66   0.4661   0.0094     2.20  0    cut
  22  sn1997bq      Ia-norm    0.7053   3.65   0.4873   0.0130    -6.60  0    cut
  23  sn2002bo      Ia-norm    0.7541   3.64   0.4753   0.0130    -1.80  0    cut
  24  sn2002dj      Ia-norm    0.8109   3.63   0.4885   0.0153    -8.60  0    cut
  25  sn2004aw      Ic-norm    0.8624   3.63   1.0815   0.0148    -1.70  0    cut
  26  sn1997bq      Ia-norm    0.7067   3.62   0.4871   0.0132    -7.70  0    cut
  27  sn2002bo      Ia-norm    0.7771   3.61   0.4771   0.0139    -1.50  0    cut
  28  sn1997bq      Ia-norm    0.6999   3.60   0.4946   0.0134   -10.60  0    cut
  29  sn2003ch      Ia-norm    0.8854   3.58   0.4641   0.0122     1.80  0    cut
  30  sn2004eo      Ia-norm    0.7053   3.55   0.4634   0.0106    -2.00  0    cut
  31  sn1995ac      Ia-norm    0.6918   3.54   0.3143   0.0149    -5.50  0    cut
  32  sn1997bq      Ia-norm    0.7053   3.52   0.4865   0.0133    -5.60  0    cut
  33  sn2004aw      Ic-norm    0.8421   3.50   1.0741   0.0150    -0.20  0    cut
  34  sn1999em      IIP        0.7906   3.48   0.4354   0.0161     2.40  0    cut
  35  sn2003du      Ia-norm    0.7798   3.47   0.4660   0.0121    -1.30  0    cut
  36  sn2004dt      Ia-norm    0.8597   3.46   0.4839   0.0153    -3.70  0    cut
  37  sn2004dt      Ia-norm    0.7351   3.44   0.4845   0.0151    -6.50  0    cut
  38  sn2002bo      Ia-norm    0.7500   3.43   0.4792   0.0137    -3.70  0    cut
  39  sn1996X       Ia-norm    0.7080   3.43   0.4665   0.0100     1.20  0    cut
  40  sn2001br      Ia-norm    0.8773   3.43   0.4772   0.0138     2.50  0    cut
  41  sn2002er      Ia-norm    0.7879   3.40   0.4691   0.0128    -1.10  0    cut
  42  sn2002bo      Ia-norm    0.6959   3.40   0.4854   0.0131    -8.40  0    cut
  43  kcSB3         Gal        0.8854   3.39   0.4571   0.0039   -99.90  2    cut
  44  sn1994M       Ia-norm    0.6891   3.39   0.4717   0.0121     2.60  0    cut
  45  sn1997bp      Ia-norm    0.7013   3.38   0.4854   0.0135     0.80  0    cut
  46  sn1999ej      Ia-norm    0.6986   3.38   0.4622   0.0110     1.10  0    cut
  47  sn2002dj      Ia-norm    0.8150   3.38   0.4879   0.0156    -6.60  0    cut
  48  sn2003du      Ia-norm    0.7798   3.37   0.4660   0.0121    -0.30  0    cut
  49  sn1994D       Ia-norm    0.7121   3.37   0.4778   0.0151   -10.00  0    cut
  50  sn2004dt      Ia-norm    0.8272   3.36   0.4813   0.0147    -3.00  0    cut
  51  lbv2001ac     LBV        0.8529   3.34   0.4209   0.0069   -99.90  2    cut
  52  sn2004dt      Ia-norm    0.6458   3.34   0.4801   0.0145    -2.00  0    cut
  53  sn2002bo      Ia-norm    0.6959   3.32   0.4843   0.0133    -7.30  0    cut
  54  sn1996X       Ia-norm    0.7080   3.32   0.4670   0.0106    -1.70  0    cut
  55  sn1996X       Ia-norm    0.8854   3.32   0.4664   0.0121     1.10  0    cut
  56  sn2002cd      Ia-norm    0.6972   3.31   0.4949   0.0138    -8.60  0    cut
  57  sn1996X       Ia-norm    0.7080   3.30   0.4668   0.0104     0.20  0    cut
  58  sn2002bo      Ia-norm    0.6972   3.29   0.4825   0.0133    -6.30  0    cut
  59  sn1997bp      Ia-norm    0.7053   3.27   0.4851   0.0140     1.80  0    cut
  60  sn2002bo      Ia-norm    0.6972   3.27   0.4816   0.0132    -5.40  0    cut
  61  sn2002bo      Ia-norm    0.8055   3.26   0.4760   0.0151    -0.60  0    cut
  62  sn1994T       Ia-norm    0.6471   3.26   0.4691   0.0134    -0.20  0    cut
  63  sn1996X       Ia-norm    0.8854   3.24   0.4667   0.0123     0.10  0    cut
  64  sn1999em      IIP        0.8312   3.23   0.4298   0.0185     0.20  0    cut
  65  sn2007af      Ia-norm    0.7432   3.22   0.4638   0.0111     2.30  0    cut
  66  sn1996X       Ia-norm    0.7080   3.22   0.4669   0.0108    -0.80  0    cut
  67  sn1994T       Ia-norm    0.6471   3.22   0.4668   0.0136     0.80  0    cut
  68  sn2000cx      Ia-pec     0.5740   3.22   0.3131   0.0156    -3.30  0    cut
  69  sn2003du      Ia-norm    0.7784   3.21   0.4652   0.0127     0.90  0    cut
  70  sn2007af      Ia-norm    0.7459   3.20   0.4657   0.0116    -0.60  0    cut
  71  sn1997cy      IIn        0.8353   3.20   0.4192   0.0070   377.70  1    cut
  72  sn1994M       Ia-norm    0.6918   3.20   0.4723   0.0127     1.60  0    cut
  73  kcSc          Gal        0.8854   3.19   0.4558   0.0041   -99.90  2    cut
  74  sn1993J       IIb        0.7676   3.19   0.4444   0.0174    -2.40  0    cut
  75  sn2005cg      Ia-norm    0.4346   3.16   0.4704   0.0119    -4.00  0    cut
  76  sn2003ch      Ia-norm    0.6959   3.16   0.4625   0.0085     1.80  0    cut
  77  sn2001en      Ia-norm    0.6999   3.16   0.4741   0.0127     1.50  0    cut
  78  sn2002cr      Ia-norm    0.6986   3.15   0.4657   0.0125    -6.30  0    cut
  79  sn1996ai      Ia-norm    0.7757   3.14   0.4642   0.0123    -0.90  0    cut
  80  sn1999gd      Ia-norm    0.6999   3.14   0.4642   0.0103     1.10  0    cut
  81  lbv2001ac     LBV        0.6959   3.14   0.4203   0.0062   -99.90  2    cut
  82  sn2002cr      Ia-norm    0.6986   3.14   0.4622   0.0116     0.70  0    cut
  83  sn2003du      Ia-norm    0.7960   3.14   0.4661   0.0135    -2.20  0    cut
  84  sn2003du      Ia-norm    0.6986   3.13   0.4823   0.0160   -12.70  0    cut
  85  lbv1999bw     LBV        0.6999   3.12   0.4182   0.0080   -99.90  2    cut
  86  sn2002ha      Ia-norm    0.8854   3.12   0.4670   0.0140     1.70  0    cut
  87  kcSB2         Gal        0.8854   3.12   0.4240   0.0068   -99.90  2    cut
  88  snls03D3bb    Ia-pec     0.8637   3.11   0.4551   0.0124     2.00  0    cut
  89  sn1994D       Ia-norm    0.7135   3.11   0.4667   0.0121    -0.10  0    cut
  90  sn2008D       Ib-pec     0.6539   3.10   0.1641   0.0257   -11.50  0    cut
  91  sn2002dj      Ia-norm    0.6999   3.10   0.4880   0.0137    -7.40  0    cut
  92  sn2007af      Ia-norm    0.7459   3.10   0.4663   0.0122    -1.60  0    cut
  93  sn2002er      Ia-norm    0.8096   3.09   0.4752   0.0146    -4.00  0    cut
  94  sn2002bo      Ia-norm    0.6972   3.09   0.4794   0.0140    -3.40  0    cut
  95  sn2003bg      IIb        0.6864   3.08   0.4509   0.0192   -15.40  0    cut
  96  sn2002bo      Ia-norm    0.6972   3.08   0.4804   0.0141    -4.30  0    cut
  97  sn1991ar      Ib-norm    0.4860   3.07   0.4620   0.0065    15.80  1    cut
  98  sn1997do      Ia-norm    0.6959   3.06   0.4950   0.0166   -10.60  0    cut
  99  sn1997do      Ia-norm    0.6972   3.06   0.4985   0.0167   -11.60  0    cut
 100  sn2002cs      Ia-norm    0.6931   3.05   0.4854   0.0144    -7.50  0    cut
 101  sn1993J       IIb        0.8854   3.05   0.4432   0.0160    -4.00  0    cut
 102  sn1994D       Ia-norm    0.8258   3.04   0.4704   0.0137    -5.30  0    cut
 103  sn1997Y       Ia-norm    0.7067   3.04   0.4645   0.0119     1.90  0    cut
 104  sn1997bp      Ia-norm    0.8705   3.03   0.4966   0.0172    -3.00  0    cut
 105  sn1993J       IIb        0.7500   3.02   0.4432   0.0170    -1.60  0    cut
 106  sn2002bo      Ia-norm    0.8326   3.02   0.4798   0.0162    -1.70  0    cut
 107  sn2002dj      Ia-norm    0.7040   3.02   0.4891   0.0141    -8.40  0    cut
 108  sn1993J       IIb        0.8840   3.02   0.4430   0.0162    -3.00  0    cut
 109  sn1994D       Ia-norm    0.8854   3.01   0.4706   0.0154    -4.30  0    cut
 110  sn2004bg      Ia-norm    0.6986   3.01   0.4645   0.0111     2.60  0    cut
 111  sn2002cr      Ia-norm    0.6972   3.01   0.4632   0.0124    -2.40  0    cut
 112  sn1997dt      Ia-norm    0.6959   3.01   0.4688   0.0109     0.20  0    cut
 113  sn1999ek      Ia-norm    0.6986   2.99   0.4647   0.0105    -0.60  0    cut
 114  sn1997cy      IIn        0.8353   2.99   0.5069   0.0076   226.10  1    cut
 115  sn2002bo      Ia-norm    0.6986   2.98   0.4778   0.0142    -2.40  0    cut
 116  sn2002dj      Ia-norm    0.8556   2.96   0.4852   0.0170    -3.60  0    cut
 117  sn2002cs      Ia-norm    0.6959   2.96   0.4843   0.0141    -4.50  0    cut
 118  sn2007af      Ia-norm    0.7473   2.96   0.4672   0.0124    -2.60  0    cut
 119  sn1999em      IIP        0.8854   2.96   0.4323   0.0190    -3.70  0    cut
 120  sn2002cs      Ia-norm    0.6904   2.95   0.4856   0.0150    -8.50  0    cut
 121  sn2002he      Ia-norm    0.8854   2.95   0.4767   0.0151    -3.20  0    cut
 122  sn1997E       Ia-norm    0.7067   2.95   0.4691   0.0132    -3.70  0    cut
 123  sn2007af      Ia-norm    0.7378   2.94   0.4652   0.0123     0.30  0    cut
 124  sn1989B       Ia-norm    0.8854   2.94   0.4705   0.0167    -7.20  0    cut
 125  sn2003cg      Ia-norm    0.7351   2.94   0.4668   0.0132    -7.30  0    cut
 126  sn2003du      Ia-norm    0.6999   2.93   0.4656   0.0103     2.10  0    cut
 127  sn1981B       Ia-norm    0.8854   2.93   0.4741   0.0155    -1.50  0    cut
 128  sn1994D       Ia-norm    0.7107   2.92   0.4683   0.0129    -4.10  0    cut
 129  sn2004dt      Ia-norm    0.8597   2.92   0.4902   0.0174    -8.50  0    cut
 130  sn1998aq      Ia-norm    0.6959   2.91   0.4652   0.0107     2.00  0    cut
 131  sn1996C       Ia-norm    0.7053   2.91   0.4660   0.0114     2.00  0    cut
 132  sn1993J       IIb        0.8854   2.90   0.4427   0.0161    -2.00  0    cut
 133  sn1999aa      Ia-91T     0.7243   2.89   0.3105   0.0148    -8.00  0    cut
 134  kcSB1         Gal        0.8854   2.89   0.4246   0.0070   -99.90  2    cut
 135  sn2006oa      Ia-91T     0.7500   2.89   0.5042   0.0217    -3.80  0    cut
 136  sn1990aa      Ic-norm    0.6810   2.88   1.0425   0.0146     0.00  1    cut
 137  sn1998co      Ia-norm    0.6986   2.87   0.4656   0.0119     1.00  0    cut
 138  sn2002cd      Ia-norm    0.6959   2.87   0.4893   0.0137    -3.70  0    cut
 139  sn1999aa      Ia-91T     0.7256   2.86   0.3107   0.0150    -7.10  0    cut
 140  sn2006oa      Ia-91T     0.7487   2.86   0.4974   0.0235    -2.00  0    cut
 141  sn2002bo      Ia-norm    0.6972   2.86   0.4769   0.0144    -1.50  0    cut
 142  sn2002cd      Ia-norm    0.6959   2.86   0.4928   0.0149    -6.70  0    cut
 143  sn1997cy      IIn        0.8353   2.86   0.4632   0.0086   125.30  1    cut
 144  sn2005am      Ia-norm    0.7405   2.85   0.4698   0.0132     2.00  0    cut
 145  sn2007af      Ia-norm    0.7473   2.85   0.4687   0.0131    -4.60  0    cut
 146  sn2005hk      Ia-pec     0.7432   2.85   0.2960   0.0156    -9.30  0    cut
 147  sn1997cy      IIn        0.8854   2.85   0.4755   0.0084   196.10  1    cut
 148  sn1994D       Ia-norm    0.6931   2.85   0.4718   0.0166    -9.20  0    cut
 149  sn2005bo      Ia-norm    0.7446   2.84   0.4641   0.0128    -0.10  0    cut
 150  sn2002cd      Ia-norm    0.6945   2.84   0.4867   0.0125     0.30  0    cut
 151  sn2002cd      Ia-norm    0.6945   2.83   0.4941   0.0153    -7.70  0    cut
 152  sn2002er      Ia-norm    0.7920   2.83   0.4785   0.0150    -7.00  0    cut
 153  sn2005hk      Ia-pec     0.7432   2.82   0.2938   0.0168    -8.30  0    cut
 154  sn1996X       Ia-norm    0.7067   2.82   0.4674   0.0121    -3.80  0    cut
 155  sn1994D       Ia-norm    0.7121   2.82   0.4689   0.0135    -5.10  0    cut
 156  sn1994D       Ia-norm    0.7148   2.82   0.4679   0.0135    -3.10  0    cut
 157  sn1989B       Ia-norm    0.8800   2.82   0.4664   0.0154    -1.30  0    cut
 158  sn2004aw      Ic-norm    0.7324   2.82   1.0584   0.0177     1.90  0    cut
 159  sn1998co      Ia-norm    0.6986   2.81   0.4660   0.0120     0.00  0    cut
 160  sn2005hk      Ia-pec     0.7432   2.81   0.2939   0.0170    -6.30  0    cut
 161  sn2007af      Ia-norm    0.7473   2.80   0.4695   0.0135    -5.60  0    cut
 162  sn1998dh      Ia-norm    0.7013   2.80   0.4714   0.0118    -0.60  0    cut
 163  sn2002bo      Ia-norm    0.7229   2.79   0.4806   0.0150    -4.70  0    cut
 164  sn2005bf      Ib-pec     0.7378   2.79   0.4617   0.0154     1.20  0    cut
 165  sn2002cx      Ia-pec     0.6999   2.78   0.2924   0.0133    -1.40  0    cut
 166  sn1997dt      Ia-norm    0.6986   2.78   0.4681   0.0120     2.20  0    cut
 167  sn2007af      Ia-norm    0.7446   2.78   0.4676   0.0132    -3.60  0    cut
 168  sn1999ej      Ia-norm    0.6945   2.77   0.4636   0.0136    -1.80  0    cut
 169  sn2004dt      Ia-norm    0.8773   2.77   0.4875   0.0177    -6.50  0    cut
 170  sn2008Q       Ia-norm    0.7473   2.77   0.4679   0.0135    -1.20  0    cut
 171  sn2001gc      Ia-norm    0.6986   2.77   0.4941   0.0165    -8.50  0    cut
 172  sn2006bp      IIP        0.6092   2.77   1.0432   0.0105    -5.70  0    cut
 173  sn2006N       Ia-norm    0.7419   2.76   0.4665   0.0132     1.60  0    cut
 174  sn2003du      Ia-norm    0.6972   2.75   0.4656   0.0111     1.10  0    cut
 175  sn2001ex      Ia-norm    0.6999   2.75   0.4577   0.0121    -3.40  0    cut
 176  sn1996X       Ia-norm    0.7080   2.75   0.4666   0.0124    -2.80  0    cut
 177  sn2003cg      Ia-norm    0.7365   2.75   0.4638   0.0128     1.00  0    cut
 178  sn2003ch      Ia-norm    0.6986   2.75   0.4614   0.0133     0.80  0    cut
 179  sn2006bp      IIP        0.6092   2.74   0.4456   0.0177    -4.60  0    cut
 180  sn2005bf      Ib-pec     0.7405   2.74   0.4624   0.0153     2.20  0    cut
 181  sn2003W       Ia-norm    0.6999   2.73   0.5114   0.0165   -10.20  0    cut
 182  sn1994D       Ia-norm    0.8854   2.73   0.4728   0.0155    -6.10  0    cut
 183  sn2003fa      Ia-91T     0.6945   2.73   0.3083   0.0146    -8.50  0    cut
 184  sn2002cr      Ia-norm    0.6972   2.73   0.4726   0.0144   -11.20  0    cut
 185  sn1998aq      Ia-norm    0.6959   2.73   0.4652   0.0117     1.00  0    cut
 186  sn2002bo      Ia-norm    0.7392   2.73   0.4899   0.0155    -9.70  0    cut
 187  sn2002dj      Ia-norm    0.8163   2.73   0.4965   0.0187    -9.50  0    cut
 188  sn1997dt      Ia-norm    0.6959   2.73   0.4821   0.0155   -10.60  0    cut
 189  sn2003cg      Ia-norm    0.6986   2.72   0.4663   0.0102     1.90  0    cut
 190  sn1993J       IIb        0.7554   2.72   0.4429   0.0171     1.40  0    cut
 191  sn1994S       Ia-norm    0.7040   2.72   0.4655   0.0129     0.90  0    cut
 192  sn1999ac      Ia-91T     0.7595   2.72   0.4675   0.0164    -2.10  0    cut
 193  sn2006N       Ia-norm    0.7378   2.71   0.4664   0.0131     2.60  0    cut
 194  sn1996ai      Ia-norm    0.7053   2.71   0.4638   0.0101     0.10  0    cut
 195  sn2008Q       Ia-norm    0.7432   2.71   0.4678   0.0135    -0.30  0    cut
 196  sn1997cy      IIn        0.8028   2.71   0.4585   0.0064   174.50  1    cut
 197  sn2005cg      Ia-norm    0.4346   2.71   0.4682   0.0125    -0.10  0    cut
 198  sn2006oa      Ia-91T     0.7487   2.71   0.5041   0.0225    -8.50  0    cut
 199  sn2005bf      Ib-pec     0.7378   2.71   0.4627   0.0170    -3.60  0    cut
 200  sn1996X       Ia-norm    0.7121   2.70   0.4665   0.0133    -1.80  0    cut
 201  sn2002cd      Ia-norm    0.6945   2.70   0.4909   0.0147    -4.70  0    cut
 202  sn1991N       Ic-norm    0.8109   2.70   0.3045   0.0191     5.70  1    cut
 203  sn2003cg      Ia-norm    0.6458   2.70   0.4645   0.0120    -2.80  0    cut
 204  sn1999aa      Ia-91T     0.7270   2.69   0.3122   0.0169    -9.90  0    cut
 205  sn2005hk      Ia-pec     0.7459   2.69   0.2941   0.0172    -4.30  0    cut
 206  sn2008Q       Ia-norm    0.7459   2.68   0.4709   0.0141    -7.20  0    cut
 207  sn1999aa      Ia-91T     0.7297   2.68   0.3101   0.0162    -9.00  0    cut
 208  sn1991N       Ic-norm    0.8123   2.68   0.2953   0.0209     6.60  1    cut
 209  sn1983V       Ic-norm    0.6146   2.68   0.1706   0.0247    -4.00  0    cut
 210  sn2008A       Ia-pec     0.7459   2.68   0.3039   0.0164    -7.90  0    cut
 211  sn2005hk      Ia-pec     0.7392   2.68   0.2944   0.0162    -5.30  0    cut
 212  sn2002cd      Ia-norm    0.6931   2.67   0.4901   0.0153    -5.70  0    cut
 213  sn2004fu      Ia-norm    0.7419   2.67   0.4722   0.0154     2.40  0    cut
 214  sn2002dj      Ia-norm    0.7053   2.67   0.4899   0.0178   -10.40  0    cut
 215  sn2004eo      Ia-norm    0.8353   2.67   0.4695   0.0165    -5.60  0    cut
 216  sn2003cg      Ia-norm    0.7135   2.66   0.4662   0.0131    -6.40  0    cut
 217  sn1998bu      Ia-norm    0.6972   2.66   0.4664   0.0126    -1.60  0    cut
 218  sn2008Q       Ia-norm    0.7473   2.66   0.4701   0.0140    -6.20  0    cut
 219  sn1998dh      Ia-norm    0.6972   2.66   0.4759   0.0126    -7.50  0    cut
 220  sn2006bt      Ia-norm    0.8583   2.65   0.4684   0.0173    -3.90  0    cut
 221  sn2003it      Ia-norm    0.6986   2.65   0.4687   0.0131     1.70  0    cut
 222  sn2003cg      Ia-norm    0.6999   2.65   0.4666   0.0108     0.80  0    cut
 223  sn2005el      Ia-norm    0.7432   2.65   0.4642   0.0137     2.10  0    cut
 224  sn2002dj      Ia-norm    0.6959   2.65   0.4866   0.0147    -6.40  0    cut
 225  sn2005bf      Ib-pec     0.7459   2.64   0.4607   0.0162    -1.60  0    cut
 226  sn2002de      Ia-norm    0.6931   2.64   0.3143   0.0183    -5.00  0    cut
 227  sn1998dh      Ia-norm    0.6986   2.64   0.4733   0.0121    -3.50  0    cut
 228  sn2005hk      Ia-pec     0.7432   2.64   0.2939   0.0164    -7.30  0    cut
 229  sn2005cf      Ia-norm    0.7459   2.64   0.4642   0.0127     2.50  0    cut
 230  sn2006ot      Ia-norm    0.7487   2.63   0.4887   0.0219     2.50  0    cut
 231  sn2006bp      IIP        0.6187   2.63   0.4373   0.0231     2.10  0    cut
 232  sn2006oa      Ia-91T     0.7487   2.62   0.4873   0.0237    -0.10  0    cut
 233  sn2001bf      Ia-norm    0.6972   2.62   0.4631   0.0151     0.80  0    cut
 234  sn2002fk      Ia-norm    0.7013   2.62   0.4610   0.0125     2.50  0    cut
 235  sn1990K       IIL        0.6701   2.62   0.4573   0.0080   202.50  1    cut
 236  sn2003ch      Ia-norm    0.6986   2.62   0.4623   0.0125    -0.20  0    cut
 237  sn1994T       Ia-norm    0.6498   2.62   0.4639   0.0153     1.70  0    cut
 238  sn1998dh      Ia-norm    0.6959   2.61   0.4744   0.0123    -5.40  0    cut
 239  sn2006oa      Ia-91T     0.7487   2.61   0.5073   0.0222    -7.60  0    cut
 240  sn2006bt      Ia-norm    0.8854   2.61   0.4692   0.0174    -4.60  0    cut
 241  sn1997cy      IIn        0.8353   2.61   0.4254   0.0088   116.80  1    cut
 242  sn2004dt      Ia-norm    0.6512   2.61   0.4832   0.0180    -8.90  0    cut
 243  sn1999em      IIP        0.7446   2.60   0.4200   0.0190     1.40  0    cut
 244  sn2004dt      Ia-norm    0.8773   2.60   0.4906   0.0186    -9.40  0    cut
 245  sn2000dm      Ia-norm    0.6972   2.60   0.4649   0.0133    -2.90  0    cut
 246  sn1997do      Ia-norm    0.6972   2.60   0.4856   0.0167    -7.60  0    cut
 247  sn1998dh      Ia-norm    0.6986   2.60   0.4768   0.0134    -8.40  0    cut
 248  sn2002ha      Ia-norm    0.6986   2.60   0.4671   0.0137    -4.20  0    cut
 249  sn2002er      Ia-norm    0.8624   2.59   0.4742   0.0162    -2.10  0    cut
 250  sn2006cj      Ia-norm    0.7459   2.59   0.4884   0.0201    -1.20  0    cut
 251  sn1998dh      Ia-norm    0.6999   2.59   0.4779   0.0138    -9.40  0    cut
 252  sn2006gz      Ia-pec     0.6431   2.58   0.3155   0.0155    -4.50  0    cut
 253  sn1999aa      Ia-91T     0.7270   2.58   0.3094   0.0159    -6.10  0    cut
 254  sn1998bu      Ia-norm    0.6972   2.58   0.4665   0.0129    -2.60  0    cut
 255  sn1998aq      Ia-norm    0.6931   2.58   0.4645   0.0124     0.00  0    cut
 256  sn2002jy      Ia-norm    0.6999   2.58   0.4673   0.0113     1.10  0    cut
 257  sn2001ep      Ia-norm    0.7013   2.58   0.4635   0.0116     0.80  0    cut
 258  sn2004at      Ia-norm    0.6999   2.58   0.4657   0.0112     2.20  0    cut
 259  sn2005bf      Ib-pec     0.7405   2.58   0.4620   0.0161    -0.70  0    cut
 260  sn2008A       Ia-pec     0.7459   2.57   0.3044   0.0189    -6.90  0    cut
 261  sn2003cg      Ia-norm    0.6986   2.57   0.4663   0.0111    -1.20  0    cut
 262  sn2002kf      Ia-norm    0.6986   2.57   0.4678   0.0113     2.20  0    cut
 263  sn2007bm      Ia-norm    0.7473   2.57   0.4715   0.0161   -11.20  0    cut
 264  sn2004et      IIP        0.7378   2.57   0.4294   0.0193     2.00  0    cut
 265  sn1997dt      Ia-norm    0.6972   2.56   0.4717   0.0135    -4.70  0    cut
 266  sn1991ar      Ib-norm    0.5348   2.56   0.4644   0.0092     0.00  1    cut
 267  sn2005cf      Ia-norm    0.7446   2.55   0.4649   0.0131     1.60  0    cut
 268  sn2007bm      Ia-norm    0.7432   2.54   0.4663   0.0152    -9.30  0    cut
 269  sn1997dt      Ia-norm    0.6972   2.54   0.4759   0.0149    -8.70  0    cut
 270  sn2002cr      Ia-norm    0.6904   2.54   0.4683   0.0147    -8.20  0    cut
 271  sn1997cy      IIn        0.8339   2.54   0.4593   0.0078    71.30  1    cut
 272  sn2002cx      Ia-pec     0.6931   2.54   0.2936   0.0187    -4.30  0    cut
 273  sn1998V       Ia-norm    0.6999   2.53   0.4658   0.0110     1.30  0    cut
 274  sn2003fa      Ia-91T     0.6972   2.53   0.3059   0.0187    -6.60  0    cut
 275  sn2006N       Ia-norm    0.7311   2.53   0.4666   0.0143     0.70  0    cut
 276  sn2003cg      Ia-norm    0.6444   2.53   0.4658   0.0136    -2.30  0    cut
 277  sn2008Q       Ia-norm    0.7446   2.52   0.4681   0.0145    -3.20  0    cut
 278  sn2003cg      Ia-norm    0.6999   2.52   0.4666   0.0114    -0.20  0    cut
 279  sn2000fa      Ia-norm    0.7135   2.52   0.4717   0.0106     1.30  0    cut
 280  sn2003fa      Ia-91T     0.6959   2.51   0.3134   0.0185    -9.50  0    cut
 281  sn2008ae      Ia-pec     0.7500   2.51   0.3025   0.0197    -1.00  0    cut
 282  sn2003bg      IIb        0.6918   2.51   0.4535   0.0264   -17.30  0    cut
 283  sn1998V       Ia-norm    0.6945   2.51   0.4656   0.0103     2.30  0    cut
 284  sn2005hk      Ia-pec     0.7392   2.51   0.2940   0.0189    -3.30  0    cut
 285  sn1994D       Ia-norm    0.7162   2.51   0.4698   0.0167    -8.10  0    cut
 286  sn1990K       IIL        0.6945   2.50   0.4571   0.0083   174.70  1    cut
 287  sn2003it      Ia-norm    0.6972   2.50   0.4692   0.0133     0.80  0    cut
 288  sn2005A       Ia-norm    0.7135   2.50   1.0841   0.0181     0.60  0    cut
 289  sn2003fa      Ia-91T     0.6972   2.50   0.3118   0.0209   -10.40  0    cut
 290  sn2003fa      Ia-91T     0.6999   2.50   0.3087   0.0106    -7.60  0    cut
 291  sn1998bu      Ia-norm    0.6972   2.50   0.4659   0.0135    -3.60  0    cut
 292  sn2002de      Ia-norm    0.6918   2.49   0.3129   0.0192    -2.20  0    cut
 293  sn1997cy      IIn        0.8367   2.49   0.4585   0.0085    57.20  1    cut
 294  sn2005cs      IIP        0.7432   2.48   0.3022   0.0121    -0.80  0    cut
 295  sn1999ac      Ia-91T     0.7690   2.47   0.4655   0.0171     0.40  0    cut
 296  sn2001ep      Ia-norm    0.7013   2.47   0.4635   0.0121     1.80  0    cut
 297  sn2004fu      Ia-norm    0.7446   2.46   0.4791   0.0170    -3.50  0    cut
 298  sn2006X       Ia-norm    0.7405   2.46   0.4873   0.0186     1.30  0    cut
 299  sn1994I       Ic-norm    0.7446   2.45   1.0779   0.0207    -5.40  0    cut
 300  sn2005cs      IIP        0.7717   2.45   0.4278   0.0205     0.80  0    cut
 301  sn1997dt      Ia-norm    0.6945   2.45   0.4792   0.0160    -9.70  0    cut
 302  sn2002bo      Ia-norm    0.8597   2.45   0.4829   0.0182    -4.80  0    cut
 303  sn2000dn      Ia-norm    0.7189   2.45   0.4597   0.0147    -3.80  0    cut
 304  sn2002jg      Ia-norm    0.6986   2.45   0.4664   0.0124    -3.40  0    cut
 305  sn2001ep      Ia-norm    0.7013   2.45   0.4642   0.0121    -0.10  0    cut
 306  sn2006gr      Ia-norm    0.7487   2.45   0.5229   0.0251    -9.80  0    cut
 307  sn1994D       Ia-norm    0.8163   2.44   0.5290   0.0284   -11.20  0    cut
 308  sn2003cg      Ia-norm    0.6986   2.44   0.4665   0.0120    -2.10  0    cut
 309  sn2008Q       Ia-norm    0.7419   2.44   0.4684   0.0148    -2.20  0    cut
 310  sn2005A       Ia-norm    0.6904   2.44   1.0811   0.0191     1.50  0    cut
 311  sn1999ac      Ia-91T     0.6769   2.44   0.4755   0.0185    -9.90  0    cut
 312  sn2005cs      IIP        0.7405   2.44   0.3047   0.0136    -1.90  0    cut
 313  sn2006N       Ia-norm    0.7419   2.43   0.4683   0.0155    -1.30  0    cut
 314  sn1997do      Ia-norm    0.6972   2.43   0.4833   0.0162    -6.60  0    cut
 315  sn2003cg      Ia-norm    0.7080   2.43   0.4672   0.0129    -1.00  0    cut
 316  sn2002dj      Ia-norm    0.8691   2.43   0.4872   0.0201    -4.60  0    cut
 317  sn2002dj      Ia-norm    0.6999   2.43   1.1036   0.0203   -11.40  0    cut
 318  sn2005am      Ia-norm    0.7473   2.43   0.4780   0.0177    -2.90  0    cut
 319  sn2008A       Ia-pec     0.7487   2.43   0.3002   0.0187    -3.90  0    cut
 320  sn1997dq      Ic-broad   0.8448   2.43   1.0353   0.0187     1.00  1    cut
 321  sn2006sr      Ia-norm    0.7459   2.43   0.4716   0.0154     2.00  0    cut
 322  sn2006gz      Ia-pec     0.6390   2.42   0.3132   0.0163    -1.60  0    cut
 323  sn2003du      Ia-norm    0.6986   2.42   0.4661   0.0129    -1.80  0    cut
 324  sn2004aw      Ic-norm    0.7013   2.42   1.0635   0.0192     0.80  0    cut
 325  sn2003cg      Ia-norm    0.7216   2.42   0.4682   0.0137    -8.00  0    cut
 326  sn1994I       Ic-norm    0.7107   2.42   1.0864   0.0187    -5.50  0    cut
 327  sn1999cc      Ia-norm    0.6986   2.41   0.4673   0.0135     1.70  0    cut
 328  sn2002de      Ia-norm    0.6945   2.41   0.3147   0.0204    -4.10  0    cut
 329  sn1998bp      Ia-norm    0.6986   2.41   0.4620   0.0135    -0.90  0    cut
 330  sn1984A       Ia-norm    0.7148   2.41   0.5405   0.0246    -6.70  0    cut
 331  sn2000fa      Ia-norm    0.7121   2.40   0.5345   0.0234   -10.40  0    cut
 332  sn2006cz      Ia-91T     0.7446   2.40   0.4886   0.0237    -3.90  0    cut
 333  sn2003hu      Ia-91T     0.6972   2.40   0.3072   0.0115     0.10  0    cut
 334  sn2002er      Ia-norm    0.6959   2.40   0.4729   0.0137    -3.80  0    cut
 335  sn2003iv      Ia-norm    0.6972   2.40   0.4635   0.0139     1.40  0    cut
 336  sn2004dj      IIP        0.6403   2.40   0.4623   0.0058    89.80  1    cut
 337  sn2006ax      Ia-norm    0.7419   2.39   0.4717   0.0198    -8.40  0    cut
 338  sn1994I       Ic-norm    0.7107   2.39   1.0642   0.0221    -2.50  0    cut
 339  sn1990aa      Ic-norm    0.6796   2.39   0.4768   0.0181   116.10  1    cut
 340  sn2006gr      Ia-norm    0.7459   2.39   0.5130   0.0277    -6.90  0    cut
 341  sn2002hd      Ia-norm    0.6986   2.39   0.4659   0.0136     1.40  0    cut
 342  sn2003du      Ia-norm    0.7514   2.39   0.4687   0.0194    -8.10  0    cut
 343  sn1994I       Ic-norm    0.7026   2.39   1.0680   0.0216    -3.60  0    cut
 344  sn1999aa      Ia-91T     0.7297   2.39   0.3089   0.0168    -5.10  0    cut
 345  sn2004at      Ia-norm    0.6999   2.39   0.4661   0.0123     1.20  0    cut
 346  sn2005cf      Ia-norm    0.7473   2.38   0.4658   0.0143     0.60  0    cut
 347  sn1997dt      Ia-norm    0.6959   2.38   0.4738   0.0156    -7.70  0    cut
 348  sn1998bp      Ia-norm    0.6972   2.37   0.4616   0.0140     0.10  0    cut
 349  sn1998bp      Ia-norm    0.6986   2.37   0.4628   0.0135    -1.90  0    cut
 350  sn2006ax      Ia-norm    0.7419   2.37   0.4735   0.0206    -9.30  0    cut
 351  sn2005hk      Ia-pec     0.6282   2.37   0.2925   0.0184    -7.30  0    cut
 352  sn2002er      Ia-norm    0.8691   2.37   0.4743   0.0180    -3.10  0    cut
 353  sn2006X       Ia-norm    0.7405   2.37   0.4862   0.0188     2.30  0    cut
 354  sn1991bg      Ia-91bg    0.6783   2.37   1.0447   0.0248     2.10  0    cut
 355  sn2000dk      Ia-norm    0.6972   2.37   0.4638   0.0141     0.80  0    cut
 356  sn2002jy      Ia-norm    0.6999   2.36   0.4679   0.0118     0.10  0    cut
 357  sn1998bp      Ia-norm    0.6972   2.35   0.4608   0.0140     1.00  0    cut
 358  lbv1999bw     LBV        0.6525   2.35   0.4208   0.0087   -99.90  2    cut
 359  sn1994I       Ic-norm    0.8583   2.35   1.0537   0.0205     2.60  0    cut
 360  sn2002de      Ia-norm    0.6918   2.34   0.3121   0.0195    -3.00  0    cut
 361  sn2006ax      Ia-norm    0.7419   2.34   0.4687   0.0195    -6.40  0    cut
 362  sn2001ep      Ia-norm    0.6999   2.34   0.4653   0.0126    -2.10  0    cut
 363  sn2001ay      Ia-norm    0.6999   2.34   0.4871   0.0168    -1.50  0    cut
 364  sn1998V       Ia-norm    0.6999   2.34   0.4665   0.0125     0.30  0    cut
 365  sn2005ki      Ia-norm    0.7392   2.34   0.4674   0.0156     1.00  0    cut
 366  sn2006ax      Ia-norm    0.7378   2.34   0.4640   0.0166     0.50  0    cut
 367  sn1999cp      Ia-norm    0.6986   2.34   0.4902   0.0195   -14.90  0    cut
 368  sn2006gr      Ia-norm    0.7446   2.34   0.5038   0.0274    -5.10  0    cut
 369  sn1997dq      Ic-broad   0.7229   2.33   0.4758   0.0139   222.20  1    cut
 370  sn2007ci      Ia-norm    0.7432   2.33   0.4685   0.0151    -1.20  0    cut
 371  sn2000cx      Ia-pec     0.8218   2.33   1.0978   0.0189     0.70  0    cut
 372  sn1999gp      Ia-91T     0.7013   2.33   0.3136   0.0209    -2.00  0    cut
 373  sn1991A       Ic-norm    0.6065   2.33   0.3021   0.0313     0.00  1    cut
 374  sn2003it      Ia-norm    0.6972   2.32   0.4691   0.0142    -0.20  0    cut
 375  sn2006gr      Ia-norm    0.7487   2.32   0.5170   0.0276    -7.90  0    cut
 376  sn2008D       Ib-pec     0.8556   2.32   0.8125   0.0354   -13.50  0    cut
 377  sn2007fb      Ia-norm    0.7459   2.32   0.4663   0.0161     1.70  0    cut
 378  sn1998aq      Ia-norm    0.7026   2.32   0.3138   0.0150    -8.90  0    cut
 379  sn2003bg      IIb        0.6918   2.32   0.4352   0.0226    -7.40  0    cut
 380  sn1999em      IIP        0.7527   2.32   0.4155   0.0186    -0.60  0    cut
 381  sn2005bf      Ib-pec     0.7365   2.32   0.4634   0.0193    -5.60  0    cut
 382  sn2005hj      Ia-91T     0.6620   2.31   1.0796   0.0137     2.40  0    cut
 383  sn2002dj      Ia-norm    0.7026   2.31   1.1063   0.0168   -10.40  0    cut
 384  sn2006lf      Ia-norm    0.7135   2.31   0.4669   0.0152    -4.50  0    cut
 385  sn2005hk      Ia-pec     0.7446   2.31   0.2952   0.0178    -2.40  0    cut
 386  sn2006lf      Ia-norm    0.7135   2.31   0.4674   0.0157    -6.50  0    cut
 387  sn1997bq      Ia-norm    0.8732   2.31   0.5076   0.0206   -11.60  0    cut
 388  sn2004at      Ia-norm    0.6999   2.31   0.4671   0.0127     0.20  0    cut
 389  sn2002er      Ia-norm    0.7135   2.30   0.4723   0.0139     0.90  0    cut
 390  sn2002er      Ia-norm    0.7351   2.30   0.4985   0.0290    -6.00  0    cut
 391  sn2003cg      Ia-norm    0.6972   2.30   0.4664   0.0122    -3.10  0    cut
 392  sn2001ep      Ia-norm    0.7013   2.30   0.4649   0.0128    -1.10  0    cut
 393  sn2002bo      Ia-norm    0.7256   2.30   0.4952   0.0169   -12.70  0    cut
 394  sn1990K       IIL        0.6539   2.30   0.4572   0.0082   160.90  1    cut
 395  sn2006gz      Ia-pec     0.7162   2.30   0.5382   0.0084   -12.30  0    cut
 396  sn2007kk      Ia-norm    0.7473   2.30   0.4865   0.0213    -1.70  0    cut
 397  sn1997cy      IIn        0.8353   2.30   0.4704   0.0094    14.10  1    cut
 398  sn2007bd      Ia-norm    0.7500   2.29   0.4738   0.0172     1.70  0    cut
 399  sn2006gr      Ia-norm    0.7459   2.29   0.5080   0.0276    -6.00  0    cut
 400  sn2002kf      Ia-norm    0.6999   2.29   0.4684   0.0125     1.10  0    cut
 401  sn2005bf      Ib-pec     0.7405   2.29   0.4652   0.0195    -4.60  0    cut
 402  sn1997dc      Ib-norm    0.6498   2.29   0.5699   0.0159     0.00  1    cut
 403  sn2002cd      Ia-norm    0.6972   2.28   0.4874   0.0145     2.20  0    cut
 404  sn1990K       IIL        0.7229   2.28   0.4203   0.0097   119.10  1    cut
 405  sn2005bf      Ib-pec     0.7459   2.28   0.4619   0.0182    -2.70  0    cut
 406  sn1998bp      Ia-norm    0.6986   2.28   0.4629   0.0136    -2.90  0    cut
 407  sn2003cg      Ia-norm    0.7365   2.28   0.4678   0.0148    -5.00  0    cut
 408  sn1991T       Ia-91T     0.8854   2.28   1.0877   0.0216    -1.50  0    cut
 409  sn2001ay      Ia-norm    0.6999   2.28   0.4742   0.0178     1.30  0    cut
 410  sn2003it      Ia-norm    0.6986   2.28   0.4693   0.0145    -2.20  0    cut
 411  sn2005hk      Ia-pec     0.6282   2.27   0.2917   0.0191    -6.30  0    cut
 412  sn2003ch      Ia-norm    0.6999   2.27   0.4635   0.0122    -2.10  0    cut
 413  sn2007ci      Ia-norm    0.7446   2.27   0.4675   0.0157    -2.20  0    cut
 414  sn1996ai      Ia-norm    0.6525   2.27   0.4638   0.0128     2.20  0    cut
 415  sn1999em      IIP        0.7459   2.26   0.4166   0.0201     0.40  0    cut
 416  sn2002er      Ia-norm    0.8042   2.26   0.4828   0.0194    -9.00  0    cut
 417  sn2003iv      Ia-norm    0.6999   2.26   0.4642   0.0141     0.50  0    cut
 418  sn1991N       Ic-norm    0.8123   2.26   0.2794   0.0243     7.60  1    cut
 419  sn2004fu      Ia-norm    0.7459   2.25   0.4835   0.0185    -6.40  0    cut
 420  sn1999di      Ib-norm    0.6552   2.25   0.5765   0.0177     0.00  1    cut
 421  sn1994I       Ic-norm    0.7121   2.25   1.0617   0.0231    -1.60  0    cut
 422  sn2005cf      Ia-norm    0.8326   2.25   0.4969   0.0218   -11.70  0    cut
 423  sn2002dp      Ia-norm    0.7013   2.25   0.4685   0.0141    -4.80  0    cut
 424  sn2006gr      Ia-norm    0.7487   2.25   0.5200   0.0275    -8.90  0    cut
 425  sn1995F       Ic-norm    0.6579   2.25   0.4772   0.0172     0.00  1    cut
 426  sn2003W       Ia-norm    0.6959   2.25   0.5135   0.0207    -9.10  0    cut
 427  sn2004fu      Ia-norm    0.7446   2.25   0.4817   0.0185    -5.40  0    cut
 428  sn1998aq      Ia-norm    0.6837   2.25   0.4640   0.0132    -0.90  0    cut
 429  sn1999cc      Ia-norm    0.6999   2.24   0.4700   0.0141    -1.20  0    cut
 430  sn2001el      Ia-norm    0.5889   2.24   0.4698   0.0147     1.20  0    cut
 431  sn2005cf      Ia-norm    0.7446   2.24   0.4956   0.0221   -11.40  0    cut
 432  sn2003cg      Ia-norm    0.7229   2.23   0.4676   0.0129     1.80  0    cut
 433  sn2002hu      Ia-91T     0.7013   2.23   0.3112   0.0182    -3.50  0    cut
 434  sn1997dd      IIb        0.6986   2.23   0.5671   0.0134    16.40  1    cut
 435  sn2006D       Ia-norm    0.8651   2.23   0.4671   0.0175    -1.40  0    cut
 436  sn2008A       Ia-pec     0.7459   2.22   0.3003   0.0223    -3.00  0    cut
 437  sn2008bf      Ia-norm    0.7432   2.22   0.4714   0.0146     2.60  0    cut
 438  sn2005na      Ia-norm    0.7432   2.22   0.4648   0.0156     1.40  0    cut
 439  sn2003du      Ia-norm    0.7663   2.22   0.4745   0.0215   -11.10  0    cut
 440  sn2003W       Ia-norm    0.6945   2.22   0.5040   0.0193    -7.30  0    cut
 441  sn2003cg      Ia-norm    0.6972   2.22   0.4666   0.0133    -4.10  0    cut
 442  sn2003iv      Ia-norm    0.6972   2.22   0.4642   0.0140    -0.50  0    cut
 443  sn2000cx      Ia-pec     0.6512   2.21   0.3193   0.0259    -4.30  0    cut
 444  sn2006gz      Ia-pec     0.7487   2.21   0.3156   0.0139    -8.40  0    cut
 445  sn2003U       Ia-norm    0.6986   2.20   0.4667   0.0164    -0.70  0    cut
 446  sn2006oa      Ia-91T     0.7500   2.20   0.5148   0.0247    -5.70  0    cut
 447  sn2002hw      Ia-norm    0.6986   2.20   0.4646   0.0142    -3.20  0    cut
 448  sn2008ae      Ia-pec     0.7487   2.20   0.2977   0.0238    -0.10  0    cut
 449  sn2004dt      Ia-norm    0.6309   2.20   0.4858   0.0192    -9.90  0    cut
 450  sn1994I       Ic-norm    0.7094   2.20   1.0571   0.0234    -0.60  0    cut
 451  sn2004aw      Ic-norm    0.7013   2.20   0.3210   0.0181    -3.30  0    cut
 452  sn2007au      Ia-norm    0.7500   2.19   0.4600   0.0157     1.10  0    cut
 453  sn2006le      Ia-norm    0.7446   2.19   0.5182   0.0261   -11.70  0    cut
 454  sn2007ci      Ia-norm    0.7432   2.19   0.4688   0.0163    -7.10  0    cut
 455  lbv2003hy     LBV        0.6931   2.19   0.8682   0.0081   -99.90  2    cut
 456  sn1996bl      Ia-norm    0.7026   2.19   0.4750   0.0164    -2.20  0    cut
 457  sn1999em      IIP        0.6918   2.19   0.4187   0.0204    -2.60  0    cut
 458  sn2005cf      Ia-norm    0.7446   2.19   0.4666   0.0159    -0.30  0    cut
 459  sn2006sr      Ia-norm    0.7419   2.19   0.4716   0.0168     1.00  0    cut
 460  sn2006nz      Ia-norm    0.7487   2.19   0.5033   0.0176    -1.70  0    cut
 461  sn1999gi      IIP        0.6877   2.19   0.4266   0.0211    -5.00  0    cut
 462  sn1994I       Ic-norm    0.7487   2.19   1.0573   0.0210     0.10  0    cut
 463  sn2003U       Ia-norm    0.8854   2.19   0.4793   0.0215    -8.50  0    cut
 464  sn1999aa      Ia-91T     0.7256   2.18   0.3086   0.0176    -4.10  0    cut
 465  sn1990O       Ia-norm    0.7175   2.18   0.4757   0.0165    -0.90  0    cut
 466  sn2002er      Ia-norm    0.7270   2.18   0.4845   0.0178    -8.00  0    cut
 467  sn1996bk      Ia-norm    0.7067   2.18   0.4635   0.0159     2.50  0    cut
 468  sn2003W       Ia-norm    0.8840   2.17   0.5222   0.0238   -11.10  0    cut
 469  sn2006D       Ia-norm    0.8664   2.17   1.0840   0.0150    -5.30  0    cut
 470  sn2006aj      Ic-broad   0.8854   2.17   1.1323   0.0216     2.50  0    cut
 471  sn2003du      Ia-norm    0.6986   2.17   0.4723   0.0191   -10.70  0    cut
 472  sn2003iv      Ia-norm    0.6986   2.17   0.4634   0.0144    -1.40  0    cut
 473  sn2001ep      Ia-norm    0.6999   2.16   0.4658   0.0139    -3.10  0    cut
 474  sn2003cq      Ia-norm    0.7013   2.16   0.4711   0.0150     1.00  0    cut
 475  sn2006cq      Ia-norm    0.7446   2.16   0.5103   0.0303    -3.30  0    cut
 476  sn2002bo      Ia-norm    0.6959   2.16   0.4972   0.0177   -13.40  0    cut
 477  sn2003kf      Ia-norm    0.6999   2.16   0.4744   0.0159    -9.30  0    cut
 478  sn2005cf      Ia-norm    0.7459   2.16   0.4980   0.0216   -12.40  0    cut
 479  sn2001br      Ia-norm    0.6999   2.16   0.4795   0.0159    -0.40  0    cut
 480  sn2004aw      Ic-norm    0.7013   2.15   1.0502   0.0199     1.60  0    cut
 481  sn2007kk      Ia-norm    0.7459   2.15   0.4839   0.0222    -0.80  0    cut
 482  sn2000E       Ia-norm    0.7419   2.15   0.4690   0.0154    -6.40  0    cut
 483  sn1994S       Ia-norm    0.6268   2.15   0.4955   0.0283    -3.00  0    cut
 484  sn2003iv      Ia-norm    0.6972   2.15   0.4650   0.0145    -2.40  0    cut
 485  sn2003it      Ia-norm    0.6972   2.15   0.4705   0.0149    -3.20  0    cut
 486  sn2006gj      Ia-norm    0.7446   2.15   0.4624   0.0152    -0.70  0    cut
 487  sn2004aw      Ic-norm    0.7013   2.15   1.0738   0.0192    -2.20  0    cut
 488  sn2003kf      Ia-norm    0.6945   2.14   0.4709   0.0134    -3.40  0    cut
 489  sn2003cg      Ia-norm    0.6972   2.14   0.4668   0.0137    -5.10  0    cut
 490  sn2005cf      Ia-norm    0.7473   2.14   0.4674   0.0173    -1.40  0    cut
 491  sn2005cf      Ia-norm    0.7419   2.14   0.4928   0.0261   -10.40  0    cut
 492  sn2005bl      Ia-91bg    0.8136   2.14   1.0760   0.0197    -4.90  0    cut
 493  sn2004fz      Ia-norm    0.7459   2.14   0.4610   0.0158    -6.80  0    cut
 494  sn1996bl      Ia-norm    0.7040   2.13   0.4761   0.0169    -4.00  0    cut
 495  sn2007bd      Ia-norm    0.7459   2.13   0.4755   0.0192    -1.30  0    cut
 496  sn2007jg      Ia-norm    0.7500   2.13   0.5195   0.0319    -2.30  0    cut
 497  sn2002de      Ia-norm    0.6891   2.13   0.3129   0.0221     1.80  0    cut
 498  sn2007A       Ia-norm    0.7446   2.13   0.4647   0.0166    -3.40  0    cut
 499  sn2002fk      Ia-norm    0.6972   2.13   0.4604   0.0152    -1.50  0    cut
 500  sn2004at      Ia-norm    0.6986   2.13   0.4670   0.0134    -0.70  0    cut
 501  sn1998es      Ia-91T     0.7324   2.13   0.3073   0.0175    -5.40  0    cut
 502  sn2007hj      Ia-norm    0.7473   2.13   0.4657   0.0170     1.40  0    cut
 503  sn2006gr      Ia-norm    0.7500   2.13   0.5239   0.0297   -10.80  0    cut
 504  sn2004bg      Ia-norm    0.6959   2.13   0.4660   0.0156    -3.00  0    cut
 505  sn2005cf      Ia-norm    0.8353   2.12   0.4667   0.0187     1.50  0    cut
 506  sn2005eq      Ia-91T     0.7405   2.12   0.3092   0.0176    -8.30  0    cut
 507  sn1997dq      Ic-broad   0.8434   2.12   0.4755   0.0195    81.70  1    cut
 508  sn1999ac      Ia-91T     0.7162   2.12   0.4739   0.0235   -13.90  0    cut
 509  sn2001cp      Ia-norm    0.6999   2.12   0.4671   0.0122     0.80  0    cut
 510  sn2004dj      IIP        0.5672   2.12   0.4226   0.0109     5.00  1    cut
 511  sn2002hw      Ia-norm    0.6986   2.12   0.4662   0.0138    -5.20  0    cut
 512  sn2001el      Ia-norm    0.6051   2.11   0.4731   0.0164    -3.80  0    cut
 513  sn1998aq      Ia-norm    0.6783   2.11   0.4634   0.0142    -9.90  0    cut
 514  sn1994S       Ia-norm    0.6986   2.11   0.4665   0.0165    -4.00  0    cut
 515  sn2004eo      Ia-norm    0.7148   2.11   1.0829   0.0459   -10.20  0    cut
 516  sn2005eu      Ia-norm    0.7487   2.11   0.3115   0.0239    -9.00  0    cut
 517  sn1999aa      Ia-91T     0.8150   2.10   1.0768   0.0216    -1.60  0    cut
 518  sn2005eu      Ia-norm    0.7459   2.10   0.3158   0.0308    -7.10  0    cut
 519  sn2008A       Ia-pec     0.7446   2.10   0.3006   0.0229    -1.90  0    cut
 520  sn2006gz      Ia-pec     0.7378   2.10   0.3156   0.0157    -9.30  0    cut
 521  sn2006gr      Ia-norm    0.7487   2.10   0.4994   0.0312    -4.00  0    cut
 522  sn1999gi      IIP        0.6891   2.10   0.4208   0.0200    -4.00  0    cut
 523  sn2008ar      Ia-norm    0.7473   2.09   0.5151   0.0313    -8.50  0    cut
 524  sn2007Y       Ib-norm    0.6945   2.09   1.0474   0.0234   -15.00  0    cut
 525  sn2005eu      Ia-norm    0.7419   2.09   0.3150   0.0197    -5.20  0    cut
 526  sn2003du      Ia-norm    0.7960   2.09   0.4691   0.0213    -7.20  0    cut
 527  sn2002bo      Ia-norm    0.7473   2.09   0.4999   0.0192   -13.60  0    cut
 528  sn1991N       Ic-norm    0.8854   2.09   1.0347   0.0267     0.00  1    cut
 529  sn2004gs      Ia-norm    0.7459   2.09   0.4689   0.0172    -3.20  0    cut
 530  sn2005cf      Ia-norm    0.8353   2.09   0.4967   0.0232   -11.20  0    cut
 531  sn2004gs      Ia-norm    0.7459   2.09   0.4658   0.0172    -1.20  0    cut
 532  sn1998es      Ia-91T     0.7419   2.09   0.3074   0.0179    -6.40  0    cut
 533  sn1999aa      Ia-91T     0.8380   2.08   1.0880   0.0200     1.80  0    cut
 534  sn1996cb      IIb        0.7026   2.08   0.4534   0.0219   -16.90  0    cut
 535  sn2007ci      Ia-norm    0.7432   2.08   0.4688   0.0168    -4.20  0    cut
 536  sn1998ab      Ia-91T     0.6864   2.08   0.3122   0.0208    -7.80  0    cut
 537  sn2006bp      IIP        0.6079   2.08   0.4315   0.0254     0.10  0    cut
 538  sn2006N       Ia-norm    0.7392   2.08   0.4691   0.0173    -3.30  0    cut
 539  sn2004aw      Ic-norm    0.7013   2.08   0.3244   0.0222    -5.20  0    cut
 540  sn2004gs      Ia-norm    0.7446   2.08   0.4631   0.0159     1.70  0    cut
 541  sn1999gp      Ia-91T     0.6972   2.08   0.3142   0.0257    -4.80  0    cut
 542  sn2002aw      Ia-norm    0.6945   2.07   0.4651   0.0144     1.10  0    cut
 543  sn2007if      Ia-pec     0.6458   2.07   0.9848   0.0141    -7.50  0    cut
 544  sn2006S       Ia-norm    0.7419   2.07   0.4912   0.0316    -5.50  0    cut
 545  sn1987A       II-pec     0.5740   2.07   0.2906   0.0108    -6.70  0    cut
 546  sn2002do      Ia-norm    0.6972   2.07   0.4642   0.0119     2.00  0    cut
 547  sn2003cq      Ia-norm    0.6986   2.07   0.4699   0.0142     0.00  0    cut
 548  sn2005bl      Ia-91bg    0.7148   2.07   1.0829   0.0171    -2.90  0    cut
 549  sn1987A       II-pec     0.5767   2.07   0.2906   0.0113   -10.70  0    cut
 550  sn1999em      IIP        0.6918   2.06   0.4170   0.0207    -1.60  0    cut
 551  sn2006bp      IIP        0.6092   2.06   0.4285   0.0254    -1.70  0    cut
 552  sn2004dj      IIP        0.5686   2.06   0.4216   0.0107    17.00  1    cut
 553  sn1999cc      Ia-norm    0.6972   2.06   0.4695   0.0144    -0.20  0    cut
 554  sn1987A       II-pec     0.5767   2.06   0.2927   0.0311    -2.70  0    cut
 555  sn2005cg      Ia-norm    0.6363   2.06   0.4776   0.0227    -8.80  0    cut
 556  sn2006le      Ia-norm    0.7405   2.05   0.5111   0.0319    -8.80  0    cut
 557  sn1999di      Ib-norm    0.6539   2.05   0.5751   0.0172    23.60  1    cut
 558  sn2005hj      Ia-91T     0.6607   2.05   1.0796   0.0142     0.50  0    cut
 559  sn1991bg      Ia-91bg    0.6403   2.05   1.0538   0.0257     1.90  0    cut
 560  sn2002er      Ia-norm    0.7419   2.05   0.4778   0.0193   -10.00  0    cut
 561  sn2005cs      IIP        0.7730   2.05   0.4194   0.0226    -0.20  0    cut
 562  sn2002ck      Ia-norm    0.6986   2.04   0.4629   0.0140     0.30  0    cut
 563  sn2002fk      Ia-norm    0.6972   2.04   0.4589   0.0157    -3.50  0    cut
 564  sn1988L       Ib-norm    0.6471   2.04   1.0367   0.0227     0.00  1    cut
 565  sn2007ci      Ia-norm    0.7446   2.04   0.4710   0.0164    -8.10  0    cut
 566  sn2007hj      Ia-norm    0.7459   2.04   0.4699   0.0170    -2.60  0    cut
 567  lbv2003hy     LBV        0.6959   2.04   0.8684   0.0093   -99.90  2    cut
 568  sn2003it      Ia-norm    0.6945   2.04   0.4683   0.0156    -1.10  0    cut
 569  sn2003du      Ia-norm    0.7947   2.04   0.4848   0.0231   -11.10  0    cut
 570  sn2004gs      Ia-norm    0.7419   2.04   0.4645   0.0169    -0.30  0    cut
 571  sn2000dk      Ia-norm    0.6999   2.03   0.4676   0.0161    -4.20  0    cut
 572  sn2003W       Ia-norm    0.6986   2.03   0.5135   0.0214    -8.20  0    cut
 573  sn2008bf      Ia-norm    0.7432   2.03   0.4718   0.0169     0.70  0    cut
 574  sn1994T       Ia-norm    0.6146   2.03   0.4917   0.0220     0.80  0    cut
 575  sn1990K       IIL        0.5280   2.03   0.4228   0.0154    50.50  1    cut
 576  sn2007kk      Ia-norm    0.7500   2.03   0.4788   0.0209     2.10  0    cut
 577  sn2005cs      IIP        0.7432   2.03   0.3062   0.0151     2.10  0    cut
 578  sn1998es      Ia-91T     0.6904   2.02   0.3140   0.0243   -10.30  0    cut
 579  sn1987A       II-pec     0.5740   2.02   0.2923   0.0314     1.30  0    cut
 580  sn1994I       Ic-norm    0.7121   2.02   1.0518   0.0250     1.30  0    cut
 581  sn1999em      IIP        0.6864   2.02   0.4200   0.0202    -3.60  0    cut
 582  sn1996ab      Ia-norm    0.6227   2.02   0.3110   0.0217     1.30  0    cut
 583  sn2005el      Ia-norm    0.7419   2.02   0.4661   0.0176    -3.90  0    cut
 584  sn2005cf      Ia-norm    0.8150   2.02   0.4918   0.0236    -9.70  0    cut
 585  sn2001eh      Ia-91T     0.6972   2.02   0.3115   0.0246    -2.00  0    cut
 586  sn2002ck      Ia-norm    0.7013   2.01   0.4643   0.0148    -0.60  0    cut
 587  sn2004dj      IIP        0.5672   2.01   0.4212   0.0108    20.00  1    cut
 588  sn2003kf      Ia-norm    0.6999   2.01   0.4725   0.0140    -5.40  0    cut
 589  sn2002bf      Ia-norm    0.6999   2.01   0.4867   0.0194     1.80  0    cut
 590  sn2006D       Ia-norm    0.8664   2.01   1.0882   0.0380    -7.30  0    cut
 591  sn2004dj      IIP        0.5551   2.01   0.4226   0.0118     0.00  1    cut
 592  sn2005hk      Ia-pec     0.7581   2.01   1.0579   0.0211    -4.20  0    cut
 593  sn2007F       Ia-norm    0.7432   2.01   0.4675   0.0179    -0.90  0    cut
 594  sn2005cs      IIP        0.6160   2.01   0.4218   0.0222     0.80  0    cut
 595  sn2005hk      Ia-pec     0.8854   2.01   1.0617   0.0240    -5.10  0    cut
 596  sn2005bf      Ib-pec     0.7419   2.00   0.4643   0.0213    -7.60  0    cut
 597  sn2007co      Ia-norm    0.7459   2.00   0.4747   0.0192     0.80  0    cut
 598  sn2003du      Ia-norm    0.6945   2.00   0.4695   0.0174    -9.80  0    cut
 599  sn1999dq      Ia-91T     0.6877   2.00   0.3095   0.0210    -6.40  0    cut
 600  sn2004dj      IIP        0.5524   2.00   0.4206   0.0115     8.00  1    cut
 601  sn1999aa      Ia-91T     0.7459   2.00   0.3088   0.0178    -3.10  0    cut
 602  sn2007kk      Ia-norm    0.7500   2.00   0.4797   0.0213     1.10  0    cut
 603  sn1987A       II-pec     0.5727   2.00   0.2913   0.0115   -13.70  0    cut
 604  sn1998T       Ib-norm    0.5713   1.99   0.5800   0.0186     0.00  1    cut
 605  sn1999dq      Ia-91T     0.6904   1.99   0.3112   0.0208    -8.50  0    cut
 606  lbv2003hy     LBV        0.6796   1.99   0.2802   0.0051   -99.90  2    cut
 607  sn2007co      Ia-norm    0.7405   1.99   0.4737   0.0191     1.70  0    cut
 608  sn1990K       IIL        0.6390   1.99   0.3080   0.0119     0.00  1    cut
 609  sn2008D       Ib-pec     0.7026   1.99   1.0761   0.0147    -6.60  0    cut
 610  sn2005cg      Ia-norm    0.6160   1.99   0.4782   0.0246    -9.80  0    cut
 611  sn1987A       II-pec     0.5740   1.99   0.2918   0.0122   -15.70  0    cut
 612  sn2001fe      Ia-norm    0.6986   1.99   0.4681   0.0129     0.30  0    cut
 613  sn2008D       Ib-pec     0.8637   1.99   0.8650   0.0388   -14.50  0    cut
 614  sn2004dj      IIP        0.5510   1.99   0.4215   0.0116     2.70  1    cut
 615  sn2007cq      Ia-91T     0.7446   1.99   0.3171   0.0339    -5.00  0    cut
 616  sn2005cf      Ia-norm    0.8258   1.98   0.4689   0.0200    -1.20  0    cut
 617  sn2006sr      Ia-norm    0.7432   1.98   0.4741   0.0185    -0.90  0    cut
 618  sn1999aa      Ia-91T     0.6959   1.98   0.3084   0.0206    -2.10  0    cut
 619  sn2002ck      Ia-norm    0.6877   1.98   0.4642   0.0128     2.30  0    cut
 620  sn2005el      Ia-norm    0.7378   1.98   0.4693   0.0196    -5.80  0    cut
 621  sn2006gz      Ia-pec     0.7067   1.98   0.3309   0.0181   -13.30  0    cut
 622  sn2004gs      Ia-norm    0.7459   1.98   0.4628   0.0167     2.60  0    cut
 623  sn2005cf      Ia-norm    0.7500   1.98   0.4815   0.0227    -9.70  0    cut
 624  sn2001fh      Ia-norm    0.6972   1.98   0.4619   0.0153    -1.70  0    cut
 625  sn2003kf      Ia-norm    0.6999   1.97   0.4730   0.0150    -7.40  0    cut
 626  sn2005na      Ia-norm    0.7405   1.97   0.4626   0.0167    -1.50  0    cut
 627  sn2003kf      Ia-norm    0.6986   1.97   0.4730   0.0159    -8.40  0    cut
 628  sn1998S       IIn        0.6769   1.97   0.9977   0.0181   -12.50  0    cut
 629  sn2007cq      Ia-91T     0.7432   1.97   0.3138   0.0338    -4.00  0    cut
 630  sn2008Z       Ia-norm    0.7446   1.97   0.3152   0.0204    -6.30  0    cut
 631  sn2004dj      IIP        0.5686   1.97   0.4211   0.0111    18.00  1    cut
 632  sn2005cf      Ia-norm    0.7446   1.97   0.4859   0.0254    -9.30  0    cut
 633  sn1999dq      Ia-91T     0.6891   1.96   0.3102   0.0215    -7.40  0    cut
 634  sn2007le      Ia-norm    0.7459   1.96   0.5030   0.0285   -10.30  0    cut
 635  sn1999gp      Ia-91T     0.6999   1.96   0.3108   0.0283     0.00  0    cut
 636  sn2007hj      Ia-norm    0.7446   1.96   0.4630   0.0175     2.40  0    cut
 637  sn2007ci      Ia-norm    0.7419   1.96   0.4688   0.0176    -6.10  0    cut
 638  sn2007au      Ia-norm    0.7446   1.95   0.4658   0.0177    -3.80  0    cut
 639  sn2003du      Ia-norm    0.8583   1.95   0.4688   0.0214    -4.20  0    cut
 640  sn2001G       Ia-norm    0.6904   1.95   0.3126   0.0224    -5.10  0    cut
 641  sn2007bc      Ia-norm    0.7405   1.95   0.4622   0.0169    -2.60  0    cut
 642  sn2003kf      Ia-norm    0.7256   1.95   0.4740   0.0197    -9.40  0    cut
 643  sn1995F       Ic-norm    0.7798   1.95   0.4762   0.0223    88.80  1    cut
 644  sn1994I       Ic-norm    0.7148   1.94   1.0509   0.0257     2.30  0    cut
 645  sn2000dn      Ia-norm    0.6986   1.94   0.4622   0.0153    -0.90  0    cut
 646  sn2005iq      Ia-norm    0.7446   1.94   0.4695   0.0217    -6.00  0    cut
 647  sn1998S       IIn        0.5808   1.94   0.2804   0.0145     1.90  0    cut
 648  sn2007co      Ia-norm    0.7487   1.94   0.4750   0.0203    -0.20  0    cut
 649  sn1999dq      Ia-91T     0.6904   1.94   0.3089   0.0210    -2.50  0    cut
 650  sn2004as      Ia-norm    0.6986   1.93   0.4707   0.0170     1.80  0    cut
 651  sn2000dk      Ia-norm    0.6999   1.93   0.4683   0.0165    -5.10  0    cut
 652  sn2006br      Ia-norm    0.6945   1.93   0.4751   0.0206     0.20  0    cut
 653  sn2003cg      Ia-norm    0.6986   1.93   0.4657   0.0159    -6.10  0    cut
 654  sn2005cf      Ia-norm    0.8664   1.93   0.4693   0.0211    -0.20  0    cut
 655  sn2000dn      Ia-norm    0.6972   1.93   0.4649   0.0174    -7.70  0    cut
 656  sn2008Z       Ia-norm    0.7419   1.93   0.3156   0.0201    -7.30  0    cut
 657  sn2004et      IIP        0.7365   1.93   0.4225   0.0237     1.00  0    cut
 658  sn2004dj      IIP        0.5930   1.93   0.4576   0.0067    50.60  1    cut
 659  sn1991N       Ic-norm    0.8854   1.93   1.0356   0.0270    12.00  1    cut
 660  sn2006cm      Ia-norm    0.7446   1.92   0.3092   0.0218    -1.00  0    cut
 661  sn2007co      Ia-norm    0.7487   1.92   0.4769   0.0214    -1.20  0    cut
 662  sn2001az      Ia-91T     0.6972   1.92   0.3154   0.0271    -3.10  0    cut
 663  sn1997dq      Ic-broad   0.4549   1.92   0.3740   0.0136    42.80  1    cut
 664  sn2001eh      Ia-91T     0.6972   1.92   0.3113   0.0219    -0.10  0    cut
 665  sn2005cf      Ia-norm    0.8353   1.92   0.4943   0.0246   -10.20  0    cut
 666  sn2001cp      Ia-norm    0.6959   1.92   0.3105   0.0189    -6.80  0    cut
 667  sn2005hj      Ia-91T     0.6525   1.92   1.0870   0.0134    -5.20  0    cut
 668  sn2006gz      Ia-pec     0.7405   1.92   0.3175   0.0176   -11.30  0    cut
 669  sn1998dx      Ia-norm    0.6999   1.92   0.4757   0.0172     1.10  0    cut
 670  sn2006cz      Ia-91T     0.7446   1.92   0.4822   0.0271    -2.00  0    cut
 671  sn2000fa      Ia-norm    0.7013   1.92   0.4716   0.0120     2.20  0    cut
 672  sn1998es      Ia-91T     0.7365   1.91   0.3072   0.0193    -4.40  0    cut
 673  sn1999aa      Ia-91T     0.7216   1.91   1.0836   0.0348    -5.00  0    cut
 674  sn2008ar      Ia-norm    0.7446   1.91   0.5194   0.0339    -7.50  0    cut
 675  lbv2003hy     LBV        0.6959   1.91   0.8662   0.0086   -99.90  2    cut
 676  sn2000cx      Ia-pec     0.6403   1.91   0.3133   0.0253    -0.30  0    cut
 677  sn2000cx      Ia-pec     0.6525   1.91   1.1074   0.0155    -2.30  0    cut
 678  sn2007A       Ia-norm    0.7378   1.91   0.4650   0.0178    -2.40  0    cut
 679  sn1998es      Ia-91T     0.6931   1.90   0.3156   0.0250   -11.40  0    cut
 680  sn2007F       Ia-norm    0.7392   1.90   0.4687   0.0189    -1.80  0    cut
 681  sn2003kc      Ia-norm    0.6959   1.90   0.4759   0.0177    -0.90  0    cut
 682  sn1999dq      Ia-91T     0.6918   1.90   0.3101   0.0208    -4.50  0    cut
 683  sn2002aw      Ia-norm    0.6972   1.90   0.4646   0.0154    -0.90  0    cut
 684  sn1998es      Ia-91T     0.7324   1.89   0.3074   0.0186    -3.40  0    cut
 685  sn2005cf      Ia-norm    0.7446   1.89   0.4680   0.0206    -2.30  0    cut
 686  sn2000dg      Ia-norm    0.6986   1.89   0.4658   0.0159    -0.80  0    cut
 687  sn2002er      Ia-norm    0.8570   1.89   0.4780   0.0222    -5.00  0    cut
 688  sn1998es      Ia-91T     0.7365   1.89   0.4653   0.0182     1.50  0    cut
 689  sn1997br      Ia-91T     0.6458   1.89   1.0956   0.0141    -6.60  0    cut
 690  sn1999cl      Ia-norm    0.6986   1.89   1.0895   0.0223    -8.30  0    cut
 691  sn2003du      Ia-norm    0.6945   1.89   0.4671   0.0173    -8.90  0    cut
 692  sn2001ep      Ia-norm    0.6986   1.89   0.4714   0.0168    -7.00  0    cut
 693  sn1990K       IIL        0.6255   1.88   0.4213   0.0121    76.30  1    cut
 694  sn1999dq      Ia-91T     0.6959   1.88   0.3135   0.0236   -10.40  0    cut
 695  sn2005el      Ia-norm    0.7392   1.88   0.4670   0.0192    -4.80  0    cut
 696  sn2003cq      Ia-norm    0.6999   1.88   0.4711   0.0150    -1.80  0    cut
 697  sn1999aa      Ia-91T     0.6972   1.88   0.3068   0.0211    -0.20  0    cut
 698  sn2006cm      Ia-norm    0.7392   1.87   0.3154   0.0393    -1.90  0    cut
 699  sn2001V       Ia-91T     0.6918   1.87   0.3153   0.0224   -10.20  0    cut
 700  sn1999dq      Ia-91T     0.6918   1.87   0.3096   0.0219    -3.50  0    cut
 701  sn2006cp      Ia-norm    0.7419   1.87   0.4902   0.0255    -6.30  0    cut
 702  sn1990N       Ia-norm    0.8664   1.87   0.5082   0.0258   -14.20  0    cut
 703  sn2000E       Ia-norm    0.7121   1.87   0.3099   0.0241    -3.40  0    cut
 704  sn2001fe      Ia-norm    0.6986   1.87   0.3111   0.0215    -1.70  0    cut
 705  sn2000dg      Ia-norm    0.6945   1.87   0.4658   0.0142     0.20  0    cut
 706  sn2007au      Ia-norm    0.7405   1.86   0.4682   0.0180    -4.70  0    cut
 707  sn2008ar      Ia-norm    0.7432   1.86   0.5086   0.0368    -6.60  0    cut
 708  sn2007S       Ia-91T     0.7405   1.86   0.3095   0.0218    -4.70  0    cut
 709  sn1999cp      Ia-norm    0.7500   1.86   0.4751   0.0241   -11.90  0    cut
 710  sn2008A       Ia-pec     0.7459   1.86   0.2983   0.0272    -1.00  0    cut
 711  sn2004dj      IIP        0.5903   1.86   0.4573   0.0068    46.80  1    cut
 712  sn1997cy      IIn        0.8854   1.86   0.5018   0.0113    29.40  1    cut
 713  sn2004et      IIP        0.7405   1.86   0.4171   0.0241    -0.90  0    cut
 714  sn2006le      Ia-norm    0.7419   1.85   0.5075   0.0340    -7.80  0    cut
 715  sn2000cx      Ia-pec     0.6173   1.85   0.3163   0.0266    -1.30  0    cut
 716  sn2002bo      Ia-norm    0.8380   1.85   0.5032   0.0223   -12.40  0    cut
 717  sn2004dj      IIP        0.5889   1.85   0.4569   0.0068    51.90  1    cut
 718  sn2001cp      Ia-norm    0.6986   1.85   0.4676   0.0148    -1.10  0    cut
 719  sn1998ef      Ia-norm    0.6823   1.85   0.4749   0.0172     1.30  0    cut
 720  sn2007ae      Ia-norm    0.7527   1.85   0.4784   0.0246     2.30  0    cut
 721  sn2007au      Ia-norm    0.7419   1.84   0.4707   0.0179    -5.60  0    cut
 722  sn2002dj      Ia-norm    0.8069   1.84   0.5000   0.0232   -11.40  0    cut
 723  sn1999dq      Ia-91T     0.8218   1.84   1.0985   0.0234    -9.40  0    cut
 724  sn2008D       Ib-pec     0.8515   1.84   0.8456   0.0330   -12.50  0    cut
 725  sn2007Y       Ib-norm    0.6945   1.84   1.0497   0.0177    -9.00  0    cut
 726  sn2003W       Ia-norm    0.6918   1.84   0.4997   0.0232    -5.30  0    cut
 727  sn2002ef      Ia-norm    0.6986   1.84   0.4700   0.0145    -2.90  0    cut
 728  sn2006lf      Ia-norm    0.6837   1.84   0.4668   0.0139    -7.50  0    cut
 729  sn2003kc      Ia-norm    0.7013   1.84   0.4804   0.0186    -5.70  0    cut
 730  sn2007hj      Ia-norm    0.7419   1.84   0.4679   0.0183    -1.50  0    cut
 731  sn2007Y       Ib-norm    0.8191   1.84   1.0467   0.0188    -2.00  0    cut
 732  sn2006cf      Ia-norm    0.7405   1.84   0.4678   0.0234     1.80  0    cut
 733  sn1997ef      Ic-broad   0.6972   1.84   0.1690   0.0538    -9.10  0    cut
 734  sn1999aw      Ia-91T     0.8109   1.84   0.4818   0.0229     0.00  0    cut
 735  sn2005cc      Ia-pec     0.7459   1.83   1.0187   0.0217     2.60  0    cut
 736  sn2008ae      Ia-pec     0.7500   1.83   0.2946   0.0281     1.90  0    cut
 737  sn2005hk      Ia-pec     0.7459   1.83   0.2920   0.0201    -1.40  0    cut
 738  sn2002hu      Ia-91T     0.6959   1.83   0.3092   0.0285    -5.30  0    cut
 739  sn2004dj      IIP        0.5916   1.83   0.4576   0.0068    50.00  1    cut
 740  sn2008Z       Ia-norm    0.7446   1.83   0.3154   0.0223    -5.30  0    cut
 741  sn2005cf      Ia-norm    0.7175   1.83   1.0823   0.0172    -8.70  0    cut
 742  sn2007ci      Ia-norm    0.7405   1.83   0.4694   0.0179    -5.10  0    cut
 743  sn1990aa      Ic-norm    0.6796   1.83   0.4800   0.0234    61.50  1    cut
 744  sn2002fb      Ia-91bg    0.6972   1.83   0.3142   0.0234    -4.50  0    cut
 745  sn2005mz      Ia-91bg    0.7432   1.83   0.4656   0.0165    -7.50  0    cut
 746  sn1998ec      Ia-norm    0.6959   1.83   0.4796   0.0187    -3.00  0    cut
 747  sn2005eq      Ia-91T     0.7432   1.83   0.3077   0.0183    -5.40  0    cut
 748  sn2005cf      Ia-norm    0.7473   1.83   0.4690   0.0223    -3.40  0    cut
 749  sn1999cc      Ia-norm    0.6986   1.82   0.4719   0.0169    -3.20  0    cut
 750  sn2000fa      Ia-norm    0.7080   1.82   0.4954   0.0254   -10.40  0    cut
 751  sn2006ot      Ia-norm    0.7487   1.82   0.4858   0.0746    -0.40  0    cut
 752  sn2002fb      Ia-91bg    0.6959   1.82   0.3144   0.0257    -2.70  0    cut
 753  sn2006gr      Ia-norm    0.7514   1.82   0.4884   0.0345    -2.10  0    cut
 754  sn1998S       IIn        0.6904   1.81   0.3031   0.0180   -13.10  0    cut
 755  sn2001cp      Ia-norm    0.6945   1.81   0.4712   0.0162    -3.90  0    cut
 756  sn2006cp      Ia-norm    0.7392   1.81   0.4982   0.0330    -8.40  0    cut
 757  sn1995F       Ic-norm    0.8055   1.81   0.7359   0.0214     0.20  1    cut
 758  sn1990O       Ia-norm    0.8854   1.81   0.4820   0.0224    -5.60  0    cut
 759  sn2001V       Ia-91T     0.6931   1.81   0.3129   0.0214    -9.30  0    cut
 760  sn1991A       Ic-norm    0.6119   1.81   1.0275   0.0269    10.90  1    cut
 761  sn2004at      Ia-norm    0.6999   1.80   0.4693   0.0160    -3.60  0    cut
 762  sn2006cz      Ia-91T     0.7405   1.80   0.4796   0.0259    -1.00  0    cut
 763  sn2001N       Ia-norm    0.6945   1.80   1.0765   0.0244     2.60  0    cut
 764  sn2004dj      IIP        0.5916   1.80   0.4574   0.0067    48.00  1    cut
 765  sn2007co      Ia-norm    0.7459   1.80   0.4797   0.0234    -3.10  0    cut
 766  sn1999aa      Ia-91T     0.7717   1.80   1.0981   0.0150    -9.40  0    cut
 767  sn1998es      Ia-91T     0.7703   1.80   0.3086   0.0194    -8.40  0    cut
 768  sn2007ax      Ia-91bg    0.6945   1.79   1.0473   0.0289     1.10  0    cut
 769  sn2004as      Ia-norm    0.6986   1.79   0.4737   0.0182    -1.00  0    cut
 770  sn1999by      Ia-91bg    0.7757   1.79   1.0661   0.0260    -3.00  0    cut
 771  sn1995bd      Ia-91T     0.7053   1.79   0.3140   0.0250    -7.10  0    cut
 772  sn2006S       Ia-norm    0.7419   1.79   0.4877   0.0355    -4.60  0    cut
 773  sn2006le      Ia-norm    0.7365   1.79   0.5064   0.0390    -6.80  0    cut
 774  sn2007bd      Ia-norm    0.7473   1.79   0.4820   0.0243    -8.10  0    cut
 775  sn2004as      Ia-norm    0.6972   1.79   0.4722   0.0178    -0.10  0    cut
 776  sn2007bd      Ia-norm    0.7446   1.78   0.4804   0.0250    -4.20  0    cut
 777  sn1999cp      Ia-norm    0.7080   1.78   0.4822   0.0238   -13.80  0    cut
 778  sn1991ar      Ib-norm    0.6309   1.78   0.3098   0.0250    27.40  1    cut
 779  sn1995F       Ic-norm    0.8691   1.78   0.7359   0.0190    35.70  1    cut
 780  sn1987A       II-pec     0.6796   1.78   0.9983   0.0262   -17.00  0    cut
 781  sn1998es      Ia-91T     0.7338   1.78   0.4654   0.0202     0.50  0    cut
 782  sn1987A       II-pec     0.5740   1.78   0.2870   0.0621    -8.70  0    cut
 783  sn2002eu      Ia-norm    0.6986   1.78   0.4640   0.0146     1.10  0    cut
 784  sn2000cp      Ia-norm    0.6986   1.78   0.4653   0.0187    -1.50  0    cut
 785  sn2007hj      Ia-norm    0.7405   1.78   0.4667   0.0187    -0.60  0    cut
 786  sn2008Z       Ia-norm    0.7432   1.78   0.3161   0.0214    -8.20  0    cut
 787  sn2001V       Ia-91T     0.6945   1.78   0.3105   0.0212    -3.30  0    cut
 788  sn2005cf      Ia-norm    0.8272   1.77   0.4713   0.0236    -2.70  0    cut
 789  sn1995F       Ic-norm    0.7026   1.77   0.5815   0.0228     1.90  1    cut
 790  sn2002cu      Ia-norm    0.6959   1.77   0.4867   0.0230    -8.20  0    cut
 791  sn1990O       Ia-norm    0.8854   1.77   0.4834   0.0237    -6.60  0    cut
 792  sn2000cx      Ia-pec     0.6904   1.77   1.0998   0.0173    -0.40  0    cut
 793  sn2003cq      Ia-norm    0.6999   1.77   0.4726   0.0187    -0.90  0    cut
 794  sn1997dq      Ic-broad   0.6999   1.77   1.0267   0.0227     0.00  1    cut
 795  sn1998S       IIn        0.6810   1.77   0.3854   0.0103     1.80  0    cut
 796  sn1998eg      Ia-norm    0.6877   1.77   0.4650   0.0158    -0.80  0    cut
 797  sn2001da      Ia-norm    0.6972   1.77   0.4688   0.0150     1.90  0    cut
 798  sn1983V       Ic-norm    0.7175   1.77   0.1774   0.0400    -9.00  0    cut
 799  sn2004as      Ia-norm    0.6999   1.77   0.4742   0.0173    -2.00  0    cut
 800  sn1999ee      Ia-norm    0.8854   1.76   0.5042   0.0269    -9.10  0    cut
 801  sn2001V       Ia-91T     0.6959   1.76   0.3108   0.0213    -5.40  0    cut
 802  sn1990K       IIL        0.6227   1.76   0.3278   0.0163   147.00  1    cut
 803  sn2005cf      Ia-norm    0.8353   1.76   0.4697   0.0235    -1.50  0    cut
 804  sn2006oa      Ia-91T     0.7514   1.76   0.3085   0.0166    -4.70  0    cut
 805  sn1999ee      Ia-norm    0.8421   1.76   0.4771   0.0236    -0.20  0    cut
 806  sn2005bl      Ia-91bg    0.7148   1.76   1.0767   0.0267    -5.90  0    cut
 807  sn2005hj      Ia-91T     0.6607   1.76   1.0826   0.0151    -4.30  0    cut
 808  sn1991A       Ic-norm    0.6119   1.75   0.4766   0.0199    65.10  1    cut
 809  sn1983V       Ic-norm    0.6783   1.75   1.1026   0.0164    -7.00  0    cut
 810  sn2005cf      Ia-norm    0.7459   1.75   0.4711   0.0268    -5.40  0    cut
 811  sn1995F       Ic-norm    0.8069   1.75   0.4736   0.0253    56.90  1    cut
 812  sn1994ae      Ia-norm    0.7013   1.75   0.4700   0.0234     2.00  0    cut
 813  sn2008ar      Ia-norm    0.7473   1.75   0.4690   0.0246     1.20  0    cut
 814  sn2005cf      Ia-norm    0.8191   1.75   0.4726   0.0240    -3.80  0    cut
 815  sn2002hw      Ia-norm    0.6972   1.74   0.4667   0.0162    -6.00  0    cut
 816  sn2001da      Ia-norm    0.8800   1.74   0.4756   0.0226    -1.00  0    cut
 817  sn1995F       Ic-norm    0.7026   1.74   0.5817   0.0245     4.00  1    cut
 818  sn1996cb      IIb        0.7026   1.74   0.4153   0.0127    -2.10  0    cut
 819  sn2000cx      Ia-pec     0.6931   1.74   1.0997   0.0165    -1.30  0    cut
 820  sn2005hk      Ia-pec     0.4495   1.74   0.4426   0.0211    -3.40  0    cut
 821  sn2001V       Ia-91T     0.6972   1.74   0.3123   0.0215    -7.40  0    cut
 822  sn1990O       Ia-norm    0.8854   1.73   0.4856   0.0253    -7.60  0    cut
 823  sn1991A       Ic-norm    0.6241   1.73   0.4727   0.0206    47.50  1    cut
 824  sn2007co      Ia-norm    0.7487   1.73   0.4864   0.0257    -5.10  0    cut
 825  sn2007le      Ia-norm    0.7487   1.73   0.4848   0.0279    -7.40  0    cut
 826  sn1997dd      IIb        0.6972   1.73   0.5676   0.0179     3.60  1    cut
 827  sn2006gz      Ia-pec     0.6255   1.73   0.3295   0.0275   -13.30  0    cut
 828  sn1998S       IIn        0.6810   1.72   0.3849   0.0100     0.90  0    cut
 829  sn2006cp      Ia-norm    0.7419   1.72   0.5019   0.0806    -9.30  0    cut
 830  sn2002fb      Ia-91bg    0.6959   1.72   0.3125   0.0313     0.30  0    cut
 831  sn2006aj      Ic-broad   0.8312   1.72   1.1577   0.0225    -2.40  0    cut
 832  sn1999ee      Ia-norm    0.8434   1.72   0.4727   0.0237     1.80  0    cut
 833  sn2007ax      Ia-91bg    0.6931   1.72   1.0438   0.0324     2.00  0    cut
 834  sn1999dq      Ia-91T     0.6959   1.72   1.0884   0.0178     0.40  0    cut
 835  sn2008A       Ia-pec     0.7446   1.72   0.2980   0.0293     0.00  0    cut
 836  sn2001cp      Ia-norm    0.6999   1.71   0.3110   0.0220    -4.90  0    cut
 837  sn1999di      Ib-norm    0.5375   1.71   0.3223   0.0196    30.50  1    cut
 838  mstar         M-star     0.7730   1.71   0.7267   0.0085    10.00  2    cut
 839  sn2005cs      IIP        0.7392   1.71   0.4015   0.0154     0.10  0    cut
 840  sn1999aw      Ia-91T     0.6065   1.71   0.4703   0.0195    -1.00  0    cut
 841  sn2002he      Ia-norm    0.6918   1.71   0.4797   0.0178    -8.10  0    cut
 842  lbv2003hy     LBV        0.6945   1.71   0.8684   0.0149   -99.90  2    cut
 843  sn2006az      Ia-norm    0.7392   1.71   0.4615   0.0196    -1.00  0    cut
 844  sn2005cf      Ia-norm    0.7459   1.71   0.4699   0.0265    -4.40  0    cut
 845  sn2001fh      Ia-norm    0.6945   1.71   1.0824   0.0140    -2.60  0    cut
 846  sn1993J       IIb        0.7906   1.71   0.4453   0.0267    -5.00  0    cut
 847  sn2005hk      Ia-pec     0.4522   1.71   0.4432   0.0190    -4.20  0    cut
 848  sn2003U       Ia-norm    0.6972   1.70   0.4705   0.0193    -5.60  0    cut
 849  sn2003W       Ia-norm    0.6972   1.70   0.4915   0.0229    -2.30  0    cut
 850  sn1999ac      Ia-91T     0.6999   1.70   1.0673   0.0221    -0.90  0    cut
 851  sn1999dq      Ia-91T     0.6959   1.70   1.0890   0.0185     1.40  0    cut
 852  sn2005A       Ia-norm    0.7392   1.70   0.4914   0.0306    -1.30  0    cut
 853  sn1995E       Ia-norm    0.6593   1.70   0.4843   0.0274    -2.90  0    cut
 854  sn1993J       IIb        0.5848   1.70   0.1747   0.0376   -10.50  0    cut
 855  sn2001V       Ia-91T     0.6945   1.70   0.3115   0.0225    -6.40  0    cut
 856  sn1991A       Ic-norm    0.4833   1.70   0.3649   0.0164   128.30  1    cut
 857  sn2002ap      Ic-broad   0.6945   1.70   0.1555   0.0366    -1.40  0    cut
 858  sn2007co      Ia-norm    0.7459   1.70   0.4828   0.0263    -4.10  0    cut
 859  sn2001fh      Ia-norm    0.6959   1.69   1.0801   0.0155    -3.60  0    cut
 860  sn1998es      Ia-91T     0.7365   1.69   0.3072   0.0210    -2.40  0    cut
 861  sn2006lf      Ia-norm    0.6823   1.69   0.4661   0.0161    -5.50  0    cut
 862  sn2001ah      Ia-91T     0.6972   1.69   0.3023   0.0224    -8.70  0    cut
 863  sn2005cf      Ia-norm    0.8353   1.69   0.4937   0.0267    -9.20  0    cut
 864  sn2005hk      Ia-pec     0.8339   1.69   0.2925   0.0212    -8.30  0    cut
 865  sn2007S       Ia-91T     0.7378   1.69   0.3077   0.0235    -2.70  0    cut
 866  sn2006kf      Ia-norm    0.7446   1.69   0.4698   0.0211    -5.20  0    cut
 867  sn2006et      Ia-norm    0.7473   1.69   0.4658   0.0225     2.40  0    cut
 868  sn2002dl      Ia-91bg    0.7040   1.69   0.4657   0.0165    -8.40  0    cut
 869  sn2006cj      Ia-norm    0.7473   1.68   0.4824   0.0243    -0.20  0    cut
 870  sn1992A       Ia-norm    0.8015   1.68   0.4801   0.0250     2.00  0    cut
 871  sn1992A       Ia-norm    0.8001   1.68   0.4956   0.0459    -5.40  0    cut
 872  sn2003cq      Ia-norm    0.6999   1.68   0.4684   0.0175     2.00  0    cut
 873  sn1997ef      Ic-broad   0.6972   1.68   0.2011   0.0231   -13.90  0    cut
 874  sn2008Z       Ia-norm    0.7405   1.67   0.3187   0.0220    -9.20  0    cut
 875  sn2007le      Ia-norm    0.7473   1.67   0.4830   0.0275    -6.40  0    cut
 876  sn2004ef      Ia-norm    0.7514   1.67   0.4720   0.0224     2.50  0    cut
 877  sn1994ae      Ia-norm    0.7026   1.67   0.4707   0.0253     0.90  0    cut
 878  sn2000E       Ia-norm    0.7107   1.67   0.4690   0.0147    -2.30  0    cut
 879  sn2002de      Ia-norm    0.7013   1.67   0.3093   0.0260    -6.10  0    cut
 880  sn2007S       Ia-91T     0.7419   1.67   0.3077   0.0221    -3.70  0    cut
 881  sn2006bz      Ia-91bg    0.6769   1.67   0.3212   0.0433    -1.40  0    cut
 882  sn2007bd      Ia-norm    0.7459   1.66   0.4908   0.0280    -9.00  0    cut
 883  kcSa          Gal        0.8854   1.66   1.0274   0.0103   -99.90  2    cut
 884  sn1994ae      Ia-norm    0.7013   1.66   0.4714   0.0280     0.00  0    cut
 885  sn2004ef      Ia-norm    0.7378   1.66   0.4899   0.0704    -5.20  0    cut
 886  sn2003du      Ia-norm    0.8583   1.66   0.4687   0.0268    -6.10  0    cut
 887  sn1996cb      IIb        0.6931   1.65   0.4151   0.0149     0.90  0    cut
 888  sn2004aw      Ic-norm    0.7026   1.65   1.0802   0.0250     2.60  0    cut
 889  sn1999dq      Ia-91T     0.6959   1.65   1.0884   0.0192     2.40  0    cut
 890  sn1999ac      Ia-91T     0.6999   1.65   1.0705   0.0232    -2.90  0    cut
 891  sn1995F       Ic-norm    0.6607   1.65   0.4735   0.0163    11.00  1    cut
 892  sn1997ef      Ic-broad   0.6945   1.65   0.1607   0.0467    -6.10  0    cut
 893  sn2003W       Ia-norm    0.6959   1.64   0.5065   0.0262    -6.30  0    cut
 894  sn2006S       Ia-norm    0.7432   1.64   0.4715   0.0282     0.20  0    cut
 895  sn2004ef      Ia-norm    0.7324   1.64   0.4951   0.0380    -6.20  0    cut
 896  sn1999ex      Ib-norm    0.8542   1.64   1.0591   0.0212     0.40  0    cut
 897  mstar         M-star     0.7717   1.64   0.4346   0.0261     6.00  2    cut
 898  sn1991T       Ia-91T     0.8691   1.64   0.3950   0.0205   -12.80  0    cut
 899  sn2008ar      Ia-norm    0.7459   1.63   0.4959   0.0403    -4.60  0    cut
 900  sn1997ei      Ic-norm    0.7297   1.63   1.0277   0.0261    10.90  1    cut
 901  sn2004et      IIP        0.7365   1.63   0.4155   0.0239    -2.90  0    cut
 902  sn2006S       Ia-norm    0.7378   1.63   0.4710   0.0270     1.20  0    cut
 903  sn2003Y       Ia-91bg    0.6972   1.63   0.9263   0.0155    -3.40  0    cut
 904  sn2001da      Ia-norm    0.6986   1.63   0.4699   0.0161     0.00  0    cut
 905  sn1997br      Ia-91T     0.7026   1.63   0.3109   0.0231    -7.00  0    cut
 906  sn1995F       Ic-norm    0.8069   1.63   0.4684   0.0251    35.80  1    cut
 907  sn2003ic      Ia-norm    0.6999   1.62   0.4905   0.0215    -4.10  0    cut
 908  sn2003fa      Ia-91T     0.6106   1.62   0.3115   0.0258    -5.60  0    cut
 909  sn1999cl      Ia-norm    0.7189   1.62   0.4764   0.0228     0.70  0    cut
 910  sn2001N       Ia-norm    0.6972   1.62   1.0863   0.0242     0.70  0    cut
 911  sn1990K       IIL        0.6444   1.62   0.3034   0.0165   174.70  1    cut
 912  sn1990K       IIL        0.6065   1.62   0.3117   0.0191    53.30  1    cut
 913  sn1998es      Ia-91T     0.7365   1.62   0.4650   0.0263    -0.50  0    cut
 914  sn1993J       IIb        0.7784   1.62   1.1166   0.0210   -16.70  0    cut
 915  sn2001ah      Ia-91T     0.6999   1.62   0.3069   0.0461    -9.70  0    cut
 916  sn2004ef      Ia-norm    0.7473   1.62   0.4730   0.0237     1.50  0    cut
 917  sn1997br      Ia-91T     0.7121   1.62   0.8065   0.0236    -7.60  0    cut
 918  sn2005bc      Ia-norm    0.6918   1.61   0.4651   0.0190    -5.00  0    cut
 919  sn2006gr      Ia-norm    0.7459   1.61   0.4885   0.0305    -1.10  0    cut
 920  sn1999ee      Ia-norm    0.8434   1.61   0.4964   0.0298    -7.20  0    cut
 921  sn2007S       Ia-91T     0.7432   1.61   0.4661   0.0249    -0.70  0    cut
 922  sn1991T       Ia-91T     0.7757   1.61   1.0892   0.0273    -6.70  0    cut
 923  sn2006cp      Ia-norm    0.7392   1.61   0.5058   0.0452   -10.30  0    cut
 924  sn1998es      Ia-91T     0.7839   1.61   0.3075   0.0215    -7.30  0    cut
 925  sn1999gi      IIP        0.6877   1.61   1.0324   0.0216    -7.00  0    cut
 926  sn2002cu      Ia-norm    0.6972   1.60   0.4855   0.0253    -6.30  0    cut
 927  sn2006cc      Ia-norm    0.7446   1.60   0.4836   0.0481    -9.70  0    cut
 928  sn1998S       IIn        0.7987   1.60   0.3544   0.0284    -1.50  0    cut
 929  sn2006S       Ia-norm    0.7432   1.60   0.4720   0.0296    -0.70  0    cut
 930  sn2005M       Ia-91T     0.7392   1.60   0.4579   0.0308     0.20  0    cut
 931  sn1997br      Ia-91T     0.7107   1.60   0.8158   0.0240    -9.60  0    cut
 932  sn2005eq      Ia-91T     0.7432   1.59   0.4670   0.0302     0.40  0    cut
 933  sn2004dj      IIP        0.5686   1.59   0.4581   0.0067    36.00  1    cut
 934  sn1998es      Ia-91T     0.6959   1.59   0.7416   0.0541    -9.40  0    cut
 935  sn2006aj      Ic-broad   0.7121   1.59   0.1832   0.0444    -3.30  0    cut
 936  lbv2003hy     LBV        0.6945   1.59   0.3448   0.0054   -99.90  2    cut
 937  sn2002es      Ia-91bg    0.6972   1.59   0.4432   0.0140     2.10  0    cut
 938  sn2007if      Ia-pec     0.8854   1.58   1.0243   0.0129    -9.20  0    cut
 939  sn1999dn      Ib-norm    0.7283   1.58   0.5802   0.0260     0.00  1    cut
 940  sn1997dd      IIb        0.7879   1.58   0.4424   0.0297     0.00  1    cut
 941  sn1998ef      Ia-norm    0.6810   1.58   0.4787   0.0195    -3.60  0    cut
 942  sn2003cq      Ia-norm    0.6986   1.58   0.4779   0.0124    -5.80  0    cut
 943  sn1998ef      Ia-norm    0.6823   1.58   0.4792   0.0198    -4.50  0    cut
 944  sn2006lf      Ia-norm    0.6850   1.58   1.0838   0.0097    -8.40  0    cut
 945  sn2004ef      Ia-norm    0.7487   1.57   0.5031   0.0383    -8.10  0    cut
 946  sn1997ef      Ic-broad   0.6999   1.57   0.1595   0.0447    -5.10  0    cut
 947  sn2008D       Ib-pec     0.8637   1.57   1.1239   0.0142   -16.40  0    cut
 948  sn2000cp      Ia-norm    0.6986   1.57   0.4691   0.0213    -0.50  0    cut
 949  sn1987A       II-pec     0.6783   1.57   0.5511   0.0129    -2.00  0    cut
 950  sn2000cp      Ia-norm    0.6986   1.57   0.4704   0.0201    -2.50  0    cut
 951  sn2001V       Ia-91T     0.6931   1.57   1.1094   0.0175   -11.20  0    cut
 952  sn2006cp      Ia-norm    0.7405   1.57   0.5072   0.1010   -11.20  0    cut
 953  sn1995bd      Ia-91T     0.7026   1.57   0.3240   0.0260   -12.00  0    cut
 954  sn2004ef      Ia-norm    0.7473   1.57   0.4766   0.0266     0.60  0    cut
 955  sn1998dt      Ib-norm    0.6986   1.57   0.5894   0.0241     0.90  0    cut
 956  sn1997br      Ia-91T     0.6986   1.56   0.3112   0.0242    -8.00  0    cut
 957  sn2002hu      Ia-91T     0.7013   1.56   0.4640   0.0171    -0.70  0    cut
 958  sn2008ae      Ia-pec     0.7473   1.56   0.3008   0.0329     0.90  0    cut
 959  sn1997dq      Ic-broad   0.8042   1.56   1.0355   0.0248    27.90  1    cut
 960  sn2005cf      Ia-norm    0.8353   1.56   0.4914   0.0276    -8.20  0    cut
 961  sn2004as      Ia-norm    0.6972   1.55   0.4768   0.0201    -2.90  0    cut
 962  sn2005cs      IIP        0.7432   1.55   0.4003   0.0245     1.00  0    cut
 963  sn2007le      Ia-norm    0.7446   1.55   0.4902   0.0315    -8.40  0    cut
 964  sn2004S       Ia-norm    0.8854   1.55   0.4719   0.0242     1.60  0    cut
 965  sn2005hk      Ia-pec     0.7568   1.55   1.0698   0.0286    -6.30  0    cut
 966  sn1999ac      Ia-91T     0.6999   1.55   1.0720   0.0239    -3.90  0    cut
 967  sn2004ef      Ia-norm    0.7473   1.54   0.4794   0.0311    -0.40  0    cut
 968  sn2008Z       Ia-norm    0.7459   1.54   0.4692   0.0210    -4.30  0    cut
 969  sn2005eq      Ia-91T     0.7432   1.54   0.4662   0.0278     1.30  0    cut
 970  sn1997cy      IIn        0.8353   1.54   0.3483   0.0277     0.00  1    cut
 971  sn1997ei      Ic-norm    0.5713   1.54   1.0235   0.0301     0.00  1    cut
 972  sn2004at      Ia-norm    0.6945   1.54   0.4697   0.0166    -4.70  0    cut
 973  sn1988L       Ib-norm    0.5984   1.54   0.3015   0.0326    47.70  1    cut
 974  sn2005cf      Ia-norm    0.8326   1.53   0.4875   0.0283    -7.30  0    cut
 975  sn2004et      IIP        0.7365   1.53   0.4145   0.0261    -1.90  0    cut
 976  mstar         M-star     0.7730   1.53   0.5234   0.0074     8.00  2    cut
 977  sn1997br      Ia-91T     0.7405   1.53   0.3105   0.0161    -4.60  0    cut
 978  lbv2003hy     LBV        0.6999   1.53   0.9990   0.0084   -99.90  2    cut
 979  sn2002cu      Ia-norm    0.6959   1.53   0.4776   0.0237    -3.30  0    cut
 980  sn2005eq      Ia-91T     0.7446   1.53   0.3051   0.0218    -3.50  0    cut
 981  sn2004as      Ia-norm    0.6972   1.53   0.4818   0.0228    -7.80  0    cut
 982  sn1995E       Ia-norm    0.6945   1.52   0.4730   0.0283     1.00  0    cut
 983  sn1987A       II-pec     0.5767   1.52   0.2886   0.0699    -4.70  0    cut
 984  sn2001V       Ia-91T     0.6959   1.52   1.1126   0.0219   -13.20  0    cut
 985  sn2004at      Ia-norm    0.6986   1.52   0.4713   0.0180    -6.60  0    cut
 986  sn1991T       Ia-91T     0.8380   1.52   0.8262   0.0267   -11.70  0    cut
 987  sn1997dq      Ic-broad   0.7026   1.52   1.0303   0.0247    21.90  1    cut
 988  sn1992A       Ia-norm    0.8001   1.52   0.4852   0.0286    -0.80  0    cut
 989  sn2001V       Ia-91T     0.7744   1.52   0.4880   0.0318   -12.30  0    cut
 990  sn1999dq      Ia-91T     0.6945   1.51   1.0952   0.0236    -5.50  0    cut
 991  sn2005bf      Ib-pec     0.6065   1.51   0.1420   0.0258    -0.90  0    cut
 992  sn2004at      Ia-norm    0.6972   1.51   0.4721   0.0183    -7.40  0    cut
 993  sn1991T       Ia-91T     0.7757   1.51   0.8168   0.0259    -8.70  0    cut
 994  sn2002ap      Ic-broad   0.6959   1.51   0.1541   0.0368    -0.40  0    cut
 995  sn2008D       Ib-pec     0.7893   1.50   0.7976   0.0482   -13.40  0    cut
 996  sn1990K       IIL        0.5659   1.50   0.1598   0.0158   201.60  1    cut
 997  sn1997ef      Ic-broad   0.8407   1.50   0.4781   0.0366    -5.00  0    cut
 998  sn2005M       Ia-91T     0.7405   1.50   0.4581   0.0319    -1.70  0    cut
 999  sn1998dt      Ib-norm    0.6999   1.49   0.5907   0.0233     0.00  0    cut
1000  sn2006gz      Ia-pec     0.7080   1.49   1.1017   0.0178   -12.30  0    cut
1001  sn2001da      Ia-norm    0.6972   1.49   0.4727   0.0182    -2.00  0    cut
1002  sn2004as      Ia-norm    0.6999   1.49   0.4771   0.0209    -3.90  0    cut
1003  sn2007if      Ia-pec     0.6634   1.49   0.3051   0.0319    -6.60  0    cut
1004  sn2002aw      Ia-norm    0.6972   1.49   0.4665   0.0184    -1.90  0    cut
1005  sn1991N       Ic-norm    0.8461   1.48   0.5574   0.0153    27.90  1    cut
1006  sn1993J       IIb        0.7771   1.48   0.4044   0.0301   -15.70  0    cut
1007  sn1995E       Ia-norm    0.6864   1.48   0.4729   0.0288    -0.90  0    cut
1008  sn1999dn      Ib-norm    0.6485   1.48   0.5701   0.0252    27.70  1    cut
1009  sn1999by      Ia-91bg    0.6999   1.47   1.0628   0.0295    -4.10  0    cut
1010  sn2006aj      Ic-broad   0.8299   1.47   0.4867   0.0336    -5.30  0    cut
1011  sn1989B       Ia-norm    0.6498   1.47   0.4694   0.0259     2.60  0    cut
1012  mstar         M-star     0.7744   1.47   1.0314   0.0114     2.00  2    cut
1013  sn1997dq      Ic-broad   0.7026   1.46   1.0296   0.0276    26.90  1    cut
1014  sn2001eh      Ia-91T     0.8380   1.46   1.0930   0.0296    -4.90  0    cut
1015  sn1995bd      Ia-91T     0.7040   1.46   0.3136   0.0292    -9.10  0    cut
1016  sn1997dq      Ic-broad   0.6999   1.46   1.0295   0.0259    14.90  1    cut
1017  sn1991T       Ia-91T     0.7757   1.46   0.3089   0.0207    -7.70  0    cut
1018  sn1986G       Ia-91bg    0.5916   1.46   0.3330   0.0344     0.30  0    cut
1019  sn2005mc      Ia-norm    0.7378   1.45   0.4764   0.0244    -2.20  0    cut
1020  sn1997dq      Ic-broad   0.6999   1.45   1.0316   0.0265    17.90  1    cut
1021  sn1995bd      Ia-91T     0.7053   1.45   1.1351   0.0118   -10.10  0    cut
1022  mstar         M-star     0.7730   1.45   0.4198   0.0223     7.00  2    cut
1023  sn2007qe      Ia-norm    0.7432   1.45   0.5121   0.0465    -9.40  0    cut
1024  sn2005cf      Ia-norm    0.8353   1.45   0.4833   0.0293    -6.30  0    cut
1025  sn2005M       Ia-91T     0.7392   1.45   0.4585   0.0318    -2.70  0    cut
1026  sn2000cn      Ia-91bg    0.6972   1.45   0.4743   0.0192    -7.30  0    cut
1027  mstar         M-star     0.7730   1.44   0.4445   0.0264     5.00  2    cut
1028  sn2008D       Ib-pec     0.7053   1.44   0.8250   0.0578   -12.40  0    cut
1029  sn2004ef      Ia-norm    0.7473   1.44   0.4812   0.0540    -1.50  0    cut
1030  mstar         M-star     0.7717   1.44   0.7271   0.0093     9.00  2    cut
1031  sn2007F       Ia-norm    0.7405   1.44   0.4700   0.0239    -5.70  0    cut
1032  sn1997ef      Ic-broad   0.6945   1.44   0.1605   0.0463    -4.10  0    cut
1033  sn1990K       IIL        0.6959   1.43   0.4233   0.0377    55.60  1    cut
1034  mstar         M-star     0.7717   1.43   0.4446   0.0291     4.00  2    cut
1035  sn2004ef      Ia-norm    0.7487   1.42   0.4867   0.0455    -3.30  0    cut
1036  sn2007F       Ia-norm    0.7473   1.42   0.4696   0.0331    -6.70  0    cut
1037  sn2003W       Ia-norm    0.6945   1.42   0.4898   0.0268    -0.40  0    cut
1038  sn1995F       Ic-norm    0.8069   1.42   0.4677   0.0260    29.10  1    cut
1039  sn2003W       Ia-norm    0.6918   1.42   1.0916   0.0271     0.60  0    cut
1040  sn2002ap      Ic-broad   0.6200   1.42   0.7721   0.0292     1.50  0    cut
1041  sn1999dn      Ib-norm    0.7554   1.42   0.8625   0.0190     6.90  1    cut
1042  sn1999cl      Ia-norm    0.7094   1.42   0.4820   0.0498    -3.30  0    cut
1043  sn2005cf      Ia-norm    0.8367   1.42   0.4709   0.0266    -2.40  0    cut
1044  sn1998ec      Ia-norm    0.6891   1.41   0.4829   0.0223    -3.90  0    cut
1045  sn1991T       Ia-91T     0.8367   1.41   0.3121   0.0278   -10.70  0    cut
1046  mstar         M-star     0.7703   1.41   1.0329   0.0132     1.00  2    cut
1047  sn2005cf      Ia-norm    0.8380   1.41   0.4821   0.0297    -6.60  0    cut
1048  sn1986G       Ia-91bg    0.6133   1.41   0.4610   0.0193    -3.00  0    cut
1049  sn2007qe      Ia-norm    0.7419   1.41   0.5084   0.0476    -8.60  0    cut
1050  sn2007if      Ia-pec     0.6755   1.41   1.0847   0.0399    -2.90  0    cut
1051  kcSb          Gal        0.8854   1.40   1.0277   0.0224   -99.90  2    cut
1052  sn1991bg      Ia-91bg    0.7392   1.40   1.0590   0.0300     0.90  0    cut
1053  sn2004as      Ia-norm    0.6972   1.40   0.4806   0.0211    -4.90  0    cut
1054  sn1987A       II-pec     0.6796   1.40   0.5508   0.0142    -9.90  0    cut
1055  sn2001eh      Ia-91T     0.8394   1.40   1.0959   0.0300    -5.90  0    cut
1056  sn2005cf      Ia-norm    0.8678   1.40   0.4763   0.0297    -5.50  0    cut
1057  sn2006S       Ia-norm    0.7446   1.39   0.4730   0.0342    -2.60  0    cut
1058  sn2003W       Ia-norm    0.6959   1.39   0.4944   0.0270    -3.30  0    cut
1059  sn2004as      Ia-norm    0.6999   1.39   0.4807   0.0218    -5.90  0    cut
1060  sn2000cn      Ia-91bg    0.7013   1.39   0.4795   0.0164    -9.30  0    cut
1061  sn2000cn      Ia-91bg    0.6986   1.38   0.4760   0.0202    -8.30  0    cut
1062  sn1991A       Ic-norm    0.6363   1.38   0.5733   0.0261    32.60  1    cut
1063  sn2003ic      Ia-norm    0.6972   1.37   0.4755   0.0190    -2.30  0    cut
1064  sn2008ar      Ia-norm    0.7473   1.37   0.4710   0.0467    -0.70  0    cut
1065  sn2008ar      Ia-norm    0.7432   1.37   0.5183   0.0476    -3.70  0    cut
1066  sn2004ef      Ia-norm    0.7473   1.37   0.4902   0.0451    -4.20  0    cut
1067  sn2004dt      Ia-norm    0.7026   1.36   0.4723   0.0268     1.00  0    cut
1068  sn1990K       IIL        0.6119   1.36   0.3505   0.0120   136.10  1    cut
1069  sn2004aw      Ic-norm    0.6552   1.36   0.1643   0.0396    -1.30  0    cut
1070  sn1997ef      Ic-broad   0.6945   1.36   0.1913   0.0589   -10.90  0    cut
1071  sn2004L       Ia-norm    0.6945   1.36   0.4637   0.0161     2.50  0    cut
1072  mstar         M-star     0.7744   1.35   1.0324   0.0118     3.00  2    cut
1073  sn1998dx      Ia-norm    0.6309   1.35   0.0515   0.0308    -0.70  0    cut
1074  sn1997ef      Ic-broad   0.6986   1.35   0.1893   0.0607   -10.00  0    cut
1075  sn2002ap      Ic-broad   0.6999   1.34   0.1534   0.0365     0.60  0    cut
1076  sn1986G       Ia-91bg    0.5957   1.34   0.3327   0.0370     1.30  0    cut
1077  sn2004dt      Ia-norm    0.7013   1.34   0.4699   0.0274     2.00  0    cut
1078  sn2006aj      Ic-broad   0.6823   1.34   0.1808   0.0496    -1.40  0    cut
1079  sn1990N       Ia-norm    0.5794   1.34   0.2993   0.0261     1.60  0    cut
1080  sn2004ef      Ia-norm    0.7473   1.33   0.5373   0.0447    -7.10  0    cut
1081  sn2002dl      Ia-91bg    0.6986   1.33   1.0852   0.0195    -7.40  0    cut
1082  lbv2003hy     LBV        0.6959   1.33   0.5575   0.0148   -99.90  2    cut
1083  sn2006bz      Ia-91bg    0.7392   1.33   0.3437   0.0380    -0.30  0    cut
1084  sn2004at      Ia-norm    0.6945   1.32   0.4728   0.0191    -8.60  0    cut
1085  sn1998de      Ia-91bg    0.6999   1.31   0.3352   0.0551    -6.20  0    cut
1086  sn2002ap      Ic-broad   0.6214   1.30   0.4204   0.0418    -4.50  0    cut
1087  sn1986G       Ia-91bg    0.6552   1.29   0.3552   0.0305     0.80  0    cut
1088  sn1991A       Ic-norm    0.5754   1.29   0.7525   0.0302    16.80  1    cut
1089  sn2006al      Ia-norm    0.7053   1.29   0.4693   0.0306     2.50  0    cut
1090  sn1997br      Ia-91T     0.6864   1.28   1.0990   0.0323    -8.60  0    cut
1091  sn1997ef      Ic-broad   0.6999   1.28   0.1946   0.0625   -11.80  0    cut
1092  sn2002dl      Ia-91bg    0.7040   1.28   1.0856   0.0222    -6.50  0    cut
1093  sn2006aj      Ic-broad   0.6837   1.28   0.1826   0.0577    -0.40  0    cut
1094  sn1998de      Ia-91bg    0.6241   1.28   0.3598   0.0396    -7.20  0    cut
1095  sn2007F       Ia-norm    0.7473   1.27   0.4720   0.0524    -7.70  0    cut
1096  sn2008ar      Ia-norm    0.7473   1.27   0.4741   0.0489    -2.70  0    cut
1097  sn1994D       Ia-norm    0.7121   1.27   0.5177   0.0507   -10.10  0    cut
1098  sn2008D       Ib-pec     0.7202   1.26   0.7902   0.0430    -9.30  0    cut
1099  lbv2003hy     LBV        0.6972   1.26   0.5553   0.0139   -99.90  2    cut
1100  sn2002G       Ia-norm    0.6986   1.25   0.4727   0.0205    -2.50  0    cut
1101  sn2008A       Ia-pec     0.7473   1.25   1.0430   0.0262     1.00  0    cut
1102  sn2005cs      IIP        0.4792   1.25   0.4243   0.0358    -1.20  0    cut
1103  sn1997dq      Ic-broad   0.7067   1.24   0.4766   0.0244    54.80  1    cut
1104  sn1999cl      Ia-norm    0.6999   1.24   0.4828   0.0436    -4.20  0    cut
1105  sn2003gn      Ia-norm    0.6986   1.24   0.4728   0.0230    -3.00  0    cut
1106  sn1986G       Ia-91bg    0.6552   1.24   0.3538   0.0390    -0.20  0    cut
1107  sn2002ap      Ic-broad   0.6160   1.23   0.4196   0.0401    -5.50  0    cut
1108  sn2006bt      Ia-norm    0.7432   1.23   0.4666   0.0274    -2.90  0    cut
1109  sn1999cl      Ia-norm    0.7013   1.23   0.4849   0.0434    -5.20  0    cut
1110  sn2006bt      Ia-norm    0.7446   1.22   0.4643   0.0253    -0.10  0    cut
1111  sn1994D       Ia-norm    0.8800   1.22   0.4958   0.0305   -11.10  0    cut
1112  sn2003kc      Ia-norm    0.6999   1.22   0.4875   0.0268    -7.60  0    cut
1113  mstar         M-star     0.7717   1.21   1.0353   0.0227     0.00  2    cut
1114  sn2007al      Ia-91bg    0.7446   1.21   0.3251   0.0477     2.40  0    cut
1115  sn2002ap      Ic-broad   0.7825   1.21   0.4830   0.0451    -2.40  0    cut
1116  sn2006bt      Ia-norm    0.7419   1.21   0.4669   0.0268    -1.00  0    cut
1117  sn2006gt      Ia-91bg    0.7473   1.20   0.3466   0.0266     2.30  0    cut
1118  sn2003cg      Ia-norm    0.7568   1.19   0.7259   0.0408    -2.10  0    cut
1119  sn2004as      Ia-norm    0.6945   1.19   0.4815   0.0261    -6.80  0    cut
1120  sn2007F       Ia-norm    0.7446   1.19   0.4746   0.0546    -8.70  0    cut
1121  sn1998de      Ia-91bg    0.6999   1.19   0.3376   0.0547    -5.20  0    cut
1122  sn2003Y       Ia-91bg    0.6986   1.19   0.5870   0.0431    -6.30  0    cut
1123  sn2006bz      Ia-91bg    0.7473   1.18   0.3441   0.0473     0.70  0    cut
1124  sn2006gt      Ia-91bg    0.7487   1.17   0.4574   0.0237     1.30  0    cut
1125  sn1998dx      Ia-norm    0.6309   1.17   0.0517   0.0302     2.10  0    cut
1126  sn2006aj      Ic-broad   0.5551   1.16   0.1685   0.0683     1.50  0    cut
1127  sn2006cj      Ia-norm    0.6552   1.16   0.3068   0.0400    -2.10  0    cut
1128  sn1991bg      Ia-91bg    0.7243   1.15   0.3239   0.0552     2.10  0    cut
1129  sn1986G       Ia-91bg    0.6566   1.15   0.3563   0.0443    -1.20  0    cut
1130  sn1986G       Ia-91bg    0.6539   1.15   0.3570   0.0459    -2.20  0    cut
1131  sn1998dx      Ia-norm    0.6322   1.14   0.3044   0.0292    -1.70  0    cut
1132  lbv2003hy     LBV        0.6945   1.13   0.3110   0.0299   -99.90  2    cut
1133  sn2003Y       Ia-91bg    0.6986   1.13   0.5898   0.0356    -5.30  0    cut
1134  sn1990K       IIL        0.5320   1.13   0.1793   0.0301   139.00  1    cut
1135  sn1997dq      Ic-broad   0.8042   1.12   0.4737   0.0288    27.90  1    cut
1136  sn1990N       Ia-norm    0.8854   1.12   0.4906   0.0349    -7.40  0    cut
1137  sn2006bt      Ia-norm    0.7432   1.11   0.3607   0.0438     1.90  0    cut
1138  sn2007ax      Ia-91bg    0.7487   1.11   0.4632   0.0207    -0.80  0    cut
1139  sn1998de      Ia-91bg    0.7013   1.11   0.4644   0.0236    -3.20  0    cut
1140  sn2005ke      Ia-91bg    0.7365   1.11   0.4574   0.0190     0.50  0    cut
1141  lbv2003hy     LBV        0.6972   1.09   0.3086   0.0348   -99.90  2    cut
1142  sn2002cf      Ia-91bg    0.7013   1.09   1.0663   0.0256    -5.40  0    cut
1143  sn1999ex      Ib-norm    0.8394   1.08   0.4681   0.0325    -4.50  0    cut
1144  kcS0          Gal        0.8854   1.06   1.0944   0.0251   -99.90  2    cut
1145  sn1986G       Ia-91bg    0.6959   1.06   0.4674   0.0228    -4.70  0    cut
1146  sn2005ke      Ia-91bg    0.7446   1.05   0.4568   0.0200     2.40  0    cut
1147  sn2006bt      Ia-norm    0.7459   1.05   0.3609   0.0463     0.90  0    cut
1148  sn2008ar      Ia-norm    0.6877   1.01   0.2998   0.0731    -1.70  0    cut
1149  sn2007ax      Ia-91bg    0.7473   1.00   0.4654   0.0209    -1.90  0    cut
1150  sn1999da      Ia-91bg    0.6986   1.00   1.0518   0.0468    -2.60  0    cut
1151  sn2002G       Ia-norm    0.6959   0.99   1.1028   0.0243    -4.40  0    cut
1152  sn1994D       Ia-norm    0.6498   0.99   0.4695   0.0274    -8.20  0    cut
1153  sn1999cl      Ia-norm    0.6945   0.98   0.4927   0.0560    -7.30  0    cut
1154  sn1986G       Ia-91bg    0.5740   0.97   0.2953   0.0787    -0.70  0    cut
1155  sn1991A       Ic-norm    0.5564   0.97   0.1411   0.0440    61.40  1    cut
1156  sn1986G       Ia-91bg    0.6796   0.96   0.3435   0.0622    -3.70  0    cut
1157  kcE           Gal        0.8854   0.94   0.4398   0.0301   -99.90  2    cut
1158  sn1986G       Ia-91bg    0.6810   0.91   0.3497   0.0613    -2.70  0    cut
1159  sn1984A       Ia-norm    0.5496   0.91   0.1750   0.0521    -4.90  0    cut
1160  sn1987A       II-pec     0.5740   0.89   0.3220   0.0904   -16.70  0    cut
1161  sn2002er      Ia-norm    0.6850   0.87   0.5408   0.0536   -11.90  0    cut
1162  sn1984A       Ia-norm    0.4955   0.87   0.3969   0.0445    -7.00  0    cut
1163  sn1999ac      Ia-91T     0.7270   0.87   1.0429   0.0445   -12.90  0    cut
1164  sn1998de      Ia-91bg    0.7013   0.86   1.0405   0.0435    -0.30  0    cut
1165  sn1998de      Ia-91bg    0.6999   0.85   0.3427   0.0737    -2.20  0    cut
1166  sn1999cl      Ia-norm    0.6783   0.77   0.3632   0.0840    -2.30  0    cut
1167  sn1999cl      Ia-norm    0.6810   0.76   0.3626   0.0853    -1.30  0    cut
1168  sn1984A       Ia-norm    0.5212   0.72   0.1776   0.0757    -5.90  0    cut
1169  sn1999by      Ia-91bg    0.6024   0.68   0.3521   0.0890    -5.00  0    cut
1170  sn1984A       Ia-norm    0.5334   0.65   0.3128   0.0880    -2.80  0    cut
