### SNID output file ###
 
### input spectrum and options ###
# Input spectrum                 : 18602_-9.70.dat
# Parameter file                 : NA
# Wavelength range               :    3621.25   8342.79
# Mask file                      : NA
# Median filtering width [A]     : NA
# Median filtering width [pix]   :       1.00
# Clip emission redshift         :     0.1370
# Clip sky lines                 : 0
# Emission clip width [A]        :       0.14
# Keep A-band                    : 1
# Age range                      :     -19.70      0.30
# Delta range                    :      -9.99     99.90
# Min. number of spectra/template:   1
# Use only templates             : NA
# Use only types                 : NA
# Avoid templates                : NA
# Avoid types                    : NA
# rlapmin                        :       5.00
# Redshift range                 :    -0.0100    1.2000
# Forced initial redshift        :     0.1370
# Extra fake redshift            : NA
# Nsigma for initial redshift    : NA
# Redshift filter                :     0.0200
# Wavenumbers k1,k2,k3,k4        :     1    4   85  102
# Template directory             : /Users/daniel/snid-5.0/templates-2.0/
 
### initial/user-input redshift ###
zinit       0.0000
zuser       0.1370
 
### median redshift/age and error ###
zmed        0.1426    0.0063
agem         -2.70      2.62
 
### type fraction/redshift/age ###
#type ntemp fraction slope redshift redshift_error age age_error
Ia             41      1.00    0.0000    0.1426    0.0063    -2.700     2.618
Ia-norm        27      0.66    0.0906    0.1449    0.0065    -2.600     2.709
Ia-91T         11      0.27   -0.0506    0.1426    0.0053    -3.500     2.685
Ia-91bg         1      0.02    0.0000    0.1326    0.0000    -0.700     0.000
Ia-csm          0      0.00    0.0000    0.0000    0.0000     0.000     0.000
Ia-pec          2      0.05    0.0000    0.1405    0.0023    -2.450     1.202
###
Ib              0      0.00    0.0000    0.0000    0.0000     0.000     0.000
Ib-norm         0      0.00    0.0000    0.0000    0.0000     0.000     0.000
Ib-pec          0      0.00    0.0000    0.0000    0.0000     0.000     0.000
IIb             0      0.00    0.0000    0.0000    0.0000     0.000     0.000
###
Ic              0      0.00    0.0000    0.0000    0.0000     0.000     0.000
Ic-norm         0      0.00    0.0000    0.0000    0.0000     0.000     0.000
Ic-pec          0      0.00    0.0000    0.0000    0.0000     0.000     0.000
Ic-broad        0      0.00    0.0000    0.0000    0.0000     0.000     0.000
###
II              0      0.00    0.0000    0.0000    0.0000     0.000     0.000
IIP             0      0.00    0.0000    0.0000    0.0000     0.000     0.000
II-pec          0      0.00    0.0000    0.0000    0.0000     0.000     0.000
IIn             0      0.00    0.0000    0.0000    0.0000     0.000     0.000
IIL             0      0.00    0.0000    0.0000    0.0000     0.000     0.000
###
NotSN           0      0.00    0.0000    0.0000    0.0000     0.000     0.000
AGN             0      0.00    0.0000    0.0000    0.0000     0.000     0.000
Gal             0      0.00    0.0000    0.0000    0.0000     0.000     0.000
LBV             0      0.00    0.0000    0.0000    0.0000     0.000     0.000
M-star          0      0.00    0.0000    0.0000    0.0000     0.000     0.000
 
### rlap-ordered template listings ###
#no. sn type lap rlap z zerr age age_flag grade
   1  sn2006cj      Ia-norm    0.7459   8.11   0.1357   0.0093    -1.20  0   good
   2  sn2006cz      Ia-91T     0.7405   7.25   0.1414   0.0085    -1.00  0   good
   3  sn2002er      Ia-norm    0.7351   7.11   0.1423   0.0110    -6.00  0   good
   4  sn2006gr      Ia-norm    0.7459   7.02   0.1554   0.0088    -6.00  0   good
   5  sn2006cq      Ia-norm    0.7446   6.82   0.1468   0.0099    -3.30  0   good
   6  sn2006S       Ia-norm    0.7419   6.82   0.1474   0.0087    -5.50  0   good
   7  sn2006S       Ia-norm    0.7419   6.81   0.1465   0.0086    -4.60  0   good
   8  sn2006gr      Ia-norm    0.7446   6.71   0.1541   0.0091    -5.10  0   good
   9  sn2006gr      Ia-norm    0.7459   6.70   0.1577   0.0091    -6.90  0    bad
  10  sn2007kk      Ia-norm    0.7459   6.59   0.1449   0.0092    -0.80  0   good
  11  sn2006cz      Ia-91T     0.7446   6.52   0.1426   0.0095    -2.00  0   good
  12  sn2003cg      Ia-norm    0.7568   6.49   0.1352   0.0101    -2.10  0   good
  13  sn2006gr      Ia-norm    0.7487   6.49   0.1524   0.0093    -4.00  0   good
  14  sn2007kk      Ia-norm    0.7473   6.39   0.1467   0.0098    -1.70  0   good
  15  sn2006S       Ia-norm    0.7446   6.22   0.1443   0.0095    -2.60  0   good
  16  sn1994ae      Ia-norm    0.7013   6.16   0.1330   0.0091     0.00  0   good
  17  sn2001eh      Ia-91T     0.8001   6.16   0.1426   0.0123    -4.90  0   good
  18  sn2006gr      Ia-norm    0.7514   6.16   0.1496   0.0097    -2.10  0   good
  19  sn1994D       Ia-norm    0.8299   6.12   0.1596   0.0138   -11.10  0    bad
  20  sn2006gr      Ia-norm    0.7487   6.09   0.1602   0.0101    -7.90  0    bad
  21  sn2006S       Ia-norm    0.7432   6.07   0.1423   0.0095    -0.70  0   good
  22  sn1995E       Ia-norm    0.6864   6.06   0.1345   0.0090    -0.90  0   good
  23  sn2006S       Ia-norm    0.7432   5.97   0.1413   0.0097     0.20  0   good
  24  sn1986G       Ia-91bg    0.5740   5.95   0.1326   0.0098    -0.70  0   good
  25  sn2006cj      Ia-norm    0.7473   5.77   0.1342   0.0110    -0.20  0   good
  26  sn2006gz      Ia-pec     0.6390   5.68   0.1389   0.0091    -1.60  0   good
  27  sn2001eh      Ia-91T     0.8015   5.62   0.1449   0.0135    -5.90  0   good
  28  sn2006cz      Ia-91T     0.7446   5.49   0.1446   0.0110    -3.90  0   good
  29  sn1990O       Ia-norm    0.8299   5.44   0.1474   0.0137    -5.60  0   good
  30  sn1990O       Ia-norm    0.8299   5.41   0.1533   0.0147    -7.60  0   good
  31  sn1990N       Ia-norm    0.8299   5.38   0.1466   0.0164    -7.40  0   good
  32  sn1998es      Ia-91T     0.6959   5.37   0.1440   0.0163    -9.40  0   good
  33  sn2006gr      Ia-norm    0.7459   5.36   0.1501   0.0105    -1.10  0   good
  34  sn1990O       Ia-norm    0.8299   5.35   0.1488   0.0143    -6.60  0   good
  35  sn2006gr      Ia-norm    0.7487   5.34   0.1626   0.0113    -8.90  0    bad
  36  sn2005eq      Ia-91T     0.7446   5.31   0.1416   0.0107    -3.50  0   good
  37  sn2003ic      Ia-norm    0.6999   5.26   0.1368   0.0118    -4.10  0   good
  38  sn2005M       Ia-91T     0.7392   5.25   0.1331   0.0104    -2.70  0   good
  39  sn2005eq      Ia-91T     0.7432   5.21   0.1440   0.0105    -5.40  0   good
  40  sn2001da      Ia-norm    0.8299   5.19   0.1446   0.0146    -1.00  0   good
  41  sn2000cx      Ia-pec     0.5740   5.18   0.1422   0.0118    -3.30  0   good
  42  sn2005M       Ia-91T     0.7405   5.18   0.1330   0.0109    -1.70  0   good
  43  sn2006cc      Ia-norm    0.7446   5.08   0.1421   0.0130    -9.70  0   good
  44  sn2005M       Ia-91T     0.7392   5.04   0.1309   0.0114     0.20  0   good
  45  sn2005mc      Ia-norm    0.7378   5.03   0.1382   0.0102    -2.20  0   good
#--- rlap cutoff
  46  sn1999ee      Ia-norm    0.8042   4.93   0.1427   0.0145    -0.20  0    cut
  47  sn1994S       Ia-norm    0.6268   4.86   0.1433   0.0162    -3.00  0    cut
  48  sn1999aw      Ia-91T     0.7730   4.85   0.1491   0.0107     0.00  0    cut
  49  sn2005cf      Ia-norm    0.7987   4.82   0.1444   0.0154    -2.40  0    cut
  50  sn2002bo      Ia-norm    0.8299   4.80   0.1458   0.0151    -4.80  0    cut
  51  sn1984A       Ia-norm    0.5334   4.76   0.1486   0.0122    -2.80  0    cut
  52  sn2008ar      Ia-norm    0.7432   4.75   0.1514   0.0128    -6.60  0    cut
  53  sn2006gr      Ia-norm    0.7487   4.74   0.1654   0.0132    -9.80  0    cut
  54  sn2006oa      Ia-91T     0.7487   4.74   0.1404   0.0152    -0.10  0    cut
  55  sn1992A       Ia-norm    0.7825   4.73   0.1499   0.0128    -5.40  0    cut
  56  sn2003du      Ia-norm    0.8204   4.72   0.1423   0.0159    -6.10  0    cut
  57  sn1998es      Ia-91T     0.7365   4.72   0.1399   0.0122    -2.40  0    cut
  58  sn2007F       Ia-norm    0.7392   4.67   0.1365   0.0124    -1.80  0    cut
  59  sn1999cp      Ia-norm    0.7500   4.66   0.1404   0.0125   -11.90  0    cut
  60  sn2001ah      Ia-91T     0.6999   4.65   0.1460   0.0122    -9.70  0    cut
  61  sn2003du      Ia-norm    0.8204   4.65   0.1387   0.0160    -4.20  0    cut
  62  sn2007S       Ia-91T     0.7419   4.62   0.1408   0.0120    -3.70  0    cut
  63  sn2005eq      Ia-91T     0.7405   4.59   0.1481   0.0118    -8.30  0    cut
  64  sn2003hu      Ia-91T     0.6972   4.57   0.1353   0.0136     0.10  0    cut
  65  sn2007F       Ia-norm    0.7432   4.54   0.1351   0.0124    -0.90  0    cut
  66  sn2005eu      Ia-norm    0.7419   4.52   0.1364   0.0143    -5.20  0    cut
  67  sn2005cf      Ia-norm    0.7974   4.51   0.1432   0.0159    -1.50  0    cut
  68  sn2007co      Ia-norm    0.7487   4.51   0.1422   0.0122    -0.20  0    cut
  69  sn1995E       Ia-norm    0.6593   4.50   0.1342   0.0117    -2.90  0    cut
  70  sn2002er      Ia-norm    0.8245   4.50   0.1391   0.0150    -2.10  0    cut
  71  sn2006oa      Ia-91T     0.7487   4.49   0.1441   0.0157    -2.00  0    cut
  72  sn1992A       Ia-norm    0.7825   4.49   0.1434   0.0124    -0.80  0    cut
  73  sn2007S       Ia-91T     0.7405   4.48   0.1420   0.0125    -4.70  0    cut
  74  sn2003U       Ia-norm    0.8299   4.47   0.1448   0.0162    -8.50  0    cut
  75  sn2002er      Ia-norm    0.8299   4.47   0.1402   0.0157    -3.10  0    cut
  76  sn2007S       Ia-91T     0.7378   4.46   0.1399   0.0122    -2.70  0    cut
  77  sn2006az      Ia-norm    0.7392   4.45   0.1290   0.0125    -1.00  0    cut
  78  sn1998es      Ia-91T     0.7365   4.44   0.1383   0.0126    -0.50  0    cut
  79  sn1998es      Ia-91T     0.7365   4.43   0.1413   0.0124    -4.40  0    cut
  80  sn2002er      Ia-norm    0.8191   4.42   0.1410   0.0166    -5.00  0    cut
  81  sn2004eo      Ia-norm    0.7974   4.41   0.1364   0.0138    -5.60  0    cut
  82  sn1999aa      Ia-91T     0.7771   4.41   0.1340   0.0139    -1.60  0    cut
  83  sn1998es      Ia-91T     0.7324   4.39   0.1411   0.0126    -3.40  0    cut
  84  sn2006le      Ia-norm    0.7365   4.39   0.1555   0.0128    -6.80  0    cut
  85  sn2006ax      Ia-norm    0.7419   4.39   0.1374   0.0129    -6.40  0    cut
  86  sn2007bd      Ia-norm    0.7459   4.38   0.1399   0.0123    -1.30  0    cut
  87  sn2008ar      Ia-norm    0.7459   4.38   0.1494   0.0142    -4.60  0    cut
  88  sn1998es      Ia-91T     0.7608   4.37   0.1461   0.0121    -8.40  0    cut
  89  sn1999cl      Ia-norm    0.7094   4.37   0.1433   0.0127    -3.30  0    cut
  90  sn2006ax      Ia-norm    0.7419   4.36   0.1402   0.0129    -8.40  0    cut
  91  sn2007co      Ia-norm    0.7487   4.36   0.1433   0.0126    -1.20  0    cut
  92  sn2000fa      Ia-norm    0.7121   4.34   0.1641   0.0149   -10.40  0    cut
  93  sn2004dj      IIP        0.5307   4.33   0.1913   0.0070     2.70  1    cut
  94  sn2006ax      Ia-norm    0.7419   4.33   0.1425   0.0129    -9.30  0    cut
  95  sn2000cx      Ia-pec     0.6173   4.31   0.1424   0.0118    -1.30  0    cut
  96  sn2005iq      Ia-norm    0.7446   4.30   0.1382   0.0125    -6.00  0    cut
  97  sn1999ee      Ia-norm    0.8055   4.27   0.1527   0.0181    -7.20  0    cut
  98  sn2007bd      Ia-norm    0.7446   4.26   0.1437   0.0126    -4.20  0    cut
  99  sn2005cf      Ia-norm    0.7459   4.25   0.1455   0.0139    -5.40  0    cut
 100  sn1998es      Ia-91T     0.7324   4.24   0.1423   0.0130    -5.40  0    cut
 101  sn1998es      Ia-91T     0.7744   4.22   0.1444   0.0134    -7.30  0    cut
 102  sn1999aa      Ia-91T     0.7459   4.22   0.1422   0.0146    -3.10  0    cut
 103  sn2008Z       Ia-norm    0.7405   4.22   0.1511   0.0148    -9.20  0    cut
 104  sn2007A       Ia-norm    0.7378   4.21   0.1330   0.0129    -2.40  0    cut
 105  sn2001ah      Ia-91T     0.6972   4.21   0.1461   0.0129    -8.70  0    cut
 106  sn2007S       Ia-91T     0.7432   4.21   0.1379   0.0124    -0.70  0    cut
 107  sn2003du      Ia-norm    0.7581   4.19   0.1459   0.0129    -7.20  0    cut
 108  sn2008ar      Ia-norm    0.7432   4.18   0.1487   0.0147    -3.70  0    cut
 109  sn2007co      Ia-norm    0.7459   4.16   0.1458   0.0133    -3.10  0    cut
 110  sn2004dj      IIP        0.5293   4.16   0.1920   0.0071     0.00  1    cut
 111  sn2005cf      Ia-norm    0.8001   4.16   0.1510   0.0176    -6.60  0    cut
 112  sn1998es      Ia-91T     0.7419   4.13   0.1434   0.0131    -6.40  0    cut
 113  sn1999cl      Ia-norm    0.6999   4.08   0.1430   0.0133    -4.20  0    cut
 114  sn2003du      Ia-norm    0.7568   4.07   0.1487   0.0127   -11.10  0    cut
 115  sn2006gz      Ia-pec     0.6431   4.07   0.1402   0.0119    -4.50  0    cut
 116  sn2006le      Ia-norm    0.7419   4.05   0.1586   0.0135    -7.80  0    cut
 117  sn2007bc      Ia-norm    0.7405   4.05   0.1322   0.0130    -2.60  0    cut
 118  sn2005cf      Ia-norm    0.7974   4.05   0.1505   0.0178    -6.30  0    cut
 119  sn2002er      Ia-norm    0.7947   4.04   0.1474   0.0165    -9.00  0    cut
 120  sn2008ar      Ia-norm    0.7473   4.03   0.1437   0.0148    -0.70  0    cut
 121  sn2008Z       Ia-norm    0.7459   4.01   0.1407   0.0149    -4.30  0    cut
 122  sn2005cf      Ia-norm    0.8299   4.01   0.1489   0.0200    -5.50  0    cut
 123  sn2005cf      Ia-norm    0.8285   3.99   0.1408   0.0182    -0.20  0    cut
 124  sn1999ex      Ib-norm    0.8015   3.97   0.1408   0.0183    -4.50  0    cut
 125  sn2006le      Ia-norm    0.7405   3.97   0.1597   0.0144    -8.80  0    cut
 126  sn2007A       Ia-norm    0.7446   3.97   0.1331   0.0138    -3.40  0    cut
 127  sn2004dj      IIP        0.5293   3.96   0.1913   0.0074     5.00  1    cut
 128  sn2007co      Ia-norm    0.7459   3.96   0.1478   0.0139    -4.10  0    cut
 129  sn2005cf      Ia-norm    0.7879   3.96   0.1439   0.0171    -1.20  0    cut
 130  sn1999dq      Ia-91T     0.6864   3.95   0.1389   0.0150    -4.50  0    cut
 131  sn1995ac      Ia-norm    0.6918   3.95   0.0061   0.0155    -5.50  0    cut
 132  sn2006oa      Ia-91T     0.7500   3.94   0.1478   0.0181    -3.80  0    cut
 133  sn1989B       Ia-norm    0.8299   3.94   0.1345   0.0160    -1.30  0    cut
 134  sn1999ac      Ia-91T     0.7216   3.94   0.1321   0.0135    -2.10  0    cut
 135  sn1999cl      Ia-norm    0.7013   3.93   0.1442   0.0139    -5.20  0    cut
 136  sn1991T       Ia-91T     0.8001   3.93   0.0034   0.0154   -11.70  0    cut
 137  sn2008Z       Ia-norm    0.7446   3.93   0.1423   0.0153    -5.30  0    cut
 138  sn2002bo      Ia-norm    0.7947   3.91   0.1433   0.0152    -1.70  0    cut
 139  sn1999aa      Ia-91T     0.7256   3.91   0.1432   0.0142    -4.10  0    cut
 140  sn2002er      Ia-norm    0.7717   3.90   0.1394   0.0142    -4.00  0    cut
 141  sn2005cf      Ia-norm    0.7947   3.90   0.1523   0.0179    -7.30  0    cut
 142  sn2005cf      Ia-norm    0.7893   3.89   0.1471   0.0168    -2.70  0    cut
 143  sn2001V       Ia-91T     0.6864   3.89   0.1417   0.0151    -6.40  0    cut
 144  sn1994D       Ia-norm    0.7987   3.89   0.1606   0.0202   -11.20  0    cut
 145  sn2003fa      Ia-91T     0.6038   3.88   0.1362   0.0146    -5.60  0    cut
 146  sn2002dj      Ia-norm    0.8177   3.87   0.1474   0.0178    -3.60  0    cut
 147  sn2008Z       Ia-norm    0.7432   3.87   0.1492   0.0163    -8.20  0    cut
 148  sn1995F       Ic-norm    0.6579   3.86   0.1302   0.0162     0.00  1    cut
 149  sn1999dq      Ia-91T     0.6850   3.85   0.1384   0.0148    -3.50  0    cut
 150  sn2005bo      Ia-norm    0.7446   3.85   0.1308   0.0131    -0.10  0    cut
 151  sn1984A       Ia-norm    0.5496   3.84   0.1515   0.0149    -4.90  0    cut
 152  sn1999dq      Ia-91T     0.6864   3.83   0.1401   0.0153    -6.40  0    cut
 153  sn2005cf      Ia-norm    0.7974   3.82   0.1557   0.0184    -9.20  0    cut
 154  sn1998es      Ia-91T     0.6850   3.82   0.1436   0.0152   -10.30  0    cut
 155  sn2005cf      Ia-norm    0.7974   3.82   0.1538   0.0188    -8.20  0    cut
 156  sn2005na      Ia-norm    0.7405   3.82   0.1297   0.0146    -1.50  0    cut
 157  sn2001V       Ia-91T     0.6877   3.81   0.1406   0.0153    -5.40  0    cut
 158  sn2005eu      Ia-norm    0.7459   3.80   0.1373   0.0171    -7.10  0    cut
 159  sn2006gr      Ia-norm    0.7500   3.79   0.1700   0.0160   -10.80  0    cut
 160  sn2005cf      Ia-norm    0.7459   3.79   0.1459   0.0152    -4.40  0    cut
 161  sn1999dq      Ia-91T     0.6864   3.78   0.1394   0.0159    -5.50  0    cut
 162  sn2007jg      Ia-norm    0.7500   3.77   0.1551   0.0174    -2.30  0    cut
 163  sn2002dj      Ia-norm    0.8299   3.77   0.1476   0.0187    -4.60  0    cut
 164  sn2005cf      Ia-norm    0.7974   3.77   0.1568   0.0183   -10.20  0    cut
 165  sn2004dj      IIP        0.5280   3.76   0.1907   0.0078     8.00  1    cut
 166  sn2006gj      Ia-norm    0.7446   3.75   0.1294   0.0124    -0.70  0    cut
 167  sn1999dq      Ia-91T     0.6864   3.75   0.1409   0.0156    -7.40  0    cut
 168  sn2007co      Ia-norm    0.7487   3.74   0.1495   0.0152    -5.10  0    cut
 169  sn2001V       Ia-91T     0.6891   3.73   0.1444   0.0160   -10.20  0    cut
 170  sn2002er      Ia-norm    0.7811   3.71   0.1446   0.0153    -7.00  0    cut
 171  sn2001G       Ia-norm    0.6864   3.71   0.1406   0.0154    -5.10  0    cut
 172  sn2005cf      Ia-norm    0.7473   3.70   0.1445   0.0157    -3.40  0    cut
 173  sn2006ot      Ia-norm    0.7487   3.69   0.1460   0.0162    -0.40  0    cut
 174  sn2008ar      Ia-norm    0.7473   3.68   0.1466   0.0167    -2.70  0    cut
 175  sn1991N       Ic-norm    0.8109   3.67   0.0015   0.0219     5.70  1    cut
 176  sn1999dq      Ia-91T     0.6850   3.67   0.1381   0.0151    -2.50  0    cut
 177  sn1999dq      Ia-91T     0.6877   3.67   0.1431   0.0167   -10.40  0    cut
 178  sn2005cf      Ia-norm    0.7811   3.66   0.1498   0.0168    -3.80  0    cut
 179  sn2005cf      Ia-norm    0.7974   3.65   0.1586   0.0187   -11.20  0    cut
 180  sn2006oa      Ia-91T     0.7514   3.65   0.1474   0.0190    -4.70  0    cut
 181  sn2001V       Ia-91T     0.6891   3.64   0.1456   0.0162   -11.20  0    cut
 182  sn2003du      Ia-norm    0.7432   3.62   0.1455   0.0158    -8.10  0    cut
 183  sn1999dq      Ia-91T     0.7839   3.62   0.1486   0.0156    -9.40  0    cut
 184  sn2008Z       Ia-norm    0.7419   3.62   0.1471   0.0165    -7.30  0    cut
 185  sn2002he      Ia-norm    0.8299   3.61   0.1414   0.0170    -3.20  0    cut
 186  sn2006oa      Ia-91T     0.7500   3.61   0.1508   0.0198    -5.70  0    cut
 187  sn2001V       Ia-91T     0.6891   3.60   0.1424   0.0162    -7.40  0    cut
 188  sn2002de      Ia-norm    0.6945   3.59   0.1394   0.0168    -4.10  0    cut
 189  sn1996bl      Ia-norm    0.7026   3.59   0.1367   0.0148    -2.20  0    cut
 190  sn2001V       Ia-91T     0.6891   3.58   0.1437   0.0164    -9.30  0    cut
 191  sn1999dq      Ia-91T     0.6877   3.58   0.1416   0.0166    -8.50  0    cut
 192  sn2004aw      Ic-norm    0.8245   3.58  -0.0002   0.0149    -1.70  0    cut
 193  sn2000cx      Ia-pec     0.6403   3.57   0.1428   0.0146    -0.30  0    cut
 194  sn2007bm      Ia-norm    0.7432   3.57   0.1374   0.0146    -9.30  0    cut
 195  sn2002hu      Ia-91T     0.6959   3.57   0.1371   0.0165    -5.30  0    cut
 196  sn2007af      Ia-norm    0.7378   3.57   0.1309   0.0138     0.30  0    cut
 197  sn1981B       Ia-norm    0.8299   3.57   0.1364   0.0173    -1.50  0    cut
 198  sn2007F       Ia-norm    0.7405   3.56   0.1411   0.0164    -5.70  0    cut
 199  sn1991N       Ic-norm    0.8299   3.56  -0.0046   0.0238     0.00  1    cut
 200  sn2001V       Ia-91T     0.6864   3.56   0.1394   0.0158    -3.30  0    cut
 201  sn1984A       Ia-norm    0.4955   3.56   0.1564   0.0160    -7.00  0    cut
 202  sn2004dj      IIP        0.5307   3.55   0.1910   0.0080    17.00  1    cut
 203  sn2008ar      Ia-norm    0.7446   3.55   0.1551   0.0172    -7.50  0    cut
 204  sn1990K       IIL        0.4901   3.54   0.1942   0.0090    50.50  1    cut
 205  sn1998es      Ia-91T     0.6837   3.54   0.1457   0.0163   -11.40  0    cut
 206  sn2005cf      Ia-norm    0.7446   3.54   0.1434   0.0160    -2.30  0    cut
 207  sn2007af      Ia-norm    0.7446   3.54   0.1346   0.0143    -3.60  0    cut
 208  sn2007af      Ia-norm    0.7459   3.54   0.1328   0.0141    -1.60  0    cut
 209  sn1999aa      Ia-91T     0.7297   3.54   0.1449   0.0157    -5.10  0    cut
 210  sn2004dj      IIP        0.5307   3.53   0.1908   0.0081    20.00  1    cut
 211  sn2001az      Ia-91T     0.6972   3.53   0.1368   0.0153    -3.10  0    cut
 212  sn2008ar      Ia-norm    0.7473   3.52   0.1558   0.0170    -8.50  0    cut
 213  sn2007af      Ia-norm    0.7446   3.51   0.1318   0.0141    -0.60  0    cut
 214  sn2000cx      Ia-pec     0.6525   3.51   0.1404   0.0165    -2.30  0    cut
 215  sn2007af      Ia-norm    0.7473   3.51   0.1358   0.0145    -4.60  0    cut
 216  sn2004dj      IIP        0.5307   3.51   0.1910   0.0082    18.00  1    cut
 217  sn2008Z       Ia-norm    0.7446   3.50   0.1455   0.0170    -6.30  0    cut
 218  sn1999aa      Ia-91T     0.6877   3.50   0.1375   0.0157    -2.10  0    cut
 219  sn1991T       Ia-91T     0.7987   3.50   0.0026   0.0161   -10.70  0    cut
 220  sn2001V       Ia-91T     0.7676   3.49   0.1535   0.0166   -12.30  0    cut
 221  sn1999aa      Ia-91T     0.7270   3.48   0.1454   0.0156    -6.10  0    cut
 222  sn1999cp      Ia-norm    0.7080   3.48   0.1421   0.0142   -13.80  0    cut
 223  sn1984A       Ia-norm    0.5212   3.48   0.1541   0.0163    -5.90  0    cut
 224  sn1997bq      Ia-norm    0.8299   3.47   0.1650   0.0218   -11.60  0    cut
 225  sn1998dx      Ia-norm    0.6322   3.47   0.1364   0.0147    -1.70  0    cut
 226  sn2003fa      Ia-91T     0.6999   3.47   0.1429   0.0165    -7.60  0    cut
 227  sn2005cf      Ia-norm    0.7771   3.47   0.1562   0.0179    -9.70  0    cut
 228  kcS0          Gal        0.8299   3.46   0.1038   0.0082   -99.90  2    cut
 229  sn1997bp      Ia-norm    0.8299   3.46   0.1569   0.0196    -3.00  0    cut
 230  sn2005cf      Ia-norm    0.7473   3.46   0.1422   0.0171    -1.40  0    cut
 231  sn2005cf      Ia-norm    0.7446   3.46   0.1409   0.0166    -0.30  0    cut
 232  sn2003W       Ia-norm    0.6945   3.46   0.1492   0.0178    -3.30  0    cut
 233  sn2007af      Ia-norm    0.7473   3.45   0.1370   0.0149    -5.60  0    cut
 234  sn2000cx      Ia-pec     0.6512   3.45   0.1424   0.0166    -4.30  0    cut
 235  sn2002dj      Ia-norm    0.6837   3.45   0.1519   0.0184   -11.40  0    cut
 236  sn2003W       Ia-norm    0.6945   3.44   0.1542   0.0188    -6.30  0    cut
 237  sn2007af      Ia-norm    0.7473   3.44   0.1338   0.0145    -2.60  0    cut
 238  sn1999cl      Ia-norm    0.6945   3.44   0.1464   0.0156    -7.30  0    cut
 239  sn2008ae      Ia-pec     0.7500   3.43  -0.0114   0.0176    -1.00  0    cut
 240  sn2004dj      IIP        0.5307   3.42   0.1914   0.0082    36.00  1    cut
 241  sn2001V       Ia-91T     0.6891   3.42   0.1482   0.0178   -13.20  0    cut
 242  sn2006N       Ia-norm    0.7419   3.41   0.1353   0.0144    -1.30  0    cut
 243  sn2001eh      Ia-91T     0.6972   3.39   0.1371   0.0155    -0.10  0    cut
 244  sn1991T       Ia-91T     0.7378   3.39   0.0000   0.0169    -6.70  0    cut
 245  sn2005cf      Ia-norm    0.7446   3.38   0.1499   0.0167    -9.30  0    cut
 246  sn2003W       Ia-norm    0.6945   3.38   0.1584   0.0187    -8.20  0    cut
 247  sn2001eh      Ia-91T     0.6972   3.37   0.1371   0.0155    -2.00  0    cut
 248  sn2000dn      Ia-norm    0.7189   3.37   0.1323   0.0156    -3.80  0    cut
 249  sn2006N       Ia-norm    0.7392   3.37   0.1373   0.0154    -3.30  0    cut
 250  sn1998aq      Ia-norm    0.7026   3.36   0.1274   0.0172    -8.90  0    cut
 251  sn1996bl      Ia-norm    0.7040   3.35   0.1394   0.0149    -4.00  0    cut
 252  sn2006sr      Ia-norm    0.7432   3.33   0.1399   0.0149    -0.90  0    cut
 253  sn2007F       Ia-norm    0.7473   3.31   0.1429   0.0182    -6.70  0    cut
 254  sn2006bt      Ia-norm    0.7419   3.31   0.1377   0.0144    -1.00  0    cut
 255  sn1999aa      Ia-91T     0.7270   3.30   0.1514   0.0151    -9.90  0    cut
 256  sn2003fa      Ia-91T     0.6959   3.30   0.1414   0.0172    -9.50  0    cut
 257  sn2004aw      Ic-norm    0.6552   3.30   0.1396   0.0173    -1.30  0    cut
 258  sn1999cl      Ia-norm    0.6810   3.30   0.1373   0.0151    -1.30  0    cut
 259  sn1999cl      Ia-norm    0.6783   3.30   0.1388   0.0154    -2.30  0    cut
 260  sn2007le      Ia-norm    0.7473   3.30   0.1533   0.0167    -6.40  0    cut
 261  sn2005el      Ia-norm    0.7378   3.29   0.1420   0.0161    -5.80  0    cut
 262  sn1994I       Ic-norm    0.7067   3.29  -0.0022   0.0184    -5.40  0    cut
 263  sn2002bo      Ia-norm    0.7676   3.29   0.1410   0.0160    -0.60  0    cut
 264  sn2004gs      Ia-norm    0.7459   3.29   0.1362   0.0151    -3.20  0    cut
 265  sn1999ac      Ia-91T     0.6891   3.29   0.1451   0.0182   -12.90  0    cut
 266  sn1999by      Ia-91bg    0.6024   3.29   0.1348   0.0180    -5.00  0    cut
 267  sn2005el      Ia-norm    0.7392   3.29   0.1405   0.0162    -4.80  0    cut
 268  sn2007F       Ia-norm    0.7473   3.28   0.1450   0.0184    -7.70  0    cut
 269  sn2007bm      Ia-norm    0.7473   3.28   0.1420   0.0153   -11.20  0    cut
 270  sn1991T       Ia-91T     0.7378   3.27   0.0009   0.0171    -7.70  0    cut
 271  sn1999aa      Ia-91T     0.6837   3.26   0.1351   0.0169    -5.00  0    cut
 272  sn2007hj      Ia-norm    0.7419   3.26   0.1367   0.0140    -1.50  0    cut
 273  sn1989B       Ia-norm    0.8299   3.25   0.1361   0.0189    -7.20  0    cut
 274  sn1991N       Ic-norm    0.8109   3.25  -0.0019   0.0239     6.60  1    cut
 275  sn2004dj      IIP        0.5551   3.25   0.1919   0.0090    50.60  1    cut
 276  sn2002er      Ia-norm    0.6850   3.25   0.1470   0.0155   -11.90  0    cut
 277  sn2007ci      Ia-norm    0.7446   3.24   0.1342   0.0153    -2.20  0    cut
 278  sn1998dx      Ia-norm    0.6309   3.24   0.1345   0.0149    -0.70  0    cut
 279  sn2007ci      Ia-norm    0.7432   3.24   0.1333   0.0152    -1.20  0    cut
 280  sn1999gp      Ia-91T     0.6972   3.23   0.1434   0.0180    -4.80  0    cut
 281  sn2003W       Ia-norm    0.6959   3.23   0.1597   0.0197    -9.10  0    cut
 282  sn2007ci      Ia-norm    0.7432   3.22   0.1360   0.0155    -4.20  0    cut
 283  sn2002cd      Ia-norm    0.6864   3.21   0.1549   0.0177    -7.70  0    cut
 284  sn2005el      Ia-norm    0.7419   3.20   0.1395   0.0167    -3.90  0    cut
 285  sn2003ic      Ia-norm    0.6972   3.20   0.1347   0.0159    -2.30  0    cut
 286  sn2005mz      Ia-91bg    0.7432   3.19   0.1300   0.0138    -7.50  0    cut
 287  sn1999aa      Ia-91T     0.7243   3.18   0.1484   0.0156    -8.00  0    cut
 288  sn2004dj      IIP        0.5537   3.18   0.1918   0.0087    48.00  1    cut
 289  sn2006bt      Ia-norm    0.7446   3.18   0.1364   0.0148    -0.10  0    cut
 290  sn2002dj      Ia-norm    0.6837   3.17   0.1515   0.0182   -10.40  0    cut
 291  sn2007au      Ia-norm    0.7419   3.17   0.1396   0.0153    -5.60  0    cut
 292  sn2002de      Ia-norm    0.6918   3.17   0.1375   0.0170    -2.20  0    cut
 293  sn2006bt      Ia-norm    0.7432   3.16   0.1384   0.0149    -2.90  0    cut
 294  sn2002dj      Ia-norm    0.6837   3.16   0.1469   0.0172    -6.40  0    cut
 295  sn2006nz      Ia-norm    0.7487   3.15   0.1480   0.0164    -1.70  0    cut
 296  sn2006cp      Ia-norm    0.7419   3.15   0.1534   0.0171    -6.30  0    cut
 297  sn2007hj      Ia-norm    0.7459   3.15   0.1383   0.0146    -2.60  0    cut
 298  sn2002ck      Ia-norm    0.6986   3.15   0.1305   0.0158     0.30  0    cut
 299  sn2007au      Ia-norm    0.7405   3.15   0.1372   0.0154    -4.70  0    cut
 300  sn1999aa      Ia-91T     0.7338   3.15   0.1469   0.0187    -9.40  0    cut
 301  sn2003du      Ia-norm    0.7581   3.14   0.1397   0.0172    -2.20  0    cut
 302  sn1999aa      Ia-91T     0.7297   3.14   0.1503   0.0160    -9.00  0    cut
 303  sn2000dg      Ia-norm    0.6945   3.14   0.1270   0.0164     0.20  0    cut
 304  sn1999aa      Ia-91T     0.6891   3.13   0.1373   0.0161    -0.20  0    cut
 305  sn2004ef      Ia-norm    0.7473   3.13   0.1484   0.0169    -1.50  0    cut
 306  sn2002de      Ia-norm    0.6931   3.12   0.1395   0.0180    -5.00  0    cut
 307  sn2008Q       Ia-norm    0.7432   3.12   0.1330   0.0159    -0.30  0    cut
 308  sn2007ci      Ia-norm    0.7405   3.12   0.1371   0.0158    -5.10  0    cut
 309  sn2008Q       Ia-norm    0.7419   3.11   0.1340   0.0163    -2.20  0    cut
 310  sn1999gp      Ia-91T     0.6999   3.11   0.1390   0.0165     0.00  0    cut
 311  sn2002cd      Ia-norm    0.6850   3.11   0.1567   0.0189    -8.60  0    cut
 312  sn1999aa      Ia-91T     0.7256   3.10   0.1472   0.0166    -7.10  0    cut
 313  sn2007le      Ia-norm    0.7487   3.10   0.1545   0.0175    -7.40  0    cut
 314  sn1997do      Ia-norm    0.6850   3.10   0.1497   0.0180    -7.60  0    cut
 315  sn2007au      Ia-norm    0.7446   3.10   0.1355   0.0154    -3.80  0    cut
 316  sn2004ef      Ia-norm    0.7473   3.09   0.1464   0.0171    -0.40  0    cut
 317  sn2004dj      IIP        0.5524   3.09   0.1914   0.0091    46.80  1    cut
 318  sn2004gs      Ia-norm    0.7459   3.08   0.1328   0.0156    -1.20  0    cut
 319  sn2001fe      Ia-norm    0.6877   3.08   0.1364   0.0165    -1.70  0    cut
 320  sn2005hk      Ia-pec     0.7459   3.08   0.1056   0.0127    -1.40  0    cut
 321  sn2000cp      Ia-norm    0.6986   3.07   0.1359   0.0152    -2.50  0    cut
 322  sn2005A       Ia-norm    0.7392   3.07   0.1520   0.0179    -1.30  0    cut
 323  sn2006kf      Ia-norm    0.7446   3.06   0.1420   0.0154    -5.20  0    cut
 324  sn1990K       IIL        0.6850   3.06   0.1915   0.0089   119.10  1    cut
 325  sn2004dj      IIP        0.5537   3.06   0.1921   0.0090    50.00  1    cut
 326  sn2004aw      Ic-norm    0.6904   3.06   0.1401   0.0190    -2.20  0    cut
 327  sn2007hj      Ia-norm    0.7405   3.05   0.1355   0.0147    -0.60  0    cut
 328  sn2005cf      Ia-norm    0.7419   3.05   0.1519   0.0181   -10.40  0    cut
 329  sn2002bo      Ia-norm    0.7405   3.05   0.1433   0.0161    -3.70  0    cut
 330  sn2004ef      Ia-norm    0.7378   3.05   0.1541   0.0178    -5.20  0    cut
 331  sn1990K       IIL        0.5876   3.04   0.1926   0.0097    76.30  1    cut
 332  sn2004fu      Ia-norm    0.7446   3.04   0.1452   0.0167    -3.50  0    cut
 333  sn2005cf      Ia-norm    0.7947   3.04   0.1590   0.0215   -11.70  0    cut
 334  sn2002hu      Ia-91T     0.7013   3.04   0.1322   0.0174    -0.70  0    cut
 335  sn2000cp      Ia-norm    0.6986   3.03   0.1327   0.0163    -0.50  0    cut
 336  sn2008Q       Ia-norm    0.7446   3.03   0.1348   0.0168    -3.20  0    cut
 337  sn1990K       IIL        0.6566   3.03   0.1908   0.0089   174.70  1    cut
 338  sn2002cd      Ia-norm    0.6850   3.03   0.1513   0.0186    -5.70  0    cut
 339  sn1984A       Ia-norm    0.7148   3.03   0.1687   0.0219    -6.70  0    cut
 340  sn1995bd      Ia-91T     0.6918   3.02   0.1500   0.0198   -10.10  0    cut
 341  sn1986G       Ia-91bg    0.5916   3.02   0.1336   0.0154     0.30  0    cut
 342  sn2002dj      Ia-norm    0.6837   3.02   0.1493   0.0186    -8.40  0    cut
 343  sn2008Q       Ia-norm    0.7473   3.01   0.1335   0.0164    -1.20  0    cut
 344  sn2002dj      Ia-norm    0.6837   3.00   0.1486   0.0181    -7.40  0    cut
 345  sn2002cd      Ia-norm    0.6837   3.00   0.1504   0.0187    -4.70  0    cut
 346  sn1990K       IIL        0.6322   3.00   0.1911   0.0090   202.50  1    cut
 347  sn2006oa      Ia-91T     0.7487   2.99   0.1548   0.0232    -8.50  0    cut
 348  sn1999gp      Ia-91T     0.7013   2.99   0.1397   0.0181    -2.00  0    cut
 349  sn2003cg      Ia-norm    0.6769   2.99   0.1372   0.0169    -4.10  0    cut
 350  sn2000cp      Ia-norm    0.6986   2.99   0.1325   0.0160    -1.50  0    cut
 351  sn2007ci      Ia-norm    0.7432   2.99   0.1383   0.0164    -7.10  0    cut
 352  sn1999by      Ia-91bg    0.7378   2.98   0.1276   0.0150    -3.00  0    cut
 353  sn1997do      Ia-norm    0.6850   2.97   0.1485   0.0183    -6.60  0    cut
 354  sn2004dj      IIP        0.5510   2.97   0.1919   0.0092    51.90  1    cut
 355  sn2002ck      Ia-norm    0.7013   2.97   0.1304   0.0182    -0.60  0    cut
 356  sn2004aw      Ic-norm    0.6904   2.97   0.1436   0.0218    -3.30  0    cut
 357  sn2002cd      Ia-norm    0.6864   2.96   0.1525   0.0192    -6.70  0    cut
 358  sn2002bo      Ia-norm    0.7405   2.96   0.1407   0.0163    -1.80  0    cut
 359  sn2003du      Ia-norm    0.7419   2.96   0.1367   0.0178    -1.30  0    cut
 360  sn2002bo      Ia-norm    0.7392   2.95   0.1400   0.0159    -1.50  0    cut
 361  sn2002aw      Ia-norm    0.6972   2.95   0.1314   0.0163    -0.90  0    cut
 362  sn1986G       Ia-91bg    0.6796   2.95   0.1366   0.0166    -3.70  0    cut
 363  sn2003du      Ia-norm    0.7419   2.94   0.1363   0.0177    -0.30  0    cut
 364  sn1990K       IIL        0.6160   2.94   0.1913   0.0092   160.90  1    cut
 365  sn2007le      Ia-norm    0.7446   2.93   0.1563   0.0187    -8.40  0    cut
 366  sn2002ef      Ia-norm    0.6986   2.93   0.1378   0.0175    -2.90  0    cut
 367  sn2004dt      Ia-norm    0.8299   2.93   0.1597   0.0196    -6.50  0    cut
 368  sn2002de      Ia-norm    0.6918   2.93   0.1388   0.0188    -3.00  0    cut
 369  sn2007ci      Ia-norm    0.7419   2.92   0.1381   0.0169    -6.10  0    cut
 370  sn2002bo      Ia-norm    0.7405   2.92   0.1421   0.0165    -2.80  0    cut
 371  sn1997do      Ia-norm    0.6850   2.92   0.1553   0.0193   -10.60  0    cut
 372  sn2003W       Ia-norm    0.6918   2.91   0.1538   0.0200    -5.30  0    cut
 373  sn2003cg      Ia-norm    0.6783   2.91   0.1380   0.0177    -6.10  0    cut
 374  sn2008D       Ib-pec     0.8258   2.91   0.0448   0.0276   -14.50  0    cut
 375  sn2002cd      Ia-norm    0.6837   2.91   0.1473   0.0186     0.30  0    cut
 376  sn2002de      Ia-norm    0.7013   2.91   0.1434   0.0186    -6.10  0    cut
 377  sn2003cg      Ia-norm    0.6769   2.91   0.1376   0.0173    -5.10  0    cut
 378  sn2001fe      Ia-norm    0.6891   2.90   0.1370   0.0165     0.30  0    cut
 379  sn2004fz      Ia-norm    0.7459   2.90   0.1297   0.0174    -6.80  0    cut
 380  sn2007ax      Ia-91bg    0.7487   2.90   0.1320   0.0172    -0.80  0    cut
 381  sn2007bd      Ia-norm    0.7459   2.90   0.1507   0.0179    -9.00  0    cut
 382  sn2004ef      Ia-norm    0.7324   2.89   0.1552   0.0184    -6.20  0    cut
 383  sn2006gz      Ia-pec     0.7135   2.89   0.0018   0.0132   -12.30  0    cut
 384  sn2002cd      Ia-norm    0.6864   2.89   0.1492   0.0186    -3.70  0    cut
 385  sn2002hu      Ia-91T     0.7013   2.89   0.1342   0.0189    -3.50  0    cut
 386  sn2000cx      Ia-pec     0.6796   2.89   0.1426   0.0181    -1.30  0    cut
 387  sn2006bt      Ia-norm    0.8204   2.89   0.1379   0.0181    -3.90  0    cut
 388  sn2006cp      Ia-norm    0.7392   2.88   0.1575   0.0188    -8.40  0    cut
 389  sn2004ef      Ia-norm    0.7487   2.88   0.1519   0.0190    -3.30  0    cut
 390  sn2004gs      Ia-norm    0.7419   2.88   0.1306   0.0164    -0.30  0    cut
 391  sn1997do      Ia-norm    0.6850   2.88   0.1569   0.0193   -11.60  0    cut
 392  sn2008A       Ia-pec     0.7487   2.87  -0.0094   0.0000    -3.90  0    cut
 393  sn2004fu      Ia-norm    0.7446   2.87   0.1476   0.0176    -5.40  0    cut
 394  sn1991T       Ia-91T     0.7378   2.87   0.0023   0.0190    -8.70  0    cut
 395  sn2003kf      Ia-norm    0.6823   2.87   0.1419   0.0189    -7.40  0    cut
 396  sn1999ac      Ia-91T     0.6850   2.87   0.1366   0.0194    -3.90  0    cut
 397  sn2003cg      Ia-norm    0.6783   2.86   0.1362   0.0173    -2.10  0    cut
 398  sn2003W       Ia-norm    0.6945   2.86   0.1569   0.0207    -7.30  0    cut
 399  sn2007ax      Ia-91bg    0.7473   2.86   0.1340   0.0172    -1.90  0    cut
 400  sn2003kf      Ia-norm    0.6823   2.85   0.1421   0.0190    -8.40  0    cut
 401  sn2008A       Ia-pec     0.7459   2.85  -0.0094   0.0000    -3.00  0    cut
 402  sn2000cx      Ia-pec     0.6783   2.85   0.1426   0.0174    -0.40  0    cut
 403  sn2003fa      Ia-91T     0.6945   2.85   0.1439   0.0196    -8.50  0    cut
 404  sn2002dj      Ia-norm    0.7771   2.85   0.1542   0.0188    -6.60  0    cut
 405  sn1986G       Ia-91bg    0.6810   2.85   0.1357   0.0169    -2.70  0    cut
 406  sn1998bu      Ia-norm    0.6755   2.85   0.1360   0.0177    -3.60  0    cut
 407  sn2006le      Ia-norm    0.7446   2.84   0.1645   0.0193   -11.70  0    cut
 408  sn2004dj      IIP        0.6024   2.84   0.1969   0.0097    89.80  1    cut
 409  sn2000dn      Ia-norm    0.6986   2.84   0.1292   0.0167    -0.90  0    cut
 410  sn2003kf      Ia-norm    0.6823   2.83   0.1399   0.0187    -5.40  0    cut
 411  sn1991T       Ia-91T     0.8299   2.83   0.1297   0.0207    -1.50  0    cut
 412  sn2008Q       Ia-norm    0.7473   2.83   0.1378   0.0180    -6.20  0    cut
 413  sn2006lf      Ia-norm    0.7135   2.82   0.1330   0.0164    -4.50  0    cut
 414  sn2003fa      Ia-91T     0.6972   2.81   0.1458   0.0191   -10.40  0    cut
 415  sn2008Q       Ia-norm    0.7459   2.81   0.1394   0.0181    -7.20  0    cut
 416  sn2000E       Ia-norm    0.7216   2.81   0.1417   0.0189    -6.40  0    cut
 417  sn2005gj      Ia-csm     0.6363   2.81   0.1237   0.0168    -1.80  0    cut
 418  sn2007F       Ia-norm    0.7446   2.81   0.1468   0.0211    -8.70  0    cut
 419  sn2002er      Ia-norm    0.7500   2.80   0.1369   0.0167    -1.10  0    cut
 420  sn2007bd      Ia-norm    0.7473   2.80   0.1493   0.0184    -8.10  0    cut
 421  sn1998bu      Ia-norm    0.6755   2.79   0.1358   0.0178    -2.60  0    cut
 422  sn2007if      Ia-pec     0.6376   2.79   0.1275   0.0175    -2.90  0    cut
 423  sn1999ee      Ia-norm    0.8299   2.79   0.1387   0.0281    -9.10  0    cut
 424  sn2004fu      Ia-norm    0.7459   2.79   0.1496   0.0182    -6.40  0    cut
 425  sn2008A       Ia-pec     0.7446   2.78  -0.0094   0.0000    -1.90  0    cut
 426  sn2003cg      Ia-norm    0.6769   2.78   0.1366   0.0175    -3.10  0    cut
 427  sn1986G       Ia-91bg    0.6133   2.78   0.1337   0.0177    -3.00  0    cut
 428  sn1994D       Ia-norm    0.8299   2.77   0.1405   0.0216    -4.30  0    cut
 429  sn2003cg      Ia-norm    0.6783   2.77   0.1356   0.0175    -1.20  0    cut
 430  sn2003du      Ia-norm    0.6810   2.76   0.1409   0.0194    -9.80  0    cut
 431  sn2003kf      Ia-norm    0.6823   2.76   0.1431   0.0198    -9.30  0    cut
 432  sn2003du      Ia-norm    0.7283   2.76   0.1468   0.0177   -11.10  0    cut
 433  sn1999ac      Ia-91T     0.6850   2.76   0.1353   0.0200    -2.90  0    cut
 434  sn2003kf      Ia-norm    0.6769   2.75   0.1381   0.0186    -3.40  0    cut
 435  sn1998aq      Ia-norm    0.6769   2.75   0.1347   0.0181    -0.90  0    cut
 436  sn2005hj      Ia-91T     0.6146   2.74   0.1393   0.0167    -5.20  0    cut
 437  sn2001cp      Ia-norm    0.6959   2.74   0.1387   0.0205    -6.80  0    cut
 438  sn2006bt      Ia-norm    0.8299   2.73   0.1394   0.0185    -4.60  0    cut
 439  sn2008D       Ib-pec     0.6539   2.73   0.0143   0.0276   -11.50  0    cut
 440  sn2005bc      Ia-norm    0.6918   2.73   0.1339   0.0169    -5.00  0    cut
 441  sn2005bf      Ib-pec     0.7459   2.73   0.1173   0.0175    -2.70  0    cut
 442  sn2005bf      Ib-pec     0.7459   2.72   0.1176   0.0171    -1.60  0    cut
 443  sn2008A       Ia-pec     0.7446   2.72   0.1103   0.0143     0.00  0    cut
 444  sn1990K       IIL        0.6579   2.72   0.1947   0.0103    55.60  1    cut
 445  sn2003du      Ia-norm    0.6810   2.72   0.1400   0.0195    -8.90  0    cut
 446  sn2006lf      Ia-norm    0.7135   2.72   0.1340   0.0170    -6.50  0    cut
 447  sn1995F       Ic-norm    0.8299   2.72   0.1252   0.0163    35.70  1    cut
 448  sn2003W       Ia-norm    0.6945   2.72   0.1482   0.0210    -2.30  0    cut
 449  sn2003kc      Ia-norm    0.6959   2.71   0.1370   0.0174    -0.90  0    cut
 450  sn2002fb      Ia-91bg    0.6904   2.71   0.1355   0.0190    -4.50  0    cut
 451  sn1990O       Ia-norm    0.6986   2.70   0.1409   0.0179    -0.90  0    cut
 452  sn2001cp      Ia-norm    0.6972   2.70   0.1392   0.0196    -4.90  0    cut
 453  sn2002fk      Ia-norm    0.6823   2.70   0.1332   0.0185    -3.50  0    cut
 454  sn1998bu      Ia-norm    0.6755   2.70   0.1352   0.0182    -1.60  0    cut
 455  sn2002fb      Ia-91bg    0.6904   2.69   0.1331   0.0210     0.30  0    cut
 456  sn2003kc      Ia-norm    0.6999   2.69   0.1478   0.0203    -7.60  0    cut
 457  sn2008ar      Ia-norm    0.6877   2.69   0.1399   0.0201    -1.70  0    cut
 458  sn2007ci      Ia-norm    0.7446   2.68   0.1406   0.0177    -8.10  0    cut
 459  sn2005bf      Ib-pec     0.7378   2.68   0.1175   0.0183    -3.60  0    cut
 460  sn2008A       Ia-pec     0.7459   2.68  -0.0082   0.0182    -6.90  0    cut
 461  sn2008A       Ia-pec     0.7459   2.67  -0.0072   0.0173    -7.90  0    cut
 462  sn2003W       Ia-norm    0.6945   2.67   0.1457   0.0204    -0.40  0    cut
 463  sn2002fk      Ia-norm    0.6837   2.67   0.1329   0.0180    -1.50  0    cut
 464  sn2005hk      Ia-pec     0.7446   2.66   0.1064   0.0139    -2.40  0    cut
 465  sn1997dt      Ia-norm    0.6810   2.66   0.1414   0.0185    -7.70  0    cut
 466  sn2006cp      Ia-norm    0.7419   2.65   0.1600   0.0202    -9.30  0    cut
 467  sn2003du      Ia-norm    0.6810   2.65   0.1420   0.0205   -10.70  0    cut
 468  sn2003cq      Ia-norm    0.6999   2.65   0.1371   0.0181    -0.90  0    cut
 469  sn1997br      Ia-91T     0.6850   2.65   0.1405   0.0200    -7.00  0    cut
 470  sn1996X       Ia-norm    0.8299   2.65   0.1280   0.0189     0.10  0    cut
 471  sn1997dt      Ia-norm    0.6810   2.65   0.1436   0.0189   -10.60  0    cut
 472  sn2006cm      Ia-norm    0.7446   2.64   0.1346   0.0191    -1.00  0    cut
 473  sn2006oa      Ia-91T     0.7487   2.64   0.1553   0.0267    -7.60  0    cut
 474  sn2005cf      Ia-norm    0.6796   2.64   0.1402   0.0229    -8.70  0    cut
 475  sn2005bf      Ib-pec     0.7365   2.64   0.1189   0.0184    -5.60  0    cut
 476  sn2005bl      Ia-91bg    0.7757   2.63   0.1288   0.0165    -4.90  0    cut
 477  sn2002fb      Ia-91bg    0.6891   2.63   0.1351   0.0204    -2.70  0    cut
 478  sn1998aq      Ia-norm    0.6769   2.62   0.1345   0.0185     0.00  0    cut
 479  sn2003fa      Ia-91T     0.6972   2.62   0.1367   0.0215    -6.60  0    cut
 480  sn2005hk      Ia-pec     0.7432   2.62  -0.0094   0.0000    -8.30  0    cut
 481  sn1991N       Ic-norm    0.8109   2.62  -0.0036   0.0271     7.60  1    cut
 482  sn2001gc      Ia-norm    0.6945   2.62   0.1544   0.0206    -8.50  0    cut
 483  sn1997dt      Ia-norm    0.6810   2.61   0.1420   0.0189    -8.70  0    cut
 484  sn2004dt      Ia-norm    0.8299   2.61   0.1614   0.0190    -9.40  0    cut
 485  sn2005hj      Ia-91T     0.6227   2.61   0.1374   0.0175    -4.30  0    cut
 486  sn2001cp      Ia-norm    0.6972   2.61   0.1356   0.0186    -1.10  0    cut
 487  sn1994D       Ia-norm    0.7595   2.61   0.1363   0.0184    -2.30  0    cut
 488  sn1998V       Ia-norm    0.6931   2.61   0.1345   0.0182     0.30  0    cut
 489  sn1997dt      Ia-norm    0.6796   2.61   0.1435   0.0191    -9.70  0    cut
 490  sn2004aw      Ic-norm    0.8042   2.60   0.1346   0.0199    -0.20  0    cut
 491  sn2003cq      Ia-norm    0.6999   2.60   0.1380   0.0180    -1.80  0    cut
 492  sn1997br      Ia-91T     0.6742   2.59   0.1422   0.0203    -7.60  0    cut
 493  sn1995bd      Ia-91T     0.6945   2.59   0.1436   0.0227    -7.10  0    cut
 494  sn2004ef      Ia-norm    0.7473   2.58   0.1544   0.0208    -4.20  0    cut
 495  sn2003kf      Ia-norm    0.6877   2.58   0.1432   0.0203    -9.40  0    cut
 496  sn1991A       Ic-norm    0.6065   2.58   0.1214   0.0269     0.00  1    cut
 497  sn2003W       Ia-norm    0.6945   2.58   0.1616   0.0220   -10.20  0    cut
 498  sn2005cf      Ia-norm    0.7446   2.57   0.1526   0.0206   -11.40  0    cut
 499  sn2002jy      Ia-norm    0.6945   2.57   0.1353   0.0183     0.10  0    cut
 500  sn2000E       Ia-norm    0.7094   2.57   0.1386   0.0198    -3.40  0    cut
 501  sn2001ex      Ia-norm    0.6999   2.56   0.1279   0.0162    -3.40  0    cut
 502  sn2002bo      Ia-norm    0.6783   2.56   0.1473   0.0204    -8.40  0    cut
 503  sn1995F       Ic-norm    0.7676   2.56   0.1229   0.0200     0.20  1    cut
 504  sn1991N       Ic-norm    0.8299   2.56  -0.0065   0.0273    12.00  1    cut
 505  sn2003cg      Ia-norm    0.6837   2.56   0.1374   0.0195    -8.00  0    cut
 506  sn2003iv      Ia-norm    0.6986   2.55   0.1316   0.0174    -1.40  0    cut
 507  sn1983V       Ic-norm    0.6403   2.55   0.0148   0.0213    -7.00  0    cut
 508  sn2002G       Ia-norm    0.6959   2.55   0.1394   0.0178    -4.40  0    cut
 509  sn2002bo      Ia-norm    0.6783   2.55   0.1462   0.0204    -7.30  0    cut
 510  sn1999cl      Ia-norm    0.6823   2.55   0.1453   0.0208    -8.30  0    cut
 511  sn2005hk      Ia-pec     0.6282   2.55   0.1242   0.0178    -6.30  0    cut
 512  sn2002G       Ia-norm    0.6986   2.54   0.1393   0.0182    -2.50  0    cut
 513  sn1998eg      Ia-norm    0.6877   2.53   0.1319   0.0181    -0.80  0    cut
 514  sn2003cg      Ia-norm    0.6755   2.53   0.1356   0.0209    -6.40  0    cut
 515  sn2002bo      Ia-norm    0.6783   2.52   0.1451   0.0205    -6.30  0    cut
 516  sn2007cq      Ia-91T     0.7432   2.51   0.1285   0.0173    -4.00  0    cut
 517  sn1995F       Ic-norm    0.6607   2.51   0.1257   0.0230    11.00  1    cut
 518  sn2002bo      Ia-norm    0.6783   2.51   0.1432   0.0204    -4.30  0    cut
 519  sn2004dt      Ia-norm    0.8218   2.50   0.1544   0.0216    -3.70  0    cut
 520  sn2005bf      Ib-pec     0.7405   2.50   0.1160   0.0178    -0.70  0    cut
 521  sn1994S       Ia-norm    0.6634   2.50   0.1358   0.0201    -4.00  0    cut
 522  sn1999ac      Ia-91T     0.6850   2.50   0.1328   0.0213    -0.90  0    cut
 523  sn2008A       Ia-pec     0.7459   2.50  -0.0094   0.0000    -1.00  0    cut
 524  sn2006cm      Ia-norm    0.7392   2.50   0.1297   0.0255    -1.90  0    cut
 525  sn2008D       Ib-pec     0.6674   2.50   0.0145   0.0232   -12.40  0    cut
 526  sn1991N       Ic-norm    0.6255   2.50   0.2385   0.0121   276.10  1    cut
 527  sn1997dt      Ia-norm    0.6796   2.50   0.1389   0.0192    -4.70  0    cut
 528  sn2006aj      Ic-broad   0.6837   2.50   0.1660   0.0221    -0.40  0    cut
 529  sn1996ai      Ia-norm    0.6823   2.50   0.1336   0.0177     0.10  0    cut
 530  sn2006cp      Ia-norm    0.7392   2.49   0.1611   0.0214   -10.30  0    cut
 531  sn1998de      Ia-91bg    0.6241   2.49   0.1465   0.0274    -7.20  0    cut
 532  sn2005bf      Ib-pec     0.7405   2.49   0.1192   0.0194    -4.60  0    cut
 533  sn2002aw      Ia-norm    0.6972   2.49   0.1326   0.0190    -1.90  0    cut
 534  sn2002dj      Ia-norm    0.6674   2.48   0.1511   0.0207   -10.40  0    cut
 535  sn2008D       Ib-pec     0.8258   2.48   0.0605   0.0229   -16.40  0    cut
 536  sn1996X       Ia-norm    0.6877   2.48   0.1346   0.0184    -1.70  0    cut
 537  sn2003cg      Ia-norm    0.6701   2.48   0.1346   0.0191    -1.00  0    cut
 538  sn2005bf      Ib-pec     0.7419   2.48   0.1188   0.0195    -7.60  0    cut
 539  sn2003cg      Ia-norm    0.6783   2.48   0.1355   0.0188    -0.20  0    cut
 540  sn1996X       Ia-norm    0.6864   2.48   0.1359   0.0189    -3.80  0    cut
 541  sn2003iv      Ia-norm    0.6972   2.48   0.1309   0.0177    -0.50  0    cut
 542  sn2003cq      Ia-norm    0.6986   2.47   0.1354   0.0185     0.00  0    cut
 543  sn1995F       Ic-norm    0.7690   2.47   0.1243   0.0212    56.90  1    cut
 544  sn1997dq      Ic-broad   0.8069   2.47   0.1334   0.0276     1.00  1    cut
 545  sn2007qe      Ia-norm    0.7419   2.47   0.1642   0.0224    -8.60  0    cut
 546  sn1991N       Ic-norm    0.8082   2.47  -0.0094   0.0000    27.90  1    cut
 547  sn2002er      Ia-norm    0.6796   2.47   0.1398   0.0198    -3.80  0    cut
 548  sn2002bo      Ia-norm    0.6783   2.46   0.1441   0.0207    -5.40  0    cut
 549  sn2003cq      Ia-norm    0.6986   2.46   0.1433   0.0181    -5.80  0    cut
 550  sn2003iv      Ia-norm    0.6972   2.46   0.1317   0.0176    -2.40  0    cut
 551  sn1986G       Ia-91bg    0.6539   2.46   0.1372   0.0210    -2.20  0    cut
 552  sn2002bo      Ia-norm    0.6783   2.46   0.1420   0.0206    -3.40  0    cut
 553  sn2006aj      Ic-broad   0.7121   2.46   0.0281   0.0209    -3.30  0    cut
 554  sn2006cp      Ia-norm    0.7405   2.45   0.1647   0.0218   -11.20  0    cut
 555  sn2003W       Ia-norm    0.8299   2.45   0.0282   0.0258   -11.10  0    cut
 556  sn1996X       Ia-norm    0.6877   2.45   0.1355   0.0192    -2.80  0    cut
 557  sn2004dt      Ia-norm    0.8218   2.44   0.1580   0.0219    -8.50  0    cut
 558  sn2002bo      Ia-norm    0.6783   2.44   0.1529   0.0226   -13.40  0    cut
 559  sn1998ab      Ia-91T     0.6864   2.44   0.1433   0.0216    -7.80  0    cut
 560  sn2006br      Ia-norm    0.6945   2.44   0.1337   0.0176     0.20  0    cut
 561  sn1998dh      Ia-norm    0.6796   2.44   0.1414   0.0197    -7.50  0    cut
 562  sn1998dh      Ia-norm    0.6810   2.43   0.1421   0.0200    -8.40  0    cut
 563  sn1996ai      Ia-norm    0.7378   2.41   0.1364   0.0205    -0.90  0    cut
 564  sn1998aq      Ia-norm    0.6769   2.41   0.1358   0.0217    -9.90  0    cut
 565  sn1999dn      Ib-norm    0.7175   2.41   0.1164   0.0180     6.90  1    cut
 566  sn2002bo      Ia-norm    0.6783   2.41   0.1413   0.0208    -2.40  0    cut
 567  sn2000dg      Ia-norm    0.6986   2.41   0.1226   0.0180    -0.80  0    cut
 568  sn1998dh      Ia-norm    0.6823   2.41   0.1426   0.0200    -9.40  0    cut
 569  sn1997br      Ia-91T     0.6823   2.41   0.1416   0.0214    -8.00  0    cut
 570  sn1990N       Ia-norm    0.8285   2.41   0.1661   0.0345   -14.20  0    cut
 571  sn2000fa      Ia-norm    0.7067   2.41   0.1543   0.0234   -10.40  0    cut
 572  sn2003cg      Ia-norm    0.6986   2.41   0.1370   0.0194    -5.00  0    cut
 573  sn1983V       Ic-norm    0.7175   2.40   0.1519   0.0231    -9.00  0    cut
 574  sn1986G       Ia-91bg    0.6552   2.40   0.1331   0.0202    -0.20  0    cut
 575  sn2002bo      Ia-norm    0.6783   2.40   0.1404   0.0207    -1.50  0    cut
 576  sn1998ec      Ia-norm    0.6891   2.40   0.1442   0.0212    -3.90  0    cut
 577  sn2002cr      Ia-norm    0.6850   2.39   0.1323   0.0192    -2.40  0    cut
 578  sn2000E       Ia-norm    0.6986   2.39   0.1393   0.0199    -2.30  0    cut
 579  sn2007le      Ia-norm    0.7459   2.39   0.1604   0.0225   -10.30  0    cut
 580  sn2003U       Ia-norm    0.6986   2.39   0.1338   0.0184    -0.70  0    cut
 581  sn1995bd      Ia-91T     0.6945   2.38   0.1518   0.0245    -9.10  0    cut
 582  sn1997cy      IIn        0.7649   2.38   0.1949   0.0124   174.50  1    cut
 583  sn2004bg      Ia-norm    0.6959   2.38   0.1329   0.0204    -3.00  0    cut
 584  sn2005cf      Ia-norm    0.7121   2.38   0.1442   0.0228    -9.70  0    cut
 585  sn2006D       Ia-norm    0.8285   2.37   0.1318   0.0176    -5.30  0    cut
 586  sn2001br      Ia-norm    0.6959   2.37   0.1420   0.0203    -0.40  0    cut
 587  sn2003du      Ia-norm    0.6810   2.37   0.1348   0.0206    -1.80  0    cut
 588  sn1994D       Ia-norm    0.7879   2.37   0.1437   0.0211    -5.30  0    cut
 589  sn1997bq      Ia-norm    0.6891   2.37   0.1483   0.0218    -6.60  0    cut
 590  sn2004at      Ia-norm    0.6945   2.37   0.1382   0.0206    -4.70  0    cut
 591  sn2007qe      Ia-norm    0.7432   2.37   0.1664   0.0235    -9.40  0    cut
 592  sn1997bq      Ia-norm    0.6891   2.37   0.1469   0.0216    -5.60  0    cut
 593  sn1986G       Ia-91bg    0.6566   2.36   0.1363   0.0214    -1.20  0    cut
 594  sn2004aw      Ic-norm    0.6904   2.36   0.1504   0.0239    -5.20  0    cut
 595  sn1998ef      Ia-norm    0.6823   2.36   0.1433   0.0203    -4.50  0    cut
 596  sn2004dt      Ia-norm    0.8055   2.36   0.1564   0.0219    -5.60  0    cut
 597  sn2005hk      Ia-pec     0.6282   2.35   0.1236   0.0185    -7.30  0    cut
 598  sn1994D       Ia-norm    0.6823   2.35   0.1379   0.0196    -5.10  0    cut
 599  sn2004ef      Ia-norm    0.7487   2.35   0.1609   0.0248    -8.10  0    cut
 600  sn1998ec      Ia-norm    0.6931   2.35   0.1435   0.0216    -3.00  0    cut
 601  sn1997bq      Ia-norm    0.6904   2.34   0.1541   0.0228   -10.60  0    cut
 602  sn2006bz      Ia-91bg    0.6769   2.34   0.1336   0.0250    -1.40  0    cut
 603  sn1998ef      Ia-norm    0.6810   2.34   0.1424   0.0203    -3.60  0    cut
 604  sn2002cr      Ia-norm    0.6850   2.34   0.1350   0.0196    -6.30  0    cut
 605  sn1997br      Ia-91T     0.6728   2.34   0.1457   0.0229    -9.60  0    cut
 606  sn2004as      Ia-norm    0.6972   2.33   0.1365   0.0199    -0.10  0    cut
 607  sn1997bq      Ia-norm    0.6891   2.33   0.1523   0.0223    -9.60  0    cut
 608  sn2003it      Ia-norm    0.6945   2.33   0.1357   0.0198    -1.10  0    cut
 609  sn2004at      Ia-norm    0.6972   2.33   0.1375   0.0205    -3.60  0    cut
 610  kcSb          Gal        0.8299   2.33   0.1076   0.0171   -99.90  2    cut
 611  sn1997br      Ia-91T     0.7026   2.33   0.1263   0.0236    -4.60  0    cut
 612  sn2002cs      Ia-norm    0.6837   2.33   0.1528   0.0197    -8.50  0    cut
 613  sn1994D       Ia-norm    0.6810   2.32   0.1371   0.0194    -4.10  0    cut
 614  sn1995F       Ic-norm    0.7690   2.32   0.1170   0.0216    29.10  1    cut
 615  sn2007if      Ia-pec     0.8299   2.32  -0.0063   0.0220    -9.20  0    cut
 616  sn1996X       Ia-norm    0.6877   2.32   0.1341   0.0194    -0.80  0    cut
 617  sn1999by      Ia-91bg    0.6783   2.32   0.1311   0.0224    -4.10  0    cut
 618  sn1999ac      Ia-91T     0.6390   2.32   0.1403   0.0205    -9.90  0    cut
 619  sn2004at      Ia-norm    0.6972   2.32   0.1347   0.0198    -0.70  0    cut
 620  sn1997bp      Ia-norm    0.6877   2.31   0.1483   0.0217    -1.20  0    cut
 621  sn2004at      Ia-norm    0.6959   2.31   0.1402   0.0211    -6.60  0    cut
 622  sn2004at      Ia-norm    0.6945   2.31   0.1411   0.0210    -7.40  0    cut
 623  sn2005hk      Ia-pec     0.7432   2.31  -0.0094   0.0000    -9.30  0    cut
 624  sn1997bp      Ia-norm    0.6864   2.30   0.1474   0.0218    -0.20  0    cut
 625  sn2006D       Ia-norm    0.8272   2.30   0.1293   0.0189    -1.40  0    cut
 626  sn1994D       Ia-norm    0.6810   2.30   0.1369   0.0196    -3.10  0    cut
 627  sn1999ek      Ia-norm    0.6918   2.30   0.1318   0.0193    -0.60  0    cut
 628  sn2002bo      Ia-norm    0.7094   2.30   0.1576   0.0250   -13.60  0    cut
 629  sn1997bq      Ia-norm    0.6891   2.30   0.1509   0.0221    -8.70  0    cut
 630  sn1996X       Ia-norm    0.6742   2.30   0.1345   0.0208    -1.80  0    cut
 631  sn2004at      Ia-norm    0.6931   2.30   0.1422   0.0217    -8.60  0    cut
 632  sn2005cg      Ia-norm    0.5984   2.30   0.1462   0.0214    -8.80  0    cut
 633  sn2005am      Ia-norm    0.7473   2.29   0.1496   0.0214    -2.90  0    cut
 634  sn2000dn      Ia-norm    0.6972   2.29   0.1332   0.0193    -7.70  0    cut
 635  sn2004eo      Ia-norm    0.6959   2.29   0.1301   0.0192    -2.00  0    cut
 636  sn2004as      Ia-norm    0.6986   2.28   0.1372   0.0206    -1.00  0    cut
 637  sn2003du      Ia-norm    0.6810   2.28   0.1441   0.0226   -12.70  0    cut
 638  sn1998dh      Ia-norm    0.6783   2.28   0.1393   0.0211    -5.40  0    cut
 639  sn2007cq      Ia-91T     0.7446   2.28   0.1283   0.0183    -5.00  0    cut
 640  sn2001ep      Ia-norm    0.6891   2.28   0.1377   0.0214    -7.00  0    cut
 641  sn2001da      Ia-norm    0.6918   2.27   0.1395   0.0215    -2.00  0    cut
 642  sn2002cs      Ia-norm    0.6891   2.27   0.1486   0.0206    -4.50  0    cut
 643  sn2004as      Ia-norm    0.6972   2.27   0.1431   0.0217    -4.90  0    cut
 644  sn2003it      Ia-norm    0.6986   2.27   0.1370   0.0204    -2.20  0    cut
 645  sn2003it      Ia-norm    0.6972   2.27   0.1355   0.0201    -0.20  0    cut
 646  sn2001fh      Ia-norm    0.6877   2.27   0.1335   0.0199    -1.70  0    cut
 647  sn2004at      Ia-norm    0.6972   2.27   0.1338   0.0203     0.20  0    cut
 648  sn2004as      Ia-norm    0.6972   2.26   0.1401   0.0214    -2.90  0    cut
 649  sn1996X       Ia-norm    0.6877   2.26   0.1338   0.0198     0.20  0    cut
 650  sn1994D       Ia-norm    0.7121   2.26   0.1545   0.0216   -10.10  0    cut
 651  sn2004as      Ia-norm    0.6945   2.26   0.1460   0.0228    -6.80  0    cut
 652  sn1983V       Ic-norm    0.6146   2.26   0.1443   0.0218    -4.00  0    cut
 653  sn1994T       Ia-norm    0.6349   2.25   0.1341   0.0221    -0.20  0    cut
 654  sn1998dh      Ia-norm    0.6810   2.25   0.1388   0.0210    -3.50  0    cut
 655  sn2001fh      Ia-norm    0.6864   2.25   0.1337   0.0203    -3.60  0    cut
 656  sn2002hw      Ia-norm    0.6931   2.25   0.1347   0.0194    -6.00  0    cut
 657  sn2002dp      Ia-norm    0.6864   2.25   0.1370   0.0201    -4.80  0    cut
 658  sn1997dt      Ia-norm    0.6796   2.25   0.1350   0.0207     0.20  0    cut
 659  sn1995F       Ic-norm    0.7690   2.25   0.1210   0.0215    35.80  1    cut
 660  mstar         M-star     0.7338   2.24   0.1185   0.0215     4.00  2    cut
 661  sn2003cg      Ia-norm    0.6065   2.24   0.1356   0.0195    -2.30  0    cut
 662  sn1986G       Ia-91bg    0.6959   2.23   0.1367   0.0200    -4.70  0    cut
 663  sn1999cc      Ia-norm    0.6972   2.23   0.1359   0.0195    -0.20  0    cut
 664  sn2004dt      Ia-norm    0.8055   2.23   0.1573   0.0220    -6.40  0    cut
 665  sn2005bl      Ia-91bg    0.6769   2.23   0.1354   0.0256    -2.90  0    cut
 666  sn1997bq      Ia-norm    0.6891   2.23   0.1496   0.0225    -7.70  0    cut
 667  sn2006D       Ia-norm    0.8285   2.23   0.1333   0.0189    -7.30  0    cut
 668  sn2005cf      Ia-norm    0.7459   2.23   0.1537   0.0220   -12.40  0    cut
 669  sn2006bz      Ia-91bg    0.7392   2.22   0.1268   0.0159    -0.30  0    cut
 670  sn2002cs      Ia-norm    0.6864   2.22   0.1521   0.0205    -7.50  0    cut
 671  sn2001el      Ia-norm    0.5672   2.22   0.1433   0.0192    -3.80  0    cut
 672  sn2003cg      Ia-norm    0.6972   2.21   0.1366   0.0211    -7.30  0    cut
 673  sn2002hw      Ia-norm    0.6918   2.21   0.1354   0.0198    -3.20  0    cut
 674  sn2008D       Ib-pec     0.7514   2.21   0.0292   0.0277   -13.40  0    cut
 675  sn2005hk      Ia-pec     0.7392   2.21  -0.0094   0.0000    -5.30  0    cut
 676  sn2005hk      Ia-pec     0.7459   2.21  -0.0094   0.0000    -4.30  0    cut
 677  sn2001fh      Ia-norm    0.6864   2.21   0.1336   0.0201    -2.60  0    cut
 678  sn1999cp      Ia-norm    0.6823   2.20   0.1438   0.0232   -14.90  0    cut
 679  sn2001ep      Ia-norm    0.6891   2.20   0.1335   0.0213    -2.10  0    cut
 680  sn2001ep      Ia-norm    0.6891   2.20   0.1344   0.0214    -3.10  0    cut
 681  sn2002cr      Ia-norm    0.6850   2.20   0.1362   0.0206    -8.20  0    cut
 682  sn2007if      Ia-pec     0.6255   2.19   0.1286   0.0204    -6.60  0    cut
 683  sn2000dm      Ia-norm    0.6891   2.18   0.1340   0.0200    -2.90  0    cut
 684  sn2006aj      Ic-broad   0.7920   2.18   0.0381   0.0195    -5.30  0    cut
 685  sn1997br      Ia-91T     0.6485   2.18   0.1427   0.0226    -8.60  0    cut
 686  sn2004as      Ia-norm    0.6999   2.18   0.1392   0.0216    -2.00  0    cut
 687  sn1998co      Ia-norm    0.6931   2.17   0.1328   0.0204     0.00  0    cut
 688  sn2000cn      Ia-91bg    0.6972   2.17   0.1405   0.0215    -7.30  0    cut
 689  sn1994D       Ia-norm    0.6823   2.17   0.1418   0.0211    -8.10  0    cut
 690  sn2003U       Ia-norm    0.6972   2.17   0.1375   0.0202    -5.60  0    cut
 691  sn2005bl      Ia-91bg    0.6769   2.17   0.1320   0.0223    -5.90  0    cut
 692  sn1994I       Ic-norm    0.6769   2.17   0.1386   0.0278    -5.50  0    cut
 693  sn2003it      Ia-norm    0.6972   2.17   0.1370   0.0209    -3.20  0    cut
 694  sn2004as      Ia-norm    0.6999   2.17   0.1420   0.0227    -3.90  0    cut
 695  lbv2001ac     LBV        0.6796   2.17   0.1931   0.0114   -99.90  2    cut
 696  sn2004as      Ia-norm    0.6972   2.17   0.1483   0.0239    -7.80  0    cut
 697  sn2002dj      Ia-norm    0.7784   2.16   0.1623   0.0243    -9.50  0    cut
 698  sn2003kc      Ia-norm    0.7013   2.16   0.1436   0.0218    -5.70  0    cut
 699  sn2008D       Ib-pec     0.8177   2.15   0.0176   0.0327   -13.50  0    cut
 700  sn2004as      Ia-norm    0.6999   2.15   0.1454   0.0235    -5.90  0    cut
 701  sn2002dl      Ia-91bg    0.6918   2.15   0.1372   0.0215    -7.40  0    cut
 702  sn2002bo      Ia-norm    0.8001   2.14   0.0204   0.0304   -12.40  0    cut
 703  sn2005hk      Ia-pec     0.7432   2.14  -0.0094   0.0000    -7.30  0    cut
 704  sn2002hw      Ia-norm    0.6931   2.13   0.1352   0.0196    -5.20  0    cut
 705  sn1998dh      Ia-norm    0.6837   2.13   0.1368   0.0214    -0.60  0    cut
 706  lbv1999bw     LBV        0.6295   2.13   0.1943   0.0118   -99.90  2    cut
 707  sn2004dt      Ia-norm    0.7811   2.13   0.1503   0.0224    -1.00  0    cut
 708  sn1999cc      Ia-norm    0.6999   2.13   0.1364   0.0204    -1.20  0    cut
 709  sn2002dl      Ia-91bg    0.6918   2.13   0.1381   0.0223    -8.40  0    cut
 710  sn2002bo      Ia-norm    0.7256   2.13   0.1525   0.0223    -9.70  0    cut
 711  sn2005gj      Ia-csm     0.6187   2.12   0.1283   0.0130   -12.10  0    cut
 712  sn2001ep      Ia-norm    0.6891   2.12   0.1330   0.0218    -1.10  0    cut
 713  sn2005hk      Ia-pec     0.7432   2.12  -0.0094   0.0000    -6.30  0    cut
 714  sn2002ha      Ia-norm    0.6904   2.12   0.1368   0.0212    -4.20  0    cut
 715  sn1998bp      Ia-norm    0.6864   2.12   0.1327   0.0208    -1.90  0    cut
 716  sn2001ep      Ia-norm    0.6891   2.12   0.1321   0.0216    -0.10  0    cut
 717  sn2006bp      IIP        0.5700   2.12   0.2133   0.0176     0.10  0    cut
 718  sn1998bp      Ia-norm    0.6864   2.12   0.1337   0.0205    -2.90  0    cut
 719  kcE           Gal        0.8299   2.11   0.1055   0.0121   -99.90  2    cut
 720  sn2004dt      Ia-norm    0.7893   2.11   0.1532   0.0222    -3.00  0    cut
 721  sn2002dl      Ia-91bg    0.6918   2.10   0.1372   0.0217    -6.50  0    cut
 722  sn1999ej      Ia-norm    0.6850   2.10   0.1335   0.0210    -1.80  0    cut
 723  sn2006lf      Ia-norm    0.6823   2.09   0.1352   0.0209    -5.50  0    cut
 724  sn2008ae      Ia-pec     0.7487   2.09  -0.0094   0.0000    -0.10  0    cut
 725  sn1999da      Ia-91bg    0.6850   2.08   0.1353   0.0222    -2.60  0    cut
 726  sn2002cr      Ia-norm    0.6850   2.08   0.1385   0.0221   -11.20  0    cut
 727  sn2001cp      Ia-norm    0.6945   2.07   0.1368   0.0226    -3.90  0    cut
 728  sn2005eu      Ia-norm    0.7487   2.07   0.1488   0.0271    -9.00  0    cut
 729  sn1998bp      Ia-norm    0.6864   2.07   0.1319   0.0213    -0.90  0    cut
 730  sn1991T       Ia-91T     0.8299   2.07   0.0672   0.0372   -12.80  0    cut
 731  sn1991ar      Ib-norm    0.5930   2.07   0.1093   0.0179    27.40  1    cut
 732  sn2000cn      Ia-91bg    0.6986   2.07   0.1416   0.0222    -9.30  0    cut
 733  sn1997cy      IIn        0.7974   2.07   0.1961   0.0140   116.80  1    cut
 734  sn2002cu      Ia-norm    0.6972   2.06   0.1515   0.0257    -6.30  0    cut
 735  sn1994D       Ia-norm    0.6796   2.06   0.1354   0.0206    -0.10  0    cut
 736  sn2005hk      Ia-pec     0.7392   2.06  -0.0094   0.0000    -3.30  0    cut
 737  sn2004eo      Ia-norm    0.6769   2.05   0.1345   0.0229   -10.20  0    cut
 738  sn2000dk      Ia-norm    0.6931   2.05   0.1362   0.0206    -4.20  0    cut
 739  sn2001da      Ia-norm    0.6918   2.05   0.1374   0.0225     0.00  0    cut
 740  sn2007Y       Ib-norm    0.7811   2.04   0.1180   0.0241    -2.00  0    cut
 741  sn2004dt      Ia-norm    0.7527   2.04   0.1464   0.0216    -0.70  0    cut
 742  sn1997br      Ia-91T     0.6079   2.03   0.1417   0.0231    -6.60  0    cut
 743  sn1998bp      Ia-norm    0.6850   2.03   0.1309   0.0220     0.10  0    cut
 744  sn2003Y       Ia-91bg    0.6904   2.03   0.1330   0.0274    -5.30  0    cut
 745  sn2002cf      Ia-91bg    0.6904   2.02   0.1370   0.0236    -5.40  0    cut
 746  sn2000cn      Ia-91bg    0.6972   2.01   0.1414   0.0230    -8.30  0    cut
 747  sn2002bo      Ia-norm    0.7121   2.01   0.1447   0.0229    -4.70  0    cut
 748  sn2005cg      Ia-norm    0.5781   2.01   0.1487   0.0228    -9.80  0    cut
 749  sn2002bo      Ia-norm    0.7121   2.00   0.1556   0.0245   -12.70  0    cut
 750  sn2000dk      Ia-norm    0.6931   2.00   0.1368   0.0211    -5.10  0    cut
 751  sn1995bd      Ia-91T     0.6918   2.00   0.1598   0.0306   -12.00  0    cut
 752  sn1998de      Ia-91bg    0.6904   1.99   0.1422   0.0306    -6.20  0    cut
 753  sn2002cu      Ia-norm    0.6959   1.99   0.1462   0.0234    -3.30  0    cut
 754  sn1988L       Ib-norm    0.6092   1.99   0.1127   0.0267     0.00  1    cut
 755  sn1997dq      Ic-broad   0.7663   1.99   0.1259   0.0285    27.90  1    cut
 756  sn1997dq      Ic-broad   0.7663   1.99   0.1260   0.0285    27.90  1    cut
 757  sn2003ch      Ia-norm    0.6999   1.99   0.1326   0.0206    -2.10  0    cut
 758  sn1999di      Ib-norm    0.6160   1.98   0.1086   0.0173    23.60  1    cut
 759  lbv2003hy     LBV        0.6945   1.98   0.0982   0.0256   -99.90  2    cut
 760  sn1994D       Ia-norm    0.6498   1.97   0.1399   0.0226    -8.20  0    cut
 761  sn2002er      Ia-norm    0.7040   1.97   0.1465   0.0219   -10.00  0    cut
 762  sn2005bf      Ib-pec     0.6065   1.97  -0.0055   0.0273    -0.90  0    cut
 763  sn1999cc      Ia-norm    0.6986   1.97   0.1380   0.0217    -3.20  0    cut
 764  sn2002cu      Ia-norm    0.6959   1.97   0.1551   0.0246    -8.20  0    cut
 765  sn2002ap      Ic-broad   0.6728   1.97   0.1347   0.0316    -0.40  0    cut
 766  sn2003ch      Ia-norm    0.6986   1.97   0.1314   0.0217    -0.20  0    cut
 767  lbv1999bw     LBV        0.6783   1.97   0.1916   0.0127   -99.90  2    cut
 768  sn2006gz      Ia-pec     0.7080   1.96   0.0033   0.0251   -12.30  0    cut
 769  sn1998de      Ia-91bg    0.6904   1.96   0.1393   0.0284    -5.20  0    cut
 770  sn2002he      Ia-norm    0.6918   1.96   0.1459   0.0229    -8.10  0    cut
 771  kcSB4         Gal        0.8299   1.95   0.1914   0.0117   -99.90  2    cut
 772  lbv2003hy     LBV        0.6945   1.95   0.1055   0.0264   -99.90  2    cut
 773  sn2006aj      Ic-broad   0.6823   1.94   0.1678   0.0284    -1.40  0    cut
 774  sn1994D       Ia-norm    0.6823   1.94   0.1460   0.0241   -10.00  0    cut
 775  sn1997cy      IIn        0.7974   1.94   0.1924   0.0141   377.70  1    cut
 776  sn2002cx      Ia-pec     0.6931   1.93   0.1239   0.0224    -4.30  0    cut
 777  sn1997dd      IIb        0.7500   1.93   0.1118   0.0195     0.00  1    cut
 778  sn2004dt      Ia-norm    0.7839   1.91   0.1570   0.0235    -4.50  0    cut
 779  sn2008D       Ib-pec     0.6647   1.91   0.1226   0.0225    -6.60  0    cut
 780  sn2002dj      Ia-norm    0.7690   1.90   0.1655   0.0271   -11.40  0    cut
 781  sn1998de      Ia-91bg    0.6918   1.90   0.1365   0.0287    -3.20  0    cut
 782  sn2002er      Ia-norm    0.6891   1.90   0.1464   0.0253    -8.00  0    cut
 783  sn2003cg      Ia-norm    0.6079   1.89   0.1335   0.0231    -2.80  0    cut
 784  kcSa          Gal        0.8299   1.89   0.9396   0.0131   -99.90  2    cut
 785  sn1993J       IIb        0.8299   1.89  -0.0046   0.0206    -2.00  0    cut
 786  sn1997dq      Ic-broad   0.8055   1.87   0.1236   0.0252    81.70  1    cut
 787  sn1998de      Ia-91bg    0.6918   1.87   0.1355   0.0275    -0.30  0    cut
 788  sn2004ef      Ia-norm    0.7473   1.87   0.1720   0.0264    -7.10  0    cut
 789  sn1991A       Ic-norm    0.5740   1.87   0.2449   0.0159    65.10  1    cut
 790  sn1994I       Ic-norm    0.6728   1.86   0.1321   0.0293    -3.60  0    cut
 791  sn1999em      IIP        0.6728   1.86   0.2050   0.0174    -1.60  0    cut
 792  sn2006lf      Ia-norm    0.6837   1.86   0.1373   0.0239    -7.50  0    cut
 793  sn1997E       Ia-norm    0.6931   1.85   0.1365   0.0223    -3.70  0    cut
 794  sn2006bp      IIP        0.5713   1.85   0.2147   0.0195    -1.70  0    cut
 795  sn2002jg      Ia-norm    0.6918   1.84   0.1350   0.0231    -3.40  0    cut
 796  lbv2003hy     LBV        0.6796   1.84   0.1009   0.0207   -99.90  2    cut
 797  sn2006aj      Ic-broad   0.7933   1.84   0.0291   0.0271    -2.40  0    cut
 798  sn2004dt      Ia-norm    0.6133   1.83   0.1529   0.0235    -8.90  0    cut
 799  sn1994D       Ia-norm    0.6552   1.83   0.1412   0.0243    -9.20  0    cut
 800  sn2002dj      Ia-norm    0.7730   1.83   0.1598   0.0258    -8.60  0    cut
 801  sn2006gz      Ia-pec     0.7378   1.82   0.1491   0.0192    -9.30  0    cut
 802  sn1998de      Ia-91bg    0.6904   1.81   0.1372   0.0309    -2.20  0    cut
 803  sn1994I       Ic-norm    0.6783   1.81   0.1306   0.0296    -2.50  0    cut
 804  sn1999dn      Ib-norm    0.6904   1.81   0.1164   0.0210     0.00  1    cut
 805  sn1993J       IIb        0.8299   1.80  -0.0046   0.0208    -3.00  0    cut
 806  sn1991N       Ic-norm    0.8299   1.80   0.2381   0.0156   250.20  1    cut
 807  sn1993J       IIb        0.8299   1.79  -0.0041   0.0210    -4.00  0    cut
 808  sn2003gn      Ia-norm    0.6986   1.79   0.1431   0.0242    -3.00  0    cut
 809  sn2005hk      Ia-pec     0.7960   1.78  -0.0094   0.0000    -8.30  0    cut
 810  sn1995F       Ic-norm    0.7419   1.77   0.1251   0.0255    88.80  1    cut
 811  sn2003Y       Ia-91bg    0.6904   1.76   0.1301   0.0245    -3.40  0    cut
 812  sn1997cy      IIn        0.7974   1.76   0.2291   0.0164   125.30  1    cut
 813  sn1997cy      IIn        0.7960   1.76   0.1962   0.0159    71.30  1    cut
 814  sn1990K       IIL        0.6227   1.76   0.1465   0.0206   147.00  1    cut
 815  sn1991ar      Ib-norm    0.5348   1.75   0.1069   0.0257     0.00  1    cut
 816  kcSB6         Gal        0.8299   1.74   0.1918   0.0121   -99.90  2    cut
 817  sn1999ac      Ia-91T     0.6783   1.74   0.1489   0.0313   -13.90  0    cut
 818  lbv2003hy     LBV        0.6959   1.74   0.0979   0.0260   -99.90  2    cut
 819  lbv2001ac     LBV        0.8150   1.73   0.0859   0.0155   -99.90  2    cut
 820  sn2006gz      Ia-pec     0.7405   1.72   0.1503   0.0184   -11.30  0    cut
 821  sn1994I       Ic-norm    0.6783   1.72   0.1299   0.0324    -1.60  0    cut
 822  sn2004et      IIP        0.7365   1.71   0.2038   0.0177    -0.90  0    cut
 823  sn1999em      IIP        0.7338   1.71   0.2043   0.0187    -0.60  0    cut
 824  sn1998T       Ib-norm    0.5334   1.71   0.3372   0.0168     0.00  1    cut
 825  sn2002cx      Ia-pec     0.6986   1.71  -0.0094   0.0000    -1.40  0    cut
 826  kcSB2         Gal        0.8299   1.70   0.1909   0.0131   -99.90  2    cut
 827  sn1994D       Ia-norm    0.8299   1.70  -0.0004   0.0252    -6.10  0    cut
 828  sn1991A       Ic-norm    0.5740   1.69   0.1048   0.0316    10.90  1    cut
 829  sn2005cs      IIP        0.7351   1.69   0.1964   0.0164    -0.20  0    cut
 830  kcSc          Gal        0.8299   1.69   0.1910   0.0136   -99.90  2    cut
 831  sn2004dt      Ia-norm    0.6079   1.69   0.1456   0.0258    -2.00  0    cut
 832  sn1988L       Ib-norm    0.5605   1.69   0.7153   0.0165    47.70  1    cut
 833  sn1999dn      Ib-norm    0.6106   1.69   0.5674   0.0159    27.70  1    cut
 834  agn           AGN        0.8299   1.69   0.1930   0.0147   -99.90  2    cut
 835  sn1997dq      Ic-broad   0.6769   1.69   0.1288   0.0384     0.00  1    cut
 836  sn2006gz      Ia-pec     0.7067   1.67   0.0022   0.0292   -13.30  0    cut
 837  sn2006cj      Ia-norm    0.6552   1.66   0.0093   0.0311    -2.10  0    cut
 838  sn2001ay      Ia-norm    0.6999   1.66   0.1431   0.0225    -1.50  0    cut
 839  sn1997dq      Ic-broad   0.6796   1.63   0.1247   0.0340    21.90  1    cut
 840  sn2002ap      Ic-broad   0.6728   1.63   0.1377   0.0379    -1.40  0    cut
 841  sn2005cs      IIP        0.7392   1.63   0.1967   0.0163     0.10  0    cut
 842  sn2006gz      Ia-pec     0.7487   1.62   0.1488   0.0227    -8.40  0    cut
 843  sn1997dc      Ib-norm    0.6119   1.62   0.3332   0.0182     0.00  1    cut
 844  sn1999em      IIP        0.6728   1.62   0.2064   0.0194    -2.60  0    cut
 845  sn2004et      IIP        0.7365   1.62   0.2041   0.0186    -1.90  0    cut
 846  sn1994I       Ic-norm    0.6769   1.62   0.1292   0.0344    -0.60  0    cut
 847  sn2004dt      Ia-norm    0.5930   1.59   0.1577   0.0255    -9.90  0    cut
 848  sn2007if      Ia-pec     0.6079   1.59   0.8100   0.0104    -7.50  0    cut
 849  sn1990aa      Ic-norm    0.6417   1.59   0.2439   0.0185   116.10  1    cut
 850  sn2005hk      Ia-pec     0.7189   1.59  -0.0094   0.0000    -6.30  0    cut
 851  sn1990K       IIL        0.6390   1.58   0.1262   0.0350     0.00  1    cut
 852  sn2004et      IIP        0.7365   1.57   0.2041   0.0190    -2.90  0    cut
 853  kcSB1         Gal        0.8299   1.57   0.1911   0.0134   -99.90  2    cut
 854  sn2006gz      Ia-pec     0.6255   1.57   0.1411   0.0289   -13.30  0    cut
 855  sn2005cs      IIP        0.7405   1.57   0.1977   0.0172    -0.80  0    cut
 856  sn1998S       IIn        0.6390   1.57   0.6784   0.0166   -12.50  0    cut
 857  lbv2003hy     LBV        0.6972   1.57   0.0968   0.0301   -99.90  2    cut
 858  mstar         M-star     0.7338   1.56   0.1066   0.0284     0.00  2    cut
 859  sn1997dq      Ic-broad   0.6796   1.56   0.1244   0.0350    26.90  1    cut
 860  lbv2003hy     LBV        0.6999   1.55   0.0955   0.0284   -99.90  2    cut
 861  sn1994I       Ic-norm    0.7107   1.55   0.1288   0.0306     0.10  0    cut
 862  mstar         M-star     0.7324   1.54   0.9393   0.0147     1.00  2    cut
 863  sn1997ei      Ic-norm    0.5334   1.54   0.7039   0.0184     0.00  1    cut
 864  sn2006lf      Ia-norm    0.6850   1.53   0.1405   0.0285    -8.40  0    cut
 865  sn1999em      IIP        0.6742   1.53   0.2082   0.0200    -3.60  0    cut
 866  lbv2003hy     LBV        0.6959   1.52   0.1041   0.0339   -99.90  2    cut
 867  sn2004dt      Ia-norm    0.6972   1.52   0.1499   0.0292    -6.50  0    cut
 868  sn2005cs      IIP        0.7392   1.52   0.1981   0.0183    -1.90  0    cut
 869  sn2005hk      Ia-pec     0.7202   1.52  -0.0094   0.0000    -4.20  0    cut
 870  sn1997cy      IIn        0.7987   1.51   0.1946   0.0173    57.20  1    cut
 871  sn1993J       IIb        0.7297   1.51   0.1111   0.0226    -2.40  0    cut
 872  kcSB5         Gal        0.8299   1.51   0.1916   0.0129   -99.90  2    cut
 873  mstar         M-star     0.7365   1.51   0.9371   0.0155     2.00  2    cut
 874  sn1993J       IIb        0.7784   1.51   0.0100   0.0284    -5.00  0    cut
 875  sn1997cy      IIn        0.7974   1.51   0.2050   0.0185    14.10  1    cut
 876  sn1997dq      Ic-broad   0.6783   1.51   0.1254   0.0383    14.90  1    cut
 877  sn1997dq      Ic-broad   0.6783   1.50   0.1248   0.0375    17.90  1    cut
 878  sn2008D       Ib-pec     0.8136   1.50   0.1403   0.0206   -12.50  0    cut
 879  sn1999di      Ib-norm    0.4996   1.50   0.3313   0.0159    30.50  1    cut
 880  sn2005hk      Ia-pec     0.4116   1.50   0.5069   0.0229    -3.40  0    cut
 881  sn2006bp      IIP        0.5713   1.49   0.2205   0.0207    -4.60  0    cut
 882  sn2003Y       Ia-91bg    0.6904   1.49   1.0040   0.0230    -6.30  0    cut
 883  mstar         M-star     0.7365   1.49   0.9359   0.0146     3.00  2    cut
 884  sn2006bp      IIP        0.5713   1.48   0.7283   0.0185    -5.70  0    cut
 885  sn1999em      IIP        0.7933   1.48   0.2047   0.0194     0.20  0    cut
 886  sn1996cb      IIb        0.6823   1.47   0.0012   0.0275    -2.10  0    cut
 887  sn1991A       Ic-norm    0.5564   1.46   0.1316   0.0268    61.40  1    cut
 888  lbv2003hy     LBV        0.6972   1.45   0.1047   0.0351   -99.90  2    cut
 889  sn1991A       Ic-norm    0.5862   1.45   0.2451   0.0185    47.50  1    cut
 890  kcSB3         Gal        0.8299   1.45   0.1930   0.0115   -99.90  2    cut
 891  sn1999gi      IIP        0.6701   1.45   0.2088   0.0203    -4.00  0    cut
 892  sn2007Y       Ib-norm    0.6566   1.45   0.1198   0.0408    -9.00  0    cut
 893  mstar         M-star     0.7338   1.44   0.1186   0.0279     6.00  2    cut
 894  sn1997dq      Ic-broad   0.6823   1.44   0.1257   0.0357    54.80  1    cut
 895  sn1999aw      Ia-91T     0.5686   1.44   0.1466   0.0214    -1.00  0    cut
 896  sn2005hk      Ia-pec     0.4143   1.43   0.5078   0.0223    -4.20  0    cut
 897  sn1997dd      IIb        0.6891   1.43   0.1011   0.0221    16.40  1    cut
 898  sn1997ef      Ic-broad   0.6850   1.43   0.1381   0.0296    -4.10  0    cut
 899  sn1998dt      Ib-norm    0.6904   1.43   0.1251   0.0274     0.00  0    cut
 900  sn1999di      Ib-norm    0.6173   1.42   0.3330   0.0202     0.00  1    cut
 901  sn2003bg      IIb        0.7784   1.42   0.1907   0.0428   -19.10  0    cut
 902  sn1991A       Ic-norm    0.4833   1.42   0.1333   0.0261   128.30  1    cut
 903  sn1997cy      IIn        0.7974   1.40   0.2673   0.0188   226.10  1    cut
 904  sn2008D       Ib-pec     0.6823   1.39   0.1291   0.0299    -9.30  0    cut
 905  sn1987A       II-pec     0.6539   1.38   0.1862   0.0167    -2.00  0    cut
 906  sn1993J       IIb        0.7121   1.36   0.1113   0.0263    -1.60  0    cut
 907  sn1997ef      Ic-broad   0.6864   1.35   0.1434   0.0357    -5.10  0    cut
 908  sn1999em      IIP        0.8299   1.35   0.2083   0.0262    -3.70  0    cut
 909  sn1997ei      Ic-norm    0.6918   1.35   0.1313   0.0360    10.90  1    cut
 910  sn1990aa      Ic-norm    0.6431   1.34   0.1202   0.0269     0.00  1    cut
 911  lbv2003hy     LBV        0.6959   1.33   0.0978   0.0267   -99.90  2    cut
 912  sn1990K       IIL        0.5659   1.32   0.1250   0.0174   201.60  1    cut
 913  sn1997cy      IIn        0.8299   1.32   0.2397   0.0183   196.10  1    cut
 914  mstar         M-star     0.7351   1.32   0.4536   0.0200    10.00  2    cut
 915  sn1997dd      IIb        0.6877   1.31   0.1060   0.0260     3.60  1    cut
 916  sn1999gi      IIP        0.6688   1.31   0.1166   0.0322    -7.00  0    cut
 917  sn1996cb      IIb        0.6823   1.30   0.2168   0.0245   -16.90  0    cut
 918  sn1997ef      Ic-broad   0.6850   1.29   0.1428   0.0343    -6.10  0    cut
 919  sn1987A       II-pec     0.6552   1.29   0.1849   0.0181    -9.90  0    cut
 920  sn1993J       IIb        0.7026   1.29  -0.0057   0.0459   -18.00  0    cut
 921  lbv2003hy     LBV        0.6931   1.28   0.1197   0.0307   -99.90  2    cut
 922  mstar         M-star     0.7351   1.27   0.9363   0.0168     5.00  2    cut
 923  sn1997dq      Ic-broad   0.4549   1.27   0.1259   0.0271    42.80  1    cut
 924  sn1990K       IIL        0.6444   1.27   0.1246   0.0168   174.70  1    cut
 925  sn1998S       IIn        0.6701   1.26   0.0980   0.0360   -13.10  0    cut
 926  sn2005cs      IIP        0.4413   1.26   0.1974   0.0183    -1.20  0    cut
 927  sn2002ap      Ic-broad   0.6038   1.25   0.0052   0.0308    -4.50  0    cut
 928  sn1990K       IIL        0.5320   1.25   0.1425   0.0160   139.00  1    cut
 929  sn1991ar      Ib-norm    0.4860   1.24   0.3257   0.0250    15.80  1    cut
 930  sn1987A       II-pec     0.5483   1.24   0.0868   0.0189   -18.60  0    cut
 931  sn1995F       Ic-norm    0.6755   1.23   0.1172   0.0330     4.00  1    cut
 932  sn2002ap      Ic-broad   0.6038   1.22   0.0040   0.0313    -5.50  0    cut
 933  sn1999gi      IIP        0.6688   1.20   0.2106   0.0221    -5.00  0    cut
 934  sn2003bg      IIb        0.6539   1.18   0.2145   0.0228    -7.40  0    cut
 935  mstar         M-star     0.7338   1.17   0.1213   0.0226     9.00  2    cut
 936  sn2005hk      Ia-pec     0.8299   1.17  -0.0094   0.0000    -5.10  0    cut
 937  sn2005bf      Ib-pec     0.6701   1.13   0.1142   0.0419   -18.50  0    cut
 938  mstar         M-star     0.7351   1.12   0.1227   0.0334     7.00  2    cut
 939  sn1997cy      IIn        0.7974   1.11   0.2370   0.0229     0.00  1    cut
 940  sn2007Y       Ib-norm    0.6566   1.11   0.1186   0.0467   -15.00  0    cut
 941  sn1990K       IIL        0.6065   1.11   0.1292   0.0461    53.30  1    cut
 942  sn1991A       Ic-norm    0.5375   1.10   0.3267   0.0193    16.80  1    cut
 943  sn1997dq      Ic-broad   0.6850   1.09   0.2409   0.0193   222.20  1    cut
 944  sn2002ap      Ic-broad   0.7446   1.09   0.0036   0.0497    -2.40  0    cut
 945  sn1995F       Ic-norm    0.6755   1.09   0.1166   0.0366     1.90  1    cut
 946  mstar         M-star     0.7351   1.08   0.1225   0.0249     8.00  2    cut
 947  sn1987A       II-pec     0.6552   1.08   0.3144   0.0250   -17.00  0    cut
 948  sn2003bg      IIb        0.6485   1.06   0.2241   0.0274   -15.40  0    cut
 949  sn1998S       IIn        0.7608   1.05   0.1584   0.0286    -1.50  0    cut
 950  sn1993J       IIb        0.5848   1.05   0.1181   0.0386   -10.50  0    cut
 951  sn1996cb      IIb        0.6823   1.04   0.2229   0.0301   -18.00  0    cut
 952  sn1997ef      Ic-broad   0.8028   1.02   0.0210   0.0507    -5.00  0    cut
 953  sn1991A       Ic-norm    0.6363   0.99   0.2490   0.0208    32.60  1    cut
 954  sn1990aa      Ic-norm    0.6417   0.95   0.1221   0.0383    61.50  1    cut
 955  sn1997ef      Ic-broad   0.6864   0.93   0.1596   0.0476    -9.10  0    cut
 956  sn1987A       II-pec     0.5740   0.92   0.2598   0.0435   -15.70  0    cut
 957  sn1987A       II-pec     0.5727   0.92   0.2595   0.0435   -13.70  0    cut
 958  sn1997ef      Ic-broad   0.6864   0.91   0.1667   0.0466   -10.00  0    cut
 959  sn1987A       II-pec     0.5767   0.91   0.2596   0.0438   -10.70  0    cut
 960  sn1997ef      Ic-broad   0.6850   0.90   0.1824   0.0338   -13.90  0    cut
 961  sn1987A       II-pec     0.5740   0.88   0.2595   0.0441    -6.70  0    cut
 962  lbv2003hy     LBV        0.6945   0.87   0.0757   0.0351   -99.90  2    cut
 963  sn1997cy      IIn        0.8299   0.87   0.2621   0.0256    29.40  1    cut
 964  sn1993J       IIb        0.7487   0.87   0.0700   0.0206   -15.70  0    cut
 965  sn1993J       IIb        0.7405   0.86   0.3408   0.0305   -16.70  0    cut
 966  sn1987A       II-pec     0.5740   0.83   0.2938   0.0643   -16.70  0    cut
 967  sn1997ef      Ic-broad   0.6850   0.82   0.1690   0.0597   -11.80  0    cut
 968  sn1997ef      Ic-broad   0.6810   0.81   0.1724   0.0484   -10.90  0    cut
 969  sn1990K       IIL        0.6119   0.81   0.1353   0.0255   136.10  1    cut
 970  sn1987A       II-pec     0.5767   0.80   0.2943   0.0669    -4.70  0    cut
 971  sn1987A       II-pec     0.5740   0.78   0.2883   0.0676    -8.70  0    cut
 972  sn1987A       II-pec     0.5767   0.74   0.2865   0.0682    -2.70  0    cut
 973  sn2003bg      IIb        0.6539   0.63   0.1519   0.1198   -17.30  0    cut
