### SNID output file ###
 
### input spectrum and options ###
# Input spectrum                 : 18486_-6.10.dat
# Parameter file                 : NA
# Wavelength range               :    3620.83   8341.83
# Mask file                      : NA
# Median filtering width [A]     : NA
# Median filtering width [pix]   :       1.00
# Clip emission redshift         : NA
# Clip sky lines                 : 0
# Emission clip width [A]        : NA
# Keep A-band                    : 1
# Age range                      :     -90.00   1000.00
# Delta range                    :      -9.99     99.90
# Min. number of spectra/template:   1
# Use only templates             : NA
# Use only types                 : Ia
# Avoid templates                : NA
# Avoid types                    : NA
# rlapmin                        :      10.00
# Redshift range                 :    -0.0100    1.2000
# Forced initial redshift        : NA
# Extra fake redshift            : NA
# Nsigma for initial redshift    : NA
# Redshift filter                :     0.0200
# Wavenumbers k1,k2,k3,k4        :     1    4   85  102
# Template directory             : /Users/daniel/snid-5.0/templates/
 
### initial/user-input redshift ###
zinit       0.2495
zuser       0.2495
 
### median redshift/age and error ###
zmed        0.2526    0.0000
agem         -6.40      0.00
 
### type fraction/redshift/age ###
#type ntemp fraction slope redshift redshift_error age age_error
Ia              1      1.00    0.0000    0.2526    0.0000    -6.400     0.000
Ia-norm         1      1.00    0.0000    0.2526    0.0000    -6.400     0.000
Ia-91T          0      0.00    0.0000    0.0000    0.0000     0.000     0.000
Ia-91bg         0      0.00    0.0000    0.0000    0.0000     0.000     0.000
Ia-csm          0      0.00    0.0000    0.0000    0.0000     0.000     0.000
Ia-pec          0      0.00    0.0000    0.0000    0.0000     0.000     0.000
###
Ib              0      0.00    0.0000    0.0000    0.0000     0.000     0.000
Ib-norm         0      0.00    0.0000    0.0000    0.0000     0.000     0.000
Ib-pec          0      0.00    0.0000    0.0000    0.0000     0.000     0.000
IIb             0      0.00    0.0000    0.0000    0.0000     0.000     0.000
###
Ic              0      0.00    0.0000    0.0000    0.0000     0.000     0.000
Ic-norm         0      0.00    0.0000    0.0000    0.0000     0.000     0.000
Ic-pec          0      0.00    0.0000    0.0000    0.0000     0.000     0.000
Ic-broad        0      0.00    0.0000    0.0000    0.0000     0.000     0.000
###
II              0      0.00    0.0000    0.0000    0.0000     0.000     0.000
IIP             0      0.00    0.0000    0.0000    0.0000     0.000     0.000
II-pec          0      0.00    0.0000    0.0000    0.0000     0.000     0.000
IIn             0      0.00    0.0000    0.0000    0.0000     0.000     0.000
IIL             0      0.00    0.0000    0.0000    0.0000     0.000     0.000
###
NotSN           0      0.00    0.0000    0.0000    0.0000     0.000     0.000
AGN             0      0.00    0.0000    0.0000    0.0000     0.000     0.000
Gal             0      0.00    0.0000    0.0000    0.0000     0.000     0.000
LBV             0      0.00    0.0000    0.0000    0.0000     0.000     0.000
M-star          0      0.00    0.0000    0.0000    0.0000     0.000     0.000
 
### rlap-ordered template listings ###
#no. sn type lap rlap z zerr age age_flag grade
   1  sn90N         Ia-norm    0.8312  12.30   0.2526   0.0046    -6.40  0   good
#--- rlap cutoff
   2  sn03du        Ia-norm    0.7256   8.17   0.2478   0.0066    -3.20  0    cut
   3  sn99aa        Ia-91T     0.6959   7.67   0.2571   0.0067    -0.60  0    cut
   4  sn03du        Ia-norm    0.7256   7.50   0.2493   0.0073    -5.00  0    cut
   5  sn94S         Ia-norm    0.6268   7.44   0.2498   0.0088    -2.50  0    cut
   6  sn03du        Ia-norm    0.6634   7.25   0.2451   0.0066    -1.10  0    cut
   7  sn02er        Ia-norm    0.7283   7.21   0.2499   0.0080    -1.50  0    cut
   8  sn99ee        Ia-norm    0.8069   7.21   0.2555   0.0093    -8.60  0    cut
   9  sn90O         Ia-norm    0.7622   7.20   0.2568   0.0083    -5.10  0    cut
  10  sn02er        Ia-norm    0.7351   7.19   0.2505   0.0081    -2.50  0    cut
  11  sn02bo        Ia-norm    0.7405   7.09   0.2564   0.0088    -4.50  0    cut
  12  sn89B         Ia-norm    0.7473   7.08   0.2443   0.0079    -0.50  0    cut
  13  sn02er        Ia-norm    0.7324   7.05   0.2531   0.0085    -5.40  0    cut
  14  sn90N         Ia-norm    0.7338   7.04   0.2698   0.0101   -13.20  0    cut
  15  sn98aq        Ia-norm    0.5821   7.04   0.2463   0.0065     0.00  0    cut
  16  sn90O         Ia-norm    0.7622   6.94   0.2599   0.0091    -7.10  0    cut
  17  sn90O         Ia-norm    0.7635   6.94   0.2580   0.0087    -6.10  0    cut
  18  sn03du        Ia-norm    0.5862   6.94   0.2520   0.0071    -8.80  0    cut
  19  sn94S         Ia-norm    0.5700   6.91   0.2461   0.0068    -3.40  0    cut
  20  sn98bu        Ia-norm    0.5808   6.90   0.2474   0.0066    -1.70  0    cut
  21  sn98bu        Ia-norm    0.5808   6.87   0.2475   0.0066    -2.80  0    cut
  22  sn03du        Ia-norm    0.5862   6.87   0.2510   0.0069    -7.80  0    cut
  23  sn06gz        Ia-pec     0.5903   6.85   0.2517   0.0063    -2.60  0    cut
  24  sn99ee        Ia-norm    0.7107   6.82   0.2565   0.0098    -6.70  0    cut
  25  sn99ac        Ia-91T     0.5930   6.81   0.2688   0.0087   -13.60  0    cut
  26  sn99ee        Ia-norm    0.7094   6.74   0.2475   0.0086     0.30  0    cut
  27  sn04S         Ia-norm    0.7690   6.70   0.2471   0.0090     1.70  0    cut
  28  sn03du        Ia-norm    0.5862   6.69   0.2533   0.0075    -9.70  0    cut
  29  sn98bu        Ia-norm    0.5808   6.69   0.2470   0.0068    -0.70  0    cut
  30  sn98aq        Ia-norm    0.5821   6.67   0.2463   0.0067     0.90  0    cut
  31  sn06gz        Ia-pec     0.5930   6.64   0.2532   0.0062    -5.50  0    cut
  32  sn94D         Ia-norm    0.7459   6.63   0.2704   0.0109   -10.60  0    cut
  33  sn03du        Ia-norm    0.6485   6.55   0.2495   0.0075    -7.00  0    cut
  34  sn99ee        Ia-norm    0.7107   6.50   0.2463   0.0087     2.20  0    cut
  35  sn03du        Ia-norm    0.6471   6.49   0.2450   0.0073    -0.20  0    cut
  36  sn99ac        Ia-91T     0.5564   6.34   0.2638   0.0078    -9.60  0    cut
  37  sn02er        Ia-norm    0.7243   6.34   0.2537   0.0092    -4.40  0    cut
  38  sn90O         Ia-norm    0.6038   6.24   0.2537   0.0077    -0.40  0    cut
  39  sn99ac        Ia-91T     0.6959   6.20   0.2490   0.0097     0.80  0    cut
  40  sn03du        Ia-norm    0.6471   6.17   0.2452   0.0077     0.80  0    cut
  41  sn94ae        Ia-norm    0.6200   6.17   0.2473   0.0075     1.30  0    cut
  42  sn02bo        Ia-norm    0.6999   6.17   0.2524   0.0093    -1.40  0    cut
  43  sn00E         Ia-norm    0.6268   6.16   0.2493   0.0078    -5.50  0    cut
  44  sn98aq        Ia-norm    0.5835   6.12   0.2464   0.0072     1.90  0    cut
  45  sn03du        Ia-norm    0.5862   6.05   0.2467   0.0074    -0.80  0    cut
  46  sn03du        Ia-norm    0.6634   6.03   0.2579   0.0078    -6.20  0    cut
  47  sn81B         Ia-norm    0.7703   6.00   0.2543   0.0096    -0.90  0    cut
  48  sn89B         Ia-norm    0.8042   5.98   0.2402   0.0085    -6.30  0    cut
  49  sn05hj        Ia-norm    0.5253   5.96   0.2466   0.0070    -6.00  0    cut
  50  sn95E         Ia-norm    0.6065   5.93   0.2468   0.0077     0.10  0    cut
  51  sn00E         Ia-norm    0.6146   5.93   0.2491   0.0081    -2.50  0    cut
  52  sn95E         Ia-norm    0.5970   5.85   0.2485   0.0076    -1.90  0    cut
  53  sn99aw        Ia-91T     0.6783   5.82   0.2542   0.0086     0.30  0    cut
  54  sn99aw        Ia-91T     0.6444   5.82   0.2515   0.0088     3.20  0    cut
  55  sn02er        Ia-norm    0.6769   5.82   0.2494   0.0087    -3.50  0    cut
  56  sn03cg        Ia-norm    0.5808   5.78   0.2485   0.0079    -5.90  0    cut
  57  sn04eo        Ia-norm    0.7026   5.78   0.2467   0.0090    -6.40  0    cut
  58  sn94ae        Ia-norm    0.6092   5.74   0.2473   0.0078     3.30  0    cut
  59  sn94S         Ia-norm    0.5727   5.71   0.2461   0.0078     1.40  0    cut
  60  sn99ac        Ia-91T     0.7121   5.70   0.2478   0.0105     3.10  0    cut
  61  sn81B         Ia-norm    0.7757   5.69   0.2539   0.0101     0.00  0    cut
  62  sn98aq        Ia-norm    0.5835   5.67   0.2466   0.0077     2.90  0    cut
  63  sn02bo        Ia-norm    0.6458   5.65   0.2541   0.0095    -3.40  0    cut
  64  sn96X         Ia-norm    0.5794   5.60   0.2473   0.0078    -1.10  0    cut
  65  sn03du        Ia-norm    0.7189   5.59   0.2423   0.0098     5.00  0    cut
  66  sn03du        Ia-norm    0.5862   5.58   0.2574   0.0095   -11.70  0    cut
  67  sn02er        Ia-norm    0.7351   5.58   0.2451   0.0105     3.40  0    cut
  68  sn02bo        Ia-norm    0.6728   5.57   0.2504   0.0094    -0.30  0    cut
  69  sn03cg        Ia-norm    0.6024   5.49   0.2498   0.0080    -6.80  0    cut
  70  sn03du        Ia-norm    0.6458   5.49   0.2444   0.0084     1.90  0    cut
  71  sn91T         Ia-91T     0.8312   5.43   0.2424   0.0080    -0.20  0    cut
  72  sn02er        Ia-norm    0.6837   5.41   0.2543   0.0097    -6.40  0    cut
  73  sn98aq        Ia-norm    0.5835   5.36   0.2467   0.0080     3.90  0    cut
  74  sn02bo        Ia-norm    0.5835   5.35   0.2584   0.0096    -6.00  0    cut
  75  sn94D         Ia-norm    0.5848   5.34   0.2484   0.0081    -3.60  0    cut
  76  sn94D         Ia-norm    0.6647   5.33   0.2461   0.0084    -1.80  0    cut
  77  sn99aa        Ia-91T     0.7175   5.33   0.2608   0.0100     2.70  0    cut
  78  sn02bo        Ia-norm    0.6458   5.33   0.2533   0.0098    -2.50  0    cut
  79  sn03cg        Ia-norm    0.5889   5.32   0.2504   0.0083    -7.50  0    cut
  80  sn03du        Ia-norm    0.5835   5.31   0.2464   0.0082     2.20  0    cut
  81  sn02bo        Ia-norm    0.5835   5.30   0.2564   0.0096    -4.00  0    cut
  82  sn02bo        Ia-norm    0.5835   5.29   0.2574   0.0096    -5.10  0    cut
  83  sn03du        Ia-norm    0.6674   5.29   0.2616   0.0096   -10.10  0    cut
  84  sn02er        Ia-norm    0.6999   5.28   0.2576   0.0105    -8.40  0    cut
  85  sn02bo        Ia-norm    0.6458   5.26   0.2514   0.0098    -1.50  0    cut
  86  sn02bo        Ia-norm    0.5835   5.25   0.2555   0.0097    -3.10  0    cut
  87  sn03cg        Ia-norm    0.6038   5.24   0.2498   0.0080    -4.50  0    cut
  88  sn02bo        Ia-norm    0.5835   5.21   0.2598   0.0098    -7.00  0    cut
  89  sn95D         Ia-norm    0.6810   5.16   0.2434   0.0096     4.20  0    cut
  90  sn98aq        Ia-norm    0.5835   5.12   0.2467   0.0084     4.90  0    cut
  91  sn94ae        Ia-norm    0.6227   5.09   0.2463   0.0089     2.30  0    cut
  92  sn02bo        Ia-norm    0.5835   5.03   0.2612   0.0101    -8.10  0    cut
  93  sn02bo        Ia-norm    0.5835   5.02   0.2546   0.0100    -2.10  0    cut
  94  sn03du        Ia-norm    0.5862   5.02   0.2463   0.0085     3.10  0    cut
  95  sn02bo        Ia-norm    0.6444   5.01   0.2522   0.0104    -1.20  0    cut
  96  sn06gz        Ia-pec     0.6661   5.01   0.2555   0.0072   -10.30  0    cut
  97  sn99aa        Ia-91T     0.6024   5.01   0.2644   0.0097    -4.10  0    cut
  98  sn03du        Ia-norm    0.6471   5.00   0.2425   0.0091     3.90  0    cut
  99  sn96X         Ia-norm    0.6119   4.99   0.2487   0.0083    -3.00  0    cut
 100  sn96X         Ia-norm    0.6119   4.96   0.2484   0.0084    -2.00  0    cut
 101  sn03cg        Ia-norm    0.5754   4.96   0.2474   0.0088    -0.50  0    cut
 102  sn06gz        Ia-pec     0.6688   4.94   0.2549   0.0073    -9.30  0    cut
 103  sn04S         Ia-norm    0.7297   4.94   0.2432   0.0110     7.50  0    cut
 104  sn94D         Ia-norm    0.5591   4.92   0.2525   0.0091    -8.70  0    cut
 105  sn96X         Ia-norm    0.6119   4.85   0.2474   0.0085     0.00  0    cut
 106  sn94D         Ia-norm    0.7798   4.84   0.2682   0.0142   -10.70  0    cut
 107  sn02bo        Ia-norm    0.5835   4.81   0.2540   0.0104    -1.20  0    cut
 108  sn98aq        Ia-norm    0.5835   4.80   0.2468   0.0089     5.90  0    cut
 109  sn95D         Ia-norm    0.6810   4.79   0.2410   0.0108     6.10  0    cut
 110  sn03du        Ia-norm    0.6336   4.78   0.2551   0.0107   -10.10  0    cut
 111  sn92A         Ia-norm    0.6363   4.73   0.2580   0.0096    -0.60  0    cut
 112  sn00E         Ia-norm    0.6038   4.69   0.2495   0.0098    -1.40  0    cut
 113  sn03cg        Ia-norm    0.5131   4.64   0.2467   0.0088    -2.30  0    cut
 114  sn96X         Ia-norm    0.5727   4.64   0.2477   0.0091    -0.90  0    cut
 115  sn02er        Ia-norm    0.6552   4.63   0.2464   0.0104    -0.50  0    cut
 116  sn94D         Ia-norm    0.5862   4.61   0.2491   0.0091    -2.60  0    cut
 117  sn99ee        Ia-norm    0.6783   4.59   0.2449   0.0108     7.10  0    cut
 118  sn94ae        Ia-norm    0.6485   4.58   0.2455   0.0104     3.30  0    cut
 119  sn91M         Ia-norm    0.6471   4.56   0.2496   0.0103     2.70  0    cut
 120  sn90N         Ia-norm    0.6444   4.53   0.2456   0.0127   -13.20  0    cut
 121  sn92A         Ia-norm    0.6417   4.51   0.2608   0.0102    -5.00  0    cut
 122  sn95E         Ia-norm    0.5930   4.49   0.2474   0.0095     2.00  0    cut
 123  sn96X         Ia-norm    0.6119   4.49   0.2472   0.0091     1.00  0    cut
 124  sn00cx        Ia-pec     0.5645   4.47   0.2506   0.0099     0.60  0    cut
 125  sn94D         Ia-norm    0.6918   4.44   0.2494   0.0099    -4.80  0    cut
 126  sn94ae        Ia-norm    0.6363   4.43   0.2453   0.0105     4.40  0    cut
 127  sn06gz        Ia-pec     0.6011   4.39   0.2484   0.0092     5.20  0    cut
 128  sn04eo        Ia-norm    0.6011   4.38   0.2452   0.0096    -2.80  0    cut
 129  sn94D         Ia-norm    0.5835   4.34   0.2476   0.0095     0.40  0    cut
 130  sn94D         Ia-norm    0.5889   4.34   0.2506   0.0095    -4.70  0    cut
 131  sn98aq        Ia-norm    0.5835   4.34   0.2465   0.0097     6.90  0    cut
 132  sn96X         Ia-norm    0.6106   4.31   0.2466   0.0094     1.90  0    cut
 133  sn98bu        Ia-norm    0.5672   4.30   0.2471   0.0114     1.20  0    cut
 134  sn94ae        Ia-norm    0.6444   4.29   0.2447   0.0110     6.40  0    cut
 135  sn94D         Ia-norm    0.7771   4.26   0.2502   0.0108    -3.80  0    cut
 136  sn02bo        Ia-norm    0.7676   4.23   0.2448   0.0137     5.50  0    cut
 137  sn06gz        Ia-pec     0.6647   4.22   0.2572   0.0087   -12.30  0    cut
 138  sn03cg        Ia-norm    0.5117   4.20   0.2477   0.0097    -1.80  0    cut
 139  sn90N         Ia-norm    0.5672   4.17   0.2414   0.0100     2.60  0    cut
 140  sn96X         Ia-norm    0.6106   4.16   0.2467   0.0097     2.90  0    cut
 141  sn00cx        Ia-pec     0.6891   4.13   0.2469   0.0106     1.60  0    cut
 142  sn02bo        Ia-norm    0.6173   4.11   0.2583   0.0118    -4.40  0    cut
 143  sn03cg        Ia-norm    0.6038   4.11   0.2466   0.0101     1.50  0    cut
 144  sn95D         Ia-norm    0.6864   4.10   0.2403   0.0130     8.10  0    cut
 145  sn02er        Ia-norm    0.5808   4.07   0.2495   0.0109     1.50  0    cut
 146  sn99ee        Ia-norm    0.7094   4.07   0.2421   0.0135    11.10  0    cut
 147  sn98aq        Ia-norm    0.5821   4.01   0.2500   0.0106    -9.00  0    cut
 148  sn01el        Ia-norm    0.6972   3.98   0.2503   0.0128     9.20  0    cut
 149  sn89B         Ia-norm    0.6498   3.97   0.2434   0.0110     3.50  0    cut
 150  sn94D         Ia-norm    0.5903   3.94   0.2578   0.0116    -9.50  0    cut
 151  sn94M         Ia-norm    0.5672   3.94   0.2514   0.0102     5.00  0    cut
 152  sn92A         Ia-norm    0.6349   3.86   0.2563   0.0112     3.30  0    cut
 153  sn00cx        Ia-pec     0.5618   3.86   0.2506   0.0116    -2.40  0    cut
 154  sn05hj        Ia-norm    0.5226   3.83   0.2461   0.0103    -0.30  0    cut
 155  sn06gz        Ia-pec     0.7067   3.82   0.2454   0.0126     4.30  0    cut
 156  sn02er        Ia-norm    0.6959   3.82   0.2432   0.0134     5.50  0    cut
 157  sn86G         Ia-91bg    0.5280   3.81   0.2435   0.0117    -0.40  0    cut
 158  sn01el        Ia-norm    0.4725   3.81   0.2544   0.0103    -3.70  0    cut
 159  sn86G         Ia-91bg    0.6146   3.81   0.2502   0.0119    -3.40  0    cut
 160  sn94D         Ia-norm    0.6674   3.80   0.2427   0.0117     2.90  0    cut
 161  sn03cg        Ia-norm    0.6431   3.79   0.2449   0.0118     4.50  0    cut
 162  sn86G         Ia-91bg    0.5334   3.77   0.2457   0.0116    -2.70  0    cut
 163  sn05hj        Ia-norm    0.5280   3.75   0.2456   0.0100    -5.10  0    cut
 164  sn92A         Ia-norm    0.8312   3.74   0.2585   0.0138    -5.00  0    cut
 165  sn04eo        Ia-norm    0.6512   3.74   0.2414   0.0119     2.20  0    cut
 166  sn99aw        Ia-91T     0.4738   3.74   0.2524   0.0104    -0.70  0    cut
 167  sn02er        Ia-norm    0.5930   3.74   0.2600   0.0116    -7.40  0    cut
 168  sn94D         Ia-norm    0.6539   3.73   0.2456   0.0108     2.20  0    cut
 169  sn00cx        Ia-pec     0.5524   3.72   0.2506   0.0111    -0.40  0    cut
 170  sn99aa        Ia-91T     0.6539   3.69   0.2686   0.0139    -8.50  0    cut
 171  sn92A         Ia-norm    0.8312   3.68   0.2497   0.0153    -0.40  0    cut
 172  sn02ic        Ia-csm     0.7635   3.66   0.2287   0.0176     5.60  0    cut
 173  sn86G         Ia-91bg    0.6146   3.63   0.2489   0.0123    -2.40  0    cut
 174  sn94D         Ia-norm    0.5767   3.60   0.2517   0.0110    -7.70  0    cut
 175  sn96X         Ia-norm    0.7730   3.57   0.2419   0.0149     0.90  0    cut
 176  sn03du        Ia-norm    0.6593   3.56   0.2425   0.0127     7.90  0    cut
 177  sn05hj        Ia-norm    0.5212   3.55   0.2459   0.0113     1.60  0    cut
 178  sn96C         Ia-norm    0.6715   3.53   0.2409   0.0144     8.30  0    cut
 179  sn86G         Ia-91bg    0.6160   3.53   0.2504   0.0126    -4.40  0    cut
 180  sn96X         Ia-norm    0.6079   3.52   0.2462   0.0111     4.90  0    cut
 181  sn98aq        Ia-norm    0.6417   3.50   0.2481   0.0127    -8.00  0    cut
 182  sn94M         Ia-norm    0.6119   3.50   0.2543   0.0123     3.00  0    cut
 183  sn06gz        Ia-pec     0.5997   3.49   0.2468   0.0112     7.20  0    cut
 184  sn95E         Ia-norm    0.5794   3.47   0.2448   0.0119     7.00  0    cut
 185  sn02er        Ia-norm    0.5930   3.47   0.2470   0.0118     4.40  0    cut
 186  sn02bo        Ia-norm    0.6309   3.46   0.2659   0.0143    -9.40  0    cut
 187  sn06gz        Ia-pec     0.6688   3.43   0.2455   0.0123     6.30  0    cut
 188  sn92A         Ia-norm    0.6769   3.41   0.2519   0.0138     6.30  0    cut
 189  sn02er        Ia-norm    0.6336   3.41   0.2610   0.0143   -11.30  0    cut
 190  sn86G         Ia-91bg    0.5916   3.41   0.2479   0.0134     0.60  0    cut
 191  sn00cx        Ia-pec     0.5632   3.41   0.2493   0.0132    -1.40  0    cut
 192  sn89B         Ia-norm    0.6471   3.37   0.2425   0.0128     5.50  0    cut
 193  sn92A         Ia-norm    0.8312   3.37   0.2498   0.0177     2.40  0    cut
 194  sn96X         Ia-norm    0.7703   3.36   0.2413   0.0157     1.90  0    cut
 195  sn02er        Ia-norm    0.6092   3.35   0.2579   0.0130    -9.40  0    cut
 196  sn99ac        Ia-91T     0.7297   3.35   0.2459   0.0160     9.20  0    cut
 197  sn06gz        Ia-pec     0.6336   3.35   0.2577   0.0102   -13.30  0    cut
 198  sn05hj        Ia-norm    0.5226   3.33   0.2459   0.0120     4.30  0    cut
 199  sn94M         Ia-norm    0.5280   3.29   0.2513   0.0123     4.00  0    cut
 200  sn99by        Ia-91bg    0.5821   3.29   0.2468   0.0130    -4.80  0    cut
 201  sn00cx        Ia-pec     0.5564   3.27   0.2506   0.0134    -3.40  0    cut
 202  sn99by        Ia-91bg    0.5835   3.23   0.2459   0.0132    -3.90  0    cut
 203  sn94M         Ia-norm    0.6133   3.23   0.2507   0.0125     7.90  0    cut
 204  sn86G         Ia-91bg    0.5957   3.22   0.2476   0.0139     1.60  0    cut
 205  sn06gz        Ia-pec     0.6688   3.22   0.2450   0.0132     7.20  0    cut
 206  sn04eo        Ia-norm    0.5821   3.20   0.2497   0.0133   -11.00  0    cut
 207  sn94ae        Ia-norm    0.6566   3.17   0.2411   0.0154     9.30  0    cut
 208  sn00cx        Ia-pec     0.5253   3.15   0.2486   0.0131     7.50  0    cut
 209  sn91T         Ia-91T     0.7365   3.15   0.1600   0.0240   -11.50  0    cut
 210  sn96X         Ia-norm    0.6119   3.14   0.2458   0.0122     5.90  0    cut
 211  sn03du        Ia-norm    0.6607   3.14   0.2420   0.0144     8.90  0    cut
 212  sn01el        Ia-norm    0.4562   3.14   0.2514   0.0119     1.30  0    cut
 213  sn92A         Ia-norm    0.8312   3.11   0.2527   0.0191     5.90  0    cut
 214  sn91T         Ia-91T     0.7053   3.11   0.0928   0.0213   -10.30  0    cut
 215  sn06gz        Ia-pec     0.7135   3.07   0.2587   0.0111   -13.30  0    cut
 216  sn91T         Ia-91T     0.7040   3.05   0.0918   0.0216    -9.30  0    cut
 217  sn02bo        Ia-norm    0.6146   3.01   0.2732   0.0177   -13.30  0    cut
 218  sn02bo        Ia-norm    0.5835   3.01   0.2682   0.0159   -12.10  0    cut
 219  sn99ee        Ia-norm    0.7094   2.98   0.2382   0.0173    16.10  0    cut
 220  sn86G         Ia-91bg    0.6011   2.98   0.2497   0.0143    -1.90  0    cut
 221  sn89B         Ia-norm    0.6390   2.96   0.2429   0.0143     7.50  0    cut
 222  sn92A         Ia-norm    0.6363   2.92   0.2547   0.0144     7.30  0    cut
 223  sn03du        Ia-norm    0.6728   2.91   0.2417   0.0162     9.80  0    cut
 224  sn96X         Ia-norm    0.6092   2.90   0.2453   0.0130     6.90  0    cut
 225  sn90N         Ia-norm    0.8312   2.86   0.2378   0.0145     4.90  0    cut
 226  sn94D         Ia-norm    0.6485   2.85   0.2600   0.0162    -9.60  0    cut
 227  sn91bg        Ia-91bg    0.6065   2.85   0.2436   0.0156     1.50  0    cut
 228  sn86G         Ia-91bg    0.5997   2.85   0.2490   0.0148    -0.90  0    cut
 229  sn86G         Ia-91bg    0.6011   2.83   0.2456   0.0145     0.10  0    cut
 230  sn95E         Ia-norm    0.6823   2.83   0.2396   0.0172    10.00  0    cut
 231  sn06gz        Ia-pec     0.6701   2.80   0.2442   0.0150     8.20  0    cut
 232  sn04S         Ia-norm    0.6512   2.77   0.2392   0.0159    13.40  0    cut
 233  sn94ae        Ia-norm    0.6525   2.76   0.2413   0.0172    10.40  0    cut
 234  sn99by        Ia-91bg    0.5821   2.76   0.2402   0.0151     4.10  0    cut
 235  sn99aa        Ia-91T     0.5537   2.72   0.2625   0.0153     7.60  0    cut
 236  sn99by        Ia-91bg    0.6431   2.71   0.2432   0.0157    -2.80  0    cut
 237  sn02bo        Ia-norm    0.6173   2.71   0.2718   0.0177   -12.30  0    cut
 238  sn00cx        Ia-pec     0.7013   2.70   0.2421   0.0215    31.40  0    cut
 239  sn00cx        Ia-pec     0.6877   2.69   0.2478   0.0140     5.60  0    cut
 240  sn99ac        Ia-91T     0.7229   2.68   0.2405   0.0198    12.20  0    cut
 241  sn86G         Ia-91bg    0.6011   2.68   0.2473   0.0152     1.10  0    cut
 242  sn00cx        Ia-pec     0.5239   2.65   0.2474   0.0154     9.50  0    cut
 243  sn94D         Ia-norm    0.7703   2.65   0.2512   0.0151    -5.60  0    cut
 244  sn97br        Ia-91T     0.6079   2.65   0.2424   0.0173    -4.00  0    cut
 245  sn93ac        Ia-norm    0.7947   2.63   0.2412   0.0192     6.90  0    cut
 246  sn03du        Ia-norm    0.6728   2.59   0.2411   0.0180    10.80  0    cut
 247  sn99by        Ia-91bg    0.5821   2.58   0.2391   0.0161     5.20  0    cut
 248  sn91bg        Ia-91bg    0.5077   2.57   0.2389   0.0162     2.50  0    cut
 249  sn98bu        Ia-norm    0.5821   2.56   0.2453   0.0155     9.30  0    cut
 250  sn91bg        Ia-91bg    0.6336   2.56   0.2407   0.0173     2.70  0    cut
 251  sn02bo        Ia-norm    0.5835   2.56   0.2709   0.0181   -13.10  0    cut
 252  sn03cg        Ia-norm    0.5903   2.55   0.2465   0.0157     7.40  0    cut
 253  sn06gz        Ia-pec     0.6349   2.54   0.2591   0.0134   -14.20  0    cut
 254  sn04eo        Ia-norm    0.6850   2.53   0.2372   0.0180     7.00  0    cut
 255  sn96X         Ia-norm    0.6119   2.53   0.2445   0.0146     7.90  0    cut
 256  sn06gz        Ia-pec     0.6688   2.51   0.2439   0.0164     9.20  0    cut
 257  sn95D         Ia-norm    0.6079   2.46   0.2433   0.0155    10.10  0    cut
 258  sn00cx        Ia-pec     0.7067   2.44   0.2465   0.0241    41.30  0    cut
 259  sn01el        Ia-norm    0.6999   2.43   0.2449   0.0205    18.10  0    cut
 260  sn94Q         Ia-norm    0.6674   2.42   0.2453   0.0173    11.60  0    cut
 261  sn92A         Ia-norm    0.7541   2.39   0.2500   0.0195     8.90  0    cut
 262  sn89B         Ia-norm    0.6566   2.38   0.2402   0.0182     9.50  0    cut
 263  sn91bg        Ia-91bg    0.5442   2.38   0.2407   0.0171     2.70  0    cut
 264  sn99by        Ia-91bg    0.5835   2.38   0.2389   0.0176     6.10  0    cut
 265  sn94ae        Ia-norm    0.7974   2.38   0.3920   0.0214     9.40  0    cut
 266  sn94ae        Ia-norm    0.6417   2.38   0.2424   0.0189    11.30  0    cut
 267  sn96X         Ia-norm    0.7757   2.37   0.2412   0.0220     7.80  0    cut
 268  sn99by        Ia-91bg    0.6431   2.37   0.2391   0.0175     3.10  0    cut
 269  sn02er        Ia-norm    0.6959   2.34   0.2361   0.0178     9.40  0    cut
 270  sn06gz        Ia-pec     0.6674   2.34   0.2431   0.0176    10.10  0    cut
 271  sn97cn        Ia-91bg    0.6403   2.32   0.2382   0.0172     3.90  0    cut
 272  sn05gj        Ia-csm     0.6106   2.31   0.2253   0.0212    -1.80  0    cut
 273  sn02er        Ia-norm    0.6607   2.29   0.2429   0.0179    10.60  0    cut
 274  sn02cx        Ia-pec     0.5984   2.29   0.2288   0.0172    -5.30  0    cut
 275  sn00E         Ia-norm    0.5713   2.29   0.2442   0.0180     8.40  0    cut
 276  sn00cx        Ia-pec     0.6891   2.26   0.2473   0.0163     6.50  0    cut
 277  sn94T         Ia-norm    0.5510   2.25   0.2473   0.0206     1.20  0    cut
 278  sn96X         Ia-norm    0.6119   2.24   0.2441   0.0162     8.90  0    cut
 279  sn99by        Ia-91bg    0.5835   2.21   0.2382   0.0189     7.10  0    cut
 280  sn03fg        Ia-pec     0.8312   2.21   0.2321   0.0223     2.00  0    cut
 281  sn91T         Ia-91T     0.6607   2.20   0.2350   0.0213    10.90  0    cut
 282  sn04eo        Ia-norm    0.6566   2.20   0.2362   0.0194    11.00  0    cut
 283  sn99ac        Ia-91T     0.7270   2.19   0.2368   0.0219    17.10  0    cut
 284  sn91T         Ia-91T     0.6431   2.16   0.2457   0.0191    -5.30  0    cut
 285  sn06gz        Ia-pec     0.5591   2.16   0.2559   0.0185   -14.30  0    cut
 286  sn98bu        Ia-norm    0.5821   2.15   0.2446   0.0179    10.20  0    cut
 287  sn03cg        Ia-norm    0.6796   2.14   0.2402   0.0220     9.60  0    cut
 288  sn04S         Ia-norm    0.6512   2.14   0.2367   0.0195    18.40  0    cut
 289  sn05hk        Ia-pec     0.5496   2.14   0.2295   0.0171    -6.30  0    cut
 290  sn99ee        Ia-norm    0.6539   2.13   0.2370   0.0189    20.00  0    cut
 291  sn05hk        Ia-pec     0.6241   2.13   0.2284   0.0174    -6.30  0    cut
 292  sn02ic        Ia-csm     0.6160   2.12   0.2399   0.0218     9.40  0    cut
 293  sn90N         Ia-norm    0.5117   2.09   0.2104   0.0187   255.90  0    cut
 294  sn97br        Ia-91T     0.6038   2.08   0.2469   0.0218    -6.40  0    cut
 295  sn97br        Ia-91T     0.5943   2.06   0.2473   0.0226    -7.40  0    cut
 296  sn05hk        Ia-pec     0.5496   2.05   0.2299   0.0172    -7.30  0    cut
 297  sn97br        Ia-91T     0.6796   2.05   0.2434   0.0229     7.80  0    cut
 298  sn95bd        Ia-norm    0.4508   2.04   0.7122   0.0167    36.90  0    cut
 299  sn99ee        Ia-norm    0.6525   2.03   0.2359   0.0196    22.10  0    cut
 300  sn00cx        Ia-pec     0.5253   2.03   0.2458   0.0195    11.50  0    cut
 301  sn95D         Ia-norm    0.6607   2.02   0.2370   0.0229    11.20  0    cut
 302  sn91T         Ia-91T     0.6431   2.02   0.2468   0.0206    -6.40  0    cut
 303  sn05hk        Ia-pec     0.5185   2.00   0.6941   0.0186    12.40  0    cut
 304  sn89B         Ia-norm    0.6431   1.98   0.2372   0.0208    12.40  0    cut
 305  sn05hk        Ia-pec     0.6566   1.98   0.6995   0.0161    14.40  0    cut
 306  sn91T         Ia-91T     0.6431   1.98   0.2487   0.0212    -7.30  0    cut
 307  sn97br        Ia-91T     0.4738   1.97   0.7084   0.0185    23.70  0    cut
 308  sn99by        Ia-91bg    0.5821   1.96   0.2376   0.0214     8.10  0    cut
 309  sn90N         Ia-norm    0.7026   1.94   0.2369   0.0250    14.50  0    cut
 310  sn91M         Ia-norm    0.7405   1.92   0.2319   0.0237    24.80  0    cut
 311  sn92A         Ia-norm    0.7378   1.92   0.2404   0.0230    17.30  0    cut
 312  sn94D         Ia-norm    0.4779   1.92   0.7158   0.0196    46.20  0    cut
 313  sn02er        Ia-norm    0.6579   1.92   0.2449   0.0192    12.40  0    cut
 314  sn89B         Ia-norm    0.6593   1.91   0.2379   0.0225    11.50  0    cut
 315  sn91M         Ia-norm    0.7405   1.91   0.2335   0.0254    25.80  0    cut
 316  sn05hk        Ia-pec     0.6552   1.90   0.0673   0.0313    -2.40  0    cut
 317  sn05hk        Ia-pec     0.6566   1.90   0.7802   0.0141    -9.30  0    cut
 318  sn91T         Ia-91T     0.7229   1.90   0.2256   0.0249    15.90  0    cut
 319  sn05gj        Ia-csm     0.5930   1.88   0.2260   0.0265    10.40  0    cut
 320  sn90N         Ia-norm    0.7338   1.88   0.2334   0.0256    17.70  0    cut
 321  sn05hk        Ia-pec     0.7013   1.87   0.2327   0.0185    -8.30  0    cut
 322  sn05hk        Ia-pec     0.6552   1.87   0.0657   0.0324    -3.30  0    cut
 323  sn97br        Ia-91T     0.5131   1.86   0.2463   0.0208    -6.00  0    cut
 324  sn04S         Ia-norm    0.6227   1.86   0.2421   0.0211    14.00  0    cut
 325  sn05hk        Ia-pec     0.7527   1.85   0.2271   0.0223    -5.10  0    cut
 326  sn99ac        Ia-91T     0.6959   1.84   0.2312   0.0222    29.00  0    cut
 327  sn95al        Ia-norm    0.7297   1.83   0.2382   0.0284    17.00  0    cut
 328  sn05hk        Ia-pec     0.6255   1.83   0.2270   0.0204    -4.20  0    cut
 329  sn95D         Ia-norm    0.7974   1.82   0.2143   0.0204    16.10  0    cut
 330  sn98bu        Ia-norm    0.5821   1.81   0.2439   0.0208    11.20  0    cut
 331  sn92A         Ia-norm    0.6024   1.80   0.2526   0.0203    11.60  0    cut
 332  sn97br        Ia-91T     0.5794   1.80   0.2480   0.0246    -7.00  0    cut
 333  sn99aa        Ia-91T     0.7419   1.79   0.2411   0.0283    26.20  0    cut
 334  sn03du        Ia-norm    0.4711   1.78   0.7121   0.0190    33.40  0    cut
 335  sn97br        Ia-91T     0.5781   1.78   0.2504   0.0253    -9.00  0    cut
 336  sn02cx        Ia-pec     0.6051   1.78   0.6980   0.0175    10.30  0    cut
 337  sn95al        Ia-norm    0.7392   1.78   0.2289   0.0321    25.30  0    cut
 338  sn04eo        Ia-norm    0.5172   1.78   0.7094   0.0212    48.40  0    cut
 339  sn97br        Ia-91T     0.5212   1.78   0.6991   0.0193    37.60  0    cut
 340  sn03du        Ia-norm    0.5375   1.77   0.7112   0.0199    45.60  0    cut
 341  sn00cx        Ia-pec     0.4901   1.77   0.2362   0.0230    22.40  0    cut
 342  sn81B         Ia-norm    0.6755   1.77   0.2388   0.0246    22.90  0    cut
 343  sn90N         Ia-norm    0.5104   1.75   0.2138   0.0215   280.70  0    cut
 344  sn89B         Ia-norm    0.6390   1.75   0.2358   0.0225    14.40  0    cut
 345  sn03cg        Ia-norm    0.5050   1.74   0.7155   0.0161    38.30  0    cut
 346  sn05hk        Ia-pec     0.6566   1.74   0.7783   0.0158    -8.30  0    cut
 347  sn81B         Ia-norm    0.5645   1.73   0.2215   0.0299    93.50  0    cut
 348  sn03cg        Ia-norm    0.6742   1.73   0.2393   0.0252    11.40  0    cut
 349  sn02er        Ia-norm    0.7080   1.72   0.2421   0.0219    15.50  0    cut
 350  sn02er        Ia-norm    0.7080   1.71   0.2421   0.0219    16.40  0    cut
 351  sn99ee        Ia-norm    0.6525   1.71   0.2349   0.0228    27.00  0    cut
 352  sn99ac        Ia-91T     0.6959   1.71   0.2290   0.0232    39.90  0    cut
 353  sn92A         Ia-norm    0.8312   1.71   0.2461   0.0280     8.70  0    cut
 354  sn94D         Ia-norm    0.5848   1.71   0.7111   0.0185    43.20  0    cut
 355  sn03du        Ia-norm    0.7202   1.70   0.2264   0.0263    26.70  0    cut
 356  sn89B         Ia-norm    0.6444   1.70   0.2316   0.0235    19.40  0    cut
 357  sn02bo        Ia-norm    0.5821   1.70   0.2465   0.0229    10.80  0    cut
 358  sn95bd        Ia-norm    0.6065   1.69   0.2411   0.0215    11.30  0    cut
 359  sn00cx        Ia-pec     0.5253   1.69   0.2425   0.0233    14.50  0    cut
 360  sn91T         Ia-91T     0.5821   1.69   0.0777   0.0299   260.40  0    cut
 361  sn02cx        Ia-pec     0.6038   1.68   0.2312   0.0220    -2.40  0    cut
 362  sn02ic        Ia-csm     0.5970   1.68   0.7137   0.0167    31.90  0    cut
 363  sn81B         Ia-norm    0.6661   1.68   0.2326   0.0247    23.90  0    cut
 364  sn94D         Ia-norm    0.5781   1.68   0.7090   0.0188    50.10  0    cut
 365  sn86G         Ia-91bg    0.5104   1.67   0.2163   0.0222   323.60  0    cut
 366  sn89B         Ia-norm    0.6444   1.67   0.2368   0.0240    13.40  0    cut
 367  sn94D         Ia-norm    0.6133   1.66   0.2424   0.0211    11.00  0    cut
 368  sn02ic        Ia-csm     0.7040   1.66   0.7169   0.0193    44.10  0    cut
 369  sn02cx        Ia-pec     0.4589   1.66   0.6995   0.0194    18.20  0    cut
 370  sn03du        Ia-norm    0.6485   1.66   0.2145   0.0242   220.70  0    cut
 371  sn91T         Ia-91T     0.8312   1.65   0.2039   0.0148    46.60  0    cut
 372  sn05hk        Ia-pec     0.5212   1.65   0.6913   0.0203    37.00  0    cut
 373  sn89B         Ia-norm    0.6444   1.65   0.2342   0.0234    16.40  0    cut
 374  sn05hk        Ia-pec     0.6566   1.65   0.2305   0.0216    -6.30  0    cut
 375  sn99ee        Ia-norm    0.5172   1.64   0.7149   0.0223    40.90  0    cut
 376  sn89B         Ia-norm    0.6431   1.64   0.2324   0.0237    17.40  0    cut
 377  sn95bd        Ia-norm    0.5320   1.64   0.2092   0.0251    72.30  0    cut
 378  sn89B         Ia-norm    0.6417   1.64   0.2325   0.0236    18.40  0    cut
 379  sn89B         Ia-norm    0.6024   1.64   0.2131   0.0219    49.20  0    cut
 380  sn94Q         Ia-norm    0.6079   1.63   0.2361   0.0281    18.50  0    cut
 381  sn05hk        Ia-pec     0.5713   1.63   0.6964   0.0188    23.20  0    cut
 382  sn05hk        Ia-pec     0.5970   1.62   0.6944   0.0189    14.30  0    cut
 383  sn04eo        Ia-norm    0.6566   1.62   0.2284   0.0209    14.00  0    cut
 384  sn00cx        Ia-pec     0.4874   1.62   0.2347   0.0247    24.40  0    cut
 385  sn04eo        Ia-norm    0.5483   1.61   0.7057   0.0214    67.00  0    cut
 386  sn05hk        Ia-pec     0.5767   1.61   0.6965   0.0194    27.20  0    cut
 387  sn05hk        Ia-pec     0.5700   1.61   0.6938   0.0192    42.00  0    cut
 388  sn97br        Ia-91T     0.6065   1.61   0.7187   0.0201    21.30  0    cut
 389  sn02er        Ia-norm    0.6498   1.61   0.0845   0.0293   213.00  0    cut
 390  sn05hk        Ia-pec     0.5185   1.61   0.6917   0.0217    65.50  0    cut
 391  sn00cx        Ia-pec     0.5266   1.61   0.7192   0.0209    30.40  0    cut
 392  sn96X         Ia-norm    0.4752   1.60   0.2404   0.0213    12.70  0    cut
 393  sn05hk        Ia-pec     0.5700   1.60   0.6936   0.0192    42.90  0    cut
 394  sn99aa        Ia-91T     0.6972   1.58   0.2470   0.0298    21.10  0    cut
 395  sn97br        Ia-91T     0.5645   1.58   0.7122   0.0211    42.10  0    cut
 396  sn90O         Ia-norm    0.7500   1.58   0.2221   0.0365    19.10  0    cut
 397  sn97br        Ia-91T     0.5537   1.57   0.2477   0.0255    -8.00  0    cut
 398  sn05hk        Ia-pec     0.6566   1.57   0.2309   0.0219    -5.30  0    cut
 399  sn99ac        Ia-91T     0.6796   1.57   0.2312   0.0234    33.90  0    cut
 400  sn94D         Ia-norm    0.5700   1.57   0.7108   0.0191    40.30  0    cut
 401  sn05hk        Ia-pec     0.6579   1.57   0.7775   0.0173    -7.30  0    cut
 402  sn97br        Ia-91T     0.6119   1.57   0.2406   0.0259     8.50  0    cut
 403  sn91bg        Ia-91bg    0.5158   1.57   0.2208   0.0201    33.70  0    cut
 404  sn98bu        Ia-norm    0.5821   1.57   0.2429   0.0235    12.20  0    cut
 405  sn94M         Ia-norm    0.7189   1.56   0.2438   0.0238    12.90  0    cut
 406  sn97cn        Ia-91bg    0.4603   1.56   0.2962   0.0204    28.70  0    cut
 407  sn05gj        Ia-csm     0.6038   1.56   0.7174   0.0207    27.30  0    cut
 408  sn02cx        Ia-pec     0.6728   1.56   0.7008   0.0164    23.00  0    cut
 409  sn98aq        Ia-norm    0.5835   1.55   0.7103   0.0197    54.70  0    cut
 410  sn94ae        Ia-norm    0.6024   1.55   0.0849   0.0299   153.40  0    cut
 411  sn91T         Ia-91T     0.7256   1.55   0.2222   0.0267    24.80  0    cut
 412  sn05hk        Ia-pec     0.4468   1.55   0.6894   0.0206    53.80  0    cut
 413  sn98aq        Ia-norm    0.5835   1.55   0.7108   0.0198    50.60  0    cut
 414  sn94D         Ia-norm    0.5402   1.55   0.2382   0.0240    10.10  0    cut
 415  sn91bg        Ia-91bg    0.6512   1.55   0.2225   0.0253    50.50  0    cut
 416  sn03du        Ia-norm    0.5862   1.55   0.7086   0.0192    49.80  0    cut
 417  sn05hk        Ia-pec     0.5700   1.54   0.6932   0.0201    39.00  0    cut
 418  sn02bo        Ia-norm    0.5835   1.54   0.2453   0.0245    11.90  0    cut
 419  sn97br        Ia-91T     0.7338   1.54   0.2223   0.0276    12.40  0    cut
 420  sn03du        Ia-norm    0.6552   1.54   0.2486   0.0255    13.70  0    cut
 421  sn94D         Ia-norm    0.7622   1.54   0.2239   0.0287    24.20  0    cut
 422  sn03du        Ia-norm    0.5876   1.54   0.7078   0.0188    51.80  0    cut
 423  sn91M         Ia-norm    0.7405   1.54   0.2146   0.0343   111.80  0    cut
 424  sn04eo        Ia-norm    0.6566   1.54   0.2318   0.0230    12.40  0    cut
 425  sn05hk        Ia-pec     0.6579   1.54   0.0643   0.0382    -1.40  0    cut
 426  sn98aq        Ia-norm    0.5835   1.54   0.7097   0.0197    57.70  0    cut
 427  sn03du        Ia-norm    0.5916   1.53   0.7077   0.0191    39.50  0    cut
 428  sn94D         Ia-norm    0.5700   1.53   0.7077   0.0182    55.10  0    cut
 429  sn95D         Ia-norm    0.6539   1.53   0.2336   0.0272    14.10  0    cut
 430  sn94D         Ia-norm    0.5781   1.53   0.7110   0.0198    59.10  0    cut
 431  sn03du        Ia-norm    0.6728   1.53   0.2131   0.0301   141.30  0    cut
 432  sn89B         Ia-norm    0.6431   1.52   0.2310   0.0249    20.40  0    cut
 433  sn97br        Ia-91T     0.5876   1.52   0.7184   0.0207    17.40  0    cut
 434  sn98bu        Ia-norm    0.5821   1.52   0.0853   0.0261   208.00  0    cut
 435  sn98aq        Ia-norm    0.5835   1.52   0.7096   0.0201    59.60  0    cut
 436  sn98aq        Ia-norm    0.5835   1.51   0.2164   0.0250    90.50  0    cut
 437  sn05hk        Ia-pec     0.6566   1.51   0.2298   0.0235    -4.30  0    cut
 438  sn95D         Ia-norm    0.6079   1.51   0.7127   0.0188    42.80  0    cut
 439  sn03du        Ia-norm    0.5848   1.51   0.7075   0.0197    56.70  0    cut
 440  sn03cg        Ia-norm    0.4508   1.51   0.7100   0.0188    28.50  0    cut
 441  sn94D         Ia-norm    0.6106   1.51   0.2349   0.0234    17.20  0    cut
 442  sn94D         Ia-norm    0.5740   1.50   0.7083   0.0206    57.10  0    cut
 443  sn03du        Ia-norm    0.5862   1.50   0.7072   0.0195    61.70  0    cut
 444  sn05hk        Ia-pec     0.6566   1.50   0.6983   0.0191    20.30  0    cut
 445  sn02cx        Ia-pec     0.7311   1.50   0.7018   0.0167    24.10  0    cut
 446  sn94D         Ia-norm    0.6119   1.50   0.2355   0.0243    15.20  0    cut
 447  sn86G         Ia-91bg    0.5537   1.50   0.7076   0.0202    44.60  0    cut
 448  sn94D         Ia-norm    0.5862   1.49   0.7083   0.0199    50.00  0    cut
 449  sn91bg        Ia-91bg    0.7297   1.49   0.0945   0.0320    54.50  0    cut
 450  sn96X         Ia-norm    0.7649   1.49   0.2243   0.0281    22.50  0    cut
 451  sn03cg        Ia-norm    0.5564   1.49   0.7115   0.0212    43.40  0    cut
 452  sn05gj        Ia-csm     0.6146   1.49   0.7158   0.0209    39.40  0    cut
 453  sn97br        Ia-91T     0.6106   1.49   0.7122   0.0191    49.10  0    cut
 454  sn92A         Ia-norm    0.6051   1.49   0.2477   0.0235    16.30  0    cut
 455  sn00cx        Ia-pec     0.4914   1.49   0.7197   0.0225    28.40  0    cut
 456  sn05gj        Ia-csm     0.5943   1.48   0.2267   0.0310     7.70  0    cut
 457  sn05gj        Ia-csm     0.5957   1.48   0.7223   0.0218    17.90  0    cut
 458  sn98aq        Ia-norm    0.5835   1.48   0.7096   0.0204    62.60  0    cut
 459  sn03du        Ia-norm    0.5970   1.48   0.0938   0.0278   137.60  0    cut
 460  sn95bd        Ia-norm    0.5036   1.47   0.7139   0.0237    21.10  0    cut
 461  sn05gj        Ia-csm     0.5537   1.47   0.7105   0.0227    51.80  0    cut
 462  sn91bg        Ia-91bg    0.7365   1.47   0.1071   0.0295    18.90  0    cut
 463  sn81B         Ia-norm    0.6498   1.47   0.2450   0.0260    18.90  0    cut
 464  sn02bo        Ia-norm    0.5821   1.47   0.2445   0.0258    12.80  0    cut
 465  sn98bu        Ia-norm    0.5821   1.46   0.7086   0.0208    57.10  0    cut
 466  sn86G         Ia-91bg    0.4860   1.46   0.0280   0.0244    23.10  0    cut
 467  sn86G         Ia-91bg    0.4792   1.46   0.7104   0.0220    41.60  0    cut
 468  sn97br        Ia-91T     0.5578   1.46   0.7062   0.0228    50.50  0    cut
 469  sn00cx        Ia-pec     0.4887   1.46   0.7218   0.0221    26.40  0    cut
 470  sn89B         Ia-norm    0.6431   1.46   0.2292   0.0260    21.40  0    cut
 471  sn98bu        Ia-norm    0.5821   1.46   0.0867   0.0272   190.10  0    cut
 472  sn03du        Ia-norm    0.6755   1.46   0.2308   0.0280    21.80  0    cut
 473  sn86G         Ia-91bg    0.6701   1.45   0.2124   0.0361    90.00  0    cut
 474  sn94ae        Ia-norm    0.6011   1.45   0.7114   0.0194    40.10  0    cut
 475  sn91bg        Ia-91bg    0.6810   1.45   0.2243   0.0253    25.60  0    cut
 476  sn86G         Ia-91bg    0.4792   1.45   0.7111   0.0222    32.10  0    cut
 477  sn03cg        Ia-norm    0.5104   1.44   0.7178   0.0230    23.40  0    cut
 478  sn96X         Ia-norm    0.6133   1.44   0.7170   0.0203    20.80  0    cut
 479  sn02bo        Ia-norm    0.5578   1.44   0.7101   0.0221    39.30  0    cut
 480  sn02bo        Ia-norm    0.7365   1.44   0.2229   0.0432    44.40  0    cut
 481  sn97br        Ia-91T     0.6376   1.44   0.7118   0.0219    71.90  0    cut
 482  sn96X         Ia-norm    0.7649   1.43   0.2222   0.0278    24.70  0    cut
 483  sn03cg        Ia-norm    0.5605   1.43   0.7145   0.0229    23.40  0    cut
 484  sn81B         Ia-norm    0.6417   1.43   0.2389   0.0256    19.90  0    cut
 485  sn94D         Ia-norm    0.5862   1.43   0.7107   0.0175    48.00  0    cut
 486  sn98aq        Ia-norm    0.5835   1.43   0.7087   0.0211    65.60  0    cut
 487  sn98bu        Ia-norm    0.5835   1.43   0.0859   0.0279   216.90  0    cut
 488  sn95ac        Ia-norm    0.5645   1.43   0.7170   0.0212    24.40  0    cut
 489  sn03du        Ia-norm    0.7378   1.43   0.2107   0.0224    59.30  0    cut
 490  sn03du        Ia-norm    0.6471   1.43   0.2134   0.0281    84.30  0    cut
 491  sn81B         Ia-norm    0.6038   1.42   0.2499   0.0252    16.00  0    cut
 492  sn00cx        Ia-pec     0.7067   1.42   0.0866   0.0333   146.40  0    cut
 493  sn98bu        Ia-norm    0.5821   1.42   0.2416   0.0258    13.20  0    cut
 494  sn05gj        Ia-csm     0.5808   1.42   0.7101   0.0216    40.50  0    cut
 495  sn03du        Ia-norm    0.5862   1.41   0.7107   0.0209    24.00  0    cut
 496  sn94Q         Ia-norm    0.5862   1.41   0.7082   0.0211    41.60  0    cut
 497  sn00cx        Ia-pec     0.7067   1.41   0.0957   0.0323    61.10  0    cut
 498  sn91T         Ia-91T     0.6783   1.41   0.2134   0.0250    67.60  0    cut
 499  sn03du        Ia-norm    0.5848   1.41   0.7067   0.0210    60.70  0    cut
 500  sn94D         Ia-norm    0.6160   1.41   0.2334   0.0244    19.20  0    cut
 501  sn02bo        Ia-norm    0.5835   1.41   0.2439   0.0265    13.80  0    cut
 502  sn98bu        Ia-norm    0.5821   1.41   0.7103   0.0212    44.10  0    cut
 503  sn03du        Ia-norm    0.5876   1.41   0.7106   0.0207    26.00  0    cut
 504  sn90N         Ia-norm    0.5889   1.40   0.0834   0.0278   228.10  0    cut
 505  sn00cx        Ia-pec     0.4887   1.40   0.2387   0.0266    19.40  0    cut
 506  sn86G         Ia-91bg    0.5442   1.40   0.7048   0.0222    52.00  0    cut
 507  sn05hk        Ia-pec     0.7202   1.40   0.7010   0.0188    23.40  0    cut
 508  sn81B         Ia-norm    0.5984   1.40   0.2425   0.0249    16.90  0    cut
 509  sn98bu        Ia-norm    0.5835   1.40   0.7105   0.0209    43.10  0    cut
 510  sn02cx        Ia-pec     0.4562   1.40   0.6922   0.0221    53.30  0    cut
 511  sn86G         Ia-91bg    0.6417   1.40   0.2197   0.0281    56.50  0    cut
 512  sn97br        Ia-91T     0.5930   1.40   0.7019   0.0188    66.40  0    cut
 513  sn03cg        Ia-norm    0.6701   1.40   0.2374   0.0295    12.40  0    cut
 514  sn98bu        Ia-norm    0.5835   1.40   0.0869   0.0268   179.10  0    cut
 515  sn94D         Ia-norm    0.5848   1.39   0.2353   0.0252    17.40  0    cut
 516  sn98aq        Ia-norm    0.5808   1.39   0.0840   0.0310   230.30  0    cut
 517  sn98bu        Ia-norm    0.5821   1.39   0.7151   0.0205    31.10  0    cut
 518  sn94D         Ia-norm    0.5835   1.39   0.2410   0.0252    13.40  0    cut
 519  sn98bu        Ia-norm    0.5835   1.39   0.0834   0.0309   242.80  0    cut
 520  sn98aq        Ia-norm    0.5835   1.39   0.7125   0.0212    20.80  0    cut
 521  sn94ae        Ia-norm    0.7392   1.39   0.2109   0.0436   123.60  0    cut
 522  sn94D         Ia-norm    0.5808   1.39   0.7140   0.0203    15.20  0    cut
 523  sn92A         Ia-norm    0.8312   1.38   0.2559   0.0280    11.70  0    cut
 524  sn04eo        Ia-norm    0.6024   1.38   0.6004   0.0234    45.40  0    cut
 525  sn03cg        Ia-norm    0.6444   1.37   0.7138   0.0241    52.40  0    cut
 526  sn98bu        Ia-norm    0.5835   1.37   0.7106   0.0212    41.10  0    cut
 527  sn05gj        Ia-csm     0.6038   1.37   0.7126   0.0222    42.30  0    cut
 528  sn91bg        Ia-91bg    0.6309   1.37   0.2227   0.0287    53.30  0    cut
 529  sn94D         Ia-norm    0.5754   1.37   0.7133   0.0214    14.30  0    cut
 530  sn94ae        Ia-norm    0.6187   1.37   0.9997   0.0210    64.00  0    cut
 531  sn91M         Ia-norm    0.6390   1.37   0.2373   0.0294    27.50  0    cut
 532  sn02bo        Ia-norm    0.5848   1.37   0.7078   0.0210    49.60  0    cut
 533  sn98aq        Ia-norm    0.5835   1.37   0.7133   0.0214    35.80  0    cut
 534  sn98bu        Ia-norm    0.5821   1.36   0.7113   0.0213    39.20  0    cut
 535  sn98bu        Ia-norm    0.5835   1.36   0.7113   0.0212    38.20  0    cut
 536  sn04eo        Ia-norm    0.6552   1.36   0.2272   0.0262    20.80  0    cut
 537  sn03du        Ia-norm    0.5876   1.36   0.7118   0.0208    29.00  0    cut
 538  sn98bu        Ia-norm    0.5835   1.36   0.7110   0.0214    40.10  0    cut
 539  sn98bu        Ia-norm    0.5835   1.36   0.7106   0.0213    42.10  0    cut
 540  sn02bo        Ia-norm    0.5848   1.36   0.7091   0.0215    45.60  0    cut
 541  sn91bg        Ia-91bg    0.6295   1.36   0.2237   0.0284    46.30  0    cut
 542  sn98bu        Ia-norm    0.5835   1.36   0.7114   0.0212    37.20  0    cut
 543  sn89B         Ia-norm    0.5686   1.35   0.7042   0.0218    51.00  0    cut
 544  sn02er        Ia-norm    0.5930   1.35   0.7345   0.0238    24.20  0    cut
 545  sn98aq        Ia-norm    0.5848   1.35   0.7140   0.0213    30.80  0    cut
 546  sn91T         Ia-91T     0.7216   1.35   0.2117   0.0237    75.20  0    cut
 547  sn91T         Ia-91T     0.7189   1.35   0.2137   0.0225    45.70  0    cut
 548  sn00cx        Ia-pec     0.7053   1.35   0.0938   0.0343    71.00  0    cut
 549  sn86G         Ia-91bg    0.5442   1.35   0.7048   0.0232    54.00  0    cut
 550  sn98aq        Ia-norm    0.5835   1.35   0.0842   0.0320   240.30  0    cut
 551  sn90N         Ia-norm    0.4373   1.35   0.2130   0.0227   309.80  0    cut
 552  sn03du        Ia-norm    0.5862   1.34   0.7110   0.0205    34.00  0    cut
 553  sn02bo        Ia-norm    0.5835   1.34   0.2425   0.0276    14.80  0    cut
 554  sn02bo        Ia-norm    0.5848   1.34   0.7106   0.0219    43.60  0    cut
 555  sn02bo        Ia-norm    0.4887   1.34   0.7014   0.0254    83.30  0    cut
 556  sn92A         Ia-norm    0.6079   1.34   0.7271   0.0205    28.20  0    cut
 557  sn89B         Ia-norm    0.6525   1.34   0.2276   0.0282    22.40  0    cut
 558  sn03cg        Ia-norm    0.5618   1.33   0.7149   0.0220    26.40  0    cut
 559  sn94D         Ia-norm    0.6106   1.33   0.2391   0.0258    12.20  0    cut
 560  sn98bu        Ia-norm    0.5835   1.33   0.7118   0.0215    34.20  0    cut
 561  sn90N         Ia-norm    0.4698   1.33   0.2135   0.0250   245.20  0    cut
 562  sn86G         Ia-91bg    0.4454   1.33   0.7078   0.0204    21.10  0    cut
 563  sn98aq        Ia-norm    0.5835   1.33   0.7146   0.0215    33.80  0    cut
 564  sn94D         Ia-norm    0.6444   1.33   0.9926   0.0213    53.90  0    cut
 565  sn98bu        Ia-norm    0.5835   1.33   0.7113   0.0217    36.20  0    cut
 566  sn91M         Ia-norm    0.6160   1.33   0.0856   0.0383    80.00  0    cut
 567  sn86G         Ia-91bg    0.6593   1.33   0.2116   0.0300   103.00  0    cut
 568  sn91bg        Ia-91bg    0.6309   1.32   0.2227   0.0294    53.50  0    cut
 569  sn99aa        Ia-91T     0.6850   1.32   0.2321   0.0229    34.10  0    cut
 570  sn98aq        Ia-norm    0.5835   1.32   0.7145   0.0216    31.80  0    cut
 571  sn98bu        Ia-norm    0.5835   1.32   0.7127   0.0216    35.20  0    cut
 572  sn05hk        Ia-pec     0.5510   1.32   0.7007   0.0273     3.60  0    cut
 573  sn03du        Ia-norm    0.5916   1.32   0.0881   0.0300   109.00  0    cut
 574  sn02bo        Ia-norm    0.5848   1.32   0.7070   0.0217    51.60  0    cut
 575  sn94D         Ia-norm    0.6092   1.32   0.2399   0.0260    13.20  0    cut
 576  sn98bu        Ia-norm    0.5821   1.32   0.7122   0.0215    32.10  0    cut
 577  sn02bo        Ia-norm    0.5848   1.31   0.2418   0.0280    15.70  0    cut
 578  sn02bo        Ia-norm    0.5848   1.31   0.7102   0.0215    40.60  0    cut
 579  sn95D         Ia-norm    0.7473   1.31   0.2135   0.0233    37.80  0    cut
 580  sn94ae        Ia-norm    0.7026   1.31   0.2473   0.0337   367.70  0    cut
 581  sn02bo        Ia-norm    0.5848   1.31   0.7060   0.0223    54.60  0    cut
 582  sn03cg        Ia-norm    0.5618   1.31   0.7093   0.0233    19.40  0    cut
 583  sn98bu        Ia-norm    0.5821   1.31   0.2403   0.0280    14.30  0    cut
 584  sn02bo        Ia-norm    0.5835   1.31   0.2408   0.0283    16.70  0    cut
 585  sn02bo        Ia-norm    0.5835   1.30   0.2398   0.0284    17.80  0    cut
 586  sn86G         Ia-91bg    0.5442   1.29   0.7042   0.0240    56.00  0    cut
 587  sn91bg        Ia-91bg    0.6458   1.29   0.9780   0.0226   117.20  0    cut
 588  sn86G         Ia-91bg    0.5591   1.29   0.7063   0.0206    45.60  0    cut
 589  sn02bo        Ia-norm    0.5835   1.29   0.2394   0.0289    18.70  0    cut
 590  sn94D         Ia-norm    0.5848   1.29   0.2381   0.0271    15.30  0    cut
 591  sn00cx        Ia-pec     0.7067   1.29   0.0891   0.0356   124.60  0    cut
 592  sn03du        Ia-norm    0.6051   1.29   0.2384   0.0271    17.80  0    cut
 593  sn99aa        Ia-91T     0.6214   1.29   0.7344   0.0219    53.90  0    cut
 594  sn90N         Ia-norm    0.7365   1.28   0.2151   0.0326   213.40  0    cut
 595  sn99aa        Ia-91T     0.6539   1.28   0.2325   0.0220    50.00  0    cut
 596  sn81B         Ia-norm    0.5903   1.28   0.7252   0.0211    26.90  0    cut
 597  sn03du        Ia-norm    0.6471   1.28   0.2130   0.0265    72.30  0    cut
 598  sn98bu        Ia-norm    0.5835   1.28   0.7126   0.0217    29.20  0    cut
 599  sn99by        Ia-91bg    0.5835   1.28   0.2302   0.0282    25.10  0    cut
 600  sn90N         Ia-norm    0.5104   1.27   0.2126   0.0409   332.50  0    cut
 601  sn98bu        Ia-norm    0.5835   1.27   0.7130   0.0221    33.20  0    cut
 602  sn03cg        Ia-norm    0.6458   1.27   0.2405   0.0265    16.40  0    cut
 603  sn02bo        Ia-norm    0.5848   1.27   0.7152   0.0210    23.80  0    cut
 604  sn04eo        Ia-norm    0.5984   1.27   0.7153   0.0225    21.40  0    cut
 605  sn98bu        Ia-norm    0.5835   1.27   0.7137   0.0224    30.20  0    cut
 606  sn86G         Ia-91bg    0.4968   1.27   0.0268   0.0270    22.10  0    cut
 607  sn02cx        Ia-pec     0.4346   1.26   0.6942   0.0235    14.20  0    cut
 608  sn03du        Ia-norm    0.5916   1.26   0.2381   0.0271    19.60  0    cut
 609  sn98bu        Ia-norm    0.5835   1.26   0.7132   0.0220    28.20  0    cut
 610  sn02bo        Ia-norm    0.5848   1.26   0.7157   0.0221    21.70  0    cut
 611  sn00cx        Ia-pec     0.7067   1.26   0.0913   0.0364    92.90  0    cut
 612  sn98aq        Ia-norm    0.5835   1.26   0.7081   0.0231    78.60  0    cut
 613  sn91bg        Ia-91bg    0.5578   1.26   0.6086   0.0247    29.50  0    cut
 614  sn94ae        Ia-norm    0.5903   1.26   0.7068   0.0233    70.00  0    cut
 615  sn96X         Ia-norm    0.6850   1.26   0.7213   0.0214    31.70  0    cut
 616  sn02bo        Ia-norm    0.5848   1.26   0.7008   0.0225    79.40  0    cut
 617  sn03du        Ia-norm    0.6904   1.26   0.2136   0.0277    51.60  0    cut
 618  sn99aa        Ia-91T     0.6552   1.26   0.2382   0.0314    29.10  0    cut
 619  sn91bg        Ia-91bg    0.7053   1.26   0.1073   0.0337    14.70  0    cut
 620  sn91bg        Ia-91bg    0.7040   1.25   0.0932   0.0289   113.20  0    cut
 621  sn04eo        Ia-norm    0.5754   1.25   0.0858   0.0251   224.20  0    cut
 622  sn00cx        Ia-pec     0.7067   1.25   0.0909   0.0369    96.80  0    cut
 623  sn97cn        Ia-91bg    0.6742   1.25   0.2210   0.0282    43.40  0    cut
 624  sn05gj        Ia-csm     0.6133   1.25   0.6071   0.0211    38.50  0    cut
 625  sn02bo        Ia-norm    0.5848   1.25   0.7138   0.0224    27.70  0    cut
 626  sn02bo        Ia-norm    0.5835   1.25   0.2390   0.0302    19.80  0    cut
 627  sn03du        Ia-norm    0.5876   1.25   0.2363   0.0274    22.00  0    cut
 628  sn04eo        Ia-norm    0.6282   1.24   0.7143   0.0228    53.30  0    cut
 629  sn02bo        Ia-norm    0.5835   1.24   0.2384   0.0308    20.70  0    cut
 630  sn03du        Ia-norm    0.5862   1.24   0.2389   0.0280    17.00  0    cut
 631  sn03du        Ia-norm    0.5388   1.24   0.0972   0.0260   138.60  0    cut
 632  sn94S         Ia-norm    0.6403   1.24   0.2328   0.0303    20.90  0    cut
 633  sn00E         Ia-norm    0.4143   1.24   0.3487   0.0255   121.20  0    cut
 634  sn94ae        Ia-norm    0.6133   1.24   0.9986   0.0237    36.20  0    cut
 635  sn05gj        Ia-csm     0.5876   1.23   0.0424   0.0422    67.70  0    cut
 636  sn91bg        Ia-91bg    0.4671   1.23   0.7229   0.0243    18.60  0    cut
 637  sn99by        Ia-91bg    0.5835   1.23   0.2286   0.0283    29.10  0    cut
 638  sn99ee        Ia-norm    0.6525   1.23   0.2300   0.0302    31.90  0    cut
 639  sn03du        Ia-norm    0.6471   1.23   0.7157   0.0219    34.60  0    cut
 640  sn98aq        Ia-norm    0.5821   1.23   0.2371   0.0294    18.80  0    cut
 641  sn95D         Ia-norm    0.6079   1.23   0.7058   0.0210    69.60  0    cut
 642  sn89B         Ia-norm    0.6390   1.22   0.2294   0.0293    23.40  0    cut
 643  sn99by        Ia-91bg    0.5835   1.22   0.2277   0.0279    31.10  0    cut
 644  sn02bo        Ia-norm    0.5848   1.22   0.7139   0.0222    29.70  0    cut
 645  sn03du        Ia-norm    0.5876   1.22   0.2372   0.0279    20.00  0    cut
 646  sn94ae        Ia-norm    0.5903   1.22   0.0889   0.0307    87.80  0    cut
 647  sn02bo        Ia-norm    0.5835   1.22   0.7139   0.0229    28.60  0    cut
 648  sn03cg        Ia-norm    0.5361   1.21   0.5001   0.0242   383.10  0    cut
 649  sn05gj        Ia-csm     0.6173   1.21   0.0456   0.0328    66.80  0    cut
 650  sn05gj        Ia-csm     0.6173   1.20   0.0459   0.0410    65.80  0    cut
 651  sn05gj        Ia-csm     0.6187   1.20   0.7148   0.0243    63.00  0    cut
 652  sn03du        Ia-norm    0.6904   1.20   0.2217   0.0314    31.80  0    cut
 653  sn90O         Ia-norm    0.6728   1.20   0.2285   0.0409    19.90  0    cut
 654  sn03du        Ia-norm    0.5862   1.20   0.2378   0.0284    19.00  0    cut
 655  sn91bg        Ia-91bg    0.4684   1.20   0.7141   0.0241    34.40  0    cut
 656  sn04eo        Ia-norm    0.5740   1.19   0.7107   0.0235    23.40  0    cut
 657  sn02bo        Ia-norm    0.5848   1.19   0.7022   0.0232    72.50  0    cut
 658  sn01el        Ia-norm    0.6972   1.19   0.2333   0.0427    39.90  0    cut
 659  sn99by        Ia-91bg    0.5835   1.19   0.2274   0.0292    33.10  0    cut
 660  sn05gj        Ia-csm     0.6187   1.19   0.0458   0.0407    63.90  0    cut
 661  sn03du        Ia-norm    0.5632   1.19   0.0978   0.0254    87.10  0    cut
 662  sn03du        Ia-norm    0.6755   1.19   0.2120   0.0262    63.40  0    cut
 663  sn91bg        Ia-91bg    0.4833   1.18   0.7469   0.0245    20.20  0    cut
 664  sn04S         Ia-norm    0.6485   1.18   0.2305   0.0306    36.20  0    cut
 665  sn98aq        Ia-norm    0.5835   1.18   0.7071   0.0237    81.60  0    cut
 666  sn03du        Ia-norm    0.5916   1.18   0.5079   0.0284   375.30  0    cut
 667  sn94ae        Ia-norm    0.6255   1.18   1.0031   0.0240    30.20  0    cut
 668  sn86G         Ia-91bg    0.5591   1.18   0.7040   0.0218    54.50  0    cut
 669  sn03du        Ia-norm    0.6038   1.18   0.7215   0.0224    37.40  0    cut
 670  sn99aa        Ia-91T     0.6214   1.18   0.7374   0.0224    41.10  0    cut
 671  sn90N         Ia-norm    0.4725   1.18   0.3503   0.0317   246.20  0    cut
 672  sn91bg        Ia-91bg    0.6106   1.17   0.2247   0.0332    46.50  0    cut
 673  sn04eo        Ia-norm    0.5997   1.17   0.9866   0.0221    71.10  0    cut
 674  sn99aw        Ia-91T     0.6146   1.17   0.7167   0.0246    35.90  0    cut
 675  sn81B         Ia-norm    0.4820   1.16   0.0363   0.0254    33.80  0    cut
 676  sn05gj        Ia-csm     0.6187   1.15   0.0458   0.0438    64.90  0    cut
 677  sn99aa        Ia-91T     0.6187   1.14   0.2584   0.0330    15.40  0    cut
 678  sn89B         Ia-norm    0.6106   1.14   0.2279   0.0294    25.40  0    cut
 679  sn91T         Ia-91T     0.4373   1.14   0.7088   0.0226    18.60  0    cut
 680  sn89B         Ia-norm    0.6444   1.14   0.7159   0.0218    24.40  0    cut
 681  sn90N         Ia-norm    0.6417   1.13   1.0086   0.0251    38.50  0    cut
 682  sn89B         Ia-norm    0.6160   1.13   0.5939   0.0248    31.40  0    cut
 683  sn05gj        Ia-csm     0.5889   1.13   0.6164   0.0114   -12.10  0    cut
 684  sn04S         Ia-norm    0.6498   1.13   0.6048   0.0238    42.10  0    cut
 685  sn94D         Ia-norm    0.7256   1.13   0.0911   0.0378    83.10  0    cut
 686  sn91bg        Ia-91bg    0.5808   1.12   0.0874   0.0260   143.00  0    cut
 687  sn04eo        Ia-norm    0.5984   1.12   0.7119   0.0221    29.70  0    cut
 688  sn05hk        Ia-pec     0.4021   1.11   0.5843   0.0205    26.40  0    cut
 689  sn99ac        Ia-91T     0.6498   1.11   1.0288   0.0258    32.00  0    cut
 690  sn92A         Ia-norm    0.6079   1.11   0.7266   0.0224    24.20  0    cut
 691  sn86G         Ia-91bg    0.5591   1.10   0.5898   0.0265    49.50  0    cut
 692  sn02bo        Ia-norm    0.6160   1.10   0.7154   0.0257    29.40  0    cut
 693  sn95E         Ia-norm    0.6295   1.09   0.2287   0.0308    32.70  0    cut
 694  sn89B         Ia-norm    0.6214   1.09   0.7105   0.0229    37.30  0    cut
 695  sn91bg        Ia-91bg    0.5903   1.08   0.9686   0.0262   117.20  0    cut
 696  sn05gj        Ia-csm     0.5672   1.07   0.0355   0.0373    61.10  0    cut
 697  sn99by        Ia-91bg    0.5835   1.07   0.2263   0.0321    42.10  0    cut
 698  sn05gj        Ia-csm     0.5876   1.07   0.7166   0.0267    75.30  0    cut
 699  sn94M         Ia-norm    0.5808   1.05   0.0273   0.0387    34.10  0    cut
 700  sn86G         Ia-91bg    0.5131   1.04   0.5026   0.0240   256.70  0    cut
 701  sn81B         Ia-norm    0.4671   1.04   0.6985   0.0281   114.40  0    cut
 702  sn02er        Ia-norm    0.6525   1.02   0.7127   0.0239    19.50  0    cut
 703  sn94D         Ia-norm    0.7920   1.02   0.2072   0.0255    16.30  0    cut
 704  sn04eo        Ia-norm    0.5754   1.02   0.2796   0.0318    49.40  0    cut
 705  sn91bg        Ia-91bg    0.4657   1.02   0.7167   0.0246    16.40  0    cut
 706  sn91bg        Ia-91bg    0.5808   1.01   0.4904   0.0190   202.70  0    cut
 707  sn05gj        Ia-csm     0.5659   0.95   0.0393   0.0402    88.40  0    cut
 708  sn91bg        Ia-91bg    0.5848   0.94   0.2812   0.0691    32.70  0    cut
 709  sn02er        Ia-norm    0.6309   0.93   0.7313   0.0265    33.20  0    cut
 710  sn02ic        Ia-csm     0.5659   0.88   0.2763   0.0486    65.60  0    cut
 711  sn91bg        Ia-91bg    0.4725   0.87   0.3317   0.0305    88.10  0    cut
 712  sn05gj        Ia-csm     0.6079   0.86   0.0452   0.0634    92.10  0    cut
 713  sn05gj        Ia-csm     0.6200   0.77   0.0415   0.0489   133.50  0    cut
 714  sn81B         Ia-norm    0.6931   0.72   0.2345   0.0439   267.40  0    cut
