### SNID output file ###
 
### input spectrum and options ###
# Input spectrum                 : 13411_12.70.dat
# Parameter file                 : NA
# Wavelength range               :    4932.67   7966.69
# Mask file                      : NA
# Median filtering width [A]     : NA
# Median filtering width [pix]   :       1.00
# Clip emission redshift         : NA
# Clip sky lines                 : 0
# Emission clip width [A]        : NA
# Keep A-band                    : 1
# Age range                      :     -90.00   1000.00
# Delta range                    :      -9.99     99.90
# Min. number of spectra/template:   1
# Use only templates             : NA
# Use only types                 : Ia
# Avoid templates                : NA
# Avoid types                    : NA
# rlapmin                        :       5.00
# Redshift range                 :    -0.0100    1.2000
# Forced initial redshift        : NA
# Extra fake redshift            : NA
# Nsigma for initial redshift    : NA
# Redshift filter                :     0.0200
# Wavenumbers k1,k2,k3,k4        :     1    4   85  102
# Template directory             : /Users/daniel/snid-5.0/templates/
 
### initial/user-input redshift ###
zinit       0.1565
zuser       0.1565
 
### median redshift/age and error ###
zmed        0.1575    0.0070
agem         13.05     23.36
 
### type fraction/redshift/age ###
#type ntemp fraction slope redshift redshift_error age age_error
Ia             10      1.00    0.0000    0.1575    0.0070    13.050    23.361
Ia-norm         7      0.70    0.1113    0.1549    0.0046    12.700    26.709
Ia-91T          2      0.20    0.0000    0.1708    0.0028     5.700    13.718
Ia-91bg         0      0.00    0.0000    0.0000    0.0000     0.000     0.000
Ia-csm          0      0.00    0.0000    0.0000    0.0000     0.000     0.000
Ia-pec          1      0.10   -0.0105    0.1602    0.0000    19.400     0.000
###
Ib              0      0.00    0.0000    0.0000    0.0000     0.000     0.000
Ib-norm         0      0.00    0.0000    0.0000    0.0000     0.000     0.000
Ib-pec          0      0.00    0.0000    0.0000    0.0000     0.000     0.000
IIb             0      0.00    0.0000    0.0000    0.0000     0.000     0.000
###
Ic              0      0.00    0.0000    0.0000    0.0000     0.000     0.000
Ic-norm         0      0.00    0.0000    0.0000    0.0000     0.000     0.000
Ic-pec          0      0.00    0.0000    0.0000    0.0000     0.000     0.000
Ic-broad        0      0.00    0.0000    0.0000    0.0000     0.000     0.000
###
II              0      0.00    0.0000    0.0000    0.0000     0.000     0.000
IIP             0      0.00    0.0000    0.0000    0.0000     0.000     0.000
II-pec          0      0.00    0.0000    0.0000    0.0000     0.000     0.000
IIn             0      0.00    0.0000    0.0000    0.0000     0.000     0.000
IIL             0      0.00    0.0000    0.0000    0.0000     0.000     0.000
###
NotSN           0      0.00    0.0000    0.0000    0.0000     0.000     0.000
AGN             0      0.00    0.0000    0.0000    0.0000     0.000     0.000
Gal             0      0.00    0.0000    0.0000    0.0000     0.000     0.000
LBV             0      0.00    0.0000    0.0000    0.0000     0.000     0.000
M-star          0      0.00    0.0000    0.0000    0.0000     0.000     0.000
 
### rlap-ordered template listings ###
#no. sn type lap rlap z zerr age age_flag grade
   1  sn96X         Ia-norm    0.4495   8.71   0.1584   0.0056    12.70  0   good
   2  sn00cx        Ia-pec     0.4535   6.59   0.1602   0.0086    19.40  0   good
   3  sn89B         Ia-norm    0.4440   6.52   0.1549   0.0072    11.50  0   good
   4  sn92A         Ia-norm    0.4535   6.02   0.1663   0.0083    11.60  0   good
   5  sn97br        Ia-91T     0.4765   5.69   0.1688   0.0109    -4.00  0   good
   6  sn99aa        Ia-91T     0.4765   5.37   0.1728   0.0094    15.40  0   good
   7  sn89B         Ia-norm    0.4440   5.31   0.1532   0.0085    13.40  0   good
   8  sn94Q         Ia-norm    0.4765   5.28   0.1545   0.0090    11.60  0   good
   9  sn95D         Ia-norm    0.4765   5.16   0.1567   0.0093    14.10  0   good
  10  sn94D         Ia-norm    0.4765   5.03   0.1530   0.0112    83.10  0   good
#--- rlap cutoff
  11  sn03du        Ia-norm    0.4765   4.82   0.1648   0.0096    13.70  0    cut
  12  sn90N         Ia-norm    0.4765   4.70   0.1569   0.0098    14.50  0    cut
  13  sn03du        Ia-norm    0.4765   4.67   0.1554   0.0098    17.00  0    cut
  14  sn91T         Ia-91T     0.4765   4.61   0.1561   0.0111    15.90  0    cut
  15  sn03du        Ia-norm    0.4765   4.59   0.1507   0.0133   141.30  0    cut
  16  sn95D         Ia-norm    0.4765   4.54   0.1547   0.0101    16.10  0    cut
  17  sn81B         Ia-norm    0.4765   4.50   0.1486   0.0133   114.40  0    cut
  18  sn00cx        Ia-pec     0.4765   4.49   0.1527   0.0137    92.90  0    cut
  19  sn98bu        Ia-norm    0.4765   4.45   0.1570   0.0102    13.20  0    cut
  20  sn95al        Ia-norm    0.4765   4.44   0.1576   0.0117    17.00  0    cut
  21  sn90O         Ia-norm    0.4292   4.40   0.1579   0.0106    19.10  0    cut
  22  sn03du        Ia-norm    0.4765   4.40   0.1499   0.0132   109.00  0    cut
  23  sn03du        Ia-norm    0.4765   4.34   0.1544   0.0105    17.80  0    cut
  24  sn94ae        Ia-norm    0.4765   4.30   0.1489   0.0139   123.60  0    cut
  25  sn03du        Ia-norm    0.4765   4.30   0.1566   0.0140   138.60  0    cut
  26  sn98bu        Ia-norm    0.4765   4.29   0.1558   0.0106    14.30  0    cut
  27  sn95bd        Ia-norm    0.4765   4.26   0.1630   0.0122    11.30  0    cut
  28  sn90N         Ia-norm    0.4765   4.25   0.1483   0.0140   246.20  0    cut
  29  sn91T         Ia-91T     0.4765   4.25   0.1681   0.0143    -0.20  0    cut
  30  sn98bu        Ia-norm    0.4765   4.21   0.1581   0.0106    12.20  0    cut
  31  sn98aq        Ia-norm    0.4765   4.21   0.1501   0.0142   230.30  0    cut
  32  sn94ae        Ia-norm    0.4765   4.19   0.1488   0.0146   153.40  0    cut
  33  sn00cx        Ia-pec     0.4765   4.17   0.1531   0.0142    71.00  0    cut
  34  sn00cx        Ia-pec     0.4765   4.14   0.1530   0.0147    96.80  0    cut
  35  sn92A         Ia-norm    0.4765   4.11   0.1662   0.0112    11.70  0    cut
  36  sn89B         Ia-norm    0.4440   4.11   0.1565   0.0107     9.50  0    cut
  37  sn94D         Ia-norm    0.4765   4.08   0.1573   0.0108    11.00  0    cut
  38  sn03cg        Ia-norm    0.4765   4.07   0.1579   0.0110    11.40  0    cut
  39  sn03cg        Ia-norm    0.4765   4.06   0.1567   0.0111    12.40  0    cut
  40  sn91M         Ia-norm    0.4765   3.96   0.1494   0.0141    80.00  0    cut
  41  sn03du        Ia-norm    0.4765   3.93   0.1579   0.0150   137.60  0    cut
  42  sn95D         Ia-norm    0.4765   3.91   0.1591   0.0116    11.20  0    cut
  43  sn91T         Ia-91T     0.4765   3.89   0.1458   0.0156   260.40  0    cut
  44  sn91T         Ia-91T     0.4765   3.85   0.1598   0.0134    10.90  0    cut
  45  sn03du        Ia-norm    0.4765   3.80   0.1427   0.0160   375.30  0    cut
  46  sn97br        Ia-91T     0.4765   3.78   0.1609   0.0126     8.50  0    cut
  47  sn94M         Ia-norm    0.4765   3.73   0.1606   0.0119    12.90  0    cut
  48  sn98bu        Ia-norm    0.4765   3.72   0.1587   0.0115    11.20  0    cut
  49  sn02er        Ia-norm    0.4765   3.69   0.1543   0.0160   213.00  0    cut
  50  sn03cg        Ia-norm    0.4765   3.67   0.1449   0.0166   383.10  0    cut
  51  sn98bu        Ia-norm    0.4765   3.66   0.1489   0.0157   242.80  0    cut
  52  sn94D         Ia-norm    0.4765   3.66   0.1554   0.0118    12.20  0    cut
  53  sn00cx        Ia-pec     0.4765   3.66   0.1647   0.0155    14.50  0    cut
  54  sn86G         Ia-91bg    0.4765   3.65   0.1511   0.0153    90.00  0    cut
  55  sn91M         Ia-norm    0.4765   3.65   0.1491   0.0162   111.80  0    cut
  56  sn94ae        Ia-norm    0.4603   3.62   0.1510   0.0151    87.80  0    cut
  57  sn03du        Ia-norm    0.4765   3.61   0.1543   0.0120    19.00  0    cut
  58  sn90N         Ia-norm    0.4765   3.58   0.1476   0.0170   245.20  0    cut
  59  sn00cx        Ia-pec     0.4765   3.57   0.1521   0.0166   124.60  0    cut
  60  sn94D         Ia-norm    0.4765   3.57   0.1564   0.0117    10.10  0    cut
  61  sn81B         Ia-norm    0.4765   3.55   0.1572   0.0133    16.90  0    cut
  62  sn90N         Ia-norm    0.4765   3.55   0.1558   0.0116    17.70  0    cut
  63  sn94D         Ia-norm    0.4765   3.55   0.1555   0.0120    13.40  0    cut
  64  sn98bu        Ia-norm    0.4765   3.54   0.1510   0.0165   208.00  0    cut
  65  sn00cx        Ia-pec     0.4765   3.52   0.1514   0.0167   146.40  0    cut
  66  sn02er        Ia-norm    0.4765   3.52   0.1593   0.0122    12.40  0    cut
  67  sn97br        Ia-91T     0.4765   3.50   0.1709   0.0163    -6.40  0    cut
  68  sn98aq        Ia-norm    0.4765   3.50   0.1523   0.0156    90.50  0    cut
  69  sn02bo        Ia-norm    0.4765   3.46   0.1604   0.0141    11.90  0    cut
  70  sn03cg        Ia-norm    0.4765   3.46   0.1585   0.0121     9.60  0    cut
  71  sn98aq        Ia-norm    0.4765   3.46   0.1491   0.0168   240.30  0    cut
  72  sn89B         Ia-norm    0.4765   3.45   0.1536   0.0118    12.40  0    cut
  73  sn97br        Ia-91T     0.4765   3.44   0.1633   0.0138     7.80  0    cut
  74  sn02bo        Ia-norm    0.4765   3.44   0.1595   0.0142    12.80  0    cut
  75  sn99ee        Ia-norm    0.4765   3.40   0.1594   0.0138    11.10  0    cut
  76  sn97br        Ia-91T     0.4765   3.40   0.1570   0.0137    12.40  0    cut
  77  sn02bo        Ia-norm    0.4765   3.38   0.1621   0.0143    10.80  0    cut
  78  sn81B         Ia-norm    0.4765   3.37   0.1641   0.0139    16.00  0    cut
  79  sn03du        Ia-norm    0.4765   3.36   0.1488   0.0173   220.70  0    cut
  80  sn86G         Ia-91bg    0.4765   3.34   0.1536   0.0169   103.00  0    cut
  81  sn98bu        Ia-norm    0.4765   3.33   0.1506   0.0174   216.90  0    cut
  82  sn98bu        Ia-norm    0.4765   3.32   0.1520   0.0175   190.10  0    cut
  83  sn02bo        Ia-norm    0.4765   3.31   0.1586   0.0146    13.80  0    cut
  84  sn99aa        Ia-91T     0.4765   3.28   0.1917   0.0180    -8.50  0    cut
  85  sn00cx        Ia-pec     0.4765   3.27   0.1531   0.0166    61.10  0    cut
  86  sn04S         Ia-norm    0.4765   3.26   0.1514   0.0131    14.00  0    cut
  87  sn03du        Ia-norm    0.4765   3.26   0.1541   0.0129    19.60  0    cut
  88  sn00E         Ia-norm    0.4468   3.24   0.1491   0.0173   121.20  0    cut
  89  sn97br        Ia-91T     0.4765   3.24   0.1723   0.0167    -6.00  0    cut
  90  sn02er        Ia-norm    0.4765   3.23   0.1585   0.0130    10.60  0    cut
  91  sn81B         Ia-norm    0.4765   3.23   0.1592   0.0165   267.40  0    cut
  92  sn90N         Ia-norm    0.4765   3.22   0.1495   0.0183   228.10  0    cut
  93  sn98aq        Ia-norm    0.4765   3.18   0.1553   0.0130    18.80  0    cut
  94  sn98bu        Ia-norm    0.4765   3.16   0.1523   0.0184   179.10  0    cut
  95  sn90N         Ia-norm    0.4698   3.16   0.1443   0.0191   309.80  0    cut
  96  sn90N         Ia-norm    0.4765   3.14   0.1507   0.0183   332.50  0    cut
  97  sn98bu        Ia-norm    0.4765   3.13   0.1594   0.0129    10.20  0    cut
  98  sn00E         Ia-norm    0.4765   3.13   0.1606   0.0130     8.40  0    cut
  99  sn02bo        Ia-norm    0.4765   3.13   0.1574   0.0151    14.80  0    cut
 100  sn99aa        Ia-91T     0.4765   3.11   0.1697   0.0142    21.10  0    cut
 101  sn02er        Ia-norm    0.4765   3.11   0.1533   0.0135     9.40  0    cut
 102  sn04S         Ia-norm    0.4765   3.11   0.1514   0.0131    13.40  0    cut
 103  sn03du        Ia-norm    0.4765   3.11   0.1539   0.0133    20.00  0    cut
 104  sn99ee        Ia-norm    0.4765   3.08   0.1538   0.0147    16.10  0    cut
 105  sn90N         Ia-norm    0.4765   3.08   0.1488   0.0184   213.40  0    cut
 106  sn91T         Ia-91T     0.4698   3.05   0.1534   0.0151    18.60  0    cut
 107  sn03du        Ia-norm    0.4765   3.02   0.1506   0.0161    84.30  0    cut
 108  sn94D         Ia-norm    0.4765   2.97   0.1568   0.0138    13.20  0    cut
 109  sn94S         Ia-norm    0.4765   2.96   0.1523   0.0147    20.90  0    cut
 110  sn94ae        Ia-norm    0.4765   2.91   0.1615   0.0145    11.30  0    cut
 111  sn99ac        Ia-91T     0.4765   2.90   0.1629   0.0157    12.20  0    cut
 112  sn02bo        Ia-norm    0.4765   2.90   0.1564   0.0159    15.70  0    cut
 113  sn06gz        Ia-pec     0.4765   2.90   0.1600   0.0117    10.10  0    cut
 114  sn90N         Ia-norm    0.4765   2.88   0.1493   0.0208   255.90  0    cut
 115  sn00cx        Ia-pec     0.4765   2.87   0.1666   0.0191    11.50  0    cut
 116  sn01el        Ia-norm    0.4765   2.85   0.1620   0.0129     9.20  0    cut
 117  sn90N         Ia-norm    0.4765   2.82   0.1448   0.0204   280.70  0    cut
 118  sn03du        Ia-norm    0.4765   2.77   0.1571   0.0185    87.10  0    cut
 119  sn02bo        Ia-norm    0.4765   2.74   0.1467   0.0184    83.30  0    cut
 120  sn89B         Ia-norm    0.4440   2.74   0.1579   0.0155     7.50  0    cut
 121  sn89B         Ia-norm    0.4765   2.73   0.1523   0.0136    14.40  0    cut
 122  sn97br        Ia-91T     0.4765   2.73   0.1723   0.0200    -7.00  0    cut
 123  sn00cx        Ia-pec     0.4765   2.73   0.1691   0.0233    -3.40  0    cut
 124  sn81B         Ia-norm    0.4765   2.71   0.1555   0.0156    19.90  0    cut
 125  sn91bg        Ia-91bg    0.4765   2.69   0.1534   0.0219   113.20  0    cut
 126  sn95D         Ia-norm    0.4765   2.68   0.1605   0.0154    10.10  0    cut
 127  sn98aq        Ia-norm    0.4765   2.67   0.1519   0.0185    81.60  0    cut
 128  sn91T         Ia-91T     0.4765   2.66   0.1692   0.0210   -10.30  0    cut
 129  sn03du        Ia-norm    0.4765   2.64   0.1602   0.0147    10.80  0    cut
 130  sn99ac        Ia-91T     0.4765   2.63   0.1685   0.0171     9.20  0    cut
 131  sn92A         Ia-norm    0.4765   2.63   0.1665   0.0151     8.70  0    cut
 132  sn94ae        Ia-norm    0.4765   2.62   0.1455   0.0192   367.70  0    cut
 133  sn05hk        Ia-pec     0.4765   2.62   0.1440   0.0154     3.60  0    cut
 134  sn98bu        Ia-norm    0.4765   2.62   0.1599   0.0145     9.30  0    cut
 135  sn04eo        Ia-norm    0.4765   2.61   0.1501   0.0211   224.20  0    cut
 136  sn94D         Ia-norm    0.4765   2.61   0.1547   0.0153    15.30  0    cut
 137  sn99ac        Ia-91T     0.4765   2.60   0.0626   0.0186   -13.60  0    cut
 138  sn91T         Ia-91T     0.4765   2.60   0.1680   0.0222    -5.30  0    cut
 139  sn06gz        Ia-pec     0.4765   2.60   0.1604   0.0125     9.20  0    cut
 140  sn81B         Ia-norm    0.4765   2.59   0.1622   0.0162    18.90  0    cut
 141  sn05hj        Ia-norm    0.4765   2.58   0.1617   0.0162    -5.10  0    cut
 142  sn02bo        Ia-norm    0.4765   2.57   0.1557   0.0173    16.70  0    cut
 143  sn97br        Ia-91T     0.4765   2.57   0.1726   0.0211    -7.40  0    cut
 144  sn86G         Ia-91bg    0.4765   2.57   0.1488   0.0203   256.70  0    cut
 145  sn92A         Ia-norm    0.4765   2.56   0.1675   0.0156     8.90  0    cut
 146  sn92A         Ia-norm    0.4522   2.55   0.1619   0.0155    16.30  0    cut
 147  sn95bd        Ia-norm    0.4765   2.50   0.1508   0.0178    21.10  0    cut
 148  sn02bo        Ia-norm    0.4765   2.49   0.1475   0.0199    79.40  0    cut
 149  sn98aq        Ia-norm    0.4765   2.49   0.1519   0.0193    78.60  0    cut
 150  sn91bg        Ia-91bg    0.4765   2.49   0.1536   0.0242   117.20  0    cut
 151  sn97br        Ia-91T     0.4765   2.48   0.1715   0.0220    -8.00  0    cut
 152  sn00cx        Ia-pec     0.4562   2.48   0.1691   0.0213    -2.40  0    cut
 153  sn86G         Ia-91bg    0.4765   2.48   0.1483   0.0205   323.60  0    cut
 154  sn06gz        Ia-pec     0.4765   2.47   0.1607   0.0129     8.20  0    cut
 155  sn03cg        Ia-norm    0.4765   2.47   0.1539   0.0160    16.40  0    cut
 156  sn05hk        Ia-pec     0.4765   2.45   0.1470   0.0185    -1.40  0    cut
 157  sn94ae        Ia-norm    0.4765   2.41   0.1622   0.0163    10.40  0    cut
 158  sn03du        Ia-norm    0.4765   2.40   0.1534   0.0158    21.80  0    cut
 159  sn00cx        Ia-pec     0.4765   2.40   0.1581   0.0181    22.40  0    cut
 160  sn04eo        Ia-norm    0.4765   2.39   0.1546   0.0148     7.00  0    cut
 161  sn96X         Ia-norm    0.4765   2.38   0.1606   0.0147     8.90  0    cut
 162  sn05hk        Ia-pec     0.4765   2.37   0.1464   0.0210    -3.30  0    cut
 163  sn89B         Ia-norm    0.4765   2.36   0.1516   0.0154    16.40  0    cut
 164  sn02ic        Ia-csm     0.4765   2.36   0.1598   0.0193     9.40  0    cut
 165  sn91bg        Ia-91bg    0.4738   2.35   0.1526   0.0252   143.00  0    cut
 166  sn03du        Ia-norm    0.4765   2.35   0.1608   0.0160     9.80  0    cut
 167  sn97br        Ia-91T     0.4765   2.34   0.1751   0.0225    -9.00  0    cut
 168  sn03du        Ia-norm    0.4765   2.34   0.1530   0.0161    22.00  0    cut
 169  sn03cg        Ia-norm    0.4765   2.34   0.1604   0.0156     7.40  0    cut
 170  sn05hk        Ia-pec     0.4765   2.34   0.1463   0.0206    -2.40  0    cut
 171  sn99aa        Ia-91T     0.4765   2.34   0.1786   0.0166     7.60  0    cut
 172  sn91T         Ia-91T     0.4765   2.34   0.1667   0.0229    -9.30  0    cut
 173  sn99by        Ia-91bg    0.4644   2.32   0.1600   0.0163    -4.80  0    cut
 174  sn02bo        Ia-norm    0.4765   2.31   0.1549   0.0184    17.80  0    cut
 175  sn95E         Ia-norm    0.4765   2.31   0.1583   0.0153    10.00  0    cut
 176  sn91bg        Ia-91bg    0.4765   2.29   0.1485   0.0237    88.10  0    cut
 177  sn91T         Ia-91T     0.4765   2.28   0.1684   0.0251    -6.40  0    cut
 178  sn98aq        Ia-norm    0.4765   2.27   0.1544   0.0163    20.80  0    cut
 179  sn02bo        Ia-norm    0.4765   2.26   0.1480   0.0211    72.50  0    cut
 180  sn91bg        Ia-91bg    0.4765   2.25   0.1571   0.0262   117.20  0    cut
 181  sn99by        Ia-91bg    0.4765   2.23   0.1589   0.0167    -3.90  0    cut
 182  sn99by        Ia-91bg    0.4765   2.23   0.1583   0.0168    -2.80  0    cut
 183  sn05gj        Ia-csm     0.4738   2.23   0.0375   0.0140   -12.10  0    cut
 184  sn05hk        Ia-pec     0.4765   2.23   0.1468   0.0213    -4.30  0    cut
 185  sn06gz        Ia-pec     0.4765   2.21   0.1613   0.0140     7.20  0    cut
 186  sn94D         Ia-norm    0.4765   2.20   0.0683   0.0242    -9.50  0    cut
 187  sn05hk        Ia-pec     0.4765   2.20   0.1453   0.0222    -4.20  0    cut
 188  sn06gz        Ia-pec     0.4765   2.19   0.1613   0.0151     7.20  0    cut
 189  sn96C         Ia-norm    0.4765   2.19   0.1614   0.0162     8.30  0    cut
 190  sn00cx        Ia-pec     0.4765   2.19   0.1670   0.0235     9.50  0    cut
 191  sn99ee        Ia-norm    0.4765   2.18   0.1513   0.0183    20.00  0    cut
 192  sn99by        Ia-91bg    0.4765   2.17   0.1533   0.0164     3.10  0    cut
 193  sn04eo        Ia-norm    0.4765   2.17   0.1528   0.0168    11.00  0    cut
 194  sn92A         Ia-norm    0.4549   2.14   0.1701   0.0176     7.30  0    cut
 195  sn03du        Ia-norm    0.4765   2.13   0.1513   0.0197    72.30  0    cut
 196  sn02cx        Ia-pec     0.4765   2.13   0.1455   0.0228    -2.40  0    cut
 197  sn94ae        Ia-norm    0.4765   2.12   0.1628   0.0179     9.30  0    cut
 198  sn99aa        Ia-91T     0.4765   2.10   0.1848   0.0230    -4.10  0    cut
 199  sn91bg        Ia-91bg    0.4765   2.09   0.1539   0.0172     2.70  0    cut
 200  sn02bo        Ia-norm    0.4765   2.09   0.1546   0.0195    18.70  0    cut
 201  sn01el        Ia-norm    0.4765   2.08   0.1576   0.0174    18.10  0    cut
 202  sn94ae        Ia-norm    0.4765   2.06   0.1508   0.0215    70.00  0    cut
 203  sn91T         Ia-91T     0.4765   2.05   0.1690   0.0279    -7.30  0    cut
 204  sn05hk        Ia-pec     0.4765   2.04   0.1447   0.0233    -5.10  0    cut
 205  sn97cn        Ia-91bg    0.4765   2.03   0.1522   0.0146     3.90  0    cut
 206  sn96X         Ia-norm    0.4765   2.03   0.1614   0.0162     7.80  0    cut
 207  sn06gz        Ia-pec     0.4765   2.02   0.1615   0.0149     6.30  0    cut
 208  sn03du        Ia-norm    0.4765   2.00   0.1609   0.0176     8.90  0    cut
 209  sn99ee        Ia-norm    0.4765   1.99   0.1842   0.0222    -8.60  0    cut
 210  sn95bd        Ia-norm    0.4765   1.99   0.1478   0.0226    72.30  0    cut
 211  sn99ee        Ia-norm    0.4765   1.98   0.1808   0.0229    -6.70  0    cut
 212  sn00cx        Ia-pec     0.4765   1.98   0.1703   0.0257    -1.40  0    cut
 213  sn89B         Ia-norm    0.4765   1.98   0.1513   0.0167    17.40  0    cut
 214  sn90N         Ia-norm    0.4765   1.97   0.1739   0.0245   -13.20  0    cut
 215  sn94D         Ia-norm    0.4765   1.96   0.1532   0.0182    15.20  0    cut
 216  sn04S         Ia-norm    0.4765   1.96   0.1491   0.0182    18.40  0    cut
 217  sn04S         Ia-norm    0.4765   1.95   0.1553   0.0178     7.50  0    cut
 218  sn94ae        Ia-norm    0.4765   1.95   0.1629   0.0187     9.40  0    cut
 219  sn96X         Ia-norm    0.4765   1.95   0.1612   0.0165     7.90  0    cut
 220  sn05hk        Ia-pec     0.4765   1.94   0.1460   0.0246    -5.30  0    cut
 221  sn91bg        Ia-91bg    0.4765   1.94   0.1540   0.0179     2.70  0    cut
 222  sn99ac        Ia-91T     0.4765   1.93   0.1602   0.0212    17.10  0    cut
 223  sn94D         Ia-norm    0.4765   1.91   0.0675   0.0270    -9.60  0    cut
 224  sn99by        Ia-91bg    0.4765   1.91   0.1526   0.0179     4.10  0    cut
 225  sn02er        Ia-norm    0.4765   1.90   0.1630   0.0181     5.50  0    cut
 226  sn99aw        Ia-91T     0.4765   1.90   0.0624   0.0329     0.30  0    cut
 227  sn02ic        Ia-csm     0.4765   1.90   0.1618   0.0220     5.60  0    cut
 228  sn06gz        Ia-pec     0.4765   1.89   0.1621   0.0156     5.20  0    cut
 229  sn05hj        Ia-norm    0.4765   1.88   0.1642   0.0212    -6.00  0    cut
 230  sn02bo        Ia-norm    0.4765   1.86   0.1541   0.0209    19.80  0    cut
 231  sn99ee        Ia-norm    0.4765   1.86   0.1643   0.0231     7.10  0    cut
 232  sn05hk        Ia-pec     0.4765   1.85   0.3081   0.0238    -6.30  0    cut
 233  sn99ac        Ia-91T     0.4765   1.85   0.1733   0.0234     3.10  0    cut
 234  sn91bg        Ia-91bg    0.4765   1.84   0.1550   0.0179     2.50  0    cut
 235  sn97br        Ia-91T     0.4765   1.84   0.1540   0.0209    17.40  0    cut
 236  sn91bg        Ia-91bg    0.4765   1.82   0.1548   0.0186     1.50  0    cut
 237  sn94D         Ia-norm    0.4765   1.82   0.1522   0.0214    59.10  0    cut
 238  sn95D         Ia-norm    0.4765   1.80   0.1615   0.0199     8.10  0    cut
 239  sn04eo        Ia-norm    0.4765   1.80   0.1519   0.0186    12.40  0    cut
 240  sn03du        Ia-norm    0.4765   1.79   0.1525   0.0186    24.00  0    cut
 241  sn81B         Ia-norm    0.4765   1.79   0.1543   0.0192    23.90  0    cut
 242  sn95D         Ia-norm    0.4765   1.77   0.1489   0.0240    69.60  0    cut
 243  sn00cx        Ia-pec     0.4765   1.75   0.1694   0.0291    -0.40  0    cut
 244  sn94ae        Ia-norm    0.4765   1.75   0.1513   0.0234    64.00  0    cut
 245  sn00cx        Ia-pec     0.4765   1.75   0.1674   0.0279     7.50  0    cut
 246  sn89B         Ia-norm    0.4765   1.73   0.1512   0.0181    18.40  0    cut
 247  sn03du        Ia-norm    0.4765   1.73   0.1607   0.0194     7.90  0    cut
 248  sn89B         Ia-norm    0.4440   1.73   0.1598   0.0218     5.50  0    cut
 249  sn91bg        Ia-91bg    0.4752   1.72   0.1451   0.0339   202.70  0    cut
 250  sn99ac        Ia-91T     0.4765   1.71   0.1754   0.0250     0.80  0    cut
 251  sn81B         Ia-norm    0.4765   1.71   0.1611   0.0199    22.90  0    cut
 252  sn91T         Ia-91T     0.4765   1.71   0.1471   0.0250    75.20  0    cut
 253  sn05hj        Ia-norm    0.4765   1.70   0.1623   0.0189     4.30  0    cut
 254  sn02bo        Ia-norm    0.4765   1.70   0.1887   0.0248   -13.30  0    cut
 255  sn86G         Ia-91bg    0.4129   1.70   0.1590   0.0245     1.60  0    cut
 256  sn04eo        Ia-norm    0.4765   1.69   0.1503   0.0222    71.10  0    cut
 257  sn02cx        Ia-pec     0.4765   1.68   0.3135   0.0254    -5.30  0    cut
 258  sn94D         Ia-norm    0.4765   1.68   0.1516   0.0221    57.10  0    cut
 259  sn00cx        Ia-pec     0.4765   1.67   0.1575   0.0221    24.40  0    cut
 260  sn02bo        Ia-norm    0.4765   1.67   0.1536   0.0221    20.70  0    cut
 261  sn05hk        Ia-pec     0.4765   1.67   0.3072   0.0270    -8.30  0    cut
 262  sn05hk        Ia-pec     0.4765   1.67   0.3078   0.0272    -7.30  0    cut
 263  sn03fg        Ia-pec     0.4765   1.66   0.1532   0.0198     2.00  0    cut
 264  sn05hk        Ia-pec     0.4765   1.66   0.3075   0.0268    -8.30  0    cut
 265  sn02er        Ia-norm    0.4765   1.65   0.1540   0.0205    16.40  0    cut
 266  sn02er        Ia-norm    0.4765   1.65   0.1540   0.0205    15.50  0    cut
 267  sn04eo        Ia-norm    0.4765   1.64   0.1512   0.0201    14.00  0    cut
 268  sn05hk        Ia-pec     0.4765   1.64   0.3096   0.0281    -6.30  0    cut
 269  sn89B         Ia-norm    0.4765   1.64   0.1509   0.0183    19.40  0    cut
 270  sn98aq        Ia-norm    0.4765   1.63   0.1522   0.0252    65.60  0    cut
 271  sn00cx        Ia-pec     0.4765   1.63   0.1666   0.0275     6.50  0    cut
 272  sn02bo        Ia-norm    0.4765   1.63   0.1897   0.0255   -13.10  0    cut
 273  sn96X         Ia-norm    0.4765   1.63   0.1616   0.0180     6.90  0    cut
 274  sn95E         Ia-norm    0.4765   1.62   0.1602   0.0195     7.00  0    cut
 275  sn05gj        Ia-csm     0.4765   1.62   0.1489   0.0219    17.90  0    cut
 276  sn03du        Ia-norm    0.4765   1.61   0.1514   0.0224    63.40  0    cut
 277  sn05hk        Ia-pec     0.4765   1.60   0.3090   0.0278    -7.30  0    cut
 278  sn92A         Ia-norm    0.4765   1.59   0.1700   0.0206     6.30  0    cut
 279  sn94D         Ia-norm    0.4765   1.59   0.1527   0.0203    17.40  0    cut
 280  sn02bo        Ia-norm    0.4765   1.58   0.1874   0.0255   -12.30  0    cut
 281  sn86G         Ia-91bg    0.4765   1.57   0.1483   0.0206    56.50  0    cut
 282  sn03du        Ia-norm    0.4765   1.57   0.1520   0.0227    61.70  0    cut
 283  sn04eo        Ia-norm    0.4765   1.57   0.1678   0.0251   -11.00  0    cut
 284  sn02bo        Ia-norm    0.4765   1.57   0.1878   0.0257   -12.10  0    cut
 285  sn99by        Ia-91bg    0.4765   1.57   0.1518   0.0202     5.20  0    cut
 286  sn05hk        Ia-pec     0.4765   1.56   0.3089   0.0289    -6.30  0    cut
 287  sn93ac        Ia-norm    0.4765   1.56   0.1695   0.0224     6.90  0    cut
 288  sn98aq        Ia-norm    0.4765   1.55   0.1611   0.0188     6.90  0    cut
 289  sn02bo        Ia-norm    0.4765   1.54   0.1693   0.0245     5.50  0    cut
 290  sn94M         Ia-norm    0.4765   1.53   0.1655   0.0223     7.90  0    cut
 291  sn94D         Ia-norm    0.4765   1.53   0.1519   0.0235    55.10  0    cut
 292  sn04eo        Ia-norm    0.4765   1.53   0.1497   0.0224    67.00  0    cut
 293  sn04eo        Ia-norm    0.4765   1.53   0.1583   0.0199     2.20  0    cut
 294  sn05hk        Ia-pec     0.4765   1.53   0.3060   0.0271    -9.30  0    cut
 295  sn86G         Ia-91bg    0.4102   1.52   0.1591   0.0271     0.60  0    cut
 296  sn89B         Ia-norm    0.4765   1.51   0.1509   0.0193    20.40  0    cut
 297  sn03cg        Ia-norm    0.4765   1.51   0.1526   0.0211    19.40  0    cut
 298  sn02bo        Ia-norm    0.4765   1.50   0.1533   0.0230    21.70  0    cut
 299  sn03cg        Ia-norm    0.4765   1.50   0.1616   0.0202     4.50  0    cut
 300  sn86G         Ia-91bg    0.4765   1.50   0.1570   0.0234     1.10  0    cut
 301  sn00cx        Ia-pec     0.4765   1.49   0.1557   0.0253    41.30  0    cut
 302  sn90N         Ia-norm    0.4765   1.49   0.1920   0.0298   -13.20  0    cut
 303  sn86G         Ia-91bg    0.4765   1.49   0.1475   0.0216    56.00  0    cut
 304  sn02er        Ia-norm    0.4765   1.49   0.1643   0.0213     4.40  0    cut
 305  sn03du        Ia-norm    0.4765   1.48   0.1518   0.0228    60.70  0    cut
 306  sn91bg        Ia-91bg    0.4765   1.48   0.1467   0.0240    54.50  0    cut
 307  sn99ee        Ia-norm    0.4765   1.48   0.1496   0.0226    22.10  0    cut
 308  sn00cx        Ia-pec     0.4765   1.47   0.1668   0.0290     5.60  0    cut
 309  sn92A         Ia-norm    0.4765   1.47   0.1616   0.0212    17.30  0    cut
 310  sn94D         Ia-norm    0.4765   1.47   0.0656   0.0325    -8.70  0    cut
 311  sn92A         Ia-norm    0.4765   1.47   0.1772   0.0216     5.90  0    cut
 312  sn86G         Ia-91bg    0.4765   1.46   0.1473   0.0214    54.00  0    cut
 313  sn94D         Ia-norm    0.4765   1.45   0.1517   0.0227    53.90  0    cut
 314  sn98aq        Ia-norm    0.4765   1.45   0.1525   0.0263    62.60  0    cut
 315  sn06gz        Ia-pec     0.4765   1.44   0.1647   0.0186    -2.60  0    cut
 316  sn86G         Ia-91bg    0.4765   1.44   0.1471   0.0216    52.00  0    cut
 317  sn03du        Ia-norm    0.4765   1.41   0.1517   0.0231    59.30  0    cut
 318  sn94ae        Ia-norm    0.4765   1.41   0.1635   0.0226     6.40  0    cut
 319  sn02er        Ia-norm    0.4765   1.41   0.1638   0.0216     3.40  0    cut
 320  sn94D         Ia-norm    0.4765   1.41   0.0663   0.0370    -7.70  0    cut
 321  sn00cx        Ia-pec     0.4765   1.40   0.1680   0.0289     0.60  0    cut
 322  sn86G         Ia-91bg    0.4765   1.40   0.1477   0.0212    54.50  0    cut
 323  sn99ac        Ia-91T     0.4765   1.39   0.1839   0.0267    -9.60  0    cut
 324  sn96X         Ia-norm    0.4765   1.39   0.1618   0.0198     5.90  0    cut
 325  sn05gj        Ia-csm     0.4765   1.39   0.1475   0.0308    10.40  0    cut
 326  sn91bg        Ia-91bg    0.4765   1.38   0.1472   0.0250    53.50  0    cut
 327  sn99aa        Ia-91T     0.4765   1.38   0.1779   0.0282    -0.60  0    cut
 328  sn03du        Ia-norm    0.4765   1.38   0.1519   0.0212    26.00  0    cut
 329  sn05hk        Ia-pec     0.4346   1.38   0.0797   0.0352    26.40  0    cut
 330  sn91bg        Ia-91bg    0.4765   1.37   0.1466   0.0246    50.50  0    cut
 331  sn94D         Ia-norm    0.4725   1.37   0.1530   0.0257    48.00  0    cut
 332  sn81B         Ia-norm    0.4765   1.36   0.1616   0.0211    26.90  0    cut
 333  sn97br        Ia-91T     0.4765   1.36   0.1468   0.0289    71.90  0    cut
 334  sn02er        Ia-norm    0.4765   1.36   0.1653   0.0221     1.50  0    cut
 335  sn86G         Ia-91bg    0.4765   1.36   0.1559   0.0254     0.10  0    cut
 336  sn98bu        Ia-norm    0.4007   1.35   0.3353   0.0303     1.20  0    cut
 337  sn89B         Ia-norm    0.4427   1.34   0.1610   0.0253     3.50  0    cut
 338  sn94D         Ia-norm    0.4765   1.34   0.1863   0.0334   -10.60  0    cut
 339  sn98aq        Ia-norm    0.4765   1.34   0.1613   0.0201     5.90  0    cut
 340  sn05gj        Ia-csm     0.4738   1.33   0.1467   0.0248    27.30  0    cut
 341  sn06gz        Ia-pec     0.4116   1.32   0.1633   0.0226     4.30  0    cut
 342  sn03du        Ia-norm    0.4765   1.32   0.1519   0.0236    56.70  0    cut
 343  sn99ee        Ia-norm    0.4765   1.32   0.1735   0.0329     0.30  0    cut
 344  sn95D         Ia-norm    0.4765   1.31   0.1619   0.0240     6.10  0    cut
 345  sn02er        Ia-norm    0.4765   1.31   0.1540   0.0232    19.50  0    cut
 346  sn03cg        Ia-norm    0.4765   1.31   0.1647   0.0214    -4.50  0    cut
 347  sn91bg        Ia-91bg    0.4765   1.31   0.1477   0.0244    46.50  0    cut
 348  sn06gz        Ia-pec     0.4197   1.31   0.1683   0.0146   -13.30  0    cut
 349  sn02bo        Ia-norm    0.4765   1.30   0.1749   0.0280    -1.20  0    cut
 350  sn00E         Ia-norm    0.4765   1.30   0.1656   0.0290    -5.50  0    cut
 351  sn02bo        Ia-norm    0.4765   1.30   0.1740   0.0274    -1.20  0    cut
 352  sn04eo        Ia-norm    0.4765   1.29   0.1613   0.0242    -2.80  0    cut
 353  sn98aq        Ia-norm    0.4765   1.29   0.1527   0.0280    59.60  0    cut
 354  sn96X         Ia-norm    0.4765   1.29   0.1547   0.0220    20.80  0    cut
 355  sn02bo        Ia-norm    0.4765   1.29   0.1498   0.0273    54.60  0    cut
 356  sn02bo        Ia-norm    0.4765   1.28   0.1739   0.0280    -0.30  0    cut
 357  sn94D         Ia-norm    0.4765   1.28   0.1528   0.0220    17.20  0    cut
 358  sn03du        Ia-norm    0.4765   1.28   0.1526   0.0217    26.70  0    cut
 359  sn91bg        Ia-91bg    0.4765   1.27   0.1468   0.0266    53.30  0    cut
 360  sn95al        Ia-norm    0.4765   1.27   0.1530   0.0264    25.30  0    cut
 361  sn99aa        Ia-91T     0.4765   1.27   0.0536   0.0322     2.70  0    cut
 362  sn06gz        Ia-pec     0.4765   1.27   0.1660   0.0224    -5.50  0    cut
 363  sn94D         Ia-norm    0.4765   1.26   0.1517   0.0242    50.10  0    cut
 364  sn86G         Ia-91bg    0.4765   1.26   0.1591   0.0265    -0.40  0    cut
 365  sn02cx        Ia-pec     0.4765   1.26   0.1404   0.0240    10.30  0    cut
 366  sn02bo        Ia-norm    0.4765   1.25   0.1749   0.0281    -2.10  0    cut
 367  sn92A         Ia-norm    0.4765   1.25   0.1730   0.0235     2.40  0    cut
 368  sn02bo        Ia-norm    0.4765   1.24   0.1538   0.0247    23.80  0    cut
 369  sn02bo        Ia-norm    0.4765   1.24   0.1507   0.0271    51.60  0    cut
 370  sn94D         Ia-norm    0.4765   1.24   0.0650   0.0408    -5.60  0    cut
 371  sn92A         Ia-norm    0.4765   1.24   0.1727   0.0237     3.30  0    cut
 372  sn86G         Ia-91bg    0.4765   1.24   0.1589   0.0269    -0.90  0    cut
 373  sn03cg        Ia-norm    0.4765   1.23   0.1613   0.0232     1.50  0    cut
 374  sn02bo        Ia-norm    0.4765   1.23   0.1782   0.0290    -4.50  0    cut
 375  sn00cx        Ia-pec     0.4765   1.23   0.1583   0.0260    26.40  0    cut
 376  sn91T         Ia-91T     0.4765   1.22   0.1479   0.0298    67.60  0    cut
 377  sn98bu        Ia-norm    0.4765   1.22   0.1519   0.0276    57.10  0    cut
 378  sn99by        Ia-91bg    0.4765   1.22   0.1514   0.0232     6.10  0    cut
 379  sn02bo        Ia-norm    0.4765   1.22   0.1741   0.0287    -1.50  0    cut
 380  sn00cx        Ia-pec     0.4765   1.22   0.1666   0.0294     1.60  0    cut
 381  sn02bo        Ia-norm    0.4765   1.22   0.1758   0.0288    -3.40  0    cut
 382  sn02bo        Ia-norm    0.4765   1.22   0.1841   0.0292    -9.40  0    cut
 383  sn03cg        Ia-norm    0.4765   1.22   0.1630   0.0230    -0.50  0    cut
 384  sn96X         Ia-norm    0.4765   1.22   0.1622   0.0210     4.90  0    cut
 385  sn00E         Ia-norm    0.4765   1.21   0.1650   0.0270    -2.50  0    cut
 386  sn99ee        Ia-norm    0.4765   1.21   0.1709   0.0344     2.20  0    cut
 387  sn90N         Ia-norm    0.4765   1.21   0.1659   0.0315    -6.40  0    cut
 388  sn02bo        Ia-norm    0.4765   1.21   0.1758   0.0286    -3.10  0    cut
 389  sn03du        Ia-norm    0.4765   1.21   0.1782   0.0317   -11.70  0    cut
 390  sn97br        Ia-91T     0.4765   1.21   0.1458   0.0299    66.40  0    cut
 391  sn90O         Ia-norm    0.4765   1.20   0.1729   0.0242    -6.10  0    cut
 392  sn98aq        Ia-norm    0.4765   1.20   0.1524   0.0290    57.70  0    cut
 393  sn89B         Ia-norm    0.4765   1.20   0.1508   0.0210    21.40  0    cut
 394  sn94D         Ia-norm    0.4765   1.20   0.1510   0.0276    50.00  0    cut
 395  sn03cg        Ia-norm    0.4765   1.20   0.1656   0.0242    -7.50  0    cut
 396  sn98aq        Ia-norm    0.4765   1.19   0.1613   0.0212     4.90  0    cut
 397  sn02bo        Ia-norm    0.4765   1.19   0.1751   0.0288    -1.40  0    cut
 398  sn89B         Ia-norm    0.4765   1.19   0.1618   0.0272    -0.50  0    cut
 399  sn04eo        Ia-norm    0.4765   1.19   0.1634   0.0277    -6.40  0    cut
 400  sn98bu        Ia-norm    0.4765   1.18   0.1630   0.0230    -2.80  0    cut
 401  sn02bo        Ia-norm    0.4765   1.18   0.1766   0.0292    -4.00  0    cut
 402  sn02bo        Ia-norm    0.4765   1.17   0.1822   0.0299    -8.10  0    cut
 403  sn06gz        Ia-pec     0.4765   1.17   0.1675   0.0205    -9.30  0    cut
 404  sn02bo        Ia-norm    0.4765   1.17   0.1510   0.0273    49.60  0    cut
 405  sn99aa        Ia-91T     0.4765   1.17   0.1673   0.0263    26.20  0    cut
 406  sn02bo        Ia-norm    0.4765   1.17   0.1757   0.0292    -2.50  0    cut
 407  sn02bo        Ia-norm    0.4765   1.16   0.1808   0.0300    -7.00  0    cut
 408  sn02bo        Ia-norm    0.4765   1.16   0.1791   0.0298    -6.00  0    cut
 409  sn98bu        Ia-norm    0.4765   1.16   0.1629   0.0227    -1.70  0    cut
 410  sn86G         Ia-91bg    0.4616   1.16   0.0812   0.0288    21.10  0    cut
 411  sn90O         Ia-norm    0.4765   1.16   0.1719   0.0253    -5.10  0    cut
 412  sn02bo        Ia-norm    0.4765   1.16   0.1777   0.0295    -5.10  0    cut
 413  sn02bo        Ia-norm    0.4765   1.15   0.1779   0.0294    -4.40  0    cut
 414  sn86G         Ia-91bg    0.4765   1.15   0.1600   0.0285    -1.90  0    cut
 415  sn86G         Ia-91bg    0.4765   1.15   0.1626   0.0299    -4.40  0    cut
 416  sn90O         Ia-norm    0.4765   1.14   0.1695   0.0233    -0.40  0    cut
 417  sn91bg        Ia-91bg    0.4765   1.14   0.1474   0.0276    46.30  0    cut
 418  sn05gj        Ia-csm     0.4765   1.14   0.1474   0.0285     7.70  0    cut
 419  sn94D         Ia-norm    0.4765   1.14   0.1526   0.0256    46.20  0    cut
 420  sn98bu        Ia-norm    0.4765   1.14   0.1625   0.0230    -0.70  0    cut
 421  sn03du        Ia-norm    0.4765   1.14   0.1520   0.0240    51.60  0    cut
 422  sn03du        Ia-norm    0.4765   1.13   0.1518   0.0248    51.80  0    cut
 423  sn99by        Ia-91bg    0.4765   1.13   0.1476   0.0237    42.10  0    cut
 424  sn86G         Ia-91bg    0.4765   1.13   0.1614   0.0305    -2.40  0    cut
 425  sn98aq        Ia-norm    0.4765   1.12   0.1639   0.0217    -9.00  0    cut
 426  sn05hj        Ia-norm    0.4765   1.12   0.1625   0.0243    -0.30  0    cut
 427  sn00E         Ia-norm    0.4765   1.11   0.1648   0.0291    -1.40  0    cut
 428  sn86G         Ia-91bg    0.4765   1.11   0.1627   0.0305    -3.40  0    cut
 429  sn98aq        Ia-norm    0.4765   1.11   0.1621   0.0224     0.00  0    cut
 430  sn92A         Ia-norm    0.4765   1.11   0.1750   0.0256    -0.40  0    cut
 431  sn92A         Ia-norm    0.4765   1.11   0.1747   0.0257    -0.60  0    cut
 432  sn99aw        Ia-91T     0.4765   1.11   0.1702   0.0275     3.20  0    cut
 433  sn02er        Ia-norm    0.4765   1.10   0.0698   0.0416    -8.40  0    cut
 434  sn86G         Ia-91bg    0.4765   1.10   0.1479   0.0229    49.50  0    cut
 435  sn89B         Ia-norm    0.4765   1.10   0.1512   0.0213    22.40  0    cut
 436  sn98aq        Ia-norm    0.4765   1.10   0.1614   0.0219     3.90  0    cut
 437  sn05hj        Ia-norm    0.4765   1.10   0.1613   0.0252     1.60  0    cut
 438  sn94D         Ia-norm    0.4765   1.09   0.0659   0.0427    -4.80  0    cut
 439  sn97br        Ia-91T     0.4765   1.08   0.1526   0.0274    21.30  0    cut
 440  sn89B         Ia-norm    0.4765   1.08   0.1507   0.0211    23.40  0    cut
 441  sn86G         Ia-91bg    0.4765   1.08   0.1483   0.0220    44.60  0    cut
 442  sn02er        Ia-norm    0.4765   1.08   0.1777   0.0341   -11.30  0    cut
 443  sn86G         Ia-91bg    0.4765   1.08   0.1612   0.0299    -2.70  0    cut
 444  sn98aq        Ia-norm    0.4765   1.08   0.1619   0.0221     0.90  0    cut
 445  sn90O         Ia-norm    0.4765   1.08   0.1730   0.0263    -7.10  0    cut
 446  sn02er        Ia-norm    0.4765   1.08   0.1663   0.0245    -1.50  0    cut
 447  sn91T         Ia-91T     0.4765   1.07   0.1517   0.0274    24.80  0    cut
 448  sn98aq        Ia-norm    0.4765   1.07   0.1534   0.0313    54.70  0    cut
 449  sn03cg        Ia-norm    0.4765   1.07   0.1527   0.0275    52.40  0    cut
 450  sn06gz        Ia-pec     0.4765   1.07   0.1677   0.0224   -10.30  0    cut
 451  sn94D         Ia-norm    0.4765   1.06   0.1842   0.0366   -10.70  0    cut
 452  sn03du        Ia-norm    0.4765   1.06   0.1610   0.0246     5.00  0    cut
 453  sn98aq        Ia-norm    0.4765   1.06   0.1614   0.0223     2.90  0    cut
 454  sn05gj        Ia-csm     0.4765   1.06   0.1179   0.0403    75.30  0    cut
 455  sn02bo        Ia-norm    0.4765   1.06   0.1524   0.0265    44.40  0    cut
 456  sn96X         Ia-norm    0.4765   1.06   0.1625   0.0221     2.90  0    cut
 457  sn98aq        Ia-norm    0.4765   1.06   0.1618   0.0221     1.90  0    cut
 458  sn03cg        Ia-norm    0.4765   1.06   0.1644   0.0234    -5.90  0    cut
 459  sn89B         Ia-norm    0.4765   1.05   0.1650   0.0304    -6.30  0    cut
 460  sn04S         Ia-norm    0.4765   1.05   0.1596   0.0319     1.70  0    cut
 461  sn94ae        Ia-norm    0.4765   1.05   0.1637   0.0264     4.40  0    cut
 462  sn86G         Ia-91bg    0.4359   1.05   0.0851   0.0309    32.10  0    cut
 463  sn95E         Ia-norm    0.4765   1.05   0.1627   0.0252     2.00  0    cut
 464  sn02bo        Ia-norm    0.4765   1.05   0.1518   0.0276    45.60  0    cut
 465  sn86G         Ia-91bg    0.4765   1.04   0.1482   0.0228    45.60  0    cut
 466  sn03du        Ia-norm    0.4765   1.04   0.1520   0.0256    49.80  0    cut
 467  sn00cx        Ia-pec     0.4765   1.04   0.1576   0.0263    31.40  0    cut
 468  sn95E         Ia-norm    0.4495   1.04   0.1644   0.0264    -1.90  0    cut
 469  sn94M         Ia-norm    0.4765   1.04   0.1696   0.0312     5.00  0    cut
 470  sn02er        Ia-norm    0.4765   1.04   0.1665   0.0249    -2.50  0    cut
 471  sn00cx        Ia-pec     0.4765   1.03   0.1582   0.0264    28.40  0    cut
 472  sn86G         Ia-91bg    0.4359   1.03   0.0848   0.0310    41.60  0    cut
 473  sn02cx        Ia-pec     0.4765   1.03   0.0764   0.0338    24.10  0    cut
 474  sn03cg        Ia-norm    0.4765   1.03   0.1641   0.0241    -1.80  0    cut
 475  sn96X         Ia-norm    0.4765   1.02   0.1633   0.0227     1.90  0    cut
 476  sn96X         Ia-norm    0.4765   1.02   0.1627   0.0223    -1.10  0    cut
 477  sn02er        Ia-norm    0.4765   1.02   0.1672   0.0257    -4.40  0    cut
 478  sn02cx        Ia-pec     0.4765   1.02   0.0771   0.0341    23.00  0    cut
 479  sn05hk        Ia-pec     0.4765   1.02   0.4717   0.0253    20.30  0    cut
 480  sn95D         Ia-norm    0.4535   1.02   0.1614   0.0277     4.20  0    cut
 481  sn98aq        Ia-norm    0.4765   1.02   0.1642   0.0229    -8.00  0    cut
 482  sn06gz        Ia-pec     0.4765   1.01   0.1683   0.0185   -12.30  0    cut
 483  sn05hk        Ia-pec     0.4765   1.01   0.1365   0.0283    12.40  0    cut
 484  sn02bo        Ia-norm    0.4765   1.01   0.1526   0.0280    43.60  0    cut
 485  sn02er        Ia-norm    0.4765   1.00   0.1664   0.0254    -3.50  0    cut
 486  sn96X         Ia-norm    0.4765   1.00   0.1634   0.0230     0.90  0    cut
 487  sn92A         Ia-norm    0.4765   1.00   0.1767   0.0279    -5.00  0    cut
 488  sn99by        Ia-91bg    0.4765   1.00   0.1513   0.0254     7.10  0    cut
 489  sn05gj        Ia-csm     0.4765   1.00   0.1195   0.0433    67.70  0    cut
 490  sn96X         Ia-norm    0.4765   1.00   0.1629   0.0225     1.90  0    cut
 491  sn92A         Ia-norm    0.4765   1.00   0.1766   0.0280    -5.00  0    cut
 492  sn96X         Ia-norm    0.4765   1.00   0.1544   0.0245    22.50  0    cut
 493  sn05hk        Ia-pec     0.4765   1.00   0.4702   0.0257    23.20  0    cut
 494  sn94S         Ia-norm    0.4765   0.99   0.1635   0.0255    -3.40  0    cut
 495  sn94ae        Ia-norm    0.4765   0.99   0.1528   0.0251    30.20  0    cut
 496  sn00cx        Ia-pec     0.4765   0.99   0.1578   0.0276    30.40  0    cut
 497  sn02er        Ia-norm    0.4481   0.99   0.1682   0.0290    -5.40  0    cut
 498  sn96X         Ia-norm    0.4765   0.99   0.1632   0.0224    -0.90  0    cut
 499  sn03du        Ia-norm    0.4765   0.99   0.1614   0.0252     3.10  0    cut
 500  sn03du        Ia-norm    0.4765   0.99   0.1660   0.0305    -7.80  0    cut
 501  sn05gj        Ia-csm     0.4698   0.99   0.1708   0.0362    -1.80  0    cut
 502  sn05gj        Ia-csm     0.4765   0.98   0.1160   0.0419    88.40  0    cut
 503  sn94D         Ia-norm    0.4765   0.98   0.0684   0.0386    -4.70  0    cut
 504  sn91bg        Ia-91bg    0.4765   0.98   0.1485   0.0280    32.70  0    cut
 505  sn03du        Ia-norm    0.4765   0.98   0.1713   0.0245    -6.20  0    cut
 506  sn03cg        Ia-norm    0.4765   0.98   0.1633   0.0233    -2.30  0    cut
 507  sn02cx        Ia-pec     0.4671   0.98   0.4738   0.0259    14.20  0    cut
 508  sn05hk        Ia-pec     0.4765   0.97   0.4678   0.0274    37.00  0    cut
 509  sn02cx        Ia-pec     0.4765   0.97   0.4724   0.0234    18.20  0    cut
 510  sn03du        Ia-norm    0.4765   0.97   0.1623   0.0246    -3.20  0    cut
 511  sn96X         Ia-norm    0.4765   0.97   0.1632   0.0222     0.00  0    cut
 512  sn03du        Ia-norm    0.4765   0.97   0.1716   0.0354   -10.10  0    cut
 513  sn04eo        Ia-norm    0.4765   0.96   0.1510   0.0265    53.30  0    cut
 514  sn02er        Ia-norm    0.4765   0.96   0.1742   0.0302    -7.40  0    cut
 515  sn03du        Ia-norm    0.4765   0.96   0.1648   0.0298    -7.00  0    cut
 516  sn91bg        Ia-91bg    0.4765   0.96   0.1476   0.0251    33.70  0    cut
 517  sn96X         Ia-norm    0.4765   0.96   0.1630   0.0228     1.00  0    cut
 518  sn03cg        Ia-norm    0.4765   0.96   0.1528   0.0245    23.40  0    cut
 519  sn03du        Ia-norm    0.4765   0.96   0.1624   0.0252    -0.80  0    cut
 520  sn03du        Ia-norm    0.4765   0.96   0.1681   0.0338    -9.70  0    cut
 521  sn96X         Ia-norm    0.4765   0.96   0.1642   0.0221    -3.00  0    cut
 522  sn92A         Ia-norm    0.4549   0.96   0.0905   0.0325    28.20  0    cut
 523  sn95E         Ia-norm    0.4765   0.96   0.1635   0.0263     0.10  0    cut
 524  sn81B         Ia-norm    0.4765   0.96   0.1774   0.0287    -0.90  0    cut
 525  sn05hk        Ia-pec     0.4765   0.96   0.0747   0.0345    27.20  0    cut
 526  sn03du        Ia-norm    0.4765   0.96   0.1597   0.0263     3.90  0    cut
 527  sn95ac        Ia-norm    0.4765   0.96   0.1544   0.0324    24.40  0    cut
 528  sn91bg        Ia-91bg    0.4765   0.96   0.1489   0.0227    34.40  0    cut
 529  sn03du        Ia-norm    0.4765   0.96   0.1617   0.0259     2.20  0    cut
 530  sn02er        Ia-norm    0.4765   0.95   0.1719   0.0358    -9.40  0    cut
 531  sn96X         Ia-norm    0.4765   0.95   0.1636   0.0228    -2.00  0    cut
 532  sn03du        Ia-norm    0.4765   0.95   0.1668   0.0333    -8.80  0    cut
 533  sn02er        Ia-norm    0.4765   0.95   0.1643   0.0250    -0.50  0    cut
 534  sn92A         Ia-norm    0.4549   0.95   0.0905   0.0307    24.20  0    cut
 535  sn90N         Ia-norm    0.4562   0.95   0.1579   0.0686     2.60  0    cut
 536  sn81B         Ia-norm    0.4765   0.95   0.1775   0.0288     0.00  0    cut
 537  sn01el        Ia-norm    0.4765   0.95   0.1659   0.0326     1.30  0    cut
 538  sn05hk        Ia-pec     0.4765   0.95   0.0752   0.0348    23.40  0    cut
 539  sn94ae        Ia-norm    0.4765   0.95   0.1644   0.0277     3.30  0    cut
 540  sn01el        Ia-norm    0.4765   0.94   0.1725   0.0396    -3.70  0    cut
 541  sn05hk        Ia-pec     0.4765   0.94   0.4669   0.0264    42.90  0    cut
 542  sn03cg        Ia-norm    0.4765   0.94   0.1653   0.0243    -6.80  0    cut
 543  sn99aw        Ia-91T     0.4765   0.94   0.1526   0.0314    35.90  0    cut
 544  sn94ae        Ia-norm    0.4765   0.94   0.1642   0.0260     1.30  0    cut
 545  sn94D         Ia-norm    0.4765   0.94   0.1607   0.0253     2.90  0    cut
 546  sn91T         Ia-91T     0.4765   0.93   0.4055   0.0342   -11.50  0    cut
 547  sn02cx        Ia-pec     0.4765   0.93   0.4653   0.0260    53.30  0    cut
 548  sn90N         Ia-norm    0.4765   0.93   0.1581   0.0313     4.90  0    cut
 549  sn94S         Ia-norm    0.4765   0.93   0.1622   0.0258     1.40  0    cut
 550  sn98aq        Ia-norm    0.4765   0.93   0.1538   0.0316    50.60  0    cut
 551  sn05hk        Ia-pec     0.4765   0.93   0.4651   0.0275    53.80  0    cut
 552  sn02bo        Ia-norm    0.4765   0.92   0.1527   0.0272    40.60  0    cut
 553  sn94ae        Ia-norm    0.4765   0.92   0.1636   0.0274     3.30  0    cut
 554  sn05hk        Ia-pec     0.4765   0.92   0.4670   0.0278    42.00  0    cut
 555  sn94D         Ia-norm    0.4765   0.92   0.1520   0.0260    14.30  0    cut
 556  sn99by        Ia-91bg    0.4765   0.92   0.1486   0.0231    33.10  0    cut
 557  sn05hk        Ia-pec     0.4765   0.91   0.4674   0.0274    39.00  0    cut
 558  sn05gj        Ia-csm     0.4765   0.91   0.1178   0.0403    92.10  0    cut
 559  sn99aa        Ia-91T     0.4765   0.91   0.1663   0.0376    53.90  0    cut
 560  sn89B         Ia-norm    0.4765   0.91   0.1509   0.0223    24.40  0    cut
 561  sn89B         Ia-norm    0.4765   0.91   0.1494   0.0347    49.20  0    cut
 562  sn03du        Ia-norm    0.4765   0.91   0.1520   0.0251    29.00  0    cut
 563  sn05hk        Ia-pec     0.4765   0.91   0.4649   0.0245    65.50  0    cut
 564  sn97cn        Ia-91bg    0.4765   0.91   0.1471   0.0242    43.40  0    cut
 565  sn02bo        Ia-norm    0.4765   0.91   0.1524   0.0275    39.30  0    cut
 566  sn06gz        Ia-pec     0.4765   0.91   0.1683   0.0197   -13.30  0    cut
 567  sn02er        Ia-norm    0.4765   0.90   0.1694   0.0318    -6.40  0    cut
 568  sn94ae        Ia-norm    0.4765   0.90   0.1638   0.0282     2.30  0    cut
 569  sn03cg        Ia-norm    0.4765   0.90   0.1522   0.0253    23.40  0    cut
 570  sn03du        Ia-norm    0.4765   0.90   0.1636   0.0282    -5.00  0    cut
 571  sn05gj        Ia-csm     0.4738   0.90   0.1434   0.0482    42.30  0    cut
 572  sn89B         Ia-norm    0.4765   0.89   0.1493   0.0725    51.00  0    cut
 573  sn94Q         Ia-norm    0.4765   0.89   0.1514   0.0261    41.60  0    cut
 574  sn99aa        Ia-91T     0.4765   0.89   0.1675   0.0352    50.00  0    cut
 575  sn03du        Ia-norm    0.4765   0.89   0.1771   0.0363   -10.10  0    cut
 576  sn94D         Ia-norm    0.4765   0.89   0.1622   0.0254     2.20  0    cut
 577  sn05gj        Ia-csm     0.4698   0.88   0.1408   0.0476    51.80  0    cut
 578  sn03du        Ia-norm    0.4765   0.88   0.1622   0.0268     0.80  0    cut
 579  sn03du        Ia-norm    0.4765   0.88   0.1622   0.0278    -1.10  0    cut
 580  sn91M         Ia-norm    0.4765   0.88   0.1695   0.0272     2.70  0    cut
 581  sn05gj        Ia-csm     0.4711   0.88   0.1440   0.0278    38.50  0    cut
 582  sn91bg        Ia-91bg    0.4765   0.88   0.2612   0.0237    20.20  0    cut
 583  sn99by        Ia-91bg    0.4765   0.88   0.1489   0.0225    31.10  0    cut
 584  sn03du        Ia-norm    0.4765   0.88   0.1521   0.0273    45.60  0    cut
 585  sn03du        Ia-norm    0.4765   0.87   0.1616   0.0278     1.90  0    cut
 586  sn05gj        Ia-csm     0.4765   0.87   0.1164   0.0251   133.50  0    cut
 587  sn94M         Ia-norm    0.4765   0.87   0.1702   0.0341     3.00  0    cut
 588  sn03du        Ia-norm    0.4765   0.86   0.1622   0.0277    -0.20  0    cut
 589  sn91M         Ia-norm    0.4765   0.86   0.1541   0.0249    24.80  0    cut
 590  sn04eo        Ia-norm    0.4765   0.86   0.1514   0.0241    48.40  0    cut
 591  sn99aw        Ia-91T     0.4765   0.86   0.1755   0.0437    -0.70  0    cut
 592  sn02ic        Ia-csm     0.4765   0.85   0.1500   0.0220    31.90  0    cut
 593  sn99by        Ia-91bg    0.4765   0.85   0.1493   0.0224    29.10  0    cut
 594  sn05gj        Ia-csm     0.4711   0.85   0.1452   0.0652    39.40  0    cut
 595  sn94D         Ia-norm    0.4765   0.85   0.1525   0.0282    43.20  0    cut
 596  sn05gj        Ia-csm     0.4765   0.84   0.1452   0.0472    40.50  0    cut
 597  sn05hk        Ia-pec     0.4765   0.84   0.1371   0.0314    14.40  0    cut
 598  sn02bo        Ia-norm    0.4765   0.83   0.1535   0.0273    27.70  0    cut
 599  sn91bg        Ia-91bg    0.4765   0.83   0.3197   0.0314    14.70  0    cut
 600  sn06gz        Ia-pec     0.4765   0.83   0.1693   0.0221   -14.20  0    cut
 601  sn94D         Ia-norm    0.4765   0.83   0.1644   0.0313    -3.80  0    cut
 602  sn05hk        Ia-pec     0.4765   0.83   0.1360   0.0321    14.30  0    cut
 603  sn97br        Ia-91T     0.4765   0.83   0.4830   0.0298    49.10  0    cut
 604  sn91bg        Ia-91bg    0.4765   0.82   0.1499   0.0218    25.60  0    cut
 605  sn94ae        Ia-norm    0.4765   0.82   0.1519   0.0298    40.10  0    cut
 606  sn94M         Ia-norm    0.4765   0.82   0.1704   0.0363     4.00  0    cut
 607  sn97br        Ia-91T     0.4765   0.82   0.1446   0.0306    23.70  0    cut
 608  sn91bg        Ia-91bg    0.4765   0.82   0.2449   0.0263    16.40  0    cut
 609  sn97cn        Ia-91bg    0.4765   0.82   0.1773   0.0464    28.70  0    cut
 610  sn91bg        Ia-91bg    0.4765   0.81   0.2456   0.0238    18.60  0    cut
 611  sn04eo        Ia-norm    0.4765   0.81   0.1519   0.0179    49.40  0    cut
 612  sn94D         Ia-norm    0.4765   0.81   0.1634   0.0258    -1.80  0    cut
 613  sn99by        Ia-91bg    0.4765   0.80   0.1514   0.0279     8.10  0    cut
 614  sn94D         Ia-norm    0.4765   0.80   0.1647   0.0303    -3.60  0    cut
 615  sn94M         Ia-norm    0.4765   0.80   0.2437   0.0329    34.10  0    cut
 616  sn94D         Ia-norm    0.4765   0.79   0.1522   0.0258    19.20  0    cut
 617  sn91bg        Ia-91bg    0.4765   0.79   0.2467   0.0231    18.90  0    cut
 618  sn98bu        Ia-norm    0.4765   0.79   0.1524   0.0320    44.10  0    cut
 619  sn05gj        Ia-csm     0.4765   0.78   0.1168   0.0473    65.80  0    cut
 620  sn95bd        Ia-norm    0.4765   0.78   0.3150   0.0308    36.90  0    cut
 621  sn06gz        Ia-pec     0.4765   0.78   0.1683   0.0245   -14.30  0    cut
 622  sn02bo        Ia-norm    0.4765   0.78   0.1536   0.0281    28.60  0    cut
 623  sn89B         Ia-norm    0.4765   0.78   0.1501   0.0252    25.40  0    cut
 624  sn04eo        Ia-norm    0.4765   0.77   0.4846   0.0295    45.40  0    cut
 625  sn97br        Ia-91T     0.4765   0.77   0.4728   0.0311    37.60  0    cut
 626  sn02bo        Ia-norm    0.4765   0.77   0.1540   0.0277    29.70  0    cut
 627  sn91T         Ia-91T     0.4765   0.77   0.4833   0.0304    46.60  0    cut
 628  sn04eo        Ia-norm    0.4765   0.76   0.2426   0.0281    21.40  0    cut
 629  sn98bu        Ia-norm    0.4765   0.76   0.1524   0.0313    43.10  0    cut
 630  sn94ae        Ia-norm    0.4765   0.76   0.1527   0.0284    36.20  0    cut
 631  sn05gj        Ia-csm     0.4765   0.76   0.1171   0.0489    63.90  0    cut
 632  sn99by        Ia-91bg    0.4765   0.76   0.1503   0.0215    25.10  0    cut
 633  sn98bu        Ia-norm    0.4765   0.75   0.4855   0.0305    37.20  0    cut
 634  sn94D         Ia-norm    0.4765   0.75   0.1521   0.0260    40.30  0    cut
 635  sn91T         Ia-91T     0.4765   0.74   0.4838   0.0299    45.70  0    cut
 636  sn03du        Ia-norm    0.4765   0.74   0.1509   0.0276    39.50  0    cut
 637  sn98bu        Ia-norm    0.4765   0.74   0.4856   0.0307    36.20  0    cut
 638  sn03cg        Ia-norm    0.4765   0.74   0.1533   0.0345    43.40  0    cut
 639  sn99ee        Ia-norm    0.4765   0.74   0.1481   0.0309    27.00  0    cut
 640  sn02bo        Ia-norm    0.4765   0.74   0.1538   0.0271    29.40  0    cut
 641  sn91bg        Ia-91bg    0.4765   0.74   0.1521   0.0272    29.50  0    cut
 642  sn02er        Ia-norm    0.4765   0.74   0.2432   0.0270    24.20  0    cut
 643  sn04eo        Ia-norm    0.4765   0.74   0.2414   0.0284    23.40  0    cut
 644  sn98bu        Ia-norm    0.4765   0.74   0.4864   0.0305    35.20  0    cut
 645  sn94D         Ia-norm    0.4765   0.73   0.1521   0.0270    15.20  0    cut
 646  sn98aq        Ia-norm    0.4765   0.73   0.4875   0.0303    35.80  0    cut
 647  sn03cg        Ia-norm    0.4765   0.73   0.2417   0.0256    28.50  0    cut
 648  sn98bu        Ia-norm    0.4765   0.73   0.4857   0.0307    34.20  0    cut
 649  sn98aq        Ia-norm    0.4765   0.73   0.4876   0.0302    30.80  0    cut
 650  sn98bu        Ia-norm    0.4765   0.73   0.1525   0.0323    42.10  0    cut
 651  sn03du        Ia-norm    0.4765   0.72   0.1523   0.0268    31.80  0    cut
 652  sn98bu        Ia-norm    0.4765   0.72   0.4861   0.0307    32.10  0    cut
 653  sn96X         Ia-norm    0.4765   0.72   0.1544   0.0269    24.70  0    cut
 654  sn91M         Ia-norm    0.4765   0.72   0.1549   0.0241    25.80  0    cut
 655  sn97br        Ia-91T     0.4765   0.72   0.4852   0.0327    42.10  0    cut
 656  sn04eo        Ia-norm    0.4765   0.72   0.1497   0.0262    20.80  0    cut
 657  sn98aq        Ia-norm    0.4765   0.72   0.4879   0.0302    33.80  0    cut
 658  sn94D         Ia-norm    0.4765   0.72   0.1632   0.0340     0.40  0    cut
 659  sn98bu        Ia-norm    0.4765   0.72   0.4868   0.0309    33.20  0    cut
 660  sn95D         Ia-norm    0.4765   0.72   0.4849   0.0316    37.80  0    cut
 661  sn98bu        Ia-norm    0.4765   0.72   0.4870   0.0303    31.10  0    cut
 662  sn03du        Ia-norm    0.4765   0.72   0.4846   0.0311    34.60  0    cut
 663  sn99ac        Ia-91T     0.4765   0.71   0.2520   0.0306    39.90  0    cut
 664  sn95D         Ia-norm    0.4765   0.71   0.1520   0.0325    42.80  0    cut
 665  sn99aa        Ia-91T     0.4765   0.71   0.1651   0.0350    29.10  0    cut
 666  sn98bu        Ia-norm    0.4765   0.71   0.4869   0.0308    30.20  0    cut
 667  sn03du        Ia-norm    0.4765   0.71   0.4853   0.0312    33.40  0    cut
 668  sn98aq        Ia-norm    0.4765   0.71   0.4879   0.0304    31.80  0    cut
 669  sn98bu        Ia-norm    0.4765   0.70   0.1519   0.0310    41.10  0    cut
 670  sn05gj        Ia-csm     0.4765   0.70   0.1242   0.0622    61.10  0    cut
 671  sn98bu        Ia-norm    0.4765   0.70   0.4863   0.0308    29.20  0    cut
 672  sn03cg        Ia-norm    0.4765   0.70   0.4881   0.0314    26.40  0    cut
 673  sn04S         Ia-norm    0.4765   0.70   0.2421   0.0286    42.10  0    cut
 674  sn94D         Ia-norm    0.4765   0.69   0.1649   0.0359    -2.60  0    cut
 675  sn94D         Ia-norm    0.4765   0.69   0.2427   0.0298    16.30  0    cut
 676  sn05gj        Ia-csm     0.4765   0.69   0.1418   0.0466    66.80  0    cut
 677  sn03cg        Ia-norm    0.4765   0.68   0.4805   0.0271    38.30  0    cut
 678  sn02ic        Ia-csm     0.4129   0.68   0.1451   0.0831    65.60  0    cut
 679  sn98bu        Ia-norm    0.4765   0.68   0.1521   0.0315    40.10  0    cut
 680  sn94D         Ia-norm    0.4765   0.67   0.2417   0.0309    24.20  0    cut
 681  sn99ac        Ia-91T     0.4765   0.67   0.2509   0.0316    33.90  0    cut
 682  sn97br        Ia-91T     0.4765   0.67   0.1437   0.0402    50.50  0    cut
 683  sn04eo        Ia-norm    0.4765   0.66   0.0772   0.0347    29.70  0    cut
 684  sn04S         Ia-norm    0.4765   0.66   0.0776   0.0386    36.20  0    cut
 685  sn99ac        Ia-91T     0.4765   0.66   0.2501   0.0295    29.00  0    cut
 686  sn01el        Ia-norm    0.4765   0.66   0.4925   0.0344    39.90  0    cut
 687  sn98bu        Ia-norm    0.4765   0.66   0.1520   0.0316    39.20  0    cut
 688  sn90N         Ia-norm    0.4765   0.65   0.1533   0.0267    38.50  0    cut
 689  sn99ac        Ia-91T     0.4765   0.65   0.2487   0.0304    32.00  0    cut
 690  sn95E         Ia-norm    0.4765   0.64   0.0776   0.0346    32.70  0    cut
 691  sn98bu        Ia-norm    0.4765   0.64   0.1523   0.0319    38.20  0    cut
 692  sn03du        Ia-norm    0.4765   0.64   0.1526   0.0282    34.00  0    cut
 693  sn98bu        Ia-norm    0.4765   0.64   0.2423   0.0305    28.20  0    cut
 694  sn91M         Ia-norm    0.4765   0.63   0.1556   0.0284    27.50  0    cut
 695  sn05gj        Ia-csm     0.4765   0.63   0.1391   0.0498    63.00  0    cut
 696  sn89B         Ia-norm    0.4765   0.63   0.0734   0.0339    31.40  0    cut
 697  sn99ee        Ia-norm    0.4765   0.63   0.2433   0.0293    31.90  0    cut
 698  sn03du        Ia-norm    0.4765   0.62   0.1590   0.0309    37.40  0    cut
 699  sn02er        Ia-norm    0.4765   0.62   0.3256   0.0298    33.20  0    cut
 700  sn05gj        Ia-csm     0.4765   0.61   0.1412   0.0496    64.90  0    cut
 701  sn96X         Ia-norm    0.4765   0.60   0.0793   0.0351    31.70  0    cut
 702  sn99ee        Ia-norm    0.4765   0.59   0.2458   0.0308    40.90  0    cut
 703  sn99aa        Ia-91T     0.4765   0.59   0.5056   0.0351    34.10  0    cut
 704  sn89B         Ia-norm    0.4765   0.58   0.0735   0.0303    37.30  0    cut
 705  sn02ic        Ia-csm     0.4765   0.57   0.1463   0.0477    44.10  0    cut
 706  sn99aa        Ia-91T     0.4765   0.55   0.1696   0.0413    41.10  0    cut
