### SNID output file ###
 
### input spectrum and options ###
# Input spectrum                 : 15031_-4.80.dat
# Parameter file                 : NA
# Wavelength range               :    3616.25   9720.96
# Mask file                      : NA
# Median filtering width [A]     : NA
# Median filtering width [pix]   :       1.00
# Clip emission redshift         : NA
# Clip sky lines                 : 0
# Emission clip width [A]        : NA
# Keep A-band                    : 1
# Age range                      :     -90.00   1000.00
# Delta range                    :      -9.99     99.90
# Min. number of spectra/template:   1
# Use only templates             : NA
# Use only types                 : II
# Avoid templates                : NA
# Avoid types                    : NA
# rlapmin                        :       5.00
# Redshift range                 :    -0.0100    1.2000
# Forced initial redshift        : NA
# Extra fake redshift            : NA
# Nsigma for initial redshift    : NA
# Redshift filter                :     0.0200
# Wavenumbers k1,k2,k3,k4        :     1    4   85  102
# Template directory             : /Users/daniel/snid-5.0/templates/
 
### initial/user-input redshift ###
zinit       0.0291
zuser       0.0291
 
### median redshift/age and error ###
zmed        0.0309    0.0063
agem          2.00     44.96
 
### type fraction/redshift/age ###
#type ntemp fraction slope redshift redshift_error age age_error
Ia              0      0.00    0.0000    0.0000    0.0000     0.000     0.000
Ia-norm         0      0.00    0.0000    0.0000    0.0000     0.000     0.000
Ia-91T          0      0.00    0.0000    0.0000    0.0000     0.000     0.000
Ia-91bg         0      0.00    0.0000    0.0000    0.0000     0.000     0.000
Ia-csm          0      0.00    0.0000    0.0000    0.0000     0.000     0.000
Ia-pec          0      0.00    0.0000    0.0000    0.0000     0.000     0.000
###
Ib              0      0.00    0.0000    0.0000    0.0000     0.000     0.000
Ib-norm         0      0.00    0.0000    0.0000    0.0000     0.000     0.000
Ib-pec          0      0.00    0.0000    0.0000    0.0000     0.000     0.000
IIb             0      0.00    0.0000    0.0000    0.0000     0.000     0.000
###
Ic              0      0.00    0.0000    0.0000    0.0000     0.000     0.000
Ic-norm         0      0.00    0.0000    0.0000    0.0000     0.000     0.000
Ic-pec          0      0.00    0.0000    0.0000    0.0000     0.000     0.000
Ic-broad        0      0.00    0.0000    0.0000    0.0000     0.000     0.000
###
II             27      1.00    0.0000    0.0309    0.0063     2.000    44.957
IIP            23      0.85    0.0228    0.0297    0.0057     3.300    32.087
II-pec          4      0.15   -0.0245    0.0376    0.0055   -79.050     2.130
IIn             0      0.00    0.0000    0.0000    0.0000     0.000     0.000
IIL             0      0.00    0.0000    0.0000    0.0000     0.000     0.000
###
NotSN           0      0.00    0.0000    0.0000    0.0000     0.000     0.000
AGN             0      0.00    0.0000    0.0000    0.0000     0.000     0.000
Gal             0      0.00    0.0000    0.0000    0.0000     0.000     0.000
LBV             0      0.00    0.0000    0.0000    0.0000     0.000     0.000
M-star          0      0.00    0.0000    0.0000    0.0000     0.000     0.000
 
### rlap-ordered template listings ###
#no. sn type lap rlap z zerr age age_flag grade
   1  sn06bp        IIP        0.7392  13.01   0.0326   0.0041     4.20  0   good
   2  sn06bp        IIP        0.7392  12.45   0.0333   0.0043     3.30  0   good
   3  sn06bp        IIP        0.7080  11.23   0.0314   0.0045     7.20  0   good
   4  sn06bp        IIP        0.8339  10.19   0.0343   0.0055     2.10  0   good
   5  sn99em        IIP        0.6918   8.03   0.0295   0.0065    -1.60  0   good
   6  sn99em        IIP        0.8475   7.86   0.0273   0.0067     5.60  0   good
   7  sn99em        IIP        0.8448   7.58   0.0269   0.0066     6.40  0   good
   8  sn06bp        IIP        0.8353   7.50   0.0327   0.0072     8.10  0   good
   9  sn99em        IIP        0.8570   7.11   0.0270   0.0072     6.60  0   good
  10  sn92H         IIP        0.6701   6.99   0.0346   0.0094    11.50  0   good
  11  sn87A         II-pec     0.6309   6.69   0.0361   0.0083   -78.50  0   good
  12  sn87A         II-pec     0.6485   6.69   0.0421   0.0082   -80.50  0   good
  13  sn06bp        IIP        0.8231   6.59   0.0351   0.0083     0.10  0   good
  14  sn99em        IIP        0.6918   6.26   0.0297   0.0083    -2.60  0   good
  15  sn99gi        IIP        0.6837   6.05   0.0321   0.0087    -5.00  0   good
  16  sn99em        IIP        0.8434   5.99   0.0256   0.0079     9.40  0   good
  17  sn99em        IIP        0.6864   5.95   0.0310   0.0089    -3.60  0   good
  18  sn87A         II-pec     0.6431   5.79   0.0392   0.0091   -79.60  0   good
  19  sn92H         IIP        0.6674   5.68   0.0196   0.0079   112.90  0   good
  20  sn99em        IIP        0.9815   5.62   0.0284   0.0090     0.20  0   good
  21  sn92H         IIP        0.5551   5.60   0.0569   0.0089   129.80  0    bad
  22  sn87A         II-pec     0.6336   5.52   0.0294   0.0091   -75.60  0   good
  23  sn06bp        IIP        0.7067   5.51   0.0353   0.0097    -1.70  0   good
  24  sn04et        IIP        0.7351   5.49   0.0276   0.0086     2.00  0   good
  25  sn92H         IIP        0.6647   5.41   0.0193   0.0082   103.00  0   good
  26  sn04dj        IIP        0.5551   5.33   0.0173   0.0070     0.00  1   good
  27  sn99gi        IIP        0.6864   5.30   0.0309   0.0096    -4.00  0   good
  28  sn04dj        IIP        0.5510   5.27   0.0163   0.0071     2.70  1   good
#--- rlap cutoff
  29  sn99em        IIP        0.7446   4.96   0.0284   0.0094     1.40  0    cut
  30  sn87A         II-pec     0.9815   4.92   0.0469   0.0116   -82.40  0    cut
  31  sn06bp        IIP        0.8028   4.87   0.0270   0.0089    14.30  0    cut
  32  sn99em        IIP        0.9815   4.85   0.0267   0.0099     6.20  0    cut
  33  sn06bp        IIP        0.8082   4.76   0.0263   0.0089    15.10  0    cut
  34  sn04dj        IIP        0.5740   4.74   0.0163   0.0078     5.00  1    cut
  35  sn06bp        IIP        0.8069   4.71   0.0259   0.0089    16.20  0    cut
  36  sn96L         IIn        0.7947   4.68   0.0621   0.0110    58.60  0    cut
  37  sn98S         IIn        0.6999   4.66   0.0303   0.0121   256.30  0    cut
  38  sn98S         IIn        0.6931   4.65   0.0301   0.0120   241.30  0    cut
  39  sn79C         IIL        0.4955   4.64   0.0236   0.0111    10.90  0    cut
  40  sn98S         IIn        0.6959   4.61   0.0296   0.0122   240.30  0    cut
  41  sn98S         IIn        0.6972   4.61   0.0306   0.0120   268.20  0    cut
  42  sn98S         IIn        0.6986   4.56   0.0300   0.0124   247.30  0    cut
  43  sn98S         IIn        0.6972   4.47   0.0301   0.0122   275.20  0    cut
  44  sn98S         IIn        0.6972   4.42   0.0312   0.0122   310.10  0    cut
  45  sn99em        IIP        0.7730   4.41   0.0285   0.0106     2.40  0    cut
  46  sn98S         IIn        0.6986   4.40   0.0303   0.0123   277.20  0    cut
  47  sn98S         IIn        0.6999   4.39   0.0303   0.0122   311.10  0    cut
  48  sn98S         IIn        0.6986   4.38   0.0311   0.0123   300.00  0    cut
  49  sn87A         II-pec     0.6431   4.37   0.0331   0.0108   -77.50  0    cut
  50  sn98S         IIn        0.6999   4.36   0.0311   0.0124   305.10  0    cut
  51  sn06bp        IIP        0.7866   4.32   0.0238   0.0094    20.10  0    cut
  52  sn04dj        IIP        0.5524   4.29   0.0157   0.0086     8.00  1    cut
  53  sn98S         IIn        0.6986   4.24   0.0311   0.0126   325.00  0    cut
  54  sn96L         IIn        0.8624   4.24   0.0237   0.0123    58.10  0    cut
  55  sn04et        IIP        0.7324   4.23   0.0285   0.0108    -0.90  0    cut
  56  sn98S         IIn        0.6986   4.23   0.0319   0.0126   367.80  0    cut
  57  sn04et        IIP        0.9301   4.22   0.0218   0.0096    14.50  0    cut
  58  sn92H         IIP        0.7107   4.22   0.0229   0.0096    44.30  0    cut
  59  sn80K         IIL        0.5185   4.21   0.0248   0.0094     9.00  0    cut
  60  sn04et        IIP        0.7338   4.21   0.0281   0.0107     1.00  0    cut
  61  sn79C         IIL        0.5388   4.20   0.0352   0.0126    71.60  0    cut
  62  sn06bp        IIP        0.8272   4.17   0.0300   0.0109    13.20  0    cut
  63  sn87A         II-pec     0.6444   4.17   0.0309   0.0110   -76.60  0    cut
  64  sn98S         IIn        0.6999   4.16   0.0317   0.0127   355.80  0    cut
  65  sn98S         IIn        0.6999   4.16   0.0327   0.0128   383.60  0    cut
  66  sn98S         IIn        0.6972   4.13   0.0313   0.0129   390.60  0    cut
  67  sn98S         IIn        0.6986   4.13   0.0312   0.0129   338.90  0    cut
  68  sn87A         II-pec     0.6268   4.11   0.0260   0.0110   -73.50  0    cut
  69  sn99gi        IIP        0.6931   4.10   0.0220   0.0095    18.90  0    cut
  70  sn04et        IIP        0.7283   4.08   0.0285   0.0113    -2.90  0    cut
  71  sn04et        IIP        0.9409   4.04   0.0204   0.0091    19.50  0    cut
  72  sn04et        IIP        0.9504   4.04   0.0249   0.0106     8.60  0    cut
  73  sn04et        IIP        0.7216   4.02   0.0284   0.0112    -1.90  0    cut
  74  sn99em        IIP        0.7500   3.99   0.0270   0.0109     5.40  0    cut
  75  sn04et        IIP        0.7338   3.99   0.0268   0.0110     4.00  0    cut
  76  sn98S         IIn        0.6999   3.91   0.0307   0.0136   422.50  0    cut
  77  sn06bp        IIP        0.6593   3.89   0.0397   0.0147    -4.60  0    cut
  78  sn04dj        IIP        0.5740   3.87   0.0152   0.0094    17.00  1    cut
  79  sn80K         IIL        0.5280   3.85   0.0258   0.0107     7.00  0    cut
  80  sn98S         IIn        0.6986   3.81   0.0269   0.0139   120.30  0    cut
  81  sn99em        IIP        0.7189   3.74   0.0159   0.0096    35.30  0    cut
  82  sn99em        IIP        0.9815   3.73   0.0329   0.0132    -3.70  0    cut
  83  sn90K         IIL        0.5320   3.72   0.0310   0.0089   139.00  1    cut
  84  sn04dj        IIP        0.5727   3.71   0.0154   0.0098    18.00  1    cut
  85  sn99em        IIP        0.7459   3.71   0.0289   0.0117     0.40  0    cut
  86  sn04dj        IIP        0.5672   3.68   0.0151   0.0097    20.00  1    cut
  87  sn87A         II-pec     0.9815   3.67   1.0356   0.0047   413.40  0    cut
  88  sn98S         IIn        0.6986   3.67   0.0268   0.0146   118.30  0    cut
  89  sn98S         IIn        0.6959   3.66   0.0273   0.0145    93.40  0    cut
  90  sn98S         IIn        0.6986   3.66   0.0269   0.0146   127.30  0    cut
  91  sn87A         II-pec     0.9815   3.66   1.0362   0.0047   429.40  0    cut
  92  sn98S         IIn        0.6972   3.65   0.0273   0.0148   101.40  0    cut
  93  sn98S         IIn        0.6986   3.65   0.0279   0.0143    74.50  0    cut
  94  sn87A         II-pec     0.9815   3.62   1.0368   0.0048   441.30  0    cut
  95  sn98S         IIn        0.6999   3.62   0.0266   0.0149   128.30  0    cut
  96  sn98S         IIn        0.6972   3.62   0.0276   0.0149    95.40  0    cut
  97  sn04et        IIP        0.7365   3.61   0.0261   0.0111     6.20  0    cut
  98  sn98S         IIn        0.6972   3.61   0.0275   0.0148    89.40  0    cut
  99  sn98S         IIn        0.6972   3.61   0.0273   0.0149    98.40  0    cut
 100  sn98S         IIn        0.6931   3.61   0.0277   0.0142    70.50  0    cut
 101  sn98S         IIn        0.6986   3.60   0.0271   0.0148   105.40  0    cut
 102  sn98S         IIn        0.6959   3.59   0.0279   0.0145    72.50  0    cut
 103  sn98S         IIn        0.6918   3.55   0.0278   0.0143    75.50  0    cut
 104  sn79C         IIL        0.5510   3.54   0.0298   0.0105    12.90  0    cut
 105  sn87A         II-pec     0.6255   3.53   0.0248   0.0123   -72.60  0    cut
 106  sn06bp        IIP        0.8367   3.51   0.0271   0.0117    17.20  0    cut
 107  sn92H         IIP        0.6539   3.49   0.0223   0.0133   135.80  0    cut
 108  sn06bp        IIP        0.8231   3.48   0.0251   0.0109    17.10  0    cut
 109  sn79C         IIL        0.4955   3.47   0.0219   0.0137     9.90  0    cut
 110  sn96L         IIn        0.8028   3.46   0.0245   0.0147   322.80  0    cut
 111  sn96L         IIn        0.8028   3.46   0.0245   0.0147   323.80  0    cut
 112  sn99em        IIP        0.8421   3.44   0.0176   0.0103    27.20  0    cut
 113  sn87A         II-pec     0.9815   3.42   1.0363   0.0050   339.00  0    cut
 114  sn90K         IIL        0.6119   3.40   0.0546   0.0120   136.20  1    cut
 115  sn04et        IIP        0.9341   3.39   0.0190   0.0106    22.60  0    cut
 116  sn04et        IIP        0.9314   3.38   0.0189   0.0107    24.60  0    cut
 117  sn99em        IIP        0.7473   3.36   0.0291   0.0129    -0.60  0    cut
 118  sn79C         IIL        0.5402   3.35   0.0303   0.0136    42.80  0    cut
 119  sn99em        IIP        0.9815   3.34   0.0235   0.0115    11.10  0    cut
 120  sn98S         IIn        0.6024   3.33   0.0274   0.0114   413.40  0    cut
 121  sn87A         II-pec     0.6241   3.32   0.0234   0.0127   -71.60  0    cut
 122  sn04dj        IIP        0.7351   3.32   0.0226   0.0141    89.80  1    cut
 123  sn99gi        IIP        0.6972   3.31   0.0200   0.0109    23.90  0    cut
 124  sn87A         II-pec     0.9815   3.29   1.0358   0.0051   316.00  0    cut
 125  sn87A         II-pec     0.9815   3.28   1.0375   0.0052   504.20  0    cut
 126  sn04et        IIP        0.8570   3.28   0.0149   0.0107    82.50  0    cut
 127  sn05cs        IIP        0.7311   3.23   0.0220   0.0120     2.10  0    cut
 128  sn05cs        IIP        0.7311   3.23   0.0218   0.0124     3.10  0    cut
 129  sn92H         IIP        0.5266   3.22   0.0207   0.0131   140.80  0    cut
 130  sn06bp        IIP        0.8285   3.19   0.0182   0.0109    64.90  0    cut
 131  sn98S         IIn        0.6959   3.18   0.0267   0.0156    60.50  0    cut
 132  sn05cs        IIP        0.7324   3.18   0.0217   0.0127     4.00  0    cut
 133  sn04et        IIP        0.9314   3.16   0.0172   0.0111    34.50  0    cut
 134  sn98S         IIn        0.8922   3.10   0.4409   0.0202   -12.50  0    cut
 135  sn05cs        IIP        0.7324   3.07   0.0215   0.0124     1.00  0    cut
 136  sn06bp        IIP        0.8353   3.05   0.0238   0.0122    25.20  0    cut
 137  sn06bp        IIP        0.8367   3.02   0.0194   0.0115    49.00  0    cut
 138  sn99gi        IIP        0.6959   3.01   0.0192   0.0116    26.90  0    cut
 139  sn04et        IIP        0.9246   3.01   0.0163   0.0113    39.50  0    cut
 140  sn98S         IIn        0.6945   3.01   0.0259   0.0160    58.50  0    cut
 141  sn05cs        IIP        0.7338   3.01   0.0212   0.0130     5.00  0    cut
 142  sn04et        IIP        0.7324   3.01   0.0246   0.0115    10.00  0    cut
 143  sn87A         II-pec     0.6255   3.00   0.0222   0.0136   -70.60  0    cut
 144  sn90K         IIL        0.6403   2.96   0.0197   0.0110     0.00  1    cut
 145  sn06bp        IIP        0.8367   2.96   0.0213   0.0121    34.10  0    cut
 146  sn04dj        IIP        0.5713   2.89   0.0144   0.0127    36.00  1    cut
 147  sn99em        IIP        0.9815   2.89   1.0368   0.0054   307.80  0    cut
 148  sn96L         IIn        0.6092   2.88   0.0166   0.0104     8.40  0    cut
 149  sn04et        IIP        0.9016   2.87   0.0158   0.0117    57.50  0    cut
 150  sn04et        IIP        0.9043   2.85   0.0162   0.0139   146.90  0    cut
 151  sn90K         IIL        0.6417   2.84   0.0170   0.0153   174.80  1    cut
 152  sn05cs        IIP        0.7270   2.84   0.0221   0.0127     0.10  0    cut
 153  sn87A         II-pec     0.9815   2.82   1.0371   0.0059   255.20  0    cut
 154  sn99em        IIP        0.8434   2.78   0.0160   0.0118    34.30  0    cut
 155  sn04et        IIP        0.8786   2.78   0.0139   0.0118    96.50  0    cut
 156  sn04et        IIP        0.8989   2.77   0.0151   0.0119    70.40  0    cut
 157  sn04et        IIP        0.7351   2.76   0.0237   0.0118    12.10  0    cut
 158  sn90K         IIL        0.6065   2.76   0.0188   0.0130    53.30  1    cut
 159  sn99em        IIP        0.9815   2.72   0.0207   0.0123    16.10  0    cut
 160  sn87A         II-pec     0.6241   2.71   0.0212   0.0146   -69.60  0    cut
 161  sn04et        IIP        0.8813   2.70   0.0167   0.0154   168.80  0    cut
 162  sn05cs        IIP        0.6092   2.70   0.0264   0.0253   176.10  0    cut
 163  sn04dj        IIP        0.5943   2.67   0.0142   0.0142    48.00  1    cut
 164  sn90K         IIL        0.8773   2.64   0.0200   0.0141    55.60  1    cut
 165  sn90K         IIL        0.6268   2.64   0.0369   0.0141   147.10  1    cut
 166  sn04dj        IIP        0.5916   2.64   0.0145   0.0150    51.90  1    cut
 167  sn05cs        IIP        0.7297   2.62   0.0216   0.0135    -0.80  0    cut
 168  sn90K         IIL        0.7094   2.62   0.0213   0.0157    50.50  1    cut
 169  sn04dj        IIP        0.5943   2.61   0.0149   0.0152    50.00  1    cut
 170  sn90K         IIL        0.9152   2.59   0.0179   0.0147   119.20  1    cut
 171  sn05cs        IIP        0.7283   2.58   0.0230   0.0138    -1.90  0    cut
 172  sn04dj        IIP        0.5943   2.57   0.0140   0.0152    46.80  1    cut
 173  sn05cs        IIP        0.7297   2.53   0.0193   0.0135     7.10  0    cut
 174  sn98S         IIn        0.6850   2.52   0.4566   0.0190    15.80  0    cut
 175  sn80K         IIL        0.5645   2.52   0.0175   0.0132   217.00  0    cut
 176  sn04dj        IIP        0.5970   2.51   0.0149   0.0154    50.60  1    cut
 177  sn04et        IIP        0.9504   2.47   0.0170   0.0130    47.40  0    cut
 178  sn04et        IIP        0.6593   2.45   0.0162   0.0178   211.30  0    cut
 179  sn06bp        IIP        0.6959   2.44   0.4756   0.0219    -5.70  0    cut
 180  sn99em        IIP        0.8542   2.43   0.0152   0.0128    32.50  0    cut
 181  sn87A         II-pec     0.6241   2.42   0.0202   0.0158   -68.60  0    cut
 182  sn98S         IIn        0.9477   2.42   0.0275   0.0184    81.20  0    cut
 183  sn99em        IIP        0.4359   2.41   0.0131   0.0154    90.00  0    cut
 184  sn99em        IIP        0.8272   2.39   0.0147   0.0160   119.00  0    cut
 185  sn04et        IIP        0.8651   2.37   0.0166   0.0176   195.80  0    cut
 186  sn05cs        IIP        0.7324   2.37   0.0180   0.0128     8.00  0    cut
 187  sn87A         II-pec     0.5754   2.36   0.0121   0.0106    41.30  0    cut
 188  sn99gi        IIP        0.6918   2.35   0.0343   0.0199    -7.10  0    cut
 189  sn87A         II-pec     0.5700   2.34   0.0120   0.0106    45.70  0    cut
 190  sn98S         IIn        0.6877   2.33   0.4574   0.0199    13.80  0    cut
 191  sn87A         II-pec     0.5754   2.33   0.0121   0.0107    39.30  0    cut
 192  sn98S         IIn        0.6918   2.33   0.0225   0.0177    46.60  0    cut
 193  sn87A         II-pec     0.6268   2.32   0.0194   0.0166   -67.60  0    cut
 194  sn04et        IIP        0.7324   2.31   0.0186   0.0121    35.10  0    cut
 195  sn99em        IIP        0.8258   2.31   0.0139   0.0178   157.90  0    cut
 196  sn05cs        IIP        0.7311   2.31   0.0173   0.0124     9.00  0    cut
 197  sn90K         IIL        0.5672   2.30   0.0186   0.0181   201.70  1    cut
 198  sn90K         IIL        0.8042   2.29   0.0190   0.0159    76.40  1    cut
 199  sn87A         II-pec     0.5781   2.29   0.0119   0.0109    33.20  0    cut
 200  sn87A         II-pec     0.7879   2.28   1.0365   0.0062   324.10  0    cut
 201  sn98S         IIn        0.6904   2.28   0.0225   0.0179    45.60  0    cut
 202  sn99em        IIP        0.6972   2.26   0.0158   0.0136    37.30  0    cut
 203  sn96L         IIn        0.6106   2.26   0.0120   0.0151    33.70  0    cut
 204  sn97cy        IIn        0.9504   2.25   0.0275   0.0210   377.70  1    cut
 205  sn98S         IIn        0.6864   2.23   0.4575   0.0205    12.70  0    cut
 206  sn87A         II-pec     0.6255   2.23   0.4557   0.0211   -57.60  0    cut
 207  sn98S         IIn        0.6904   2.23   0.0224   0.0181    43.60  0    cut
 208  sn99em        IIP        0.7866   2.22   1.0374   0.0059   327.80  0    cut
 209  sn04et        IIP        0.7324   2.22   0.0199   0.0130    25.00  0    cut
 210  sn05cs        IIP        0.7297   2.21   0.0164   0.0121    10.00  0    cut
 211  sn04et        IIP        0.9138   2.21   0.0178   0.0178   236.80  0    cut
 212  sn04et        IIP        0.7324   2.20   0.0192   0.0127    27.00  0    cut
 213  sn04et        IIP        0.9219   2.18   0.0185   0.0183   229.70  0    cut
 214  sn04et        IIP        0.7324   2.16   0.0201   0.0130    24.00  0    cut
 215  sn04et        IIP        0.8867   2.16   0.0193   0.0187   297.70  0    cut
 216  sn04et        IIP        0.7338   2.15   0.0186   0.0135    34.10  0    cut
 217  sn87A         II-pec     0.6268   2.15   0.0186   0.0175   -66.60  0    cut
 218  sn87A         II-pec     0.9815   2.14   1.0399   0.0079   628.80  0    cut
 219  sn87A         II-pec     0.5740   2.14   0.0117   0.0118    27.20  0    cut
 220  sn99em        IIP        0.4941   2.14   0.0136   0.0187   153.90  0    cut
 221  sn04et        IIP        0.7324   2.13   0.0176   0.0140    42.00  0    cut
 222  sn87A         II-pec     0.9815   2.13   0.0167   0.0171   113.60  0    cut
 223  sn04et        IIP        0.9125   2.13   0.0176   0.0186   242.80  0    cut
 224  sn87A         II-pec     0.9815   2.13   0.5610   0.0243   701.70  0    cut
 225  sn04et        IIP        0.7311   2.12   0.0183   0.0139    33.10  0    cut
 226  sn99gi        IIP        0.6999   2.12   0.0165   0.0199   160.40  0    cut
 227  sn98S         IIn        0.6918   2.11   0.0219   0.0187    40.60  0    cut
 228  sn90K         IIL        0.8691   2.11   0.0179   0.0173   161.00  1    cut
 229  sn99em        IIP        0.6999   2.10   0.0139   0.0182   126.80  0    cut
 230  sn99em        IIP        0.6959   2.10   0.0153   0.0142    39.20  0    cut
 231  sn87A         II-pec     0.6241   2.09   0.4564   0.0220   -59.60  0    cut
 232  sn87A         II-pec     0.6255   2.09   0.4555   0.0217   -58.60  0    cut
 233  sn92H         IIP        0.6566   2.07   0.0225   0.0195   265.00  0    cut
 234  sn90K         IIL        0.8515   2.05   0.0189   0.0191   174.80  1    cut
 235  sn87A         II-pec     0.5754   2.05   0.0118   0.0120    31.20  0    cut
 236  sn98S         IIn        0.9815   2.04   0.0248   0.0194    56.30  0    cut
 237  sn98S         IIn        0.6891   2.04   0.0220   0.0192    39.70  0    cut
 238  sn99em        IIP        0.6999   2.03   0.0146   0.0180   119.80  0    cut
 239  sn99gi        IIP        0.6999   2.03   0.0160   0.0197   144.40  0    cut
 240  sn87A         II-pec     0.5781   2.03   0.0118   0.0124    23.20  0    cut
 241  sn98S         IIn        0.6837   2.02   0.4584   0.0213     9.70  0    cut
 242  sn87A         II-pec     0.5781   2.00   0.0117   0.0118    44.20  0    cut
 243  sn92H         IIP        0.6458   1.99   0.0234   0.0207   309.70  0    cut
 244  sn04et        IIP        0.6620   1.99   0.0219   0.0256   330.10  0    cut
 245  sn90K         IIL        0.8529   1.98   0.0193   0.0187   202.60  1    cut
 246  sn04et        IIP        0.7324   1.97   0.0166   0.0154    63.00  0    cut
 247  sn98S         IIn        0.6728   1.96   0.4558   0.0226    30.70  0    cut
 248  sn04et        IIP        0.7338   1.96   0.0164   0.0155    64.00  0    cut
 249  sn98S         IIn        0.5808   1.95   0.0075   0.0130     1.90  0    cut
 250  sn87A         II-pec     0.7879   1.94   1.0364   0.0070   255.20  0    cut
 251  sn87A         II-pec     0.5781   1.92   0.0117   0.0119    46.70  0    cut
 252  sn99em        IIP        0.6959   1.92   0.0153   0.0172   114.80  0    cut
 253  sn87A         II-pec     0.6241   1.92   0.4582   0.0232   -61.60  0    cut
 254  sn99gi        IIP        0.6986   1.88   0.0153   0.0196   129.40  0    cut
 255  sn87A         II-pec     0.6241   1.86   0.0180   0.0193   -65.60  0    cut
 256  sn04et        IIP        0.8827   1.85   0.0189   0.0203   284.80  0    cut
 257  sn04et        IIP        0.6620   1.85   0.0219   0.0738   382.00  0    cut
 258  sn99em        IIP        0.6972   1.84   0.4532   0.0256    70.10  0    cut
 259  sn87A         II-pec     0.5754   1.83   0.4522   0.0247   -40.70  0    cut
 260  sn87A         II-pec     0.5740   1.83   0.4522   0.0252   -41.60  0    cut
 261  sn87A         II-pec     0.5754   1.82   0.4526   0.0247   -44.60  0    cut
 262  sn87A         II-pec     0.5754   1.82   0.4518   0.0249   -43.60  0    cut
 263  sn87A         II-pec     0.6241   1.81   0.0171   0.0201   -63.60  0    cut
 264  sn87A         II-pec     0.5754   1.80   0.4523   0.0249   -39.60  0    cut
 265  sn87A         II-pec     0.5754   1.79   0.4523   0.0247   -45.70  0    cut
 266  sn87A         II-pec     0.5754   1.79   0.4527   0.0253   -42.70  0    cut
 267  sn87A         II-pec     0.5727   1.79   0.4514   0.0254   -31.60  0    cut
 268  sn87A         II-pec     0.5767   1.79   0.4527   0.0247   -46.60  0    cut
 269  sn87A         II-pec     0.5754   1.78   0.4526   0.0246   -48.60  0    cut
 270  sn87A         II-pec     0.5740   1.78   0.4517   0.0255   -37.60  0    cut
 271  sn87A         II-pec     0.5754   1.78   0.4526   0.0245   -47.60  0    cut
 272  sn04et        IIP        0.6904   1.77   0.0209   0.0374   369.00  0    cut
 273  sn87A         II-pec     0.5740   1.77   0.4518   0.0249   -49.60  0    cut
 274  sn87A         II-pec     0.6241   1.76   0.0176   0.0202   -64.60  0    cut
 275  sn87A         II-pec     0.5740   1.76   0.4507   0.0249   -30.70  0    cut
 276  sn87A         II-pec     0.5754   1.75   0.4526   0.0242   -51.60  0    cut
 277  sn87A         II-pec     0.5767   1.74   0.4512   0.0244   -32.70  0    cut
 278  sn87A         II-pec     0.5767   1.74   0.4513   0.0253   -35.60  0    cut
 279  sn87A         II-pec     0.5754   1.73   0.4529   0.0247   -53.60  0    cut
 280  sn99em        IIP        0.6959   1.73   0.4540   0.0258    60.10  0    cut
 281  sn87A         II-pec     0.5740   1.72   0.4522   0.0248   -52.60  0    cut
 282  sn87A         II-pec     0.5754   1.72   0.4527   0.0254   -50.60  0    cut
 283  sn99em        IIP        0.4738   1.72   0.4485   0.0205    44.10  0    cut
 284  sn99gi        IIP        0.6959   1.71   0.4539   0.0259    77.60  0    cut
 285  sn99em        IIP        0.6972   1.71   0.4534   0.0266    68.00  0    cut
 286  sn87A         II-pec     0.5767   1.71   0.0111   0.0148    18.30  0    cut
 287  sn99em        IIP        0.6945   1.70   0.4535   0.0264    64.10  0    cut
 288  sn87A         II-pec     0.6255   1.70   0.4596   0.0252   -62.60  0    cut
 289  sn99gi        IIP        0.6959   1.69   0.4526   0.0261    81.60  0    cut
 290  sn99em        IIP        0.6972   1.68   0.4533   0.0272    72.00  0    cut
 291  sn98S         IIn        0.6904   1.68   0.0227   0.0208   -13.10  0    cut
 292  sn04et        IIP        0.7378   1.67   0.0160   0.0239   250.30  0    cut
 293  sn99em        IIP        0.6972   1.66   0.4527   0.0278    86.90  0    cut
 294  sn87A         II-pec     0.6268   1.66   0.0171   0.0220   -60.60  0    cut
 295  sn87A         II-pec     0.5740   1.65   0.4488   0.0241    -8.70  0    cut
 296  sn96L         IIn        0.9003   1.64   0.0413   0.0275    42.20  0    cut
 297  sn99em        IIP        0.6972   1.63   0.4541   0.0265    62.10  0    cut
 298  sn87A         II-pec     0.5740   1.62   0.0106   0.0161    13.30  0    cut
 299  sn87A         II-pec     0.5781   1.57   0.0114   0.0145    29.30  0    cut
 300  sn04et        IIP        0.7378   1.56   0.0198   0.0255   268.30  0    cut
 301  sn87A         II-pec     0.5767   1.56   0.4501   0.0245    -2.70  0    cut
 302  sn06bp        IIP        0.8272   1.54   0.0229   0.0230   330.10  0    cut
 303  sn97cy        IIn        0.9246   1.51   0.0302   0.0253   174.50  1    cut
 304  sn87A         II-pec     0.5754   1.51   0.0112   0.0153    25.30  0    cut
 305  sn98S         IIn        0.6810   1.51   0.0078   0.0142     1.80  0    cut
 306  sn87A         II-pec     0.5740   1.51   0.4495   0.0238     1.30  0    cut
 307  sn87A         II-pec     0.5740   1.51   0.4493   0.0254   -16.70  0    cut
 308  sn87A         II-pec     0.5483   1.48   0.4515   0.0250   -18.60  0    cut
 309  sn87A         II-pec     0.5767   1.48   0.4494   0.0245    -4.70  0    cut
 310  sn99em        IIP        0.6931   1.47   0.4525   0.0285   100.90  0    cut
 311  sn87A         II-pec     0.5496   1.46   0.4515   0.0272   -22.70  0    cut
 312  sn87A         II-pec     0.5754   1.45   0.4552   0.0281   -38.60  0    cut
 313  sn87A         II-pec     0.5740   1.45   0.4548   0.0272   -33.60  0    cut
 314  sn97cy        IIn        0.9747   1.43   0.0300   0.0260   116.80  1    cut
 315  sn87A         II-pec     0.5740   1.43   0.4550   0.0284   -36.60  0    cut
 316  sn87A         II-pec     0.5740   1.42   0.4553   0.0266   -34.60  0    cut
 317  sn87A         II-pec     0.5754   1.42   0.4496   0.0248     9.30  0    cut
 318  sn05cs        IIP        0.7324   1.42   0.0111   0.0149    26.00  0    cut
 319  sn87A         II-pec     0.5727   1.41   0.4533   0.0279   -28.70  0    cut
 320  sn87A         II-pec     0.5767   1.41   0.2180   0.0278   -26.60  0    cut
 321  sn98S         IIn        0.6810   1.40   0.0074   0.0149     0.90  0    cut
 322  sn87A         II-pec     0.5700   1.40   0.4540   0.0273   -24.70  0    cut
 323  sn97cy        IIn        0.9016   1.38   0.0316   0.0315    57.20  1    cut
 324  sn98S         IIn        0.9815   1.37  -0.0094   0.0000    -1.50  0    cut
 325  sn87A         II-pec     0.5713   1.37   0.0105   0.0188     3.30  0    cut
 326  sn87A         II-pec     0.5781   1.36   0.4491   0.0248    11.30  0    cut
 327  sn04et        IIP        0.8272   1.36   0.0224   0.0236   411.50  0    cut
 328  sn98S         IIn        0.9206   1.36   0.4573   0.0289    11.40  0    cut
 329  sn04et        IIP        0.8055   1.36   0.0252   0.0246   384.50  0    cut
 330  sn98S         IIn        0.7067   1.35   0.0189   0.0213    31.70  0    cut
 331  sn97cy        IIn        0.8177   1.35   0.0920   0.0255   226.10  1    cut
 332  sn87A         II-pec     0.5740   1.34   0.4543   0.0262   -15.70  0    cut
 333  sn87A         II-pec     0.5767   1.34   0.4497   0.0249    17.30  0    cut
 334  sn99em        IIP        0.4522   1.33   0.0121   0.0132   510.90  0    cut
 335  sn87A         II-pec     0.5754   1.33   0.4489   0.0244    20.30  0    cut
 336  sn04et        IIP        0.8177   1.32   0.0205   0.0249   374.60  0    cut
 337  sn87A         II-pec     0.5740   1.30   0.4544   0.0268   -13.70  0    cut
 338  sn97cy        IIn        0.8935   1.28   0.0384   0.0309    14.10  1    cut
 339  sn87A         II-pec     0.5767   1.28   0.4546   0.0261   -10.70  0    cut
 340  sn97cy        IIn        0.9734   1.24   0.0303   0.0278    71.30  1    cut
 341  sn97cy        IIn        0.8691   1.24   0.0681   0.0248   196.10  1    cut
 342  sn87A         II-pec     0.5740   1.24   0.4541   0.0269    -6.70  0    cut
 343  sn97cy        IIn        0.8502   1.22   0.0602   0.0249   125.30  1    cut
 344  sn99em        IIP        0.9815   1.22   0.7110   0.0392    71.20  0    cut
 345  sn05cs        IIP        0.7324   1.19   0.4518   0.0272    27.00  0    cut
 346  sn99em        IIP        0.6945   1.15   0.4541   0.0332    58.10  0    cut
 347  sn98S         IIn        0.6877   1.13   0.0076   0.0167     2.70  0    cut
 348  sn80K         IIL        0.5524   1.13   0.0126   0.0176    66.00  0    cut
 349  sn80K         IIL        0.5253   1.04   0.0150   0.0109    44.00  0    cut
 350  sn80K         IIL        0.5510   0.99   0.0136   0.0108    41.00  0    cut
 351  sn97cy        IIn        0.9219   0.94   0.0882   0.0295    29.40  1    cut
 352  sn04et        IIP        0.6552   0.90   0.0284   0.0285   448.40  0    cut
 353  sn97cy        IIn        0.8136   0.87   0.0659   0.0302     0.00  1    cut
 354  sn92H         IIP        0.5997   0.85   0.0247   0.0160    24.50  0    cut
 355  sn80K         IIL        0.4968   0.73   0.0211   0.0151    12.00  0    cut
 356  sn87A         II-pec     0.5578   0.71   0.1621   0.0290   634.90  0    cut
 357  sn80K         IIL        0.5023   0.43   0.3218   0.0294    11.00  0    cut
