### SNID output file ###
 
### input spectrum and options ###
# Input spectrum                 : 15421_-5.20.dat
# Parameter file                 : NA
# Wavelength range               :    3787.74   7238.05
# Mask file                      : NA
# Median filtering width [A]     : NA
# Median filtering width [pix]   :       1.00
# Clip emission redshift         : NA
# Clip sky lines                 : 0
# Emission clip width [A]        : NA
# Keep A-band                    : 1
# Age range                      :     -90.00   1000.00
# Delta range                    :      -9.99     99.90
# Min. number of spectra/template:   1
# Use only templates             : NA
# Use only types                 : Ia
# Avoid templates                : NA
# Avoid types                    : NA
# rlapmin                        :       5.00
# Redshift range                 :    -0.0100    1.2000
# Forced initial redshift        : NA
# Extra fake redshift            : NA
# Nsigma for initial redshift    : NA
# Redshift filter                :     0.0200
# Wavenumbers k1,k2,k3,k4        :     1    4   85  102
# Template directory             : /Users/daniel/snid-5.0/templates/
 
### initial/user-input redshift ###
zinit       0.1836
zuser       0.1836
 
### median redshift/age and error ###
zmed        0.1841    0.0060
agem         -2.85      4.88
 
### type fraction/redshift/age ###
#type ntemp fraction slope redshift redshift_error age age_error
Ia             36      1.00    0.0000    0.1841    0.0060    -2.850     4.882
Ia-norm        35      0.97    0.0167    0.1840    0.0060    -3.200     4.935
Ia-91T          1      0.03    0.0000    0.1936    0.0000     0.300     0.000
Ia-91bg         0      0.00    0.0000    0.0000    0.0000     0.000     0.000
Ia-csm          0      0.00    0.0000    0.0000    0.0000     0.000     0.000
Ia-pec          0      0.00    0.0000    0.0000    0.0000     0.000     0.000
###
Ib              0      0.00    0.0000    0.0000    0.0000     0.000     0.000
Ib-norm         0      0.00    0.0000    0.0000    0.0000     0.000     0.000
Ib-pec          0      0.00    0.0000    0.0000    0.0000     0.000     0.000
IIb             0      0.00    0.0000    0.0000    0.0000     0.000     0.000
###
Ic              0      0.00    0.0000    0.0000    0.0000     0.000     0.000
Ic-norm         0      0.00    0.0000    0.0000    0.0000     0.000     0.000
Ic-pec          0      0.00    0.0000    0.0000    0.0000     0.000     0.000
Ic-broad        0      0.00    0.0000    0.0000    0.0000     0.000     0.000
###
II              0      0.00    0.0000    0.0000    0.0000     0.000     0.000
IIP             0      0.00    0.0000    0.0000    0.0000     0.000     0.000
II-pec          0      0.00    0.0000    0.0000    0.0000     0.000     0.000
IIn             0      0.00    0.0000    0.0000    0.0000     0.000     0.000
IIL             0      0.00    0.0000    0.0000    0.0000     0.000     0.000
###
NotSN           0      0.00    0.0000    0.0000    0.0000     0.000     0.000
AGN             0      0.00    0.0000    0.0000    0.0000     0.000     0.000
Gal             0      0.00    0.0000    0.0000    0.0000     0.000     0.000
LBV             0      0.00    0.0000    0.0000    0.0000     0.000     0.000
M-star          0      0.00    0.0000    0.0000    0.0000     0.000     0.000
 
### rlap-ordered template listings ###
#no. sn type lap rlap z zerr age age_flag grade
   1  sn02er        Ia-norm    0.6119   7.80   0.1944   0.0081    -8.40  0   good
   2  sn02er        Ia-norm    0.5957   7.42   0.1925   0.0081    -6.40  0   good
   3  sn03du        Ia-norm    0.5754   7.26   0.1826   0.0082    -1.10  0   good
   4  sn03du        Ia-norm    0.5591   7.12   0.1796   0.0082     3.90  0   good
   5  sn03du        Ia-norm    0.5578   6.97   0.1822   0.0083     1.90  0   good
   6  sn02er        Ia-norm    0.5889   6.75   0.1869   0.0086    -3.50  0   good
   7  sn03du        Ia-norm    0.5591   6.69   0.1830   0.0091    -0.20  0   good
   8  sn95D         Ia-norm    0.5930   6.67   0.1804   0.0088     4.20  0   good
   9  sn92A         Ia-norm    0.6444   6.62   0.1993   0.0089    -5.00  0   good
  10  sn90O         Ia-norm    0.6444   6.59   0.1943   0.0107    -5.10  0   good
  11  sn03du        Ia-norm    0.5591   6.48   0.1833   0.0089     0.80  0   good
  12  sn90O         Ia-norm    0.6444   6.48   0.1954   0.0110    -6.10  0   good
  13  sn03du        Ia-norm    0.6376   6.33   0.1842   0.0102    -3.20  0   good
  14  sn91T         Ia-91T     0.6173   6.30   0.0392   0.0143   -10.30  0    bad
  15  sn04eo        Ia-norm    0.6146   6.29   0.1839   0.0094    -6.40  0   good
  16  sn02er        Ia-norm    0.6363   6.14   0.1906   0.0104    -4.40  0   good
  17  sn94S         Ia-norm    0.6200   6.08   0.1838   0.0108    -2.50  0   good
  18  sn91T         Ia-91T     0.6160   5.87   0.0380   0.0155    -9.30  0    bad
  19  sn03du        Ia-norm    0.6376   5.84   0.1855   0.0113    -5.00  0   good
  20  sn94ae        Ia-norm    0.5605   5.65   0.1828   0.0108     3.30  0   good
  21  sn94D         Ia-norm    0.6444   5.64   0.2060   0.0135   -10.70  0    bad
  22  sn03du        Ia-norm    0.5794   5.62   0.2023   0.0118   -10.10  0   good
  23  sn94ae        Ia-norm    0.5348   5.62   0.1837   0.0090     2.30  0   good
  24  sn04S         Ia-norm    0.6444   5.61   0.1855   0.0123     1.70  0   good
  25  sn89B         Ia-norm    0.6444   5.61   0.1840   0.0107    -6.30  0   good
  26  sn90O         Ia-norm    0.6444   5.51   0.1971   0.0128    -7.10  0   good
  27  sn03du        Ia-norm    0.5605   5.49   0.1878   0.0123    -7.00  0   good
  28  sn89B         Ia-norm    0.6444   5.47   0.1810   0.0109    -0.50  0   good
  29  sn99aw        Ia-91T     0.5903   5.34   0.1936   0.0119     0.30  0   good
  30  sn04S         Ia-norm    0.6417   5.33   0.1816   0.0120     7.50  0   good
  31  sn94D         Ia-norm    0.6444   5.31   0.1856   0.0116    -3.80  0   good
  32  sn90N         Ia-norm    0.5564   5.30   0.1820   0.0141   -13.20  0   good
  33  sn94ae        Ia-norm    0.5483   5.29   0.1832   0.0107     4.40  0   good
  34  sn94ae        Ia-norm    0.5564   5.24   0.1815   0.0109     6.40  0   good
  35  sn02bo        Ia-norm    0.6119   5.21   0.1894   0.0115    -1.40  0   good
  36  sn02er        Ia-norm    0.6444   5.18   0.1899   0.0121    -5.40  0   good
  37  sn02bo        Ia-norm    0.6444   5.12   0.1926   0.0122    -4.50  0   good
  38  sn94D         Ia-norm    0.5767   5.11   0.1838   0.0099    -1.80  0   good
  39  sn03du        Ia-norm    0.6309   5.05   0.1786   0.0116     5.00  0   good
#--- rlap cutoff
  40  sn02er        Ia-norm    0.6444   4.92   0.1873   0.0124    -2.50  0    cut
  41  sn94D         Ia-norm    0.5794   4.85   0.1783   0.0102     2.90  0    cut
  42  sn02er        Ia-norm    0.6403   4.84   0.1862   0.0125    -1.50  0    cut
  43  sn91M         Ia-norm    0.5591   4.83   0.1878   0.0114     2.70  0    cut
  44  sn89B         Ia-norm    0.5632   4.78   0.1795   0.0107     3.50  0    cut
  45  sn94ae        Ia-norm    0.5320   4.72   0.1849   0.0101     1.30  0    cut
  46  sn99ee        Ia-norm    0.5903   4.64   0.1837   0.0118     7.10  0    cut
  47  sn81B         Ia-norm    0.6444   4.62   0.1938   0.0117     0.00  0    cut
  48  sn90N         Ia-norm    0.6444   4.59   0.2049   0.0162   -13.20  0    cut
  49  sn81B         Ia-norm    0.6444   4.57   0.1938   0.0118    -0.90  0    cut
  50  sn02bo        Ia-norm    0.6444   4.54   0.1820   0.0118     5.50  0    cut
  51  sn94D         Ia-norm    0.6038   4.52   0.1873   0.0119    -4.80  0    cut
  52  sn99ee        Ia-norm    0.6227   4.51   0.1852   0.0137     2.20  0    cut
  53  sn02er        Ia-norm    0.6079   4.51   0.1797   0.0117     5.50  0    cut
  54  sn99ee        Ia-norm    0.6214   4.38   0.1865   0.0142     0.30  0    cut
  55  sn95D         Ia-norm    0.5930   4.28   0.1778   0.0129     6.10  0    cut
  56  sn99ee        Ia-norm    0.6227   4.23   0.1948   0.0158    -6.70  0    cut
  57  sn99aa        Ia-91T     0.6079   4.19   0.1945   0.0131    -0.60  0    cut
  58  sn99aw        Ia-91T     0.5564   4.17   0.1933   0.0151     3.20  0    cut
  59  sn02bo        Ia-norm    0.5848   4.17   0.1873   0.0134    -0.30  0    cut
  60  sn02er        Ia-norm    0.6444   4.16   0.1802   0.0143     3.40  0    cut
  61  sn06gz        Ia-pec     0.6444   4.14   0.1799   0.0100     4.30  0    cut
  62  sn90N         Ia-norm    0.6444   4.12   0.1904   0.0163    -6.40  0    cut
  63  sn90N         Ia-norm    0.6444   4.08   0.1801   0.0125     4.90  0    cut
  64  sn03du        Ia-norm    0.5754   4.06   0.1972   0.0168    -6.20  0    cut
  65  sn03du        Ia-norm    0.5713   4.01   0.1787   0.0120     7.90  0    cut
  66  sn05gj        Ia-csm     0.5077   3.97   0.0148   0.0143    17.90  0    cut
  67  sn95D         Ia-norm    0.5984   3.96   0.1768   0.0137     8.10  0    cut
  68  sn92A         Ia-norm    0.6444   3.93   0.1935   0.0126    -0.40  0    cut
  69  sn99ee        Ia-norm    0.6444   3.87   0.1999   0.0169    -8.60  0    cut
  70  sn99ac        Ia-91T     0.6079   3.85   0.1874   0.0147     0.80  0    cut
  71  sn04eo        Ia-norm    0.5632   3.84   0.1797   0.0126     2.20  0    cut
  72  sn94ae        Ia-norm    0.5212   3.82   0.1844   0.0113     3.30  0    cut
  73  sn02er        Ia-norm    0.5672   3.77   0.1877   0.0131    -0.50  0    cut
  74  sn02bo        Ia-norm    0.5578   3.76   0.1921   0.0145    -2.50  0    cut
  75  sn99ac        Ia-91T     0.6241   3.74   0.1870   0.0150     3.10  0    cut
  76  sn05gj        Ia-csm     0.5158   3.72   0.0097   0.0142    27.30  0    cut
  77  sn92A         Ia-norm    0.6444   3.68   0.1904   0.0138     2.40  0    cut
  78  sn90N         Ia-norm    0.4224   3.63   0.1439   0.0147   332.50  0    cut
  79  sn86G         Ia-91bg    0.4400   3.61   0.1803   0.0133    -0.40  0    cut
  80  sn92A         Ia-norm    0.5537   3.57   0.2002   0.0131    -5.00  0    cut
  81  sn98bu        Ia-norm    0.5226   3.57   0.1834   0.0111     1.20  0    cut
  82  sn02bo        Ia-norm    0.5578   3.56   0.1935   0.0154    -3.40  0    cut
  83  sn02bo        Ia-norm    0.5578   3.55   0.1903   0.0152    -1.50  0    cut
  84  sn92A         Ia-norm    0.6444   3.54   0.1954   0.0136     5.90  0    cut
  85  sn02bo        Ia-norm    0.4007   3.54   0.1471   0.0140    83.30  0    cut
  86  sn06gz        Ia-pec     0.5469   3.53   0.0520   0.0160   -14.20  0    cut
  87  sn05hj        Ia-norm    0.4332   3.53   0.1848   0.0129     1.60  0    cut
  88  sn86G         Ia-91bg    0.4454   3.52   0.1835   0.0137    -2.70  0    cut
  89  sn94D         Ia-norm    0.6444   3.51   0.1891   0.0193    -5.60  0    cut
  90  sn03cg        Ia-norm    0.5158   3.50   0.1829   0.0114     1.50  0    cut
  91  sn05hj        Ia-norm    0.4346   3.49   0.1824   0.0135     4.30  0    cut
  92  sn06gz        Ia-pec     0.5456   3.44   0.0518   0.0169   -13.30  0    cut
  93  sn94M         Ia-norm    0.4400   3.43   0.1865   0.0133     4.00  0    cut
  94  sn89B         Ia-norm    0.5591   3.43   0.1797   0.0129     5.50  0    cut
  95  sn01el        Ia-norm    0.6092   3.41   0.1873   0.0160     9.20  0    cut
  96  sn94D         Ia-norm    0.6444   3.40   0.2033   0.0204   -10.60  0    cut
  97  sn03du        Ia-norm    0.5727   3.38   0.1779   0.0138     8.90  0    cut
  98  sn06gz        Ia-pec     0.5808   3.38   0.1794   0.0108     6.30  0    cut
  99  sn96X         Ia-norm    0.6444   3.35   0.1823   0.0130     0.90  0    cut
 100  sn03cg        Ia-norm    0.4237   3.35   0.1861   0.0116    -1.80  0    cut
 101  sn05gj        Ia-csm     0.5050   3.34   0.0184   0.0178    10.40  0    cut
 102  sn02bo        Ia-norm    0.5564   3.33   0.1905   0.0155    -1.20  0    cut
 103  sn03cg        Ia-norm    0.5551   3.29   0.1823   0.0139     4.50  0    cut
 104  sn92A         Ia-norm    0.5483   3.24   0.1962   0.0134    -0.60  0    cut
 105  sn96C         Ia-norm    0.5835   3.22   0.1765   0.0163     8.30  0    cut
 106  sn98aq        Ia-norm    0.4941   3.21   0.1852   0.0130     0.00  0    cut
 107  sn99ee        Ia-norm    0.6214   3.18   0.1804   0.0168    11.10  0    cut
 108  sn94S         Ia-norm    0.4820   3.15   0.1860   0.0149    -3.40  0    cut
 109  sn05hj        Ia-norm    0.4346   3.13   0.1854   0.0134    -0.30  0    cut
 110  sn98aq        Ia-norm    0.4941   3.13   0.1847   0.0133     0.90  0    cut
 111  sn94D         Ia-norm    0.5605   3.13   0.2050   0.0202    -9.60  0    cut
 112  sn96X         Ia-norm    0.6444   3.12   0.1813   0.0138     1.90  0    cut
 113  sn06gz        Ia-pec     0.5808   3.11   0.1792   0.0115     7.20  0    cut
 114  sn03cg        Ia-norm    0.4481   3.11   0.0217   0.0190   383.10  0    cut
 115  sn03du        Ia-norm    0.5848   3.10   0.1771   0.0153     9.80  0    cut
 116  sn95E         Ia-norm    0.5185   3.09   0.1855   0.0132     0.10  0    cut
 117  sn92A         Ia-norm    0.5469   3.08   0.1935   0.0135     3.30  0    cut
 118  sn98aq        Ia-norm    0.5537   3.06   0.1830   0.0162    -8.00  0    cut
 119  sn94D         Ia-norm    0.5659   3.06   0.1833   0.0129     2.20  0    cut
 120  sn90N         Ia-norm    0.4224   3.04   0.1449   0.0174   280.70  0    cut
 121  sn98bu        Ia-norm    0.4928   3.03   0.1857   0.0132    -1.70  0    cut
 122  sn96X         Ia-norm    0.4914   3.03   0.1854   0.0128    -1.10  0    cut
 123  sn02cx        Ia-pec     0.5172   3.03  -0.0025   0.0139    10.30  0    cut
 124  sn98aq        Ia-norm    0.4955   3.02   0.1845   0.0136     1.90  0    cut
 125  sn95E         Ia-norm    0.5943   3.02   0.1754   0.0137    10.00  0    cut
 126  sn98bu        Ia-norm    0.4928   3.01   0.1860   0.0132    -2.80  0    cut
 127  sn05gj        Ia-csm     0.4928   3.00   0.0024   0.0175    40.50  0    cut
 128  sn94M         Ia-norm    0.4792   2.99   0.1860   0.0144     5.00  0    cut
 129  sn05gj        Ia-csm     0.5266   2.98   0.0058   0.0156    39.40  0    cut
 130  sn98bu        Ia-norm    0.4928   2.98   0.1852   0.0136    -0.70  0    cut
 131  sn94S         Ia-norm    0.4847   2.98   0.1839   0.0152     1.40  0    cut
 132  sn96X         Ia-norm    0.5239   2.97   0.1854   0.0121     0.00  0    cut
 133  sn94T         Ia-norm    0.5510   2.96   0.1849   0.0155     1.20  0    cut
 134  sn94ae        Ia-norm    0.5686   2.93   0.1778   0.0165     9.30  0    cut
 135  sn90N         Ia-norm    0.4792   2.93   0.1793   0.0146     2.60  0    cut
 136  sn06gz        Ia-pec     0.5023   2.93   0.1890   0.0123    -2.60  0    cut
 137  sn98aq        Ia-norm    0.4955   2.92   0.1841   0.0139     2.90  0    cut
 138  sn94D         Ia-norm    0.4887   2.90   0.1898   0.0135    -7.70  0    cut
 139  sn92A         Ia-norm    0.5889   2.90   0.1888   0.0151     6.30  0    cut
 140  sn06gz        Ia-pec     0.5050   2.88   0.1905   0.0115    -5.50  0    cut
 141  sn05gj        Ia-csm     0.5063   2.88   0.0181   0.0208     7.70  0    cut
 142  sn03cg        Ia-norm    0.4251   2.87   0.1841   0.0129    -2.30  0    cut
 143  sn00cx        Ia-pec     0.5997   2.86   0.0497   0.0180     5.60  0    cut
 144  sn98aq        Ia-norm    0.4955   2.86   0.1839   0.0142     3.90  0    cut
 145  sn99aa        Ia-91T     0.6295   2.85   0.1971   0.0191     2.70  0    cut
 146  sn03du        Ia-norm    0.4982   2.83   0.1891   0.0149    -7.80  0    cut
 147  sn96X         Ia-norm    0.5239   2.82   0.1852   0.0126     1.00  0    cut
 148  sn98aq        Ia-norm    0.4955   2.80   0.1835   0.0144     4.90  0    cut
 149  sn03du        Ia-norm    0.4982   2.80   0.1898   0.0158    -8.80  0    cut
 150  sn03du        Ia-norm    0.4982   2.80   0.1851   0.0141    -0.80  0    cut
 151  sn96X         Ia-norm    0.5226   2.79   0.1840   0.0127     1.90  0    cut
 152  sn96X         Ia-norm    0.5239   2.79   0.1869   0.0122    -3.00  0    cut
 153  sn99aa        Ia-91T     0.5659   2.79   0.0593   0.0264    -8.50  0    cut
 154  sn94D         Ia-norm    0.4968   2.78   0.1865   0.0133    -3.60  0    cut
 155  sn03du        Ia-norm    0.4955   2.77   0.1840   0.0143     2.20  0    cut
 156  sn05hk        Ia-pec     0.5090   2.76  -0.0048   0.0146    14.30  0    cut
 157  sn96X         Ia-norm    0.5239   2.74   0.1870   0.0124    -2.00  0    cut
 158  sn98aq        Ia-norm    0.4955   2.74   0.1830   0.0148     5.90  0    cut
 159  sn00cx        Ia-pec     0.6011   2.72   0.0499   0.0200     1.60  0    cut
 160  sn06gz        Ia-pec     0.6444   2.72   0.0505   0.0271   -13.30  0    cut
 161  sn05hk        Ia-pec     0.5672   2.71   0.0208   0.0286    -2.40  0    cut
 162  sn90N         Ia-norm    0.4237   2.71   0.1462   0.0182   255.90  0    cut
 163  sn03cg        Ia-norm    0.4928   2.69   0.1866   0.0141    -5.90  0    cut
 164  sn94D         Ia-norm    0.4711   2.69   0.1888   0.0162    -8.70  0    cut
 165  sn99ac        Ia-91T     0.6417   2.67   0.1857   0.0179     9.20  0    cut
 166  sn96X         Ia-norm    0.5226   2.67   0.1843   0.0132     2.90  0    cut
 167  sn06gz        Ia-pec     0.5821   2.67   0.1786   0.0126     8.20  0    cut
 168  sn03cg        Ia-norm    0.4874   2.67   0.1852   0.0150    -0.50  0    cut
 169  sn02bo        Ia-norm    0.4955   2.67   0.1947   0.0166    -7.00  0    cut
 170  sn03du        Ia-norm    0.4982   2.66   0.1902   0.0171    -9.70  0    cut
 171  sn06gz        Ia-pec     0.4711   2.66   0.1950   0.0121   -14.30  0    cut
 172  sn02bo        Ia-norm    0.4955   2.65   0.1960   0.0168    -8.10  0    cut
 173  sn00cx        Ia-pec     0.6011   2.65   0.0487   0.0194     6.50  0    cut
 174  sn89B         Ia-norm    0.5510   2.65   0.1788   0.0161     7.50  0    cut
 175  sn03du        Ia-norm    0.4982   2.64   0.1837   0.0150     3.10  0    cut
 176  sn98aq        Ia-norm    0.4955   2.63   0.1821   0.0149     6.90  0    cut
 177  sn02bo        Ia-norm    0.4955   2.61   0.1933   0.0169    -6.00  0    cut
 178  sn00cx        Ia-pec     0.6187   2.57   0.0208   0.0313   146.40  0    cut
 179  sn95E         Ia-norm    0.5050   2.57   0.1855   0.0146     2.00  0    cut
 180  sn03cg        Ia-norm    0.5009   2.56   0.1887   0.0136    -7.50  0    cut
 181  sn97br        Ia-91T     0.5185   2.56   0.0085   0.0171    21.30  0    cut
 182  sn94ae        Ia-norm    0.5645   2.55   0.1773   0.0184    10.40  0    cut
 183  sn03du        Ia-norm    0.5848   2.55   0.1774   0.0171    10.80  0    cut
 184  sn00E         Ia-norm    0.5266   2.52   0.0500   0.0252    -2.50  0    cut
 185  sn91T         Ia-91T     0.5551   2.52   0.0459   0.0298    -5.30  0    cut
 186  sn91T         Ia-91T     0.6444   2.52   0.0946   0.0310   -11.50  0    cut
 187  sn02bo        Ia-norm    0.4955   2.51   0.1916   0.0171    -4.00  0    cut
 188  sn05gj        Ia-csm     0.5158   2.51   0.0051   0.0194    42.30  0    cut
 189  sn02ic        Ia-csm     0.5090   2.51   0.0070   0.0150    31.90  0    cut
 190  sn03du        Ia-norm    0.5456   2.49   0.2003   0.0223   -10.10  0    cut
 191  sn02bo        Ia-norm    0.4955   2.49   0.1925   0.0173    -5.10  0    cut
 192  sn03cg        Ia-norm    0.5144   2.49   0.1876   0.0129    -6.80  0    cut
 193  sn05gj        Ia-csm     0.5253   2.48   0.0073   0.0185    38.50  0    cut
 194  sn95E         Ia-norm    0.5090   2.48   0.1869   0.0154    -1.90  0    cut
 195  sn94D         Ia-norm    0.4982   2.48   0.1874   0.0148    -2.60  0    cut
 196  sn06gz        Ia-pec     0.5767   2.47   0.0505   0.0300   -12.30  0    cut
 197  sn91T         Ia-91T     0.6376   2.47   0.0062   0.0204    24.80  0    cut
 198  sn93ac        Ia-norm    0.6444   2.46   0.1836   0.0177     6.90  0    cut
 199  sn91T         Ia-91T     0.5551   2.46   0.0464   0.0308    -6.40  0    cut
 200  sn91T         Ia-91T     0.5551   2.46   0.0468   0.0314    -7.30  0    cut
 201  sn97br        Ia-91T     0.5239   2.46   0.0273   0.0253     8.50  0    cut
 202  sn02bo        Ia-norm    0.4955   2.46   0.1908   0.0175    -3.10  0    cut
 203  sn99ac        Ia-91T     0.5050   2.45   0.2031   0.0221   -13.60  0    cut
 204  sn00cx        Ia-pec     0.6187   2.45   0.0215   0.0343   124.60  0    cut
 205  sn96X         Ia-norm    0.5199   2.44   0.1828   0.0142     4.90  0    cut
 206  sn94D         Ia-norm    0.5239   2.43   0.0084   0.0174    15.20  0    cut
 207  sn94D         Ia-norm    0.4955   2.43   0.1855   0.0151     0.40  0    cut
 208  sn94ae        Ia-norm    0.6444   2.42   0.1778   0.0189     9.40  0    cut
 209  sn86G         Ia-91bg    0.5375   2.42   0.1859   0.0165     0.60  0    cut
 210  sn05hk        Ia-pec     0.4630   2.42   0.1547   0.0195     3.60  0    cut
 211  sn05hk        Ia-pec     0.5686   2.42  -0.0062   0.0177    20.30  0    cut
 212  sn03du        Ia-norm    0.4982   2.41   0.1913   0.0189   -11.70  0    cut
 213  sn03fg        Ia-pec     0.6444   2.40   0.1677   0.0155     2.00  0    cut
 214  sn05hk        Ia-pec     0.5700   2.40   0.0174   0.0303    -1.40  0    cut
 215  sn02bo        Ia-norm    0.4955   2.39   0.1900   0.0176    -2.10  0    cut
 216  sn94D         Ia-norm    0.5009   2.39   0.1887   0.0154    -4.70  0    cut
 217  sn96X         Ia-norm    0.4847   2.38   0.1866   0.0153    -0.90  0    cut
 218  sn00cx        Ia-pec     0.4373   2.37   0.1901   0.0176     7.50  0    cut
 219  sn86G         Ia-91bg    0.5388   2.36   0.1861   0.0168     1.60  0    cut
 220  sn89B         Ia-norm    0.5551   2.36   0.0042   0.0183    21.40  0    cut
 221  sn05hk        Ia-pec     0.5672   2.35   0.0249   0.0325    -3.30  0    cut
 222  sn02bo        Ia-norm    0.4955   2.35   0.2011   0.0199   -12.10  0    cut
 223  sn02bo        Ia-norm    0.4955   2.34   0.1892   0.0179    -1.20  0    cut
 224  sn89B         Ia-norm    0.5645   2.33   0.0037   0.0184    22.40  0    cut
 225  sn86G         Ia-91bg    0.4251   2.33   0.1491   0.0192   256.70  0    cut
 226  sn91M         Ia-norm    0.6444   2.33   0.0084   0.0192    24.80  0    cut
 227  sn02ic        Ia-csm     0.6444   2.32   0.3159   0.0243     5.60  0    cut
 228  sn94D         Ia-norm    0.5226   2.32   0.0069   0.0171    17.20  0    cut
 229  sn06gz        Ia-pec     0.5131   2.32   0.1846   0.0144     5.20  0    cut
 230  sn04eo        Ia-norm    0.5131   2.30   0.1823   0.0151    -2.80  0    cut
 231  sn95E         Ia-norm    0.4914   2.30   0.1796   0.0166     7.00  0    cut
 232  sn06gz        Ia-pec     0.5808   2.29   0.1786   0.0130     9.20  0    cut
 233  sn96X         Ia-norm    0.5239   2.28   0.1820   0.0149     5.90  0    cut
 234  sn86G         Ia-91bg    0.4224   2.28   0.1497   0.0197   323.60  0    cut
 235  sn99ac        Ia-91T     0.4684   2.28   0.2018   0.0191    -9.60  0    cut
 236  sn89B         Ia-norm    0.5551   2.27   0.0050   0.0196    20.40  0    cut
 237  sn05hk        Ia-pec     0.5686   2.27  -0.0046   0.0198    14.40  0    cut
 238  sn96X         Ia-norm    0.6444   2.27   0.1787   0.0178     7.80  0    cut
 239  sn96X         Ia-norm    0.5212   2.26   0.1808   0.0151     6.90  0    cut
 240  sn94M         Ia-norm    0.5253   2.26   0.1869   0.0143     7.90  0    cut
 241  sn02er        Ia-norm    0.4928   2.26   0.1854   0.0170     1.50  0    cut
 242  sn89B         Ia-norm    0.5564   2.26   0.0049   0.0197    19.40  0    cut
 243  sn97br        Ia-91T     0.4996   2.26   0.0100   0.0194    17.40  0    cut
 244  sn96X         Ia-norm    0.5253   2.23   0.0090   0.0173    20.80  0    cut
 245  sn97br        Ia-91T     0.5916   2.23   0.0281   0.0308     7.80  0    cut
 246  sn91T         Ia-91T     0.5727   2.22   0.0247   0.0285    10.90  0    cut
 247  sn98aq        Ia-norm    0.4941   2.21   0.1884   0.0180    -9.00  0    cut
 248  sn94ae        Ia-norm    0.5537   2.21   0.1778   0.0202    11.30  0    cut
 249  sn91bg        Ia-91bg    0.5578   2.21   0.1592   0.0204   117.20  0    cut
 250  sn05hj        Ia-norm    0.4373   2.20   0.1873   0.0152    -6.00  0    cut
 251  sn92A         Ia-norm    0.5483   2.20   0.1906   0.0167     7.30  0    cut
 252  sn94D         Ia-norm    0.6444   2.20   0.0053   0.0203    24.20  0    cut
 253  sn89B         Ia-norm    0.5537   2.20   0.0054   0.0202    18.40  0    cut
 254  sn02er        Ia-norm    0.5050   2.20   0.1945   0.0155    -7.40  0    cut
 255  sn04eo        Ia-norm    0.4941   2.19   0.1864   0.0178   -11.00  0    cut
 256  sn86G         Ia-91bg    0.5821   2.19   0.1563   0.0223    90.00  0    cut
 257  sn91T         Ia-91T     0.6444   2.17   0.0039   0.0231    46.60  0    cut
 258  sn89B         Ia-norm    0.5551   2.17   0.0056   0.0201    17.40  0    cut
 259  sn02er        Ia-norm    0.5456   2.16   0.2010   0.0195   -11.30  0    cut
 260  sn91T         Ia-91T     0.6444   2.16   0.0423   0.0315    -0.20  0    cut
 261  sn05hj        Ia-norm    0.4400   2.15   0.1866   0.0156    -5.10  0    cut
 262  sn99aa        Ia-91T     0.6444   2.15   0.0199   0.0211    26.20  0    cut
 263  sn90O         Ia-norm    0.5158   2.15   0.1928   0.0185    -0.40  0    cut
 264  sn99aa        Ia-91T     0.4657   2.15   0.1972   0.0214     7.60  0    cut
 265  sn92A         Ia-norm    0.6444   2.14   0.0160   0.0214    17.30  0    cut
 266  sn03du        Ia-norm    0.6322   2.14   0.0057   0.0205    26.70  0    cut
 267  sn00cx        Ia-pec     0.4752   2.13   0.1931   0.0203    -1.40  0    cut
 268  sn04eo        Ia-norm    0.5672   2.13   0.0039   0.0196    20.80  0    cut
 269  sn03cg        Ia-norm    0.5158   2.12   0.1874   0.0151    -4.50  0    cut
 270  sn06gz        Ia-pec     0.5794   2.12   0.1780   0.0139    10.10  0    cut
 271  sn04eo        Ia-norm    0.5686   2.11   0.0072   0.0210    14.00  0    cut
 272  sn91M         Ia-norm    0.6444   2.11   0.0087   0.0205    25.80  0    cut
 273  sn89B         Ia-norm    0.5510   2.11   0.0036   0.0188    23.40  0    cut
 274  sn91bg        Ia-91bg    0.6444   2.11   0.0182   0.0424    18.90  0    cut
 275  sn98bu        Ia-norm    0.4941   2.11   0.0250   0.0294   208.00  0    cut
 276  sn02bo        Ia-norm    0.4955   2.11   0.2036   0.0215   -13.10  0    cut
 277  sn04S         Ia-norm    0.5618   2.10   0.0023   0.0192    42.10  0    cut
 278  sn94D         Ia-norm    0.5212   2.10   0.0129   0.0196    13.20  0    cut
 279  sn94D         Ia-norm    0.4522   2.10   0.1614   0.0232    10.10  0    cut
 280  sn04eo        Ia-norm    0.5686   2.10   0.0079   0.0221    12.40  0    cut
 281  sn94D         Ia-norm    0.5280   2.09   0.0056   0.0183    19.20  0    cut
 282  sn97br        Ia-91T     0.5226   2.09   0.0055   0.0208    49.10  0    cut
 283  sn99aa        Ia-91T     0.5144   2.09   0.2035   0.0206    -4.10  0    cut
 284  sn89B         Ia-norm    0.5686   2.08   0.1766   0.0180     9.50  0    cut
 285  sn04eo        Ia-norm    0.5970   2.08   0.1748   0.0186     7.00  0    cut
 286  sn92A         Ia-norm    0.6444   2.07   0.0277   0.0302     8.90  0    cut
 287  sn03du        Ia-norm    0.5591   2.07   0.0032   0.0201    34.60  0    cut
 288  sn00E         Ia-norm    0.5388   2.07   0.1891   0.0222    -5.50  0    cut
 289  sn95D         Ia-norm    0.5199   2.06   0.1788   0.0174    10.10  0    cut
 290  sn86G         Ia-91bg    0.5280   2.06   0.0418   0.0260    -4.40  0    cut
 291  sn91M         Ia-norm    0.5510   2.06   0.0099   0.0198    27.50  0    cut
 292  sn86G         Ia-91bg    0.5266   2.05   0.1894   0.0184    -3.40  0    cut
 293  sn86G         Ia-91bg    0.5266   2.05   0.1883   0.0181    -2.40  0    cut
 294  sn94D         Ia-norm    0.4968   2.05   0.0061   0.0192    17.40  0    cut
 295  sn02bo        Ia-norm    0.5293   2.05   0.0556   0.0266   -12.30  0    cut
 296  sn02bo        Ia-norm    0.5266   2.04   0.0576   0.0266   -13.30  0    cut
 297  sn91T         Ia-91T     0.6309   2.04   0.0037   0.0237    45.70  0    cut
 298  sn02er        Ia-norm    0.5050   2.04   0.1833   0.0175     4.40  0    cut
 299  sn06gz        Ia-pec     0.5117   2.03   0.1826   0.0160     7.20  0    cut
 300  sn91T         Ia-91T     0.6349   2.02   0.0154   0.0277    15.90  0    cut
 301  sn90N         Ia-norm    0.5009   2.02   0.0214   0.0310   228.10  0    cut
 302  sn96X         Ia-norm    0.5239   2.02   0.1794   0.0164     7.90  0    cut
 303  sn94D         Ia-norm    0.5023   2.02   0.1934   0.0200    -9.50  0    cut
 304  sn00cx        Ia-pec     0.4373   2.02   0.0368   0.0275    14.50  0    cut
 305  sn05gj        Ia-csm     0.4996   2.02  -0.0005   0.0222    67.70  0    cut
 306  sn99by        Ia-91bg    0.5551   2.01   0.0310   0.0310    -2.80  0    cut
 307  sn89B         Ia-norm    0.5564   2.01   0.0036   0.0201    24.40  0    cut
 308  sn95bd        Ia-norm    0.5185   2.00   0.0281   0.0275    11.30  0    cut
 309  sn00cx        Ia-pec     0.4765   2.00   0.1928   0.0203     0.60  0    cut
 310  sn03du        Ia-norm    0.5036   2.00   0.0119   0.0285   375.30  0    cut
 311  sn94Q         Ia-norm    0.4982   2.00   0.0042   0.0181    41.60  0    cut
 312  sn03du        Ia-norm    0.4982   2.00   0.0057   0.0182    24.00  0    cut
 313  sn98aq        Ia-norm    0.4955   1.99   0.0079   0.0190    20.80  0    cut
 314  sn96X         Ia-norm    0.6444   1.99   0.0084   0.0214    22.50  0    cut
 315  sn92A         Ia-norm    0.6444   1.99   0.0266   0.0314     8.70  0    cut
 316  sn06gz        Ia-pec     0.5808   1.98   0.1902   0.0155    -9.30  0    cut
 317  sn97br        Ia-91T     0.6444   1.98   0.0155   0.0263    12.40  0    cut
 318  sn05gj        Ia-csm     0.4657   1.97  -0.0085   0.0272    51.80  0    cut
 319  sn02cx        Ia-pec     0.5848   1.96  -0.0069   0.0206    23.00  0    cut
 320  sn06gz        Ia-pec     0.5781   1.96   0.1912   0.0159   -10.30  0    cut
 321  sn04S         Ia-norm    0.5605   1.95   0.0026   0.0204    36.20  0    cut
 322  sn03du        Ia-norm    0.4508   1.95   0.1559   0.0206   138.60  0    cut
 323  sn03du        Ia-norm    0.4996   1.95   0.0045   0.0184    26.00  0    cut
 324  sn94D         Ia-norm    0.4968   1.95   0.0096   0.0208    15.30  0    cut
 325  sn94D         Ia-norm    0.5226   1.95   0.0126   0.0213    12.20  0    cut
 326  sn90N         Ia-norm    0.6444   1.95   0.0123   0.0247    17.70  0    cut
 327  sn99by        Ia-91bg    0.4941   1.94   0.1851   0.0230    -4.80  0    cut
 328  sn89B         Ia-norm    0.5564   1.94   0.0068   0.0233    16.40  0    cut
 329  sn90N         Ia-norm    0.5537   1.93   0.0056   0.0209    38.50  0    cut
 330  sn99ee        Ia-norm    0.5645   1.93   0.0041   0.0216    31.90  0    cut
 331  sn00cx        Ia-pec     0.4373   1.93   0.0409   0.0261    11.50  0    cut
 332  sn03du        Ia-norm    0.4996   1.93   0.0069   0.0189    22.00  0    cut
 333  sn99ac        Ia-91T     0.6390   1.91   0.0185   0.0287    17.10  0    cut
 334  sn94S         Ia-norm    0.5524   1.90   0.0071   0.0236    20.90  0    cut
 335  sn03du        Ia-norm    0.6024   1.90   0.0038   0.0213    31.80  0    cut
 336  sn92A         Ia-norm    0.5172   1.89   0.0157   0.0201    16.30  0    cut
 337  sn03cg        Ia-norm    0.5916   1.89   0.0214   0.0307     9.60  0    cut
 338  sn99aa        Ia-91T     0.5672   1.89   0.0180   0.0224    29.10  0    cut
 339  sn95al        Ia-norm    0.6444   1.88   0.0085   0.0256    25.30  0    cut
 340  sn90O         Ia-norm    0.6444   1.88   0.0115   0.0261    19.10  0    cut
 341  sn81B         Ia-norm    0.5781   1.88   0.0085   0.0227    23.90  0    cut
 342  sn89B         Ia-norm    0.5510   1.86   0.0073   0.0239    14.40  0    cut
 343  sn04eo        Ia-norm    0.5686   1.86   0.0102   0.0257    11.00  0    cut
 344  sn03du        Ia-norm    0.5876   1.86   0.0073   0.0231    21.80  0    cut
 345  sn95D         Ia-norm    0.5199   1.86   0.0046   0.0195    42.80  0    cut
 346  sn91T         Ia-91T     0.4941   1.85   0.0190   0.0330   260.40  0    cut
 347  sn99by        Ia-91bg    0.4955   1.85   0.1843   0.0225    -3.90  0    cut
 348  sn00cx        Ia-pec     0.6133   1.85   0.1810   0.0238    31.40  0    cut
 349  sn89B         Ia-norm    0.5334   1.85   0.0025   0.0210    37.30  0    cut
 350  sn02bo        Ia-norm    0.5293   1.85   0.1968   0.0199    -4.40  0    cut
 351  sn00cx        Ia-pec     0.4644   1.84   0.1929   0.0194    -0.40  0    cut
 352  sn95D         Ia-norm    0.6444   1.84   0.0114   0.0262    16.10  0    cut
 353  sn95D         Ia-norm    0.6444   1.83   0.0034   0.0230    37.80  0    cut
 354  sn00E         Ia-norm    0.5158   1.83   0.1894   0.0211    -1.40  0    cut
 355  sn99aa        Ia-91T     0.5334   1.83   0.0205   0.0218    41.10  0    cut
 356  sn92A         Ia-norm    0.5199   1.83   0.0131   0.0193    28.20  0    cut
 357  sn96X         Ia-norm    0.6444   1.82   0.0077   0.0225    24.70  0    cut
 358  sn97br        Ia-91T     0.5496   1.82   0.0055   0.0282    71.90  0    cut
 359  sn91T         Ia-91T     0.5903   1.82   0.0035   0.0267    67.60  0    cut
 360  sn99ac        Ia-91T     0.6079   1.82   0.0106   0.0257    29.00  0    cut
 361  sn02bo        Ia-norm    0.5429   1.81   0.2065   0.0223    -9.40  0    cut
 362  sn99ac        Ia-91T     0.6349   1.81   0.0226   0.0343    12.20  0    cut
 363  sn05gj        Ia-csm     0.5307   1.81   0.0046   0.0261    63.00  0    cut
 364  sn89B         Ia-norm    0.5144   1.81   0.0003   0.0206    49.20  0    cut
 365  sn96X         Ia-norm    0.5970   1.80   0.0072   0.0222    31.70  0    cut
 366  sn98aq        Ia-norm    0.4955   1.80   0.0033   0.0211    50.60  0    cut
 367  sn94D         Ia-norm    0.4968   1.80   0.0035   0.0201    43.20  0    cut
 368  sn00cx        Ia-pec     0.4359   1.79   0.1886   0.0218     9.50  0    cut
 369  sn91T         Ia-91T     0.6336   1.79   0.0044   0.0293    75.20  0    cut
 370  sn99aw        Ia-91T     0.5266   1.79   0.0107   0.0217    35.90  0    cut
 371  sn98bu        Ia-norm    0.4941   1.79   0.1785   0.0201     9.30  0    cut
 372  sn97br        Ia-91T     0.5050   1.78   0.0017   0.0240    66.40  0    cut
 373  sn91bg        Ia-91bg    0.6160   1.78   0.1534   0.0255   113.20  0    cut
 374  sn05hk        Ia-pec     0.4887   1.78  -0.0085   0.0276    27.20  0    cut
 375  sn99ee        Ia-norm    0.5645   1.78   0.0041   0.0232    27.00  0    cut
 376  sn95E         Ia-norm    0.5415   1.78   0.0037   0.0216    32.70  0    cut
 377  sn96X         Ia-norm    0.5239   1.77   0.1788   0.0178     8.90  0    cut
 378  sn91bg        Ia-91bg    0.5456   1.77   0.0236   0.0378     2.70  0    cut
 379  sn89B         Ia-norm    0.5564   1.77   0.0088   0.0267    13.40  0    cut
 380  sn02ic        Ia-csm     0.5280   1.77   0.1784   0.0198     9.40  0    cut
 381  sn03cg        Ia-norm    0.5578   1.76   0.0096   0.0257    16.40  0    cut
 382  sn99by        Ia-91bg    0.5551   1.76   0.0202   0.0405     3.10  0    cut
 383  sn02er        Ia-norm    0.5429   1.76   0.0174   0.0251    33.20  0    cut
 384  sn00cx        Ia-pec     0.6187   1.76   0.0170   0.0431    92.90  0    cut
 385  sn00cx        Ia-pec     0.4684   1.76   0.0449   0.0286    -3.40  0    cut
 386  sn05hk        Ia-pec     0.4820   1.76  -0.0094   0.0000    42.00  0    cut
 387  sn99aa        Ia-91T     0.5970   1.75   0.0179   0.0243    34.10  0    cut
 388  sn99ac        Ia-91T     0.5916   1.75   0.0098   0.0256    33.90  0    cut
 389  sn05hk        Ia-pec     0.6322   1.75  -0.0057   0.0234    23.40  0    cut
 390  sn94D         Ia-norm    0.4874   1.75   0.0019   0.0285    14.30  0    cut
 391  sn81B         Ia-norm    0.5876   1.75   0.0149   0.0236    22.90  0    cut
 392  sn94ae        Ia-norm    0.5375   1.75   0.0048   0.0218    30.20  0    cut
 393  sn99aa        Ia-91T     0.5334   1.74   0.0202   0.0252    53.90  0    cut
 394  sn05gj        Ia-csm     0.5307   1.74   0.0032   0.0260    64.90  0    cut
 395  sn03du        Ia-norm    0.4996   1.74   0.0084   0.0212    20.00  0    cut
 396  sn03du        Ia-norm    0.6444   1.74   0.0049   0.0260    59.30  0    cut
 397  sn05gj        Ia-csm     0.5293   1.74   0.0034   0.0253    65.80  0    cut
 398  sn99ac        Ia-91T     0.5618   1.74   0.0101   0.0251    32.00  0    cut
 399  sn94M         Ia-norm    0.5239   1.73   0.1936   0.0206     3.00  0    cut
 400  sn98aq        Ia-norm    0.4955   1.72   0.0030   0.0216    54.70  0    cut
 401  sn94M         Ia-norm    0.6309   1.72   0.0198   0.0283    12.90  0    cut
 402  sn94D         Ia-norm    0.5564   1.72   0.0042   0.0247    53.90  0    cut
 403  sn99aa        Ia-91T     0.5659   1.72   0.0185   0.0252    50.00  0    cut
 404  sn05hk        Ia-pec     0.4820   1.72  -0.0094   0.0000    42.90  0    cut
 405  sn05hk        Ia-pec     0.4820   1.72  -0.0094   0.0000    39.00  0    cut
 406  sn89B         Ia-norm    0.5280   1.72   0.0022   0.0204    31.40  0    cut
 407  sn05gj        Ia-csm     0.4792   1.71  -0.0056   0.0304    61.10  0    cut
 408  sn91bg        Ia-91bg    0.6173   1.71   0.0216   0.0492    14.70  0    cut
 409  sn03du        Ia-norm    0.6024   1.71   0.0040   0.0251    51.60  0    cut
 410  sn94ae        Ia-norm    0.5131   1.70   0.0041   0.0214    40.10  0    cut
 411  sn98aq        Ia-norm    0.4941   1.70   0.0097   0.0222    18.80  0    cut
 412  sn01el        Ia-norm    0.6092   1.70   0.0098   0.0247    39.90  0    cut
 413  sn03cg        Ia-norm    0.5862   1.70   0.0180   0.0301    11.40  0    cut
 414  sn97br        Ia-91T     0.4765   1.70  -0.0075   0.0324    42.10  0    cut
 415  sn97br        Ia-91T     0.5158   1.70   0.0530   0.0371    -6.40  0    cut
 416  sn04eo        Ia-norm    0.5104   1.70   0.0044   0.0199    21.40  0    cut
 417  sn03du        Ia-norm    0.5036   1.69   0.0092   0.0223    19.60  0    cut
 418  sn03du        Ia-norm    0.4996   1.69   0.0036   0.0210    29.00  0    cut
 419  sn00E         Ia-norm    0.4833   1.69   0.1776   0.0237     8.40  0    cut
 420  sn03cg        Ia-norm    0.5564   1.69   0.0071   0.0275    52.40  0    cut
 421  sn97br        Ia-91T     0.4657   1.68   0.0374   0.0318    -8.00  0    cut
 422  sn89B         Ia-norm    0.5226   1.68   0.0028   0.0203    25.40  0    cut
 423  sn86G         Ia-91bg    0.5713   1.68   0.1563   0.0274   103.00  0    cut
 424  sn99ee        Ia-norm    0.5645   1.68   0.0058   0.0258    22.10  0    cut
 425  sn05hk        Ia-pec     0.5686   1.67   0.0317   0.0411    -4.30  0    cut
 426  sn90O         Ia-norm    0.6431   1.67   0.0124   0.0299    19.90  0    cut
 427  sn00cx        Ia-pec     0.6187   1.66   0.0167   0.0444    96.80  0    cut
 428  sn03du        Ia-norm    0.4982   1.66   0.0031   0.0210    49.80  0    cut
 429  sn02bo        Ia-norm    0.4941   1.66   0.0254   0.0327    10.80  0    cut
 430  sn90N         Ia-norm    0.6146   1.65   0.0163   0.0339    14.50  0    cut
 431  sn99ac        Ia-91T     0.6079   1.65   0.0095   0.0276    39.90  0    cut
 432  sn95al        Ia-norm    0.6417   1.65   0.0160   0.0332    17.00  0    cut
 433  sn94D         Ia-norm    0.4928   1.65   0.0029   0.0263    15.20  0    cut
 434  sn05gj        Ia-csm     0.5226   1.65   0.0217   0.0773    -1.80  0    cut
 435  sn05gj        Ia-csm     0.4996   1.64   0.0016   0.0280    75.30  0    cut
 436  sn98aq        Ia-norm    0.4955   1.64   0.0026   0.0248    35.80  0    cut
 437  sn98aq        Ia-norm    0.4955   1.64   0.0034   0.0223    57.70  0    cut
 438  sn03du        Ia-norm    0.5036   1.64   0.0022   0.0206    39.50  0    cut
 439  sn94D         Ia-norm    0.4982   1.64   0.0031   0.0220    50.00  0    cut
 440  sn03du        Ia-norm    0.4982   1.63   0.0096   0.0230    19.00  0    cut
 441  sn97br        Ia-91T     0.5063   1.63   0.0503   0.0401    -7.40  0    cut
 442  sn02bo        Ia-norm    0.4968   1.63   0.0084   0.0215    21.70  0    cut
 443  sn03du        Ia-norm    0.5172   1.63   0.0110   0.0248    17.80  0    cut
 444  sn03du        Ia-norm    0.4996   1.62   0.0033   0.0212    51.80  0    cut
 445  sn03du        Ia-norm    0.4982   1.62   0.0029   0.0223    34.00  0    cut
 446  sn92A         Ia-norm    0.5199   1.62   0.0139   0.0207    24.20  0    cut
 447  sn03du        Ia-norm    0.5158   1.62   0.0099   0.0210    37.40  0    cut
 448  sn91bg        Ia-91bg    0.4197   1.62   0.1783   0.0261     2.50  0    cut
 449  sn98bu        Ia-norm    0.4941   1.61   0.0019   0.0231    44.10  0    cut
 450  sn02bo        Ia-norm    0.4955   1.61   0.0089   0.0220    20.70  0    cut
 451  sn02er        Ia-norm    0.5700   1.61   0.0184   0.0306    12.40  0    cut
 452  sn91M         Ia-norm    0.6444   1.61   0.1576   0.0300   111.80  0    cut
 453  sn95D         Ia-norm    0.5727   1.61   0.1744   0.0233    11.20  0    cut
 454  sn05hk        Ia-pec     0.4833   1.61  -0.0096   0.0339    23.20  0    cut
 455  sn02bo        Ia-norm    0.4955   1.61   0.0220   0.0328    11.90  0    cut
 456  sn03du        Ia-norm    0.5672   1.61   0.0229   0.0323    13.70  0    cut
 457  sn02bo        Ia-norm    0.5280   1.61   0.0090   0.0246    29.40  0    cut
 458  sn86G         Ia-91bg    0.5131   1.61   0.1899   0.0211    -1.90  0    cut
 459  sn81B         Ia-norm    0.5537   1.60   0.0114   0.0263    19.90  0    cut
 460  sn98aq        Ia-norm    0.4968   1.60   0.0031   0.0244    30.80  0    cut
 461  sn86G         Ia-91bg    0.5117   1.60   0.1895   0.0211    -0.90  0    cut
 462  sn02bo        Ia-norm    0.4955   1.60   0.0096   0.0224    19.80  0    cut
 463  sn02bo        Ia-norm    0.6444   1.60   0.0080   0.0324    44.40  0    cut
 464  sn98aq        Ia-norm    0.4955   1.60   0.0034   0.0229    59.60  0    cut
 465  sn03cg        Ia-norm    0.5821   1.60   0.0153   0.0301    12.40  0    cut
 466  sn02bo        Ia-norm    0.4955   1.60   0.0103   0.0233    18.70  0    cut
 467  sn98bu        Ia-norm    0.4955   1.59   0.0021   0.0232    43.10  0    cut
 468  sn05gj        Ia-csm     0.5307   1.59   0.0031   0.0269    63.90  0    cut
 469  sn00cx        Ia-pec     0.4738   1.59   0.1936   0.0248    -2.40  0    cut
 470  sn03cg        Ia-norm    0.5023   1.59   0.1817   0.0192     7.40  0    cut
 471  sn89B         Ia-norm    0.5713   1.59   0.0130   0.0310    11.50  0    cut
 472  sn94ae        Ia-norm    0.6444   1.59   0.1569   0.0314   123.60  0    cut
 473  sn89B         Ia-norm    0.5551   1.59   0.0117   0.0299    12.40  0    cut
 474  sn97cn        Ia-91bg    0.5524   1.58   0.0149   0.0413     3.90  0    cut
 475  sn03cg        Ia-norm    0.4224   1.58  -0.0094   0.0000    23.40  0    cut
 476  sn05gj        Ia-csm     0.5293   1.58   0.0023   0.0281    66.80  0    cut
 477  sn91bg        Ia-91bg    0.5023   1.58   0.1570   0.0222   117.20  0    cut
 478  sn94Q         Ia-norm    0.6079   1.57   0.0080   0.0310    18.50  0    cut
 479  sn04S         Ia-norm    0.5632   1.57   0.0058   0.0274    18.40  0    cut
 480  sn98bu        Ia-norm    0.4955   1.57   0.0021   0.0236    40.10  0    cut
 481  sn98bu        Ia-norm    0.4955   1.57   0.0021   0.0233    42.10  0    cut
 482  sn98bu        Ia-norm    0.4955   1.57   0.0020   0.0247    38.20  0    cut
 483  sn98bu        Ia-norm    0.4955   1.56   0.0019   0.0234    41.10  0    cut
 484  sn98bu        Ia-norm    0.4941   1.56   0.0018   0.0247    39.20  0    cut
 485  sn86G         Ia-91bg    0.5131   1.56   0.1859   0.0211     0.10  0    cut
 486  sn90N         Ia-norm    0.6444   1.56   0.1545   0.0329   213.40  0    cut
 487  sn05gj        Ia-csm     0.4779   1.56  -0.0062   0.0290    88.40  0    cut
 488  sn98bu        Ia-norm    0.4941   1.56   0.1768   0.0235    10.20  0    cut
 489  sn94D         Ia-norm    0.6444   1.55   0.0052   0.0258    16.30  0    cut
 490  sn98bu        Ia-norm    0.4955   1.55   0.0020   0.0241    37.20  0    cut
 491  sn02er        Ia-norm    0.5212   1.55   0.1984   0.0225    -9.40  0    cut
 492  sn02bo        Ia-norm    0.4955   1.55   0.0109   0.0244    17.80  0    cut
 493  sn99ee        Ia-norm    0.5659   1.55   0.0077   0.0275    20.00  0    cut
 494  sn02bo        Ia-norm    0.4941   1.55   0.0200   0.0329    12.80  0    cut
 495  sn02ic        Ia-csm     0.6160   1.55   0.0046   0.0258    44.10  0    cut
 496  sn91bg        Ia-91bg    0.5930   1.55   0.0087   0.0491    25.60  0    cut
 497  sn81B         Ia-norm    0.5104   1.55   0.0145   0.0269    16.90  0    cut
 498  sn00cx        Ia-pec     0.4007   1.54   0.1638   0.0280    19.40  0    cut
 499  sn98bu        Ia-norm    0.4955   1.54   0.0021   0.0246    36.20  0    cut
 500  sn95D         Ia-norm    0.5659   1.54   0.0138   0.0295    14.10  0    cut
 501  sn98bu        Ia-norm    0.4955   1.54   0.0019   0.0251    34.20  0    cut
 502  sn03du        Ia-norm    0.5605   1.53   0.1555   0.0301   220.70  0    cut
 503  sn99aa        Ia-91T     0.5307   1.53   0.0315   0.0311    15.40  0    cut
 504  sn99aa        Ia-91T     0.6092   1.53   0.0238   0.0293    21.10  0    cut
 505  sn95ac        Ia-norm    0.4765   1.52   0.0036   0.0321    24.40  0    cut
 506  sn02cx        Ia-pec     0.6431   1.52  -0.0059   0.0238    24.10  0    cut
 507  sn81B         Ia-norm    0.5618   1.52   0.0174   0.0274    18.90  0    cut
 508  sn02bo        Ia-norm    0.4955   1.51   0.0121   0.0263    16.70  0    cut
 509  sn98aq        Ia-norm    0.4955   1.51   0.0028   0.0277    33.80  0    cut
 510  sn98bu        Ia-norm    0.4941   1.51   0.0212   0.0376    12.20  0    cut
 511  sn03du        Ia-norm    0.4968   1.51   0.0032   0.0225    56.70  0    cut
 512  sn94D         Ia-norm    0.4955   1.51   0.0117   0.0255    13.40  0    cut
 513  sn04eo        Ia-norm    0.5402   1.51   0.0039   0.0259    53.30  0    cut
 514  sn02bo        Ia-norm    0.4968   1.51   0.0135   0.0281    15.70  0    cut
 515  sn98bu        Ia-norm    0.4955   1.50   0.0024   0.0253    35.20  0    cut
 516  sn98aq        Ia-norm    0.4928   1.50   0.1520   0.0269   230.30  0    cut
 517  sn98bu        Ia-norm    0.4955   1.50   0.1506   0.0241   216.90  0    cut
 518  sn00cx        Ia-pec     0.6173   1.50   0.0153   0.0499    71.00  0    cut
 519  sn02bo        Ia-norm    0.4955   1.50   0.0175   0.0312    13.80  0    cut
 520  sn98aq        Ia-norm    0.4955   1.50   0.0027   0.0278    31.80  0    cut
 521  sn94ae        Ia-norm    0.5253   1.49   0.0056   0.0231    36.20  0    cut
 522  sn02er        Ia-norm    0.5727   1.49   0.0170   0.0335    10.60  0    cut
 523  sn03cg        Ia-norm    0.4725   1.49  -0.0060   0.0332    23.40  0    cut
 524  sn02er        Ia-norm    0.6079   1.49   0.0135   0.0378     9.40  0    cut
 525  sn94D         Ia-norm    0.6376   1.48   0.0092   0.0363    83.10  0    cut
 526  sn97br        Ia-91T     0.4251   1.48   0.1912   0.0210    -6.00  0    cut
 527  sn05hk        Ia-pec     0.5686   1.48   0.0352   0.0442    -5.30  0    cut
 528  sn03du        Ia-norm    0.4982   1.48   0.0121   0.0268    17.00  0    cut
 529  sn02bo        Ia-norm    0.4955   1.48   0.0153   0.0294    14.80  0    cut
 530  sn81B         Ia-norm    0.5158   1.48   0.0212   0.0283    16.00  0    cut
 531  sn98aq        Ia-norm    0.4955   1.47   0.0037   0.0246    62.60  0    cut
 532  sn92A         Ia-norm    0.5144   1.47   0.0238   0.0306    11.60  0    cut
 533  sn97cn        Ia-91bg    0.5862   1.47   0.0021   0.0263    43.40  0    cut
 534  sn95bd        Ia-norm    0.4156   1.47   0.1577   0.0244    21.10  0    cut
 535  sn98bu        Ia-norm    0.4955   1.47   0.0022   0.0256    33.20  0    cut
 536  sn94D         Ia-norm    0.4901   1.47   0.0028   0.0235    50.10  0    cut
 537  sn03du        Ia-norm    0.5876   1.47   0.0043   0.0286    63.40  0    cut
 538  sn98bu        Ia-norm    0.4941   1.46   0.0020   0.0289    31.10  0    cut
 539  sn98bu        Ia-norm    0.4941   1.46   0.0022   0.0251    57.10  0    cut
 540  sn86G         Ia-91bg    0.5131   1.46   0.1878   0.0216     1.10  0    cut
 541  sn97br        Ia-91T     0.5199   1.46   0.0515   0.0358    -4.00  0    cut
 542  sn03cg        Ia-norm    0.4738   1.46   0.0032   0.0300    19.40  0    cut
 543  sn91bg        Ia-91bg    0.4928   1.46   0.1485   0.0185   202.70  0    cut
 544  sn91bg        Ia-91bg    0.5632   1.45   0.1655   0.0281    50.50  0    cut
 545  sn02bo        Ia-norm    0.4968   1.45   0.0067   0.0224    27.70  0    cut
 546  sn92A         Ia-norm    0.6444   1.45   0.0228   0.0354    11.70  0    cut
 547  sn81B         Ia-norm    0.5023   1.45   0.0135   0.0211    26.90  0    cut
 548  sn98bu        Ia-norm    0.4955   1.45   0.0019   0.0274    29.20  0    cut
 549  sn98bu        Ia-norm    0.4941   1.45   0.0017   0.0279    32.10  0    cut
 550  sn98bu        Ia-norm    0.4955   1.45   0.0027   0.0274    30.20  0    cut
 551  sn03du        Ia-norm    0.4968   1.45   0.0031   0.0244    60.70  0    cut
 552  sn02cx        Ia-pec     0.5104   1.44   0.0441   0.0261    -5.30  0    cut
 553  sn98bu        Ia-norm    0.4955   1.44   0.1503   0.0252   242.80  0    cut
 554  sn94D         Ia-norm    0.5253   1.44   0.0171   0.0298    11.00  0    cut
 555  sn98aq        Ia-norm    0.4955   1.44   0.1504   0.0266   240.30  0    cut
 556  sn02bo        Ia-norm    0.4968   1.44   0.0079   0.0223    23.80  0    cut
 557  sn04S         Ia-norm    0.5348   1.44   0.0093   0.0279    14.00  0    cut
 558  sn98bu        Ia-norm    0.4941   1.43   0.0143   0.0318    14.30  0    cut
 559  sn05gj        Ia-csm     0.5009   1.43   0.1929   0.0270   -12.10  0    cut
 560  sn04eo        Ia-norm    0.5104   1.43   0.0037   0.0227    29.70  0    cut
 561  sn05hk        Ia-pec     0.4616   1.43   0.1729   0.0244    -6.30  0    cut
 562  sn98bu        Ia-norm    0.4955   1.43   0.0019   0.0279    28.20  0    cut
 563  sn95bd        Ia-norm    0.4440   1.42   0.1548   0.0272    72.30  0    cut
 564  sn03du        Ia-norm    0.5848   1.42   0.1563   0.0328   141.30  0    cut
 565  sn94D         Ia-norm    0.4982   1.42   0.0053   0.0267    48.00  0    cut
 566  sn98aq        Ia-norm    0.4955   1.42   0.0039   0.0266    65.60  0    cut
 567  sn04eo        Ia-norm    0.4874   1.42   0.2351   0.0263    49.40  0    cut
 568  sn02er        Ia-norm    0.5050   1.41   0.0142   0.0222    24.20  0    cut
 569  sn01el        Ia-norm    0.6119   1.39   0.0137   0.0333    18.10  0    cut
 570  sn02bo        Ia-norm    0.4955   1.39   0.0063   0.0236    28.60  0    cut
 571  sn03du        Ia-norm    0.4982   1.39   0.0039   0.0255    61.70  0    cut
 572  sn97br        Ia-91T     0.4901   1.39   0.1963   0.0273    -9.00  0    cut
 573  sn95D         Ia-norm    0.5199   1.39   0.0041   0.0275    69.60  0    cut
 574  sn98bu        Ia-norm    0.4941   1.39   0.0171   0.0371    13.20  0    cut
 575  sn02bo        Ia-norm    0.4968   1.38   0.0071   0.0236    29.70  0    cut
 576  sn91bg        Ia-91bg    0.6417   1.38   0.1640   0.0301    54.50  0    cut
 577  sn97br        Ia-91T     0.4698   1.38  -0.0094   0.0000    50.50  0    cut
 578  sn03du        Ia-norm    0.5591   1.38   0.0044   0.0312    72.30  0    cut
 579  sn97br        Ia-91T     0.4914   1.38   0.1935   0.0262    -7.00  0    cut
 580  sn05hk        Ia-pec     0.5686   1.38   0.0364   0.0475    -6.30  0    cut
 581  sn99by        Ia-91bg    0.4955   1.38   0.0103   0.0302     7.10  0    cut
 582  sn05hk        Ia-pec     0.5686   1.38   0.0412   0.0485    -8.30  0    cut
 583  sn05hk        Ia-pec     0.4616   1.38   0.1740   0.0246    -7.30  0    cut
 584  sn86G         Ia-91bg    0.5537   1.37   0.0016   0.0272    56.50  0    cut
 585  sn02bo        Ia-norm    0.4968   1.37   0.0055   0.0245    40.60  0    cut
 586  sn98bu        Ia-norm    0.4955   1.37   0.1510   0.0276   179.10  0    cut
 587  sn99ee        Ia-norm    0.6214   1.37   0.0126   0.0363    16.10  0    cut
 588  sn05hk        Ia-pec     0.5361   1.36   0.0419   0.0379    -6.30  0    cut
 589  sn02bo        Ia-norm    0.4968   1.36   0.0047   0.0265    45.60  0    cut
 590  sn00cx        Ia-pec     0.6187   1.35   0.0131   0.0550    61.10  0    cut
 591  sn03du        Ia-norm    0.5036   1.35   0.1551   0.0266   109.00  0    cut
 592  sn02er        Ia-norm    0.5645   1.35   0.0095   0.0297    19.50  0    cut
 593  sn02bo        Ia-norm    0.4968   1.33   0.0054   0.0267    43.60  0    cut
 594  sn02bo        Ia-norm    0.4968   1.33   0.0046   0.0277    49.60  0    cut
 595  sn98aq        Ia-norm    0.4955   1.33   0.1581   0.0261    90.50  0    cut
 596  sn03cg        Ia-norm    0.4738   1.32  -0.0128   0.0381    26.40  0    cut
 597  sn99by        Ia-91bg    0.4941   1.32   0.0094   0.0303     8.10  0    cut
 598  sn98bu        Ia-norm    0.4941   1.31   0.1753   0.0264    11.20  0    cut
 599  sn05hk        Ia-pec     0.5700   1.31   0.0393   0.0497    -7.30  0    cut
 600  sn02cx        Ia-pec     0.5158   1.31   0.0388   0.0476    -2.40  0    cut
 601  sn02ic        Ia-csm     0.5090   1.31   0.0006   0.0258    65.60  0    cut
 602  sn94ae        Ia-norm    0.5307   1.30   0.0069   0.0318    64.00  0    cut
 603  sn05hk        Ia-pec     0.4305   1.30   0.1493   0.0230    12.40  0    cut
 604  sn91M         Ia-norm    0.5280   1.30   0.0077   0.0359    80.00  0    cut
 605  sn04S         Ia-norm    0.5632   1.29   0.0095   0.0314    13.40  0    cut
 606  sn98bu        Ia-norm    0.4941   1.29   0.1514   0.0278   190.10  0    cut
 607  sn05hk        Ia-pec     0.5686   1.29   0.0439   0.0523    -9.30  0    cut
 608  sn94D         Ia-norm    0.4820   1.29  -0.0029   0.0374    40.30  0    cut
 609  sn91bg        Ia-91bg    0.5185   1.28   0.1803   0.0323     1.50  0    cut
 610  sn05hk        Ia-pec     0.6133   1.27   0.0388   0.0536    -8.30  0    cut
 611  sn02bo        Ia-norm    0.4968   1.27   0.0040   0.0297    54.60  0    cut
 612  sn05hk        Ia-pec     0.5375   1.27   0.0353   0.0477    -4.20  0    cut
 613  sn89B         Ia-norm    0.4806   1.27  -0.0067   0.0356    51.00  0    cut
 614  sn99ee        Ia-norm    0.4292   1.26  -0.0094   0.0000    40.90  0    cut
 615  sn03cg        Ia-norm    0.4684   1.26  -0.0094   0.0000    43.40  0    cut
 616  sn02er        Ia-norm    0.5618   1.26   0.0159   0.0409   213.00  0    cut
 617  sn02er        Ia-norm    0.6200   1.26   0.0097   0.0593    15.50  0    cut
 618  sn02er        Ia-norm    0.6200   1.26   0.0097   0.0592    16.40  0    cut
 619  sn03du        Ia-norm    0.4495   1.24  -0.0094   0.0000    45.60  0    cut
 620  sn94D         Ia-norm    0.4901   1.24   0.0043   0.0267    59.10  0    cut
 621  sn03du        Ia-norm    0.5591   1.22   0.0056   0.0363    84.30  0    cut
 622  sn02bo        Ia-norm    0.4968   1.22   0.0044   0.0293    51.60  0    cut
 623  sn91bg        Ia-91bg    0.5429   1.22   0.1661   0.0309    53.30  0    cut
 624  sn00cx        Ia-pec     0.6187   1.22   0.0098   0.0608    41.30  0    cut
 625  sn05gj        Ia-csm     0.5199   1.21   0.0035   0.0321    92.10  0    cut
 626  sn04eo        Ia-norm    0.5144   1.21   0.0033   0.0250    45.40  0    cut
 627  sn91bg        Ia-91bg    0.5429   1.20   0.1659   0.0315    53.50  0    cut
 628  sn94ae        Ia-norm    0.5023   1.18   0.0046   0.0334    70.00  0    cut
 629  sn91bg        Ia-91bg    0.4928   1.18   0.1503   0.0216   143.00  0    cut
 630  sn81B         Ia-norm    0.5578   1.17   0.0053   0.0412    93.50  0    cut
 631  sn86G         Ia-91bg    0.4657   1.17  -0.0094   0.0000    44.60  0    cut
 632  sn99by        Ia-91bg    0.4941   1.17   0.1757   0.0323     4.10  0    cut
 633  sn02bo        Ia-norm    0.4968   1.16   0.0059   0.0422    79.40  0    cut
 634  sn03du        Ia-norm    0.5090   1.16   0.1631   0.0292   137.60  0    cut
 635  sn05hk        Ia-pec     0.6444   1.16   0.0335   0.0511    -5.10  0    cut
 636  sn94Q         Ia-norm    0.5794   1.15   0.0088   0.0427    11.60  0    cut
 637  sn00cx        Ia-pec     0.4021   1.14   0.0099   0.0382    22.40  0    cut
 638  sn94D         Ia-norm    0.4860   1.14   0.0026   0.0283    57.10  0    cut
 639  sn04eo        Ia-norm    0.4292   1.14   0.1511   0.0197    48.40  0    cut
 640  sn94M         Ia-norm    0.4928   1.13   0.0010   0.0440    34.10  0    cut
 641  sn98aq        Ia-norm    0.4955   1.13   0.0056   0.0348    78.60  0    cut
 642  sn04eo        Ia-norm    0.4874   1.12   0.1494   0.0303   224.20  0    cut
 643  sn94ae        Ia-norm    0.5144   1.11   0.0096   0.0494   153.40  0    cut
 644  sn04eo        Ia-norm    0.4860   1.11  -0.0006   0.0468    23.40  0    cut
 645  sn03du        Ia-norm    0.4752   1.11   0.1604   0.0260    87.10  0    cut
 646  sn91bg        Ia-91bg    0.4278   1.10  -0.0094   0.0000    33.70  0    cut
 647  sn00cx        Ia-pec     0.4386   1.10   0.1649   0.0287    30.40  0    cut
 648  sn04eo        Ia-norm    0.4603   1.10   0.1520   0.0246    67.00  0    cut
 649  sn98aq        Ia-norm    0.4955   1.10   0.0062   0.0371    81.60  0    cut
 650  sn02bo        Ia-norm    0.4968   1.09   0.0046   0.0429    72.50  0    cut
 651  sn00cx        Ia-pec     0.4034   1.09   0.1656   0.0275    28.40  0    cut
 652  sn81B         Ia-norm    0.4630   1.08  -0.0094   0.0000    33.80  0    cut
 653  sn91bg        Ia-91bg    0.4968   1.08   0.2317   0.0671    32.70  0    cut
 654  sn04eo        Ia-norm    0.5117   1.07   0.0031   0.0296    71.10  0    cut
 655  sn94ae        Ia-norm    0.5023   1.06   0.0064   0.0489    87.80  0    cut
 656  sn99by        Ia-91bg    0.4941   1.06   0.1743   0.0501     5.20  0    cut
 657  sn94ae        Ia-norm    0.6146   1.05   0.1536   0.0352   367.70  0    cut
 658  sn03cg        Ia-norm    0.4170   1.05   0.1570   0.0240    38.30  0    cut
 659  sn86G         Ia-91bg    0.4711   1.05  -0.0094   0.0000    45.60  0    cut
 660  sn91bg        Ia-91bg    0.5415   1.05   0.1709   0.0333    46.30  0    cut
 661  sn86G         Ia-91bg    0.4847   1.05   0.0010   0.0501    22.10  0    cut
 662  sn86G         Ia-91bg    0.4738   1.04  -0.0094   0.0000    23.10  0    cut
 663  sn86G         Ia-91bg    0.4711   1.04  -0.0094   0.0000    49.50  0    cut
 664  sn91bg        Ia-91bg    0.5226   1.03   0.1688   0.0338    46.50  0    cut
 665  sn91bg        Ia-91bg    0.4562   1.02   0.0154   0.0514     2.70  0    cut
 666  sn94D         Ia-norm    0.4820   1.02   0.0018   0.0349    55.10  0    cut
 667  sn99by        Ia-91bg    0.4955   1.02   0.0037   0.0338    25.10  0    cut
 668  sn99by        Ia-91bg    0.4955   1.02   0.0027   0.0324    29.10  0    cut
 669  sn99by        Ia-91bg    0.4955   0.99   0.0024   0.0325    31.10  0    cut
 670  sn99by        Ia-91bg    0.4955   0.99   0.0022   0.0317    33.10  0    cut
 671  sn91bg        Ia-91bg    0.4698   0.97  -0.0094   0.0000    29.50  0    cut
 672  sn00cx        Ia-pec     0.4007   0.96   0.1663   0.0290    26.40  0    cut
 673  sn99by        Ia-91bg    0.4955   0.96   0.1761   0.0652     6.10  0    cut
 674  sn86G         Ia-91bg    0.4562   0.95  -0.0094   0.0000    56.00  0    cut
 675  sn86G         Ia-91bg    0.4562   0.95  -0.0094   0.0000    54.00  0    cut
 676  sn86G         Ia-91bg    0.4562   0.95  -0.0094   0.0000    52.00  0    cut
 677  sn99by        Ia-91bg    0.4955   0.92   0.0017   0.0317    42.10  0    cut
 678  sn05hk        Ia-pec     0.4305   0.90  -0.0094   0.0000    65.50  0    cut
 679  sn97br        Ia-91T     0.4332   0.90  -0.0094   0.0000    37.60  0    cut
 680  sn86G         Ia-91bg    0.4711   0.87  -0.0096   0.0432    54.50  0    cut
 681  sn05gj        Ia-csm     0.5320   0.85   0.0012   0.0411   133.50  0    cut
 682  sn05hk        Ia-pec     0.4332   0.83   0.1448   0.0253    37.00  0    cut
 683  sn02bo        Ia-norm    0.4698   0.80  -0.0094   0.0000    39.30  0    cut
 684  sn81B         Ia-norm    0.6051   0.79   0.1631   0.0423   267.40  0    cut
