### SNID output file ###
 
### input spectrum and options ###
# Input spectrum                 : 16281_4.60.dat
# Parameter file                 : NA
# Wavelength range               :    4275.00  10000.00
# Mask file                      : NA
# Median filtering width [A]     : NA
# Median filtering width [pix]   :       1.00
# Clip emission redshift         : NA
# Clip sky lines                 : 0
# Emission clip width [A]        : NA
# Keep A-band                    : 1
# Age range                      :     -90.00   1000.00
# Delta range                    :      -9.99     99.90
# Min. number of spectra/template:   1
# Use only templates             : NA
# Use only types                 : Ia
# Avoid templates                : NA
# Avoid types                    : NA
# rlapmin                        :       5.00
# Redshift range                 :    -0.0100    1.2000
# Forced initial redshift        : NA
# Extra fake redshift            : NA
# Nsigma for initial redshift    : NA
# Redshift filter                :     0.0200
# Wavenumbers k1,k2,k3,k4        :     1    4   85  102
# Template directory             : /Users/daniel/snid-5.0/templates/
 
### initial/user-input redshift ###
zinit       0.1890
zuser       0.1890
 
### median redshift/age and error ###
zmed        0.1888    0.0058
agem          0.90      4.77
 
### type fraction/redshift/age ###
#type ntemp fraction slope redshift redshift_error age age_error
Ia             51      1.00    0.0000    0.1888    0.0058     0.900     4.773
Ia-norm        37      0.73   -0.2097    0.1892    0.0045    -0.300     5.088
Ia-91T          5      0.10   -0.0329    0.2016    0.0047     0.300     2.651
Ia-91bg         3      0.06    0.0013    0.1852    0.0015     2.500     3.119
Ia-csm          0      0.00    0.0000    0.0000    0.0000     0.000     0.000
Ia-pec          6      0.12    0.1685    0.1875    0.0054     5.300     3.614
###
Ib              0      0.00    0.0000    0.0000    0.0000     0.000     0.000
Ib-norm         0      0.00    0.0000    0.0000    0.0000     0.000     0.000
Ib-pec          0      0.00    0.0000    0.0000    0.0000     0.000     0.000
IIb             0      0.00    0.0000    0.0000    0.0000     0.000     0.000
###
Ic              0      0.00    0.0000    0.0000    0.0000     0.000     0.000
Ic-norm         0      0.00    0.0000    0.0000    0.0000     0.000     0.000
Ic-pec          0      0.00    0.0000    0.0000    0.0000     0.000     0.000
Ic-broad        0      0.00    0.0000    0.0000    0.0000     0.000     0.000
###
II              0      0.00    0.0000    0.0000    0.0000     0.000     0.000
IIP             0      0.00    0.0000    0.0000    0.0000     0.000     0.000
II-pec          0      0.00    0.0000    0.0000    0.0000     0.000     0.000
IIn             0      0.00    0.0000    0.0000    0.0000     0.000     0.000
IIL             0      0.00    0.0000    0.0000    0.0000     0.000     0.000
###
NotSN           0      0.00    0.0000    0.0000    0.0000     0.000     0.000
AGN             0      0.00    0.0000    0.0000    0.0000     0.000     0.000
Gal             0      0.00    0.0000    0.0000    0.0000     0.000     0.000
LBV             0      0.00    0.0000    0.0000    0.0000     0.000     0.000
M-star          0      0.00    0.0000    0.0000    0.0000     0.000     0.000
 
### rlap-ordered template listings ###
#no. sn type lap rlap z zerr age age_flag grade
   1  sn00cx        Ia-pec     0.6525   7.79   0.1954   0.0083    -1.40  0   good
   2  sn05hj        Ia-norm    0.7107   7.00   0.1907   0.0077    -5.10  0   good
   3  sn03cg        Ia-norm    0.7893   6.88   0.1881   0.0071     4.50  0   good
   4  sn96C         Ia-norm    0.7094   6.37   0.1859   0.0075     8.30  0   good
   5  sn02er        Ia-norm    0.8461   6.33   0.1946   0.0086    -4.40  0   good
   6  sn90N         Ia-norm    0.7622   6.33   0.1941   0.0106    -6.40  0   good
   7  sn99aa        Ia-91T     0.8461   6.21   0.2021   0.0078    -0.60  0   good
   8  sn99by        Ia-91bg    0.8461   6.20   0.1878   0.0083    -2.80  0   good
   9  sn90O         Ia-norm    0.7514   6.13   0.1987   0.0097    -6.10  0   good
  10  sn05hj        Ia-norm    0.7514   6.10   0.1882   0.0081     1.60  0   good
  11  sn06gz        Ia-pec     0.6918   6.09   0.1876   0.0071     6.30  0   good
  12  sn95D         Ia-norm    0.6647   6.03   0.1855   0.0081     6.10  0   good
  13  sn89B         Ia-norm    0.8461   6.02   0.1880   0.0088    -0.50  0   good
  14  sn05hj        Ia-norm    0.7148   6.02   0.1887   0.0080     4.30  0   good
  15  sn95D         Ia-norm    0.6647   5.99   0.1854   0.0081     8.10  0   good
  16  sn04eo        Ia-norm    0.8461   5.98   0.1853   0.0085     2.20  0   good
  17  sn89B         Ia-norm    0.7811   5.90   0.1902   0.0093    -6.30  0   good
  18  sn96X         Ia-norm    0.8461   5.84   0.1888   0.0083     0.90  0   good
  19  sn90O         Ia-norm    0.7514   5.83   0.1984   0.0099    -5.10  0   good
  20  sn94ae        Ia-norm    0.6579   5.81   0.1879   0.0084     6.40  0   good
  21  sn06gz        Ia-pec     0.6904   5.81   0.1873   0.0074     7.20  0   good
  22  sn96X         Ia-norm    0.8461   5.79   0.1885   0.0083     1.90  0   good
  23  sn99aw        Ia-91T     0.8109   5.77   0.2016   0.0105     0.30  0   good
  24  sn03cg        Ia-norm    0.8339   5.73   0.1864   0.0083     1.50  0   good
  25  sn99ac        Ia-91T     0.7013   5.69   0.1977   0.0099     0.80  0   good
  26  sn99aw        Ia-91T     0.8461   5.69   0.1961   0.0110     3.20  0   good
  27  sn04eo        Ia-norm    0.8461   5.59   0.1898   0.0093    -6.40  0   good
  28  sn03fg        Ia-pec     0.7270   5.59   0.1783   0.0086     2.00  0   good
  29  sn03du        Ia-norm    0.8231   5.42   0.1892   0.0096    -3.20  0   good
  30  sn98bu        Ia-norm    0.5672   5.39   0.1875   0.0094     1.20  0   good
  31  sn03du        Ia-norm    0.6796   5.39   0.1857   0.0086     7.90  0   good
  32  sn03cg        Ia-norm    0.7419   5.34   0.1904   0.0090    -1.80  0   good
  33  sn02er        Ia-norm    0.8461   5.34   0.1930   0.0097    -1.50  0   good
  34  sn03du        Ia-norm    0.8245   5.33   0.1903   0.0100    -5.00  0   good
  35  sn02er        Ia-norm    0.8461   5.30   0.1936   0.0094    -2.50  0   good
  36  sn91bg        Ia-91bg    0.7378   5.27   0.1851   0.0101     2.50  0   good
  37  sn06gz        Ia-pec     0.6891   5.22   0.1866   0.0080     8.20  0   good
  38  sn98aq        Ia-norm    0.6783   5.20   0.1897   0.0104    -9.00  0   good
  39  sn91bg        Ia-91bg    0.7744   5.18   0.1852   0.0114     2.70  0   good
  40  sn99aa        Ia-91T     0.8326   5.16   0.2083   0.0098    -4.10  0   good
  41  sn03du        Ia-norm    0.8461   5.15   0.1850   0.0093     3.90  0   good
  42  sn05hj        Ia-norm    0.7026   5.12   0.1896   0.0096    -0.30  0   good
  43  sn94D         Ia-norm    0.8461   5.12   0.1886   0.0094    -1.80  0   good
  44  sn92A         Ia-norm    0.7920   5.11   0.2029   0.0092     5.90  0   good
  45  sn05hj        Ia-norm    0.7554   5.09   0.1897   0.0106    -6.00  0   good
  46  sn03du        Ia-norm    0.6837   5.09   0.1857   0.0089     8.90  0   good
  47  sn81B         Ia-norm    0.8380   5.09   0.2006   0.0107    -0.90  0   good
  48  sn03du        Ia-norm    0.8461   5.06   0.1859   0.0095     5.00  0   good
  49  sn92A         Ia-norm    0.7960   5.05   0.1962   0.0093     6.30  0   good
  50  sn02er        Ia-norm    0.8461   5.05   0.1932   0.0100    -3.50  0   good
  51  sn06gz        Ia-pec     0.5835   5.01   0.1883   0.0083     4.30  0   good
#--- rlap cutoff
  52  sn81B         Ia-norm    0.8380   4.99   0.2008   0.0111     0.00  0    cut
  53  sn98aq        Ia-norm    0.6877   4.98   0.1874   0.0103    -8.00  0    cut
  54  sn94ae        Ia-norm    0.6579   4.95   0.1879   0.0097     4.40  0    cut
  55  sn96X         Ia-norm    0.8096   4.95   0.1893   0.0101    -1.10  0    cut
  56  sn03du        Ia-norm    0.8461   4.92   0.1863   0.0096     1.90  0    cut
  57  sn03du        Ia-norm    0.7189   4.89   0.1909   0.0113    -7.00  0    cut
  58  sn03cg        Ia-norm    0.8055   4.87   0.1888   0.0106    -0.50  0    cut
  59  sn02er        Ia-norm    0.8461   4.87   0.1874   0.0103     5.50  0    cut
  60  sn90O         Ia-norm    0.8136   4.81   0.2013   0.0116    -7.10  0    cut
  61  sn02er        Ia-norm    0.8461   4.80   0.1916   0.0108    -0.50  0    cut
  62  sn94ae        Ia-norm    0.6579   4.80   0.1872   0.0097     9.30  0    cut
  63  sn89B         Ia-norm    0.6146   4.79   0.1851   0.0099     3.50  0    cut
  64  sn94ae        Ia-norm    0.8461   4.79   0.1874   0.0097     9.40  0    cut
  65  sn99aa        Ia-91T     0.8461   4.79   0.2056   0.0100     2.70  0    cut
  66  sn94S         Ia-norm    0.5036   4.79   0.1886   0.0126    -2.50  0    cut
  67  sn95D         Ia-norm    0.6255   4.78   0.1865   0.0103     4.20  0    cut
  68  sn06gz        Ia-pec     0.6376   4.77   0.1923   0.0100    -2.60  0    cut
  69  sn03du        Ia-norm    0.7595   4.77   0.1873   0.0109    -0.20  0    cut
  70  sn03du        Ia-norm    0.7608   4.77   0.1878   0.0108     0.80  0    cut
  71  sn02er        Ia-norm    0.8461   4.74   0.1887   0.0107     3.40  0    cut
  72  sn94ae        Ia-norm    0.6593   4.73   0.1891   0.0102     3.30  0    cut
  73  sn06gz        Ia-pec     0.6458   4.70   0.1890   0.0086     5.20  0    cut
  74  sn03du        Ia-norm    0.7595   4.70   0.1874   0.0113    -1.10  0    cut
  75  sn94ae        Ia-norm    0.7311   4.69   0.1891   0.0108     1.30  0    cut
  76  sn98bu        Ia-norm    0.6972   4.69   0.1898   0.0119    -2.80  0    cut
  77  sn98aq        Ia-norm    0.6837   4.68   0.1887   0.0116     0.00  0    cut
  78  sn94D         Ia-norm    0.8461   4.66   0.1857   0.0100     2.90  0    cut
  79  sn03du        Ia-norm    0.6837   4.66   0.1854   0.0096     9.80  0    cut
  80  sn06gz        Ia-pec     0.6891   4.65   0.1865   0.0088     9.20  0    cut
  81  sn94S         Ia-norm    0.6999   4.62   0.1892   0.0129    -3.40  0    cut
  82  sn00cx        Ia-pec     0.6403   4.58   0.1965   0.0133     0.60  0    cut
  83  sn94ae        Ia-norm    0.6579   4.57   0.1880   0.0105     2.30  0    cut
  84  sn02bo        Ia-norm    0.7311   4.55   0.2004   0.0121    -4.50  0    cut
  85  sn00cx        Ia-pec     0.5740   4.53   0.1954   0.0134    -2.40  0    cut
  86  sn99ac        Ia-91T     0.8461   4.53   0.1972   0.0120     3.10  0    cut
  87  sn98bu        Ia-norm    0.6972   4.51   0.1896   0.0121    -1.70  0    cut
  88  sn94D         Ia-norm    0.8461   4.50   0.1899   0.0112    -3.80  0    cut
  89  sn98aq        Ia-norm    0.6931   4.50   0.1884   0.0116     0.90  0    cut
  90  sn02er        Ia-norm    0.7216   4.48   0.1961   0.0118    -6.40  0    cut
  91  sn98aq        Ia-norm    0.6959   4.48   0.1873   0.0103     6.90  0    cut
  92  sn03cg        Ia-norm    0.8191   4.43   0.1924   0.0111    -7.50  0    cut
  93  sn06gz        Ia-pec     0.6918   4.40   0.1859   0.0094    10.10  0    cut
  94  sn98aq        Ia-norm    0.6972   4.38   0.1877   0.0110     5.90  0    cut
  95  sn98aq        Ia-norm    0.6959   4.31   0.1882   0.0117     1.90  0    cut
  96  sn02bo        Ia-norm    0.7202   4.31   0.1989   0.0128    -3.40  0    cut
  97  sn97br        Ia-91T     0.8218   4.31   0.1867   0.0129    -4.00  0    cut
  98  sn02er        Ia-norm    0.6200   4.30   0.1941   0.0117    -5.40  0    cut
  99  sn98aq        Ia-norm    0.6972   4.30   0.1879   0.0110     4.90  0    cut
 100  sn98bu        Ia-norm    0.6972   4.29   0.1893   0.0124    -0.70  0    cut
 101  sn99aa        Ia-91T     0.7839   4.26   0.2049   0.0129     7.60  0    cut
 102  sn03cg        Ia-norm    0.8339   4.26   0.1914   0.0115    -4.50  0    cut
 103  sn98aq        Ia-norm    0.6959   4.26   0.1879   0.0115     2.90  0    cut
 104  sn96X         Ia-norm    0.8461   4.25   0.1866   0.0104     7.80  0    cut
 105  sn86G         Ia-91bg    0.5740   4.23   0.1860   0.0130    -0.40  0    cut
 106  sn90N         Ia-norm    0.7920   4.23   0.1844   0.0116     4.90  0    cut
 107  sn02bo        Ia-norm    0.7243   4.21   0.1960   0.0127    -1.50  0    cut
 108  sn95E         Ia-norm    0.8204   4.21   0.1846   0.0108    10.00  0    cut
 109  sn94ae        Ia-norm    0.6864   4.20   0.1865   0.0108    10.40  0    cut
 110  sn03du        Ia-norm    0.8461   4.20   0.1855   0.0104    10.80  0    cut
 111  sn98aq        Ia-norm    0.6959   4.19   0.1878   0.0114     3.90  0    cut
 112  sn89B         Ia-norm    0.6160   4.18   0.1839   0.0108     7.50  0    cut
 113  sn99by        Ia-91bg    0.8461   4.15   0.1854   0.0132     3.10  0    cut
 114  sn99ee        Ia-norm    0.8461   4.14   0.1941   0.0140     0.30  0    cut
 115  sn99ee        Ia-norm    0.8461   4.14   0.2044   0.0140    -6.70  0    cut
 116  sn94D         Ia-norm    0.8461   4.13   0.1886   0.0105     2.20  0    cut
 117  sn00E         Ia-norm    0.7311   4.12   0.1935   0.0152    -5.50  0    cut
 118  sn86G         Ia-91bg    0.5564   4.12   0.0353   0.0160   323.60  0    cut
 119  sn91T         Ia-91T     0.8461   4.12   0.1882   0.0151    -0.20  0    cut
 120  sn99ee        Ia-norm    0.8461   4.09   0.1913   0.0137     2.20  0    cut
 121  sn02bo        Ia-norm    0.8461   4.09   0.1950   0.0132    -0.30  0    cut
 122  sn02bo        Ia-norm    0.8461   4.09   0.1971   0.0134    -1.40  0    cut
 123  sn05gj        Ia-csm     0.6417   4.08   0.0080   0.0131    39.40  0    cut
 124  sn03cg        Ia-norm    0.8109   4.05   0.1904   0.0120    -5.90  0    cut
 125  sn06gz        Ia-pec     0.6485   4.04   0.1877   0.0099     7.20  0    cut
 126  sn05gj        Ia-csm     0.6336   4.03   0.0066   0.0144    42.30  0    cut
 127  sn03du        Ia-norm    0.6945   4.02   0.1939   0.0152    -8.80  0    cut
 128  sn03du        Ia-norm    0.6945   4.01   0.1928   0.0145    -7.80  0    cut
 129  sn92A         Ia-norm    0.6647   4.01   0.1974   0.0112     2.40  0    cut
 130  sn03du        Ia-norm    0.8461   3.99   0.2000   0.0124    -6.20  0    cut
 131  sn02bo        Ia-norm    0.8461   3.99   0.1981   0.0137    -2.50  0    cut
 132  sn89B         Ia-norm    0.6160   3.98   0.1851   0.0111     5.50  0    cut
 133  sn94D         Ia-norm    0.5862   3.98   0.4341   0.0157    26.20  0    cut
 134  sn92A         Ia-norm    0.6634   3.95   0.2002   0.0116    -0.40  0    cut
 135  sn94ae        Ia-norm    0.6512   3.95   0.1886   0.0115     3.30  0    cut
 136  sn00cx        Ia-pec     0.6200   3.94   0.0464   0.0196    14.50  0    cut
 137  sn96X         Ia-norm    0.7270   3.94   0.1891   0.0107     0.00  0    cut
 138  sn04eo        Ia-norm    0.7067   3.94   0.1867   0.0119    -2.80  0    cut
 139  sn96X         Ia-norm    0.7243   3.90   0.1864   0.0105     6.90  0    cut
 140  sn02er        Ia-norm    0.8109   3.90   0.1903   0.0137     1.50  0    cut
 141  sn02cx        Ia-pec     0.6931   3.88   0.1770   0.0150    -5.30  0    cut
 142  sn96X         Ia-norm    0.7270   3.86   0.1883   0.0108     1.90  0    cut
 143  sn03cg        Ia-norm    0.6579   3.85   0.1897   0.0122    -2.30  0    cut
 144  sn03du        Ia-norm    0.6986   3.84   0.1949   0.0160    -9.70  0    cut
 145  sn00E         Ia-norm    0.7148   3.83   0.1928   0.0148    -2.50  0    cut
 146  sn99ee        Ia-norm    0.8461   3.83   0.2086   0.0151    -8.60  0    cut
 147  sn92A         Ia-norm    0.6634   3.79   0.2000   0.0119    -0.60  0    cut
 148  sn02er        Ia-norm    0.7202   3.79   0.1977   0.0140    -8.40  0    cut
 149  sn02bo        Ia-norm    0.6959   3.79   0.2046   0.0151    -8.10  0    cut
 150  sn92A         Ia-norm    0.6661   3.77   0.1974   0.0117     3.30  0    cut
 151  sn02bo        Ia-norm    0.8461   3.77   0.1973   0.0141    -1.20  0    cut
 152  sn96X         Ia-norm    0.7270   3.76   0.1882   0.0110     2.90  0    cut
 153  sn86G         Ia-91bg    0.6133   3.75   0.1884   0.0147    -2.70  0    cut
 154  sn92A         Ia-norm    0.6634   3.74   0.2031   0.0124    -5.00  0    cut
 155  sn94M         Ia-norm    0.7243   3.74   0.1912   0.0114     7.90  0    cut
 156  sn02bo        Ia-norm    0.6959   3.73   0.2030   0.0155    -7.00  0    cut
 157  sn02ic        Ia-csm     0.8461   3.73   0.1861   0.0127     5.60  0    cut
 158  sn96X         Ia-norm    0.7270   3.73   0.1904   0.0113    -3.00  0    cut
 159  sn96X         Ia-norm    0.7283   3.71   0.1889   0.0112     1.00  0    cut
 160  sn99ee        Ia-norm    0.8461   3.71   0.1902   0.0141     7.10  0    cut
 161  sn96X         Ia-norm    0.7283   3.70   0.1858   0.0113     7.90  0    cut
 162  sn96X         Ia-norm    0.7243   3.70   0.1874   0.0110     4.90  0    cut
 163  sn03cg        Ia-norm    0.7893   3.69   0.1853   0.0121     9.60  0    cut
 164  sn05hk        Ia-pec     0.7040   3.69  -0.0018   0.0133    14.40  0    cut
 165  sn06gz        Ia-pec     0.6444   3.69   0.1935   0.0124    -5.50  0    cut
 166  sn91bg        Ia-91bg    0.8367   3.68   0.1856   0.0152     1.50  0    cut
 167  sn96X         Ia-norm    0.7283   3.67   0.1870   0.0111     5.90  0    cut
 168  sn98bu        Ia-norm    0.7013   3.65   0.0346   0.0203   242.80  0    cut
 169  sn02bo        Ia-norm    0.6972   3.64   0.2015   0.0159    -6.00  0    cut
 170  sn00cx        Ia-pec     0.8461   3.64   0.0518   0.0155     6.50  0    cut
 171  sn02bo        Ia-norm    0.6986   3.64   0.2116   0.0154   -12.10  0    cut
 172  sn00cx        Ia-pec     0.6173   3.64   0.1973   0.0156    -0.40  0    cut
 173  sn96X         Ia-norm    0.7270   3.63   0.1903   0.0115    -2.00  0    cut
 174  sn92A         Ia-norm    0.6634   3.62   0.2029   0.0126    -5.00  0    cut
 175  sn02er        Ia-norm    0.7202   3.62   0.1882   0.0125     4.40  0    cut
 176  sn05hk        Ia-pec     0.6255   3.61   0.1781   0.0160    -6.30  0    cut
 177  sn90O         Ia-norm    0.7148   3.61   0.1960   0.0145    -0.40  0    cut
 178  sn05gj        Ia-csm     0.6255   3.60   0.0024   0.0167    67.70  0    cut
 179  sn94ae        Ia-norm    0.6566   3.60   0.1862   0.0123    11.30  0    cut
 180  sn02bo        Ia-norm    0.6972   3.58   0.2005   0.0160    -5.10  0    cut
 181  sn02bo        Ia-norm    0.6972   3.57   0.1987   0.0161    -3.10  0    cut
 182  sn02bo        Ia-norm    0.6972   3.56   0.1993   0.0161    -4.00  0    cut
 183  sn89B         Ia-norm    0.6160   3.55   0.1833   0.0119     9.50  0    cut
 184  sn02er        Ia-norm    0.8461   3.53   0.1796   0.0155     9.40  0    cut
 185  sn03du        Ia-norm    0.6986   3.53   0.1989   0.0168   -11.70  0    cut
 186  sn98aq        Ia-norm    0.6972   3.52   0.0336   0.0206   230.30  0    cut
 187  sn91M         Ia-norm    0.6904   3.52   0.1928   0.0135     2.70  0    cut
 188  sn00cx        Ia-pec     0.8461   3.51   0.1947   0.0143     1.60  0    cut
 189  sn02ic        Ia-csm     0.8150   3.50   0.1844   0.0139     9.40  0    cut
 190  sn00cx        Ia-pec     0.6214   3.49   0.1948   0.0145     7.50  0    cut
 191  sn02bo        Ia-norm    0.6986   3.49   0.1974   0.0162    -2.10  0    cut
 192  sn00cx        Ia-pec     0.8461   3.47   0.0528   0.0158     5.60  0    cut
 193  sn04S         Ia-norm    0.8461   3.47   0.1889   0.0155     1.70  0    cut
 194  sn00E         Ia-norm    0.6877   3.46   0.1867   0.0140     8.40  0    cut
 195  sn05hk        Ia-pec     0.6282   3.46   0.1792   0.0167    -7.30  0    cut
 196  sn02bo        Ia-norm    0.6972   3.46   0.1964   0.0163    -1.20  0    cut
 197  sn91T         Ia-91T     0.8001   3.44   0.0489   0.0223   -10.30  0    cut
 198  sn00cx        Ia-pec     0.6498   3.43   0.1994   0.0197    -3.40  0    cut
 199  sn98bu        Ia-norm    0.6999   3.42   0.1858   0.0132     9.30  0    cut
 200  sn03du        Ia-norm    0.6999   3.40   0.1878   0.0138     3.10  0    cut
 201  sn04S         Ia-norm    0.8461   3.40   0.1851   0.0152     7.50  0    cut
 202  sn03du        Ia-norm    0.6972   3.40   0.1880   0.0142     2.20  0    cut
 203  sn93ac        Ia-norm    0.7703   3.40   0.1926   0.0136     6.90  0    cut
 204  sn95E         Ia-norm    0.6498   3.39   0.1894   0.0134     0.10  0    cut
 205  sn95D         Ia-norm    0.6552   3.39   0.1845   0.0126    10.10  0    cut
 206  sn03du        Ia-norm    0.6986   3.38   0.1890   0.0151    -0.80  0    cut
 207  sn98bu        Ia-norm    0.7013   3.38   0.0351   0.0210   208.00  0    cut
 208  sn96X         Ia-norm    0.7283   3.36   0.1855   0.0121     8.90  0    cut
 209  sn99by        Ia-91bg    0.6999   3.36   0.1878   0.0172    -3.90  0    cut
 210  sn02bo        Ia-norm    0.8461   3.33   0.1922   0.0153     5.50  0    cut
 211  sn00E         Ia-norm    0.7107   3.33   0.1932   0.0164    -1.40  0    cut
 212  sn00cx        Ia-pec     0.6214   3.32   0.0488   0.0210    11.50  0    cut
 213  sn94S         Ia-norm    0.7040   3.32   0.1883   0.0152     1.40  0    cut
 214  sn99ac        Ia-91T     0.7866   3.31   0.2086   0.0159    -9.60  0    cut
 215  sn99ac        Ia-91T     0.8231   3.30   0.2118   0.0176   -13.60  0    cut
 216  sn03cg        Ia-norm    0.8326   3.29   0.1914   0.0124    -6.80  0    cut
 217  sn96X         Ia-norm    0.6864   3.29   0.1897   0.0143    -0.90  0    cut
 218  sn01el        Ia-norm    0.8461   3.27   0.1909   0.0155     9.20  0    cut
 219  sn94D         Ia-norm    0.7040   3.26   0.1898   0.0154    -3.60  0    cut
 220  sn03cg        Ia-norm    0.7324   3.24   0.1869   0.0133     7.40  0    cut
 221  sn98bu        Ia-norm    0.7026   3.23   0.0364   0.0221   216.90  0    cut
 222  sn92A         Ia-norm    0.6268   3.22   0.1954   0.0127     7.30  0    cut
 223  sn94D         Ia-norm    0.8461   3.22   0.1916   0.0140    -4.80  0    cut
 224  sn99aa        Ia-91T     0.8461   3.20   0.2113   0.0190    -8.50  0    cut
 225  sn97br        Ia-91T     0.8461   3.17   0.1880   0.0140     7.80  0    cut
 226  sn05hk        Ia-pec     0.8461   3.16   0.1684   0.0194    -8.30  0    cut
 227  sn94M         Ia-norm    0.6769   3.16   0.1924   0.0161     5.00  0    cut
 228  sn05hk        Ia-pec     0.7053   3.16  -0.0037   0.0138    20.30  0    cut
 229  sn99aw        Ia-91T     0.6119   3.16   0.1965   0.0158    -0.70  0    cut
 230  sn05hk        Ia-pec     0.8461   3.15   0.1716   0.0162    -5.10  0    cut
 231  sn02cx        Ia-pec     0.6986   3.14   0.0001   0.0137    10.30  0    cut
 232  sn05hk        Ia-pec     0.8461   3.14   0.1712   0.0157    -4.20  0    cut
 233  sn95E         Ia-norm    0.6227   3.13   0.1855   0.0142     7.00  0    cut
 234  sn02cx        Ia-pec     0.6959   3.13   0.1708   0.0162    -2.40  0    cut
 235  sn02bo        Ia-norm    0.6959   3.12   0.2149   0.0172   -13.10  0    cut
 236  sn92A         Ia-norm    0.7554   3.11   0.1943   0.0139     8.90  0    cut
 237  sn92A         Ia-norm    0.7568   3.11   0.1933   0.0140     8.70  0    cut
 238  sn91T         Ia-91T     0.7338   3.11   0.1845   0.0148    10.90  0    cut
 239  sn02bo        Ia-norm    0.7243   3.11   0.2104   0.0164    -9.40  0    cut
 240  sn99by        Ia-91bg    0.7013   3.08   0.1827   0.0214     4.10  0    cut
 241  sn95E         Ia-norm    0.6024   3.07   0.1904   0.0160    -1.90  0    cut
 242  sn97br        Ia-91T     0.7405   3.07   0.1941   0.0186    -6.00  0    cut
 243  sn05hk        Ia-pec     0.8461   3.07   0.1731   0.0165    -6.30  0    cut
 244  sn95bd        Ia-norm    0.5645   3.06   0.1687   0.0232    72.30  0    cut
 245  sn99by        Ia-91bg    0.7013   3.06   0.1822   0.0220     5.20  0    cut
 246  sn91bg        Ia-91bg    0.7067   3.05   0.1827   0.0191     2.70  0    cut
 247  sn00cx        Ia-pec     0.8461   3.04   0.0306   0.0240   146.40  0    cut
 248  sn02bo        Ia-norm    0.7216   3.04   0.2024   0.0165    -4.40  0    cut
 249  sn02er        Ia-norm    0.7568   3.04   0.2010   0.0170    -9.40  0    cut
 250  sn99by        Ia-91bg    0.6024   3.04   0.1881   0.0189    -4.80  0    cut
 251  sn97cn        Ia-91bg    0.6999   3.03   0.1819   0.0162     3.90  0    cut
 252  sn99ac        Ia-91T     0.8461   3.03   0.1959   0.0161     9.20  0    cut
 253  sn90N         Ia-norm    0.8421   3.02   0.2105   0.0184   -13.20  0    cut
 254  sn91bg        Ia-91bg    0.6959   3.02   0.1863   0.0181    16.40  0    cut
 255  sn94D         Ia-norm    0.7879   3.02   0.1925   0.0168    -5.60  0    cut
 256  sn91T         Ia-91T     0.6674   3.01   0.4403   0.0172    18.60  0    cut
 257  sn90N         Ia-norm    0.8421   3.01   0.1941   0.0177   -13.20  0    cut
 258  sn05gj        Ia-csm     0.6255   3.01   0.0042   0.0194    75.30  0    cut
 259  sn98aq        Ia-norm    0.6999   3.00   0.0345   0.0242   240.30  0    cut
 260  sn06gz        Ia-pec     0.6918   2.99   0.1943   0.0121   -10.30  0    cut
 261  sn98bu        Ia-norm    0.6999   2.99   0.0361   0.0229   190.10  0    cut
 262  sn91bg        Ia-91bg    0.6972   2.98   0.1864   0.0152    18.60  0    cut
 263  sn98bu        Ia-norm    0.6999   2.98   0.1853   0.0146    10.20  0    cut
 264  sn86G         Ia-91bg    0.5848   2.98   0.1882   0.0160     1.60  0    cut
 265  sn97br        Ia-91T     0.8461   2.96   0.0255   0.0229    12.40  0    cut
 266  sn94Q         Ia-norm    0.8042   2.96   0.1853   0.0204    41.60  0    cut
 267  sn99by        Ia-91bg    0.7026   2.94   0.1829   0.0241     7.10  0    cut
 268  sn95D         Ia-norm    0.6620   2.92   0.1839   0.0144    11.20  0    cut
 269  sn06gz        Ia-pec     0.6945   2.91   0.1940   0.0121    -9.30  0    cut
 270  sn99by        Ia-91bg    0.7026   2.91   0.1825   0.0234     6.10  0    cut
 271  sn04eo        Ia-norm    0.8461   2.91   0.1818   0.0145     7.00  0    cut
 272  sn01el        Ia-norm    0.6864   2.90   0.1939   0.0128     1.30  0    cut
 273  sn86G         Ia-91bg    0.5821   2.89   0.1882   0.0167     0.60  0    cut
 274  sn02bo        Ia-norm    0.7541   2.89   0.2204   0.0191   -13.30  0    cut
 275  sn95E         Ia-norm    0.6363   2.88   0.1889   0.0154     2.00  0    cut
 276  sn90N         Ia-norm    0.5794   2.88   0.1836   0.0155     2.60  0    cut
 277  sn94Q         Ia-norm    0.8461   2.85   0.0292   0.0240    11.60  0    cut
 278  sn95al        Ia-norm    0.8461   2.84   0.0286   0.0249    17.00  0    cut
 279  sn86G         Ia-91bg    0.6796   2.83   0.1920   0.0173    -3.40  0    cut
 280  sn97br        Ia-91T     0.7717   2.82   0.0114   0.0179    21.30  0    cut
 281  sn81B         Ia-norm    0.7040   2.82   0.1923   0.0186    26.90  0    cut
 282  sn97br        Ia-91T     0.7338   2.82   0.1839   0.0161     8.50  0    cut
 283  sn94D         Ia-norm    0.7040   2.80   0.1892   0.0166     0.40  0    cut
 284  sn05gj        Ia-csm     0.6336   2.80   0.0125   0.0194    27.30  0    cut
 285  sn02er        Ia-norm    0.6647   2.80   0.2043   0.0180   -11.30  0    cut
 286  sn00cx        Ia-pec     0.8461   2.78   0.0304   0.0268   124.60  0    cut
 287  sn99by        Ia-91bg    0.7013   2.78   0.1835   0.0247     8.10  0    cut
 288  sn05hk        Ia-pec     0.6282   2.77   0.1668   0.0191     3.60  0    cut
 289  sn99aa        Ia-91T     0.8461   2.77   0.0437   0.0253    15.40  0    cut
 290  sn89B         Ia-norm    0.6160   2.76   0.1825   0.0144    11.50  0    cut
 291  sn05hk        Ia-pec     0.7852   2.74   0.1709   0.0203    -7.30  0    cut
 292  sn94ae        Ia-norm    0.7256   2.74   0.0308   0.0302   153.40  0    cut
 293  sn94D         Ia-norm    0.7067   2.74   0.1909   0.0180    -2.60  0    cut
 294  sn86G         Ia-91bg    0.6810   2.72   0.1909   0.0176    -2.40  0    cut
 295  sn05hk        Ia-pec     0.7757   2.71   0.1716   0.0182    -4.30  0    cut
 296  sn06gz        Ia-pec     0.6904   2.71   0.1958   0.0126   -12.30  0    cut
 297  sn05gj        Ia-csm     0.6255   2.70   0.1769   0.0214    10.40  0    cut
 298  sn99ee        Ia-norm    0.8461   2.70   0.1894   0.0175    11.10  0    cut
 299  sn86G         Ia-91bg    0.6959   2.69   0.1933   0.0181    -4.40  0    cut
 300  sn06gz        Ia-pec     0.6931   2.69   0.1956   0.0125   -13.30  0    cut
 301  sn02bo        Ia-norm    0.7243   2.68   0.2161   0.0180   -12.30  0    cut
 302  sn05hk        Ia-pec     0.7040   2.66   0.1696   0.0166    -1.40  0    cut
 303  sn05hk        Ia-pec     0.7026   2.66   0.1727   0.0226    -8.30  0    cut
 304  sn06gz        Ia-pec     0.6241   2.66   0.1954   0.0152   -14.30  0    cut
 305  sn06gz        Ia-pec     0.5916   2.66   0.1963   0.0139   -13.30  0    cut
 306  sn91bg        Ia-91bg    0.6106   2.63   0.0332   0.0249   143.00  0    cut
 307  sn04eo        Ia-norm    0.8123   2.62   0.1943   0.0178   -11.00  0    cut
 308  sn91M         Ia-norm    0.6552   2.61   0.0268   0.0274   111.80  0    cut
 309  sn98bu        Ia-norm    0.6986   2.61   0.0348   0.0257   179.10  0    cut
 310  sn05hk        Ia-pec     0.5916   2.61   0.1532   0.0213    12.40  0    cut
 311  sn02er        Ia-norm    0.7947   2.61   0.0336   0.0271   213.00  0    cut
 312  sn05gj        Ia-csm     0.6363   2.60   0.1797   0.0221    -1.80  0    cut
 313  sn05hk        Ia-pec     0.7026   2.59   0.1733   0.0254    -9.30  0    cut
 314  sn03cg        Ia-norm    0.7960   2.59   0.1859   0.0160    11.40  0    cut
 315  sn98bu        Ia-norm    0.6999   2.58   0.1845   0.0167    11.20  0    cut
 316  sn91bg        Ia-91bg    0.6119   2.58   0.0343   0.0246   202.70  0    cut
 317  sn94D         Ia-norm    0.7094   2.58   0.1922   0.0198    -4.70  0    cut
 318  sn05hk        Ia-pec     0.7026   2.57   0.1703   0.0210    -6.30  0    cut
 319  sn94M         Ia-norm    0.6376   2.55   0.1938   0.0178     4.00  0    cut
 320  sn97br        Ia-91T     0.8096   2.55   0.1949   0.0212    -7.00  0    cut
 321  sn02bo        Ia-norm    0.7920   2.54   0.1844   0.0199    44.40  0    cut
 322  sn81B         Ia-norm    0.6728   2.53   0.0378   0.0266   267.40  0    cut
 323  sn81B         Ia-norm    0.8339   2.53   0.0338   0.0278    16.00  0    cut
 324  sn94ae        Ia-norm    0.7568   2.52   0.1806   0.0199    64.00  0    cut
 325  sn99ee        Ia-norm    0.8461   2.52   0.1891   0.0198    31.90  0    cut
 326  sn91T         Ia-91T     0.8461   2.52   0.1935   0.0242    -7.30  0    cut
 327  sn05hk        Ia-pec     0.7053   2.51   0.1700   0.0183    -2.40  0    cut
 328  sn03du        Ia-norm    0.8461   2.51   0.2052   0.0189   -10.10  0    cut
 329  sn05hk        Ia-pec     0.6986   2.51   0.1709   0.0198    -5.30  0    cut
 330  sn89B         Ia-norm    0.6525   2.48   0.0066   0.0170    22.40  0    cut
 331  sn91T         Ia-91T     0.8015   2.48   0.1939   0.0226    -9.30  0    cut
 332  sn89B         Ia-norm    0.6579   2.47   0.1816   0.0164    12.40  0    cut
 333  sn00cx        Ia-pec     0.6227   2.47   0.1948   0.0190     9.50  0    cut
 334  sn97br        Ia-91T     0.8055   2.45   0.2004   0.0225    -9.00  0    cut
 335  sn97br        Ia-91T     0.7040   2.45   0.1963   0.0232    -7.40  0    cut
 336  sn03du        Ia-norm    0.8461   2.44   0.1910   0.0161    13.70  0    cut
 337  sn02cx        Ia-pec     0.7568   2.44  -0.0033   0.0153    24.10  0    cut
 338  sn05hk        Ia-pec     0.6999   2.43   0.1702   0.0194    -3.30  0    cut
 339  sn92A         Ia-norm    0.6187   2.43   0.0132   0.0159    28.20  0    cut
 340  sn91bg        Ia-91bg    0.8150   2.43   0.2017   0.0244    32.70  0    cut
 341  sn94M         Ia-norm    0.7175   2.41   0.1964   0.0191     3.00  0    cut
 342  sn05gj        Ia-csm     0.6214   2.41   0.0043   0.0217    40.50  0    cut
 343  sn91bg        Ia-91bg    0.7189   2.40   0.1866   0.0246    14.70  0    cut
 344  sn04S         Ia-norm    0.8461   2.39   0.1866   0.0220    36.20  0    cut
 345  sn81B         Ia-norm    0.8461   2.38   0.1873   0.0205    23.90  0    cut
 346  sn02er        Ia-norm    0.8461   2.38   0.1883   0.0189    10.60  0    cut
 347  sn94D         Ia-norm    0.6498   2.36   0.1940   0.0202    -7.70  0    cut
 348  sn05hk        Ia-pec     0.5496   2.36   0.1758   0.0153    -4.20  0    cut
 349  sn99ac        Ia-91T     0.8461   2.35   0.1930   0.0196    12.20  0    cut
 350  sn02bo        Ia-norm    0.8461   2.34   0.1901   0.0208    29.40  0    cut
 351  sn02er        Ia-norm    0.8231   2.33   0.1996   0.0212    -7.40  0    cut
 352  sn02cx        Ia-pec     0.8461   2.32  -0.0038   0.0162    23.00  0    cut
 353  sn97br        Ia-91T     0.7094   2.31   0.1957   0.0226    -6.40  0    cut
 354  sn03cg        Ia-norm    0.7175   2.30   0.0389   0.0269   383.10  0    cut
 355  sn05gj        Ia-csm     0.5794   2.30  -0.0021   0.0276    51.80  0    cut
 356  sn94T         Ia-norm    0.4928   2.30   0.1905   0.0191     1.20  0    cut
 357  sn89B         Ia-norm    0.6160   2.29   0.1815   0.0171    13.40  0    cut
 358  sn91T         Ia-91T     0.7283   2.28   0.1808   0.0211    24.80  0    cut
 359  sn03du        Ia-norm    0.7121   2.28   0.0471   0.0257   138.60  0    cut
 360  sn94M         Ia-norm    0.8312   2.27   0.1863   0.0187    12.90  0    cut
 361  sn00cx        Ia-pec     0.7175   2.27   0.0276   0.0320    96.80  0    cut
 362  sn95bd        Ia-norm    0.7148   2.26   0.1859   0.0202    11.30  0    cut
 363  sn91bg        Ia-91bg    0.7757   2.26   0.1873   0.0246    18.90  0    cut
 364  sn94D         Ia-norm    0.7893   2.26   0.1960   0.0197    -8.70  0    cut
 365  sn02bo        Ia-norm    0.7568   2.26   0.1886   0.0208    10.80  0    cut
 366  sn05gj        Ia-csm     0.6403   2.25   0.1648   0.0243    38.50  0    cut
 367  sn99aw        Ia-91T     0.8448   2.24   0.1928   0.0231    35.90  0    cut
 368  sn05hk        Ia-pec     0.8461   2.24   0.1718   0.0237    23.40  0    cut
 369  sn99aa        Ia-91T     0.8461   2.24   0.0226   0.0229    34.10  0    cut
 370  sn98bu        Ia-norm    0.6986   2.23   0.1839   0.0191    12.20  0    cut
 371  sn02cx        Ia-pec     0.6864   2.23   0.4159   0.0123    53.30  0    cut
 372  sn90N         Ia-norm    0.8461   2.23   0.1850   0.0179    14.50  0    cut
 373  sn81B         Ia-norm    0.5320   2.22   0.1610   0.0239   114.40  0    cut
 374  sn91bg        Ia-91bg    0.7243   2.22   0.1822   0.0249    25.60  0    cut
 375  sn97br        Ia-91T     0.7825   2.22   0.1958   0.0242    -8.00  0    cut
 376  sn02er        Ia-norm    0.6539   2.22   0.0302   0.0286    12.40  0    cut
 377  sn01el        Ia-norm    0.8461   2.22   0.1912   0.0230    39.90  0    cut
 378  sn92A         Ia-norm    0.6810   2.22   0.1944   0.0177    11.70  0    cut
 379  sn81B         Ia-norm    0.8461   2.20   0.0260   0.0304    18.90  0    cut
 380  sn03cg        Ia-norm    0.7866   2.20   0.4273   0.0220    43.40  0    cut
 381  sn94ae        Ia-norm    0.7568   2.19   0.1817   0.0213    36.20  0    cut
 382  sn91M         Ia-norm    0.8461   2.19   0.1904   0.0210    27.50  0    cut
 383  sn94D         Ia-norm    0.6810   2.19   0.2074   0.0230   -10.70  0    cut
 384  sn02bo        Ia-norm    0.7595   2.18   0.1858   0.0244    23.80  0    cut
 385  sn90N         Ia-norm    0.7243   2.18   0.1846   0.0185    17.70  0    cut
 386  sn99ac        Ia-91T     0.8461   2.18   0.0243   0.0305    17.10  0    cut
 387  sn02er        Ia-norm    0.8461   2.18   0.4309   0.0298    19.50  0    cut
 388  sn99ee        Ia-norm    0.8461   2.17   0.1891   0.0240    27.00  0    cut
 389  sn99ee        Ia-norm    0.8461   2.16   0.0220   0.0316    16.10  0    cut
 390  sn94D         Ia-norm    0.7703   2.16   0.1824   0.0189    10.10  0    cut
 391  sn89B         Ia-norm    0.6593   2.16   0.1812   0.0213    19.40  0    cut
 392  sn05gj        Ia-csm     0.7960   2.15   0.4157   0.0115    88.40  0    cut
 393  sn94D         Ia-norm    0.8461   2.15   0.1851   0.0192    24.20  0    cut
 394  sn94D         Ia-norm    0.6877   2.15   0.1781   0.0212    53.90  0    cut
 395  sn06gz        Ia-pec     0.6904   2.15   0.1963   0.0146   -14.20  0    cut
 396  sn05gj        Ia-csm     0.7974   2.14   0.4156   0.0169    61.10  0    cut
 397  sn92A         Ia-norm    0.6133   2.14   0.0183   0.0276    16.30  0    cut
 398  sn94D         Ia-norm    0.8461   2.13   0.1855   0.0214    16.30  0    cut
 399  sn04S         Ia-norm    0.8461   2.13   0.1836   0.0228    13.40  0    cut
 400  sn94D         Ia-norm    0.8461   2.13   0.1772   0.0194    83.10  0    cut
 401  sn90N         Ia-norm    0.7175   2.13   0.0260   0.0306   213.40  0    cut
 402  sn03du        Ia-norm    0.7392   2.13   0.0312   0.0329   109.00  0    cut
 403  sn02bo        Ia-norm    0.7446   2.13   0.1859   0.0261    29.70  0    cut
 404  sn99aa        Ia-91T     0.8461   2.12   0.0324   0.0311    21.10  0    cut
 405  sn03du        Ia-norm    0.7960   2.11   0.1831   0.0212    26.70  0    cut
 406  sn02bo        Ia-norm    0.7581   2.10   0.1854   0.0268    28.60  0    cut
 407  sn99ee        Ia-norm    0.7473   2.10   0.4287   0.0228    40.90  0    cut
 408  sn90N         Ia-norm    0.6485   2.09   0.0424   0.0257   255.90  0    cut
 409  sn03cg        Ia-norm    0.8461   2.09   0.0161   0.0306    16.40  0    cut
 410  sn05hk        Ia-pec     0.8272   2.09   0.1673   0.0262    14.30  0    cut
 411  sn03du        Ia-norm    0.8109   2.09   0.1808   0.0205    59.30  0    cut
 412  sn97br        Ia-91T     0.7405   2.08   0.1795   0.0260    17.40  0    cut
 413  sn91T         Ia-91T     0.7324   2.08   0.1819   0.0209    15.90  0    cut
 414  sn02bo        Ia-norm    0.7541   2.08   0.1831   0.0292    45.60  0    cut
 415  sn03cg        Ia-norm    0.7920   2.08   0.4315   0.0264    26.40  0    cut
 416  sn02bo        Ia-norm    0.7459   2.08   0.1848   0.0295    40.60  0    cut
 417  sn99aa        Ia-91T     0.8461   2.07   0.0247   0.0298    26.20  0    cut
 418  sn89B         Ia-norm    0.6593   2.07   0.0076   0.0256    20.40  0    cut
 419  sn89B         Ia-norm    0.6593   2.07   0.0083   0.0279    18.40  0    cut
 420  sn96X         Ia-norm    0.7270   2.07   0.0123   0.0223    20.80  0    cut
 421  sn95D         Ia-norm    0.8299   2.07   0.1825   0.0194    16.10  0    cut
 422  sn04eo        Ia-norm    0.8285   2.06   0.1845   0.0279    29.70  0    cut
 423  sn86G         Ia-91bg    0.6566   2.06   0.1908   0.0225    -0.90  0    cut
 424  sn02bo        Ia-norm    0.7581   2.06   0.1854   0.0249    20.70  0    cut
 425  sn99ee        Ia-norm    0.8461   2.06   0.0154   0.0311    20.00  0    cut
 426  sn90N         Ia-norm    0.6471   2.06   0.0443   0.0289   245.20  0    cut
 427  sn94D         Ia-norm    0.6146   2.06   0.1786   0.0333    48.00  0    cut
 428  sn03du        Ia-norm    0.8461   2.05   0.1850   0.0194    34.60  0    cut
 429  sn00cx        Ia-pec     0.8461   2.05   0.1908   0.0237    31.40  0    cut
 430  sn86G         Ia-91bg    0.7432   2.05   0.2961   0.0282   256.70  0    cut
 431  sn03du        Ia-norm    0.8353   2.05   0.0224   0.0331    17.80  0    cut
 432  sn91T         Ia-91T     0.8123   2.05   0.0332   0.0309   260.40  0    cut
 433  sn94ae        Ia-norm    0.6566   2.05   0.1822   0.0212    30.20  0    cut
 434  sn86G         Ia-91bg    0.6552   2.04   0.1873   0.0221     0.10  0    cut
 435  sn91T         Ia-91T     0.8461   2.04   0.0521   0.0323    -6.40  0    cut
 436  sn00cx        Ia-pec     0.4982   2.04   0.0340   0.0314    19.40  0    cut
 437  sn91T         Ia-91T     0.8461   2.04   0.0525   0.0314    -5.30  0    cut
 438  sn99ee        Ia-norm    0.8461   2.04   0.0113   0.0295    22.10  0    cut
 439  sn02bo        Ia-norm    0.7581   2.03   0.1875   0.0224    11.90  0    cut
 440  sn98bu        Ia-norm    0.6986   2.03   0.1827   0.0208    13.20  0    cut
 441  sn04S         Ia-norm    0.8461   2.03   0.1866   0.0249    42.10  0    cut
 442  sn86G         Ia-91bg    0.6539   2.03   0.1916   0.0231    -1.90  0    cut
 443  sn96X         Ia-norm    0.8461   2.03   0.1867   0.0208    31.70  0    cut
 444  sn95D         Ia-norm    0.6647   2.03   0.1829   0.0193    14.10  0    cut
 445  sn90N         Ia-norm    0.7405   2.02   0.2983   0.0231   332.50  0    cut
 446  sn05hk        Ia-pec     0.5469   2.02   0.1753   0.0164    -3.40  0    cut
 447  sn99aa        Ia-91T     0.6904   2.02   0.0220   0.0236    50.00  0    cut
 448  sn03du        Ia-norm    0.8461   2.02   0.2004   0.0245   -10.10  0    cut
 449  sn95D         Ia-norm    0.7703   2.01   0.1811   0.0250    69.60  0    cut
 450  sn03du        Ia-norm    0.8218   2.01   0.1849   0.0238    39.50  0    cut
 451  sn05hk        Ia-pec     0.6607   2.01   0.1554   0.0266    23.20  0    cut
 452  sn01el        Ia-norm    0.8461   2.00   0.0177   0.0306    18.10  0    cut
 453  sn92A         Ia-norm    0.7135   2.00   0.1924   0.0212    17.30  0    cut
 454  sn89B         Ia-norm    0.6593   2.00   0.1800   0.0199    14.40  0    cut
 455  sn99ac        Ia-91T     0.8461   1.99   0.0148   0.0238    29.00  0    cut
 456  sn90N         Ia-norm    0.7405   1.99   0.2970   0.0304   280.70  0    cut
 457  sn02bo        Ia-norm    0.6877   1.99   0.1849   0.0307    43.60  0    cut
 458  sn04eo        Ia-norm    0.8461   1.99   0.1821   0.0203    11.00  0    cut
 459  sn97br        Ia-91T     0.7879   1.99   0.4223   0.0236    50.50  0    cut
 460  sn86G         Ia-91bg    0.6755   1.99   0.1746   0.0253    56.50  0    cut
 461  sn02bo        Ia-norm    0.6986   1.99   0.1861   0.0273    27.70  0    cut
 462  sn02bo        Ia-norm    0.7581   1.98   0.1855   0.0249    18.70  0    cut
 463  sn94D         Ia-norm    0.7121   1.98   0.2000   0.0258    -9.50  0    cut
 464  sn02bo        Ia-norm    0.6959   1.98   0.1839   0.0313    51.60  0    cut
 465  sn04S         Ia-norm    0.8461   1.98   0.0105   0.0309    18.40  0    cut
 466  sn86G         Ia-91bg    0.8461   1.98   0.3265   0.0305    90.00  0    cut
 467  sn05gj        Ia-csm     0.8461   1.97   0.4148   0.0116    66.80  0    cut
 468  sn99aa        Ia-91T     0.8461   1.97   0.0235   0.0286    29.10  0    cut
 469  sn03du        Ia-norm    0.7960   1.97   0.1831   0.0218    31.80  0    cut
 470  sn03du        Ia-norm    0.8339   1.97   0.1936   0.0194    37.40  0    cut
 471  sn03cg        Ia-norm    0.8461   1.97   0.1844   0.0186    12.40  0    cut
 472  sn02bo        Ia-norm    0.6959   1.97   0.1853   0.0255    21.70  0    cut
 473  sn90N         Ia-norm    0.6241   1.97   0.0419   0.0279   246.20  0    cut
 474  sn05gj        Ia-csm     0.8461   1.97   0.4162   0.0104   133.50  0    cut
 475  sn02bo        Ia-norm    0.7568   1.97   0.1871   0.0233    12.80  0    cut
 476  sn00cx        Ia-pec     0.8461   1.96   0.1897   0.0239    41.30  0    cut
 477  sn86G         Ia-91bg    0.6552   1.96   0.1883   0.0230     1.10  0    cut
 478  sn91bg        Ia-91bg    0.7459   1.96   0.4314   0.0211    33.70  0    cut
 479  sn02bo        Ia-norm    0.6931   1.96   0.1835   0.0316    49.60  0    cut
 480  sn94D         Ia-norm    0.7013   1.95   0.1823   0.0225    13.40  0    cut
 481  sn91bg        Ia-91bg    0.6349   1.94   0.1966   0.0226    20.20  0    cut
 482  sn02bo        Ia-norm    0.6945   1.94   0.1858   0.0254    19.80  0    cut
 483  sn05hk        Ia-pec     0.6634   1.94  -0.0100   0.0348    27.20  0    cut
 484  sn97br        Ia-91T     0.7514   1.94   0.4153   0.0229    37.60  0    cut
 485  sn94D         Ia-norm    0.8461   1.94   0.0616   0.0287   -10.60  0    cut
 486  sn91bg        Ia-91bg    0.7879   1.93   0.4337   0.0224    29.50  0    cut
 487  sn91T         Ia-91T     0.8421   1.93   0.2767   0.0308   -11.50  0    cut
 488  sn98aq        Ia-norm    0.6972   1.92   0.1800   0.0262    20.80  0    cut
 489  sn99ac        Ia-91T     0.8461   1.92   0.1986   0.0250    32.00  0    cut
 490  sn05gj        Ia-csm     0.6661   1.92   0.0069   0.0258    92.10  0    cut
 491  sn89B         Ia-norm    0.6552   1.92   0.0034   0.0183    49.20  0    cut
 492  sn02bo        Ia-norm    0.7581   1.92   0.1868   0.0241    13.80  0    cut
 493  sn99by        Ia-91bg    0.7013   1.91   0.1807   0.0324    25.10  0    cut
 494  sn94D         Ia-norm    0.7026   1.91   0.1802   0.0246    17.40  0    cut
 495  sn90N         Ia-norm    0.7311   1.91   0.1846   0.0221    38.50  0    cut
 496  sn02bo        Ia-norm    0.7879   1.91   0.1882   0.0270    39.30  0    cut
 497  sn05gj        Ia-csm     0.8461   1.90   0.4144   0.0134    64.90  0    cut
 498  sn95D         Ia-norm    0.8082   1.90   0.1824   0.0213    37.80  0    cut
 499  sn02bo        Ia-norm    0.7581   1.90   0.1852   0.0256    17.80  0    cut
 500  sn81B         Ia-norm    0.8461   1.90   0.1953   0.0219    22.90  0    cut
 501  sn89B         Ia-norm    0.6607   1.89   0.1813   0.0233    21.40  0    cut
 502  sn04eo        Ia-norm    0.7757   1.89   0.0390   0.0290   224.20  0    cut
 503  sn99ac        Ia-91T     0.8461   1.89   0.1988   0.0250    33.90  0    cut
 504  sn05gj        Ia-csm     0.8461   1.89   0.4148   0.0136    63.00  0    cut
 505  sn95bd        Ia-norm    0.6051   1.88   0.1689   0.0248    21.10  0    cut
 506  sn96X         Ia-norm    0.4806   1.88   0.1826   0.0223    12.70  0    cut
 507  sn03du        Ia-norm    0.6959   1.88   0.1801   0.0249    24.00  0    cut
 508  sn02er        Ia-norm    0.8461   1.88   0.0138   0.0329    16.40  0    cut
 509  sn00cx        Ia-pec     0.8461   1.88   0.1783   0.0228    92.90  0    cut
 510  sn91T         Ia-91T     0.7920   1.87   0.1752   0.0253    75.20  0    cut
 511  sn94D         Ia-norm    0.6931   1.87   0.1798   0.0268    14.30  0    cut
 512  sn03du        Ia-norm    0.8272   1.87   0.0405   0.0379   137.60  0    cut
 513  sn02er        Ia-norm    0.8461   1.87   0.0138   0.0329    15.50  0    cut
 514  sn89B         Ia-norm    0.6593   1.86   0.0091   0.0294    17.40  0    cut
 515  sn05gj        Ia-csm     0.8461   1.86   0.4155   0.0137    65.80  0    cut
 516  sn02bo        Ia-norm    0.7581   1.86   0.1857   0.0254    16.70  0    cut
 517  sn04eo        Ia-norm    0.8042   1.86   0.4310   0.0271    23.40  0    cut
 518  sn94ae        Ia-norm    0.7094   1.86   0.1809   0.0260    40.10  0    cut
 519  sn98bu        Ia-norm    0.6986   1.86   0.1816   0.0228    14.30  0    cut
 520  sn04S         Ia-norm    0.8461   1.86   0.0205   0.0335    14.00  0    cut
 521  sn03du        Ia-norm    0.6972   1.86   0.1805   0.0248    26.00  0    cut
 522  sn05hk        Ia-pec     0.8001   1.86   0.4152   0.0174    42.90  0    cut
 523  sn05gj        Ia-csm     0.8461   1.86   0.4162   0.0144    63.90  0    cut
 524  sn91M         Ia-norm    0.6891   1.85   0.1874   0.0217    24.80  0    cut
 525  sn94S         Ia-norm    0.8001   1.85   0.0136   0.0320    20.90  0    cut
 526  sn03cg        Ia-norm    0.6525   1.85   0.1799   0.0280    23.40  0    cut
 527  sn02bo        Ia-norm    0.8150   1.84   0.1865   0.0286    54.60  0    cut
 528  sn91T         Ia-91T     0.7338   1.84   0.1764   0.0260    67.60  0    cut
 529  sn05hk        Ia-pec     0.7487   1.84   0.4190   0.0171    65.50  0    cut
 530  sn00cx        Ia-pec     0.8461   1.84   0.1821   0.0226    71.00  0    cut
 531  sn94ae        Ia-norm    0.7121   1.84   0.1772   0.0318    70.00  0    cut
 532  sn02er        Ia-norm    0.8461   1.84   0.1945   0.0268    33.20  0    cut
 533  sn03du        Ia-norm    0.6999   1.83   0.1804   0.0251    22.00  0    cut
 534  sn97br        Ia-91T     0.6837   1.83   0.1692   0.0280    23.70  0    cut
 535  sn94ae        Ia-norm    0.8163   1.82   0.1735   0.0256   123.60  0    cut
 536  sn92A         Ia-norm    0.6119   1.82   0.1938   0.0198    11.60  0    cut
 537  sn99by        Ia-91bg    0.7013   1.82   0.1801   0.0340    29.10  0    cut
 538  sn94D         Ia-norm    0.8434   1.82   0.1839   0.0176    11.00  0    cut
 539  sn03du        Ia-norm    0.8461   1.82   0.1837   0.0211    51.60  0    cut
 540  sn03cg        Ia-norm    0.7974   1.81   0.1824   0.0240    52.40  0    cut
 541  sn94M         Ia-norm    0.8109   1.81   0.4297   0.0297    34.10  0    cut
 542  sn89B         Ia-norm    0.6593   1.81   0.0111   0.0326    16.40  0    cut
 543  sn99ac        Ia-91T     0.8461   1.81   0.1986   0.0260    39.90  0    cut
 544  sn98aq        Ia-norm    0.6945   1.80   0.1804   0.0261    18.80  0    cut
 545  sn94D         Ia-norm    0.7040   1.80   0.1810   0.0249    15.30  0    cut
 546  sn05hk        Ia-pec     0.8001   1.80   0.4151   0.0174    42.00  0    cut
 547  sn94ae        Ia-norm    0.6065   1.80   0.1752   0.0306    87.80  0    cut
 548  sn03du        Ia-norm    0.7243   1.79   0.1812   0.0240    19.60  0    cut
 549  sn95bd        Ia-norm    0.5605   1.79   0.1752   0.0308    36.90  0    cut
 550  sn00cx        Ia-pec     0.8461   1.78   0.1841   0.0224    61.10  0    cut
 551  sn95E         Ia-norm    0.8001   1.78   0.1837   0.0229    32.70  0    cut
 552  sn95D         Ia-norm    0.7690   1.78   0.1817   0.0253    42.80  0    cut
 553  sn04eo        Ia-norm    0.8461   1.78   0.1822   0.0249    20.80  0    cut
 554  sn99by        Ia-91bg    0.7013   1.77   0.1799   0.0350    31.10  0    cut
 555  sn05gj        Ia-csm     0.6295   1.76   0.0185   0.0281    17.90  0    cut
 556  sn91bg        Ia-91bg    0.6823   1.76   0.1748   0.0328    50.50  0    cut
 557  sn91M         Ia-norm    0.8461   1.76   0.0205   0.0377    80.00  0    cut
 558  sn95al        Ia-norm    0.8461   1.75   0.1890   0.0237    25.30  0    cut
 559  sn91M         Ia-norm    0.6891   1.75   0.1874   0.0227    25.80  0    cut
 560  sn02bo        Ia-norm    0.6959   1.74   0.1859   0.0255    15.70  0    cut
 561  sn94D         Ia-norm    0.7135   1.74   0.1813   0.0231    17.20  0    cut
 562  sn81B         Ia-norm    0.5348   1.74   0.1743   0.0244    93.50  0    cut
 563  sn89B         Ia-norm    0.6525   1.74   0.1818   0.0235    23.40  0    cut
 564  sn94D         Ia-norm    0.6810   1.73   0.2060   0.0276    -9.60  0    cut
 565  sn94D         Ia-norm    0.7162   1.73   0.0124   0.0310    15.20  0    cut
 566  sn91T         Ia-91T     0.7893   1.72   0.1782   0.0281    46.60  0    cut
 567  sn05hk        Ia-pec     0.8001   1.72   0.4149   0.0193    39.00  0    cut
 568  sn02bo        Ia-norm    0.6945   1.72   0.1861   0.0261    14.80  0    cut
 569  sn00cx        Ia-pec     0.5686   1.72   0.1844   0.0298    28.40  0    cut
 570  sn99by        Ia-91bg    0.7013   1.72   0.1799   0.0365    33.10  0    cut
 571  sn03du        Ia-norm    0.8461   1.72   0.0129   0.0343    21.80  0    cut
 572  sn02bo        Ia-norm    0.6999   1.71   0.1792   0.0366    72.50  0    cut
 573  sn03du        Ia-norm    0.6986   1.71   0.1811   0.0240    17.00  0    cut
 574  sn99aa        Ia-91T     0.8461   1.71   0.0272   0.0336    53.90  0    cut
 575  sn81B         Ia-norm    0.4820   1.70   0.1921   0.0317    33.80  0    cut
 576  sn03du        Ia-norm    0.6986   1.70   0.1806   0.0253    20.00  0    cut
 577  sn04eo        Ia-norm    0.8461   1.70   0.1821   0.0229    12.40  0    cut
 578  sn81B         Ia-norm    0.8461   1.70   0.1888   0.0233    19.90  0    cut
 579  sn97br        Ia-91T     0.8231   1.68   0.4186   0.0286    66.40  0    cut
 580  sn05hk        Ia-pec     0.7514   1.68   0.4140   0.0195    37.00  0    cut
 581  sn94D         Ia-norm    0.7162   1.67   0.0219   0.0364    12.20  0    cut
 582  sn03du        Ia-norm    0.8461   1.66   0.0334   0.0405   141.30  0    cut
 583  sn94D         Ia-norm    0.7013   1.66   0.1804   0.0297    15.20  0    cut
 584  sn03du        Ia-norm    0.6999   1.66   0.1810   0.0283    29.00  0    cut
 585  sn91bg        Ia-91bg    0.7026   1.66   0.2893   0.0336    88.10  0    cut
 586  sn00cx        Ia-pec     0.6241   1.65   0.1849   0.0329    30.40  0    cut
 587  sn03du        Ia-norm    0.6986   1.65   0.1805   0.0258    19.00  0    cut
 588  sn97cn        Ia-91bg    0.7987   1.64   0.1771   0.0301    43.40  0    cut
 589  sn02cx        Ia-pec     0.5226   1.63   0.1638   0.0299    14.20  0    cut
 590  sn94D         Ia-norm    0.7229   1.62   0.1814   0.0243    19.20  0    cut
 591  sn94D         Ia-norm    0.7121   1.62   0.0197   0.0356    13.20  0    cut
 592  sn91T         Ia-91T     0.7270   1.61   0.1790   0.0289    45.70  0    cut
 593  sn97br        Ia-91T     0.7256   1.61   0.1790   0.0306    49.10  0    cut
 594  sn96X         Ia-norm    0.8461   1.61   0.1861   0.0234    24.70  0    cut
 595  sn03cg        Ia-norm    0.6972   1.61   0.1790   0.0308    23.40  0    cut
 596  sn03cg        Ia-norm    0.5754   1.61   0.1837   0.0297    28.50  0    cut
 597  sn04eo        Ia-norm    0.8285   1.61   0.4326   0.0297    21.40  0    cut
 598  sn02ic        Ia-csm     0.5659   1.61   0.0006   0.0304    65.60  0    cut
 599  sn00cx        Ia-pec     0.5876   1.60   0.1852   0.0303    26.40  0    cut
 600  sn92A         Ia-norm    0.6187   1.60   0.1922   0.0230    24.20  0    cut
 601  sn03du        Ia-norm    0.6986   1.59   0.1804   0.0312    34.00  0    cut
 602  sn03du        Ia-norm    0.5889   1.59   0.1801   0.0307    33.40  0    cut
 603  sn03du        Ia-norm    0.7053   1.59   0.1788   0.0353    49.80  0    cut
 604  sn03du        Ia-norm    0.6959   1.59   0.1774   0.0374    56.70  0    cut
 605  sn03du        Ia-norm    0.8461   1.58   0.1828   0.0234    63.40  0    cut
 606  sn89B         Ia-norm    0.6539   1.57   0.1827   0.0246    24.40  0    cut
 607  sn95ac        Ia-norm    0.6336   1.56   0.1753   0.0342    24.40  0    cut
 608  sn98aq        Ia-norm    0.6999   1.56   0.1715   0.0316    90.50  0    cut
 609  sn94D         Ia-norm    0.8163   1.55   0.1838   0.0288    50.00  0    cut
 610  sn86G         Ia-91bg    0.4630   1.55   0.1788   0.0203    21.10  0    cut
 611  sn03du        Ia-norm    0.6999   1.55   0.1780   0.0353    51.80  0    cut
 612  sn04eo        Ia-norm    0.8461   1.55   0.1823   0.0265    14.00  0    cut
 613  sn98bu        Ia-norm    0.7013   1.55   0.1810   0.0314    29.20  0    cut
 614  sn98bu        Ia-norm    0.6999   1.55   0.1812   0.0310    28.20  0    cut
 615  sn01el        Ia-norm    0.7026   1.54   0.0618   0.0237    -3.70  0    cut
 616  sn03cg        Ia-norm    0.7405   1.54   0.1803   0.0343    19.40  0    cut
 617  sn94D         Ia-norm    0.6011   1.54   0.1759   0.0325    46.20  0    cut
 618  sn02cx        Ia-pec     0.6891   1.53   0.4136   0.0192    18.20  0    cut
 619  sn03du        Ia-norm    0.6904   1.53   0.1767   0.0382    60.70  0    cut
 620  sn04eo        Ia-norm    0.8461   1.53   0.1840   0.0264    53.30  0    cut
 621  sn91bg        Ia-91bg    0.7270   1.53   0.1764   0.0362    54.50  0    cut
 622  sn05gj        Ia-csm     0.6282   1.53   0.1871   0.0343     7.70  0    cut
 623  sn03du        Ia-norm    0.6945   1.52   0.1764   0.0377    61.70  0    cut
 624  sn96X         Ia-norm    0.8461   1.52   0.1853   0.0244    22.50  0    cut
 625  sn94D         Ia-norm    0.7026   1.52   0.1781   0.0366    50.10  0    cut
 626  sn98bu        Ia-norm    0.6972   1.52   0.1810   0.0316    30.20  0    cut
 627  sn86G         Ia-91bg    0.4792   1.51   0.1771   0.0567    41.60  0    cut
 628  sn94D         Ia-norm    0.6972   1.51   0.1786   0.0401    57.10  0    cut
 629  sn04eo        Ia-norm    0.7094   1.51   0.1775   0.0292    71.10  0    cut
 630  sn00cx        Ia-pec     0.5889   1.51   0.1854   0.0297    22.40  0    cut
 631  sn98bu        Ia-norm    0.6959   1.50   0.1803   0.0332    31.10  0    cut
 632  sn03du        Ia-norm    0.8461   1.50   0.1817   0.0240    72.30  0    cut
 633  sn98bu        Ia-norm    0.6959   1.50   0.1804   0.0341    32.10  0    cut
 634  sn81B         Ia-norm    0.8285   1.49   0.1870   0.0257    16.90  0    cut
 635  sn03cg        Ia-norm    0.6512   1.49   0.1648   0.0365    38.30  0    cut
 636  sn02bo        Ia-norm    0.6999   1.49   0.1736   0.0395    79.40  0    cut
 637  sn99by        Ia-91bg    0.7013   1.49   0.1803   0.0412    42.10  0    cut
 638  sn03du        Ia-norm    0.7283   1.48   0.0378   0.0435   375.30  0    cut
 639  sn98bu        Ia-norm    0.6999   1.48   0.1811   0.0337    33.20  0    cut
 640  sn98aq        Ia-norm    0.6959   1.48   0.1803   0.0352    33.80  0    cut
 641  sn94D         Ia-norm    0.6931   1.48   0.1816   0.0457    55.10  0    cut
 642  sn98aq        Ia-norm    0.6959   1.48   0.1802   0.0347    31.80  0    cut
 643  sn98bu        Ia-norm    0.6999   1.48   0.1800   0.0345    34.20  0    cut
 644  sn98aq        Ia-norm    0.6972   1.47   0.1800   0.0348    30.80  0    cut
 645  sn89B         Ia-norm    0.6539   1.46   0.1811   0.0284    25.40  0    cut
 646  sn98bu        Ia-norm    0.6999   1.46   0.1811   0.0353    35.20  0    cut
 647  sn98bu        Ia-norm    0.7013   1.46   0.1804   0.0398    43.10  0    cut
 648  sn98bu        Ia-norm    0.6999   1.46   0.1805   0.0365    38.20  0    cut
 649  sn90O         Ia-norm    0.6011   1.46   0.0172   0.0379    19.10  0    cut
 650  sn05hk        Ia-pec     0.5320   1.46   0.1621   0.0285    53.80  0    cut
 651  sn98bu        Ia-norm    0.6972   1.46   0.1802   0.0359    36.20  0    cut
 652  sn98bu        Ia-norm    0.6972   1.46   0.1803   0.0362    37.20  0    cut
 653  sn98bu        Ia-norm    0.7013   1.45   0.1807   0.0388    40.10  0    cut
 654  sn86G         Ia-91bg    0.4968   1.45   0.1846   0.0401    22.10  0    cut
 655  sn03du        Ia-norm    0.8461   1.45   0.1790   0.0249    84.30  0    cut
 656  sn98bu        Ia-norm    0.6999   1.45   0.1804   0.0389    39.20  0    cut
 657  sn98bu        Ia-norm    0.6986   1.44   0.1799   0.0407    44.10  0    cut
 658  sn97cn        Ia-91bg    0.6904   1.44   0.2652   0.0270    28.70  0    cut
 659  sn03du        Ia-norm    0.8461   1.44   0.3122   0.0421   220.70  0    cut
 660  sn99aa        Ia-91T     0.8461   1.44   0.4427   0.0305    41.10  0    cut
 661  sn86G         Ia-91bg    0.6187   1.44   0.1924   0.0444    54.50  0    cut
 662  sn86G         Ia-91bg    0.4792   1.43   0.1777   0.0316    32.10  0    cut
 663  sn98aq        Ia-norm    0.6999   1.43   0.1721   0.0344    81.60  0    cut
 664  sn98bu        Ia-norm    0.7013   1.43   0.1807   0.0406    42.10  0    cut
 665  sn98aq        Ia-norm    0.6999   1.43   0.1721   0.0347    78.60  0    cut
 666  sn98aq        Ia-norm    0.6999   1.42   0.1749   0.0397    65.60  0    cut
 667  sn03du        Ia-norm    0.6715   1.42   0.1794   0.0401    45.60  0    cut
 668  sn98bu        Ia-norm    0.7013   1.42   0.1803   0.0394    41.10  0    cut
 669  sn98aq        Ia-norm    0.6959   1.41   0.1794   0.0375    35.80  0    cut
 670  sn94D         Ia-norm    0.6999   1.41   0.1782   0.0427    59.10  0    cut
 671  sn91bg        Ia-91bg    0.7554   1.41   0.1794   0.0393    46.50  0    cut
 672  sn94Q         Ia-norm    0.5023   1.41   0.0114   0.0359    18.50  0    cut
 673  sn04eo        Ia-norm    0.7906   1.41   0.1804   0.0271    45.40  0    cut
 674  sn90O         Ia-norm    0.5578   1.40   0.0172   0.0388    19.90  0    cut
 675  sn98aq        Ia-norm    0.6999   1.40   0.1756   0.0410    62.60  0    cut
 676  sn98aq        Ia-norm    0.6999   1.39   0.1764   0.0417    57.70  0    cut
 677  sn00cx        Ia-pec     0.5862   1.39   0.1837   0.0324    24.40  0    cut
 678  sn98aq        Ia-norm    0.6999   1.39   0.1757   0.0418    59.60  0    cut
 679  sn98aq        Ia-norm    0.6999   1.39   0.1768   0.0430    54.70  0    cut
 680  sn98aq        Ia-norm    0.6999   1.38   0.1779   0.0434    50.60  0    cut
 681  sn90N         Ia-norm    0.8191   1.38   0.3000   0.0427   228.10  0    cut
 682  sn89B         Ia-norm    0.6742   1.37   0.1799   0.0331    37.30  0    cut
 683  sn05gj        Ia-csm     0.6187   1.37   0.1980   0.0359   -12.10  0    cut
 684  sn89B         Ia-norm    0.6755   1.33   0.1806   0.0308    31.40  0    cut
 685  sn90N         Ia-norm    0.6363   1.32   0.3005   0.0385   309.80  0    cut
 686  sn91bg        Ia-91bg    0.6376   1.32   0.1811   0.0284    34.40  0    cut
 687  sn97br        Ia-91T     0.6810   1.32   0.1703   0.0386    42.10  0    cut
 688  sn02ic        Ia-csm     0.7419   1.32   0.1782   0.0359    31.90  0    cut
 689  sn98bu        Ia-norm    0.6999   1.31   0.1772   0.0428    57.10  0    cut
 690  sn94D         Ia-norm    0.7094   1.31   0.1762   0.0365    43.20  0    cut
 691  sn86G         Ia-91bg    0.6024   1.30   0.1716   0.0412    52.00  0    cut
 692  sn94D         Ia-norm    0.6904   1.28   0.1803   0.0426    40.30  0    cut
 693  sn86G         Ia-91bg    0.4860   1.27  -0.0094   0.0000    23.10  0    cut
 694  sn91bg        Ia-91bg    0.7216   1.26   0.1676   0.0418   113.20  0    cut
 695  sn91bg        Ia-91bg    0.7297   1.26   0.0435   0.0346   117.20  0    cut
 696  sn00E         Ia-norm    0.5212   1.25   0.1690   0.0341   121.20  0    cut
 697  sn89B         Ia-norm    0.7094   1.23   0.1737   0.0475    51.00  0    cut
 698  sn86G         Ia-91bg    0.6173   1.23   0.1817   0.0500    45.60  0    cut
 699  sn86G         Ia-91bg    0.6024   1.22   0.1713   0.0418    54.00  0    cut
 700  sn97br        Ia-91T     0.8461   1.22   0.1811   0.0323    71.90  0    cut
 701  sn86G         Ia-91bg    0.6038   1.21   0.1771   0.0456    49.50  0    cut
 702  sn02ic        Ia-csm     0.8123   1.21   0.4173   0.0246    44.10  0    cut
 703  sn86G         Ia-91bg    0.7595   1.20   0.1705   0.0291   103.00  0    cut
 704  sn02er        Ia-norm    0.6931   1.18   0.1879   0.0364    24.20  0    cut
 705  sn91bg        Ia-91bg    0.8461   1.17   0.3285   0.0488   117.20  0    cut
 706  sn86G         Ia-91bg    0.6024   1.15   0.1715   0.0444    56.00  0    cut
 707  sn03du        Ia-norm    0.7933   1.14   1.0185   0.0343    87.10  0    cut
 708  sn05hk        Ia-pec     0.4738   1.14   0.4165   0.0225    26.40  0    cut
 709  sn86G         Ia-91bg    0.6268   1.11   0.1757   0.0475    44.60  0    cut
 710  sn91bg        Ia-91bg    0.8461   1.06   0.1935   0.0377    46.30  0    cut
 711  sn04eo        Ia-norm    0.6850   1.05   0.1739   0.0514    67.00  0    cut
 712  sn02bo        Ia-norm    0.7189   0.97   0.9997   0.0319    83.30  0    cut
 713  sn94ae        Ia-norm    0.8163   0.89   0.2989   0.0358   367.70  0    cut
 714  sn04eo        Ia-norm    0.6539   0.83   0.1779   0.0438    48.40  0    cut
 715  sn91bg        Ia-91bg    0.8461   0.73   0.1808   0.0483    53.50  0    cut
 716  sn04eo        Ia-norm    0.6620   0.73   0.3613   0.0744    49.40  0    cut
 717  sn91bg        Ia-91bg    0.8461   0.73   0.1782   0.0477    53.30  0    cut
