### SNID output file ###
 
### input spectrum and options ###
# Input spectrum                 : 18650_5.20.dat
# Parameter file                 : NA
# Wavelength range               :    3902.30   7362.72
# Mask file                      : NA
# Median filtering width [A]     : NA
# Median filtering width [pix]   :       1.00
# Clip emission redshift         : NA
# Clip sky lines                 : 0
# Emission clip width [A]        : NA
# Keep A-band                    : 1
# Age range                      :     -90.00   1000.00
# Delta range                    :      -9.99     99.90
# Min. number of spectra/template:   1
# Use only templates             : NA
# Use only types                 : Ia
# Avoid templates                : NA
# Avoid types                    : NA
# rlapmin                        :       5.00
# Redshift range                 :    -0.0100    1.2000
# Forced initial redshift        : NA
# Extra fake redshift            : NA
# Nsigma for initial redshift    : NA
# Redshift filter                :     0.0200
# Wavenumbers k1,k2,k3,k4        :     1    4   85  102
# Template directory             : /Users/daniel/snid-5.0/templates/
 
### initial/user-input redshift ###
zinit       0.1155
zuser       0.1155
 
### median redshift/age and error ###
zmed        0.1155    0.0048
agem         -0.40      4.73
 
### type fraction/redshift/age ###
#type ntemp fraction slope redshift redshift_error age age_error
Ia            159      1.00    0.0000    0.1155    0.0048    -0.400     4.731
Ia-norm       144      0.91    0.0139    0.1153    0.0047    -0.400     4.756
Ia-91T          7      0.04   -0.0050    0.1198    0.0043     0.800     1.715
Ia-91bg         2      0.01   -0.0023    0.1121    0.0012    -1.550     1.626
Ia-csm          0      0.00    0.0000    0.0000    0.0000     0.000     0.000
Ia-pec          6      0.04   -0.0067    0.1186    0.0028    -4.050     6.632
###
Ib              0      0.00    0.0000    0.0000    0.0000     0.000     0.000
Ib-norm         0      0.00    0.0000    0.0000    0.0000     0.000     0.000
Ib-pec          0      0.00    0.0000    0.0000    0.0000     0.000     0.000
IIb             0      0.00    0.0000    0.0000    0.0000     0.000     0.000
###
Ic              0      0.00    0.0000    0.0000    0.0000     0.000     0.000
Ic-norm         0      0.00    0.0000    0.0000    0.0000     0.000     0.000
Ic-pec          0      0.00    0.0000    0.0000    0.0000     0.000     0.000
Ic-broad        0      0.00    0.0000    0.0000    0.0000     0.000     0.000
###
II              0      0.00    0.0000    0.0000    0.0000     0.000     0.000
IIP             0      0.00    0.0000    0.0000    0.0000     0.000     0.000
II-pec          0      0.00    0.0000    0.0000    0.0000     0.000     0.000
IIn             0      0.00    0.0000    0.0000    0.0000     0.000     0.000
IIL             0      0.00    0.0000    0.0000    0.0000     0.000     0.000
###
NotSN           0      0.00    0.0000    0.0000    0.0000     0.000     0.000
AGN             0      0.00    0.0000    0.0000    0.0000     0.000     0.000
Gal             0      0.00    0.0000    0.0000    0.0000     0.000     0.000
LBV             0      0.00    0.0000    0.0000    0.0000     0.000     0.000
M-star          0      0.00    0.0000    0.0000    0.0000     0.000     0.000
 
### rlap-ordered template listings ###
#no. sn type lap rlap z zerr age age_flag grade
   1  sn81B         Ia-norm    0.6322  14.71   0.1251   0.0036    -0.90  0   good
   2  sn81B         Ia-norm    0.6322  14.56   0.1251   0.0037     0.00  0   good
   3  sn01el        Ia-norm    0.4454  13.51   0.1170   0.0030     1.30  0   good
   4  sn05hj        Ia-norm    0.5104  13.10   0.1138   0.0032     1.60  0   good
   5  sn05hj        Ia-norm    0.5117  12.81   0.1146   0.0033    -0.30  0   good
   6  sn94ae        Ia-norm    0.5984  12.07   0.1142   0.0038     3.30  0   good
   7  sn92A         Ia-norm    0.6322  11.84   0.1244   0.0042    -0.40  0   good
   8  sn02er        Ia-norm    0.6322  11.37   0.1203   0.0047    -6.40  0   good
   9  sn92A         Ia-norm    0.6322  11.04   0.1275   0.0046    -5.00  0   good
  10  sn03cg        Ia-norm    0.5009  10.90   0.1158   0.0040    -1.80  0   good
  11  sn94ae        Ia-norm    0.6092  10.82   0.1149   0.0044     1.30  0   good
  12  sn02er        Ia-norm    0.6322  10.76   0.1172   0.0046    -2.50  0   good
  13  sn92A         Ia-norm    0.6255  10.65   0.1244   0.0046    -0.60  0   good
  14  sn02er        Ia-norm    0.6322  10.63   0.1169   0.0047    -1.50  0   good
  15  sn90O         Ia-norm    0.6322  10.63   0.1230   0.0051    -5.10  0   good
  16  sn02er        Ia-norm    0.6322  10.46   0.1188   0.0049    -5.40  0   good
  17  sn92A         Ia-norm    0.6322  10.43   0.1220   0.0047     2.40  0   good
  18  sn02er        Ia-norm    0.6322  10.25   0.1155   0.0049    -0.50  0   good
  19  sn92A         Ia-norm    0.6309  10.22   0.1272   0.0049    -5.00  0   good
  20  sn02bo        Ia-norm    0.6322  10.14   0.1233   0.0056    -4.50  0   good
  21  sn02er        Ia-norm    0.6322  10.01   0.1168   0.0050    -3.50  0   good
  22  sn90O         Ia-norm    0.6322  10.01   0.1237   0.0055    -6.10  0   good
  23  sn04eo        Ia-norm    0.6322   9.37   0.1141   0.0052    -6.40  0   good
  24  sn90N         Ia-norm    0.6322   9.35   0.1093   0.0048     4.90  0   good
  25  sn02bo        Ia-norm    0.6322   9.34   0.1213   0.0060    -2.50  0   good
  26  sn02bo        Ia-norm    0.6322   9.29   0.1207   0.0060    -1.40  0   good
  27  sn98aq        Ia-norm    0.5727   9.28   0.1141   0.0046     1.90  0   good
  28  sn98aq        Ia-norm    0.5727   9.26   0.1138   0.0046     2.90  0   good
  29  sn02er        Ia-norm    0.6322   9.22   0.1192   0.0055    -4.40  0   good
  30  sn02bo        Ia-norm    0.6322   9.18   0.1222   0.0062    -3.40  0   good
  31  sn98aq        Ia-norm    0.5713   9.10   0.1143   0.0048     0.90  0   good
  32  sn98aq        Ia-norm    0.5727   9.10   0.1136   0.0046     3.90  0   good
  33  sn92A         Ia-norm    0.6241   9.09   0.1220   0.0052     3.30  0   good
  34  sn03cg        Ia-norm    0.5930   9.08   0.1127   0.0047     1.50  0   good
  35  sn90O         Ia-norm    0.6322   8.99   0.1246   0.0063    -7.10  0   good
  36  sn03du        Ia-norm    0.6322   8.95   0.1134   0.0053     0.80  0   good
  37  sn94D         Ia-norm    0.6322   8.93   0.1104   0.0049     2.90  0   good
  38  sn95E         Ia-norm    0.5957   8.85   0.1144   0.0052     0.10  0   good
  39  sn03du        Ia-norm    0.6322   8.77   0.1112   0.0051     5.00  0   good
  40  sn95D         Ia-norm    0.6322   8.73   0.1113   0.0054     4.20  0   good
  41  sn02er        Ia-norm    0.6322   8.73   0.1124   0.0057     3.40  0   good
  42  sn98aq        Ia-norm    0.5727   8.72   0.1134   0.0047     4.90  0   good
  43  sn98aq        Ia-norm    0.5713   8.72   0.1147   0.0051     0.00  0   good
  44  sn91M         Ia-norm    0.6322   8.67   0.1172   0.0059     2.70  0   good
  45  sn03du        Ia-norm    0.6322   8.62   0.1242   0.0062    -6.20  0   good
  46  sn02er        Ia-norm    0.6322   8.54   0.1221   0.0064    -8.40  0   good
  47  sn02bo        Ia-norm    0.6322   8.54   0.1193   0.0065    -1.50  0   good
  48  sn94D         Ia-norm    0.6322   8.54   0.1155   0.0055    -3.80  0   good
  49  sn89B         Ia-norm    0.6322   8.48   0.1126   0.0057    -0.50  0   good
  50  sn05hj        Ia-norm    0.5117   8.46   0.1137   0.0048     4.30  0   good
  51  sn89B         Ia-norm    0.6322   8.41   0.1101   0.0055     3.50  0   good
  52  sn03du        Ia-norm    0.6322   8.34   0.1104   0.0055     3.90  0   good
  53  sn94D         Ia-norm    0.6322   8.32   0.1134   0.0050     2.20  0   good
  54  sn94ae        Ia-norm    0.6119   8.32   0.1138   0.0055     2.30  0   good
  55  sn02bo        Ia-norm    0.6322   8.31   0.1202   0.0066    -1.20  0   good
  56  sn03cg        Ia-norm    0.5023   8.18   0.1152   0.0051    -2.30  0   good
  57  sn94D         Ia-norm    0.6322   8.17   0.1143   0.0054    -1.80  0   good
  58  sn03du        Ia-norm    0.6322   8.03   0.1134   0.0060    -1.10  0   good
  59  sn98aq        Ia-norm    0.5727   8.02   0.1133   0.0050     5.90  0   good
  60  sn03du        Ia-norm    0.6322   7.98   0.1166   0.0066    -7.00  0   good
  61  sn03du        Ia-norm    0.6322   7.94   0.1123   0.0058     1.90  0   good
  62  sn03du        Ia-norm    0.6322   7.91   0.1133   0.0060    -0.20  0   good
  63  sn96X         Ia-norm    0.6011   7.90   0.1151   0.0052     0.00  0   good
  64  sn96X         Ia-norm    0.5686   7.86   0.1152   0.0055    -1.10  0   good
  65  sn94D         Ia-norm    0.5740   7.86   0.1158   0.0058    -3.60  0   good
  66  sn96X         Ia-norm    0.6322   7.86   0.1146   0.0057     0.90  0   good
  67  sn02bo        Ia-norm    0.6322   7.80   0.1186   0.0070    -0.30  0   good
  68  sn03du        Ia-norm    0.6322   7.80   0.1279   0.0076   -10.10  0   good
  69  sn04eo        Ia-norm    0.6322   7.77   0.1095   0.0058     2.20  0   good
  70  sn96X         Ia-norm    0.6322   7.76   0.1140   0.0056     1.90  0   good
  71  sn96X         Ia-norm    0.5997   7.71   0.1142   0.0054     1.90  0   good
  72  sn94ae        Ia-norm    0.6322   7.63   0.1123   0.0062     6.40  0   good
  73  sn94ae        Ia-norm    0.6255   7.59   0.1127   0.0062     4.40  0   good
  74  sn92A         Ia-norm    0.6322   7.49   0.1264   0.0062     5.90  0   good
  75  sn96X         Ia-norm    0.6011   7.47   0.1147   0.0055     1.00  0   good
  76  sn89B         Ia-norm    0.6322   7.42   0.1096   0.0060     5.50  0   good
  77  sn96X         Ia-norm    0.5997   7.37   0.1138   0.0056     2.90  0   good
  78  sn01el        Ia-norm    0.4616   7.33   0.1201   0.0057    -3.70  0   good
  79  sn03cg        Ia-norm    0.6322   7.31   0.1123   0.0060     4.50  0   good
  80  sn99aw        Ia-91T     0.6322   7.27   0.1198   0.0072     3.20  0   good
  81  sn99aa        Ia-91T     0.6322   7.26   0.1256   0.0071    -0.60  0   good
  82  sn98bu        Ia-norm    0.5700   7.24   0.1148   0.0060    -0.70  0   good
  83  sn89B         Ia-norm    0.6322   7.20   0.1151   0.0069    -6.30  0   good
  84  sn99aw        Ia-91T     0.6322   7.16   0.1229   0.0078     0.30  0   good
  85  sn99ac        Ia-91T     0.6322   7.16   0.1198   0.0077     0.80  0   good
  86  sn03du        Ia-norm    0.6322   7.15   0.1107   0.0061     7.90  0   good
  87  sn98bu        Ia-norm    0.5700   7.13   0.1153   0.0061    -1.70  0   good
  88  sn94S         Ia-norm    0.5591   7.13   0.1153   0.0067    -3.40  0   good
  89  sn03du        Ia-norm    0.6322   7.09   0.1147   0.0067    -3.20  0   good
  90  sn03du        Ia-norm    0.5727   7.05   0.1134   0.0060     2.20  0   good
  91  sn90N         Ia-norm    0.6322   7.03   0.1334   0.0100   -13.20  0   good
  92  sn03du        Ia-norm    0.5754   6.98   0.1131   0.0060     3.10  0   good
  93  sn03cg        Ia-norm    0.5645   6.95   0.1149   0.0062    -0.50  0   good
  94  sn96X         Ia-norm    0.6011   6.92   0.1162   0.0059    -2.00  0   good
  95  sn90N         Ia-norm    0.5564   6.86   0.1092   0.0059     2.60  0   good
  96  sn98bu        Ia-norm    0.5700   6.86   0.1155   0.0064    -2.80  0   good
  97  sn03du        Ia-norm    0.6322   6.85   0.1155   0.0073    -5.00  0   good
  98  sn94ae        Ia-norm    0.6322   6.84   0.1137   0.0067     3.30  0   good
  99  sn98aq        Ia-norm    0.5727   6.83   0.1130   0.0058     6.90  0   good
 100  sn94M         Ia-norm    0.5564   6.81   0.1171   0.0068     5.00  0   good
 101  sn96X         Ia-norm    0.6011   6.81   0.1165   0.0060    -3.00  0   good
 102  sn06gz        Ia-pec     0.5794   6.77   0.1180   0.0058    -2.60  0   good
 103  sn03du        Ia-norm    0.5754   6.71   0.1145   0.0064    -0.80  0   good
 104  sn95D         Ia-norm    0.6322   6.70   0.1103   0.0066     6.10  0   good
 105  sn99ac        Ia-91T     0.6322   6.67   0.1187   0.0080     3.10  0   good
 106  sn86G         Ia-91bg    0.5172   6.62   0.1112   0.0071    -0.40  0   good
 107  sn06gz        Ia-pec     0.5821   6.60   0.1193   0.0059    -5.50  0   good
 108  sn99aa        Ia-91T     0.6322   6.53   0.1301   0.0073     2.70  0   good
 109  sn98bu        Ia-norm    0.5672   6.52   0.1139   0.0067     1.20  0   good
 110  sn96X         Ia-norm    0.5970   6.50   0.1129   0.0062     4.90  0   good
 111  sn99ee        Ia-norm    0.6322   6.50   0.1165   0.0087     0.30  0   good
 112  sn90N         Ia-norm    0.6322   6.48   0.1189   0.0084    -6.40  0   good
 113  sn03cg        Ia-norm    0.5700   6.46   0.1166   0.0071    -5.90  0   good
 114  sn02er        Ia-norm    0.6322   6.45   0.1112   0.0074     5.50  0   good
 115  sn94S         Ia-norm    0.5618   6.37   0.1138   0.0067     1.40  0   good
 116  sn04eo        Ia-norm    0.5903   6.35   0.1122   0.0067    -2.80  0   good
 117  sn92A         Ia-norm    0.6322   6.34   0.1197   0.0073     6.30  0   good
 118  sn94M         Ia-norm    0.5172   6.32   0.1182   0.0072     4.00  0   good
 119  sn94D         Ia-norm    0.6322   6.28   0.1165   0.0071    -4.80  0   good
 120  sn94D         Ia-norm    0.5727   6.23   0.1146   0.0068     0.40  0   good
 121  sn99ee        Ia-norm    0.6322   6.22   0.1148   0.0087     2.20  0   good
 122  sn03cg        Ia-norm    0.5916   6.20   0.1173   0.0070    -6.80  0   good
 123  sn90O         Ia-norm    0.5930   6.17   0.1206   0.0077    -0.40  0   good
 124  sn95E         Ia-norm    0.5862   6.11   0.1156   0.0073    -1.90  0   good
 125  sn94S         Ia-norm    0.5307   6.09   0.1148   0.0085    -2.50  0   good
 126  sn99ee        Ia-norm    0.6322   6.06   0.1135   0.0083     7.10  0   good
 127  sn03du        Ia-norm    0.5754   6.02   0.1176   0.0080    -7.80  0   good
 128  sn86G         Ia-91bg    0.5226   5.99   0.1130   0.0079    -2.70  0   good
 129  sn95E         Ia-norm    0.5821   5.84   0.1142   0.0072     2.00  0   good
 130  sn03du        Ia-norm    0.5754   5.79   0.1184   0.0088    -8.80  0   good
 131  sn95D         Ia-norm    0.6322   5.74   0.1099   0.0077     8.10  0   good
 132  sn04S         Ia-norm    0.6322   5.73   0.1089   0.0083     7.50  0   good
 133  sn94D         Ia-norm    0.6322   5.72   0.1279   0.0108   -10.60  0   good
 134  sn04S         Ia-norm    0.6322   5.71   0.1122   0.0097     1.70  0   good
 135  sn96X         Ia-norm    0.5618   5.70   0.1157   0.0071    -0.90  0   good
 136  sn94D         Ia-norm    0.5754   5.58   0.1162   0.0077    -2.60  0   good
 137  sn02bo        Ia-norm    0.5727   5.54   0.1277   0.0096    -8.10  0   good
 138  sn03cg        Ia-norm    0.5781   5.54   0.1180   0.0079    -7.50  0   good
 139  sn02bo        Ia-norm    0.6322   5.53   0.1148   0.0092     5.50  0   good
 140  sn96X         Ia-norm    0.6011   5.51   0.1126   0.0073     5.90  0   good
 141  sn94ae        Ia-norm    0.6322   5.50   0.1116   0.0081     9.40  0   good
 142  sn02bo        Ia-norm    0.5727   5.47   0.1264   0.0098    -7.00  0   good
 143  sn06gz        Ia-pec     0.5903   5.47   0.1147   0.0064     5.20  0   good
 144  sn03cg        Ia-norm    0.5930   5.45   0.1168   0.0075    -4.50  0   good
 145  sn94D         Ia-norm    0.6322   5.44   0.1169   0.0083    -5.60  0   good
 146  sn06gz        Ia-pec     0.6322   5.39   0.1203   0.0060    -9.30  0   good
 147  sn03du        Ia-norm    0.6322   5.38   0.1106   0.0079     8.90  0   good
 148  sn06gz        Ia-pec     0.6322   5.34   0.1207   0.0062   -10.30  0   good
 149  sn00E         Ia-norm    0.6038   5.31   0.1172   0.0089    -2.50  0   good
 150  sn02bo        Ia-norm    0.5727   5.27   0.1251   0.0101    -6.00  0   good
 151  sn06gz        Ia-pec     0.6106   5.23   0.1141   0.0066     4.30  0   good
 152  sn03du        Ia-norm    0.5754   5.17   0.1193   0.0099    -9.70  0   good
 153  sn03du        Ia-norm    0.6227   5.16   0.1216   0.0117   -10.10  0   good
 154  sn02bo        Ia-norm    0.5727   5.12   0.1241   0.0102    -5.10  0   good
 155  sn94D         Ia-norm    0.5659   5.10   0.1186   0.0089    -7.70  0   good
 156  sn99aw        Ia-91T     0.4630   5.08   0.1186   0.0085    -0.70  0   good
 157  sn00E         Ia-norm    0.6160   5.08   0.1176   0.0095    -5.50  0   good
 158  sn94M         Ia-norm    0.6024   5.06   0.1161   0.0079     7.90  0   good
 159  sn94D         Ia-norm    0.5483   5.03   0.1192   0.0099    -8.70  0   good
#--- rlap cutoff
 160  sn02bo        Ia-norm    0.5727   4.98   0.1221   0.0104    -3.10  0    cut
 161  sn89B         Ia-norm    0.6282   4.98   0.1085   0.0085     7.50  0    cut
 162  sn00E         Ia-norm    0.5930   4.98   0.1174   0.0092    -1.40  0    cut
 163  sn98aq        Ia-norm    0.5713   4.97   0.1166   0.0092    -9.00  0    cut
 164  sn94T         Ia-norm    0.5199   4.96   0.1140   0.0098     1.20  0    cut
 165  sn02bo        Ia-norm    0.5727   4.96   0.1230   0.0104    -4.00  0    cut
 166  sn96X         Ia-norm    0.5984   4.95   0.1121   0.0080     6.90  0    cut
 167  sn06gz        Ia-pec     0.5483   4.94   0.1213   0.0074   -14.30  0    cut
 168  sn99ee        Ia-norm    0.6322   4.90   0.1267   0.0129    -6.70  0    cut
 169  sn02er        Ia-norm    0.5700   4.88   0.1158   0.0089     1.50  0    cut
 170  sn02bo        Ia-norm    0.5727   4.87   0.1214   0.0105    -2.10  0    cut
 171  sn02er        Ia-norm    0.5821   4.84   0.1134   0.0089     4.40  0    cut
 172  sn06gz        Ia-pec     0.6322   4.81   0.1136   0.0070     6.30  0    cut
 173  sn02bo        Ia-norm    0.5727   4.74   0.1202   0.0107    -1.20  0    cut
 174  sn03fg        Ia-pec     0.6322   4.73   0.1041   0.0078     2.00  0    cut
 175  sn92A         Ia-norm    0.6255   4.73   0.1198   0.0090     7.30  0    cut
 176  sn93ac        Ia-norm    0.6322   4.71   0.1162   0.0099     6.90  0    cut
 177  sn06gz        Ia-pec     0.6322   4.70   0.1222   0.0069   -12.30  0    cut
 178  sn95E         Ia-norm    0.5686   4.64   0.1109   0.0088     7.00  0    cut
 179  sn03du        Ia-norm    0.5754   4.64   0.1227   0.0120   -11.70  0    cut
 180  sn06gz        Ia-pec     0.6227   4.63   0.1223   0.0067   -13.30  0    cut
 181  sn02bo        Ia-norm    0.6065   4.63   0.1250   0.0107    -4.40  0    cut
 182  sn99ac        Ia-91T     0.5821   4.62   0.1344   0.0137   -13.60  0    cut
 183  sn99ee        Ia-norm    0.6322   4.61   0.1314   0.0139    -8.60  0    cut
 184  sn99aa        Ia-91T     0.5916   4.61   0.1315   0.0118    -4.10  0    cut
 185  sn00cx        Ia-pec     0.5144   4.57   0.1188   0.0087     7.50  0    cut
 186  sn94D         Ia-norm    0.5781   4.46   0.1173   0.0095    -4.70  0    cut
 187  sn96C         Ia-norm    0.6322   4.42   0.1104   0.0097     8.30  0    cut
 188  sn90N         Ia-norm    0.6322   4.41   0.1131   0.0143   -13.20  0    cut
 189  sn94ae        Ia-norm    0.6322   4.39   0.1112   0.0100     9.30  0    cut
 190  sn94D         Ia-norm    0.6322   4.39   0.1280   0.0137   -10.70  0    cut
 191  sn03du        Ia-norm    0.6322   4.36   0.1104   0.0098     9.80  0    cut
 192  sn00cx        Ia-pec     0.6322   4.34   0.1192   0.0093     1.60  0    cut
 193  sn02er        Ia-norm    0.6227   4.34   0.1264   0.0118   -11.30  0    cut
 194  sn90N         Ia-norm    0.5009   4.33   0.0836   0.0133   255.90  0    cut
 195  sn98aq        Ia-norm    0.6309   4.32   0.1150   0.0109    -8.00  0    cut
 196  sn06gz        Ia-pec     0.6322   4.31   0.1133   0.0079     7.20  0    cut
 197  sn06gz        Ia-pec     0.5889   4.27   0.1135   0.0081     7.20  0    cut
 198  sn95E         Ia-norm    0.6322   4.25   0.1086   0.0097    10.00  0    cut
 199  sn06gz        Ia-pec     0.6187   4.24   0.1227   0.0074   -13.30  0    cut
 200  sn05hj        Ia-norm    0.5144   4.21   0.1161   0.0100    -6.00  0    cut
 201  sn02bo        Ia-norm    0.6200   4.20   0.1322   0.0124    -9.40  0    cut
 202  sn94M         Ia-norm    0.6011   4.19   0.1206   0.0106     3.00  0    cut
 203  sn06gz        Ia-pec     0.6241   4.10   0.1230   0.0078   -14.20  0    cut
 204  sn02er        Ia-norm    0.5984   4.01   0.1244   0.0115    -9.40  0    cut
 205  sn86G         Ia-91bg    0.5916   3.97   0.1120   0.0109     0.60  0    cut
 206  sn00cx        Ia-pec     0.5537   3.94   0.1207   0.0105     0.60  0    cut
 207  sn01el        Ia-norm    0.6322   3.92   0.1155   0.0107     9.20  0    cut
 208  sn86G         Ia-91bg    0.5957   3.91   0.1121   0.0109     1.60  0    cut
 209  sn96X         Ia-norm    0.6011   3.91   0.1115   0.0100     7.90  0    cut
 210  sn90N         Ia-norm    0.4996   3.89   0.0836   0.0140   280.70  0    cut
 211  sn99ac        Ia-91T     0.5456   3.88   0.1320   0.0123    -9.60  0    cut
 212  sn94ae        Ia-norm    0.6322   3.81   0.1105   0.0115    10.40  0    cut
 213  sn02er        Ia-norm    0.5821   3.80   0.1245   0.0111    -7.40  0    cut
 214  sn04eo        Ia-norm    0.5713   3.80   0.1163   0.0120   -11.00  0    cut
 215  sn02bo        Ia-norm    0.5727   3.80   0.1337   0.0135   -12.10  0    cut
 216  sn95D         Ia-norm    0.5970   3.80   0.1099   0.0104    10.10  0    cut
 217  sn03du        Ia-norm    0.6322   3.75   0.1102   0.0112    10.80  0    cut
 218  sn94D         Ia-norm    0.5794   3.73   0.1228   0.0139    -9.50  0    cut
 219  sn96X         Ia-norm    0.6322   3.72   0.1116   0.0109     7.80  0    cut
 220  sn06gz        Ia-pec     0.6322   3.69   0.1128   0.0088     8.20  0    cut
 221  sn99aa        Ia-91T     0.5429   3.68   0.1295   0.0105     7.60  0    cut
 222  sn86G         Ia-91bg    0.6038   3.66   0.1157   0.0121    -3.40  0    cut
 223  sn86G         Ia-91bg    0.6038   3.63   0.1147   0.0121    -2.40  0    cut
 224  sn00cx        Ia-pec     0.5415   3.54   0.1210   0.0110    -0.40  0    cut
 225  sn86G         Ia-91bg    0.6051   3.43   0.1159   0.0128    -4.40  0    cut
 226  sn99ac        Ia-91T     0.6322   3.42   0.1171   0.0133     9.20  0    cut
 227  sn89B         Ia-norm    0.6322   3.41   0.1079   0.0113     9.50  0    cut
 228  sn99ee        Ia-norm    0.6322   3.41   0.1115   0.0132    11.10  0    cut
 229  sn94ae        Ia-norm    0.6309   3.37   0.1102   0.0132    11.30  0    cut
 230  sn99by        Ia-91bg    0.6322   3.33   0.1103   0.0118    -2.80  0    cut
 231  sn06gz        Ia-pec     0.6322   3.31   0.1126   0.0096     9.20  0    cut
 232  sn86G         Ia-91bg    0.5023   3.31   0.0860   0.0165   256.70  0    cut
 233  sn94D         Ia-norm    0.6322   3.28   0.1258   0.0173    -9.60  0    cut
 234  sn86G         Ia-91bg    0.4996   3.23   0.0878   0.0152   323.60  0    cut
 235  sn91bg        Ia-91bg    0.4968   3.21   0.1081   0.0117     2.50  0    cut
 236  sn98bu        Ia-norm    0.5713   3.21   0.1114   0.0115     9.30  0    cut
 237  sn00cx        Ia-pec     0.6322   3.17   0.1200   0.0112     5.60  0    cut
 238  sn96X         Ia-norm    0.6011   3.16   0.1113   0.0117     8.90  0    cut
 239  sn02bo        Ia-norm    0.5727   3.14   0.1364   0.0156   -13.10  0    cut
 240  sn03du        Ia-norm    0.6322   3.13   0.0864   0.0168   220.70  0    cut
 241  sn03cg        Ia-norm    0.5794   3.12   0.1122   0.0119     7.40  0    cut
 242  sn00cx        Ia-pec     0.5131   3.08   0.1177   0.0123     9.50  0    cut
 243  sn98bu        Ia-norm    0.5727   3.04   0.0858   0.0164   216.90  0    cut
 244  sn98aq        Ia-norm    0.5727   3.02   0.0859   0.0165   240.30  0    cut
 245  sn00cx        Ia-pec     0.5524   3.01   0.1208   0.0152    -1.40  0    cut
 246  sn06gz        Ia-pec     0.6322   2.98   0.1121   0.0105    10.10  0    cut
 247  sn00cx        Ia-pec     0.6322   2.97   0.1194   0.0119     6.50  0    cut
 248  sn92A         Ia-norm    0.6322   2.96   0.1183   0.0133     8.90  0    cut
 249  sn02bo        Ia-norm    0.6065   2.95   0.1371   0.0163   -12.30  0    cut
 250  sn05hj        Ia-norm    0.5172   2.93   0.1150   0.0128    -5.10  0    cut
 251  sn92A         Ia-norm    0.6322   2.92   0.1172   0.0133     8.70  0    cut
 252  sn04eo        Ia-norm    0.6322   2.92   0.1066   0.0126     7.00  0    cut
 253  sn02er        Ia-norm    0.6322   2.89   0.1040   0.0145     9.40  0    cut
 254  sn98bu        Ia-norm    0.5727   2.89   0.0856   0.0188   179.10  0    cut
 255  sn99by        Ia-91bg    0.5727   2.88   0.1119   0.0129    -3.90  0    cut
 256  sn98aq        Ia-norm    0.5700   2.88   0.0868   0.0178   230.30  0    cut
 257  sn99by        Ia-91bg    0.5713   2.85   0.1128   0.0133    -4.80  0    cut
 258  sn98bu        Ia-norm    0.5727   2.81   0.0858   0.0171   242.80  0    cut
 259  sn02bo        Ia-norm    0.6038   2.66   0.1386   0.0202   -13.30  0    cut
 260  sn90N         Ia-norm    0.6322   2.66   0.0861   0.0196   213.40  0    cut
 261  sn00E         Ia-norm    0.5605   2.64   0.1121   0.0143     8.40  0    cut
 262  sn03du        Ia-norm    0.6322   2.63   0.0881   0.0205   141.30  0    cut
 263  sn98bu        Ia-norm    0.5713   2.61   0.0864   0.0196   190.10  0    cut
 264  sn98bu        Ia-norm    0.5713   2.60   0.1108   0.0137    10.20  0    cut
 265  sn02ic        Ia-csm     0.6051   2.57   0.1091   0.0144     9.40  0    cut
 266  sn91M         Ia-norm    0.6322   2.57   0.0897   0.0210   111.80  0    cut
 267  sn03cg        Ia-norm    0.6322   2.57   0.1096   0.0155     9.60  0    cut
 268  sn86G         Ia-91bg    0.5903   2.57   0.1153   0.0158    -1.90  0    cut
 269  sn97br        Ia-91T     0.6322   2.55   0.1125   0.0160     7.80  0    cut
 270  sn90N         Ia-norm    0.4589   2.55   0.0827   0.0189   245.20  0    cut
 271  sn00cx        Ia-pec     0.5510   2.52   0.1204   0.0172    -2.40  0    cut
 272  sn95D         Ia-norm    0.6322   2.52   0.1078   0.0153    11.20  0    cut
 273  sn86G         Ia-91bg    0.5889   2.51   0.1145   0.0160    -0.90  0    cut
 274  sn86G         Ia-91bg    0.5903   2.50   0.1112   0.0156     0.10  0    cut
 275  sn04S         Ia-norm    0.6322   2.48   0.1062   0.0163    13.40  0    cut
 276  sn90N         Ia-norm    0.4616   2.47   0.0818   0.0214   246.20  0    cut
 277  sn86G         Ia-91bg    0.5903   2.38   0.1126   0.0158     1.10  0    cut
 278  sn89B         Ia-norm    0.6322   2.38   0.1067   0.0150    11.50  0    cut
 279  sn05gj        Ia-csm     0.5997   2.37   0.1039   0.0213    -1.80  0    cut
 280  sn02ic        Ia-csm     0.6322   2.36   0.1105   0.0154     5.60  0    cut
 281  sn98bu        Ia-norm    0.5713   2.34   0.0869   0.0208   208.00  0    cut
 282  sn91T         Ia-91T     0.6322   2.31   0.1084   0.0168    10.90  0    cut
 283  sn99ac        Ia-91T     0.6322   2.31   0.1134   0.0179    12.20  0    cut
 284  sn03du        Ia-norm    0.5280   2.29   0.0903   0.0217   138.60  0    cut
 285  sn86G         Ia-91bg    0.6322   2.29   0.0881   0.0221   103.00  0    cut
 286  sn94ae        Ia-norm    0.6322   2.29   0.0878   0.0231   123.60  0    cut
 287  sn86G         Ia-91bg    0.6322   2.27   0.0870   0.0217    90.00  0    cut
 288  sn99aa        Ia-91T     0.6322   2.26   0.1392   0.0262    -8.50  0    cut
 289  sn90N         Ia-norm    0.4996   2.25   0.0805   0.0207   332.50  0    cut
 290  sn97cn        Ia-91bg    0.6295   2.25   0.1061   0.0145     3.90  0    cut
 291  sn95bd        Ia-norm    0.5957   2.23   0.1097   0.0179    11.30  0    cut
 292  sn92A         Ia-norm    0.6322   2.20   0.1180   0.0169    11.70  0    cut
 293  sn02er        Ia-norm    0.6322   2.18   0.1111   0.0176    10.60  0    cut
 294  sn03du        Ia-norm    0.5862   2.17   0.0949   0.0240   137.60  0    cut
 295  sn00cx        Ia-pec     0.6322   2.15   0.0901   0.0251   146.40  0    cut
 296  sn89B         Ia-norm    0.6322   2.15   0.1060   0.0164    12.40  0    cut
 297  sn98bu        Ia-norm    0.5713   2.12   0.1101   0.0165    11.20  0    cut
 298  sn00cx        Ia-pec     0.5144   2.10   0.1162   0.0169    11.50  0    cut
 299  sn00cx        Ia-pec     0.6322   2.09   0.1144   0.0195    31.40  0    cut
 300  sn00cx        Ia-pec     0.5456   2.07   0.1213   0.0210    -3.40  0    cut
 301  sn04eo        Ia-norm    0.5645   2.06   0.0836   0.0213   224.20  0    cut
 302  sn91T         Ia-91T     0.6322   2.05   0.1138   0.0228    -0.20  0    cut
 303  sn91T         Ia-91T     0.6322   2.05   0.0363   0.0345   -11.50  0    cut
 304  sn94Q         Ia-norm    0.6322   2.05   0.1107   0.0174    11.60  0    cut
 305  sn91bg        Ia-91bg    0.6227   2.05   0.1067   0.0177     2.70  0    cut
 306  sn00cx        Ia-pec     0.6322   2.02   0.0909   0.0262    96.80  0    cut
 307  sn97br        Ia-91T     0.6011   2.01   0.1096   0.0189     8.50  0    cut
 308  sn91bg        Ia-91bg    0.5957   2.01   0.1090   0.0182     1.50  0    cut
 309  sn91bg        Ia-91bg    0.6322   2.00   0.0878   0.0227   117.20  0    cut
 310  sn99by        Ia-91bg    0.6322   1.97   0.1062   0.0177     3.10  0    cut
 311  sn04eo        Ia-norm    0.6322   1.97   0.1061   0.0177    11.00  0    cut
 312  sn00cx        Ia-pec     0.6322   1.96   0.0906   0.0272   124.60  0    cut
 313  sn91bg        Ia-91bg    0.5334   1.94   0.1081   0.0156     2.70  0    cut
 314  sn00cx        Ia-pec     0.6322   1.93   0.0929   0.0279    92.90  0    cut
 315  sn90N         Ia-norm    0.5781   1.91   0.0861   0.0247   228.10  0    cut
 316  sn94ae        Ia-norm    0.6322   1.89   0.0855   0.0209   367.70  0    cut
 317  sn03cg        Ia-norm    0.6322   1.88   0.1099   0.0197    11.40  0    cut
 318  sn03du        Ia-norm    0.5808   1.87   0.0861   0.0271   109.00  0    cut
 319  sn03du        Ia-norm    0.6322   1.87   0.1155   0.0190    13.70  0    cut
 320  sn90N         Ia-norm    0.6322   1.87   0.1088   0.0202    14.50  0    cut
 321  sn97br        Ia-91T     0.5970   1.86   0.1142   0.0235    -4.00  0    cut
 322  sn94ae        Ia-norm    0.5916   1.86   0.0882   0.0273   153.40  0    cut
 323  sn00cx        Ia-pec     0.6322   1.86   0.1130   0.0214    41.30  0    cut
 324  sn91bg        Ia-91bg    0.4725   1.85   0.1207   0.0145    20.20  0    cut
 325  sn94D         Ia-norm    0.6024   1.85   0.1095   0.0173    11.00  0    cut
 326  sn99ee        Ia-norm    0.6322   1.82   0.1079   0.0205    16.10  0    cut
 327  sn94M         Ia-norm    0.6322   1.81   0.1121   0.0184    12.90  0    cut
 328  sn89B         Ia-norm    0.6322   1.80   0.1055   0.0186    13.40  0    cut
 329  sn92A         Ia-norm    0.5916   1.80   0.1178   0.0184    11.60  0    cut
 330  sn04S         Ia-norm    0.6119   1.80   0.1039   0.0171    14.00  0    cut
 331  sn02er        Ia-norm    0.6322   1.79   0.1129   0.0197    12.40  0    cut
 332  sn94D         Ia-norm    0.6322   1.79   0.0909   0.0283    83.10  0    cut
 333  sn05gj        Ia-csm     0.5821   1.78   0.1029   0.0209    10.40  0    cut
 334  sn02bo        Ia-norm    0.5713   1.77   0.1116   0.0210    10.80  0    cut
 335  sn91bg        Ia-91bg    0.6322   1.75   0.0849   0.0243   113.20  0    cut
 336  sn98bu        Ia-norm    0.5713   1.74   0.1097   0.0195    12.20  0    cut
 337  sn02cx        Ia-pec     0.4481   1.74   0.3321   0.0201    18.20  0    cut
 338  sn91M         Ia-norm    0.6322   1.71   0.1104   0.0205    24.80  0    cut
 339  sn89B         Ia-norm    0.6282   1.69   0.1046   0.0185    14.40  0    cut
 340  sn99by        Ia-91bg    0.5713   1.68   0.1069   0.0193     4.10  0    cut
 341  sn91M         Ia-norm    0.6322   1.68   0.1110   0.0206    25.80  0    cut
 342  sn02cx        Ia-pec     0.5930   1.68   0.0991   0.0149    -2.40  0    cut
 343  sn90N         Ia-norm    0.4264   1.66   0.0827   0.0242   309.80  0    cut
 344  sn94D         Ia-norm    0.5293   1.66   0.1074   0.0212    10.10  0    cut
 345  sn04S         Ia-norm    0.6322   1.64   0.1057   0.0213    18.40  0    cut
 346  sn02cx        Ia-pec     0.4237   1.63   0.3312   0.0212    14.20  0    cut
 347  sn91bg        Ia-91bg    0.4562   1.63   0.1071   0.0133    18.60  0    cut
 348  sn95D         Ia-norm    0.6322   1.62   0.1063   0.0217    14.10  0    cut
 349  sn02cx        Ia-pec     0.5876   1.60   0.1031   0.0224    -5.30  0    cut
 350  sn81B         Ia-norm    0.6322   1.59   0.1152   0.0213    22.90  0    cut
 351  sn99ee        Ia-norm    0.6322   1.59   0.1068   0.0221    20.00  0    cut
 352  sn05hk        Ia-pec     0.5104   1.59   0.3266   0.0181    37.00  0    cut
 353  sn01el        Ia-norm    0.6322   1.59   0.1136   0.0221    18.10  0    cut
 354  sn02bo        Ia-norm    0.6322   1.59   0.1080   0.0250    44.40  0    cut
 355  sn03cg        Ia-norm    0.5253   1.58   0.0765   0.0209   383.10  0    cut
 356  sn03cg        Ia-norm    0.6322   1.58   0.1086   0.0215    12.40  0    cut
 357  sn03cg        Ia-norm    0.4996   1.58   0.1070   0.0223    23.40  0    cut
 358  sn03du        Ia-norm    0.6322   1.57   0.0921   0.0294    84.30  0    cut
 359  sn89B         Ia-norm    0.6322   1.57   0.1053   0.0209    19.40  0    cut
 360  sn81B         Ia-norm    0.6322   1.55   0.1087   0.0210    23.90  0    cut
 361  sn99ac        Ia-91T     0.6322   1.55   0.1133   0.0246    17.10  0    cut
 362  sn97br        Ia-91T     0.5104   1.55   0.3305   0.0202    37.60  0    cut
 363  sn99by        Ia-91bg    0.5713   1.54   0.1064   0.0208     5.20  0    cut
 364  sn02bo        Ia-norm    0.5727   1.54   0.1106   0.0226    11.90  0    cut
 365  sn90N         Ia-norm    0.6322   1.54   0.1086   0.0216    17.70  0    cut
 366  sn81B         Ia-norm    0.5618   1.54   0.0947   0.0284    93.50  0    cut
 367  sn00cx        Ia-pec     0.6322   1.54   0.0975   0.0323    71.00  0    cut
 368  sn91bg        Ia-91bg    0.5700   1.53   0.0840   0.0201   202.70  0    cut
 369  sn91M         Ia-norm    0.6282   1.52   0.1124   0.0224    27.50  0    cut
 370  sn05gj        Ia-csm     0.5848   1.52   0.0996   0.0261    17.90  0    cut
 371  sn02er        Ia-norm    0.6322   1.52   0.0935   0.0346   213.00  0    cut
 372  sn00cx        Ia-pec     0.4806   1.51   0.1133   0.0266    28.40  0    cut
 373  sn98bu        Ia-norm    0.5713   1.51   0.1083   0.0220    13.20  0    cut
 374  sn99ee        Ia-norm    0.6322   1.50   0.1065   0.0227    22.10  0    cut
 375  sn00cx        Ia-pec     0.5144   1.50   0.1129   0.0233    14.50  0    cut
 376  sn04eo        Ia-norm    0.5063   1.48   0.3392   0.0189    48.40  0    cut
 377  sn89B         Ia-norm    0.6322   1.46   0.1055   0.0204    21.40  0    cut
 378  sn89B         Ia-norm    0.6322   1.45   0.1057   0.0201    22.40  0    cut
 379  sn92A         Ia-norm    0.6322   1.44   0.1160   0.0217    17.30  0    cut
 380  sn91M         Ia-norm    0.6051   1.44   0.0980   0.0319    80.00  0    cut
 381  sn91T         Ia-91T     0.6322   1.43   0.1048   0.0247    15.90  0    cut
 382  sn97br        Ia-91T     0.4630   1.43   0.3376   0.0219    23.70  0    cut
 383  sn04eo        Ia-norm    0.5645   1.43   0.4355   0.0184    49.40  0    cut
 384  sn03cg        Ia-norm    0.4400   1.43   0.3464   0.0216    28.50  0    cut
 385  sn98aq        Ia-norm    0.5727   1.43   0.0875   0.0309    90.50  0    cut
 386  sn02cx        Ia-pec     0.4454   1.43   0.3261   0.0226    53.30  0    cut
 387  sn89B         Ia-norm    0.6322   1.42   0.1058   0.0210    16.40  0    cut
 388  sn05hk        Ia-pec     0.5077   1.42   0.3328   0.0203    12.40  0    cut
 389  sn97br        Ia-91T     0.5930   1.42   0.1207   0.0282    -6.40  0    cut
 390  sn00E         Ia-norm    0.4034   1.42   0.2073   0.0334   121.20  0    cut
 391  sn02bo        Ia-norm    0.5713   1.42   0.1103   0.0239    12.80  0    cut
 392  sn02bo        Ia-norm    0.6051   1.42   0.1125   0.0247    29.40  0    cut
 393  sn99by        Ia-91bg    0.5727   1.42   0.1069   0.0239     6.10  0    cut
 394  sn00cx        Ia-pec     0.4779   1.41   0.1124   0.0277    26.40  0    cut
 395  sn89B         Ia-norm    0.6322   1.41   0.1054   0.0216    20.40  0    cut
 396  sn05hk        Ia-pec     0.5591   1.41   0.3266   0.0168    42.00  0    cut
 397  sn81B         Ia-norm    0.5794   1.41   0.1170   0.0239    26.90  0    cut
 398  sn89B         Ia-norm    0.6322   1.40   0.1051   0.0228    17.40  0    cut
 399  sn97br        Ia-91T     0.5023   1.40   0.1197   0.0257    -6.00  0    cut
 400  sn89B         Ia-norm    0.6282   1.39   0.1064   0.0214    23.40  0    cut
 401  sn05gj        Ia-csm     0.5551   1.39   0.1702   0.0295    88.40  0    cut
 402  sn81B         Ia-norm    0.4820   1.39   0.2623   0.0171    33.80  0    cut
 403  sn89B         Ia-norm    0.6309   1.39   0.1053   0.0219    18.40  0    cut
 404  sn95al        Ia-norm    0.6322   1.38   0.1101   0.0252    17.00  0    cut
 405  sn99ee        Ia-norm    0.5063   1.38   0.3437   0.0213    40.90  0    cut
 406  sn03du        Ia-norm    0.4603   1.37   0.3429   0.0209    33.40  0    cut
 407  sn05hk        Ia-pec     0.5402   1.37   0.0949   0.0265     3.60  0    cut
 408  sn05hk        Ia-pec     0.5388   1.37   0.1037   0.0233    -6.30  0    cut
 409  sn81B         Ia-norm    0.6322   1.37   0.0977   0.0281   267.40  0    cut
 410  sn81B         Ia-norm    0.6322   1.36   0.1163   0.0229    18.90  0    cut
 411  sn81B         Ia-norm    0.5930   1.36   0.1168   0.0230    16.00  0    cut
 412  sn94D         Ia-norm    0.6051   1.35   0.1080   0.0206    19.20  0    cut
 413  sn95al        Ia-norm    0.6322   1.35   0.1097   0.0253    25.30  0    cut
 414  sn05hk        Ia-pec     0.4359   1.35   0.3273   0.0235    53.80  0    cut
 415  sn99aa        Ia-91T     0.6079   1.35   0.1239   0.0252    15.40  0    cut
 416  sn99ee        Ia-norm    0.6322   1.34   0.1077   0.0305    27.00  0    cut
 417  sn86G         Ia-91bg    0.4346   1.34   0.3424   0.0213    21.10  0    cut
 418  sn94ae        Ia-norm    0.6146   1.34   0.1077   0.0267    30.20  0    cut
 419  sn97br        Ia-91T     0.5537   1.34   0.3429   0.0218    42.10  0    cut
 420  sn81B         Ia-norm    0.6309   1.33   0.1098   0.0226    19.90  0    cut
 421  sn92A         Ia-norm    0.5970   1.33   0.1173   0.0215    24.20  0    cut
 422  sn92A         Ia-norm    0.5943   1.33   0.1170   0.0211    16.30  0    cut
 423  sn05gj        Ia-csm     0.5429   1.33   0.3389   0.0211    51.80  0    cut
 424  sn04eo        Ia-norm    0.6322   1.32   0.1059   0.0219    20.80  0    cut
 425  sn81B         Ia-norm    0.5876   1.32   0.1101   0.0232    16.90  0    cut
 426  sn05hk        Ia-pec     0.6146   1.32   0.0979   0.0219    -4.20  0    cut
 427  sn02bo        Ia-norm    0.5727   1.32   0.1101   0.0246    13.80  0    cut
 428  sn91bg        Ia-91bg    0.5794   1.32   0.0888   0.0252   117.20  0    cut
 429  sn94ae        Ia-norm    0.6079   1.31   0.1056   0.0339    64.00  0    cut
 430  sn03du        Ia-norm    0.6322   1.31   0.1066   0.0244    26.70  0    cut
 431  sn91bg        Ia-91bg    0.4616   1.31   0.1988   0.0267    88.10  0    cut
 432  sn89B         Ia-norm    0.6322   1.31   0.1071   0.0214    24.40  0    cut
 433  sn94D         Ia-norm    0.5997   1.31   0.1077   0.0214    17.20  0    cut
 434  sn05hk        Ia-pec     0.6133   1.30   0.0995   0.0225    -6.30  0    cut
 435  sn99by        Ia-91bg    0.5727   1.30   0.1056   0.0695     7.10  0    cut
 436  sn05hk        Ia-pec     0.5659   1.30   0.3290   0.0184    27.20  0    cut
 437  sn05hk        Ia-pec     0.5591   1.30   0.3270   0.0200    39.00  0    cut
 438  sn98bu        Ia-norm    0.5713   1.30   0.1076   0.0247    14.30  0    cut
 439  sn04eo        Ia-norm    0.6322   1.29   0.1052   0.0214    12.40  0    cut
 440  sn90N         Ia-norm    0.6309   1.29   0.1088   0.0217    38.50  0    cut
 441  sn05hk        Ia-pec     0.6322   1.29   0.0975   0.0201    -1.40  0    cut
 442  sn05gj        Ia-csm     0.6092   1.29   0.1766   0.0357   133.50  0    cut
 443  sn90O         Ia-norm    0.6282   1.29   0.1097   0.0257    19.10  0    cut
 444  sn91bg        Ia-91bg    0.6322   1.29   0.1072   0.0332    14.70  0    cut
 445  sn02bo        Ia-norm    0.4779   1.29   0.0777   0.0376    83.30  0    cut
 446  sn05hk        Ia-pec     0.5605   1.29   0.3292   0.0203    23.20  0    cut
 447  sn94D         Ia-norm    0.5727   1.29   0.1085   0.0231    13.40  0    cut
 448  sn03du        Ia-norm    0.6322   1.29   0.0934   0.0332    72.30  0    cut
 449  sn95D         Ia-norm    0.6322   1.28   0.1056   0.0245    16.10  0    cut
 450  sn02er        Ia-norm    0.6200   1.28   0.1191   0.0290    33.20  0    cut
 451  sn94ae        Ia-norm    0.6024   1.28   0.1073   0.0256    36.20  0    cut
 452  sn97br        Ia-91T     0.5686   1.27   0.1225   0.0286    -7.00  0    cut
 453  sn05hk        Ia-pec     0.5591   1.26   0.3264   0.0191    42.90  0    cut
 454  sn05gj        Ia-csm     0.5835   1.26   0.1048   0.0288     7.70  0    cut
 455  sn97br        Ia-91T     0.5835   1.26   0.1216   0.0369    -7.40  0    cut
 456  sn03du        Ia-norm    0.5943   1.25   0.1065   0.0255    17.80  0    cut
 457  sn01el        Ia-norm    0.6322   1.25   0.1140   0.0265    39.90  0    cut
 458  sn86G         Ia-91bg    0.4765   1.25   0.3412   0.0210    41.60  0    cut
 459  sn91bg        Ia-91bg    0.6322   1.25   0.1059   0.0295    25.60  0    cut
 460  sn04S         Ia-norm    0.6322   1.24   0.1064   0.0797    36.20  0    cut
 461  sn94Q         Ia-norm    0.5293   1.24   0.1047   0.0268    18.50  0    cut
 462  sn97br        Ia-91T     0.5672   1.24   0.1259   0.0314    -9.00  0    cut
 463  sn96X         Ia-norm    0.4644   1.23   0.1086   0.0269    12.70  0    cut
 464  sn86G         Ia-91bg    0.4765   1.23   0.3417   0.0210    32.10  0    cut
 465  sn00cx        Ia-pec     0.6322   1.23   0.1048   0.0363    61.10  0    cut
 466  sn99ee        Ia-norm    0.6322   1.23   0.1086   0.0317    31.90  0    cut
 467  sn02er        Ia-norm    0.6322   1.23   0.1137   0.0272    16.40  0    cut
 468  sn94D         Ia-norm    0.5997   1.23   0.1078   0.0243    12.20  0    cut
 469  sn05gj        Ia-csm     0.6024   1.23   0.0930   0.0221    38.50  0    cut
 470  sn02er        Ia-norm    0.6322   1.23   0.1137   0.0271    15.50  0    cut
 471  sn03cg        Ia-norm    0.5456   1.23   0.3414   0.0184    43.40  0    cut
 472  sn99aa        Ia-91T     0.6322   1.22   0.1216   0.0277    21.10  0    cut
 473  sn94D         Ia-norm    0.4671   1.22   0.5389   0.0251    46.20  0    cut
 474  sn96X         Ia-norm    0.6024   1.22   0.1085   0.0223    20.80  0    cut
 475  sn02bo        Ia-norm    0.5727   1.22   0.1095   0.0260    14.80  0    cut
 476  sn03du        Ia-norm    0.5754   1.22   0.1072   0.0261    17.00  0    cut
 477  sn94Q         Ia-norm    0.5754   1.21   0.1083   0.0243    41.60  0    cut
 478  sn91T         Ia-91T     0.6322   1.21  -0.0094   0.0000   -10.30  0    cut
 479  sn05hk        Ia-pec     0.6322   1.21   0.0985   0.0203    -2.40  0    cut
 480  sn03du        Ia-norm    0.5767   1.21   0.1066   0.0216    26.00  0    cut
 481  sn00cx        Ia-pec     0.5158   1.21   0.1130   0.0337    30.40  0    cut
 482  sn91bg        Ia-91bg    0.6322   1.21   0.1092   0.0367    18.90  0    cut
 483  sn02bo        Ia-norm    0.5740   1.21   0.1102   0.0267    23.80  0    cut
 484  sn99by        Ia-91bg    0.5713   1.21   0.1057   0.0423     8.10  0    cut
 485  sn05hk        Ia-pec     0.5388   1.20   0.5883   0.0249    -7.30  0    cut
 486  sn02bo        Ia-norm    0.5740   1.20   0.1117   0.0283    27.70  0    cut
 487  sn94ae        Ia-norm    0.5903   1.19   0.1070   0.0261    40.10  0    cut
 488  sn04eo        Ia-norm    0.5876   1.19   0.1063   0.0210    21.40  0    cut
 489  sn81B         Ia-norm    0.4562   1.19   0.2069   0.0422   114.40  0    cut
 490  sn02bo        Ia-norm    0.5740   1.18   0.1093   0.0259    15.70  0    cut
 491  sn02bo        Ia-norm    0.5740   1.18   0.1093   0.0261    21.70  0    cut
 492  sn02bo        Ia-norm    0.5740   1.18   0.1125   0.0300    29.70  0    cut
 493  sn03du        Ia-norm    0.6322   1.18   0.1065   0.0264    21.80  0    cut
 494  sn86G         Ia-91bg    0.6309   1.18   0.0969   0.0309    56.50  0    cut
 495  sn94D         Ia-norm    0.6011   1.18   0.1063   0.0248    15.20  0    cut
 496  sn94D         Ia-norm    0.6322   1.18   0.1026   0.0316    53.90  0    cut
 497  sn94D         Ia-norm    0.6322   1.18   0.1078   0.0250    24.20  0    cut
 498  sn99ac        Ia-91T     0.6322   1.18   0.1126   0.0321    29.00  0    cut
 499  sn98aq        Ia-norm    0.5727   1.18   0.0874   0.0346    81.60  0    cut
 500  sn89B         Ia-norm    0.5997   1.18   0.1066   0.0239    25.40  0    cut
 501  sn03cg        Ia-norm    0.4941   1.17   0.5451   0.0272    38.30  0    cut
 502  sn02bo        Ia-norm    0.5727   1.17   0.1120   0.0293    28.60  0    cut
 503  sn94D         Ia-norm    0.5645   1.17   0.1080   0.0226    14.30  0    cut
 504  sn99aa        Ia-91T     0.6322   1.17   0.1219   0.0282    26.20  0    cut
 505  sn92A         Ia-norm    0.5970   1.16   0.1175   0.0227    28.20  0    cut
 506  sn04eo        Ia-norm    0.6322   1.16   0.1044   0.0229    14.00  0    cut
 507  sn02bo        Ia-norm    0.5727   1.16   0.1094   0.0264    20.70  0    cut
 508  sn91T         Ia-91T     0.6322   1.15  -0.0094   0.0000    -9.30  0    cut
 509  sn91bg        Ia-91bg    0.4549   1.15   0.0338   0.0183    16.40  0    cut
 510  sn02ic        Ia-csm     0.5862   1.15   0.3443   0.0221    31.90  0    cut
 511  sn91bg        Ia-91bg    0.6322   1.15   0.0970   0.0330    50.50  0    cut
 512  sn03du        Ia-norm    0.6322   1.15   0.1070   0.0254    31.80  0    cut
 513  sn86G         Ia-91bg    0.5483   1.15   0.4294   0.0219    49.50  0    cut
 514  sn02bo        Ia-norm    0.5727   1.15   0.1092   0.0261    18.70  0    cut
 515  sn95D         Ia-norm    0.5970   1.15   0.1041   0.0361    69.60  0    cut
 516  sn03du        Ia-norm    0.6322   1.15   0.1026   0.0331    51.60  0    cut
 517  sn05hk        Ia-pec     0.6322   1.14   0.3323   0.0238    14.40  0    cut
 518  sn05gj        Ia-csm     0.5781   1.14   0.1259   0.0357   -12.10  0    cut
 519  sn94D         Ia-norm    0.5740   1.14   0.1071   0.0236    17.40  0    cut
 520  sn02bo        Ia-norm    0.5727   1.14   0.1092   0.0265    16.70  0    cut
 521  sn99aa        Ia-91T     0.6322   1.14   0.1218   0.0305    29.10  0    cut
 522  sn05hk        Ia-pec     0.5077   1.14   0.3266   0.0239    65.50  0    cut
 523  sn02bo        Ia-norm    0.5727   1.14   0.1094   0.0266    19.80  0    cut
 524  sn02bo        Ia-norm    0.5727   1.14   0.1087   0.0265    17.80  0    cut
 525  sn02bo        Ia-norm    0.5740   1.13   0.1111   0.0334    43.60  0    cut
 526  sn95bd        Ia-norm    0.4400   1.13   0.5336   0.0236    36.90  0    cut
 527  sn05hk        Ia-pec     0.6322   1.13   0.0984   0.0222    -3.30  0    cut
 528  sn02bo        Ia-norm    0.5740   1.13   0.1094   0.0322    45.60  0    cut
 529  sn97br        Ia-91T     0.6322   1.13   0.1056   0.0278    12.40  0    cut
 530  sn03du        Ia-norm    0.5808   1.13   0.1067   0.0255    19.60  0    cut
 531  sn02bo        Ia-norm    0.5740   1.13   0.1094   0.0320    51.60  0    cut
 532  sn04eo        Ia-norm    0.5916   1.13   0.4356   0.0220    45.40  0    cut
 533  sn91T         Ia-91T     0.6322   1.13  -0.0094   0.0000    -7.30  0    cut
 534  sn02bo        Ia-norm    0.5740   1.13   0.1113   0.0334    40.60  0    cut
 535  sn91T         Ia-91T     0.6322   1.12   0.0967   0.0336    75.20  0    cut
 536  sn99by        Ia-91bg    0.5727   1.12   0.1048   0.0420    25.10  0    cut
 537  sn03du        Ia-norm    0.5754   1.12   0.1065   0.0250    24.00  0    cut
 538  sn05gj        Ia-csm     0.5970   1.12   0.1671   0.0293    92.10  0    cut
 539  sn95E         Ia-norm    0.6187   1.11   0.1084   0.0263    32.70  0    cut
 540  sn05hk        Ia-pec     0.6322   1.11   0.0988   0.0236    -5.10  0    cut
 541  sn91T         Ia-91T     0.6322   1.11  -0.0094   0.0000    -6.40  0    cut
 542  sn03du        Ia-norm    0.6322   1.11   0.1001   0.0357    63.40  0    cut
 543  sn94D         Ia-norm    0.5700   1.11   0.1084   0.0236    15.20  0    cut
 544  sn03du        Ia-norm    0.5767   1.11   0.1077   0.0221    29.00  0    cut
 545  sn89B         Ia-norm    0.6051   1.10   0.1072   0.0265    31.40  0    cut
 546  sn97br        Ia-91T     0.5469   1.10   0.3370   0.0228    50.50  0    cut
 547  sn05gj        Ia-csm     0.5930   1.10   0.0980   0.0291    27.30  0    cut
 548  sn94D         Ia-norm    0.5591   1.10   0.4348   0.0204    40.30  0    cut
 549  sn91T         Ia-91T     0.6322   1.10  -0.0094   0.0000    -5.30  0    cut
 550  sn89B         Ia-norm    0.5578   1.10   0.4273   0.0200    51.00  0    cut
 551  sn99aa        Ia-91T     0.6106   1.09   0.1253   0.0290    41.10  0    cut
 552  sn94D         Ia-norm    0.5984   1.09   0.1095   0.0253    13.20  0    cut
 553  sn05hk        Ia-pec     0.6322   1.09   0.0998   0.0216    -4.30  0    cut
 554  sn96X         Ia-norm    0.6322   1.09   0.1090   0.0248    22.50  0    cut
 555  sn02bo        Ia-norm    0.5740   1.09   0.1095   0.0328    49.60  0    cut
 556  sn91bg        Ia-91bg    0.5700   1.09   0.0847   0.0253   143.00  0    cut
 557  sn03du        Ia-norm    0.5767   1.09   0.1061   0.0260    22.00  0    cut
 558  sn05gj        Ia-csm     0.5700   1.09   0.3402   0.0238    40.50  0    cut
 559  sn98aq        Ia-norm    0.5727   1.09   0.0869   0.0359    78.60  0    cut
 560  sn89B         Ia-norm    0.6106   1.09   0.1069   0.0297    37.30  0    cut
 561  sn99ac        Ia-91T     0.6322   1.08   0.2775   0.0264    39.90  0    cut
 562  sn03du        Ia-norm    0.6322   1.08   0.1065   0.0265    34.60  0    cut
 563  sn05hk        Ia-pec     0.6322   1.08   0.1002   0.0233    -5.30  0    cut
 564  sn03du        Ia-norm    0.5754   1.08   0.1064   0.0280    19.00  0    cut
 565  sn86G         Ia-91bg    0.5483   1.08   0.4312   0.0231    54.50  0    cut
 566  sn99ac        Ia-91T     0.6322   1.08   0.2784   0.0263    33.90  0    cut
 567  sn96X         Ia-norm    0.6322   1.08   0.1091   0.0247    24.70  0    cut
 568  sn94ae        Ia-norm    0.5794   1.07   0.0957   0.0428    87.80  0    cut
 569  sn91bg        Ia-91bg    0.6322   1.07   0.0964   0.0365    54.50  0    cut
 570  sn03du        Ia-norm    0.5266   1.07   0.5385   0.0265    45.60  0    cut
 571  sn03du        Ia-norm    0.5808   1.07   0.1933   0.0380   375.30  0    cut
 572  sn03du        Ia-norm    0.5767   1.07   0.1063   0.0273    20.00  0    cut
 573  sn03du        Ia-norm    0.5808   1.07   0.1040   0.0251    39.50  0    cut
 574  sn05hk        Ia-pec     0.6322   1.07   0.5872   0.0230    -8.30  0    cut
 575  sn05hk        Ia-pec     0.6322   1.07   0.5907   0.0253    -9.30  0    cut
 576  sn99by        Ia-91bg    0.5727   1.07   0.1039   0.0432    29.10  0    cut
 577  sn95bd        Ia-norm    0.4928   1.06   0.0959   0.0324    21.10  0    cut
 578  sn05gj        Ia-csm     0.5564   1.06   0.1758   0.0291    61.10  0    cut
 579  sn02bo        Ia-norm    0.5740   1.06   0.1080   0.0344    54.60  0    cut
 580  sn00cx        Ia-pec     0.4765   1.06   0.1097   0.0321    24.40  0    cut
 581  sn96X         Ia-norm    0.6322   1.06   0.1092   0.0256    31.70  0    cut
 582  sn03du        Ia-norm    0.5930   1.06   0.1147   0.0252    37.40  0    cut
 583  sn05gj        Ia-csm     0.6038   1.05   0.0932   0.0266    39.40  0    cut
 584  sn04eo        Ia-norm    0.5889   1.05   0.1028   0.0323    71.10  0    cut
 585  sn03cg        Ia-norm    0.5510   1.05   0.3447   0.0220    19.40  0    cut
 586  sn02er        Ia-norm    0.6322   1.05   0.1227   0.0844    19.50  0    cut
 587  sn99ac        Ia-91T     0.6322   1.05   0.1148   0.0386    32.00  0    cut
 588  sn00cx        Ia-pec     0.4792   1.05   0.1094   0.0317    22.40  0    cut
 589  sn91T         Ia-91T     0.6322   1.05   0.1037   0.0278    24.80  0    cut
 590  sn94D         Ia-norm    0.5740   1.05   0.1074   0.0275    15.30  0    cut
 591  sn04S         Ia-norm    0.6322   1.05   0.1044   0.0437    42.10  0    cut
 592  sn03cg        Ia-norm    0.6322   1.04   0.1113   0.0242    16.40  0    cut
 593  sn99aa        Ia-91T     0.6106   1.04   0.1218   0.0364    53.90  0    cut
 594  sn95ac        Ia-norm    0.5537   1.04   0.3501   0.0213    24.40  0    cut
 595  sn99aw        Ia-91T     0.6038   1.04   0.1127   0.0259    35.90  0    cut
 596  sn97br        Ia-91T     0.5429   1.04   0.6120   0.0324    -8.00  0    cut
 597  sn90O         Ia-norm    0.5848   1.04   0.1071   0.0300    19.90  0    cut
 598  sn04eo        Ia-norm    0.5876   1.04   0.1074   0.0265    29.70  0    cut
 599  sn91T         Ia-91T     0.6322   1.04   0.0988   0.0346    67.60  0    cut
 600  sn94D         Ia-norm    0.5754   1.04   0.1054   0.0509    48.00  0    cut
 601  sn91bg        Ia-91bg    0.4576   1.03   0.0341   0.0197    34.40  0    cut
 602  sn02ic        Ia-csm     0.5659   1.03   0.1737   0.0417    65.60  0    cut
 603  sn02cx        Ia-pec     0.5943   1.03   0.3335   0.0243    10.30  0    cut
 604  sn04eo        Ia-norm    0.6173   1.03   0.1066   0.0313    53.30  0    cut
 605  sn05gj        Ia-csm     0.5767   1.02   0.1685   0.0361    75.30  0    cut
 606  sn02cx        Ia-pec     0.6322   1.02   0.3309   0.0222    24.10  0    cut
 607  sn98aq        Ia-norm    0.5713   1.02   0.1070   0.0302    18.80  0    cut
 608  sn86G         Ia-91bg    0.5483   1.02   0.4324   0.0231    45.60  0    cut
 609  sn00cx        Ia-pec     0.4779   1.02   0.1078   0.0356    19.40  0    cut
 610  sn99by        Ia-91bg    0.5727   1.01   0.1035   0.0458    31.10  0    cut
 611  sn02cx        Ia-pec     0.6322   1.01   0.3307   0.0225    23.00  0    cut
 612  sn03du        Ia-norm    0.6322   1.00   0.1019   0.0359    59.30  0    cut
 613  sn91bg        Ia-91bg    0.6200   1.00   0.0960   0.0403    53.30  0    cut
 614  sn98aq        Ia-norm    0.5727   1.00   0.1069   0.0287    20.80  0    cut
 615  sn03du        Ia-norm    0.5754   1.00   0.1082   0.0250    34.00  0    cut
 616  sn97cn        Ia-91bg    0.6322   0.99   0.0990   0.0298    43.40  0    cut
 617  sn05hk        Ia-pec     0.6322   0.99   0.5866   0.0251    -8.30  0    cut
 618  sn91bg        Ia-91bg    0.6200   0.99   0.0962   0.0407    53.50  0    cut
 619  sn94S         Ia-norm    0.6295   0.99   0.1039   0.0305    20.90  0    cut
 620  sn94ae        Ia-norm    0.5794   0.99   0.1020   0.0441    70.00  0    cut
 621  sn05hk        Ia-pec     0.6322   0.98   0.5856   0.0247    -7.30  0    cut
 622  sn86G         Ia-91bg    0.5429   0.98   0.5392   0.0268    44.60  0    cut
 623  sn98aq        Ia-norm    0.5727   0.98   0.4350   0.0219    50.60  0    cut
 624  sn99by        Ia-91bg    0.5727   0.98   0.1031   0.0475    33.10  0    cut
 625  sn98bu        Ia-norm    0.5727   0.98   0.4357   0.0219    41.10  0    cut
 626  sn94D         Ia-norm    0.5754   0.98   0.1041   0.0350    50.00  0    cut
 627  sn98aq        Ia-norm    0.5727   0.98   0.4346   0.0218    54.70  0    cut
 628  sn94D         Ia-norm    0.6322   0.97   0.1081   0.0237    16.30  0    cut
 629  sn02ic        Ia-csm     0.6322   0.97   0.3413   0.0268    44.10  0    cut
 630  sn03cg        Ia-norm    0.5496   0.96   0.5446   0.0301    23.40  0    cut
 631  sn91bg        Ia-91bg    0.5997   0.96   0.0997   0.0496    46.50  0    cut
 632  sn03du        Ia-norm    0.5767   0.96   0.1046   0.0338    51.80  0    cut
 633  sn98aq        Ia-norm    0.5727   0.95   0.4336   0.0224    57.70  0    cut
 634  sn05hk        Ia-pec     0.6322   0.94   0.5843   0.0252    -6.30  0    cut
 635  sn03du        Ia-norm    0.5754   0.94   0.1057   0.0335    49.80  0    cut
 636  sn95D         Ia-norm    0.5970   0.94   0.1075   0.0274    42.80  0    cut
 637  sn04eo        Ia-norm    0.5632   0.94   0.1077   0.0251    23.40  0    cut
 638  sn02er        Ia-norm    0.5821   0.94   0.1143   0.0259    24.20  0    cut
 639  sn98aq        Ia-norm    0.5727   0.93   0.4363   0.0215    35.80  0    cut
 640  sn05gj        Ia-csm     0.6065   0.93   0.1683   0.0363    65.80  0    cut
 641  sn94D         Ia-norm    0.5632   0.92   0.4331   0.0224    57.10  0    cut
 642  sn03cg        Ia-norm    0.5510   0.92   0.4376   0.0204    26.40  0    cut
 643  sn97cn        Ia-91bg    0.4495   0.92   0.2616   0.0291    28.70  0    cut
 644  sn04eo        Ia-norm    0.5375   0.92   0.5383   0.0290    67.00  0    cut
 645  sn03du        Ia-norm    0.5740   0.92   0.1036   0.0412    56.70  0    cut
 646  sn97br        Ia-91T     0.5767   0.92   0.1052   0.0320    17.40  0    cut
 647  sn86G         Ia-91bg    0.5334   0.92   0.5358   0.0282    56.00  0    cut
 648  sn99aa        Ia-91T     0.6322   0.92   0.1111   0.0398    50.00  0    cut
 649  sn91bg        Ia-91bg    0.6187   0.92   0.1013   0.0436    46.30  0    cut
 650  sn03cg        Ia-norm    0.6322   0.92   0.1070   0.0364    52.40  0    cut
 651  sn98bu        Ia-norm    0.5727   0.92   0.1089   0.0251    28.20  0    cut
 652  sn94D         Ia-norm    0.5591   0.92   0.4377   0.0237    55.10  0    cut
 653  sn91bg        Ia-91bg    0.5740   0.92   0.1160   0.0841    32.70  0    cut
 654  sn97br        Ia-91T     0.5997   0.91   0.1066   0.0310    49.10  0    cut
 655  sn94D         Ia-norm    0.5740   0.91   0.1054   0.0321    43.20  0    cut
 656  sn97br        Ia-91T     0.5821   0.91   0.1877   0.0387    66.40  0    cut
 657  sn86G         Ia-91bg    0.5334   0.91   0.5362   0.0289    52.00  0    cut
 658  sn98aq        Ia-norm    0.5727   0.91   0.4331   0.0230    59.60  0    cut
 659  sn86G         Ia-91bg    0.5334   0.91   0.5359   0.0288    54.00  0    cut
 660  sn05hk        Ia-pec     0.5862   0.91   0.0904   0.0248    14.30  0    cut
 661  sn91bg        Ia-91bg    0.5050   0.90   0.1060   0.0272    33.70  0    cut
 662  sn98bu        Ia-norm    0.5727   0.90   0.1090   0.0262    29.20  0    cut
 663  sn03du        Ia-norm    0.5524   0.90   0.0881   0.0403    87.10  0    cut
 664  sn98bu        Ia-norm    0.5727   0.90   0.1093   0.0261    30.20  0    cut
 665  sn05gj        Ia-csm     0.5930   0.90   0.3378   0.0240    42.30  0    cut
 666  sn05gj        Ia-csm     0.6079   0.90   0.1699   0.0440    63.90  0    cut
 667  sn86G         Ia-91bg    0.4860   0.89   0.2542   0.0272    23.10  0    cut
 668  sn94D         Ia-norm    0.5672   0.89   0.1054   0.0331    50.10  0    cut
 669  sn99aa        Ia-91T     0.6322   0.89   0.1226   0.0359    34.10  0    cut
 670  sn05gj        Ia-csm     0.6065   0.89   0.1679   0.0406    66.80  0    cut
 671  sn98bu        Ia-norm    0.5713   0.89   0.1088   0.0248    31.10  0    cut
 672  sn95bd        Ia-norm    0.5212   0.88   0.1041   0.0497    72.30  0    cut
 673  sn98aq        Ia-norm    0.5727   0.88   0.4326   0.0232    62.60  0    cut
 674  sn03du        Ia-norm    0.5754   0.88   0.1028   0.0444    61.70  0    cut
 675  sn97br        Ia-91T     0.5957   0.88   0.1073   0.0302    21.30  0    cut
 676  sn98bu        Ia-norm    0.5713   0.87   0.1086   0.0273    32.10  0    cut
 677  sn02bo        Ia-norm    0.5469   0.87   0.1105   0.0347    39.30  0    cut
 678  sn89B         Ia-norm    0.5916   0.87   0.5384   0.0280    49.20  0    cut
 679  sn91T         Ia-91T     0.6322   0.87   0.1032   0.0358    46.60  0    cut
 680  sn98bu        Ia-norm    0.5727   0.86   0.1084   0.0275    34.20  0    cut
 681  sn02bo        Ia-norm    0.5740   0.85   0.0987   0.0433    79.40  0    cut
 682  sn03du        Ia-norm    0.5740   0.85   0.1048   0.0460    60.70  0    cut
 683  sn05gj        Ia-csm     0.6079   0.85   0.1697   0.0406    64.90  0    cut
 684  sn02bo        Ia-norm    0.5740   0.85   0.1025   0.0492    72.50  0    cut
 685  sn99by        Ia-91bg    0.5727   0.85   0.1026   0.0557    42.10  0    cut
 686  sn98bu        Ia-norm    0.5713   0.84   0.4334   0.0233    57.10  0    cut
 687  sn91bg        Ia-91bg    0.5469   0.84   0.2670   0.0288    29.50  0    cut
 688  sn91T         Ia-91T     0.5713   0.83   0.0895   0.0430   260.40  0    cut
 689  sn91T         Ia-91T     0.6322   0.83   0.1036   0.0355    45.70  0    cut
 690  sn94D         Ia-norm    0.5672   0.82   0.1057   0.0404    59.10  0    cut
 691  sn98bu        Ia-norm    0.5727   0.82   0.1066   0.0565    33.20  0    cut
 692  sn98aq        Ia-norm    0.5727   0.81   0.0882   0.0431    65.60  0    cut
 693  sn98bu        Ia-norm    0.5727   0.81   0.1067   0.0566    35.20  0    cut
 694  sn98bu        Ia-norm    0.5727   0.81   0.1060   0.0540    38.20  0    cut
 695  sn98bu        Ia-norm    0.5727   0.81   0.1060   0.0555    36.20  0    cut
 696  sn98bu        Ia-norm    0.5727   0.80   0.1059   0.0544    37.20  0    cut
 697  sn98aq        Ia-norm    0.5727   0.80   0.1091   0.0271    31.80  0    cut
 698  sn05gj        Ia-csm     0.5767   0.80   0.1715   0.0432    67.70  0    cut
 699  sn05hk        Ia-pec     0.6322   0.79   0.5290   0.0285    23.40  0    cut
 700  sn98bu        Ia-norm    0.5727   0.79   0.1056   0.0563    40.10  0    cut
 701  sn95D         Ia-norm    0.6322   0.78   0.1052   0.0297    37.80  0    cut
 702  sn98aq        Ia-norm    0.5727   0.78   0.1092   0.0277    33.80  0    cut
 703  sn98aq        Ia-norm    0.5740   0.78   0.1089   0.0274    30.80  0    cut
 704  sn05gj        Ia-csm     0.6079   0.77   0.1676   0.0469    63.00  0    cut
 705  sn91T         Ia-91T     0.4264   0.77   0.3480   0.0276    18.60  0    cut
 706  sn98bu        Ia-norm    0.5713   0.77   0.1055   0.0566    39.20  0    cut
 707  sn98bu        Ia-norm    0.5727   0.76   0.1051   0.0587    43.10  0    cut
 708  sn98bu        Ia-norm    0.5727   0.76   0.1055   0.0563    42.10  0    cut
 709  sn05hk        Ia-pec     0.6322   0.75   0.0930   0.0299    20.30  0    cut
 710  sn98bu        Ia-norm    0.5713   0.74   0.1055   0.0596    44.10  0    cut
 711  sn97br        Ia-91T     0.6268   0.73   0.0981   0.0401    71.90  0    cut
 712  sn86G         Ia-91bg    0.4968   0.72   0.1649   0.0932    22.10  0    cut
 713  sn94M         Ia-norm    0.5700   0.72   0.1824   0.0555    34.10  0    cut
