### SNID output file ###
 
### input spectrum and options ###
# Input spectrum                 : 18965_-5.40.dat
# Parameter file                 : NA
# Wavelength range               :    3615.58   9719.19
# Mask file                      : NA
# Median filtering width [A]     : NA
# Median filtering width [pix]   :       1.00
# Clip emission redshift         : NA
# Clip sky lines                 : 0
# Emission clip width [A]        : NA
# Keep A-band                    : 1
# Age range                      :     -90.00   1000.00
# Delta range                    :      -9.99     99.90
# Min. number of spectra/template:   1
# Use only templates             : NA
# Use only types                 : Ia
# Avoid templates                : NA
# Avoid types                    : NA
# rlapmin                        :       5.00
# Redshift range                 :    -0.0100    1.2000
# Forced initial redshift        : NA
# Extra fake redshift            : NA
# Nsigma for initial redshift    : NA
# Redshift filter                :     0.0200
# Wavenumbers k1,k2,k3,k4        :     1    4   85  102
# Template directory             : /Users/daniel/snid-5.0/templates/
 
### initial/user-input redshift ###
zinit       0.2075
zuser       0.2075
 
### median redshift/age and error ###
zmed        0.2078    0.0035
agem         -2.30      7.46
 
### type fraction/redshift/age ###
#type ntemp fraction slope redshift redshift_error age age_error
Ia             16      1.00    0.0000    0.2078    0.0035    -2.300     7.456
Ia-norm        11      0.69    0.1439    0.2060    0.0020    -1.800     5.909
Ia-91T          0      0.00    0.0000    0.0000    0.0000     0.000     0.000
Ia-91bg         0      0.00    0.0000    0.0000    0.0000     0.000     0.000
Ia-csm          1      0.06    0.0000    0.2034    0.0000     9.400     0.000
Ia-pec          4      0.25   -0.0909    0.2129    0.0034    -9.400     9.020
###
Ib              0      0.00    0.0000    0.0000    0.0000     0.000     0.000
Ib-norm         0      0.00    0.0000    0.0000    0.0000     0.000     0.000
Ib-pec          0      0.00    0.0000    0.0000    0.0000     0.000     0.000
IIb             0      0.00    0.0000    0.0000    0.0000     0.000     0.000
###
Ic              0      0.00    0.0000    0.0000    0.0000     0.000     0.000
Ic-norm         0      0.00    0.0000    0.0000    0.0000     0.000     0.000
Ic-pec          0      0.00    0.0000    0.0000    0.0000     0.000     0.000
Ic-broad        0      0.00    0.0000    0.0000    0.0000     0.000     0.000
###
II              0      0.00    0.0000    0.0000    0.0000     0.000     0.000
IIP             0      0.00    0.0000    0.0000    0.0000     0.000     0.000
II-pec          0      0.00    0.0000    0.0000    0.0000     0.000     0.000
IIn             0      0.00    0.0000    0.0000    0.0000     0.000     0.000
IIL             0      0.00    0.0000    0.0000    0.0000     0.000     0.000
###
NotSN           0      0.00    0.0000    0.0000    0.0000     0.000     0.000
AGN             0      0.00    0.0000    0.0000    0.0000     0.000     0.000
Gal             0      0.00    0.0000    0.0000    0.0000     0.000     0.000
LBV             0      0.00    0.0000    0.0000    0.0000     0.000     0.000
M-star          0      0.00    0.0000    0.0000    0.0000     0.000     0.000
 
### rlap-ordered template listings ###
#no. sn type lap rlap z zerr age age_flag grade
   1  sn98aq        Ia-norm    0.6783   7.63   0.2085   0.0068    -9.00  0   good
   2  sn98aq        Ia-norm    0.7135   6.53   0.2079   0.0071    -8.00  0   good
   3  sn03cg        Ia-norm    0.7771   6.22   0.2102   0.0081    -7.50  0   good
   4  sn98aq        Ia-norm    0.6959   6.04   0.2058   0.0084     6.90  0   good
   5  sn06gz        Ia-pec     0.6241   6.03   0.2145   0.0069   -14.30  0   good
   6  sn04eo        Ia-norm    0.7067   5.98   0.2047   0.0083    -2.80  0   good
   7  sn03cg        Ia-norm    0.7920   5.78   0.2085   0.0079    -4.50  0   good
   8  sn98aq        Ia-norm    0.6972   5.59   0.2060   0.0088     5.90  0   good
   9  sn05hj        Ia-norm    0.7107   5.55   0.2048   0.0100     4.30  0   good
  10  sn06gz        Ia-pec     0.6444   5.46   0.2113   0.0074    -5.50  0   good
  11  sn02ic        Ia-csm     0.8042   5.43   0.2034   0.0098     9.40  0   good
  12  sn06gz        Ia-pec     0.7107   5.34   0.2151   0.0062   -13.30  0   good
  13  sn03cg        Ia-norm    0.6999   5.28   0.2079   0.0092    -1.80  0   good
  14  sn06gz        Ia-pec     0.6458   5.15   0.2077   0.0087     5.20  0   good
  15  sn98aq        Ia-norm    0.6972   5.12   0.2058   0.0095     4.90  0   good
  16  sn98bu        Ia-norm    0.5672   5.04   0.2042   0.0093     1.20  0   good
#--- rlap cutoff
  17  sn06gz        Ia-pec     0.6376   5.00   0.2100   0.0084    -2.60  0    cut
  18  sn96X         Ia-norm    0.7270   4.98   0.2090   0.0086    -3.00  0    cut
  19  sn02ic        Ia-csm     0.9517   4.95   0.1948   0.0174     5.60  0    cut
  20  sn96X         Ia-norm    0.7270   4.88   0.2069   0.0093     1.90  0    cut
  21  sn86G         Ia-91bg    0.5740   4.87   0.2048   0.0131    -0.40  0    cut
  22  sn98aq        Ia-norm    0.6959   4.87   0.2057   0.0097     3.90  0    cut
  23  sn86G         Ia-91bg    0.6133   4.86   0.2068   0.0124    -2.70  0    cut
  24  sn96X         Ia-norm    0.7283   4.86   0.2060   0.0099     5.90  0    cut
  25  sn94S         Ia-norm    0.6999   4.82   0.2069   0.0112    -3.40  0    cut
  26  sn94M         Ia-norm    0.7243   4.81   0.2106   0.0105     7.90  0    cut
  27  sn96X         Ia-norm    0.7270   4.81   0.2069   0.0096     2.90  0    cut
  28  sn06gz        Ia-pec     0.6485   4.80   0.2069   0.0096     7.20  0    cut
  29  sn03cg        Ia-norm    0.8163   4.80   0.2053   0.0100     4.50  0    cut
  30  sn96X         Ia-norm    0.7270   4.80   0.2080   0.0090     0.00  0    cut
  31  sn96X         Ia-norm    0.7243   4.79   0.2062   0.0099     4.90  0    cut
  32  sn96X         Ia-norm    0.7283   4.78   0.2077   0.0093     1.00  0    cut
  33  sn98aq        Ia-norm    0.6837   4.77   0.2065   0.0099     0.00  0    cut
  34  sn96X         Ia-norm    0.7243   4.76   0.2058   0.0101     6.90  0    cut
  35  sn96X         Ia-norm    0.7270   4.76   0.2089   0.0091    -2.00  0    cut
  36  sn03cg        Ia-norm    0.6579   4.73   0.2072   0.0103    -2.30  0    cut
  37  sn06gz        Ia-pec     0.7446   4.73   0.2053   0.0084     6.30  0    cut
  38  sn98aq        Ia-norm    0.6959   4.73   0.2056   0.0099     2.90  0    cut
  39  sn98aq        Ia-norm    0.6959   4.70   0.2059   0.0101     1.90  0    cut
  40  sn98aq        Ia-norm    0.6931   4.66   0.2061   0.0102     0.90  0    cut
  41  sn98bu        Ia-norm    0.6972   4.65   0.2074   0.0103    -2.80  0    cut
  42  sn03cg        Ia-norm    0.7635   4.62   0.2070   0.0107    -0.50  0    cut
  43  sn96X         Ia-norm    0.7676   4.61   0.2070   0.0102    -1.10  0    cut
  44  sn99ac        Ia-91T     0.7811   4.60   0.2259   0.0146   -13.60  0    cut
  45  sn06gz        Ia-pec     0.7432   4.52   0.2051   0.0089     7.20  0    cut
  46  sn99ee        Ia-norm    0.8664   4.48   0.2091   0.0121     7.10  0    cut
  47  sn99ac        Ia-91T     0.7446   4.46   0.2250   0.0131    -9.60  0    cut
  48  sn95D         Ia-norm    0.7297   4.45   0.2037   0.0125     6.10  0    cut
  49  sn98bu        Ia-norm    0.6972   4.43   0.2071   0.0110    -1.70  0    cut
  50  sn06gz        Ia-pec     0.7094   4.42   0.2159   0.0070   -14.20  0    cut
  51  sn96X         Ia-norm    0.9585   4.42   0.2005   0.0161     1.90  0    cut
  52  sn03du        Ia-norm    0.6986   4.37   0.2157   0.0149   -11.70  0    cut
  53  sn94D         Ia-norm    0.7040   4.34   0.2083   0.0108    -3.60  0    cut
  54  sn96X         Ia-norm    0.7283   4.32   0.2054   0.0114     7.90  0    cut
  55  sn00cx        Ia-pec     0.6525   4.32   0.2121   0.0123    -1.40  0    cut
  56  sn81B         Ia-norm    0.9639   4.32   0.2157   0.0147     0.00  0    cut
  57  sn00cx        Ia-pec     0.5740   4.28   0.2115   0.0123    -2.40  0    cut
  58  sn98bu        Ia-norm    0.6972   4.27   0.2068   0.0113    -0.70  0    cut
  59  sn03du        Ia-norm    0.8069   4.25   0.2083   0.0105    -1.10  0    cut
  60  sn03cg        Ia-norm    0.7690   4.24   0.2083   0.0117    -5.90  0    cut
  61  sn99aa        Ia-91T     0.7419   4.22   0.2237   0.0128     7.60  0    cut
  62  sn02er        Ia-norm    0.7202   4.22   0.2067   0.0128     4.40  0    cut
  63  sn03cg        Ia-norm    0.7906   4.22   0.2097   0.0107    -6.80  0    cut
  64  sn96X         Ia-norm    0.6864   4.22   0.2079   0.0112    -0.90  0    cut
  65  sn99ee        Ia-norm    0.8989   4.21   0.2308   0.0149    -6.70  0    cut
  66  sn96X         Ia-norm    0.9612   4.20   0.2018   0.0159     0.90  0    cut
  67  sn05hj        Ia-norm    0.7107   4.19   0.2040   0.0111    -5.10  0    cut
  68  sn02er        Ia-norm    0.8651   4.17   0.2119   0.0133    -3.50  0    cut
  69  sn05hj        Ia-norm    0.7094   4.17   0.2050   0.0123     1.60  0    cut
  70  sn81B         Ia-norm    0.9585   4.14   0.2162   0.0152    -0.90  0    cut
  71  sn99aa        Ia-91T     0.9057   4.12   0.2241   0.0134     2.70  0    cut
  72  sn02er        Ia-norm    0.7690   4.11   0.2073   0.0131     1.50  0    cut
  73  sn94M         Ia-norm    0.6769   4.11   0.2115   0.0137     5.00  0    cut
  74  sn02er        Ia-norm    0.7568   4.10   0.2161   0.0122    -9.40  0    cut
  75  sn95D         Ia-norm    0.7351   4.06   0.2035   0.0133     8.10  0    cut
  76  sn03du        Ia-norm    0.7906   4.06   0.2070   0.0103    -0.20  0    cut
  77  sn94ae        Ia-norm    0.6512   4.06   0.2076   0.0121     3.30  0    cut
  78  sn00cx        Ia-pec     0.6403   4.05   0.2126   0.0128     0.60  0    cut
  79  sn99ac        Ia-91T     0.7811   4.02   0.2150   0.0148     0.80  0    cut
  80  sn05gj        Ia-csm     0.6187   4.01   0.2068   0.0075   -12.10  0    cut
  81  sn03cg        Ia-norm    0.7920   3.95   0.2055   0.0115     1.50  0    cut
  82  sn00E         Ia-norm    0.7148   3.95   0.2087   0.0127    -2.50  0    cut
  83  sn02bo        Ia-norm    0.8610   3.95   0.2150   0.0143    -0.30  0    cut
  84  sn00E         Ia-norm    0.7419   3.95   0.2093   0.0127    -5.50  0    cut
  85  sn05hj        Ia-norm    0.7026   3.94   0.2047   0.0123    -0.30  0    cut
  86  sn99ee        Ia-norm    0.8976   3.93   0.2182   0.0161     0.30  0    cut
  87  sn95E         Ia-norm    0.6498   3.92   0.2077   0.0121     0.10  0    cut
  88  sn02cx        Ia-pec     0.6931   3.91   0.1877   0.0140    -5.30  0    cut
  89  sn96C         Ia-norm    0.7649   3.91   0.2022   0.0136     8.30  0    cut
  90  sn06gz        Ia-pec     0.7432   3.91   0.2042   0.0099     8.20  0    cut
  91  sn92A         Ia-norm    0.6850   3.90   0.2162   0.0126     3.30  0    cut
  92  sn02bo        Ia-norm    0.6959   3.90   0.2207   0.0161    -8.10  0    cut
  93  sn02er        Ia-norm    0.8191   3.90   0.2140   0.0161    33.20  0    cut
  94  sn94ae        Ia-norm    0.7351   3.90   0.2083   0.0126     1.30  0    cut
  95  sn95D         Ia-norm    0.6552   3.84   0.2039   0.0124    10.10  0    cut
  96  sn03du        Ia-norm    0.7920   3.83   0.2071   0.0112     0.80  0    cut
  97  sn03du        Ia-norm    0.6945   3.83   0.2105   0.0130    -8.80  0    cut
  98  sn03du        Ia-norm    0.6945   3.83   0.2096   0.0121    -7.80  0    cut
  99  sn03du        Ia-norm    0.6986   3.81   0.2118   0.0141    -9.70  0    cut
 100  sn02bo        Ia-norm    0.8042   3.80   0.2094   0.0177    29.40  0    cut
 101  sn92A         Ia-norm    0.8448   3.79   0.2144   0.0152    -0.40  0    cut
 102  sn99ee        Ia-norm    0.9856   3.79   0.2291   0.0201    -8.60  0    cut
 103  sn95E         Ia-norm    0.6227   3.77   0.2049   0.0137     7.00  0    cut
 104  sn99aw        Ia-91T     0.8664   3.73   0.2184   0.0129     0.30  0    cut
 105  sn03du        Ia-norm    0.7283   3.73   0.2022   0.0125     8.90  0    cut
 106  sn02bo        Ia-norm    0.8881   3.72   0.2191   0.0162    -1.40  0    cut
 107  sn02bo        Ia-norm    0.6986   3.71   0.2299   0.0167   -12.10  0    cut
 108  sn91T         Ia-91T     0.7784   3.70   0.1973   0.0140    10.90  0    cut
 109  sn03du        Ia-norm    0.7229   3.69   0.2029   0.0125     7.90  0    cut
 110  sn02er        Ia-norm    0.8434   3.68   0.2084   0.0141    -0.50  0    cut
 111  sn92A         Ia-norm    0.8570   3.68   0.2129   0.0135     6.30  0    cut
 112  sn94ae        Ia-norm    0.6647   3.66   0.2075   0.0131     2.30  0    cut
 113  sn99aa        Ia-91T     0.8096   3.66   0.2274   0.0151    41.10  0    cut
 114  sn91M         Ia-norm    0.8272   3.63   0.2108   0.0188    27.50  0    cut
 115  sn99aa        Ia-91T     0.8840   3.62   0.2216   0.0145    -0.60  0    cut
 116  sn06gz        Ia-pec     0.7419   3.60   0.2037   0.0106     9.20  0    cut
 117  sn99ac        Ia-91T     0.9003   3.58   0.2155   0.0162     3.10  0    cut
 118  sn94ae        Ia-norm    0.6864   3.56   0.2058   0.0138     6.40  0    cut
 119  sn90O         Ia-norm    0.7148   3.56   0.2142   0.0152    -0.40  0    cut
 120  sn99ee        Ia-norm    0.8989   3.56   0.2156   0.0172     2.20  0    cut
 121  sn02bo        Ia-norm    0.6959   3.55   0.2188   0.0172    -7.00  0    cut
 122  sn03du        Ia-norm    0.8610   3.55   0.2018   0.0145    10.80  0    cut
 123  sn00E         Ia-norm    0.7107   3.55   0.2092   0.0137    -1.40  0    cut
 124  sn94ae        Ia-norm    0.6986   3.54   0.2017   0.0135     9.30  0    cut
 125  sn94D         Ia-norm    0.7473   3.54   0.2126   0.0164    -8.70  0    cut
 126  sn02er        Ia-norm    0.8042   3.53   0.2235   0.0166    -8.40  0    cut
 127  sn98bu        Ia-norm    0.6999   3.52   0.2056   0.0144     9.30  0    cut
 128  sn03du        Ia-norm    0.6999   3.52   0.2052   0.0126     3.10  0    cut
 129  sn90O         Ia-norm    0.8989   3.51   0.0789   0.0214    -6.10  0    cut
 130  sn94S         Ia-norm    0.7040   3.50   0.2062   0.0136     1.40  0    cut
 131  sn03du        Ia-norm    0.6972   3.49   0.2054   0.0129     2.20  0    cut
 132  sn02bo        Ia-norm    0.7229   3.48   0.2179   0.0167    -4.40  0    cut
 133  sn03du        Ia-norm    0.7405   3.48   0.2021   0.0148     9.80  0    cut
 134  sn03cg        Ia-norm    0.7324   3.48   0.2067   0.0141     7.40  0    cut
 135  sn94Q         Ia-norm    0.7744   3.46   0.2081   0.0170    41.60  0    cut
 136  sn95E         Ia-norm    0.6024   3.46   0.2076   0.0128    -1.90  0    cut
 137  sn04eo        Ia-norm    0.8163   3.45   0.2147   0.0142    53.30  0    cut
 138  sn89B         Ia-norm    0.6390   3.45   0.2018   0.0133     7.50  0    cut
 139  sn02er        Ia-norm    0.8840   3.45   0.2057   0.0162     5.50  0    cut
 140  sn89B         Ia-norm    0.6498   3.43   0.2032   0.0131     3.50  0    cut
 141  sn00cx        Ia-pec     0.6173   3.43   0.2130   0.0132    -0.40  0    cut
 142  sn96X         Ia-norm    0.7283   3.42   0.2056   0.0136     8.90  0    cut
 143  sn94ae        Ia-norm    0.7229   3.42   0.2020   0.0143    10.40  0    cut
 144  sn90O         Ia-norm    0.8976   3.42   0.0778   0.0215    -5.10  0    cut
 145  sn03du        Ia-norm    0.6986   3.41   0.2064   0.0129    -0.80  0    cut
 146  sn94D         Ia-norm    0.8556   3.41   0.2026   0.0130     2.90  0    cut
 147  sn02bo        Ia-norm    0.6972   3.41   0.2131   0.0185    -1.20  0    cut
 148  sn94D         Ia-norm    0.7040   3.41   0.2070   0.0132     0.40  0    cut
 149  sn86G         Ia-91bg    0.6796   3.40   0.2102   0.0159    -3.40  0    cut
 150  sn02bo        Ia-norm    0.7541   3.40   0.2398   0.0198   -13.30  0    cut
 151  sn02bo        Ia-norm    0.6986   3.39   0.2139   0.0184    -2.10  0    cut
 152  sn02bo        Ia-norm    0.6972   3.38   0.2156   0.0187    -4.00  0    cut
 153  sn02bo        Ia-norm    0.6972   3.38   0.2164   0.0185    -5.10  0    cut
 154  sn02bo        Ia-norm    0.6972   3.37   0.2172   0.0184    -6.00  0    cut
 155  sn91bg        Ia-91bg    0.6959   3.36   0.2016   0.0182     2.50  0    cut
 156  sn92A         Ia-norm    0.6837   3.35   0.2182   0.0139    -0.60  0    cut
 157  sn04eo        Ia-norm    0.7703   3.33   0.2095   0.0165   -11.00  0    cut
 158  sn05gj        Ia-csm     0.6363   3.32   0.2034   0.0182    -1.80  0    cut
 159  sn91bg        Ia-91bg    0.6349   3.32   0.2239   0.0164    20.20  0    cut
 160  sn94ae        Ia-norm    0.6783   3.31   0.2066   0.0157     4.40  0    cut
 161  sn86G         Ia-91bg    0.5957   3.31   0.2048   0.0153     1.60  0    cut
 162  sn02bo        Ia-norm    0.7581   3.30   0.2087   0.0210    28.60  0    cut
 163  sn92A         Ia-norm    0.6891   3.30   0.2210   0.0126    -5.00  0    cut
 164  sn05hk        Ia-pec     0.8123   3.29   0.1900   0.0150    -6.30  0    cut
 165  sn91bg        Ia-91bg    0.7554   3.29   0.2187   0.0184    46.50  0    cut
 166  sn02bo        Ia-norm    0.7256   3.29   0.2339   0.0178   -12.30  0    cut
 167  sn00E         Ia-norm    0.6877   3.29   0.2051   0.0168     8.40  0    cut
 168  sn97br        Ia-91T     0.7960   3.29   0.2046   0.0153    -4.00  0    cut
 169  sn94D         Ia-norm    0.8529   3.29   0.2077   0.0127    -1.80  0    cut
 170  sn94ae        Ia-norm    0.7568   3.28   0.2123   0.0180    36.20  0    cut
 171  sn94D         Ia-norm    0.6498   3.28   0.2116   0.0132    -7.70  0    cut
 172  sn05hk        Ia-pec     0.9409   3.28   0.1865   0.0235    -5.10  0    cut
 173  sn02bo        Ia-norm    0.8326   3.28   0.2134   0.0177    -1.20  0    cut
 174  sn06gz        Ia-pec     0.7432   3.28   0.2037   0.0108    10.10  0    cut
 175  sn91T         Ia-91T     0.9856   3.28   0.2060   0.0234    -0.20  0    cut
 176  sn02bo        Ia-norm    0.7392   3.27   0.2264   0.0182    -9.40  0    cut
 177  sn86G         Ia-91bg    0.5916   3.27   0.2048   0.0155     0.60  0    cut
 178  sn89B         Ia-norm    0.6471   3.27   0.2020   0.0133     5.50  0    cut
 179  sn89B         Ia-norm    0.9355   3.27   0.0703   0.0215    -0.50  0    cut
 180  sn02cx        Ia-pec     0.6959   3.27   0.1895   0.0161    -2.40  0    cut
 181  sn03du        Ia-norm    0.8339   3.26   0.2058   0.0122     1.90  0    cut
 182  sn02bo        Ia-norm    0.6972   3.25   0.2144   0.0189    -3.10  0    cut
 183  sn01el        Ia-norm    0.6444   3.25   0.2113   0.0139     1.30  0    cut
 184  sn94D         Ia-norm    0.8421   3.25   0.2052   0.0112     2.20  0    cut
 185  sn00cx        Ia-pec     0.8773   3.24   0.2055   0.0166     1.60  0    cut
 186  sn94D         Ia-norm    0.7067   3.24   0.2086   0.0141    -2.60  0    cut
 187  sn95E         Ia-norm    0.6363   3.24   0.2072   0.0135     2.00  0    cut
 188  sn04eo        Ia-norm    0.8394   3.23   0.2017   0.0141     2.20  0    cut
 189  sn99by        Ia-91bg    0.6999   3.23   0.2067   0.0162    -3.90  0    cut
 190  sn86G         Ia-91bg    0.6810   3.22   0.2090   0.0163    -2.40  0    cut
 191  sn86G         Ia-91bg    0.6959   3.22   0.2106   0.0169    -4.40  0    cut
 192  sn95D         Ia-norm    0.6904   3.22   0.2048   0.0157     4.20  0    cut
 193  sn05hj        Ia-norm    0.7135   3.21   0.2058   0.0161    -6.00  0    cut
 194  sn99by        Ia-91bg    0.7013   3.21   0.2094   0.0266     8.10  0    cut
 195  sn90N         Ia-norm    0.5794   3.21   0.2005   0.0137     2.60  0    cut
 196  sn94S         Ia-norm    0.6268   3.20   0.0775   0.0222    -2.50  0    cut
 197  sn03du        Ia-norm    0.8353   3.19   0.2038   0.0128     3.90  0    cut
 198  sn04S         Ia-norm    0.9571   3.19   0.0662   0.0221     1.70  0    cut
 199  sn02er        Ia-norm    0.7893   3.18   0.2174   0.0175    -6.40  0    cut
 200  sn02bo        Ia-norm    0.7459   3.16   0.2101   0.0213    39.30  0    cut
 201  sn03du        Ia-norm    0.9070   3.14   0.2061   0.0169     5.00  0    cut
 202  sn97br        Ia-91T     0.8678   3.14   0.2051   0.0175     7.80  0    cut
 203  sn94D         Ia-norm    0.9422   3.14   0.0771   0.0265    -5.60  0    cut
 204  sn99by        Ia-91bg    0.7026   3.13   0.2078   0.0279     7.10  0    cut
 205  sn99by        Ia-91bg    0.6024   3.13   0.2070   0.0161    -4.80  0    cut
 206  sn02bo        Ia-norm    0.8339   3.13   0.2141   0.0179    -2.50  0    cut
 207  sn02bo        Ia-norm    0.7459   3.11   0.2095   0.0202    40.60  0    cut
 208  sn02er        Ia-norm    0.7811   3.11   0.2162   0.0143    -7.40  0    cut
 209  sn94M         Ia-norm    0.6376   3.11   0.2127   0.0173     4.00  0    cut
 210  sn02bo        Ia-norm    0.7500   3.10   0.2155   0.0182    -3.40  0    cut
 211  sn99aw        Ia-91T     0.6119   3.10   0.2127   0.0188    -0.70  0    cut
 212  sn91M         Ia-norm    0.7216   3.09   0.2114   0.0154     2.70  0    cut
 213  sn03du        Ia-norm    0.7514   3.09   0.2114   0.0120    -7.00  0    cut
 214  sn90N         Ia-norm    0.9436   3.07   0.2256   0.0254    -6.40  0    cut
 215  sn99aw        Ia-91T     0.8028   3.07   0.2120   0.0218    35.90  0    cut
 216  sn02bo        Ia-norm    0.6959   3.06   0.2339   0.0194   -13.10  0    cut
 217  sn89B         Ia-norm    0.6877   3.05   0.2132   0.0192    21.40  0    cut
 218  sn92A         Ia-norm    0.6471   3.04   0.2145   0.0150     7.30  0    cut
 219  sn99aa        Ia-91T     0.7906   3.03   0.2236   0.0163    -4.10  0    cut
 220  sn94ae        Ia-norm    0.6918   3.03   0.2062   0.0152     3.30  0    cut
 221  sn99ee        Ia-norm    0.8407   3.03   0.2086   0.0209    27.00  0    cut
 222  sn02bo        Ia-norm    0.7541   3.02   0.2091   0.0201    45.60  0    cut
 223  sn91bg        Ia-91bg    0.8177   3.02   0.2186   0.0172    46.30  0    cut
 224  sn02bo        Ia-norm    0.7446   3.02   0.2079   0.0224    29.70  0    cut
 225  sn02bo        Ia-norm    0.7541   3.02   0.2126   0.0182    -1.50  0    cut
 226  sn99aa        Ia-91T     0.8096   2.98   0.2274   0.0160    53.90  0    cut
 227  sn02bo        Ia-norm    0.9558   2.98   0.2103   0.0227     5.50  0    cut
 228  sn05gj        Ia-csm     0.8069   2.97   0.2060   0.0093    63.00  0    cut
 229  sn03du        Ia-norm    0.8556   2.94   0.2238   0.0170   -10.10  0    cut
 230  sn94ae        Ia-norm    0.6823   2.94   0.2034   0.0176    11.30  0    cut
 231  sn03du        Ia-norm    0.8353   2.94   0.2132   0.0252    34.60  0    cut
 232  sn91bg        Ia-91bg    0.7324   2.94   0.2026   0.0219     2.70  0    cut
 233  sn01el        Ia-norm    0.8854   2.93   0.2158   0.0195     9.20  0    cut
 234  sn02bo        Ia-norm    0.7595   2.93   0.2085   0.0239    23.80  0    cut
 235  sn97br        Ia-91T     0.7338   2.92   0.2002   0.0190     8.50  0    cut
 236  sn94D         Ia-norm    0.5442   2.92   0.2244   0.0172    26.20  0    cut
 237  sn05hk        Ia-pec     0.7459   2.92   0.1830   0.0245    -1.40  0    cut
 238  sn05gj        Ia-csm     0.6661   2.91   0.2073   0.0074    92.10  0    cut
 239  sn04S         Ia-norm    0.8380   2.91   0.2174   0.0216    42.10  0    cut
 240  sn00cx        Ia-pec     0.6214   2.90   0.2118   0.0159     7.50  0    cut
 241  sn04eo        Ia-norm    0.8908   2.90   0.2106   0.0190    -6.40  0    cut
 242  sn05gj        Ia-csm     0.8069   2.89   0.2061   0.0091    64.90  0    cut
 243  sn95E         Ia-norm    0.8705   2.88   0.1998   0.0168    10.00  0    cut
 244  sn00cx        Ia-pec     0.8759   2.87   0.2064   0.0184     5.60  0    cut
 245  sn04S         Ia-norm    0.8367   2.86   0.2113   0.0217    36.20  0    cut
 246  sn99ee        Ia-norm    0.8976   2.86   0.2086   0.0202    11.10  0    cut
 247  sn94D         Ia-norm    0.7094   2.85   0.2098   0.0151    -4.70  0    cut
 248  sn06gz        Ia-pec     0.7419   2.85   0.2137   0.0098   -10.30  0    cut
 249  sn04eo        Ia-norm    0.8434   2.84   0.2103   0.0255    20.80  0    cut
 250  sn81B         Ia-norm    0.7040   2.84   0.2174   0.0291    26.90  0    cut
 251  sn05hk        Ia-pec     0.8136   2.84   0.1875   0.0167    -4.20  0    cut
 252  sn95D         Ia-norm    0.7690   2.83   0.2133   0.0187    42.80  0    cut
 253  sn99aa        Ia-91T     0.8421   2.83   0.0937   0.0196    -8.50  0    cut
 254  sn92A         Ia-norm    0.9734   2.83   0.2210   0.0231     5.90  0    cut
 255  sn94M         Ia-norm    0.7175   2.82   0.2141   0.0180     3.00  0    cut
 256  sn89B         Ia-norm    0.9626   2.82   0.0471   0.0285    -6.30  0    cut
 257  sn94ae        Ia-norm    0.7094   2.82   0.2107   0.0191    40.10  0    cut
 258  sn02bo        Ia-norm    0.6986   2.82   0.2087   0.0236    27.70  0    cut
 259  sn92A         Ia-norm    0.8461   2.82   0.2148   0.0181     2.40  0    cut
 260  sn05hk        Ia-pec     0.8163   2.81   0.1893   0.0229    -4.30  0    cut
 261  sn90N         Ia-norm    0.7568   2.80   0.2098   0.0230    38.50  0    cut
 262  sn05gj        Ia-csm     0.8055   2.80   0.2058   0.0089    66.80  0    cut
 263  sn02bo        Ia-norm    0.7730   2.80   0.2097   0.0200    54.60  0    cut
 264  sn03du        Ia-norm    0.7920   2.78   0.2207   0.0209    37.40  0    cut
 265  sn97br        Ia-91T     0.7040   2.78   0.2052   0.0207    -7.40  0    cut
 266  sn99ac        Ia-91T     0.8380   2.78   0.2258   0.0238    32.00  0    cut
 267  sn99by        Ia-91bg    0.7013   2.76   0.2141   0.0228    31.10  0    cut
 268  sn99by        Ia-91bg    0.7013   2.76   0.2150   0.0226    33.10  0    cut
 269  sn94D         Ia-norm    0.8448   2.76   0.0817   0.0266   -10.70  0    cut
 270  sn99by        Ia-91bg    0.7013   2.76   0.2134   0.0230    29.10  0    cut
 271  sn00cx        Ia-pec     0.8773   2.76   0.2063   0.0185     6.50  0    cut
 272  sn96X         Ia-norm    0.9639   2.76   0.2027   0.0227     7.80  0    cut
 273  sn91bg        Ia-91bg    0.7040   2.75   0.2104   0.0190    33.70  0    cut
 274  sn99aw        Ia-91T     0.8326   2.75   0.2126   0.0184     3.20  0    cut
 275  sn05gj        Ia-csm     0.8055   2.74   0.2067   0.0097    65.80  0    cut
 276  sn03du        Ia-norm    0.9138   2.74   0.0841   0.0227    -3.20  0    cut
 277  sn90N         Ia-norm    0.9219   2.74   0.2426   0.0205   -13.20  0    cut
 278  sn02er        Ia-norm    0.6823   2.74   0.2200   0.0200   -11.30  0    cut
 279  sn02bo        Ia-norm    0.8556   2.74   0.0854   0.0235    -4.50  0    cut
 280  sn89B         Ia-norm    0.6755   2.74   0.2148   0.0195    23.40  0    cut
 281  sn06gz        Ia-pec     0.7392   2.73   0.2151   0.0101   -12.30  0    cut
 282  sn91bg        Ia-91bg    0.7459   2.73   0.2172   0.0202    29.50  0    cut
 283  sn98bu        Ia-norm    0.6999   2.73   0.2057   0.0176    10.20  0    cut
 284  sn89B         Ia-norm    0.6796   2.73   0.2137   0.0170    37.30  0    cut
 285  sn06gz        Ia-pec     0.7473   2.73   0.2125   0.0100    -9.30  0    cut
 286  sn97br        Ia-91T     0.7094   2.73   0.2066   0.0203    -6.40  0    cut
 287  sn03du        Ia-norm    0.8515   2.73   0.2204   0.0132    -6.20  0    cut
 288  sn99by        Ia-91bg    0.7013   2.72   0.2121   0.0236    25.10  0    cut
 289  sn05gj        Ia-csm     0.8069   2.72   0.2068   0.0097    63.90  0    cut
 290  sn02bo        Ia-norm    0.6877   2.72   0.2088   0.0218    43.60  0    cut
 291  sn97br        Ia-91T     0.7663   2.72   0.2071   0.0215    -9.00  0    cut
 292  sn99by        Ia-91bg    0.7026   2.71   0.2060   0.0309     6.10  0    cut
 293  sn99by        Ia-91bg    0.7013   2.71   0.2177   0.0222    42.10  0    cut
 294  sn02er        Ia-norm    0.9233   2.70   0.0829   0.0226    -2.50  0    cut
 295  sn95E         Ia-norm    0.8136   2.70   0.2147   0.0215    32.70  0    cut
 296  sn94ae        Ia-norm    0.6661   2.70   0.2150   0.0187    30.20  0    cut
 297  sn97br        Ia-91T     0.7256   2.70   0.2096   0.0228    49.10  0    cut
 298  sn04eo        Ia-norm    0.7866   2.69   0.2110   0.0217    29.70  0    cut
 299  sn97br        Ia-91T     0.7013   2.68   0.2043   0.0190    -6.00  0    cut
 300  sn91bg        Ia-91bg    0.8191   2.67   0.2203   0.0181    53.30  0    cut
 301  sn03cg        Ia-norm    0.8529   2.66   0.2023   0.0187     9.60  0    cut
 302  sn99ee        Ia-norm    0.8407   2.64   0.2053   0.0248    31.90  0    cut
 303  sn91bg        Ia-91bg    0.8407   2.64   0.0734   0.0215    54.50  0    cut
 304  sn91T         Ia-91T     0.8312   2.63   0.2062   0.0181    -5.30  0    cut
 305  sn91bg        Ia-91bg    0.6552   2.62   0.2067   0.0210    18.60  0    cut
 306  sn02bo        Ia-norm    0.6931   2.60   0.2089   0.0215    49.60  0    cut
 307  sn04eo        Ia-norm    0.7906   2.59   0.2161   0.0221    45.40  0    cut
 308  sn05gj        Ia-csm     0.6255   2.58   0.2070   0.0101    67.70  0    cut
 309  sn94ae        Ia-norm    0.9856   2.58   0.1846   0.0253     9.40  0    cut
 310  sn95bd        Ia-norm    0.7148   2.57   0.2001   0.0194    11.30  0    cut
 311  sn89B         Ia-norm    0.6864   2.55   0.2109   0.0225    20.40  0    cut
 312  sn89B         Ia-norm    0.6755   2.55   0.2110   0.0183    31.40  0    cut
 313  sn99by        Ia-91bg    0.7013   2.55   0.2039   0.0314     5.20  0    cut
 314  sn99aa        Ia-91T     0.8434   2.55   0.2239   0.0272    29.10  0    cut
 315  sn04S         Ia-norm    0.8394   2.54   0.2110   0.0228    18.40  0    cut
 316  sn02bo        Ia-norm    0.6959   2.54   0.2086   0.0220    51.60  0    cut
 317  sn00cx        Ia-pec     0.8894   2.53   0.2111   0.0210    31.40  0    cut
 318  sn02er        Ia-norm    0.9125   2.52   0.2275   0.0247    -4.40  0    cut
 319  sn91bg        Ia-91bg    0.6119   2.52   0.0465   0.0177   202.70  0    cut
 320  sn02bo        Ia-norm    0.7581   2.52   0.2085   0.0256    20.70  0    cut
 321  sn95D         Ia-norm    0.7067   2.52   0.1965   0.0189    11.20  0    cut
 322  sn94ae        Ia-norm    0.7595   2.51   0.2128   0.0168    64.00  0    cut
 323  sn91T         Ia-91T     0.8312   2.51   0.2061   0.0197    -6.40  0    cut
 324  sn05gj        Ia-csm     0.6214   2.51   0.2068   0.0239    40.50  0    cut
 325  sn05hk        Ia-pec     0.7392   2.49   0.1873   0.0278    -3.30  0    cut
 326  sn99by        Ia-91bg    0.8312   2.49   0.2030   0.0202    -2.80  0    cut
 327  sn91bg        Ia-91bg    0.8096   2.49   0.0711   0.0224   113.20  0    cut
 328  sn99by        Ia-91bg    0.7013   2.48   0.2037   0.0310     4.10  0    cut
 329  sn00cx        Ia-pec     0.6498   2.48   0.2141   0.0216    -3.40  0    cut
 330  sn94D         Ia-norm    0.9341   2.48   0.0952   0.0271   -10.60  0    cut
 331  sn94D         Ia-norm    0.7229   2.47   0.2123   0.0214    19.20  0    cut
 332  sn94D         Ia-norm    0.8800   2.47   0.2109   0.0180    -4.80  0    cut
 333  sn03du        Ia-norm    0.9138   2.46   0.0865   0.0249    -5.00  0    cut
 334  sn04eo        Ia-norm    0.6620   2.46   0.2238   0.0197    49.40  0    cut
 335  sn03cg        Ia-norm    0.8258   2.45   0.2131   0.0254    52.40  0    cut
 336  sn04eo        Ia-norm    0.7866   2.44   0.2105   0.0244    21.40  0    cut
 337  sn89B         Ia-norm    0.6877   2.44   0.2104   0.0233    19.40  0    cut
 338  sn02ic        Ia-csm     0.7419   2.43   0.2060   0.0127    31.90  0    cut
 339  sn05gj        Ia-csm     0.6255   2.43   0.2076   0.0094    75.30  0    cut
 340  sn94D         Ia-norm    0.6931   2.43   0.2120   0.0273    14.30  0    cut
 341  sn90N         Ia-norm    0.9734   2.43   0.0686   0.0338     4.90  0    cut
 342  sn05hk        Ia-pec     0.7446   2.43   0.1866   0.0266    -2.40  0    cut
 343  sn02bo        Ia-norm    0.6959   2.42   0.2095   0.0267    21.70  0    cut
 344  sn05hk        Ia-pec     0.6255   2.42   0.1878   0.0188    -6.30  0    cut
 345  sn89B         Ia-norm    0.6566   2.42   0.1996   0.0157     9.50  0    cut
 346  sn86G         Ia-91bg    0.5564   2.41   0.0445   0.0238   323.60  0    cut
 347  sn03du        Ia-norm    0.8218   2.41   0.2118   0.0239   -10.10  0    cut
 348  sn03cg        Ia-norm    0.7446   2.41   0.2111   0.0218    43.40  0    cut
 349  sn89B         Ia-norm    0.6539   2.41   0.2146   0.0208    25.40  0    cut
 350  sn04eo        Ia-norm    0.8732   2.41   0.1995   0.0224     7.00  0    cut
 351  sn05hk        Ia-pec     0.6282   2.41   0.1887   0.0192    -7.30  0    cut
 352  sn00cx        Ia-pec     0.5686   2.41   0.2139   0.0215    28.40  0    cut
 353  sn03du        Ia-norm    0.6999   2.41   0.2122   0.0243    29.00  0    cut
 354  sn90O         Ia-norm    0.9504   2.41   0.0826   0.0291    -7.10  0    cut
 355  sn03fg        Ia-pec     0.9084   2.40   0.1862   0.0265     2.00  0    cut
 356  sn02er        Ia-norm    0.9165   2.40   0.2192   0.0252    -1.50  0    cut
 357  sn00cx        Ia-pec     0.6241   2.39   0.2117   0.0230    30.40  0    cut
 358  sn03du        Ia-norm    0.6986   2.39   0.2118   0.0245    34.00  0    cut
 359  sn99ac        Ia-91T     0.8840   2.38   0.2228   0.0278    39.90  0    cut
 360  sn03cg        Ia-norm    0.7175   2.38   0.0629   0.0232   383.10  0    cut
 361  sn89B         Ia-norm    0.6823   2.38   0.2162   0.0230    24.40  0    cut
 362  sn91T         Ia-91T     0.8312   2.37   0.2083   0.0194    -7.30  0    cut
 363  sn05gj        Ia-csm     0.6255   2.37   0.2029   0.0250    10.40  0    cut
 364  sn02er        Ia-norm    0.7365   2.36   0.0861   0.0258    -5.40  0    cut
 365  sn89B         Ia-norm    0.6552   2.36   0.2127   0.0166    49.20  0    cut
 366  sn01el        Ia-norm    0.6607   2.36   0.2129   0.0235    -3.70  0    cut
 367  sn97br        Ia-91T     0.7676   2.36   0.2066   0.0243    -7.00  0    cut
 368  sn94D         Ia-norm    0.7744   2.34   0.2155   0.0234    50.00  0    cut
 369  sn04S         Ia-norm    0.9179   2.33   0.0863   0.0226     7.50  0    cut
 370  sn05gj        Ia-csm     0.6282   2.33   0.2049   0.0252     7.70  0    cut
 371  sn03du        Ia-norm    0.7053   2.33   0.2146   0.0221    49.80  0    cut
 372  sn97br        Ia-91T     0.7419   2.33   0.2045   0.0244    -8.00  0    cut
 373  sn95bd        Ia-norm    0.5605   2.31   0.2057   0.0248    36.90  0    cut
 374  sn03cg        Ia-norm    0.5754   2.30   0.2098   0.0223    28.50  0    cut
 375  sn94D         Ia-norm    0.7121   2.30   0.2163   0.0233    -9.50  0    cut
 376  sn98bu        Ia-norm    0.7013   2.29   0.0482   0.0254   242.80  0    cut
 377  sn99ac        Ia-91T     0.9179   2.29   0.2109   0.0233     9.20  0    cut
 378  sn97br        Ia-91T     0.7717   2.29   0.2005   0.0315    21.30  0    cut
 379  sn94D         Ia-norm    0.9653   2.28   0.0632   0.0338    -3.80  0    cut
 380  sn97br        Ia-91T     0.7459   2.27   0.2095   0.0283    50.50  0    cut
 381  sn98bu        Ia-norm    0.7013   2.27   0.2161   0.0234    43.10  0    cut
 382  sn98bu        Ia-norm    0.7013   2.27   0.2163   0.0235    42.10  0    cut
 383  sn03cg        Ia-norm    0.7500   2.27   0.2150   0.0303    26.40  0    cut
 384  sn96X         Ia-norm    0.7270   2.26   0.2123   0.0269    20.80  0    cut
 385  sn98bu        Ia-norm    0.7013   2.26   0.2159   0.0237    40.10  0    cut
 386  sn90N         Ia-norm    0.8326   2.26   0.3699   0.0261   -13.20  0    cut
 387  sn98bu        Ia-norm    0.6986   2.26   0.2162   0.0228    44.10  0    cut
 388  sn03du        Ia-norm    0.6972   2.25   0.2122   0.0268    26.00  0    cut
 389  sn98bu        Ia-norm    0.7013   2.25   0.2163   0.0237    41.10  0    cut
 390  sn94D         Ia-norm    0.7013   2.25   0.2134   0.0274    15.20  0    cut
 391  sn89B         Ia-norm    0.6850   2.24   0.2129   0.0254    18.40  0    cut
 392  sn86G         Ia-91bg    0.6187   2.24   0.2182   0.0209    54.50  0    cut
 393  sn98aq        Ia-norm    0.6972   2.24   0.0481   0.0245   230.30  0    cut
 394  sn98bu        Ia-norm    0.6999   2.23   0.2152   0.0244    38.20  0    cut
 395  sn03du        Ia-norm    0.6999   2.23   0.2145   0.0228    51.80  0    cut
 396  sn05hk        Ia-pec     0.7392   2.23   0.1912   0.0249    -5.30  0    cut
 397  sn94D         Ia-norm    0.7162   2.22   0.2131   0.0230    53.90  0    cut
 398  sn98bu        Ia-norm    0.6972   2.22   0.2143   0.0248    36.20  0    cut
 399  sn05hk        Ia-pec     0.8272   2.21   0.1919   0.0241    -7.30  0    cut
 400  sn03cg        Ia-norm    0.6525   2.21   0.2114   0.0248    23.40  0    cut
 401  sn98bu        Ia-norm    0.6972   2.21   0.2149   0.0249    37.20  0    cut
 402  sn98bu        Ia-norm    0.7013   2.21   0.2131   0.0248    29.20  0    cut
 403  sn98bu        Ia-norm    0.6999   2.21   0.2136   0.0252    33.20  0    cut
 404  sn94D         Ia-norm    0.7135   2.20   0.2116   0.0235    17.20  0    cut
 405  sn86G         Ia-91bg    0.6539   2.20   0.2103   0.0225    -1.90  0    cut
 406  sn02er        Ia-norm    0.6931   2.20   0.2123   0.0260    24.20  0    cut
 407  sn98bu        Ia-norm    0.6999   2.19   0.2147   0.0251    35.20  0    cut
 408  sn03du        Ia-norm    0.7798   2.19   0.2142   0.0264    39.50  0    cut
 409  sn86G         Ia-91bg    0.6038   2.19   0.2175   0.0198    49.50  0    cut
 410  sn98bu        Ia-norm    0.6999   2.19   0.2132   0.0255    28.20  0    cut
 411  sn98bu        Ia-norm    0.6999   2.18   0.2161   0.0246    39.20  0    cut
 412  sn89B         Ia-norm    0.7094   2.18   0.2166   0.0217    51.00  0    cut
 413  sn89B         Ia-norm    0.6891   2.18   0.2164   0.0265    22.40  0    cut
 414  sn98bu        Ia-norm    0.6972   2.18   0.2129   0.0257    30.20  0    cut
 415  sn06gz        Ia-pec     0.7067   2.18   0.0689   0.0267     4.30  0    cut
 416  sn86G         Ia-91bg    0.6173   2.18   0.2177   0.0215    45.60  0    cut
 417  sn98bu        Ia-norm    0.6959   2.16   0.2131   0.0257    32.10  0    cut
 418  sn98bu        Ia-norm    0.6999   2.16   0.2144   0.0255    34.20  0    cut
 419  sn98bu        Ia-norm    0.6959   2.16   0.2130   0.0257    31.10  0    cut
 420  sn03du        Ia-norm    0.6959   2.16   0.2139   0.0225    56.70  0    cut
 421  sn05gj        Ia-csm     0.6336   2.15   0.2075   0.0309    42.30  0    cut
 422  sn86G         Ia-91bg    0.6566   2.15   0.2096   0.0232    -0.90  0    cut
 423  sn91bg        Ia-91bg    0.7243   2.15   0.2024   0.0306     2.70  0    cut
 424  sn00cx        Ia-pec     0.8949   2.14   0.2123   0.0221    41.30  0    cut
 425  sn94D         Ia-norm    0.7026   2.14   0.2130   0.0247    50.10  0    cut
 426  sn98bu        Ia-norm    0.6999   2.14   0.2056   0.0208    11.20  0    cut
 427  sn05gj        Ia-csm     0.6417   2.13   0.0167   0.0230    39.40  0    cut
 428  sn99ac        Ia-91T     0.8678   2.12   0.2114   0.0303    33.90  0    cut
 429  sn91bg        Ia-91bg    0.6106   2.12   0.0448   0.0243   143.00  0    cut
 430  sn04eo        Ia-norm    0.7094   2.11   0.2150   0.0222    71.10  0    cut
 431  sn03cg        Ia-norm    0.6972   2.11   0.2129   0.0266    23.40  0    cut
 432  sn99ac        Ia-91T     0.8840   2.11   0.2093   0.0303    29.00  0    cut
 433  sn95D         Ia-norm    0.7703   2.10   0.2138   0.0217    69.60  0    cut
 434  sn98aq        Ia-norm    0.6999   2.10   0.2187   0.0225    50.60  0    cut
 435  sn91bg        Ia-91bg    0.7947   2.09   0.2038   0.0330     1.50  0    cut
 436  sn99by        Ia-91bg    0.8312   2.09   0.1999   0.0308     3.10  0    cut
 437  sn86G         Ia-91bg    0.6552   2.09   0.2061   0.0234     0.10  0    cut
 438  sn05hk        Ia-pec     0.7432   2.09   0.1921   0.0271    -6.30  0    cut
 439  sn99ee        Ia-norm    0.8407   2.09   0.2053   0.0283    22.10  0    cut
 440  sn04S         Ia-norm    0.8394   2.08   0.2091   0.0250    13.40  0    cut
 441  sn03cg        Ia-norm    0.7405   2.08   0.2122   0.0290    19.40  0    cut
 442  sn98aq        Ia-norm    0.6972   2.08   0.2154   0.0264    30.80  0    cut
 443  sn02bo        Ia-norm    0.7581   2.07   0.2076   0.0286    18.70  0    cut
 444  sn94D         Ia-norm    0.7026   2.07   0.2119   0.0286    17.40  0    cut
 445  sn98bu        Ia-norm    0.7026   2.07   0.0477   0.0264   216.90  0    cut
 446  sn03du        Ia-norm    0.6715   2.06   0.2145   0.0217    45.60  0    cut
 447  sn98bu        Ia-norm    0.7013   2.06   0.0466   0.0267   208.00  0    cut
 448  sn01el        Ia-norm    0.8881   2.05   0.2183   0.0277    18.10  0    cut
 449  sn97cn        Ia-91bg    0.7243   2.05   0.1977   0.0289     3.90  0    cut
 450  sn99ee        Ia-norm    0.8976   2.04   0.2077   0.0273    16.10  0    cut
 451  sn02er        Ia-norm    0.8407   2.03   0.4387   0.0332    19.50  0    cut
 452  sn94D         Ia-norm    0.8015   2.03   0.2056   0.0172    11.00  0    cut
 453  sn03du        Ia-norm    0.5889   2.02   0.2101   0.0223    33.40  0    cut
 454  sn98aq        Ia-norm    0.6959   2.02   0.2154   0.0267    33.80  0    cut
 455  sn02bo        Ia-norm    0.6945   2.02   0.2083   0.0293    19.80  0    cut
 456  sn97cn        Ia-91bg    0.8570   2.02   0.0866   0.0213    43.40  0    cut
 457  sn91T         Ia-91T     0.9246   2.02   0.0090   0.0301   -11.50  0    cut
 458  sn03du        Ia-norm    0.6904   2.02   0.2145   0.0229    60.70  0    cut
 459  sn04eo        Ia-norm    0.7622   2.02   0.2117   0.0285    23.40  0    cut
 460  sn98aq        Ia-norm    0.6959   2.01   0.2157   0.0267    31.80  0    cut
 461  sn98aq        Ia-norm    0.6999   2.01   0.2187   0.0229    54.70  0    cut
 462  sn86G         Ia-91bg    0.6268   2.00   0.2164   0.0207    44.60  0    cut
 463  sn98aq        Ia-norm    0.6999   1.99   0.0488   0.0269   240.30  0    cut
 464  sn86G         Ia-91bg    0.8028   1.99   0.3472   0.0232   103.00  0    cut
 465  sn92A         Ia-norm    0.9382   1.99   0.2034   0.0330     8.70  0    cut
 466  sn98aq        Ia-norm    0.6959   1.98   0.2164   0.0265    35.80  0    cut
 467  sn05gj        Ia-csm     0.7554   1.98   0.2062   0.0126    61.10  0    cut
 468  sn86G         Ia-91bg    0.6552   1.98   0.2074   0.0243     1.10  0    cut
 469  sn02bo        Ia-norm    0.7568   1.98   0.2076   0.0259    10.80  0    cut
 470  sn94D         Ia-norm    0.6904   1.97   0.2167   0.0264    40.30  0    cut
 471  sn98bu        Ia-norm    0.6999   1.97   0.0474   0.0274   190.10  0    cut
 472  sn02er        Ia-norm    0.8488   1.97   0.2073   0.0238    10.60  0    cut
 473  sn97br        Ia-91T     0.9219   1.97   0.1876   0.0298    12.40  0    cut
 474  sn94D         Ia-norm    0.7283   1.97   0.2033   0.0198    10.10  0    cut
 475  sn91bg        Ia-91bg    0.8339   1.97   0.0846   0.0210   117.20  0    cut
 476  sn05gj        Ia-csm     0.7541   1.96   0.2070   0.0115    88.40  0    cut
 477  sn00cx        Ia-pec     0.6227   1.95   0.2122   0.0209     9.50  0    cut
 478  sn91bg        Ia-91bg    0.6539   1.95   0.2057   0.0275    16.40  0    cut
 479  sn05hk        Ia-pec     0.5050   1.95   0.5014   0.0173    -3.40  0    cut
 480  sn93ac        Ia-norm    0.9490   1.95   0.1961   0.0282     6.90  0    cut
 481  sn02er        Ia-norm    0.9233   1.94   0.2146   0.0317     3.40  0    cut
 482  sn05gj        Ia-csm     0.8082   1.93   0.2077   0.0093   133.50  0    cut
 483  sn05hk        Ia-pec     0.7446   1.93   0.1624   0.0182    14.40  0    cut
 484  sn98aq        Ia-norm    0.6999   1.92   0.2188   0.0238    57.70  0    cut
 485  sn03cg        Ia-norm    0.6512   1.92   0.2110   0.0215    38.30  0    cut
 486  sn94D         Ia-norm    0.6931   1.91   0.2159   0.0286    55.10  0    cut
 487  sn98bu        Ia-norm    0.6999   1.91   0.2163   0.0241    57.10  0    cut
 488  sn02cx        Ia-pec     0.6444   1.91   0.4302   0.0186    53.30  0    cut
 489  sn03du        Ia-norm    0.6959   1.90   0.2112   0.0307    24.00  0    cut
 490  sn99ee        Ia-norm    0.7053   1.90   0.2077   0.0298    40.90  0    cut
 491  sn97br        Ia-91T     0.8258   1.90   0.2115   0.0269    71.90  0    cut
 492  sn97br        Ia-91T     0.7094   1.90   0.2008   0.0364    37.60  0    cut
 493  sn03du        Ia-norm    0.6945   1.89   0.2150   0.0247    61.70  0    cut
 494  sn00cx        Ia-pec     0.5876   1.89   0.2128   0.0258    26.40  0    cut
 495  sn03cg        Ia-norm    0.8542   1.89   0.2033   0.0230    11.40  0    cut
 496  sn81B         Ia-norm    0.8299   1.89   0.2066   0.0299    19.90  0    cut
 497  sn99ee        Ia-norm    0.8421   1.89   0.2038   0.0270    20.00  0    cut
 498  sn94D         Ia-norm    0.7094   1.89   0.2148   0.0266    43.20  0    cut
 499  sn94D         Ia-norm    0.6972   1.89   0.2123   0.0266    57.10  0    cut
 500  sn91bg        Ia-91bg    0.6376   1.88   0.2122   0.0207    34.40  0    cut
 501  sn03cg        Ia-norm    0.8339   1.88   0.2085   0.0185    16.40  0    cut
 502  sn02bo        Ia-norm    0.7581   1.87   0.2073   0.0308    17.80  0    cut
 503  sn90N         Ia-norm    0.8908   1.87   0.2019   0.0257    14.50  0    cut
 504  sn03du        Ia-norm    0.8434   1.87   0.2088   0.0249    13.70  0    cut
 505  sn05hk        Ia-pec     0.5320   1.86   0.4311   0.0175    53.80  0    cut
 506  sn98aq        Ia-norm    0.6999   1.86   0.2188   0.0237    59.60  0    cut
 507  sn05gj        Ia-csm     0.6295   1.85   0.2028   0.0305    17.90  0    cut
 508  sn05hk        Ia-pec     0.7432   1.85   0.1917   0.0262    -8.30  0    cut
 509  sn89B         Ia-norm    0.6864   1.84   0.2097   0.0301    17.40  0    cut
 510  sn99ac        Ia-91T     0.9111   1.84   0.2064   0.0307    12.20  0    cut
 511  sn91bg        Ia-91bg    0.8082   1.82   0.0871   0.0231    14.70  0    cut
 512  sn04eo        Ia-norm    0.8448   1.82   0.1975   0.0315    14.00  0    cut
 513  sn97br        Ia-91T     0.6810   1.82   0.2083   0.0343    42.10  0    cut
 514  sn02cx        Ia-pec     0.5226   1.81   0.4398   0.0184    14.20  0    cut
 515  sn91T         Ia-91T     0.8894   1.81   0.0719   0.0278    -9.30  0    cut
 516  sn86G         Ia-91bg    0.6024   1.79   0.2138   0.0214    52.00  0    cut
 517  sn81B         Ia-norm    0.8542   1.79   0.1994   0.0347    23.90  0    cut
 518  sn86G         Ia-91bg    0.7013   1.78   0.2197   0.0242    56.50  0    cut
 519  sn92A         Ia-norm    0.6133   1.78   0.0326   0.0223    16.30  0    cut
 520  sn97br        Ia-91T     0.7811   1.78   0.2068   0.0250    66.40  0    cut
 521  sn05gj        Ia-csm     0.5794   1.77   0.0068   0.0312    51.80  0    cut
 522  sn94D         Ia-norm    0.6011   1.77   0.2127   0.0216    46.20  0    cut
 523  sn05hk        Ia-pec     0.5077   1.77   0.5016   0.0179    -4.20  0    cut
 524  sn02er        Ia-norm    0.8962   1.77   0.0977   0.0234    16.40  0    cut
 525  sn98bu        Ia-norm    0.6986   1.77   0.0465   0.0287   179.10  0    cut
 526  sn02er        Ia-norm    0.8962   1.76   0.0977   0.0234    15.50  0    cut
 527  sn81B         Ia-norm    0.8380   1.76   0.2119   0.0319    18.90  0    cut
 528  sn86G         Ia-91bg    0.6024   1.76   0.2141   0.0213    54.00  0    cut
 529  sn92A         Ia-norm    0.8448   1.76   0.0599   0.0351    -5.00  0    cut
 530  sn02bo        Ia-norm    0.7581   1.75   0.2072   0.0307    16.70  0    cut
 531  sn97cn        Ia-91bg    0.6485   1.75   0.2959   0.0222    28.70  0    cut
 532  sn98aq        Ia-norm    0.6999   1.74   0.2194   0.0248    62.60  0    cut
 533  sn89B         Ia-norm    0.6850   1.74   0.2028   0.0279    12.40  0    cut
 534  sn91T         Ia-91T     0.8894   1.74   0.0740   0.0297   -10.30  0    cut
 535  sn98bu        Ia-norm    0.6986   1.73   0.2056   0.0248    12.20  0    cut
 536  sn02bo        Ia-norm    0.7581   1.72   0.2070   0.0286    11.90  0    cut
 537  sn86G         Ia-91bg    0.6024   1.72   0.2145   0.0214    56.00  0    cut
 538  sn91bg        Ia-91bg    0.7175   1.72   0.2208   0.0306    50.50  0    cut
 539  sn05hk        Ia-pec     0.7459   1.72   0.1634   0.0148    20.30  0    cut
 540  sn04eo        Ia-norm    0.8448   1.71   0.2011   0.0324    11.00  0    cut
 541  sn99aa        Ia-91T     0.7283   1.71   0.2347   0.0375    50.00  0    cut
 542  sn95D         Ia-norm    0.7026   1.71   0.1940   0.0244    14.10  0    cut
 543  sn94ae        Ia-norm    0.7121   1.71   0.2131   0.0253    70.00  0    cut
 544  sn89B         Ia-norm    0.6593   1.70   0.1974   0.0207    11.50  0    cut
 545  sn05gj        Ia-csm     0.6403   1.70   0.0149   0.0281    38.50  0    cut
 546  sn81B         Ia-norm    0.7920   1.68   0.2161   0.0272    16.00  0    cut
 547  sn89B         Ia-norm    0.6444   1.68   0.1977   0.0258    13.40  0    cut
 548  sn03du        Ia-norm    0.8353   1.68   0.2141   0.0195    72.30  0    cut
 549  sn02bo        Ia-norm    0.7568   1.67   0.2071   0.0296    12.80  0    cut
 550  sn97br        Ia-91T     0.6620   1.67   0.1940   0.0360    23.70  0    cut
 551  sn02bo        Ia-norm    0.6999   1.67   0.2091   0.0289    72.50  0    cut
 552  sn05hk        Ia-pec     0.4738   1.67   0.4338   0.0235    26.40  0    cut
 553  sn81B         Ia-norm    0.8637   1.66   0.2063   0.0355    22.90  0    cut
 554  sn05hk        Ia-pec     0.7581   1.66   0.2087   0.0213    42.90  0    cut
 555  sn05hk        Ia-pec     0.7852   1.66   0.1702   0.0408    14.30  0    cut
 556  sn81B         Ia-norm    0.7866   1.66   0.2083   0.0277    16.90  0    cut
 557  sn89B         Ia-norm    0.6877   1.65   0.2057   0.0320    16.40  0    cut
 558  sn94D         Ia-norm    0.6999   1.65   0.2164   0.0299    59.10  0    cut
 559  sn02bo        Ia-norm    0.7581   1.65   0.2069   0.0298    13.80  0    cut
 560  sn98aq        Ia-norm    0.6999   1.64   0.2185   0.0251    65.60  0    cut
 561  sn91bg        Ia-91bg    0.7893   1.62   0.0886   0.0251    25.60  0    cut
 562  sn94D         Ia-norm    0.7135   1.62   0.2244   0.0309    -9.60  0    cut
 563  sn94ae        Ia-norm    0.7256   1.62   0.0452   0.0322   153.40  0    cut
 564  sn04eo        Ia-norm    0.6850   1.61   0.2152   0.0238    67.00  0    cut
 565  sn94M         Ia-norm    0.7690   1.61   0.2178   0.0310    34.10  0    cut
 566  sn05hk        Ia-pec     0.6282   1.61   0.1821   0.0277     3.60  0    cut
 567  sn05hk        Ia-pec     0.7432   1.61   0.1925   0.0260    -9.30  0    cut
 568  sn94D         Ia-norm    0.7162   1.60   0.2084   0.0277    15.20  0    cut
 569  sn94T         Ia-norm    0.5510   1.59   0.2066   0.0247     1.20  0    cut
 570  sn00cx        Ia-pec     0.6200   1.59   0.0528   0.0428    14.50  0    cut
 571  sn05hk        Ia-pec     0.8894   1.58   0.0649   0.0259    -8.30  0    cut
 572  sn05hk        Ia-pec     0.7067   1.58   0.2091   0.0210    65.50  0    cut
 573  sn91T         Ia-91T     0.7703   1.57   0.0587   0.0373   260.40  0    cut
 574  sn02ic        Ia-csm     0.5659   1.57   0.0106   0.0304    65.60  0    cut
 575  sn91bg        Ia-91bg    0.7297   1.55   0.3419   0.0165   117.20  0    cut
 576  sn91bg        Ia-91bg    0.8191   1.55   0.0904   0.0223    53.50  0    cut
 577  sn91T         Ia-91T     0.8394   1.55   0.1928   0.0299    15.90  0    cut
 578  sn92A         Ia-norm    0.6187   1.53   0.2191   0.0399    24.20  0    cut
 579  sn90N         Ia-norm    0.8380   1.53   0.0567   0.0428   213.40  0    cut
 580  sn04eo        Ia-norm    0.8448   1.53   0.1964   0.0643    12.40  0    cut
 581  sn91bg        Ia-91bg    0.7730   1.52   0.4130   0.0461    32.70  0    cut
 582  sn94D         Ia-norm    0.9504   1.51   0.2085   0.0433    24.20  0    cut
 583  sn91bg        Ia-91bg    0.6607   1.51   0.0903   0.0276    88.10  0    cut
 584  sn02bo        Ia-norm    0.9125   1.50   0.0804   0.0276    44.40  0    cut
 585  sn03cg        Ia-norm    0.8583   1.50   0.2012   0.0253    12.40  0    cut
 586  sn86G         Ia-91bg    0.8583   1.50   0.0815   0.0263    90.00  0    cut
 587  sn01el        Ia-norm    0.8854   1.50   0.0964   0.0237    39.90  0    cut
 588  sn02cx        Ia-pec     0.6986   1.49   0.6922   0.0219    10.30  0    cut
 589  sn03du        Ia-norm    0.8367   1.49   0.3493   0.0332   220.70  0    cut
 590  sn95ac        Ia-norm    0.6336   1.49   0.2236   0.0449    24.40  0    cut
 591  sn02cx        Ia-pec     0.8718   1.48   0.1617   0.0820    24.10  0    cut
 592  sn94D         Ia-norm    0.7013   1.48   0.2066   0.0285    13.40  0    cut
 593  sn99aa        Ia-91T     0.8069   1.48   0.2218   0.0247    15.40  0    cut
 594  sn98bu        Ia-norm    0.6986   1.48   0.2053   0.0281    13.20  0    cut
 595  sn04eo        Ia-norm    0.7635   1.48   0.0568   0.0360   224.20  0    cut
 596  sn03du        Ia-norm    0.8786   1.47   0.0868   0.0239    51.60  0    cut
 597  sn02cx        Ia-pec     0.6471   1.47   0.4365   0.0278    18.20  0    cut
 598  sn02bo        Ia-norm    0.6959   1.47   0.2075   0.0330    15.70  0    cut
 599  sn00cx        Ia-pec     0.4982   1.46   0.0403   0.0372    19.40  0    cut
 600  sn90O         Ia-norm    0.7500   1.46   0.1919   0.0392    19.10  0    cut
 601  sn99ac        Ia-91T     0.9152   1.46   0.2065   0.0384    17.10  0    cut
 602  sn00cx        Ia-pec     0.5862   1.45   0.2125   0.0281    24.40  0    cut
 603  sn94ae        Ia-norm    0.9274   1.44   0.0657   0.0359   123.60  0    cut
 604  sn05hk        Ia-pec     0.7581   1.43   0.2078   0.0275    42.00  0    cut
 605  sn94D         Ia-norm    0.6146   1.43   0.2183   0.0455    48.00  0    cut
 606  sn02er        Ia-norm    0.6959   1.43   0.2128   0.0262    12.40  0    cut
 607  sn00cx        Ia-pec     0.8949   1.42   0.2101   0.0263    61.10  0    cut
 608  sn94M         Ia-norm    0.9070   1.42   0.2048   0.0214    12.90  0    cut
 609  sn05hk        Ia-pec     0.6634   1.41   0.1622   0.0465    27.20  0    cut
 610  sn02bo        Ia-norm    0.6945   1.41   0.2075   0.0339    14.80  0    cut
 611  sn02cx        Ia-pec     0.8610   1.41   0.1627   0.0248    23.00  0    cut
 612  sn02bo        Ia-norm    0.6999   1.41   0.2068   0.0325    79.40  0    cut
 613  sn94Q         Ia-norm    0.8556   1.40   0.2081   0.0268    11.60  0    cut
 614  sn94D         Ia-norm    0.7040   1.40   0.2078   0.0344    15.30  0    cut
 615  sn91bg        Ia-91bg    0.8962   1.39   0.0830   0.0303    18.90  0    cut
 616  sn95bd        Ia-norm    0.5645   1.39   0.2031   0.0462    72.30  0    cut
 617  sn91M         Ia-norm    0.8042   1.39   0.2063   0.0296    80.00  0    cut
 618  sn03du        Ia-norm    0.7852   1.39   0.7071   0.0275   137.60  0    cut
 619  sn94D         Ia-norm    0.9138   1.39   0.0717   0.0306    83.10  0    cut
 620  sn05hk        Ia-pec     0.6607   1.39   0.1635   0.0471    23.20  0    cut
 621  sn97br        Ia-91T     0.7405   1.38   0.7160   0.0259    17.40  0    cut
 622  sn02er        Ia-norm    0.8285   1.38   0.0621   0.0409   213.00  0    cut
 623  sn05gj        Ia-csm     0.6336   1.37   0.1765   0.0388    27.30  0    cut
 624  sn04eo        Ia-norm    0.6539   1.36   0.2167   0.0242    48.40  0    cut
 625  sn05hk        Ia-pec     0.9084   1.36   0.1681   0.0414    23.40  0    cut
 626  sn03du        Ia-norm    0.7392   1.35   0.6962   0.0282   109.00  0    cut
 627  sn90N         Ia-norm    0.7771   1.35   0.0566   0.0337   228.10  0    cut
 628  sn00cx        Ia-pec     0.6214   1.34   0.2115   0.0259    11.50  0    cut
 629  sn03du        Ia-norm    0.8637   1.34   0.0889   0.0249    63.40  0    cut
 630  sn06gz        Ia-pec     0.7135   1.32   0.0943   0.0660   -13.30  0    cut
 631  sn05hk        Ia-pec     0.5916   1.31   0.1692   0.0765    12.40  0    cut
 632  sn03du        Ia-norm    0.7121   1.31   0.7040   0.0295   138.60  0    cut
 633  sn05hk        Ia-pec     0.7581   1.30   0.2123   0.0547    39.00  0    cut
 634  sn92A         Ia-norm    0.8935   1.30   0.2129   0.0314     8.90  0    cut
 635  sn05hk        Ia-pec     0.7094   1.30   0.2095   0.0518    37.00  0    cut
 636  sn95D         Ia-norm    0.9856   1.30   0.1657   0.0389    16.10  0    cut
 637  sn99aa        Ia-91T     0.8854   1.28   0.2185   0.0393    21.10  0    cut
 638  sn98bu        Ia-norm    0.6986   1.28   0.2052   0.0311    14.30  0    cut
 639  sn94ae        Ia-norm    0.6065   1.28   0.0409   0.0362    87.80  0    cut
 640  sn94D         Ia-norm    0.9802   1.28   1.1988   0.0000    16.30  0    cut
 641  sn81B         Ia-norm    0.5645   1.28   0.1849   0.0348    93.50  0    cut
 642  sn91T         Ia-91T     0.7960   1.27   0.2097   0.0471    67.60  0    cut
 643  sn95al        Ia-norm    0.9179   1.27   0.2070   0.0361    17.00  0    cut
 644  sn98aq        Ia-norm    0.6999   1.27   0.7009   0.0288    90.50  0    cut
 645  sn90N         Ia-norm    0.6986   1.26   0.5031   0.0354   332.50  0    cut
 646  sn86G         Ia-91bg    0.4630   1.26   0.2065   0.0384    21.10  0    cut
 647  sn03du        Ia-norm    0.8353   1.25   0.2140   0.0268    84.30  0    cut
 648  sn90N         Ia-norm    0.6986   1.25   0.0600   0.0357   280.70  0    cut
 649  sn81B         Ia-norm    0.4820   1.25   0.0048   0.0325    33.80  0    cut
 650  sn90N         Ia-norm    0.6255   1.24   0.5008   0.0381   309.80  0    cut
 651  sn86G         Ia-91bg    0.4860   1.24  -0.0042   0.0333    23.10  0    cut
 652  sn03du        Ia-norm    0.8610   1.24   0.3472   0.0341   141.30  0    cut
 653  sn96X         Ia-norm    0.9531   1.22   0.1890   0.0537    22.50  0    cut
 654  sn91M         Ia-norm    0.7798   1.22   0.0609   0.0382   111.80  0    cut
 655  sn90N         Ia-norm    0.6471   1.22   0.5032   0.0365   245.20  0    cut
 656  sn00cx        Ia-pec     0.5889   1.22   0.2121   0.0328    22.40  0    cut
 657  sn86G         Ia-91bg    0.4792   1.21   0.2028   0.0481    41.60  0    cut
 658  sn90N         Ia-norm    0.6241   1.21   0.5010   0.0361   246.20  0    cut
 659  sn02bo        Ia-norm    0.6769   1.20   0.6958   0.0299    83.30  0    cut
 660  sn98aq        Ia-norm    0.6999   1.19   0.7026   0.0288    81.60  0    cut
 661  sn96X         Ia-norm    0.9531   1.17   0.1884   0.0549    24.70  0    cut
 662  sn04S         Ia-norm    0.8109   1.17   0.7161   0.0324    14.00  0    cut
 663  sn03du        Ia-norm    0.7514   1.16   0.2223   0.0294    87.10  0    cut
 664  sn99aa        Ia-91T     0.8732   1.16   0.2025   0.0504    34.10  0    cut
 665  sn91T         Ia-91T     0.6255   1.16   0.0441   0.0374    18.60  0    cut
 666  sn03du        Ia-norm    0.7243   1.15   0.0282   0.0511    19.60  0    cut
 667  sn98aq        Ia-norm    0.6999   1.14   0.2182   0.0301    78.60  0    cut
 668  sn86G         Ia-91bg    0.7013   1.14   0.5067   0.0305   256.70  0    cut
 669  sn03du        Ia-norm    0.7933   1.14   0.0307   0.0530    17.80  0    cut
 670  sn86G         Ia-91bg    0.4968   1.13  -0.0058   0.0378    22.10  0    cut
 671  sn96X         Ia-norm    0.8732   1.13   0.0921   0.0263    31.70  0    cut
 672  sn03du        Ia-norm    0.8705   1.12   0.0904   0.0264    31.80  0    cut
 673  sn03du        Ia-norm    0.6999   1.12   0.7129   0.0254    22.00  0    cut
 674  sn94D         Ia-norm    0.7121   1.12   0.0318   0.0506    13.20  0    cut
 675  sn92A         Ia-norm    0.6119   1.12   0.0418   0.0511    11.60  0    cut
 676  sn03du        Ia-norm    0.8637   1.11   0.2023   0.0519    21.80  0    cut
 677  sn98aq        Ia-norm    0.6972   1.11   0.7144   0.0260    20.80  0    cut
 678  sn94S         Ia-norm    0.8245   1.10   0.0267   0.0425    20.90  0    cut
 679  sn02ic        Ia-csm     0.8922   1.10   0.1761   0.0250    44.10  0    cut
 680  sn03du        Ia-norm    0.9003   1.09   0.0816   0.0302    26.70  0    cut
 681  sn89B         Ia-norm    0.6823   1.09   0.0246   0.0403    14.40  0    cut
 682  sn03du        Ia-norm    0.6986   1.08   0.0267   0.0541    20.00  0    cut
 683  sn99aa        Ia-91T     0.9301   1.08   0.2239   0.0468    26.20  0    cut
 684  sn94D         Ia-norm    0.7162   1.06   0.0321   0.0528    12.20  0    cut
 685  sn03du        Ia-norm    0.6986   1.06   0.0286   0.0549    19.00  0    cut
 686  sn90N         Ia-norm    0.6485   1.06   0.5031   0.0382   255.90  0    cut
 687  sn02er        Ia-norm    0.8840   1.06   0.0831   0.0312     9.40  0    cut
 688  sn00cx        Ia-pec     0.8935   1.05   0.0816   0.0322    71.00  0    cut
 689  sn95al        Ia-norm    0.9274   1.05   0.2073   0.0449    25.30  0    cut
 690  sn91T         Ia-91T     0.9707   1.05   1.1988   0.0000    46.60  0    cut
 691  sn81B         Ia-norm    0.5320   1.05   0.0348   0.0330   114.40  0    cut
 692  sn91M         Ia-norm    0.8136   1.04   0.2082   0.0483    25.80  0    cut
 693  sn94ae        Ia-norm    0.8908   1.04   0.0784   0.0282   367.70  0    cut
 694  sn91T         Ia-91T     0.8299   1.02   0.0821   0.0298    45.70  0    cut
 695  sn96X         Ia-norm    0.4806   1.01   0.0365   0.0422    12.70  0    cut
 696  sn03du        Ia-norm    0.6986   1.01   0.0316   0.0558    17.00  0    cut
 697  sn98aq        Ia-norm    0.6945   1.01   0.0289   0.0545    18.80  0    cut
 698  sn94Q         Ia-norm    0.6079   0.99   0.0871   0.0333    18.50  0    cut
 699  sn91T         Ia-91T     0.8976   0.97   0.0788   0.0327    75.20  0    cut
 700  sn95bd        Ia-norm    0.6051   0.97   0.0283   0.0470    21.10  0    cut
 701  sn86G         Ia-91bg    0.4792   0.96  -0.0067   0.0461    32.10  0    cut
 702  sn92A         Ia-norm    0.6187   0.94  -0.0016   0.0515    28.20  0    cut
 703  sn92A         Ia-norm    0.8624   0.93   0.2542   0.0732    11.70  0    cut
 704  sn00cx        Ia-pec     0.8949   0.92   0.0773   0.0341    92.90  0    cut
 705  sn90N         Ia-norm    0.8421   0.91   0.2028   0.0459    17.70  0    cut
 706  sn91T         Ia-91T     0.8380   0.91   0.1897   0.0557    24.80  0    cut
 707  sn91M         Ia-norm    0.8136   0.90   0.2077   0.0504    24.80  0    cut
 708  sn03du        Ia-norm    0.9260   0.88   0.1769   0.0632    59.30  0    cut
 709  sn03du        Ia-norm    0.7283   0.87   0.0415   0.0488   375.30  0    cut
 710  sn95D         Ia-norm    0.9355   0.84   0.1853   0.0654    37.80  0    cut
 711  sn81B         Ia-norm    0.7500   0.84   0.0400   0.0454   267.40  0    cut
 712  sn92A         Ia-norm    0.8353   0.82   0.2115   0.0532    17.30  0    cut
 713  sn00E         Ia-norm    0.5212   0.80   0.2138   0.0283   121.20  0    cut
 714  sn00cx        Ia-pec     0.8949   0.79   0.0731   0.0338   146.40  0    cut
 715  sn00cx        Ia-pec     0.8949   0.78   0.0751   0.0317   124.60  0    cut
 716  sn00cx        Ia-pec     0.8082   0.70   0.0745   0.0435    96.80  0    cut
 717  sn90O         Ia-norm    0.6728   0.63   0.0860   0.0369    19.90  0    cut
