### SNID output file ###
 
### input spectrum and options ###
# Input spectrum                 : 20432_6.40.dat
# Parameter file                 : NA
# Wavelength range               :    4250.00  10000.00
# Mask file                      : NA
# Median filtering width [A]     : NA
# Median filtering width [pix]   :       1.00
# Clip emission redshift         : NA
# Clip sky lines                 : 0
# Emission clip width [A]        : NA
# Keep A-band                    : 1
# Age range                      :     -90.00   1000.00
# Delta range                    :      -9.99     99.90
# Min. number of spectra/template:   1
# Use only templates             : NA
# Use only types                 : Ia
# Avoid templates                : NA
# Avoid types                    : NA
# rlapmin                        :       5.00
# Redshift range                 :    -0.0100    1.2000
# Forced initial redshift        : NA
# Extra fake redshift            : NA
# Nsigma for initial redshift    : NA
# Redshift filter                :     0.0200
# Wavenumbers k1,k2,k3,k4        :     1    4   85  102
# Template directory             : /Users/daniel/snid-5.0/templates/
 
### initial/user-input redshift ###
zinit       0.3104
zuser       0.3104
 
### median redshift/age and error ###
zmed        0.3101    0.0075
agem          2.80      5.55
 
### type fraction/redshift/age ###
#type ntemp fraction slope redshift redshift_error age age_error
Ia            138      1.00    0.0000    0.3101    0.0075     2.800     5.553
Ia-norm       114      0.83   -0.0019    0.3103    0.0076     3.100     5.792
Ia-91T          8      0.06    0.0248    0.3178    0.0059     2.900     4.510
Ia-91bg        10      0.07   -0.0241    0.3093    0.0056     0.100     3.191
Ia-csm          0      0.00    0.0000    0.0000    0.0000     0.000     0.000
Ia-pec          6      0.04   -0.0041    0.3080    0.0012     6.750     1.441
###
Ib              0      0.00    0.0000    0.0000    0.0000     0.000     0.000
Ib-norm         0      0.00    0.0000    0.0000    0.0000     0.000     0.000
Ib-pec          0      0.00    0.0000    0.0000    0.0000     0.000     0.000
IIb             0      0.00    0.0000    0.0000    0.0000     0.000     0.000
###
Ic              0      0.00    0.0000    0.0000    0.0000     0.000     0.000
Ic-norm         0      0.00    0.0000    0.0000    0.0000     0.000     0.000
Ic-pec          0      0.00    0.0000    0.0000    0.0000     0.000     0.000
Ic-broad        0      0.00    0.0000    0.0000    0.0000     0.000     0.000
###
II              0      0.00    0.0000    0.0000    0.0000     0.000     0.000
IIP             0      0.00    0.0000    0.0000    0.0000     0.000     0.000
II-pec          0      0.00    0.0000    0.0000    0.0000     0.000     0.000
IIn             0      0.00    0.0000    0.0000    0.0000     0.000     0.000
IIL             0      0.00    0.0000    0.0000    0.0000     0.000     0.000
###
NotSN           0      0.00    0.0000    0.0000    0.0000     0.000     0.000
AGN             0      0.00    0.0000    0.0000    0.0000     0.000     0.000
Gal             0      0.00    0.0000    0.0000    0.0000     0.000     0.000
LBV             0      0.00    0.0000    0.0000    0.0000     0.000     0.000
M-star          0      0.00    0.0000    0.0000    0.0000     0.000     0.000
 
### rlap-ordered template listings ###
#no. sn type lap rlap z zerr age age_flag grade
   1  sn99ee        Ia-norm    0.8096  11.58   0.3105   0.0047     7.10  0   good
   2  sn99ee        Ia-norm    0.8407  10.40   0.3078   0.0053    11.10  0   good
   3  sn99ac        Ia-91T     0.7811   9.98   0.3177   0.0059     0.80  0   good
   4  sn99ac        Ia-91T     0.8434   9.51   0.3180   0.0061     3.10  0   good
   5  sn95D         Ia-norm    0.7351   9.34   0.3037   0.0056     8.10  0   good
   6  sn04eo        Ia-norm    0.7825   8.87   0.3035   0.0057     2.20  0   good
   7  sn02er        Ia-norm    0.8272   8.78   0.3070   0.0059     5.50  0   good
   8  sn04eo        Ia-norm    0.8339   8.63   0.3127   0.0065    -6.40  0   good
   9  sn03du        Ia-norm    0.7229   8.14   0.3043   0.0060     7.90  0   good
  10  sn02bo        Ia-norm    0.8339   8.08   0.3253   0.0072    -4.50  0   good
  11  sn02er        Ia-norm    0.7202   8.04   0.3083   0.0059     4.40  0   good
  12  sn02bo        Ia-norm    0.8312   8.03   0.3198   0.0071    -1.40  0   good
  13  sn95E         Ia-norm    0.6227   7.97   0.3045   0.0061     7.00  0   good
  14  sn02bo        Ia-norm    0.8502   7.91   0.3117   0.0069     5.50  0   good
  15  sn94ae        Ia-norm    0.6864   7.89   0.3063   0.0063     6.40  0   good
  16  sn06gz        Ia-pec     0.6458   7.88   0.3099   0.0053     5.20  0   good
  17  sn95D         Ia-norm    0.7297   7.79   0.3045   0.0065     6.10  0   good
  18  sn99ee        Ia-norm    0.8421   7.78   0.3166   0.0077     2.20  0   good
  19  sn81B         Ia-norm    0.8502   7.75   0.3229   0.0070    -0.90  0   good
  20  sn92A         Ia-norm    0.7676   7.71   0.3209   0.0067     2.40  0   good
  21  sn81B         Ia-norm    0.8502   7.69   0.3228   0.0071     0.00  0   good
  22  sn94ae        Ia-norm    0.8502   7.67   0.3053   0.0066     9.40  0   good
  23  sn02bo        Ia-norm    0.6959   7.59   0.3269   0.0073    -8.10  0   good
  24  sn02bo        Ia-norm    0.6972   7.59   0.3185   0.0074    -1.20  0   good
  25  sn03du        Ia-norm    0.8502   7.56   0.3072   0.0066     5.00  0   good
  26  sn94M         Ia-norm    0.7243   7.53   0.3143   0.0060     7.90  0   good
  27  sn02bo        Ia-norm    0.6986   7.53   0.3346   0.0075   -12.10  0    bad
  28  sn01el        Ia-norm    0.8285   7.49   0.3138   0.0072     9.20  0   good
  29  sn02bo        Ia-norm    0.6986   7.47   0.3197   0.0075    -2.10  0   good
  30  sn03cg        Ia-norm    0.7744   7.44   0.3065   0.0066     4.50  0   good
  31  sn02bo        Ia-norm    0.8042   7.40   0.3166   0.0074    -0.30  0   good
  32  sn02bo        Ia-norm    0.7757   7.38   0.3179   0.0075    -1.20  0   good
  33  sn89B         Ia-norm    0.6390   7.37   0.3027   0.0069     7.50  0   good
  34  sn02er        Ia-norm    0.7893   7.33   0.3194   0.0071    -6.40  0   good
  35  sn02bo        Ia-norm    0.6959   7.28   0.3258   0.0077    -7.00  0   good
  36  sn99ee        Ia-norm    0.8407   7.23   0.3192   0.0084     0.30  0   good
  37  sn02bo        Ia-norm    0.6972   7.20   0.3218   0.0077    -4.00  0   good
  38  sn89B         Ia-norm    0.6498   7.19   0.3054   0.0070     3.50  0   good
  39  sn02bo        Ia-norm    0.6972   7.19   0.3241   0.0078    -6.00  0   good
  40  sn06gz        Ia-pec     0.6485   7.17   0.3080   0.0058     7.20  0   good
  41  sn94ae        Ia-norm    0.6986   7.11   0.3035   0.0071     9.30  0   good
  42  sn02bo        Ia-norm    0.6972   7.10   0.3207   0.0078    -3.10  0   good
  43  sn89B         Ia-norm    0.6471   7.01   0.3040   0.0070     5.50  0   good
  44  sn92A         Ia-norm    0.7663   6.98   0.3236   0.0073    -0.40  0   good
  45  sn96C         Ia-norm    0.7649   6.95   0.3034   0.0074     8.30  0   good
  46  sn92A         Ia-norm    0.8502   6.94   0.3242   0.0073     5.90  0   good
  47  sn99ac        Ia-91T     0.8502   6.93   0.3147   0.0076     9.20  0   good
  48  sn02bo        Ia-norm    0.6972   6.89   0.3229   0.0080    -5.10  0   good
  49  sn03du        Ia-norm    0.7283   6.88   0.3041   0.0070     8.90  0   good
  50  sn02bo        Ia-norm    0.7771   6.87   0.3191   0.0080    -2.50  0   good
  51  sn96X         Ia-norm    0.7243   6.85   0.3059   0.0066     6.90  0   good
  52  sn89B         Ia-norm    0.8502   6.83   0.3097   0.0081    -0.50  0   good
  53  sn02er        Ia-norm    0.8082   6.83   0.3133   0.0080    -3.50  0   good
  54  sn02bo        Ia-norm    0.7500   6.82   0.3202   0.0081    -3.40  0   good
  55  sn04eo        Ia-norm    0.7135   6.76   0.3137   0.0076   -11.00  0   good
  56  sn98bu        Ia-norm    0.5672   6.67   0.3111   0.0077     1.20  0   good
  57  sn02er        Ia-norm    0.8502   6.66   0.3101   0.0080     3.40  0   good
  58  sn95D         Ia-norm    0.6904   6.66   0.3062   0.0076     4.20  0   good
  59  sn02er        Ia-norm    0.7121   6.66   0.3107   0.0076     1.50  0   good
  60  sn96X         Ia-norm    0.7283   6.54   0.3051   0.0069     7.90  0   good
  61  sn02bo        Ia-norm    0.7541   6.53   0.3176   0.0083    -1.50  0   good
  62  sn02er        Ia-norm    0.6823   6.47   0.3261   0.0082   -11.30  0   good
  63  sn94M         Ia-norm    0.6769   6.46   0.3148   0.0072     5.00  0   good
  64  sn02er        Ia-norm    0.8502   6.46   0.3163   0.0086    -1.50  0   good
  65  sn92A         Ia-norm    0.8082   6.41   0.3155   0.0079     6.30  0   good
  66  sn95E         Ia-norm    0.8136   6.31   0.3016   0.0080    10.00  0   good
  67  sn92A         Ia-norm    0.7663   6.24   0.3293   0.0084    -5.00  0   good
  68  sn02bo        Ia-norm    0.6959   6.22   0.3391   0.0090   -13.10  0    bad
  69  sn02er        Ia-norm    0.8502   6.21   0.3172   0.0089    -2.50  0   good
  70  sn96X         Ia-norm    0.7283   6.20   0.3064   0.0073     5.90  0   good
  71  sn98bu        Ia-norm    0.6999   6.20   0.3048   0.0077     9.30  0   good
  72  sn92A         Ia-norm    0.6471   6.20   0.3161   0.0078     7.30  0   good
  73  sn96X         Ia-norm    0.8502   6.19   0.3081   0.0078     1.90  0   good
  74  sn89B         Ia-norm    0.8502   6.15   0.3136   0.0092    -6.30  0   good
  75  sn03du        Ia-norm    0.7405   6.15   0.3041   0.0079     9.80  0   good
  76  sn96X         Ia-norm    0.8502   6.11   0.3084   0.0080     0.90  0   good
  77  sn86G         Ia-91bg    0.6796   6.09   0.3143   0.0084    -3.40  0   good
  78  sn02er        Ia-norm    0.8042   6.09   0.3239   0.0091    -8.40  0   good
  79  sn94D         Ia-norm    0.8502   6.05   0.3402   0.0097   -10.60  0    bad
  80  sn04S         Ia-norm    0.8502   6.03   0.3077   0.0091     7.50  0   good
  81  sn03cg        Ia-norm    0.7216   6.00   0.3060   0.0080     7.40  0   good
  82  sn99aa        Ia-91T     0.8272   6.00   0.3236   0.0087    -0.60  0   good
  83  sn86G         Ia-91bg    0.6810   5.99   0.3132   0.0085    -2.40  0   good
  84  sn92A         Ia-norm    0.6850   5.98   0.3205   0.0078     3.30  0   good
  85  sn02er        Ia-norm    0.7866   5.96   0.3117   0.0086    -0.50  0   good
  86  sn02bo        Ia-norm    0.7392   5.95   0.3316   0.0089    -9.40  0    bad
  87  sn96X         Ia-norm    0.7283   5.95   0.3048   0.0077     8.90  0   good
  88  sn95E         Ia-norm    0.6498   5.94   0.3101   0.0080     0.10  0   good
  89  sn96X         Ia-norm    0.7243   5.93   0.3072   0.0073     4.90  0   good
  90  sn94ae        Ia-norm    0.6783   5.90   0.3070   0.0079     4.40  0   good
  91  sn86G         Ia-91bg    0.5740   5.89   0.3091   0.0093    -0.40  0   good
  92  sn95D         Ia-norm    0.6552   5.88   0.3042   0.0075    10.10  0   good
  93  sn04S         Ia-norm    0.8502   5.83   0.3161   0.0102     1.70  0   good
  94  sn94ae        Ia-norm    0.7229   5.78   0.3032   0.0085    10.40  0   good
  95  sn03cg        Ia-norm    0.7351   5.76   0.3086   0.0070     1.50  0   good
  96  sn03du        Ia-norm    0.7784   5.73   0.3052   0.0081     3.90  0   good
  97  sn06gz        Ia-pec     0.7446   5.70   0.3079   0.0079     6.30  0   good
  98  sn98aq        Ia-norm    0.6959   5.69   0.3068   0.0077     6.90  0   good
  99  sn99by        Ia-91bg    0.6024   5.67   0.3080   0.0092    -4.80  0   good
 100  sn91bg        Ia-91bg    0.6390   5.66   0.3016   0.0095     2.50  0   good
 101  sn91bg        Ia-91bg    0.6755   5.60   0.3001   0.0101     2.70  0   good
 102  sn02bo        Ia-norm    0.7229   5.60   0.3240   0.0091    -4.40  0   good
 103  sn99ac        Ia-91T     0.8502   5.60   0.3092   0.0093    12.20  0   good
 104  sn95E         Ia-norm    0.6363   5.58   0.3097   0.0082     2.00  0   good
 105  sn99ee        Ia-norm    0.8407   5.55   0.3036   0.0095    16.10  0   good
 106  sn06gz        Ia-pec     0.7432   5.55   0.3075   0.0083     7.20  0   good
 107  sn02bo        Ia-norm    0.7459   5.55   0.3389   0.0102   -13.30  0    bad
 108  sn00E         Ia-norm    0.6877   5.52   0.3053   0.0087     8.40  0   good
 109  sn94ae        Ia-norm    0.6823   5.50   0.3031   0.0087    11.30  0   good
 110  sn04eo        Ia-norm    0.7067   5.48   0.3075   0.0080    -2.80  0   good
 111  sn94ae        Ia-norm    0.6918   5.48   0.3080   0.0086     3.30  0   good
 112  sn92A         Ia-norm    0.6837   5.43   0.3237   0.0085    -0.60  0   good
 113  sn00E         Ia-norm    0.7419   5.43   0.3159   0.0101    -5.50  0   good
 114  sn99aw        Ia-91T     0.8096   5.42   0.3205   0.0098     0.30  0   good
 115  sn86G         Ia-91bg    0.5957   5.36   0.3096   0.0092     1.60  0   good
 116  sn98bu        Ia-norm    0.6999   5.34   0.3039   0.0089    10.20  0   good
 117  sn00E         Ia-norm    0.7148   5.32   0.3135   0.0096    -2.50  0   good
 118  sn94ae        Ia-norm    0.6512   5.31   0.3094   0.0082     3.30  0   good
 119  sn02er        Ia-norm    0.7229   5.30   0.3210   0.0104    -5.40  0   good
 120  sn86G         Ia-91bg    0.5916   5.30   0.3101   0.0093     0.60  0   good
 121  sn06gz        Ia-pec     0.6864   5.30   0.3100   0.0083     4.30  0   good
 122  sn04S         Ia-norm    0.7825   5.29   0.3013   0.0107    13.40  0   good
 123  sn04eo        Ia-norm    0.8163   5.28   0.2991   0.0098     7.00  0   good
 124  sn03du        Ia-norm    0.8042   5.27   0.3046   0.0091    10.80  0   good
 125  sn03du        Ia-norm    0.7987   5.26   0.3268   0.0107   -10.10  0   good
 126  sn90O         Ia-norm    0.7148   5.25   0.3175   0.0096    -0.40  0   good
 127  sn99aw        Ia-91T     0.7757   5.24   0.3160   0.0095     3.20  0   good
 128  sn96X         Ia-norm    0.7270   5.23   0.3085   0.0081     2.90  0   good
 129  sn03du        Ia-norm    0.7771   5.23   0.3077   0.0086     1.90  0   good
 130  sn94M         Ia-norm    0.6376   5.23   0.3167   0.0090     4.00  0   good
 131  sn90O         Ia-norm    0.8502   5.20   0.3250   0.0107    -5.10  0   good
 132  sn03cg        Ia-norm    0.7067   5.19   0.3104   0.0089    -0.50  0   good
 133  sn98aq        Ia-norm    0.6972   5.14   0.3072   0.0084     5.90  0   good
 134  sn02bo        Ia-norm    0.7256   5.14   0.3375   0.0103   -12.30  0    bad
 135  sn90O         Ia-norm    0.8502   5.12   0.3268   0.0100    -6.10  0   good
 136  sn86G         Ia-91bg    0.6959   5.12   0.3141   0.0099    -4.40  0   good
 137  sn94ae        Ia-norm    0.7351   5.11   0.3092   0.0091     1.30  0   good
 138  sn89B         Ia-norm    0.6566   5.10   0.3003   0.0095     9.50  0   good
 139  sn06gz        Ia-pec     0.7432   5.09   0.3072   0.0094     8.20  0   good
 140  sn99by        Ia-91bg    0.7013   5.08   0.2999   0.0103     4.10  0   good
 141  sn94D         Ia-norm    0.7839   5.06   0.3379   0.0116   -10.70  0    bad
 142  sn99ee        Ia-norm    0.8421   5.06   0.3323   0.0118    -6.70  0    bad
 143  sn93ac        Ia-norm    0.8502   5.06   0.3135   0.0097     6.90  0   good
 144  sn96X         Ia-norm    0.7270   5.05   0.3089   0.0083     1.90  0   good
 145  sn92A         Ia-norm    0.8502   5.03   0.3132   0.0096     8.90  0   good
 146  sn99aa        Ia-91T     0.8488   5.03   0.3288   0.0099     2.70  0   good
#--- rlap cutoff
 147  sn99by        Ia-91bg    0.7013   5.00   0.2992   0.0107     5.20  0    cut
 148  sn97cn        Ia-91bg    0.7243   4.99   0.2982   0.0101     3.90  0    cut
 149  sn03fg        Ia-pec     0.8299   4.96   0.2953   0.0089     2.00  0    cut
 150  sn94ae        Ia-norm    0.6647   4.93   0.3084   0.0091     2.30  0    cut
 151  sn06gz        Ia-pec     0.6376   4.92   0.3137   0.0081    -2.60  0    cut
 152  sn03du        Ia-norm    0.7784   4.92   0.3081   0.0101     0.80  0    cut
 153  sn03du        Ia-norm    0.7649   4.92   0.3191   0.0117   -10.10  0    cut
 154  sn94M         Ia-norm    0.7175   4.89   0.3188   0.0102     3.00  0    cut
 155  sn99ac        Ia-91T     0.6877   4.88   0.3303   0.0105    -9.60  0    cut
 156  sn92A         Ia-norm    0.8502   4.88   0.3120   0.0102     8.70  0    cut
 157  sn94D         Ia-norm    0.7987   4.85   0.3053   0.0093     2.90  0    cut
 158  sn94D         Ia-norm    0.7852   4.84   0.3093   0.0087     2.20  0    cut
 159  sn03du        Ia-norm    0.7947   4.82   0.3087   0.0105    -1.10  0    cut
 160  sn96X         Ia-norm    0.8502   4.82   0.3052   0.0101     7.80  0    cut
 161  sn03du        Ia-norm    0.6986   4.81   0.3208   0.0116   -11.70  0    cut
 162  sn91bg        Ia-91bg    0.7243   4.81   0.2991   0.0109     2.70  0    cut
 163  sn94S         Ia-norm    0.7040   4.80   0.3074   0.0087     1.40  0    cut
 164  sn98aq        Ia-norm    0.6972   4.78   0.3075   0.0089     4.90  0    cut
 165  sn92A         Ia-norm    0.6891   4.78   0.3270   0.0098    -5.00  0    cut
 166  sn02er        Ia-norm    0.8272   4.76   0.2965   0.0100     9.40  0    cut
 167  sn03du        Ia-norm    0.7514   4.76   0.3146   0.0109    -7.00  0    cut
 168  sn94D         Ia-norm    0.7960   4.76   0.3106   0.0095    -1.80  0    cut
 169  sn86G         Ia-91bg    0.6539   4.75   0.3132   0.0105    -1.90  0    cut
 170  sn02er        Ia-norm    0.8502   4.75   0.3190   0.0126    -4.40  0    cut
 171  sn99ee        Ia-norm    0.8502   4.74   0.3389   0.0121    -8.60  0    cut
 172  sn03du        Ia-norm    0.7947   4.73   0.3230   0.0115    -6.20  0    cut
 173  sn86G         Ia-91bg    0.6552   4.73   0.3081   0.0103     0.10  0    cut
 174  sn03cg        Ia-norm    0.7351   4.73   0.3127   0.0098    -4.50  0    cut
 175  sn86G         Ia-91bg    0.6566   4.72   0.3121   0.0104    -0.90  0    cut
 176  sn96X         Ia-norm    0.7283   4.72   0.3093   0.0087     1.00  0    cut
 177  sn00E         Ia-norm    0.7107   4.72   0.3140   0.0102    -1.40  0    cut
 178  sn99by        Ia-91bg    0.7026   4.72   0.2990   0.0114     6.10  0    cut
 179  sn06gz        Ia-pec     0.7419   4.71   0.3067   0.0099     9.20  0    cut
 180  sn99ac        Ia-91T     0.8502   4.70   0.3081   0.0113    17.10  0    cut
 181  sn99by        Ia-91bg    0.6999   4.70   0.3063   0.0103    -3.90  0    cut
 182  sn99aa        Ia-91T     0.6850   4.70   0.3274   0.0093     7.60  0    cut
 183  sn96X         Ia-norm    0.7270   4.69   0.3098   0.0089     0.00  0    cut
 184  sn99by        Ia-91bg    0.7744   4.68   0.3039   0.0103    -2.80  0    cut
 185  sn90N         Ia-norm    0.8502   4.66   0.3274   0.0132    -6.40  0    cut
 186  sn90N         Ia-norm    0.8502   4.66   0.3042   0.0097     4.90  0    cut
 187  sn02bo        Ia-norm    0.7135   4.65   0.3074   0.0106    10.80  0    cut
 188  sn91M         Ia-norm    0.7216   4.64   0.3135   0.0105     2.70  0    cut
 189  sn99ee        Ia-norm    0.7852   4.62   0.3006   0.0112    20.00  0    cut
 190  sn06gz        Ia-pec     0.7432   4.62   0.3054   0.0102    10.10  0    cut
 191  sn86G         Ia-91bg    0.6133   4.62   0.3105   0.0116    -2.70  0    cut
 192  sn05gj        Ia-csm     0.6336   4.61   0.2894   0.0133    27.30  0    cut
 193  sn97br        Ia-91T     0.8109   4.60   0.3065   0.0108     7.80  0    cut
 194  sn94S         Ia-norm    0.6999   4.60   0.3095   0.0103    -3.40  0    cut
 195  sn98aq        Ia-norm    0.6959   4.60   0.3077   0.0091     3.90  0    cut
 196  sn94T         Ia-norm    0.5510   4.59   0.3114   0.0113     1.20  0    cut
 197  sn98bu        Ia-norm    0.6999   4.58   0.3029   0.0102    11.20  0    cut
 198  sn03du        Ia-norm    0.6999   4.58   0.3076   0.0093     3.10  0    cut
 199  sn95E         Ia-norm    0.6024   4.58   0.3112   0.0100    -1.90  0    cut
 200  sn03du        Ia-norm    0.7784   4.54   0.3078   0.0106    -0.20  0    cut
 201  sn98bu        Ia-norm    0.6972   4.54   0.3094   0.0099    -0.70  0    cut
 202  sn99by        Ia-91bg    0.7026   4.54   0.2988   0.0121     7.10  0    cut
 203  sn99ee        Ia-norm    0.7839   4.49   0.2989   0.0118    22.10  0    cut
 204  sn98aq        Ia-norm    0.6837   4.49   0.3091   0.0096     0.00  0    cut
 205  sn02er        Ia-norm    0.7920   4.47   0.3041   0.0106    10.60  0    cut
 206  sn96X         Ia-norm    0.7107   4.46   0.3089   0.0093    -1.10  0    cut
 207  sn03cg        Ia-norm    0.7202   4.46   0.3143   0.0112    -7.50  0    cut
 208  sn86G         Ia-91bg    0.6552   4.45   0.3088   0.0109     1.10  0    cut
 209  sn98bu        Ia-norm    0.6972   4.45   0.3096   0.0100    -1.70  0    cut
 210  sn98aq        Ia-norm    0.6959   4.42   0.3079   0.0094     2.90  0    cut
 211  sn03cg        Ia-norm    0.8109   4.42   0.3024   0.0111     9.60  0    cut
 212  sn98bu        Ia-norm    0.6972   4.41   0.3104   0.0104    -2.80  0    cut
 213  sn03du        Ia-norm    0.6972   4.40   0.3079   0.0098     2.20  0    cut
 214  sn98aq        Ia-norm    0.6959   4.39   0.3083   0.0094     1.90  0    cut
 215  sn06gz        Ia-pec     0.6444   4.39   0.3147   0.0084    -5.50  0    cut
 216  sn03du        Ia-norm    0.6986   4.39   0.3151   0.0121    -9.70  0    cut
 217  sn94D         Ia-norm    0.8231   4.38   0.3149   0.0109    -4.80  0    cut
 218  sn98aq        Ia-norm    0.6931   4.38   0.3085   0.0097     0.90  0    cut
 219  sn96X         Ia-norm    0.7270   4.37   0.3109   0.0094    -2.00  0    cut
 220  sn03cg        Ia-norm    0.7338   4.34   0.3138   0.0105    -6.80  0    cut
 221  sn96X         Ia-norm    0.6864   4.34   0.3095   0.0095    -0.90  0    cut
 222  sn99by        Ia-91bg    0.7744   4.33   0.2980   0.0115     3.10  0    cut
 223  sn05hj        Ia-norm    0.6539   4.31   0.3085   0.0099     4.30  0    cut
 224  sn03du        Ia-norm    0.6945   4.29   0.3138   0.0121    -8.80  0    cut
 225  sn94S         Ia-norm    0.6065   4.28   0.3167   0.0146    -2.50  0    cut
 226  sn91bg        Ia-91bg    0.7378   4.27   0.3021   0.0120     1.50  0    cut
 227  sn03du        Ia-norm    0.8502   4.27   0.3126   0.0125    -3.20  0    cut
 228  sn03du        Ia-norm    0.6986   4.27   0.3090   0.0104    -0.80  0    cut
 229  sn03du        Ia-norm    0.8502   4.27   0.3161   0.0128    -5.00  0    cut
 230  sn96X         Ia-norm    0.7270   4.26   0.3110   0.0095    -3.00  0    cut
 231  sn05hk        Ia-pec     0.6282   4.22   0.2843   0.0115     3.60  0    cut
 232  sn94D         Ia-norm    0.7040   4.21   0.3103   0.0105     0.40  0    cut
 233  sn00cx        Ia-pec     0.8326   4.21   0.3058   0.0132    31.40  0    cut
 234  sn02bo        Ia-norm    0.7148   4.20   0.3006   0.0128    20.70  0    cut
 235  sn05gj        Ia-csm     0.6214   4.18   0.2821   0.0127    40.50  0    cut
 236  sn90N         Ia-norm    0.8502   4.16   0.3449   0.0126   -13.20  0    cut
 237  sn02er        Ia-norm    0.7405   4.15   0.3223   0.0125    -9.40  0    cut
 238  sn02bo        Ia-norm    0.7148   4.15   0.3061   0.0116    11.90  0    cut
 239  sn94D         Ia-norm    0.8502   4.15   0.3135   0.0121    -3.80  0    cut
 240  sn03cg        Ia-norm    0.7121   4.14   0.3112   0.0118    -5.90  0    cut
 241  sn81B         Ia-norm    0.7040   4.13   0.3078   0.0116    26.90  0    cut
 242  sn02bo        Ia-norm    0.7148   4.11   0.3015   0.0128    18.70  0    cut
 243  sn04S         Ia-norm    0.7825   4.11   0.2986   0.0140    18.40  0    cut
 244  sn94Q         Ia-norm    0.7987   4.10   0.3058   0.0119    11.60  0    cut
 245  sn03du        Ia-norm    0.6945   4.08   0.3126   0.0126    -7.80  0    cut
 246  sn94D         Ia-norm    0.7040   4.07   0.3110   0.0113    -3.60  0    cut
 247  sn99by        Ia-91bg    0.7013   4.06   0.2983   0.0129     8.10  0    cut
 248  sn90O         Ia-norm    0.8502   4.02   0.3294   0.0146    -7.10  0    cut
 249  sn02bo        Ia-norm    0.7162   4.01   0.3001   0.0137    23.80  0    cut
 250  sn95D         Ia-norm    0.7067   3.99   0.3003   0.0113    11.20  0    cut
 251  sn02bo        Ia-norm    0.7135   3.98   0.3055   0.0124    12.80  0    cut
 252  sn98bu        Ia-norm    0.6986   3.97   0.3018   0.0117    12.20  0    cut
 253  sn02er        Ia-norm    0.7243   3.94   0.3208   0.0115    -7.40  0    cut
 254  sn02bo        Ia-norm    0.6959   3.94   0.3007   0.0137    21.70  0    cut
 255  sn97br        Ia-91T     0.7189   3.94   0.2965   0.0131    17.40  0    cut
 256  sn02bo        Ia-norm    0.7148   3.94   0.3016   0.0132    17.80  0    cut
 257  sn05gj        Ia-csm     0.6417   3.93   0.2865   0.0125    39.40  0    cut
 258  sn94D         Ia-norm    0.7067   3.93   0.3113   0.0117    -2.60  0    cut
 259  sn00cx        Ia-pec     0.8380   3.91   0.3073   0.0143    41.30  0    cut
 260  sn99ee        Ia-norm    0.7839   3.91   0.2985   0.0134    27.00  0    cut
 261  sn05gj        Ia-csm     0.6403   3.89   0.2818   0.0132    38.50  0    cut
 262  sn02bo        Ia-norm    0.7148   3.88   0.3027   0.0131    16.70  0    cut
 263  sn01el        Ia-norm    0.8312   3.88   0.3088   0.0146    18.10  0    cut
 264  sn03cg        Ia-norm    0.6431   3.88   0.3111   0.0116    -1.80  0    cut
 265  sn02bo        Ia-norm    0.7148   3.87   0.3049   0.0128    13.80  0    cut
 266  sn90N         Ia-norm    0.5794   3.86   0.3029   0.0106     2.60  0    cut
 267  sn04eo        Ia-norm    0.7879   3.85   0.2969   0.0135    11.00  0    cut
 268  sn02bo        Ia-norm    0.6945   3.84   0.3017   0.0138    19.80  0    cut
 269  sn97br        Ia-91T     0.7378   3.81   0.2943   0.0129    21.30  0    cut
 270  sn89B         Ia-norm    0.6850   3.80   0.2970   0.0127    12.40  0    cut
 271  sn95ac        Ia-norm    0.6336   3.74   0.2953   0.0152    24.40  0    cut
 272  sn02ic        Ia-csm     0.7473   3.74   0.3056   0.0120     9.40  0    cut
 273  sn91T         Ia-91T     0.8367   3.74   0.1598   0.0150   -10.30  0    cut
 274  sn97br        Ia-91T     0.7338   3.73   0.3046   0.0118     8.50  0    cut
 275  sn99ac        Ia-91T     0.7243   3.69   0.3297   0.0165   -13.60  0    cut
 276  sn91T         Ia-91T     0.7784   3.68   0.3025   0.0125    10.90  0    cut
 277  sn05gj        Ia-csm     0.6295   3.68   0.2939   0.0161    17.90  0    cut
 278  sn94D         Ia-norm    0.6904   3.68   0.3174   0.0147    -8.70  0    cut
 279  sn94D         Ia-norm    0.7135   3.67   0.3272   0.0147    -9.60  0    cut
 280  sn94D         Ia-norm    0.7026   3.67   0.2958   0.0138    17.40  0    cut
 281  sn99aa        Ia-91T     0.7338   3.65   0.3280   0.0126    -4.10  0    cut
 282  sn81B         Ia-norm    0.7974   3.65   0.2979   0.0133    23.90  0    cut
 283  sn05hk        Ia-pec     0.5916   3.64   0.2743   0.0129    12.40  0    cut
 284  sn94D         Ia-norm    0.6931   3.62   0.2943   0.0137    14.30  0    cut
 285  sn98bu        Ia-norm    0.6986   3.62   0.3003   0.0129    13.20  0    cut
 286  sn90N         Ia-norm    0.8339   3.62   0.3014   0.0130    14.50  0    cut
 287  sn95bd        Ia-norm    0.7148   3.60   0.3059   0.0124    11.30  0    cut
 288  sn81B         Ia-norm    0.7297   3.59   0.3036   0.0129    16.90  0    cut
 289  sn05gj        Ia-csm     0.6336   3.59   0.2842   0.0157    42.30  0    cut
 290  sn94D         Ia-norm    0.7013   3.57   0.3000   0.0136    13.40  0    cut
 291  sn81B         Ia-norm    0.8069   3.57   0.3052   0.0137    22.90  0    cut
 292  sn05hj        Ia-norm    0.6525   3.55   0.3094   0.0113     1.60  0    cut
 293  sn94D         Ia-norm    0.7121   3.54   0.3228   0.0149    -9.50  0    cut
 294  sn03cg        Ia-norm    0.6931   3.53   0.2936   0.0139    19.40  0    cut
 295  sn91T         Ia-91T     0.8353   3.52   0.1577   0.0153    -9.30  0    cut
 296  sn99ac        Ia-91T     0.8272   3.52   0.3011   0.0158    29.00  0    cut
 297  sn89B         Ia-norm    0.6593   3.51   0.2983   0.0132    11.50  0    cut
 298  sn95al        Ia-norm    0.8502   3.49   0.3043   0.0140    17.00  0    cut
 299  sn02bo        Ia-norm    0.6945   3.48   0.3041   0.0143    14.80  0    cut
 300  sn02bo        Ia-norm    0.6959   3.48   0.3034   0.0144    15.70  0    cut
 301  sn05hk        Ia-pec     0.7283   3.47   0.2763   0.0119    14.30  0    cut
 302  sn81B         Ia-norm    0.7351   3.47   0.3117   0.0131    16.00  0    cut
 303  sn94D         Ia-norm    0.6715   3.46   0.3005   0.0123    10.10  0    cut
 304  sn92A         Ia-norm    0.6133   3.44   0.3086   0.0136    16.30  0    cut
 305  sn03cg        Ia-norm    0.6444   3.44   0.3092   0.0115    -2.30  0    cut
 306  sn95al        Ia-norm    0.8502   3.43   0.2995   0.0160    25.30  0    cut
 307  sn00cx        Ia-pec     0.8204   3.42   0.3134   0.0120     1.60  0    cut
 308  sn94D         Ia-norm    0.7446   3.41   0.3031   0.0127    11.00  0    cut
 309  sn92A         Ia-norm    0.6119   3.40   0.3130   0.0133    11.60  0    cut
 310  sn94D         Ia-norm    0.7040   3.39   0.2979   0.0150    15.30  0    cut
 311  sn94D         Ia-norm    0.7094   3.39   0.3121   0.0139    -4.70  0    cut
 312  sn81B         Ia-norm    0.7730   3.39   0.3014   0.0134    19.90  0    cut
 313  sn03cg        Ia-norm    0.8055   3.38   0.3018   0.0140    11.40  0    cut
 314  sn98aq        Ia-norm    0.6783   3.37   0.3109   0.0128    -9.00  0    cut
 315  sn04eo        Ia-norm    0.7879   3.36   0.2932   0.0139    14.00  0    cut
 316  sn98aq        Ia-norm    0.7135   3.36   0.3085   0.0143    -8.00  0    cut
 317  sn05hj        Ia-norm    0.6539   3.35   0.3094   0.0120    -0.30  0    cut
 318  sn98bu        Ia-norm    0.6986   3.35   0.2986   0.0138    14.30  0    cut
 319  sn01el        Ia-norm    0.5876   3.35   0.3130   0.0122     1.30  0    cut
 320  sn04eo        Ia-norm    0.7879   3.34   0.2950   0.0137    12.40  0    cut
 321  sn02er        Ia-norm    0.8394   3.34   0.3032   0.0140    16.40  0    cut
 322  sn02er        Ia-norm    0.8394   3.34   0.3032   0.0140    15.50  0    cut
 323  sn00cx        Ia-pec     0.5740   3.34   0.3177   0.0155    -2.40  0    cut
 324  sn02cx        Ia-pec     0.6986   3.30   0.2773   0.0131    10.30  0    cut
 325  sn94D         Ia-norm    0.6498   3.29   0.3160   0.0134    -7.70  0    cut
 326  sn00cx        Ia-pec     0.6173   3.29   0.3199   0.0144    -0.40  0    cut
 327  sn91M         Ia-norm    0.7703   3.29   0.3010   0.0150    27.50  0    cut
 328  sn03cg        Ia-norm    0.6918   3.29   0.2928   0.0134    23.40  0    cut
 329  sn03du        Ia-norm    0.6959   3.29   0.2944   0.0146    24.00  0    cut
 330  sn81B         Ia-norm    0.7811   3.28   0.3088   0.0137    18.90  0    cut
 331  sn03du        Ia-norm    0.6972   3.26   0.2942   0.0144    26.00  0    cut
 332  sn94ae        Ia-norm    0.6661   3.22   0.2931   0.0141    30.20  0    cut
 333  sn86G         Ia-91bg    0.5564   3.22   0.2783   0.0121   323.60  0    cut
 334  sn96X         Ia-norm    0.7270   3.21   0.2965   0.0139    20.80  0    cut
 335  sn89B         Ia-norm    0.6823   3.19   0.2951   0.0142    14.40  0    cut
 336  sn00cx        Ia-pec     0.6403   3.19   0.3172   0.0158     0.60  0    cut
 337  sn98aq        Ia-norm    0.6972   3.18   0.2954   0.0150    20.80  0    cut
 338  sn05hj        Ia-norm    0.6566   3.18   0.3121   0.0150    -6.00  0    cut
 339  sn05hj        Ia-norm    0.6593   3.18   0.3083   0.0171    -5.10  0    cut
 340  sn03du        Ia-norm    0.6999   3.17   0.2951   0.0149    22.00  0    cut
 341  sn05gj        Ia-csm     0.5794   3.17   0.2788   0.0149    51.80  0    cut
 342  sn02bo        Ia-norm    0.6986   3.16   0.3003   0.0170    27.70  0    cut
 343  sn91T         Ia-91T     0.8312   3.15   0.2905   0.0156    24.80  0    cut
 344  sn94D         Ia-norm    0.7162   3.14   0.2955   0.0157    15.20  0    cut
 345  sn03du        Ia-norm    0.7229   3.14   0.2972   0.0145    19.60  0    cut
 346  sn99ac        Ia-91T     0.8109   3.13   0.2997   0.0177    33.90  0    cut
 347  sn00cx        Ia-pec     0.5686   3.13   0.3000   0.0176    28.40  0    cut
 348  sn94D         Ia-norm    0.6146   3.12   0.2941   0.0186    48.00  0    cut
 349  sn03cg        Ia-norm    0.6417   3.12   0.2929   0.0143    23.40  0    cut
 350  sn92A         Ia-norm    0.8163   3.12   0.3050   0.0160    17.30  0    cut
 351  sn94M         Ia-norm    0.8502   3.09   0.3098   0.0145    12.90  0    cut
 352  sn02bo        Ia-norm    0.8502   3.09   0.2975   0.0180    44.40  0    cut
 353  sn89B         Ia-norm    0.6444   3.09   0.2964   0.0146    13.40  0    cut
 354  sn89B         Ia-norm    0.6864   3.08   0.2922   0.0153    17.40  0    cut
 355  sn94D         Ia-norm    0.7013   3.08   0.2935   0.0154    15.20  0    cut
 356  sn06gz        Ia-pec     0.7473   3.07   0.3187   0.0105    -9.30  0    cut
 357  sn04eo        Ia-norm    0.7866   3.07   0.2912   0.0144    20.80  0    cut
 358  sn00cx        Ia-pec     0.6214   3.05   0.3174   0.0142     7.50  0    cut
 359  sn90N         Ia-norm    0.8272   3.05   0.2984   0.0151    17.70  0    cut
 360  sn91T         Ia-91T     0.8502   3.05   0.1570   0.0188    -0.20  0    cut
 361  sn89B         Ia-norm    0.6877   3.04   0.2943   0.0155    16.40  0    cut
 362  sn89B         Ia-norm    0.6877   3.04   0.2923   0.0156    19.40  0    cut
 363  sn01el        Ia-norm    0.6038   3.04   0.3191   0.0153    -3.70  0    cut
 364  sn02er        Ia-norm    0.6959   3.03   0.3083   0.0150    12.40  0    cut
 365  sn91T         Ia-91T     0.8353   3.03   0.2976   0.0161    15.90  0    cut
 366  sn92A         Ia-norm    0.7839   3.03   0.3138   0.0156    11.70  0    cut
 367  sn02bo        Ia-norm    0.7148   3.03   0.3003   0.0182    28.60  0    cut
 368  sn04S         Ia-norm    0.7541   3.02   0.2984   0.0157    14.00  0    cut
 369  sn99aw        Ia-91T     0.6051   3.01   0.3166   0.0130    -0.70  0    cut
 370  sn03du        Ia-norm    0.6999   3.00   0.2938   0.0157    29.00  0    cut
 371  sn03du        Ia-norm    0.8502   3.00   0.2914   0.0154    26.70  0    cut
 372  sn03du        Ia-norm    0.7866   3.00   0.3094   0.0142    13.70  0    cut
 373  sn89B         Ia-norm    0.6850   2.99   0.2920   0.0156    18.40  0    cut
 374  sn99ee        Ia-norm    0.7839   2.99   0.2967   0.0173    31.90  0    cut
 375  sn98aq        Ia-norm    0.6945   2.99   0.2961   0.0158    18.80  0    cut
 376  sn06gz        Ia-pec     0.7419   2.99   0.3187   0.0107   -10.30  0    cut
 377  sn99ac        Ia-91T     0.7811   2.99   0.3005   0.0182    32.00  0    cut
 378  sn05hk        Ia-pec     0.6607   2.99   0.2723   0.0139    23.20  0    cut
 379  sn99aa        Ia-91T     0.7866   2.98   0.3095   0.0171    29.10  0    cut
 380  sn02bo        Ia-norm    0.7162   2.98   0.3014   0.0183    29.70  0    cut
 381  sn03du        Ia-norm    0.7365   2.98   0.2984   0.0149    17.80  0    cut
 382  sn91M         Ia-norm    0.7920   2.98   0.2993   0.0159    24.80  0    cut
 383  sn94D         Ia-norm    0.7135   2.97   0.2950   0.0158    17.20  0    cut
 384  sn96X         Ia-norm    0.4806   2.97   0.3002   0.0139    12.70  0    cut
 385  sn94D         Ia-norm    0.8502   2.97   0.2906   0.0159    24.20  0    cut
 386  sn99aa        Ia-91T     0.8502   2.97   0.3118   0.0169    26.20  0    cut
 387  sn05hk        Ia-pec     0.7459   2.97   0.2728   0.0138    20.30  0    cut
 388  sn03cg        Ia-norm    0.6931   2.96   0.2923   0.0154    26.40  0    cut
 389  sn00cx        Ia-pec     0.6498   2.95   0.3195   0.0203    -3.40  0    cut
 390  sn99aw        Ia-91T     0.7459   2.95   0.3019   0.0172    35.90  0    cut
 391  sn03du        Ia-norm    0.6986   2.95   0.2964   0.0156    20.00  0    cut
 392  sn94D         Ia-norm    0.8502   2.94   0.2895   0.0146    16.30  0    cut
 393  sn99by        Ia-91bg    0.7013   2.94   0.2929   0.0171    25.10  0    cut
 394  sn03du        Ia-norm    0.6986   2.94   0.2982   0.0154    17.00  0    cut
 395  sn99by        Ia-91bg    0.7013   2.93   0.2919   0.0171    29.10  0    cut
 396  sn00cx        Ia-pec     0.6241   2.92   0.2975   0.0202    30.40  0    cut
 397  sn97br        Ia-91T     0.6051   2.92   0.2831   0.0141    23.70  0    cut
 398  sn91M         Ia-norm    0.7920   2.92   0.2989   0.0165    25.80  0    cut
 399  sn99aa        Ia-91T     0.7852   2.90   0.3399   0.0201    -8.50  0    cut
 400  sn00cx        Ia-pec     0.6525   2.89   0.3183   0.0173    -1.40  0    cut
 401  sn03du        Ia-norm    0.6986   2.89   0.2970   0.0159    19.00  0    cut
 402  sn89B         Ia-norm    0.6864   2.89   0.2916   0.0157    20.40  0    cut
 403  sn06gz        Ia-pec     0.7392   2.89   0.3206   0.0106   -12.30  0    cut
 404  sn90N         Ia-norm    0.7757   2.88   0.3168   0.0196   -13.20  0    cut
 405  sn02bo        Ia-norm    0.7473   2.88   0.3014   0.0176    29.40  0    cut
 406  sn05gj        Ia-csm     0.6255   2.88   0.3005   0.0180    10.40  0    cut
 407  sn99by        Ia-91bg    0.7013   2.87   0.2914   0.0174    31.10  0    cut
 408  sn96X         Ia-norm    0.8502   2.87   0.2929   0.0157    22.50  0    cut
 409  sn99ac        Ia-91T     0.8272   2.86   0.2986   0.0194    39.90  0    cut
 410  sn00cx        Ia-pec     0.5876   2.86   0.2991   0.0199    26.40  0    cut
 411  sn04eo        Ia-norm    0.7297   2.86   0.2911   0.0148    21.40  0    cut
 412  sn02bo        Ia-norm    0.6877   2.85   0.2971   0.0199    43.60  0    cut
 413  sn98bu        Ia-norm    0.7013   2.85   0.2923   0.0159    29.20  0    cut
 414  sn98bu        Ia-norm    0.6999   2.85   0.2931   0.0158    28.20  0    cut
 415  sn03du        Ia-norm    0.8218   2.84   0.2880   0.0162    31.80  0    cut
 416  sn89B         Ia-norm    0.6877   2.84   0.2911   0.0161    21.40  0    cut
 417  sn05hk        Ia-pec     0.8502   2.83   0.2724   0.0136    23.40  0    cut
 418  sn96X         Ia-norm    0.8502   2.83   0.2923   0.0156    24.70  0    cut
 419  sn05hk        Ia-pec     0.6634   2.81   0.2705   0.0142    27.20  0    cut
 420  sn98bu        Ia-norm    0.7013   2.81   0.2763   0.0179   242.80  0    cut
 421  sn98bu        Ia-norm    0.6972   2.81   0.2932   0.0162    30.20  0    cut
 422  sn99aa        Ia-91T     0.8163   2.80   0.3027   0.0188    34.10  0    cut
 423  sn94ae        Ia-norm    0.7446   2.80   0.2916   0.0176    36.20  0    cut
 424  sn95D         Ia-norm    0.7026   2.80   0.2969   0.0153    14.10  0    cut
 425  sn91bg        Ia-91bg    0.8082   2.80   0.2942   0.0164    14.70  0    cut
 426  sn92A         Ia-norm    0.6187   2.80   0.3032   0.0152    28.20  0    cut
 427  sn03du        Ia-norm    0.6986   2.79   0.2926   0.0170    34.00  0    cut
 428  sn02bo        Ia-norm    0.7162   2.79   0.2985   0.0205    40.60  0    cut
 429  sn02bo        Ia-norm    0.7162   2.79   0.2966   0.0211    45.60  0    cut
 430  sn90N         Ia-norm    0.7568   2.79   0.2945   0.0166    38.50  0    cut
 431  sn94D         Ia-norm    0.7162   2.78   0.2994   0.0162    12.20  0    cut
 432  sn03cg        Ia-norm    0.8015   2.77   0.3004   0.0161    12.40  0    cut
 433  sn99by        Ia-91bg    0.7013   2.75   0.2901   0.0178    33.10  0    cut
 434  sn02bo        Ia-norm    0.6931   2.75   0.2954   0.0222    49.60  0    cut
 435  sn98bu        Ia-norm    0.6959   2.75   0.2931   0.0168    31.10  0    cut
 436  sn94ae        Ia-norm    0.7094   2.75   0.2911   0.0177    40.10  0    cut
 437  sn95D         Ia-norm    0.8502   2.75   0.2948   0.0166    16.10  0    cut
 438  sn02er        Ia-norm    0.7622   2.74   0.3061   0.0179    33.20  0    cut
 439  sn98bu        Ia-norm    0.6959   2.74   0.2921   0.0169    32.10  0    cut
 440  sn98bu        Ia-norm    0.7026   2.74   0.2776   0.0173   216.90  0    cut
 441  sn02bo        Ia-norm    0.6891   2.73   0.2956   0.0220    39.30  0    cut
 442  sn94D         Ia-norm    0.8502   2.72   0.3154   0.0176    -5.60  0    cut
 443  sn00cx        Ia-pec     0.8191   2.72   0.3151   0.0134     5.60  0    cut
 444  sn06gz        Ia-pec     0.6241   2.72   0.3186   0.0107   -14.30  0    cut
 445  sn94D         Ia-norm    0.7229   2.71   0.2943   0.0167    19.20  0    cut
 446  sn98bu        Ia-norm    0.6999   2.71   0.2926   0.0175    33.20  0    cut
 447  sn98aq        Ia-norm    0.6999   2.71   0.2807   0.0168   240.30  0    cut
 448  sn91bg        Ia-91bg    0.7893   2.70   0.2896   0.0177    25.60  0    cut
 449  sn02bo        Ia-norm    0.6959   2.70   0.2957   0.0223    51.60  0    cut
 450  sn98aq        Ia-norm    0.6959   2.70   0.2922   0.0167    31.80  0    cut
 451  sn92A         Ia-norm    0.6187   2.69   0.3080   0.0149    24.20  0    cut
 452  sn95D         Ia-norm    0.8502   2.69   0.2851   0.0168    37.80  0    cut
 453  sn98aq        Ia-norm    0.6959   2.69   0.2921   0.0169    33.80  0    cut
 454  sn06gz        Ia-pec     0.7107   2.69   0.3195   0.0100   -13.30  0    cut
 455  sn04eo        Ia-norm    0.7297   2.69   0.2905   0.0180    29.70  0    cut
 456  sn91T         Ia-91T     0.8502   2.68   0.2277   0.0164   -11.50  0    cut
 457  sn89B         Ia-norm    0.6755   2.68   0.2919   0.0161    23.40  0    cut
 458  sn98bu        Ia-norm    0.6999   2.68   0.2920   0.0175    34.20  0    cut
 459  sn00cx        Ia-pec     0.8204   2.68   0.3147   0.0135     6.50  0    cut
 460  sn03du        Ia-norm    0.7229   2.68   0.2884   0.0171    39.50  0    cut
 461  sn03du        Ia-norm    0.7351   2.68   0.2982   0.0186    37.40  0    cut
 462  sn94D         Ia-norm    0.7121   2.68   0.3003   0.0172    13.20  0    cut
 463  sn03du        Ia-norm    0.7784   2.67   0.2880   0.0168    34.60  0    cut
 464  sn95bd        Ia-norm    0.6051   2.66   0.2937   0.0181    21.10  0    cut
 465  sn97br        Ia-91T     0.6525   2.66   0.2770   0.0198    37.60  0    cut
 466  sn86G         Ia-91bg    0.6444   2.66   0.1477   0.0184   256.70  0    cut
 467  sn02bo        Ia-norm    0.7162   2.66   0.2953   0.0237    54.60  0    cut
 468  sn03du        Ia-norm    0.8069   2.65   0.2931   0.0169    21.80  0    cut
 469  sn98bu        Ia-norm    0.6999   2.65   0.2927   0.0181    35.20  0    cut
 470  sn97br        Ia-91T     0.8502   2.65   0.2979   0.0175    12.40  0    cut
 471  sn98aq        Ia-norm    0.6972   2.64   0.2917   0.0175    30.80  0    cut
 472  sn98bu        Ia-norm    0.6972   2.64   0.2923   0.0184    36.20  0    cut
 473  sn99aa        Ia-91T     0.8285   2.64   0.3143   0.0175    21.10  0    cut
 474  sn97br        Ia-91T     0.6891   2.63   0.2840   0.0218    50.50  0    cut
 475  sn02ic        Ia-csm     0.8502   2.62   0.3101   0.0162     5.60  0    cut
 476  sn98bu        Ia-norm    0.6972   2.62   0.2924   0.0186    37.20  0    cut
 477  sn89B         Ia-norm    0.6891   2.61   0.2910   0.0165    22.40  0    cut
 478  sn98bu        Ia-norm    0.6999   2.61   0.2923   0.0188    38.20  0    cut
 479  sn98aq        Ia-norm    0.6959   2.61   0.2916   0.0177    35.80  0    cut
 480  sn05hk        Ia-pec     0.7446   2.60   0.0995   0.0162    14.40  0    cut
 481  sn95bd        Ia-norm    0.5645   2.59   0.2788   0.0236    72.30  0    cut
 482  sn98bu        Ia-norm    0.6999   2.58   0.2921   0.0189    39.20  0    cut
 483  sn91T         Ia-91T     0.7744   2.58   0.1554   0.0209    -5.30  0    cut
 484  sn89B         Ia-norm    0.6539   2.58   0.2922   0.0163    25.40  0    cut
 485  sn05hk        Ia-pec     0.7446   2.57   0.1333   0.0220    -2.40  0    cut
 486  sn94D         Ia-norm    0.7175   2.57   0.2914   0.0200    50.00  0    cut
 487  sn94S         Ia-norm    0.7717   2.57   0.2955   0.0165    20.90  0    cut
 488  sn03cg        Ia-norm    0.7771   2.56   0.2997   0.0173    16.40  0    cut
 489  sn97br        Ia-91T     0.7392   2.56   0.3062   0.0188    -4.00  0    cut
 490  sn02er        Ia-norm    0.7839   2.56   0.3087   0.0201    19.50  0    cut
 491  sn04eo        Ia-norm    0.7053   2.56   0.2919   0.0160    23.40  0    cut
 492  sn04S         Ia-norm    0.7798   2.55   0.2935   0.0208    36.20  0    cut
 493  sn05hk        Ia-pec     0.7392   2.55   0.1340   0.0214    -3.30  0    cut
 494  sn06gz        Ia-pec     0.7094   2.55   0.3201   0.0109   -14.20  0    cut
 495  sn95E         Ia-norm    0.7608   2.55   0.2920   0.0171    32.70  0    cut
 496  sn98bu        Ia-norm    0.7013   2.54   0.2921   0.0192    40.10  0    cut
 497  sn89B         Ia-norm    0.6552   2.54   0.2826   0.0181    49.20  0    cut
 498  sn91T         Ia-91T     0.8299   2.53   0.2854   0.0201    45.70  0    cut
 499  sn94ae        Ia-norm    0.7500   2.53   0.2900   0.0211    64.00  0    cut
 500  sn94D         Ia-norm    0.7162   2.52   0.2892   0.0186    53.90  0    cut
 501  sn02er        Ia-norm    0.6931   2.52   0.3003   0.0188    24.20  0    cut
 502  sn05hk        Ia-pec     0.6255   2.52   0.2984   0.0187    -6.30  0    cut
 503  sn91T         Ia-91T     0.8502   2.52   0.2858   0.0199    46.60  0    cut
 504  sn97br        Ia-91T     0.6810   2.51   0.2892   0.0237    42.10  0    cut
 505  sn98bu        Ia-norm    0.7013   2.51   0.2920   0.0198    43.10  0    cut
 506  sn98bu        Ia-norm    0.7013   2.51   0.2916   0.0195    41.10  0    cut
 507  sn94D         Ia-norm    0.7026   2.51   0.2924   0.0197    50.10  0    cut
 508  sn05hk        Ia-pec     0.7879   2.51   0.1350   0.0202    -4.30  0    cut
 509  sn91bg        Ia-91bg    0.6471   2.50   0.2932   0.0249    33.70  0    cut
 510  sn96X         Ia-norm    0.8163   2.50   0.2904   0.0186    31.70  0    cut
 511  sn91T         Ia-91T     0.5686   2.49   0.2960   0.0152    18.60  0    cut
 512  sn91T         Ia-91T     0.7744   2.49   0.1562   0.0211    -6.40  0    cut
 513  sn01el        Ia-norm    0.8285   2.49   0.3003   0.0212    39.90  0    cut
 514  sn98bu        Ia-norm    0.7013   2.49   0.2919   0.0198    42.10  0    cut
 515  sn98bu        Ia-norm    0.6986   2.49   0.2916   0.0203    44.10  0    cut
 516  sn89B         Ia-norm    0.6823   2.49   0.2922   0.0171    24.40  0    cut
 517  sn03du        Ia-norm    0.6999   2.48   0.2910   0.0198    51.80  0    cut
 518  sn03du        Ia-norm    0.7053   2.48   0.2908   0.0208    49.80  0    cut
 519  sn97br        Ia-91T     0.7256   2.48   0.2913   0.0213    49.10  0    cut
 520  sn00cx        Ia-pec     0.8380   2.48   0.0089   0.0235   124.60  0    cut
 521  sn99aa        Ia-91T     0.7500   2.47   0.3212   0.0165    15.40  0    cut
 522  sn94Q         Ia-norm    0.7175   2.47   0.2947   0.0247    41.60  0    cut
 523  sn91M         Ia-norm    0.7473   2.47   0.2912   0.0218    80.00  0    cut
 524  sn95D         Ia-norm    0.7392   2.46   0.2890   0.0207    42.80  0    cut
 525  sn00cx        Ia-pec     0.6227   2.46   0.3165   0.0168     9.50  0    cut
 526  sn00cx        Ia-pec     0.8380   2.45   0.0076   0.0245   146.40  0    cut
 527  sn94D         Ia-norm    0.7094   2.44   0.2918   0.0194    43.20  0    cut
 528  sn05hk        Ia-pec     0.8502   2.43   0.1380   0.0206    -5.10  0    cut
 529  sn86G         Ia-91bg    0.4968   2.43   0.2936   0.0172    22.10  0    cut
 530  sn03du        Ia-norm    0.6959   2.43   0.2904   0.0206    56.70  0    cut
 531  sn04eo        Ia-norm    0.7067   2.43   0.1483   0.0204   224.20  0    cut
 532  sn94D         Ia-norm    0.6904   2.42   0.2931   0.0193    40.30  0    cut
 533  sn06gz        Ia-pec     0.6945   2.42   0.3226   0.0125   -13.30  0    cut
 534  sn00cx        Ia-pec     0.5889   2.41   0.3020   0.0211    22.40  0    cut
 535  sn03cg        Ia-norm    0.6877   2.41   0.2907   0.0237    43.40  0    cut
 536  sn98aq        Ia-norm    0.6972   2.41   0.2835   0.0198   230.30  0    cut
 537  sn91T         Ia-91T     0.7960   2.40   0.2845   0.0209    67.60  0    cut
 538  sn00cx        Ia-pec     0.5862   2.40   0.2981   0.0213    24.40  0    cut
 539  sn00cx        Ia-pec     0.8380   2.40   0.2981   0.0220    61.10  0    cut
 540  sn86G         Ia-91bg    0.7013   2.39   0.2842   0.0175    56.50  0    cut
 541  sn91bg        Ia-91bg    0.8502   2.37   0.2920   0.0205    18.90  0    cut
 542  sn02cx        Ia-pec     0.6959   2.37   0.2926   0.0181    -2.40  0    cut
 543  sn91bg        Ia-91bg    0.6891   2.37   0.2995   0.0249    29.50  0    cut
 544  sn03du        Ia-norm    0.6945   2.37   0.2899   0.0210    61.70  0    cut
 545  sn91T         Ia-91T     0.8502   2.37   0.2846   0.0207    75.20  0    cut
 546  sn03du        Ia-norm    0.6904   2.36   0.2901   0.0220    60.70  0    cut
 547  sn02bo        Ia-norm    0.6999   2.36   0.2900   0.0257    72.50  0    cut
 548  sn03du        Ia-norm    0.5889   2.35   0.2903   0.0190    33.40  0    cut
 549  sn91bg        Ia-91bg    0.7175   2.35   0.2850   0.0199    50.50  0    cut
 550  sn94ae        Ia-norm    0.6065   2.35   0.2853   0.0219    87.80  0    cut
 551  sn90N         Ia-norm    0.6417   2.35   0.1459   0.0218   280.70  0    cut
 552  sn98bu        Ia-norm    0.7013   2.34   0.2787   0.0211   208.00  0    cut
 553  sn05hk        Ia-pec     0.7392   2.34   0.1378   0.0206    -5.30  0    cut
 554  sn94D         Ia-norm    0.6931   2.33   0.2922   0.0222    55.10  0    cut
 555  sn99by        Ia-91bg    0.7013   2.32   0.2892   0.0207    42.10  0    cut
 556  sn94D         Ia-norm    0.6999   2.32   0.2931   0.0218    59.10  0    cut
 557  sn04eo        Ia-norm    0.7338   2.31   0.2929   0.0189    45.40  0    cut
 558  sn05hk        Ia-pec     0.7459   2.31   0.2861   0.0197    -1.40  0    cut
 559  sn03du        Ia-norm    0.8218   2.31   0.2844   0.0207    51.60  0    cut
 560  sn94D         Ia-norm    0.6972   2.30   0.2911   0.0223    57.10  0    cut
 561  sn90N         Ia-norm    0.6431   2.30   0.1472   0.0241   255.90  0    cut
 562  sn98bu        Ia-norm    0.6999   2.30   0.2770   0.0214   190.10  0    cut
 563  sn99aa        Ia-91T     0.7283   2.30   0.3049   0.0203    50.00  0    cut
 564  sn94ae        Ia-norm    0.7121   2.29   0.2890   0.0231    70.00  0    cut
 565  sn02cx        Ia-pec     0.8042   2.29   0.2718   0.0142    23.00  0    cut
 566  sn89B         Ia-norm    0.6755   2.29   0.2891   0.0194    31.40  0    cut
 567  sn02bo        Ia-norm    0.6999   2.28   0.2883   0.0249    79.40  0    cut
 568  sn03cg        Ia-norm    0.6674   2.28   0.1475   0.0198   383.10  0    cut
 569  sn05hk        Ia-pec     0.6282   2.28   0.2975   0.0199    -7.30  0    cut
 570  sn04S         Ia-norm    0.7811   2.28   0.2902   0.0220    42.10  0    cut
 571  sn86G         Ia-91bg    0.6173   2.28   0.2873   0.0208    45.60  0    cut
 572  sn98aq        Ia-norm    0.6999   2.28   0.2900   0.0215    50.60  0    cut
 573  sn99aa        Ia-91T     0.7527   2.28   0.3085   0.0246    53.90  0    cut
 574  sn81B         Ia-norm    0.4820   2.27   0.3033   0.0172    33.80  0    cut
 575  sn91bg        Ia-91bg    0.7162   2.25   0.2987   0.0237    32.70  0    cut
 576  sn03du        Ia-norm    0.8502   2.25   0.2842   0.0219    59.30  0    cut
 577  sn98aq        Ia-norm    0.6999   2.24   0.2896   0.0215    54.70  0    cut
 578  sn91T         Ia-91T     0.7744   2.24   0.1579   0.0233    -7.30  0    cut
 579  sn04eo        Ia-norm    0.7595   2.24   0.2892   0.0209    53.30  0    cut
 580  sn90O         Ia-norm    0.7040   2.23   0.3000   0.0191    19.10  0    cut
 581  sn97br        Ia-91T     0.7690   2.22   0.2872   0.0213    71.90  0    cut
 582  sn89B         Ia-norm    0.6796   2.22   0.2916   0.0185    37.30  0    cut
 583  sn03cg        Ia-norm    0.6363   2.21   0.2822   0.0218    38.30  0    cut
 584  sn98bu        Ia-norm    0.6999   2.20   0.2911   0.0232    57.10  0    cut
 585  sn03cg        Ia-norm    0.7757   2.20   0.2908   0.0220    52.40  0    cut
 586  sn97br        Ia-91T     0.7243   2.19   0.2931   0.0272    66.40  0    cut
 587  sn81B         Ia-norm    0.5645   2.18   0.2852   0.0200    93.50  0    cut
 588  sn98aq        Ia-norm    0.6999   2.18   0.2892   0.0222    57.70  0    cut
 589  sn98bu        Ia-norm    0.6986   2.18   0.2796   0.0233   179.10  0    cut
 590  sn91bg        Ia-91bg    0.6119   2.17   0.1440   0.0133   202.70  0    cut
 591  sn99aa        Ia-91T     0.7527   2.17   0.3146   0.0247    41.10  0    cut
 592  sn03du        Ia-norm    0.7798   2.17   0.2799   0.0221   220.70  0    cut
 593  sn04eo        Ia-norm    0.7094   2.17   0.2902   0.0210    71.10  0    cut
 594  sn00cx        Ia-pec     0.8367   2.16   0.2944   0.0235    71.00  0    cut
 595  sn02cx        Ia-pec     0.8502   2.16   0.2726   0.0152    24.10  0    cut
 596  sn91M         Ia-norm    0.7581   2.15   0.2818   0.0219   111.80  0    cut
 597  sn98aq        Ia-norm    0.6999   2.15   0.2888   0.0225    59.60  0    cut
 598  sn89B         Ia-norm    0.6999   2.15   0.2858   0.0210    51.00  0    cut
 599  sn86G         Ia-91bg    0.6268   2.14   0.2876   0.0212    44.60  0    cut
 600  sn03du        Ia-norm    0.6688   2.13   0.2873   0.0269    45.60  0    cut
 601  sn05hk        Ia-pec     0.7554   2.13   0.2949   0.0246    -6.30  0    cut
 602  sn97br        Ia-91T     0.6850   2.13   0.3100   0.0359    -8.00  0    cut
 603  sn95D         Ia-norm    0.7392   2.12   0.2906   0.0254    69.60  0    cut
 604  sn98aq        Ia-norm    0.6999   2.12   0.2887   0.0224    62.60  0    cut
 605  sn94D         Ia-norm    0.6011   2.11   0.2887   0.0222    46.20  0    cut
 606  sn03du        Ia-norm    0.7784   2.11   0.2831   0.0225    84.30  0    cut
 607  sn94Q         Ia-norm    0.6051   2.11   0.2994   0.0205    18.50  0    cut
 608  sn05hk        Ia-pec     0.7432   2.10   0.1385   0.0220    -6.30  0    cut
 609  sn02ic        Ia-csm     0.8353   2.10   0.2856   0.0189    44.10  0    cut
 610  sn98aq        Ia-norm    0.6999   2.10   0.2881   0.0230    65.60  0    cut
 611  sn99ee        Ia-norm    0.6485   2.09   0.2915   0.0275    40.90  0    cut
 612  sn98aq        Ia-norm    0.6999   2.07   0.2868   0.0223    90.50  0    cut
 613  sn91bg        Ia-91bg    0.6146   2.07   0.3100   0.0226    20.20  0    cut
 614  sn05hk        Ia-pec     0.7893   2.06   0.1392   0.0211    -7.30  0    cut
 615  sn90N         Ia-norm    0.6011   2.06   0.1481   0.0240   245.20  0    cut
 616  sn91bg        Ia-91bg    0.6106   2.06   0.1430   0.0203   143.00  0    cut
 617  sn98aq        Ia-norm    0.6999   2.06   0.2873   0.0234    81.60  0    cut
 618  sn86G         Ia-91bg    0.6038   2.05   0.2850   0.0200    49.50  0    cut
 619  sn05gj        Ia-csm     0.6363   2.04   0.3046   0.0305    -1.80  0    cut
 620  sn98aq        Ia-norm    0.6999   2.04   0.2868   0.0229    78.60  0    cut
 621  sn86G         Ia-91bg    0.4860   2.03   0.2940   0.0193    23.10  0    cut
 622  sn05hk        Ia-pec     0.7432   2.03   0.1417   0.0210    -8.30  0    cut
 623  sn97br        Ia-91T     0.7107   2.02   0.3122   0.0254    -7.00  0    cut
 624  sn05gj        Ia-csm     0.6282   2.02   0.3035   0.0272     7.70  0    cut
 625  sn05hk        Ia-pec     0.7568   2.02   0.2892   0.0253    -4.20  0    cut
 626  sn90N         Ia-norm    0.6417   2.01   0.1471   0.0204   332.50  0    cut
 627  sn02ic        Ia-csm     0.7283   2.01   0.2913   0.0237    31.90  0    cut
 628  sn02cx        Ia-pec     0.6931   2.00   0.2977   0.0162    -5.30  0    cut
 629  sn03du        Ia-norm    0.7784   2.00   0.2823   0.0235    72.30  0    cut
 630  sn03du        Ia-norm    0.8042   1.99   0.2836   0.0234   141.30  0    cut
 631  sn00cx        Ia-pec     0.8380   1.99   0.2905   0.0247    92.90  0    cut
 632  sn90N         Ia-norm    0.6038   1.99   0.1455   0.0223   246.20  0    cut
 633  sn94ae        Ia-norm    0.8502   1.99   0.2824   0.0243   123.60  0    cut
 634  sn90N         Ia-norm    0.8204   1.98   0.2839   0.0231   213.40  0    cut
 635  sn97cn        Ia-91bg    0.8055   1.98   0.2839   0.0204    43.40  0    cut
 636  sn03du        Ia-norm    0.8069   1.97   0.2833   0.0242    63.40  0    cut
 637  sn97br        Ia-91T     0.7094   1.97   0.3170   0.0205    -6.40  0    cut
 638  sn00cx        Ia-pec     0.6214   1.97   0.3153   0.0201    11.50  0    cut
 639  sn91bg        Ia-91bg    0.8299   1.96   0.2841   0.0222    54.50  0    cut
 640  sn05hk        Ia-pec     0.6525   1.94   0.4617   0.0105    37.00  0    cut
 641  sn97br        Ia-91T     0.7094   1.93   0.3176   0.0246    -9.00  0    cut
 642  sn97br        Ia-91T     0.7040   1.91   0.3168   0.0224    -7.40  0    cut
 643  sn04eo        Ia-norm    0.6796   1.91   0.2875   0.0255    67.00  0    cut
 644  sn91bg        Ia-91bg    0.5997   1.91   0.2928   0.0218    34.40  0    cut
 645  sn94D         Ia-norm    0.8502   1.91   0.2890   0.0220    83.10  0    cut
 646  sn04eo        Ia-norm    0.6485   1.89   0.2879   0.0189    48.40  0    cut
 647  sn91bg        Ia-91bg    0.7419   1.87   0.2905   0.0256    46.50  0    cut
 648  sn02ic        Ia-csm     0.5659   1.87   0.0990   0.0233    65.60  0    cut
 649  sn94ae        Ia-norm    0.7256   1.86   0.2805   0.0260   153.40  0    cut
 650  sn90O         Ia-norm    0.6607   1.85   0.2999   0.0218    19.90  0    cut
 651  sn03du        Ia-norm    0.7229   1.85   0.2832   0.0263   109.00  0    cut
 652  sn91bg        Ia-91bg    0.5984   1.85   0.2918   0.0209    18.60  0    cut
 653  sn00cx        Ia-pec     0.8082   1.83   0.2885   0.0257    96.80  0    cut
 654  sn97br        Ia-91T     0.6444   1.83   0.3136   0.0221    -6.00  0    cut
 655  sn05hk        Ia-pec     0.7013   1.81   0.4604   0.0123    39.00  0    cut
 656  sn86G         Ia-91bg    0.6024   1.81   0.2836   0.0263    52.00  0    cut
 657  sn03du        Ia-norm    0.7283   1.80   0.2885   0.0253   137.60  0    cut
 658  sn05hk        Ia-pec     0.7013   1.80   0.4606   0.0128    42.00  0    cut
 659  sn00cx        Ia-pec     0.6200   1.80   0.3112   0.0216    14.50  0    cut
 660  sn02cx        Ia-pec     0.5226   1.79   0.2761   0.0164    14.20  0    cut
 661  sn05gj        Ia-csm     0.6255   1.78   0.2739   0.0220    67.70  0    cut
 662  sn91bg        Ia-91bg    0.8096   1.77   0.2769   0.0227   113.20  0    cut
 663  sn86G         Ia-91bg    0.6024   1.76   0.2837   0.0257    54.00  0    cut
 664  sn95bd        Ia-norm    0.5605   1.74   0.2919   0.0322    36.90  0    cut
 665  sn02cx        Ia-pec     0.5903   1.72   0.4696   0.0121    18.20  0    cut
 666  sn03du        Ia-norm    0.6945   1.72   0.2929   0.0304    87.10  0    cut
 667  sn05hk        Ia-pec     0.7013   1.72   0.4600   0.0124    42.90  0    cut
 668  sn03du        Ia-norm    0.6701   1.71   0.2912   0.0229   138.60  0    cut
 669  sn04eo        Ia-norm    0.6620   1.71   0.2925   0.0216    49.40  0    cut
 670  sn90N         Ia-norm    0.7202   1.70   0.2792   0.0238   228.10  0    cut
 671  sn86G         Ia-91bg    0.8015   1.70   0.2822   0.0217    90.00  0    cut
 672  sn91bg        Ia-91bg    0.7608   1.69   0.2882   0.0261    46.30  0    cut
 673  sn86G         Ia-91bg    0.6024   1.68   0.2836   0.0252    56.00  0    cut
 674  sn94M         Ia-norm    0.7121   1.68   0.2983   0.0257    34.10  0    cut
 675  sn02er        Ia-norm    0.7811   1.67   0.2963   0.0308   213.00  0    cut
 676  sn86G         Ia-91bg    0.6187   1.66   0.2835   0.0749    54.50  0    cut
 677  sn86G         Ia-91bg    0.7906   1.65   0.2817   0.0205   103.00  0    cut
 678  sn05hk        Ia-pec     0.7432   1.64   0.1476   0.0221    -9.30  0    cut
 679  sn86G         Ia-91bg    0.4792   1.64   0.2893   0.0201    41.60  0    cut
 680  sn91bg        Ia-91bg    0.6038   1.63   0.1492   0.0283    88.10  0    cut
 681  sn02bo        Ia-norm    0.6200   1.62   0.2785   0.0333    83.30  0    cut
 682  sn03cg        Ia-norm    0.5754   1.62   0.2911   0.0242    28.50  0    cut
 683  sn91bg        Ia-91bg    0.5970   1.61   0.2918   0.0243    16.40  0    cut
 684  sn81B         Ia-norm    0.5320   1.59   0.2756   0.0287   114.40  0    cut
 685  sn86G         Ia-91bg    0.4792   1.59   0.2898   0.0202    32.10  0    cut
 686  sn00cx        Ia-pec     0.4982   1.59   0.3049   0.0252    19.40  0    cut
 687  sn91T         Ia-91T     0.7135   1.57   0.2817   0.0306   260.40  0    cut
 688  sn91bg        Ia-91bg    0.7216   1.56   0.1473   0.0266   117.20  0    cut
 689  sn05gj        Ia-csm     0.7500   1.55   0.2779   0.0345    64.90  0    cut
 690  sn05gj        Ia-csm     0.6661   1.54   0.2912   0.0216    92.10  0    cut
 691  sn90N         Ia-norm    0.5686   1.53   0.1452   0.0252   309.80  0    cut
 692  sn91bg        Ia-91bg    0.7622   1.53   0.2872   0.0270    53.30  0    cut
 693  sn05gj        Ia-csm     0.6986   1.52   0.2754   0.0329    61.10  0    cut
 694  sn05hk        Ia-pec     0.8326   1.52   0.1461   0.0274    -8.30  0    cut
 695  sn91bg        Ia-91bg    0.7622   1.50   0.2871   0.0278    53.50  0    cut
 696  sn02cx        Ia-pec     0.5876   1.50   0.4592   0.0165    53.30  0    cut
 697  sn03du        Ia-norm    0.7229   1.50   0.2775   0.0270   375.30  0    cut
 698  sn05hk        Ia-pec     0.6498   1.49   0.2679   0.0198    65.50  0    cut
 699  sn86G         Ia-91bg    0.4630   1.47   0.2937   0.0201    21.10  0    cut
 700  sn05hk        Ia-pec     0.4738   1.45   0.2668   0.0152    26.40  0    cut
 701  sn05gj        Ia-csm     0.6255   1.45   0.2730   0.0231    75.30  0    cut
 702  sn05gj        Ia-csm     0.7487   1.42   0.2757   0.0334    66.80  0    cut
 703  sn05gj        Ia-csm     0.7487   1.41   0.2760   0.0349    65.80  0    cut
 704  sn05hk        Ia-pec     0.5320   1.40   0.2669   0.0217    53.80  0    cut
 705  sn05gj        Ia-csm     0.7500   1.39   0.2789   0.0366    63.90  0    cut
 706  sn05gj        Ia-csm     0.7514   1.39   0.4458   0.0058   133.50  0    cut
 707  sn94D         Ia-norm    0.4874   1.38   0.2902   0.0246    26.20  0    cut
 708  sn05gj        Ia-csm     0.7500   1.37   0.2758   0.0351    63.00  0    cut
 709  sn81B         Ia-norm    0.7500   1.33   0.2953   0.0289   267.40  0    cut
 710  sn91bg        Ia-91bg    0.7771   1.22   0.2737   0.0309   117.20  0    cut
 711  sn05gj        Ia-csm     0.6187   1.22   0.3162   0.0320   -12.10  0    cut
 712  sn05hk        Ia-pec     0.4481   1.22   0.2827   0.0329    -3.40  0    cut
 713  sn94ae        Ia-norm    0.8339   1.20   0.2891   0.0252   367.70  0    cut
 714  sn05hk        Ia-pec     0.4508   1.11   0.2828   0.0335    -4.20  0    cut
 715  sn97cn        Ia-91bg    0.5916   1.10   0.3855   0.0182    28.70  0    cut
 716  sn05gj        Ia-csm     0.6972   1.09   0.2730   0.0395    88.40  0    cut
 717  sn00E         Ia-norm    0.5212   1.08   0.1445   0.0324   121.20  0    cut
