### SNID output file ###
 
### input spectrum and options ###
# Input spectrum                 : 14815_0.50.dat
# Parameter file                 : NA
# Wavelength range               :    3244.09   6688.14
# Mask file                      : NA
# Median filtering width [A]     : NA
# Median filtering width [pix]   :       1.00
# Clip emission redshift         : NA
# Clip sky lines                 : 0
# Emission clip width [A]        : NA
# Keep A-band                    : 1
# Age range                      :     -90.00   1000.00
# Delta range                    :      -9.99     99.90
# Min. number of spectra/template:   1
# Use only templates             : NA
# Use only types                 : Ia
# Avoid templates                : NA
# Avoid types                    : NA
# rlapmin                        :       5.00
# Redshift range                 :    -0.0100    1.2000
# Forced initial redshift        : NA
# Extra fake redshift            : NA
# Nsigma for initial redshift    : NA
# Redshift filter                :     0.0200
# Wavenumbers k1,k2,k3,k4        :     1    4   85  102
# Template directory             : /Users/daniel/snid-5.0/templates/
 
### initial/user-input redshift ###
zinit       0.1432
zuser       0.1432
 
### median redshift/age and error ###
zmed        0.1339    0.0102
agem          5.20      5.67
 
### type fraction/redshift/age ###
#type ntemp fraction slope redshift redshift_error age age_error
Ia             17      1.00    0.0000    0.1339    0.0102     5.200     5.671
Ia-norm         4      0.24   -0.0898    0.1344    0.0060     3.750     6.006
Ia-91T          3      0.18    0.2790    0.1564    0.0141    -4.100     9.666
Ia-91bg         0      0.00    0.0000    0.0000    0.0000     0.000     0.000
Ia-csm          1      0.06    0.0000    0.1273    0.0000     9.400     0.000
Ia-pec          9      0.53   -0.1801    0.1339    0.0086     5.200     3.716
###
Ib              0      0.00    0.0000    0.0000    0.0000     0.000     0.000
Ib-norm         0      0.00    0.0000    0.0000    0.0000     0.000     0.000
Ib-pec          0      0.00    0.0000    0.0000    0.0000     0.000     0.000
IIb             0      0.00    0.0000    0.0000    0.0000     0.000     0.000
###
Ic              0      0.00    0.0000    0.0000    0.0000     0.000     0.000
Ic-norm         0      0.00    0.0000    0.0000    0.0000     0.000     0.000
Ic-pec          0      0.00    0.0000    0.0000    0.0000     0.000     0.000
Ic-broad        0      0.00    0.0000    0.0000    0.0000     0.000     0.000
###
II              0      0.00    0.0000    0.0000    0.0000     0.000     0.000
IIP             0      0.00    0.0000    0.0000    0.0000     0.000     0.000
II-pec          0      0.00    0.0000    0.0000    0.0000     0.000     0.000
IIn             0      0.00    0.0000    0.0000    0.0000     0.000     0.000
IIL             0      0.00    0.0000    0.0000    0.0000     0.000     0.000
###
NotSN           0      0.00    0.0000    0.0000    0.0000     0.000     0.000
AGN             0      0.00    0.0000    0.0000    0.0000     0.000     0.000
Gal             0      0.00    0.0000    0.0000    0.0000     0.000     0.000
LBV             0      0.00    0.0000    0.0000    0.0000     0.000     0.000
M-star          0      0.00    0.0000    0.0000    0.0000     0.000     0.000
 
### rlap-ordered template listings ###
#no. sn type lap rlap z zerr age age_flag grade
   1  sn99aa        Ia-91T     0.4711   8.84   0.1585   0.0094    -4.10  0   good
   2  sn00E         Ia-norm    0.4955   6.56   0.1400   0.0108    -5.50  0   good
   3  sn06gz        Ia-pec     0.4684   6.36   0.1316   0.0082     7.20  0   good
   4  sn00cx        Ia-pec     0.4332   6.35   0.1486   0.0103     0.60  0   good
   5  sn06gz        Ia-pec     0.4698   6.23   0.1339   0.0085     5.20  0   good
   6  sn99ac        Ia-91T     0.4251   6.17   0.1564   0.0109    -9.60  0   good
   7  sn00cx        Ia-pec     0.4319   6.09   0.1461   0.0107    -1.40  0   good
   8  sn90O         Ia-norm    0.6309   6.02   0.3136   0.0141    -5.10  0    bad
   9  sn90O         Ia-norm    0.6322   5.86   0.3153   0.0146    -6.10  0    bad
  10  sn02ic        Ia-csm     0.4847   5.53   0.1273   0.0098     9.40  0   good
  11  sn06gz        Ia-pec     0.5375   5.48   0.1295   0.0074     7.20  0   good
  12  sn92A         Ia-norm    0.5456   5.42   0.1360   0.0091     6.30  0   good
  13  sn94T         Ia-norm    0.5429   5.40   0.1328   0.0097     1.20  0   good
  14  sn90O         Ia-norm    0.6309   5.39   0.3174   0.0156    -7.10  0    bad
  15  sn99ac        Ia-91T     0.5984   5.27   0.1332   0.0099     9.20  0   good
  16  sn06gz        Ia-pec     0.5375   5.26   0.1300   0.0076     6.30  0   good
  17  sn03fg        Ia-pec     0.7202   5.14   0.1208   0.0082     2.00  0    bad
  18  sn96X         Ia-norm    0.6444   5.13   0.1258   0.0095     7.80  0   good
  19  sn00cx        Ia-pec     0.4210   5.10   0.1489   0.0119    -0.40  0   good
  20  sn00cx        Ia-pec     0.5578   5.10   0.1416   0.0091     1.60  0   good
  21  sn06gz        Ia-pec     0.5388   5.04   0.1286   0.0082     8.20  0   good
#--- rlap cutoff
  22  sn94S         Ia-norm    0.6079   4.99   0.3020   0.0172    -2.50  0    cut
  23  sn02bo        Ia-norm    0.5144   4.98   0.1410   0.0116    -3.40  0    cut
  24  sn94D         Ia-norm    0.6146   4.96   0.3252   0.0163   -10.60  0    cut
  25  sn99ac        Ia-91T     0.4616   4.95   0.1582   0.0171   -13.60  0    cut
  26  sn02bo        Ia-norm    0.5131   4.91   0.1387   0.0112    -1.20  0    cut
  27  sn92A         Ia-norm    0.6227   4.82   0.1325   0.0108     8.90  0    cut
  28  sn03du        Ia-norm    0.5415   4.79   0.1254   0.0102     9.80  0    cut
  29  sn92A         Ia-norm    0.7202   4.78   0.1427   0.0092     5.90  0    cut
  30  sn02er        Ia-norm    0.5930   4.76   0.3078   0.0174    -4.40  0    cut
  31  sn06gz        Ia-pec     0.5375   4.74   0.1281   0.0084     9.20  0    cut
  32  sn06gz        Ia-pec     0.6079   4.72   0.1314   0.0083     4.30  0    cut
  33  sn02bo        Ia-norm    0.5144   4.68   0.1383   0.0118    -1.50  0    cut
  34  sn03cg        Ia-norm    0.5117   4.66   0.1298   0.0108     4.50  0    cut
  35  sn93ac        Ia-norm    0.6634   4.66   0.1331   0.0101     6.90  0    cut
  36  sn03du        Ia-norm    0.5293   4.59   0.1260   0.0104     8.90  0    cut
  37  sn03cg        Ia-norm    0.4576   4.55   0.1398   0.0150    -7.50  0    cut
  38  sn97br        Ia-91T     0.5483   4.51   0.1293   0.0123     7.80  0    cut
  39  sn99ac        Ia-91T     0.5916   4.51   0.1278   0.0114    12.20  0    cut
  40  sn99aa        Ia-91T     0.5226   4.45   0.1624   0.0164    -8.50  0    cut
  41  sn00E         Ia-norm    0.4833   4.45   0.1396   0.0150    -2.50  0    cut
  42  sn02bo        Ia-norm    0.5144   4.44   0.1398   0.0124    -2.50  0    cut
  43  sn03du        Ia-norm    0.5415   4.43   0.1251   0.0109    10.80  0    cut
  44  sn98bu        Ia-norm    0.4792   4.42   0.1331   0.0119     1.20  0    cut
  45  sn92A         Ia-norm    0.5036   4.41   0.1404   0.0112     3.30  0    cut
  46  sn02bo        Ia-norm    0.5415   4.33   0.1374   0.0120    -0.30  0    cut
  47  sn03du        Ia-norm    0.5280   4.32   0.1268   0.0109     7.90  0    cut
  48  sn94Q         Ia-norm    0.5361   4.30   0.1265   0.0142    11.60  0    cut
  49  sn94D         Ia-norm    0.6485   4.24   0.3282   0.0179   -10.70  0    cut
  50  sn00cx        Ia-pec     0.4251   4.22   0.1511   0.0153    -3.40  0    cut
  51  sn92A         Ia-norm    0.5050   4.20   0.1438   0.0119    -0.60  0    cut
  52  sn06gz        Ia-pec     0.4589   4.18   0.1416   0.0155    -2.60  0    cut
  53  sn06gz        Ia-pec     0.5361   4.17   0.1277   0.0098    10.10  0    cut
  54  sn03cg        Ia-norm    0.4725   4.17   0.1377   0.0153    -4.50  0    cut
  55  sn03du        Ia-norm    0.5023   4.17   0.1446   0.0165   -10.10  0    cut
  56  sn86G         Ia-91bg    0.4021   4.12   0.1386   0.0159    -2.70  0    cut
  57  sn91T         Ia-91T     0.5293   4.12   0.1250   0.0127    10.90  0    cut
  58  sn02bo        Ia-norm    0.6363   4.12   0.1318   0.0123     5.50  0    cut
  59  sn00cx        Ia-pec     0.4305   4.11   0.1471   0.0156    -2.40  0    cut
  60  sn02bo        Ia-norm    0.4833   4.09   0.1591   0.0183   -13.30  0    cut
  61  sn03du        Ia-norm    0.4549   4.08   0.1439   0.0171   -11.70  0    cut
  62  sn02er        Ia-norm    0.6011   4.08   0.3073   0.0189    -5.40  0    cut
  63  sn02bo        Ia-norm    0.6092   4.08   0.3105   0.0186    -4.50  0    cut
  64  sn05gj        Ia-csm     0.4833   4.07   0.1065   0.0126    39.40  0    cut
  65  sn98aq        Ia-norm    0.4508   4.06   0.1390   0.0163     0.00  0    cut
  66  sn99aa        Ia-91T     0.4224   3.99   0.1507   0.0149     7.60  0    cut
  67  sn89B         Ia-norm    0.5199   3.97   0.1276   0.0118     3.50  0    cut
  68  sn90N         Ia-norm    0.7202   3.97   0.1304   0.0135     4.90  0    cut
  69  sn94ae        Ia-norm    0.5253   3.93   0.1264   0.0120     9.30  0    cut
  70  sn02er        Ia-norm    0.5645   3.92   0.1278   0.0119     5.50  0    cut
  71  sn92A         Ia-norm    0.5104   3.92   0.1465   0.0131    -5.00  0    cut
  72  sn92A         Ia-norm    0.7202   3.91   0.1421   0.0112    -0.40  0    cut
  73  sn03cg        Ia-norm    0.5483   3.90   0.1236   0.0127     9.60  0    cut
  74  sn05gj        Ia-csm     0.4644   3.90   0.1140   0.0152    17.90  0    cut
  75  sn96C         Ia-norm    0.5402   3.89   0.1250   0.0121     8.30  0    cut
  76  sn95E         Ia-norm    0.5510   3.89   0.1224   0.0114    10.00  0    cut
  77  sn99ee        Ia-norm    0.5469   3.89   0.1334   0.0130     7.10  0    cut
  78  sn99aa        Ia-91T     0.5645   3.86   0.1479   0.0138    -0.60  0    cut
  79  sn02er        Ia-norm    0.6038   3.84   0.3042   0.0194    -2.50  0    cut
  80  sn89B         Ia-norm    0.5158   3.84   0.1268   0.0122     5.50  0    cut
  81  sn99ac        Ia-91T     0.5957   3.84   0.1265   0.0133    17.10  0    cut
  82  sn99ee        Ia-norm    0.5781   3.84   0.1285   0.0142    11.10  0    cut
  83  sn03du        Ia-norm    0.5943   3.83   0.3019   0.0216    -3.20  0    cut
  84  sn98aq        Ia-norm    0.4508   3.83   0.1379   0.0176    -9.00  0    cut
  85  sn98bu        Ia-norm    0.4495   3.81   0.1390   0.0175    -2.80  0    cut
  86  sn94D         Ia-norm    0.5226   3.81   0.1312   0.0114     2.20  0    cut
  87  sn94ae        Ia-norm    0.5212   3.78   0.1256   0.0129    10.40  0    cut
  88  sn98aq        Ia-norm    0.4508   3.77   0.1383   0.0170     0.90  0    cut
  89  sn94D         Ia-norm    0.6458   3.76   0.3106   0.0201    -3.80  0    cut
  90  sn04eo        Ia-norm    0.5199   3.76   0.1262   0.0130     2.20  0    cut
  91  sn97br        Ia-91T     0.4806   3.72   0.1263   0.0143     8.50  0    cut
  92  sn00E         Ia-norm    0.4725   3.69   0.1414   0.0174    -1.40  0    cut
  93  sn98bu        Ia-norm    0.4495   3.68   0.1388   0.0180    -1.70  0    cut
  94  sn02er        Ia-norm    0.5970   3.67   0.3025   0.0202    -1.50  0    cut
  95  sn02bo        Ia-norm    0.4522   3.65   0.1539   0.0173   -12.10  0    cut
  96  sn03cg        Ia-norm    0.4440   3.64   0.1382   0.0171    -0.50  0    cut
  97  sn94S         Ia-norm    0.4386   3.63   0.1411   0.0182    -3.40  0    cut
  98  sn02bo        Ia-norm    0.4860   3.63   0.1452   0.0152    -4.40  0    cut
  99  sn97br        Ia-91T     0.4224   3.60   0.1487   0.0157    -8.00  0    cut
 100  sn02bo        Ia-norm    0.4860   3.59   0.1566   0.0170   -12.30  0    cut
 101  sn02er        Ia-norm    0.5023   3.58   0.1471   0.0163   -11.30  0    cut
 102  sn04eo        Ia-norm    0.4698   3.58   0.1316   0.0152    -2.80  0    cut
 103  sn01el        Ia-norm    0.5659   3.55   0.1333   0.0170     9.20  0    cut
 104  sn04eo        Ia-norm    0.5537   3.55   0.1201   0.0130     7.00  0    cut
 105  sn91T         Ia-91T     0.5943   3.52   0.1111   0.0141    24.80  0    cut
 106  sn91T         Ia-91T     0.7202   3.52   0.1077   0.0120    46.60  0    cut
 107  sn02bo        Ia-norm    0.4996   3.51   0.1523   0.0167    -9.40  0    cut
 108  sn89B         Ia-norm    0.5077   3.51   0.1246   0.0139     7.50  0    cut
 109  sn98bu        Ia-norm    0.4495   3.51   0.1384   0.0184    -0.70  0    cut
 110  sn02er        Ia-norm    0.6038   3.51   0.2985   0.0197     3.40  0    cut
 111  sn98aq        Ia-norm    0.4522   3.50   0.1375   0.0178     1.90  0    cut
 112  sn95D         Ia-norm    0.5551   3.48   0.1261   0.0135     8.10  0    cut
 113  sn99ee        Ia-norm    0.5781   3.46   0.1222   0.0164    16.10  0    cut
 114  sn06gz        Ia-pec     0.4278   3.46   0.1490   0.0180   -14.30  0    cut
 115  sn02bo        Ia-norm    0.4522   3.46   0.1492   0.0184    -8.10  0    cut
 116  sn92A         Ia-norm    0.7202   3.45   0.1321   0.0146     8.70  0    cut
 117  sn02er        Ia-norm    0.5239   3.45   0.1343   0.0147    -0.50  0    cut
 118  sn02bo        Ia-norm    0.4522   3.44   0.1480   0.0185    -7.00  0    cut
 119  sn92A         Ia-norm    0.5050   3.42   0.1361   0.0140     7.30  0    cut
 120  sn03cg        Ia-norm    0.4725   3.42   0.1316   0.0136     1.50  0    cut
 121  sn90O         Ia-norm    0.4725   3.42   0.1426   0.0180    -0.40  0    cut
 122  sn97br        Ia-91T     0.4481   3.40   0.1475   0.0165    -7.00  0    cut
 123  sn06gz        Ia-pec     0.4616   3.40   0.1423   0.0200    -5.50  0    cut
 124  sn03cg        Ia-norm    0.4711   3.40   0.1366   0.0167    -6.80  0    cut
 125  sn89B         Ia-norm    0.5253   3.38   0.1223   0.0135     9.50  0    cut
 126  sn89B         Ia-norm    0.6160   3.38   0.2976   0.0211    -0.50  0    cut
 127  sn02er        Ia-norm    0.4779   3.36   0.1477   0.0179    -9.40  0    cut
 128  sn95al        Ia-norm    0.6079   3.35   0.1178   0.0150    25.30  0    cut
 129  sn99aa        Ia-91T     0.6106   3.34   0.1273   0.0150    26.20  0    cut
 130  sn05gj        Ia-csm     0.4616   3.32   0.1198   0.0173    10.40  0    cut
 131  sn99ac        Ia-91T     0.5808   3.30   0.1371   0.0146     3.10  0    cut
 132  sn95D         Ia-norm    0.5293   3.29   0.1215   0.0144    11.20  0    cut
 133  sn91T         Ia-91T     0.5916   3.29   0.1180   0.0153    15.90  0    cut
 134  sn04S         Ia-norm    0.6376   3.29   0.3068   0.0219     1.70  0    cut
 135  sn94ae        Ia-norm    0.5131   3.27   0.1298   0.0147     6.40  0    cut
 136  sn92A         Ia-norm    0.7202   3.25   0.1396   0.0133     2.40  0    cut
 137  sn98aq        Ia-norm    0.4522   3.25   0.1368   0.0186     2.90  0    cut
 138  sn02bo        Ia-norm    0.4522   3.24   0.1559   0.0190   -13.10  0    cut
 139  sn02bo        Ia-norm    0.4522   3.24   0.1467   0.0195    -6.00  0    cut
 140  sn03cg        Ia-norm    0.4495   3.24   0.1378   0.0210    -5.90  0    cut
 141  sn94ae        Ia-norm    0.5104   3.22   0.1252   0.0155    11.30  0    cut
 142  sn95D         Ia-norm    0.4765   3.22   0.1268   0.0151    10.10  0    cut
 143  sn96X         Ia-norm    0.4792   3.22   0.1326   0.0143     1.90  0    cut
 144  sn90N         Ia-norm    0.5713   3.22   0.1209   0.0156    14.50  0    cut
 145  sn96X         Ia-norm    0.4806   3.21   0.1339   0.0144     0.00  0    cut
 146  sn96X         Ia-norm    0.4779   3.21   0.1282   0.0139     6.90  0    cut
 147  sn95E         Ia-norm    0.4752   3.20   0.1349   0.0165     0.10  0    cut
 148  sn92A         Ia-norm    0.7202   3.20   0.1474   0.0147    -5.00  0    cut
 149  sn95al        Ia-norm    0.5984   3.20   0.1222   0.0166    17.00  0    cut
 150  sn02bo        Ia-norm    0.4522   3.19   0.1457   0.0195    -5.10  0    cut
 151  sn00cx        Ia-pec     0.5564   3.18   0.1431   0.0132     5.60  0    cut
 152  sn02bo        Ia-norm    0.4522   3.18   0.1440   0.0195    -3.10  0    cut
 153  sn03du        Ia-norm    0.5943   3.17   0.3058   0.0252    -5.00  0    cut
 154  sn94M         Ia-norm    0.4820   3.17   0.1330   0.0140     7.90  0    cut
 155  sn02bo        Ia-norm    0.4522   3.17   0.1446   0.0197    -4.00  0    cut
 156  sn96X         Ia-norm    0.4806   3.16   0.1264   0.0141     7.90  0    cut
 157  sn02bo        Ia-norm    0.5686   3.15   0.1397   0.0158    -1.40  0    cut
 158  sn04S         Ia-norm    0.5984   3.15   0.3013   0.0214     7.50  0    cut
 159  sn03du        Ia-norm    0.4549   3.14   0.1426   0.0223    -9.70  0    cut
 160  sn02er        Ia-norm    0.5645   3.14   0.1182   0.0165     9.40  0    cut
 161  sn97br        Ia-91T     0.4468   3.13   0.1505   0.0179    -9.00  0    cut
 162  sn96X         Ia-norm    0.4806   3.10   0.1338   0.0147     1.00  0    cut
 163  sn03du        Ia-norm    0.4549   3.09   0.1421   0.0226    -8.80  0    cut
 164  sn02bo        Ia-norm    0.4522   3.09   0.1429   0.0197    -2.10  0    cut
 165  sn98aq        Ia-norm    0.5104   3.08   0.1307   0.0162    -8.00  0    cut
 166  sn99aw        Ia-91T     0.5131   3.07   0.1404   0.0170     3.20  0    cut
 167  sn96X         Ia-norm    0.4792   3.07   0.1327   0.0148     2.90  0    cut
 168  sn89B         Ia-norm    0.4711   3.06   0.1014   0.0158    49.20  0    cut
 169  sn94D         Ia-norm    0.5361   3.05   0.1264   0.0132     2.90  0    cut
 170  sn03du        Ia-norm    0.5361   3.03   0.1488   0.0177   -10.10  0    cut
 171  sn98aq        Ia-norm    0.4522   3.03   0.1361   0.0194     3.90  0    cut
 172  sn03du        Ia-norm    0.5591   3.03   0.1074   0.0152    51.60  0    cut
 173  sn04eo        Ia-norm    0.5713   3.00   0.1334   0.0170    -6.40  0    cut
 174  sn94ae        Ia-norm    0.4779   2.99   0.1346   0.0156     3.30  0    cut
 175  sn05gj        Ia-csm     0.4576   2.98   0.1440   0.0190   -12.10  0    cut
 176  sn03du        Ia-norm    0.5320   2.98   0.1454   0.0182    -6.20  0    cut
 177  sn96X         Ia-norm    0.4806   2.98   0.1295   0.0148     5.90  0    cut
 178  sn98aq        Ia-norm    0.4522   2.97   0.1355   0.0200     4.90  0    cut
 179  sn90N         Ia-norm    0.6024   2.96   0.1185   0.0163    17.70  0    cut
 180  sn96X         Ia-norm    0.6417   2.95   0.1316   0.0143     0.90  0    cut
 181  sn92A         Ia-norm    0.6065   2.95   0.1230   0.0159    17.30  0    cut
 182  sn96X         Ia-norm    0.4765   2.94   0.1306   0.0150     4.90  0    cut
 183  sn04S         Ia-norm    0.5199   2.93   0.1211   0.0207    13.40  0    cut
 184  sn99ee        Ia-norm    0.5226   2.93   0.1194   0.0189    20.00  0    cut
 185  sn02bo        Ia-norm    0.4522   2.92   0.1417   0.0204    -1.20  0    cut
 186  sn96X         Ia-norm    0.4806   2.92   0.1254   0.0154     8.90  0    cut
 187  sn03du        Ia-norm    0.5889   2.91   0.1106   0.0161    26.70  0    cut
 188  sn81B         Ia-norm    0.6390   2.88   0.1427   0.0158    -0.90  0    cut
 189  sn91M         Ia-norm    0.5158   2.87   0.1348   0.0154     2.70  0    cut
 190  sn98aq        Ia-norm    0.4522   2.87   0.1345   0.0202     5.90  0    cut
 191  sn00cx        Ia-pec     0.5578   2.87   0.1424   0.0146     6.50  0    cut
 192  sn81B         Ia-norm    0.6444   2.86   0.1429   0.0160     0.00  0    cut
 193  sn96X         Ia-norm    0.6390   2.86   0.1306   0.0144     1.90  0    cut
 194  sn05hk        Ia-pec     0.4197   2.86   0.1072   0.0200     3.60  0    cut
 195  sn90N         Ia-norm    0.5131   2.86   0.1299   0.0202   -13.20  0    cut
 196  sn92A         Ia-norm    0.7202   2.86   0.1317   0.0182    11.70  0    cut
 197  sn94D         Ia-norm    0.5334   2.85   0.1319   0.0151    -1.80  0    cut
 198  sn98aq        Ia-norm    0.4522   2.85   0.1332   0.0206     6.90  0    cut
 199  sn91T         Ia-91T     0.5876   2.85   0.1064   0.0161    45.70  0    cut
 200  sn04eo        Ia-norm    0.5253   2.85   0.1167   0.0167    11.00  0    cut
 201  sn94ae        Ia-norm    0.4887   2.84   0.1341   0.0168     1.30  0    cut
 202  sn86G         Ia-91bg    0.4955   2.84   0.1314   0.0178     1.60  0    cut
 203  sn91T         Ia-91T     0.5469   2.83   0.1072   0.0172    67.60  0    cut
 204  sn02er        Ia-norm    0.5524   2.83   0.1410   0.0189    -6.40  0    cut
 205  sn94S         Ia-norm    0.4413   2.83   0.1402   0.0223     1.40  0    cut
 206  sn96X         Ia-norm    0.4806   2.83   0.1355   0.0168    -3.00  0    cut
 207  sn95E         Ia-norm    0.4657   2.81   0.1377   0.0224    -1.90  0    cut
 208  sn96X         Ia-norm    0.4806   2.80   0.1355   0.0172    -2.00  0    cut
 209  sn99ee        Ia-norm    0.5212   2.79   0.1184   0.0195    22.10  0    cut
 210  sn03du        Ia-norm    0.4549   2.77   0.1406   0.0242    -7.80  0    cut
 211  sn91M         Ia-norm    0.6092   2.77   0.1164   0.0155    24.80  0    cut
 212  sn94ae        Ia-norm    0.6661   2.77   0.1246   0.0179     9.40  0    cut
 213  sn03du        Ia-norm    0.6065   2.76   0.1078   0.0162    59.30  0    cut
 214  sn03cg        Ia-norm    0.5429   2.76   0.1229   0.0172    11.40  0    cut
 215  sn02ic        Ia-csm     0.4657   2.75   0.1083   0.0171    31.90  0    cut
 216  sn89B         Ia-norm    0.5280   2.74   0.1198   0.0164    11.50  0    cut
 217  sn96X         Ia-norm    0.4481   2.73   0.1371   0.0226    -1.10  0    cut
 218  sn86G         Ia-91bg    0.4941   2.71   0.1313   0.0185     0.60  0    cut
 219  sn95D         Ia-norm    0.6661   2.70   0.1158   0.0157    16.10  0    cut
 220  sn94ae        Ia-norm    0.5050   2.69   0.1313   0.0170     4.40  0    cut
 221  sn02er        Ia-norm    0.5686   2.68   0.3130   0.0233    -8.40  0    cut
 222  sn94D         Ia-norm    0.4806   2.68   0.1125   0.0183    15.20  0    cut
 223  sn03du        Ia-norm    0.5320   2.66   0.1330   0.0172    -1.10  0    cut
 224  sn95D         Ia-norm    0.5496   2.65   0.1300   0.0170     4.20  0    cut
 225  sn99aw        Ia-91T     0.5469   2.65   0.1452   0.0171     0.30  0    cut
 226  sn02cx        Ia-pec     0.4738   2.65   0.0982   0.0176    10.30  0    cut
 227  sn95D         Ia-norm    0.5496   2.65   0.1275   0.0160     6.10  0    cut
 228  sn03du        Ia-norm    0.5158   2.65   0.1282   0.0166     3.90  0    cut
 229  sn02er        Ia-norm    0.4616   2.64   0.1323   0.0188     4.40  0    cut
 230  sn02bo        Ia-norm    0.6051   2.63   0.1153   0.0180    44.40  0    cut
 231  sn03du        Ia-norm    0.5158   2.62   0.1322   0.0179     0.80  0    cut
 232  sn05gj        Ia-csm     0.4725   2.60   0.1105   0.0202    27.30  0    cut
 233  sn94D         Ia-norm    0.4535   2.59   0.1380   0.0229    -3.60  0    cut
 234  sn94ae        Ia-norm    0.5172   2.59   0.1315   0.0171     3.30  0    cut
 235  sn03du        Ia-norm    0.5591   2.59   0.1091   0.0166    31.80  0    cut
 236  sn02er        Ia-norm    0.5456   2.59   0.1353   0.0182    -3.50  0    cut
 237  sn99aa        Ia-91T     0.5862   2.58   0.1524   0.0156     2.70  0    cut
 238  sn94M         Ia-norm    0.5876   2.58   0.1251   0.0170    12.90  0    cut
 239  sn94Q         Ia-norm    0.5903   2.57   0.1171   0.0209    18.50  0    cut
 240  sn86G         Ia-91bg    0.4833   2.57   0.1364   0.0209    -3.40  0    cut
 241  sn03du        Ia-norm    0.5172   2.55   0.1361   0.0203    -7.00  0    cut
 242  sn90O         Ia-norm    0.6336   2.55   0.1188   0.0175    19.10  0    cut
 243  sn95bd        Ia-norm    0.4752   2.54   0.1283   0.0197    11.30  0    cut
 244  sn94ae        Ia-norm    0.4914   2.53   0.1331   0.0172     2.30  0    cut
 245  sn86G         Ia-91bg    0.4833   2.53   0.1356   0.0211    -2.40  0    cut
 246  sn03du        Ia-norm    0.5144   2.52   0.1308   0.0176     1.90  0    cut
 247  sn01el        Ia-norm    0.5686   2.52   0.1255   0.0226    18.10  0    cut
 248  sn05hk        Ia-pec     0.6214   2.51   0.2624   0.0180    -5.10  0    cut
 249  sn89B         Ia-norm    0.6728   2.51   0.1348   0.0173    -6.30  0    cut
 250  sn91T         Ia-91T     0.5903   2.50   0.1073   0.0194    75.20  0    cut
 251  sn81B         Ia-norm    0.5442   2.50   0.1239   0.0177    22.90  0    cut
 252  sn05hk        Ia-pec     0.4657   2.50   0.0971   0.0188    14.30  0    cut
 253  sn89B         Ia-norm    0.5117   2.49   0.1189   0.0187    12.40  0    cut
 254  sn05gj        Ia-csm     0.4495   2.49   0.1062   0.0193    40.50  0    cut
 255  sn94M         Ia-norm    0.4806   2.48   0.1410   0.0212     3.00  0    cut
 256  sn94D         Ia-norm    0.4535   2.48   0.1079   0.0183    43.20  0    cut
 257  sn03du        Ia-norm    0.5158   2.48   0.1319   0.0187    -0.20  0    cut
 258  sn05gj        Ia-csm     0.4224   2.46   0.1027   0.0189    51.80  0    cut
 259  sn89B         Ia-norm    0.5117   2.46   0.1120   0.0191    17.40  0    cut
 260  sn04S         Ia-norm    0.5199   2.46   0.1183   0.0239    18.40  0    cut
 261  sn94D         Ia-norm    0.4792   2.45   0.1119   0.0191    17.20  0    cut
 262  sn05hk        Ia-pec     0.4941   2.45   0.1177   0.0242    -4.20  0    cut
 263  sn99aa        Ia-91T     0.5239   2.45   0.1271   0.0186    29.10  0    cut
 264  sn06gz        Ia-pec     0.5375   2.44   0.1373   0.0271    -9.30  0    cut
 265  sn97br        Ia-91T     0.4725   2.44   0.1466   0.0222    -6.40  0    cut
 266  sn03du        Ia-norm    0.4549   2.43   0.1372   0.0256    -0.80  0    cut
 267  sn06gz        Ia-pec     0.5348   2.42   0.1377   0.0270   -10.30  0    cut
 268  sn89B         Ia-norm    0.5131   2.42   0.1170   0.0198    13.40  0    cut
 269  sn91M         Ia-norm    0.6092   2.41   0.1103   0.0214   111.80  0    cut
 270  sn05gj        Ia-csm     0.4792   2.41   0.1258   0.0233    -1.80  0    cut
 271  sn02er        Ia-norm    0.5185   2.41   0.1205   0.0229   213.00  0    cut
 272  sn86G         Ia-91bg    0.4847   2.41   0.1376   0.0223    -4.40  0    cut
 273  sn97br        Ia-91T     0.6024   2.41   0.1180   0.0190    12.40  0    cut
 274  sn89B         Ia-norm    0.5077   2.40   0.1154   0.0190    14.40  0    cut
 275  sn90O         Ia-norm    0.5997   2.39   0.1187   0.0200    19.90  0    cut
 276  sn03du        Ia-norm    0.5876   2.39   0.2954   0.0258     5.00  0    cut
 277  sn81B         Ia-norm    0.5348   2.38   0.1173   0.0183    23.90  0    cut
 278  sn94D         Ia-norm    0.4278   2.38   0.1444   0.0248    -8.70  0    cut
 279  sn02er        Ia-norm    0.5266   2.37   0.1298   0.0219    12.40  0    cut
 280  sn95E         Ia-norm    0.4616   2.36   0.1349   0.0229     2.00  0    cut
 281  sn97br        Ia-91T     0.4765   2.35   0.1408   0.0231    -4.00  0    cut
 282  sn06gz        Ia-pec     0.6065   2.35   0.1407   0.0274   -13.30  0    cut
 283  sn99aa        Ia-91T     0.5659   2.35   0.1310   0.0201    21.10  0    cut
 284  sn00cx        Ia-pec     0.5754   2.34   0.1278   0.0230    41.30  0    cut
 285  sn97cn        Ia-91bg    0.5429   2.34   0.1047   0.0171    43.40  0    cut
 286  sn95D         Ia-norm    0.5226   2.33   0.1181   0.0191    14.10  0    cut
 287  sn02er        Ia-norm    0.5293   2.33   0.1252   0.0214    10.60  0    cut
 288  sn03du        Ia-norm    0.4061   2.31   0.1043   0.0194    45.60  0    cut
 289  sn89B         Ia-norm    0.5131   2.30   0.1120   0.0210    19.40  0    cut
 290  sn89B         Ia-norm    0.5117   2.30   0.1105   0.0202    21.40  0    cut
 291  sn99aa        Ia-91T     0.5537   2.30   0.1256   0.0177    34.10  0    cut
 292  sn99by        Ia-91bg    0.5117   2.29   0.1271   0.0211    -2.80  0    cut
 293  sn00E         Ia-norm    0.4400   2.29   0.1303   0.0244     8.40  0    cut
 294  sn04eo        Ia-norm    0.4508   2.29   0.1389   0.0264   -11.00  0    cut
 295  sn04eo        Ia-norm    0.5253   2.27   0.1137   0.0177    14.00  0    cut
 296  sn86G         Ia-91bg    0.5104   2.26   0.1065   0.0196    56.50  0    cut
 297  sn05hk        Ia-pec     0.5266   2.26   0.1137   0.0260    -1.40  0    cut
 298  sn94D         Ia-norm    0.5131   2.24   0.1098   0.0197    53.90  0    cut
 299  sn89B         Ia-norm    0.5104   2.24   0.1120   0.0211    18.40  0    cut
 300  sn03du        Ia-norm    0.5442   2.24   0.1079   0.0196    63.40  0    cut
 301  sn04eo        Ia-norm    0.5253   2.23   0.1146   0.0187    12.40  0    cut
 302  sn06gz        Ia-pec     0.5334   2.22   0.1397   0.0292   -12.30  0    cut
 303  sn02er        Ia-norm    0.4495   2.22   0.1353   0.0254     1.50  0    cut
 304  sn00cx        Ia-pec     0.5700   2.21   0.1274   0.0220    31.40  0    cut
 305  sn05hk        Ia-pec     0.4386   2.21   0.0899   0.0214    42.00  0    cut
 306  sn96X         Ia-norm    0.6336   2.21   0.1118   0.0185    22.50  0    cut
 307  sn03du        Ia-norm    0.4522   2.20   0.1359   0.0261     2.20  0    cut
 308  sn03du        Ia-norm    0.5239   2.19   0.1277   0.0205    13.70  0    cut
 309  sn89B         Ia-norm    0.5212   2.19   0.1103   0.0199    22.40  0    cut
 310  sn03du        Ia-norm    0.5442   2.19   0.1130   0.0207    21.80  0    cut
 311  sn06gz        Ia-pec     0.5023   2.17   0.1393   0.0296   -13.30  0    cut
 312  sn96X         Ia-norm    0.4820   2.17   0.1150   0.0195    20.80  0    cut
 313  sn03du        Ia-norm    0.4549   2.16   0.1349   0.0258     3.10  0    cut
 314  sn95D         Ia-norm    0.6160   2.16   0.1077   0.0177    37.80  0    cut
 315  sn03cg        Ia-norm    0.5388   2.16   0.1202   0.0206    12.40  0    cut
 316  sn90N         Ia-norm    0.7202   2.15   0.3161   0.0330    -6.40  0    cut
 317  sn97br        Ia-91T     0.4630   2.14   0.1471   0.0245    -7.40  0    cut
 318  sn94ae        Ia-norm    0.6079   2.13   0.1083   0.0240   123.60  0    cut
 319  sn90N         Ia-norm    0.4359   2.12   0.1339   0.0257     2.60  0    cut
 320  sn94D         Ia-norm    0.4549   2.12   0.1401   0.0276    -2.60  0    cut
 321  sn03cg        Ia-norm    0.4292   2.12   0.1072   0.0216    23.40  0    cut
 322  sn91bg        Ia-91bg    0.4129   2.11   0.1269   0.0293     2.70  0    cut
 323  sn89B         Ia-norm    0.5131   2.11   0.1147   0.0221    16.40  0    cut
 324  sn97br        Ia-91T     0.4752   2.11   0.1139   0.0224    21.30  0    cut
 325  sn02er        Ia-norm    0.5767   2.11   0.1255   0.0257    16.40  0    cut
 326  sn02er        Ia-norm    0.5767   2.10   0.1255   0.0257    15.50  0    cut
 327  sn94D         Ia-norm    0.5605   2.10   0.1357   0.0218    -4.80  0    cut
 328  sn96X         Ia-norm    0.4413   2.10   0.1390   0.0279    -0.90  0    cut
 329  sn98bu        Ia-norm    0.4508   2.09   0.1279   0.0248     9.30  0    cut
 330  sn03du        Ia-norm    0.4603   2.09   0.1085   0.0201    39.50  0    cut
 331  sn94D         Ia-norm    0.4522   2.09   0.1384   0.0263     0.40  0    cut
 332  sn03du        Ia-norm    0.5172   2.09   0.1087   0.0231   220.70  0    cut
 333  sn94D         Ia-norm    0.5943   2.09   0.1078   0.0226    83.10  0    cut
 334  sn03du        Ia-norm    0.5158   2.08   0.1092   0.0202    34.60  0    cut
 335  sn91M         Ia-norm    0.5077   2.08   0.1192   0.0209    27.50  0    cut
 336  sn94M         Ia-norm    0.4359   2.07   0.1374   0.0247     5.00  0    cut
 337  sn05hk        Ia-pec     0.5239   2.07   0.1178   0.0268    -2.40  0    cut
 338  sn91T         Ia-91T     0.7202   2.06   0.1471   0.0179    -0.20  0    cut
 339  sn81B         Ia-norm    0.5144   2.05   0.1107   0.0243    93.50  0    cut
 340  sn91M         Ia-norm    0.4847   2.05   0.1121   0.0248    80.00  0    cut
 341  sn89B         Ia-norm    0.5117   2.05   0.1110   0.0221    20.40  0    cut
 342  sn94D         Ia-norm    0.4847   2.05   0.1108   0.0215    19.20  0    cut
 343  sn03cg        Ia-norm    0.4589   2.03   0.1292   0.0245     7.40  0    cut
 344  sn99aa        Ia-91T     0.5226   2.03   0.1249   0.0198    50.00  0    cut
 345  sn04eo        Ia-norm    0.5239   2.03   0.1113   0.0201    20.80  0    cut
 346  sn00cx        Ia-pec     0.5754   2.03   0.1153   0.0275   146.40  0    cut
 347  sn94D         Ia-norm    0.4792   2.02   0.1167   0.0222    12.20  0    cut
 348  sn03du        Ia-norm    0.5158   2.01   0.1082   0.0218    72.30  0    cut
 349  sn94ae        Ia-norm    0.4874   2.01   0.1140   0.0238    64.00  0    cut
 350  sn94D         Ia-norm    0.5172   2.00   0.1507   0.0285    -9.60  0    cut
 351  sn90N         Ia-norm    0.6051   2.00   0.1079   0.0243   213.40  0    cut
 352  sn97br        Ia-91T     0.4792   1.99   0.1123   0.0221    49.10  0    cut
 353  sn99ee        Ia-norm    0.5794   1.99   0.3065   0.0324     2.20  0    cut
 354  sn97br        Ia-91T     0.4562   1.98   0.1152   0.0245    17.40  0    cut
 355  sn94D         Ia-norm    0.4779   1.98   0.1171   0.0226    13.20  0    cut
 356  sn03du        Ia-norm    0.5158   1.96   0.1090   0.0231    84.30  0    cut
 357  sn03du        Ia-norm    0.4725   1.96   0.1179   0.0216    37.40  0    cut
 358  sn91T         Ia-91T     0.5117   1.96   0.1443   0.0290    -5.30  0    cut
 359  sn91T         Ia-91T     0.6051   1.95   0.0533   0.0315   -11.50  0    cut
 360  sn95D         Ia-norm    0.4765   1.95   0.1115   0.0220    42.80  0    cut
 361  sn05hk        Ia-pec     0.4454   1.95   0.0908   0.0237    27.20  0    cut
 362  sn03du        Ia-norm    0.5415   1.94   0.1085   0.0261   141.30  0    cut
 363  sn99ac        Ia-91T     0.5645   1.93   0.3069   0.0296     0.80  0    cut
 364  sn99aa        Ia-91T     0.4901   1.92   0.1287   0.0238    53.90  0    cut
 365  sn94D         Ia-norm    0.4820   1.92   0.1228   0.0230    11.00  0    cut
 366  sn98bu        Ia-norm    0.4508   1.92   0.1259   0.0257    10.20  0    cut
 367  sn94ae        Ia-norm    0.4698   1.92   0.1119   0.0226    40.10  0    cut
 368  sn99aa        Ia-91T     0.4901   1.90   0.1301   0.0232    41.10  0    cut
 369  sn05hk        Ia-pec     0.5253   1.88   0.0925   0.0224    20.30  0    cut
 370  sn00cx        Ia-pec     0.5754   1.88   0.1174   0.0299    61.10  0    cut
 371  sn94D         Ia-norm    0.6390   1.88   0.1374   0.0264    -5.60  0    cut
 372  sn99ac        Ia-91T     0.5645   1.88   0.2963   0.0255    39.90  0    cut
 373  sn96X         Ia-norm    0.6336   1.87   0.1114   0.0202    24.70  0    cut
 374  sn86G         Ia-91bg    0.4684   1.86   0.1363   0.0296    -0.90  0    cut
 375  sn96X         Ia-norm    0.5537   1.86   0.1115   0.0206    31.70  0    cut
 376  sn99aa        Ia-91T     0.4874   1.85   0.1367   0.0249    15.40  0    cut
 377  sn86G         Ia-91bg    0.4698   1.85   0.1368   0.0307    -1.90  0    cut
 378  sn99ee        Ia-norm    0.5781   1.85   0.3089   0.0352     0.30  0    cut
 379  sn86G         Ia-91bg    0.4698   1.85   0.1326   0.0284     0.10  0    cut
 380  sn95E         Ia-norm    0.4481   1.85   0.1292   0.0276     7.00  0    cut
 381  sn91T         Ia-91T     0.5740   1.84   0.1491   0.0325   -10.30  0    cut
 382  sn05hk        Ia-pec     0.4386   1.83   0.0895   0.0237    39.00  0    cut
 383  sn99ee        Ia-norm    0.6755   1.83   0.3214   0.0385    -8.60  0    cut
 384  sn98aq        Ia-norm    0.4522   1.82   0.1077   0.0231    35.80  0    cut
 385  sn04eo        Ia-norm    0.4968   1.82   0.1112   0.0230    53.30  0    cut
 386  sn03du        Ia-norm    0.4738   1.82   0.1162   0.0249    17.80  0    cut
 387  sn94D         Ia-norm    0.6309   1.82   0.2828   0.0234    24.20  0    cut
 388  sn05hk        Ia-pec     0.4183   1.82   0.1307   0.0244    -6.30  0    cut
 389  sn94D         Ia-norm    0.4088   1.81   0.1182   0.0262    10.10  0    cut
 390  sn86G         Ia-91bg    0.5388   1.81   0.1049   0.0232    90.00  0    cut
 391  sn99by        Ia-91bg    0.4508   1.80   0.1332   0.0355    -4.80  0    cut
 392  sn89B         Ia-norm    0.5077   1.80   0.1111   0.0234    23.40  0    cut
 393  sn92A         Ia-norm    0.4711   1.80   0.1310   0.0252    11.60  0    cut
 394  sn94S         Ia-norm    0.5090   1.79   0.1122   0.0249    20.90  0    cut
 395  sn94D         Ia-norm    0.4454   1.78   0.1436   0.0306    -7.70  0    cut
 396  sn91bg        Ia-91bg    0.5984   1.78   0.1071   0.0254    54.50  0    cut
 397  sn04S         Ia-norm    0.4914   1.78   0.1203   0.0302    14.00  0    cut
 398  sn86G         Ia-91bg    0.4698   1.78   0.1329   0.0291     1.10  0    cut
 399  sn91T         Ia-91T     0.5117   1.77   0.1459   0.0320    -6.40  0    cut
 400  sn99ac        Ia-91T     0.5645   1.77   0.2978   0.0273    29.00  0    cut
 401  sn02er        Ia-norm    0.4616   1.77   0.1422   0.0322    -7.40  0    cut
 402  sn81B         Ia-norm    0.5104   1.77   0.1205   0.0249    19.90  0    cut
 403  sn98bu        Ia-norm    0.4508   1.77   0.1239   0.0268    11.20  0    cut
 404  sn04eo        Ia-norm    0.4671   1.76   0.1088   0.0215    21.40  0    cut
 405  sn81B         Ia-norm    0.5185   1.76   0.1266   0.0246    18.90  0    cut
 406  sn06gz        Ia-pec     0.5036   1.76   0.1416   0.0351   -14.20  0    cut
 407  sn95D         Ia-norm    0.4765   1.76   0.1126   0.0276    69.60  0    cut
 408  sn99by        Ia-91bg    0.4522   1.75   0.1317   0.0360    -3.90  0    cut
 409  sn98aq        Ia-norm    0.4522   1.75   0.1090   0.0248    50.60  0    cut
 410  sn99ac        Ia-91T     0.5483   1.75   0.2978   0.0263    33.90  0    cut
 411  sn97cn        Ia-91bg    0.5090   1.75   0.1206   0.0252     3.90  0    cut
 412  sn00cx        Ia-pec     0.5754   1.75   0.1150   0.0309   124.60  0    cut
 413  sn00cx        Ia-pec     0.5754   1.75   0.1135   0.0309    92.90  0    cut
 414  sn05gj        Ia-csm     0.4725   1.75   0.1091   0.0281    42.30  0    cut
 415  sn91bg        Ia-91bg    0.5199   1.74   0.1079   0.0252    50.50  0    cut
 416  sn99by        Ia-91bg    0.5117   1.74   0.1206   0.0271     3.10  0    cut
 417  sn02ic        Ia-csm     0.6322   1.74   0.1273   0.0234     5.60  0    cut
 418  sn94D         Ia-norm    0.4440   1.74   0.1099   0.0250    14.30  0    cut
 419  sn91bg        Ia-91bg    0.5023   1.73   0.1218   0.0286     2.70  0    cut
 420  sn91T         Ia-91T     0.5117   1.73   0.1471   0.0329    -7.30  0    cut
 421  sn05hk        Ia-pec     0.4386   1.73   0.0903   0.0247    42.90  0    cut
 422  sn94D         Ia-norm    0.4549   1.73   0.1093   0.0254    50.00  0    cut
 423  sn97br        Ia-91T     0.5063   1.72   0.1100   0.0253    71.90  0    cut
 424  sn98aq        Ia-norm    0.4522   1.72   0.1089   0.0248    54.70  0    cut
 425  sn94D         Ia-norm    0.4576   1.71   0.1400   0.0340    -4.70  0    cut
 426  sn05hk        Ia-pec     0.4400   1.70   0.0910   0.0245    23.20  0    cut
 427  sn99aw        Ia-91T     0.4833   1.70   0.1197   0.0268    35.90  0    cut
 428  sn03du        Ia-norm    0.4562   1.70   0.1094   0.0246    51.80  0    cut
 429  sn94D         Ia-norm    0.4535   1.70   0.1115   0.0261    17.40  0    cut
 430  sn03du        Ia-norm    0.4549   1.70   0.1092   0.0251    49.80  0    cut
 431  sn98aq        Ia-norm    0.4535   1.69   0.1086   0.0242    30.80  0    cut
 432  sn91bg        Ia-91bg    0.5740   1.69   0.2904   0.0253    14.70  0    cut
 433  sn03cg        Ia-norm    0.4251   1.69   0.1059   0.0247    43.40  0    cut
 434  sn95ac        Ia-norm    0.4332   1.69   0.1135   0.0265    24.40  0    cut
 435  sn92A         Ia-norm    0.4738   1.68   0.1244   0.0270    16.30  0    cut
 436  sn99ee        Ia-norm    0.5794   1.67   0.3189   0.0415    -6.70  0    cut
 437  sn04eo        Ia-norm    0.4711   1.67   0.1111   0.0212    45.40  0    cut
 438  sn03du        Ia-norm    0.4562   1.67   0.1109   0.0258    26.00  0    cut
 439  sn03du        Ia-norm    0.4562   1.67   0.1105   0.0253    29.00  0    cut
 440  sn98aq        Ia-norm    0.4522   1.66   0.1081   0.0247    31.80  0    cut
 441  sn05gj        Ia-csm     0.4820   1.66   0.2797   0.0307    38.50  0    cut
 442  sn98aq        Ia-norm    0.4522   1.66   0.1086   0.0245    33.80  0    cut
 443  sn03du        Ia-norm    0.4549   1.65   0.1101   0.0249    34.00  0    cut
 444  sn94D         Ia-norm    0.4589   1.65   0.1474   0.0357    -9.50  0    cut
 445  sn98bu        Ia-norm    0.4508   1.65   0.1219   0.0280    12.20  0    cut
 446  sn02cx        Ia-pec     0.4725   1.64   0.1257   0.0315    -2.40  0    cut
 447  sn05gj        Ia-csm     0.4765   1.64   0.1118   0.0330    92.10  0    cut
 448  sn97br        Ia-91T     0.4332   1.64   0.1047   0.0257    42.10  0    cut
 449  sn98aq        Ia-norm    0.4522   1.64   0.1092   0.0261    59.60  0    cut
 450  sn98bu        Ia-norm    0.4522   1.64   0.1093   0.0245    34.20  0    cut
 451  sn98aq        Ia-norm    0.4522   1.63   0.1094   0.0262    57.70  0    cut
 452  sn98bu        Ia-norm    0.4508   1.63   0.1096   0.0251    39.20  0    cut
 453  sn01el        Ia-norm    0.5659   1.63   0.2961   0.0296    39.90  0    cut
 454  sn94D         Ia-norm    0.4495   1.63   0.1101   0.0253    15.20  0    cut
 455  sn98bu        Ia-norm    0.4508   1.62   0.1092   0.0259    44.10  0    cut
 456  sn03cg        Ia-norm    0.5131   1.62   0.1127   0.0252    52.40  0    cut
 457  sn05gj        Ia-csm     0.4562   1.62   0.1044   0.0260    67.70  0    cut
 458  sn98bu        Ia-norm    0.4522   1.62   0.1097   0.0251    36.20  0    cut
 459  sn91M         Ia-norm    0.6092   1.62   0.2906   0.0291    25.80  0    cut
 460  sn03du        Ia-norm    0.4535   1.62   0.1094   0.0260    56.70  0    cut
 461  sn94ae        Ia-norm    0.4711   1.62   0.1136   0.0302   153.40  0    cut
 462  sn05gj        Ia-csm     0.4874   1.61   0.1067   0.0245    64.90  0    cut
 463  sn98bu        Ia-norm    0.4522   1.61   0.1099   0.0253    40.10  0    cut
 464  sn98aq        Ia-norm    0.4495   1.61   0.1120   0.0293   230.30  0    cut
 465  sn91bg        Ia-91bg    0.4996   1.61   0.1086   0.0269    53.30  0    cut
 466  sn03du        Ia-norm    0.4549   1.61   0.1115   0.0266    24.00  0    cut
 467  sn05hk        Ia-pec     0.4183   1.61   0.1318   0.0254    -7.30  0    cut
 468  sn91T         Ia-91T     0.5727   1.61   0.1487   0.0343    -9.30  0    cut
 469  sn00cx        Ia-pec     0.5740   1.61   0.1130   0.0326    71.00  0    cut
 470  sn91bg        Ia-91bg    0.5496   1.61   0.2847   0.0274    25.60  0    cut
 471  sn98bu        Ia-norm    0.4522   1.60   0.1099   0.0254    37.20  0    cut
 472  sn98bu        Ia-norm    0.4522   1.60   0.1094   0.0255    41.10  0    cut
 473  sn98aq        Ia-norm    0.4522   1.60   0.1125   0.0268    20.80  0    cut
 474  sn98bu        Ia-norm    0.4522   1.60   0.1098   0.0255    38.20  0    cut
 475  sn98bu        Ia-norm    0.4508   1.60   0.1095   0.0246    32.10  0    cut
 476  sn98bu        Ia-norm    0.4522   1.60   0.1099   0.0258    43.10  0    cut
 477  sn92A         Ia-norm    0.4765   1.59   0.1191   0.0259    28.20  0    cut
 478  sn02bo        Ia-norm    0.4508   1.59   0.1262   0.0292    10.80  0    cut
 479  sn86G         Ia-91bg    0.4129   1.59   0.1039   0.0271    52.00  0    cut
 480  sn81B         Ia-norm    0.4725   1.59   0.1290   0.0286    16.00  0    cut
 481  sn91bg        Ia-91bg    0.4996   1.58   0.1089   0.0276    53.50  0    cut
 482  sn98bu        Ia-norm    0.4522   1.57   0.1098   0.0259    42.10  0    cut
 483  sn89B         Ia-norm    0.5131   1.57   0.1124   0.0246    24.40  0    cut
 484  sn00cx        Ia-pec     0.5754   1.57   0.1121   0.0333    96.80  0    cut
 485  sn94D         Ia-norm    0.4535   1.57   0.1141   0.0278    15.30  0    cut
 486  sn98bu        Ia-norm    0.4508   1.56   0.1196   0.0287    13.20  0    cut
 487  sn05hk        Ia-pec     0.5889   1.56   0.0921   0.0244    23.40  0    cut
 488  sn91bg        Ia-91bg    0.4982   1.56   0.2821   0.0280    46.30  0    cut
 489  sn99ac        Ia-91T     0.5185   1.56   0.2990   0.0275    32.00  0    cut
 490  sn98aq        Ia-norm    0.4522   1.56   0.1098   0.0273    62.60  0    cut
 491  sn03du        Ia-norm    0.4562   1.55   0.1125   0.0274    22.00  0    cut
 492  sn81B         Ia-norm    0.4671   1.55   0.1220   0.0291    16.90  0    cut
 493  sn03du        Ia-norm    0.4535   1.55   0.1093   0.0271    60.70  0    cut
 494  sn86G         Ia-91bg    0.4129   1.55   0.1034   0.0275    54.00  0    cut
 495  sn99ee        Ia-norm    0.5212   1.55   0.2960   0.0316    27.00  0    cut
 496  sn91bg        Ia-91bg    0.6051   1.54   0.2933   0.0281    18.90  0    cut
 497  sn98bu        Ia-norm    0.4522   1.54   0.1103   0.0260    35.20  0    cut
 498  sn98aq        Ia-norm    0.4522   1.54   0.1097   0.0278    65.60  0    cut
 499  sn04eo        Ia-norm    0.4684   1.53   0.1110   0.0265    71.10  0    cut
 500  sn05hk        Ia-pec     0.5253   1.53   0.0936   0.0248    14.40  0    cut
 501  sn05gj        Ia-csm     0.4874   1.53   0.1063   0.0258    63.00  0    cut
 502  sn98bu        Ia-norm    0.4508   1.53   0.1174   0.0288    14.30  0    cut
 503  sn02bo        Ia-norm    0.4522   1.53   0.1243   0.0298    11.90  0    cut
 504  sn98bu        Ia-norm    0.4508   1.52   0.1100   0.0260    31.10  0    cut
 505  sn98aq        Ia-norm    0.4508   1.52   0.1138   0.0278    18.80  0    cut
 506  sn86G         Ia-91bg    0.5280   1.52   0.1069   0.0266   103.00  0    cut
 507  sn94ae        Ia-norm    0.4820   1.52   0.2847   0.0273    36.20  0    cut
 508  sn98bu        Ia-norm    0.4522   1.52   0.1098   0.0261    29.20  0    cut
 509  sn98bu        Ia-norm    0.4522   1.52   0.1105   0.0259    33.20  0    cut
 510  sn91bg        Ia-91bg    0.4752   1.52   0.1251   0.0420     1.50  0    cut
 511  sn98bu        Ia-norm    0.4522   1.51   0.1104   0.0263    30.20  0    cut
 512  sn86G         Ia-91bg    0.4224   1.51   0.1021   0.0260    44.60  0    cut
 513  sn98bu        Ia-norm    0.4522   1.51   0.1100   0.0262    28.20  0    cut
 514  sn86G         Ia-91bg    0.4129   1.50   0.1026   0.0282    56.00  0    cut
 515  sn05gj        Ia-csm     0.4860   1.50   0.1066   0.0264    66.80  0    cut
 516  sn94Q         Ia-norm    0.4549   1.49   0.1103   0.0277    41.60  0    cut
 517  sn03du        Ia-norm    0.4657   1.49   0.1197   0.0325   137.60  0    cut
 518  sn03du        Ia-norm    0.4549   1.49   0.1165   0.0290    17.00  0    cut
 519  sn03du        Ia-norm    0.4603   1.49   0.1105   0.0325   109.00  0    cut
 520  sn89B         Ia-norm    0.4373   1.49   0.1026   0.0281    51.00  0    cut
 521  sn94ae        Ia-norm    0.5713   1.48   0.1038   0.0258   367.70  0    cut
 522  sn03du        Ia-norm    0.4549   1.48   0.1094   0.0276    61.70  0    cut
 523  sn03du        Ia-norm    0.4603   1.48   0.1150   0.0284    19.60  0    cut
 524  sn98aq        Ia-norm    0.4522   1.48   0.1114   0.0320   240.30  0    cut
 525  sn98bu        Ia-norm    0.4508   1.48   0.1098   0.0281    57.10  0    cut
 526  sn03cg        Ia-norm    0.4305   1.48   0.1091   0.0264    19.40  0    cut
 527  sn91bg        Ia-91bg    0.4792   1.48   0.2840   0.0317    46.50  0    cut
 528  sn98bu        Ia-norm    0.4522   1.48   0.1110   0.0318   242.80  0    cut
 529  sn03du        Ia-norm    0.4562   1.48   0.1138   0.0285    20.00  0    cut
 530  sn81B         Ia-norm    0.4589   1.47   0.1243   0.0279    26.90  0    cut
 531  sn95bd        Ia-norm    0.4007   1.47   0.1063   0.0347    72.30  0    cut
 532  sn05gj        Ia-csm     0.4860   1.47   0.1054   0.0270    65.80  0    cut
 533  sn99ee        Ia-norm    0.5212   1.47   0.2924   0.0321    31.90  0    cut
 534  sn02bo        Ia-norm    0.4508   1.47   0.1234   0.0310    12.80  0    cut
 535  sn03du        Ia-norm    0.4549   1.46   0.1146   0.0290    19.00  0    cut
 536  sn94ae        Ia-norm    0.4589   1.46   0.1112   0.0313    70.00  0    cut
 537  sn03cg        Ia-norm    0.5144   1.46   0.1217   0.0304    16.40  0    cut
 538  sn04S         Ia-norm    0.5172   1.46   0.2911   0.0337    36.20  0    cut
 539  sn91bg        Ia-91bg    0.5144   1.45   0.1099   0.0282   117.20  0    cut
 540  sn02bo        Ia-norm    0.4522   1.45   0.1225   0.0314    13.80  0    cut
 541  sn02bo        Ia-norm    0.4847   1.45   0.1203   0.0288    29.40  0    cut
 542  sn94D         Ia-norm    0.4468   1.45   0.1093   0.0274    50.10  0    cut
 543  sn94ae        Ia-norm    0.4941   1.44   0.2842   0.0270    30.20  0    cut
 544  sn02bo        Ia-norm    0.4535   1.42   0.1175   0.0305    21.70  0    cut
 545  sn98bu        Ia-norm    0.4522   1.42   0.1134   0.0327   179.10  0    cut
 546  sn94D         Ia-norm    0.4522   1.42   0.1168   0.0299    13.40  0    cut
 547  sn98aq        Ia-norm    0.4522   1.42   0.1107   0.0308    81.60  0    cut
 548  sn98aq        Ia-norm    0.4522   1.41   0.1105   0.0301    78.60  0    cut
 549  sn02bo        Ia-norm    0.4535   1.41   0.1206   0.0321    15.70  0    cut
 550  sn02er        Ia-norm    0.4996   1.40   0.1271   0.0299    33.20  0    cut
 551  sn81B         Ia-norm    0.5618   1.40   0.1233   0.0278   267.40  0    cut
 552  sn02bo        Ia-norm    0.4522   1.40   0.1213   0.0322    14.80  0    cut
 553  sn97br        Ia-91T     0.4264   1.40   0.1024   0.0272    50.50  0    cut
 554  sn94ae        Ia-norm    0.4589   1.40   0.1124   0.0339    87.80  0    cut
 555  sn94D         Ia-norm    0.4386   1.39   0.1080   0.0268    40.30  0    cut
 556  sn02bo        Ia-norm    0.4522   1.38   0.1185   0.0322    18.70  0    cut
 557  sn98aq        Ia-norm    0.4522   1.38   0.1118   0.0323    90.50  0    cut
 558  sn92A         Ia-norm    0.4765   1.38   0.1243   0.0262    24.20  0    cut
 559  sn02bo        Ia-norm    0.4522   1.37   0.1188   0.0321    17.80  0    cut
 560  sn02bo        Ia-norm    0.4522   1.37   0.1178   0.0320    20.70  0    cut
 561  sn02bo        Ia-norm    0.4522   1.36   0.1198   0.0327    16.70  0    cut
 562  sn05gj        Ia-csm     0.4630   1.36   0.1289   0.0346     7.70  0    cut
 563  sn02bo        Ia-norm    0.4522   1.36   0.1184   0.0323    19.80  0    cut
 564  sn94D         Ia-norm    0.6607   1.35   0.1092   0.0217    16.30  0    cut
 565  sn05hk        Ia-pec     0.5239   1.35   0.1232   0.0372    -3.30  0    cut
 566  sn90N         Ia-norm    0.5104   1.34   0.2878   0.0287    38.50  0    cut
 567  sn05gj        Ia-csm     0.4874   1.34   0.1077   0.0267    63.90  0    cut
 568  sn05gj        Ia-csm     0.4359   1.33   0.1022   0.0278    61.10  0    cut
 569  sn98bu        Ia-norm    0.4522   1.33   0.1116   0.0349   216.90  0    cut
 570  sn90N         Ia-norm    0.6024   1.32   0.3342   0.0874   -13.20  0    cut
 571  sn98bu        Ia-norm    0.4508   1.32   0.1135   0.0343   190.10  0    cut
 572  sn05gj        Ia-csm     0.4562   1.32   0.1045   0.0302    75.30  0    cut
 573  sn02cx        Ia-pec     0.4671   1.30   0.1322   0.0268    -5.30  0    cut
 574  sn94D         Ia-norm    0.4549   1.30   0.1161   0.0316    48.00  0    cut
 575  sn02bo        Ia-norm    0.4535   1.29   0.1186   0.0323    23.80  0    cut
 576  sn98bu        Ia-norm    0.4508   1.29   0.1128   0.0338   208.00  0    cut
 577  sn90N         Ia-norm    0.4576   1.29   0.1121   0.0319   228.10  0    cut
 578  sn91bg        Ia-91bg    0.5727   1.28   0.1040   0.0296   113.20  0    cut
 579  sn99by        Ia-91bg    0.4508   1.28   0.1219   0.0502     4.10  0    cut
 580  sn04S         Ia-norm    0.5185   1.27   0.2861   0.0336    42.10  0    cut
 581  sn02bo        Ia-norm    0.4535   1.27   0.1138   0.0326    45.60  0    cut
 582  sn03du        Ia-norm    0.4075   1.26   0.1165   0.0382   138.60  0    cut
 583  sn02bo        Ia-norm    0.4535   1.25   0.1126   0.0352    54.60  0    cut
 584  sn02bo        Ia-norm    0.4535   1.25   0.1136   0.0346    49.60  0    cut
 585  sn99by        Ia-91bg    0.4508   1.25   0.1207   0.0516     5.20  0    cut
 586  sn02bo        Ia-norm    0.4535   1.25   0.1173   0.0316    27.70  0    cut
 587  sn02bo        Ia-norm    0.4535   1.24   0.1100   0.0355    79.40  0    cut
 588  sn02er        Ia-norm    0.5212   1.24   0.1365   0.0556    19.50  0    cut
 589  sn02cx        Ia-pec     0.5415   1.23   0.0895   0.0295    23.00  0    cut
 590  sn94D         Ia-norm    0.4468   1.23   0.1108   0.0316    59.10  0    cut
 591  sn04eo        Ia-norm    0.4170   1.23   0.1052   0.0303    67.00  0    cut
 592  sn99by        Ia-91bg    0.4522   1.22   0.1201   0.0531     6.10  0    cut
 593  sn05hk        Ia-pec     0.5700   1.22   0.2636   0.0265    -8.30  0    cut
 594  sn02ic        Ia-csm     0.4657   1.21   0.1105   0.0293    65.60  0    cut
 595  sn86G         Ia-91bg    0.4278   1.21   0.1032   0.0306    49.50  0    cut
 596  sn02bo        Ia-norm    0.4535   1.21   0.1156   0.0346    43.60  0    cut
 597  sn02ic        Ia-csm     0.5727   1.20   0.1056   0.0278    44.10  0    cut
 598  sn95E         Ia-norm    0.4982   1.20   0.2848   0.0321    32.70  0    cut
 599  sn05gj        Ia-csm     0.4887   1.19   0.1101   0.0281   133.50  0    cut
 600  sn02bo        Ia-norm    0.4522   1.19   0.1169   0.0328    28.60  0    cut
 601  sn02bo        Ia-norm    0.4535   1.18   0.1152   0.0342    40.60  0    cut
 602  sn02bo        Ia-norm    0.4535   1.18   0.1117   0.0420    72.50  0    cut
 603  sn02bo        Ia-norm    0.4535   1.18   0.1145   0.0372    51.60  0    cut
 604  sn89B         Ia-norm    0.4847   1.17   0.2805   0.0313    31.40  0    cut
 605  sn89B         Ia-norm    0.4901   1.15   0.2803   0.0326    37.30  0    cut
 606  sn94D         Ia-norm    0.4427   1.14   0.1097   0.0342    57.10  0    cut
 607  sn02bo        Ia-norm    0.4535   1.13   0.1186   0.0351    29.70  0    cut
 608  sn04eo        Ia-norm    0.4440   1.12   0.1820   0.0347    49.40  0    cut
 609  sn99by        Ia-91bg    0.4508   1.10   0.2904   0.0405     8.10  0    cut
 610  sn99by        Ia-91bg    0.4522   1.09   0.2910   0.0409     7.10  0    cut
 611  sn05hk        Ia-pec     0.5253   1.08  -0.0094   0.0000    -8.30  0    cut
 612  sn04eo        Ia-norm    0.4427   1.07   0.1047   0.0285    23.40  0    cut
 613  sn05hk        Ia-pec     0.4928   1.06   0.2644   0.0411    -6.30  0    cut
 614  sn02cx        Ia-pec     0.5997   1.05   0.0893   0.0300    24.10  0    cut
 615  sn97br        Ia-91T     0.4616   1.03   0.1151   0.0412    66.40  0    cut
 616  sn05hk        Ia-pec     0.5266   1.03  -0.0094   0.0000    -7.30  0    cut
 617  sn03du        Ia-norm    0.4603   1.02   0.1071   0.0340   375.30  0    cut
 618  sn02bo        Ia-norm    0.4264   1.02   0.2795   0.0375    39.30  0    cut
 619  sn04eo        Ia-norm    0.4440   1.02   0.1074   0.0324   224.20  0    cut
 620  sn03du        Ia-norm    0.4319   1.02   0.1155   0.0386    87.10  0    cut
 621  sn05hk        Ia-pec     0.5253   1.01  -0.0094   0.0000    -5.30  0    cut
 622  sn81B         Ia-norm    0.4197   1.01   0.2849   0.0339    33.80  0    cut
 623  sn99by        Ia-91bg    0.4522   0.99   0.2838   0.0418    33.10  0    cut
 624  sn99by        Ia-91bg    0.4522   0.98   0.2844   0.0436    42.10  0    cut
 625  sn89B         Ia-norm    0.4792   0.98   0.2829   0.0369    25.40  0    cut
 626  sn99by        Ia-91bg    0.4522   0.98   0.2844   0.0428    31.10  0    cut
 627  sn91bg        Ia-91bg    0.4264   0.97   0.2872   0.0445    29.50  0    cut
 628  sn99by        Ia-91bg    0.4522   0.97   0.2846   0.0434    29.10  0    cut
 629  sn99by        Ia-91bg    0.4522   0.97   0.2857   0.0432    25.10  0    cut
 630  sn05hk        Ia-pec     0.5253   0.96  -0.0094   0.0000    -4.30  0    cut
 631  sn05hk        Ia-pec     0.5253   0.95  -0.0094   0.0000    -6.30  0    cut
 632  sn94D         Ia-norm    0.4386   0.94   0.1102   0.0359    55.10  0    cut
 633  sn91T         Ia-91T     0.4508   0.94   0.1170   0.0449   260.40  0    cut
 634  sn05hk        Ia-pec     0.5253   0.93  -0.0094   0.0000    -9.30  0    cut
 635  sn04eo        Ia-norm    0.4671   0.93   0.2828   0.0366    29.70  0    cut
 636  sn91bg        Ia-91bg    0.4589   0.91   0.1107   0.0456   117.20  0    cut
 637  sn86G         Ia-91bg    0.4305   0.87   0.2854   0.0465    23.10  0    cut
 638  sn03cg        Ia-norm    0.4048   0.85   0.1059   0.0437   383.10  0    cut
 639  sn03cg        Ia-norm    0.4305   0.84   0.2826   0.0380    26.40  0    cut
 640  sn86G         Ia-91bg    0.4278   0.84   0.2787   0.0435    45.60  0    cut
 641  sn86G         Ia-91bg    0.4413   0.83   0.2867   0.0465    22.10  0    cut
 642  sn91bg        Ia-91bg    0.4495   0.83   0.1035   0.0265   202.70  0    cut
 643  sn86G         Ia-91bg    0.4278   0.81   0.2803   0.0452    54.50  0    cut
 644  sn05gj        Ia-csm     0.4346   0.78   0.1042   0.0346    88.40  0    cut
 645  sn02er        Ia-norm    0.4616   0.70   0.1243   0.0342    24.20  0    cut
 646  sn91bg        Ia-91bg    0.4495   0.65   0.1081   0.0806   143.00  0    cut
 647  sn91bg        Ia-91bg    0.4535   0.61   0.1704   0.0971    32.70  0    cut
 648  sn94M         Ia-norm    0.4495   0.61   0.1019   0.0468    34.10  0    cut
