### SNID output file ###
 
### input spectrum and options ###
# Input spectrum                 : 16021_-2.20.dat
# Parameter file                 : NA
# Wavelength range               :    3861.08   7314.55
# Mask file                      : NA
# Median filtering width [A]     : NA
# Median filtering width [pix]   :       1.00
# Clip emission redshift         : NA
# Clip sky lines                 : 0
# Emission clip width [A]        : NA
# Keep A-band                    : 1
# Age range                      :     -90.00   1000.00
# Delta range                    :      -9.99     99.90
# Min. number of spectra/template:   1
# Use only templates             : NA
# Use only types                 : Ia
# Avoid templates                : NA
# Avoid types                    : NA
# rlapmin                        :       5.00
# Redshift range                 :    -0.0100    1.2000
# Forced initial redshift        : NA
# Extra fake redshift            : NA
# Nsigma for initial redshift    : NA
# Redshift filter                :     0.0200
# Wavenumbers k1,k2,k3,k4        :     1    4   85  102
# Template directory             : /Users/daniel/snid-5.0/templates/
 
### initial/user-input redshift ###
zinit       0.1276
zuser       0.1276
 
### median redshift/age and error ###
zmed        0.1303    0.0064
agem         -5.10      5.90
 
### type fraction/redshift/age ###
#type ntemp fraction slope redshift redshift_error age age_error
Ia             23      1.00    0.0000    0.1303    0.0064    -5.100     5.903
Ia-norm        21      0.91    0.0536    0.1309    0.0066    -5.400     5.968
Ia-91T          2      0.09    0.0000    0.1275    0.0001     1.950     1.626
Ia-91bg         0      0.00    0.0000    0.0000    0.0000     0.000     0.000
Ia-csm          0      0.00    0.0000    0.0000    0.0000     0.000     0.000
Ia-pec          0      0.00    0.0000    0.0000    0.0000     0.000     0.000
###
Ib              0      0.00    0.0000    0.0000    0.0000     0.000     0.000
Ib-norm         0      0.00    0.0000    0.0000    0.0000     0.000     0.000
Ib-pec          0      0.00    0.0000    0.0000    0.0000     0.000     0.000
IIb             0      0.00    0.0000    0.0000    0.0000     0.000     0.000
###
Ic              0      0.00    0.0000    0.0000    0.0000     0.000     0.000
Ic-norm         0      0.00    0.0000    0.0000    0.0000     0.000     0.000
Ic-pec          0      0.00    0.0000    0.0000    0.0000     0.000     0.000
Ic-broad        0      0.00    0.0000    0.0000    0.0000     0.000     0.000
###
II              0      0.00    0.0000    0.0000    0.0000     0.000     0.000
IIP             0      0.00    0.0000    0.0000    0.0000     0.000     0.000
II-pec          0      0.00    0.0000    0.0000    0.0000     0.000     0.000
IIn             0      0.00    0.0000    0.0000    0.0000     0.000     0.000
IIL             0      0.00    0.0000    0.0000    0.0000     0.000     0.000
###
NotSN           0      0.00    0.0000    0.0000    0.0000     0.000     0.000
AGN             0      0.00    0.0000    0.0000    0.0000     0.000     0.000
Gal             0      0.00    0.0000    0.0000    0.0000     0.000     0.000
LBV             0      0.00    0.0000    0.0000    0.0000     0.000     0.000
M-star          0      0.00    0.0000    0.0000    0.0000     0.000     0.000
 
### rlap-ordered template listings ###
#no. sn type lap rlap z zerr age age_flag grade
   1  sn99ee        Ia-norm    0.6363   7.85   0.1397   0.0091    -8.60  0   good
   2  sn04S         Ia-norm    0.6363   7.70   0.1217   0.0073     7.50  0   good
   3  sn99ee        Ia-norm    0.6363   6.63   0.1238   0.0080     7.10  0   good
   4  sn94S         Ia-norm    0.5524   6.41   0.1247   0.0096    -2.50  0   good
   5  sn99ee        Ia-norm    0.6363   6.41   0.1343   0.0102    -6.70  0   good
   6  sn02er        Ia-norm    0.6363   6.22   0.1303   0.0086    -4.40  0   good
   7  sn90N         Ia-norm    0.6363   6.17   0.1445   0.0120   -13.20  0   good
   8  sn04eo        Ia-norm    0.6363   6.16   0.1251   0.0082    -6.40  0   good
   9  sn90N         Ia-norm    0.6363   6.13   0.1309   0.0096    -6.40  0   good
  10  sn90O         Ia-norm    0.6363   6.04   0.1347   0.0095    -6.10  0   good
  11  sn90O         Ia-norm    0.6363   5.87   0.1360   0.0100    -7.10  0   good
  12  sn90O         Ia-norm    0.6363   5.81   0.1338   0.0095    -5.10  0   good
  13  sn03du        Ia-norm    0.6363   5.78   0.1389   0.0101   -10.10  0   good
  14  sn03du        Ia-norm    0.6349   5.63   0.1361   0.0101    -6.20  0   good
  15  sn98bu        Ia-norm    0.5672   5.56   0.1251   0.0088     1.20  0   good
  16  sn04S         Ia-norm    0.6363   5.54   0.1249   0.0102     1.70  0   good
  17  sn02er        Ia-norm    0.6363   5.42   0.1320   0.0097    -6.40  0   good
  18  sn99ac        Ia-91T     0.6363   5.30   0.1275   0.0099     3.10  0   good
  19  sn92A         Ia-norm    0.6363   5.24   0.1387   0.0094    -5.00  0   good
  20  sn99ac        Ia-91T     0.6363   5.24   0.1276   0.0101     0.80  0   good
  21  sn02er        Ia-norm    0.6363   5.18   0.1300   0.0098    -5.40  0   good
  22  sn04eo        Ia-norm    0.6227   5.08   0.1206   0.0094     2.20  0   good
  23  sn01el        Ia-norm    0.6363   5.08   0.1286   0.0109     9.20  0   good
#--- rlap cutoff
  24  sn99aw        Ia-91T     0.6160   4.93   0.1306   0.0112     3.20  0    cut
  25  sn99ee        Ia-norm    0.6363   4.89   0.1252   0.0106     2.20  0    cut
  26  sn02er        Ia-norm    0.6363   4.80   0.1270   0.0102    -3.50  0    cut
  27  sn02er        Ia-norm    0.6363   4.71   0.1278   0.0103    -2.50  0    cut
  28  sn03du        Ia-norm    0.6200   4.70   0.1279   0.0115    -7.00  0    cut
  29  sn99aa        Ia-91T     0.6363   4.68   0.1356   0.0112    -0.60  0    cut
  30  sn99ee        Ia-norm    0.6363   4.65   0.1264   0.0114     0.30  0    cut
  31  sn02er        Ia-norm    0.6363   4.58   0.1211   0.0110     5.50  0    cut
  32  sn99aw        Ia-91T     0.6363   4.52   0.1323   0.0122     0.30  0    cut
  33  sn81B         Ia-norm    0.6363   4.49   0.1345   0.0108    -0.90  0    cut
  34  sn81B         Ia-norm    0.6363   4.48   0.1345   0.0108     0.00  0    cut
  35  sn02bo        Ia-norm    0.6363   4.47   0.1332   0.0117    -4.50  0    cut
  36  sn89B         Ia-norm    0.6363   4.46   0.1229   0.0107    -0.50  0    cut
  37  sn02er        Ia-norm    0.6363   4.45   0.1271   0.0108    -1.50  0    cut
  38  sn99ee        Ia-norm    0.6363   4.44   0.1221   0.0121    11.10  0    cut
  39  sn02er        Ia-norm    0.6363   4.43   0.1341   0.0115    -8.40  0    cut
  40  sn03du        Ia-norm    0.6349   4.36   0.1234   0.0111    -1.10  0    cut
  41  sn92A         Ia-norm    0.6363   4.35   0.1342   0.0103    -0.40  0    cut
  42  sn03du        Ia-norm    0.6187   4.22   0.1239   0.0113     0.80  0    cut
  43  sn05hj        Ia-norm    0.4996   4.22   0.1263   0.0101    -5.10  0    cut
  44  sn95D         Ia-norm    0.6363   4.19   0.1211   0.0115     4.20  0    cut
  45  sn00cx        Ia-pec     0.5348   4.19   0.1331   0.0124    -1.40  0    cut
  46  sn03du        Ia-norm    0.6363   4.18   0.1253   0.0117    -3.20  0    cut
  47  sn94ae        Ia-norm    0.6160   4.18   0.1221   0.0120     6.40  0    cut
  48  sn92A         Ia-norm    0.6133   4.17   0.1390   0.0108    -5.00  0    cut
  49  sn03du        Ia-norm    0.6363   4.16   0.1266   0.0119    -5.00  0    cut
  50  sn02bo        Ia-norm    0.6363   4.08   0.1302   0.0125    -1.40  0    cut
  51  sn91bg        Ia-91bg    0.4792   4.06   0.1210   0.0117     2.50  0    cut
  52  sn89B         Ia-norm    0.6363   4.04   0.1256   0.0119    -6.30  0    cut
  53  sn02bo        Ia-norm    0.6173   4.04   0.1325   0.0130    -3.40  0    cut
  54  sn03cg        Ia-norm    0.6146   4.03   0.1234   0.0110     4.50  0    cut
  55  sn92A         Ia-norm    0.6363   4.01   0.1324   0.0111     2.40  0    cut
  56  sn03du        Ia-norm    0.6187   3.98   0.1237   0.0122    -0.20  0    cut
  57  sn03du        Ia-norm    0.6309   3.96   0.1208   0.0118     7.90  0    cut
  58  sn03du        Ia-norm    0.6187   3.96   0.1206   0.0119     3.90  0    cut
  59  sn02er        Ia-norm    0.6268   3.95   0.1267   0.0120    -0.50  0    cut
  60  sn03du        Ia-norm    0.6173   3.93   0.1227   0.0119     1.90  0    cut
  61  sn90N         Ia-norm    0.6160   3.93   0.1206   0.0173   -13.20  0    cut
  62  sn03du        Ia-norm    0.6363   3.92   0.1209   0.0119     5.00  0    cut
  63  sn03cg        Ia-norm    0.5754   3.91   0.1241   0.0101     1.50  0    cut
  64  sn89B         Ia-norm    0.6227   3.89   0.1209   0.0115     3.50  0    cut
  65  sn94ae        Ia-norm    0.5916   3.87   0.1253   0.0111     1.30  0    cut
  66  sn02er        Ia-norm    0.6363   3.86   0.1223   0.0122     3.40  0    cut
  67  sn94D         Ia-norm    0.6363   3.83   0.1267   0.0116    -3.80  0    cut
  68  sn95D         Ia-norm    0.6363   3.77   0.1189   0.0130     8.10  0    cut
  69  sn94D         Ia-norm    0.6363   3.76   0.1431   0.0165   -10.70  0    cut
  70  sn02bo        Ia-norm    0.6173   3.70   0.1315   0.0136    -2.50  0    cut
  71  sn92A         Ia-norm    0.6363   3.68   0.1371   0.0122     5.90  0    cut
  72  sn89B         Ia-norm    0.6187   3.67   0.1213   0.0119     5.50  0    cut
  73  sn03du        Ia-norm    0.6051   3.66   0.1347   0.0161   -10.10  0    cut
  74  sn90N         Ia-norm    0.6363   3.66   0.1209   0.0125     4.90  0    cut
  75  sn92A         Ia-norm    0.6079   3.64   0.1358   0.0116    -0.60  0    cut
  76  sn95D         Ia-norm    0.6363   3.64   0.1191   0.0131     6.10  0    cut
  77  sn94T         Ia-norm    0.5415   3.64   0.1244   0.0140     1.20  0    cut
  78  sn94ae        Ia-norm    0.6079   3.61   0.1228   0.0128     4.40  0    cut
  79  sn02bo        Ia-norm    0.6363   3.61   0.1241   0.0133     5.50  0    cut
  80  sn95E         Ia-norm    0.5781   3.60   0.1263   0.0115     0.10  0    cut
  81  sn00E         Ia-norm    0.5984   3.59   0.1300   0.0141    -5.50  0    cut
  82  sn89B         Ia-norm    0.6106   3.57   0.1209   0.0127     7.50  0    cut
  83  sn94ae        Ia-norm    0.5943   3.55   0.1241   0.0120     2.30  0    cut
  84  sn06gz        Ia-pec     0.5727   3.53   0.1261   0.0106     5.20  0    cut
  85  sn94D         Ia-norm    0.6363   3.53   0.1249   0.0116    -1.80  0    cut
  86  sn02bo        Ia-norm    0.6363   3.52   0.1281   0.0139    -0.30  0    cut
  87  sn02bo        Ia-norm    0.6160   3.52   0.1306   0.0141    -1.20  0    cut
  88  sn02bo        Ia-norm    0.6173   3.52   0.1299   0.0140    -1.50  0    cut
  89  sn98aq        Ia-norm    0.5537   3.51   0.1285   0.0124    -9.00  0    cut
  90  sn92A         Ia-norm    0.6065   3.51   0.1337   0.0118     3.30  0    cut
  91  sn94D         Ia-norm    0.6363   3.50   0.1418   0.0168   -10.60  0    cut
  92  sn06gz        Ia-pec     0.5618   3.49   0.1299   0.0110    -2.60  0    cut
  93  sn99aa        Ia-91T     0.6363   3.49   0.1393   0.0137     2.70  0    cut
  94  sn05hj        Ia-norm    0.4941   3.49   0.1255   0.0113     4.30  0    cut
  95  sn94ae        Ia-norm    0.6200   3.46   0.1229   0.0138     3.30  0    cut
  96  sn03du        Ia-norm    0.6322   3.45   0.1204   0.0137     8.90  0    cut
  97  sn99ac        Ia-91T     0.5645   3.45   0.1460   0.0195   -13.60  0    cut
  98  sn03cg        Ia-norm    0.5605   3.44   0.1302   0.0122    -7.50  0    cut
  99  sn00cx        Ia-pec     0.6363   3.43  -0.0064   0.0182     5.60  0    cut
 100  sn86G         Ia-91bg    0.5957   3.40   0.1250   0.0134     1.60  0    cut
 101  sn86G         Ia-91bg    0.5916   3.38   0.1253   0.0134     0.60  0    cut
 102  sn96X         Ia-norm    0.6363   3.38   0.1242   0.0130     0.90  0    cut
 103  sn94ae        Ia-norm    0.5808   3.36   0.1255   0.0118     3.30  0    cut
 104  sn92A         Ia-norm    0.6363   3.34   0.1306   0.0130     6.30  0    cut
 105  sn99ac        Ia-91T     0.6363   3.32   0.1265   0.0147     9.20  0    cut
 106  sn06gz        Ia-pec     0.6363   3.32   0.1228   0.0125     6.30  0    cut
 107  sn86G         Ia-91bg    0.4996   3.31   0.1244   0.0127    -0.40  0    cut
 108  sn91T         Ia-91T     0.6363   3.31   0.0463   0.0249   -11.50  0    cut
 109  sn99aa        Ia-91T     0.5740   3.27   0.1438   0.0181    -4.10  0    cut
 110  sn96X         Ia-norm    0.6363   3.27   0.1234   0.0131     1.90  0    cut
 111  sn94ae        Ia-norm    0.6363   3.27   0.1207   0.0143     9.40  0    cut
 112  sn98aq        Ia-norm    0.5537   3.26   0.1265   0.0126     0.00  0    cut
 113  sn99aa        Ia-91T     0.6255   3.26   0.1511   0.0212    -8.50  0    cut
 114  sn00cx        Ia-pec     0.6363   3.26  -0.0075   0.0192     6.50  0    cut
 115  sn06gz        Ia-pec     0.6363   3.24   0.1224   0.0132     7.20  0    cut
 116  sn94Q         Ia-norm    0.6363   3.23   0.1258   0.0172    11.60  0    cut
 117  sn98bu        Ia-norm    0.5524   3.22   0.1276   0.0128    -2.80  0    cut
 118  sn04S         Ia-norm    0.6227   3.21   0.1204   0.0188    13.40  0    cut
 119  sn02er        Ia-norm    0.6051   3.19   0.1389   0.0157   -11.30  0    cut
 120  sn98bu        Ia-norm    0.5524   3.17   0.1274   0.0129    -1.70  0    cut
 121  sn03cg        Ia-norm    0.4833   3.17   0.1278   0.0105    -1.80  0    cut
 122  sn91M         Ia-norm    0.6187   3.15   0.1278   0.0142     2.70  0    cut
 123  sn03cg        Ia-norm    0.5754   3.14   0.1288   0.0122    -4.50  0    cut
 124  sn94D         Ia-norm    0.6363   3.14   0.1209   0.0127     2.90  0    cut
 125  sn06gz        Ia-pec     0.6363   3.13   0.1359   0.0122   -13.30  0    cut
 126  sn98aq        Ia-norm    0.5537   3.12   0.1261   0.0129     0.90  0    cut
 127  sn03du        Ia-norm    0.5578   3.12   0.1313   0.0165    -8.80  0    cut
 128  sn03du        Ia-norm    0.6363   3.10   0.1203   0.0154     9.80  0    cut
 129  sn03du        Ia-norm    0.5578   3.09   0.1326   0.0168    -9.70  0    cut
 130  sn96X         Ia-norm    0.5835   3.07   0.1266   0.0112     0.00  0    cut
 131  sn06gz        Ia-pec     0.5645   3.07   0.1317   0.0118    -5.50  0    cut
 132  sn94ae        Ia-norm    0.6282   3.07   0.1197   0.0158     9.30  0    cut
 133  sn98bu        Ia-norm    0.5524   3.07   0.1269   0.0134    -0.70  0    cut
 134  sn91T         Ia-91T     0.6363   3.06  -0.0094   0.0000   -10.30  0    cut
 135  sn03du        Ia-norm    0.5578   3.05   0.1305   0.0159    -7.80  0    cut
 136  sn96C         Ia-norm    0.6363   3.05   0.1190   0.0167     8.30  0    cut
 137  sn94D         Ia-norm    0.6255   3.05   0.1248   0.0118     2.20  0    cut
 138  sn03cg        Ia-norm    0.5524   3.05   0.1286   0.0132    -5.90  0    cut
 139  sn03cg        Ia-norm    0.5740   3.04   0.1290   0.0124    -6.80  0    cut
 140  sn94D         Ia-norm    0.6363   3.04   0.1282   0.0133    -4.80  0    cut
 141  sn06gz        Ia-pec     0.5713   3.04   0.1251   0.0119     7.20  0    cut
 142  sn98aq        Ia-norm    0.5551   3.02   0.1259   0.0131     1.90  0    cut
 143  sn00cx        Ia-pec     0.5334   3.02   0.1335   0.0161    -2.40  0    cut
 144  sn06gz        Ia-pec     0.6322   3.02   0.1244   0.0129     4.30  0    cut
 145  sn00E         Ia-norm    0.5862   3.01   0.1294   0.0159    -2.50  0    cut
 146  sn04eo        Ia-norm    0.5727   2.99   0.1250   0.0128    -2.80  0    cut
 147  sn96X         Ia-norm    0.5510   2.98   0.1272   0.0130    -1.10  0    cut
 148  sn95E         Ia-norm    0.5645   2.98   0.1269   0.0139     2.00  0    cut
 149  sn95E         Ia-norm    0.6363   2.98   0.1185   0.0155    10.00  0    cut
 150  sn95E         Ia-norm    0.5686   2.97   0.1281   0.0145    -1.90  0    cut
 151  sn98aq        Ia-norm    0.5551   2.97   0.1258   0.0132     2.90  0    cut
 152  sn90O         Ia-norm    0.5754   2.93   0.1330   0.0158    -0.40  0    cut
 153  sn98aq        Ia-norm    0.5551   2.93   0.1257   0.0134     3.90  0    cut
 154  sn97br        Ia-91T     0.4847   2.93   0.1326   0.0155    -6.00  0    cut
 155  sn96X         Ia-norm    0.5821   2.93   0.1255   0.0115     1.90  0    cut
 156  sn94M         Ia-norm    0.5848   2.93   0.1286   0.0130     7.90  0    cut
 157  sn92A         Ia-norm    0.6079   2.92   0.1319   0.0139     7.30  0    cut
 158  sn94S         Ia-norm    0.5415   2.92   0.1275   0.0154    -3.40  0    cut
 159  sn05hj        Ia-norm    0.4928   2.92   0.1257   0.0125     1.60  0    cut
 160  sn98aq        Ia-norm    0.5551   2.91   0.1257   0.0138     4.90  0    cut
 161  sn02bo        Ia-norm    0.6024   2.91   0.1453   0.0175    -9.40  0    cut
 162  sn98aq        Ia-norm    0.5551   2.91   0.1258   0.0136     5.90  0    cut
 163  sn96X         Ia-norm    0.5835   2.90   0.1264   0.0117     1.00  0    cut
 164  sn96X         Ia-norm    0.5835   2.90   0.1280   0.0119    -3.00  0    cut
 165  sn96X         Ia-norm    0.5835   2.90   0.1279   0.0121    -2.00  0    cut
 166  sn98aq        Ia-norm    0.5551   2.89   0.1256   0.0137     6.90  0    cut
 167  sn05hj        Ia-norm    0.4941   2.89   0.1262   0.0124    -0.30  0    cut
 168  sn00cx        Ia-pec     0.6363   2.89   0.1292   0.0125     1.60  0    cut
 169  sn96X         Ia-norm    0.5821   2.87   0.1257   0.0119     2.90  0    cut
 170  sn03cg        Ia-norm    0.5469   2.85   0.1273   0.0135    -0.50  0    cut
 171  sn98aq        Ia-norm    0.6133   2.85   0.1249   0.0168    -8.00  0    cut
 172  sn86G         Ia-91bg    0.5862   2.83   0.1293   0.0158    -3.40  0    cut
 173  sn03du        Ia-norm    0.5578   2.83   0.1352   0.0183   -11.70  0    cut
 174  sn06gz        Ia-pec     0.6363   2.83   0.1331   0.0114    -9.30  0    cut
 175  sn06gz        Ia-pec     0.6363   2.80   0.1337   0.0118   -10.30  0    cut
 176  sn94D         Ia-norm    0.6363   2.80   0.1293   0.0156    -5.60  0    cut
 177  sn86G         Ia-91bg    0.5862   2.79   0.1285   0.0157    -2.40  0    cut
 178  sn05hk        Ia-pec     0.5212   2.78   0.1143   0.0175    -6.30  0    cut
 179  sn03du        Ia-norm    0.5578   2.78   0.1268   0.0149    -0.80  0    cut
 180  sn94ae        Ia-norm    0.6241   2.78   0.1196   0.0172    10.40  0    cut
 181  sn06gz        Ia-pec     0.6363   2.77   0.1220   0.0152     8.20  0    cut
 182  sn05hj        Ia-norm    0.4968   2.77   0.1281   0.0139    -6.00  0    cut
 183  sn96X         Ia-norm    0.5794   2.76   0.1248   0.0123     4.90  0    cut
 184  sn86G         Ia-91bg    0.5050   2.76   0.1269   0.0145    -2.70  0    cut
 185  sn96X         Ia-norm    0.5808   2.75   0.1240   0.0126     6.90  0    cut
 186  sn01el        Ia-norm    0.4278   2.73   0.1294   0.0110     1.30  0    cut
 187  sn03fg        Ia-pec     0.6363   2.73   0.1147   0.0139     2.00  0    cut
 188  sn03du        Ia-norm    0.6363   2.71   0.1204   0.0177    10.80  0    cut
 189  sn02er        Ia-norm    0.5645   2.70   0.1372   0.0162    -7.40  0    cut
 190  sn99by        Ia-91bg    0.6146   2.69   0.1224   0.0162    -2.80  0    cut
 191  sn99by        Ia-91bg    0.5537   2.68   0.1273   0.0193    -4.80  0    cut
 192  sn96X         Ia-norm    0.5835   2.68   0.1245   0.0128     5.90  0    cut
 193  sn94D         Ia-norm    0.5564   2.66   0.1280   0.0139    -3.60  0    cut
 194  sn89B         Ia-norm    0.6282   2.66   0.1191   0.0165     9.50  0    cut
 195  sn02er        Ia-norm    0.5524   2.66   0.1287   0.0161     1.50  0    cut
 196  sn99by        Ia-91bg    0.5551   2.66   0.1267   0.0191    -3.90  0    cut
 197  sn06gz        Ia-pec     0.6363   2.65   0.1356   0.0129   -12.30  0    cut
 198  sn03du        Ia-norm    0.5578   2.64   0.1256   0.0151     3.10  0    cut
 199  sn00cx        Ia-pec     0.5361   2.63   0.1337   0.0168     0.60  0    cut
 200  sn03du        Ia-norm    0.5551   2.63   0.1259   0.0150     2.20  0    cut
 201  sn02bo        Ia-norm    0.5889   2.62   0.1375   0.0174    -4.40  0    cut
 202  sn00E         Ia-norm    0.5754   2.62   0.1302   0.0182    -1.40  0    cut
 203  sn02ic        Ia-csm     0.5876   2.61   0.1203   0.0167     9.40  0    cut
 204  sn03cg        Ia-norm    0.4847   2.61   0.1268   0.0124    -2.30  0    cut
 205  sn02bo        Ia-norm    0.5551   2.61   0.1402   0.0180    -8.10  0    cut
 206  sn95D         Ia-norm    0.5794   2.60   0.1225   0.0152    10.10  0    cut
 207  sn02bo        Ia-norm    0.5551   2.60   0.1390   0.0181    -7.00  0    cut
 208  sn91T         Ia-91T     0.6363   2.59  -0.0094   0.0000    -9.30  0    cut
 209  sn02bo        Ia-norm    0.5551   2.56   0.1374   0.0185    -6.00  0    cut
 210  sn94ae        Ia-norm    0.6133   2.55   0.1206   0.0181    11.30  0    cut
 211  sn05hk        Ia-pec     0.5212   2.55   0.1151   0.0190    -7.30  0    cut
 212  sn02er        Ia-norm    0.5808   2.55   0.1380   0.0185    -9.40  0    cut
 213  sn86G         Ia-91bg    0.5876   2.55   0.1303   0.0173    -4.40  0    cut
 214  sn02bo        Ia-norm    0.5551   2.54   0.1356   0.0185    -4.00  0    cut
 215  sn94S         Ia-norm    0.5442   2.53   0.1263   0.0161     1.40  0    cut
 216  sn02bo        Ia-norm    0.5889   2.53   0.1510   0.0193   -12.30  0    cut
 217  sn95E         Ia-norm    0.5510   2.52   0.1243   0.0159     7.00  0    cut
 218  sn02er        Ia-norm    0.6363   2.52   0.1152   0.0181     9.40  0    cut
 219  sn91T         Ia-91T     0.6146   2.52  -0.0094   0.0000    -5.30  0    cut
 220  sn02bo        Ia-norm    0.5862   2.52   0.1528   0.0223   -13.30  0    cut
 221  sn02bo        Ia-norm    0.5551   2.51   0.1349   0.0189    -3.10  0    cut
 222  sn02er        Ia-norm    0.5645   2.50   0.1264   0.0153     4.40  0    cut
 223  sn02bo        Ia-norm    0.5551   2.49   0.1365   0.0188    -5.10  0    cut
 224  sn02bo        Ia-norm    0.5551   2.49   0.1340   0.0188    -2.10  0    cut
 225  sn96X         Ia-norm    0.5835   2.48   0.1233   0.0139     7.90  0    cut
 226  sn02bo        Ia-norm    0.5551   2.48   0.1335   0.0188    -1.20  0    cut
 227  sn91T         Ia-91T     0.6146   2.48  -0.0094   0.0000    -6.40  0    cut
 228  sn99ac        Ia-91T     0.6363   2.47   0.1223   0.0195    12.20  0    cut
 229  sn04eo        Ia-norm    0.6363   2.47   0.1172   0.0173     7.00  0    cut
 230  sn93ac        Ia-norm    0.6363   2.46   0.1268   0.0166     6.90  0    cut
 231  sn06gz        Ia-pec     0.6363   2.45   0.1219   0.0164     9.20  0    cut
 232  sn91T         Ia-91T     0.6146   2.45  -0.0094   0.0000    -7.30  0    cut
 233  sn94M         Ia-norm    0.5835   2.44   0.1343   0.0176     3.00  0    cut
 234  sn94D         Ia-norm    0.6200   2.44   0.1397   0.0220    -9.60  0    cut
 235  sn02bo        Ia-norm    0.5551   2.43   0.1471   0.0194   -12.10  0    cut
 236  sn99ac        Ia-91T     0.5280   2.43   0.1431   0.0179    -9.60  0    cut
 237  sn97br        Ia-91T     0.5794   2.43   0.1248   0.0208    -4.00  0    cut
 238  sn00cx        Ia-pec     0.5239   2.41   0.1335   0.0161    -0.40  0    cut
 239  sn91T         Ia-91T     0.6363   2.40  -0.0094   0.0000    -0.20  0    cut
 240  sn04eo        Ia-norm    0.5537   2.40   0.1305   0.0179   -11.00  0    cut
 241  sn00cx        Ia-pec     0.4968   2.39   0.1316   0.0166     7.50  0    cut
 242  sn06gz        Ia-pec     0.6051   2.38   0.1354   0.0127   -13.30  0    cut
 243  sn99ee        Ia-norm    0.6363   2.37   0.1197   0.0216    16.10  0    cut
 244  sn96X         Ia-norm    0.6363   2.35   0.1215   0.0179     7.80  0    cut
 245  sn06gz        Ia-pec     0.5307   2.35   0.1348   0.0137   -14.30  0    cut
 246  sn94D         Ia-norm    0.5578   2.35   0.1287   0.0159    -2.60  0    cut
 247  sn94D         Ia-norm    0.5605   2.33   0.1299   0.0168    -4.70  0    cut
 248  sn97br        Ia-91T     0.5496   2.33   0.1382   0.0247    -9.00  0    cut
 249  sn99aa        Ia-91T     0.5253   2.32   0.1421   0.0174     7.60  0    cut
 250  sn03cg        Ia-norm    0.5618   2.31   0.1260   0.0173     7.40  0    cut
 251  sn00cx        Ia-pec     0.6363   2.31   0.1264   0.0235    41.30  0    cut
 252  sn91bg        Ia-91bg    0.5781   2.31   0.1227   0.0245     1.50  0    cut
 253  sn98bu        Ia-norm    0.5537   2.31   0.1250   0.0175     9.30  0    cut
 254  sn06gz        Ia-pec     0.6363   2.30   0.1213   0.0182    10.10  0    cut
 255  sn00cx        Ia-pec     0.6363   2.29   0.1256   0.0225    31.40  0    cut
 256  sn86G         Ia-91bg    0.5713   2.27   0.1293   0.0209    -0.90  0    cut
 257  sn96X         Ia-norm    0.5835   2.27   0.1231   0.0153     8.90  0    cut
 258  sn96X         Ia-norm    0.5442   2.27   0.1282   0.0150    -0.90  0    cut
 259  sn86G         Ia-91bg    0.5727   2.26   0.1298   0.0208    -1.90  0    cut
 260  sn00cx        Ia-pec     0.4955   2.26   0.1318   0.0182     9.50  0    cut
 261  sn90N         Ia-norm    0.5388   2.26   0.1219   0.0165     2.60  0    cut
 262  sn94D         Ia-norm    0.5551   2.25   0.1271   0.0156     0.40  0    cut
 263  sn97br        Ia-91T     0.6363   2.25   0.1231   0.0199     7.80  0    cut
 264  sn86G         Ia-91bg    0.5727   2.24   0.1258   0.0205     0.10  0    cut
 265  sn86G         Ia-91bg    0.5727   2.23   0.1275   0.0211     1.10  0    cut
 266  sn97br        Ia-91T     0.5510   2.23   0.1354   0.0249    -7.00  0    cut
 267  sn00cx        Ia-pec     0.5280   2.23   0.1361   0.0266    -3.40  0    cut
 268  sn92A         Ia-norm    0.6363   2.21   0.1297   0.0182     8.90  0    cut
 269  sn94M         Ia-norm    0.5388   2.21   0.1303   0.0166     5.00  0    cut
 270  sn91bg        Ia-91bg    0.6051   2.16   0.1187   0.0219     2.70  0    cut
 271  sn06gz        Ia-pec     0.6065   2.15   0.1367   0.0141   -14.20  0    cut
 272  sn92A         Ia-norm    0.6363   2.13   0.1286   0.0187     8.70  0    cut
 273  sn97br        Ia-91T     0.5659   2.13   0.1326   0.0268    -7.40  0    cut
 274  sn02bo        Ia-norm    0.5551   2.12   0.1499   0.0212   -13.10  0    cut
 275  sn02cx        Ia-pec     0.5700   2.10   0.1130   0.0203    -5.30  0    cut
 276  sn03du        Ia-norm    0.5104   2.10  -0.0091   0.0224   138.60  0    cut
 277  sn03cg        Ia-norm    0.6363   2.09   0.1202   0.0211     9.60  0    cut
 278  sn91bg        Ia-91bg    0.5158   2.07   0.1232   0.0227     2.70  0    cut
 279  sn04S         Ia-norm    0.6227   2.07   0.1210   0.0277    18.40  0    cut
 280  sn05gj        Ia-csm     0.5821   2.06   0.1174   0.0223    -1.80  0    cut
 281  sn98bu        Ia-norm    0.5537   2.05   0.1247   0.0196    10.20  0    cut
 282  sn00E         Ia-norm    0.5429   2.02   0.1259   0.0204     8.40  0    cut
 283  sn97br        Ia-91T     0.5253   2.02   0.1370   0.0259    -8.00  0    cut
 284  sn97br        Ia-91T     0.5754   2.00   0.1325   0.0261    -6.40  0    cut
 285  sn94M         Ia-norm    0.4996   2.00   0.1302   0.0170     4.00  0    cut
 286  sn99ee        Ia-norm    0.6255   2.00   0.1186   0.0255    20.00  0    cut
 287  sn92A         Ia-norm    0.6363   1.99   0.1310   0.0216    11.70  0    cut
 288  sn01el        Ia-norm    0.4440   1.99   0.1327   0.0147    -3.70  0    cut
 289  sn01el        Ia-norm    0.6363   1.99   0.1289   0.0285    18.10  0    cut
 290  sn91bg        Ia-91bg    0.5564   1.98   0.1401   0.0408    32.70  0    cut
 291  sn02er        Ia-norm    0.6322   1.96   0.1236   0.0227    10.60  0    cut
 292  sn05hk        Ia-pec     0.5226   1.95   0.1008   0.0250     3.60  0    cut
 293  sn02ic        Ia-csm     0.6363   1.93   0.1191   0.0225     5.60  0    cut
 294  sn99by        Ia-91bg    0.5537   1.92   0.1204   0.0451     4.10  0    cut
 295  sn89B         Ia-norm    0.6309   1.91   0.1186   0.0225    11.50  0    cut
 296  sn00cx        Ia-pec     0.4968   1.91   0.1310   0.0217    11.50  0    cut
 297  sn91T         Ia-91T     0.6322   1.90   0.1178   0.0221    10.90  0    cut
 298  sn99by        Ia-91bg    0.6146   1.88   0.1178   0.0225     3.10  0    cut
 299  sn99ac        Ia-91T     0.6363   1.86   0.1206   0.0262    17.10  0    cut
 300  sn95D         Ia-norm    0.6322   1.85   0.1173   0.0234    11.20  0    cut
 301  sn94D         Ia-norm    0.5483   1.85   0.1314   0.0184    -7.70  0    cut
 302  sn04eo        Ia-norm    0.6282   1.85   0.1165   0.0256    11.00  0    cut
 303  sn97cn        Ia-91bg    0.6119   1.84   0.1184   0.0212     3.90  0    cut
 304  sn99ee        Ia-norm    0.6241   1.84   0.1186   0.0276    22.10  0    cut
 305  sn02er        Ia-norm    0.6295   1.84   0.1287   0.0237    12.40  0    cut
 306  sn05gj        Ia-csm     0.5645   1.84   0.1157   0.0232    10.40  0    cut
 307  sn94D         Ia-norm    0.5618   1.82   0.1359   0.0237    -9.50  0    cut
 308  sn94D         Ia-norm    0.5307   1.81   0.1317   0.0199    -8.70  0    cut
 309  sn95bd        Ia-norm    0.4752   1.81   0.1019   0.0267    21.10  0    cut
 310  sn97br        Ia-91T     0.5835   1.81   0.1212   0.0216     8.50  0    cut
 311  sn99by        Ia-91bg    0.5537   1.80   0.1197   0.0368     5.20  0    cut
 312  sn98bu        Ia-norm    0.5537   1.79   0.1242   0.0226    11.20  0    cut
 313  sn91bg        Ia-91bg    0.6227   1.79   0.1032   0.0321    50.50  0    cut
 314  sn89B         Ia-norm    0.6146   1.78   0.1182   0.0233    12.40  0    cut
 315  sn05gj        Ia-csm     0.5672   1.78   0.1104   0.0255    17.90  0    cut
 316  sn02er        Ia-norm    0.6241   1.77   0.1454   0.0350    19.50  0    cut
 317  sn92A         Ia-norm    0.5740   1.75   0.1327   0.0231    11.60  0    cut
 318  sn95bd        Ia-norm    0.5781   1.74   0.1230   0.0241    11.30  0    cut
 319  sn90N         Ia-norm    0.6363   1.74   0.1187   0.0261    14.50  0    cut
 320  sn05gj        Ia-csm     0.5862   1.73   0.1036   0.0220    39.40  0    cut
 321  sn02bo        Ia-norm    0.5564   1.72   0.1321   0.0381    51.60  0    cut
 322  sn04S         Ia-norm    0.5943   1.70   0.1188   0.0279    14.00  0    cut
 323  sn99by        Ia-91bg    0.5551   1.70   0.1202   0.0398     6.10  0    cut
 324  sn05hk        Ia-pec     0.5970   1.69   0.1069   0.0241    -4.20  0    cut
 325  sn02cx        Ia-pec     0.5754   1.68   0.1109   0.0227    -2.40  0    cut
 326  sn05gj        Ia-csm     0.5605   1.67   0.1343   0.0304   -12.10  0    cut
 327  sn02bo        Ia-norm    0.5537   1.65   0.1270   0.0253    10.80  0    cut
 328  sn91bg        Ia-91bg    0.4373   1.65   0.0479   0.0167    16.40  0    cut
 329  sn86G         Ia-91bg    0.4170   1.64   0.0488   0.0208    21.10  0    cut
 330  sn05hk        Ia-pec     0.4901   1.64   0.0866   0.0257    12.40  0    cut
 331  sn90N         Ia-norm    0.4088   1.63   0.0944   0.0305   309.80  0    cut
 332  sn91bg        Ia-91bg    0.5821   1.62   0.1139   0.0418    46.50  0    cut
 333  sn99ee        Ia-norm    0.6241   1.61   0.1188   0.0305    27.00  0    cut
 334  sn94D         Ia-norm    0.5848   1.59   0.1232   0.0218    11.00  0    cut
 335  sn95D         Ia-norm    0.5794   1.59   0.1236   0.0399    69.60  0    cut
 336  sn91bg        Ia-91bg    0.6173   1.58   0.0955   0.0318   117.20  0    cut
 337  sn00cx        Ia-pec     0.4968   1.57   0.1283   0.0256    14.50  0    cut
 338  sn99by        Ia-91bg    0.5551   1.57   0.1206   0.0416     7.10  0    cut
 339  sn89B         Ia-norm    0.6160   1.56   0.1178   0.0267    13.40  0    cut
 340  sn91bg        Ia-91bg    0.6024   1.56   0.1049   0.0402    53.30  0    cut
 341  sn03cg        Ia-norm    0.6363   1.56   0.1209   0.0263    11.40  0    cut
 342  sn04eo        Ia-norm    0.5469   1.56   0.1504   0.0307    49.40  0    cut
 343  sn98bu        Ia-norm    0.5537   1.54   0.1239   0.0255    12.20  0    cut
 344  sn02bo        Ia-norm    0.5551   1.54   0.1262   0.0272    11.90  0    cut
 345  sn02bo        Ia-norm    0.5564   1.53   0.1339   0.0414    43.60  0    cut
 346  sn02bo        Ia-norm    0.5564   1.53   0.1325   0.0403    49.60  0    cut
 347  sn02er        Ia-norm    0.6363   1.53   0.1276   0.0321    16.40  0    cut
 348  sn02er        Ia-norm    0.6363   1.52   0.1274   0.0322    15.50  0    cut
 349  sn02cx        Ia-pec     0.4305   1.52   0.3542   0.0141    18.20  0    cut
 350  sn86G         Ia-91bg    0.6133   1.52   0.0979   0.0325    56.50  0    cut
 351  sn94M         Ia-norm    0.6363   1.51   0.1243   0.0244    12.90  0    cut
 352  sn04eo        Ia-norm    0.4887   1.51   0.3608   0.0179    48.40  0    cut
 353  sn94Q         Ia-norm    0.5510   1.50   0.1165   0.0319    18.50  0    cut
 354  sn02bo        Ia-norm    0.6363   1.50   0.1163   0.0345    44.40  0    cut
 355  sn86G         Ia-91bg    0.6363   1.49   0.0922   0.0305    90.00  0    cut
 356  sn02bo        Ia-norm    0.5564   1.49   0.1327   0.0412    54.60  0    cut
 357  sn91bg        Ia-91bg    0.6024   1.49   0.1049   0.0412    53.50  0    cut
 358  sn91bg        Ia-91bg    0.6011   1.48   0.1088   0.0416    46.30  0    cut
 359  sn02cx        Ia-pec     0.4278   1.48   0.3494   0.0144    53.30  0    cut
 360  sn02bo        Ia-norm    0.5537   1.48   0.1263   0.0289    12.80  0    cut
 361  sn05gj        Ia-csm     0.5848   1.48   0.2717   0.0267    38.50  0    cut
 362  sn96X         Ia-norm    0.4468   1.48   0.1216   0.0261    12.70  0    cut
 363  sn02bo        Ia-norm    0.5564   1.46   0.1326   0.0419    45.60  0    cut
 364  sn02bo        Ia-norm    0.5564   1.46   0.1336   0.0425    40.60  0    cut
 365  sn03du        Ia-norm    0.6268   1.45   0.1270   0.0271    13.70  0    cut
 366  sn02bo        Ia-norm    0.5551   1.45   0.1264   0.0303    13.80  0    cut
 367  sn94ae        Ia-norm    0.5903   1.45   0.1193   0.0379    64.00  0    cut
 368  sn91bg        Ia-91bg    0.6363   1.45   0.1014   0.0405    54.50  0    cut
 369  sn95al        Ia-norm    0.6363   1.45   0.1222   0.0292    17.00  0    cut
 370  sn03du        Ia-norm    0.6200   1.44   0.0971   0.0317   220.70  0    cut
 371  sn02bo        Ia-norm    0.5564   1.43   0.1310   0.0461    23.80  0    cut
 372  sn99by        Ia-91bg    0.5537   1.43   0.1221   0.0452     8.10  0    cut
 373  sn02cx        Ia-pec     0.4061   1.42   0.3539   0.0139    14.20  0    cut
 374  sn02bo        Ia-norm    0.5564   1.42   0.1308   0.0436    72.50  0    cut
 375  sn91M         Ia-norm    0.5876   1.41   0.1154   0.0386    80.00  0    cut
 376  sn03du        Ia-norm    0.6363   1.40   0.0959   0.0318    51.60  0    cut
 377  sn05hk        Ia-pec     0.6363   1.40   0.1125   0.0254    -8.30  0    cut
 378  sn81B         Ia-norm    0.5754   1.40   0.1328   0.0293    16.00  0    cut
 379  sn81B         Ia-norm    0.5618   1.39   0.1379   0.0418    26.90  0    cut
 380  sn91bg        Ia-91bg    0.4386   1.39   0.0478   0.0172    18.60  0    cut
 381  sn03cg        Ia-norm    0.4765   1.38   0.0910   0.0218    38.30  0    cut
 382  sn02bo        Ia-norm    0.5551   1.38   0.1264   0.0328    14.80  0    cut
 383  sn81B         Ia-norm    0.5700   1.38   0.1263   0.0295    16.90  0    cut
 384  sn05hk        Ia-pec     0.4183   1.38   0.3481   0.0149    53.80  0    cut
 385  sn98bu        Ia-norm    0.5537   1.37   0.1229   0.0300    13.20  0    cut
 386  sn91T         Ia-91T     0.6363   1.37   0.1111   0.0298    15.90  0    cut
 387  sn02bo        Ia-norm    0.5564   1.37   0.1265   0.0339    15.70  0    cut
 388  sn02bo        Ia-norm    0.5551   1.36   0.1293   0.0411    19.80  0    cut
 389  sn02bo        Ia-norm    0.5551   1.36   0.1300   0.0422    20.70  0    cut
 390  sn91T         Ia-91T     0.6363   1.36   0.1049   0.0299    24.80  0    cut
 391  sn00cx        Ia-pec     0.6363   1.35   0.1219   0.0382    61.10  0    cut
 392  sn02bo        Ia-norm    0.5551   1.35   0.1280   0.0401    18.70  0    cut
 393  sn02bo        Ia-norm    0.5551   1.35   0.1270   0.0372    16.70  0    cut
 394  sn02bo        Ia-norm    0.5564   1.35   0.1299   0.0426    21.70  0    cut
 395  sn02bo        Ia-norm    0.5551   1.34   0.1270   0.0389    17.80  0    cut
 396  sn02bo        Ia-norm    0.5876   1.34   0.1288   0.0309    29.40  0    cut
 397  sn99ac        Ia-91T     0.6363   1.34   0.2836   0.0284    39.90  0    cut
 398  sn97cn        Ia-91bg    0.6363   1.33   0.0984   0.0334    43.40  0    cut
 399  sn99aw        Ia-91T     0.4454   1.32   0.1320   0.0203    -0.70  0    cut
 400  sn94D         Ia-norm    0.5117   1.32   0.1210   0.0228    10.10  0    cut
 401  sn90N         Ia-norm    0.6363   1.32   0.1176   0.0322    17.70  0    cut
 402  sn99ac        Ia-91T     0.6363   1.31   0.2849   0.0290    29.00  0    cut
 403  sn02bo        Ia-norm    0.5564   1.31   0.1328   0.0457    29.70  0    cut
 404  sn89B         Ia-norm    0.6106   1.31   0.1161   0.0311    14.40  0    cut
 405  sn99ac        Ia-91T     0.6363   1.31   0.2851   0.0286    33.90  0    cut
 406  sn92A         Ia-norm    0.5767   1.30   0.1326   0.0338    16.30  0    cut
 407  sn00cx        Ia-pec     0.4603   1.29   0.1236   0.0360    19.40  0    cut
 408  sn91bg        Ia-91bg    0.6363   1.29   0.0913   0.0329   113.20  0    cut
 409  sn81B         Ia-norm    0.5645   1.29   0.1053   0.0350    93.50  0    cut
 410  sn99aa        Ia-91T     0.5903   1.28   0.1377   0.0302    15.40  0    cut
 411  sn94D         Ia-norm    0.5578   1.28   0.1414   0.0493    48.00  0    cut
 412  sn95al        Ia-norm    0.6363   1.28   0.1193   0.0351    25.30  0    cut
 413  sn02bo        Ia-norm    0.5564   1.28   0.1330   0.0445    27.70  0    cut
 414  sn91M         Ia-norm    0.6363   1.27   0.0995   0.0394   111.80  0    cut
 415  sn02er        Ia-norm    0.6024   1.27   0.1340   0.0338    33.20  0    cut
 416  sn94ae        Ia-norm    0.5848   1.27   0.1185   0.0355    36.20  0    cut
 417  sn99aw        Ia-91T     0.5862   1.27   0.1304   0.0334    35.90  0    cut
 418  sn91bg        Ia-91bg    0.6363   1.27   0.1111   0.0421    25.60  0    cut
 419  sn94D         Ia-norm    0.5551   1.27   0.1232   0.0334    13.40  0    cut
 420  sn05gj        Ia-csm     0.5754   1.26   0.1099   0.0314    27.30  0    cut
 421  sn90N         Ia-norm    0.6363   1.26   0.0955   0.0359   213.40  0    cut
 422  sn02bo        Ia-norm    0.5551   1.26   0.1336   0.0456    28.60  0    cut
 423  sn99by        Ia-91bg    0.5551   1.25   0.1393   0.0499    42.10  0    cut
 424  sn04eo        Ia-norm    0.5713   1.25   0.1189   0.0565    71.10  0    cut
 425  sn86G         Ia-91bg    0.5307   1.24   0.1462   0.0316    54.50  0    cut
 426  sn94ae        Ia-norm    0.6363   1.24   0.1002   0.0406   367.70  0    cut
 427  sn91M         Ia-norm    0.6106   1.24   0.1224   0.0318    27.50  0    cut
 428  sn98bu        Ia-norm    0.5537   1.23   0.1216   0.0337    14.30  0    cut
 429  sn94D         Ia-norm    0.6160   1.23   0.1014   0.0374    53.90  0    cut
 430  sn90N         Ia-norm    0.4413   1.22   0.0933   0.0390   245.20  0    cut
 431  sn99ee        Ia-norm    0.6241   1.22   0.1181   0.0375    31.90  0    cut
 432  sn03cg        Ia-norm    0.6363   1.22   0.1198   0.0325    12.40  0    cut
 433  sn03cg        Ia-norm    0.4224   1.22   0.0522   0.0254    28.50  0    cut
 434  sn03du        Ia-norm    0.5767   1.22   0.1190   0.0330    17.80  0    cut
 435  sn95D         Ia-norm    0.6255   1.22   0.1146   0.0311    14.10  0    cut
 436  sn86G         Ia-91bg    0.6309   1.21   0.0927   0.0333   103.00  0    cut
 437  sn05hk        Ia-pec     0.6363   1.21   0.1094   0.0278    -5.10  0    cut
 438  sn90N         Ia-norm    0.4820   1.21   0.0906   0.0458   332.50  0    cut
 439  sn03du        Ia-norm    0.6187   1.20   0.0960   0.0370    84.30  0    cut
 440  sn02bo        Ia-norm    0.5564   1.19   0.1271   0.0547    79.40  0    cut
 441  sn03du        Ia-norm    0.5686   1.19  -0.0094   0.0000   137.60  0    cut
 442  sn91bg        Ia-91bg    0.6363   1.19   0.1193   0.0428    14.70  0    cut
 443  sn03du        Ia-norm    0.6363   1.19   0.0958   0.0393   141.30  0    cut
 444  sn94D         Ia-norm    0.6363   1.19   0.0959   0.0386    83.10  0    cut
 445  sn89B         Ia-norm    0.6160   1.19   0.1176   0.0355    16.40  0    cut
 446  sn99ac        Ia-91T     0.6214   1.18   0.1221   0.0402    32.00  0    cut
 447  sn94ae        Ia-norm    0.5970   1.18   0.1168   0.0384    30.20  0    cut
 448  sn81B         Ia-norm    0.6133   1.17   0.1238   0.0316    19.90  0    cut
 449  sn02cx        Ia-pec     0.5767   1.17   0.0935   0.0272    10.30  0    cut
 450  sn91bg        Ia-91bg    0.5293   1.17   0.1424   0.0352    29.50  0    cut
 451  sn03du        Ia-norm    0.5578   1.17   0.1205   0.0361    17.00  0    cut
 452  sn94ae        Ia-norm    0.6363   1.16   0.0953   0.0420   123.60  0    cut
 453  sn99by        Ia-91bg    0.5551   1.16   0.1363   0.0516    29.10  0    cut
 454  sn99by        Ia-91bg    0.5551   1.16   0.1382   0.0519    33.10  0    cut
 455  sn02er        Ia-norm    0.6214   1.16   0.1194   0.0415   213.00  0    cut
 456  sn04S         Ia-norm    0.6200   1.16   0.1188   0.0392    36.20  0    cut
 457  sn99by        Ia-91bg    0.5551   1.16   0.1376   0.0519    31.10  0    cut
 458  sn00cx        Ia-pec     0.6363   1.16   0.1171   0.0442    71.00  0    cut
 459  sn00cx        Ia-pec     0.4616   1.15   0.1232   0.0450    22.40  0    cut
 460  sn90N         Ia-norm    0.4820   1.15   0.0913   0.0341   280.70  0    cut
 461  sn91T         Ia-91T     0.6363   1.15   0.0954   0.0393    67.60  0    cut
 462  sn03du        Ia-norm    0.6363   1.15   0.0951   0.0364    59.30  0    cut
 463  sn91T         Ia-91T     0.6363   1.15   0.0964   0.0375    46.60  0    cut
 464  sn99by        Ia-91bg    0.5551   1.15   0.1345   0.0525    25.10  0    cut
 465  sn94ae        Ia-norm    0.5618   1.15   0.1308   0.0603    87.80  0    cut
 466  sn89B         Ia-norm    0.6160   1.14   0.1175   0.0428    19.40  0    cut
 467  sn81B         Ia-norm    0.6214   1.14   0.1298   0.0328    18.90  0    cut
 468  sn91bg        Ia-91bg    0.4549   1.14   0.2951   0.0251    20.20  0    cut
 469  sn97br        Ia-91T     0.5645   1.14   0.1356   0.0556    66.40  0    cut
 470  sn03du        Ia-norm    0.6187   1.14   0.0960   0.0374    72.30  0    cut
 471  sn94ae        Ia-norm    0.5618   1.14   0.1303   0.0758    70.00  0    cut
 472  sn91bg        Ia-91bg    0.6363   1.13   0.1257   0.0464    18.90  0    cut
 473  sn95bd        Ia-norm    0.4224   1.12   0.2681   0.0248    36.90  0    cut
 474  sn94D         Ia-norm    0.4495   1.12   0.4584   0.0196    46.20  0    cut
 475  sn99aa        Ia-91T     0.5930   1.12   0.1378   0.0467    53.90  0    cut
 476  sn90O         Ia-norm    0.6363   1.12   0.1202   0.0354    19.10  0    cut
 477  sn02bo        Ia-norm    0.4603   1.11   0.0851   0.0512    83.30  0    cut
 478  sn03du        Ia-norm    0.6363   1.11   0.0951   0.0416    63.40  0    cut
 479  sn81B         Ia-norm    0.6363   1.11   0.1260   0.0358    22.90  0    cut
 480  sn91M         Ia-norm    0.6363   1.10   0.1178   0.0357    24.80  0    cut
 481  sn99aa        Ia-91T     0.6363   1.10   0.1293   0.0376    21.10  0    cut
 482  sn86G         Ia-91bg    0.4847   1.09  -0.0094   0.0000   256.70  0    cut
 483  sn03du        Ia-norm    0.5348   1.09  -0.0094   0.0000    87.10  0    cut
 484  sn97cn        Ia-91bg    0.4319   1.09   0.1184   0.0324    28.70  0    cut
 485  sn89B         Ia-norm    0.5740   1.09   0.2657   0.0281    49.20  0    cut
 486  sn90N         Ia-norm    0.4440   1.08   0.0917   0.0467   246.20  0    cut
 487  sn01el        Ia-norm    0.6363   1.08   0.1246   0.0428    39.90  0    cut
 488  sn89B         Ia-norm    0.6146   1.08   0.1144   0.0389    17.40  0    cut
 489  sn00cx        Ia-pec     0.4630   1.08   0.2708   0.0259    28.40  0    cut
 490  sn91T         Ia-91T     0.6363   1.08   0.0965   0.0361    45.70  0    cut
 491  sn03du        Ia-norm    0.5632   1.08   0.1216   0.0474    19.60  0    cut
 492  sn86G         Ia-91bg    0.5307   1.08   0.1471   0.0338    45.60  0    cut
 493  sn81B         Ia-norm    0.6363   1.08   0.1199   0.0365    23.90  0    cut
 494  sn94D         Ia-norm    0.5821   1.08   0.1200   0.0297    12.20  0    cut
 495  sn99aa        Ia-91T     0.5930   1.07   0.1406   0.0401    41.10  0    cut
 496  sn99aa        Ia-91T     0.6363   1.07   0.1242   0.0401    26.20  0    cut
 497  sn92A         Ia-norm    0.6363   1.07   0.1234   0.0347    17.30  0    cut
 498  sn91M         Ia-norm    0.6363   1.07   0.1186   0.0355    25.80  0    cut
 499  sn00cx        Ia-pec     0.4982   1.07   0.2700   0.0268    30.40  0    cut
 500  sn97br        Ia-91T     0.4454   1.07   0.2616   0.0278    23.70  0    cut
 501  sn94Q         Ia-norm    0.5578   1.06   0.1293   0.0507    41.60  0    cut
 502  sn04eo        Ia-norm    0.6282   1.05   0.1142   0.0335    12.40  0    cut
 503  sn03cg        Ia-norm    0.6173   1.05   0.1277   0.0384    16.40  0    cut
 504  sn05gj        Ia-csm     0.5794   1.05   0.1225   0.0415    92.10  0    cut
 505  sn86G         Ia-91bg    0.4820   1.05  -0.0094   0.0000   323.60  0    cut
 506  sn05hk        Ia-pec     0.4928   1.05   0.3488   0.0162    37.00  0    cut
 507  sn05hk        Ia-pec     0.6268   1.04   0.1088   0.0312    -2.40  0    cut
 508  sn89B         Ia-norm    0.6133   1.04   0.1162   0.0416    18.40  0    cut
 509  sn94D         Ia-norm    0.6363   1.04   0.2740   0.0314    24.20  0    cut
 510  sn94D         Ia-norm    0.5564   1.04   0.4595   0.0218    43.20  0    cut
 511  sn94D         Ia-norm    0.5415   1.03   0.1454   0.0516    55.10  0    cut
 512  sn97br        Ia-91T     0.5591   1.03   0.1152   0.0538    17.40  0    cut
 513  sn94D         Ia-norm    0.5835   1.03   0.1165   0.0358    15.20  0    cut
 514  sn91bg        Ia-91bg    0.4874   1.03   0.2702   0.0280    33.70  0    cut
 515  sn03du        Ia-norm    0.5578   1.03   0.1199   0.0460    19.00  0    cut
 516  sn03du        Ia-norm    0.5632   1.02   0.4587   0.0232    39.50  0    cut
 517  sn94ae        Ia-norm    0.5727   1.02   0.1227   0.0496    40.10  0    cut
 518  sn89B         Ia-norm    0.5876   1.02   0.2723   0.0287    31.40  0    cut
 519  sn94D         Ia-norm    0.5564   1.01   0.1211   0.0421    15.30  0    cut
 520  sn03du        Ia-norm    0.6363   1.01   0.2718   0.0300    31.80  0    cut
 521  sn03du        Ia-norm    0.5591   1.01   0.1201   0.0510    20.00  0    cut
 522  sn86G         Ia-91bg    0.4589   1.00   0.2678   0.0271    41.60  0    cut
 523  sn03du        Ia-norm    0.6363   1.00   0.2720   0.0311    26.70  0    cut
 524  sn03cg        Ia-norm    0.4820   1.00   0.2696   0.0277    23.40  0    cut
 525  sn86G         Ia-91bg    0.5307   0.99   0.1441   0.0342    49.50  0    cut
 526  sn94D         Ia-norm    0.5578   0.99   0.1303   0.0727    50.00  0    cut
 527  sn94D         Ia-norm    0.5496   0.99   0.1406   0.0692    59.10  0    cut
 528  sn99aa        Ia-91T     0.6268   0.98   0.1281   0.0454    29.10  0    cut
 529  sn86G         Ia-91bg    0.4589   0.98   0.2684   0.0271    32.10  0    cut
 530  sn90O         Ia-norm    0.6065   0.98   0.1179   0.0412    19.90  0    cut
 531  sn05hk        Ia-pec     0.5686   0.98   0.0973   0.0325    14.30  0    cut
 532  sn05gj        Ia-csm     0.5524   0.97   0.1060   0.0373    40.50  0    cut
 533  sn04S         Ia-norm    0.6214   0.97   0.2740   0.0302    42.10  0    cut
 534  sn91T         Ia-91T     0.6363   0.97   0.0962   0.0480    75.20  0    cut
 535  sn03du        Ia-norm    0.4427   0.97   0.2676   0.0268    33.40  0    cut
 536  sn03du        Ia-norm    0.6363   0.97   0.1103   0.0394    21.80  0    cut
 537  sn00cx        Ia-pec     0.4603   0.96   0.2717   0.0259    26.40  0    cut
 538  sn03du        Ia-norm    0.5591   0.96   0.1209   0.0642    22.00  0    cut
 539  sn94D         Ia-norm    0.5564   0.96   0.1213   0.0671    17.40  0    cut
 540  sn05gj        Ia-csm     0.5659   0.96   0.1206   0.0354     7.70  0    cut
 541  sn90N         Ia-norm    0.6133   0.96   0.1185   0.0391    38.50  0    cut
 542  sn94D         Ia-norm    0.5496   0.96   0.4585   0.0225    50.10  0    cut
 543  sn99aa        Ia-91T     0.6255   0.96   0.1130   0.0413    50.00  0    cut
 544  sn89B         Ia-norm    0.5930   0.95   0.2717   0.0293    37.30  0    cut
 545  sn81B         Ia-norm    0.4820   0.95   0.2761   0.0308    33.80  0    cut
 546  sn98aq        Ia-norm    0.5524   0.95   0.0991   0.0388   230.30  0    cut
 547  sn94D         Ia-norm    0.5808   0.95   0.1211   0.0333    13.20  0    cut
 548  sn94D         Ia-norm    0.5456   0.95   0.1413   0.0714    57.10  0    cut
 549  sn99ee        Ia-norm    0.4887   0.94   0.2642   0.0280    40.90  0    cut
 550  sn95E         Ia-norm    0.6011   0.94   0.2751   0.0314    32.70  0    cut
 551  sn95D         Ia-norm    0.6363   0.94   0.1129   0.0378    16.10  0    cut
 552  sn94D         Ia-norm    0.5876   0.94   0.2758   0.0311    19.20  0    cut
 553  sn05hk        Ia-pec     0.4901   0.94   0.3466   0.0179    65.50  0    cut
 554  sn91T         Ia-91T     0.5537   0.93   0.1225   0.0548   260.40  0    cut
 555  sn94D         Ia-norm    0.5415   0.93   0.4595   0.0229    40.30  0    cut
 556  sn03du        Ia-norm    0.5591   0.93   0.4583   0.0234    51.80  0    cut
 557  sn89B         Ia-norm    0.6146   0.93   0.1168   0.0500    21.40  0    cut
 558  sn03du        Ia-norm    0.5578   0.93   0.1225   0.0698    24.00  0    cut
 559  sn05hk        Ia-pec     0.6282   0.93  -0.0094   0.0000    -8.30  0    cut
 560  sn97br        Ia-91T     0.6363   0.92   0.1123   0.0353    12.40  0    cut
 561  sn04eo        Ia-norm    0.5997   0.91   0.1138   0.0516    53.30  0    cut
 562  sn96X         Ia-norm    0.5848   0.91   0.1188   0.0370    20.80  0    cut
 563  sn05hk        Ia-pec     0.6295   0.91   0.1066   0.0357    -1.40  0    cut
 564  sn02ic        Ia-csm     0.5686   0.91   0.2724   0.0377    31.90  0    cut
 565  sn00cx        Ia-pec     0.4589   0.91   0.1223   0.0540    24.40  0    cut
 566  sn03du        Ia-norm    0.5564   0.91   0.1372   0.0797    56.70  0    cut
 567  sn03du        Ia-norm    0.5591   0.91   0.1266   0.0661    26.00  0    cut
 568  sn98aq        Ia-norm    0.5551   0.91   0.0970   0.0392   240.30  0    cut
 569  sn98aq        Ia-norm    0.5537   0.91   0.1154   0.0626    18.80  0    cut
 570  sn03du        Ia-norm    0.5578   0.91   0.1381   0.0840    49.80  0    cut
 571  sn05hk        Ia-pec     0.6282   0.91  -0.0094   0.0000    -9.30  0    cut
 572  sn92A         Ia-norm    0.5794   0.91   0.1314   0.0441    24.20  0    cut
 573  sn94D         Ia-norm    0.5821   0.90   0.1180   0.0376    17.20  0    cut
 574  sn89B         Ia-norm    0.5821   0.90   0.2752   0.0299    25.40  0    cut
 575  sn05hk        Ia-pec     0.5957   0.90  -0.0094   0.0000    -6.30  0    cut
 576  sn04eo        Ia-norm    0.6268   0.89   0.2748   0.0314    20.80  0    cut
 577  sn00cx        Ia-pec     0.6363   0.89  -0.0094   0.0000   124.60  0    cut
 578  sn04eo        Ia-norm    0.6282   0.88   0.1111   0.0327    14.00  0    cut
 579  sn90N         Ia-norm    0.4833   0.88  -0.0094   0.0000   255.90  0    cut
 580  sn98aq        Ia-norm    0.5551   0.88   0.4596   0.0239    54.70  0    cut
 581  sn03du        Ia-norm    0.5090   0.88   0.2655   0.0302    45.60  0    cut
 582  sn03du        Ia-norm    0.5578   0.88   0.1403   0.0785    61.70  0    cut
 583  sn89B         Ia-norm    0.6146   0.88   0.1186   0.0473    20.40  0    cut
 584  sn95D         Ia-norm    0.6363   0.88   0.2704   0.0304    37.80  0    cut
 585  sn97br        Ia-91T     0.5781   0.88   0.1153   0.0464    21.30  0    cut
 586  sn98aq        Ia-norm    0.5551   0.88   0.1129   0.0766    20.80  0    cut
 587  sn98aq        Ia-norm    0.5551   0.87   0.4602   0.0237    50.60  0    cut
 588  sn89B         Ia-norm    0.6106   0.87   0.1234   0.0474    23.40  0    cut
 589  sn86G         Ia-91bg    0.5253   0.87   0.2691   0.0266    44.60  0    cut
 590  sn03du        Ia-norm    0.6187   0.87   0.1063   0.0430    34.60  0    cut
 591  sn91T         Ia-91T     0.4088   0.87   0.2671   0.0295    18.60  0    cut
 592  sn98bu        Ia-norm    0.5551   0.87   0.0971   0.0391   242.80  0    cut
 593  sn98bu        Ia-norm    0.5551   0.86   0.1429   0.0759    43.10  0    cut
 594  sn91bg        Ia-91bg    0.4400   0.86   0.2707   0.0273    34.40  0    cut
 595  sn98bu        Ia-norm    0.5551   0.86   0.1438   0.0702    42.10  0    cut
 596  sn04eo        Ia-norm    0.5740   0.85   0.2770   0.0290    45.40  0    cut
 597  sn95bd        Ia-norm    0.5036   0.85   0.1328   0.0662    72.30  0    cut
 598  sn99aa        Ia-91T     0.6363   0.85   0.1151   0.0423    34.10  0    cut
 599  sn03cg        Ia-norm    0.5280   0.85   0.2700   0.0289    43.40  0    cut
 600  sn98aq        Ia-norm    0.5551   0.85   0.4589   0.0244    57.70  0    cut
 601  sn98bu        Ia-norm    0.5551   0.85   0.1427   0.0727    40.10  0    cut
 602  sn03du        Ia-norm    0.5754   0.84   0.1289   0.0578    37.40  0    cut
 603  sn97br        Ia-91T     0.4928   0.84   0.2597   0.0308    37.60  0    cut
 604  sn94ae        Ia-norm    0.5740   0.84   0.1079   0.0538   153.40  0    cut
 605  sn94S         Ia-norm    0.6119   0.84   0.1119   0.0418    20.90  0    cut
 606  sn02bo        Ia-norm    0.5293   0.84   0.1395   0.0432    39.30  0    cut
 607  sn95D         Ia-norm    0.5794   0.84   0.1225   0.0539    42.80  0    cut
 608  sn03du        Ia-norm    0.5591   0.84   0.1306   0.0659    29.00  0    cut
 609  sn98bu        Ia-norm    0.5551   0.83   0.1441   0.0723    41.10  0    cut
 610  sn00cx        Ia-pec     0.6363   0.83  -0.0094   0.0000    96.80  0    cut
 611  sn91bg        Ia-91bg    0.4440   0.83   0.0840   0.0753    88.10  0    cut
 612  sn98aq        Ia-norm    0.5551   0.83   0.4587   0.0246    59.60  0    cut
 613  sn89B         Ia-norm    0.6160   0.83   0.1250   0.0473    24.40  0    cut
 614  sn00cx        Ia-pec     0.6363   0.82  -0.0094   0.0000    92.90  0    cut
 615  sn04eo        Ia-norm    0.5199   0.82   0.4543   0.0215    67.00  0    cut
 616  sn98bu        Ia-norm    0.5551   0.82   0.1409   0.0755    38.20  0    cut
 617  sn05hk        Ia-pec     0.6295   0.82  -0.0094   0.0000    -7.30  0    cut
 618  sn98bu        Ia-norm    0.5537   0.82   0.1443   0.0788    44.10  0    cut
 619  sn86G         Ia-91bg    0.4968   0.82   0.1459   0.0629    22.10  0    cut
 620  sn98bu        Ia-norm    0.5537   0.81  -0.0094   0.0000   190.10  0    cut
 621  sn04eo        Ia-norm    0.5700   0.81   0.2767   0.0294    21.40  0    cut
 622  sn03du        Ia-norm    0.5564   0.81   0.1414   0.0818    60.70  0    cut
 623  sn81B         Ia-norm    0.4386   0.81   0.0870   0.0636   114.40  0    cut
 624  sn98bu        Ia-norm    0.5551   0.81   0.1411   0.0717    35.20  0    cut
 625  sn98bu        Ia-norm    0.5551   0.80   0.1411   0.0758    37.20  0    cut
 626  sn89B         Ia-norm    0.6241   0.80   0.1174   0.0552    22.40  0    cut
 627  sn03du        Ia-norm    0.5632   0.80   0.0956   0.0643   109.00  0    cut
 628  sn00cx        Ia-pec     0.6363   0.80  -0.0094   0.0000   146.40  0    cut
 629  sn98aq        Ia-norm    0.5551   0.80   0.4606   0.0253    35.80  0    cut
 630  sn05gj        Ia-csm     0.5754   0.79   0.1151   0.0599    42.30  0    cut
 631  sn98bu        Ia-norm    0.5537   0.79   0.1441   0.0736    39.20  0    cut
 632  sn97br        Ia-91T     0.5821   0.79   0.1191   0.0576    49.10  0    cut
 633  sn03cg        Ia-norm    0.5320   0.79   0.2746   0.0323    23.40  0    cut
 634  sn03du        Ia-norm    0.5578   0.79   0.4597   0.0247    34.00  0    cut
 635  sn98bu        Ia-norm    0.5551   0.79  -0.0094   0.0000   179.10  0    cut
 636  sn98bu        Ia-norm    0.5537   0.79   0.1457   0.0959    57.10  0    cut
 637  sn98bu        Ia-norm    0.5551   0.78   0.1399   0.0716    33.20  0    cut
 638  sn98bu        Ia-norm    0.5551   0.78   0.1408   0.0771    36.20  0    cut
 639  sn94D         Ia-norm    0.5524   0.78   0.4613   0.0260    15.20  0    cut
 640  sn98bu        Ia-norm    0.5551   0.78   0.4600   0.0255    34.20  0    cut
 641  sn05hk        Ia-pec     0.6282   0.78  -0.0094   0.0000    -5.30  0    cut
 642  sn98bu        Ia-norm    0.5537   0.78   0.4605   0.0254    32.10  0    cut
 643  sn96X         Ia-norm    0.6363   0.78   0.2728   0.0320    31.70  0    cut
 644  sn92A         Ia-norm    0.5794   0.77   0.1309   0.0508    28.20  0    cut
 645  sn05hk        Ia-pec     0.6282   0.77  -0.0094   0.0000    -6.30  0    cut
 646  sn03cg        Ia-norm    0.5334   0.77   0.2778   0.0310    26.40  0    cut
 647  sn98bu        Ia-norm    0.5537   0.77  -0.0094   0.0000   208.00  0    cut
 648  sn91bg        Ia-91bg    0.5618   0.77   0.0968   0.0794   117.20  0    cut
 649  sn98bu        Ia-norm    0.5551   0.77  -0.0094   0.0000   216.90  0    cut
 650  sn98aq        Ia-norm    0.5564   0.76   0.4613   0.0262    30.80  0    cut
 651  sn04eo        Ia-norm    0.5456   0.76   0.4624   0.0231    23.40  0    cut
 652  sn05hk        Ia-pec     0.6282   0.76  -0.0094   0.0000    -4.30  0    cut
 653  sn02er        Ia-norm    0.5645   0.76   0.2790   0.0258    24.20  0    cut
 654  sn05gj        Ia-csm     0.5253   0.76   0.2692   0.0351    51.80  0    cut
 655  sn86G         Ia-91bg    0.4860   0.76   0.1517   0.0546    23.10  0    cut
 656  sn94D         Ia-norm    0.5469   0.75   0.1244   0.0684    14.30  0    cut
 657  sn04eo        Ia-norm    0.5700   0.75   0.1247   0.0616    29.70  0    cut
 658  sn98aq        Ia-norm    0.5551   0.75   0.4611   0.0263    31.80  0    cut
 659  sn98bu        Ia-norm    0.5537   0.75   0.4624   0.0259    31.10  0    cut
 660  sn98aq        Ia-norm    0.5551   0.75   0.4610   0.0263    33.80  0    cut
 661  sn98aq        Ia-norm    0.5551   0.74   0.0978   0.0746    90.50  0    cut
 662  sn96X         Ia-norm    0.6363   0.74   0.2736   0.0321    24.70  0    cut
 663  sn05hk        Ia-pec     0.6282   0.74   0.0919   0.0374    20.30  0    cut
 664  sn98bu        Ia-norm    0.5551   0.74   0.1364   0.0698    28.20  0    cut
 665  sn98bu        Ia-norm    0.5551   0.73   0.1352   0.0708    29.20  0    cut
 666  sn89B         Ia-norm    0.5402   0.73   0.1437   0.0440    51.00  0    cut
 667  sn05hk        Ia-pec     0.5415   0.73   0.2626   0.0315    42.00  0    cut
 668  sn86G         Ia-91bg    0.5158   0.73   0.1430   0.0362    56.00  0    cut
 669  sn96X         Ia-norm    0.6363   0.73   0.2727   0.0329    22.50  0    cut
 670  sn98aq        Ia-norm    0.5551   0.72   0.0967   0.0806    81.60  0    cut
 671  sn97br        Ia-91T     0.5293   0.72   0.2688   0.0338    50.50  0    cut
 672  sn98bu        Ia-norm    0.5551   0.72   0.1355   0.0739    30.20  0    cut
 673  sn05hk        Ia-pec     0.6363   0.72   0.0882   0.0343    23.40  0    cut
 674  sn95ac        Ia-norm    0.5361   0.72   0.2757   0.0341    24.40  0    cut
 675  sn91bg        Ia-91bg    0.5524   0.72   0.1419   0.0313   143.00  0    cut
 676  sn86G         Ia-91bg    0.5158   0.72   0.1422   0.0366    54.00  0    cut
 677  sn05hk        Ia-pec     0.5415   0.71   0.2633   0.0290    42.90  0    cut
 678  sn05hk        Ia-pec     0.5483   0.71   0.2634   0.0357    27.20  0    cut
 679  sn86G         Ia-91bg    0.5158   0.70   0.1414   0.0372    52.00  0    cut
 680  sn05hk        Ia-pec     0.5415   0.70   0.2643   0.0315    39.00  0    cut
 681  sn98aq        Ia-norm    0.5551   0.70   0.0982   0.0897    65.60  0    cut
 682  sn98aq        Ia-norm    0.5551   0.70   0.0993   0.0910    62.60  0    cut
 683  sn04eo        Ia-norm    0.5469   0.69  -0.0094   0.0000   224.20  0    cut
 684  sn97br        Ia-91T     0.6092   0.69   0.1019   0.0570    71.90  0    cut
 685  sn81B         Ia-norm    0.6363   0.69   0.1142   0.0411   267.40  0    cut
 686  sn98aq        Ia-norm    0.5551   0.69   0.0977   0.0864    78.60  0    cut
 687  sn03cg        Ia-norm    0.5334   0.69   0.2717   0.0357    19.40  0    cut
 688  sn05hk        Ia-pec     0.5429   0.67   0.2653   0.0340    23.20  0    cut
 689  sn03cg        Ia-norm    0.6160   0.67   0.1174   0.0615    52.40  0    cut
 690  sn03cg        Ia-norm    0.5077   0.67   0.0889   0.0361   383.10  0    cut
 691  sn05hk        Ia-pec     0.6268   0.66  -0.0094   0.0000    -3.30  0    cut
 692  sn94D         Ia-norm    0.6363   0.65   0.2730   0.0327    16.30  0    cut
 693  sn97br        Ia-91T     0.5361   0.65   0.2684   0.0354    42.10  0    cut
 694  sn94M         Ia-norm    0.5524   0.64   0.4643   0.0279    34.10  0    cut
 695  sn91bg        Ia-91bg    0.5524   0.62  -0.0094   0.0000   202.70  0    cut
 696  sn05gj        Ia-csm     0.5591   0.62   0.1118   0.0840    67.70  0    cut
 697  sn05gj        Ia-csm     0.5591   0.60   0.1318   0.0870    75.30  0    cut
 698  sn02ic        Ia-csm     0.6363   0.60   0.3659   0.0250    44.10  0    cut
 699  sn02cx        Ia-pec     0.6363   0.60   0.0845   0.0296    23.00  0    cut
 700  sn05gj        Ia-csm     0.5889   0.58   0.1124   0.1063    66.80  0    cut
 701  sn90N         Ia-norm    0.5605   0.58  -0.0094   0.0000   228.10  0    cut
 702  sn02ic        Ia-csm     0.5659   0.57   0.1386   0.0851    65.60  0    cut
 703  sn05hk        Ia-pec     0.6282   0.55   0.3536   0.0225    14.40  0    cut
 704  sn05gj        Ia-csm     0.5903   0.55   0.1087   0.0871    64.90  0    cut
 705  sn05gj        Ia-csm     0.5903   0.55   0.1151   0.0852    63.00  0    cut
 706  sn02cx        Ia-pec     0.6363   0.53   0.3548   0.0220    24.10  0    cut
 707  sn05gj        Ia-csm     0.5889   0.50   0.1168   0.0886    65.80  0    cut
 708  sn05gj        Ia-csm     0.5388   0.48   0.2725   0.0300    61.10  0    cut
 709  sn05gj        Ia-csm     0.5916   0.45   0.1276   0.2171   133.50  0    cut
 710  sn05gj        Ia-csm     0.5375   0.42   0.1490   0.0899    88.40  0    cut
 711  sn05gj        Ia-csm     0.5903   0.41   0.1056   0.1171    63.90  0    cut
 712  sn03du        Ia-norm    0.5632   0.34   0.1001   0.0576   375.30  0    cut
