### SNID output file ###
 
### input spectrum and options ###
# Input spectrum                 : 16232_11.80.dat
# Parameter file                 : NA
# Wavelength range               :    4275.00  10000.00
# Mask file                      : NA
# Median filtering width [A]     : NA
# Median filtering width [pix]   :       1.00
# Clip emission redshift         : NA
# Clip sky lines                 : 0
# Emission clip width [A]        : NA
# Keep A-band                    : 1
# Age range                      :     -90.00   1000.00
# Delta range                    :      -9.99     99.90
# Min. number of spectra/template:   1
# Use only templates             : NA
# Use only types                 : Ia
# Avoid templates                : NA
# Avoid types                    : NA
# rlapmin                        :       5.00
# Redshift range                 :    -0.0100    1.2000
# Forced initial redshift        : NA
# Extra fake redshift            : NA
# Nsigma for initial redshift    : NA
# Redshift filter                :     0.0200
# Wavenumbers k1,k2,k3,k4        :     1    4   85  102
# Template directory             : /Users/daniel/snid-5.0/templates/
 
### initial/user-input redshift ###
zinit       0.3583
zuser       0.3583
 
### median redshift/age and error ###
zmed        0.3583    0.0000
agem         93.50      0.00
 
### type fraction/redshift/age ###
#type ntemp fraction slope redshift redshift_error age age_error
Ia              1      1.00    0.0000    0.3583    0.0000    93.500     0.000
Ia-norm         1      1.00    0.0000    0.3583    0.0000    93.500     0.000
Ia-91T          0      0.00    0.0000    0.0000    0.0000     0.000     0.000
Ia-91bg         0      0.00    0.0000    0.0000    0.0000     0.000     0.000
Ia-csm          0      0.00    0.0000    0.0000    0.0000     0.000     0.000
Ia-pec          0      0.00    0.0000    0.0000    0.0000     0.000     0.000
###
Ib              0      0.00    0.0000    0.0000    0.0000     0.000     0.000
Ib-norm         0      0.00    0.0000    0.0000    0.0000     0.000     0.000
Ib-pec          0      0.00    0.0000    0.0000    0.0000     0.000     0.000
IIb             0      0.00    0.0000    0.0000    0.0000     0.000     0.000
###
Ic              0      0.00    0.0000    0.0000    0.0000     0.000     0.000
Ic-norm         0      0.00    0.0000    0.0000    0.0000     0.000     0.000
Ic-pec          0      0.00    0.0000    0.0000    0.0000     0.000     0.000
Ic-broad        0      0.00    0.0000    0.0000    0.0000     0.000     0.000
###
II              0      0.00    0.0000    0.0000    0.0000     0.000     0.000
IIP             0      0.00    0.0000    0.0000    0.0000     0.000     0.000
II-pec          0      0.00    0.0000    0.0000    0.0000     0.000     0.000
IIn             0      0.00    0.0000    0.0000    0.0000     0.000     0.000
IIL             0      0.00    0.0000    0.0000    0.0000     0.000     0.000
###
NotSN           0      0.00    0.0000    0.0000    0.0000     0.000     0.000
AGN             0      0.00    0.0000    0.0000    0.0000     0.000     0.000
Gal             0      0.00    0.0000    0.0000    0.0000     0.000     0.000
LBV             0      0.00    0.0000    0.0000    0.0000     0.000     0.000
M-star          0      0.00    0.0000    0.0000    0.0000     0.000     0.000
 
### rlap-ordered template listings ###
#no. sn type lap rlap z zerr age age_flag grade
   1  sn81B         Ia-norm    0.5645   6.50   0.3583   0.0074    93.50  0   good
#--- rlap cutoff
   2  sn94T         Ia-norm    0.5510   3.32   0.3853   0.0148     1.20  0    cut
   3  sn91bg        Ia-91bg    0.8258   3.30   0.5743   0.0104    54.50  0    cut
   4  sn96X         Ia-norm    0.8448   3.23   0.5383   0.0071     0.90  0    cut
   5  sn96X         Ia-norm    0.8448   3.22   0.5381   0.0071     1.90  0    cut
   6  sn00E         Ia-norm    0.6674   3.19   0.8881   0.0073     8.40  0    cut
   7  sn02cx        Ia-pec     0.8272   3.17   0.8595   0.0056    24.10  0    cut
   8  sn89B         Ia-norm    0.6566   3.07   0.3675   0.0119     9.50  0    cut
   9  sn89B         Ia-norm    0.6593   3.02   0.3658   0.0124    11.50  0    cut
  10  sn91bg        Ia-91bg    0.8001   3.01   0.5717   0.0058   113.20  0    cut
  11  sn95bd        Ia-norm    0.7026   2.96   0.8985   0.0132    11.30  0    cut
  12  sn98aq        Ia-norm    0.6769   2.96   0.8535   0.0100   230.30  0    cut
  13  sn91bg        Ia-91bg    0.7256   2.90   0.5774   0.0234    46.30  0    cut
  14  sn89B         Ia-norm    0.6444   2.88   0.3649   0.0126    13.40  0    cut
  15  sn91bg        Ia-91bg    0.7270   2.82   0.5747   0.0133    53.50  0    cut
  16  sn91M         Ia-norm    0.7798   2.82   0.5913   0.0199   111.80  0    cut
  17  sn94ae        Ia-norm    0.6986   2.80   0.8550   0.0105   153.40  0    cut
  18  sn05hj        Ia-norm    0.6187   2.78   0.5360   0.0080    -0.30  0    cut
  19  sn91bg        Ia-91bg    0.7270   2.77   0.5748   0.0139    53.30  0    cut
  20  sn89B         Ia-norm    0.6390   2.75   0.3682   0.0130     7.50  0    cut
  21  sn02cx        Ia-pec     0.7690   2.75   0.8591   0.0063    23.00  0    cut
  22  sn03cg        Ia-norm    0.6079   2.74   0.5413   0.0082    -1.80  0    cut
  23  sn90O         Ia-norm    0.6728   2.73   0.3730   0.0117    19.90  0    cut
  24  sn00cx        Ia-pec     0.8028   2.69   0.8541   0.0123   124.60  0    cut
  25  sn98bu        Ia-norm    0.6783   2.67   0.8836   0.0099    11.20  0    cut
  26  sn99aa        Ia-91T     0.7148   2.67   0.9066   0.0121    15.40  0    cut
  27  sn00cx        Ia-pec     0.8028   2.66   0.8591   0.0125    96.80  0    cut
  28  sn00cx        Ia-pec     0.8028   2.65   0.8608   0.0126    92.90  0    cut
  29  sn98aq        Ia-norm    0.6796   2.64   0.8709   0.0084    90.50  0    cut
  30  sn94D         Ia-norm    0.7608   2.64   0.5394   0.0091    -1.80  0    cut
  31  sn05hk        Ia-pec     0.6661   2.63   0.8534   0.0070    42.90  0    cut
  32  sn98bu        Ia-norm    0.6783   2.63   0.8838   0.0096    10.20  0    cut
  33  sn98bu        Ia-norm    0.6783   2.62   0.8827   0.0104    12.20  0    cut
  34  sn05hk        Ia-pec     0.6146   2.62   0.8510   0.0063    65.50  0    cut
  35  sn03du        Ia-norm    0.8150   2.61   0.5341   0.0087     5.00  0    cut
  36  sn98bu        Ia-norm    0.6783   2.60   0.8809   0.0108    13.20  0    cut
  37  sn00cx        Ia-pec     0.8028   2.60   0.8517   0.0133   146.40  0    cut
  38  sn95D         Ia-norm    0.7040   2.59   0.8666   0.0109    69.60  0    cut
  39  sn98aq        Ia-norm    0.6796   2.59   0.8567   0.0111   240.30  0    cut
  40  sn02er        Ia-norm    0.7487   2.59   0.8837   0.0145    19.50  0    cut
  41  sn90O         Ia-norm    0.7338   2.59   0.3709   0.0110    19.10  0    cut
  42  sn05hk        Ia-pec     0.8163   2.59   0.8595   0.0079    23.40  0    cut
  43  sn98aq        Ia-norm    0.6796   2.57   0.5362   0.0084     2.90  0    cut
  44  sn91bg        Ia-91bg    0.7067   2.56   0.5741   0.0156    46.50  0    cut
  45  sn03cg        Ia-norm    0.6092   2.56   0.5405   0.0087    -2.30  0    cut
  46  sn94D         Ia-norm    0.6796   2.55   0.5383   0.0096     0.40  0    cut
  47  sn98aq        Ia-norm    0.6796   2.54   0.5361   0.0084     3.90  0    cut
  48  sn05hj        Ia-norm    0.6173   2.54   0.5351   0.0091     1.60  0    cut
  49  sn96X         Ia-norm    0.7067   2.54   0.5378   0.0080     1.90  0    cut
  50  sn98aq        Ia-norm    0.6796   2.53   0.5365   0.0086     1.90  0    cut
  51  sn03du        Ia-norm    0.6931   2.53   0.8723   0.0114   137.60  0    cut
  52  sn03cg        Ia-norm    0.7419   2.52   0.8797   0.0131    16.40  0    cut
  53  sn03du        Ia-norm    0.6823   2.52   0.8803   0.0110    17.00  0    cut
  54  sn98bu        Ia-norm    0.6783   2.52   0.8845   0.0099     9.30  0    cut
  55  sn92A         Ia-norm    0.6471   2.51   0.3816   0.0141     7.30  0    cut
  56  sn90N         Ia-norm    0.8448   2.51   0.5300   0.0088     4.90  0    cut
  57  sn86G         Ia-91bg    0.7013   2.50   0.3474   0.0164    56.50  0    cut
  58  sn96X         Ia-norm    0.7080   2.50   0.5384   0.0081     1.00  0    cut
  59  sn98bu        Ia-norm    0.5672   2.50   0.5912   0.0130     1.20  0    cut
  60  sn03cg        Ia-norm    0.6864   2.49   0.8855   0.0098     7.40  0    cut
  61  sn02cx        Ia-pec     0.5524   2.49   0.8518   0.0060    53.30  0    cut
  62  sn92A         Ia-norm    0.6119   2.48   0.3782   0.0154    11.60  0    cut
  63  sn02bo        Ia-norm    0.6810   2.48   0.8657   0.0141    72.50  0    cut
  64  sn97br        Ia-91T     0.7080   2.48   0.8913   0.0161     8.50  0    cut
  65  sn03du        Ia-norm    0.6877   2.47   0.8644   0.0110   109.00  0    cut
  66  sn98bu        Ia-norm    0.6783   2.47   0.8804   0.0118    14.30  0    cut
  67  sn94D         Ia-norm    0.7879   2.47   0.5403   0.0100    -4.80  0    cut
  68  sn05hk        Ia-pec     0.6661   2.47   0.8540   0.0074    39.00  0    cut
  69  sn81B         Ia-norm    0.6945   2.47   0.8814   0.0146    16.90  0    cut
  70  sn81B         Ia-norm    0.6999   2.46   0.8931   0.0149    16.00  0    cut
  71  sn94D         Ia-norm    0.6810   2.46   0.5405   0.0102    -3.60  0    cut
  72  sn96X         Ia-norm    0.7080   2.45   0.5389   0.0085     0.00  0    cut
  73  sn98aq        Ia-norm    0.6796   2.45   0.8707   0.0092    81.60  0    cut
  74  sn03cg        Ia-norm    0.6715   2.45   0.5409   0.0092    -0.50  0    cut
  75  sn91bg        Ia-91bg    0.7175   2.44   0.5743   0.0157    50.50  0    cut
  76  sn96X         Ia-norm    0.7067   2.44   0.5378   0.0082     2.90  0    cut
  77  sn02er        Ia-norm    0.8245   2.44   0.5449   0.0109    -1.50  0    cut
  78  sn05hk        Ia-pec     0.6661   2.43   0.8536   0.0076    42.00  0    cut
  79  sn03du        Ia-norm    0.6593   2.43   0.8799   0.0104    87.10  0    cut
  80  sn98aq        Ia-norm    0.6783   2.43   0.5370   0.0092     0.90  0    cut
  81  sn94D         Ia-norm    0.7500   2.43   0.5389   0.0092     2.20  0    cut
  82  sn98aq        Ia-norm    0.6796   2.42   0.8714   0.0094    78.60  0    cut
  83  sn05hk        Ia-pec     0.7432   2.42   1.1011   0.0071    -9.30  0    cut
  84  sn98aq        Ia-norm    0.6796   2.41   0.5359   0.0085     4.90  0    cut
  85  sn99aa        Ia-91T     0.6498   2.41   0.9149   0.0095     7.60  0    cut
  86  sn02er        Ia-norm    0.8312   2.41   0.5450   0.0112    -2.50  0    cut
  87  sn96X         Ia-norm    0.6688   2.41   0.5400   0.0094    -0.90  0    cut
  88  sn00cx        Ia-pec     0.8015   2.41   0.8674   0.0149    71.00  0    cut
  89  sn02bo        Ia-norm    0.6810   2.39   0.8615   0.0149    79.40  0    cut
  90  sn94D         Ia-norm    0.7635   2.39   0.5375   0.0092     2.90  0    cut
  91  sn91bg        Ia-91bg    0.6864   2.39   0.5703   0.0070   117.20  0    cut
  92  sn89B         Ia-norm    0.6471   2.38   0.3687   0.0138     5.50  0    cut
  93  sn02bo        Ia-norm    0.6810   2.38   0.8798   0.0168    15.70  0    cut
  94  sn02cx        Ia-pec     0.6986   2.38   0.8594   0.0101    10.30  0    cut
  95  sn94D         Ia-norm    0.6796   2.36   0.8780   0.0131    13.40  0    cut
  96  sn05hk        Ia-pec     0.6607   2.36   0.8585   0.0090    23.20  0    cut
  97  sn96X         Ia-norm    0.6755   2.36   0.5385   0.0092    -1.10  0    cut
  98  sn05hk        Ia-pec     0.6634   2.36   0.8570   0.0082    27.20  0    cut
  99  sn02bo        Ia-norm    0.6796   2.36   0.8802   0.0166    16.70  0    cut
 100  sn03du        Ia-norm    0.6823   2.35   0.8805   0.0129    19.00  0    cut
 101  sn02bo        Ia-norm    0.6783   2.35   0.8863   0.0180    10.80  0    cut
 102  sn81B         Ia-norm    0.8448   2.35   0.5589   0.0132    -0.90  0    cut
 103  sn81B         Ia-norm    0.8448   2.35   0.5592   0.0132     0.00  0    cut
 104  sn02bo        Ia-norm    0.6783   2.35   0.8840   0.0171    12.80  0    cut
 105  sn02bo        Ia-norm    0.6796   2.34   0.8826   0.0171    13.80  0    cut
 106  sn02bo        Ia-norm    0.6796   2.34   0.8811   0.0173    14.80  0    cut
 107  sn04eo        Ia-norm    0.6715   2.34   0.6512   0.0167   224.20  0    cut
 108  sn05hk        Ia-pec     0.7459   2.34   0.8596   0.0090    20.30  0    cut
 109  sn02bo        Ia-norm    0.6796   2.34   0.8844   0.0173    11.90  0    cut
 110  sn89B         Ia-norm    0.8448   2.34   0.5473   0.0145    -6.30  0    cut
 111  sn05gj        Ia-csm     0.6187   2.33   0.3148   0.0065   -12.10  0    cut
 112  sn03du        Ia-norm    0.7446   2.32   0.8504   0.0120   220.70  0    cut
 113  sn98aq        Ia-norm    0.6783   2.32   0.5371   0.0097     0.00  0    cut
 114  sn94ae        Ia-norm    0.6864   2.32   0.8690   0.0117    70.00  0    cut
 115  sn89B         Ia-norm    0.6498   2.32   0.3698   0.0138     3.50  0    cut
 116  sn02bo        Ia-norm    0.6796   2.31   0.8798   0.0169    17.80  0    cut
 117  sn03du        Ia-norm    0.7690   2.31   0.8614   0.0126   141.30  0    cut
 118  sn90N         Ia-norm    0.8448   2.31   1.1298   0.0118    -6.40  0    cut
 119  sn03du        Ia-norm    0.7419   2.30   0.5354   0.0092     1.90  0    cut
 120  sn94D         Ia-norm    0.6823   2.30   0.5401   0.0106    -2.60  0    cut
 121  sn96X         Ia-norm    0.7080   2.30   0.8869   0.0096     8.90  0    cut
 122  sn98bu        Ia-norm    0.6783   2.30   0.8524   0.0129   208.00  0    cut
 123  sn91T         Ia-91T     0.8448   2.30   1.1228   0.0089    -0.20  0    cut
 124  sn98bu        Ia-norm    0.6796   2.29   0.8480   0.0147   242.80  0    cut
 125  sn98bu        Ia-norm    0.6796   2.29   0.8533   0.0128   216.90  0    cut
 126  sn86G         Ia-91bg    0.6133   2.29   0.5496   0.0108    -2.70  0    cut
 127  sn03du        Ia-norm    0.7013   2.29   0.8798   0.0127    17.80  0    cut
 128  sn05hk        Ia-pec     0.5320   2.28   0.8516   0.0074    53.80  0    cut
 129  sn00cx        Ia-pec     0.8028   2.28   0.8725   0.0163    61.10  0    cut
 130  sn81B         Ia-norm    0.6864   2.28   0.8920   0.0137    26.90  0    cut
 131  sn98bu        Ia-norm    0.6783   2.28   0.8545   0.0125   190.10  0    cut
 132  sn03du        Ia-norm    0.6877   2.28   0.8811   0.0251    19.60  0    cut
 133  sn97br        Ia-91T     0.8299   2.27   0.8877   0.0155    12.40  0    cut
 134  sn91bg        Ia-91bg    0.7026   2.27   1.1745   0.0222     1.50  0    cut
 135  sn98aq        Ia-norm    0.6783   2.27   0.8806   0.0147    18.80  0    cut
 136  sn94D         Ia-norm    0.6742   2.27   0.8725   0.0117    59.10  0    cut
 137  sn94S         Ia-norm    0.6688   2.27   0.5372   0.0094     1.40  0    cut
 138  sn97br        Ia-91T     0.6498   2.26   0.8937   0.0158    -8.00  0    cut
 139  sn02bo        Ia-norm    0.6796   2.26   0.8806   0.0170    18.70  0    cut
 140  sn03du        Ia-norm    0.7514   2.26   0.8948   0.0113    13.70  0    cut
 141  sn03cg        Ia-norm    0.7663   2.26   0.8817   0.0111    12.40  0    cut
 142  sn03du        Ia-norm    0.6837   2.26   0.8808   0.0268    20.00  0    cut
 143  sn91T         Ia-91T     0.8001   2.25   1.1401   0.0105    -9.30  0    cut
 144  sn03du        Ia-norm    0.7432   2.25   0.5337   0.0090     3.90  0    cut
 145  sn02er        Ia-norm    0.7568   2.25   0.8840   0.0146    10.60  0    cut
 146  sn98aq        Ia-norm    0.6783   2.25   0.5397   0.0123    -9.00  0    cut
 147  sn94ae        Ia-norm    0.7148   2.25   0.8705   0.0110    64.00  0    cut
 148  sn96X         Ia-norm    0.7040   2.24   0.5373   0.0083     4.90  0    cut
 149  sn03du        Ia-norm    0.6823   2.24   0.5359   0.0094     3.10  0    cut
 150  sn05gj        Ia-csm     0.7162   2.24   0.4139   0.0048   133.50  0    cut
 151  sn94D         Ia-norm    0.7094   2.24   0.8798   0.0109    11.00  0    cut
 152  sn90N         Ia-norm    0.8299   2.24   0.8815   0.0098    17.70  0    cut
 153  sn02bo        Ia-norm    0.6796   2.24   0.8811   0.0169    19.80  0    cut
 154  sn96X         Ia-norm    0.7080   2.24   0.5394   0.0094    -2.00  0    cut
 155  sn97br        Ia-91T     0.6891   2.24   0.8681   0.0154    66.40  0    cut
 156  sn03du        Ia-norm    0.6796   2.23   0.5360   0.0097     2.20  0    cut
 157  sn96X         Ia-norm    0.7080   2.23   0.5400   0.0100    -3.00  0    cut
 158  sn98aq        Ia-norm    0.6796   2.23   0.5358   0.0087     5.90  0    cut
 159  sn92A         Ia-norm    0.6133   2.22   0.3733   0.0169    16.30  0    cut
 160  sn03du        Ia-norm    0.6823   2.22   0.8718   0.0105    61.70  0    cut
 161  sn94D         Ia-norm    0.6661   2.22   0.8718   0.0125    55.10  0    cut
 162  sn02cx        Ia-pec     0.5551   2.21   0.8616   0.0074    18.20  0    cut
 163  sn03du        Ia-norm    0.7432   2.21   0.5363   0.0096     0.80  0    cut
 164  sn05hk        Ia-pec     0.6173   2.21   0.8536   0.0092    37.00  0    cut
 165  sn02er        Ia-norm    0.8204   2.21   0.5483   0.0132    -4.40  0    cut
 166  sn90N         Ia-norm    0.7987   2.21   0.8828   0.0104    14.50  0    cut
 167  sn96X         Ia-norm    0.4806   2.21   0.3672   0.0159    12.70  0    cut
 168  sn98bu        Ia-norm    0.6769   2.21   0.5393   0.0107    -0.70  0    cut
 169  sn97br        Ia-91T     0.7757   2.21   0.8925   0.0152     7.80  0    cut
 170  sn94S         Ia-norm    0.6661   2.20   0.5386   0.0100    -3.40  0    cut
 171  sn91bg        Ia-91bg    0.7419   2.20   0.5657   0.0081   117.20  0    cut
 172  sn91T         Ia-91T     0.6783   2.20   0.8518   0.0163   260.40  0    cut
 173  sn03du        Ia-norm    0.6349   2.19   0.8737   0.0149   138.60  0    cut
 174  sn02bo        Ia-norm    0.6810   2.19   0.8713   0.0151    51.60  0    cut
 175  sn02bo        Ia-norm    0.6810   2.19   0.8738   0.0152    43.60  0    cut
 176  sn02bo        Ia-norm    0.6810   2.19   0.8681   0.0144    54.60  0    cut
 177  sn98aq        Ia-norm    0.6796   2.19   0.8732   0.0099    65.60  0    cut
 178  sn02bo        Ia-norm    0.6796   2.19   0.8805   0.0169    20.70  0    cut
 179  sn03du        Ia-norm    0.6810   2.18   0.8722   0.0097    60.70  0    cut
 180  sn02bo        Ia-norm    0.6810   2.18   0.8810   0.0160    23.80  0    cut
 181  sn94Q         Ia-norm    0.6079   2.18   0.1697   0.0198    18.50  0    cut
 182  sn05hk        Ia-pec     0.7446   2.18   0.8609   0.0139    14.40  0    cut
 183  sn94D         Ia-norm    0.6701   2.17   0.8733   0.0119    57.10  0    cut
 184  sn03du        Ia-norm    0.7595   2.17   0.5359   0.0100    -1.10  0    cut
 185  sn03du        Ia-norm    0.7432   2.17   0.8677   0.0105    84.30  0    cut
 186  sn94ae        Ia-norm    0.7162   2.17   0.5402   0.0104     1.30  0    cut
 187  sn81B         Ia-norm    0.7378   2.17   0.8815   0.0155    19.90  0    cut
 188  sn04S         Ia-norm    0.7473   2.17   0.8725   0.0137    13.40  0    cut
 189  sn98aq        Ia-norm    0.6796   2.17   0.8741   0.0099    62.60  0    cut
 190  sn02bo        Ia-norm    0.6810   2.17   0.8712   0.0148    49.60  0    cut
 191  sn98bu        Ia-norm    0.6769   2.16   0.5399   0.0112    -1.70  0    cut
 192  sn94D         Ia-norm    0.6850   2.16   0.5409   0.0116    -4.70  0    cut
 193  sn03du        Ia-norm    0.7432   2.16   0.5364   0.0100    -0.20  0    cut
 194  sn05hj        Ia-norm    0.6187   2.16   0.5360   0.0097     4.30  0    cut
 195  sn81B         Ia-norm    0.7459   2.15   0.8926   0.0158    18.90  0    cut
 196  sn91M         Ia-norm    0.7121   2.15   0.8652   0.0170    80.00  0    cut
 197  sn02er        Ia-norm    0.8312   2.15   0.5420   0.0103     3.40  0    cut
 198  sn02bo        Ia-norm    0.6810   2.15   0.8744   0.0151    40.60  0    cut
 199  sn86G         Ia-91bg    0.5957   2.15   0.3763   0.0177     1.60  0    cut
 200  sn03cg        Ia-norm    0.6999   2.14   0.5430   0.0112    -4.50  0    cut
 201  sn03du        Ia-norm    0.7432   2.14   0.8694   0.0103    72.30  0    cut
 202  sn99aa        Ia-91T     0.7175   2.13   0.8966   0.0140    53.90  0    cut
 203  sn98aq        Ia-norm    0.6796   2.13   0.8746   0.0098    57.70  0    cut
 204  sn99ee        Ia-norm    0.8448   2.13   1.1389   0.0189    -8.60  0    cut
 205  sn02bo        Ia-norm    0.6810   2.13   0.8800   0.0172    21.70  0    cut
 206  sn94M         Ia-norm    0.8150   2.12   0.8872   0.0130    12.90  0    cut
 207  sn02er        Ia-norm    0.7514   2.12   0.5419   0.0105    -0.50  0    cut
 208  sn94ae        Ia-norm    0.8448   2.12   0.3733   0.0153     9.40  0    cut
 209  sn03cg        Ia-norm    0.7703   2.12   0.8844   0.0114    11.40  0    cut
 210  sn98bu        Ia-norm    0.6769   2.12   0.5401   0.0116    -2.80  0    cut
 211  sn91bg        Ia-91bg    0.7243   2.12   1.1731   0.0224     2.70  0    cut
 212  sn94D         Ia-norm    0.6552   2.12   0.5476   0.0148    -8.70  0    cut
 213  sn03du        Ia-norm    0.8218   2.12   0.5373   0.0121    -3.20  0    cut
 214  sn04eo        Ia-norm    0.6444   2.11   0.8690   0.0110    67.00  0    cut
 215  sn90O         Ia-norm    0.8448   2.11   1.1314   0.0137    -5.10  0    cut
 216  sn91T         Ia-91T     0.8015   2.11   1.1433   0.0119   -10.30  0    cut
 217  sn86G         Ia-91bg    0.6187   2.11   0.5739   0.0189    54.50  0    cut
 218  sn96X         Ia-norm    0.7080   2.11   0.8869   0.0099     7.90  0    cut
 219  sn03cg        Ia-norm    0.6986   2.11   0.5446   0.0112    -6.80  0    cut
 220  sn05hk        Ia-pec     0.6282   2.11   0.8620   0.0127     3.60  0    cut
 221  sn94D         Ia-norm    0.6810   2.10   0.8802   0.0160    15.30  0    cut
 222  sn97br        Ia-91T     0.6837   2.10   0.8848   0.0175    17.40  0    cut
 223  sn92A         Ia-norm    0.8448   2.10   0.5650   0.0101     5.90  0    cut
 224  sn98aq        Ia-norm    0.6796   2.10   0.8746   0.0101    59.60  0    cut
 225  sn03du        Ia-norm    0.6810   2.09   0.8726   0.0108    56.70  0    cut
 226  sn02ic        Ia-csm     0.5659   2.09   0.1640   0.0240    65.60  0    cut
 227  sn91T         Ia-91T     0.7568   2.09   0.8831   0.0133    10.90  0    cut
 228  sn02er        Ia-norm    0.7730   2.09   0.5451   0.0125    -3.50  0    cut
 229  sn94D         Ia-norm    0.6363   2.09   0.8768   0.0110    10.10  0    cut
 230  sn99aa        Ia-91T     0.7283   2.09   0.8991   0.0143    50.00  0    cut
 231  sn91T         Ia-91T     0.8191   2.08   0.8809   0.0141    15.90  0    cut
 232  sn94ae        Ia-norm    0.8353   2.08   0.8588   0.0134   123.60  0    cut
 233  sn86G         Ia-91bg    0.7663   2.08   0.5688   0.0147    90.00  0    cut
 234  sn03du        Ia-norm    0.6837   2.08   0.8805   0.0162    22.00  0    cut
 235  sn03du        Ia-norm    0.6837   2.08   0.8733   0.0107    51.80  0    cut
 236  sn05hk        Ia-pec     0.7974   2.07   1.0987   0.0081    -8.30  0    cut
 237  sn90N         Ia-norm    0.6850   2.07   0.8524   0.0116   228.10  0    cut
 238  sn03cg        Ia-norm    0.6769   2.07   0.5436   0.0123    -5.90  0    cut
 239  sn98aq        Ia-norm    0.6796   2.07   0.8813   0.0163    20.80  0    cut
 240  sn90O         Ia-norm    0.8448   2.06   1.1349   0.0150    -7.10  0    cut
 241  sn81B         Ia-norm    0.7500   2.06   0.6476   0.0202   267.40  0    cut
 242  sn02bo        Ia-norm    0.6810   2.06   0.8784   0.0161    29.70  0    cut
 243  sn90O         Ia-norm    0.8448   2.06   1.1329   0.0152    -6.10  0    cut
 244  sn03cg        Ia-norm    0.7757   2.05   0.8839   0.0101     9.60  0    cut
 245  sn91T         Ia-91T     0.8177   2.05   0.8675   0.0143    75.20  0    cut
 246  sn89B         Ia-norm    0.6647   2.05   0.8698   0.0100    51.00  0    cut
 247  sn89B         Ia-norm    0.6850   2.05   0.3604   0.0164    12.40  0    cut
 248  sn06gz        Ia-pec     0.7473   2.04   1.1346   0.0074    -9.30  0    cut
 249  sn97br        Ia-91T     0.6755   2.04   0.8951   0.0175    -7.00  0    cut
 250  sn99aa        Ia-91T     0.7933   2.04   0.9038   0.0155    21.10  0    cut
 251  sn02er        Ia-norm    0.6891   2.04   0.8892   0.0098    24.20  0    cut
 252  sn02bo        Ia-norm    0.6810   2.04   0.8734   0.0161    45.60  0    cut
 253  sn99by        Ia-91bg    0.6796   2.03   0.8681   0.0101    42.10  0    cut
 254  sn99by        Ia-91bg    0.6796   2.03   1.1718   0.0206    -3.90  0    cut
 255  sn98bu        Ia-norm    0.6783   2.03   0.8730   0.0111    57.10  0    cut
 256  sn97br        Ia-91T     0.7338   2.03   0.8681   0.0168    71.90  0    cut
 257  sn91bg        Ia-91bg    0.6810   2.02   1.1886   0.0255    32.70  0    cut
 258  sn94D         Ia-norm    0.7067   2.02   0.8791   0.0121    12.20  0    cut
 259  sn03du        Ia-norm    0.6823   2.02   0.8803   0.0287    24.00  0    cut
 260  sn03du        Ia-norm    0.7717   2.02   0.8700   0.0111    63.40  0    cut
 261  sn05hk        Ia-pec     0.7432   2.01   1.0968   0.0098    -8.30  0    cut
 262  sn03du        Ia-norm    0.6823   2.01   0.8744   0.0110    49.80  0    cut
 263  sn02bo        Ia-norm    0.6810   2.01   0.8785   0.0165    27.70  0    cut
 264  sn04eo        Ia-norm    0.7987   2.01   0.5441   0.0146    -6.40  0    cut
 265  sn96X         Ia-norm    0.7080   2.01   0.5371   0.0087     5.90  0    cut
 266  sn03cg        Ia-norm    0.7405   2.00   0.8760   0.0141    52.40  0    cut
 267  sn91bg        Ia-91bg    0.6119   2.00   0.6339   0.0118   202.70  0    cut
 268  sn89B         Ia-norm    0.8434   2.00   0.5439   0.0152    -0.50  0    cut
 269  sn92A         Ia-norm    0.7960   1.99   1.1177   0.0185    -5.00  0    cut
 270  sn04S         Ia-norm    0.7473   1.99   0.5750   0.0130    18.40  0    cut
 271  sn94D         Ia-norm    0.6742   1.98   0.8740   0.0141    50.10  0    cut
 272  sn95D         Ia-norm    0.7067   1.98   0.3669   0.0163    11.20  0    cut
 273  sn02cx        Ia-pec     0.5226   1.98   0.8626   0.0098    14.20  0    cut
 274  sn03du        Ia-norm    0.6823   1.98   0.5370   0.0113    -0.80  0    cut
 275  sn04eo        Ia-norm    0.6972   1.98   0.5393   0.0132    -2.80  0    cut
 276  sn98aq        Ia-norm    0.6796   1.98   0.8750   0.0110    54.70  0    cut
 277  sn86G         Ia-91bg    0.5916   1.97   0.5883   0.0232     0.60  0    cut
 278  sn94D         Ia-norm    0.8218   1.97   0.8679   0.0124    83.10  0    cut
 279  sn98aq        Ia-norm    0.6796   1.97   0.5356   0.0091     6.90  0    cut
 280  sn94ae        Ia-norm    0.6972   1.97   0.8740   0.0122    40.10  0    cut
 281  sn99aw        Ia-91T     0.7107   1.97   0.8818   0.0163    35.90  0    cut
 282  sn03du        Ia-norm    0.6336   1.97   0.8745   0.0111    45.60  0    cut
 283  sn02er        Ia-norm    0.7270   1.96   0.5759   0.0214    33.20  0    cut
 284  sn03cg        Ia-norm    0.6850   1.96   0.5458   0.0128    -7.50  0    cut
 285  sn98aq        Ia-norm    0.6796   1.96   0.8762   0.0111    50.60  0    cut
 286  sn91T         Ia-91T     0.8326   1.95   1.0169   0.0193   -11.50  0    cut
 287  sn90N         Ia-norm    0.8326   1.95   0.8476   0.0121   213.40  0    cut
 288  sn99by        Ia-91bg    0.6796   1.95   0.8703   0.0103    33.10  0    cut
 289  sn05hk        Ia-pec     0.6282   1.95   1.0972   0.0103    -7.30  0    cut
 290  sn96X         Ia-norm    0.8448   1.94   0.5374   0.0089     7.80  0    cut
 291  sn91T         Ia-91T     0.5334   1.94   0.8797   0.0184    18.60  0    cut
 292  sn95D         Ia-norm    0.7040   1.94   0.8740   0.0132    42.80  0    cut
 293  sn91bg        Ia-91bg    0.8326   1.94   0.8760   0.0104    18.90  0    cut
 294  sn99by        Ia-91bg    0.6796   1.94   0.8709   0.0104    31.10  0    cut
 295  sn06gz        Ia-pec     0.7419   1.94   1.1358   0.0080   -10.30  0    cut
 296  sn94D         Ia-norm    0.8448   1.94   0.5412   0.0106    -5.60  0    cut
 297  sn02er        Ia-norm    0.7960   1.93   0.5443   0.0173    -8.40  0    cut
 298  sn02bo        Ia-norm    0.6796   1.93   0.8788   0.0173    28.60  0    cut
 299  sn99by        Ia-91bg    0.6796   1.93   0.8712   0.0106    29.10  0    cut
 300  sn91T         Ia-91T     0.8448   1.93   0.5710   0.0161    46.60  0    cut
 301  sn02bo        Ia-norm    0.6539   1.93   0.8744   0.0155    39.30  0    cut
 302  sn03du        Ia-norm    0.8339   1.93   0.8721   0.0109    59.30  0    cut
 303  sn04eo        Ia-norm    0.7527   1.92   0.5786   0.0130    14.00  0    cut
 304  sn04eo        Ia-norm    0.7243   1.92   0.8731   0.0113    53.30  0    cut
 305  sn04eo        Ia-norm    0.6959   1.92   0.8696   0.0119    71.10  0    cut
 306  sn99aa        Ia-91T     0.8380   1.92   0.5989   0.0157    26.20  0    cut
 307  sn93ac        Ia-norm    0.8448   1.92   0.5533   0.0121     6.90  0    cut
 308  sn03du        Ia-norm    0.7690   1.91   0.8856   0.0104    10.80  0    cut
 309  sn99by        Ia-91bg    0.6796   1.91   0.8733   0.0106    25.10  0    cut
 310  sn99aa        Ia-91T     0.7514   1.90   0.5956   0.0179    29.10  0    cut
 311  sn03du        Ia-norm    0.7866   1.90   0.8728   0.0112    51.60  0    cut
 312  sn00cx        Ia-pec     0.6214   1.90   0.9406   0.0110     7.50  0    cut
 313  sn94Q         Ia-norm    0.6823   1.90   0.8700   0.0156    41.60  0    cut
 314  sn03du        Ia-norm    0.6837   1.90   0.8797   0.0172    26.00  0    cut
 315  sn92A         Ia-norm    0.7960   1.89   1.1098   0.0164    -0.40  0    cut
 316  sn94S         Ia-norm    0.7365   1.89   0.8790   0.0181    20.90  0    cut
 317  sn89B         Ia-norm    0.6864   1.89   0.3537   0.0180    17.40  0    cut
 318  sn05hk        Ia-pec     0.7541   1.89   1.0962   0.0095    -7.30  0    cut
 319  sn05hk        Ia-pec     0.6931   1.89   0.8587   0.0153    14.30  0    cut
 320  sn89B         Ia-norm    0.6850   1.88   0.3533   0.0184    18.40  0    cut
 321  sn94D         Ia-norm    0.7053   1.88   0.8825   0.0142    13.20  0    cut
 322  sn03cg        Ia-norm    0.6999   1.88   0.5378   0.0110     1.50  0    cut
 323  sn99aa        Ia-91T     0.7175   1.88   0.9006   0.0141    41.10  0    cut
 324  sn95D         Ia-norm    0.7026   1.87   0.3640   0.0178    14.10  0    cut
 325  sn02bo        Ia-norm    0.7121   1.87   0.8787   0.0171    29.40  0    cut
 326  sn94D         Ia-norm    0.6810   1.87   0.8778   0.0162    17.40  0    cut
 327  sn98bu        Ia-norm    0.6796   1.87   0.6494   0.0166   179.10  0    cut
 328  sn90N         Ia-norm    0.7378   1.87   0.8786   0.0126    38.50  0    cut
 329  sn04eo        Ia-norm    0.6986   1.87   0.8734   0.0110    45.40  0    cut
 330  sn02bo        Ia-norm    0.5848   1.87   0.8591   0.0138    83.30  0    cut
 331  sn98bu        Ia-norm    0.6783   1.87   0.8755   0.0124    44.10  0    cut
 332  sn98bu        Ia-norm    0.6796   1.86   0.8755   0.0125    43.10  0    cut
 333  sn86G         Ia-91bg    0.6268   1.86   0.8707   0.0106    44.60  0    cut
 334  sn98bu        Ia-norm    0.6796   1.86   0.8762   0.0122    41.10  0    cut
 335  sn06gz        Ia-pec     0.7392   1.86   1.1390   0.0086   -12.30  0    cut
 336  sn89B         Ia-norm    0.6877   1.86   0.3561   0.0183    16.40  0    cut
 337  sn02bo        Ia-norm    0.7135   1.86   0.9364   0.0270   -12.30  0    cut
 338  sn81B         Ia-norm    0.7622   1.86   0.8811   0.0160    23.90  0    cut
 339  sn03cg        Ia-norm    0.6525   1.86   0.8776   0.0105    43.40  0    cut
 340  sn99ee        Ia-norm    0.8069   1.86   1.1291   0.0166    -6.70  0    cut
 341  sn98bu        Ia-norm    0.6796   1.85   0.8765   0.0121    42.10  0    cut
 342  sn03cg        Ia-norm    0.6322   1.85   0.8569   0.0107   383.10  0    cut
 343  sn02er        Ia-norm    0.7798   1.85   0.5480   0.0148    -6.40  0    cut
 344  sn01el        Ia-norm    0.7960   1.85   0.8867   0.0162    18.10  0    cut
 345  sn95E         Ia-norm    0.7784   1.85   0.3683   0.0170    10.00  0    cut
 346  sn05hk        Ia-pec     0.8448   1.85   1.0926   0.0091    -5.10  0    cut
 347  sn02ic        Ia-csm     0.8448   1.84   0.5333   0.0145     5.60  0    cut
 348  sn95D         Ia-norm    0.8434   1.84   0.8743   0.0114    37.80  0    cut
 349  sn03cg        Ia-norm    0.7392   1.84   0.5384   0.0103     4.50  0    cut
 350  sn91bg        Ia-91bg    0.5632   1.84   0.8773   0.0089    18.60  0    cut
 351  sn98bu        Ia-norm    0.6796   1.84   0.8764   0.0121    40.10  0    cut
 352  sn00cx        Ia-pec     0.8028   1.84   0.8829   0.0194    41.30  0    cut
 353  sn91T         Ia-91T     0.7744   1.84   0.8693   0.0140    67.60  0    cut
 354  sn00cx        Ia-pec     0.7852   1.84   0.9379   0.0101     6.50  0    cut
 355  sn01el        Ia-norm    0.5686   1.84   0.9396   0.0098    -3.70  0    cut
 356  sn86G         Ia-91bg    0.6024   1.84   0.5730   0.0198    52.00  0    cut
 357  sn00cx        Ia-pec     0.4982   1.84   0.3713   0.0207    19.40  0    cut
 358  sn81B         Ia-norm    0.7717   1.83   0.8928   0.0163    22.90  0    cut
 359  sn94D         Ia-norm    0.8448   1.83   0.5385   0.0166    -3.80  0    cut
 360  sn05gj        Ia-csm     0.6363   1.83   0.3139   0.0082    -1.80  0    cut
 361  sn01el        Ia-norm    0.7933   1.83   0.8908   0.0108     9.20  0    cut
 362  sn03du        Ia-norm    0.7229   1.83   0.3689   0.0159     7.90  0    cut
 363  sn99by        Ia-91bg    0.6783   1.83   1.1712   0.0243     4.10  0    cut
 364  sn97br        Ia-91T     0.7026   1.83   0.8836   0.0190    21.30  0    cut
 365  sn04eo        Ia-norm    0.7527   1.83   0.8761   0.0163    12.40  0    cut
 366  sn86G         Ia-91bg    0.6024   1.82   0.5734   0.0201    54.00  0    cut
 367  sn91bg        Ia-91bg    0.7771   1.82   0.8731   0.0101    25.60  0    cut
 368  sn95D         Ia-norm    0.8448   1.82   0.8803   0.0147    16.10  0    cut
 369  sn94ae        Ia-norm    0.6986   1.82   0.3697   0.0166     9.30  0    cut
 370  sn02bo        Ia-norm    0.8326   1.82   0.8730   0.0160    44.40  0    cut
 371  sn05hk        Ia-pec     0.7432   1.82   1.0944   0.0096    -6.30  0    cut
 372  sn00cx        Ia-pec     0.6227   1.82   0.8843   0.0128    30.40  0    cut
 373  sn04eo        Ia-norm    0.6620   1.82   0.8742   0.0109    49.40  0    cut
 374  sn91T         Ia-91T     0.8150   1.82   0.8734   0.0115    45.70  0    cut
 375  sn05hj        Ia-norm    0.6241   1.82   1.1260   0.0082    -5.10  0    cut
 376  sn03du        Ia-norm    0.6837   1.81   0.8792   0.0146    29.00  0    cut
 377  sn94ae        Ia-norm    0.6823   1.81   0.3694   0.0177    11.30  0    cut
 378  sn91bg        Ia-91bg    0.6403   1.81   0.8789   0.0119     2.70  0    cut
 379  sn98bu        Ia-norm    0.6796   1.81   0.8770   0.0129    37.20  0    cut
 380  sn98bu        Ia-norm    0.6796   1.81   0.8764   0.0128    38.20  0    cut
 381  sn90O         Ia-norm    0.6999   1.81   0.5492   0.0123    -0.40  0    cut
 382  sn96X         Ia-norm    0.7053   1.81   0.5370   0.0090     6.90  0    cut
 383  sn98bu        Ia-norm    0.6783   1.81   0.8766   0.0127    39.20  0    cut
 384  sn94Q         Ia-norm    0.7635   1.81   0.8826   0.0217    11.60  0    cut
 385  sn94D         Ia-norm    0.6661   1.81   0.8754   0.0143    40.30  0    cut
 386  sn99by        Ia-91bg    0.6783   1.81   1.1689   0.0242     5.20  0    cut
 387  sn86G         Ia-91bg    0.6024   1.81   0.5738   0.0205    56.00  0    cut
 388  sn03du        Ia-norm    0.7717   1.80   0.8811   0.0184    21.80  0    cut
 389  sn03du        Ia-norm    0.8218   1.80   0.7899   0.0122    -5.00  0    cut
 390  sn92A         Ia-norm    0.7730   1.80   0.5557   0.0108     6.30  0    cut
 391  sn03cg        Ia-norm    0.6579   1.79   0.8804   0.0181    19.40  0    cut
 392  sn94M         Ia-norm    0.6634   1.79   0.5550   0.0154     5.00  0    cut
 393  sn86G         Ia-91bg    0.7554   1.79   0.5693   0.0144   103.00  0    cut
 394  sn91bg        Ia-91bg    0.6119   1.79   0.8693   0.0104    33.70  0    cut
 395  sn99by        Ia-91bg    0.7392   1.79   1.1737   0.0273     3.10  0    cut
 396  sn99ee        Ia-norm    0.7487   1.79   0.5740   0.0167    27.00  0    cut
 397  sn06gz        Ia-pec     0.7432   1.78   0.3708   0.0140     8.20  0    cut
 398  sn03du        Ia-norm    0.7283   1.78   0.3692   0.0163     8.90  0    cut
 399  sn02ic        Ia-csm     0.8001   1.78   0.8724   0.0143    44.10  0    cut
 400  sn96X         Ia-norm    0.7094   1.78   0.8836   0.0161    20.80  0    cut
 401  sn04S         Ia-norm    0.7459   1.78   0.8693   0.0124    42.10  0    cut
 402  sn94D         Ia-norm    0.4522   1.78   0.3324   0.0275    26.20  0    cut
 403  sn01el        Ia-norm    0.7933   1.78   0.8837   0.0118    39.90  0    cut
 404  sn99by        Ia-91bg    0.6796   1.78   1.1695   0.0255     6.10  0    cut
 405  sn91bg        Ia-91bg    0.6539   1.78   0.8773   0.0107    29.50  0    cut
 406  sn94D         Ia-norm    0.6146   1.78   0.8709   0.0206    48.00  0    cut
 407  sn98bu        Ia-norm    0.6783   1.78   0.8783   0.0124    31.10  0    cut
 408  sn95D         Ia-norm    0.6904   1.77   0.3702   0.0134     4.20  0    cut
 409  sn05gj        Ia-csm     0.6282   1.77   0.3125   0.0092     7.70  0    cut
 410  sn96X         Ia-norm    0.8448   1.77   0.8829   0.0126    24.70  0    cut
 411  sn05hk        Ia-pec     0.6255   1.77   1.0944   0.0116    -6.30  0    cut
 412  sn98bu        Ia-norm    0.6796   1.77   0.8769   0.0131    36.20  0    cut
 413  sn98bu        Ia-norm    0.6796   1.77   0.8782   0.0131    35.20  0    cut
 414  sn96X         Ia-norm    0.8448   1.76   0.8833   0.0142    22.50  0    cut
 415  sn99aa        Ia-91T     0.6986   1.76   1.1554   0.0105    -4.10  0    cut
 416  sn03du        Ia-norm    0.7405   1.76   0.3701   0.0165     9.80  0    cut
 417  sn05hk        Ia-pec     0.7459   1.76   0.8656   0.0130    -1.40  0    cut
 418  sn03du        Ia-norm    0.8163   1.76   0.8805   0.0300    26.70  0    cut
 419  sn91bg        Ia-91bg    0.8015   1.76   0.8770   0.0113    14.70  0    cut
 420  sn89B         Ia-norm    0.6823   1.75   0.3540   0.0199    14.40  0    cut
 421  sn02bo        Ia-norm    0.6796   1.75   0.5904   0.0135   -13.10  0    cut
 422  sn91T         Ia-91T     0.8218   1.75   0.8805   0.0289    24.80  0    cut
 423  sn02er        Ia-norm    0.8042   1.75   0.8831   0.0197    16.40  0    cut
 424  sn02er        Ia-norm    0.8042   1.75   0.8831   0.0197    15.50  0    cut
 425  sn98bu        Ia-norm    0.6796   1.75   0.8770   0.0135    34.20  0    cut
 426  sn94D         Ia-norm    0.6823   1.75   0.8729   0.0161    50.00  0    cut
 427  sn99by        Ia-91bg    0.7392   1.75   1.1711   0.0229    -2.80  0    cut
 428  sn96X         Ia-norm    0.7811   1.74   0.8814   0.0135    31.70  0    cut
 429  sn03fg        Ia-pec     0.8448   1.74   0.5317   0.0108     2.00  0    cut
 430  sn00E         Ia-norm    0.6999   1.74   1.1988   0.0000    -1.40  0    cut
 431  sn98bu        Ia-norm    0.6796   1.74   0.8793   0.0137    30.20  0    cut
 432  sn91T         Ia-91T     0.7392   1.74   1.1344   0.0118    -7.30  0    cut
 433  sn02er        Ia-norm    0.6891   1.73   0.5419   0.0119     4.40  0    cut
 434  sn00cx        Ia-pec     0.7839   1.73   0.9391   0.0104     5.60  0    cut
 435  sn94D         Ia-norm    0.8448   1.73   0.8788   0.0156    16.30  0    cut
 436  sn06gz        Ia-pec     0.7107   1.73   1.1417   0.0081   -13.30  0    cut
 437  sn00cx        Ia-pec     0.6200   1.73   0.9386   0.0131     9.50  0    cut
 438  sn02cx        Ia-pec     0.6931   1.73   1.0967   0.0101    -5.30  0    cut
 439  sn94ae        Ia-norm    0.7229   1.72   0.3695   0.0167    10.40  0    cut
 440  sn06gz        Ia-pec     0.7419   1.72   0.3707   0.0152     9.20  0    cut
 441  sn03du        Ia-norm    0.6999   1.72   0.8883   0.0135    37.40  0    cut
 442  sn94M         Ia-norm    0.6769   1.72   0.3317   0.0284    34.10  0    cut
 443  sn98bu        Ia-norm    0.6796   1.72   0.8783   0.0141    29.20  0    cut
 444  sn03du        Ia-norm    0.7866   1.72   0.8779   0.0128    31.80  0    cut
 445  sn02ic        Ia-csm     0.7121   1.72   0.8807   0.0201     9.40  0    cut
 446  sn97cn        Ia-91bg    0.7703   1.72   0.8684   0.0099    43.40  0    cut
 447  sn97cn        Ia-91bg    0.7243   1.72   0.8749   0.0117     3.90  0    cut
 448  sn95bd        Ia-norm    0.5645   1.71   0.8607   0.0207    72.30  0    cut
 449  sn02er        Ia-norm    0.7920   1.71   0.8730   0.0184     9.40  0    cut
 450  sn94ae        Ia-norm    0.7094   1.71   0.8758   0.0174    36.20  0    cut
 451  sn06gz        Ia-pec     0.7135   1.71   0.6012   0.0152   -13.30  0    cut
 452  sn95bd        Ia-norm    0.5997   1.71   0.8792   0.0206    21.10  0    cut
 453  sn98bu        Ia-norm    0.6783   1.71   0.8782   0.0144    32.10  0    cut
 454  sn98bu        Ia-norm    0.6796   1.71   0.8789   0.0143    28.20  0    cut
 455  sn00cx        Ia-pec     0.6200   1.71   0.6543   0.0254    14.50  0    cut
 456  sn04eo        Ia-norm    0.7527   1.70   0.8771   0.0374    11.00  0    cut
 457  sn91bg        Ia-91bg    0.5794   1.70   0.9018   0.0102    20.20  0    cut
 458  sn99ee        Ia-norm    0.7500   1.70   0.8768   0.0212    20.00  0    cut
 459  sn00cx        Ia-pec     0.7974   1.70   0.8847   0.0242    31.40  0    cut
 460  sn02bo        Ia-norm    0.8367   1.70   0.5654   0.0201    -4.50  0    cut
 461  sn97br        Ia-91T     0.6904   1.70   1.1342   0.0118    -7.40  0    cut
 462  sn98bu        Ia-norm    0.6796   1.70   0.8785   0.0144    33.20  0    cut
 463  sn00cx        Ia-pec     0.5686   1.70   0.8861   0.0127    28.40  0    cut
 464  sn99ac        Ia-91T     0.6525   1.70   0.5648   0.0140    -9.60  0    cut
 465  sn03du        Ia-norm    0.6823   1.70   1.1919   0.0276    -9.70  0    cut
 466  sn95ac        Ia-norm    0.6336   1.69   0.8876   0.0196    24.40  0    cut
 467  sn99by        Ia-91bg    0.6796   1.69   1.1675   0.0265     7.10  0    cut
 468  sn03du        Ia-norm    0.6823   1.69   0.8789   0.0146    34.00  0    cut
 469  sn99ee        Ia-norm    0.7487   1.69   0.5769   0.0224    22.10  0    cut
 470  sn03du        Ia-norm    0.6877   1.69   0.8745   0.0138    39.50  0    cut
 471  sn99ac        Ia-91T     0.8231   1.69   0.8988   0.0194    17.10  0    cut
 472  sn99ac        Ia-91T     0.8191   1.69   0.8990   0.0185    12.20  0    cut
 473  sn00cx        Ia-pec     0.6214   1.69   0.6594   0.0228    11.50  0    cut
 474  sn02bo        Ia-norm    0.6796   1.68   0.5861   0.0154   -12.10  0    cut
 475  sn98aq        Ia-norm    0.6796   1.68   0.8796   0.0137    35.80  0    cut
 476  sn99ee        Ia-norm    0.7487   1.68   0.5736   0.0165    31.90  0    cut
 477  sn03cg        Ia-norm    0.6579   1.68   0.8835   0.0167    26.40  0    cut
 478  sn97br        Ia-91T     0.6999   1.68   1.1325   0.0104    -6.40  0    cut
 479  sn06gz        Ia-pec     0.7094   1.67   1.1428   0.0072   -14.20  0    cut
 480  sn03du        Ia-norm    0.7432   1.67   0.8768   0.0154    34.60  0    cut
 481  sn94ae        Ia-norm    0.6864   1.67   0.3703   0.0176     6.40  0    cut
 482  sn94D         Ia-norm    0.7080   1.67   0.8785   0.0173    15.20  0    cut
 483  sn89B         Ia-norm    0.6877   1.67   0.3517   0.0181    19.40  0    cut
 484  sn94D         Ia-norm    0.6810   1.66   0.8756   0.0138    43.20  0    cut
 485  sn98aq        Ia-norm    0.6810   1.66   0.8797   0.0151    30.80  0    cut
 486  sn99ee        Ia-norm    0.6133   1.66   0.3299   0.0291    40.90  0    cut
 487  sn97br        Ia-91T     0.6092   1.66   0.9054   0.0194    -6.00  0    cut
 488  sn03du        Ia-norm    0.6823   1.66   1.1906   0.0271    -8.80  0    cut
 489  sn99aa        Ia-91T     0.7920   1.66   1.1364   0.0115    -0.60  0    cut
 490  sn86G         Ia-91bg    0.5564   1.66   0.6359   0.0230   323.60  0    cut
 491  sn94ae        Ia-norm    0.6065   1.66   0.8616   0.0261    87.80  0    cut
 492  sn05gj        Ia-csm     0.7135   1.66   0.4123   0.0051    66.80  0    cut
 493  sn06gz        Ia-pec     0.6485   1.66   0.4664   0.0096     7.20  0    cut
 494  sn02er        Ia-norm    0.7459   1.65   0.6410   0.0175   213.00  0    cut
 495  sn91T         Ia-91T     0.7392   1.65   1.1306   0.0115    -6.40  0    cut
 496  sn94D         Ia-norm    0.6498   1.65   0.4677   0.0149    -7.70  0    cut
 497  sn92A         Ia-norm    0.6837   1.65   0.3832   0.0177    -0.60  0    cut
 498  sn96C         Ia-norm    0.7649   1.64   0.3735   0.0175     8.30  0    cut
 499  sn97br        Ia-91T     0.7040   1.64   1.1255   0.0103    -4.00  0    cut
 500  sn04eo        Ia-norm    0.6133   1.64   0.8752   0.0159    48.40  0    cut
 501  sn91bg        Ia-91bg    0.5645   1.64   0.8714   0.0098    34.40  0    cut
 502  sn04eo        Ia-norm    0.7811   1.64   0.8786   0.0127     7.00  0    cut
 503  sn92A         Ia-norm    0.8136   1.64   0.8943   0.0190    11.70  0    cut
 504  sn06gz        Ia-pec     0.7446   1.63   0.3727   0.0150     6.30  0    cut
 505  sn95D         Ia-norm    0.7351   1.63   0.3706   0.0149     8.10  0    cut
 506  sn98aq        Ia-norm    0.6796   1.63   0.8810   0.0342    33.80  0    cut
 507  sn86G         Ia-91bg    0.6173   1.63   0.8726   0.0143    45.60  0    cut
 508  sn81B         Ia-norm    0.5320   1.63   0.8581   0.0199   114.40  0    cut
 509  sn89B         Ia-norm    0.6864   1.63   0.3511   0.0194    20.40  0    cut
 510  sn94ae        Ia-norm    0.7987   1.63   0.6107   0.0063   367.70  0    cut
 511  sn05hk        Ia-pec     0.5916   1.62   0.8637   0.0187    12.40  0    cut
 512  sn81B         Ia-norm    0.4820   1.62   0.3745   0.0191    33.80  0    cut
 513  sn04eo        Ia-norm    0.7514   1.62   0.8750   0.0161    20.80  0    cut
 514  sn95D         Ia-norm    0.6552   1.62   0.3683   0.0164    10.10  0    cut
 515  sn94D         Ia-norm    0.7162   1.62   0.8742   0.0163    53.90  0    cut
 516  sn99by        Ia-91bg    0.6783   1.62   0.8798   0.0140     8.10  0    cut
 517  sn04eo        Ia-norm    0.6945   1.62   0.5753   0.0151    21.40  0    cut
 518  sn02bo        Ia-norm    0.7405   1.62   0.3765   0.0228    -1.20  0    cut
 519  sn97br        Ia-91T     0.7067   1.61   0.8724   0.0193    49.10  0    cut
 520  sn02er        Ia-norm    0.6959   1.61   0.8888   0.0224    12.40  0    cut
 521  sn05gj        Ia-csm     0.6620   1.61   0.4133   0.0056    88.40  0    cut
 522  sn91T         Ia-91T     0.7392   1.61   1.1278   0.0112    -5.30  0    cut
 523  sn05hk        Ia-pec     0.7392   1.61   1.0955   0.0108    -5.30  0    cut
 524  sn94D         Ia-norm    0.5740   1.61   0.8754   0.0138    46.20  0    cut
 525  sn98aq        Ia-norm    0.6796   1.61   0.8811   0.0290    31.80  0    cut
 526  sn99aa        Ia-91T     0.7500   1.61   1.1644   0.0169    -8.50  0    cut
 527  sn04eo        Ia-norm    0.6945   1.61   0.8749   0.0148    29.70  0    cut
 528  sn94M         Ia-norm    0.6241   1.60   0.5449   0.0185     4.00  0    cut
 529  sn92A         Ia-norm    0.8448   1.60   0.8954   0.0147     8.90  0    cut
 530  sn04S         Ia-norm    0.7446   1.60   0.8706   0.0146    36.20  0    cut
 531  sn06gz        Ia-pec     0.6458   1.60   0.3724   0.0134     5.20  0    cut
 532  sn92A         Ia-norm    0.8339   1.60   0.8918   0.0180    17.30  0    cut
 533  sn99ac        Ia-91T     0.8258   1.60   0.9098   0.0210     9.20  0    cut
 534  sn94D         Ia-norm    0.7067   1.60   0.8790   0.0174    17.20  0    cut
 535  sn91bg        Ia-91bg    0.5618   1.60   0.8770   0.0094    16.40  0    cut
 536  sn99aa        Ia-91T     0.7811   1.60   0.9012   0.0178    34.10  0    cut
 537  sn06gz        Ia-pec     0.7432   1.60   0.3727   0.0157     7.20  0    cut
 538  sn06gz        Ia-pec     0.7432   1.59   0.8869   0.0101    10.10  0    cut
 539  sn02bo        Ia-norm    0.6796   1.59   0.5657   0.0203    -7.00  0    cut
 540  sn04S         Ia-norm    0.7189   1.59   0.6234   0.0127    14.00  0    cut
 541  sn02bo        Ia-norm    0.6796   1.59   0.5668   0.0212    -8.10  0    cut
 542  sn02ic        Ia-csm     0.6931   1.58   0.8775   0.0133    31.90  0    cut
 543  sn04eo        Ia-norm    0.6701   1.58   0.8763   0.0149    23.40  0    cut
 544  sn89B         Ia-norm    0.6796   1.58   0.8751   0.0118    37.30  0    cut
 545  sn04S         Ia-norm    0.8448   1.58   1.1117   0.0165     1.70  0    cut
 546  sn01el        Ia-norm    0.5524   1.57   0.5427   0.0131     1.30  0    cut
 547  sn05gj        Ia-csm     0.6661   1.57   0.3135   0.0229    92.10  0    cut
 548  sn03cg        Ia-norm    0.6566   1.57   0.8814   0.0191    23.40  0    cut
 549  sn02bo        Ia-norm    0.7419   1.56   0.3776   0.0227    -2.50  0    cut
 550  sn86G         Ia-91bg    0.6092   1.56   0.6436   0.0227   256.70  0    cut
 551  sn02bo        Ia-norm    0.7419   1.56   0.3791   0.0231    -3.40  0    cut
 552  sn91bg        Ia-91bg    0.6038   1.56   0.5371   0.0159     2.50  0    cut
 553  sn05hk        Ia-pec     0.7202   1.56   1.0933   0.0104    -6.30  0    cut
 554  sn02bo        Ia-norm    0.6796   1.56   0.5637   0.0197    -6.00  0    cut
 555  sn06gz        Ia-pec     0.6444   1.55   0.4702   0.0116    -5.50  0    cut
 556  sn99ee        Ia-norm    0.8069   1.55   0.5371   0.0176     2.20  0    cut
 557  sn89B         Ia-norm    0.6891   1.55   0.3516   0.0208    22.40  0    cut
 558  sn95al        Ia-norm    0.8258   1.55   0.8831   0.0217    17.00  0    cut
 559  sn05gj        Ia-csm     0.7135   1.55   0.3139   0.0320    65.80  0    cut
 560  sn94ae        Ia-norm    0.6783   1.54   0.3693   0.0183     4.40  0    cut
 561  sn02er        Ia-norm    0.6769   1.54   0.5441   0.0128     1.50  0    cut
 562  sn05hj        Ia-norm    0.6214   1.54   1.1292   0.0094    -6.00  0    cut
 563  sn05gj        Ia-csm     0.7148   1.54   0.3146   0.0311    63.00  0    cut
 564  sn94D         Ia-norm    0.6715   1.53   0.8797   0.0194    14.30  0    cut
 565  sn02bo        Ia-norm    0.6796   1.53   0.5625   0.0194    -5.10  0    cut
 566  sn03cg        Ia-norm    0.6065   1.53   0.8823   0.0247    23.40  0    cut
 567  sn94D         Ia-norm    0.6769   1.53   0.8797   0.0199    15.20  0    cut
 568  sn94D         Ia-norm    0.6864   1.53   0.9425   0.0122    -9.50  0    cut
 569  sn06gz        Ia-pec     0.7067   1.53   0.3762   0.0124     4.30  0    cut
 570  sn00E         Ia-norm    0.7107   1.53   0.5407   0.0156    -2.50  0    cut
 571  sn92A         Ia-norm    0.6850   1.53   0.3783   0.0180     3.30  0    cut
 572  sn02bo        Ia-norm    0.7107   1.53   0.5915   0.0141   -13.30  0    cut
 573  sn95E         Ia-norm    0.6024   1.52   0.3728   0.0166    -1.90  0    cut
 574  sn02er        Ia-norm    0.7920   1.52   0.3737   0.0161     5.50  0    cut
 575  sn02bo        Ia-norm    0.7419   1.52   0.3758   0.0237    -1.50  0    cut
 576  sn02bo        Ia-norm    0.7960   1.52   0.5567   0.0209    -1.40  0    cut
 577  sn00cx        Ia-pec     0.5848   1.52   0.8871   0.0149    26.40  0    cut
 578  sn03du        Ia-norm    0.5672   1.51   0.8770   0.0125    33.40  0    cut
 579  sn99ac        Ia-91T     0.7920   1.51   0.5815   0.0228    39.90  0    cut
 580  sn06gz        Ia-pec     0.6376   1.51   0.4688   0.0110    -2.60  0    cut
 581  sn02cx        Ia-pec     0.6959   1.51   0.8612   0.0104    -2.40  0    cut
 582  sn91M         Ia-norm    0.8136   1.51   0.8860   0.0169    25.80  0    cut
 583  sn99ac        Ia-91T     0.7459   1.51   0.8921   0.0154    32.00  0    cut
 584  sn97cn        Ia-91bg    0.5564   1.51   1.0071   0.0085    28.70  0    cut
 585  sn03du        Ia-norm    0.6823   1.50   0.5384   0.0186    -7.80  0    cut
 586  sn03du        Ia-norm    0.7595   1.50   1.1387   0.0148    -6.20  0    cut
 587  sn00cx        Ia-pec     0.5862   1.50   0.8873   0.0165    22.40  0    cut
 588  sn95D         Ia-norm    0.7297   1.50   0.3702   0.0153     6.10  0    cut
 589  sn90N         Ia-norm    0.6065   1.50   0.6450   0.0252   280.70  0    cut
 590  sn02bo        Ia-norm    0.7270   1.50   0.9374   0.0299    -9.40  0    cut
 591  sn02bo        Ia-norm    0.6796   1.50   0.5621   0.0194    -4.00  0    cut
 592  sn92A         Ia-norm    0.8448   1.49   0.8941   0.0141     8.70  0    cut
 593  sn05gj        Ia-csm     0.7148   1.49   0.3139   0.0325    63.90  0    cut
 594  sn86G         Ia-91bg    0.6566   1.48   1.1988   0.0000    -0.90  0    cut
 595  sn02bo        Ia-norm    0.6796   1.48   0.5622   0.0193    -3.10  0    cut
 596  sn04eo        Ia-norm    0.7473   1.48   0.5352   0.0134     2.20  0    cut
 597  sn05hk        Ia-pec     0.7446   1.48   0.3450   0.0204    -2.40  0    cut
 598  sn00cx        Ia-pec     0.5835   1.47   0.8891   0.0192    24.40  0    cut
 599  sn05gj        Ia-csm     0.7148   1.47   0.4124   0.0051    64.90  0    cut
 600  sn99ac        Ia-91T     0.7920   1.47   0.8910   0.0123    29.00  0    cut
 601  sn97br        Ia-91T     0.6539   1.47   0.8686   0.0205    50.50  0    cut
 602  sn05gj        Ia-csm     0.6634   1.47   0.3143   0.0425    61.10  0    cut
 603  sn02er        Ia-norm    0.7365   1.47   1.1099   0.0271    -5.40  0    cut
 604  sn06gz        Ia-pec     0.6241   1.46   0.4719   0.0121   -14.30  0    cut
 605  sn91M         Ia-norm    0.8136   1.46   0.8850   0.0182    24.80  0    cut
 606  sn05hk        Ia-pec     0.7392   1.45   0.8661   0.0174    -3.30  0    cut
 607  sn86G         Ia-91bg    0.6552   1.45   1.1988   0.0000     0.10  0    cut
 608  sn99by        Ia-91bg    0.6024   1.45   0.3711   0.0198    -4.80  0    cut
 609  sn89B         Ia-norm    0.6552   1.44   0.3382   0.0282    49.20  0    cut
 610  sn89B         Ia-norm    0.6755   1.44   0.8760   0.0143    31.40  0    cut
 611  sn90N         Ia-norm    0.5686   1.44   0.6405   0.0231   246.20  0    cut
 612  sn86G         Ia-91bg    0.4860   1.44   0.5845   0.0243    23.10  0    cut
 613  sn86G         Ia-91bg    0.6038   1.44   0.5722   0.0247    49.50  0    cut
 614  sn99aw        Ia-91T     0.5700   1.44   0.9339   0.0251    -0.70  0    cut
 615  sn00E         Ia-norm    0.5104   1.44   0.8525   0.0195   121.20  0    cut
 616  sn86G         Ia-91bg    0.6552   1.44   1.1988   0.0000     1.10  0    cut
 617  sn94ae        Ia-norm    0.6918   1.44   0.3705   0.0195     3.30  0    cut
 618  sn03cg        Ia-norm    0.6011   1.44   0.8741   0.0097    38.30  0    cut
 619  sn02bo        Ia-norm    0.6796   1.43   0.5614   0.0194    -2.10  0    cut
 620  sn89B         Ia-norm    0.6539   1.43   0.3463   0.0249    25.40  0    cut
 621  sn04eo        Ia-norm    0.6783   1.43   0.5546   0.0147   -11.00  0    cut
 622  sn95al        Ia-norm    0.8353   1.42   0.8799   0.0217    25.30  0    cut
 623  sn99ac        Ia-91T     0.8082   1.42   0.5491   0.0153     3.10  0    cut
 624  sn86G         Ia-91bg    0.4968   1.42   0.5842   0.0243    22.10  0    cut
 625  sn91bg        Ia-91bg    0.5686   1.42   0.5715   0.0100    88.10  0    cut
 626  sn94D         Ia-norm    0.7121   1.41   0.8792   0.0183    19.20  0    cut
 627  sn05hk        Ia-pec     0.7527   1.41   1.0932   0.0108    -4.30  0    cut
 628  sn02bo        Ia-norm    0.7690   1.41   0.3773   0.0224    -0.30  0    cut
 629  sn90N         Ia-norm    0.6065   1.40   0.5753   0.0076   332.50  0    cut
 630  sn02er        Ia-norm    0.7053   1.40   0.9448   0.0113    -9.40  0    cut
 631  sn03du        Ia-norm    0.6877   1.40   0.6506   0.0371   375.30  0    cut
 632  sn99ee        Ia-norm    0.8055   1.40   1.1127   0.0155     0.30  0    cut
 633  sn97br        Ia-91T     0.6607   1.40   0.8752   0.0208    42.10  0    cut
 634  sn05gj        Ia-csm     0.6336   1.40   0.8747   0.0219    27.30  0    cut
 635  sn91M         Ia-norm    0.7216   1.39   0.3743   0.0202     2.70  0    cut
 636  sn97br        Ia-91T     0.6173   1.39   0.8625   0.0219    37.60  0    cut
 637  sn97br        Ia-91T     0.5700   1.39   0.8715   0.0215    23.70  0    cut
 638  sn99ac        Ia-91T     0.6891   1.39   1.1679   0.0420   -13.60  0    cut
 639  sn99ee        Ia-norm    0.7744   1.39   0.3761   0.0211     7.10  0    cut
 640  sn92A         Ia-norm    0.6187   1.39   0.8875   0.0216    28.20  0    cut
 641  sn95E         Ia-norm    0.6227   1.38   0.8851   0.0317     7.00  0    cut
 642  sn86G         Ia-91bg    0.6539   1.38   1.1988   0.0000    -1.90  0    cut
 643  sn05gj        Ia-csm     0.6403   1.38   0.3502   0.0212    38.50  0    cut
 644  sn90N         Ia-norm    0.8299   1.38   1.1317   0.0517   -13.20  0    cut
 645  sn99ee        Ia-norm    0.8055   1.38   0.3741   0.0226    11.10  0    cut
 646  sn90N         Ia-norm    0.6079   1.37   0.6358   0.0268   255.90  0    cut
 647  sn94ae        Ia-norm    0.6512   1.37   0.4653   0.0144     3.30  0    cut
 648  sn05hk        Ia-pec     0.7216   1.36   1.0907   0.0112    -4.20  0    cut
 649  sn90N         Ia-norm    0.5659   1.36   0.6388   0.0259   245.20  0    cut
 650  sn05gj        Ia-csm     0.6255   1.36   0.3135   0.0101    10.40  0    cut
 651  sn02bo        Ia-norm    0.8448   1.36   0.3792   0.0203     5.50  0    cut
 652  sn05gj        Ia-csm     0.6336   1.36   0.8631   0.0237    42.30  0    cut
 653  sn91M         Ia-norm    0.7351   1.35   0.8872   0.0217    27.50  0    cut
 654  sn02bo        Ia-norm    0.6796   1.35   0.5601   0.0205    -1.20  0    cut
 655  sn03du        Ia-norm    0.7635   1.35   1.1492   0.0261   -10.10  0    cut
 656  sn86G         Ia-91bg    0.6959   1.35   1.1988   0.0000    -4.40  0    cut
 657  sn89B         Ia-norm    0.6877   1.35   0.8789   0.0216    21.40  0    cut
 658  sn99ac        Ia-91T     0.7757   1.35   0.8911   0.0145    33.90  0    cut
 659  sn95bd        Ia-norm    0.5469   1.34   0.3263   0.0365    36.90  0    cut
 660  sn94S         Ia-norm    0.6268   1.34   0.5869   0.0353    -2.50  0    cut
 661  sn97br        Ia-91T     0.6742   1.33   1.1357   0.0132    -9.00  0    cut
 662  sn95E         Ia-norm    0.6498   1.33   0.3705   0.0211     0.10  0    cut
 663  sn95E         Ia-norm    0.7256   1.32   0.8797   0.0221    32.70  0    cut
 664  sn00cx        Ia-pec     0.7852   1.31   0.5434   0.0161     1.60  0    cut
 665  sn94ae        Ia-norm    0.6647   1.31   0.3686   0.0214     2.30  0    cut
 666  sn00cx        Ia-pec     0.6525   1.31   1.1414   0.0268    -1.40  0    cut
 667  sn94M         Ia-norm    0.7094   1.31   0.8898   0.0211     7.90  0    cut
 668  sn03cg        Ia-norm    0.5469   1.31   0.8821   0.0226    28.50  0    cut
 669  sn89B         Ia-norm    0.6823   1.31   0.8795   0.0233    24.40  0    cut
 670  sn99ac        Ia-91T     0.7811   1.30   0.3849   0.0188     0.80  0    cut
 671  sn92A         Ia-norm    0.7974   1.30   1.1098   0.0305     2.40  0    cut
 672  sn05gj        Ia-csm     0.6417   1.30   0.3530   0.0227    39.40  0    cut
 673  sn92A         Ia-norm    0.6187   1.30   0.8852   0.0234    24.20  0    cut
 674  sn90N         Ia-norm    0.5794   1.30   0.3646   0.0148     2.60  0    cut
 675  sn89B         Ia-norm    0.6755   1.29   0.8806   0.0244    23.40  0    cut
 676  sn99ee        Ia-norm    0.8055   1.28   0.5819   0.0468    16.10  0    cut
 677  sn98aq        Ia-norm    0.7135   1.27   0.5408   0.0203    -8.00  0    cut
 678  sn95E         Ia-norm    0.6363   1.26   0.3714   0.0205     2.00  0    cut
 679  sn94M         Ia-norm    0.7080   1.26   0.9385   0.0125     3.00  0    cut
 680  sn92A         Ia-norm    0.6891   1.25   0.3936   0.0217    -5.00  0    cut
 681  sn05gj        Ia-csm     0.6255   1.25   0.3181   0.0356    75.30  0    cut
 682  sn94D         Ia-norm    0.8448   1.24   0.5750   0.0273    24.20  0    cut
 683  sn00E         Ia-norm    0.7229   1.24   0.5384   0.0224    -5.50  0    cut
 684  sn05gj        Ia-csm     0.5794   1.24   0.8710   0.0234    51.80  0    cut
 685  sn03du        Ia-norm    0.6823   1.24   0.9394   0.0128   -11.70  0    cut
 686  sn05gj        Ia-csm     0.6255   1.22   0.3175   0.0359    67.70  0    cut
 687  sn05hk        Ia-pec     0.4129   1.21   0.6549   0.0348    -3.40  0    cut
 688  sn02er        Ia-norm    0.6891   1.20   0.9451   0.0119    -7.40  0    cut
 689  sn03du        Ia-norm    0.7446   1.20   0.7911   0.0127    -7.00  0    cut
 690  sn91bg        Ia-91bg    0.6106   1.20   1.1425   0.0242   143.00  0    cut
 691  sn86G         Ia-91bg    0.6810   1.19   1.1988   0.0000    -2.40  0    cut
 692  sn02er        Ia-norm    0.6823   1.19   0.3873   0.0231   -11.30  0    cut
 693  sn99aa        Ia-91T     0.8136   1.18   1.1448   0.0275     2.70  0    cut
 694  sn02bo        Ia-norm    0.7135   1.15   0.8932   0.0359    -4.40  0    cut
 695  sn86G         Ia-91bg    0.6796   1.14   1.1988   0.0000    -3.40  0    cut
 696  sn94ae        Ia-norm    0.6661   1.14   0.5801   0.0282    30.20  0    cut
 697  sn00cx        Ia-pec     0.5740   1.14   0.8573   0.0421    -2.40  0    cut
 698  sn90N         Ia-norm    0.5334   1.13   0.6507   0.0332   309.80  0    cut
 699  sn05gj        Ia-csm     0.6295   1.12   0.8750   0.0257    17.90  0    cut
 700  sn86G         Ia-91bg    0.5740   1.09   0.4603   0.0137    -0.40  0    cut
 701  sn99aw        Ia-91T     0.7405   1.09   0.7910   0.0161     3.20  0    cut
 702  sn03du        Ia-norm    0.7297   1.08   0.9362   0.0130   -10.10  0    cut
 703  sn05hk        Ia-pec     0.4738   1.08   0.4863   0.0132    26.40  0    cut
 704  sn04S         Ia-norm    0.8258   1.08   0.8756   0.0153     7.50  0    cut
 705  sn05hk        Ia-pec     0.4156   1.03   0.6571   0.0371    -4.20  0    cut
 706  sn90N         Ia-norm    0.7405   1.01   1.1024   0.0300   -13.20  0    cut
 707  sn05gj        Ia-csm     0.6214   1.01   0.7669   0.0246    40.50  0    cut
 708  sn00cx        Ia-pec     0.6173   1.00   1.1027   0.0260    -0.40  0    cut
 709  sn86G         Ia-91bg    0.4630   1.00   0.8728   0.0246    21.10  0    cut
 710  sn94D         Ia-norm    0.8136   0.99   0.3090   0.0413   -10.70  0    cut
 711  sn99aw        Ia-91T     0.7744   0.99   0.7965   0.0229     0.30  0    cut
 712  sn00cx        Ia-pec     0.6498   0.97   1.1449   0.0115    -3.40  0    cut
 713  sn94D         Ia-norm    0.7135   0.95   0.9330   0.0592    -9.60  0    cut
 714  sn00cx        Ia-pec     0.6403   0.91   0.5491   0.0233     0.60  0    cut
 715  sn94D         Ia-norm    0.8421   0.87   0.3052   0.0406   -10.60  0    cut
 716  sn86G         Ia-91bg    0.4792   0.85   0.3585   0.0230    41.60  0    cut
 717  sn86G         Ia-91bg    0.4792   0.84   0.3591   0.0230    32.10  0    cut
