### SNID output file ###
 
### input spectrum and options ###
# Input spectrum                 : 16280_-1.90.dat
# Parameter file                 : NA
# Wavelength range               :    3480.00   7416.66
# Mask file                      : NA
# Median filtering width [A]     : NA
# Median filtering width [pix]   :       1.00
# Clip emission redshift         : NA
# Clip sky lines                 : 0
# Emission clip width [A]        : NA
# Keep A-band                    : 1
# Age range                      :     -90.00   1000.00
# Delta range                    :      -9.99     99.90
# Min. number of spectra/template:   1
# Use only templates             : NA
# Use only types                 : Ia
# Avoid templates                : NA
# Avoid types                    : NA
# rlapmin                        :       5.00
# Redshift range                 :    -0.0100    1.2000
# Forced initial redshift        : NA
# Extra fake redshift            : NA
# Nsigma for initial redshift    : NA
# Redshift filter                :     0.0200
# Wavenumbers k1,k2,k3,k4        :     1    4   85  102
# Template directory             : /Users/daniel/snid-5.0/templates/
 
### initial/user-input redshift ###
zinit       0.0318
zuser       0.0318
 
### median redshift/age and error ###
zmed        0.0325    0.0064
agem          3.50      6.12
 
### type fraction/redshift/age ###
#type ntemp fraction slope redshift redshift_error age age_error
Ia             85      1.00    0.0000    0.0325    0.0064     3.500     6.119
Ia-norm        65      0.76    0.0571    0.0325    0.0065     3.400     6.460
Ia-91T          5      0.06   -0.0144    0.0365    0.0065     3.200     3.957
Ia-91bg         3      0.04   -0.0008    0.0313    0.0024    -0.400     2.606
Ia-csm          2      0.02   -0.0030    0.0257    0.0005     7.500     2.687
Ia-pec         10      0.12    0.0123    0.0283    0.0049     6.750     5.181
###
Ib              0      0.00    0.0000    0.0000    0.0000     0.000     0.000
Ib-norm         0      0.00    0.0000    0.0000    0.0000     0.000     0.000
Ib-pec          0      0.00    0.0000    0.0000    0.0000     0.000     0.000
IIb             0      0.00    0.0000    0.0000    0.0000     0.000     0.000
###
Ic              0      0.00    0.0000    0.0000    0.0000     0.000     0.000
Ic-norm         0      0.00    0.0000    0.0000    0.0000     0.000     0.000
Ic-pec          0      0.00    0.0000    0.0000    0.0000     0.000     0.000
Ic-broad        0      0.00    0.0000    0.0000    0.0000     0.000     0.000
###
II              0      0.00    0.0000    0.0000    0.0000     0.000     0.000
IIP             0      0.00    0.0000    0.0000    0.0000     0.000     0.000
II-pec          0      0.00    0.0000    0.0000    0.0000     0.000     0.000
IIn             0      0.00    0.0000    0.0000    0.0000     0.000     0.000
IIL             0      0.00    0.0000    0.0000    0.0000     0.000     0.000
###
NotSN           0      0.00    0.0000    0.0000    0.0000     0.000     0.000
AGN             0      0.00    0.0000    0.0000    0.0000     0.000     0.000
Gal             0      0.00    0.0000    0.0000    0.0000     0.000     0.000
LBV             0      0.00    0.0000    0.0000    0.0000     0.000     0.000
M-star          0      0.00    0.0000    0.0000    0.0000     0.000     0.000
 
### rlap-ordered template listings ###
#no. sn type lap rlap z zerr age age_flag grade
   1  sn93ac        Ia-norm    0.7527   9.59   0.0329   0.0058     6.90  0   good
   2  sn92A         Ia-norm    0.7514   9.02   0.0358   0.0061     6.30  0   good
   3  sn03du        Ia-norm    0.7405   8.45   0.0258   0.0067     9.80  0   good
   4  sn92A         Ia-norm    0.7527   8.34   0.0419   0.0066     5.90  0   good
   5  sn03du        Ia-norm    0.7473   8.01   0.0257   0.0070    10.80  0   good
   6  sn02bo        Ia-norm    0.7202   7.92   0.0372   0.0074    -1.50  0   good
   7  sn96X         Ia-norm    0.7527   7.92   0.0271   0.0069     7.80  0   good
   8  sn03cg        Ia-norm    0.7175   7.85   0.0298   0.0072     4.50  0   good
   9  sn03du        Ia-norm    0.7283   7.79   0.0266   0.0072     8.90  0   good
  10  sn02bo        Ia-norm    0.7202   7.77   0.0393   0.0076    -3.40  0   good
  11  sn06gz        Ia-pec     0.7432   7.66   0.0267   0.0080     8.20  0   good
  12  sn06gz        Ia-pec     0.7432   7.46   0.0279   0.0083     7.20  0   good
  13  sn05hj        Ia-norm    0.5957   7.38   0.0348   0.0083     1.60  0   good
  14  sn92A         Ia-norm    0.6850   7.34   0.0387   0.0071     3.30  0   good
  15  sn02bo        Ia-norm    0.7189   7.32   0.0375   0.0078    -1.20  0   good
  16  sn06gz        Ia-pec     0.7419   7.21   0.0263   0.0083     9.20  0   good
  17  sn02bo        Ia-norm    0.7202   7.06   0.0385   0.0083    -2.50  0   good
  18  sn06gz        Ia-pec     0.7432   7.04   0.0286   0.0088     6.30  0   good
  19  sn02er        Ia-norm    0.7527   7.04   0.0286   0.0078     5.50  0   good
  20  sn02bo        Ia-norm    0.7473   6.76   0.0361   0.0087    -0.30  0   good
  21  sn05hj        Ia-norm    0.5970   6.69   0.0340   0.0092     4.30  0   good
  22  sn03du        Ia-norm    0.7229   6.65   0.0273   0.0083     7.90  0   good
  23  sn06gz        Ia-pec     0.7419   6.64   0.0254   0.0089    10.10  0   good
  24  sn94ae        Ia-norm    0.7229   6.54   0.0260   0.0086    10.40  0   good
  25  sn02bo        Ia-norm    0.7527   6.45   0.0325   0.0089     5.50  0   good
  26  sn86G         Ia-91bg    0.5740   6.43   0.0313   0.0091    -0.40  0   good
  27  sn92A         Ia-norm    0.6837   6.27   0.0413   0.0082    -0.60  0   good
  28  sn02ic        Ia-csm     0.6904   6.27   0.0254   0.0095     9.40  0   good
  29  sn92A         Ia-norm    0.6891   6.23   0.0438   0.0083    -5.00  0   good
  30  sn05hj        Ia-norm    0.5970   6.18   0.0347   0.0095    -0.30  0   good
  31  sn89B         Ia-norm    0.6498   6.11   0.0283   0.0086     3.50  0   good
  32  sn99aa        Ia-91T     0.7527   6.11   0.0457   0.0103    -0.60  0   good
  33  sn91bg        Ia-91bg    0.5821   6.10   0.0287   0.0100     2.50  0   good
  34  sn06gz        Ia-pec     0.6458   6.09   0.0332   0.0090     5.20  0   good
  35  sn04eo        Ia-norm    0.6755   6.06   0.0301   0.0088    -2.80  0   good
  36  sn89B         Ia-norm    0.6471   6.05   0.0271   0.0086     5.50  0   good
  37  sn90N         Ia-norm    0.7189   6.04   0.0325   0.0113   -13.20  0   good
  38  sn94ae        Ia-norm    0.6823   6.01   0.0256   0.0092    11.30  0   good
  39  sn99ac        Ia-91T     0.7527   6.00   0.0365   0.0093     3.10  0   good
  40  sn00E         Ia-norm    0.7013   5.92   0.0368   0.0104    -5.50  0   good
  41  sn04eo        Ia-norm    0.7256   5.86   0.0274   0.0091     2.20  0   good
  42  sn99ac        Ia-91T     0.7527   5.85   0.0342   0.0091     9.20  0   good
  43  sn96X         Ia-norm    0.6864   5.82   0.0271   0.0089     7.90  0   good
  44  sn94ae        Ia-norm    0.6986   5.77   0.0268   0.0094     9.30  0   good
  45  sn98aq        Ia-norm    0.6566   5.76   0.0321   0.0103    -9.00  0   good
  46  sn06gz        Ia-pec     0.6485   5.72   0.0301   0.0097     7.20  0   good
  47  sn94ae        Ia-norm    0.7527   5.72   0.0273   0.0093     9.40  0   good
  48  sn03cg        Ia-norm    0.6634   5.70   0.0351   0.0098    -7.50  0   good
  49  sn92A         Ia-norm    0.6471   5.69   0.0358   0.0087     7.30  0   good
  50  sn03cg        Ia-norm    0.6498   5.68   0.0335   0.0099    -0.50  0   good
  51  sn96X         Ia-norm    0.6837   5.68   0.0281   0.0091     6.90  0   good
  52  sn86G         Ia-91bg    0.6079   5.65   0.0334   0.0100    -2.70  0   good
  53  sn89B         Ia-norm    0.7527   5.63   0.0334   0.0103    -6.30  0   good
  54  sn89B         Ia-norm    0.6390   5.62   0.0257   0.0093     7.50  0   good
  55  sn02bo        Ia-norm    0.7527   5.62   0.0375   0.0103    -1.40  0   good
  56  sn95D         Ia-norm    0.6552   5.61   0.0266   0.0094    10.10  0   good
  57  sn96C         Ia-norm    0.7459   5.61   0.0257   0.0099     8.30  0   good
  58  sn03fg        Ia-pec     0.7527   5.59   0.0225   0.0097     2.00  0   good
  59  sn95E         Ia-norm    0.7527   5.50   0.0244   0.0096    10.00  0   good
  60  sn06gz        Ia-pec     0.6376   5.44   0.0368   0.0100    -2.60  0   good
  61  sn97br        Ia-91T     0.7527   5.43   0.0282   0.0102     7.80  0   good
  62  sn03cg        Ia-norm    0.6783   5.42   0.0344   0.0100    -4.50  0   good
  63  sn02er        Ia-norm    0.6674   5.41   0.0316   0.0096     4.40  0   good
  64  sn95D         Ia-norm    0.7270   5.38   0.0266   0.0099     8.10  0   good
  65  sn02bo        Ia-norm    0.6579   5.37   0.0450   0.0109    -8.10  0   good
  66  sn90N         Ia-norm    0.7527   5.36   0.0509   0.0131   -13.20  0   good
  67  sn03cg        Ia-norm    0.5862   5.33   0.0354   0.0103    -1.80  0   good
  68  sn89B         Ia-norm    0.7527   5.33   0.0306   0.0106    -0.50  0   good
  69  sn99ee        Ia-norm    0.7527   5.29   0.0463   0.0129    -8.60  0   good
  70  sn02bo        Ia-norm    0.6579   5.29   0.0517   0.0112   -12.10  0   good
  71  sn94D         Ia-norm    0.7283   5.28   0.0312   0.0096     2.20  0   good
  72  sn96X         Ia-norm    0.6864   5.27   0.0287   0.0097     5.90  0   good
  73  sn02bo        Ia-norm    0.6579   5.25   0.0438   0.0111    -7.00  0   good
  74  sn03cg        Ia-norm    0.7527   5.24   0.0250   0.0105     9.60  0   good
  75  sn99aw        Ia-91T     0.7189   5.17   0.0395   0.0113     3.20  0   good
  76  sn92A         Ia-norm    0.7270   5.14   0.0382   0.0099     2.40  0   good
  77  sn02er        Ia-norm    0.7297   5.13   0.0325   0.0105    -0.50  0   good
  78  sn01el        Ia-norm    0.5307   5.12   0.0371   0.0097     1.30  0   good
  79  sn94M         Ia-norm    0.6417   5.07   0.0370   0.0110     5.00  0   good
  80  sn02ic        Ia-csm     0.7527   5.06   0.0261   0.0115     5.60  0   good
  81  sn06gz        Ia-pec     0.6444   5.04   0.0375   0.0106    -5.50  0   good
  82  sn92A         Ia-norm    0.7256   5.04   0.0411   0.0102    -0.40  0   good
  83  sn02er        Ia-norm    0.7527   5.02   0.0296   0.0106     3.40  0   good
  84  sn96X         Ia-norm    0.6864   5.01   0.0265   0.0102     8.90  0   good
  85  sn94M         Ia-norm    0.6877   5.00   0.0330   0.0101     7.90  0   good
#--- rlap cutoff
  86  sn89B         Ia-norm    0.6566   5.00   0.0243   0.0102     9.50  0    cut
  87  sn95D         Ia-norm    0.7067   4.99   0.0238   0.0103    11.20  0    cut
  88  sn91M         Ia-norm    0.7216   4.98   0.0345   0.0105     2.70  0    cut
  89  sn98aq        Ia-norm    0.7135   4.96   0.0299   0.0119    -8.00  0    cut
  90  sn00E         Ia-norm    0.6891   4.96   0.0356   0.0118    -2.50  0    cut
  91  sn96X         Ia-norm    0.6823   4.95   0.0294   0.0103     4.90  0    cut
  92  sn03du        Ia-norm    0.6607   4.94   0.0402   0.0124   -11.70  0    cut
  93  sn98aq        Ia-norm    0.6579   4.93   0.0304   0.0110     6.90  0    cut
  94  sn99ac        Ia-91T     0.7527   4.91   0.0372   0.0111     0.80  0    cut
  95  sn81B         Ia-norm    0.7527   4.90   0.0413   0.0109    -0.90  0    cut
  96  sn92A         Ia-norm    0.7527   4.89   0.0338   0.0105     8.90  0    cut
  97  sn96X         Ia-norm    0.7527   4.89   0.0300   0.0108     1.90  0    cut
  98  sn02bo        Ia-norm    0.6579   4.87   0.0424   0.0119    -6.00  0    cut
  99  sn03cg        Ia-norm    0.6783   4.83   0.0302   0.0103     1.50  0    cut
 100  sn94ae        Ia-norm    0.6864   4.83   0.0293   0.0111     6.40  0    cut
 101  sn98bu        Ia-norm    0.6552   4.83   0.0333   0.0117    -2.80  0    cut
 102  sn96X         Ia-norm    0.7527   4.82   0.0306   0.0110     0.90  0    cut
 103  sn92A         Ia-norm    0.7256   4.81   0.0439   0.0108    -5.00  0    cut
 104  sn81B         Ia-norm    0.7527   4.80   0.0413   0.0111     0.00  0    cut
 105  sn98aq        Ia-norm    0.6579   4.77   0.0310   0.0113     5.90  0    cut
 106  sn04eo        Ia-norm    0.7527   4.74   0.0316   0.0117    -6.40  0    cut
 107  sn03cg        Ia-norm    0.6552   4.73   0.0335   0.0116    -5.90  0    cut
 108  sn02bo        Ia-norm    0.6579   4.73   0.0414   0.0121    -5.10  0    cut
 109  sn02bo        Ia-norm    0.6579   4.70   0.0406   0.0122    -4.00  0    cut
 110  sn90N         Ia-norm    0.7527   4.70   0.0280   0.0115     4.90  0    cut
 111  sn98bu        Ia-norm    0.6552   4.66   0.0332   0.0120    -1.70  0    cut
 112  sn92A         Ia-norm    0.7527   4.66   0.0327   0.0109     8.70  0    cut
 113  sn94D         Ia-norm    0.7392   4.64   0.0321   0.0114    -1.80  0    cut
 114  sn04eo        Ia-norm    0.7527   4.63   0.0234   0.0109     7.00  0    cut
 115  sn96X         Ia-norm    0.6850   4.63   0.0305   0.0109     1.90  0    cut
 116  sn98aq        Ia-norm    0.6579   4.62   0.0313   0.0116     4.90  0    cut
 117  sn06gz        Ia-pec     0.7405   4.60   0.0404   0.0112   -10.30  0    cut
 118  sn02bo        Ia-norm    0.6579   4.59   0.0398   0.0123    -3.10  0    cut
 119  sn94S         Ia-norm    0.6444   4.58   0.0335   0.0133    -3.40  0    cut
 120  sn99ee        Ia-norm    0.7527   4.57   0.0318   0.0123     7.10  0    cut
 121  sn02bo        Ia-norm    0.7527   4.57   0.0398   0.0122    -4.50  0    cut
 122  sn98aq        Ia-norm    0.6566   4.56   0.0326   0.0123     0.00  0    cut
 123  sn02bo        Ia-norm    0.6579   4.53   0.0388   0.0124    -2.10  0    cut
 124  sn02er        Ia-norm    0.6837   4.53   0.0415   0.0115    -9.40  0    cut
 125  sn02er        Ia-norm    0.6552   4.53   0.0332   0.0116     1.50  0    cut
 126  sn98aq        Ia-norm    0.6579   4.51   0.0315   0.0119     3.90  0    cut
 127  sn02bo        Ia-norm    0.6579   4.50   0.0381   0.0124    -1.20  0    cut
 128  sn99ee        Ia-norm    0.7527   4.50   0.0276   0.0125    11.10  0    cut
 129  sn98bu        Ia-norm    0.6552   4.50   0.0329   0.0123    -0.70  0    cut
 130  sn03cg        Ia-norm    0.6769   4.49   0.0333   0.0111    -6.80  0    cut
 131  sn94D         Ia-norm    0.7527   4.49   0.0330   0.0124    -3.80  0    cut
 132  sn99ee        Ia-norm    0.7527   4.49   0.0428   0.0140    -6.70  0    cut
 133  sn02bo        Ia-norm    0.6579   4.47   0.0544   0.0128   -13.10  0    cut
 134  sn96X         Ia-norm    0.6850   4.46   0.0303   0.0113     2.90  0    cut
 135  sn94D         Ia-norm    0.7419   4.45   0.0278   0.0113     2.90  0    cut
 136  sn06gz        Ia-pec     0.6458   4.45   0.0295   0.0127     4.30  0    cut
 137  sn06gz        Ia-pec     0.6539   4.45   0.0428   0.0109   -13.30  0    cut
 138  sn02bo        Ia-norm    0.6918   4.44   0.0415   0.0121    -4.40  0    cut
 139  sn01el        Ia-norm    0.7527   4.44   0.0314   0.0125     9.20  0    cut
 140  sn99ac        Ia-91T     0.6309   4.44   0.0496   0.0140    -9.60  0    cut
 141  sn98aq        Ia-norm    0.6579   4.43   0.0316   0.0121     2.90  0    cut
 142  sn97br        Ia-91T     0.6864   4.42   0.0257   0.0121     8.50  0    cut
 143  sn98aq        Ia-norm    0.6566   4.41   0.0322   0.0126     0.90  0    cut
 144  sn91T         Ia-91T     0.7351   4.40   0.0256   0.0121    10.90  0    cut
 145  sn98aq        Ia-norm    0.6579   4.39   0.0319   0.0124     1.90  0    cut
 146  sn02bo        Ia-norm    0.7053   4.37   0.0476   0.0123    -9.40  0    cut
 147  sn03du        Ia-norm    0.7080   4.36   0.0395   0.0132   -10.10  0    cut
 148  sn06gz        Ia-pec     0.7392   4.33   0.0409   0.0112   -12.30  0    cut
 149  sn03du        Ia-norm    0.7378   4.31   0.0424   0.0138    -6.20  0    cut
 150  sn94T         Ia-norm    0.5510   4.31   0.0320   0.0114     1.20  0    cut
 151  sn94D         Ia-norm    0.6593   4.29   0.0335   0.0122    -3.60  0    cut
 152  sn95E         Ia-norm    0.6498   4.28   0.0324   0.0122     0.10  0    cut
 153  sn99ee        Ia-norm    0.7527   4.28   0.0350   0.0133     2.20  0    cut
 154  sn90O         Ia-norm    0.6783   4.27   0.0391   0.0129    -0.40  0    cut
 155  sn96X         Ia-norm    0.6539   4.27   0.0325   0.0126    -1.10  0    cut
 156  sn03du        Ia-norm    0.7419   4.27   0.0452   0.0135   -10.10  0    cut
 157  sn05gj        Ia-csm     0.6255   4.26   0.0181   0.0141    10.40  0    cut
 158  sn99ac        Ia-91T     0.7527   4.24   0.0300   0.0122    12.20  0    cut
 159  sn05hj        Ia-norm    0.5997   4.23   0.0354   0.0140    -6.00  0    cut
 160  sn06gz        Ia-pec     0.7432   4.23   0.0404   0.0120    -9.30  0    cut
 161  sn99ee        Ia-norm    0.7527   4.20   0.0362   0.0136     0.30  0    cut
 162  sn96X         Ia-norm    0.6864   4.19   0.0311   0.0120     1.00  0    cut
 163  sn00cx        Ia-pec     0.6390   4.18   0.0441   0.0152     0.60  0    cut
 164  sn03cg        Ia-norm    0.5876   4.17   0.0337   0.0124    -2.30  0    cut
 165  sn91bg        Ia-91bg    0.6187   4.16   0.0286   0.0146     2.70  0    cut
 166  sn03du        Ia-norm    0.6607   4.16   0.0367   0.0142    -9.70  0    cut
 167  sn96X         Ia-norm    0.6864   4.16   0.0313   0.0121     0.00  0    cut
 168  sn95E         Ia-norm    0.6227   4.15   0.0285   0.0123     7.00  0    cut
 169  sn02er        Ia-norm    0.7527   4.12   0.0369   0.0133    -6.40  0    cut
 170  sn05hj        Ia-norm    0.6024   4.11   0.0343   0.0144    -5.10  0    cut
 171  sn02er        Ia-norm    0.6823   4.10   0.0427   0.0129   -11.30  0    cut
 172  sn90O         Ia-norm    0.7527   4.08   0.0407   0.0148    -6.10  0    cut
 173  sn03du        Ia-norm    0.6607   4.07   0.0358   0.0143    -8.80  0    cut
 174  sn02er        Ia-norm    0.7527   4.06   0.0203   0.0130     9.40  0    cut
 175  sn03du        Ia-norm    0.7216   4.06   0.0311   0.0137    -0.20  0    cut
 176  sn94ae        Ia-norm    0.6783   4.06   0.0302   0.0126     4.40  0    cut
 177  sn03du        Ia-norm    0.7229   4.04   0.0346   0.0147    -7.00  0    cut
 178  sn00E         Ia-norm    0.6783   4.02   0.0357   0.0135    -1.40  0    cut
 179  sn03du        Ia-norm    0.7216   4.02   0.0280   0.0131     3.90  0    cut
 180  sn98bu        Ia-norm    0.5672   3.98   0.0319   0.0133     1.20  0    cut
 181  sn02er        Ia-norm    0.7527   3.95   0.0338   0.0133    -1.50  0    cut
 182  sn03du        Ia-norm    0.7216   3.95   0.0308   0.0139     0.80  0    cut
 183  sn03du        Ia-norm    0.6607   3.93   0.0347   0.0144    -7.80  0    cut
 184  sn94ae        Ia-norm    0.6512   3.93   0.0321   0.0131     3.30  0    cut
 185  sn02er        Ia-norm    0.7527   3.92   0.0359   0.0139    -4.40  0    cut
 186  sn94D         Ia-norm    0.6336   3.92   0.0384   0.0141    -8.70  0    cut
 187  sn03du        Ia-norm    0.7202   3.91   0.0300   0.0136     1.90  0    cut
 188  sn02er        Ia-norm    0.7514   3.91   0.0331   0.0137    -3.50  0    cut
 189  sn90O         Ia-norm    0.7527   3.89   0.0399   0.0152    -5.10  0    cut
 190  sn99aa        Ia-91T     0.6769   3.88   0.0495   0.0160    -4.10  0    cut
 191  sn96X         Ia-norm    0.6864   3.88   0.0322   0.0131    -3.00  0    cut
 192  sn05gj        Ia-csm     0.6363   3.85   0.0193   0.0152    -1.80  0    cut
 193  sn94ae        Ia-norm    0.6945   3.84   0.0317   0.0136     1.30  0    cut
 194  sn98bu        Ia-norm    0.6566   3.84   0.0279   0.0136     9.30  0    cut
 195  sn96X         Ia-norm    0.6864   3.84   0.0322   0.0130    -2.00  0    cut
 196  sn99aa        Ia-91T     0.6282   3.83   0.0478   0.0149     7.60  0    cut
 197  sn90O         Ia-norm    0.7527   3.82   0.0416   0.0158    -7.10  0    cut
 198  sn02er        Ia-norm    0.7527   3.80   0.0342   0.0138    -2.50  0    cut
 199  sn90N         Ia-norm    0.7527   3.79   0.0233   0.0133    14.50  0    cut
 200  sn03du        Ia-norm    0.7378   3.78   0.0310   0.0149    -1.10  0    cut
 201  sn95E         Ia-norm    0.6363   3.77   0.0319   0.0128     2.00  0    cut
 202  sn90N         Ia-norm    0.7527   3.76   0.0075   0.0143   213.40  0    cut
 203  sn06gz        Ia-pec     0.7080   3.75   0.0401   0.0129   -13.30  0    cut
 204  sn95D         Ia-norm    0.7270   3.74   0.0273   0.0135     6.10  0    cut
 205  sn98aq        Ia-norm    0.6552   3.74   0.0076   0.0151   230.30  0    cut
 206  sn02bo        Ia-norm    0.6918   3.73   0.0528   0.0143   -12.30  0    cut
 207  sn94D         Ia-norm    0.7527   3.73   0.0343   0.0140    -4.80  0    cut
 208  sn04eo        Ia-norm    0.6566   3.70   0.0345   0.0143   -11.00  0    cut
 209  sn05gj        Ia-csm     0.6295   3.70   0.0167   0.0155    17.90  0    cut
 210  sn94M         Ia-norm    0.6024   3.69   0.0374   0.0137     4.00  0    cut
 211  sn00E         Ia-norm    0.6458   3.68   0.0285   0.0152     8.40  0    cut
 212  sn96X         Ia-norm    0.6471   3.68   0.0327   0.0142    -0.90  0    cut
 213  sn94ae        Ia-norm    0.6918   3.67   0.0309   0.0139     3.30  0    cut
 214  sn03du        Ia-norm    0.6607   3.67   0.0311   0.0137     3.10  0    cut
 215  sn86G         Ia-91bg    0.6796   3.64   0.0337   0.0131    -3.40  0    cut
 216  sn98aq        Ia-norm    0.6579   3.64   0.0065   0.0152   240.30  0    cut
 217  sn04S         Ia-norm    0.7527   3.64   0.0267   0.0149     7.50  0    cut
 218  sn01el        Ia-norm    0.5469   3.64   0.0412   0.0128    -3.70  0    cut
 219  sn89B         Ia-norm    0.6593   3.62   0.0226   0.0135    11.50  0    cut
 220  sn90N         Ia-norm    0.5794   3.60   0.0288   0.0142     2.60  0    cut
 221  sn95E         Ia-norm    0.6024   3.59   0.0330   0.0139    -1.90  0    cut
 222  sn03du        Ia-norm    0.6579   3.59   0.0314   0.0141     2.20  0    cut
 223  sn94D         Ia-norm    0.6579   3.58   0.0328   0.0136     0.40  0    cut
 224  sn94M         Ia-norm    0.6864   3.58   0.0378   0.0137     3.00  0    cut
 225  sn86G         Ia-91bg    0.6810   3.55   0.0328   0.0132    -2.40  0    cut
 226  sn02bo        Ia-norm    0.6891   3.55   0.0568   0.0172   -13.30  0    cut
 227  sn95D         Ia-norm    0.6877   3.54   0.0286   0.0144     4.20  0    cut
 228  sn06gz        Ia-pec     0.6241   3.53   0.0395   0.0145   -14.30  0    cut
 229  sn98bu        Ia-norm    0.6579   3.52   0.0064   0.0158   242.80  0    cut
 230  sn03cg        Ia-norm    0.6647   3.50   0.0287   0.0145     7.40  0    cut
 231  sn03du        Ia-norm    0.6607   3.50   0.0322   0.0149    -0.80  0    cut
 232  sn99aa        Ia-91T     0.7283   3.49   0.0565   0.0196    -8.50  0    cut
 233  sn95bd        Ia-norm    0.5645   3.49   0.0157   0.0192    72.30  0    cut
 234  sn94D         Ia-norm    0.7527   3.49   0.0454   0.0166   -10.60  0    cut
 235  sn99by        Ia-91bg    0.7175   3.45   0.0276   0.0137    -2.80  0    cut
 236  sn94ae        Ia-norm    0.6647   3.44   0.0307   0.0147     2.30  0    cut
 237  sn94D         Ia-norm    0.6607   3.43   0.0341   0.0145    -2.60  0    cut
 238  sn03du        Ia-norm    0.7527   3.43   0.0279   0.0148     5.00  0    cut
 239  sn03du        Ia-norm    0.7229   3.41   0.0068   0.0159   220.70  0    cut
 240  sn98bu        Ia-norm    0.6566   3.39   0.0269   0.0150    10.20  0    cut
 241  sn02er        Ia-norm    0.7527   3.39   0.0385   0.0156    -8.40  0    cut
 242  sn00cx        Ia-pec     0.6376   3.38   0.0440   0.0175    -1.40  0    cut
 243  sn06gz        Ia-pec     0.7094   3.36   0.0405   0.0125   -14.20  0    cut
 244  sn02er        Ia-norm    0.6823   3.35   0.0357   0.0153    -5.40  0    cut
 245  sn86G         Ia-91bg    0.6904   3.35   0.0339   0.0141    -4.40  0    cut
 246  sn03cg        Ia-norm    0.7487   3.34   0.0251   0.0149    11.40  0    cut
 247  sn89B         Ia-norm    0.6850   3.34   0.0220   0.0148    12.40  0    cut
 248  sn90N         Ia-norm    0.6634   3.31   0.0062   0.0162   228.10  0    cut
 249  sn99ac        Ia-91T     0.6674   3.31   0.0466   0.0201   -13.60  0    cut
 250  sn92A         Ia-norm    0.7432   3.31   0.0331   0.0145    11.70  0    cut
 251  sn94D         Ia-norm    0.7527   3.30   0.0354   0.0159    -5.60  0    cut
 252  sn90N         Ia-norm    0.5848   3.30   0.0040   0.0163   280.70  0    cut
 253  sn99aa        Ia-91T     0.7527   3.30   0.0473   0.0168     2.70  0    cut
 254  sn90N         Ia-norm    0.7527   3.30   0.0375   0.0185    -6.40  0    cut
 255  sn94D         Ia-norm    0.6498   3.28   0.0373   0.0147    -7.70  0    cut
 256  sn91M         Ia-norm    0.7175   3.28   0.0099   0.0170   111.80  0    cut
 257  sn99aw        Ia-91T     0.7527   3.27   0.0413   0.0173     0.30  0    cut
 258  sn99by        Ia-91bg    0.6579   3.27   0.0301   0.0158    -3.90  0    cut
 259  sn02er        Ia-norm    0.6674   3.25   0.0400   0.0148    -7.40  0    cut
 260  sn99ee        Ia-norm    0.7527   3.23   0.0236   0.0161    16.10  0    cut
 261  sn99ac        Ia-91T     0.7527   3.23   0.0293   0.0159    17.10  0    cut
 262  sn05hk        Ia-pec     0.6255   3.22   0.0124   0.0165     3.60  0    cut
 263  sn04S         Ia-norm    0.7527   3.20   0.0315   0.0172     1.70  0    cut
 264  sn81B         Ia-norm    0.6647   3.20   0.0297   0.0159    26.90  0    cut
 265  sn95bd        Ia-norm    0.6810   3.17   0.0285   0.0156    11.30  0    cut
 266  sn04S         Ia-norm    0.7256   3.17   0.0234   0.0166    13.40  0    cut
 267  sn99by        Ia-91bg    0.6024   3.15   0.0311   0.0164    -4.80  0    cut
 268  sn03du        Ia-norm    0.7297   3.14   0.0292   0.0151    13.70  0    cut
 269  sn04eo        Ia-norm    0.7311   3.14   0.0224   0.0151    11.00  0    cut
 270  sn05gj        Ia-csm     0.6282   3.13   0.0191   0.0196     7.70  0    cut
 271  sn03du        Ia-norm    0.7473   3.12   0.0105   0.0171   141.30  0    cut
 272  sn05hk        Ia-pec     0.6715   3.11   0.0062   0.0153    14.30  0    cut
 273  sn94S         Ia-norm    0.6471   3.11   0.0319   0.0172     1.40  0    cut
 274  sn86G         Ia-91bg    0.5957   3.07   0.0293   0.0140     1.60  0    cut
 275  sn90N         Ia-norm    0.5469   3.07   0.0056   0.0176   246.20  0    cut
 276  sn91T         Ia-91T     0.7527   3.07   0.0219   0.0158    15.90  0    cut
 277  sn02er        Ia-norm    0.7351   3.06   0.0270   0.0158    10.60  0    cut
 278  sn05hk        Ia-pec     0.6458   3.06   0.0073   0.0157    23.20  0    cut
 279  sn95D         Ia-norm    0.7026   3.04   0.0220   0.0151    14.10  0    cut
 280  sn00cx        Ia-pec     0.7527   3.03   0.0426   0.0175     1.60  0    cut
 281  sn98bu        Ia-norm    0.6579   3.03   0.0074   0.0183   179.10  0    cut
 282  sn04eo        Ia-norm    0.6498   3.02   0.0038   0.0154   224.20  0    cut
 283  sn97cn        Ia-91bg    0.7148   3.00   0.0230   0.0151     3.90  0    cut
 284  sn98bu        Ia-norm    0.6566   2.99   0.0076   0.0185   190.10  0    cut
 285  sn98bu        Ia-norm    0.6566   2.99   0.0259   0.0166    11.20  0    cut
 286  sn98bu        Ia-norm    0.6566   2.99   0.0074   0.0180   208.00  0    cut
 287  sn90N         Ia-norm    0.5862   2.99   0.0041   0.0172   255.90  0    cut
 288  sn90N         Ia-norm    0.7527   2.98   0.0226   0.0159    17.70  0    cut
 289  sn89B         Ia-norm    0.6444   2.98   0.0207   0.0159    13.40  0    cut
 290  sn95bd        Ia-norm    0.5253   2.97   0.0211   0.0196    36.90  0    cut
 291  sn94D         Ia-norm    0.7432   2.97   0.0449   0.0194   -10.70  0    cut
 292  sn03du        Ia-norm    0.7527   2.97   0.0315   0.0185    -3.20  0    cut
 293  sn94D         Ia-norm    0.6634   2.96   0.0348   0.0164    -4.70  0    cut
 294  sn86G         Ia-91bg    0.5916   2.96   0.0294   0.0144     0.60  0    cut
 295  sn05gj        Ia-csm     0.6336   2.95   0.0156   0.0173    27.30  0    cut
 296  sn91T         Ia-91T     0.7527   2.92   0.0191   0.0163    24.80  0    cut
 297  sn05hk        Ia-pec     0.5916   2.90   0.0075   0.0179    12.40  0    cut
 298  sn05hk        Ia-pec     0.6512   2.89   0.0066   0.0165    27.20  0    cut
 299  sn90N         Ia-norm    0.5442   2.88   0.0058   0.0183   245.20  0    cut
 300  sn00cx        Ia-pec     0.5740   2.87   0.0423   0.0212    -2.40  0    cut
 301  sn81B         Ia-norm    0.7500   2.87   0.0297   0.0165    22.90  0    cut
 302  sn05hk        Ia-pec     0.7311   2.86   0.0065   0.0146    20.30  0    cut
 303  sn81B         Ia-norm    0.7405   2.86   0.0236   0.0166    23.90  0    cut
 304  sn98bu        Ia-norm    0.6579   2.85   0.0059   0.0187   216.90  0    cut
 305  sn95al        Ia-norm    0.7527   2.85   0.0248   0.0170    17.00  0    cut
 306  sn89B         Ia-norm    0.6877   2.84   0.0207   0.0181    19.40  0    cut
 307  sn03du        Ia-norm    0.7527   2.84   0.0326   0.0195    -5.00  0    cut
 308  sn94ae        Ia-norm    0.7527   2.83   0.0108   0.0185   123.60  0    cut
 309  sn05gj        Ia-csm     0.6403   2.82   0.0125   0.0166    38.50  0    cut
 310  sn02er        Ia-norm    0.6959   2.82   0.0301   0.0170    12.40  0    cut
 311  sn91bg        Ia-91bg    0.5415   2.79   0.0260   0.0178    18.60  0    cut
 312  sn00cx        Ia-pec     0.6173   2.79   0.0440   0.0203    -0.40  0    cut
 313  sn94M         Ia-norm    0.7527   2.79   0.0274   0.0166    12.90  0    cut
 314  sn89B         Ia-norm    0.6864   2.78   0.0202   0.0170    17.40  0    cut
 315  sn99ee        Ia-norm    0.7283   2.78   0.0230   0.0182    20.00  0    cut
 316  sn86G         Ia-91bg    0.5564   2.78   0.0060   0.0195   323.60  0    cut
 317  sn01el        Ia-norm    0.7527   2.77   0.0281   0.0180    18.10  0    cut
 318  sn00cx        Ia-pec     0.5659   2.75   0.0259   0.0203    28.40  0    cut
 319  sn04S         Ia-norm    0.7256   2.72   0.0219   0.0188    18.40  0    cut
 320  sn94ae        Ia-norm    0.7527   2.72   0.0063   0.0186   367.70  0    cut
 321  sn00cx        Ia-pec     0.7527   2.72   0.0135   0.0194    92.90  0    cut
 322  sn89B         Ia-norm    0.6877   2.71   0.0206   0.0174    16.40  0    cut
 323  sn89B         Ia-norm    0.6823   2.71   0.0208   0.0181    14.40  0    cut
 324  sn89B         Ia-norm    0.6850   2.71   0.0207   0.0178    18.40  0    cut
 325  sn03cg        Ia-norm    0.5848   2.70   0.0231   0.0203    23.40  0    cut
 326  sn99aw        Ia-91T     0.5483   2.70   0.0380   0.0172    -0.70  0    cut
 327  sn00cx        Ia-pec     0.7527   2.70   0.0105   0.0209   146.40  0    cut
 328  sn92A         Ia-norm    0.7527   2.69   0.0299   0.0170    17.30  0    cut
 329  sn03cg        Ia-norm    0.5253   2.68   0.0226   0.0191    28.50  0    cut
 330  sn99ee        Ia-norm    0.7270   2.68   0.0224   0.0188    22.10  0    cut
 331  sn89B         Ia-norm    0.6877   2.67   0.0201   0.0185    21.40  0    cut
 332  sn03cg        Ia-norm    0.7446   2.67   0.0235   0.0175    12.40  0    cut
 333  sn98bu        Ia-norm    0.6566   2.67   0.0250   0.0181    12.20  0    cut
 334  sn91M         Ia-norm    0.7514   2.67   0.0241   0.0175    24.80  0    cut
 335  sn94D         Ia-norm    0.7135   2.67   0.0438   0.0194    -9.60  0    cut
 336  sn94D         Ia-norm    0.6647   2.67   0.0402   0.0184    -9.50  0    cut
 337  sn05gj        Ia-csm     0.6417   2.67   0.0143   0.0171    39.40  0    cut
 338  sn03du        Ia-norm    0.5456   2.66   0.0214   0.0198    33.40  0    cut
 339  sn97br        Ia-91T     0.6810   2.65   0.0209   0.0192    21.30  0    cut
 340  sn91T         Ia-91T     0.7527   2.64   0.0343   0.0236    -0.20  0    cut
 341  sn00cx        Ia-pec     0.7527   2.64   0.0120   0.0205   124.60  0    cut
 342  sn89B         Ia-norm    0.6864   2.63   0.0201   0.0188    20.40  0    cut
 343  sn05hk        Ia-pec     0.7527   2.63   0.0065   0.0154    23.40  0    cut
 344  sn95al        Ia-norm    0.7527   2.62   0.0230   0.0188    25.30  0    cut
 345  sn00cx        Ia-pec     0.7527   2.62   0.0258   0.0212    31.40  0    cut
 346  sn00cx        Ia-pec     0.7527   2.62   0.0127   0.0200    96.80  0    cut
 347  sn91bg        Ia-91bg    0.5578   2.59   0.0393   0.0195    20.20  0    cut
 348  sn81B         Ia-norm    0.7351   2.59   0.0174   0.0199   267.40  0    cut
 349  sn86G         Ia-91bg    0.6539   2.58   0.0329   0.0165    -1.90  0    cut
 350  sn99by        Ia-91bg    0.7175   2.58   0.0229   0.0172     3.10  0    cut
 351  sn00cx        Ia-pec     0.7527   2.57   0.0157   0.0196    71.00  0    cut
 352  sn97br        Ia-91T     0.5483   2.57   0.0153   0.0198    23.70  0    cut
 353  sn02bo        Ia-norm    0.6566   2.57   0.0284   0.0185    10.80  0    cut
 354  sn99aa        Ia-91T     0.7527   2.57   0.0340   0.0181    26.20  0    cut
 355  sn94D         Ia-norm    0.6498   2.56   0.0219   0.0192    14.30  0    cut
 356  sn86G         Ia-91bg    0.6566   2.55   0.0323   0.0168    -0.90  0    cut
 357  sn94ae        Ia-norm    0.6661   2.55   0.0193   0.0180    30.20  0    cut
 358  sn89B         Ia-norm    0.6891   2.54   0.0206   0.0187    22.40  0    cut
 359  sn86G         Ia-91bg    0.6552   2.54   0.0293   0.0169     0.10  0    cut
 360  sn02bo        Ia-norm    0.7527   2.54   0.0197   0.0203    44.40  0    cut
 361  sn03du        Ia-norm    0.7527   2.53   0.0201   0.0178    26.70  0    cut
 362  sn86G         Ia-91bg    0.6552   2.53   0.0306   0.0166     1.10  0    cut
 363  sn94Q         Ia-norm    0.7419   2.53   0.0243   0.0194    11.60  0    cut
 364  sn94D         Ia-norm    0.6877   2.52   0.0246   0.0177    11.00  0    cut
 365  sn91M         Ia-norm    0.7514   2.52   0.0244   0.0186    25.80  0    cut
 366  sn99by        Ia-91bg    0.6566   2.51   0.0240   0.0204     4.10  0    cut
 367  sn04S         Ia-norm    0.6972   2.51   0.0228   0.0172    14.00  0    cut
 368  sn04eo        Ia-norm    0.7311   2.50   0.0214   0.0179    12.40  0    cut
 369  sn97br        Ia-91T     0.6620   2.49   0.0218   0.0210    17.40  0    cut
 370  sn86G         Ia-91bg    0.5876   2.49   0.0037   0.0194   256.70  0    cut
 371  sn91M         Ia-norm    0.6904   2.48   0.0139   0.0202    80.00  0    cut
 372  sn99ee        Ia-norm    0.7270   2.48   0.0224   0.0206    27.00  0    cut
 373  sn94ae        Ia-norm    0.6769   2.48   0.0103   0.0207   153.40  0    cut
 374  sn95ac        Ia-norm    0.6336   2.48   0.0232   0.0222    24.40  0    cut
 375  sn97br        Ia-91T     0.7527   2.47   0.0225   0.0179    12.40  0    cut
 376  sn03du        Ia-norm    0.6715   2.47   0.0157   0.0209   137.60  0    cut
 377  sn91M         Ia-norm    0.7135   2.47   0.0250   0.0192    27.50  0    cut
 378  sn99aa        Ia-91T     0.7527   2.47   0.0350   0.0180    21.10  0    cut
 379  sn89B         Ia-norm    0.6755   2.46   0.0204   0.0194    23.40  0    cut
 380  sn98bu        Ia-norm    0.6566   2.45   0.0238   0.0194    13.20  0    cut
 381  sn02cx        Ia-pec     0.6796   2.45   0.0071   0.0176    10.30  0    cut
 382  sn00cx        Ia-pec     0.7527   2.45   0.0228   0.0224    41.30  0    cut
 383  sn05gj        Ia-csm     0.6214   2.44   0.0127   0.0200    40.50  0    cut
 384  sn02cx        Ia-pec     0.6783   2.44   0.0112   0.0235    -2.40  0    cut
 385  sn05hk        Ia-pec     0.5957   2.44   0.0075   0.0199    37.00  0    cut
 386  sn04eo        Ia-norm    0.7311   2.43   0.0209   0.0180    14.00  0    cut
 387  sn94D         Ia-norm    0.6146   2.43   0.0236   0.0198    10.10  0    cut
 388  sn95D         Ia-norm    0.7527   2.42   0.0208   0.0176    16.10  0    cut
 389  sn90O         Ia-norm    0.6634   2.42   0.0233   0.0179    19.10  0    cut
 390  sn03du        Ia-norm    0.7500   2.42   0.0206   0.0181    21.80  0    cut
 391  sn05hk        Ia-pec     0.6444   2.41   0.0067   0.0177    42.00  0    cut
 392  sn94D         Ia-norm    0.6864   2.41   0.0212   0.0186    15.20  0    cut
 393  sn81B         Ia-norm    0.7162   2.41   0.0249   0.0182    19.90  0    cut
 394  sn92A         Ia-norm    0.6119   2.41   0.0332   0.0176    11.60  0    cut
 395  sn00cx        Ia-pec     0.7527   2.40   0.0175   0.0206    61.10  0    cut
 396  sn00cx        Ia-pec     0.5997   2.40   0.0421   0.0208     7.50  0    cut
 397  sn96X         Ia-norm    0.6877   2.40   0.0227   0.0184    20.80  0    cut
 398  sn91T         Ia-91T     0.7527   2.39   0.0138   0.0194    75.20  0    cut
 399  sn94Q         Ia-norm    0.5645   2.39   0.0193   0.0189    18.50  0    cut
 400  sn91bg        Ia-91bg    0.5903   2.39   0.0246   0.0239    33.70  0    cut
 401  sn91bg        Ia-91bg    0.7080   2.37   0.0234   0.0196     2.70  0    cut
 402  sn94D         Ia-norm    0.6579   2.37   0.0231   0.0190    13.40  0    cut
 403  sn99ac        Ia-91T     0.7527   2.37   0.0265   0.0213    29.00  0    cut
 404  sn99by        Ia-91bg    0.6566   2.36   0.0228   0.0229     5.20  0    cut
 405  sn00cx        Ia-pec     0.6011   2.36   0.0245   0.0234    30.40  0    cut
 406  sn03cg        Ia-norm    0.6349   2.35   0.0221   0.0228    23.40  0    cut
 407  sn02er        Ia-norm    0.6674   2.35   0.0310   0.0220    24.20  0    cut
 408  sn91T         Ia-91T     0.7527   2.35   0.0147   0.0195    67.60  0    cut
 409  sn02bo        Ia-norm    0.6593   2.35   0.0231   0.0204    23.80  0    cut
 410  sn81B         Ia-norm    0.7243   2.34   0.0310   0.0185    18.90  0    cut
 411  sn05hk        Ia-pec     0.6444   2.34   0.0066   0.0184    39.00  0    cut
 412  sn92A         Ia-norm    0.6133   2.34   0.0307   0.0183    16.30  0    cut
 413  sn02bo        Ia-norm    0.6579   2.34   0.0271   0.0198    11.90  0    cut
 414  sn02bo        Ia-norm    0.6593   2.33   0.0237   0.0208    21.70  0    cut
 415  sn03du        Ia-norm    0.6133   2.33   0.0163   0.0231   138.60  0    cut
 416  sn89B         Ia-norm    0.6823   2.33   0.0210   0.0202    24.40  0    cut
 417  sn94D         Ia-norm    0.6552   2.32   0.0219   0.0201    15.20  0    cut
 418  sn05hk        Ia-pec     0.7324   2.32   0.0116   0.0213    -1.40  0    cut
 419  sn94D         Ia-norm    0.6850   2.31   0.0217   0.0191    17.20  0    cut
 420  sn02bo        Ia-norm    0.6593   2.31   0.0228   0.0221    27.70  0    cut
 421  sn04eo        Ia-norm    0.6728   2.31   0.0203   0.0203    21.40  0    cut
 422  sn03du        Ia-norm    0.7527   2.30   0.0186   0.0191    31.80  0    cut
 423  sn00cx        Ia-pec     0.5632   2.29   0.0261   0.0223    26.40  0    cut
 424  sn05hk        Ia-pec     0.7311   2.29   0.0061   0.0165    14.40  0    cut
 425  sn00cx        Ia-pec     0.6309   2.29   0.0460   0.0275    -3.40  0    cut
 426  sn04eo        Ia-norm    0.7297   2.28   0.0198   0.0197    20.80  0    cut
 427  sn02bo        Ia-norm    0.6904   2.28   0.0233   0.0218    29.40  0    cut
 428  sn94D         Ia-norm    0.7527   2.28   0.0117   0.0205    83.10  0    cut
 429  sn94D         Ia-norm    0.6593   2.28   0.0218   0.0202    17.40  0    cut
 430  sn02bo        Ia-norm    0.6579   2.27   0.0239   0.0211    20.70  0    cut
 431  sn98bu        Ia-norm    0.6566   2.27   0.0225   0.0204    14.30  0    cut
 432  sn94D         Ia-norm    0.6146   2.27   0.0191   0.0226    48.00  0    cut
 433  sn90N         Ia-norm    0.5117   2.27   0.0070   0.0209   309.80  0    cut
 434  sn94D         Ia-norm    0.6904   2.26   0.0215   0.0197    19.20  0    cut
 435  sn03du        Ia-norm    0.6796   2.26   0.0210   0.0194    17.80  0    cut
 436  sn03du        Ia-norm    0.7216   2.26   0.0133   0.0202    84.30  0    cut
 437  sn02bo        Ia-norm    0.6566   2.26   0.0267   0.0205    12.80  0    cut
 438  sn03du        Ia-norm    0.6620   2.25   0.0207   0.0203    26.00  0    cut
 439  sn99aa        Ia-91T     0.7297   2.25   0.0332   0.0211    29.10  0    cut
 440  sn02bo        Ia-norm    0.6579   2.25   0.0243   0.0211    19.80  0    cut
 441  sn99by        Ia-91bg    0.6579   2.24   0.0228   0.0250     6.10  0    cut
 442  sn94S         Ia-norm    0.5659   2.24   0.0327   0.0244    -2.50  0    cut
 443  sn90N         Ia-norm    0.7162   2.23   0.0210   0.0200    38.50  0    cut
 444  sn02bo        Ia-norm    0.6579   2.23   0.0225   0.0233    28.60  0    cut
 445  sn94D         Ia-norm    0.6850   2.23   0.0226   0.0193    12.20  0    cut
 446  sn05hk        Ia-pec     0.6241   2.23   0.0234   0.0272    -6.30  0    cut
 447  sn03du        Ia-norm    0.7527   2.22   0.0160   0.0195    51.60  0    cut
 448  sn94D         Ia-norm    0.6593   2.22   0.0224   0.0205    15.30  0    cut
 449  sn02bo        Ia-norm    0.6579   2.22   0.0243   0.0213    18.70  0    cut
 450  sn97br        Ia-91T     0.6390   2.21   0.0189   0.0245    42.10  0    cut
 451  sn02er        Ia-norm    0.7243   2.21   0.0148   0.0251   213.00  0    cut
 452  sn02bo        Ia-norm    0.6593   2.21   0.0228   0.0232    29.70  0    cut
 453  sn05hk        Ia-pec     0.6444   2.21   0.0063   0.0184    42.90  0    cut
 454  sn00cx        Ia-pec     0.7527   2.20   0.0442   0.0214     5.60  0    cut
 455  sn81B         Ia-norm    0.6728   2.20   0.0256   0.0203    16.90  0    cut
 456  sn03du        Ia-norm    0.6607   2.20   0.0208   0.0208    24.00  0    cut
 457  sn94ae        Ia-norm    0.6931   2.19   0.0170   0.0218    64.00  0    cut
 458  sn02bo        Ia-norm    0.6579   2.19   0.0261   0.0209    13.80  0    cut
 459  sn99ee        Ia-norm    0.7270   2.19   0.0217   0.0230    31.90  0    cut
 460  sn03du        Ia-norm    0.6661   2.19   0.0050   0.0195   375.30  0    cut
 461  sn99aa        Ia-91T     0.6931   2.19   0.0370   0.0198    15.40  0    cut
 462  sn99by        Ia-91bg    0.6579   2.18   0.0226   0.0278     7.10  0    cut
 463  sn02cx        Ia-pec     0.7473   2.18   0.0065   0.0174    23.00  0    cut
 464  sn96X         Ia-norm    0.7527   2.18   0.0222   0.0194    22.50  0    cut
 465  sn03du        Ia-norm    0.6661   2.18   0.0117   0.0235   109.00  0    cut
 466  sn03du        Ia-norm    0.6607   2.18   0.0215   0.0200    17.00  0    cut
 467  sn90O         Ia-norm    0.6200   2.17   0.0228   0.0187    19.90  0    cut
 468  sn94D         Ia-norm    0.7527   2.16   0.0206   0.0209    24.20  0    cut
 469  sn03du        Ia-norm    0.6620   2.16   0.0204   0.0219    29.00  0    cut
 470  sn02er        Ia-norm    0.7527   2.16   0.0275   0.0218    15.50  0    cut
 471  sn02er        Ia-norm    0.7527   2.16   0.0275   0.0218    16.40  0    cut
 472  sn02bo        Ia-norm    0.6579   2.15   0.0242   0.0214    17.80  0    cut
 473  sn03du        Ia-norm    0.7216   2.15   0.0141   0.0200    72.30  0    cut
 474  sn91T         Ia-91T     0.7527   2.15   0.0157   0.0208    45.70  0    cut
 475  sn81B         Ia-norm    0.5645   2.15   0.0114   0.0217    93.50  0    cut
 476  sn91T         Ia-91T     0.7527   2.14   0.0157   0.0209    46.60  0    cut
 477  sn94D         Ia-norm    0.7162   2.14   0.0165   0.0198    53.90  0    cut
 478  sn05hk        Ia-pec     0.7297   2.14   0.0119   0.0248    -2.40  0    cut
 479  sn89B         Ia-norm    0.6539   2.13   0.0200   0.0236    25.40  0    cut
 480  sn98aq        Ia-norm    0.6579   2.13   0.0215   0.0216    20.80  0    cut
 481  sn97br        Ia-91T     0.6850   2.12   0.0182   0.0228    49.10  0    cut
 482  sn94S         Ia-norm    0.7148   2.12   0.0191   0.0199    20.90  0    cut
 483  sn91bg        Ia-91bg    0.6810   2.12   0.0259   0.0242     1.50  0    cut
 484  sn94D         Ia-norm    0.5524   2.12   0.0195   0.0230    46.20  0    cut
 485  sn03du        Ia-norm    0.7500   2.12   0.0155   0.0205    63.40  0    cut
 486  sn98bu        Ia-norm    0.6566   2.12   0.0205   0.0243    31.10  0    cut
 487  sn99ee        Ia-norm    0.5916   2.12   0.0195   0.0257    40.90  0    cut
 488  sn03du        Ia-norm    0.6620   2.12   0.0209   0.0210    22.00  0    cut
 489  sn02bo        Ia-norm    0.6593   2.12   0.0251   0.0215    15.70  0    cut
 490  sn81B         Ia-norm    0.6783   2.12   0.0319   0.0207    16.00  0    cut
 491  sn02bo        Ia-norm    0.6579   2.12   0.0256   0.0215    14.80  0    cut
 492  sn02bo        Ia-norm    0.6579   2.12   0.0248   0.0217    16.70  0    cut
 493  sn02bo        Ia-norm    0.5632   2.11   0.0117   0.0248    83.30  0    cut
 494  sn92A         Ia-norm    0.6187   2.11   0.0285   0.0218    28.20  0    cut
 495  sn92A         Ia-norm    0.6187   2.11   0.0306   0.0210    24.20  0    cut
 496  sn94ae        Ia-norm    0.6755   2.11   0.0177   0.0226    40.10  0    cut
 497  sn91bg        Ia-91bg    0.5402   2.10   0.0242   0.0217    16.40  0    cut
 498  sn94D         Ia-norm    0.6837   2.10   0.0242   0.0203    13.20  0    cut
 499  sn98bu        Ia-norm    0.6579   2.10   0.0204   0.0235    28.20  0    cut
 500  sn02cx        Ia-pec     0.7527   2.10   0.0071   0.0169    24.10  0    cut
 501  sn98bu        Ia-norm    0.6579   2.10   0.0204   0.0239    30.20  0    cut
 502  sn98aq        Ia-norm    0.6566   2.09   0.0215   0.0215    18.80  0    cut
 503  sn81B         Ia-norm    0.5320   2.09   0.0098   0.0238   114.40  0    cut
 504  sn03du        Ia-norm    0.6607   2.09   0.0198   0.0240    34.00  0    cut
 505  sn96X         Ia-norm    0.7527   2.09   0.0219   0.0201    24.70  0    cut
 506  sn98bu        Ia-norm    0.6579   2.09   0.0202   0.0240    29.20  0    cut
 507  sn91bg        Ia-91bg    0.5429   2.09   0.0240   0.0221    34.40  0    cut
 508  sn05gj        Ia-csm     0.6336   2.09   0.0145   0.0243    42.30  0    cut
 509  sn03du        Ia-norm    0.7527   2.08   0.0156   0.0201    59.30  0    cut
 510  sn99ac        Ia-91T     0.7527   2.06   0.0260   0.0237    33.90  0    cut
 511  sn03du        Ia-norm    0.6661   2.06   0.0214   0.0207    19.60  0    cut
 512  sn99aa        Ia-91T     0.7527   2.06   0.0320   0.0218    34.10  0    cut
 513  sn99by        Ia-91bg    0.6566   2.06   0.0219   0.0326     8.10  0    cut
 514  sn03du        Ia-norm    0.6620   2.06   0.0209   0.0211    20.00  0    cut
 515  sn02bo        Ia-norm    0.6322   2.06   0.0204   0.0273    39.30  0    cut
 516  sn03du        Ia-norm    0.6607   2.06   0.0211   0.0211    19.00  0    cut
 517  sn98aq        Ia-norm    0.6579   2.05   0.0204   0.0243    31.80  0    cut
 518  sn01el        Ia-norm    0.7527   2.05   0.0249   0.0232    39.90  0    cut
 519  sn03du        Ia-norm    0.7216   2.04   0.0176   0.0211    34.60  0    cut
 520  sn99ac        Ia-91T     0.7243   2.04   0.0276   0.0237    32.00  0    cut
 521  sn99aa        Ia-91T     0.7283   2.04   0.0305   0.0212    50.00  0    cut
 522  sn98aq        Ia-norm    0.6579   2.03   0.0202   0.0245    33.80  0    cut
 523  sn05hk        Ia-pec     0.6999   2.03   0.0113   0.0270    -4.20  0    cut
 524  sn99aw        Ia-91T     0.6891   2.03   0.0242   0.0222    35.90  0    cut
 525  sn94ae        Ia-norm    0.6877   2.03   0.0188   0.0219    36.20  0    cut
 526  sn05hk        Ia-pec     0.7297   2.02   0.0115   0.0266    -3.30  0    cut
 527  sn94Q         Ia-norm    0.6607   2.02   0.0189   0.0253    41.60  0    cut
 528  sn97br        Ia-91T     0.5957   2.02   0.0092   0.0274    37.60  0    cut
 529  sn94ae        Ia-norm    0.6065   2.02   0.0133   0.0261    87.80  0    cut
 530  sn95D         Ia-norm    0.6823   2.01   0.0181   0.0229    42.80  0    cut
 531  sn03cg        Ia-norm    0.6363   2.01   0.0215   0.0262    26.40  0    cut
 532  sn98bu        Ia-norm    0.6566   2.01   0.0195   0.0248    32.10  0    cut
 533  sn03du        Ia-norm    0.6661   2.00   0.0165   0.0209    39.50  0    cut
 534  sn97br        Ia-91T     0.6823   2.00   0.0350   0.0291    -4.00  0    cut
 535  sn04eo        Ia-norm    0.6485   2.00   0.0217   0.0251    23.40  0    cut
 536  sn96X         Ia-norm    0.7527   1.99   0.0210   0.0220    31.70  0    cut
 537  sn02er        Ia-norm    0.7053   1.99   0.0299   0.0242    33.20  0    cut
 538  sn04S         Ia-norm    0.7229   1.99   0.0206   0.0243    36.20  0    cut
 539  sn86G         Ia-91bg    0.4792   1.98   0.0199   0.0237    41.60  0    cut
 540  sn96X         Ia-norm    0.4806   1.98   0.0250   0.0217    12.70  0    cut
 541  sn02bo        Ia-norm    0.6593   1.98   0.0202   0.0258    43.60  0    cut
 542  sn98aq        Ia-norm    0.6593   1.98   0.0199   0.0249    30.80  0    cut
 543  sn03cg        Ia-norm    0.7202   1.97   0.0252   0.0218    16.40  0    cut
 544  sn98bu        Ia-norm    0.6579   1.97   0.0200   0.0251    33.20  0    cut
 545  sn03cg        Ia-norm    0.6363   1.97   0.0219   0.0249    19.40  0    cut
 546  sn03du        Ia-norm    0.6119   1.97   0.0202   0.0269    45.60  0    cut
 547  sn94D         Ia-norm    0.7527   1.97   0.0204   0.0205    16.30  0    cut
 548  sn99aa        Ia-91T     0.6959   1.97   0.0306   0.0242    53.90  0    cut
 549  sn03cg        Ia-norm    0.5794   1.96   0.0161   0.0291    38.30  0    cut
 550  sn99aa        Ia-91T     0.6959   1.95   0.0333   0.0242    41.10  0    cut
 551  sn00cx        Ia-pec     0.7527   1.95   0.0438   0.0230     6.50  0    cut
 552  sn05hk        Ia-pec     0.6241   1.95   0.0239   0.0322    -7.30  0    cut
 553  sn02bo        Ia-norm    0.6593   1.95   0.0189   0.0259    45.60  0    cut
 554  sn03du        Ia-norm    0.6783   1.95   0.0247   0.0245    37.40  0    cut
 555  sn02bo        Ia-norm    0.6593   1.95   0.0203   0.0261    40.60  0    cut
 556  sn98bu        Ia-norm    0.6579   1.95   0.0192   0.0255    34.20  0    cut
 557  sn03cg        Ia-norm    0.6309   1.94   0.0198   0.0272    43.40  0    cut
 558  sn95bd        Ia-norm    0.5781   1.94   0.0182   0.0240    21.10  0    cut
 559  sn99ac        Ia-91T     0.7527   1.94   0.0250   0.0244    39.90  0    cut
 560  sn95D         Ia-norm    0.6823   1.94   0.0162   0.0242    69.60  0    cut
 561  sn02er        Ia-norm    0.7270   1.93   0.0318   0.0249    19.50  0    cut
 562  sn95D         Ia-norm    0.7527   1.93   0.0169   0.0211    37.80  0    cut
 563  sn98aq        Ia-norm    0.6579   1.93   0.0150   0.0249    90.50  0    cut
 564  sn91bg        Ia-91bg    0.7527   1.92   0.0226   0.0261    14.70  0    cut
 565  sn98aq        Ia-norm    0.6579   1.92   0.0193   0.0253    35.80  0    cut
 566  sn98bu        Ia-norm    0.6579   1.91   0.0198   0.0257    35.20  0    cut
 567  sn86G         Ia-91bg    0.4792   1.91   0.0202   0.0243    32.10  0    cut
 568  sn94ae        Ia-norm    0.6647   1.91   0.0158   0.0258    70.00  0    cut
 569  sn05gj        Ia-csm     0.5794   1.90   0.0124   0.0255    51.80  0    cut
 570  sn04eo        Ia-norm    0.6728   1.89   0.0194   0.0254    29.70  0    cut
 571  sn89B         Ia-norm    0.6755   1.89   0.0173   0.0267    31.40  0    cut
 572  sn98bu        Ia-norm    0.6579   1.89   0.0191   0.0260    36.20  0    cut
 573  sn89B         Ia-norm    0.6796   1.88   0.0171   0.0274    37.30  0    cut
 574  sn02bo        Ia-norm    0.6593   1.87   0.0183   0.0269    49.60  0    cut
 575  sn98bu        Ia-norm    0.6579   1.87   0.0191   0.0263    37.20  0    cut
 576  sn94D         Ia-norm    0.6525   1.87   0.0183   0.0236    50.10  0    cut
 577  sn02bo        Ia-norm    0.6593   1.86   0.0132   0.0251    79.40  0    cut
 578  sn03du        Ia-norm    0.6607   1.86   0.0175   0.0253    49.80  0    cut
 579  sn03cg        Ia-norm    0.7189   1.86   0.0189   0.0247    52.40  0    cut
 580  sn98bu        Ia-norm    0.6579   1.85   0.0191   0.0264    38.20  0    cut
 581  sn04S         Ia-norm    0.7243   1.85   0.0188   0.0257    42.10  0    cut
 582  sn03du        Ia-norm    0.6620   1.85   0.0169   0.0250    51.80  0    cut
 583  sn02bo        Ia-norm    0.6593   1.84   0.0185   0.0266    51.60  0    cut
 584  sn94D         Ia-norm    0.6593   1.84   0.0180   0.0236    43.20  0    cut
 585  sn97br        Ia-91T     0.7121   1.84   0.0151   0.0233    71.90  0    cut
 586  sn86G         Ia-91bg    0.7338   1.84   0.0103   0.0241   103.00  0    cut
 587  sn86G         Ia-91bg    0.7446   1.84   0.0095   0.0232    90.00  0    cut
 588  sn95E         Ia-norm    0.7040   1.83   0.0204   0.0253    32.70  0    cut
 589  sn98bu        Ia-norm    0.6566   1.83   0.0189   0.0271    39.20  0    cut
 590  sn00cx        Ia-pec     0.5618   1.83   0.0254   0.0252    24.40  0    cut
 591  sn03du        Ia-norm    0.6593   1.83   0.0167   0.0253    56.70  0    cut
 592  sn05hk        Ia-pec     0.7311   1.83   0.0124   0.0296    -4.30  0    cut
 593  sn90N         Ia-norm    0.5848   1.82   0.0048   0.0288   332.50  0    cut
 594  sn94D         Ia-norm    0.6607   1.81   0.0176   0.0252    50.00  0    cut
 595  sn91bg        Ia-91bg    0.7527   1.81   0.0186   0.0276    25.60  0    cut
 596  sn86G         Ia-91bg    0.6024   1.81   0.0192   0.0285    52.00  0    cut
 597  sn98bu        Ia-norm    0.6579   1.80   0.0189   0.0268    40.10  0    cut
 598  sn02ic        Ia-csm     0.6715   1.80   0.0174   0.0260    31.90  0    cut
 599  sn98aq        Ia-norm    0.6579   1.79   0.0157   0.0257    78.60  0    cut
 600  sn02bo        Ia-norm    0.6593   1.79   0.0174   0.0277    54.60  0    cut
 601  sn03du        Ia-norm    0.6607   1.79   0.0162   0.0258    61.70  0    cut
 602  sn81B         Ia-norm    0.4820   1.78   0.0297   0.0267    33.80  0    cut
 603  sn94D         Ia-norm    0.6485   1.78   0.0181   0.0247    57.10  0    cut
 604  sn86G         Ia-91bg    0.7013   1.78   0.0131   0.0236    56.50  0    cut
 605  sn98bu        Ia-norm    0.6579   1.78   0.0185   0.0275    43.10  0    cut
 606  sn98bu        Ia-norm    0.6566   1.77   0.0185   0.0280    44.10  0    cut
 607  sn94D         Ia-norm    0.6525   1.76   0.0178   0.0247    59.10  0    cut
 608  sn89B         Ia-norm    0.6552   1.76   0.0114   0.0303    49.20  0    cut
 609  sn05hk        Ia-pec     0.7527   1.76   0.0103   0.0319    -5.10  0    cut
 610  sn98bu        Ia-norm    0.6579   1.76   0.0185   0.0277    41.10  0    cut
 611  sn98bu        Ia-norm    0.6579   1.75   0.0185   0.0277    42.10  0    cut
 612  sn03du        Ia-norm    0.6593   1.75   0.0166   0.0272    60.70  0    cut
 613  sn98aq        Ia-norm    0.6579   1.75   0.0154   0.0271    81.60  0    cut
 614  sn86G         Ia-91bg    0.6024   1.74   0.0191   0.0295    54.00  0    cut
 615  sn02cx        Ia-pec     0.5334   1.74   0.0107   0.0232    18.20  0    cut
 616  sn05hk        Ia-pec     0.5212   1.73   0.0084   0.0194    53.80  0    cut
 617  sn98aq        Ia-norm    0.6579   1.73   0.0185   0.0271    50.60  0    cut
 618  sn02bo        Ia-norm    0.6593   1.73   0.0143   0.0287    72.50  0    cut
 619  sn99by        Ia-91bg    0.6579   1.72   0.0194   0.0332    25.10  0    cut
 620  sn94D         Ia-norm    0.6444   1.72   0.0200   0.0281    40.30  0    cut
 621  sn98aq        Ia-norm    0.6579   1.72   0.0170   0.0264    65.60  0    cut
 622  sn98aq        Ia-norm    0.6579   1.72   0.0177   0.0270    54.70  0    cut
 623  sn98aq        Ia-norm    0.6579   1.71   0.0177   0.0264    57.70  0    cut
 624  sn91T         Ia-91T     0.7527   1.71   0.0364   0.0330    -9.30  0    cut
 625  sn00cx        Ia-pec     0.5984   1.71   0.0405   0.0259     9.50  0    cut
 626  sn00cx        Ia-pec     0.5645   1.70   0.0273   0.0268    22.40  0    cut
 627  sn98aq        Ia-norm    0.6579   1.70   0.0175   0.0271    59.60  0    cut
 628  sn91T         Ia-91T     0.6566   1.70   0.0082   0.0286   260.40  0    cut
 629  sn98aq        Ia-norm    0.6579   1.70   0.0173   0.0265    62.60  0    cut
 630  sn03du        Ia-norm    0.6376   1.69   0.0200   0.0299    87.10  0    cut
 631  sn04eo        Ia-norm    0.7026   1.69   0.0172   0.0248    53.30  0    cut
 632  sn98bu        Ia-norm    0.6566   1.68   0.0176   0.0277    57.10  0    cut
 633  sn05hk        Ia-pec     0.7527   1.67   0.0095   0.0433    -8.30  0    cut
 634  sn86G         Ia-91bg    0.6024   1.65   0.0189   0.0311    56.00  0    cut
 635  sn99by        Ia-91bg    0.6579   1.65   0.0187   0.0347    29.10  0    cut
 636  sn05hk        Ia-pec     0.6986   1.64   0.0142   0.0459    -6.30  0    cut
 637  sn02cx        Ia-pec     0.5090   1.63   0.0111   0.0255    14.20  0    cut
 638  sn05hk        Ia-pec     0.7311   1.63   0.0122   0.0348    -5.30  0    cut
 639  sn91bg        Ia-91bg    0.6322   1.63   0.0307   0.0347    29.50  0    cut
 640  sn04eo        Ia-norm    0.6227   1.62   0.0174   0.0301    67.00  0    cut
 641  sn05hk        Ia-pec     0.7311   1.60   0.0120   0.0407    -6.30  0    cut
 642  sn86G         Ia-91bg    0.6038   1.60   0.0191   0.0341    49.50  0    cut
 643  sn05gj        Ia-csm     0.6255   1.60   0.0107   0.0267    67.70  0    cut
 644  sn99by        Ia-91bg    0.6579   1.59   0.0184   0.0356    31.10  0    cut
 645  sn94D         Ia-norm    0.6444   1.58   0.0170   0.0293    55.10  0    cut
 646  sn97br        Ia-91T     0.6322   1.58   0.0145   0.0342    50.50  0    cut
 647  sn91T         Ia-91T     0.7527   1.58   0.0371   0.0352   -10.30  0    cut
 648  sn05hk        Ia-pec     0.5930   1.57   0.0073   0.0243    65.50  0    cut
 649  sn91bg        Ia-91bg    0.7527   1.57   0.0216   0.0335    18.90  0    cut
 650  sn89B         Ia-norm    0.6431   1.55   0.0163   0.0333    51.00  0    cut
 651  sn02ic        Ia-csm     0.7527   1.54   0.0143   0.0266    44.10  0    cut
 652  sn99by        Ia-91bg    0.6579   1.54   0.0178   0.0363    33.10  0    cut
 653  sn86G         Ia-91bg    0.4630   1.54   0.0226   0.0231    21.10  0    cut
 654  sn03cg        Ia-norm    0.6106   1.54   0.0003   0.0277   383.10  0    cut
 655  sn04eo        Ia-norm    0.6742   1.53   0.0160   0.0266    71.10  0    cut
 656  sn04eo        Ia-norm    0.6769   1.52   0.0174   0.0271    45.40  0    cut
 657  sn91bg        Ia-91bg    0.6119   1.51  -0.0005   0.0176   202.70  0    cut
 658  sn97br        Ia-91T     0.6783   1.51   0.0401   0.0371    -6.40  0    cut
 659  sn86G         Ia-91bg    0.6173   1.50   0.0184   0.0363    45.60  0    cut
 660  sn91T         Ia-91T     0.5117   1.50   0.0221   0.0268    18.60  0    cut
 661  sn86G         Ia-91bg    0.6268   1.50   0.0188   0.0327    44.60  0    cut
 662  sn97cn        Ia-91bg    0.7487   1.49   0.0142   0.0236    43.40  0    cut
 663  sn91T         Ia-91T     0.7175   1.49   0.0399   0.0389    -5.30  0    cut
 664  sn97br        Ia-91T     0.6688   1.49   0.0393   0.0415    -7.40  0    cut
 665  sn97br        Ia-91T     0.6674   1.48   0.0209   0.0322    66.40  0    cut
 666  sn91bg        Ia-91bg    0.7175   1.45   0.0149   0.0319    50.50  0    cut
 667  sn05hk        Ia-pec     0.7311   1.45   0.0139   0.0510    -8.30  0    cut
 668  sn04eo        Ia-norm    0.5916   1.44   0.0174   0.0294    48.40  0    cut
 669  sn05hk        Ia-pec     0.7324   1.43   0.0117   0.0472    -7.30  0    cut
 670  sn91T         Ia-91T     0.7175   1.41   0.0401   0.0424    -7.30  0    cut
 671  sn91T         Ia-91T     0.7175   1.41   0.0400   0.0420    -6.40  0    cut
 672  sn97br        Ia-91T     0.5876   1.40   0.0390   0.0361    -6.00  0    cut
 673  sn86G         Ia-91bg    0.4968   1.40   0.0223   0.0354    22.10  0    cut
 674  sn91bg        Ia-91bg    0.6593   1.40   0.1978   0.0308    32.70  0    cut
 675  sn02cx        Ia-pec     0.6728   1.36   0.1606   0.0363    -5.30  0    cut
 676  sn00cx        Ia-pec     0.5997   1.36   0.0374   0.0300    11.50  0    cut
 677  sn91bg        Ia-91bg    0.7202   1.33   0.1634   0.0238   117.20  0    cut
 678  sn99by        Ia-91bg    0.6579   1.33   0.0169   0.0414    42.10  0    cut
 679  sn02cx        Ia-pec     0.5307   1.31   0.0078   0.0237    53.30  0    cut
 680  sn86G         Ia-91bg    0.6187   1.31   0.0181   0.0428    54.50  0    cut
 681  sn05gj        Ia-csm     0.6417   1.31   0.0126   0.0296    61.10  0    cut
 682  sn00cx        Ia-pec     0.5997   1.31   0.0327   0.0311    14.50  0    cut
 683  sn91bg        Ia-91bg    0.7527   1.29   0.0142   0.0358    54.50  0    cut
 684  sn00cx        Ia-pec     0.4982   1.28   0.0270   0.0292    19.40  0    cut
 685  sn05gj        Ia-csm     0.6255   1.27   0.0114   0.0356    75.30  0    cut
 686  sn05gj        Ia-csm     0.6931   1.23   0.0133   0.0338    64.90  0    cut
 687  sn05hk        Ia-pec     0.7311   1.23   0.0104   0.0604    -9.30  0    cut
 688  sn05gj        Ia-csm     0.6931   1.22   0.0144   0.0361    63.00  0    cut
 689  sn05gj        Ia-csm     0.6661   1.22   0.0132   0.0336    92.10  0    cut
 690  sn91bg        Ia-91bg    0.7040   1.21   0.0159   0.0384    46.30  0    cut
 691  sn94M         Ia-norm    0.6552   1.21   0.0194   0.0365    34.10  0    cut
 692  sn05gj        Ia-csm     0.6918   1.18   0.0134   0.0351    65.80  0    cut
 693  sn91bg        Ia-91bg    0.7053   1.17   0.0159   0.0372    53.50  0    cut
 694  sn05gj        Ia-csm     0.6931   1.17   0.0141   0.0327    63.90  0    cut
 695  sn05gj        Ia-csm     0.6187   1.15   0.0170   0.0428   -12.10  0    cut
 696  sn05gj        Ia-csm     0.6918   1.15   0.0109   0.0345    66.80  0    cut
 697  sn97br        Ia-91T     0.6539   1.15   0.0485   0.0441    -7.00  0    cut
 698  sn91bg        Ia-91bg    0.6850   1.14   0.0179   0.1040    46.50  0    cut
 699  sn91bg        Ia-91bg    0.7053   1.12   0.0154   0.0376    53.30  0    cut
 700  sn86G         Ia-91bg    0.4860   1.11   0.0241   0.0534    23.10  0    cut
 701  sn97br        Ia-91T     0.6525   1.10   0.0486   0.0488    -9.00  0    cut
 702  sn91bg        Ia-91bg    0.7527   1.07   0.1652   0.0259   113.20  0    cut
 703  sn97br        Ia-91T     0.6282   1.04   0.0489   0.0508    -8.00  0    cut
 704  sn00E         Ia-norm    0.4887   0.99   0.1175   0.0314   121.20  0    cut
 705  sn91bg        Ia-91bg    0.6647   0.96   0.1646   0.0236   117.20  0    cut
 706  sn05hk        Ia-pec     0.4738   0.88   0.2209   0.0634    26.40  0    cut
 707  sn02ic        Ia-csm     0.5659   0.85   0.0197   0.0267    65.60  0    cut
 708  sn94D         Ia-norm    0.4305   0.85   0.2274   0.0556    26.20  0    cut
 709  sn05gj        Ia-csm     0.6945   0.84   0.0131   0.0354   133.50  0    cut
 710  sn91bg        Ia-91bg    0.6106   0.81  -0.0008   0.0243   143.00  0    cut
 711  sn05gj        Ia-csm     0.6403   0.80   0.0116   0.1363    88.40  0    cut
 712  sn91T         Ia-91T     0.7527   0.80   0.2575   0.0395   -11.50  0    cut
 713  sn04eo        Ia-norm    0.6498   0.79   0.0111   0.0481    49.40  0    cut
 714  sn91bg        Ia-91bg    0.5469   0.67   0.1132   0.0312    88.10  0    cut
 715  sn97cn        Ia-91bg    0.5348   0.60   0.2715   0.0865    28.70  0    cut
