### SNID output file ###
 
### input spectrum and options ###
# Input spectrum                 : 18734_-10.00.dat
# Parameter file                 : NA
# Wavelength range               :    3883.51   7344.52
# Mask file                      : NA
# Median filtering width [A]     : NA
# Median filtering width [pix]   :       1.00
# Clip emission redshift         : NA
# Clip sky lines                 : 0
# Emission clip width [A]        : NA
# Keep A-band                    : 1
# Age range                      :     -90.00   1000.00
# Delta range                    :      -9.99     99.90
# Min. number of spectra/template:   1
# Use only templates             : NA
# Use only types                 : II
# Avoid templates                : NA
# Avoid types                    : NA
# rlapmin                        :       5.00
# Redshift range                 :    -0.0100    1.2000
# Forced initial redshift        : NA
# Extra fake redshift            : NA
# Nsigma for initial redshift    : NA
# Redshift filter                :     0.0200
# Wavenumbers k1,k2,k3,k4        :     1    4   85  102
# Template directory             : /Users/daniel/snid-5.0/templates-2.0/
 
### initial/user-input redshift ###
zinit       0.0570
zuser       0.0570
 
### median redshift/age and error ###
zmed        0.0564    0.0055
agem        303.35    164.85
 
### type fraction/redshift/age ###
#type ntemp fraction slope redshift redshift_error age age_error
Ia              0      0.00    0.0000    0.0000    0.0000     0.000     0.000
Ia-norm         0      0.00    0.0000    0.0000    0.0000     0.000     0.000
Ia-91T          0      0.00    0.0000    0.0000    0.0000     0.000     0.000
Ia-91bg         0      0.00    0.0000    0.0000    0.0000     0.000     0.000
Ia-csm          0      0.00    0.0000    0.0000    0.0000     0.000     0.000
Ia-pec          0      0.00    0.0000    0.0000    0.0000     0.000     0.000
###
Ib              0      0.00    0.0000    0.0000    0.0000     0.000     0.000
Ib-norm         0      0.00    0.0000    0.0000    0.0000     0.000     0.000
Ib-pec          0      0.00    0.0000    0.0000    0.0000     0.000     0.000
IIb             0      0.00    0.0000    0.0000    0.0000     0.000     0.000
###
Ic              0      0.00    0.0000    0.0000    0.0000     0.000     0.000
Ic-norm         0      0.00    0.0000    0.0000    0.0000     0.000     0.000
Ic-pec          0      0.00    0.0000    0.0000    0.0000     0.000     0.000
Ic-broad        0      0.00    0.0000    0.0000    0.0000     0.000     0.000
###
II            159      1.00    0.0000    0.0564    0.0055   303.350   164.849
IIP            38      0.24    0.0201    0.0565    0.0040   220.700   124.400
II-pec         87      0.55   -0.2123    0.0563    0.0008   339.700   170.054
IIn            26      0.16    0.1679    0.0713    0.0068   310.100    92.295
IIL             8      0.05    0.0094    0.0567    0.0066   217.000     0.000
###
NotSN           0      0.00    0.0000    0.0000    0.0000     0.000     0.000
AGN             0      0.00    0.0000    0.0000    0.0000     0.000     0.000
Gal             0      0.00    0.0000    0.0000    0.0000     0.000     0.000
LBV             0      0.00    0.0000    0.0000    0.0000     0.000     0.000
M-star          0      0.00    0.0000    0.0000    0.0000     0.000     0.000
 
### rlap-ordered template listings ###
#no. sn type lap rlap z zerr age age_flag grade
   1  sn1998S       IIn        0.6227  10.39   0.0705   0.0019   383.60  0   good
   2  sn1998S       IIn        0.6227   9.71   0.0712   0.0020   367.80  0   good
   3  sn1998S       IIn        0.6227   9.51   0.0714   0.0020   355.80  0   good
   4  sn1998S       IIn        0.6227   9.34   0.0713   0.0021   338.90  0   good
   5  sn1997cy      IIn        0.6336   9.19   0.0565   0.0021   377.70  1   good
   6  sn1998S       IIn        0.6227   8.87   0.0718   0.0022   325.00  0   good
   7  sn1998S       IIn        0.6227   8.50   0.0709   0.0023   390.60  0   good
   8  sn2004et      IIP        0.6336   8.47   0.0562   0.0022   250.30  0   good
   9  sn2004et      IIP        0.6336   8.43   0.0562   0.0022   268.30  0   good
  10  sn1997cy      IIn        0.6336   8.37   0.0588   0.0023   174.50  1   good
  11  sn1998S       IIn        0.6227   8.37   0.0722   0.0022   305.10  0   good
  12  sn2004et      IIP        0.6336   8.28   0.0562   0.0022   229.70  0   good
  13  sn2004et      IIP        0.6336   8.16   0.0562   0.0022   242.80  0   good
  14  sn1998S       IIn        0.6227   8.14   0.0723   0.0023   300.00  0   good
  15  sn2004et      IIP        0.6336   8.14   0.0564   0.0023   236.80  0   good
  16  sn1999em      IIP        0.6336   8.02   0.0565   0.0022   327.80  0   good
  17  sn2004et      IIP        0.6133   7.91   0.0576   0.0023   297.70  0   good
  18  sn1998S       IIn        0.6227   7.90   0.0722   0.0024   310.10  0   good
  19  sn2004et      IIP        0.6065   7.90   0.0564   0.0023   284.80  0   good
  20  sn2004et      IIP        0.5970   7.88   0.0561   0.0024   211.40  0   good
  21  sn2004et      IIP        0.5984   7.82   0.0565   0.0023   330.10  0   good
  22  sn1990K       IIL        0.5618   7.70   0.0567   0.0028   160.90  1   good
  23  sn1998S       IIn        0.6227   7.59   0.0727   0.0024   283.20  0   good
  24  sn1996L       IIn        0.5781   7.45   0.0570   0.0025   322.80  0   good
  25  sn1996L       IIn        0.5781   7.45   0.0570   0.0025   323.80  0   good
  26  sn1996L       IIn        0.6051   7.44   0.0576   0.0032    58.10  0   good
  27  sn2004et      IIP        0.5984   7.36   0.0566   0.0024   382.10  0   good
  28  sn1999em      IIP        0.6336   7.36   0.0563   0.0024   307.80  0   good
  29  sn1998S       IIn        0.6024   7.34   0.0710   0.0025   413.50  0   good
  30  sn1999gi      IIP        0.6227   7.26   0.0566   0.0023   160.40  0   good
  31  sn1990K       IIL        0.6295   7.19   0.0567   0.0029   174.70  1   good
  32  sn1990K       IIL        0.5781   7.15   0.0566   0.0029   202.50  1   good
  33  sn2005cs      IIP        0.5984   7.11   0.0534   0.0025   161.80  0   good
  34  sn2005cs      IIP        0.5997   7.09   0.0548   0.0024   220.70  0   good
  35  sn1996L       IIn        0.6309   7.05   0.0963   0.0038    58.60  0    bad
  36  sn2004et      IIP        0.5930   7.05   0.0560   0.0026   195.80  0   good
  37  sn1987A       II-pec     0.5970   7.03   0.0580   0.0027   634.80  0   good
  38  sn1990K       IIL        0.5537   7.01   0.0568   0.0029   201.60  1   good
  39  sn1997cy      IIn        0.6336   6.95   0.0974   0.0029   196.10  1    bad
  40  sn1987A       II-pec     0.5984   6.94   0.0561   0.0027   224.00  0   good
  41  sn1987A       II-pec     0.5984   6.93   0.0561   0.0028   215.90  0   good
  42  sn1987A       II-pec     0.5984   6.90   0.0582   0.0027   651.50  0   good
  43  sn2004et      IIP        0.5496   6.90   0.0577   0.0025   384.50  0   good
  44  sn1990K       IIL        0.6024   6.90   0.0562   0.0031   174.70  1   good
  45  sn1998S       IIn        0.6227   6.88   0.0731   0.0027   268.20  0   good
  46  sn1997cy      IIn        0.6336   6.85   0.0596   0.0029   116.80  1   good
  47  sn1998S       IIn        0.6227   6.82   0.0730   0.0027   275.20  0   good
  48  sn1987A       II-pec     0.5984   6.82   0.0561   0.0028   211.00  0   good
  49  sn1987A       II-pec     0.5984   6.82   0.0582   0.0028   660.50  0   good
  50  sn1997cy      IIn        0.6336   6.80   0.1218   0.0030   226.10  1    bad
  51  sn1998S       IIn        0.6227   6.79   0.0729   0.0027   277.20  0   good
  52  sn1987A       II-pec     0.5984   6.79   0.0582   0.0028   656.50  0   good
  53  sn1987A       II-pec     0.5997   6.78   0.0562   0.0028   230.90  0   good
  54  sn2004et      IIP        0.5496   6.77   0.0575   0.0025   374.60  0   good
  55  sn1987A       II-pec     0.6336   6.76   0.0562   0.0028   255.20  0   good
  56  sn2005cs      IIP        0.4820   6.76   0.0542   0.0025   188.60  0   good
  57  sn1987A       II-pec     0.6336   6.74   0.0584   0.0028   628.80  0   good
  58  sn1987A       II-pec     0.5984   6.72   0.0560   0.0028   203.00  0   good
  59  sn1987A       II-pec     0.5984   6.70   0.0562   0.0028   246.00  0   good
  60  sn1987A       II-pec     0.6336   6.70   0.0562   0.0028   255.20  0   good
  61  sn2004et      IIP        0.6065   6.68   0.0561   0.0029   168.80  0   good
  62  sn1987A       II-pec     0.5984   6.67   0.0560   0.0028   269.90  0   good
  63  sn1987A       II-pec     0.5984   6.62   0.0584   0.0028   599.80  0   good
  64  sn1987A       II-pec     0.5984   6.61   0.0561   0.0029   181.10  0   good
  65  sn2004et      IIP        0.5483   6.59   0.0579   0.0026   411.50  0   good
  66  sn1987A       II-pec     0.5984   6.59   0.0562   0.0028   246.00  0   good
  67  sn1987A       II-pec     0.5984   6.58   0.0581   0.0029   667.50  0   good
  68  sn2006bp      IIP        0.5199   6.58   0.0596   0.0027   330.00  0   good
  69  sn1987A       II-pec     0.5984   6.57   0.0562   0.0028   238.00  0   good
  70  sn1987A       II-pec     0.5997   6.54   0.0561   0.0030   182.10  0   good
  71  sn1987A       II-pec     0.5997   6.51   0.0562   0.0029   252.90  0   good
  72  sn1987A       II-pec     0.5997   6.50   0.0560   0.0030   193.10  0   good
  73  sn1987A       II-pec     0.5997   6.50   0.0562   0.0028   266.90  0   good
  74  sn1987A       II-pec     0.5984   6.49   0.0582   0.0029   687.40  0   good
  75  sn1987A       II-pec     0.5984   6.48   0.0561   0.0030   156.10  0   good
  76  sn2004et      IIP        0.6268   6.46   0.0565   0.0027   369.00  0   good
  77  sn1987A       II-pec     0.5984   6.45   0.0581   0.0029   624.60  0   good
  78  sn1987A       II-pec     0.5984   6.43   0.0561   0.0030   176.10  0   good
  79  sn1987A       II-pec     0.5984   6.41   0.0563   0.0028   304.80  0   good
  80  sn2005cs      IIP        0.4792   6.40   0.0538   0.0027   155.60  0   good
  81  sn1987A       II-pec     0.5997   6.40   0.0562   0.0029   259.90  0   good
  82  sn1987A       II-pec     0.5997   6.40   0.0562   0.0028   301.90  0   good
  83  sn1987A       II-pec     0.5997   6.39   0.0561   0.0030   187.20  0   good
  84  sn1987A       II-pec     0.5997   6.38   0.0562   0.0028   297.00  0   good
  85  sn1997cy      IIn        0.6336   6.36   0.0884   0.0033   125.30  1    bad
  86  sn1998S       IIn        0.6227   6.34   0.0735   0.0028   256.30  0   good
  87  sn1987A       II-pec     0.5984   6.33   0.0580   0.0029   605.80  0   good
  88  sn1987A       II-pec     0.5997   6.31   0.0559   0.0031   178.20  0   good
  89  sn1987A       II-pec     0.5970   6.30   0.0563   0.0029   277.80  0   good
  90  sn1987A       II-pec     0.5984   6.29   0.0563   0.0029   298.90  0   good
  91  sn1997cy      IIn        0.6336   6.27   0.0594   0.0031    71.30  1   good
  92  sn1987A       II-pec     0.5997   6.27   0.0563   0.0029   322.80  0   good
  93  sn2005cs      IIP        0.5483   6.24   0.0535   0.0027   176.10  0   good
  94  sn1987A       II-pec     0.6336   6.24   0.0565   0.0029   324.10  0   good
  95  sn1987A       II-pec     0.5997   6.23   0.0561   0.0029   285.10  0   good
  96  sn1990K       IIL        0.6227   6.18   0.0753   0.0037   147.00  1   good
  97  sn1987A       II-pec     0.5997   6.17   0.0562   0.0031   184.20  0   good
  98  sn1987A       II-pec     0.5997   6.16   0.0562   0.0029   307.80  0   good
  99  sn2005cs      IIP        0.6336   6.15   0.0543   0.0026   272.50  0   good
 100  sn1987A       II-pec     0.6336   6.14   0.0564   0.0030   316.00  0   good
 101  sn1998S       IIn        0.6227   6.10   0.0723   0.0030   311.10  0   good
 102  sn1987A       II-pec     0.6011   6.10   0.0561   0.0032   155.20  0   good
 103  sn2005cs      IIP        0.6011   6.10   0.0541   0.0028   172.70  0   good
 104  sn1987A       II-pec     0.6336   6.09   0.0563   0.0030   339.00  0   good
 105  sn2004dj      IIP        0.5483   6.06   0.0613   0.0030    89.80  1   good
 106  sn2004et      IIP        0.6336   6.05   0.0642   0.0072    -0.90  0   good
 107  sn1987A       II-pec     0.5997   6.01   0.0564   0.0030   330.80  0   good
 108  sn1987A       II-pec     0.5997   6.01   0.0564   0.0030   334.90  0   good
 109  sn2004et      IIP        0.6268   5.99   0.0561   0.0031   146.90  0   good
 110  sn1987A       II-pec     0.5984   5.99   0.0559   0.0033   161.10  0   good
 111  sn1990K       IIL        0.6309   5.98   0.0562   0.0038   119.10  1   good
 112  sn1987A       II-pec     0.6024   5.97   0.0560   0.0033   148.10  0   good
 113  sn1987A       II-pec     0.5970   5.96   0.0580   0.0030   590.70  0   good
 114  sn1987A       II-pec     0.5984   5.96   0.0578   0.0030   594.70  0   good
 115  sn1987A       II-pec     0.5984   5.95   0.0562   0.0030   344.80  0   good
 116  sn1998S       IIn        0.6227   5.94   0.0738   0.0029   247.30  0   good
 117  sn1987A       II-pec     0.5997   5.93   0.0564   0.0030   339.70  0   good
 118  sn1996L       IIn        0.6336   5.92   0.0754   0.0036    42.20  0   good
 119  sn1990K       IIL        0.6119   5.91   0.0942   0.0038   136.10  1    bad
 120  sn1987A       II-pec     0.6011   5.91   0.0561   0.0032   169.00  0   good
 121  sn1987A       II-pec     0.5997   5.90   0.0562   0.0033   151.30  0   good
 122  sn1999gi      IIP        0.6214   5.88   0.0568   0.0028   144.40  0   good
 123  sn1987A       II-pec     0.5957   5.85   0.0561   0.0034   134.10  0   good
 124  sn1987A       II-pec     0.6011   5.82   0.0563   0.0030   360.70  0   good
 125  sn1987A       II-pec     0.5997   5.79   0.0561   0.0030   357.80  0   good
 126  sn1987A       II-pec     0.5997   5.76   0.0561   0.0030   367.70  0   good
 127  sn1987A       II-pec     0.5984   5.75   0.0575   0.0031   532.80  0   good
 128  sn1987A       II-pec     0.5997   5.75   0.0560   0.0034   158.20  0   good
 129  sn1987A       II-pec     0.5984   5.75   0.0563   0.0030   406.10  0   good
 130  sn1980K       IIL        0.5645   5.74   0.0606   0.0032   217.00  0   good
 131  sn1987A       II-pec     0.5984   5.70   0.0572   0.0030   513.80  0   good
 132  sn1987A       II-pec     0.5984   5.70   0.0563   0.0031   375.70  0   good
 133  sn1987A       II-pec     0.5997   5.70   0.0561   0.0031   382.70  0   good
 134  sn1987A       II-pec     0.5984   5.69   0.0562   0.0031   420.10  0   good
 135  sn1987A       II-pec     0.5984   5.66   0.0578   0.0031   572.80  0   good
 136  sn1987A       II-pec     0.5984   5.66   0.0562   0.0031   420.00  0   good
 137  sn2004et      IIP        0.6336   5.65   0.0649   0.0075     1.00  0   good
 138  sn1987A       II-pec     0.5984   5.65   0.0563   0.0031   416.10  0   good
 139  sn1987A       II-pec     0.5984   5.64   0.0561   0.0031   393.70  0   good
 140  sn1987A       II-pec     0.5984   5.62   0.0563   0.0031   419.00  0   good
 141  sn1987A       II-pec     0.5984   5.61   0.0578   0.0031   561.70  0   good
 142  sn2004et      IIP        0.6336   5.61   0.0651   0.0075     2.00  0   good
 143  sn1987A       II-pec     0.5984   5.60   0.0563   0.0031   427.00  0   good
 144  sn1987A       II-pec     0.5984   5.55   0.0563   0.0031   444.10  0   good
 145  sn1992H       IIP        0.4928   5.52   0.0942   0.0046   129.80  0    bad
 146  sn1987A       II-pec     0.6336   5.51   0.0560   0.0032   413.40  0   good
 147  sn2005cs      IIP        0.4589   5.51   0.0546   0.0030   265.50  0   good
 148  sn1987A       II-pec     0.5984   5.49   0.0566   0.0032   471.00  0   good
 149  sn1987A       II-pec     0.5984   5.47   0.0568   0.0032   488.00  0   good
 150  sn1987A       II-pec     0.5984   5.40   0.0563   0.0032   459.00  0   good
 151  sn1987A       II-pec     0.5984   5.39   0.0577   0.0032   540.90  0   good
 152  sn1987A       II-pec     0.6336   5.37   0.0567   0.0032   429.40  0   good
 153  sn1987A       II-pec     0.5984   5.35   0.0563   0.0032   442.10  0   good
 154  sn1987A       II-pec     0.5984   5.34   0.0563   0.0032   450.00  0   good
 155  sn1987A       II-pec     0.6336   5.32   0.0565   0.0032   441.30  0   good
 156  sn1987A       II-pec     0.5984   5.28   0.0574   0.0032   518.90  0   good
 157  sn2004et      IIP        0.6336   5.27   0.0649   0.0077     4.00  0   good
 158  sn2004et      IIP        0.6336   5.27   0.0636   0.0085    -1.90  0   good
 159  sn2004et      IIP        0.6336   5.24   0.0631   0.0085    -2.90  0   good
 160  sn1987A       II-pec     0.6336   5.24   0.0577   0.0033   504.20  0   good
 161  sn1987A       II-pec     0.6336   5.21   0.0567   0.0038   113.60  0   good
 162  sn1987A       II-pec     0.5984   5.20   0.0570   0.0033   496.90  0   good
 163  sn1987A       II-pec     0.5970   5.16   0.0588   0.0040   989.40  0   good
 164  sn1992H       IIP        0.4305   5.07   0.0712   0.0098    11.50  0   good
 165  sn1997cy      IIn        0.6336   5.01   0.0590   0.0039    57.20  1   good
#--- rlap cutoff
 166  sn1999em      IIP        0.6336   4.96   0.0662   0.0081     6.20  0    cut
 167  sn2005cs      IIP        0.6336   4.91   0.0618   0.0061     3.80  0    cut
 168  sn1999em      IIP        0.5402   4.82   0.0659   0.0080     5.60  0    cut
 169  sn1999em      IIP        0.6336   4.77   0.0665   0.0084     5.40  0    cut
 170  sn1990K       IIL        0.4359   4.73   0.0573   0.0057    50.50  1    cut
 171  sn1987A       II-pec     0.5984   4.66   0.0561   0.0041   103.40  0    cut
 172  sn1998S       IIn        0.6227   4.61   0.0740   0.0036   241.30  0    cut
 173  sn1992H       IIP        0.4048   4.60   0.0598   0.0050   135.80  0    cut
 174  sn1999em      IIP        0.6336   4.59   0.0669   0.0095     2.40  0    cut
 175  sn2005cs      IIP        0.6336   4.56   0.0621   0.0063     4.00  0    cut
 176  sn1990K       IIL        0.5320   4.55   0.0738   0.0046   139.00  1    cut
 177  sn1998S       IIn        0.6227   4.55   0.0595   0.0070    60.50  0    cut
 178  sn1987A       II-pec     0.5984   4.53   0.0561   0.0042    99.40  0    cut
 179  sn1987A       II-pec     0.5997   4.49   0.0561   0.0043    90.40  0    cut
 180  sn1999em      IIP        0.5496   4.49   0.0659   0.0082     6.60  0    cut
 181  sn1998S       IIn        0.6173   4.48   0.0586   0.0085    70.50  0    cut
 182  sn2004et      IIP        0.6336   4.42   0.0643   0.0086     6.20  0    cut
 183  sn1987A       II-pec     0.5997   4.41   0.0561   0.0043    96.40  0    cut
 184  sn1998S       IIn        0.6214   4.41   0.0596   0.0068    58.50  0    cut
 185  sn1987A       II-pec     0.6011   4.41   0.0561   0.0043    95.40  0    cut
 186  sn1999em      IIP        0.6336   4.40   0.0654   0.0107     0.20  0    cut
 187  sn2006bp      IIP        0.6336   4.38   0.0701   0.0101     7.20  0    cut
 188  sn1999em      IIP        0.6227   4.38   0.0665   0.0089     6.40  0    cut
 189  sn2005cs      IIP        0.6336   4.38   0.0618   0.0067     3.10  0    cut
 190  sn1998S       IIn        0.6227   4.37   0.0579   0.0088    74.50  0    cut
 191  sn2005cs      IIP        0.6336   4.35   0.0619   0.0065     5.00  0    cut
 192  sn2006bp      IIP        0.5280   4.34   0.0714   0.0095     8.10  0    cut
 193  sn1987A       II-pec     0.5997   4.32   0.0563   0.0044    94.30  0    cut
 194  sn1997cy      IIn        0.6336   4.32   0.1163   0.0044    29.40  1    cut
 195  sn1998S       IIn        0.6336   4.31   0.0604   0.0066    56.30  0    cut
 196  sn1998S       IIn        0.6160   4.28   0.0577   0.0038   -13.10  0    cut
 197  sn1998S       IIn        0.6227   4.27   0.0584   0.0088    72.50  0    cut
 198  sn1997cy      IIn        0.6336   4.24   0.0673   0.0046    14.10  1    cut
 199  sn1999em      IIP        0.6336   4.21   0.0664   0.0106     1.40  0    cut
 200  sn2004et      IIP        0.4264   4.21   0.0577   0.0037   448.40  0    cut
 201  sn1999gi      IIP        0.6227   4.20   0.0564   0.0038   129.40  0    cut
 202  sn1998S       IIn        0.6227   4.19   0.0581   0.0091    75.50  0    cut
 203  sn2006bp      IIP        0.6282   4.17   0.0691   0.0113     4.20  0    cut
 204  sn1998S       IIn        0.6336   4.16   0.0577   0.0094    81.20  0    cut
 205  sn1987A       II-pec     0.6336   4.13   0.0822   0.0136   -82.40  0    cut
 206  sn1990K       IIL        0.5334   4.12   0.0565   0.0061    76.30  1    cut
 207  sn2005cs      IIP        0.6336   4.11   0.0614   0.0074     2.10  0    cut
 208  sn1998S       IIn        0.6227   4.10   0.0743   0.0038   240.30  0    cut
 209  sn1999gi      IIP        0.6146   4.07   0.0654   0.0118    -5.00  0    cut
 210  sn1987A       II-pec     0.5997   4.06   0.0564   0.0047    74.30  0    cut
 211  sn1999em      IIP        0.6336   4.05   0.0659   0.0110     0.40  0    cut
 212  sn1992H       IIP        0.4440   4.04   0.0604   0.0054   140.80  0    cut
 213  sn2004et      IIP        0.6336   4.03   0.0638   0.0090     8.60  0    cut
 214  sn1999em      IIP        0.6187   4.01   0.0639   0.0117    -1.60  0    cut
 215  sn1987A       II-pec     0.5997   4.00   0.0565   0.0047    76.40  0    cut
 216  sn2006bp      IIP        0.6282   4.00   0.0692   0.0118     3.30  0    cut
 217  sn1987A       II-pec     0.5984   3.99   0.0562   0.0046    86.40  0    cut
 218  sn2004dj      IIP        0.5009   3.93   0.0577   0.0043    50.60  1    cut
 219  sn1999em      IIP        0.6200   3.91   0.0649   0.0124    -3.60  0    cut
 220  sn1999em      IIP        0.6336   3.86   0.0644   0.0117    -0.60  0    cut
 221  sn1998S       IIn        0.6227   3.86   0.0711   0.0091   422.50  0    cut
 222  sn1987A       II-pec     0.5984   3.85   0.0564   0.0049    75.40  0    cut
 223  sn1998S       IIn        0.6227   3.84   0.0562   0.0102    89.40  0    cut
 224  sn2005cs      IIP        0.6336   3.81   0.0507   0.0041   128.90  0    cut
 225  sn1987A       II-pec     0.5997   3.79   0.0562   0.0049    72.30  0    cut
 226  sn1999em      IIP        0.6119   3.79   0.0556   0.0044   157.90  0    cut
 227  sn1998S       IIn        0.6214   3.76   0.0556   0.0106    93.40  0    cut
 228  sn2004dj      IIP        0.4968   3.76   0.0573   0.0045    51.90  1    cut
 229  sn2004dj      IIP        0.4996   3.75   0.0578   0.0045    50.00  1    cut
 230  sn1987A       II-pec     0.5984   3.74   0.0562   0.0050    71.40  0    cut
 231  sn1999em      IIP        0.6214   3.74   0.0656   0.0097     9.40  0    cut
 232  sn1998S       IIn        0.6214   3.70   0.0557   0.0108    95.40  0    cut
 233  sn1999em      IIP        0.6187   3.70   0.0636   0.0130    -2.60  0    cut
 234  sn2004dj      IIP        0.4996   3.66   0.0576   0.0045    48.00  1    cut
 235  sn1998S       IIn        0.6227   3.63   0.0554   0.0112    98.40  0    cut
 236  sn2005cs      IIP        0.5239   3.63   0.0601   0.0083     0.80  0    cut
 237  sn2005cs      IIP        0.6336   3.59   0.0620   0.0075     7.10  0    cut
 238  sn2004et      IIP        0.6336   3.59   0.0631   0.0098    10.00  0    cut
 239  sn1979C       IIL        0.5226   3.58   0.0753   0.0119    71.60  0    cut
 240  sn2004dj      IIP        0.4982   3.58   0.0575   0.0046    46.80  1    cut
 241  sn1998S       IIn        0.6227   3.58   0.0548   0.0114   105.40  0    cut
 242  sn2006bp      IIP        0.5266   3.57   0.0700   0.0135     2.10  0    cut
 243  sn2006bp      IIP        0.5199   3.57   0.0693   0.0101    13.20  0    cut
 244  sn1998S       IIn        0.6214   3.57   0.0552   0.0115   101.40  0    cut
 245  sn2005cs      IIP        0.6336   3.56   0.0578   0.0083    -1.90  0    cut
 246  sn1999em      IIP        0.6336   3.53   0.0681   0.0131    -3.70  0    cut
 247  sn2004dj      IIP        0.4765   3.52   0.0581   0.0046    36.00  1    cut
 248  sn1998S       IIn        0.6227   3.49   0.0533   0.0122   120.30  0    cut
 249  sn1997cy      IIn        0.6336   3.47   0.0931   0.0056     0.00  1    cut
 250  sn2005cs      IIP        0.6336   3.45   0.0610   0.0096     0.80  0    cut
 251  sn1999em      IIP        0.6227   3.43   0.0553   0.0049   126.80  0    cut
 252  sn2005cs      IIP        0.6336   3.40   0.0624   0.0093     1.00  0    cut
 253  sn1998S       IIn        0.5848   3.38   0.0577   0.0045   -12.50  0    cut
 254  sn1987A       II-pec     0.6011   3.37   0.0563   0.0053    73.40  0    cut
 255  sn1987A       II-pec     0.5984   3.34   0.0564   0.0053    65.40  0    cut
 256  sn2005cs      IIP        0.5496   3.33   0.0585   0.0058    17.80  0    cut
 257  sn1999gi      IIP        0.6160   3.32   0.0648   0.0143    -4.00  0    cut
 258  sn1998S       IIn        0.6227   3.30   0.0531   0.0129   118.30  0    cut
 259  sn2005cs      IIP        0.5117   3.29   0.0597   0.0062    13.80  0    cut
 260  sn2005cs      IIP        0.6336   3.28   0.0592   0.0102    -0.20  0    cut
 261  sn2004dj      IIP        0.4765   3.25   0.0585   0.0052    18.00  1    cut
 262  sn1987A       II-pec     0.5970   3.25   0.0725   0.0156   -78.50  0    cut
 263  sn1987A       II-pec     0.5984   3.24   0.0816   0.0149   -80.80  0    cut
 264  sn2005cs      IIP        0.6336   3.23   0.0620   0.0079     8.00  0    cut
 265  sn1998S       IIn        0.6214   3.22   0.0602   0.0076    46.60  0    cut
 266  sn1990K       IIL        0.6038   3.22   0.0577   0.0091    55.60  1    cut
 267  sn1998S       IIn        0.6214   3.21   0.0522   0.0134   127.30  0    cut
 268  sn1987A       II-pec     0.5970   3.20   0.0563   0.0056    63.40  0    cut
 269  sn2004dj      IIP        0.4765   3.19   0.0587   0.0053    17.00  1    cut
 270  sn1998S       IIn        0.6214   3.18   0.0605   0.0074    45.60  0    cut
 271  sn2004dj      IIP        0.4765   3.18   0.0585   0.0053    20.00  1    cut
 272  sn1992H       IIP        0.4359   3.18   0.0593   0.0076   112.90  0    cut
 273  sn1998S       IIn        0.6227   3.17   0.0521   0.0136   128.30  0    cut
 274  sn2005cs      IIP        0.6336   3.14   0.0603   0.0106     0.10  0    cut
 275  sn1999em      IIP        0.6336   3.11   0.0655   0.0114    11.10  0    cut
 276  sn2004dj      IIP        0.4738   3.10   0.0589   0.0058     8.00  1    cut
 277  sn2006bp      IIP        0.5158   3.07   0.0681   0.0152     0.10  0    cut
 278  sn2004dj      IIP        0.4765   3.07   0.0592   0.0061     2.70  1    cut
 279  sn1992H       IIP        0.4359   3.07   0.0590   0.0085   103.00  0    cut
 280  sn2004et      IIP        0.6336   3.07   0.0628   0.0110    12.00  0    cut
 281  sn1998S       IIn        0.6187   3.07   0.0606   0.0077    43.60  0    cut
 282  sn2005cs      IIP        0.6336   3.05   0.0594   0.0107    -0.80  0    cut
 283  sn2004dj      IIP        0.4752   3.01   0.0594   0.0060     5.00  1    cut
 284  sn1999em      IIP        0.6295   3.01   0.0549   0.0058   119.00  0    cut
 285  sn1987A       II-pec     0.6011   3.00   0.0564   0.0061    56.00  0    cut
 286  sn2005cs      IIP        0.6336   2.99   0.0616   0.0082     9.00  0    cut
 287  sn2006bp      IIP        0.5293   2.99   0.0680   0.0113    17.20  0    cut
 288  sn2005cs      IIP        0.5510   2.99   0.1735   0.0052   118.90  0    cut
 289  sn2005cs      IIP        0.6336   2.97   0.0613   0.0080     9.80  0    cut
 290  sn1979C       IIL        0.5239   2.97   0.0681   0.0129    42.80  0    cut
 291  sn2005cs      IIP        0.6336   2.94   0.0610   0.0082     9.70  0    cut
 292  sn2004dj      IIP        0.4752   2.93   0.0600   0.0066     0.00  1    cut
 293  sn1999em      IIP        0.6227   2.90   0.0549   0.0058   119.80  0    cut
 294  sn1998S       IIn        0.6214   2.87   0.0607   0.0080    40.60  0    cut
 295  sn2006bp      IIP        0.6336   2.86   0.0674   0.0126    14.30  0    cut
 296  sn2006bp      IIP        0.5172   2.85   0.0677   0.0167    -1.70  0    cut
 297  sn2004et      IIP        0.6336   2.82   0.0620   0.0114    14.50  0    cut
 298  sn1998S       IIn        0.6200   2.80   0.0608   0.0082    39.70  0    cut
 299  sn2005cs      IIP        0.6336   2.79   0.0610   0.0084    10.00  0    cut
 300  sn2006bp      IIP        0.6336   2.78   0.0673   0.0128    15.10  0    cut
 301  sn1996L       IIn        0.5997   2.77   0.0552   0.0060     8.40  0    cut
 302  sn1987A       II-pec     0.5997   2.76   0.0653   0.0153   -75.60  0    cut
 303  sn1987A       II-pec     0.5997   2.75   0.0561   0.0066    42.40  0    cut
 304  sn1987A       II-pec     0.6011   2.75   0.0564   0.0063    49.00  0    cut
 305  sn1987A       II-pec     0.5970   2.74   0.0788   0.0168   -79.70  0    cut
 306  sn1987A       II-pec     0.6336   2.72   0.1770   0.0067   701.70  0    cut
 307  sn2005cs      IIP        0.6336   2.72   0.6981   0.0056    56.70  0    cut
 308  sn2006bp      IIP        0.5172   2.71   0.0726   0.0170    -4.60  0    cut
 309  sn1987A       II-pec     0.5997   2.69   0.0561   0.0069    40.50  0    cut
 310  sn1987A       II-pec     0.6011   2.69   0.0561   0.0068    41.50  0    cut
 311  sn1987A       II-pec     0.6011   2.66   0.0561   0.0069    39.50  0    cut
 312  sn1999gi      IIP        0.6173   2.64   0.0640   0.0116    18.90  0    cut
 313  sn1990K       IIL        0.6038   2.64   0.0584   0.0102    53.30  1    cut
 314  sn2006bp      IIP        0.5212   2.64   0.0607   0.0085    64.90  0    cut
 315  sn2006bp      IIP        0.6336   2.61   0.0670   0.0134    16.20  0    cut
 316  sn2005cs      IIP        0.6336   2.61   0.6995   0.0060    39.70  0    cut
 317  sn2004et      IIP        0.6336   2.61   0.0610   0.0114    19.50  0    cut
 318  sn1987A       II-pec     0.5997   2.60   0.0561   0.0070    38.50  0    cut
 319  sn1987A       II-pec     0.6119   2.58   0.0841   0.0179   -80.50  0    cut
 320  sn1987A       II-pec     0.5984   2.56   0.0785   0.0183   -79.60  0    cut
 321  sn2006bp      IIP        0.5293   2.55   0.0621   0.0097    49.00  0    cut
 322  sn2006bp      IIP        0.5280   2.53   0.0663   0.0118    25.20  0    cut
 323  sn1999em      IIP        0.6336   2.52   0.7032   0.0069    71.20  0    cut
 324  sn1987A       II-pec     0.5997   2.52   0.0560   0.0073    36.00  0    cut
 325  sn2005cs      IIP        0.6336   2.50   0.0603   0.0087    12.70  0    cut
 326  sn1999em      IIP        0.6336   2.50   0.0639   0.0130    16.10  0    cut
 327  sn2006bp      IIP        0.6336   2.49   0.0662   0.0136    17.10  0    cut
 328  sn2006bp      IIP        0.5293   2.45   0.0643   0.0111    34.10  0    cut
 329  sn1999em      IIP        0.6227   2.43   0.7031   0.0065    87.00  0    cut
 330  sn1999em      IIP        0.6214   2.43   0.0546   0.0069   114.80  0    cut
 331  sn1999em      IIP        0.6227   2.42   0.7035   0.0067    72.00  0    cut
 332  sn1999em      IIP        0.6227   2.40   0.7038   0.0070    62.10  0    cut
 333  sn1999em      IIP        0.6227   2.40   0.7036   0.0068    68.00  0    cut
 334  sn2004et      IIP        0.5808   2.40   0.0575   0.0077    82.50  0    cut
 335  sn1998S       IIn        0.6336   2.38   0.0611   0.0092    31.70  0    cut
 336  sn1987A       II-pec     0.5957   2.37   0.0830   0.0209   -82.70  0    cut
 337  sn1999em      IIP        0.6227   2.36   0.7026   0.0068   100.90  0    cut
 338  sn1987A       II-pec     0.5984   2.33   0.0767   0.0187   -78.80  0    cut
 339  sn2006bp      IIP        0.6336   2.32   0.0659   0.0140    20.10  0    cut
 340  sn1999gi      IIP        0.6173   2.31   0.0633   0.0124    23.90  0    cut
 341  sn1999em      IIP        0.6214   2.31   0.7038   0.0071    60.10  0    cut
 342  sn1999em      IIP        0.6336   2.30   0.7045   0.0075    58.10  0    cut
 343  sn1999em      IIP        0.6214   2.29   0.7036   0.0072    64.10  0    cut
 344  sn1992H       IIP        0.5943   2.29   0.0634   0.0133    44.30  0    cut
 345  sn1999em      IIP        0.6227   2.27   0.7040   0.0069    70.10  0    cut
 346  sn1999gi      IIP        0.6214   2.23   0.7039   0.0071    77.60  0    cut
 347  sn1999gi      IIP        0.6146   2.21   0.5194   0.0169    -7.00  0    cut
 348  sn1999gi      IIP        0.6214   2.21   0.0624   0.0125    26.90  0    cut
 349  sn2005cs      IIP        0.6336   2.20   0.7001   0.0076    31.70  0    cut
 350  sn2004et      IIP        0.6336   2.20   0.0613   0.0136    22.60  0    cut
 351  sn1987A       II-pec     0.5970   2.19   0.0737   0.0193   -77.80  0    cut
 352  sn1987A       II-pec     0.5997   2.19   0.0628   0.0169   -73.50  0    cut
 353  sn2004et      IIP        0.6336   2.18   0.0613   0.0134    24.60  0    cut
 354  sn1987A       II-pec     0.5984   2.17   0.0707   0.0186   -76.80  0    cut
 355  sn2004et      IIP        0.6336   2.15   0.0614   0.0135    25.00  0    cut
 356  sn2004et      IIP        0.6336   2.13   0.0612   0.0137    24.00  0    cut
 357  sn2004et      IIP        0.6024   2.13   0.0567   0.0079    96.50  0    cut
 358  sn2006bp      IIP        0.5172   2.12   0.5271   0.0120    -5.70  0    cut
 359  sn2005cs      IIP        0.4440   2.12   0.1746   0.0058   101.50  0    cut
 360  sn1987A       II-pec     0.5970   2.10   0.0662   0.0199   -76.60  0    cut
 361  sn2004et      IIP        0.6336   2.09   0.0606   0.0132    35.10  0    cut
 362  sn2005cs      IIP        0.6336   2.08   0.6977   0.0076    29.80  0    cut
 363  sn2004et      IIP        0.6336   2.08   0.0613   0.0138    27.00  0    cut
 364  sn1999em      IIP        0.5469   2.07   0.0603   0.0113    32.50  0    cut
 365  sn1998S       IIn        0.6187   2.06   0.0613   0.0099    30.70  0    cut
 366  sn1999em      IIP        0.6200   2.05   0.0613   0.0135    27.20  0    cut
 367  sn1987A       II-pec     0.5984   2.03   0.0616   0.0169   -72.60  0    cut
 368  sn2004et      IIP        0.6336   2.01   0.0609   0.0137    34.10  0    cut
 369  sn1987A       II-pec     0.5997   2.00   0.0712   0.0212   -77.50  0    cut
 370  sn1999em      IIP        0.4319   2.00   0.0560   0.0079    90.00  0    cut
 371  sn2004et      IIP        0.6336   2.00   0.0608   0.0138    34.50  0    cut
 372  sn2004et      IIP        0.6336   1.98   0.0608   0.0140    33.10  0    cut
 373  sn1987A       II-pec     0.5970   1.96   0.0602   0.0168   -71.60  0    cut
 374  sn2004et      IIP        0.6336   1.96   0.0605   0.0136    42.00  0    cut
 375  sn2004et      IIP        0.6241   1.95   0.0580   0.0107    70.50  0    cut
 376  sn2004et      IIP        0.6268   1.95   0.0594   0.0126    57.50  0    cut
 377  sn2004et      IIP        0.6336   1.94   0.0597   0.0136    47.40  0    cut
 378  sn1999gi      IIP        0.6214   1.93   0.7034   0.0080    81.60  0    cut
 379  sn1999em      IIP        0.4914   1.93   0.0602   0.0105    35.30  0    cut
 380  sn2004et      IIP        0.6336   1.92   0.0585   0.0125    63.00  0    cut
 381  sn1999em      IIP        0.4522   1.92   0.1760   0.0071   510.90  0    cut
 382  sn2004et      IIP        0.6336   1.91   0.0603   0.0140    39.50  0    cut
 383  sn2004et      IIP        0.6336   1.91   0.0584   0.0124    64.00  0    cut
 384  sn1987A       II-pec     0.6011   1.88   0.0553   0.0103    28.00  0    cut
 385  sn2005cs      IIP        0.6336   1.86   0.0567   0.0079    26.00  0    cut
 386  sn1987A       II-pec     0.5767   1.85   0.7018   0.0102   -26.60  0    cut
 387  sn1987A       II-pec     0.5997   1.82   0.5135   0.0239   -24.90  0    cut
 388  sn1999em      IIP        0.6214   1.81   0.0598   0.0144    34.30  0    cut
 389  sn1987A       II-pec     0.5984   1.81   0.5128   0.0248   -26.90  0    cut
 390  sn1980K       IIL        0.4616   1.80   0.1740   0.0121    11.00  0    cut
 391  sn1999em      IIP        0.6214   1.77   0.0591   0.0141    39.20  0    cut
 392  sn1999em      IIP        0.6227   1.77   0.0592   0.0148    37.30  0    cut
 393  sn1998S       IIn        0.6187   1.76   0.5088   0.0243    15.80  0    cut
 394  sn1987A       II-pec     0.5984   1.76   0.0618   0.0177   -70.60  0    cut
 395  sn1987A       II-pec     0.6011   1.75   0.5142   0.0245   -23.90  0    cut
 396  sn2005cs      IIP        0.6336   1.73   0.0565   0.0083    27.00  0    cut
 397  sn1987A       II-pec     0.5754   1.73   0.5157   0.0211   -39.60  0    cut
 398  sn1987A       II-pec     0.5997   1.72   0.0605   0.0172   -69.60  0    cut
 399  sn1998S       IIn        0.6187   1.71   0.5077   0.0236    13.80  0    cut
 400  sn1987A       II-pec     0.5997   1.71   0.0584   0.0163   -67.60  0    cut
 401  sn1987A       II-pec     0.5984   1.71   0.5133   0.0261   -31.80  0    cut
 402  sn1979C       IIL        0.5537   1.70   0.6196   0.0082    12.90  0    cut
 403  sn1987A       II-pec     0.5997   1.69   0.5140   0.0264   -20.90  0    cut
 404  sn1987A       II-pec     0.6011   1.69   0.5138   0.0260   -17.00  0    cut
 405  sn1987A       II-pec     0.5997   1.68   0.5136   0.0252   -21.90  0    cut
 406  sn1987A       II-pec     0.5997   1.67   0.5138   0.0256   -41.90  0    cut
 407  sn1987A       II-pec     0.5970   1.67   0.5138   0.0254   -25.90  0    cut
 408  sn1987A       II-pec     0.5781   1.67   0.7535   0.0109    11.30  0    cut
 409  sn1987A       II-pec     0.5740   1.67   0.5150   0.0214   -31.60  0    cut
 410  sn1987A       II-pec     0.5740   1.67   0.5158   0.0214   -30.70  0    cut
 411  sn1987A       II-pec     0.5997   1.67   0.5146   0.0262   -43.80  0    cut
 412  sn1987A       II-pec     0.5740   1.67   0.5159   0.0218   -41.60  0    cut
 413  sn1987A       II-pec     0.5740   1.66   0.5153   0.0212   -37.60  0    cut
 414  sn1987A       II-pec     0.5754   1.66   0.5166   0.0219   -43.60  0    cut
 415  sn1987A       II-pec     0.5754   1.66   0.5161   0.0219   -40.70  0    cut
 416  sn1987A       II-pec     0.5997   1.66   0.5147   0.0260   -37.80  0    cut
 417  sn1998S       IIn        0.6187   1.65   0.5083   0.0236     9.70  0    cut
 418  sn1987A       II-pec     0.5984   1.65   0.5150   0.0251   -45.90  0    cut
 419  sn1987A       II-pec     0.5997   1.65   0.5157   0.0243   -50.80  0    cut
 420  sn1987A       II-pec     0.5997   1.65   0.5148   0.0262   -44.90  0    cut
 421  sn1987A       II-pec     0.5754   1.65   0.5161   0.0215   -44.60  0    cut
 422  sn1987A       II-pec     0.5984   1.65   0.5160   0.0242   -52.80  0    cut
 423  sn1987A       II-pec     0.5754   1.65   0.5160   0.0212   -42.60  0    cut
 424  sn1987A       II-pec     0.5984   1.65   0.0671   0.0220   -75.70  0    cut
 425  sn1987A       II-pec     0.5754   1.63   0.5171   0.0217   -47.60  0    cut
 426  sn1987A       II-pec     0.5970   1.63   0.0638   0.0216   -74.80  0    cut
 427  sn1987A       II-pec     0.5754   1.63   0.5173   0.0220   -48.60  0    cut
 428  sn1987A       II-pec     0.5754   1.63   0.5168   0.0221   -45.70  0    cut
 429  sn1998S       IIn        0.6187   1.62   0.5100   0.0266    12.70  0    cut
 430  sn1987A       II-pec     0.6011   1.62   0.5133   0.0254    -9.90  0    cut
 431  sn1987A       II-pec     0.5997   1.62   0.5133   0.0267   -22.90  0    cut
 432  sn1987A       II-pec     0.5767   1.62   0.5167   0.0221   -35.60  0    cut
 433  sn1987A       II-pec     0.5997   1.62   0.0589   0.0162   -66.60  0    cut
 434  sn1987A       II-pec     0.5997   1.62   0.0635   0.0197   -72.80  0    cut
 435  sn1987A       II-pec     0.5767   1.61   0.5161   0.0231   -32.70  0    cut
 436  sn1987A       II-pec     0.5767   1.61   0.5160   0.0218   -46.60  0    cut
 437  sn1987A       II-pec     0.5984   1.61   0.0603   0.0175   -68.60  0    cut
 438  sn1987A       II-pec     0.5984   1.60   0.5157   0.0256   -51.90  0    cut
 439  sn1980K       IIL        0.5185   1.59   0.0750   0.0198     9.00  0    cut
 440  sn1987A       II-pec     0.5754   1.59   0.5167   0.0220   -51.60  0    cut
 441  sn1987A       II-pec     0.5984   1.58   0.0618   0.0189   -70.80  0    cut
 442  sn1987A       II-pec     0.5740   1.58   0.5167   0.0226   -49.60  0    cut
 443  sn1987A       II-pec     0.5754   1.58   0.5172   0.0223   -53.60  0    cut
 444  sn1979C       IIL        0.4264   1.58   0.0533   0.0146     9.90  0    cut
 445  sn1987A       II-pec     0.5997   1.58   0.5159   0.0260   -54.90  0    cut
 446  sn1979C       IIL        0.4251   1.57   0.0555   0.0158    10.90  0    cut
 447  sn1987A       II-pec     0.5754   1.57   0.5169   0.0226   -50.60  0    cut
 448  sn1987A       II-pec     0.5740   1.56   0.5165   0.0229   -52.60  0    cut
 449  sn1990K       IIL        0.6268   1.55   0.0629   0.0173     0.00  1    cut
 450  sn1987A       II-pec     0.5997   1.55   0.5133   0.0262    -2.00  0    cut
 451  sn1987A       II-pec     0.5740   1.54   0.5147   0.0236    -8.70  0    cut
 452  sn1998S       IIn        0.5727   1.54   0.0527   0.0064     1.90  0    cut
 453  sn1987A       II-pec     0.5984   1.52   0.0586   0.0160   -63.50  0    cut
 454  sn1980K       IIL        0.5280   1.51   0.0748   0.0200     7.00  0    cut
 455  sn1987A       II-pec     0.5740   1.50   0.7550   0.0122   -16.70  0    cut
 456  sn1987A       II-pec     0.6011   1.50   0.0569   0.0157   -60.60  0    cut
 457  sn1987A       II-pec     0.5754   1.50   0.5148   0.0213   -38.60  0    cut
 458  sn1987A       II-pec     0.5984   1.49   0.0584   0.0165   -64.60  0    cut
 459  sn1987A       II-pec     0.5984   1.48   0.0599   0.0205   -71.80  0    cut
 460  sn1996L       IIn        0.5997   1.48   0.0519   0.0200    33.70  0    cut
 461  sn1987A       II-pec     0.5767   1.47   0.5152   0.0236    -2.70  0    cut
 462  sn1987A       II-pec     0.5984   1.47   0.5163   0.0258   -58.80  0    cut
 463  sn1987A       II-pec     0.5984   1.47   0.0587   0.0171   -65.60  0    cut
 464  sn1987A       II-pec     0.5740   1.47   0.5145   0.0220   -36.60  0    cut
 465  sn1987A       II-pec     0.5997   1.47   0.0564   0.0142    21.00  0    cut
 466  sn1987A       II-pec     0.5740   1.46   0.5148   0.0228   -33.60  0    cut
 467  sn1987A       II-pec     0.5740   1.46   0.5143   0.0219   -34.60  0    cut
 468  sn1987A       II-pec     0.5984   1.45   0.0577   0.0156   -62.60  0    cut
 469  sn1987A       II-pec     0.5984   1.45   0.5038   0.0232   -69.80  0    cut
 470  sn1987A       II-pec     0.5767   1.44   0.7538   0.0118    -4.70  0    cut
 471  sn1998S       IIn        0.6336   1.44   0.4972   0.0318    11.40  0    cut
 472  sn1987A       II-pec     0.5727   1.44   0.5128   0.0218   -28.70  0    cut
 473  sn1987A       II-pec     0.5984   1.43   0.0564   0.0157    14.10  0    cut
 474  sn1987A       II-pec     0.5483   1.42   0.5140   0.0231   -18.60  0    cut
 475  sn1987A       II-pec     0.5984   1.42   0.5167   0.0263   -57.60  0    cut
 476  sn1987A       II-pec     0.5984   1.42   0.0562   0.0138    20.00  0    cut
 477  sn1987A       II-pec     0.5740   1.41   0.5137   0.0223   -15.70  0    cut
 478  sn1987A       II-pec     0.5740   1.41   0.5152   0.0244     1.30  0    cut
 479  sn1987A       II-pec     0.5700   1.40   0.5136   0.0237   -24.70  0    cut
 480  sn1987A       II-pec     0.5781   1.40   0.0407   0.0099    23.20  0    cut
 481  sn1987A       II-pec     0.5496   1.39   0.5136   0.0241   -22.70  0    cut
 482  sn1987A       II-pec     0.5727   1.39   0.5138   0.0223   -13.70  0    cut
 483  sn1980K       IIL        0.5131   1.39   0.2793   0.0167    66.00  0    cut
 484  sn1987A       II-pec     0.5997   1.39   0.5164   0.0267   -59.60  0    cut
 485  sn1987A       II-pec     0.5781   1.39   0.7505   0.0111    25.30  0    cut
 486  sn1987A       II-pec     0.5997   1.37   0.0570   0.0175   -64.80  0    cut
 487  sn1987A       II-pec     0.5754   1.36   0.5149   0.0239     9.30  0    cut
 488  sn1992H       IIP        0.4454   1.35   0.0584   0.0115    24.50  0    cut
 489  sn1987A       II-pec     0.5767   1.35   0.5139   0.0231   -10.70  0    cut
 490  sn1987A       II-pec     0.5754   1.35   0.0399   0.0100    41.30  0    cut
 491  sn1987A       II-pec     0.5754   1.35   0.1719   0.0248    31.20  0    cut
 492  sn1987A       II-pec     0.5781   1.34   0.1712   0.0258    29.30  0    cut
 493  sn1987A       II-pec     0.5984   1.34   0.5157   0.0278   -61.60  0    cut
 494  sn1987A       II-pec     0.5997   1.34   0.5161   0.0279   -58.60  0    cut
 495  sn1987A       II-pec     0.5754   1.34   0.0400   0.0101    39.30  0    cut
 496  sn1998S       IIn        0.6336   1.34   0.0327   0.0241    -1.50  0    cut
 497  sn1987A       II-pec     0.5997   1.33   0.5126   0.0296     8.00  0    cut
 498  sn1987A       II-pec     0.6011   1.32   0.0565   0.0146    18.00  0    cut
 499  sn1987A       II-pec     0.5767   1.32   0.5138   0.0248    17.30  0    cut
 500  sn1987A       II-pec     0.5740   1.32   0.5139   0.0233    -6.70  0    cut
 501  sn1999em      IIP        0.4738   1.31   0.4931   0.0271    44.10  0    cut
 502  sn1987A       II-pec     0.6024   1.30   0.5126   0.0312     3.10  0    cut
 503  sn1987A       II-pec     0.5997   1.30   0.5128   0.0286    12.00  0    cut
 504  sn1980K       IIL        0.4847   1.30   0.2847   0.0173    44.00  0    cut
 505  sn1987A       II-pec     0.5984   1.29   0.5123   0.0326    10.00  0    cut
 506  sn1980K       IIL        0.5104   1.29   0.2816   0.0191    41.00  0    cut
 507  sn1987A       II-pec     0.5754   1.28   0.5141   0.0237    20.30  0    cut
 508  sn1999em      IIP        0.4495   1.27   0.0556   0.0083   153.90  0    cut
 509  sn1987A       II-pec     0.5713   1.21   0.5134   0.0248     3.30  0    cut
 510  sn1987A       II-pec     0.5767   1.20   0.5135   0.0246    18.30  0    cut
 511  sn1987A       II-pec     0.5740   1.19   0.5120   0.0247    13.30  0    cut
 512  sn1998S       IIn        0.6119   1.17   0.0537   0.0065     0.90  0    cut
 513  sn1987A       II-pec     0.5781   1.16   0.1716   0.0287    44.20  0    cut
 514  sn1998S       IIn        0.6133   1.15   0.0536   0.0068     1.80  0    cut
 515  sn1987A       II-pec     0.5781   1.15   0.1718   0.0263    33.20  0    cut
 516  sn1987A       II-pec     0.5740   1.15   0.1721   0.0257    27.20  0    cut
 517  sn1987A       II-pec     0.5781   1.12   0.1718   0.0298    46.70  0    cut
 518  sn1998S       IIn        0.6173   1.11   0.5133   0.0275     2.70  0    cut
 519  sn1987A       II-pec     0.5700   1.00   0.1721   0.0292    45.70  0    cut
 520  sn1980K       IIL        0.4562   0.85   0.0886   0.0126    12.00  0    cut
 521  sn1987A       II-pec     0.5172   0.82  -0.0049   0.0156   634.90  0    cut
