### SNID output file ###
 
### input spectrum and options ###
# Input spectrum                 : 19149_-8.70.dat
# Parameter file                 : NA
# Wavelength range               :    4000.00   9000.00
# Mask file                      : NA
# Median filtering width [A]     : NA
# Median filtering width [pix]   :       1.00
# Clip emission redshift         :     0.2102
# Clip sky lines                 : 0
# Emission clip width [A]        :       0.21
# Keep A-band                    : 1
# Age range                      :     -18.70      1.30
# Delta range                    :      -9.99     99.90
# Min. number of spectra/template:   1
# Use only templates             : NA
# Use only types                 : Ia
# Avoid templates                : NA
# Avoid types                    : NA
# rlapmin                        :       5.00
# Redshift range                 :    -0.0100    1.2000
# Forced initial redshift        :     0.2102
# Extra fake redshift            : NA
# Nsigma for initial redshift    : NA
# Redshift filter                :     0.0200
# Wavenumbers k1,k2,k3,k4        :     1    4   85  102
# Template directory             : /home/djperrefort/snid-5.0/templates-2.0/
 
### initial/user-input redshift ###
zinit       0.0000
zuser       0.2102
 
### median redshift/age and error ###
zmed        0.2060    0.0033
agem         -6.65      2.41
 
### type fraction/redshift/age ###
#type ntemp fraction slope redshift redshift_error age age_error
Ia             36      1.00    0.0000    0.2060    0.0033    -6.650     2.413
Ia-norm         1      0.03    0.0139    0.2093    0.0000    -5.500     0.000
Ia-91T         30      0.83   -0.1058    0.2059    0.0018    -6.850     2.097
Ia-91bg         0      0.00    0.0000    0.0000    0.0000     0.000     0.000
Ia-csm          0      0.00    0.0000    0.0000    0.0000     0.000     0.000
Ia-pec          5      0.14    0.0741    0.2074    0.0079    -4.300     3.732
###
Ib              0      0.00    0.0000    0.0000    0.0000     0.000     0.000
Ib-norm         0      0.00    0.0000    0.0000    0.0000     0.000     0.000
Ib-pec          0      0.00    0.0000    0.0000    0.0000     0.000     0.000
IIb             0      0.00    0.0000    0.0000    0.0000     0.000     0.000
###
Ic              0      0.00    0.0000    0.0000    0.0000     0.000     0.000
Ic-norm         0      0.00    0.0000    0.0000    0.0000     0.000     0.000
Ic-pec          0      0.00    0.0000    0.0000    0.0000     0.000     0.000
Ic-broad        0      0.00    0.0000    0.0000    0.0000     0.000     0.000
###
II              0      0.00    0.0000    0.0000    0.0000     0.000     0.000
IIP             0      0.00    0.0000    0.0000    0.0000     0.000     0.000
II-pec          0      0.00    0.0000    0.0000    0.0000     0.000     0.000
IIn             0      0.00    0.0000    0.0000    0.0000     0.000     0.000
IIL             0      0.00    0.0000    0.0000    0.0000     0.000     0.000
###
NotSN           0      0.00    0.0000    0.0000    0.0000     0.000     0.000
AGN             0      0.00    0.0000    0.0000    0.0000     0.000     0.000
Gal             0      0.00    0.0000    0.0000    0.0000     0.000     0.000
LBV             0      0.00    0.0000    0.0000    0.0000     0.000     0.000
M-star          0      0.00    0.0000    0.0000    0.0000     0.000     0.000
 
### rlap-ordered template listings ###
#no. sn type lap rlap z zerr age age_flag grade
   1  sn2000cx      Ia-pec     0.6173   9.03   0.2093   0.0065    -1.30  0   good
   2  sn1997br      Ia-91T     0.7162   8.77   0.2038   0.0062    -4.60  0   good
   3  sn1991T       Ia-91T     0.8082   8.72   0.2037   0.0061    -1.50  0   good
   4  sn1999dq      Ia-91T     0.6877   8.02   0.2060   0.0069    -6.40  0   good
   5  sn1999dq      Ia-91T     0.6891   7.78   0.2065   0.0069    -7.40  0   good
   6  sn1995ac      Ia-norm    0.6918   7.76   0.2093   0.0067    -5.50  0   good
   7  sn1999dq      Ia-91T     0.6945   7.55   0.2052   0.0072    -5.50  0   good
   8  sn1999dq      Ia-91T     0.6918   7.54   0.2055   0.0074    -4.50  0   good
   9  sn1997br      Ia-91T     0.6986   7.44   0.2056   0.0070    -7.00  0   good
  10  sn1997br      Ia-91T     0.6877   7.35   0.2050   0.0072    -7.60  0   good
  11  sn2002cx      Ia-pec     0.6999   7.19   0.1861   0.0078    -1.40  0    bad
  12  sn2000cx      Ia-pec     0.6512   7.18   0.2105   0.0089    -4.30  0   good
  13  sn1991T       Ia-91T     0.7514   7.16   0.2046   0.0071    -6.70  0   good
  14  sn1999dq      Ia-91T     0.6918   7.00   0.2050   0.0080    -3.50  0   good
  15  sn2001V       Ia-91T     0.6959   6.89   0.2079   0.0076    -5.40  0   good
  16  sn2005hk      Ia-pec     0.7432   6.87   0.1876   0.0077    -8.30  0    bad
  17  sn1997br      Ia-91T     0.6959   6.86   0.2058   0.0074    -8.00  0   good
  18  sn1997br      Ia-91T     0.6864   6.82   0.2079   0.0075    -9.60  0   good
  19  sn1999dq      Ia-91T     0.6904   6.74   0.2071   0.0078    -8.50  0   good
  20  sn1998ab      Ia-91T     0.6864   6.73   0.2045   0.0076    -7.80  0   good
  21  sn2001V       Ia-91T     0.6972   6.73   0.2090   0.0077    -7.40  0   good
  22  sn2005hk      Ia-pec     0.7324   6.68   0.1861   0.0079    -6.30  0    bad
  23  sn2001V       Ia-91T     0.6945   6.51   0.2090   0.0080    -6.40  0   good
  24  sn1997br      Ia-91T     0.6620   6.45   0.2048   0.0083    -8.60  0   good
  25  sn1991T       Ia-91T     0.7514   6.39   0.2055   0.0079    -7.70  0   good
  26  sn2005hk      Ia-pec     0.7338   6.34   0.1846   0.0088    -4.20  0    bad
  27  sn2005hk      Ia-pec     0.7432   6.32   0.1872   0.0081    -7.30  0    bad
  28  sn1995bd      Ia-91T     0.7053   6.26   0.2087   0.0082    -7.10  0   good
  29  sn2005hk      Ia-pec     0.7432   6.26   0.1868   0.0085    -6.30  0    bad
  30  sn2002cx      Ia-pec     0.6931   6.21   0.1878   0.0080    -4.30  0    bad
  31  sn2005hk      Ia-pec     0.7432   6.00   0.1880   0.0081    -9.30  0    bad
  32  sn2005hk      Ia-pec     0.8082   5.97   0.1882   0.0080    -8.30  0    bad
  33  sn2005hk      Ia-pec     0.7392   5.95   0.1868   0.0090    -5.30  0    bad
  34  sn1991T       Ia-91T     0.7514   5.73   0.2072   0.0085    -8.70  0   good
  35  sn1997br      Ia-91T     0.6214   5.73   0.2061   0.0085    -6.60  0   good
  36  sn1999dq      Ia-91T     0.6904   5.72   0.2040   0.0097    -2.50  0   good
  37  sn2005hk      Ia-pec     0.7459   5.63   0.1859   0.0101    -4.30  0    bad
  38  sn1991T       Ia-91T     0.8082   5.48   0.2816   0.0099   -12.80  0    bad
  39  sn1999aa      Ia-91T     0.6972   5.46   0.2036   0.0099    -5.00  0   good
  40  sn1999aa      Ia-91T     0.7270   5.24   0.2069   0.0095    -6.10  0   good
  41  sn2007if      Ia-pec     0.8082   5.21   0.1966   0.0102    -9.20  0   good
  42  sn2001V       Ia-91T     0.6945   5.19   0.2072   0.0099    -3.30  0   good
  43  sn2005hk      Ia-pec     0.8082   5.11   0.1866   0.0107    -5.10  0    bad
  44  sn1999dq      Ia-91T     0.6959   5.11   0.2082   0.0104   -10.40  0   good
  45  sn1999aa      Ia-91T     0.7256   5.10   0.2075   0.0094    -7.10  0   good
  46  sn2008A       Ia-pec     0.7459   5.10   0.1931   0.0112    -6.90  0   good
  47  sn2005hk      Ia-pec     0.7392   5.09   0.1850   0.0113    -3.30  0    bad
  48  sn2000cx      Ia-pec     0.6403   5.07   0.2074   0.0114    -0.30  0   good
  49  sn2001V       Ia-91T     0.6931   5.05   0.2103   0.0105    -9.30  0   good
  50  sn2003fa      Ia-91T     0.6972   5.00   0.2055   0.0106    -6.60  0   good
#--- rlap cutoff
  51  sn1998es      Ia-91T     0.7324   4.97   0.2058   0.0105    -5.40  0    cut
  52  sn1999aa      Ia-91T     0.7297   4.96   0.2064   0.0102    -5.10  0    cut
  53  sn1995bd      Ia-91T     0.7053   4.91   0.2156   0.0099   -10.10  0    cut
  54  sn1999aa      Ia-91T     0.7243   4.89   0.2078   0.0097    -8.00  0    cut
  55  sn2007if      Ia-pec     0.6512   4.86   0.1954   0.0126    -2.90  0    cut
  56  sn1999aa      Ia-91T     0.7473   4.79   0.2075   0.0106    -9.40  0    cut
  57  sn1998es      Ia-91T     0.7419   4.78   0.2063   0.0107    -6.40  0    cut
  58  sn2008A       Ia-pec     0.7487   4.77   0.1915   0.0125    -3.90  0    cut
  59  sn1991T       Ia-91T     0.8082   4.77   0.2095   0.0105   -10.70  0    cut
  60  sn2008A       Ia-pec     0.7459   4.76   0.1946   0.0116    -7.90  0    cut
  61  sn2008A       Ia-pec     0.7446   4.74   0.1856   0.0144     0.00  0    cut
  62  sn2005hk      Ia-pec     0.6282   4.74   0.1858   0.0105    -6.30  0    cut
  63  sn1995bd      Ia-91T     0.7040   4.71   0.2133   0.0097    -9.10  0    cut
  64  sn1999gp      Ia-91T     0.6972   4.70   0.2106   0.0111    -4.80  0    cut
  65  sn1998es      Ia-91T     0.7365   4.69   0.2058   0.0113    -4.40  0    cut
  66  sn2000cx      Ia-pec     0.6525   4.66   0.2060   0.0125    -2.30  0    cut
  67  sn2008A       Ia-pec     0.7459   4.66   0.1901   0.0130    -3.00  0    cut
  68  sn2003fa      Ia-91T     0.6999   4.64   0.2074   0.0102    -7.60  0    cut
  69  sn1999aa      Ia-91T     0.7256   4.64   0.2056   0.0111    -4.10  0    cut
  70  sn2008A       Ia-pec     0.7473   4.59   0.1832   0.0157     1.00  0    cut
  71  sn1999dq      Ia-91T     0.7974   4.57   0.2088   0.0108    -9.40  0    cut
  72  sn1990N       Ia-norm    0.8082   4.55   0.3936   0.0148   -14.20  0    cut
  73  sn2008A       Ia-pec     0.7446   4.54   0.1897   0.0135    -1.90  0    cut
  74  sn2005hk      Ia-pec     0.6282   4.54   0.1867   0.0106    -7.30  0    cut
  75  sn2008A       Ia-pec     0.7459   4.49   0.1877   0.0144    -1.00  0    cut
  76  sn1999gp      Ia-91T     0.7013   4.49   0.2082   0.0121    -2.00  0    cut
  77  sn2003fa      Ia-91T     0.6106   4.48   0.2070   0.0111    -5.60  0    cut
  78  sn2001V       Ia-91T     0.6959   4.47   0.2133   0.0126   -13.20  0    cut
  79  sn2000cx      Ia-pec     0.6931   4.45   0.2070   0.0129    -1.30  0    cut
  80  sn1999aa      Ia-91T     0.7297   4.43   0.2092   0.0102    -9.00  0    cut
  81  sn1998es      Ia-91T     0.7324   4.42   0.2055   0.0119    -3.40  0    cut
  82  sn2005hk      Ia-pec     0.7446   4.41   0.1853   0.0131    -2.40  0    cut
  83  sn1999ee      Ia-norm    0.8082   4.39   0.3840   0.0147    -9.10  0    cut
  84  sn1991T       Ia-91T     0.8082   4.38   0.2112   0.0115   -11.70  0    cut
  85  sn1999aa      Ia-91T     0.6959   4.38   0.2046   0.0121    -2.10  0    cut
  86  sn2005hj      Ia-91T     0.6282   4.35   0.2038   0.0116    -5.20  0    cut
  87  sn2001V       Ia-91T     0.6931   4.33   0.2116   0.0125   -11.20  0    cut
  88  sn2007S       Ia-91T     0.7405   4.33   0.2076   0.0122    -4.70  0    cut
  89  sn2000cx      Ia-pec     0.5740   4.32   0.2089   0.0129    -3.30  0    cut
  90  sn2006cm      Ia-norm    0.7446   4.32   0.2056   0.0135    -1.00  0    cut
  91  sn1998es      Ia-91T     0.7703   4.29   0.2077   0.0112    -8.40  0    cut
  92  sn1998es      Ia-91T     0.7839   4.28   0.2070   0.0116    -7.30  0    cut
  93  sn2000cx      Ia-pec     0.6904   4.28   0.2063   0.0135    -0.40  0    cut
  94  sn1995bd      Ia-91T     0.7026   4.23   0.2208   0.0109   -12.00  0    cut
  95  sn1999aa      Ia-91T     0.7459   4.23   0.2061   0.0124    -3.10  0    cut
  96  sn2001ah      Ia-91T     0.6972   4.11   0.2079   0.0125    -8.70  0    cut
  97  sn2006oa      Ia-91T     0.7446   4.10   0.3785   0.0150    -5.70  0    cut
  98  sn2003fa      Ia-91T     0.6945   4.06   0.2073   0.0118    -8.50  0    cut
  99  sn2001V       Ia-91T     0.6918   4.03   0.2109   0.0127   -10.20  0    cut
 100  sn2007S       Ia-91T     0.7378   4.02   0.2065   0.0138    -2.70  0    cut
 101  sn2000cx      Ia-pec     0.7974   3.99   0.2070   0.0128     0.70  0    cut
 102  sn2003W       Ia-norm    0.8082   3.98   0.4154   0.0192   -11.10  0    cut
 103  sn1999aa      Ia-91T     0.7270   3.98   0.2103   0.0112    -9.90  0    cut
 104  sn2007if      Ia-pec     0.6390   3.97   0.1963   0.0151    -6.60  0    cut
 105  sn2007S       Ia-91T     0.7419   3.93   0.2067   0.0136    -3.70  0    cut
 106  sn1998es      Ia-91T     0.7365   3.93   0.2051   0.0134    -2.40  0    cut
 107  sn2005hk      Ia-pec     0.7459   3.93   0.1824   0.0143    -1.40  0    cut
 108  sn1999ee      Ia-norm    0.8082   3.91   0.3778   0.0155    -7.20  0    cut
 109  sn2005eu      Ia-norm    0.7419   3.90   0.2086   0.0122    -5.20  0    cut
 110  sn2005eq      Ia-91T     0.7432   3.90   0.2064   0.0134    -5.40  0    cut
 111  sn2005M       Ia-91T     0.7392   3.86   0.1992   0.0138    -2.70  0    cut
 112  sn2005M       Ia-91T     0.7405   3.81   0.2002   0.0142    -1.70  0    cut
 113  sn2006gr      Ia-norm    0.7487   3.79   0.3908   0.0189    -8.90  0    cut
 114  sn2001ah      Ia-91T     0.6999   3.79   0.2098   0.0126    -9.70  0    cut
 115  sn2001eh      Ia-91T     0.6972   3.78   0.2064   0.0144    -2.00  0    cut
 116  sn2006le      Ia-norm    0.7405   3.78   0.3908   0.0182    -8.80  0    cut
 117  sn1998es      Ia-91T     0.6904   3.77   0.2078   0.0136   -10.30  0    cut
 118  sn2000fa      Ia-norm    0.7121   3.73   0.3982   0.0186   -10.40  0    cut
 119  sn2005cf      Ia-norm    0.7906   3.72   0.3866   0.0177    -9.70  0    cut
 120  sn2006gr      Ia-norm    0.7487   3.70   0.3937   0.0198    -9.80  0    cut
 121  sn2005cf      Ia-norm    0.8082   3.68   0.3913   0.0169   -11.20  0    cut
 122  sn2005na      Ia-norm    0.7405   3.67   0.2057   0.0141    -1.50  0    cut
 123  sn2006gr      Ia-norm    0.7487   3.65   0.3866   0.0184    -7.90  0    cut
 124  sn2005hj      Ia-91T     0.6363   3.63   0.2035   0.0127    -4.30  0    cut
 125  sn2005cf      Ia-norm    0.8082   3.62   0.3926   0.0178   -11.70  0    cut
 126  sn2006gr      Ia-norm    0.7500   3.59   0.3972   0.0207   -10.80  0    cut
 127  sn2002hu      Ia-91T     0.6959   3.58   0.2089   0.0144    -5.30  0    cut
 128  sn2003fa      Ia-91T     0.6959   3.58   0.2073   0.0134    -9.50  0    cut
 129  sn2006oa      Ia-91T     0.7432   3.58   0.3768   0.0164    -8.50  0    cut
 130  sn2005eq      Ia-91T     0.7446   3.55   0.2059   0.0145    -3.50  0    cut
 131  sn2008ae      Ia-pec     0.7487   3.54   0.1881   0.0216    -0.10  0    cut
 132  sn2007S       Ia-91T     0.7432   3.53   0.2050   0.0159    -0.70  0    cut
 133  sn2005cf      Ia-norm    0.8082   3.52   0.3872   0.0175   -10.20  0    cut
 134  sn2005M       Ia-91T     0.7392   3.52   0.1989   0.0156     0.20  0    cut
 135  sn2005cf      Ia-norm    0.8082   3.49   0.3857   0.0171    -9.20  0    cut
 136  sn1998es      Ia-91T     0.6931   3.48   0.2096   0.0150   -11.40  0    cut
 137  sn1999dq      Ia-91T     0.6959   3.48   0.2027   0.0160     0.40  0    cut
 138  sn2002hu      Ia-91T     0.7013   3.47   0.2065   0.0155    -3.50  0    cut
 139  sn2005eq      Ia-91T     0.7405   3.47   0.2091   0.0131    -8.30  0    cut
 140  sn2006le      Ia-norm    0.7419   3.44   0.3911   0.0188    -7.80  0    cut
 141  sn2006oa      Ia-91T     0.7446   3.44   0.3745   0.0179    -3.80  0    cut
 142  sn2006oa      Ia-91T     0.7459   3.41   0.3768   0.0174    -4.70  0    cut
 143  sn1990N       Ia-norm    0.8082   3.41   0.3795   0.0181    -7.40  0    cut
 144  sn2006gr      Ia-norm    0.7459   3.40   0.3834   0.0192    -6.90  0    cut
 145  sn2005cf      Ia-norm    0.8082   3.40   0.3819   0.0176    -7.30  0    cut
 146  sn2005cf      Ia-norm    0.8082   3.39   0.3833   0.0175    -8.20  0    cut
 147  sn2008ae      Ia-pec     0.7500   3.38   0.1938   0.0185    -1.00  0    cut
 148  sn2005cf      Ia-norm    0.8082   3.37   0.3817   0.0180    -6.60  0    cut
 149  sn2006le      Ia-norm    0.7365   3.36   0.3861   0.0200    -6.80  0    cut
 150  sn1999aa      Ia-91T     0.6972   3.35   0.2037   0.0161    -0.20  0    cut
 151  sn1999gp      Ia-91T     0.6999   3.34   0.2074   0.0170     0.00  0    cut
 152  sn2006le      Ia-norm    0.7446   3.33   0.4019   0.0222   -11.70  0    cut
 153  sn2005cf      Ia-norm    0.8082   3.32   0.3802   0.0182    -6.30  0    cut
 154  sn2006gr      Ia-norm    0.7459   3.31   0.3816   0.0194    -6.00  0    cut
 155  sn2006oa      Ia-91T     0.7432   3.30   0.3789   0.0177    -7.60  0    cut
 156  sn2008Z       Ia-norm    0.7459   3.30   0.2102   0.0149    -4.30  0    cut
 157  sn2005eu      Ia-norm    0.7459   3.28   0.2104   0.0131    -7.10  0    cut
 158  sn2008Z       Ia-norm    0.7446   3.27   0.2110   0.0144    -5.30  0    cut
 159  sn2001eh      Ia-91T     0.6972   3.24   0.2065   0.0171    -0.10  0    cut
 160  sn2006gr      Ia-norm    0.7446   3.22   0.3796   0.0194    -5.10  0    cut
 161  sn1997bq      Ia-norm    0.8082   3.21   0.4003   0.0211   -11.60  0    cut
 162  sn2008ar      Ia-norm    0.7432   3.21   0.3828   0.0208    -6.60  0    cut
 163  sn2005cf      Ia-norm    0.8082   3.18   0.3808   0.0188    -5.50  0    cut
 164  sn1998es      Ia-91T     0.7365   3.17   0.2043   0.0166    -0.50  0    cut
 165  sn2005cf      Ia-norm    0.7947   3.16   0.3791   0.0201    -3.80  0    cut
 166  sn2005hj      Ia-91T     0.6363   3.16   0.2008   0.0155     0.50  0    cut
 167  sn2008ar      Ia-norm    0.7446   3.16   0.3885   0.0205    -7.50  0    cut
 168  sn2008ar      Ia-norm    0.7459   3.15   0.3819   0.0208    -4.60  0    cut
 169  sn1990O       Ia-norm    0.8082   3.14   0.3840   0.0211    -7.60  0    cut
 170  sn2007cq      Ia-91T     0.7432   3.14   0.2095   0.0190    -4.00  0    cut
 171  sn1999aa      Ia-91T     0.7906   3.13   0.1975   0.0170    -1.60  0    cut
 172  sn2008ar      Ia-norm    0.7473   3.13   0.3888   0.0208    -8.50  0    cut
 173  sn2008Z       Ia-norm    0.7446   3.12   0.2118   0.0145    -6.30  0    cut
 174  sn2005cf      Ia-norm    0.8028   3.12   0.3772   0.0203    -2.70  0    cut
 175  sn1996X       Ia-norm    0.8082   3.10   0.2102   0.0185     0.10  0    cut
 176  sn1996ai      Ia-norm    0.6959   3.09   0.2040   0.0163     0.10  0    cut
 177  sn2002hu      Ia-91T     0.7013   3.08   0.2054   0.0169    -0.70  0    cut
 178  sn2003hu      Ia-91T     0.6972   3.04   0.2011   0.0181     0.10  0    cut
 179  sn2005cf      Ia-norm    0.7446   3.03   0.3827   0.0219    -9.30  0    cut
 180  sn2006gr      Ia-norm    0.7487   3.03   0.3768   0.0201    -4.00  0    cut
 181  sn1990O       Ia-norm    0.8082   3.02   0.3810   0.0220    -6.60  0    cut
 182  sn1998es      Ia-91T     0.7338   3.00   0.2044   0.0182     0.50  0    cut
 183  sn1984A       Ia-norm    0.6999   2.99   0.4065   0.0224    -6.70  0    cut
 184  sn2003fa      Ia-91T     0.6972   2.97   0.2077   0.0164   -10.40  0    cut
 185  sn2002de      Ia-norm    0.7013   2.96   0.2098   0.0158    -6.10  0    cut
 186  sn2008ae      Ia-pec     0.7473   2.94   0.1893   0.0281     0.90  0    cut
 187  sn2001fe      Ia-norm    0.6986   2.94   0.2056   0.0164    -1.70  0    cut
 188  sn2002dj      Ia-norm    0.7920   2.93   0.3989   0.0249    -9.50  0    cut
 189  sn2001da      Ia-norm    0.8082   2.92   0.3756   0.0203    -1.00  0    cut
 190  sn2002dj      Ia-norm    0.7825   2.92   0.4044   0.0257   -11.40  0    cut
 191  sn2005gj      Ia-csm     0.6363   2.91   0.2013   0.0157    -1.80  0    cut
 192  sn2005cf      Ia-norm    0.7419   2.91   0.3843   0.0226   -10.40  0    cut
 193  sn2007cq      Ia-91T     0.7446   2.91   0.2098   0.0202    -5.00  0    cut
 194  sn2007qe      Ia-norm    0.7432   2.90   0.4059   0.0268    -9.40  0    cut
 195  sn2006gr      Ia-norm    0.7459   2.90   0.3751   0.0192    -1.10  0    cut
 196  sn2008Z       Ia-norm    0.7419   2.90   0.2121   0.0149    -7.30  0    cut
 197  sn2005cf      Ia-norm    0.8082   2.89   0.3735   0.0213    -2.40  0    cut
 198  sn2001el      Ia-norm    0.5808   2.88   0.2263   0.0170    -3.80  0    cut
 199  sn2008ar      Ia-norm    0.7432   2.88   0.3803   0.0229    -3.70  0    cut
 200  sn1999ee      Ia-norm    0.8082   2.86   0.3686   0.0192    -0.20  0    cut
 201  sn1996X       Ia-norm    0.8082   2.86   0.2103   0.0200     1.10  0    cut
 202  sn2005gj      Ia-csm     0.6187   2.85   0.2038   0.0103   -12.10  0    cut
 203  sn2006D       Ia-norm    0.8082   2.85   0.2158   0.0219    -5.30  0    cut
 204  sn1998aq      Ia-norm    0.7026   2.85   0.2080   0.0156    -8.90  0    cut
 205  sn2007F       Ia-norm    0.7405   2.84   0.2107   0.0164    -5.70  0    cut
 206  sn2007qe      Ia-norm    0.7419   2.83   0.4034   0.0272    -8.60  0    cut
 207  sn2005cf      Ia-norm    0.8082   2.82   0.3704   0.0218    -1.50  0    cut
 208  sn2001V       Ia-91T     0.7744   2.82   0.3848   0.0242   -12.30  0    cut
 209  sn2007le      Ia-norm    0.7446   2.81   0.3946   0.0257    -8.40  0    cut
 210  sn2006S       Ia-norm    0.7419   2.80   0.3674   0.0216    -5.50  0    cut
 211  sn2006cz      Ia-91T     0.7446   2.80   0.2105   0.0190    -3.90  0    cut
 212  sn2000E       Ia-norm    0.7351   2.80   0.2082   0.0181    -6.40  0    cut
 213  sn2006cp      Ia-norm    0.7405   2.80   0.3997   0.0249   -11.20  0    cut
 214  sn2007jg      Ia-norm    0.7500   2.79   0.3854   0.0226    -2.30  0    cut
 215  sn2006cq      Ia-norm    0.7446   2.79   0.3741   0.0218    -3.30  0    cut
 216  sn2002ck      Ia-norm    0.7013   2.79   0.2032   0.0185    -0.60  0    cut
 217  sn2005cg      Ia-norm    0.5916   2.78   0.2267   0.0187    -9.80  0    cut
 218  sn2001eh      Ia-91T     0.8082   2.78   0.2094   0.0189    -4.90  0    cut
 219  sn2005cf      Ia-norm    0.8015   2.78   0.3704   0.0228    -1.20  0    cut
 220  sn2005eq      Ia-91T     0.7432   2.77   0.2043   0.0192     0.40  0    cut
 221  sn2002dj      Ia-norm    0.8082   2.77   0.3817   0.0237    -4.60  0    cut
 222  sn1994D       Ia-norm    0.8082   2.76   0.3911   0.0204   -11.10  0    cut
 223  sn2006az      Ia-norm    0.7392   2.76   0.2056   0.0195    -1.00  0    cut
 224  sn2008ar      Ia-norm    0.7473   2.76   0.3797   0.0241    -2.70  0    cut
 225  sn2001G       Ia-norm    0.6904   2.75   0.2092   0.0176    -5.10  0    cut
 226  sn2007le      Ia-norm    0.7487   2.75   0.3918   0.0263    -7.40  0    cut
 227  sn1994ae      Ia-norm    0.7026   2.74   0.2096   0.0203     0.90  0    cut
 228  sn2006cz      Ia-91T     0.7405   2.74   0.2088   0.0212    -1.00  0    cut
 229  sn2002bo      Ia-norm    0.8082   2.73   0.4015   0.0266   -12.40  0    cut
 230  sn1997bp      Ia-norm    0.8082   2.73   0.3857   0.0229    -3.00  0    cut
 231  sn2006gr      Ia-norm    0.7514   2.72   0.3726   0.0212    -2.10  0    cut
 232  sn2005bl      Ia-91bg    0.7893   2.71   0.2124   0.0225    -4.90  0    cut
 233  sn1998aq      Ia-norm    0.6837   2.71   0.2052   0.0174    -0.90  0    cut
 234  sn2002ck      Ia-norm    0.6986   2.70   0.2030   0.0198     0.30  0    cut
 235  sn2005eq      Ia-91T     0.7432   2.69   0.2048   0.0201     1.30  0    cut
 236  sn2003cg      Ia-norm    0.6837   2.69   0.2040   0.0200    -1.00  0    cut
 237  sn2003du      Ia-norm    0.7703   2.69   0.3708   0.0226   -11.10  0    cut
 238  sn1994ae      Ia-norm    0.7013   2.68   0.2090   0.0200     0.00  0    cut
 239  sn1996ai      Ia-norm    0.7514   2.68   0.2065   0.0185    -0.90  0    cut
 240  sn2003cg      Ia-norm    0.7121   2.67   0.2079   0.0185    -5.00  0    cut
 241  sn2006cj      Ia-norm    0.7365   2.66   0.2083   0.0188    -0.20  0    cut
 242  sn2006cz      Ia-91T     0.7446   2.66   0.2097   0.0210    -2.00  0    cut
 243  sn2002de      Ia-norm    0.6945   2.65   0.2085   0.0187    -4.10  0    cut
 244  sn1994D       Ia-norm    0.7635   2.65   0.3938   0.0226   -11.20  0    cut
 245  sn2006cp      Ia-norm    0.7392   2.65   0.3963   0.0261   -10.30  0    cut
 246  sn2006gz      Ia-pec     0.6390   2.64   0.2069   0.0169    -1.60  0    cut
 247  sn2005cf      Ia-norm    0.7446   2.64   0.3868   0.0242   -11.40  0    cut
 248  sn2006D       Ia-norm    0.8082   2.64   0.2180   0.0224    -1.40  0    cut
 249  sn1996ab      Ia-norm    0.6227   2.64   0.2028   0.0209     1.30  0    cut
 250  sn2007le      Ia-norm    0.7473   2.63   0.3867   0.0274    -6.40  0    cut
 251  sn2001eh      Ia-91T     0.8082   2.63   0.2107   0.0193    -5.90  0    cut
 252  sn2001az      Ia-91T     0.6972   2.63   0.2089   0.0182    -3.10  0    cut
 253  sn2004ef      Ia-norm    0.7473   2.62   0.3986   0.0222    -7.10  0    cut
 254  sn2002de      Ia-norm    0.6918   2.62   0.2072   0.0186    -3.00  0    cut
 255  sn2005A       Ia-norm    0.7392   2.62   0.3839   0.0232    -1.30  0    cut
 256  sn2004ef      Ia-norm    0.7473   2.61   0.3870   0.0226    -4.20  0    cut
 257  sn2007A       Ia-norm    0.7378   2.61   0.2072   0.0199    -2.40  0    cut
 258  sn1999ac      Ia-91T     0.6525   2.60   0.2094   0.0172    -9.90  0    cut
 259  sn2003Y       Ia-91bg    0.6986   2.60   0.4019   0.0305    -6.30  0    cut
 260  sn2002er      Ia-norm    0.8042   2.59   0.3794   0.0235    -9.00  0    cut
 261  sn2006cp      Ia-norm    0.7419   2.59   0.3930   0.0261    -9.30  0    cut
 262  sn2005cf      Ia-norm    0.7459   2.58   0.3740   0.0254    -4.40  0    cut
 263  sn2006cc      Ia-norm    0.7446   2.58   0.3645   0.0228    -9.70  0    cut
 264  sn2003cg      Ia-norm    0.6918   2.58   0.2058   0.0204    -2.10  0    cut
 265  sn2008Z       Ia-norm    0.7432   2.57   0.2131   0.0156    -8.20  0    cut
 266  sn2004ef      Ia-norm    0.7378   2.57   0.3842   0.0233    -5.20  0    cut
 267  sn2007F       Ia-norm    0.7473   2.57   0.2126   0.0186    -6.70  0    cut
 268  sn1999ac      Ia-91T     0.7690   2.56   0.3516   0.0194     0.40  0    cut
 269  sn2006gz      Ia-pec     0.6431   2.56   0.2091   0.0164    -4.50  0    cut
 270  sn2004ef      Ia-norm    0.7487   2.55   0.3839   0.0233    -3.30  0    cut
 271  sn2007le      Ia-norm    0.7459   2.55   0.4007   0.0280   -10.30  0    cut
 272  sn2001fe      Ia-norm    0.6986   2.54   0.2042   0.0198     0.30  0    cut
 273  sn1998aq      Ia-norm    0.6904   2.54   0.2048   0.0188     0.00  0    cut
 274  sn2003cg      Ia-norm    0.6904   2.54   0.2065   0.0203    -4.10  0    cut
 275  sn2007A       Ia-norm    0.7446   2.54   0.2076   0.0196    -3.40  0    cut
 276  sn2008ar      Ia-norm    0.7473   2.54   0.3712   0.0256    -0.70  0    cut
 277  sn2004fz      Ia-norm    0.7459   2.54   0.2110   0.0210    -6.80  0    cut
 278  sn1996bl      Ia-norm    0.7026   2.53   0.2107   0.0205    -2.20  0    cut
 279  sn2006S       Ia-norm    0.7419   2.53   0.3666   0.0240    -4.60  0    cut
 280  sn2007F       Ia-norm    0.7392   2.52   0.2081   0.0192    -1.80  0    cut
 281  sn1994S       Ia-norm    0.6769   2.52   0.2059   0.0198    -4.00  0    cut
 282  sn2001el      Ia-norm    0.5645   2.52   0.2192   0.0196     1.20  0    cut
 283  sn1998bu      Ia-norm    0.6891   2.50   0.2062   0.0199    -3.60  0    cut
 284  sn2004ef      Ia-norm    0.7324   2.50   0.3864   0.0237    -6.20  0    cut
 285  sn2002de      Ia-norm    0.6918   2.49   0.2061   0.0197    -2.20  0    cut
 286  sn2006cm      Ia-norm    0.7392   2.49   0.2038   0.0220    -1.90  0    cut
 287  sn2002dj      Ia-norm    0.7906   2.49   0.3825   0.0272    -6.60  0    cut
 288  sn2003cg      Ia-norm    0.6904   2.48   0.2068   0.0208    -5.10  0    cut
 289  sn1990O       Ia-norm    0.8082   2.48   0.3758   0.0255    -5.60  0    cut
 290  sn2002de      Ia-norm    0.6931   2.48   0.2085   0.0184    -5.00  0    cut
 291  sn2007F       Ia-norm    0.7432   2.48   0.2076   0.0198    -0.90  0    cut
 292  sn2003cg      Ia-norm    0.6904   2.48   0.2062   0.0208    -3.10  0    cut
 293  sn2007F       Ia-norm    0.7473   2.48   0.2126   0.0184    -7.70  0    cut
 294  sn1996bl      Ia-norm    0.7040   2.47   0.2113   0.0197    -4.00  0    cut
 295  sn2003cg      Ia-norm    0.6918   2.47   0.2050   0.0216    -1.20  0    cut
 296  sn2005cf      Ia-norm    0.7459   2.47   0.3895   0.0248   -12.40  0    cut
 297  sn2007kk      Ia-norm    0.7473   2.46   0.3681   0.0223    -1.70  0    cut
 298  sn2005eu      Ia-norm    0.7487   2.45   0.2111   0.0188    -9.00  0    cut
 299  sn2000E       Ia-norm    0.7121   2.45   0.2071   0.0205    -3.40  0    cut
 300  sn2005cf      Ia-norm    0.7459   2.45   0.3697   0.0260    -5.40  0    cut
 301  sn1998V       Ia-norm    0.6999   2.45   0.2038   0.0206     0.30  0    cut
 302  sn2008Z       Ia-norm    0.7405   2.45   0.3688   0.0285    -9.20  0    cut
 303  sn2002dj      Ia-norm    0.8082   2.45   0.3743   0.0243    -3.60  0    cut
 304  sn1996X       Ia-norm    0.7013   2.44   0.2095   0.0209    -1.70  0    cut
 305  sn1998bu      Ia-norm    0.6891   2.44   0.2058   0.0204    -2.60  0    cut
 306  sn2006ax      Ia-norm    0.7419   2.43   0.3604   0.0239    -9.30  0    cut
 307  sn1999aw      Ia-91T     0.7866   2.43   0.3721   0.0233     0.00  0    cut
 308  sn2006cp      Ia-norm    0.7392   2.42   0.3871   0.0275    -8.40  0    cut
 309  sn2004ef      Ia-norm    0.7487   2.41   0.3944   0.0265    -8.10  0    cut
 310  sn2002er      Ia-norm    0.8082   2.40   0.3727   0.0259    -5.00  0    cut
 311  sn1996X       Ia-norm    0.6999   2.40   0.2102   0.0201    -3.80  0    cut
 312  sn1998bu      Ia-norm    0.6891   2.39   0.2055   0.0211    -1.60  0    cut
 313  sn2005cf      Ia-norm    0.7473   2.39   0.3709   0.0270    -3.40  0    cut
 314  sn2006bz      Ia-91bg    0.7473   2.37   0.2102   0.0234     0.70  0    cut
 315  sn2004ef      Ia-norm    0.7473   2.37   0.3781   0.0242    -1.50  0    cut
 316  sn1998aq      Ia-norm    0.6918   2.37   0.2047   0.0208     1.00  0    cut
 317  sn1998V       Ia-norm    0.6999   2.37   0.2035   0.0222     1.30  0    cut
 318  sn2003du      Ia-norm    0.7514   2.37   0.3649   0.0279    -8.10  0    cut
 319  sn2003cg      Ia-norm    0.6200   2.36   0.2076   0.0204    -2.30  0    cut
 320  sn2003du      Ia-norm    0.8082   2.35   0.3678   0.0249    -6.10  0    cut
 321  sn2002ef      Ia-norm    0.6986   2.34   0.2072   0.0203    -2.90  0    cut
 322  sn2003cg      Ia-norm    0.6972   2.34   0.2088   0.0219    -8.00  0    cut
 323  sn2006gz      Ia-pec     0.7487   2.34   0.2113   0.0153    -8.40  0    cut
 324  sn2008Q       Ia-norm    0.7473   2.33   0.2124   0.0220    -1.20  0    cut
 325  sn1999aw      Ia-91T     0.5821   2.33   0.2206   0.0209    -1.00  0    cut
 326  sn2007kk      Ia-norm    0.7459   2.33   0.3665   0.0230    -0.80  0    cut
 327  sn2006S       Ia-norm    0.7446   2.33   0.2091   0.0208    -2.60  0    cut
 328  sn2005cf      Ia-norm    0.8082   2.33   0.3652   0.0248    -0.20  0    cut
 329  sn2003cg      Ia-norm    0.6918   2.32   0.2084   0.0223    -6.10  0    cut
 330  sn2006S       Ia-norm    0.7432   2.32   0.2082   0.0214    -0.70  0    cut
 331  sn2008Q       Ia-norm    0.7446   2.32   0.2136   0.0215    -3.20  0    cut
 332  sn2008Q       Ia-norm    0.7419   2.32   0.2127   0.0221    -2.20  0    cut
 333  sn2003du      Ia-norm    0.7717   2.31   0.3627   0.0268    -7.20  0    cut
 334  sn2006oa      Ia-91T     0.7432   2.31   0.2046   0.0216    -0.10  0    cut
 335  sn2004ef      Ia-norm    0.7473   2.31   0.3715   0.0249     0.60  0    cut
 336  sn2004ef      Ia-norm    0.7473   2.31   0.3744   0.0250    -0.40  0    cut
 337  sn2006nz      Ia-norm    0.7487   2.31   0.3785   0.0239    -1.70  0    cut
 338  sn2006ax      Ia-norm    0.7419   2.30   0.3578   0.0249    -8.40  0    cut
 339  sn2008Q       Ia-norm    0.7432   2.30   0.2122   0.0224    -0.30  0    cut
 340  sn1999by      Ia-91bg    0.7514   2.29   0.2128   0.0239    -3.00  0    cut
 341  sn1996X       Ia-norm    0.7013   2.29   0.2097   0.0217    -2.80  0    cut
 342  sn2002fk      Ia-norm    0.6972   2.29   0.2032   0.0212    -1.50  0    cut
 343  sn2003ic      Ia-norm    0.6972   2.28   0.2095   0.0213    -2.30  0    cut
 344  sn2007co      Ia-norm    0.7487   2.28   0.3751   0.0273    -5.10  0    cut
 345  sn1994D       Ia-norm    0.8015   2.28   0.2158   0.0215    -5.30  0    cut
 346  sn2003du      Ia-norm    0.7419   2.28   0.3787   0.0302   -11.10  0    cut
 347  sn2004eo      Ia-norm    0.6904   2.28   0.2118   0.0233   -10.20  0    cut
 348  sn1999ac      Ia-91T     0.6986   2.27   0.2037   0.0238    -0.90  0    cut
 349  sn2002aw      Ia-norm    0.6972   2.26   0.2050   0.0248    -0.90  0    cut
 350  sn2006gz      Ia-pec     0.7378   2.25   0.2116   0.0164    -9.30  0    cut
 351  sn2003U       Ia-norm    0.8082   2.24   0.3746   0.0269    -8.50  0    cut
 352  sn2006cj      Ia-norm    0.7351   2.24   0.2084   0.0243    -1.20  0    cut
 353  sn2000dg      Ia-norm    0.6945   2.24   0.2052   0.0250     0.20  0    cut
 354  sn2006cp      Ia-norm    0.7419   2.23   0.3776   0.0286    -6.30  0    cut
 355  sn2007co      Ia-norm    0.7459   2.23   0.3718   0.0268    -4.10  0    cut
 356  sn1996X       Ia-norm    0.7013   2.23   0.2092   0.0224    -0.80  0    cut
 357  sn2002fk      Ia-norm    0.6959   2.22   0.2036   0.0202    -3.50  0    cut
 358  sn2005mc      Ia-norm    0.7378   2.22   0.3594   0.0235    -2.20  0    cut
 359  sn1999cl      Ia-norm    0.7189   2.21   0.3634   0.0245     0.70  0    cut
 360  sn2003ic      Ia-norm    0.6999   2.21   0.2100   0.0231    -4.10  0    cut
 361  sn2003cg      Ia-norm    0.6918   2.20   0.2049   0.0246    -0.20  0    cut
 362  sn2002bo      Ia-norm    0.8082   2.19   0.3653   0.0241    -1.70  0    cut
 363  sn2003cg      Ia-norm    0.6918   2.19   0.2044   0.0252     0.80  0    cut
 364  sn2002aw      Ia-norm    0.6945   2.18   0.2052   0.0241     1.10  0    cut
 365  sn1994D       Ia-norm    0.7730   2.18   0.2122   0.0225    -2.30  0    cut
 366  sn1999ac      Ia-91T     0.6986   2.18   0.2045   0.0238    -2.90  0    cut
 367  sn2006X       Ia-norm    0.7405   2.18   0.3722   0.0252     1.30  0    cut
 368  sn2002dj      Ia-norm    0.7866   2.18   0.3952   0.0313    -8.60  0    cut
 369  sn1994D       Ia-norm    0.6945   2.17   0.2094   0.0221    -3.10  0    cut
 370  sn2002er      Ia-norm    0.7920   2.17   0.3698   0.0282    -7.00  0    cut
 371  sn1996X       Ia-norm    0.7013   2.17   0.2088   0.0233     0.20  0    cut
 372  sn2002fb      Ia-91bg    0.6972   2.16   0.2126   0.0257    -4.50  0    cut
 373  sn1995E       Ia-norm    0.6593   2.16   0.2124   0.0229    -2.90  0    cut
 374  sn2003kf      Ia-norm    0.6904   2.16   0.2083   0.0218    -3.40  0    cut
 375  sn2003cg      Ia-norm    0.6891   2.15   0.2085   0.0225    -6.40  0    cut
 376  sn2007co      Ia-norm    0.7459   2.15   0.3679   0.0269    -3.10  0    cut
 377  sn2007kk      Ia-norm    0.7500   2.14   0.3639   0.0241     1.10  0    cut
 378  sn2006oa      Ia-91T     0.7432   2.14   0.2058   0.0225    -2.00  0    cut
 379  sn2007co      Ia-norm    0.7487   2.14   0.3631   0.0250    -1.20  0    cut
 380  sn1994S       Ia-norm    0.6810   2.14   0.2039   0.0229     0.90  0    cut
 381  sn2003cg      Ia-norm    0.6214   2.14   0.2095   0.0217    -2.80  0    cut
 382  sn2005cg      Ia-norm    0.4102   2.13   0.2189   0.0230    -4.00  0    cut
 383  sn2008ar      Ia-norm    0.7473   2.13   0.3616   0.0283     1.20  0    cut
 384  sn2001cp      Ia-norm    0.6959   2.13   0.2090   0.0192    -6.80  0    cut
 385  sn2005cf      Ia-norm    0.7446   2.13   0.3657   0.0295    -2.30  0    cut
 386  sn1999cl      Ia-norm    0.7094   2.13   0.3700   0.0269    -3.30  0    cut
 387  sn1998aq      Ia-norm    0.6783   2.13   0.2082   0.0202    -9.90  0    cut
 388  sn2007co      Ia-norm    0.7487   2.13   0.3619   0.0245    -0.20  0    cut
 389  sn2001cp      Ia-norm    0.6986   2.12   0.2073   0.0214    -1.10  0    cut
 390  sn2006ax      Ia-norm    0.7419   2.12   0.3530   0.0257    -6.40  0    cut
 391  sn1992A       Ia-norm    0.7473   2.11   0.3797   0.0279    -5.40  0    cut
 392  sn2006ot      Ia-norm    0.7487   2.11   0.3699   0.0254    -0.40  0    cut
 393  sn2003cg      Ia-norm    0.7121   2.11   0.2103   0.0250     1.00  0    cut
 394  sn1994D       Ia-norm    0.6945   2.11   0.2101   0.0234    -4.10  0    cut
 395  sn2007F       Ia-norm    0.7446   2.11   0.2138   0.0196    -8.70  0    cut
 396  sn1999ac      Ia-91T     0.6986   2.10   0.2049   0.0244    -3.90  0    cut
 397  sn2007ci      Ia-norm    0.7446   2.09   0.2086   0.0248    -2.20  0    cut
 398  sn2007co      Ia-norm    0.7459   2.09   0.3605   0.0245     0.80  0    cut
 399  sn2002fb      Ia-91bg    0.6959   2.09   0.2133   0.0247    -2.70  0    cut
 400  sn1990O       Ia-norm    0.7121   2.09   0.2110   0.0224    -0.90  0    cut
 401  sn2002bo      Ia-norm    0.7811   2.08   0.3603   0.0247    -0.60  0    cut
 402  sn2003kf      Ia-norm    0.6959   2.07   0.2101   0.0222    -5.40  0    cut
 403  sn2003du      Ia-norm    0.8082   2.07   0.3636   0.0281    -4.20  0    cut
 404  sn1996X       Ia-norm    0.6877   2.07   0.2070   0.0243    -1.80  0    cut
 405  sn2005mz      Ia-91bg    0.7432   2.07   0.2167   0.0261    -7.50  0    cut
 406  sn2005cg      Ia-norm    0.4102   2.07   0.2180   0.0222    -0.10  0    cut
 407  sn1994D       Ia-norm    0.8082   2.07   0.2151   0.0238    -4.30  0    cut
 408  sn2003cg      Ia-norm    0.7243   2.05   0.2098   0.0251    -2.10  0    cut
 409  sn2000dg      Ia-norm    0.6986   2.05   0.2042   0.0262    -0.80  0    cut
 410  sn2001cp      Ia-norm    0.6999   2.05   0.2084   0.0212    -4.90  0    cut
 411  sn2002fb      Ia-91bg    0.6959   2.04   0.2110   0.0270     0.30  0    cut
 412  sn2002bo      Ia-norm    0.8082   2.04   0.3710   0.0263    -4.80  0    cut
 413  sn2006gt      Ia-91bg    0.7487   2.04   0.2166   0.0270     1.30  0    cut
 414  sn1994D       Ia-norm    0.6959   2.04   0.2105   0.0228    -5.10  0    cut
 415  sn2007bd      Ia-norm    0.7459   2.04   0.3777   0.0322    -9.00  0    cut
 416  sn1998dx      Ia-norm    0.6309   2.03   0.2142   0.0234    -0.70  0    cut
 417  sn2002jy      Ia-norm    0.6999   2.03   0.2072   0.0228     0.10  0    cut
 418  sn2004fu      Ia-norm    0.7459   2.03   0.3799   0.0333    -6.40  0    cut
 419  sn1996X       Ia-norm    0.7013   2.03   0.2085   0.0252     1.20  0    cut
 420  sn2005cf      Ia-norm    0.7256   2.02   0.3894   0.0352    -9.70  0    cut
 421  sn2006S       Ia-norm    0.7432   2.02   0.3590   0.0271     0.20  0    cut
 422  sn2002jy      Ia-norm    0.6999   2.01   0.2067   0.0234     1.10  0    cut
 423  sn2007bm      Ia-norm    0.7473   2.01   0.3627   0.0275   -11.20  0    cut
 424  sn2004eo      Ia-norm    0.8082   2.00   0.3600   0.0301    -5.60  0    cut
 425  sn2007ci      Ia-norm    0.7432   2.00   0.2084   0.0257    -1.20  0    cut
 426  sn2004bg      Ia-norm    0.6959   2.00   0.2083   0.0213    -3.00  0    cut
 427  sn2007ci      Ia-norm    0.7432   1.99   0.2107   0.0260    -4.20  0    cut
 428  sn2005bl      Ia-91bg    0.6904   1.99   0.2072   0.0348    -2.90  0    cut
 429  sn2003W       Ia-norm    0.6986   1.99   0.4063   0.0363    -8.20  0    cut
 430  sn1998dx      Ia-norm    0.6322   1.99   0.2136   0.0240    -1.70  0    cut
 431  sn2006gz      Ia-pec     0.7080   1.98   0.2135   0.0181   -12.30  0    cut
 432  sn2005cf      Ia-norm    0.7473   1.98   0.3628   0.0314    -1.40  0    cut
 433  sn2002aw      Ia-norm    0.6972   1.98   0.2062   0.0247    -1.90  0    cut
 434  sn2006S       Ia-norm    0.7378   1.98   0.3589   0.0275     1.20  0    cut
 435  sn2002bo      Ia-norm    0.6918   1.97   0.2203   0.0251    -7.30  0    cut
 436  sn2003du      Ia-norm    0.6945   1.97   0.2068   0.0242    -1.80  0    cut
 437  sn2003cg      Ia-norm    0.7107   1.97   0.2119   0.0222    -7.30  0    cut
 438  sn2003W       Ia-norm    0.6959   1.96   0.4089   0.0358    -9.10  0    cut
 439  sn2001cp      Ia-norm    0.6999   1.96   0.2064   0.0244     0.80  0    cut
 440  sn2000fa      Ia-norm    0.7135   1.96   0.2091   0.0261     1.30  0    cut
 441  sn2005ke      Ia-91bg    0.7365   1.96   0.2066   0.0271     0.50  0    cut
 442  sn2005cg      Ia-norm    0.6119   1.95   0.2139   0.0230    -8.80  0    cut
 443  sn1999ek      Ia-norm    0.6986   1.95   0.2042   0.0260    -0.60  0    cut
 444  sn1999cl      Ia-norm    0.7013   1.95   0.3744   0.0300    -5.20  0    cut
 445  sn2005am      Ia-norm    0.7473   1.95   0.3856   0.0308    -2.90  0    cut
 446  sn2002er      Ia-norm    0.7852   1.95   0.3582   0.0261    -4.00  0    cut
 447  sn1989B       Ia-norm    0.8082   1.95   0.3572   0.0301    -7.20  0    cut
 448  sn2000fa      Ia-norm    0.7080   1.94   0.4048   0.0391   -10.40  0    cut
 449  sn2003kf      Ia-norm    0.6959   1.94   0.2117   0.0231    -7.40  0    cut
 450  sn2002bo      Ia-norm    0.6918   1.93   0.2190   0.0256    -6.30  0    cut
 451  sn2007if      Ia-pec     0.6214   1.93   0.1987   0.0303    -7.50  0    cut
 452  sn2004eo      Ia-norm    0.7053   1.92   0.2054   0.0263    -2.00  0    cut
 453  sn1994D       Ia-norm    0.6931   1.92   0.2103   0.0248    -0.10  0    cut
 454  sn2003W       Ia-norm    0.6959   1.92   0.3975   0.0345    -3.30  0    cut
 455  sn2002bo      Ia-norm    0.6918   1.91   0.2143   0.0271    -2.40  0    cut
 456  sn2003kf      Ia-norm    0.6959   1.91   0.2123   0.0230    -8.40  0    cut
 457  sn2003cq      Ia-norm    0.6986   1.91   0.2111   0.0252     0.00  0    cut
 458  sn1998de      Ia-91bg    0.6999   1.91   0.4045   0.0338    -6.20  0    cut
 459  sn1999cl      Ia-norm    0.6999   1.91   0.3719   0.0300    -4.20  0    cut
 460  sn2002cd      Ia-norm    0.6959   1.91   0.2232   0.0225    -6.70  0    cut
 461  sn2002er      Ia-norm    0.8082   1.91   0.3620   0.0267    -2.10  0    cut
 462  sn2007bm      Ia-norm    0.7432   1.91   0.3554   0.0290    -9.30  0    cut
 463  sn2002cd      Ia-norm    0.6945   1.91   0.2246   0.0214    -7.70  0    cut
 464  sn2002bo      Ia-norm    0.6918   1.91   0.2133   0.0278    -1.50  0    cut
 465  sn2002bo      Ia-norm    0.6918   1.91   0.2155   0.0267    -3.40  0    cut
 466  sn2006bz      Ia-91bg    0.6769   1.90   0.2130   0.0279    -1.40  0    cut
 467  sn2004fu      Ia-norm    0.7446   1.90   0.3754   0.0348    -5.40  0    cut
 468  sn2005cf      Ia-norm    0.7446   1.90   0.3598   0.0324    -0.30  0    cut
 469  sn2006bt      Ia-norm    0.8082   1.90   0.2248   0.0296    -3.90  0    cut
 470  sn2002er      Ia-norm    0.8082   1.89   0.3635   0.0283    -3.10  0    cut
 471  sn2003du      Ia-norm    0.6945   1.89   0.2108   0.0250    -8.90  0    cut
 472  sn2002bo      Ia-norm    0.6918   1.89   0.2164   0.0266    -4.30  0    cut
 473  sn2003du      Ia-norm    0.6918   1.87   0.2060   0.0265     1.10  0    cut
 474  sn1998es      Ia-91T     0.6864   1.87   0.5866   0.0443    -9.40  0    cut
 475  sn2002bo      Ia-norm    0.6918   1.87   0.2179   0.0267    -5.40  0    cut
 476  sn2003Y       Ia-91bg    0.6972   1.86   0.2114   0.0253    -3.40  0    cut
 477  sn2002cd      Ia-norm    0.6972   1.86   0.2260   0.0218    -8.60  0    cut
 478  sn1998dx      Ia-norm    0.6999   1.86   0.2128   0.0250     1.10  0    cut
 479  sn2005bl      Ia-91bg    0.6904   1.85   0.2096   0.0369    -5.90  0    cut
 480  sn2003iv      Ia-norm    0.6986   1.85   0.2112   0.0261    -1.40  0    cut
 481  sn2003it      Ia-norm    0.6972   1.85   0.2132   0.0249    -0.20  0    cut
 482  sn2003iv      Ia-norm    0.6972   1.85   0.2120   0.0259    -2.40  0    cut
 483  sn2004at      Ia-norm    0.6986   1.84   0.2097   0.0250    -0.70  0    cut
 484  sn2003ch      Ia-norm    0.6986   1.84   0.2078   0.0249     0.80  0    cut
 485  sn2003cq      Ia-norm    0.6999   1.84   0.2121   0.0277    -0.90  0    cut
 486  sn2006bz      Ia-91bg    0.7392   1.83   0.2134   0.0300    -0.30  0    cut
 487  sn1986G       Ia-91bg    0.6959   1.83   0.2202   0.0256    -4.70  0    cut
 488  sn2003W       Ia-norm    0.6959   1.83   0.4052   0.0383    -6.30  0    cut
 489  sn2006gz      Ia-pec     0.7405   1.83   0.2129   0.0183   -11.30  0    cut
 490  sn1999ac      Ia-91T     0.7351   1.82   0.3547   0.0329    -2.10  0    cut
 491  sn2003it      Ia-norm    0.6986   1.82   0.2133   0.0244    -2.20  0    cut
 492  sn2006bt      Ia-norm    0.8082   1.82   0.2265   0.0298    -4.60  0    cut
 493  sn2006ax      Ia-norm    0.7378   1.82   0.3469   0.0260     0.50  0    cut
 494  sn2004at      Ia-norm    0.6999   1.82   0.2089   0.0253     0.20  0    cut
 495  sn2002bo      Ia-norm    0.7500   1.81   0.3637   0.0298    -3.70  0    cut
 496  sn2007bd      Ia-norm    0.7473   1.81   0.3700   0.0310    -8.10  0    cut
 497  sn2007ci      Ia-norm    0.7405   1.81   0.2122   0.0281    -5.10  0    cut
 498  sn2006lf      Ia-norm    0.7135   1.80   0.2161   0.0252    -4.50  0    cut
 499  sn2002cd      Ia-norm    0.6945   1.80   0.2191   0.0242    -4.70  0    cut
 500  sn2002cd      Ia-norm    0.6959   1.80   0.2184   0.0244    -3.70  0    cut
 501  sn2003du      Ia-norm    0.6945   1.80   0.2116   0.0255    -9.80  0    cut
 502  sn2003W       Ia-norm    0.6972   1.80   0.3962   0.0354    -2.30  0    cut
 503  sn1999cl      Ia-norm    0.6945   1.80   0.3823   0.0366    -7.30  0    cut
 504  sn2002bo      Ia-norm    0.7229   1.80   0.4016   0.0353   -13.60  0    cut
 505  sn2007bd      Ia-norm    0.7446   1.79   0.3611   0.0294    -4.20  0    cut
 506  sn1994D       Ia-norm    0.7121   1.79   0.3908   0.0327   -10.10  0    cut
 507  sn2003cq      Ia-norm    0.6999   1.79   0.2146   0.0274    -1.80  0    cut
 508  sn2003it      Ia-norm    0.6945   1.79   0.2125   0.0253    -1.10  0    cut
 509  sn2005cf      Ia-norm    0.7473   1.79   0.3570   0.0338     0.60  0    cut
 510  sn1999by      Ia-91bg    0.6918   1.78   0.2121   0.0359    -4.10  0    cut
 511  sn2004dt      Ia-norm    0.6065   1.78   0.2433   0.0255    -9.90  0    cut
 512  sn2003W       Ia-norm    0.6945   1.78   0.4039   0.0385    -7.30  0    cut
 513  sn2003iv      Ia-norm    0.6999   1.78   0.2093   0.0275     0.50  0    cut
 514  sn1989B       Ia-norm    0.8082   1.77   0.3529   0.0291    -1.30  0    cut
 515  sn1999gd      Ia-norm    0.6999   1.77   0.2041   0.0283     1.10  0    cut
 516  sn2004at      Ia-norm    0.6999   1.77   0.2086   0.0267     1.20  0    cut
 517  sn2001cp      Ia-norm    0.6945   1.77   0.2112   0.0234    -3.90  0    cut
 518  sn2002cd      Ia-norm    0.6945   1.77   0.2137   0.0274     0.30  0    cut
 519  sn1999cp      Ia-norm    0.7500   1.77   0.3618   0.0310   -11.90  0    cut
 520  sn1999ac      Ia-91T     0.6918   1.77   0.2157   0.0218   -13.90  0    cut
 521  sn1986G       Ia-91bg    0.5916   1.77   0.2163   0.0267     0.30  0    cut
 522  sn2002cd      Ia-norm    0.6931   1.77   0.2207   0.0244    -5.70  0    cut
 523  sn2007bd      Ia-norm    0.7459   1.77   0.3548   0.0254    -1.30  0    cut
 524  sn1986G       Ia-91bg    0.6810   1.76   0.2185   0.0256    -2.70  0    cut
 525  sn2003du      Ia-norm    0.7717   1.76   0.3545   0.0334    -2.20  0    cut
 526  sn2008bf      Ia-norm    0.7432   1.76   0.3583   0.0314     0.70  0    cut
 527  sn2002bo      Ia-norm    0.7541   1.76   0.3601   0.0303    -1.80  0    cut
 528  sn1981B       Ia-norm    0.8082   1.76   0.3566   0.0257    -1.50  0    cut
 529  sn2002dj      Ia-norm    0.6972   1.76   0.4087   0.0328   -11.40  0    cut
 530  sn1994T       Ia-norm    0.5767   1.76   0.3611   0.0256     0.80  0    cut
 531  sn1986G       Ia-91bg    0.6796   1.75   0.2197   0.0255    -3.70  0    cut
 532  sn2003it      Ia-norm    0.6972   1.75   0.2134   0.0244    -3.20  0    cut
 533  sn1998de      Ia-91bg    0.6999   1.75   0.4021   0.0363    -5.20  0    cut
 534  sn2003W       Ia-norm    0.6918   1.74   0.4020   0.0394    -5.30  0    cut
 535  sn2007af      Ia-norm    0.7378   1.74   0.3483   0.0244     0.30  0    cut
 536  sn2005iq      Ia-norm    0.7446   1.74   0.3548   0.0290    -6.00  0    cut
 537  sn2003ch      Ia-norm    0.6986   1.74   0.2078   0.0258    -0.20  0    cut
 538  sn2003it      Ia-norm    0.6972   1.74   0.2124   0.0262     0.80  0    cut
 539  sn2006gz      Ia-pec     0.6783   1.74   0.2147   0.0191   -12.30  0    cut
 540  sn2002hw      Ia-norm    0.6986   1.74   0.2172   0.0269    -3.20  0    cut
 541  sn2004dt      Ia-norm    0.8082   1.73   0.3969   0.0384    -9.40  0    cut
 542  sn2003kf      Ia-norm    0.6959   1.73   0.2138   0.0244    -9.30  0    cut
 543  sn2003cq      Ia-norm    0.7013   1.73   0.2112   0.0283     1.00  0    cut
 544  sn2003W       Ia-norm    0.6945   1.73   0.3935   0.0365    -0.40  0    cut
 545  sn2006bt      Ia-norm    0.7432   1.73   0.2242   0.0288    -2.90  0    cut
 546  sn2007af      Ia-norm    0.7473   1.73   0.3535   0.0287    -4.60  0    cut
 547  sn1998eg      Ia-norm    0.6877   1.73   0.2101   0.0259    -0.80  0    cut
 548  sn2002bo      Ia-norm    0.7541   1.73   0.3618   0.0306    -2.80  0    cut
 549  sn2007af      Ia-norm    0.7459   1.73   0.3490   0.0249    -0.60  0    cut
 550  sn1999ej      Ia-norm    0.6945   1.72   0.2113   0.0270    -1.80  0    cut
 551  sn2007af      Ia-norm    0.7459   1.72   0.3498   0.0253    -1.60  0    cut
 552  sn2007ci      Ia-norm    0.7446   1.72   0.2169   0.0275    -8.10  0    cut
 553  sn2006bt      Ia-norm    0.7419   1.72   0.2228   0.0295    -1.00  0    cut
 554  sn2003W       Ia-norm    0.6918   1.71   0.3914   0.0350     0.60  0    cut
 555  sn2004dt      Ia-norm    0.8082   1.71   0.3933   0.0372    -6.50  0    cut
 556  sn2007af      Ia-norm    0.7473   1.70   0.3547   0.0303    -5.60  0    cut
 557  sn2003Y       Ia-91bg    0.6986   1.70   0.2130   0.0270    -5.30  0    cut
 558  sn2004dt      Ia-norm    0.8082   1.69   0.3922   0.0380    -8.50  0    cut
 559  sn2007ci      Ia-norm    0.7419   1.69   0.2140   0.0292    -6.10  0    cut
 560  sn2003iv      Ia-norm    0.6972   1.69   0.2115   0.0279    -0.50  0    cut
 561  sn2002dl      Ia-91bg    0.7040   1.69   0.3998   0.0316    -6.50  0    cut
 562  sn2007af      Ia-norm    0.7446   1.69   0.3521   0.0275    -3.60  0    cut
 563  sn2004as      Ia-norm    0.6972   1.69   0.2138   0.0283    -0.10  0    cut
 564  sn2005ki      Ia-norm    0.7392   1.69   0.3487   0.0256     1.00  0    cut
 565  sn2000cn      Ia-91bg    0.7013   1.68   0.4027   0.0360    -9.30  0    cut
 566  sn2002er      Ia-norm    0.6891   1.68   0.2052   0.0333     0.90  0    cut
 567  sn2007ax      Ia-91bg    0.7487   1.68   0.2112   0.0304    -0.80  0    cut
 568  sn2006kf      Ia-norm    0.7446   1.68   0.3686   0.0370    -5.20  0    cut
 569  sn2003W       Ia-norm    0.6999   1.67   0.4093   0.0377   -10.20  0    cut
 570  sn2006bt      Ia-norm    0.7459   1.67   0.2212   0.0312     0.90  0    cut
 571  sn2002bo      Ia-norm    0.7392   1.67   0.3897   0.0426    -9.70  0    cut
 572  sn2007af      Ia-norm    0.7473   1.67   0.3512   0.0266    -2.60  0    cut
 573  sn2005el      Ia-norm    0.7378   1.66   0.3575   0.0348    -5.80  0    cut
 574  sn2007ax      Ia-91bg    0.7473   1.66   0.2142   0.0311    -1.90  0    cut
 575  sn1986G       Ia-91bg    0.6133   1.66   0.2128   0.0319    -3.00  0    cut
 576  sn2003kc      Ia-norm    0.6999   1.66   0.3960   0.0441    -7.60  0    cut
 577  sn1998de      Ia-91bg    0.6999   1.66   0.3979   0.0423    -2.20  0    cut
 578  sn1986G       Ia-91bg    0.5740   1.65   0.2065   0.0366    -0.70  0    cut
 579  sn2002cr      Ia-norm    0.6972   1.65   0.2061   0.0279    -2.40  0    cut
 580  sn2005bo      Ia-norm    0.7446   1.65   0.3458   0.0255    -0.10  0    cut
 581  sn2000cn      Ia-91bg    0.6986   1.65   0.4039   0.0345    -8.30  0    cut
 582  sn2002dl      Ia-91bg    0.6986   1.65   0.3983   0.0330    -7.40  0    cut
 583  sn2004fu      Ia-norm    0.7446   1.64   0.3644   0.0363    -3.50  0    cut
 584  sn2005hk      Ia-pec     0.4278   1.64   0.1890   0.0195    -4.20  0    cut
 585  sn2004dt      Ia-norm    0.8082   1.64   0.3903   0.0383    -5.60  0    cut
 586  sn2002he      Ia-norm    0.8082   1.64   0.3607   0.0289    -3.20  0    cut
 587  sn2002er      Ia-norm    0.6850   1.63   0.3860   0.0402   -11.90  0    cut
 588  sn2006bt      Ia-norm    0.7446   1.63   0.2225   0.0316    -0.10  0    cut
 589  sn2002hw      Ia-norm    0.6972   1.63   0.2188   0.0287    -6.00  0    cut
 590  sn1984A       Ia-norm    0.5334   1.62   0.2224   0.0306    -2.80  0    cut
 591  sn2007ci      Ia-norm    0.7432   1.62   0.2165   0.0293    -7.10  0    cut
 592  sn1991bg      Ia-91bg    0.7148   1.62   0.2085   0.0304     0.90  0    cut
 593  sn2003U       Ia-norm    0.6986   1.62   0.2129   0.0278    -0.70  0    cut
 594  sn2003kf      Ia-norm    0.7013   1.62   0.2141   0.0247    -9.40  0    cut
 595  sn2004gs      Ia-norm    0.7459   1.62   0.3568   0.0322    -3.20  0    cut
 596  sn2003du      Ia-norm    0.7541   1.62   0.3496   0.0306     0.90  0    cut
 597  sn2006sr      Ia-norm    0.7419   1.62   0.3524   0.0268     1.00  0    cut
 598  sn2005el      Ia-norm    0.7392   1.62   0.3562   0.0366    -4.80  0    cut
 599  sn1992A       Ia-norm    0.7473   1.61   0.3647   0.0286    -0.80  0    cut
 600  sn1994S       Ia-norm    0.5930   1.61   0.2083   0.0285    -3.00  0    cut
 601  sn2004dt      Ia-norm    0.8082   1.61   0.3885   0.0373    -3.70  0    cut
 602  sn2004dt      Ia-norm    0.8082   1.61   0.3935   0.0403    -6.40  0    cut
 603  sn2006N       Ia-norm    0.7392   1.61   0.3545   0.0311    -3.30  0    cut
 604  sn1986G       Ia-91bg    0.5957   1.60   0.2168   0.0285     1.30  0    cut
 605  sn2002er      Ia-norm    0.7026   1.60   0.5854   0.0370    -6.00  0    cut
 606  sn1999cp      Ia-norm    0.7080   1.60   0.3650   0.0352   -13.80  0    cut
 607  sn2006gz      Ia-pec     0.6255   1.60   0.2092   0.0336   -13.30  0    cut
 608  sn2006gz      Ia-pec     0.7067   1.60   0.2134   0.0239   -13.30  0    cut
 609  sn1984A       Ia-norm    0.4955   1.60   0.2376   0.0244    -7.00  0    cut
 610  sn2006N       Ia-norm    0.7311   1.60   0.3479   0.0258     0.70  0    cut
 611  sn2006sr      Ia-norm    0.7432   1.60   0.3555   0.0295    -0.90  0    cut
 612  sn2003ch      Ia-norm    0.6999   1.59   0.2083   0.0301    -2.10  0    cut
 613  sn1994D       Ia-norm    0.6688   1.59   0.2188   0.0263    -9.20  0    cut
 614  sn2007ax      Ia-91bg    0.6701   1.59   0.1998   0.0517     1.10  0    cut
 615  sn2004as      Ia-norm    0.6986   1.59   0.2144   0.0296    -1.00  0    cut
 616  sn2004dt      Ia-norm    0.7974   1.59   0.3938   0.0461    -4.50  0    cut
 617  sn1999ej      Ia-norm    0.6986   1.59   0.2095   0.0298     1.10  0    cut
 618  sn2007bc      Ia-norm    0.7405   1.58   0.3494   0.0311    -2.60  0    cut
 619  sn2002bo      Ia-norm    0.7256   1.58   0.3982   0.0435   -12.70  0    cut
 620  sn2005cf      Ia-norm    0.6931   1.57   0.3926   0.0397    -8.70  0    cut
 621  sn2007au      Ia-norm    0.7405   1.57   0.2206   0.0308    -4.70  0    cut
 622  sn1999by      Ia-91bg    0.6024   1.57   0.2124   0.0415    -5.00  0    cut
 623  sn2002dl      Ia-91bg    0.7040   1.57   0.4006   0.0355    -8.40  0    cut
 624  sn1998de      Ia-91bg    0.7013   1.57   0.3994   0.0413    -3.20  0    cut
 625  sn2006D       Ia-norm    0.8082   1.57   0.5835   0.0220    -7.30  0    cut
 626  sn2002bo      Ia-norm    0.7527   1.57   0.3592   0.0334    -1.50  0    cut
 627  sn2000E       Ia-norm    0.7107   1.57   0.4000   0.0306    -2.30  0    cut
 628  sn2004at      Ia-norm    0.6945   1.57   0.4044   0.0418    -8.60  0    cut
 629  sn1997E       Ia-norm    0.7067   1.56   0.2116   0.0339    -3.70  0    cut
 630  sn2003du      Ia-norm    0.7554   1.56   0.3516   0.0354    -1.30  0    cut
 631  sn2002cf      Ia-91bg    0.7013   1.56   0.3982   0.0345    -5.40  0    cut
 632  sn2007hj      Ia-norm    0.7405   1.55   0.2200   0.0336    -0.60  0    cut
 633  sn1995E       Ia-norm    0.6864   1.55   0.3539   0.0288    -0.90  0    cut
 634  sn2008Q       Ia-norm    0.7459   1.55   0.3562   0.0305    -7.20  0    cut
 635  sn1994D       Ia-norm    0.8082   1.55   0.3916   0.0381    -6.10  0    cut
 636  sn2000dn      Ia-norm    0.7189   1.55   0.3470   0.0293    -3.80  0    cut
 637  sn2005el      Ia-norm    0.7419   1.54   0.3538   0.0377    -3.90  0    cut
 638  sn2000cn      Ia-91bg    0.6972   1.54   0.4014   0.0367    -7.30  0    cut
 639  sn2001da      Ia-norm    0.6972   1.53   0.3979   0.0424    -2.00  0    cut
 640  sn1999cp      Ia-norm    0.6959   1.53   0.3975   0.0427   -14.90  0    cut
 641  sn2001gc      Ia-norm    0.6986   1.53   0.4033   0.0435    -8.50  0    cut
 642  sn2007au      Ia-norm    0.7419   1.53   0.2235   0.0302    -5.60  0    cut
 643  sn2002cu      Ia-norm    0.6972   1.52   0.4020   0.0456    -6.30  0    cut
 644  sn2004gs      Ia-norm    0.7459   1.52   0.3511   0.0308    -1.20  0    cut
 645  sn2007au      Ia-norm    0.7446   1.52   0.2201   0.0335    -3.80  0    cut
 646  sn1999ac      Ia-91T     0.7026   1.52   0.4116   0.0524   -12.90  0    cut
 647  sn1986G       Ia-91bg    0.6566   1.52   0.3961   0.0364    -1.20  0    cut
 648  sn2001ep      Ia-norm    0.6986   1.51   0.3983   0.0416    -7.00  0    cut
 649  sn1986G       Ia-91bg    0.6539   1.51   0.3964   0.0357    -2.20  0    cut
 650  sn2005bc      Ia-norm    0.6918   1.51   0.2183   0.0285    -5.00  0    cut
 651  sn1995E       Ia-norm    0.6945   1.51   0.3534   0.0300     1.00  0    cut
 652  sn2007hj      Ia-norm    0.7459   1.51   0.2236   0.0341    -2.60  0    cut
 653  sn2004as      Ia-norm    0.6945   1.50   0.4031   0.0478    -6.80  0    cut
 654  sn1998de      Ia-91bg    0.6241   1.50   0.4058   0.0387    -7.20  0    cut
 655  sn2008Q       Ia-norm    0.7473   1.50   0.3543   0.0293    -6.20  0    cut
 656  sn1997do      Ia-norm    0.6959   1.50   0.4096   0.0428   -10.60  0    cut
 657  sn2007hj      Ia-norm    0.7419   1.49   0.2222   0.0348    -1.50  0    cut
 658  sn2003du      Ia-norm    0.7554   1.49   0.3517   0.0369    -0.30  0    cut
 659  sn2000dn      Ia-norm    0.6972   1.49   0.2169   0.0263    -7.70  0    cut
 660  sn2006N       Ia-norm    0.7419   1.49   0.3490   0.0276    -1.30  0    cut
 661  sn1999cc      Ia-norm    0.6972   1.49   0.2167   0.0323    -0.20  0    cut
 662  sn2002er      Ia-norm    0.7026   1.48   0.4130   0.0387    -8.00  0    cut
 663  sn1997do      Ia-norm    0.6972   1.48   0.4095   0.0410   -11.60  0    cut
 664  sn1998co      Ia-norm    0.6986   1.48   0.2095   0.0354     1.00  0    cut
 665  sn2002er      Ia-norm    0.7175   1.47   0.4043   0.0448   -10.00  0    cut
 666  sn1999cc      Ia-norm    0.6999   1.47   0.2169   0.0317    -1.20  0    cut
 667  sn1998de      Ia-91bg    0.7013   1.47   0.3936   0.0464    -0.30  0    cut
 668  sn2006lf      Ia-norm    0.6850   1.47   0.4056   0.0286    -8.40  0    cut
 669  sn2002dj      Ia-norm    0.6972   1.47   0.4071   0.0410   -10.40  0    cut
 670  sn2002er      Ia-norm    0.7635   1.47   0.3559   0.0336    -1.10  0    cut
 671  sn2004at      Ia-norm    0.6972   1.47   0.4028   0.0429    -7.40  0    cut
 672  sn2004at      Ia-norm    0.6986   1.45   0.4022   0.0442    -6.60  0    cut
 673  sn2001da      Ia-norm    0.6986   1.45   0.3970   0.0471     0.00  0    cut
 674  sn2002dp      Ia-norm    0.6999   1.44   0.3997   0.0298    -4.80  0    cut
 675  sn2001ex      Ia-norm    0.6999   1.44   0.2121   0.0354    -3.40  0    cut
 676  sn1999cl      Ia-norm    0.6783   1.44   0.3791   0.0404    -2.30  0    cut
 677  sn2007au      Ia-norm    0.7500   1.44   0.2126   0.0373     1.10  0    cut
 678  sn2004as      Ia-norm    0.6999   1.44   0.3995   0.0500    -5.90  0    cut
 679  sn1997do      Ia-norm    0.6972   1.43   0.4087   0.0440    -7.60  0    cut
 680  sn2008ar      Ia-norm    0.6877   1.42   0.3981   0.0483    -1.70  0    cut
 681  sn1999cl      Ia-norm    0.6810   1.42   0.3738   0.0401    -1.30  0    cut
 682  sn1986G       Ia-91bg    0.6552   1.42   0.3934   0.0408     0.80  0    cut
 683  sn2004dt      Ia-norm    0.7947   1.42   0.3614   0.0399    -1.00  0    cut
 684  sn1998ef      Ia-norm    0.6823   1.41   0.2131   0.0323     1.30  0    cut
 685  sn2001ep      Ia-norm    0.6999   1.41   0.3980   0.0625    -3.10  0    cut
 686  sn2005A       Ia-norm    0.6891   1.41   0.3891   0.0370     0.60  0    cut
 687  sn1997do      Ia-norm    0.6972   1.40   0.4088   0.0461    -6.60  0    cut
 688  sn2004as      Ia-norm    0.6972   1.40   0.4022   0.0513    -7.80  0    cut
 689  sn1986G       Ia-91bg    0.6552   1.40   0.3914   0.0390    -0.20  0    cut
 690  sn1998dh      Ia-norm    0.6959   1.39   0.4064   0.0637    -9.40  0    cut
 691  sn2004as      Ia-norm    0.6972   1.39   0.3983   0.0499    -4.90  0    cut
 692  sn2003du      Ia-norm    0.6945   1.39   0.3927   0.0441   -12.70  0    cut
 693  sn2004gs      Ia-norm    0.7419   1.39   0.3487   0.0349    -0.30  0    cut
 694  sn1998ec      Ia-norm    0.6891   1.38   0.4026   0.0524    -3.90  0    cut
 695  sn2000dk      Ia-norm    0.6999   1.38   0.4003   0.0331    -5.10  0    cut
 696  sn2003du      Ia-norm    0.6945   1.38   0.3993   0.0449   -10.70  0    cut
 697  sn2002G       Ia-norm    0.6986   1.38   0.3904   0.0510    -2.50  0    cut
 698  sn1999da      Ia-91bg    0.6986   1.37   0.3950   0.0422    -2.60  0    cut
 699  sn1998ef      Ia-norm    0.6810   1.37   0.2165   0.0307    -3.60  0    cut
 700  sn2003gn      Ia-norm    0.6986   1.37   0.4003   0.0503    -3.00  0    cut
 701  sn2002cu      Ia-norm    0.6959   1.37   0.4020   0.0465    -3.30  0    cut
 702  sn1984A       Ia-norm    0.5212   1.37   0.2339   0.0309    -5.90  0    cut
 703  sn2006br      Ia-norm    0.6945   1.36   0.3459   0.0262     0.20  0    cut
 704  sn1998dh      Ia-norm    0.6945   1.36   0.4066   0.0436    -8.40  0    cut
 705  sn2002dj      Ia-norm    0.6972   1.36   0.4080   0.0470    -8.40  0    cut
 706  sn1999cl      Ia-norm    0.6959   1.36   0.3972   0.0405    -8.30  0    cut
 707  sn2001fh      Ia-norm    0.6959   1.36   0.3951   0.0346    -3.60  0    cut
 708  sn2000dk      Ia-norm    0.6999   1.35   0.3994   0.0330    -4.20  0    cut
 709  sn1997bp      Ia-norm    0.7013   1.35   0.3896   0.0472     0.80  0    cut
 710  sn2001ep      Ia-norm    0.6999   1.35   0.3974   0.0511    -2.10  0    cut
 711  sn2002jg      Ia-norm    0.6986   1.35   0.3940   0.0383    -3.40  0    cut
 712  sn2002cu      Ia-norm    0.6959   1.35   0.4028   0.0514    -8.20  0    cut
 713  sn1997dt      Ia-norm    0.6931   1.35   0.4026   0.0409    -9.70  0    cut
 714  sn2002hw      Ia-norm    0.6986   1.34   0.3965   0.0342    -5.20  0    cut
 715  sn1998ec      Ia-norm    0.6959   1.34   0.4024   0.0533    -3.00  0    cut
 716  sn2001N       Ia-norm    0.6972   1.34   0.3825   0.0426     0.70  0    cut
 717  sn2006gj      Ia-norm    0.7446   1.33   0.3453   0.0296    -0.70  0    cut
 718  sn2001ep      Ia-norm    0.7013   1.33   0.3973   0.0493    -1.10  0    cut
 719  sn2002er      Ia-norm    0.6931   1.33   0.4034   0.0799    -3.80  0    cut
 720  sn1997bp      Ia-norm    0.6999   1.32   0.3911   0.0481    -0.20  0    cut
 721  sn2004at      Ia-norm    0.6945   1.32   0.4024   0.0492    -4.70  0    cut
 722  sn2002dj      Ia-norm    0.6959   1.32   0.4058   0.0492    -6.40  0    cut
 723  sn2001fh      Ia-norm    0.6945   1.32   0.3969   0.0336    -2.60  0    cut
 724  sn2001bf      Ia-norm    0.6972   1.32   0.1964   0.0374     0.80  0    cut
 725  sn1997dt      Ia-norm    0.6945   1.32   0.3994   0.0429   -10.60  0    cut
 726  sn1998dh      Ia-norm    0.6931   1.31   0.4054   0.0511    -7.50  0    cut
 727  sn2004as      Ia-norm    0.6999   1.31   0.3954   0.0516    -3.90  0    cut
 728  sn1997dt      Ia-norm    0.6945   1.31   0.4022   0.0463    -8.70  0    cut
 729  sn1998dh      Ia-norm    0.6945   1.31   0.4034   0.0554    -3.50  0    cut
 730  sn2003cq      Ia-norm    0.6986   1.31   0.3996   0.0421    -5.80  0    cut
 731  sn1997dt      Ia-norm    0.6945   1.31   0.4022   0.0459    -7.70  0    cut
 732  sn2004dt      Ia-norm    0.7663   1.30   0.3533   0.0401    -0.70  0    cut
 733  sn2002dj      Ia-norm    0.6972   1.29   0.4081   0.0501    -7.40  0    cut
 734  sn1997bq      Ia-norm    0.6999   1.29   0.4044   0.0493   -10.60  0    cut
 735  sn2002cr      Ia-norm    0.6972   1.29   0.4013   0.0514   -11.20  0    cut
 736  sn2005hk      Ia-pec     0.4251   1.29   0.1881   0.0232    -3.40  0    cut
 737  sn1997bp      Ia-norm    0.7013   1.29   0.3927   0.0495    -1.20  0    cut
 738  sn1998dh      Ia-norm    0.6918   1.28   0.4047   0.0543    -5.40  0    cut
 739  sn1998bp      Ia-norm    0.6972   1.28   0.2043   0.0557     1.00  0    cut
 740  sn2004at      Ia-norm    0.6999   1.28   0.4024   0.0498    -3.60  0    cut
 741  sn1997dt      Ia-norm    0.6931   1.28   0.4011   0.0532    -4.70  0    cut
 742  sn2001fh      Ia-norm    0.6972   1.27   0.3968   0.0343    -1.70  0    cut
 743  sn1997bq      Ia-norm    0.7026   1.27   0.3996   0.0518    -5.60  0    cut
 744  sn2006cj      Ia-norm    0.6552   1.27   0.2081   0.0350    -2.10  0    cut
 745  sn1997bq      Ia-norm    0.7026   1.27   0.4004   0.0519    -6.60  0    cut
 746  sn2003kc      Ia-norm    0.6959   1.26   0.3616   0.0482    -0.90  0    cut
 747  sn2001ep      Ia-norm    0.7013   1.26   0.3960   0.0496    -0.10  0    cut
 748  sn1998dh      Ia-norm    0.6972   1.26   0.4005   0.0493    -0.60  0    cut
 749  sn1997bq      Ia-norm    0.7026   1.25   0.4046   0.0524    -9.60  0    cut
 750  sn2004dt      Ia-norm    0.8028   1.25   0.3601   0.0433    -3.00  0    cut
 751  sn2002kf      Ia-norm    0.6999   1.24   0.4029   0.0537     1.10  0    cut
 752  sn2002he      Ia-norm    0.6918   1.24   0.4102   0.0512    -8.10  0    cut
 753  sn1994D       Ia-norm    0.6959   1.24   0.4012   0.0464   -10.00  0    cut
 754  sn1997bq      Ia-norm    0.7026   1.24   0.4037   0.0516    -8.70  0    cut
 755  sn1994T       Ia-norm    0.6471   1.23   0.3641   0.0431    -0.20  0    cut
 756  sn2002G       Ia-norm    0.6959   1.23   0.4028   0.0543    -4.40  0    cut
 757  sn1998bp      Ia-norm    0.6986   1.22   0.3949   0.0324    -2.90  0    cut
 758  sn1994D       Ia-norm    0.6959   1.22   0.4027   0.0445    -8.10  0    cut
 759  sn2002bo      Ia-norm    0.6918   1.22   0.0748   0.0385   -13.40  0    cut
 760  sn2004as      Ia-norm    0.6999   1.22   0.3916   0.0523    -2.00  0    cut
 761  sn2001ep      Ia-norm    0.7013   1.22   0.3945   0.0499     0.80  0    cut
 762  sn2002bo      Ia-norm    0.6918   1.22   0.4002   0.0482    -8.40  0    cut
 763  sn2004as      Ia-norm    0.6972   1.21   0.3942   0.0534    -2.90  0    cut
 764  sn1997bq      Ia-norm    0.7026   1.20   0.4041   0.0577    -7.70  0    cut
 765  sn2002bo      Ia-norm    0.7229   1.20   0.4016   0.0546    -4.70  0    cut
 766  sn1997dt      Ia-norm    0.6931   1.19   0.3959   0.0468     0.20  0    cut
 767  sn2006lf      Ia-norm    0.7135   1.17   0.3458   0.0359    -6.50  0    cut
 768  sn2002cr      Ia-norm    0.6904   1.17   0.3979   0.0538    -8.20  0    cut
 769  sn2000cp      Ia-norm    0.6986   1.16   0.3543   0.0527    -2.50  0    cut
 770  sn2002dj      Ia-norm    0.6810   1.16   0.4039   0.0444   -10.40  0    cut
 771  sn2003kc      Ia-norm    0.7013   1.16   0.3971   0.0546    -5.70  0    cut
 772  sn2002ha      Ia-norm    0.6986   1.15   0.4022   0.0541    -4.20  0    cut
 773  sn2000dk      Ia-norm    0.6972   1.14   0.3962   0.0568     0.80  0    cut
 774  sn2002cr      Ia-norm    0.6986   1.14   0.3934   0.0512     0.70  0    cut
 775  sn2002cr      Ia-norm    0.6986   1.13   0.3967   0.0566    -6.30  0    cut
 776  sn2001br      Ia-norm    0.6999   1.11   0.4037   0.0564    -0.40  0    cut
 777  sn2000dm      Ia-norm    0.6972   1.10   0.3999   0.0641    -2.90  0    cut
 778  sn2000cp      Ia-norm    0.6986   1.10   0.3501   0.0539    -0.50  0    cut
 779  sn1998bp      Ia-norm    0.6986   1.09   0.3933   0.0463    -1.90  0    cut
 780  sn2000dn      Ia-norm    0.6986   1.09   0.3403   0.0592    -0.90  0    cut
 781  sn1984A       Ia-norm    0.5496   1.08   0.4018   0.0338    -4.90  0    cut
 782  sn2000cp      Ia-norm    0.6986   1.08   0.3480   0.0558    -1.50  0    cut
 783  sn1998bp      Ia-norm    0.6986   1.08   0.3947   0.0482    -0.90  0    cut
 784  sn2006lf      Ia-norm    0.6823   1.06   0.4033   0.0583    -5.50  0    cut
 785  sn2006lf      Ia-norm    0.6837   1.04   0.3983   0.0550    -7.50  0    cut
 786  sn2003U       Ia-norm    0.6972   1.03   0.4012   0.0596    -5.60  0    cut
 787  sn1994T       Ia-norm    0.6471   1.03   0.3786   0.0432     0.80  0    cut
 788  sn1998ef      Ia-norm    0.6823   1.03   0.4095   0.0618    -4.50  0    cut
 789  sn1999cc      Ia-norm    0.6986   1.02   0.4032   0.0581    -3.20  0    cut
 790  sn1998bp      Ia-norm    0.6972   1.02   0.3928   0.0500     0.10  0    cut
 791  sn2002eu      Ia-norm    0.6986   1.01   0.3962   0.0560     1.10  0    cut
 792  sn1994D       Ia-norm    0.6498   0.98   0.4014   0.0484    -8.20  0    cut
 793  sn2004dt      Ia-norm    0.7026   0.98   0.3481   0.0531     1.00  0    cut
 794  sn2002cs      Ia-norm    0.6959   0.97   0.4178   0.0674    -4.50  0    cut
 795  sn1998co      Ia-norm    0.6986   0.95   0.3966   0.0583     0.00  0    cut
 796  sn2002cs      Ia-norm    0.6904   0.93   0.4220   0.0699    -8.50  0    cut
 797  sn2001ay      Ia-norm    0.6999   0.93   0.3559   0.0533     1.30  0    cut
 798  sn2002cs      Ia-norm    0.6931   0.92   0.4208   0.0703    -7.50  0    cut
 799  sn2004dt      Ia-norm    0.6214   0.90  -0.0094   0.0000    -2.00  0    cut
 800  sn2004dt      Ia-norm    0.6268   0.89   0.0661   0.0284    -8.90  0    cut
 801  sn2004dt      Ia-norm    0.7107   0.87   0.4216   0.0761    -6.50  0    cut
 802  sn2001ay      Ia-norm    0.6999   0.85   0.3582   0.0628    -1.50  0    cut
