### SNID output file ###
 
### input spectrum and options ###
# Input spectrum                 : 19221_-8.40.dat
# Parameter file                 : NA
# Wavelength range               :    4000.00   9000.00
# Mask file                      : NA
# Median filtering width [A]     : NA
# Median filtering width [pix]   :       1.00
# Clip emission redshift         :     0.0417
# Clip sky lines                 : 0
# Emission clip width [A]        :       0.04
# Keep A-band                    : 1
# Age range                      :     -18.40      1.60
# Delta range                    :      -9.99     99.90
# Min. number of spectra/template:   1
# Use only templates             : NA
# Use only types                 : II
# Avoid templates                : NA
# Avoid types                    : NA
# rlapmin                        :       5.00
# Redshift range                 :    -0.0100    1.2000
# Forced initial redshift        :     0.0417
# Extra fake redshift            : NA
# Nsigma for initial redshift    : NA
# Redshift filter                :     0.0200
# Wavenumbers k1,k2,k3,k4        :     1    4   85  102
# Template directory             : /home/djperrefort/snid-5.0/templates-2.0/
 
### initial/user-input redshift ###
zinit       0.0000
zuser       0.0417
 
### median redshift/age and error ###
zmed        0.0505    0.0000
agem         -5.00      0.00
 
### type fraction/redshift/age ###
#type ntemp fraction slope redshift redshift_error age age_error
Ia              0      0.00    0.0000    0.0000    0.0000     0.000     0.000
Ia-norm         0      0.00    0.0000    0.0000    0.0000     0.000     0.000
Ia-91T          0      0.00    0.0000    0.0000    0.0000     0.000     0.000
Ia-91bg         0      0.00    0.0000    0.0000    0.0000     0.000     0.000
Ia-csm          0      0.00    0.0000    0.0000    0.0000     0.000     0.000
Ia-pec          0      0.00    0.0000    0.0000    0.0000     0.000     0.000
###
Ib              0      0.00    0.0000    0.0000    0.0000     0.000     0.000
Ib-norm         0      0.00    0.0000    0.0000    0.0000     0.000     0.000
Ib-pec          0      0.00    0.0000    0.0000    0.0000     0.000     0.000
IIb             0      0.00    0.0000    0.0000    0.0000     0.000     0.000
###
Ic              0      0.00    0.0000    0.0000    0.0000     0.000     0.000
Ic-norm         0      0.00    0.0000    0.0000    0.0000     0.000     0.000
Ic-pec          0      0.00    0.0000    0.0000    0.0000     0.000     0.000
Ic-broad        0      0.00    0.0000    0.0000    0.0000     0.000     0.000
###
II              1      1.00    0.0000    0.0505    0.0000    -5.000     0.000
IIP             1      1.00    0.0000    0.0505    0.0000    -5.000     0.000
II-pec          0      0.00    0.0000    0.0000    0.0000     0.000     0.000
IIn             0      0.00    0.0000    0.0000    0.0000     0.000     0.000
IIL             0      0.00    0.0000    0.0000    0.0000     0.000     0.000
###
NotSN           0      0.00    0.0000    0.0000    0.0000     0.000     0.000
AGN             0      0.00    0.0000    0.0000    0.0000     0.000     0.000
Gal             0      0.00    0.0000    0.0000    0.0000     0.000     0.000
LBV             0      0.00    0.0000    0.0000    0.0000     0.000     0.000
M-star          0      0.00    0.0000    0.0000    0.0000     0.000     0.000
 
### rlap-ordered template listings ###
#no. sn type lap rlap z zerr age age_flag grade
   1  sn1999gi      IIP        0.6620   6.05   0.0505   0.0098    -5.00  0   good
#--- rlap cutoff
   2  sn1999em      IIP        0.6552   4.92   0.0502   0.0114    -3.60  0    cut
   3  sn1999em      IIP        0.6620   4.67   0.0473   0.0118    -0.60  0    cut
   4  sn1999em      IIP        0.6620   4.61   0.0481   0.0119    -1.60  0    cut
   5  sn1999gi      IIP        0.6620   4.57   0.0497   0.0123    -4.00  0    cut
   6  sn1999em      IIP        0.6620   4.46   0.0486   0.0121    -2.60  0    cut
   7  sn1999em      IIP        0.6620   4.31   0.0476   0.0130     0.40  0    cut
   8  sn1999em      IIP        0.6634   4.00   0.0474   0.0141     1.40  0    cut
   9  sn1999em      IIP        0.8069   3.90   0.0463   0.0140     0.20  0    cut
  10  sn2004et      IIP        0.6431   3.85   0.0457   0.0148    -2.90  0    cut
  11  sn2004et      IIP        0.6431   3.70   0.0458   0.0156    -1.90  0    cut
  12  sn1999em      IIP        0.8069   3.53   0.0495   0.0148    -3.70  0    cut
  13  sn2005cs      IIP        0.6444   3.47   0.0392   0.0165    -1.90  0    cut
  14  sn2005cs      IIP        0.6458   3.33   0.0391   0.0137    -0.80  0    cut
  15  sn2004et      IIP        0.6471   3.19   0.0458   0.0178    -0.90  0    cut
  16  sn2006bp      IIP        0.7338   3.15   0.0549   0.0150     0.10  0    cut
  17  sn2006bp      IIP        0.6593   3.07   0.0588   0.0185    -4.60  0    cut
  18  sn2004et      IIP        0.6485   2.92   0.0459   0.0199     1.00  0    cut
  19  sn2006bp      IIP        0.7067   2.92   0.0552   0.0178    -1.70  0    cut
  20  sn1998S       IIn        0.6634   2.74   0.0632   0.0074   -13.10  0    cut
  21  sn1987A       II-pec     0.5645   2.64   0.2985   0.0240   -16.70  0    cut
  22  sn2005cs      IIP        0.8069   2.58   0.0387   0.0161    -0.20  0    cut
  23  sn1998S       IIn        0.8069   2.58  -0.0063   0.0331    -1.50  0    cut
  24  sn2005cs      IIP        0.6431   2.52   0.0377   0.0212     0.10  0    cut
  25  sn1987A       II-pec     0.5645   2.44   0.2983   0.0248    -4.70  0    cut
  26  sn1987A       II-pec     0.5645   2.41   0.2981   0.0525     1.30  0    cut
  27  sn1990K       IIL        0.5821   2.40   0.0359   0.0126     0.00  1    cut
  28  sn1990K       IIL        0.7960   2.40   0.0625   0.0080   202.50  1    cut
  29  sn1990K       IIL        0.7798   2.38   0.0621   0.0082   160.90  1    cut
  30  sn2005cs      IIP        0.7419   2.37   0.0392   0.0201     0.80  0    cut
  31  sn1998S       IIn        0.8028   2.36   0.0637   0.0086   -12.50  0    cut
  32  sn1987A       II-pec     0.5645   2.35   0.2969   0.0251    -8.70  0    cut
  33  sn1990K       IIL        0.8069   2.29   0.0617   0.0085   174.70  1    cut
  34  sn2005cs      IIP        0.8069   2.28   0.0361   0.0250     0.80  0    cut
  35  sn2005cs      IIP        0.5226   2.17   0.0428   0.0258    -1.20  0    cut
  36  sn1999gi      IIP        0.6620   2.17   0.0546   0.0242    -7.00  0    cut
  37  sn2005cs      IIP        0.6471   2.11   0.0364   0.0267     1.00  0    cut
  38  sn1987A       II-pec     0.5645   2.08   0.2983   0.0287    -2.70  0    cut
  39  sn1990K       IIL        0.8069   2.06   0.0612   0.0101   119.10  1    cut
  40  sn2004dj      IIP        0.7351   2.01   0.0674   0.0077    89.80  1    cut
  41  sn1997cy      IIn        0.8069   1.76   0.0623   0.0082   377.70  1    cut
  42  sn2006bp      IIP        0.6959   1.69   0.0625   0.0193    -5.70  0    cut
  43  sn1997cy      IIn        0.8069   1.67   0.0646   0.0092   174.50  1    cut
  44  sn1987A       II-pec     0.5645   1.65   0.2598   0.0335   -15.70  0    cut
  45  sn1997cy      IIn        0.8069   1.56   0.0655   0.0100   116.80  1    cut
  46  sn1987A       II-pec     0.6674   1.54   0.2911   0.0344   -17.00  0    cut
  47  sn1987A       II-pec     0.5645   1.52   0.0254   0.0149    -6.70  0    cut
  48  sn1990K       IIL        0.7514   1.49   0.0623   0.0264    76.30  1    cut
  49  sn1987A       II-pec     0.5645   1.49   0.0256   0.0156   -10.70  0    cut
  50  sn1997cy      IIn        0.7324   1.48   0.1276   0.0107   226.10  1    cut
  51  sn1997cy      IIn        0.8069   1.47   0.0651   0.0105    71.30  1    cut
  52  sn1987A       II-pec     0.5645   1.46   0.0256   0.0153   -13.70  0    cut
  53  sn1987A       II-pec     0.6674   1.45   0.2916   0.0368    -9.90  0    cut
  54  sn1998S       IIn        0.6579   1.45   0.0217   0.0139     0.90  0    cut
  55  sn1990K       IIL        0.6539   1.45   0.0618   0.0265    50.50  1    cut
  56  sn2004dj      IIP        0.5916   1.43   0.0625   0.0091    51.90  1    cut
  57  sn2004dj      IIP        0.5943   1.42   0.0627   0.0089    48.00  1    cut
  58  sn2004dj      IIP        0.5943   1.41   0.0630   0.0090    50.00  1    cut
  59  sn2004dj      IIP        0.5943   1.41   0.0626   0.0089    46.80  1    cut
  60  sn1997cy      IIn        0.8069   1.40   0.0642   0.0118    57.20  1    cut
  61  sn1987A       II-pec     0.6674   1.36   0.2939   0.0381    -2.00  0    cut
  62  sn2004dj      IIP        0.5970   1.33   0.0630   0.0091    50.60  1    cut
  63  sn2004dj      IIP        0.5713   1.32   0.0633   0.0093    36.00  1    cut
  64  sn2004dj      IIP        0.5510   1.32   0.0289   0.0398     2.70  1    cut
  65  sn1990K       IIL        0.8069   1.32   0.0616   0.0289    55.60  1    cut
  66  sn2004dj      IIP        0.5524   1.31   0.0280   0.0267     8.00  1    cut
  67  sn2004dj      IIP        0.5551   1.30   0.0298   0.0404     0.00  1    cut
  68  sn2004dj      IIP        0.5740   1.29   0.0291   0.0407     5.00  1    cut
  69  sn1997cy      IIn        0.8069   1.29   0.0729   0.0131    14.10  1    cut
  70  sn1997cy      IIn        0.7649   1.28   0.0947   0.0114   125.30  1    cut
  71  sn1997cy      IIn        0.7839   1.23   0.1037   0.0128   196.10  1    cut
  72  sn1990K       IIL        0.6038   1.22   0.0620   0.0101   174.70  1    cut
  73  sn2004dj      IIP        0.5727   1.21   0.0273   0.0278    18.00  1    cut
  74  sn2004dj      IIP        0.5740   1.20   0.0267   0.0291    17.00  1    cut
  75  sn2004dj      IIP        0.5672   1.18   0.0266   0.0284    20.00  1    cut
  76  sn1997cy      IIn        0.8069   1.12   0.1214   0.0156    29.40  1    cut
  77  sn1990K       IIL        0.5659   0.94   0.0627   0.0104   201.60  1    cut
  78  sn1990K       IIL        0.5916   0.90   0.0343   0.0236    53.30  1    cut
  79  sn1997cy      IIn        0.7283   0.88   0.0997   0.0282     0.00  1    cut
  80  sn1990K       IIL        0.5835   0.80   0.0526   0.0159   147.00  1    cut
  81  sn1990K       IIL        0.5320   0.78   0.1451   0.0507   139.00  1    cut
  82  sn1990K       IIL        0.5700   0.70   0.0737   0.0160   136.10  1    cut
