### SNID output file ###
 
### input spectrum and options ###
# Input spectrum                 : 20530_-0.60.dat
# Parameter file                 : NA
# Wavelength range               :    3614.75   9719.26
# Mask file                      : NA
# Median filtering width [A]     : NA
# Median filtering width [pix]   :       1.00
# Clip emission redshift         : NA
# Clip sky lines                 : 0
# Emission clip width [A]        : NA
# Keep A-band                    : 1
# Age range                      :     -90.00   1000.00
# Delta range                    :      -9.99     99.90
# Min. number of spectra/template:   1
# Use only templates             : NA
# Use only types                 : NotSN
# Avoid templates                : NA
# Avoid types                    : NA
# rlapmin                        :       5.00
# Redshift range                 :    -0.0100    1.2000
# Forced initial redshift        : NA
# Extra fake redshift            : NA
# Nsigma for initial redshift    : NA
# Redshift filter                :     0.0200
# Wavenumbers k1,k2,k3,k4        :     1    4   85  102
# Template directory             : /Users/daniel/snid-5.0/templates-2.0/
 
### initial/user-input redshift ###
zinit       0.0612
zuser       0.0612
 
### median redshift/age and error ###
zmed        0.0609    0.0008
agem          0.00      0.00
 
### type fraction/redshift/age ###
#type ntemp fraction slope redshift redshift_error age age_error
Ia              0      0.00    0.0000    0.0000    0.0000     0.000     0.000
Ia-norm         0      0.00    0.0000    0.0000    0.0000     0.000     0.000
Ia-91T          0      0.00    0.0000    0.0000    0.0000     0.000     0.000
Ia-91bg         0      0.00    0.0000    0.0000    0.0000     0.000     0.000
Ia-csm          0      0.00    0.0000    0.0000    0.0000     0.000     0.000
Ia-pec          0      0.00    0.0000    0.0000    0.0000     0.000     0.000
###
Ib              0      0.00    0.0000    0.0000    0.0000     0.000     0.000
Ib-norm         0      0.00    0.0000    0.0000    0.0000     0.000     0.000
Ib-pec          0      0.00    0.0000    0.0000    0.0000     0.000     0.000
IIb             0      0.00    0.0000    0.0000    0.0000     0.000     0.000
###
Ic              0      0.00    0.0000    0.0000    0.0000     0.000     0.000
Ic-norm         0      0.00    0.0000    0.0000    0.0000     0.000     0.000
Ic-pec          0      0.00    0.0000    0.0000    0.0000     0.000     0.000
Ic-broad        0      0.00    0.0000    0.0000    0.0000     0.000     0.000
###
II              0      0.00    0.0000    0.0000    0.0000     0.000     0.000
IIP             0      0.00    0.0000    0.0000    0.0000     0.000     0.000
II-pec          0      0.00    0.0000    0.0000    0.0000     0.000     0.000
IIn             0      0.00    0.0000    0.0000    0.0000     0.000     0.000
IIL             0      0.00    0.0000    0.0000    0.0000     0.000     0.000
###
NotSN           3      1.00    0.0000    0.0609    0.0008     0.000     0.000
AGN             0      0.00    0.0000    0.0000    0.0000     0.000     0.000
Gal             1      0.33    0.0000    0.0609    0.0000     0.000     0.000
LBV             2      0.67    0.3333    0.0609    0.0011     0.000     0.000
M-star          0      0.00    0.0000    0.0000    0.0000     0.000     0.000
 
### rlap-ordered template listings ###
#no. sn type lap rlap z zerr age age_flag grade
   1  lbv1999bw     LBV        0.6999   6.48   0.0601   0.0030   -99.90  2   good
   2  lbv2001ac     LBV        0.6959   5.07   0.0617   0.0035   -99.90  2   good
   3  kcSB4         Gal        0.9829   5.01   0.0609   0.0033   -99.90  2   good
#--- rlap cutoff
   4  lbv1999bw     LBV        0.6525   4.92   0.0613   0.0036   -99.90  2    cut
   5  kcSB6         Gal        0.9829   4.55   0.0609   0.0036   -99.90  2    cut
   6  kcSB5         Gal        0.9829   4.54   0.0612   0.0035   -99.90  2    cut
   7  kcSB3         Gal        0.9829   4.42   0.0618   0.0036   -99.90  2    cut
   8  lbv2001ac     LBV        0.9395   4.22   0.0625   0.0041   -99.90  2    cut
   9  kcSB1         Gal        0.9829   4.15   0.0609   0.0037   -99.90  2    cut
  10  kcSB2         Gal        0.9829   4.01   0.0608   0.0038   -99.90  2    cut
  11  kcSc          Gal        0.8042   3.34   0.0611   0.0041   -99.90  2    cut
  12  kcS0          Gal        0.9829   3.07   0.0141   0.0243   -99.90  2    cut
  13  kcSa          Gal        0.9829   3.03   0.0637   0.0074   -99.90  2    cut
  14  kcE           Gal        0.9829   2.85   0.0139   0.0273   -99.90  2    cut
  15  agn           AGN        0.9057   2.70   0.0607   0.0066   -99.90  2    cut
  16  lbv2003hy     LBV        0.6796   1.89   0.0596   0.0059   -99.90  2    cut
  17  kcSb          Gal        0.9829   1.89   0.0165   0.0517   -99.90  2    cut
  18  mstar         M-star     0.9558   1.75   0.0729   0.0175     9.00  2    cut
  19  mstar         M-star     0.9558   1.72   0.0560   0.0729     6.00  2    cut
  20  mstar         M-star     0.9571   1.63   0.0716   0.0176     8.00  2    cut
  21  mstar         M-star     0.9571   1.61   0.0701   0.0226     7.00  2    cut
  22  mstar         M-star     0.9571   1.53   0.0725   0.0196    10.00  2    cut
  23  lbv2003hy     LBV        0.6959   1.52   0.6861   0.0085   -99.90  2    cut
  24  lbv2003hy     LBV        0.6999   1.48   0.0643   0.0163   -99.90  2    cut
  25  mstar         M-star     0.9558   1.45   0.0273   0.0643     4.00  2    cut
  26  lbv2003hy     LBV        0.6945   1.44   0.0128   0.0306   -99.90  2    cut
  27  lbv2003hy     LBV        0.6931   1.41   0.5080   0.0234   -99.90  2    cut
  28  mstar         M-star     0.9544   1.33   0.7385   0.0245     1.00  2    cut
  29  lbv2003hy     LBV        0.6945   1.33   0.0629   0.0164   -99.90  2    cut
  30  lbv2003hy     LBV        0.6972   1.33   0.0676   0.0219   -99.90  2    cut
  31  mstar         M-star     0.9585   1.27   0.7373   0.0243     2.00  2    cut
  32  mstar         M-star     0.9558   1.24   0.7394   0.0255     0.00  2    cut
  33  lbv2003hy     LBV        0.6959   1.22   0.0598   0.0096   -99.90  2    cut
  34  lbv2003hy     LBV        0.6945   1.17   0.0598   0.0103   -99.90  2    cut
  35  mstar         M-star     0.9571   1.14  -0.0069   0.0313     5.00  2    cut
  36  lbv2003hy     LBV        0.6959   1.02   0.0651   0.0232   -99.90  2    cut
  37  lbv2003hy     LBV        0.6972   0.87   0.0636   0.0254   -99.90  2    cut
  38  mstar         M-star     0.9585   0.84   0.2862   0.0399     3.00  2    cut
