### SNID output file ###
 
### input spectrum and options ###
# Input spectrum                 : 3592_-1.10.dat
# Parameter file                 : NA
# Wavelength range               :    3848.84   7308.46
# Mask file                      : NA
# Median filtering width [A]     : NA
# Median filtering width [pix]   :       1.00
# Clip emission redshift         : NA
# Clip sky lines                 : 0
# Emission clip width [A]        : NA
# Keep A-band                    : 1
# Age range                      :     -90.00   1000.00
# Delta range                    :      -9.99     99.90
# Min. number of spectra/template:   1
# Use only templates             : NA
# Use only types                 : Ia
# Avoid templates                : NA
# Avoid types                    : NA
# rlapmin                        :       5.00
# Redshift range                 :    -0.0100    1.2000
# Forced initial redshift        : NA
# Extra fake redshift            : NA
# Nsigma for initial redshift    : NA
# Redshift filter                :     0.0200
# Wavenumbers k1,k2,k3,k4        :     1    4   85  102
# Template directory             : /Users/daniel/snid-5.0/templates/
 
### initial/user-input redshift ###
zinit       0.0885
zuser       0.0885
 
### median redshift/age and error ###
zmed        0.0881    0.0044
agem         -0.30      4.54
 
### type fraction/redshift/age ###
#type ntemp fraction slope redshift redshift_error age age_error
Ia            141      1.00   -0.0000    0.0881    0.0044    -0.300     4.536
Ia-norm       129      0.91    0.0109    0.0878    0.0043    -0.300     4.665
Ia-91T          7      0.05   -0.0035    0.0935    0.0036     0.800     1.715
Ia-91bg         2      0.01    0.0000    0.0865    0.0014    -1.550     1.626
Ia-csm          0      0.00    0.0000    0.0000    0.0000     0.000     0.000
Ia-pec          3      0.02   -0.0029    0.0909    0.0032    -2.600     5.034
###
Ib              0      0.00    0.0000    0.0000    0.0000     0.000     0.000
Ib-norm         0      0.00    0.0000    0.0000    0.0000     0.000     0.000
Ib-pec          0      0.00    0.0000    0.0000    0.0000     0.000     0.000
IIb             0      0.00    0.0000    0.0000    0.0000     0.000     0.000
###
Ic              0      0.00    0.0000    0.0000    0.0000     0.000     0.000
Ic-norm         0      0.00    0.0000    0.0000    0.0000     0.000     0.000
Ic-pec          0      0.00    0.0000    0.0000    0.0000     0.000     0.000
Ic-broad        0      0.00    0.0000    0.0000    0.0000     0.000     0.000
###
II              0      0.00    0.0000    0.0000    0.0000     0.000     0.000
IIP             0      0.00    0.0000    0.0000    0.0000     0.000     0.000
II-pec          0      0.00    0.0000    0.0000    0.0000     0.000     0.000
IIn             0      0.00    0.0000    0.0000    0.0000     0.000     0.000
IIL             0      0.00    0.0000    0.0000    0.0000     0.000     0.000
###
NotSN           0      0.00    0.0000    0.0000    0.0000     0.000     0.000
AGN             0      0.00    0.0000    0.0000    0.0000     0.000     0.000
Gal             0      0.00    0.0000    0.0000    0.0000     0.000     0.000
LBV             0      0.00    0.0000    0.0000    0.0000     0.000     0.000
M-star          0      0.00    0.0000    0.0000    0.0000     0.000     0.000
 
### rlap-ordered template listings ###
#no. sn type lap rlap z zerr age age_flag grade
   1  sn03du        Ia-norm    0.6376  15.13   0.0843   0.0034     5.00  0   good
   2  sn02er        Ia-norm    0.6376  13.54   0.0900   0.0039    -3.50  0   good
   3  sn03du        Ia-norm    0.6376  13.41   0.0834   0.0039     3.90  0   good
   4  sn95D         Ia-norm    0.6376  13.24   0.0845   0.0040     4.20  0   good
   5  sn03du        Ia-norm    0.6376  12.74   0.0853   0.0041     1.90  0   good
   6  sn94ae        Ia-norm    0.6376  12.38   0.0854   0.0043     4.40  0   good
   7  sn94ae        Ia-norm    0.6255  12.35   0.0870   0.0041     1.30  0   good
   8  sn02er        Ia-norm    0.6376  12.34   0.0905   0.0042    -2.50  0   good
   9  sn03du        Ia-norm    0.6376  12.29   0.0862   0.0043     0.80  0   good
  10  sn94ae        Ia-norm    0.6282  12.28   0.0859   0.0042     2.30  0   good
  11  sn02er        Ia-norm    0.6363  12.25   0.0921   0.0043    -5.40  0   good
  12  sn94ae        Ia-norm    0.6376  12.14   0.0852   0.0043     6.40  0   good
  13  sn03du        Ia-norm    0.6376  11.85   0.0862   0.0045    -0.20  0   good
  14  sn03du        Ia-norm    0.6376  11.77   0.0899   0.0049    -7.00  0   good
  15  sn03du        Ia-norm    0.6376  11.68   0.0863   0.0046    -1.10  0   good
  16  sn03cg        Ia-norm    0.5172  11.55   0.0885   0.0039    -1.80  0   good
  17  sn02er        Ia-norm    0.6376  11.43   0.0901   0.0045    -1.50  0   good
  18  sn94ae        Ia-norm    0.6376  11.38   0.0866   0.0046     3.30  0   good
  19  sn95D         Ia-norm    0.6376  10.50   0.0835   0.0048     6.10  0   good
  20  sn94ae        Ia-norm    0.6146  10.37   0.0868   0.0046     3.30  0   good
  21  sn92A         Ia-norm    0.6376  10.32   0.0976   0.0048    -0.40  0   good
  22  sn01el        Ia-norm    0.4616  10.27   0.0901   0.0042     1.30  0   good
  23  sn03du        Ia-norm    0.6376  10.18   0.0885   0.0054    -5.00  0   good
  24  sn96X         Ia-norm    0.6376  10.08   0.0869   0.0048     0.90  0   good
  25  sn03du        Ia-norm    0.6376  10.04   0.0874   0.0054    -3.20  0   good
  26  sn96X         Ia-norm    0.6376   9.93   0.0863   0.0048     1.90  0   good
  27  sn99aw        Ia-91T     0.6376   9.92   0.0961   0.0061     0.30  0   good
  28  sn92A         Ia-norm    0.6376   9.90   0.1007   0.0051    -5.00  0   good
  29  sn94D         Ia-norm    0.6376   9.85   0.0840   0.0048     2.90  0   good
  30  sn03cg        Ia-norm    0.5185   9.47   0.0878   0.0046    -2.30  0   good
  31  sn99aw        Ia-91T     0.6376   9.43   0.0935   0.0061     3.20  0   good
  32  sn02er        Ia-norm    0.6376   9.39   0.0937   0.0057    -6.40  0   good
  33  sn04eo        Ia-norm    0.6376   9.35   0.0879   0.0054    -6.40  0   good
  34  sn99ee        Ia-norm    0.6376   9.33   0.0902   0.0063     0.30  0   good
  35  sn03du        Ia-norm    0.6376   9.17   0.1019   0.0062   -10.10  0   good
  36  sn90O         Ia-norm    0.6376   9.06   0.0957   0.0060    -5.10  0   good
  37  sn89B         Ia-norm    0.6376   9.01   0.0864   0.0057    -0.50  0   good
  38  sn94D         Ia-norm    0.6376   9.00   0.0874   0.0053    -1.80  0   good
  39  sn05hj        Ia-norm    0.5280   8.96   0.0868   0.0050    -0.30  0   good
  40  sn91M         Ia-norm    0.6376   8.93   0.0908   0.0059     2.70  0   good
  41  sn99ee        Ia-norm    0.6376   8.85   0.0891   0.0066     2.20  0   good
  42  sn81B         Ia-norm    0.6376   8.75   0.0980   0.0058    -0.90  0   good
  43  sn92A         Ia-norm    0.6376   8.64   0.0974   0.0056    -0.60  0   good
  44  sn02er        Ia-norm    0.6376   8.64   0.0924   0.0060    -4.40  0   good
  45  sn81B         Ia-norm    0.6376   8.64   0.0980   0.0059     0.00  0   good
  46  sn03cg        Ia-norm    0.6092   8.60   0.0856   0.0052     1.50  0   good
  47  sn03du        Ia-norm    0.6376   8.56   0.0976   0.0063    -6.20  0   good
  48  sn02er        Ia-norm    0.6376   8.52   0.0955   0.0063    -8.40  0   good
  49  sn89B         Ia-norm    0.6376   8.50   0.0891   0.0061    -6.30  0   good
  50  sn92A         Ia-norm    0.6376   8.47   0.1005   0.0057    -5.00  0   good
  51  sn98aq        Ia-norm    0.5889   8.40   0.0869   0.0054     1.90  0   good
  52  sn94D         Ia-norm    0.6376   8.40   0.0889   0.0059    -3.80  0   good
  53  sn98aq        Ia-norm    0.5876   8.31   0.0869   0.0056     0.90  0   good
  54  sn90O         Ia-norm    0.6376   8.30   0.0964   0.0066    -6.10  0   good
  55  sn89B         Ia-norm    0.6309   8.17   0.0842   0.0060     3.50  0   good
  56  sn98aq        Ia-norm    0.5889   8.13   0.0867   0.0056     2.90  0   good
  57  sn92A         Ia-norm    0.6376   8.10   0.0954   0.0059     2.40  0   good
  58  sn98aq        Ia-norm    0.5876   8.08   0.0873   0.0057     0.00  0   good
  59  sn90O         Ia-norm    0.6376   7.94   0.0974   0.0069    -7.10  0   good
  60  sn02bo        Ia-norm    0.6376   7.90   0.0965   0.0070    -4.50  0   good
  61  sn05hj        Ia-norm    0.5266   7.71   0.0864   0.0057     1.60  0   good
  62  sn98aq        Ia-norm    0.5889   7.69   0.0866   0.0058     3.90  0   good
  63  sn99ac        Ia-91T     0.6376   7.66   0.0932   0.0071     0.80  0   good
  64  sn94S         Ia-norm    0.5199   7.65   0.0874   0.0077    -2.50  0   good
  65  sn02er        Ia-norm    0.6376   7.63   0.0888   0.0066    -0.50  0   good
  66  sn05hj        Ia-norm    0.5280   7.40   0.0863   0.0060     4.30  0   good
  67  sn02er        Ia-norm    0.6376   7.35   0.0861   0.0068     3.40  0   good
  68  sn96X         Ia-norm    0.6173   7.31   0.0876   0.0059     0.00  0   good
  69  sn90N         Ia-norm    0.6376   7.28   0.0825   0.0066     4.90  0   good
  70  sn94D         Ia-norm    0.5903   7.22   0.0891   0.0064    -3.60  0   good
  71  sn98aq        Ia-norm    0.5889   7.21   0.0865   0.0062     4.90  0   good
  72  sn90N         Ia-norm    0.6376   7.11   0.0920   0.0080    -6.40  0   good
  73  sn96X         Ia-norm    0.6160   7.10   0.0866   0.0061     1.90  0   good
  74  sn03du        Ia-norm    0.6376   6.97   0.0839   0.0068     7.90  0   good
  75  sn96X         Ia-norm    0.5848   6.90   0.0881   0.0064    -1.10  0   good
  76  sn92A         Ia-norm    0.6376   6.90   0.0952   0.0068     3.30  0   good
  77  sn95D         Ia-norm    0.6376   6.84   0.0832   0.0071     8.10  0   good
  78  sn99aa        Ia-91T     0.6376   6.84   0.1015   0.0077     2.70  0   good
  79  sn96X         Ia-norm    0.6173   6.77   0.0873   0.0063     1.00  0   good
  80  sn04S         Ia-norm    0.6376   6.71   0.0866   0.0087     1.70  0   good
  81  sn02bo        Ia-norm    0.6376   6.70   0.0941   0.0081    -1.40  0   good
  82  sn02bo        Ia-norm    0.6376   6.63   0.0922   0.0081    -0.30  0   good
  83  sn02bo        Ia-norm    0.6376   6.57   0.0947   0.0082    -2.50  0   good
  84  sn98aq        Ia-norm    0.5889   6.54   0.0864   0.0067     5.90  0   good
  85  sn06gz        Ia-pec     0.5957   6.51   0.0909   0.0063    -2.60  0   good
  86  sn02bo        Ia-norm    0.6376   6.45   0.0932   0.0083    -1.50  0   good
  87  sn06gz        Ia-pec     0.5984   6.43   0.0926   0.0063    -5.50  0   good
  88  sn94D         Ia-norm    0.6376   6.41   0.0899   0.0074    -4.80  0   good
  89  sn96X         Ia-norm    0.6160   6.33   0.0866   0.0067     2.90  0   good
  90  sn95E         Ia-norm    0.6119   6.32   0.0874   0.0071     0.10  0   good
  91  sn94D         Ia-norm    0.6376   6.31   0.0869   0.0069     2.20  0   good
  92  sn02bo        Ia-norm    0.6376   6.29   0.0956   0.0086    -3.40  0   good
  93  sn03cg        Ia-norm    0.6376   6.28   0.0858   0.0074     4.50  0   good
  94  sn03cg        Ia-norm    0.5808   6.24   0.0881   0.0071    -0.50  0   good
  95  sn98bu        Ia-norm    0.5862   6.20   0.0878   0.0072    -0.70  0   good
  96  sn99aa        Ia-91T     0.6376   6.20   0.0979   0.0085    -0.60  0   good
  97  sn98bu        Ia-norm    0.5862   6.16   0.0882   0.0072    -1.70  0   good
  98  sn98bu        Ia-norm    0.5862   6.13   0.0885   0.0073    -2.80  0   good
  99  sn94D         Ia-norm    0.6376   6.12   0.0905   0.0080    -5.60  0   good
 100  sn03du        Ia-norm    0.5889   6.10   0.0865   0.0073     2.20  0   good
 101  sn98aq        Ia-norm    0.5876   6.08   0.0892   0.0078    -9.00  0   good
 102  sn96X         Ia-norm    0.6173   6.04   0.0889   0.0070    -3.00  0   good
 103  sn04eo        Ia-norm    0.6376   6.04   0.0834   0.0075     2.20  0   good
 104  sn99ac        Ia-91T     0.6376   5.98   0.0927   0.0087     3.10  0   good
 105  sn98bu        Ia-norm    0.5672   5.98   0.0865   0.0079     1.20  0   good
 106  sn03cg        Ia-norm    0.5862   5.97   0.0896   0.0076    -5.90  0   good
 107  sn03du        Ia-norm    0.5916   5.96   0.0863   0.0074     3.10  0   good
 108  sn02bo        Ia-norm    0.6376   5.90   0.0935   0.0089    -1.20  0   good
 109  sn96X         Ia-norm    0.6173   5.88   0.0887   0.0072    -2.00  0   good
 110  sn94D         Ia-norm    0.5889   5.88   0.0880   0.0075     0.40  0   good
 111  sn94ae        Ia-norm    0.6376   5.83   0.0847   0.0081     9.40  0   good
 112  sn03du        Ia-norm    0.5916   5.71   0.0874   0.0078    -0.80  0   good
 113  sn89B         Ia-norm    0.6322   5.66   0.0837   0.0082     5.50  0   good
 114  sn98aq        Ia-norm    0.5889   5.64   0.0862   0.0076     6.90  0   good
 115  sn94S         Ia-norm    0.5754   5.63   0.0878   0.0084    -3.40  0   good
 116  sn94M         Ia-norm    0.5727   5.62   0.0914   0.0082     5.00  0   good
 117  sn01el        Ia-norm    0.4779   5.62   0.0935   0.0075    -3.70  0   good
 118  sn94D         Ia-norm    0.5821   5.61   0.0922   0.0083    -7.70  0   good
 119  sn90N         Ia-norm    0.5727   5.53   0.0823   0.0078     2.60  0   good
 120  sn03du        Ia-norm    0.5916   5.48   0.0908   0.0088    -7.80  0   good
 121  sn96C         Ia-norm    0.6376   5.45   0.0835   0.0086     8.30  0   good
 122  sn86G         Ia-91bg    0.5334   5.42   0.0856   0.0084    -0.40  0   good
 123  sn96X         Ia-norm    0.6133   5.40   0.0858   0.0077     4.90  0   good
 124  sn03du        Ia-norm    0.6376   5.40   0.0836   0.0085     8.90  0   good
 125  sn90N         Ia-norm    0.6376   5.38   0.0874   0.0122   -13.20  0   good
 126  sn03cg        Ia-norm    0.6079   5.36   0.0903   0.0081    -6.80  0   good
 127  sn04eo        Ia-norm    0.6065   5.35   0.0861   0.0080    -2.80  0   good
 128  sn98aq        Ia-norm    0.6376   5.34   0.0869   0.0094    -8.00  0   good
 129  sn95E         Ia-norm    0.6024   5.30   0.0888   0.0085    -1.90  0   good
 130  sn96X         Ia-norm    0.5781   5.29   0.0886   0.0079    -0.90  0   good
 131  sn06gz        Ia-pec     0.5997   5.24   0.0863   0.0082     4.30  0   good
 132  sn94D         Ia-norm    0.6376   5.19   0.1018   0.0111   -10.60  0   good
 133  sn86G         Ia-91bg    0.5388   5.18   0.0875   0.0088    -2.70  0   good
 134  sn94ae        Ia-norm    0.6376   5.18   0.0841   0.0091     9.30  0   good
 135  sn99ee        Ia-norm    0.6376   5.17   0.0884   0.0100     7.10  0   good
 136  sn94D         Ia-norm    0.5916   5.16   0.0895   0.0085    -2.60  0   good
 137  sn03du        Ia-norm    0.5916   5.15   0.0916   0.0096    -8.80  0   good
 138  sn99aw        Ia-91T     0.4792   5.12   0.0912   0.0089    -0.70  0   good
 139  sn03cg        Ia-norm    0.5943   5.11   0.0911   0.0086    -7.50  0   good
 140  sn94M         Ia-norm    0.5334   5.11   0.0920   0.0091     4.00  0   good
 141  sn02er        Ia-norm    0.6376   5.10   0.0852   0.0092     5.50  0   good
#--- rlap cutoff
 142  sn94S         Ia-norm    0.5781   4.98   0.0865   0.0087     1.40  0    cut
 143  sn99ee        Ia-norm    0.6376   4.94   0.0989   0.0121    -6.70  0    cut
 144  sn92A         Ia-norm    0.6376   4.93   0.0998   0.0092     5.90  0    cut
 145  sn05hj        Ia-norm    0.5307   4.93   0.0879   0.0088    -6.00  0    cut
 146  sn06gz        Ia-pec     0.5645   4.84   0.0948   0.0080   -14.30  0    cut
 147  sn90O         Ia-norm    0.6092   4.80   0.0934   0.0097    -0.40  0    cut
 148  sn03cg        Ia-norm    0.6092   4.80   0.0899   0.0085    -4.50  0    cut
 149  sn06gz        Ia-pec     0.6376   4.76   0.0858   0.0086     6.30  0    cut
 150  sn95E         Ia-norm    0.5984   4.75   0.0876   0.0090     2.00  0    cut
 151  sn92A         Ia-norm    0.6376   4.68   0.0935   0.0096     6.30  0    cut
 152  sn94D         Ia-norm    0.5645   4.67   0.0929   0.0102    -8.70  0    cut
 153  sn03du        Ia-norm    0.5916   4.62   0.0928   0.0107    -9.70  0    cut
 154  sn04S         Ia-norm    0.6376   4.61   0.0838   0.0111     7.50  0    cut
 155  sn96X         Ia-norm    0.6173   4.59   0.0854   0.0089     5.90  0    cut
 156  sn03du        Ia-norm    0.6376   4.56   0.0961   0.0121   -10.10  0    cut
 157  sn06gz        Ia-pec     0.6065   4.55   0.0876   0.0084     5.20  0    cut
 158  sn03fg        Ia-pec     0.6376   4.55   0.0772   0.0090     2.00  0    cut
 159  sn90N         Ia-norm    0.6376   4.44   0.1067   0.0144   -13.20  0    cut
 160  sn94D         Ia-norm    0.5943   4.37   0.0907   0.0100    -4.70  0    cut
 161  sn03du        Ia-norm    0.6376   4.33   0.0832   0.0103     9.80  0    cut
 162  sn02bo        Ia-norm    0.5889   4.33   0.1013   0.0116    -8.10  0    cut
 163  sn02bo        Ia-norm    0.5889   4.32   0.1000   0.0116    -7.00  0    cut
 164  sn00cx        Ia-pec     0.5307   4.31   0.0911   0.0096     7.50  0    cut
 165  sn06gz        Ia-pec     0.6376   4.27   0.0855   0.0096     7.20  0    cut
 166  sn96X         Ia-norm    0.6146   4.26   0.0849   0.0094     6.90  0    cut
 167  sn06gz        Ia-pec     0.6376   4.21   0.0947   0.0089   -10.30  0    cut
 168  sn02er        Ia-norm    0.5862   4.21   0.0893   0.0104     1.50  0    cut
 169  sn06gz        Ia-pec     0.6376   4.19   0.0941   0.0086    -9.30  0    cut
 170  sn02bo        Ia-norm    0.5889   4.19   0.0986   0.0119    -6.00  0    cut
 171  sn99aa        Ia-91T     0.6079   4.17   0.1031   0.0123    -4.10  0    cut
 172  sn94ae        Ia-norm    0.6376   4.14   0.0834   0.0110    10.40  0    cut
 173  sn02bo        Ia-norm    0.5889   4.12   0.0975   0.0120    -5.10  0    cut
 174  sn00cx        Ia-pec     0.6376   4.11   0.0921   0.0102     1.60  0    cut
 175  sn00E         Ia-norm    0.6200   4.09   0.0900   0.0112    -2.50  0    cut
 176  sn02bo        Ia-norm    0.5889   4.02   0.0959   0.0123    -3.10  0    cut
 177  sn00E         Ia-norm    0.6092   3.99   0.0902   0.0114    -1.40  0    cut
 178  sn93ac        Ia-norm    0.6376   3.97   0.0900   0.0116     6.90  0    cut
 179  sn02bo        Ia-norm    0.5889   3.97   0.0967   0.0123    -4.00  0    cut
 180  sn99ac        Ia-91T     0.5984   3.95   0.1060   0.0146   -13.60  0    cut
 181  sn00E         Ia-norm    0.6322   3.89   0.0908   0.0121    -5.50  0    cut
 182  sn02bo        Ia-norm    0.5889   3.89   0.0950   0.0125    -2.10  0    cut
 183  sn02bo        Ia-norm    0.6376   3.87   0.0889   0.0123     5.50  0    cut
 184  sn00cx        Ia-pec     0.5700   3.85   0.0931   0.0110     0.60  0    cut
 185  sn99ee        Ia-norm    0.6376   3.84   0.1032   0.0151    -8.60  0    cut
 186  sn02bo        Ia-norm    0.5889   3.83   0.0942   0.0127    -1.20  0    cut
 187  sn03du        Ia-norm    0.5916   3.82   0.0965   0.0132   -11.70  0    cut
 188  sn89B         Ia-norm    0.6322   3.82   0.0829   0.0113     7.50  0    cut
 189  sn90N         Ia-norm    0.5158   3.79   0.0542   0.0128   280.70  0    cut
 190  sn00cx        Ia-pec     0.5578   3.77   0.0929   0.0109    -0.40  0    cut
 191  sn06gz        Ia-pec     0.6376   3.75   0.0964   0.0097   -12.30  0    cut
 192  sn02er        Ia-norm    0.5984   3.75   0.0872   0.0111     4.40  0    cut
 193  sn06gz        Ia-pec     0.6051   3.72   0.0863   0.0102     7.20  0    cut
 194  sn95E         Ia-norm    0.5848   3.71   0.0848   0.0111     7.00  0    cut
 195  sn94D         Ia-norm    0.6376   3.71   0.1022   0.0148   -10.70  0    cut
 196  sn05hj        Ia-norm    0.5334   3.70   0.0868   0.0106    -5.10  0    cut
 197  sn94D         Ia-norm    0.5957   3.69   0.0968   0.0135    -9.50  0    cut
 198  sn94M         Ia-norm    0.6187   3.69   0.0899   0.0111     7.90  0    cut
 199  sn06gz        Ia-pec     0.6376   3.67   0.0960   0.0098   -13.30  0    cut
 200  sn92A         Ia-norm    0.6376   3.64   0.0933   0.0115     7.30  0    cut
 201  sn06gz        Ia-pec     0.6376   3.56   0.0848   0.0109     8.20  0    cut
 202  sn99ac        Ia-91T     0.5618   3.55   0.1038   0.0126    -9.60  0    cut
 203  sn96X         Ia-norm    0.6376   3.55   0.0843   0.0116     7.80  0    cut
 204  sn02er        Ia-norm    0.5984   3.55   0.0982   0.0117    -7.40  0    cut
 205  sn95E         Ia-norm    0.6376   3.53   0.0822   0.0119    10.00  0    cut
 206  sn06gz        Ia-pec     0.6079   3.53   0.0970   0.0100   -13.30  0    cut
 207  sn98aq        Ia-norm    0.5862   3.51   0.0588   0.0144   230.30  0    cut
 208  sn03du        Ia-norm    0.6376   3.50   0.0831   0.0122    10.80  0    cut
 209  sn98aq        Ia-norm    0.5889   3.50   0.0582   0.0136   240.30  0    cut
 210  sn86G         Ia-91bg    0.5916   3.47   0.0865   0.0123     0.60  0    cut
 211  sn98bu        Ia-norm    0.5889   3.43   0.0577   0.0137   242.80  0    cut
 212  sn02bo        Ia-norm    0.6227   3.41   0.0983   0.0136    -4.40  0    cut
 213  sn96X         Ia-norm    0.6173   3.39   0.0844   0.0113     7.90  0    cut
 214  sn86G         Ia-91bg    0.5957   3.38   0.0864   0.0124     1.60  0    cut
 215  sn94ae        Ia-norm    0.6376   3.38   0.0831   0.0131    11.30  0    cut
 216  sn99aa        Ia-91T     0.5591   3.37   0.1019   0.0122     7.60  0    cut
 217  sn94M         Ia-norm    0.6173   3.34   0.0945   0.0130     3.00  0    cut
 218  sn02er        Ia-norm    0.6376   3.32   0.1003   0.0139   -11.30  0    cut
 219  sn02er        Ia-norm    0.6146   3.30   0.0984   0.0132    -9.40  0    cut
 220  sn06gz        Ia-pec     0.6376   3.30   0.0971   0.0103   -14.20  0    cut
 221  sn95D         Ia-norm    0.6133   3.27   0.0831   0.0123    10.10  0    cut
 222  sn00cx        Ia-pec     0.5686   3.25   0.0934   0.0141    -1.40  0    cut
 223  sn86G         Ia-91bg    0.6200   3.22   0.0901   0.0132    -3.40  0    cut
 224  sn90N         Ia-norm    0.5172   3.16   0.0534   0.0147   255.90  0    cut
 225  sn94T         Ia-norm    0.5090   3.16   0.0881   0.0145     1.20  0    cut
 226  sn86G         Ia-91bg    0.6200   3.15   0.0891   0.0132    -2.40  0    cut
 227  sn04eo        Ia-norm    0.5876   3.12   0.0906   0.0135   -11.00  0    cut
 228  sn06gz        Ia-pec     0.6376   3.09   0.0847   0.0121     9.20  0    cut
 229  sn02bo        Ia-norm    0.6363   3.09   0.1057   0.0154    -9.40  0    cut
 230  sn94D         Ia-norm    0.6376   3.08   0.1003   0.0166    -9.60  0    cut
 231  sn86G         Ia-91bg    0.6214   3.06   0.0905   0.0138    -4.40  0    cut
 232  sn98bu        Ia-norm    0.5889   3.06   0.0576   0.0147   216.90  0    cut
 233  sn99by        Ia-91bg    0.6376   3.01   0.0841   0.0132    -2.80  0    cut
 234  sn00cx        Ia-pec     0.5293   2.93   0.0904   0.0133     9.50  0    cut
 235  sn91bg        Ia-91bg    0.5131   2.92   0.0816   0.0131     2.50  0    cut
 236  sn86G         Ia-91bg    0.5158   2.92   0.0575   0.0147   323.60  0    cut
 237  sn00cx        Ia-pec     0.5672   2.89   0.0927   0.0151    -2.40  0    cut
 238  sn02bo        Ia-norm    0.5889   2.85   0.1081   0.0164   -12.10  0    cut
 239  sn01el        Ia-norm    0.6376   2.77   0.0896   0.0154     9.20  0    cut
 240  sn96X         Ia-norm    0.6173   2.75   0.0841   0.0132     8.90  0    cut
 241  sn06gz        Ia-pec     0.6376   2.73   0.0841   0.0135    10.10  0    cut
 242  sn89B         Ia-norm    0.6322   2.73   0.0821   0.0142     9.50  0    cut
 243  sn99ac        Ia-91T     0.6376   2.71   0.0917   0.0158     9.20  0    cut
 244  sn99ee        Ia-norm    0.6376   2.71   0.0865   0.0163    11.10  0    cut
 245  sn00cx        Ia-pec     0.6376   2.69   0.0932   0.0135     5.60  0    cut
 246  sn86G         Ia-91bg    0.5185   2.66   0.0548   0.0166   256.70  0    cut
 247  sn98bu        Ia-norm    0.5876   2.63   0.0852   0.0140     9.30  0    cut
 248  sn98bu        Ia-norm    0.5889   2.61   0.0566   0.0175   179.10  0    cut
 249  sn99by        Ia-91bg    0.5889   2.58   0.0863   0.0148    -3.90  0    cut
 250  sn02ic        Ia-csm     0.6376   2.57   0.0822   0.0162     5.60  0    cut
 251  sn98bu        Ia-norm    0.5876   2.55   0.0576   0.0180   208.00  0    cut
 252  sn99by        Ia-91bg    0.5876   2.55   0.0870   0.0151    -4.80  0    cut
 253  sn98bu        Ia-norm    0.5876   2.54   0.0572   0.0179   190.10  0    cut
 254  sn03cg        Ia-norm    0.5957   2.53   0.0863   0.0147     7.40  0    cut
 255  sn03du        Ia-norm    0.6376   2.52   0.0601   0.0194   220.70  0    cut
 256  sn00cx        Ia-pec     0.6376   2.49   0.0927   0.0143     6.50  0    cut
 257  sn02ic        Ia-csm     0.6214   2.47   0.0810   0.0165     9.40  0    cut
 258  sn04eo        Ia-norm    0.6376   2.42   0.0804   0.0149     7.00  0    cut
 259  sn97br        Ia-91T     0.6133   2.38   0.0837   0.0203    -4.00  0    cut
 260  sn02er        Ia-norm    0.6376   2.36   0.0785   0.0170     9.40  0    cut
 261  sn02bo        Ia-norm    0.5889   2.36   0.1111   0.0189   -13.10  0    cut
 262  sn95D         Ia-norm    0.6376   2.36   0.0812   0.0162    11.20  0    cut
 263  sn86G         Ia-91bg    0.6065   2.31   0.0896   0.0170    -1.90  0    cut
 264  sn92A         Ia-norm    0.6376   2.30   0.0922   0.0162     8.90  0    cut
 265  sn92A         Ia-norm    0.6376   2.29   0.0911   0.0162     8.70  0    cut
 266  sn00E         Ia-norm    0.5767   2.28   0.0854   0.0165     8.40  0    cut
 267  sn97br        Ia-91T     0.6376   2.26   0.0850   0.0179     7.80  0    cut
 268  sn86G         Ia-91bg    0.6051   2.26   0.0890   0.0172    -0.90  0    cut
 269  sn90N         Ia-norm    0.5943   2.24   0.0558   0.0196   228.10  0    cut
 270  sn03cg        Ia-norm    0.6376   2.23   0.0831   0.0168     9.60  0    cut
 271  sn90N         Ia-norm    0.6376   2.21   0.0604   0.0209   213.40  0    cut
 272  sn86G         Ia-91bg    0.6065   2.21   0.0857   0.0170     0.10  0    cut
 273  sn00cx        Ia-pec     0.5618   2.21   0.0934   0.0181    -3.40  0    cut
 274  sn02bo        Ia-norm    0.6227   2.19   0.1113   0.0196   -12.30  0    cut
 275  sn03du        Ia-norm    0.6376   2.19   0.0615   0.0218   141.30  0    cut
 276  sn05gj        Ia-csm     0.6160   2.19   0.0752   0.0224    -1.80  0    cut
 277  sn91T         Ia-91T     0.6376   2.19   0.0848   0.0214    -0.20  0    cut
 278  sn91T         Ia-91T     0.6376   2.14   0.0813   0.0182    10.90  0    cut
 279  sn98bu        Ia-norm    0.5876   2.14   0.0846   0.0164    10.20  0    cut
 280  sn86G         Ia-91bg    0.6065   2.06   0.0873   0.0179     1.10  0    cut
 281  sn90N         Ia-norm    0.4427   2.05   0.0536   0.0191   309.80  0    cut
 282  sn03du        Ia-norm    0.6024   2.04   0.0656   0.0222   137.60  0    cut
 283  sn91M         Ia-norm    0.6376   2.03   0.0632   0.0257   111.80  0    cut
 284  sn86G         Ia-91bg    0.6376   1.98   0.0599   0.0214   103.00  0    cut
 285  sn02bo        Ia-norm    0.6200   1.98   0.1132   0.0239   -13.30  0    cut
 286  sn86G         Ia-91bg    0.6376   1.97   0.0593   0.0214    90.00  0    cut
 287  sn97cn        Ia-91bg    0.6376   1.96   0.0799   0.0172     3.90  0    cut
 288  sn02cx        Ia-pec     0.6038   1.96   0.0732   0.0213    -5.30  0    cut
 289  sn03cg        Ia-norm    0.5415   1.94   0.0506   0.0169   383.10  0    cut
 290  sn99ac        Ia-91T     0.6376   1.92   0.0882   0.0202    12.20  0    cut
 291  sn89B         Ia-norm    0.6322   1.92   0.0808   0.0182    11.50  0    cut
 292  sn94ae        Ia-norm    0.6376   1.90   0.0615   0.0250   123.60  0    cut
 293  sn91bg        Ia-91bg    0.6376   1.89   0.0800   0.0193     2.70  0    cut
 294  sn00cx        Ia-pec     0.5307   1.88   0.0890   0.0183    11.50  0    cut
 295  sn99aa        Ia-91T     0.6376   1.86   0.1107   0.0274    -8.50  0    cut
 296  sn04S         Ia-norm    0.6376   1.86   0.0813   0.0232    13.40  0    cut
 297  sn97br        Ia-91T     0.6173   1.84   0.0820   0.0201     8.50  0    cut
 298  sn94ae        Ia-norm    0.6079   1.83   0.0593   0.0248   153.40  0    cut
 299  sn99by        Ia-91bg    0.6376   1.81   0.0796   0.0189     3.10  0    cut
 300  sn95bd        Ia-norm    0.6119   1.81   0.0833   0.0200    11.30  0    cut
 301  sn91bg        Ia-91bg    0.6119   1.80   0.0828   0.0212     1.50  0    cut
 302  sn03du        Ia-norm    0.5442   1.79   0.0616   0.0213   138.60  0    cut
 303  sn91bg        Ia-91bg    0.4779   1.77   0.1724   0.0268    88.10  0    cut
 304  sn97br        Ia-91T     0.5266   1.77   0.3003   0.0216    37.60  0    cut
 305  sn00cx        Ia-pec     0.6376   1.76   0.0907   0.0263    31.40  0    cut
 306  sn05hk        Ia-pec     0.5266   1.73   0.2979   0.0196    37.00  0    cut
 307  sn98bu        Ia-norm    0.5876   1.73   0.0839   0.0190    11.20  0    cut
 308  sn00cx        Ia-pec     0.6376   1.73   0.0637   0.0291   146.40  0    cut
 309  sn89B         Ia-norm    0.6376   1.72   0.0799   0.0197    12.40  0    cut
 310  sn92A         Ia-norm    0.6376   1.71   0.0920   0.0199    11.70  0    cut
 311  sn02er        Ia-norm    0.6376   1.70   0.0858   0.0207    10.60  0    cut
 312  sn94ae        Ia-norm    0.6376   1.69   0.0633   0.0227   367.70  0    cut
 313  sn03du        Ia-norm    0.5970   1.69   0.0576   0.0254   109.00  0    cut
 314  sn02cx        Ia-pec     0.4644   1.67   0.3038   0.0212    18.20  0    cut
 315  sn90N         Ia-norm    0.6376   1.65   0.0816   0.0210    14.50  0    cut
 316  sn97br        Ia-91T     0.5997   1.64   0.0895   0.0305    -7.40  0    cut
 317  sn05gj        Ia-csm     0.5984   1.64   0.0754   0.0254    10.40  0    cut
 318  sn91bg        Ia-91bg    0.6376   1.63   0.0582   0.0257   117.20  0    cut
 319  sn91bg        Ia-91bg    0.5496   1.63   0.0819   0.0193     2.70  0    cut
 320  sn02cx        Ia-pec     0.6092   1.62   0.0707   0.0212    -2.40  0    cut
 321  sn91bg        Ia-91bg    0.4711   1.61   0.3183   0.0180    16.40  0    cut
 322  sn94Q         Ia-norm    0.6376   1.61   0.0853   0.0218    11.60  0    cut
 323  sn03du        Ia-norm    0.6376   1.60   0.0876   0.0209    13.70  0    cut
 324  sn00cx        Ia-pec     0.6376   1.60   0.0658   0.0294    96.80  0    cut
 325  sn04eo        Ia-norm    0.6376   1.59   0.0801   0.0208    11.00  0    cut
 326  sn94D         Ia-norm    0.6376   1.59   0.0650   0.0273    83.10  0    cut
 327  sn97br        Ia-91T     0.4792   1.58   0.3060   0.0223    23.70  0    cut
 328  sn94D         Ia-norm    0.5456   1.57   0.0804   0.0200    10.10  0    cut
 329  sn03cg        Ia-norm    0.6376   1.57   0.0833   0.0211    11.40  0    cut
 330  sn05gj        Ia-csm     0.5591   1.57   0.3078   0.0232    51.80  0    cut
 331  sn00cx        Ia-pec     0.6376   1.57   0.0676   0.0301    92.90  0    cut
 332  sn05hk        Ia-pec     0.5239   1.57   0.3039   0.0231    12.40  0    cut
 333  sn97br        Ia-91T     0.6092   1.56   0.0900   0.0289    -6.40  0    cut
 334  sn05hk        Ia-pec     0.5564   1.56   0.0653   0.0218     3.60  0    cut
 335  sn02cx        Ia-pec     0.4400   1.55   0.3044   0.0227    14.20  0    cut
 336  sn00cx        Ia-pec     0.6376   1.55   0.0656   0.0309   124.60  0    cut
 337  sn99by        Ia-91bg    0.5876   1.54   0.0808   0.0224     4.10  0    cut
 338  sn05hk        Ia-pec     0.5754   1.54   0.2971   0.0195    42.00  0    cut
 339  sn91bg        Ia-91bg    0.4725   1.54   0.3195   0.0197    18.60  0    cut
 340  sn97br        Ia-91T     0.5700   1.52   0.3130   0.0229    42.10  0    cut
 341  sn05hk        Ia-pec     0.4522   1.50   0.2990   0.0214    53.80  0    cut
 342  sn00cx        Ia-pec     0.6376   1.50   0.0896   0.0314    41.30  0    cut
 343  sn04eo        Ia-norm    0.5808   1.50   0.1149   0.0292    49.40  0    cut
 344  sn03du        Ia-norm    0.6376   1.50   0.0648   0.0273    84.30  0    cut
 345  sn05hk        Ia-pec     0.5754   1.50   0.2974   0.0212    39.00  0    cut
 346  sn91bg        Ia-91bg    0.6376   1.50   0.0560   0.0246   113.20  0    cut
 347  sn94D         Ia-norm    0.6187   1.48   0.0829   0.0197    11.00  0    cut
 348  sn02bo        Ia-norm    0.6376   1.48   0.0836   0.0286    44.40  0    cut
 349  sn99ee        Ia-norm    0.6376   1.48   0.0836   0.0246    16.10  0    cut
 350  sn86G         Ia-91bg    0.4792   1.47   0.3111   0.0219    41.60  0    cut
 351  sn95D         Ia-norm    0.6376   1.47   0.0793   0.0221    14.10  0    cut
 352  sn91M         Ia-norm    0.6376   1.47   0.0854   0.0250    25.80  0    cut
 353  sn05hk        Ia-pec     0.6376   1.46   0.0666   0.0205    -1.40  0    cut
 354  sn05hk        Ia-pec     0.5239   1.46   0.2976   0.0212    65.50  0    cut
 355  sn89B         Ia-norm    0.6322   1.46   0.0794   0.0217    13.40  0    cut
 356  sn86G         Ia-91bg    0.4792   1.46   0.3114   0.0218    32.10  0    cut
 357  sn05hk        Ia-pec     0.5767   1.46   0.2998   0.0222    23.20  0    cut
 358  sn05hk        Ia-pec     0.5754   1.45   0.2972   0.0213    42.90  0    cut
 359  sn97br        Ia-91T     0.5835   1.45   0.0938   0.0320    -9.00  0    cut
 360  sn91M         Ia-norm    0.6376   1.45   0.0846   0.0248    24.80  0    cut
 361  sn05hk        Ia-pec     0.6309   1.45   0.0673   0.0230    -4.20  0    cut
 362  sn03cg        Ia-norm    0.4562   1.45   0.3147   0.0225    28.50  0    cut
 363  sn81B         Ia-norm    0.4725   1.43   0.1790   0.0340   114.40  0    cut
 364  sn02cx        Ia-pec     0.4616   1.43   0.2988   0.0226    53.30  0    cut
 365  sn99ee        Ia-norm    0.5226   1.42   0.3124   0.0237    40.90  0    cut
 366  sn99by        Ia-91bg    0.5876   1.42   0.0804   0.0245     5.20  0    cut
 367  sn92A         Ia-norm    0.6079   1.42   0.0922   0.0215    11.60  0    cut
 368  sn98bu        Ia-norm    0.5876   1.41   0.0832   0.0217    12.20  0    cut
 369  sn86G         Ia-91bg    0.4508   1.41   0.3126   0.0224    21.10  0    cut
 370  sn05gj        Ia-csm     0.6011   1.41   0.0715   0.0277    17.90  0    cut
 371  sn90N         Ia-norm    0.4752   1.40   0.1771   0.0346   245.20  0    cut
 372  sn90N         Ia-norm    0.4779   1.39   0.1771   0.0371   246.20  0    cut
 373  sn03cg        Ia-norm    0.5618   1.38   0.3117   0.0225    43.40  0    cut
 374  sn02bo        Ia-norm    0.5876   1.38   0.0869   0.0236    10.80  0    cut
 375  sn04S         Ia-norm    0.6282   1.38   0.0790   0.0238    14.00  0    cut
 376  sn05hk        Ia-pec     0.4075   1.38   0.2968   0.0263    26.40  0    cut
 377  sn94M         Ia-norm    0.6376   1.37   0.0856   0.0217    12.90  0    cut
 378  sn03du        Ia-norm    0.4765   1.37   0.3129   0.0235    33.40  0    cut
 379  sn86G         Ia-91bg    0.4860   1.36   0.1176   0.0332    23.10  0    cut
 380  sn02bo        Ia-norm    0.4941   1.36   0.1779   0.0353    83.30  0    cut
 381  sn05hk        Ia-pec     0.5821   1.36   0.2993   0.0222    27.20  0    cut
 382  sn00E         Ia-norm    0.4197   1.36   0.1765   0.0310   121.20  0    cut
 383  sn04eo        Ia-norm    0.5226   1.35   0.3071   0.0219    48.40  0    cut
 384  sn90N         Ia-norm    0.5158   1.34   0.1767   0.0364   332.50  0    cut
 385  sn05hk        Ia-pec     0.6295   1.33   0.0686   0.0248    -6.30  0    cut
 386  sn97br        Ia-91T     0.5848   1.32   0.0918   0.0321    -7.00  0    cut
 387  sn00cx        Ia-pec     0.6376   1.32   0.0715   0.0323    71.00  0    cut
 388  sn91M         Ia-norm    0.6376   1.32   0.0860   0.0268    27.50  0    cut
 389  sn91T         Ia-91T     0.6376   1.31   0.0773   0.0245    15.90  0    cut
 390  sn99ee        Ia-norm    0.6376   1.31   0.0856   0.0348    27.00  0    cut
 391  sn02er        Ia-norm    0.6376   1.30   0.0888   0.0242    12.40  0    cut
 392  sn91M         Ia-norm    0.6214   1.30   0.0699   0.0348    80.00  0    cut
 393  sn05hk        Ia-pec     0.6376   1.30   0.0679   0.0221    -2.40  0    cut
 394  sn99ac        Ia-91T     0.6376   1.30   0.0885   0.0279    17.10  0    cut
 395  sn97br        Ia-91T     0.5632   1.30   0.3055   0.0258    50.50  0    cut
 396  sn99by        Ia-91bg    0.5889   1.30   0.0804   0.0291     6.10  0    cut
 397  sn03cg        Ia-norm    0.6376   1.30   0.0820   0.0233    12.40  0    cut
 398  sn99ee        Ia-norm    0.6376   1.30   0.0823   0.0276    20.00  0    cut
 399  sn98aq        Ia-norm    0.5889   1.29   0.0595   0.0275    90.50  0    cut
 400  sn00cx        Ia-pec     0.5307   1.29   0.0861   0.0241    14.50  0    cut
 401  sn05hk        Ia-pec     0.6376   1.28   0.0671   0.0249    -5.10  0    cut
 402  sn90N         Ia-norm    0.6376   1.28   0.0810   0.0234    17.70  0    cut
 403  sn81B         Ia-norm    0.5510   1.27   0.0696   0.0283    93.50  0    cut
 404  sn91bg        Ia-91bg    0.4738   1.27   0.3151   0.0206    34.40  0    cut
 405  sn02bo        Ia-norm    0.6214   1.27   0.0886   0.0313    29.40  0    cut
 406  sn89B         Ia-norm    0.6376   1.27   0.0784   0.0238    14.40  0    cut
 407  sn95bd        Ia-norm    0.4562   1.26   0.3133   0.0291    36.90  0    cut
 408  sn91bg        Ia-91bg    0.4887   1.25   0.3374   0.0213    20.20  0    cut
 409  sn03du        Ia-norm    0.6376   1.25   0.0663   0.0293    72.30  0    cut
 410  sn91bg        Ia-91bg    0.6376   1.25   0.0804   0.0356    14.70  0    cut
 411  sn04S         Ia-norm    0.6376   1.25   0.0836   0.0375    36.20  0    cut
 412  sn05hk        Ia-pec     0.5551   1.24   0.3312   0.0241    -6.30  0    cut
 413  sn91bg        Ia-91bg    0.5903   1.24   0.1176   0.0654    32.70  0    cut
 414  sn04eo        Ia-norm    0.5808   1.23   0.1743   0.0329   224.20  0    cut
 415  sn99ee        Ia-norm    0.6376   1.23   0.0849   0.0362    31.90  0    cut
 416  sn04S         Ia-norm    0.6376   1.23   0.0808   0.0347    18.40  0    cut
 417  sn05hk        Ia-pec     0.6376   1.23   0.0675   0.0235    -3.30  0    cut
 418  sn86G         Ia-91bg    0.4968   1.22   0.1167   0.0496    22.10  0    cut
 419  sn95ac        Ia-norm    0.5700   1.22   0.3187   0.0247    24.40  0    cut
 420  sn99by        Ia-91bg    0.5889   1.22   0.0796   0.0701     7.10  0    cut
 421  sn99ee        Ia-norm    0.6376   1.22   0.0818   0.0305    22.10  0    cut
 422  sn81B         Ia-norm    0.6376   1.22   0.0836   0.0261    23.90  0    cut
 423  sn03du        Ia-norm    0.5429   1.22   0.3104   0.0254    45.60  0    cut
 424  sn05gj        Ia-csm     0.5862   1.21   0.3106   0.0267    40.50  0    cut
 425  sn97br        Ia-91T     0.5185   1.21   0.3492   0.0220    -6.00  0    cut
 426  sn02er        Ia-norm    0.6376   1.21   0.1085   0.0455    19.50  0    cut
 427  sn94D         Ia-norm    0.4833   1.21   0.5013   0.0226    46.20  0    cut
 428  sn03cg        Ia-norm    0.5104   1.21   0.3083   0.0258    38.30  0    cut
 429  sn91bg        Ia-91bg    0.5212   1.21   0.3156   0.0221    33.70  0    cut
 430  sn91T         Ia-91T     0.6376   1.20   0.0879   0.0337    -5.30  0    cut
 431  sn81B         Ia-norm    0.6376   1.20   0.0901   0.0269    22.90  0    cut
 432  sn05hk        Ia-pec     0.5551   1.20   0.3312   0.0238    -7.30  0    cut
 433  sn91T         Ia-91T     0.6376   1.20   0.0914   0.0342    -9.30  0    cut
 434  sn91bg        Ia-91bg    0.6376   1.20   0.0763   0.0312    25.60  0    cut
 435  sn03du        Ia-norm    0.5970   1.20   0.1701   0.0336   375.30  0    cut
 436  sn98bu        Ia-norm    0.5876   1.20   0.0820   0.0242    13.20  0    cut
 437  sn03cg        Ia-norm    0.5659   1.19   0.3124   0.0263    23.40  0    cut
 438  sn02bo        Ia-norm    0.5889   1.19   0.0859   0.0253    11.90  0    cut
 439  sn02bo        Ia-norm    0.5903   1.19   0.0914   0.0452    43.60  0    cut
 440  sn05gj        Ia-csm     0.5727   1.18   0.3078   0.0263    61.10  0    cut
 441  sn02bo        Ia-norm    0.5903   1.18   0.0910   0.0468    40.60  0    cut
 442  sn86G         Ia-91bg    0.5645   1.18   0.1106   0.0252    45.60  0    cut
 443  sn05gj        Ia-csm     0.5943   1.17   0.0931   0.0376   -12.10  0    cut
 444  sn95al        Ia-norm    0.6376   1.17   0.0854   0.0261    17.00  0    cut
 445  sn03cg        Ia-norm    0.5672   1.16   0.3123   0.0267    26.40  0    cut
 446  sn91T         Ia-91T     0.6376   1.16   0.0266   0.0552   -11.50  0    cut
 447  sn94ae        Ia-norm    0.6241   1.16   0.0764   0.0366    64.00  0    cut
 448  sn05gj        Ia-csm     0.6187   1.16   0.0646   0.0249    38.50  0    cut
 449  sn05hk        Ia-pec     0.6376   1.16   0.0681   0.0311    -8.30  0    cut
 450  sn03cg        Ia-norm    0.5158   1.16   0.3141   0.0251    23.40  0    cut
 451  sn01el        Ia-norm    0.6376   1.15   0.0890   0.0335    18.10  0    cut
 452  sn95al        Ia-norm    0.6376   1.15   0.0855   0.0291    25.30  0    cut
 453  sn99by        Ia-91bg    0.5876   1.14   0.0798   0.0493     8.10  0    cut
 454  sn89B         Ia-norm    0.6376   1.14   0.0783   0.0290    19.40  0    cut
 455  sn91T         Ia-91T     0.6376   1.14   0.0928   0.0352   -10.30  0    cut
 456  sn86G         Ia-91bg    0.5645   1.13   0.1092   0.0249    54.50  0    cut
 457  sn03du        Ia-norm    0.6376   1.13   0.0709   0.0315    51.60  0    cut
 458  sn89B         Ia-norm    0.5740   1.13   0.3079   0.0243    51.00  0    cut
 459  sn94ae        Ia-norm    0.6309   1.13   0.0784   0.0309    30.20  0    cut
 460  sn05gj        Ia-csm     0.5997   1.13   0.3286   0.0303     7.70  0    cut
 461  sn95D         Ia-norm    0.6376   1.13   0.0781   0.0246    16.10  0    cut
 462  sn02bo        Ia-norm    0.5903   1.13   0.0893   0.0497    29.70  0    cut
 463  sn94D         Ia-norm    0.6376   1.12   0.0716   0.0305    53.90  0    cut
 464  sn03cg        Ia-norm    0.5672   1.12   0.3123   0.0263    19.40  0    cut
 465  sn94ae        Ia-norm    0.6187   1.12   0.0798   0.0335    36.20  0    cut
 466  sn90N         Ia-norm    0.6376   1.12   0.0820   0.0297    38.50  0    cut
 467  sn02bo        Ia-norm    0.5903   1.12   0.0901   0.0480    45.60  0    cut
 468  sn05hk        Ia-pec     0.6024   1.12   0.3021   0.0266    14.30  0    cut
 469  sn86G         Ia-91bg    0.5645   1.12   0.1089   0.0248    49.50  0    cut
 470  sn02er        Ia-norm    0.6363   1.12   0.0943   0.0356    33.20  0    cut
 471  sn89B         Ia-norm    0.6376   1.11   0.0778   0.0260    17.40  0    cut
 472  sn86G         Ia-91bg    0.6376   1.11   0.0665   0.0316    56.50  0    cut
 473  sn02cx        Ia-pec     0.6106   1.11   0.3055   0.0263    10.30  0    cut
 474  sn91T         Ia-91T     0.6376   1.11   0.0889   0.0369    -6.40  0    cut
 475  sn89B         Ia-norm    0.6376   1.11   0.0791   0.0255    16.40  0    cut
 476  sn05gj        Ia-csm     0.5713   1.11   0.1402   0.0410    88.40  0    cut
 477  sn94D         Ia-norm    0.5754   1.11   0.3105   0.0242    40.30  0    cut
 478  sn81B         Ia-norm    0.5957   1.11   0.0933   0.0426    26.90  0    cut
 479  sn81B         Ia-norm    0.4820   1.11   0.3282   0.0291    33.80  0    cut
 480  sn02ic        Ia-csm     0.6024   1.10   0.3167   0.0246    31.90  0    cut
 481  sn00cx        Ia-pec     0.6376   1.10   0.0755   0.0362    61.10  0    cut
 482  sn02er        Ia-norm    0.6376   1.10   0.0650   0.0495   213.00  0    cut
 483  sn92A         Ia-norm    0.6376   1.10   0.0893   0.0262    17.30  0    cut
 484  sn96X         Ia-norm    0.4806   1.10   0.0817   0.0260    12.70  0    cut
 485  sn02bo        Ia-norm    0.5889   1.09   0.0896   0.0501    28.60  0    cut
 486  sn05hk        Ia-pec     0.6376   1.09   0.3042   0.0265    14.40  0    cut
 487  sn99ac        Ia-91T     0.6376   1.09   0.0917   0.0387    32.00  0    cut
 488  sn03du        Ia-norm    0.6376   1.09   0.0695   0.0331    63.40  0    cut
 489  sn02bo        Ia-norm    0.5903   1.09   0.0894   0.0460    51.60  0    cut
 490  sn91bg        Ia-91bg    0.6376   1.09   0.0699   0.0335    50.50  0    cut
 491  sn02bo        Ia-norm    0.5876   1.09   0.0857   0.0267    12.80  0    cut
 492  sn91bg        Ia-91bg    0.6376   1.09   0.0797   0.0418    18.90  0    cut
 493  sn02bo        Ia-norm    0.5903   1.09   0.0892   0.0482    27.70  0    cut
 494  sn99aa        Ia-91T     0.6241   1.08   0.0965   0.0273    15.40  0    cut
 495  sn86G         Ia-91bg    0.5591   1.08   0.3070   0.0251    44.60  0    cut
 496  sn99ac        Ia-91T     0.6376   1.08   0.0883   0.0380    29.00  0    cut
 497  sn94D         Ia-norm    0.5903   1.08   0.3119   0.0235    43.20  0    cut
 498  sn91T         Ia-91T     0.6376   1.08   0.0911   0.0383    -7.30  0    cut
 499  sn97br        Ia-91T     0.5984   1.07   0.3077   0.0316    66.40  0    cut
 500  sn01el        Ia-norm    0.6376   1.07   0.0890   0.0410    39.90  0    cut
 501  sn02bo        Ia-norm    0.5632   1.07   0.3128   0.0264    39.30  0    cut
 502  sn98aq        Ia-norm    0.5889   1.07   0.0595   0.0275    81.60  0    cut
 503  sn81B         Ia-norm    0.6376   1.06   0.0847   0.0257    19.90  0    cut
 504  sn91bg        Ia-91bg    0.5632   1.06   0.1110   0.0433    29.50  0    cut
 505  sn02bo        Ia-norm    0.5903   1.06   0.0901   0.0469    49.60  0    cut
 506  sn02er        Ia-norm    0.5984   1.06   0.3220   0.0280    24.20  0    cut
 507  sn81B         Ia-norm    0.6376   1.06   0.0695   0.0308   267.40  0    cut
 508  sn89B         Ia-norm    0.6376   1.06   0.0788   0.0320    21.40  0    cut
 509  sn91T         Ia-91T     0.6376   1.06   0.0674   0.0329    75.20  0    cut
 510  sn81B         Ia-norm    0.6376   1.05   0.0913   0.0265    18.90  0    cut
 511  sn90O         Ia-norm    0.6173   1.05   0.0834   0.0272    19.10  0    cut
 512  sn94D         Ia-norm    0.6376   1.05   0.0794   0.0296    24.20  0    cut
 513  sn89B         Ia-norm    0.6376   1.05   0.0784   0.0281    18.40  0    cut
 514  sn99ac        Ia-91T     0.6376   1.05   0.0896   0.0399    33.90  0    cut
 515  sn04eo        Ia-norm    0.6051   1.05   0.3949   0.0242    71.10  0    cut
 516  sn03du        Ia-norm    0.6376   1.04   0.0774   0.0278    26.70  0    cut
 517  sn04eo        Ia-norm    0.6376   1.04   0.0788   0.0244    12.40  0    cut
 518  sn99by        Ia-91bg    0.5889   1.03   0.1129   0.0587    42.10  0    cut
 519  sn94D         Ia-norm    0.5835   1.03   0.4002   0.0206    50.10  0    cut
 520  sn04eo        Ia-norm    0.6376   1.03   0.0783   0.0298    20.80  0    cut
 521  sn94D         Ia-norm    0.5808   1.03   0.3131   0.0275    14.30  0    cut
 522  sn03du        Ia-norm    0.6376   1.03   0.0696   0.0323    59.30  0    cut
 523  sn04eo        Ia-norm    0.5794   1.03   0.3101   0.0277    23.40  0    cut
 524  sn99ac        Ia-91T     0.6376   1.02   0.0874   0.0409    39.90  0    cut
 525  sn94D         Ia-norm    0.5862   1.02   0.3128   0.0270    15.20  0    cut
 526  sn05gj        Ia-csm     0.6200   1.02   0.0659   0.0258    39.40  0    cut
 527  sn92A         Ia-norm    0.6133   1.01   0.0919   0.0408    24.20  0    cut
 528  sn98bu        Ia-norm    0.5876   1.01   0.0809   0.0264    14.30  0    cut
 529  sn98bu        Ia-norm    0.5876   1.01   0.3123   0.0277    31.10  0    cut
 530  sn02er        Ia-norm    0.6376   1.01   0.0902   0.0350    16.40  0    cut
 531  sn02cx        Ia-pec     0.6376   1.01   0.3029   0.0260    24.10  0    cut
 532  sn89B         Ia-norm    0.6376   1.01   0.0788   0.0331    22.40  0    cut
 533  sn02er        Ia-norm    0.6376   1.01   0.0902   0.0350    15.50  0    cut
 534  sn05hk        Ia-pec     0.6376   1.01   0.3306   0.0288    -4.30  0    cut
 535  sn03du        Ia-norm    0.6106   1.01   0.0787   0.0268    17.80  0    cut
 536  sn94D         Ia-norm    0.5889   1.01   0.0818   0.0252    13.40  0    cut
 537  sn02bo        Ia-norm    0.5889   1.00   0.0855   0.0278    13.80  0    cut
 538  sn05gj        Ia-csm     0.6092   1.00   0.3072   0.0301    42.30  0    cut
 539  sn81B         Ia-norm    0.6092   1.00   0.0916   0.0270    16.00  0    cut
 540  sn05gj        Ia-csm     0.5930   1.00   0.3046   0.0294    67.70  0    cut
 541  sn97cn        Ia-91bg    0.6376   1.00   0.0684   0.0280    43.40  0    cut
 542  sn91bg        Ia-91bg    0.6376   1.00   0.0687   0.0334    54.50  0    cut
 543  sn91T         Ia-91T     0.6376   1.00   0.0685   0.0336    67.60  0    cut
 544  sn98bu        Ia-norm    0.5876   1.00   0.3112   0.0269    39.20  0    cut
 545  sn02cx        Ia-pec     0.6376   1.00   0.3029   0.0255    23.00  0    cut
 546  sn98aq        Ia-norm    0.5889   0.99   0.3124   0.0273    35.80  0    cut
 547  sn98bu        Ia-norm    0.5889   0.99   0.3111   0.0273    34.20  0    cut
 548  sn81B         Ia-norm    0.6038   0.99   0.0850   0.0267    16.90  0    cut
 549  sn97br        Ia-91T     0.6119   0.99   0.3170   0.0280    21.30  0    cut
 550  sn04eo        Ia-norm    0.6079   0.99   0.4009   0.0232    45.40  0    cut
 551  sn89B         Ia-norm    0.6376   0.99   0.0781   0.0306    20.40  0    cut
 552  sn05hk        Ia-pec     0.6376   0.99   0.3306   0.0278    -6.30  0    cut
 553  sn98bu        Ia-norm    0.5876   0.99   0.3107   0.0267    44.10  0    cut
 554  sn98bu        Ia-norm    0.5876   0.98   0.3113   0.0277    32.10  0    cut
 555  sn98bu        Ia-norm    0.5889   0.98   0.3111   0.0271    37.20  0    cut
 556  sn94D         Ia-norm    0.6160   0.98   0.0805   0.0250    12.20  0    cut
 557  sn89B         Ia-norm    0.6376   0.98   0.0803   0.0365    23.40  0    cut
 558  sn05hk        Ia-pec     0.6376   0.98   0.3309   0.0284    -5.30  0    cut
 559  sn97br        Ia-91T     0.5930   0.98   0.3183   0.0282    17.40  0    cut
 560  sn03du        Ia-norm    0.5970   0.98   0.4000   0.0222    39.50  0    cut
 561  sn97br        Ia-91T     0.6376   0.98   0.0784   0.0269    12.40  0    cut
 562  sn03du        Ia-norm    0.5930   0.98   0.3999   0.0226    51.80  0    cut
 563  sn98bu        Ia-norm    0.5889   0.98   0.3109   0.0276    38.20  0    cut
 564  sn03du        Ia-norm    0.6376   0.98   0.0775   0.0270    21.80  0    cut
 565  sn98aq        Ia-norm    0.5889   0.98   0.0592   0.0304    78.60  0    cut
 566  sn05gj        Ia-csm     0.6255   0.98   0.1472   0.0466   133.50  0    cut
 567  sn00cx        Ia-pec     0.4941   0.97   0.0855   0.0379    26.40  0    cut
 568  sn98bu        Ia-norm    0.5889   0.97   0.3110   0.0275    36.20  0    cut
 569  sn98aq        Ia-norm    0.5889   0.97   0.3125   0.0282    33.80  0    cut
 570  sn03du        Ia-norm    0.6376   0.97   0.0777   0.0304    31.80  0    cut
 571  sn95D         Ia-norm    0.6133   0.97   0.0801   0.0463    69.60  0    cut
 572  sn94Q         Ia-norm    0.5916   0.97   0.0846   0.0522    41.60  0    cut
 573  sn98aq        Ia-norm    0.5903   0.97   0.3124   0.0276    30.80  0    cut
 574  sn02bo        Ia-norm    0.5903   0.97   0.0898   0.0485    54.60  0    cut
 575  sn00cx        Ia-pec     0.5320   0.97   0.3203   0.0271    30.40  0    cut
 576  sn91bg        Ia-91bg    0.6363   0.97   0.0687   0.0322    53.30  0    cut
 577  sn05gj        Ia-csm     0.6092   0.97   0.0701   0.0306    27.30  0    cut
 578  sn98bu        Ia-norm    0.5889   0.97   0.3118   0.0285    28.20  0    cut
 579  sn98bu        Ia-norm    0.5889   0.97   0.3116   0.0286    29.20  0    cut
 580  sn98aq        Ia-norm    0.5889   0.96   0.3122   0.0283    31.80  0    cut
 581  sn99aa        Ia-91T     0.6376   0.96   0.0939   0.0298    21.10  0    cut
 582  sn98bu        Ia-norm    0.5889   0.96   0.3116   0.0282    30.20  0    cut
 583  sn03du        Ia-norm    0.5903   0.96   0.3989   0.0226    56.70  0    cut
 584  sn03du        Ia-norm    0.5916   0.96   0.4001   0.0225    49.80  0    cut
 585  sn05hk        Ia-pec     0.6376   0.96   0.5514   0.0261    -9.30  0    cut
 586  sn99by        Ia-91bg    0.5889   0.96   0.1133   0.0622    33.10  0    cut
 587  sn98aq        Ia-norm    0.5889   0.96   0.3113   0.0265    50.60  0    cut
 588  sn91T         Ia-91T     0.6376   0.95   0.0750   0.0292    24.80  0    cut
 589  sn04S         Ia-norm    0.6376   0.95   0.0821   0.0480    42.10  0    cut
 590  sn94D         Ia-norm    0.5754   0.95   0.4015   0.0218    55.10  0    cut
 591  sn03du        Ia-norm    0.5916   0.95   0.0797   0.0276    17.00  0    cut
 592  sn92A         Ia-norm    0.6106   0.95   0.0908   0.0275    16.30  0    cut
 593  sn89B         Ia-norm    0.6376   0.95   0.0818   0.0391    24.40  0    cut
 594  sn94D         Ia-norm    0.5916   0.95   0.1069   0.0570    48.00  0    cut
 595  sn94D         Ia-norm    0.6214   0.95   0.0792   0.0284    19.20  0    cut
 596  sn94D         Ia-norm    0.5794   0.95   0.3984   0.0214    57.10  0    cut
 597  sn91bg        Ia-91bg    0.5862   0.95   0.1767   0.0364   202.70  0    cut
 598  sn99by        Ia-91bg    0.5889   0.94   0.0792   0.0610    25.10  0    cut
 599  sn02bo        Ia-norm    0.5903   0.94   0.0865   0.0433    23.80  0    cut
 600  sn05hk        Ia-pec     0.6376   0.94   0.3310   0.0291    -7.30  0    cut
 601  sn94D         Ia-norm    0.6173   0.94   0.0778   0.0267    15.20  0    cut
 602  sn91bg        Ia-91bg    0.6363   0.94   0.0689   0.0329    53.50  0    cut
 603  sn03du        Ia-norm    0.5930   0.93   0.3116   0.0276    29.00  0    cut
 604  sn03du        Ia-norm    0.5916   0.93   0.3119   0.0278    34.00  0    cut
 605  sn95E         Ia-norm    0.6349   0.93   0.0799   0.0375    32.70  0    cut
 606  sn97br        Ia-91T     0.5591   0.93   0.3493   0.0274    -8.00  0    cut
 607  sn03du        Ia-norm    0.5916   0.93   0.3974   0.0230    61.70  0    cut
 608  sn04eo        Ia-norm    0.6376   0.92   0.0779   0.0257    14.00  0    cut
 609  sn94Q         Ia-norm    0.5185   0.92   0.0793   0.0329    18.50  0    cut
 610  sn02bo        Ia-norm    0.5889   0.92   0.0850   0.0292    14.80  0    cut
 611  sn95bd        Ia-norm    0.5090   0.92   0.3179   0.0295    21.10  0    cut
 612  sn94D         Ia-norm    0.5835   0.91   0.3998   0.0220    59.10  0    cut
 613  sn94D         Ia-norm    0.6160   0.91   0.0790   0.0270    17.20  0    cut
 614  sn05hk        Ia-pec     0.6376   0.91   0.3308   0.0281    -8.30  0    cut
 615  sn94D         Ia-norm    0.5916   0.91   0.3989   0.0227    50.00  0    cut
 616  sn98aq        Ia-norm    0.5889   0.91   0.4004   0.0226    54.70  0    cut
 617  sn02ic        Ia-csm     0.5659   0.90   0.1380   0.0539    65.60  0    cut
 618  sn98bu        Ia-norm    0.5876   0.90   0.3105   0.0264    57.10  0    cut
 619  sn03du        Ia-norm    0.6376   0.90   0.0768   0.0326    34.60  0    cut
 620  sn98aq        Ia-norm    0.5889   0.90   0.3997   0.0229    57.70  0    cut
 621  sn91bg        Ia-91bg    0.5862   0.90   0.0524   0.0226   143.00  0    cut
 622  sn92A         Ia-norm    0.6133   0.90   0.0889   0.0467    28.20  0    cut
 623  sn04eo        Ia-norm    0.5537   0.90   0.3086   0.0278    67.00  0    cut
 624  sn98aq        Ia-norm    0.5889   0.90   0.3144   0.0271    20.80  0    cut
 625  sn94ae        Ia-norm    0.6065   0.90   0.0807   0.0488    40.10  0    cut
 626  sn91bg        Ia-91bg    0.6349   0.89   0.0716   0.0352    46.30  0    cut
 627  sn89B         Ia-norm    0.6214   0.89   0.0797   0.0461    31.40  0    cut
 628  sn00cx        Ia-pec     0.4941   0.89   0.1866   0.0521    19.40  0    cut
 629  sn02ic        Ia-csm     0.6376   0.89   0.3118   0.0310    44.10  0    cut
 630  sn03du        Ia-norm    0.5903   0.89   0.3975   0.0241    60.70  0    cut
 631  sn94ae        Ia-norm    0.5957   0.89   0.0618   0.0549    87.80  0    cut
 632  sn02bo        Ia-norm    0.5903   0.88   0.0848   0.0298    15.70  0    cut
 633  sn98bu        Ia-norm    0.5889   0.88   0.4011   0.0226    41.10  0    cut
 634  sn89B         Ia-norm    0.6079   0.88   0.0589   0.0293    49.20  0    cut
 635  sn02bo        Ia-norm    0.5903   0.87   0.0854   0.0370    21.70  0    cut
 636  sn99aw        Ia-91T     0.6200   0.87   0.0888   0.0388    35.90  0    cut
 637  sn99aa        Ia-91T     0.6376   0.87   0.0962   0.0410    29.10  0    cut
 638  sn98aq        Ia-norm    0.5889   0.87   0.3992   0.0235    59.60  0    cut
 639  sn00cx        Ia-pec     0.4968   0.87   0.3217   0.0283    28.40  0    cut
 640  sn94M         Ia-norm    0.5862   0.87   0.3085   0.0334    34.10  0    cut
 641  sn98bu        Ia-norm    0.5889   0.87   0.4009   0.0228    43.10  0    cut
 642  sn99by        Ia-91bg    0.5889   0.86   0.0787   0.0641    29.10  0    cut
 643  sn98bu        Ia-norm    0.5889   0.86   0.4010   0.0229    42.10  0    cut
 644  sn98aq        Ia-norm    0.5889   0.86   0.3985   0.0238    62.60  0    cut
 645  sn95D         Ia-norm    0.6133   0.86   0.4008   0.0250    42.80  0    cut
 646  sn98bu        Ia-norm    0.5889   0.85   0.4013   0.0227    40.10  0    cut
 647  sn99aa        Ia-91T     0.6376   0.85   0.0938   0.0340    26.20  0    cut
 648  sn02bo        Ia-norm    0.5889   0.85   0.0852   0.0362    20.70  0    cut
 649  sn94D         Ia-norm    0.6146   0.85   0.0816   0.0264    13.20  0    cut
 650  sn86G         Ia-91bg    0.5496   0.85   0.3081   0.0282    52.00  0    cut
 651  sn96X         Ia-norm    0.6376   0.85   0.0791   0.0286    22.50  0    cut
 652  sn91bg        Ia-91bg    0.5957   0.84   0.3869   0.0329   117.20  0    cut
 653  sn02bo        Ia-norm    0.5889   0.84   0.0847   0.0311    16.70  0    cut
 654  sn94S         Ia-norm    0.6376   0.84   0.0753   0.0292    20.90  0    cut
 655  sn96X         Ia-norm    0.6376   0.84   0.0795   0.0334    31.70  0    cut
 656  sn91T         Ia-91T     0.4427   0.84   0.3190   0.0290    18.60  0    cut
 657  sn86G         Ia-91bg    0.5496   0.84   0.1712   0.0226    56.00  0    cut
 658  sn96X         Ia-norm    0.6187   0.84   0.0798   0.0277    20.80  0    cut
 659  sn91T         Ia-91T     0.6376   0.84   0.0714   0.0369    46.60  0    cut
 660  sn02bo        Ia-norm    0.5889   0.84   0.0847   0.0328    18.70  0    cut
 661  sn05hk        Ia-pec     0.6376   0.83   0.0578   0.0277    20.30  0    cut
 662  sn96X         Ia-norm    0.6376   0.83   0.0792   0.0301    24.70  0    cut
 663  sn02bo        Ia-norm    0.5889   0.83   0.0841   0.0318    17.80  0    cut
 664  sn89B         Ia-norm    0.6268   0.83   0.0793   0.0559    37.30  0    cut
 665  sn02bo        Ia-norm    0.5889   0.83   0.0852   0.0344    19.80  0    cut
 666  sn99aa        Ia-91T     0.6268   0.83   0.1010   0.0481    41.10  0    cut
 667  sn03du        Ia-norm    0.5970   0.83   0.0794   0.0283    19.60  0    cut
 668  sn00cx        Ia-pec     0.4955   0.82   0.1858   0.0502    22.40  0    cut
 669  sn99by        Ia-91bg    0.5889   0.82   0.0783   0.0664    31.10  0    cut
 670  sn89B         Ia-norm    0.6160   0.81   0.0803   0.0542    25.40  0    cut
 671  sn98bu        Ia-norm    0.5889   0.81   0.1162   0.0656    35.20  0    cut
 672  sn91bg        Ia-91bg    0.6160   0.81   0.0714   0.0603    46.50  0    cut
 673  sn05hk        Ia-pec     0.6376   0.81   0.0573   0.0285    23.40  0    cut
 674  sn03du        Ia-norm    0.5916   0.81   0.0787   0.0295    19.00  0    cut
 675  sn91T         Ia-91T     0.5876   0.81   0.0610   0.0439   260.40  0    cut
 676  sn05gj        Ia-csm     0.6133   0.81   0.1389   0.0405    92.10  0    cut
 677  sn86G         Ia-91bg    0.5496   0.80   0.1707   0.0230    54.00  0    cut
 678  sn98aq        Ia-norm    0.5876   0.80   0.0776   0.0317    18.80  0    cut
 679  sn98aq        Ia-norm    0.5889   0.80   0.3977   0.0244    65.60  0    cut
 680  sn91T         Ia-91T     0.6376   0.80   0.0720   0.0369    45.70  0    cut
 681  sn94D         Ia-norm    0.5903   0.80   0.0793   0.0292    17.40  0    cut
 682  sn94D         Ia-norm    0.5903   0.79   0.0802   0.0289    15.30  0    cut
 683  sn98bu        Ia-norm    0.5889   0.79   0.1171   0.0683    33.20  0    cut
 684  sn04eo        Ia-norm    0.6038   0.79   0.0801   0.0666    29.70  0    cut
 685  sn97br        Ia-91T     0.6160   0.79   0.3120   0.0288    49.10  0    cut
 686  sn03du        Ia-norm    0.5930   0.79   0.0784   0.0297    20.00  0    cut
 687  sn94ae        Ia-norm    0.5957   0.79   0.0634   0.0615    70.00  0    cut
 688  sn04eo        Ia-norm    0.6038   0.78   0.0777   0.0549    21.40  0    cut
 689  sn94D         Ia-norm    0.6376   0.78   0.0795   0.0305    16.30  0    cut
 690  sn90O         Ia-norm    0.5740   0.78   0.0814   0.0318    19.90  0    cut
 691  sn05gj        Ia-csm     0.6241   0.77   0.3058   0.0324    63.90  0    cut
 692  sn95bd        Ia-norm    0.5375   0.77   0.0532   0.0637    72.30  0    cut
 693  sn03du        Ia-norm    0.5930   0.76   0.0791   0.0359    26.00  0    cut
 694  sn03du        Ia-norm    0.5930   0.76   0.0780   0.0303    22.00  0    cut
 695  sn99aa        Ia-91T     0.6268   0.76   0.0944   0.0487    53.90  0    cut
 696  sn04eo        Ia-norm    0.6336   0.76   0.0749   0.0416    53.30  0    cut
 697  sn05gj        Ia-csm     0.5930   0.75   0.1379   0.0583    75.30  0    cut
 698  sn99aa        Ia-91T     0.6376   0.75   0.0852   0.0423    50.00  0    cut
 699  sn03du        Ia-norm    0.5916   0.74   0.0781   0.0316    24.00  0    cut
 700  sn95D         Ia-norm    0.6376   0.74   0.0755   0.0340    37.80  0    cut
 701  sn03du        Ia-norm    0.5686   0.73   0.1846   0.0332    87.10  0    cut
 702  sn97cn        Ia-91bg    0.4657   0.73   0.2382   0.0368    28.70  0    cut
 703  sn99aa        Ia-91T     0.6376   0.73   0.0954   0.0436    34.10  0    cut
 704  sn03cg        Ia-norm    0.6376   0.73   0.0865   0.0316    16.40  0    cut
 705  sn05gj        Ia-csm     0.6227   0.72   0.1355   0.0464    65.80  0    cut
 706  sn05gj        Ia-csm     0.6241   0.72   0.3068   0.0340    64.90  0    cut
 707  sn00cx        Ia-pec     0.4928   0.71   0.1805   0.0371    24.40  0    cut
 708  sn03du        Ia-norm    0.6092   0.70   0.0854   0.0709    37.40  0    cut
 709  sn03cg        Ia-norm    0.6376   0.69   0.0783   0.0433    52.40  0    cut
 710  sn05gj        Ia-csm     0.6227   0.69   0.3045   0.0325    66.80  0    cut
 711  sn02bo        Ia-norm    0.5903   0.67   0.0863   0.0649    72.50  0    cut
 712  sn97br        Ia-91T     0.6376   0.65   0.0683   0.0374    71.90  0    cut
 713  sn05gj        Ia-csm     0.6241   0.64   0.3026   0.0371    63.00  0    cut
 714  sn02bo        Ia-norm    0.5903   0.60   0.0748   0.0644    79.40  0    cut
