### SNID output file ###
 
### input spectrum and options ###
# Input spectrum                 : 5994_0.30.dat
# Parameter file                 : NA
# Wavelength range               :    3852.48   8892.78
# Mask file                      : NA
# Median filtering width [A]     : NA
# Median filtering width [pix]   :       1.00
# Clip emission redshift         : NA
# Clip sky lines                 : 0
# Emission clip width [A]        : NA
# Keep A-band                    : 1
# Age range                      :     -90.00   1000.00
# Delta range                    :      -9.99     99.90
# Min. number of spectra/template:   1
# Use only templates             : NA
# Use only types                 : Ia
# Avoid templates                : NA
# Avoid types                    : NA
# rlapmin                        :       5.00
# Redshift range                 :    -0.0100    1.2000
# Forced initial redshift        : NA
# Extra fake redshift            : NA
# Nsigma for initial redshift    : NA
# Redshift filter                :     0.0200
# Wavenumbers k1,k2,k3,k4        :     1    4   85  102
# Template directory             : /Users/daniel/snid-5.0/templates/
 
### initial/user-input redshift ###
zinit       0.1920
zuser       0.1920
 
### median redshift/age and error ###
zmed        0.1924    0.0055
agem         -0.20      4.16
 
### type fraction/redshift/age ###
#type ntemp fraction slope redshift redshift_error age age_error
Ia             69      1.00    0.0000    0.1924    0.0055    -0.200     4.161
Ia-norm        66      0.96    0.0175    0.1923    0.0055    -0.450     4.213
Ia-91T          3      0.04   -0.0160    0.1972    0.0026     0.800     1.550
Ia-91bg         0      0.00    0.0000    0.0000    0.0000     0.000     0.000
Ia-csm          0      0.00    0.0000    0.0000    0.0000     0.000     0.000
Ia-pec          0      0.00    0.0000    0.0000    0.0000     0.000     0.000
###
Ib              0      0.00    0.0000    0.0000    0.0000     0.000     0.000
Ib-norm         0      0.00    0.0000    0.0000    0.0000     0.000     0.000
Ib-pec          0      0.00    0.0000    0.0000    0.0000     0.000     0.000
IIb             0      0.00    0.0000    0.0000    0.0000     0.000     0.000
###
Ic              0      0.00    0.0000    0.0000    0.0000     0.000     0.000
Ic-norm         0      0.00    0.0000    0.0000    0.0000     0.000     0.000
Ic-pec          0      0.00    0.0000    0.0000    0.0000     0.000     0.000
Ic-broad        0      0.00    0.0000    0.0000    0.0000     0.000     0.000
###
II              0      0.00    0.0000    0.0000    0.0000     0.000     0.000
IIP             0      0.00    0.0000    0.0000    0.0000     0.000     0.000
II-pec          0      0.00    0.0000    0.0000    0.0000     0.000     0.000
IIn             0      0.00    0.0000    0.0000    0.0000     0.000     0.000
IIL             0      0.00    0.0000    0.0000    0.0000     0.000     0.000
###
NotSN           0      0.00    0.0000    0.0000    0.0000     0.000     0.000
AGN             0      0.00    0.0000    0.0000    0.0000     0.000     0.000
Gal             0      0.00    0.0000    0.0000    0.0000     0.000     0.000
LBV             0      0.00    0.0000    0.0000    0.0000     0.000     0.000
M-star          0      0.00    0.0000    0.0000    0.0000     0.000     0.000
 
### rlap-ordered template listings ###
#no. sn type lap rlap z zerr age age_flag grade
   1  sn03du        Ia-norm    0.8299   8.71   0.1859   0.0063     5.00  0   good
   2  sn94D         Ia-norm    0.8028   8.54   0.1926   0.0066    -4.80  0   good
   3  sn03du        Ia-norm    0.7581   8.47   0.1855   0.0063     3.90  0   good
   4  sn03du        Ia-norm    0.7568   8.33   0.1878   0.0066     1.90  0   good
   5  sn81B         Ia-norm    0.8326   7.87   0.2005   0.0069     0.00  0   good
   6  sn81B         Ia-norm    0.8326   7.74   0.2005   0.0069    -0.90  0   good
   7  sn95D         Ia-norm    0.6904   7.52   0.1865   0.0072     4.20  0   good
   8  sn94D         Ia-norm    0.7757   7.47   0.1897   0.0070    -1.80  0   good
   9  sn03du        Ia-norm    0.7581   7.45   0.1887   0.0074     0.80  0   good
  10  sn02er        Ia-norm    0.8326   7.41   0.1936   0.0077    -1.50  0   good
  11  sn92A         Ia-norm    0.7690   7.36   0.2051   0.0075    -5.00  0   good
  12  sn02er        Ia-norm    0.8326   7.23   0.1945   0.0080    -2.50  0   good
  13  sn03du        Ia-norm    0.7581   7.19   0.1886   0.0077    -0.20  0   good
  14  sn94ae        Ia-norm    0.6918   7.18   0.1882   0.0074     3.30  0   good
  15  sn94D         Ia-norm    0.6498   7.17   0.1928   0.0071    -7.70  0   good
  16  sn02er        Ia-norm    0.7879   7.12   0.1931   0.0079    -3.50  0   good
  17  sn03du        Ia-norm    0.7744   7.05   0.1893   0.0079    -1.10  0   good
  18  sn91M         Ia-norm    0.7216   7.03   0.1928   0.0076     2.70  0   good
  19  sn02er        Ia-norm    0.8042   7.00   0.2000   0.0089    -8.40  0   good
  20  sn94D         Ia-norm    0.7784   6.86   0.1849   0.0072     2.90  0   good
  21  sn92A         Ia-norm    0.7703   6.82   0.1969   0.0076     2.40  0   good
  22  sn92A         Ia-norm    0.7690   6.74   0.2000   0.0076    -0.40  0   good
  23  sn94ae        Ia-norm    0.6783   6.72   0.1876   0.0077     4.40  0   good
  24  sn94ae        Ia-norm    0.7311   6.69   0.1899   0.0077     1.30  0   good
  25  sn03du        Ia-norm    0.8326   6.68   0.1932   0.0092    -3.20  0   good
  26  sn94ae        Ia-norm    0.6647   6.68   0.1884   0.0077     2.30  0   good
  27  sn99aw        Ia-91T     0.7893   6.62   0.2004   0.0087     0.30  0   good
  28  sn02bo        Ia-norm    0.8326   6.59   0.2014   0.0090    -4.50  0   good
  29  sn94D         Ia-norm    0.8326   6.50   0.1942   0.0088    -5.60  0   good
  30  sn02er        Ia-norm    0.7256   6.44   0.1968   0.0091    -5.40  0   good
  31  sn02er        Ia-norm    0.7893   6.38   0.1980   0.0091    -6.40  0   good
  32  sn94D         Ia-norm    0.8326   6.34   0.1924   0.0088    -3.80  0   good
  33  sn94D         Ia-norm    0.6945   6.27   0.1896   0.0076     0.40  0   good
  34  sn02er        Ia-norm    0.8326   6.22   0.1884   0.0086     3.40  0   good
  35  sn89B         Ia-norm    0.8326   6.16   0.1891   0.0089    -0.50  0   good
  36  sn89B         Ia-norm    0.8326   6.15   0.1923   0.0091    -6.30  0   good
  37  sn96X         Ia-norm    0.8326   5.93   0.1876   0.0085     0.90  0   good
  38  sn02er        Ia-norm    0.8326   5.88   0.1983   0.0100    -4.40  0   good
  39  sn03du        Ia-norm    0.8326   5.88   0.1949   0.0105    -5.00  0   good
  40  sn94D         Ia-norm    0.6701   5.87   0.1935   0.0088    -8.70  0   good
  41  sn96X         Ia-norm    0.8326   5.80   0.1868   0.0087     1.90  0   good
  42  sn04eo        Ia-norm    0.8136   5.78   0.1909   0.0094    -6.40  0   good
  43  sn95D         Ia-norm    0.7297   5.76   0.1847   0.0087     6.10  0   good
  44  sn94D         Ia-norm    0.6959   5.74   0.1905   0.0082    -3.60  0   good
  45  sn02bo        Ia-norm    0.8109   5.73   0.1974   0.0099    -1.40  0   good
  46  sn94M         Ia-norm    0.6376   5.63   0.1937   0.0088     4.00  0   good
  47  sn94ae        Ia-norm    0.6512   5.61   0.1895   0.0083     3.30  0   good
  48  sn03du        Ia-norm    0.7514   5.60   0.1944   0.0102    -7.00  0   good
  49  sn90O         Ia-norm    0.8326   5.60   0.2034   0.0108    -5.10  0   good
  50  sn94D         Ia-norm    0.6972   5.53   0.1912   0.0085    -2.60  0   good
  51  sn99ee        Ia-norm    0.8218   5.51   0.1938   0.0104     2.20  0   good
  52  sn94D         Ia-norm    0.6999   5.46   0.1923   0.0086    -4.70  0   good
  53  sn94D         Ia-norm    0.7013   5.43   0.1972   0.0097    -9.50  0   good
  54  sn96X         Ia-norm    0.7229   5.37   0.1899   0.0084     0.00  0   good
  55  sn03du        Ia-norm    0.7784   5.33   0.2082   0.0106   -10.10  0   good
  56  sn94ae        Ia-norm    0.6864   5.30   0.1870   0.0093     6.40  0   good
  57  sn03du        Ia-norm    0.6945   5.28   0.1885   0.0087     2.20  0   good
  58  sn90N         Ia-norm    0.8326   5.26   0.1851   0.0092     4.90  0   good
  59  sn03du        Ia-norm    0.6972   5.18   0.1882   0.0087     3.10  0   good
  60  sn99aw        Ia-91T     0.7554   5.16   0.1972   0.0105     3.20  0   good
  61  sn02er        Ia-norm    0.7663   5.16   0.1903   0.0096    -0.50  0   good
  62  sn99ac        Ia-91T     0.7811   5.15   0.1953   0.0103     0.80  0   good
  63  sn99ee        Ia-norm    0.8204   5.14   0.1954   0.0113     0.30  0   good
  64  sn96X         Ia-norm    0.7216   5.11   0.1887   0.0087     1.90  0   good
  65  sn04S         Ia-norm    0.8326   5.09   0.1947   0.0123     1.70  0   good
  66  sn90O         Ia-norm    0.8326   5.08   0.2049   0.0122    -6.10  0   good
  67  sn94D         Ia-norm    0.7649   5.08   0.1885   0.0087     2.20  0   good
  68  sn03du        Ia-norm    0.7744   5.07   0.2041   0.0108    -6.20  0   good
  69  sn96X         Ia-norm    0.7229   5.00   0.1895   0.0089     1.00  0   good
#--- rlap cutoff
  70  sn92A         Ia-norm    0.8326   4.99   0.2013   0.0096     5.90  0    cut
  71  sn89B         Ia-norm    0.6498   4.99   0.1859   0.0095     3.50  0    cut
  72  sn90N         Ia-norm    0.5794   4.91   0.1839   0.0088     2.60  0    cut
  73  sn98aq        Ia-norm    0.6945   4.84   0.1886   0.0094     2.90  0    cut
  74  sn95D         Ia-norm    0.7351   4.81   0.1839   0.0099     8.10  0    cut
  75  sn90O         Ia-norm    0.8326   4.80   0.2063   0.0132    -7.10  0    cut
  76  sn03du        Ia-norm    0.6972   4.79   0.1894   0.0097    -0.80  0    cut
  77  sn99ac        Ia-91T     0.8231   4.79   0.1949   0.0107     3.10  0    cut
  78  sn98aq        Ia-norm    0.6945   4.78   0.1889   0.0096     1.90  0    cut
  79  sn98aq        Ia-norm    0.6945   4.76   0.1885   0.0094     3.90  0    cut
  80  sn96X         Ia-norm    0.7216   4.75   0.1887   0.0092     2.90  0    cut
  81  sn94M         Ia-norm    0.6769   4.73   0.1933   0.0100     5.00  0    cut
  82  sn96X         Ia-norm    0.7229   4.68   0.1910   0.0095    -3.00  0    cut
  83  sn96X         Ia-norm    0.7229   4.65   0.1909   0.0094    -2.00  0    cut
  84  sn02bo        Ia-norm    0.7839   4.64   0.1951   0.0114    -0.30  0    cut
  85  sn02er        Ia-norm    0.8069   4.63   0.1866   0.0103     5.50  0    cut
  86  sn98aq        Ia-norm    0.6931   4.61   0.1890   0.0101     0.90  0    cut
  87  sn92A         Ia-norm    0.6891   4.58   0.2035   0.0101    -5.00  0    cut
  88  sn03cg        Ia-norm    0.7148   4.57   0.1884   0.0095     1.50  0    cut
  89  sn96X         Ia-norm    0.6904   4.56   0.1897   0.0098    -1.10  0    cut
  90  sn04S         Ia-norm    0.8326   4.56   0.1888   0.0126     7.50  0    cut
  91  sn92A         Ia-norm    0.6837   4.55   0.2003   0.0099    -0.60  0    cut
  92  sn94D         Ia-norm    0.7866   4.54   0.2141   0.0150   -10.70  0    cut
  93  sn94ae        Ia-norm    0.8326   4.52   0.1838   0.0105     9.40  0    cut
  94  sn02bo        Ia-norm    0.8326   4.49   0.1906   0.0113     5.50  0    cut
  95  sn96X         Ia-norm    0.6837   4.48   0.1902   0.0100    -0.90  0    cut
  96  sn98aq        Ia-norm    0.6945   4.47   0.1883   0.0097     4.90  0    cut
  97  sn03cg        Ia-norm    0.6918   4.45   0.1913   0.0103    -5.90  0    cut
  98  sn98aq        Ia-norm    0.6837   4.39   0.1894   0.0105     0.00  0    cut
  99  sn03du        Ia-norm    0.7229   4.35   0.1849   0.0102     7.90  0    cut
 100  sn03cg        Ia-norm    0.7135   4.32   0.1920   0.0101    -6.80  0    cut
 101  sn02bo        Ia-norm    0.7568   4.28   0.1975   0.0121    -2.50  0    cut
 102  sn94S         Ia-norm    0.6837   4.25   0.1889   0.0110     1.40  0    cut
 103  sn02bo        Ia-norm    0.7541   4.25   0.1958   0.0121    -1.50  0    cut
 104  sn94D         Ia-norm    0.8326   4.23   0.2133   0.0156   -10.60  0    cut
 105  sn03cg        Ia-norm    0.6241   4.21   0.1896   0.0102    -2.30  0    cut
 106  sn94S         Ia-norm    0.6092   4.18   0.1943   0.0143    -2.50  0    cut
 107  sn98bu        Ia-norm    0.6918   4.18   0.1899   0.0107    -0.70  0    cut
 108  sn96X         Ia-norm    0.7189   4.13   0.1877   0.0100     4.90  0    cut
 109  sn96C         Ia-norm    0.7649   4.13   0.1838   0.0114     8.30  0    cut
 110  sn98bu        Ia-norm    0.6918   4.04   0.1904   0.0109    -1.70  0    cut
 111  sn99ee        Ia-norm    0.7893   4.04   0.1914   0.0122     7.10  0    cut
 112  sn92A         Ia-norm    0.6850   4.03   0.1978   0.0110     3.30  0    cut
 113  sn98aq        Ia-norm    0.6945   4.02   0.1881   0.0104     5.90  0    cut
 114  sn02bo        Ia-norm    0.7500   4.00   0.1985   0.0128    -3.40  0    cut
 115  sn03du        Ia-norm    0.6945   3.94   0.1925   0.0122    -7.80  0    cut
 116  sn05hj        Ia-norm    0.6336   3.93   0.1897   0.0117    -0.30  0    cut
 117  sn98bu        Ia-norm    0.6918   3.92   0.1905   0.0112    -2.80  0    cut
 118  sn04eo        Ia-norm    0.7622   3.91   0.1845   0.0112     2.20  0    cut
 119  sn92A         Ia-norm    0.7879   3.87   0.1945   0.0115     6.30  0    cut
 120  sn02bo        Ia-norm    0.7554   3.84   0.1963   0.0128    -1.20  0    cut
 121  sn90N         Ia-norm    0.8326   3.83   0.2022   0.0159    -6.40  0    cut
 122  sn99ee        Ia-norm    0.8218   3.83   0.2058   0.0153    -6.70  0    cut
 123  sn99aa        Ia-91T     0.8069   3.82   0.2037   0.0135    -0.60  0    cut
 124  sn03cg        Ia-norm    0.7541   3.81   0.1873   0.0115     4.50  0    cut
 125  sn03cg        Ia-norm    0.6227   3.80   0.1904   0.0112    -1.80  0    cut
 126  sn03cg        Ia-norm    0.6864   3.79   0.1901   0.0113    -0.50  0    cut
 127  sn90O         Ia-norm    0.7148   3.78   0.1970   0.0119    -0.40  0    cut
 128  sn95E         Ia-norm    0.6498   3.77   0.1897   0.0114     0.10  0    cut
 129  sn93ac        Ia-norm    0.8326   3.76   0.1909   0.0122     6.90  0    cut
 130  sn03du        Ia-norm    0.6945   3.73   0.1934   0.0131    -8.80  0    cut
 131  sn90N         Ia-norm    0.8326   3.71   0.2164   0.0170   -13.20  0    cut
 132  sn90N         Ia-norm    0.7554   3.71   0.1902   0.0167   -13.20  0    cut
 133  sn03du        Ia-norm    0.7283   3.68   0.1843   0.0116     8.90  0    cut
 134  sn99ee        Ia-norm    0.8326   3.66   0.2118   0.0156    -8.60  0    cut
 135  sn94S         Ia-norm    0.6810   3.64   0.1900   0.0133    -3.40  0    cut
 136  sn89B         Ia-norm    0.6471   3.63   0.1851   0.0116     5.50  0    cut
 137  sn98aq        Ia-norm    0.7135   3.63   0.1875   0.0143    -8.00  0    cut
 138  sn06gz        Ia-pec     0.6891   3.58   0.1886   0.0124     4.30  0    cut
 139  sn96X         Ia-norm    0.7229   3.56   0.1871   0.0111     5.90  0    cut
 140  sn99aa        Ia-91T     0.8285   3.55   0.2064   0.0146     2.70  0    cut
 141  sn05hj        Ia-norm    0.6322   3.54   0.1887   0.0122     1.60  0    cut
 142  sn04eo        Ia-norm    0.7067   3.51   0.1876   0.0117    -2.80  0    cut
 143  sn98aq        Ia-norm    0.6945   3.46   0.1877   0.0115     6.90  0    cut
 144  sn03du        Ia-norm    0.6972   3.45   0.1945   0.0140    -9.70  0    cut
 145  sn94ae        Ia-norm    0.6986   3.45   0.1841   0.0124     9.30  0    cut
 146  sn02bo        Ia-norm    0.6945   3.43   0.2001   0.0138    -5.10  0    cut
 147  sn95E         Ia-norm    0.7933   3.39   0.1820   0.0122    10.00  0    cut
 148  sn03du        Ia-norm    0.7405   3.38   0.1837   0.0127     9.80  0    cut
 149  sn98aq        Ia-norm    0.6783   3.36   0.1899   0.0135    -9.00  0    cut
 150  sn95E         Ia-norm    0.6024   3.36   0.1910   0.0124    -1.90  0    cut
 151  sn02bo        Ia-norm    0.6945   3.35   0.2011   0.0141    -6.00  0    cut
 152  sn01el        Ia-norm    0.5672   3.35   0.1923   0.0121     1.30  0    cut
 153  sn02bo        Ia-norm    0.6945   3.34   0.2025   0.0141    -7.00  0    cut
 154  sn95E         Ia-norm    0.6363   3.31   0.1899   0.0119     2.00  0    cut
 155  sn02bo        Ia-norm    0.6945   3.31   0.1983   0.0142    -3.10  0    cut
 156  sn02bo        Ia-norm    0.6945   3.29   0.2037   0.0142    -8.10  0    cut
 157  sn02er        Ia-norm    0.7040   3.28   0.2009   0.0123    -7.40  0    cut
 158  sn03cg        Ia-norm    0.6999   3.27   0.1930   0.0128    -7.50  0    cut
 159  sn02bo        Ia-norm    0.6945   3.26   0.1992   0.0143    -4.00  0    cut
 160  sn96X         Ia-norm    0.7202   3.25   0.1867   0.0117     6.90  0    cut
 161  sn94D         Ia-norm    0.7135   3.24   0.2049   0.0165    -9.60  0    cut
 162  sn06gz        Ia-pec     0.6376   3.21   0.1940   0.0121    -2.60  0    cut
 163  sn06gz        Ia-pec     0.6444   3.20   0.1956   0.0116    -5.50  0    cut
 164  sn96X         Ia-norm    0.8326   3.18   0.1840   0.0129     7.80  0    cut
 165  sn02bo        Ia-norm    0.6945   3.18   0.1972   0.0145    -2.10  0    cut
 166  sn01el        Ia-norm    0.5835   3.16   0.1962   0.0131    -3.70  0    cut
 167  sn06gz        Ia-pec     0.7446   3.15   0.1882   0.0129     6.30  0    cut
 168  sn03cg        Ia-norm    0.7148   3.13   0.1921   0.0125    -4.50  0    cut
 169  sn02bo        Ia-norm    0.6945   3.12   0.1964   0.0146    -1.20  0    cut
 170  sn02er        Ia-norm    0.6918   3.11   0.1912   0.0131     1.50  0    cut
 171  sn03du        Ia-norm    0.7446   3.08   0.1996   0.0166   -10.10  0    cut
 172  sn86G         Ia-91bg    0.6133   3.08   0.1888   0.0144    -2.70  0    cut
 173  sn06gz        Ia-pec     0.7419   3.05   0.1985   0.0115   -10.30  0    cut
 174  sn05hk        Ia-pec     0.7459   3.05  -0.0033   0.0148    20.30  0    cut
 175  sn94M         Ia-norm    0.7175   3.03   0.1973   0.0141     3.00  0    cut
 176  sn99ac        Ia-91T     0.8326   3.03   0.1930   0.0142     9.20  0    cut
 177  sn06gz        Ia-pec     0.7473   2.99   0.1977   0.0115    -9.30  0    cut
 178  sn99ee        Ia-norm    0.8204   2.97   0.1889   0.0160    11.10  0    cut
 179  sn03du        Ia-norm    0.7839   2.93   0.1833   0.0140    10.80  0    cut
 180  sn01el        Ia-norm    0.8082   2.91   0.1935   0.0168     9.20  0    cut
 181  sn94ae        Ia-norm    0.7229   2.90   0.1836   0.0142    10.40  0    cut
 182  sn00E         Ia-norm    0.7107   2.90   0.1936   0.0146    -1.40  0    cut
 183  sn06gz        Ia-pec     0.7432   2.89   0.1877   0.0138     7.20  0    cut
 184  sn98bu        Ia-norm    0.5672   2.89   0.1895   0.0139     1.20  0    cut
 185  sn99aw        Ia-91T     0.5848   2.88   0.1921   0.0160    -0.70  0    cut
 186  sn06gz        Ia-pec     0.7392   2.86   0.1998   0.0120   -12.30  0    cut
 187  sn94M         Ia-norm    0.7243   2.83   0.1919   0.0137     7.90  0    cut
 188  sn03fg        Ia-pec     0.8326   2.83   0.1782   0.0139     2.00  0    cut
 189  sn02er        Ia-norm    0.7040   2.79   0.1889   0.0135     4.40  0    cut
 190  sn05hj        Ia-norm    0.6336   2.76   0.1886   0.0142     4.30  0    cut
 191  sn03du        Ia-norm    0.6972   2.75   0.1984   0.0176   -11.70  0    cut
 192  sn00E         Ia-norm    0.7148   2.74   0.1935   0.0158    -2.50  0    cut
 193  sn96X         Ia-norm    0.7229   2.71   0.1857   0.0133     7.90  0    cut
 194  sn02bo        Ia-norm    0.7229   2.67   0.2018   0.0159    -4.40  0    cut
 195  sn97br        Ia-91T     0.6241   2.67   0.4762   0.0171    -6.00  0    cut
 196  sn05hk        Ia-pec     0.7446   2.66   0.0342   0.0253    -2.40  0    cut
 197  sn02bo        Ia-norm    0.7256   2.63   0.0631   0.0233   -12.30  0    cut
 198  sn99aa        Ia-91T     0.7649   2.62   0.0668   0.0238    -8.50  0    cut
 199  sn02bo        Ia-norm    0.7256   2.62   0.0662   0.0233   -13.30  0    cut
 200  sn06gz        Ia-pec     0.7432   2.61   0.1868   0.0146     8.20  0    cut
 201  sn91T         Ia-91T     0.8326   2.61   0.0490   0.0234    -0.20  0    cut
 202  sn95E         Ia-norm    0.6227   2.57   0.1858   0.0143     7.00  0    cut
 203  sn06gz        Ia-pec     0.7107   2.55   0.1980   0.0134   -13.30  0    cut
 204  sn05hj        Ia-norm    0.6363   2.54   0.1915   0.0162    -6.00  0    cut
 205  sn00cx        Ia-pec     0.8001   2.53   0.1948   0.0154     1.60  0    cut
 206  sn86G         Ia-91bg    0.5740   2.52   0.1863   0.0165    -0.40  0    cut
 207  sn06gz        Ia-pec     0.6241   2.51   0.1953   0.0157   -14.30  0    cut
 208  sn89B         Ia-norm    0.6390   2.51   0.1844   0.0152     7.50  0    cut
 209  sn05gj        Ia-csm     0.6336   2.51   0.0137   0.0193    27.30  0    cut
 210  sn00cx        Ia-pec     0.7987   2.51   0.0531   0.0217     5.60  0    cut
 211  sn99ac        Ia-91T     0.7040   2.50   0.2078   0.0216   -13.60  0    cut
 212  sn05hk        Ia-pec     0.7676   2.50   0.0358   0.0249    -4.30  0    cut
 213  sn05hk        Ia-pec     0.7392   2.50   0.0344   0.0260    -3.30  0    cut
 214  sn06gz        Ia-pec     0.6458   2.49   0.1909   0.0139     5.20  0    cut
 215  sn06gz        Ia-pec     0.7094   2.43   0.1988   0.0129   -14.20  0    cut
 216  sn92A         Ia-norm    0.6471   2.41   0.1958   0.0151     7.30  0    cut
 217  sn00E         Ia-norm    0.7378   2.41   0.1941   0.0180    -5.50  0    cut
 218  sn05hk        Ia-pec     0.7446   2.40  -0.0012   0.0180    14.40  0    cut
 219  sn05hk        Ia-pec     0.7459   2.39   0.0337   0.0287    -1.40  0    cut
 220  sn02cx        Ia-pec     0.7839   2.38  -0.0027   0.0202    23.00  0    cut
 221  sn05hk        Ia-pec     0.7392   2.37   0.0372   0.0246    -5.30  0    cut
 222  sn02er        Ia-norm    0.7202   2.36   0.2009   0.0161    -9.40  0    cut
 223  sn02bo        Ia-norm    0.6945   2.36   0.0405   0.0312    11.90  0    cut
 224  sn04eo        Ia-norm    0.7960   2.34   0.1801   0.0158     7.00  0    cut
 225  sn94ae        Ia-norm    0.6823   2.33   0.1837   0.0162    11.30  0    cut
 226  sn06gz        Ia-pec     0.7419   2.33   0.1864   0.0155     9.20  0    cut
 227  sn05gj        Ia-csm     0.6417   2.30   0.0097   0.0195    39.40  0    cut
 228  sn00cx        Ia-pec     0.8001   2.29   0.0517   0.0233     6.50  0    cut
 229  sn06gz        Ia-pec     0.6972   2.29   0.2016   0.0140   -13.30  0    cut
 230  sn02bo        Ia-norm    0.6945   2.28   0.0699   0.0256   -13.10  0    cut
 231  sn02bo        Ia-norm    0.7392   2.25   0.2094   0.0184    -9.40  0    cut
 232  sn02bo        Ia-norm    0.6931   2.25   0.0416   0.0309    10.80  0    cut
 233  sn86G         Ia-91bg    0.6796   2.24   0.1930   0.0172    -3.40  0    cut
 234  sn05hk        Ia-pec     0.7690   2.23   0.0384   0.0246    -7.30  0    cut
 235  sn99by        Ia-91bg    0.7541   2.23   0.1848   0.0162    -2.80  0    cut
 236  sn86G         Ia-91bg    0.6959   2.22   0.1935   0.0172    -4.40  0    cut
 237  sn05hk        Ia-pec     0.7432   2.21   0.0374   0.0259    -6.30  0    cut
 238  sn06gz        Ia-pec     0.6485   2.20   0.1891   0.0151     7.20  0    cut
 239  sn94T         Ia-norm    0.5510   2.20   0.1906   0.0171     1.20  0    cut
 240  sn96X         Ia-norm    0.7229   2.19   0.1854   0.0153     8.90  0    cut
 241  sn00cx        Ia-pec     0.8123   2.19   0.1904   0.0232    31.40  0    cut
 242  sn05hk        Ia-pec     0.8326   2.19   0.0371   0.0257    -5.10  0    cut
 243  sn99ac        Ia-91T     0.8326   2.18   0.1886   0.0180    12.20  0    cut
 244  sn86G         Ia-91bg    0.6810   2.18   0.1919   0.0171    -2.40  0    cut
 245  sn05gj        Ia-csm     0.6336   2.18   0.0096   0.0215    42.30  0    cut
 246  sn97br        Ia-91T     0.6647   2.17   0.4737   0.0229    -8.00  0    cut
 247  sn92A         Ia-norm    0.8326   2.16   0.1915   0.0167     8.70  0    cut
 248  sn92A         Ia-norm    0.8326   2.16   0.1930   0.0170     8.90  0    cut
 249  sn02cx        Ia-pec     0.8326   2.16  -0.0031   0.0214    24.10  0    cut
 250  sn05gj        Ia-csm     0.6295   2.16   0.0168   0.0224    17.90  0    cut
 251  sn91T         Ia-91T     0.8150   2.16   0.0498   0.0267    -9.30  0    cut
 252  sn05hk        Ia-pec     0.8312   2.15  -0.0028   0.0210    23.40  0    cut
 253  sn91T         Ia-91T     0.8163   2.15   0.0509   0.0268   -10.30  0    cut
 254  sn91M         Ia-norm    0.7947   2.15   0.1848   0.0216    25.80  0    cut
 255  sn91T         Ia-91T     0.8326   2.14   0.1207   0.0247   -11.50  0    cut
 256  sn99ac        Ia-91T     0.8069   2.13   0.1867   0.0239    29.00  0    cut
 257  sn00cx        Ia-pec     0.6403   2.12   0.1963   0.0178     0.60  0    cut
 258  sn06gz        Ia-pec     0.7432   2.12   0.1859   0.0165    10.10  0    cut
 259  sn91T         Ia-91T     0.7541   2.11   0.0491   0.0281    -5.30  0    cut
 260  sn90N         Ia-norm    0.6214   2.11   0.4444   0.0269   332.50  0    cut
 261  sn97br        Ia-91T     0.7175   2.10   0.0151   0.0265    21.30  0    cut
 262  sn05hk        Ia-pec     0.8123   2.09   0.0408   0.0263    -8.30  0    cut
 263  sn89B         Ia-norm    0.6566   2.09   0.1825   0.0164     9.50  0    cut
 264  sn00cx        Ia-pec     0.5862   2.07   0.0453   0.0369    24.40  0    cut
 265  sn95D         Ia-norm    0.6552   2.06   0.1849   0.0158    10.10  0    cut
 266  sn91T         Ia-91T     0.7541   2.06   0.0500   0.0284    -6.40  0    cut
 267  sn86G         Ia-91bg    0.5916   2.03   0.1887   0.0177     0.60  0    cut
 268  sn03cg        Ia-norm    0.6471   2.03   0.4408   0.0214   383.10  0    cut
 269  sn91bg        Ia-91bg    0.5781   2.03   0.1833   0.0264    18.60  0    cut
 270  sn04eo        Ia-norm    0.6931   2.02   0.1923   0.0183   -11.00  0    cut
 271  sn97br        Ia-91T     0.7229   2.02   0.0312   0.0322     8.50  0    cut
 272  sn02er        Ia-norm    0.6823   2.01   0.2038   0.0200   -11.30  0    cut
 273  sn02cx        Ia-pec     0.6986   2.01   0.0026   0.0174    10.30  0    cut
 274  sn04S         Ia-norm    0.7595   2.01   0.1833   0.0269    36.20  0    cut
 275  sn02ic        Ia-csm     0.8326   2.00   0.1831   0.0224     5.60  0    cut
 276  sn99ac        Ia-91T     0.7906   2.00   0.1874   0.0263    33.90  0    cut
 277  sn05hk        Ia-pec     0.7432   2.00   0.0400   0.0259    -8.30  0    cut
 278  sn99ac        Ia-91T     0.8069   1.99   0.1860   0.0266    39.90  0    cut
 279  sn99ee        Ia-norm    0.7635   1.99   0.1867   0.0254    27.00  0    cut
 280  sn91bg        Ia-91bg    0.5767   1.99   0.1819   0.0269    16.40  0    cut
 281  sn86G         Ia-91bg    0.5957   1.99   0.1888   0.0179     1.60  0    cut
 282  sn05gj        Ia-csm     0.5794   1.99   0.4297   0.0249    51.80  0    cut
 283  sn99ac        Ia-91T     0.6674   1.98   0.2076   0.0203    -9.60  0    cut
 284  sn05gj        Ia-csm     0.6214   1.98   0.0096   0.0221    40.50  0    cut
 285  sn03cg        Ia-norm    0.7906   1.97   0.1827   0.0184     9.60  0    cut
 286  sn02bo        Ia-norm    0.6945   1.97   0.2112   0.0201   -12.10  0    cut
 287  sn05hk        Ia-pec     0.5916   1.97   0.4259   0.0226    12.40  0    cut
 288  sn05gj        Ia-csm     0.6403   1.95   0.0104   0.0243    38.50  0    cut
 289  sn91M         Ia-norm    0.7947   1.94   0.1834   0.0225    24.80  0    cut
 290  sn05gj        Ia-csm     0.6255   1.94   0.0197   0.0253    10.40  0    cut
 291  sn03cg        Ia-norm    0.7013   1.94   0.1874   0.0168     7.40  0    cut
 292  sn95D         Ia-norm    0.7067   1.93   0.1804   0.0173    11.20  0    cut
 293  sn05hk        Ia-pec     0.6255   1.93   0.4544   0.0216    -6.30  0    cut
 294  sn98aq        Ia-norm    0.6918   1.92   0.4496   0.0278   230.30  0    cut
 295  sn98bu        Ia-norm    0.6931   1.92   0.1860   0.0168     9.30  0    cut
 296  sn86G         Ia-91bg    0.4630   1.91   0.1825   0.0268    21.10  0    cut
 297  sn05gj        Ia-csm     0.6282   1.91   0.0184   0.0252     7.70  0    cut
 298  sn00cx        Ia-pec     0.8177   1.90   0.1912   0.0258    41.30  0    cut
 299  sn02bo        Ia-norm    0.8326   1.90   0.1806   0.0258    44.40  0    cut
 300  sn81B         Ia-norm    0.5320   1.89   0.2841   0.0237   114.40  0    cut
 301  sn05hk        Ia-pec     0.7080   1.89  -0.0001   0.0247    14.30  0    cut
 302  sn99aa        Ia-91T     0.7135   1.89   0.2084   0.0223    -4.10  0    cut
 303  sn04eo        Ia-norm    0.6864   1.89   0.2896   0.0276   224.20  0    cut
 304  sn99ee        Ia-norm    0.7635   1.88   0.1840   0.0274    31.90  0    cut
 305  sn90N         Ia-norm    0.6227   1.88   0.2920   0.0264   255.90  0    cut
 306  sn94D         Ia-norm    0.8326   1.88   0.1782   0.0234    24.20  0    cut
 307  sn99by        Ia-91bg    0.6945   1.88   0.1876   0.0187    -3.90  0    cut
 308  sn90N         Ia-norm    0.5483   1.87   0.4428   0.0284   309.80  0    cut
 309  sn92A         Ia-norm    0.6187   1.87   0.0182   0.0191    28.20  0    cut
 310  sn91T         Ia-91T     0.7541   1.86   0.0507   0.0311    -7.30  0    cut
 311  sn98aq        Ia-norm    0.6945   1.85   0.4491   0.0268   240.30  0    cut
 312  sn05hj        Ia-norm    0.6390   1.85   0.4761   0.0251    -5.10  0    cut
 313  sn03du        Ia-norm    0.6498   1.84   0.4551   0.0258   138.60  0    cut
 314  sn89B         Ia-norm    0.6755   1.83   0.0103   0.0218    23.40  0    cut
 315  sn05hk        Ia-pec     0.6282   1.83   0.4540   0.0216    -7.30  0    cut
 316  sn05hk        Ia-pec     0.7365   1.82   0.0383   0.0328    -4.20  0    cut
 317  sn91T         Ia-91T     0.6931   1.82   0.4451   0.0355   260.40  0    cut
 318  sn03du        Ia-norm    0.6742   1.81   0.4525   0.0248    87.10  0    cut
 319  sn91bg        Ia-91bg    0.8326   1.81   0.0578   0.0324    54.50  0    cut
 320  sn05hk        Ia-pec     0.4738   1.81   0.1889   0.0547    26.40  0    cut
 321  sn94D         Ia-norm    0.6146   1.80   0.4381   0.0235    48.00  0    cut
 322  sn02er        Ia-norm    0.8069   1.80   0.1799   0.0202     9.40  0    cut
 323  sn99ee        Ia-norm    0.8204   1.80   0.1861   0.0234    16.10  0    cut
 324  sn00cx        Ia-pec     0.6525   1.79   0.1962   0.0216    -1.40  0    cut
 325  sn05hk        Ia-pec     0.7351   1.79   0.0415   0.0291    -6.30  0    cut
 326  sn90N         Ia-norm    0.5808   1.79   0.4428   0.0259   245.20  0    cut
 327  sn91M         Ia-norm    0.7608   1.78   0.1637   0.0244   111.80  0    cut
 328  sn97br        Ia-91T     0.6986   1.78   0.4457   0.0249    17.40  0    cut
 329  sn97br        Ia-91T     0.7906   1.78   0.1872   0.0201     7.80  0    cut
 330  sn00cx        Ia-pec     0.5876   1.77   0.0433   0.0413    26.40  0    cut
 331  sn97br        Ia-91T     0.6904   1.76   0.4736   0.0237    -7.00  0    cut
 332  sn89B         Ia-norm    0.6891   1.76   0.0105   0.0227    22.40  0    cut
 333  sn89B         Ia-norm    0.6823   1.76   0.0107   0.0232    24.40  0    cut
 334  sn90N         Ia-norm    0.5835   1.76   0.4412   0.0269   246.20  0    cut
 335  sn00cx        Ia-pec     0.6498   1.76   0.4890   0.0290    -3.40  0    cut
 336  sn89B         Ia-norm    0.6877   1.76   0.0107   0.0233    21.40  0    cut
 337  sn86G         Ia-91bg    0.6187   1.75   0.4353   0.0235    54.50  0    cut
 338  sn98bu        Ia-norm    0.6945   1.75   0.4474   0.0280   242.80  0    cut
 339  sn90N         Ia-norm    0.8231   1.75   0.1600   0.0233   213.40  0    cut
 340  sn91bg        Ia-91bg    0.6187   1.74   0.1829   0.0227     2.50  0    cut
 341  sn91T         Ia-91T     0.5483   1.73   0.4461   0.0214    18.60  0    cut
 342  sn97br        Ia-91T     0.6891   1.73   0.4772   0.0243    -9.00  0    cut
 343  sn05hk        Ia-pec     0.6282   1.73   0.4415   0.0298     3.60  0    cut
 344  sn01el        Ia-norm    0.8082   1.73   0.1870   0.0290    39.90  0    cut
 345  sn03du        Ia-norm    0.6986   1.73   0.4437   0.0233    20.00  0    cut
 346  sn99aa        Ia-91T     0.6647   1.72   0.2051   0.0189     7.60  0    cut
 347  sn95bd        Ia-norm    0.7148   1.72   0.0327   0.0350    11.30  0    cut
 348  sn86G         Ia-91bg    0.6173   1.71   0.4358   0.0230    45.60  0    cut
 349  sn02cx        Ia-pec     0.6959   1.71   0.4541   0.0235    -2.40  0    cut
 350  sn03du        Ia-norm    0.6972   1.71   0.4446   0.0237    19.00  0    cut
 351  sn99aw        Ia-91T     0.7256   1.70   0.0188   0.0420    35.90  0    cut
 352  sn00cx        Ia-pec     0.6214   1.70   0.4932   0.0322     7.50  0    cut
 353  sn95ac        Ia-norm    0.6336   1.69   0.4433   0.0260    24.40  0    cut
 354  sn03du        Ia-norm    0.6986   1.69   0.4427   0.0231    22.00  0    cut
 355  sn04eo        Ia-norm    0.6620   1.69   0.2110   0.0431    49.40  0    cut
 356  sn99ac        Ia-91T     0.8326   1.69   0.1886   0.0224    17.10  0    cut
 357  sn94ae        Ia-norm    0.7243   1.69   0.1816   0.0270    36.20  0    cut
 358  sn03du        Ia-norm    0.7026   1.69   0.4439   0.0243    19.60  0    cut
 359  sn98aq        Ia-norm    0.6931   1.69   0.4465   0.0244    18.80  0    cut
 360  sn95bd        Ia-norm    0.6051   1.68   0.4417   0.0239    21.10  0    cut
 361  sn99ac        Ia-91T     0.7608   1.68   0.1889   0.0296    32.00  0    cut
 362  sn00cx        Ia-pec     0.6173   1.68   0.4911   0.0300    -0.40  0    cut
 363  sn98aq        Ia-norm    0.6945   1.68   0.4451   0.0241    20.80  0    cut
 364  sn02er        Ia-norm    0.6931   1.67   0.0235   0.0423    24.20  0    cut
 365  sn98bu        Ia-norm    0.6931   1.67   0.4485   0.0285   208.00  0    cut
 366  sn02ic        Ia-csm     0.7270   1.67   0.1842   0.0222     9.40  0    cut
 367  sn86G         Ia-91bg    0.6539   1.67   0.1924   0.0199    -1.90  0    cut
 368  sn91M         Ia-norm    0.7500   1.67   0.1862   0.0262    27.50  0    cut
 369  sn98bu        Ia-norm    0.6945   1.67   0.4485   0.0274   216.90  0    cut
 370  sn97br        Ia-91T     0.7040   1.66   0.4760   0.0238    -7.40  0    cut
 371  sn98bu        Ia-norm    0.6945   1.66   0.4495   0.0273   179.10  0    cut
 372  sn89B         Ia-norm    0.6877   1.66   0.0090   0.0418    19.40  0    cut
 373  sn94D         Ia-norm    0.6959   1.66   0.4443   0.0253    15.30  0    cut
 374  sn86G         Ia-91bg    0.6566   1.65   0.1916   0.0199    -0.90  0    cut
 375  sn98bu        Ia-norm    0.6931   1.65   0.4489   0.0278   190.10  0    cut
 376  sn89B         Ia-norm    0.6864   1.65   0.0092   0.0423    20.40  0    cut
 377  sn02er        Ia-norm    0.7419   1.64   0.0219   0.0441    33.20  0    cut
 378  sn89B         Ia-norm    0.6796   1.64   0.0112   0.0245    37.30  0    cut
 379  sn03du        Ia-norm    0.7148   1.64   0.0192   0.0471    37.40  0    cut
 380  sn90N         Ia-norm    0.6214   1.63   0.4416   0.0282   280.70  0    cut
 381  sn05gj        Ia-csm     0.6363   1.63   0.0222   0.0291    -1.80  0    cut
 382  sn90N         Ia-norm    0.6999   1.62   0.4458   0.0283   228.10  0    cut
 383  sn97cn        Ia-91bg    0.7243   1.62   0.1803   0.0201     3.90  0    cut
 384  sn03du        Ia-norm    0.6972   1.62   0.4469   0.0248    17.00  0    cut
 385  sn91T         Ia-91T     0.7717   1.62   0.1818   0.0206    10.90  0    cut
 386  sn94ae        Ia-norm    0.6661   1.62   0.0115   0.0255    30.20  0    cut
 387  sn02bo        Ia-norm    0.6945   1.61   0.4446   0.0259    17.80  0    cut
 388  sn02bo        Ia-norm    0.6945   1.61   0.4456   0.0266    16.70  0    cut
 389  sn99aa        Ia-91T     0.7324   1.61   0.0293   0.0490    41.10  0    cut
 390  sn03du        Ia-norm    0.7026   1.61   0.4408   0.0324   375.30  0    cut
 391  sn89B         Ia-norm    0.6444   1.60   0.0120   0.0280    13.40  0    cut
 392  sn91bg        Ia-91bg    0.5943   1.60   0.1980   0.0322    20.20  0    cut
 393  sn97br        Ia-91T     0.7094   1.60   0.4760   0.0244    -6.40  0    cut
 394  sn04S         Ia-norm    0.7622   1.60   0.1853   0.0276    13.40  0    cut
 395  sn02bo        Ia-norm    0.6959   1.60   0.4463   0.0267    15.70  0    cut
 396  sn02bo        Ia-norm    0.6945   1.60   0.4437   0.0255    19.80  0    cut
 397  sn99by        Ia-91bg    0.6024   1.60   0.1880   0.0202    -4.80  0    cut
 398  sn94D         Ia-norm    0.7229   1.59   0.1823   0.0256    19.20  0    cut
 399  sn98bu        Ia-norm    0.6931   1.59   0.1851   0.0186    10.20  0    cut
 400  sn02bo        Ia-norm    0.6945   1.59   0.4443   0.0261    18.70  0    cut
 401  sn05hk        Ia-pec     0.5320   1.59   0.4213   0.0231    53.80  0    cut
 402  sn96X         Ia-norm    0.7243   1.59   0.0156   0.0449    20.80  0    cut
 403  sn94D         Ia-norm    0.6945   1.59   0.4460   0.0262    13.40  0    cut
 404  sn05gj        Ia-csm     0.6255   1.58   0.0088   0.0278    67.70  0    cut
 405  sn86G         Ia-91bg    0.4860   1.57   0.2015   0.0478    23.10  0    cut
 406  sn95E         Ia-norm    0.7405   1.57   0.1809   0.0304    32.70  0    cut
 407  sn86G         Ia-91bg    0.6552   1.57   0.1880   0.0201     0.10  0    cut
 408  sn86G         Ia-91bg    0.6268   1.57   0.4360   0.0215    44.60  0    cut
 409  sn03du        Ia-norm    0.7080   1.57   0.4579   0.0286   137.60  0    cut
 410  sn00cx        Ia-pec     0.5740   1.57   0.4863   0.0300    -2.40  0    cut
 411  sn02bo        Ia-norm    0.7270   1.57   0.0168   0.0452    29.40  0    cut
 412  sn04eo        Ia-norm    0.7094   1.56   0.1806   0.0302    21.40  0    cut
 413  sn86G         Ia-91bg    0.6024   1.56   0.4339   0.0234    56.00  0    cut
 414  sn02bo        Ia-norm    0.6945   1.56   0.4477   0.0278    14.80  0    cut
 415  sn90N         Ia-norm    0.7527   1.56   0.1811   0.0270    38.50  0    cut
 416  sn04eo        Ia-norm    0.6850   1.56   0.1815   0.0341    23.40  0    cut
 417  sn90N         Ia-norm    0.8136   1.56   0.1812   0.0210    14.50  0    cut
 418  sn04eo        Ia-norm    0.7094   1.56   0.1811   0.0325    29.70  0    cut
 419  sn05hk        Ia-pec     0.6634   1.55  -0.0075   0.0252    27.20  0    cut
 420  sn03du        Ia-norm    0.6959   1.55   0.4422   0.0246    24.00  0    cut
 421  sn03cg        Ia-norm    0.5618   1.55   0.1825   0.0343    28.50  0    cut
 422  sn00E         Ia-norm    0.6823   1.55   0.1860   0.0199     8.40  0    cut
 423  sn86G         Ia-91bg    0.6024   1.55   0.4339   0.0237    54.00  0    cut
 424  sn99by        Ia-91bg    0.6945   1.54   0.1824   0.0380    25.10  0    cut
 425  sn05hk        Ia-pec     0.7432   1.54   0.0423   0.0309    -9.30  0    cut
 426  sn91bg        Ia-91bg    0.8082   1.54   0.1805   0.0342    14.70  0    cut
 427  sn97br        Ia-91T     0.7040   1.54   0.4359   0.0279    66.40  0    cut
 428  sn91bg        Ia-91bg    0.7243   1.53   0.1816   0.0240     2.70  0    cut
 429  sn03du        Ia-norm    0.8312   1.53   0.1773   0.0237    26.70  0    cut
 430  sn05gj        Ia-csm     0.6255   1.53   0.0134   0.0300    75.30  0    cut
 431  sn81B         Ia-norm    0.7094   1.53   0.4471   0.0265    16.90  0    cut
 432  sn02bo        Ia-norm    0.6945   1.52   0.4434   0.0258    20.70  0    cut
 433  sn86G         Ia-91bg    0.6024   1.52   0.4336   0.0245    52.00  0    cut
 434  sn00cx        Ia-pec     0.6227   1.52   0.4852   0.0351     9.50  0    cut
 435  sn94D         Ia-norm    0.6918   1.52   0.1825   0.0309    15.20  0    cut
 436  sn89B         Ia-norm    0.6864   1.52   0.0100   0.0438    17.40  0    cut
 437  sn03du        Ia-norm    0.7595   1.51   0.1611   0.0254   220.70  0    cut
 438  sn89B         Ia-norm    0.6850   1.51   0.0096   0.0454    18.40  0    cut
 439  sn98bu        Ia-norm    0.6931   1.51   0.4478   0.0271    14.30  0    cut
 440  sn86G         Ia-91bg    0.6241   1.51   0.4428   0.0244   256.70  0    cut
 441  sn86G         Ia-91bg    0.4792   1.51   0.4346   0.0236    41.60  0    cut
 442  sn97br        Ia-91T     0.8326   1.51   0.0179   0.0440    12.40  0    cut
 443  sn04S         Ia-norm    0.7608   1.51   0.1800   0.0333    42.10  0    cut
 444  sn03du        Ia-norm    0.8015   1.51   0.1764   0.0259    31.80  0    cut
 445  sn04eo        Ia-norm    0.7676   1.50   0.1808   0.0222    11.00  0    cut
 446  sn86G         Ia-91bg    0.4792   1.50   0.4349   0.0240    32.10  0    cut
 447  sn04eo        Ia-norm    0.7663   1.50   0.1783   0.0268    20.80  0    cut
 448  sn92A         Ia-norm    0.6133   1.50   0.0216   0.0265    16.30  0    cut
 449  sn98aq        Ia-norm    0.6945   1.50   0.4474   0.0286    90.50  0    cut
 450  sn03cg        Ia-norm    0.6728   1.50   0.4417   0.0265    19.40  0    cut
 451  sn02er        Ia-norm    0.6959   1.50   0.0232   0.0395    12.40  0    cut
 452  sn91bg        Ia-91bg    0.6268   1.49   0.4387   0.0224    33.70  0    cut
 453  sn99aa        Ia-91T     0.7663   1.49   0.0266   0.0536    29.10  0    cut
 454  sn91bg        Ia-91bg    0.7175   1.48   0.1847   0.0261     1.50  0    cut
 455  sn02bo        Ia-norm    0.6945   1.48   0.4493   0.0297    13.80  0    cut
 456  sn02bo        Ia-norm    0.6959   1.48   0.4430   0.0259    21.70  0    cut
 457  sn99aa        Ia-91T     0.7960   1.48   0.0258   0.0588    34.10  0    cut
 458  sn94D         Ia-norm    0.6959   1.48   0.4413   0.0271    17.40  0    cut
 459  sn98aq        Ia-norm    0.6945   1.48   0.4453   0.0265    78.60  0    cut
 460  sn00E         Ia-norm    0.5212   1.48   0.2934   0.0275   121.20  0    cut
 461  sn05hk        Ia-pec     0.6295   1.48   0.4221   0.0234    65.50  0    cut
 462  sn03du        Ia-norm    0.7026   1.48   0.4464   0.0291   109.00  0    cut
 463  sn94ae        Ia-norm    0.7135   1.48   0.4470   0.0315   153.40  0    cut
 464  sn89B         Ia-norm    0.6823   1.47   0.0121   0.0430    14.40  0    cut
 465  sn99ee        Ia-norm    0.7635   1.47   0.1852   0.0282    22.10  0    cut
 466  sn89B         Ia-norm    0.6877   1.47   0.0105   0.0454    16.40  0    cut
 467  sn94D         Ia-norm    0.6810   1.47   0.4416   0.0280    55.10  0    cut
 468  sn98aq        Ia-norm    0.6945   1.47   0.4455   0.0267    81.60  0    cut
 469  sn86G         Ia-91bg    0.6552   1.47   0.1897   0.0206     1.10  0    cut
 470  sn99by        Ia-91bg    0.7541   1.47   0.1803   0.0222     3.10  0    cut
 471  sn81B         Ia-norm    0.7148   1.47   0.0307   0.0453    16.00  0    cut
 472  sn01el        Ia-norm    0.8109   1.47   0.1920   0.0326    18.10  0    cut
 473  sn94ae        Ia-norm    0.8326   1.46   0.1630   0.0286   123.60  0    cut
 474  sn95al        Ia-norm    0.8326   1.45   0.1830   0.0279    25.30  0    cut
 475  sn94D         Ia-norm    0.6891   1.45   0.4411   0.0255    59.10  0    cut
 476  sn94Q         Ia-norm    0.7784   1.45   0.1898   0.0252    11.60  0    cut
 477  sn89B         Ia-norm    0.6593   1.45   0.1808   0.0202    11.50  0    cut
 478  sn94ae        Ia-norm    0.7094   1.45   0.1819   0.0324    40.10  0    cut
 479  sn03cg        Ia-norm    0.7568   1.45   0.0147   0.0489    16.40  0    cut
 480  sn04eo        Ia-norm    0.6593   1.44   0.0562   0.0312    67.00  0    cut
 481  sn03cg        Ia-norm    0.6214   1.44   0.1793   0.0303    23.40  0    cut
 482  sn03du        Ia-norm    0.8015   1.44   0.1715   0.0281    51.60  0    cut
 483  sn95bd        Ia-norm    0.5605   1.44   0.1756   0.0385    36.90  0    cut
 484  sn89B         Ia-norm    0.6552   1.44   0.0099   0.0254    49.20  0    cut
 485  sn94D         Ia-norm    0.4671   1.44   0.0459   0.0423    26.20  0    cut
 486  sn02bo        Ia-norm    0.6959   1.44   0.4399   0.0308    72.50  0    cut
 487  sn03du        Ia-norm    0.7162   1.44   0.4457   0.0267    17.80  0    cut
 488  sn94D         Ia-norm    0.7135   1.43   0.0141   0.0497    17.20  0    cut
 489  sn99by        Ia-91bg    0.6931   1.43   0.1820   0.0396     8.10  0    cut
 490  sn02ic        Ia-csm     0.7080   1.43   0.0135   0.0503    31.90  0    cut
 491  sn91bg        Ia-91bg    0.5835   1.43   0.0679   0.0399    88.10  0    cut
 492  sn94D         Ia-norm    0.6850   1.42   0.4409   0.0258    57.10  0    cut
 493  sn86G         Ia-91bg    0.4968   1.42   0.1958   0.0571    22.10  0    cut
 494  sn94M         Ia-norm    0.6918   1.42   0.1863   0.0410    34.10  0    cut
 495  sn86G         Ia-91bg    0.5564   1.42   0.0369   0.0336   323.60  0    cut
 496  sn91bg        Ia-91bg    0.6552   1.42   0.4521   0.0405     2.70  0    cut
 497  sn02bo        Ia-norm    0.6959   1.41   0.4405   0.0317    79.40  0    cut
 498  sn91T         Ia-91T     0.8326   1.41   0.0105   0.0600    24.80  0    cut
 499  sn81B         Ia-norm    0.7013   1.41   0.1943   0.0301    26.90  0    cut
 500  sn03cg        Ia-norm    0.7852   1.41   0.0232   0.0456    11.40  0    cut
 501  sn02cx        Ia-pec     0.5226   1.41   0.4278   0.0238    14.20  0    cut
 502  sn91T         Ia-91T     0.8299   1.41   0.1730   0.0311    45.70  0    cut
 503  sn91bg        Ia-91bg    0.6119   1.41   0.0381   0.0171   202.70  0    cut
 504  sn02bo        Ia-norm    0.6931   1.40   0.4509   0.0322    12.80  0    cut
 505  sn81B         Ia-norm    0.7527   1.40   0.0175   0.0493    19.90  0    cut
 506  sn02er        Ia-norm    0.7635   1.40   0.0161   0.0514    19.50  0    cut
 507  sn94S         Ia-norm    0.7514   1.40   0.0118   0.0484    20.90  0    cut
 508  sn98bu        Ia-norm    0.6931   1.40   0.4501   0.0288    13.20  0    cut
 509  sn99ee        Ia-norm    0.6282   1.40   0.1738   0.0393    40.90  0    cut
 510  sn94D         Ia-norm    0.8326   1.40   0.1775   0.0244    16.30  0    cut
 511  sn03du        Ia-norm    0.7026   1.40   0.1776   0.0299    39.50  0    cut
 512  sn03du        Ia-norm    0.6972   1.40   0.4409   0.0255    26.00  0    cut
 513  sn94D         Ia-norm    0.6864   1.39   0.1819   0.0302    14.30  0    cut
 514  sn02bo        Ia-norm    0.6959   1.39   0.1868   0.0366    29.70  0    cut
 515  sn92A         Ia-norm    0.6187   1.39   0.1953   0.0303    24.20  0    cut
 516  sn92A         Ia-norm    0.7866   1.39   0.1950   0.0229    11.70  0    cut
 517  sn99by        Ia-91bg    0.6945   1.39   0.1824   0.0414    29.10  0    cut
 518  sn81B         Ia-norm    0.7608   1.39   0.0235   0.0490    18.90  0    cut
 519  sn98bu        Ia-norm    0.6945   1.39   0.1823   0.0369    29.20  0    cut
 520  sn04eo        Ia-norm    0.7676   1.39   0.0138   0.0516    12.40  0    cut
 521  sn90O         Ia-norm    0.7067   1.39   0.0140   0.0261    19.10  0    cut
 522  sn91bg        Ia-91bg    0.8326   1.39   0.1800   0.0356    18.90  0    cut
 523  sn94D         Ia-norm    0.7162   1.38   0.0152   0.0487    15.20  0    cut
 524  sn94M         Ia-norm    0.8299   1.38   0.0240   0.0477    12.90  0    cut
 525  sn98bu        Ia-norm    0.6945   1.38   0.1826   0.0371    30.20  0    cut
 526  sn86G         Ia-91bg    0.6038   1.38   0.4349   0.0244    49.50  0    cut
 527  sn95D         Ia-norm    0.8326   1.38   0.1736   0.0278    37.80  0    cut
 528  sn03du        Ia-norm    0.6972   1.38   0.1816   0.0368    34.00  0    cut
 529  sn97cn        Ia-91bg    0.5713   1.38   0.2835   0.0435    28.70  0    cut
 530  sn02er        Ia-norm    0.7717   1.38   0.0237   0.0489    10.60  0    cut
 531  sn99by        Ia-91bg    0.6945   1.37   0.4391   0.0227    42.10  0    cut
 532  sn98bu        Ia-norm    0.6931   1.37   0.1823   0.0371    31.10  0    cut
 533  sn89B         Ia-norm    0.6755   1.37   0.1806   0.0349    31.40  0    cut
 534  sn98bu        Ia-norm    0.6945   1.37   0.1824   0.0364    28.20  0    cut
 535  sn96X         Ia-norm    0.8326   1.37   0.1784   0.0248    24.70  0    cut
 536  sn81B         Ia-norm    0.4820   1.37   0.4551   0.0981    33.80  0    cut
 537  sn02bo        Ia-norm    0.5997   1.36   0.4389   0.0277    83.30  0    cut
 538  sn02bo        Ia-norm    0.6959   1.36   0.1860   0.0361    27.70  0    cut
 539  sn99by        Ia-91bg    0.6945   1.36   0.1813   0.0401     7.10  0    cut
 540  sn98bu        Ia-norm    0.6931   1.36   0.1817   0.0388    32.10  0    cut
 541  sn99ee        Ia-norm    0.7649   1.36   0.1854   0.0279    20.00  0    cut
 542  sn98aq        Ia-norm    0.6945   1.35   0.1823   0.0395    31.80  0    cut
 543  sn94D         Ia-norm    0.6512   1.35   0.0522   0.0378    10.10  0    cut
 544  sn03cg        Ia-norm    0.7811   1.34   0.0200   0.0488    12.40  0    cut
 545  sn04eo        Ia-norm    0.7676   1.34   0.0137   0.0519    14.00  0    cut
 546  sn98aq        Ia-norm    0.6945   1.34   0.1819   0.0402    33.80  0    cut
 547  sn91bg        Ia-91bg    0.7893   1.34   0.1767   0.0342    25.60  0    cut
 548  sn99by        Ia-91bg    0.6931   1.34   0.1823   0.0283     4.10  0    cut
 549  sn02bo        Ia-norm    0.6945   1.33   0.1854   0.0380    28.60  0    cut
 550  sn81B         Ia-norm    0.7771   1.33   0.0150   0.0511    23.90  0    cut
 551  sn98aq        Ia-norm    0.6959   1.33   0.1822   0.0424    30.80  0    cut
 552  sn03du        Ia-norm    0.5821   1.33   0.1795   0.0351    33.40  0    cut
 553  sn98aq        Ia-norm    0.6945   1.33   0.4436   0.0262    65.60  0    cut
 554  sn05hk        Ia-pec     0.6810   1.33   0.4220   0.0265    42.90  0    cut
 555  sn97br        Ia-91T     0.5848   1.33   0.4324   0.0274    23.70  0    cut
 556  sn02ic        Ia-csm     0.8150   1.33   0.0123   0.0615    44.10  0    cut
 557  sn03du        Ia-norm    0.7581   1.32   0.1765   0.0295    34.60  0    cut
 558  sn91bg        Ia-91bg    0.7419   1.32   0.0611   0.0410    53.50  0    cut
 559  sn95D         Ia-norm    0.7026   1.32   0.0162   0.0453    14.10  0    cut
 560  sn98bu        Ia-norm    0.6945   1.32   0.1820   0.0403    34.20  0    cut
 561  sn03du        Ia-norm    0.7663   1.31   0.0259   0.0469    13.70  0    cut
 562  sn98bu        Ia-norm    0.6945   1.31   0.1828   0.0399    33.20  0    cut
 563  sn98bu        Ia-norm    0.6931   1.31   0.4414   0.0261    57.10  0    cut
 564  sn02cx        Ia-pec     0.6931   1.31   0.4558   0.0253    -5.30  0    cut
 565  sn99by        Ia-91bg    0.6945   1.31   0.1828   0.0440    31.10  0    cut
 566  sn94Q         Ia-norm    0.6972   1.31   0.1801   0.0382    41.60  0    cut
 567  sn02cx        Ia-pec     0.5672   1.31   0.4236   0.0210    53.30  0    cut
 568  sn91bg        Ia-91bg    0.6688   1.31   0.4448   0.0239    29.50  0    cut
 569  sn89B         Ia-norm    0.6850   1.31   0.0153   0.0468    12.40  0    cut
 570  sn98bu        Ia-norm    0.6931   1.30   0.1842   0.0206    11.20  0    cut
 571  sn99by        Ia-91bg    0.6945   1.30   0.1812   0.0403     6.10  0    cut
 572  sn81B         Ia-norm    0.7866   1.30   0.0211   0.0529    22.90  0    cut
 573  sn03du        Ia-norm    0.7581   1.30   0.1679   0.0277    84.30  0    cut
 574  sn05hk        Ia-pec     0.6810   1.30   0.4224   0.0264    42.00  0    cut
 575  sn94ae        Ia-norm    0.7297   1.29   0.1798   0.0311    64.00  0    cut
 576  sn95D         Ia-norm    0.7189   1.29   0.1829   0.0347    42.80  0    cut
 577  sn00cx        Ia-pec     0.4982   1.29   0.2850   0.0313    19.40  0    cut
 578  sn99by        Ia-91bg    0.6931   1.29   0.1812   0.0357     5.20  0    cut
 579  sn98bu        Ia-norm    0.6931   1.29   0.4522   0.0310    12.20  0    cut
 580  sn91bg        Ia-91bg    0.7419   1.29   0.0616   0.0413    53.30  0    cut
 581  sn91T         Ia-91T     0.8326   1.29   0.1730   0.0348    46.60  0    cut
 582  sn94D         Ia-norm    0.7121   1.28   0.0196   0.0501    13.20  0    cut
 583  sn98aq        Ia-norm    0.6945   1.28   0.4437   0.0265    62.60  0    cut
 584  sn99aa        Ia-91T     0.7324   1.28   0.0301   0.0608    53.90  0    cut
 585  sn02bo        Ia-norm    0.6959   1.28   0.4401   0.0283    51.60  0    cut
 586  sn98bu        Ia-norm    0.6945   1.28   0.1832   0.0410    35.20  0    cut
 587  sn02bo        Ia-norm    0.6931   1.27   0.4404   0.0281    49.60  0    cut
 588  sn96X         Ia-norm    0.7960   1.27   0.1780   0.0294    31.70  0    cut
 589  sn99aa        Ia-91T     0.8326   1.27   0.0257   0.0669    26.20  0    cut
 590  sn03du        Ia-norm    0.6986   1.27   0.1816   0.0335    29.00  0    cut
 591  sn94D         Ia-norm    0.6891   1.27   0.4406   0.0266    50.10  0    cut
 592  sn97br        Ia-91T     0.7189   1.27   0.4740   0.0303    -4.00  0    cut
 593  sn99by        Ia-91bg    0.6945   1.27   0.1836   0.0452    33.10  0    cut
 594  sn92A         Ia-norm    0.8191   1.26   0.0221   0.0638    17.30  0    cut
 595  sn03du        Ia-norm    0.6945   1.26   0.4423   0.0258    61.70  0    cut
 596  sn94ae        Ia-norm    0.7013   1.26   0.4436   0.0276    70.00  0    cut
 597  sn98aq        Ia-norm    0.6945   1.26   0.4431   0.0267    59.60  0    cut
 598  sn05hk        Ia-pec     0.6607   1.26   0.1609   0.0474    23.20  0    cut
 599  sn91bg        Ia-91bg    0.5794   1.26   0.4384   0.0213    34.40  0    cut
 600  sn98aq        Ia-norm    0.6945   1.26   0.1817   0.0438    35.80  0    cut
 601  sn03du        Ia-norm    0.6904   1.26   0.4416   0.0253    60.70  0    cut
 602  sn91T         Ia-91T     0.8326   1.25   0.0175   0.0529    15.90  0    cut
 603  sn98bu        Ia-norm    0.6945   1.25   0.1824   0.0429    36.20  0    cut
 604  sn97br        Ia-91T     0.7216   1.25   0.1816   0.0359    49.10  0    cut
 605  sn91bg        Ia-91bg    0.7405   1.25   0.0598   0.0430    46.30  0    cut
 606  sn98aq        Ia-norm    0.6945   1.24   0.4428   0.0267    57.70  0    cut
 607  sn96X         Ia-norm    0.4806   1.24   0.4483   0.0283    12.70  0    cut
 608  sn96X         Ia-norm    0.8326   1.24   0.0145   0.0646    22.50  0    cut
 609  sn89B         Ia-norm    0.6539   1.24   0.1822   0.0359    25.40  0    cut
 610  sn04S         Ia-norm    0.7622   1.24   0.0103   0.0555    18.40  0    cut
 611  sn94D         Ia-norm    0.7162   1.24   0.0191   0.0507    12.20  0    cut
 612  sn05hk        Ia-pec     0.6810   1.23   0.4224   0.0284    39.00  0    cut
 613  sn98bu        Ia-norm    0.6945   1.23   0.1827   0.0434    37.20  0    cut
 614  sn03du        Ia-norm    0.7581   1.23   0.1686   0.0287    72.30  0    cut
 615  sn98bu        Ia-norm    0.6945   1.22   0.1829   0.0438    38.20  0    cut
 616  sn90N         Ia-norm    0.8299   1.22   0.0152   0.0575    17.70  0    cut
 617  sn05gj        Ia-csm     0.7297   1.22   0.0193   0.0714    64.90  0    cut
 618  sn94D         Ia-norm    0.6810   1.22   0.1841   0.0433    40.30  0    cut
 619  sn99aa        Ia-91T     0.7297   1.22   0.0349   0.0484    15.40  0    cut
 620  sn05gj        Ia-csm     0.7297   1.22   0.0169   0.0707    63.00  0    cut
 621  sn91bg        Ia-91bg    0.7568   1.21   0.1679   0.0286   117.20  0    cut
 622  sn92A         Ia-norm    0.6119   1.21   0.0306   0.0472    11.60  0    cut
 623  sn98aq        Ia-norm    0.6945   1.21   0.4422   0.0268    54.70  0    cut
 624  sn91bg        Ia-91bg    0.7216   1.21   0.0588   0.0439    46.50  0    cut
 625  sn03du        Ia-norm    0.6959   1.21   0.4418   0.0255    56.70  0    cut
 626  sn91T         Ia-91T     0.7893   1.21   0.1704   0.0331    67.60  0    cut
 627  sn02bo        Ia-norm    0.6959   1.21   0.1855   0.0434    40.60  0    cut
 628  sn03du        Ia-norm    0.7866   1.21   0.0126   0.0602    21.80  0    cut
 629  sn90O         Ia-norm    0.6634   1.20   0.0129   0.0277    19.90  0    cut
 630  sn05gj        Ia-csm     0.7283   1.20   0.0162   0.0690    65.80  0    cut
 631  sn03cg        Ia-norm    0.6728   1.20   0.1818   0.0425    26.40  0    cut
 632  sn94ae        Ia-norm    0.8136   1.20   0.0585   0.0230   367.70  0    cut
 633  sn05hk        Ia-pec     0.6322   1.20   0.4224   0.0264    37.00  0    cut
 634  sn02bo        Ia-norm    0.6959   1.20   0.4401   0.0293    54.60  0    cut
 635  sn00cx        Ia-pec     0.8163   1.20   0.1689   0.0344    71.00  0    cut
 636  sn99aa        Ia-91T     0.8082   1.19   0.0275   0.0584    21.10  0    cut
 637  sn03du        Ia-norm    0.6485   1.19   0.4401   0.0264    45.60  0    cut
 638  sn94D         Ia-norm    0.6959   1.19   0.1792   0.0383    43.20  0    cut
 639  sn03du        Ia-norm    0.7866   1.19   0.1704   0.0306    63.40  0    cut
 640  sn94D         Ia-norm    0.7243   1.19   0.0233   0.0519    11.00  0    cut
 641  sn97br        Ia-91T     0.6322   1.19   0.1683   0.0496    37.60  0    cut
 642  sn89B         Ia-norm    0.6796   1.18   0.4375   0.0253    51.00  0    cut
 643  sn91bg        Ia-91bg    0.6106   1.18   0.0379   0.0220   143.00  0    cut
 644  sn98bu        Ia-norm    0.6931   1.18   0.1829   0.0448    39.20  0    cut
 645  sn98bu        Ia-norm    0.6945   1.17   0.1829   0.0448    40.10  0    cut
 646  sn99aa        Ia-91T     0.7283   1.17   0.0241   0.0750    50.00  0    cut
 647  sn95bd        Ia-norm    0.5645   1.17   0.4383   0.0450    72.30  0    cut
 648  sn91T         Ia-91T     0.8326   1.17   0.1683   0.0322    75.20  0    cut
 649  sn95D         Ia-norm    0.8326   1.17   0.0132   0.0590    16.10  0    cut
 650  sn03cg        Ia-norm    0.6160   1.17   0.1688   0.0465    38.30  0    cut
 651  sn98aq        Ia-norm    0.6945   1.17   0.4425   0.0280    50.60  0    cut
 652  sn05gj        Ia-csm     0.7297   1.16   0.0170   0.0733    63.90  0    cut
 653  sn91bg        Ia-91bg    0.8096   1.16   0.0555   0.0412   113.20  0    cut
 654  sn03du        Ia-norm    0.6986   1.16   0.4412   0.0259    51.80  0    cut
 655  sn03du        Ia-norm    0.6972   1.15   0.4415   0.0262    49.80  0    cut
 656  sn04S         Ia-norm    0.7338   1.15   0.0152   0.0514    14.00  0    cut
 657  sn02bo        Ia-norm    0.6877   1.15   0.1868   0.0446    43.60  0    cut
 658  sn95al        Ia-norm    0.8326   1.15   0.0208   0.0636    17.00  0    cut
 659  sn05gj        Ia-csm     0.6661   1.15   0.0161   0.0782    92.10  0    cut
 660  sn94D         Ia-norm    0.6972   1.14   0.4405   0.0282    50.00  0    cut
 661  sn98bu        Ia-norm    0.6945   1.14   0.1829   0.0458    41.10  0    cut
 662  sn91bg        Ia-91bg    0.6959   1.14   0.1914   0.0601    32.70  0    cut
 663  sn02bo        Ia-norm    0.6688   1.13   0.4419   0.0273    39.30  0    cut
 664  sn98bu        Ia-norm    0.6931   1.13   0.4409   0.0290    44.10  0    cut
 665  sn03cg        Ia-norm    0.6715   1.13   0.4413   0.0285    23.40  0    cut
 666  sn97br        Ia-91T     0.6755   1.13   0.1798   0.0445    42.10  0    cut
 667  sn02cx        Ia-pec     0.5700   1.12   0.4297   0.0559    18.20  0    cut
 668  sn98bu        Ia-norm    0.6945   1.12   0.1832   0.0462    42.10  0    cut
 669  sn86G         Ia-91bg    0.7013   1.11   0.1706   0.0281    56.50  0    cut
 670  sn00cx        Ia-pec     0.5889   1.11   0.4513   0.0305    22.40  0    cut
 671  sn02bo        Ia-norm    0.6959   1.11   0.1834   0.0456    45.60  0    cut
 672  sn03du        Ia-norm    0.7839   1.11   0.4507   0.0366   141.30  0    cut
 673  sn98bu        Ia-norm    0.6945   1.11   0.1831   0.0472    43.10  0    cut
 674  sn04eo        Ia-norm    0.7135   1.11   0.1799   0.0400    45.40  0    cut
 675  sn91M         Ia-norm    0.7270   1.11   0.4440   0.0338    80.00  0    cut
 676  sn03du        Ia-norm    0.8326   1.10   0.0613   0.0392    59.30  0    cut
 677  sn94D         Ia-norm    0.7162   1.10   0.0102   0.0355    53.90  0    cut
 678  sn97cn        Ia-91bg    0.7852   1.10   0.0597   0.0399    43.40  0    cut
 679  sn02bo        Ia-norm    0.6959   1.09   0.1851   0.0374    23.80  0    cut
 680  sn04eo        Ia-norm    0.6282   1.09   0.0606   0.0389    48.40  0    cut
 681  sn03cg        Ia-norm    0.7554   1.09   0.0158   0.0712    52.40  0    cut
 682  sn03cg        Ia-norm    0.6674   1.09   0.4406   0.0294    43.40  0    cut
 683  sn94ae        Ia-norm    0.6065   1.09   0.4362   0.0460    87.80  0    cut
 684  sn05gj        Ia-csm     0.6187   1.09   0.0213   0.0294   -12.10  0    cut
 685  sn86G         Ia-91bg    0.7811   1.08   0.1633   0.0311    90.00  0    cut
 686  sn95D         Ia-norm    0.7189   1.08   0.1838   0.0348    69.60  0    cut
 687  sn04eo        Ia-norm    0.7392   1.08   0.1785   0.0362    53.30  0    cut
 688  sn94Q         Ia-norm    0.6079   1.07   0.0100   0.0295    18.50  0    cut
 689  sn97br        Ia-91T     0.6688   1.07   0.4363   0.0329    50.50  0    cut
 690  sn05hk        Ia-pec     0.4305   1.06   0.4451   0.0259    -4.20  0    cut
 691  sn00cx        Ia-pec     0.8177   1.05   0.4539   0.0456   124.60  0    cut
 692  sn02er        Ia-norm    0.8191   1.05   0.0673   0.0843    15.50  0    cut
 693  sn02er        Ia-norm    0.8191   1.04   0.0673   0.0845    16.40  0    cut
 694  sn05gj        Ia-csm     0.7311   1.04   0.0628   0.0862   133.50  0    cut
 695  sn00cx        Ia-pec     0.8177   1.02   0.4554   0.0436    92.90  0    cut
 696  sn91bg        Ia-91bg    0.7013   1.02   0.4433   0.0222   117.20  0    cut
 697  sn97br        Ia-91T     0.7487   1.02   0.0161   0.0762    71.90  0    cut
 698  sn94D         Ia-norm    0.5889   1.02   0.4402   0.0306    46.20  0    cut
 699  sn00cx        Ia-pec     0.8177   1.01   0.4507   0.0458   146.40  0    cut
 700  sn94D         Ia-norm    0.8326   1.01   0.4497   0.0355    83.10  0    cut
 701  sn91bg        Ia-91bg    0.7175   1.00   0.1722   0.0341    50.50  0    cut
 702  sn00cx        Ia-pec     0.6200   0.99   0.2931   0.0465    14.50  0    cut
 703  sn00cx        Ia-pec     0.6241   0.99   0.0585   0.0582    30.40  0    cut
 704  sn00cx        Ia-pec     0.5686   0.96   0.4455   0.0296    28.40  0    cut
 705  sn05gj        Ia-csm     0.6769   0.96   0.0598   0.1595    88.40  0    cut
 706  sn00cx        Ia-pec     0.8082   0.96   0.4546   0.0462    96.80  0    cut
 707  sn81B         Ia-norm    0.5645   0.96   0.0056   0.0663    93.50  0    cut
 708  sn00cx        Ia-pec     0.8177   0.94   0.0595   0.0764    61.10  0    cut
 709  sn05hk        Ia-pec     0.4278   0.93   0.0433   0.0282    -3.40  0    cut
 710  sn81B         Ia-norm    0.7500   0.93   0.0180   0.0560   267.40  0    cut
 711  sn05gj        Ia-csm     0.7283   0.91   0.0553   0.0853    66.80  0    cut
 712  sn04eo        Ia-norm    0.7094   0.89   0.0630   0.0856    71.10  0    cut
 713  sn00cx        Ia-pec     0.6214   0.89   0.2938   0.0537    11.50  0    cut
 714  sn86G         Ia-91bg    0.7703   0.89   0.4485   0.0291   103.00  0    cut
 715  sn05gj        Ia-csm     0.6783   0.83   0.0569   0.0829    61.10  0    cut
 716  sn02ic        Ia-csm     0.5659   0.82   0.0026   0.0348    65.60  0    cut
 717  sn02er        Ia-norm    0.7608   0.77   0.2868   0.0332   213.00  0    cut
