### SNID output file ###
 
### input spectrum and options ###
# Input spectrum                 : 12843_8.90.dat
# Parameter file                 : NA
# Wavelength range               :    3938.03   8210.99
# Mask file                      : NA
# Median filtering width [A]     : NA
# Median filtering width [pix]   :       1.00
# Clip emission redshift         : NA
# Clip sky lines                 : 0
# Emission clip width [A]        : NA
# Keep A-band                    : 1
# Age range                      :     -90.00   1000.00
# Delta range                    :      -9.99     99.90
# Min. number of spectra/template:   1
# Use only templates             : NA
# Use only types                 : Ia
# Avoid templates                : NA
# Avoid types                    : NA
# rlapmin                        :      10.00
# Redshift range                 :    -0.0100    1.2000
# Forced initial redshift        : NA
# Extra fake redshift            : NA
# Nsigma for initial redshift    : NA
# Redshift filter                :     0.0200
# Wavenumbers k1,k2,k3,k4        :     1    4   85  102
# Template directory             : /Users/daniel/snid-5.0/templates/
 
### initial/user-input redshift ###
zinit       0.1644
zuser       0.1644
 
### median redshift/age and error ###
zmed        0.1629    0.0052
agem          9.20      1.97
 
### type fraction/redshift/age ###
#type ntemp fraction slope redshift redshift_error age age_error
Ia              9      1.00   -0.0000    0.1629    0.0052     9.200     1.969
Ia-norm         7      0.78    0.0607    0.1622    0.0043     7.800     1.645
Ia-91T          2      0.22   -0.0434    0.1710    0.0036    10.700     2.121
Ia-91bg         0      0.00    0.0000    0.0000    0.0000     0.000     0.000
Ia-csm          0      0.00    0.0000    0.0000    0.0000     0.000     0.000
Ia-pec          0      0.00    0.0000    0.0000    0.0000     0.000     0.000
###
Ib              0      0.00    0.0000    0.0000    0.0000     0.000     0.000
Ib-norm         0      0.00    0.0000    0.0000    0.0000     0.000     0.000
Ib-pec          0      0.00    0.0000    0.0000    0.0000     0.000     0.000
IIb             0      0.00    0.0000    0.0000    0.0000     0.000     0.000
###
Ic              0      0.00    0.0000    0.0000    0.0000     0.000     0.000
Ic-norm         0      0.00    0.0000    0.0000    0.0000     0.000     0.000
Ic-pec          0      0.00    0.0000    0.0000    0.0000     0.000     0.000
Ic-broad        0      0.00    0.0000    0.0000    0.0000     0.000     0.000
###
II              0      0.00    0.0000    0.0000    0.0000     0.000     0.000
IIP             0      0.00    0.0000    0.0000    0.0000     0.000     0.000
II-pec          0      0.00    0.0000    0.0000    0.0000     0.000     0.000
IIn             0      0.00    0.0000    0.0000    0.0000     0.000     0.000
IIL             0      0.00    0.0000    0.0000    0.0000     0.000     0.000
###
NotSN           0      0.00    0.0000    0.0000    0.0000     0.000     0.000
AGN             0      0.00    0.0000    0.0000    0.0000     0.000     0.000
Gal             0      0.00    0.0000    0.0000    0.0000     0.000     0.000
LBV             0      0.00    0.0000    0.0000    0.0000     0.000     0.000
M-star          0      0.00    0.0000    0.0000    0.0000     0.000     0.000
 
### rlap-ordered template listings ###
#no. sn type lap rlap z zerr age age_flag grade
   1  sn04eo        Ia-norm    0.7311  14.15   0.1592   0.0036     7.00  0   good
   2  sn96X         Ia-norm    0.7311  13.10   0.1640   0.0037     7.80  0   good
   3  sn02bo        Ia-norm    0.7311  12.42   0.1723   0.0045     5.50  0   good
   4  sn99ac        Ia-91T     0.7311  12.36   0.1736   0.0043     9.20  0   good
   5  sn99ac        Ia-91T     0.7311  11.61   0.1685   0.0046    12.20  0   good
   6  sn89B         Ia-norm    0.6566  11.50   0.1610   0.0043     9.50  0   good
   7  sn03cg        Ia-norm    0.7311  11.13   0.1622   0.0046     9.60  0   good
   8  sn95E         Ia-norm    0.7311  10.73   0.1612   0.0046    10.00  0   good
   9  sn02bo        Ia-norm    0.6390  10.23   0.1920   0.0059   -12.10  0    bad
  10  sn89B         Ia-norm    0.6390  10.06   0.1629   0.0050     7.50  0   good
#--- rlap cutoff
  11  sn96X         Ia-norm    0.6674   9.84   0.1643   0.0051     8.90  0    cut
  12  sn96X         Ia-norm    0.6674   9.79   0.1648   0.0050     7.90  0    cut
  13  sn92A         Ia-norm    0.7311   9.68   0.1723   0.0052     8.90  0    cut
  14  sn03du        Ia-norm    0.7283   9.50   0.1635   0.0053    10.80  0    cut
  15  sn92A         Ia-norm    0.7311   9.48   0.1710   0.0053     8.70  0    cut
  16  sn02bo        Ia-norm    0.6390   9.47   0.1950   0.0064   -13.10  0    cut
  17  sn06gz        Ia-pec     0.7229   9.28   0.1633   0.0051    10.10  0    cut
  18  sn02er        Ia-norm    0.7311   9.24   0.1583   0.0059     9.40  0    cut
  19  sn02er        Ia-norm    0.7311   8.94   0.1669   0.0056     5.50  0    cut
  20  sn97br        Ia-91T     0.7311   8.64   0.1668   0.0063     7.80  0    cut
  21  sn02er        Ia-norm    0.6485   8.55   0.1689   0.0060     4.40  0    cut
  22  sn92A         Ia-norm    0.6471   8.51   0.1744   0.0058     7.30  0    cut
  23  sn99ac        Ia-91T     0.7311   8.31   0.1672   0.0064    17.10  0    cut
  24  sn04eo        Ia-norm    0.7121   8.29   0.1577   0.0061    11.00  0    cut
  25  sn96X         Ia-norm    0.6647   8.28   0.1658   0.0058     6.90  0    cut
  26  sn02bo        Ia-norm    0.6701   8.12   0.1955   0.0076   -13.30  0    cut
  27  sn03du        Ia-norm    0.7283   8.10   0.1638   0.0061     9.80  0    cut
  28  sn06gz        Ia-pec     0.7243   7.97   0.1639   0.0060     9.20  0    cut
  29  sn03du        Ia-norm    0.7162   7.72   0.1647   0.0063     8.90  0    cut
  30  sn89B         Ia-norm    0.6593   7.72   0.1586   0.0061    11.50  0    cut
  31  sn90N         Ia-norm    0.7311   7.67   0.1605   0.0066    14.50  0    cut
  32  sn94M         Ia-norm    0.6688   7.66   0.1708   0.0065     7.90  0    cut
  33  sn95D         Ia-norm    0.6552   7.53   0.1642   0.0066    10.10  0    cut
  34  sn98bu        Ia-norm    0.6376   7.50   0.1645   0.0068     9.30  0    cut
  35  sn89B         Ia-norm    0.6850   7.48   0.1583   0.0067    12.40  0    cut
  36  sn94T         Ia-norm    0.5510   7.46   0.1727   0.0070     1.20  0    cut
  37  sn03cg        Ia-norm    0.6986   7.40   0.1671   0.0067     4.50  0    cut
  38  sn94ae        Ia-norm    0.6823   7.34   0.1641   0.0068    11.30  0    cut
  39  sn95D         Ia-norm    0.7067   7.31   0.1618   0.0067    11.20  0    cut
  40  sn99ee        Ia-norm    0.7311   7.30   0.1678   0.0076    11.10  0    cut
  41  sn03cg        Ia-norm    0.7297   7.28   0.1620   0.0067    11.40  0    cut
  42  sn92A         Ia-norm    0.7311   7.19   0.1750   0.0067     6.30  0    cut
  43  sn02er        Ia-norm    0.7162   7.19   0.1644   0.0072    10.60  0    cut
  44  sn91bg        Ia-91bg    0.5632   7.12   0.1638   0.0081     2.50  0    cut
  45  sn94ae        Ia-norm    0.7080   7.10   0.1645   0.0068    10.40  0    cut
  46  sn98bu        Ia-norm    0.6376   7.08   0.1636   0.0072    10.20  0    cut
  47  sn05hk        Ia-pec     0.6065   7.06   0.1480   0.0079     3.60  0    cut
  48  sn02bo        Ia-norm    0.6728   6.95   0.1934   0.0079   -12.30  0    cut
  49  sn06gz        Ia-pec     0.7256   6.94   0.1645   0.0068     8.20  0    cut
  50  sn04eo        Ia-norm    0.7067   6.91   0.1641   0.0072     2.20  0    cut
  51  sn92A         Ia-norm    0.7311   6.91   0.1713   0.0075    11.70  0    cut
  52  sn00E         Ia-norm    0.6268   6.89   0.1654   0.0077     8.40  0    cut
  53  sn99ee        Ia-norm    0.7311   6.89   0.1617   0.0081    16.10  0    cut
  54  sn03cg        Ia-norm    0.6458   6.87   0.1655   0.0073     7.40  0    cut
  55  sn04eo        Ia-norm    0.7121   6.84   0.1564   0.0071    12.40  0    cut
  56  sn92A         Ia-norm    0.7311   6.77   0.1817   0.0071     5.90  0    cut
  57  sn03du        Ia-norm    0.7148   6.76   0.1652   0.0071     7.90  0    cut
  58  sn89B         Ia-norm    0.6471   6.73   0.1648   0.0071     5.50  0    cut
  59  sn96X         Ia-norm    0.6674   6.60   0.1664   0.0071     5.90  0    cut
  60  sn02ic        Ia-csm     0.6715   6.58   0.1631   0.0078     9.40  0    cut
  61  sn95E         Ia-norm    0.6227   6.49   0.1651   0.0076     7.00  0    cut
  62  sn02bo        Ia-norm    0.6999   6.46   0.1776   0.0083    -1.20  0    cut
  63  sn99ac        Ia-91T     0.7311   6.44   0.1774   0.0079     3.10  0    cut
  64  sn81B         Ia-norm    0.7311   6.42   0.1664   0.0078    22.90  0    cut
  65  sn02bo        Ia-norm    0.6376   6.42   0.1658   0.0085    10.80  0    cut
  66  sn81B         Ia-norm    0.7216   6.41   0.1594   0.0078    23.90  0    cut
  67  sn04eo        Ia-norm    0.7121   6.36   0.1563   0.0077    14.00  0    cut
  68  sn98bu        Ia-norm    0.6376   6.35   0.1625   0.0081    11.20  0    cut
  69  sn91bg        Ia-91bg    0.5997   6.34   0.1622   0.0092     2.70  0    cut
  70  sn92A         Ia-norm    0.7311   6.30   0.1664   0.0078    17.30  0    cut
  71  sn94ae        Ia-norm    0.6986   6.30   0.1652   0.0074     9.30  0    cut
  72  sn06gz        Ia-pec     0.6485   6.28   0.1674   0.0075     7.20  0    cut
  73  sn99ee        Ia-norm    0.7094   6.25   0.1599   0.0087    20.00  0    cut
  74  sn90N         Ia-norm    0.7311   6.21   0.1593   0.0077    17.70  0    cut
  75  sn04eo        Ia-norm    0.6376   6.18   0.1727   0.0090   -11.00  0    cut
  76  sn02bo        Ia-norm    0.6390   6.05   0.1849   0.0095    -8.10  0    cut
  77  sn94ae        Ia-norm    0.7311   6.04   0.1657   0.0079     9.40  0    cut
  78  sn02bo        Ia-norm    0.7013   6.00   0.1774   0.0089    -1.50  0    cut
  79  sn95D         Ia-norm    0.7243   5.97   0.1655   0.0079     8.10  0    cut
  80  sn02bo        Ia-norm    0.7013   5.95   0.1797   0.0091    -3.40  0    cut
  81  sn94M         Ia-norm    0.6227   5.89   0.1755   0.0090     5.00  0    cut
  82  sn97cn        Ia-91bg    0.6959   5.88   0.1574   0.0082     3.90  0    cut
  83  sn02bo        Ia-norm    0.6403   5.86   0.1585   0.0094    21.70  0    cut
  84  sn02bo        Ia-norm    0.6390   5.85   0.1593   0.0094    19.80  0    cut
  85  sn04S         Ia-norm    0.7067   5.85   0.1599   0.0095    13.40  0    cut
  86  sn89B         Ia-norm    0.6877   5.85   0.1562   0.0086    16.40  0    cut
  87  sn91T         Ia-91T     0.7162   5.84   0.1641   0.0087    10.90  0    cut
  88  sn03cg        Ia-norm    0.7256   5.83   0.1601   0.0080    12.40  0    cut
  89  sn02bo        Ia-norm    0.6390   5.82   0.1587   0.0095    20.70  0    cut
  90  sn02bo        Ia-norm    0.6390   5.78   0.1773   0.0097    -1.20  0    cut
  91  sn06gz        Ia-pec     0.7243   5.78   0.1655   0.0081     7.20  0    cut
  92  sn02bo        Ia-norm    0.6390   5.77   0.1595   0.0096    18.70  0    cut
  93  sn02bo        Ia-norm    0.7013   5.76   0.1788   0.0093    -2.50  0    cut
  94  sn02bo        Ia-norm    0.6390   5.75   0.1837   0.0100    -7.00  0    cut
  95  sn93ac        Ia-norm    0.7311   5.74   0.1729   0.0082     6.90  0    cut
  96  sn95al        Ia-norm    0.7311   5.70   0.1590   0.0092    25.30  0    cut
  97  sn02bo        Ia-norm    0.6390   5.70   0.1642   0.0094    11.90  0    cut
  98  sn97br        Ia-91T     0.6431   5.66   0.1573   0.0098    17.40  0    cut
  99  sn89B         Ia-norm    0.6864   5.62   0.1554   0.0088    17.40  0    cut
 100  sn98bu        Ia-norm    0.6376   5.62   0.1615   0.0091    12.20  0    cut
 101  sn91T         Ia-91T     0.7311   5.60   0.1549   0.0088    24.80  0    cut
 102  sn99aa        Ia-91T     0.6092   5.60   0.1867   0.0095     7.60  0    cut
 103  sn02bo        Ia-norm    0.6390   5.60   0.1781   0.0100    -2.10  0    cut
 104  sn91T         Ia-91T     0.7311   5.58   0.1590   0.0090    15.90  0    cut
 105  sn06gz        Ia-pec     0.6458   5.57   0.1691   0.0083     5.20  0    cut
 106  sn96X         Ia-norm    0.6634   5.56   0.1670   0.0082     4.90  0    cut
 107  sn95al        Ia-norm    0.7311   5.56   0.1629   0.0093    17.00  0    cut
 108  sn97br        Ia-91T     0.6674   5.56   0.1640   0.0092     8.50  0    cut
 109  sn02bo        Ia-norm    0.7283   5.55   0.1778   0.0097    -0.30  0    cut
 110  sn02bo        Ia-norm    0.6390   5.54   0.1596   0.0099    17.80  0    cut
 111  sn92A         Ia-norm    0.6850   5.54   0.1777   0.0086     3.30  0    cut
 112  sn02bo        Ia-norm    0.6864   5.53   0.1884   0.0096    -9.40  0    cut
 113  sn02bo        Ia-norm    0.6376   5.53   0.1635   0.0098    12.80  0    cut
 114  sn89B         Ia-norm    0.6498   5.51   0.1666   0.0086     3.50  0    cut
 115  sn99ee        Ia-norm    0.7311   5.50   0.1735   0.0096     7.10  0    cut
 116  sn01el        Ia-norm    0.7311   5.50   0.1697   0.0099     9.20  0    cut
 117  sn99ac        Ia-91T     0.7311   5.49   0.1785   0.0093     0.80  0    cut
 118  sn94M         Ia-norm    0.7311   5.49   0.1647   0.0087    12.90  0    cut
 119  sn89B         Ia-norm    0.6444   5.47   0.1571   0.0087    13.40  0    cut
 120  sn81B         Ia-norm    0.6972   5.47   0.1610   0.0091    19.90  0    cut
 121  sn89B         Ia-norm    0.6823   5.46   0.1564   0.0089    14.40  0    cut
 122  sn99ee        Ia-norm    0.7080   5.45   0.1587   0.0098    22.10  0    cut
 123  sn81B         Ia-norm    0.7053   5.44   0.1679   0.0091    18.90  0    cut
 124  sn03du        Ia-norm    0.7107   5.42   0.1672   0.0090    13.70  0    cut
 125  sn02er        Ia-norm    0.6823   5.42   0.1830   0.0099   -11.30  0    cut
 126  sn02bo        Ia-norm    0.6390   5.41   0.1821   0.0105    -6.00  0    cut
 127  sn02bo        Ia-norm    0.6390   5.38   0.1800   0.0105    -4.00  0    cut
 128  sn94D         Ia-norm    0.6390   5.36   0.1586   0.0096    13.40  0    cut
 129  sn95D         Ia-norm    0.7026   5.35   0.1593   0.0088    14.10  0    cut
 130  sn02bo        Ia-norm    0.6390   5.32   0.1627   0.0101    13.80  0    cut
 131  sn02bo        Ia-norm    0.6390   5.32   0.1791   0.0106    -3.10  0    cut
 132  sn02er        Ia-norm    0.6363   5.31   0.1704   0.0094     1.50  0    cut
 133  sn02bo        Ia-norm    0.6390   5.31   0.1604   0.0103    16.70  0    cut
 134  sn06gz        Ia-pec     0.7243   5.31   0.1667   0.0087     6.30  0    cut
 135  sn91T         Ia-91T     0.7311   5.31   0.1497   0.0098    67.60  0    cut
 136  sn89B         Ia-norm    0.6850   5.30   0.1555   0.0094    18.40  0    cut
 137  sn99aa        Ia-91T     0.7311   5.30   0.1713   0.0094    26.20  0    cut
 138  sn02bo        Ia-norm    0.6403   5.30   0.1585   0.0101    23.80  0    cut
 139  sn03du        Ia-norm    0.7311   5.28   0.1563   0.0091    21.80  0    cut
 140  sn96C         Ia-norm    0.7270   5.27   0.1648   0.0089     8.30  0    cut
 141  sn02bo        Ia-norm    0.7311   5.26   0.1793   0.0102    -1.40  0    cut
 142  sn91T         Ia-91T     0.7311   5.26   0.1489   0.0098    75.20  0    cut
 143  sn05gj        Ia-csm     0.6336   5.25   0.1526   0.0101    27.30  0    cut
 144  sn02er        Ia-norm    0.7311   5.23   0.1682   0.0092     3.40  0    cut
 145  sn03du        Ia-norm    0.7311   5.22   0.1554   0.0091    26.70  0    cut
 146  sn98bu        Ia-norm    0.6376   5.20   0.1600   0.0098    13.20  0    cut
 147  sn02bo        Ia-norm    0.6403   5.20   0.1611   0.0103    15.70  0    cut
 148  sn95ac        Ia-norm    0.6200   5.19   0.1566   0.0113    24.40  0    cut
 149  sn02bo        Ia-norm    0.6390   5.18   0.1809   0.0108    -5.10  0    cut
 150  sn02bo        Ia-norm    0.6390   5.16   0.1617   0.0104    14.80  0    cut
 151  sn05gj        Ia-csm     0.6417   5.15   0.1489   0.0092    39.40  0    cut
 152  sn95bd        Ia-norm    0.5645   5.13   0.1475   0.0127    72.30  0    cut
 153  sn99by        Ia-91bg    0.6986   5.11   0.1581   0.0097     3.10  0    cut
 154  sn81B         Ia-norm    0.6458   5.09   0.1657   0.0100    26.90  0    cut
 155  sn96X         Ia-norm    0.7311   5.08   0.1573   0.0092    22.50  0    cut
 156  sn02er        Ia-norm    0.7311   5.07   0.1639   0.0104    15.50  0    cut
 157  sn02er        Ia-norm    0.7311   5.06   0.1639   0.0104    16.40  0    cut
 158  sn02bo        Ia-norm    0.7311   5.05   0.1821   0.0106    -4.50  0    cut
 159  sn97br        Ia-91T     0.6620   5.03   0.1562   0.0104    21.30  0    cut
 160  sn95bd        Ia-norm    0.6620   5.03   0.1663   0.0101    11.30  0    cut
 161  sn86G         Ia-91bg    0.5740   4.99   0.1683   0.0112    -0.40  0    cut
 162  sn02bo        Ia-norm    0.6728   4.99   0.1814   0.0104    -4.40  0    cut
 163  sn03du        Ia-norm    0.7311   4.96   0.1509   0.0099    59.30  0    cut
 164  sn97br        Ia-91T     0.7311   4.93   0.1593   0.0097    12.40  0    cut
 165  sn05hk        Ia-pec     0.6525   4.91   0.1405   0.0101    14.30  0    cut
 166  sn89B         Ia-norm    0.6877   4.91   0.1552   0.0100    19.40  0    cut
 167  sn92A         Ia-norm    0.6119   4.90   0.1705   0.0098    11.60  0    cut
 168  sn94D         Ia-norm    0.6403   4.90   0.1573   0.0105    15.30  0    cut
 169  sn99aa        Ia-91T     0.7311   4.90   0.1735   0.0098    21.10  0    cut
 170  sn94ae        Ia-norm    0.6742   4.89   0.1528   0.0110    64.00  0    cut
 171  sn05gj        Ia-csm     0.6295   4.86   0.1550   0.0109    17.90  0    cut
 172  sn99by        Ia-91bg    0.6986   4.85   0.1636   0.0097    -2.80  0    cut
 173  sn92A         Ia-norm    0.6133   4.85   0.1666   0.0098    16.30  0    cut
 174  sn98bu        Ia-norm    0.6376   4.85   0.1586   0.0104    14.30  0    cut
 175  sn95D         Ia-norm    0.7311   4.83   0.1573   0.0095    16.10  0    cut
 176  sn94ae        Ia-norm    0.6864   4.83   0.1677   0.0096     6.40  0    cut
 177  sn94D         Ia-norm    0.6403   4.83   0.1559   0.0105    17.40  0    cut
 178  sn03du        Ia-norm    0.7311   4.82   0.1507   0.0102    63.40  0    cut
 179  sn98aq        Ia-norm    0.6390   4.81   0.1670   0.0097     6.90  0    cut
 180  sn89B         Ia-norm    0.6864   4.81   0.1551   0.0101    20.40  0    cut
 181  sn04S         Ia-norm    0.7067   4.79   0.1574   0.0112    18.40  0    cut
 182  sn03du        Ia-norm    0.6417   4.78   0.1551   0.0105    24.00  0    cut
 183  sn05hj        Ia-norm    0.5781   4.77   0.1703   0.0105     4.30  0    cut
 184  sn03du        Ia-norm    0.7311   4.77   0.1514   0.0101    51.60  0    cut
 185  sn04eo        Ia-norm    0.6566   4.75   0.1673   0.0100    -2.80  0    cut
 186  sn02ic        Ia-csm     0.7311   4.75   0.1640   0.0103     5.60  0    cut
 187  sn81B         Ia-norm    0.6539   4.74   0.1619   0.0108    16.90  0    cut
 188  sn01el        Ia-norm    0.7311   4.73   0.1643   0.0108    18.10  0    cut
 189  sn02er        Ia-norm    0.6959   4.72   0.1678   0.0105    12.40  0    cut
 190  sn03fg        Ia-pec     0.7311   4.71   0.1591   0.0099     2.00  0    cut
 191  sn03cg        Ia-norm    0.6593   4.69   0.1664   0.0093     1.50  0    cut
 192  sn96X         Ia-norm    0.6688   4.69   0.1578   0.0103    20.80  0    cut
 193  sn05hk        Ia-pec     0.7121   4.68   0.1393   0.0097    14.40  0    cut
 194  sn02bo        Ia-norm    0.7311   4.63   0.1564   0.0110    44.40  0    cut
 195  sn03du        Ia-norm    0.6431   4.62   0.1547   0.0107    26.00  0    cut
 196  sn00E         Ia-norm    0.6823   4.61   0.1747   0.0124    -5.50  0    cut
 197  sn94D         Ia-norm    0.6999   4.60   0.1517   0.0107    53.90  0    cut
 198  sn94Q         Ia-norm    0.5618   4.59   0.1568   0.0110    18.50  0    cut
 199  sn03du        Ia-norm    0.7026   4.58   0.1497   0.0110    72.30  0    cut
 200  sn03du        Ia-norm    0.6431   4.57   0.1555   0.0109    22.00  0    cut
 201  sn94D         Ia-norm    0.6674   4.53   0.1563   0.0108    15.20  0    cut
 202  sn02bo        Ia-norm    0.6403   4.51   0.1532   0.0123    49.60  0    cut
 203  sn99ac        Ia-91T     0.6119   4.51   0.1895   0.0127    -9.60  0    cut
 204  sn90O         Ia-norm    0.6607   4.50   0.1607   0.0097    19.10  0    cut
 205  sn03du        Ia-norm    0.7026   4.50   0.1490   0.0113    84.30  0    cut
 206  sn90O         Ia-norm    0.6173   4.50   0.1603   0.0101    19.90  0    cut
 207  sn91T         Ia-91T     0.7311   4.48   0.1508   0.0109    46.60  0    cut
 208  sn81B         Ia-norm    0.6593   4.48   0.1690   0.0112    16.00  0    cut
 209  sn02bo        Ia-norm    0.6403   4.47   0.1518   0.0126    54.60  0    cut
 210  sn94D         Ia-norm    0.6688   4.47   0.1612   0.0105    11.00  0    cut
 211  sn92A         Ia-norm    0.6837   4.45   0.1806   0.0105    -0.60  0    cut
 212  sn05hk        Ia-pec     0.5740   4.45   0.1400   0.0114    12.40  0    cut
 213  sn81B         Ia-norm    0.7311   4.44   0.1819   0.0108    -0.90  0    cut
 214  sn99by        Ia-91bg    0.6390   4.44   0.1659   0.0114    -3.90  0    cut
 215  sn99by        Ia-91bg    0.6376   4.44   0.1580   0.0115     4.10  0    cut
 216  sn91M         Ia-norm    0.6715   4.43   0.1497   0.0123    80.00  0    cut
 217  sn95D         Ia-norm    0.6634   4.43   0.1514   0.0122    69.60  0    cut
 218  sn89B         Ia-norm    0.6877   4.42   0.1549   0.0108    21.40  0    cut
 219  sn92A         Ia-norm    0.7243   4.42   0.1777   0.0104     2.40  0    cut
 220  sn81B         Ia-norm    0.7311   4.41   0.1820   0.0110     0.00  0    cut
 221  sn04S         Ia-norm    0.6783   4.41   0.1580   0.0112    14.00  0    cut
 222  sn94ae        Ia-norm    0.6661   4.40   0.1551   0.0110    30.20  0    cut
 223  sn94D         Ia-norm    0.6336   4.39   0.1525   0.0118    50.10  0    cut
 224  sn96X         Ia-norm    0.7311   4.39   0.1570   0.0103    24.70  0    cut
 225  sn99aa        Ia-91T     0.7107   4.38   0.1702   0.0114    29.10  0    cut
 226  sn02bo        Ia-norm    0.6403   4.38   0.1536   0.0124    45.60  0    cut
 227  sn97br        Ia-91T     0.6931   4.36   0.1498   0.0120    71.90  0    cut
 228  sn99aw        Ia-91T     0.6701   4.36   0.1589   0.0118    35.90  0    cut
 229  sn03du        Ia-norm    0.6417   4.35   0.1795   0.0131   -11.70  0    cut
 230  sn02bo        Ia-norm    0.6403   4.35   0.1531   0.0127    51.60  0    cut
 231  sn03du        Ia-norm    0.6431   4.34   0.1561   0.0114    20.00  0    cut
 232  sn99ee        Ia-norm    0.7311   4.34   0.1780   0.0121     2.20  0    cut
 233  sn94ae        Ia-norm    0.6458   4.34   0.1505   0.0129    70.00  0    cut
 234  sn03cg        Ia-norm    0.6173   4.32   0.1550   0.0121    19.40  0    cut
 235  sn94D         Ia-norm    0.6295   4.32   0.1519   0.0124    57.10  0    cut
 236  sn03du        Ia-norm    0.6417   4.32   0.1578   0.0113    17.00  0    cut
 237  sn99aa        Ia-91T     0.7311   4.32   0.1691   0.0111    34.10  0    cut
 238  sn03du        Ia-norm    0.6607   4.31   0.1571   0.0113    17.80  0    cut
 239  sn95D         Ia-norm    0.7243   4.31   0.1666   0.0106     6.10  0    cut
 240  sn03du        Ia-norm    0.6471   4.30   0.1567   0.0114    19.60  0    cut
 241  sn94D         Ia-norm    0.6336   4.30   0.1526   0.0125    59.10  0    cut
 242  sn98aq        Ia-norm    0.6390   4.29   0.1559   0.0117    20.80  0    cut
 243  sn91T         Ia-91T     0.7311   4.29   0.1510   0.0112    45.70  0    cut
 244  sn98bu        Ia-norm    0.5672   4.28   0.1700   0.0118     1.20  0    cut
 245  sn90N         Ia-norm    0.7311   4.28   0.1456   0.0123   213.40  0    cut
 246  sn03du        Ia-norm    0.6403   4.28   0.1517   0.0122    56.70  0    cut
 247  sn04eo        Ia-norm    0.7311   4.28   0.1719   0.0122    -6.40  0    cut
 248  sn99aa        Ia-91T     0.7094   4.27   0.1676   0.0116    50.00  0    cut
 249  sn02bo        Ia-norm    0.6403   4.27   0.1547   0.0127    43.60  0    cut
 250  sn05gj        Ia-csm     0.6214   4.27   0.1492   0.0123    40.50  0    cut
 251  sn03du        Ia-norm    0.7311   4.27   0.1544   0.0107    31.80  0    cut
 252  sn03du        Ia-norm    0.6417   4.26   0.1566   0.0115    19.00  0    cut
 253  sn96X         Ia-norm    0.6661   4.24   0.1677   0.0103     2.90  0    cut
 254  sn03du        Ia-norm    0.6417   4.24   0.1513   0.0125    61.70  0    cut
 255  sn86G         Ia-91bg    0.5889   4.23   0.1706   0.0129    -2.70  0    cut
 256  sn03cg        Ia-norm    0.6309   4.22   0.1701   0.0116    -0.50  0    cut
 257  sn02bo        Ia-norm    0.6403   4.21   0.1480   0.0134    79.40  0    cut
 258  sn89B         Ia-norm    0.7311   4.21   0.1701   0.0120    -0.50  0    cut
 259  sn91M         Ia-norm    0.7311   4.20   0.1601   0.0107    24.80  0    cut
 260  sn98aq        Ia-norm    0.6376   4.19   0.1567   0.0119    18.80  0    cut
 261  sn99aa        Ia-91T     0.7311   4.18   0.1868   0.0124    -0.60  0    cut
 262  sn96X         Ia-norm    0.6661   4.18   0.1680   0.0104     1.90  0    cut
 263  sn99by        Ia-91bg    0.6024   4.18   0.1668   0.0120    -4.80  0    cut
 264  sn98aq        Ia-norm    0.6390   4.17   0.1675   0.0109     5.90  0    cut
 265  sn03du        Ia-norm    0.6431   4.17   0.1521   0.0123    51.80  0    cut
 266  sn02bo        Ia-norm    0.6403   4.16   0.1494   0.0139    72.50  0    cut
 267  sn94D         Ia-norm    0.6417   4.16   0.1517   0.0125    50.00  0    cut
 268  sn03du        Ia-norm    0.7283   4.16   0.1466   0.0124   141.30  0    cut
 269  sn94D         Ia-norm    0.6146   4.16   0.1535   0.0129    48.00  0    cut
 270  sn94D         Ia-norm    0.6309   4.16   0.1556   0.0120    14.30  0    cut
 271  sn92A         Ia-norm    0.7229   4.15   0.1813   0.0112    -0.40  0    cut
 272  sn99ee        Ia-norm    0.7311   4.15   0.1796   0.0126     0.30  0    cut
 273  sn05gj        Ia-csm     0.6403   4.14   0.1474   0.0123    38.50  0    cut
 274  sn05hj        Ia-norm    0.5835   4.14   0.1701   0.0137    -5.10  0    cut
 275  sn94D         Ia-norm    0.6661   4.14   0.1586   0.0115    12.20  0    cut
 276  sn94D         Ia-norm    0.6661   4.14   0.1563   0.0114    17.20  0    cut
 277  sn94ae        Ia-norm    0.7311   4.13   0.1466   0.0128   123.60  0    cut
 278  sn99by        Ia-91bg    0.6376   4.13   0.1572   0.0123     5.20  0    cut
 279  sn05gj        Ia-csm     0.6336   4.13   0.1505   0.0130    42.30  0    cut
 280  sn94D         Ia-norm    0.6255   4.12   0.1528   0.0130    55.10  0    cut
 281  sn94D         Ia-norm    0.5957   4.12   0.1599   0.0116    10.10  0    cut
 282  sn96X         Ia-norm    0.7311   4.11   0.1671   0.0107     1.90  0    cut
 283  sn02cx        Ia-pec     0.6607   4.11   0.1420   0.0116    10.30  0    cut
 284  sn03du        Ia-norm    0.6403   4.11   0.1514   0.0130    60.70  0    cut
 285  sn05hk        Ia-pec     0.6255   4.10   0.1378   0.0117    42.90  0    cut
 286  sn03du        Ia-norm    0.6417   4.10   0.1524   0.0126    49.80  0    cut
 287  sn98bu        Ia-norm    0.6376   4.10   0.1522   0.0131    57.10  0    cut
 288  sn04eo        Ia-norm    0.6038   4.10   0.1508   0.0135    67.00  0    cut
 289  sn86G         Ia-91bg    0.6701   4.10   0.1704   0.0120    -2.40  0    cut
 290  sn86G         Ia-91bg    0.6701   4.09   0.1714   0.0121    -3.40  0    cut
 291  sn00cx        Ia-pec     0.5469   4.09   0.1592   0.0135    28.40  0    cut
 292  sn99aw        Ia-91T     0.6999   4.08   0.1786   0.0121     3.20  0    cut
 293  sn03cg        Ia-norm    0.6999   4.08   0.1537   0.0124    52.40  0    cut
 294  sn00E         Ia-norm    0.6701   4.08   0.1729   0.0127    -2.50  0    cut
 295  sn00cx        Ia-pec     0.5821   4.08   0.1579   0.0135    30.40  0    cut
 296  sn02er        Ia-norm    0.7107   4.07   0.1708   0.0114    -0.50  0    cut
 297  sn99aa        Ia-91T     0.6769   4.06   0.1680   0.0129    53.90  0    cut
 298  sn89B         Ia-norm    0.6891   4.06   0.1549   0.0112    22.40  0    cut
 299  sn95D         Ia-norm    0.7311   4.05   0.1524   0.0111    37.80  0    cut
 300  sn91M         Ia-norm    0.7026   4.05   0.1740   0.0114     2.70  0    cut
 301  sn02bo        Ia-norm    0.6403   4.03   0.1574   0.0128    27.70  0    cut
 302  sn94M         Ia-norm    0.5835   4.03   0.1762   0.0125     4.00  0    cut
 303  sn94D         Ia-norm    0.7311   4.01   0.1554   0.0108    16.30  0    cut
 304  sn03du        Ia-norm    0.6431   4.01   0.1546   0.0121    29.00  0    cut
 305  sn03cg        Ia-norm    0.6593   4.01   0.1715   0.0118    -4.50  0    cut
 306  sn81B         Ia-norm    0.5645   4.00   0.1489   0.0126    93.50  0    cut
 307  sn94M         Ia-norm    0.6674   4.00   0.1774   0.0122     3.00  0    cut
 308  sn02bo        Ia-norm    0.5442   4.00   0.1454   0.0149    83.30  0    cut
 309  sn95E         Ia-norm    0.6498   4.00   0.1693   0.0115     0.10  0    cut
 310  sn97br        Ia-91T     0.6661   3.99   0.1526   0.0131    49.10  0    cut
 311  sn86G         Ia-91bg    0.5997   3.99   0.1506   0.0132    52.00  0    cut
 312  sn00cx        Ia-pec     0.5442   3.98   0.1594   0.0137    26.40  0    cut
 313  sn94D         Ia-norm    0.6647   3.98   0.1599   0.0119    13.20  0    cut
 314  sn98aq        Ia-norm    0.6390   3.98   0.1451   0.0138   240.30  0    cut
 315  sn02bo        Ia-norm    0.6403   3.98   0.1549   0.0133    40.60  0    cut
 316  sn95E         Ia-norm    0.6363   3.98   0.1691   0.0115     2.00  0    cut
 317  sn98bu        Ia-norm    0.6390   3.97   0.1449   0.0142   242.80  0    cut
 318  sn00cx        Ia-pec     0.7311   3.97   0.1615   0.0142    41.30  0    cut
 319  sn02er        Ia-norm    0.6647   3.97   0.1817   0.0128    -9.40  0    cut
 320  sn94S         Ia-norm    0.6959   3.96   0.1548   0.0121    20.90  0    cut
 321  sn03du        Ia-norm    0.7040   3.96   0.1455   0.0129   220.70  0    cut
 322  sn96X         Ia-norm    0.7311   3.96   0.1678   0.0111     0.90  0    cut
 323  sn91M         Ia-norm    0.7148   3.95   0.1473   0.0136   111.80  0    cut
 324  sn04S         Ia-norm    0.7311   3.95   0.1674   0.0139     7.50  0    cut
 325  sn98bu        Ia-norm    0.6390   3.94   0.1439   0.0138   216.90  0    cut
 326  sn86G         Ia-91bg    0.5957   3.92   0.1669   0.0119     1.60  0    cut
 327  sn94D         Ia-norm    0.7311   3.92   0.1898   0.0151   -10.60  0    cut
 328  sn91bg        Ia-91bg    0.6891   3.92   0.1587   0.0124     2.70  0    cut
 329  sn94ae        Ia-norm    0.6566   3.91   0.1531   0.0126    40.10  0    cut
 330  sn03cg        Ia-norm    0.7013   3.91   0.1609   0.0120    16.40  0    cut
 331  sn94D         Ia-norm    0.5334   3.90   0.1536   0.0133    46.20  0    cut
 332  sn94ae        Ia-norm    0.6783   3.90   0.1682   0.0115     4.40  0    cut
 333  sn86G         Ia-91bg    0.6715   3.89   0.1719   0.0126    -4.40  0    cut
 334  sn99ee        Ia-norm    0.7311   3.89   0.1909   0.0145    -8.60  0    cut
 335  sn04eo        Ia-norm    0.7107   3.89   0.1547   0.0113    20.80  0    cut
 336  sn98aq        Ia-norm    0.6390   3.87   0.1523   0.0135    57.70  0    cut
 337  sn98aq        Ia-norm    0.6390   3.86   0.1517   0.0137    65.60  0    cut
 338  sn91bg        Ia-91bg    0.5713   3.86   0.1554   0.0132    33.70  0    cut
 339  sn98aq        Ia-norm    0.6390   3.85   0.1525   0.0135    54.70  0    cut
 340  sn98aq        Ia-norm    0.6390   3.85   0.1522   0.0136    62.60  0    cut
 341  sn89B         Ia-norm    0.7311   3.84   0.1740   0.0134    -6.30  0    cut
 342  sn02bo        Ia-norm    0.6133   3.84   0.1535   0.0143    39.30  0    cut
 343  sn98aq        Ia-norm    0.6390   3.84   0.1522   0.0137    59.60  0    cut
 344  sn98bu        Ia-norm    0.6376   3.83   0.1529   0.0136    44.10  0    cut
 345  sn89B         Ia-norm    0.6755   3.83   0.1549   0.0120    23.40  0    cut
 346  sn98aq        Ia-norm    0.6363   3.83   0.1461   0.0145   230.30  0    cut
 347  sn02bo        Ia-norm    0.6390   3.82   0.1571   0.0135    28.60  0    cut
 348  sn90N         Ia-norm    0.7311   3.81   0.1652   0.0121     4.90  0    cut
 349  sn95D         Ia-norm    0.6634   3.81   0.1537   0.0128    42.80  0    cut
 350  sn05gj        Ia-csm     0.6255   3.81   0.1459   0.0145    67.70  0    cut
 351  sn86G         Ia-91bg    0.6972   3.81   0.1491   0.0124    56.50  0    cut
 352  sn98bu        Ia-norm    0.6390   3.80   0.1532   0.0135    43.10  0    cut
 353  sn00cx        Ia-pec     0.7311   3.80   0.1636   0.0140    31.40  0    cut
 354  sn98aq        Ia-norm    0.6390   3.79   0.1511   0.0141    78.60  0    cut
 355  sn98aq        Ia-norm    0.6390   3.79   0.1529   0.0137    50.60  0    cut
 356  sn00cx        Ia-pec     0.7311   3.78   0.1529   0.0150    61.10  0    cut
 357  sn92A         Ia-norm    0.6891   3.78   0.1841   0.0121    -5.00  0    cut
 358  sn90N         Ia-norm    0.6972   3.78   0.1566   0.0120    38.50  0    cut
 359  sn94ae        Ia-norm    0.7311   3.77   0.1455   0.0127   367.70  0    cut
 360  sn86G         Ia-91bg    0.5997   3.77   0.1504   0.0140    54.00  0    cut
 361  sn03du        Ia-norm    0.6471   3.76   0.1514   0.0125    39.50  0    cut
 362  sn94D         Ia-norm    0.6403   3.76   0.1527   0.0130    43.20  0    cut
 363  sn03du        Ia-norm    0.7026   3.76   0.1530   0.0123    34.60  0    cut
 364  sn95D         Ia-norm    0.6850   3.75   0.1677   0.0121     4.20  0    cut
 365  sn94D         Ia-norm    0.7229   3.75   0.1652   0.0116     2.90  0    cut
 366  sn98aq        Ia-norm    0.6390   3.74   0.1678   0.0120     4.90  0    cut
 367  sn86G         Ia-91bg    0.6552   3.74   0.1665   0.0126     1.10  0    cut
 368  sn05gj        Ia-csm     0.6255   3.74   0.1581   0.0139    10.40  0    cut
 369  sn03du        Ia-norm    0.7026   3.74   0.1661   0.0120     3.90  0    cut
 370  sn00cx        Ia-pec     0.7311   3.73   0.1511   0.0148    71.00  0    cut
 371  sn94D         Ia-norm    0.7094   3.72   0.1687   0.0115     2.20  0    cut
 372  sn02bo        Ia-norm    0.6403   3.72   0.1576   0.0138    29.70  0    cut
 373  sn98bu        Ia-norm    0.6390   3.71   0.1532   0.0137    42.10  0    cut
 374  sn86G         Ia-91bg    0.6552   3.71   0.1655   0.0128     0.10  0    cut
 375  sn03cg        Ia-norm    0.6444   3.71   0.1724   0.0133    -7.50  0    cut
 376  sn05gj        Ia-csm     0.5794   3.71   0.1465   0.0143    51.80  0    cut
 377  sn03cg        Ia-norm    0.6119   3.71   0.1535   0.0146    43.40  0    cut
 378  sn96X         Ia-norm    0.6674   3.71   0.1684   0.0115     1.00  0    cut
 379  sn91M         Ia-norm    0.6945   3.71   0.1610   0.0127    27.50  0    cut
 380  sn99by        Ia-91bg    0.6390   3.70   0.1570   0.0135     6.10  0    cut
 381  sn97br        Ia-91T     0.6133   3.70   0.1470   0.0151    50.50  0    cut
 382  sn03du        Ia-norm    0.6187   3.70   0.1561   0.0155    87.10  0    cut
 383  sn94Q         Ia-norm    0.6417   3.69   0.1530   0.0140    41.60  0    cut
 384  sn05hk        Ia-pec     0.7311   3.68   0.1399   0.0116    23.40  0    cut
 385  sn98aq        Ia-norm    0.6390   3.68   0.1509   0.0146    81.60  0    cut
 386  sn03cg        Ia-norm    0.6160   3.67   0.1551   0.0134    23.40  0    cut
 387  sn05hk        Ia-pec     0.6255   3.67   0.1383   0.0129    42.00  0    cut
 388  sn03du        Ia-norm    0.6891   3.67   0.1798   0.0146   -10.10  0    cut
 389  sn98aq        Ia-norm    0.6390   3.66   0.1506   0.0147    90.50  0    cut
 390  sn03du        Ia-norm    0.6471   3.66   0.1472   0.0149   109.00  0    cut
 391  sn98bu        Ia-norm    0.6390   3.65   0.1532   0.0138    41.10  0    cut
 392  sn04eo        Ia-norm    0.6837   3.65   0.1525   0.0131    53.30  0    cut
 393  sn02er        Ia-norm    0.7311   3.65   0.1733   0.0133    -1.50  0    cut
 394  sn91M         Ia-norm    0.7311   3.65   0.1605   0.0121    25.80  0    cut
 395  sn00E         Ia-norm    0.6593   3.64   0.1733   0.0134    -1.40  0    cut
 396  sn86G         Ia-91bg    0.5564   3.64   0.1438   0.0146   323.60  0    cut
 397  sn06gz        Ia-pec     0.6431   3.64   0.1680   0.0120     4.30  0    cut
 398  sn98bu        Ia-norm    0.6376   3.64   0.1535   0.0139    39.20  0    cut
 399  sn98bu        Ia-norm    0.6390   3.64   0.1534   0.0139    40.10  0    cut
 400  sn99ee        Ia-norm    0.7311   3.63   0.1876   0.0147    -6.70  0    cut
 401  sn04eo        Ia-norm    0.6552   3.63   0.1510   0.0136    71.10  0    cut
 402  sn86G         Ia-91bg    0.5916   3.63   0.1671   0.0128     0.60  0    cut
 403  sn05hk        Ia-pec     0.6255   3.62   0.1383   0.0129    39.00  0    cut
 404  sn03du        Ia-norm    0.7311   3.62   0.1672   0.0127     5.00  0    cut
 405  sn02bo        Ia-norm    0.6715   3.62   0.1585   0.0135    29.40  0    cut
 406  sn96X         Ia-norm    0.7311   3.60   0.1562   0.0123    31.70  0    cut
 407  sn03du        Ia-norm    0.5930   3.60   0.1527   0.0144    45.60  0    cut
 408  sn90O         Ia-norm    0.6593   3.59   0.1754   0.0130    -0.40  0    cut
 409  sn03cg        Ia-norm    0.5672   3.59   0.1711   0.0130    -1.80  0    cut
 410  sn89B         Ia-norm    0.6823   3.59   0.1555   0.0124    24.40  0    cut
 411  sn94ae        Ia-norm    0.6918   3.59   0.1694   0.0123     3.30  0    cut
 412  sn92A         Ia-norm    0.7229   3.59   0.1856   0.0131    -5.00  0    cut
 413  sn94Q         Ia-norm    0.7229   3.59   0.1625   0.0132    11.60  0    cut
 414  sn90N         Ia-norm    0.5659   3.59   0.1405   0.0143   280.70  0    cut
 415  sn03cg        Ia-norm    0.5659   3.58   0.1559   0.0138    23.40  0    cut
 416  sn99aa        Ia-91T     0.6742   3.58   0.1763   0.0131    15.40  0    cut
 417  sn98bu        Ia-norm    0.6390   3.58   0.1537   0.0139    38.20  0    cut
 418  sn89B         Ia-norm    0.6241   3.57   0.1498   0.0143    51.00  0    cut
 419  sn86G         Ia-91bg    0.5997   3.57   0.1503   0.0147    56.00  0    cut
 420  sn02er        Ia-norm    0.7311   3.56   0.1775   0.0147    -6.40  0    cut
 421  sn02er        Ia-norm    0.7311   3.56   0.1736   0.0138    -3.50  0    cut
 422  sn05hj        Ia-norm    0.5767   3.56   0.1713   0.0136     1.60  0    cut
 423  sn97br        Ia-91T     0.6485   3.55   0.1527   0.0153    66.40  0    cut
 424  sn86G         Ia-91bg    0.6146   3.54   0.1516   0.0142    45.60  0    cut
 425  sn94D         Ia-norm    0.7311   3.54   0.1489   0.0132    83.10  0    cut
 426  sn98bu        Ia-norm    0.6390   3.54   0.1538   0.0139    37.20  0    cut
 427  sn94ae        Ia-norm    0.6688   3.54   0.1543   0.0132    36.20  0    cut
 428  sn86G         Ia-91bg    0.6092   3.54   0.1516   0.0138    44.60  0    cut
 429  sn94D         Ia-norm    0.6363   3.53   0.1555   0.0133    15.20  0    cut
 430  sn02ic        Ia-csm     0.7311   3.52   0.1496   0.0138    44.10  0    cut
 431  sn96X         Ia-norm    0.4806   3.52   0.1609   0.0128    12.70  0    cut
 432  sn96X         Ia-norm    0.6674   3.51   0.1686   0.0120     0.00  0    cut
 433  sn94D         Ia-norm    0.6146   3.51   0.1769   0.0151    -8.70  0    cut
 434  sn00cx        Ia-pec     0.5429   3.50   0.1588   0.0148    24.40  0    cut
 435  sn02er        Ia-norm    0.7311   3.49   0.1742   0.0140    -2.50  0    cut
 436  sn02er        Ia-norm    0.6485   3.49   0.1796   0.0136    -7.40  0    cut
 437  sn86G         Ia-91bg    0.6552   3.48   0.1691   0.0135    -0.90  0    cut
 438  sn98bu        Ia-norm    0.6390   3.48   0.1538   0.0141    36.20  0    cut
 439  sn05hj        Ia-norm    0.5808   3.48   0.1725   0.0152    -6.00  0    cut
 440  sn90N         Ia-norm    0.6999   3.48   0.1735   0.0159   -13.20  0    cut
 441  sn03du        Ia-norm    0.6593   3.48   0.1607   0.0137    37.40  0    cut
 442  sn99aa        Ia-91T     0.6579   3.48   0.1886   0.0169    -4.10  0    cut
 443  sn98aq        Ia-norm    0.6390   3.46   0.1680   0.0128     3.90  0    cut
 444  sn05hk        Ia-pec     0.7135   3.44   0.1459   0.0148    -1.40  0    cut
 445  sn99aa        Ia-91T     0.6769   3.44   0.1702   0.0144    41.10  0    cut
 446  sn94ae        Ia-norm    0.6512   3.43   0.1690   0.0125     3.30  0    cut
 447  sn98bu        Ia-norm    0.6390   3.43   0.1543   0.0142    35.20  0    cut
 448  sn94ae        Ia-norm    0.6755   3.42   0.1688   0.0130     1.30  0    cut
 449  sn86G         Ia-91bg    0.6539   3.42   0.1698   0.0139    -1.90  0    cut
 450  sn03du        Ia-norm    0.6417   3.41   0.1542   0.0140    34.00  0    cut
 451  sn94ae        Ia-norm    0.6065   3.40   0.1487   0.0160    87.80  0    cut
 452  sn03du        Ia-norm    0.6417   3.39   0.1678   0.0130     3.10  0    cut
 453  sn95bd        Ia-norm    0.5591   3.39   0.1535   0.0150    21.10  0    cut
 454  sn86G         Ia-91bg    0.6038   3.39   0.1503   0.0150    49.50  0    cut
 455  sn03du        Ia-norm    0.6417   3.38   0.1743   0.0155    -9.70  0    cut
 456  sn98bu        Ia-norm    0.6363   3.38   0.1694   0.0139    -0.70  0    cut
 457  sn98bu        Ia-norm    0.6390   3.38   0.1538   0.0143    34.20  0    cut
 458  sn02er        Ia-norm    0.7311   3.38   0.1758   0.0149    -4.40  0    cut
 459  sn94D         Ia-norm    0.6715   3.38   0.1560   0.0133    19.20  0    cut
 460  sn99by        Ia-91bg    0.6390   3.38   0.1569   0.0147     7.10  0    cut
 461  sn03cg        Ia-norm    0.6363   3.37   0.1707   0.0143    -5.90  0    cut
 462  sn06gz        Ia-pec     0.6376   3.37   0.1722   0.0130    -2.60  0    cut
 463  sn99aw        Ia-91T     0.7311   3.37   0.1836   0.0137     0.30  0    cut
 464  sn98bu        Ia-norm    0.6376   3.37   0.1460   0.0160   208.00  0    cut
 465  sn03du        Ia-norm    0.7013   3.36   0.1684   0.0132     1.90  0    cut
 466  sn03du        Ia-norm    0.7229   3.36   0.1898   0.0150   -10.10  0    cut
 467  sn98bu        Ia-norm    0.6390   3.36   0.1548   0.0141    28.20  0    cut
 468  sn99ee        Ia-norm    0.7080   3.36   0.1590   0.0150    27.00  0    cut
 469  sn98bu        Ia-norm    0.6363   3.36   0.1698   0.0140    -1.70  0    cut
 470  sn03cg        Ia-norm    0.6579   3.35   0.1707   0.0137    -6.80  0    cut
 471  sn04S         Ia-norm    0.7311   3.35   0.1751   0.0169     1.70  0    cut
 472  sn90O         Ia-norm    0.7311   3.35   0.1828   0.0160    -6.10  0    cut
 473  sn05hk        Ia-pec     0.7121   3.35   0.1401   0.0137    20.30  0    cut
 474  sn86G         Ia-91bg    0.6146   3.35   0.1507   0.0152    54.50  0    cut
 475  sn03du        Ia-norm    0.6525   3.34   0.1539   0.0157   137.60  0    cut
 476  sn91bg        Ia-91bg    0.6620   3.34   0.1612   0.0144     1.50  0    cut
 477  sn96X         Ia-norm    0.6349   3.34   0.1689   0.0136    -1.10  0    cut
 478  sn94D         Ia-norm    0.6255   3.34   0.1540   0.0147    40.30  0    cut
 479  sn98bu        Ia-norm    0.6363   3.34   0.1700   0.0142    -2.80  0    cut
 480  sn98bu        Ia-norm    0.6390   3.33   0.1545   0.0144    33.20  0    cut
 481  sn91bg        Ia-91bg    0.7311   3.33   0.1540   0.0134    25.60  0    cut
 482  sn97br        Ia-91T     0.6200   3.33   0.1520   0.0162    42.10  0    cut
 483  sn90O         Ia-norm    0.7311   3.32   0.1818   0.0156    -5.10  0    cut
 484  sn97cn        Ia-91bg    0.7297   3.32   0.1490   0.0130    43.40  0    cut
 485  sn00cx        Ia-pec     0.7311   3.31   0.1493   0.0163    92.90  0    cut
 486  sn91bg        Ia-91bg    0.5239   3.31   0.1557   0.0131    34.40  0    cut
 487  sn00cx        Ia-pec     0.5456   3.30   0.1608   0.0159    22.40  0    cut
 488  sn98bu        Ia-norm    0.6390   3.29   0.1546   0.0145    29.20  0    cut
 489  sn03du        Ia-norm    0.7026   3.29   0.1691   0.0138     0.80  0    cut
 490  sn98bu        Ia-norm    0.6376   3.29   0.1541   0.0145    32.10  0    cut
 491  sn98bu        Ia-norm    0.6390   3.29   0.1550   0.0144    30.20  0    cut
 492  sn98bu        Ia-norm    0.6390   3.28   0.1461   0.0163   179.10  0    cut
 493  sn86G         Ia-91bg    0.7256   3.28   0.1449   0.0141    90.00  0    cut
 494  sn86G         Ia-91bg    0.7148   3.27   0.1471   0.0137   103.00  0    cut
 495  sn98bu        Ia-norm    0.6376   3.27   0.1548   0.0145    31.10  0    cut
 496  sn99ac        Ia-91T     0.7311   3.26   0.1639   0.0140    29.00  0    cut
 497  sn94ae        Ia-norm    0.6579   3.26   0.1467   0.0161   153.40  0    cut
 498  sn98aq        Ia-norm    0.6390   3.26   0.1538   0.0148    35.80  0    cut
 499  sn98bu        Ia-norm    0.6376   3.26   0.1465   0.0166   190.10  0    cut
 500  sn00cx        Ia-pec     0.7311   3.25   0.1808   0.0128     1.60  0    cut
 501  sn94D         Ia-norm    0.6403   3.25   0.1707   0.0141    -3.60  0    cut
 502  sn96X         Ia-norm    0.6674   3.23   0.1695   0.0129    -2.00  0    cut
 503  sn98aq        Ia-norm    0.6390   3.23   0.1680   0.0136     2.90  0    cut
 504  sn05hj        Ia-norm    0.5781   3.23   0.1716   0.0146    -0.30  0    cut
 505  sn01el        Ia-norm    0.5117   3.23   0.1727   0.0132     1.30  0    cut
 506  sn99by        Ia-91bg    0.6390   3.22   0.1516   0.0145    42.10  0    cut
 507  sn06gz        Ia-pec     0.6444   3.22   0.1733   0.0134    -5.50  0    cut
 508  sn03du        Ia-norm    0.7026   3.21   0.1694   0.0142    -0.20  0    cut
 509  sn03du        Ia-norm    0.6390   3.20   0.1680   0.0138     2.20  0    cut
 510  sn90N         Ia-norm    0.5253   3.20   0.1415   0.0165   245.20  0    cut
 511  sn90N         Ia-norm    0.5280   3.19   0.1424   0.0177   246.20  0    cut
 512  sn94D         Ia-norm    0.7311   3.19   0.1724   0.0152    -3.80  0    cut
 513  sn98aq        Ia-norm    0.6403   3.19   0.1543   0.0149    30.80  0    cut
 514  sn03du        Ia-norm    0.7189   3.18   0.1709   0.0147    -1.10  0    cut
 515  sn94ae        Ia-norm    0.6647   3.18   0.1681   0.0135     2.30  0    cut
 516  sn96X         Ia-norm    0.6674   3.18   0.1696   0.0132    -3.00  0    cut
 517  sn89B         Ia-norm    0.6552   3.17   0.1474   0.0165    49.20  0    cut
 518  sn95E         Ia-norm    0.6024   3.17   0.1701   0.0140    -1.90  0    cut
 519  sn04eo        Ia-norm    0.6539   3.17   0.1544   0.0139    21.40  0    cut
 520  sn98aq        Ia-norm    0.6390   3.17   0.1545   0.0149    33.80  0    cut
 521  sn98aq        Ia-norm    0.6390   3.17   0.1545   0.0150    31.80  0    cut
 522  sn03cg        Ia-norm    0.6173   3.16   0.1555   0.0154    26.40  0    cut
 523  sn05hk        Ia-pec     0.5740   3.16   0.1377   0.0147    65.50  0    cut
 524  sn02er        Ia-norm    0.7311   3.16   0.1803   0.0169    -8.40  0    cut
 525  sn04eo        Ia-norm    0.6579   3.15   0.1529   0.0141    45.40  0    cut
 526  sn91bg        Ia-91bg    0.7067   3.15   0.1503   0.0151    50.50  0    cut
 527  sn94D         Ia-norm    0.7311   3.14   0.1559   0.0136    24.20  0    cut
 528  sn96X         Ia-norm    0.6282   3.14   0.1693   0.0141    -0.90  0    cut
 529  sn05gj        Ia-csm     0.6255   3.14   0.1474   0.0185    75.30  0    cut
 530  sn94D         Ia-norm    0.7202   3.14   0.1707   0.0142    -1.80  0    cut
 531  sn03du        Ia-norm    0.6417   3.14   0.1729   0.0162    -8.80  0    cut
 532  sn02ic        Ia-csm     0.6525   3.14   0.1543   0.0145    31.90  0    cut
 533  sn01el        Ia-norm    0.7311   3.14   0.1613   0.0141    39.90  0    cut
 534  sn89B         Ia-norm    0.6539   3.13   0.1541   0.0144    25.40  0    cut
 535  sn98aq        Ia-norm    0.6390   3.13   0.1682   0.0141     1.90  0    cut
 536  sn92A         Ia-norm    0.6187   3.13   0.1642   0.0134    28.20  0    cut
 537  sn94D         Ia-norm    0.6390   3.13   0.1700   0.0142     0.40  0    cut
 538  sn90N         Ia-norm    0.5794   3.12   0.1651   0.0141     2.60  0    cut
 539  sn03du        Ia-norm    0.5943   3.12   0.1529   0.0172   138.60  0    cut
 540  sn94D         Ia-norm    0.7311   3.12   0.1882   0.0185   -10.70  0    cut
 541  sn90N         Ia-norm    0.5672   3.11   0.1411   0.0171   255.90  0    cut
 542  sn99by        Ia-91bg    0.6390   3.10   0.1523   0.0147    33.10  0    cut
 543  sn00cx        Ia-pec     0.7311   3.09   0.1819   0.0131     5.60  0    cut
 544  sn04eo        Ia-norm    0.5727   3.08   0.1524   0.0147    48.40  0    cut
 545  sn90N         Ia-norm    0.7311   3.07   0.1965   0.0190   -13.20  0    cut
 546  sn00cx        Ia-pec     0.6200   3.06   0.1825   0.0194     0.60  0    cut
 547  sn03du        Ia-norm    0.7189   3.05   0.1841   0.0160    -6.20  0    cut
 548  sn02er        Ia-norm    0.6864   3.05   0.1646   0.0154    33.20  0    cut
 549  sn99by        Ia-91bg    0.6390   3.04   0.1529   0.0148    31.10  0    cut
 550  sn03cg        Ia-norm    0.5686   3.04   0.1698   0.0146    -2.30  0    cut
 551  sn98aq        Ia-norm    0.6376   3.03   0.1683   0.0147     0.90  0    cut
 552  sn98aq        Ia-norm    0.6376   3.03   0.1687   0.0149     0.00  0    cut
 553  sn91bg        Ia-91bg    0.7311   3.03   0.1496   0.0156    54.50  0    cut
 554  sn94D         Ia-norm    0.6417   3.03   0.1714   0.0150    -2.60  0    cut
 555  sn05hk        Ia-pec     0.5767   3.02   0.1385   0.0149    37.00  0    cut
 556  sn92A         Ia-norm    0.6187   3.02   0.1660   0.0137    24.20  0    cut
 557  sn03du        Ia-norm    0.6417   3.02   0.1685   0.0148    -0.80  0    cut
 558  sn86G         Ia-91bg    0.5686   3.02   0.1438   0.0161   256.70  0    cut
 559  sn00cx        Ia-pec     0.7311   3.02   0.1482   0.0176    96.80  0    cut
 560  sn03du        Ia-norm    0.6417   3.01   0.1717   0.0161    -7.80  0    cut
 561  sn94S         Ia-norm    0.6255   3.00   0.1694   0.0165    -3.40  0    cut
 562  sn90O         Ia-norm    0.7311   2.99   0.1844   0.0181    -7.10  0    cut
 563  sn00cx        Ia-pec     0.7311   2.99   0.1811   0.0136     6.50  0    cut
 564  sn99by        Ia-91bg    0.6390   2.97   0.1532   0.0151    29.10  0    cut
 565  sn03du        Ia-norm    0.7040   2.97   0.1748   0.0167    -7.00  0    cut
 566  sn94S         Ia-norm    0.6282   2.97   0.1681   0.0155     1.40  0    cut
 567  sn81B         Ia-norm    0.5226   2.97   0.1446   0.0184   114.40  0    cut
 568  sn05hk        Ia-pec     0.7107   2.97   0.1466   0.0182    -2.40  0    cut
 569  sn97br        Ia-91T     0.5767   2.96   0.1409   0.0174    37.60  0    cut
 570  sn99by        Ia-91bg    0.6376   2.95   0.1568   0.0164     8.10  0    cut
 571  sn02er        Ia-norm    0.6485   2.95   0.1650   0.0160    24.20  0    cut
 572  sn05gj        Ia-csm     0.6227   2.95   0.1486   0.0173    61.10  0    cut
 573  sn99aa        Ia-91T     0.7311   2.95   0.1915   0.0150     2.70  0    cut
 574  sn04eo        Ia-norm    0.6309   2.95   0.1436   0.0159   224.20  0    cut
 575  sn90N         Ia-norm    0.6444   2.94   0.1452   0.0174   228.10  0    cut
 576  sn02er        Ia-norm    0.6796   2.94   0.1758   0.0167    -5.40  0    cut
 577  sn00cx        Ia-pec     0.5808   2.93   0.1807   0.0180     7.50  0    cut
 578  sn01el        Ia-norm    0.5280   2.93   0.1777   0.0159    -3.70  0    cut
 579  sn98aq        Ia-norm    0.6972   2.93   0.1665   0.0155    -8.00  0    cut
 580  sn02cx        Ia-pec     0.7283   2.92   0.1410   0.0134    23.00  0    cut
 581  sn91T         Ia-91T     0.4928   2.91   0.1562   0.0156    18.60  0    cut
 582  sn90N         Ia-norm    0.4928   2.90   0.1411   0.0178   309.80  0    cut
 583  sn04S         Ia-norm    0.7053   2.89   0.1533   0.0149    42.10  0    cut
 584  sn05hk        Ia-pec     0.6268   2.86   0.1395   0.0153    23.20  0    cut
 585  sn89B         Ia-norm    0.6769   2.85   0.1525   0.0163    37.30  0    cut
 586  sn94D         Ia-norm    0.7040   2.85   0.1854   0.0176    -9.60  0    cut
 587  sn99ee        Ia-norm    0.7080   2.84   0.1572   0.0164    31.90  0    cut
 588  sn05gj        Ia-csm     0.6363   2.84   0.1569   0.0194    -1.80  0    cut
 589  sn99ac        Ia-91T     0.7053   2.84   0.1642   0.0157    32.00  0    cut
 590  sn91bg        Ia-91bg    0.6850   2.82   0.1506   0.0164    46.30  0    cut
 591  sn98aq        Ia-norm    0.6376   2.82   0.1687   0.0162    -9.00  0    cut
 592  sn81B         Ia-norm    0.4820   2.82   0.1650   0.0152    33.80  0    cut
 593  sn91bg        Ia-91bg    0.7013   2.81   0.1466   0.0148   117.20  0    cut
 594  sn02cx        Ia-pec     0.7311   2.81   0.1416   0.0140    24.10  0    cut
 595  sn04eo        Ia-norm    0.6539   2.80   0.1538   0.0158    29.70  0    cut
 596  sn99ac        Ia-91T     0.7311   2.79   0.1627   0.0162    39.90  0    cut
 597  sn97br        Ia-91T     0.5293   2.78   0.1479   0.0165    23.70  0    cut
 598  sn94D         Ia-norm    0.7311   2.78   0.1742   0.0165    -4.80  0    cut
 599  sn91bg        Ia-91bg    0.6133   2.78   0.1590   0.0171    29.50  0    cut
 600  sn91bg        Ia-91bg    0.6864   2.77   0.1498   0.0168    53.50  0    cut
 601  sn99ac        Ia-91T     0.7311   2.77   0.1641   0.0162    33.90  0    cut
 602  sn00cx        Ia-pec     0.7311   2.76   0.1481   0.0189   124.60  0    cut
 603  sn03cg        Ia-norm    0.5605   2.75   0.1502   0.0187    38.30  0    cut
 604  sn99by        Ia-91bg    0.6390   2.74   0.1540   0.0159    25.10  0    cut
 605  sn91bg        Ia-91bg    0.7311   2.74   0.1576   0.0156    14.70  0    cut
 606  sn03du        Ia-norm    0.5266   2.74   0.1546   0.0163    33.40  0    cut
 607  sn97br        Ia-91T     0.5686   2.73   0.0319   0.0175    -6.00  0    cut
 608  sn05gj        Ia-csm     0.6742   2.73   0.1480   0.0176    64.90  0    cut
 609  sn00cx        Ia-pec     0.7311   2.72   0.1474   0.0195   146.40  0    cut
 610  sn91bg        Ia-91bg    0.6661   2.71   0.1515   0.0171    46.50  0    cut
 611  sn94D         Ia-norm    0.6322   2.70   0.1759   0.0166    -7.70  0    cut
 612  sn00cx        Ia-pec     0.6079   2.70   0.1838   0.0215    -0.40  0    cut
 613  sn04eo        Ia-norm    0.6295   2.68   0.1552   0.0161    23.40  0    cut
 614  sn91bg        Ia-91bg    0.6864   2.67   0.1497   0.0172    53.30  0    cut
 615  sn02er        Ia-norm    0.7080   2.67   0.1647   0.0174    19.50  0    cut
 616  sn05hk        Ia-pec     0.6322   2.67   0.1385   0.0161    27.20  0    cut
 617  sn94D         Ia-norm    0.6458   2.67   0.1790   0.0180    -9.50  0    cut
 618  sn91T         Ia-91T     0.7311   2.66   0.0334   0.0188    -0.20  0    cut
 619  sn90N         Ia-norm    0.7311   2.66   0.1828   0.0218    -6.40  0    cut
 620  sn03du        Ia-norm    0.7311   2.66   0.1733   0.0186    -3.20  0    cut
 621  sn94D         Ia-norm    0.6444   2.63   0.1719   0.0166    -4.70  0    cut
 622  sn06gz        Ia-pec     0.7243   2.63   0.1764   0.0151    -9.30  0    cut
 623  sn99ac        Ia-91T     0.6485   2.62   0.1848   0.0224   -13.60  0    cut
 624  sn89B         Ia-norm    0.6715   2.62   0.1526   0.0169    31.40  0    cut
 625  sn99ee        Ia-norm    0.5727   2.60   0.1516   0.0184    40.90  0    cut
 626  sn95E         Ia-norm    0.6850   2.60   0.1554   0.0167    32.70  0    cut
 627  sn05gj        Ia-csm     0.6742   2.59   0.1476   0.0187    63.00  0    cut
 628  sn91bg        Ia-91bg    0.7311   2.57   0.1570   0.0164    18.90  0    cut
 629  sn06gz        Ia-pec     0.7216   2.56   0.1773   0.0158   -10.30  0    cut
 630  sn91T         Ia-91T     0.6986   2.56   0.0338   0.0195    -5.30  0    cut
 631  sn05hk        Ia-pec     0.7107   2.53   0.1456   0.0238    -3.30  0    cut
 632  sn03du        Ia-norm    0.7311   2.53   0.1755   0.0199    -5.00  0    cut
 633  sn04S         Ia-norm    0.7040   2.53   0.1562   0.0173    36.20  0    cut
 634  sn05gj        Ia-csm     0.6728   2.52   0.1474   0.0190    66.80  0    cut
 635  sn05gj        Ia-csm     0.6728   2.51   0.1483   0.0199    65.80  0    cut
 636  sn94D         Ia-norm    0.7311   2.50   0.1751   0.0184    -5.60  0    cut
 637  sn91bg        Ia-91bg    0.7311   2.48   0.1451   0.0183   113.20  0    cut
 638  sn91T         Ia-91T     0.7311   2.47   0.0383   0.0207   -10.30  0    cut
 639  sn05gj        Ia-csm     0.6742   2.47   0.1492   0.0191    63.90  0    cut
 640  sn00cx        Ia-pec     0.5740   2.47   0.1802   0.0240    -2.40  0    cut
 641  sn97br        Ia-91T     0.6593   2.45   0.0353   0.0200    -6.40  0    cut
 642  sn91T         Ia-91T     0.6986   2.45   0.0349   0.0199    -6.40  0    cut
 643  sn91bg        Ia-91bg    0.6403   2.44   0.1563   0.0183    32.70  0    cut
 644  sn06gz        Ia-pec     0.6146   2.41   0.1750   0.0188   -14.30  0    cut
 645  sn86G         Ia-91bg    0.4968   2.37   0.1559   0.0164    22.10  0    cut
 646  sn81B         Ia-norm    0.7311   2.36   0.1571   0.0201   267.40  0    cut
 647  sn91bg        Ia-91bg    0.5388   2.35   0.1729   0.0169    20.20  0    cut
 648  sn02ic        Ia-csm     0.5659   2.35  -0.0094   0.0000    65.60  0    cut
 649  sn00cx        Ia-pec     0.5794   2.33   0.1790   0.0211     9.50  0    cut
 650  sn91T         Ia-91T     0.6986   2.33   0.0364   0.0207    -7.30  0    cut
 651  sn06gz        Ia-pec     0.7202   2.31   0.1784   0.0172   -12.30  0    cut
 652  sn05gj        Ia-csm     0.6282   2.30   0.1610   0.0205     7.70  0    cut
 653  sn91bg        Ia-91bg    0.6119   2.29   0.1389   0.0168   202.70  0    cut
 654  sn05hk        Ia-pec     0.5023   2.29   0.1381   0.0169    53.80  0    cut
 655  sn99aa        Ia-91T     0.7094   2.29   0.0537   0.0213    -8.50  0    cut
 656  sn04eo        Ia-norm    0.6309   2.27   0.1517   0.0191    49.40  0    cut
 657  sn02cx        Ia-pec     0.6539   2.27   0.3067   0.0210    -5.30  0    cut
 658  sn06gz        Ia-pec     0.6891   2.26   0.1759   0.0176   -13.30  0    cut
 659  sn91T         Ia-91T     0.7311   2.25   0.0374   0.0218    -9.30  0    cut
 660  sn91T         Ia-91T     0.6376   2.25   0.1463   0.0237   260.40  0    cut
 661  sn06gz        Ia-pec     0.6512   2.24   0.1801   0.0218   -13.30  0    cut
 662  sn97br        Ia-91T     0.6336   2.23   0.0348   0.0206    -9.00  0    cut
 663  sn97br        Ia-91T     0.6634   2.22   0.0333   0.0215    -4.00  0    cut
 664  sn90N         Ia-norm    0.5659   2.22   0.1436   0.0246   332.50  0    cut
 665  sn00cx        Ia-pec     0.6119   2.22   0.1864   0.0282    -3.40  0    cut
 666  sn97br        Ia-91T     0.6092   2.21   0.0302   0.0204    -8.00  0    cut
 667  sn05gj        Ia-csm     0.6634   2.21   0.1490   0.0229    92.10  0    cut
 668  sn94S         Ia-norm    0.5632   2.19   0.1770   0.0240    -2.50  0    cut
 669  sn00cx        Ia-pec     0.6187   2.18   0.1844   0.0240    -1.40  0    cut
 670  sn97br        Ia-91T     0.6349   2.15   0.0313   0.0218    -7.00  0    cut
 671  sn97br        Ia-91T     0.6498   2.14   0.0359   0.0217    -7.40  0    cut
 672  sn00cx        Ia-pec     0.4982   2.13   0.1629   0.0208    19.40  0    cut
 673  sn03cg        Ia-norm    0.5916   2.12   0.1386   0.0227   383.10  0    cut
 674  sn00E         Ia-norm    0.4698   2.10   0.1473   0.0248   121.20  0    cut
 675  sn03du        Ia-norm    0.6471   2.10   0.1440   0.0220   375.30  0    cut
 676  sn05hk        Ia-pec     0.7121   2.09   0.0229   0.0174    -8.30  0    cut
 677  sn06gz        Ia-pec     0.6904   2.08   0.1773   0.0181   -14.20  0    cut
 678  sn99aw        Ia-91T     0.5293   2.07   0.1771   0.0195    -0.70  0    cut
 679  sn91bg        Ia-91bg    0.5226   2.05   0.1580   0.0175    18.60  0    cut
 680  sn95bd        Ia-norm    0.5063   2.02   0.1517   0.0209    36.90  0    cut
 681  sn00cx        Ia-pec     0.5808   1.99   0.1759   0.0231    11.50  0    cut
 682  sn86G         Ia-91bg    0.4860   1.99   0.1570   0.0185    23.10  0    cut
 683  sn05gj        Ia-csm     0.6214   1.96   0.1494   0.0256    88.40  0    cut
 684  sn02cx        Ia-pec     0.5117   1.95   0.1392   0.0190    53.30  0    cut
 685  sn00cx        Ia-pec     0.5808   1.95   0.1707   0.0238    14.50  0    cut
 686  sn86G         Ia-91bg    0.4792   1.89   0.1531   0.0180    41.60  0    cut
 687  sn03cg        Ia-norm    0.5063   1.89   0.1551   0.0202    28.50  0    cut
 688  sn05hk        Ia-pec     0.7121   1.88   0.0254   0.0181    -9.30  0    cut
 689  sn05hk        Ia-pec     0.7121   1.88   0.0196   0.0212    -5.30  0    cut
 690  sn05hk        Ia-pec     0.7311   1.86   0.0192   0.0212    -5.10  0    cut
 691  sn91T         Ia-91T     0.7311   1.85   0.0973   0.0246   -11.50  0    cut
 692  sn05hk        Ia-pec     0.7121   1.85   0.0187   0.0221    -4.30  0    cut
 693  sn86G         Ia-91bg    0.4792   1.85   0.1535   0.0182    32.10  0    cut
 694  sn05hk        Ia-pec     0.7121   1.82   0.0205   0.0205    -6.30  0    cut
 695  sn05hk        Ia-pec     0.7135   1.81   0.0220   0.0199    -7.30  0    cut
 696  sn94M         Ia-norm    0.6363   1.77   0.1558   0.0233    34.10  0    cut
 697  sn02cx        Ia-pec     0.4901   1.71   0.1431   0.0216    14.20  0    cut
 698  sn02er        Ia-norm    0.7053   1.71   0.1615   0.0284   213.00  0    cut
 699  sn91bg        Ia-91bg    0.6458   1.67   0.1449   0.0219   117.20  0    cut
 700  sn02cx        Ia-pec     0.6593   1.63   0.0201   0.0256    -2.40  0    cut
 701  sn05hk        Ia-pec     0.7311   1.63   0.0236   0.0208    -8.30  0    cut
 702  sn02cx        Ia-pec     0.5144   1.61   0.1433   0.0220    18.20  0    cut
 703  sn91bg        Ia-91bg    0.5212   1.54   0.1572   0.0208    16.40  0    cut
 704  sn05gj        Ia-csm     0.6755   1.51   0.1510   0.0285   133.50  0    cut
 705  sn05hk        Ia-pec     0.6810   1.50   0.0180   0.0281    -4.20  0    cut
 706  sn05hk        Ia-pec     0.6051   1.45   0.1650   0.0368    -6.30  0    cut
 707  sn91bg        Ia-91bg    0.6106   1.42   0.1409   0.0255   143.00  0    cut
 708  sn05hk        Ia-pec     0.6796   1.37   0.0217   0.0240    -6.30  0    cut
 709  sn86G         Ia-91bg    0.4630   1.31   0.1547   0.0202    21.10  0    cut
 710  sn05hk        Ia-pec     0.6051   1.25   0.3056   0.0338    -7.30  0    cut
 711  sn91bg        Ia-91bg    0.5280   1.22   0.1489   0.0321    88.10  0    cut
 712  sn05gj        Ia-csm     0.6187   1.14   0.1588   0.0531   -12.10  0    cut
 713  sn97cn        Ia-91bg    0.5158   1.10   0.0239   0.0303    28.70  0    cut
 714  sn94D         Ia-norm    0.4116   1.03   0.1546   0.0362    26.20  0    cut
 715  sn05hk        Ia-pec     0.4576   0.70   0.3194   0.0854    26.40  0    cut
