### SNID output file ###
 
### input spectrum and options ###
# Input spectrum                 : 13370_12.00.dat
# Parameter file                 : NA
# Wavelength range               :    4000.00   9000.00
# Mask file                      : NA
# Median filtering width [A]     : NA
# Median filtering width [pix]   :       1.00
# Clip emission redshift         :     0.1979
# Clip sky lines                 : 0
# Emission clip width [A]        :       0.20
# Keep A-band                    : 1
# Age range                      :       7.00     17.00
# Delta range                    :      -9.99     99.90
# Min. number of spectra/template:   1
# Use only templates             : NA
# Use only types                 : NA
# Avoid templates                : NA
# Avoid types                    : NA
# rlapmin                        :       5.00
# Redshift range                 :    -0.0100    1.2000
# Forced initial redshift        :     0.1979
# Extra fake redshift            : NA
# Nsigma for initial redshift    : NA
# Redshift filter                :     0.0200
# Wavenumbers k1,k2,k3,k4        :     1    4   85  102
# Template directory             : /home/djperrefort/snid-5.0/templates-2.0/
 
### initial/user-input redshift ###
zinit       0.0000
zuser       0.1979
 
### median redshift/age and error ###
zmed        0.2040    0.0043
agem          9.10      1.18
 
### type fraction/redshift/age ###
#type ntemp fraction slope redshift redshift_error age age_error
Ia             13      1.00    0.0000    0.2040    0.0043     9.100     1.185
Ia-norm         9      0.69    0.1413    0.2040    0.0010     9.100     1.150
Ia-91T          3      0.23   -0.0774    0.2046    0.0041     8.100     1.305
Ia-91bg         0      0.00    0.0000    0.0000    0.0000     0.000     0.000
Ia-csm          1      0.08    0.0000    0.1903    0.0000    10.400     0.000
Ia-pec          0      0.00    0.0000    0.0000    0.0000     0.000     0.000
###
Ib              0      0.00    0.0000    0.0000    0.0000     0.000     0.000
Ib-norm         0      0.00    0.0000    0.0000    0.0000     0.000     0.000
Ib-pec          0      0.00    0.0000    0.0000    0.0000     0.000     0.000
IIb             0      0.00    0.0000    0.0000    0.0000     0.000     0.000
###
Ic              0      0.00    0.0000    0.0000    0.0000     0.000     0.000
Ic-norm         0      0.00    0.0000    0.0000    0.0000     0.000     0.000
Ic-pec          0      0.00    0.0000    0.0000    0.0000     0.000     0.000
Ic-broad        0      0.00    0.0000    0.0000    0.0000     0.000     0.000
###
II              0      0.00    0.0000    0.0000    0.0000     0.000     0.000
IIP             0      0.00    0.0000    0.0000    0.0000     0.000     0.000
II-pec          0      0.00    0.0000    0.0000    0.0000     0.000     0.000
IIn             0      0.00    0.0000    0.0000    0.0000     0.000     0.000
IIL             0      0.00    0.0000    0.0000    0.0000     0.000     0.000
###
NotSN           0      0.00    0.0000    0.0000    0.0000     0.000     0.000
AGN             0      0.00    0.0000    0.0000    0.0000     0.000     0.000
Gal             0      0.00    0.0000    0.0000    0.0000     0.000     0.000
LBV             0      0.00    0.0000    0.0000    0.0000     0.000     0.000
M-star          0      0.00    0.0000    0.0000    0.0000     0.000     0.000
 
### rlap-ordered template listings ###
#no. sn type lap rlap z zerr age age_flag grade
   1  sn2005eu      Ia-norm    0.6959   7.16   0.2039   0.0077     8.30  0   good
   2  sn2005eu      Ia-norm    0.6945   6.96   0.2036   0.0078    10.30  0   good
   3  sn2006cj      Ia-norm    0.6634   6.45   0.2057   0.0085     9.10  0   good
   4  sn2003hu      Ia-91T     0.6755   6.21   0.2046   0.0111     7.50  0   good
   5  sn2008Z       Ia-norm    0.7094   6.10   0.2054   0.0090    10.30  0   good
   6  sn2007S       Ia-91T     0.7121   5.91   0.2066   0.0099     8.10  0   good
   7  sn1994ae      Ia-norm    0.6688   5.80   0.2043   0.0092     7.90  0   good
   8  sn2006cj      Ia-norm    0.6647   5.61   0.2060   0.0096    11.00  0   good
   9  sn1994ae      Ia-norm    0.6688   5.47   0.2040   0.0096     9.00  0   good
  10  sn1996C       Ia-norm    0.7473   5.43   0.2035   0.0098     7.80  0   good
  11  sn2005gj      Ia-csm     0.6268   5.25   0.1903   0.0054    10.40  0   good
  12  sn2005M       Ia-91T     0.7026   5.23   0.1988   0.0112    10.00  0   good
  13  sn1994ae      Ia-norm    0.6674   5.04   0.2037   0.0104     9.90  0   good
#--- rlap cutoff
  14  sn1995D       Ia-norm    0.6742   4.90   0.2046   0.0110     7.50  0    cut
  15  sn2003hu      Ia-91T     0.6755   4.88   0.2080   0.0134     8.40  0    cut
  16  sn2008Z       Ia-norm    0.7067   4.88   0.2050   0.0109     7.60  0    cut
  17  sn2007ca      Ia-norm    0.7094   4.83   0.2030   0.0110     9.40  0    cut
  18  sn2003ic      Ia-norm    0.6918   4.75   0.2077   0.0108     7.20  0    cut
  19  sn1998ab      Ia-91T     0.6674   4.74   0.1988   0.0136     7.70  0    cut
  20  sn1994ae      Ia-norm    0.7473   4.67   0.2057   0.0111     8.00  0    cut
  21  sn1995D       Ia-norm    0.6742   4.65   0.2041   0.0114     9.50  0    cut
  22  sn2003du      Ia-norm    0.6959   4.53   0.2017   0.0117     8.80  0    cut
  23  sn2002ic      Ia-csm     0.7351   4.47   0.1926   0.0093     9.40  0    cut
  24  sn1999ef      Ia-norm    0.6959   4.46   0.2043   0.0114     7.70  0    cut
  25  sn2007kk      Ia-norm    0.6918   4.43   0.2106   0.0128     8.80  0    cut
  26  sn2008Z       Ia-norm    0.7080   4.43   0.2036   0.0118    12.30  0    cut
  27  sn2007bd      Ia-norm    0.6986   4.42   0.2063   0.0113     8.40  0    cut
  28  sn1997br      Ia-91T     0.7473   4.42   0.2036   0.0118     7.20  0    cut
  29  sn2003du      Ia-norm    0.6959   4.38   0.2023   0.0121     7.90  0    cut
  30  sn2006N       Ia-norm    0.7094   4.34   0.2030   0.0113     7.50  0    cut
  31  sn2007if      Ia-pec     0.6593   4.31   0.1895   0.0090     7.40  0    cut
  32  sn2006cj      Ia-norm    0.6647   4.31   0.2035   0.0118     8.20  0    cut
  33  sn2007ca      Ia-norm    0.7121   4.30   0.2021   0.0120    11.40  0    cut
  34  sn2003ic      Ia-norm    0.6931   4.23   0.2055   0.0107     8.00  0    cut
  35  sn2003fa      Ia-91T     0.6986   4.15   0.2002   0.0118    10.70  0    cut
  36  sn2005hf      Ia-norm    0.6864   4.11   0.2020   0.0126     9.10  0    cut
  37  sn1997ef      Ic-broad   0.7067   4.11   0.2050   0.0168    15.70  0    cut
  38  sn2001eh      Ia-91T     0.7365   4.10   0.2060   0.0133     8.60  0    cut
  39  sn2006cp      Ia-norm    0.7040   4.09   0.2087   0.0138     7.30  0    cut
  40  sn1991T       Ia-91T     0.7459   4.09   0.2018   0.0131     9.50  0    cut
  41  sn2006gr      Ia-norm    0.6959   4.09   0.2115   0.0134     9.40  0    cut
  42  sn2003fa      Ia-91T     0.6986   4.07   0.2014   0.0125     8.70  0    cut
  43  sn1997ef      Ic-broad   0.7094   4.05   0.2073   0.0139    16.80  0    cut
  44  sn2003du      Ia-norm    0.7473   4.04   0.2013   0.0130     9.80  0    cut
  45  sn2006N       Ia-norm    0.7148   4.00   0.2017   0.0121     8.50  0    cut
  46  sn2006le      Ia-norm    0.7135   3.99   0.2062   0.0136     8.90  0    cut
  47  sn2006le      Ia-norm    0.7121   3.96   0.2061   0.0139     7.90  0    cut
  48  sn2008bf      Ia-norm    0.7067   3.95   0.2051   0.0131    10.40  0    cut
  49  sn2007kk      Ia-norm    0.6918   3.89   0.2096   0.0135     9.80  0    cut
  50  sn2003hu      Ia-91T     0.6255   3.89   0.2037   0.0151    10.30  0    cut
  51  sn2007qe      Ia-norm    0.7026   3.89   0.2113   0.0134     8.00  0    cut
  52  sn2008bf      Ia-norm    0.7026   3.88   0.2059   0.0135     7.50  0    cut
  53  sn1996X       Ia-norm    0.7473   3.84   0.2013   0.0127     7.10  0    cut
  54  sn1999ee      Ia-norm    0.7473   3.81   0.2077   0.0146    10.60  0    cut
  55  sn2003fa      Ia-91T     0.6972   3.81   0.1997   0.0135    11.60  0    cut
  56  sn2008C       Ia-norm    0.7094   3.76   0.2062   0.0144     8.30  0    cut
  57  sn2005hf      Ia-norm    0.6850   3.75   0.2040   0.0137     8.20  0    cut
  58  sn2007qe      Ia-norm    0.7053   3.75   0.2110   0.0139     9.00  0    cut
  59  sn2007le      Ia-norm    0.7202   3.73   0.2081   0.0144     7.40  0    cut
  60  sn2006ac      Ia-norm    0.7026   3.71   0.2063   0.0132     7.10  0    cut
  61  sn2008ar      Ia-norm    0.7026   3.69   0.2041   0.0141     7.20  0    cut
  62  sn2007ap      Ia-norm    0.7121   3.66   0.2022   0.0130     7.40  0    cut
  63  sn1999ef      Ia-norm    0.6986   3.66   0.2033   0.0136     9.60  0    cut
  64  sn2005gj      Ia-csm     0.6282   3.64   0.1903   0.0066     7.70  0    cut
  65  sn2006ak      Ia-norm    0.6931   3.62   0.2104   0.0145     7.30  0    cut
  66  sn1997br      Ia-91T     0.7067   3.61   0.1987   0.0145     7.90  0    cut
  67  sn2007co      Ia-norm    0.7013   3.61   0.2078   0.0151     7.50  0    cut
  68  sn2002de      Ia-norm    0.7026   3.61   0.2041   0.0148     8.50  0    cut
  69  sn1998dx      Ia-norm    0.6986   3.56   0.2038   0.0132     7.80  0    cut
  70  sn2006hb      Ia-91bg    0.7121   3.56   0.2026   0.0130     7.70  0    cut
  71  sn2007le      Ia-norm    0.7202   3.55   0.2072   0.0148     8.40  0    cut
  72  sn1997dq      Ic-broad   0.6999   3.55   0.2015   0.0178     0.00  1    cut
  73  sn2007if      Ia-pec     0.7473   3.55   0.1883   0.0098     9.40  0    cut
  74  sn2003fa      Ia-91T     0.6972   3.53   0.2010   0.0140     7.80  0    cut
  75  sn2006al      Ia-norm    0.6485   3.53   0.2035   0.0131     9.10  0    cut
  76  sn2006cp      Ia-norm    0.7040   3.52   0.2068   0.0150     9.30  0    cut
  77  sn1999ac      Ia-91T     0.7473   3.51   0.1995   0.0155     8.80  0    cut
  78  sn2007Y       Ib-norm    0.7351   3.49   0.2014   0.0113     7.90  0    cut
  79  sn2006gz      Ia-pec     0.7053   3.48   0.1953   0.0139    11.10  0    cut
  80  sn2000E       Ia-norm    0.6891   3.47   0.2004   0.0172     7.50  0    cut
  81  sn2008bf      Ia-norm    0.7026   3.46   0.2043   0.0146    11.40  0    cut
  82  sn2002dj      Ia-norm    0.7473   3.45   0.2100   0.0152     8.00  0    cut
  83  sn2006hb      Ia-91bg    0.7121   3.45   0.2025   0.0135     8.70  0    cut
  84  sn2004S       Ia-norm    0.7473   3.45   0.2054   0.0167     7.40  0    cut
  85  sn2007bc      Ia-norm    0.7067   3.44   0.2000   0.0141     7.30  0    cut
  86  sn2000cx      Ia-pec     0.6227   3.44   0.2118   0.0148     8.60  0    cut
  87  sn2006gz      Ia-pec     0.7026   3.41   0.1959   0.0143    10.20  0    cut
  88  sn1995D       Ia-norm    0.6742   3.41   0.2041   0.0144    11.50  0    cut
  89  sn2006ac      Ia-norm    0.7067   3.41   0.2049   0.0135     9.00  0    cut
  90  sn2006gz      Ia-pec     0.7026   3.39   0.1962   0.0148     9.20  0    cut
  91  sn2007ca      Ia-norm    0.7148   3.36   0.2015   0.0142    13.30  0    cut
  92  sn2001fh      Ia-norm    0.6959   3.35   0.1996   0.0152     7.20  0    cut
  93  sn2007kk      Ia-norm    0.6728   3.33   0.2102   0.0141     7.90  0    cut
  94  sn1997dq      Ic-broad   0.7473   3.33   0.2006   0.0161     1.00  1    cut
  95  sn2007cg      Ia-norm    0.6512   3.30   0.2086   0.0161     7.50  0    cut
  96  sn2005cf      Ia-norm    0.7473   3.28   0.1992   0.0154     9.40  0    cut
  97  sn2007if      Ia-pec     0.6634   3.28   0.1891   0.0154    10.30  0    cut
  98  sn2007qe      Ia-norm    0.7040   3.28   0.2100   0.0151    10.90  0    cut
  99  sn1997dq      Ic-broad   0.6999   3.28   0.2019   0.0176    14.90  1    cut
 100  sn2006hb      Ia-91bg    0.7135   3.26   0.2016   0.0140     9.70  0    cut
 101  sn1999ac      Ia-91T     0.7365   3.26   0.1997   0.0147     7.80  0    cut
 102  sn2005cf      Ia-norm    0.7473   3.22   0.2008   0.0164     7.20  0    cut
 103  sn1997ef      Ic-broad   0.7094   3.22   0.2048   0.0198    12.80  0    cut
 104  sn1995F       Ic-norm    0.7473   3.21   0.2085   0.0112    35.70  1    cut
 105  sn1995F       Ic-norm    0.7473   3.21   0.2085   0.0112    35.80  1    cut
 106  sn2007co      Ia-norm    0.7040   3.20   0.2063   0.0166     8.60  0    cut
 107  sn2003iv      Ia-norm    0.6959   3.20   0.2014   0.0141     7.20  0    cut
 108  sn2003it      Ia-norm    0.6931   3.20   0.2042   0.0143     7.60  0    cut
 109  sn1993J       IIb        0.7473   3.19   0.2029   0.0096    13.00  0    cut
 110  sn1995F       Ic-norm    0.7473   3.19   0.2132   0.0119     0.20  1    cut
 111  sn2007le      Ia-norm    0.7202   3.18   0.2064   0.0159     9.50  0    cut
 112  sn2003cg      Ia-norm    0.7473   3.16   0.2013   0.0156     9.20  0    cut
 113  sn2006hb      Ia-91bg    0.7148   3.15   0.2021   0.0145    10.70  0    cut
 114  sn2006gz      Ia-pec     0.7026   3.14   0.1966   0.0148     8.20  0    cut
 115  sn1989B       Ia-norm    0.6282   3.14   0.2022   0.0156     8.60  0    cut
 116  sn2001ep      Ia-norm    0.7473   3.14   0.2013   0.0160     7.70  0    cut
 117  sn2001V       Ia-91T     0.6999   3.13   0.2022   0.0165     9.50  0    cut
 118  sn2006le      Ia-norm    0.7121   3.12   0.2036   0.0158    10.80  0    cut
 119  sn2006gz      Ia-pec     0.7053   3.12   0.1974   0.0152     7.30  0    cut
 120  sn1999dn      Ib-norm    0.6349   3.12   0.2093   0.0090    27.70  1    cut
 121  sn2006X       Ia-norm    0.7202   3.11   0.2155   0.0158     7.30  0    cut
 122  sn2007S       Ia-91T     0.7148   3.11   0.2070   0.0166    12.10  0    cut
 123  sn2007S       Ia-91T     0.7135   3.11   0.2040   0.0167    13.10  0    cut
 124  sn2005am      Ia-norm    0.7175   3.10   0.2042   0.0152     7.90  0    cut
 125  sn2002jy      Ia-norm    0.6972   3.10   0.2011   0.0155     9.90  0    cut
 126  sn2003hv      Ia-norm    0.7365   3.07   0.2007   0.0137     8.20  0    cut
 127  sn1995E       Ia-norm    0.7473   3.07   0.2022   0.0160     8.90  0    cut
 128  sn2003cg      Ia-norm    0.7013   3.06   0.2018   0.0170     7.70  0    cut
 129  sn1995F       Ic-norm    0.6999   3.05   0.2147   0.0121     1.90  1    cut
 130  sn2007hj      Ia-norm    0.7135   3.02   0.2057   0.0152     7.30  0    cut
 131  sn2002fk      Ia-norm    0.6999   3.02   0.1985   0.0157     9.40  0    cut
 132  sn2002jy      Ia-norm    0.6999   3.02   0.2021   0.0157     8.00  0    cut
 133  sn2002dj      Ia-norm    0.7473   3.01   0.2096   0.0169     9.30  0    cut
 134  sn2002fk      Ia-norm    0.6999   3.00   0.1987   0.0157     8.30  0    cut
 135  sn2001el      Ia-norm    0.7473   3.00   0.2106   0.0182     9.10  0    cut
 136  sn2006gz      Ia-pec     0.6485   3.00   0.1996   0.0155     8.20  0    cut
 137  sn1999X       Ia-norm    0.6972   3.00   0.2004   0.0161    12.00  0    cut
 138  sn2002fk      Ia-norm    0.6999   3.00   0.1988   0.0155     7.40  0    cut
 139  sn2002er      Ia-norm    0.7473   2.99   0.0324   0.0169    15.80  0    cut
 140  sn2003it      Ia-norm    0.6972   2.99   0.2026   0.0156     8.50  0    cut
 141  sn1998bu      Ia-norm    0.6999   2.98   0.2016   0.0174     8.40  0    cut
 142  sn2002er      Ia-norm    0.7473   2.98   0.0324   0.0170    14.90  0    cut
 143  sn1984A       Ia-norm    0.5361   2.98   0.2102   0.0175     8.10  0    cut
 144  sn1993J       IIb        0.7243   2.97   0.2029   0.0105    11.00  0    cut
 145  sn2006lf      Ia-norm    0.6755   2.97   0.2026   0.0157     7.30  0    cut
 146  sn2006gr      Ia-norm    0.7040   2.97   0.2140   0.0141    12.40  0    cut
 147  sn1999di      Ib-norm    0.5239   2.97   0.2083   0.0099    30.50  1    cut
 148  sn2005ls      Ia-norm    0.7067   2.97   0.2070   0.0191    10.80  0    cut
 149  sn1990U       Ic-norm    0.7338   2.97   0.2051   0.0124    10.90  0    cut
 150  sn1998dm      Ia-norm    0.7013   2.96   0.1995   0.0171     9.50  0    cut
 151  sn1983V       Ic-norm    0.6403   2.96   0.2102   0.0187    15.90  0    cut
 152  sn1995bd      Ia-91T     0.7080   2.96   0.2004   0.0171    10.60  0    cut
 153  kcSb          Gal        0.7473   2.95   0.3416   0.0168   -99.90  2    cut
 154  sn1992A       Ia-norm    0.7473   2.95   0.2110   0.0153     8.20  0    cut
 155  sn2007le      Ia-norm    0.7202   2.95   0.2053   0.0166    10.40  0    cut
 156  sn2003kf      Ia-norm    0.6931   2.93   0.2026   0.0170     8.50  0    cut
 157  sn1997dq      Ic-broad   0.7473   2.93   0.2011   0.0165    27.90  1    cut
 158  sn2001E       Ia-norm    0.6959   2.93   0.2131   0.0167     7.70  0    cut
 159  sn2005be      Ia-norm    0.6945   2.93   0.2016   0.0152     7.70  0    cut
 160  sn2006D       Ia-norm    0.7473   2.93   0.2051   0.0153    12.50  0    cut
 161  sn1983V       Ic-norm    0.6403   2.93   0.2107   0.0191    14.90  0    cut
 162  sn1995F       Ic-norm    0.6999   2.93   0.2147   0.0118     4.00  1    cut
 163  sn1997dq      Ic-broad   0.7473   2.92   0.2011   0.0166    27.90  1    cut
 164  sn2007af      Ia-norm    0.7216   2.91   0.1991   0.0158    10.20  0    cut
 165  sn2006X       Ia-norm    0.7216   2.91   0.2149   0.0169     8.20  0    cut
 166  sn2007fb      Ia-norm    0.7107   2.91   0.2015   0.0160    10.60  0    cut
 167  sn2006hb      Ia-91bg    0.7121   2.90   0.2030   0.0155    11.70  0    cut
 168  sn1999ac      Ia-91T     0.7473   2.90   0.1963   0.0185    11.80  0    cut
 169  sn2004bg      Ia-norm    0.6931   2.89   0.1988   0.0161    10.50  0    cut
 170  sn2005kc      Ia-norm    0.7107   2.88   0.1974   0.0162     9.80  0    cut
 171  sn1993J       IIb        0.7243   2.88   0.2032   0.0107    12.00  0    cut
 172  sn2001V       Ia-91T     0.6999   2.87   0.2021   0.0175    10.50  0    cut
 173  sn1992A       Ia-norm    0.6133   2.86   0.0389   0.0174    15.80  0    cut
 174  sn2003cg      Ia-norm    0.7013   2.86   0.2012   0.0180     8.80  0    cut
 175  sn2006te      Ia-norm    0.6986   2.86   0.1932   0.0181    12.30  0    cut
 176  sn1995al      Ia-norm    0.7094   2.85   0.2089   0.0174     8.40  0    cut
 177  sn2002jy      Ia-norm    0.6999   2.84   0.2026   0.0164     7.00  0    cut
 178  sn2007if      Ia-pec     0.6607   2.83   0.1895   0.0117     9.40  0    cut
 179  sn2007Y       Ib-norm    0.7473   2.83   0.2043   0.0130    12.80  0    cut
 180  sn2005hc      Ia-norm    0.6837   2.82   0.2006   0.0177    11.10  0    cut
 181  sn2005hf      Ia-norm    0.6837   2.82   0.2008   0.0185    12.00  0    cut
 182  sn1983V       Ic-norm    0.6403   2.81   0.2107   0.0198    16.90  0    cut
 183  sn2002er      Ia-norm    0.7473   2.81   0.1981   0.0173     8.80  0    cut
 184  sn2006ac      Ia-norm    0.7026   2.80   0.2049   0.0159    10.00  0    cut
 185  sn2007bj      Ia-norm    0.7107   2.80   0.2075   0.0167    12.00  0    cut
 186  sn2004eo      Ia-norm    0.7473   2.80   0.2007   0.0169     7.80  0    cut
 187  sn2003fa      Ia-91T     0.6959   2.78   0.2008   0.0164    13.50  0    cut
 188  sn1998dm      Ia-norm    0.7013   2.78   0.2005   0.0185     7.40  0    cut
 189  sn2003it      Ia-norm    0.6959   2.78   0.2026   0.0157     9.50  0    cut
 190  sn1997dd      IIb        0.7473   2.76   0.2045   0.0131     0.00  1    cut
 191  sn2000cx      Ia-pec     0.6214   2.76   0.2102   0.0173    10.60  0    cut
 192  sn1996X       Ia-norm    0.7080   2.76   0.2013   0.0174     7.10  0    cut
 193  sn1998bu      Ia-norm    0.6999   2.75   0.2008   0.0186     9.40  0    cut
 194  sn1995F       Ic-norm    0.7473   2.75   0.2083   0.0136    29.10  1    cut
 195  sn2003cg      Ia-norm    0.6999   2.74   0.2006   0.0192     9.80  0    cut
 196  sn2000fa      Ia-norm    0.6972   2.74   0.2060   0.0177     9.10  0    cut
 197  sn2008C       Ia-norm    0.7473   2.74   0.2025   0.0176    10.30  0    cut
 198  sn2002eu      Ia-norm    0.6986   2.74   0.2010   0.0163     7.80  0    cut
 199  sn2007co      Ia-norm    0.7040   2.73   0.2054   0.0184    10.50  0    cut
 200  sn2002ap      Ic-broad   0.6999   2.72   0.2105   0.0243    11.60  0    cut
 201  sn2001V       Ia-91T     0.6999   2.71   0.2008   0.0182    11.30  0    cut
 202  sn2002dp      Ia-norm    0.6999   2.71   0.1999   0.0169     7.10  0    cut
 203  sn1983V       Ic-norm    0.6417   2.71   0.2103   0.0220    11.90  0    cut
 204  sn2004as      Ia-norm    0.6999   2.70   0.2049   0.0166     7.60  0    cut
 205  sn1999gd      Ia-norm    0.6986   2.69   0.1976   0.0175     7.90  0    cut
 206  sn2000ce      Ia-norm    0.6986   2.68   0.2035   0.0186     8.70  0    cut
 207  sn2001fh      Ia-norm    0.6959   2.68   0.1981   0.0186     9.10  0    cut
 208  sn1991A       Ic-norm    0.6065   2.68   0.1991   0.0241     0.00  1    cut
 209  sn2007bm      Ia-norm    0.7216   2.67   0.1983   0.0170     9.60  0    cut
 210  sn2002ha      Ia-norm    0.7013   2.67   0.2008   0.0168     9.60  0    cut
 211  sn2003kf      Ia-norm    0.6931   2.67   0.2019   0.0182    10.40  0    cut
 212  sn2001gc      Ia-norm    0.6972   2.67   0.2125   0.0189     7.30  0    cut
 213  sn2003fa      Ia-91T     0.7026   2.66   0.1964   0.0179    14.60  0    cut
 214  sn1997br      Ia-91T     0.7080   2.66   0.1970   0.0191     9.90  0    cut
 215  sn2002kf      Ia-norm    0.7013   2.65   0.2034   0.0174     8.00  0    cut
 216  sn1996X       Ia-norm    0.7080   2.65   0.1999   0.0177     8.10  0    cut
 217  sn2003cg      Ia-norm    0.7094   2.64   0.2031   0.0184     7.00  0    cut
 218  sn2007le      Ia-norm    0.7202   2.64   0.2051   0.0178    11.40  0    cut
 219  sn1995F       Ic-norm    0.6607   2.63   0.2144   0.0136    11.00  1    cut
 220  sn2004as      Ia-norm    0.6986   2.63   0.2039   0.0176     8.60  0    cut
 221  sn1997ei      Ic-norm    0.7162   2.61   0.0344   0.0168    10.90  1    cut
 222  sn2003du      Ia-norm    0.7473   2.61   0.1962   0.0175    12.70  0    cut
 223  sn2007af      Ia-norm    0.7229   2.60   0.1986   0.0170    11.30  0    cut
 224  sn1994Q       Ia-norm    0.7026   2.60   0.2014   0.0190    10.90  0    cut
 225  sn1983V       Ic-norm    0.6038   2.59   0.2089   0.0256    13.90  0    cut
 226  sn2001G       Ia-norm    0.6999   2.59   0.2030   0.0192    11.60  0    cut
 227  sn1998dm      Ia-norm    0.7013   2.58   0.1979   0.0191    12.40  0    cut
 228  sn1999ac      Ia-91T     0.7013   2.58   0.1962   0.0181     9.00  0    cut
 229  sn2000H       IIb        0.7473   2.57   0.2095   0.0230    13.40  0    cut
 230  sn2001bf      Ia-norm    0.6931   2.56   0.1980   0.0179     7.60  0    cut
 231  sn1999ej      Ia-norm    0.6999   2.56   0.1988   0.0163     8.10  0    cut
 232  sn1999di      Ib-norm    0.6403   2.55   0.2071   0.0111    23.60  1    cut
 233  sn2000B       Ia-norm    0.7013   2.55   0.2088   0.0183     8.60  0    cut
 234  sn2005cf      Ia-norm    0.7473   2.55   0.1969   0.0184    12.10  0    cut
 235  sn2005am      Ia-norm    0.7148   2.55   0.2026   0.0173     9.90  0    cut
 236  sn1999X       Ia-norm    0.6986   2.55   0.1993   0.0182    13.10  0    cut
 237  sn2005hf      Ia-norm    0.6837   2.54   0.2040   0.0213    11.00  0    cut
 238  sn1998dk      Ia-norm    0.6999   2.54   0.2044   0.0193    10.20  0    cut
 239  sn2006ac      Ia-norm    0.7040   2.53   0.2037   0.0174    11.00  0    cut
 240  sn2006le      Ia-norm    0.7094   2.53   0.2029   0.0181    12.80  0    cut
 241  sn1999dn      Ib-norm    0.7419   2.52   0.2090   0.0166     6.90  1    cut
 242  sn2008bf      Ia-norm    0.7040   2.52   0.2037   0.0182    13.30  0    cut
 243  sn2004aw      Ic-norm    0.7473   2.52   0.2059   0.0184    12.20  0    cut
 244  sn1998S       IIn        0.7473   2.51   0.1901   0.0162    11.40  0    cut
 245  sn2005bf      Ib-pec     0.7080   2.51   0.2050   0.0151     8.20  0    cut
 246  sn2001N       Ia-norm    0.6891   2.50   0.2066   0.0173     9.40  0    cut
 247  sn2008C       Ia-norm    0.7094   2.50   0.2032   0.0187    12.30  0    cut
 248  sn2002bf      Ia-norm    0.6945   2.50   0.2114   0.0173    10.60  0    cut
 249  sn2006lf      Ia-norm    0.6877   2.50   0.2003   0.0173     9.30  0    cut
 250  sn1995F       Ic-norm    0.6390   2.49   0.2141   0.0156     0.00  1    cut
 251  sn1999ek      Ia-norm    0.6999   2.49   0.1974   0.0182     9.20  0    cut
 252  sn1995al      Ia-norm    0.7094   2.48   0.2066   0.0190    10.40  0    cut
 253  mstar         M-star     0.7473   2.48   0.1761   0.0219     0.00  2    cut
 254  sn1990N       Ia-norm    0.7473   2.48   0.2003   0.0193    13.50  0    cut
 255  sn1991ar      Ib-norm    0.6173   2.48   0.2046   0.0124    27.40  1    cut
 256  sn2001en      Ia-norm    0.6999   2.47   0.2037   0.0196     8.30  0    cut
 257  sn1998bu      Ia-norm    0.6999   2.47   0.2000   0.0204    10.40  0    cut
 258  lbv2003hy     LBV        0.6959   2.47   0.1891   0.0088   -99.90  2    cut
 259  sn2007ap      Ia-norm    0.7121   2.46   0.1999   0.0177    11.40  0    cut
 260  sn1993J       IIb        0.5889   2.46   0.2064   0.0099    16.50  0    cut
 261  sn2001V       Ia-91T     0.6999   2.46   0.2005   0.0197    12.50  0    cut
 262  sn1992A       Ia-norm    0.6945   2.46   0.2128   0.0176    11.20  0    cut
 263  sn2000cu      Ia-norm    0.6972   2.46   0.2005   0.0186     7.30  0    cut
 264  sn1998dk      Ia-norm    0.6999   2.45   0.2040   0.0200    11.10  0    cut
 265  sn2006lf      Ia-norm    0.7094   2.44   0.2003   0.0171    11.30  0    cut
 266  sn2001N       Ia-norm    0.6945   2.44   0.2057   0.0171    10.40  0    cut
 267  sn1997do      Ia-norm    0.6999   2.44   0.2059   0.0211     8.20  0    cut
 268  sn2007nq      Ia-norm    0.6552   2.44   0.2048   0.0180     9.20  0    cut
 269  sn2008D       Ib-pec     0.7473   2.44   0.2131   0.0155    15.40  0    cut
 270  sn2002bo      Ia-norm    0.6972   2.44   0.2035   0.0196    10.40  0    cut
 271  sn1996bo      Ia-norm    0.7080   2.43   0.2053   0.0185     7.10  0    cut
 272  sn1989B       Ia-norm    0.6282   2.41   0.2023   0.0190    10.60  0    cut
 273  sn1999cl      Ia-norm    0.6999   2.41   0.2044   0.0188     7.60  0    cut
 274  sn2001bg      Ia-norm    0.7013   2.41   0.2014   0.0199    10.00  0    cut
 275  sn2007if      Ia-pec     0.6607   2.41   0.0332   0.0190    13.90  0    cut
 276  sn1991A       Ic-norm    0.5564   2.40   0.0255   0.0199    61.40  1    cut
 277  sn2005cf      Ia-norm    0.7473   2.40   0.1977   0.0193    12.20  0    cut
 278  sn1991A       Ic-norm    0.6363   2.40   0.0282   0.0251    32.60  1    cut
 279  sn2007hj      Ia-norm    0.7473   2.39   0.2049   0.0185     8.20  0    cut
 280  lbv2003hy     LBV        0.6972   2.39   0.0242   0.0127   -99.90  2    cut
 281  sn2005kc      Ia-norm    0.7080   2.39   0.1974   0.0184    11.60  0    cut
 282  sn2001da      Ia-norm    0.6972   2.39   0.2039   0.0195     7.80  0    cut
 283  sn1987A       II-pec     0.5754   2.39   0.1911   0.0089     9.30  0    cut
 284  sn2007co      Ia-norm    0.7040   2.39   0.2048   0.0203    11.50  0    cut
 285  sn2007le      Ia-norm    0.7216   2.38   0.2043   0.0190    12.40  0    cut
 286  sn2005hj      Ia-91T     0.4468   2.37   0.2009   0.0133     9.90  0    cut
 287  sn1999ac      Ia-91T     0.7013   2.37   0.1959   0.0186    10.00  0    cut
 288  sn2002dj      Ia-norm    0.6999   2.37   0.2054   0.0202     9.50  0    cut
 289  sn2003cg      Ia-norm    0.6999   2.37   0.1982   0.0213    10.80  0    cut
 290  lbv2003hy     LBV        0.6945   2.36   0.1880   0.0163   -99.90  2    cut
 291  sn2003cg      Ia-norm    0.7473   2.36   0.2015   0.0196    11.00  0    cut
 292  sn1997bq      Ia-norm    0.7067   2.35   0.2057   0.0193     9.20  0    cut
 293  sn2005eq      Ia-91T     0.6593   2.35   0.1983   0.0217    14.00  0    cut
 294  sn1996Z       Ia-norm    0.7080   2.35   0.2058   0.0209     8.10  0    cut
 295  sn2005hf      Ia-norm    0.6864   2.34   0.1944   0.0236    12.90  0    cut
 296  sn2002kf      Ia-norm    0.6999   2.33   0.2019   0.0189    11.80  0    cut
 297  sn2007if      Ia-pec     0.7473   2.33   0.0328   0.0193    15.90  0    cut
 298  sn2006H       Ia-91bg    0.7067   2.32   0.2063   0.0206     7.50  0    cut
 299  sn1994Q       Ia-norm    0.7013   2.32   0.1987   0.0213    11.80  0    cut
 300  sn2006N       Ia-norm    0.7175   2.32   0.1995   0.0174    11.60  0    cut
 301  sn2002dp      Ia-norm    0.7013   2.32   0.1968   0.0194    10.00  0    cut
 302  sn1999ac      Ia-91T     0.6999   2.32   0.1949   0.0194    10.90  0    cut
 303  sn1983V       Ic-norm    0.5930   2.32   0.2088   0.0300    12.90  0    cut
 304  sn2001en      Ia-norm    0.6986   2.31   0.2022   0.0200    10.20  0    cut
 305  sn1995F       Ic-norm    0.7473   2.31   0.2046   0.0162    56.90  1    cut
 306  sn2002er      Ia-norm    0.7473   2.30   0.2068   0.0202    10.00  0    cut
 307  sn1996cb      IIb        0.6850   2.30   0.2099   0.0112     7.90  0    cut
 308  sn2000dg      Ia-norm    0.6959   2.30   0.0337   0.0186    16.60  0    cut
 309  sn2007bj      Ia-norm    0.7135   2.30   0.2060   0.0180    14.90  0    cut
 310  sn2003cg      Ia-norm    0.7473   2.29   0.0355   0.0208    15.90  0    cut
 311  sn1998eg      Ia-norm    0.6106   2.29   0.0333   0.0215    16.80  0    cut
 312  kcS0          Gal        0.7473   2.28   0.3446   0.0231   -99.90  2    cut
 313  sn2003fa      Ia-91T     0.6986   2.28   0.1980   0.0192    15.50  0    cut
 314  sn1990B       Ic-norm    0.6106   2.27   0.0365   0.0167    15.40  0    cut
 315  kcSB3         Gal        0.7473   2.27   0.1914   0.0058   -99.90  2    cut
 316  sn2007if      Ia-pec     0.6539   2.27   0.1883   0.0209    13.10  0    cut
 317  sn1989B       Ia-norm    0.6701   2.27   0.1994   0.0193    11.60  0    cut
 318  sn1997do      Ia-norm    0.6999   2.26   0.2047   0.0219    10.20  0    cut
 319  sn2006X       Ia-norm    0.7107   2.26   0.2123   0.0186    10.30  0    cut
 320  sn2007al      Ia-91bg    0.7175   2.25   0.1979   0.0200     8.30  0    cut
 321  sn1987A       II-pec     0.6783   2.25   0.1894   0.0091     8.00  0    cut
 322  sn2001ep      Ia-norm    0.7135   2.25   0.1971   0.0201     7.80  0    cut
 323  sn2007af      Ia-norm    0.7229   2.25   0.1982   0.0189    12.30  0    cut
 324  sn1987A       II-pec     0.6769   2.25   0.1895   0.0090    10.00  0    cut
 325  sn1987A       II-pec     0.5781   2.25   0.1911   0.0096    11.30  0    cut
 326  sn2000fa      Ia-norm    0.6999   2.25   0.2034   0.0201    11.10  0    cut
 327  sn2002hd      Ia-norm    0.6986   2.24   0.0323   0.0179    15.80  0    cut
 328  sn2001V       Ia-91T     0.6999   2.24   0.1993   0.0207    13.50  0    cut
 329  sn2005am      Ia-norm    0.7189   2.24   0.2023   0.0192    10.90  0    cut
 330  sn2004bg      Ia-norm    0.6959   2.24   0.1968   0.0201    12.50  0    cut
 331  sn2004dt      Ia-norm    0.7473   2.22   0.2029   0.0212     9.10  0    cut
 332  sn1987A       II-pec     0.6769   2.21   0.1893   0.0090    12.00  0    cut
 333  lbv2003hy     LBV        0.6972   2.21   0.0242   0.0115   -99.90  2    cut
 334  kcE           Gal        0.7473   2.21   0.3445   0.0201   -99.90  2    cut
 335  sn2001N       Ia-norm    0.6918   2.21   0.2054   0.0195    11.50  0    cut
 336  sn2001ay      Ia-norm    0.6959   2.20   0.2098   0.0207     7.20  0    cut
 337  sn2007if      Ia-pec     0.7473   2.20   0.0329   0.0219    14.10  0    cut
 338  sn2000dk      Ia-norm    0.7148   2.19   0.1996   0.0190     9.60  0    cut
 339  sn2007fb      Ia-norm    0.7094   2.19   0.2006   0.0190    12.60  0    cut
 340  sn1991N       Ic-norm    0.7473   2.18   0.0242   0.0273    27.90  1    cut
 341  sn2002bo      Ia-norm    0.6986   2.18   0.2016   0.0208    11.60  0    cut
 342  sn2006ac      Ia-norm    0.7053   2.18   0.2037   0.0190    12.90  0    cut
 343  sn1996bo      Ia-norm    0.7067   2.17   0.2040   0.0207     9.20  0    cut
 344  sn2002eu      Ia-norm    0.6959   2.17   0.1989   0.0200    10.70  0    cut
 345  lbv2003hy     LBV        0.6959   2.17   0.0246   0.0134   -99.90  2    cut
 346  sn1998bu      Ia-norm    0.6986   2.17   0.1991   0.0224    11.40  0    cut
 347  sn2002bf      Ia-norm    0.6945   2.17   0.2093   0.0190    11.70  0    cut
 348  sn1998ec      Ia-norm    0.6986   2.17   0.2031   0.0201    11.70  0    cut
 349  sn1997do      Ia-norm    0.6999   2.16   0.2036   0.0227    11.10  0    cut
 350  kcSB6         Gal        0.7473   2.16   0.1906   0.0059   -99.90  2    cut
 351  sn1999ac      Ia-91T     0.6999   2.15   0.1944   0.0213    11.90  0    cut
 352  sn2006lf      Ia-norm    0.6850   2.15   0.1996   0.0189    10.30  0    cut
 353  sn1989B       Ia-norm    0.6715   2.15   0.0322   0.0207    15.50  0    cut
 354  sn2003bg      IIb        0.6823   2.15   0.2119   0.0116    15.50  0    cut
 355  sn1990I       Ib-norm    0.6959   2.14   0.2290   0.0134    11.30  0    cut
 356  sn1998dm      Ia-norm    0.7013   2.14   0.1962   0.0219    14.40  0    cut
 357  sn2000cx      Ia-pec     0.6200   2.14   0.2078   0.0216    13.60  0    cut
 358  mstar         M-star     0.7473   2.14   0.1731   0.0155     1.00  2    cut
 359  sn2002jg      Ia-norm    0.6972   2.13   0.1995   0.0212     9.40  0    cut
 360  sn1998dk      Ia-norm    0.7013   2.13   0.2021   0.0216    13.10  0    cut
 361  sn2000cf      Ia-norm    0.6959   2.12   0.0308   0.0205    16.40  0    cut
 362  sn2005cf      Ia-norm    0.7229   2.11   0.0332   0.0222    16.50  0    cut
 363  sn1995D       Ia-norm    0.7473   2.11   0.0365   0.0228    16.50  0    cut
 364  sn1999ex      Ib-norm    0.6986   2.10   0.2214   0.0115     9.30  0    cut
 365  sn1999X       Ia-norm    0.6945   2.10   0.1988   0.0204    15.00  0    cut
 366  sn1989B       Ia-norm    0.6715   2.10   0.0315   0.0199    16.50  0    cut
 367  sn2006eu      Ia-norm    0.7053   2.10   0.2065   0.0233     8.00  0    cut
 368  sn1999em      IIP        0.7473   2.09   0.1902   0.0143    16.10  0    cut
 369  lbv2001ac     LBV        0.6959   2.09   0.1902   0.0056   -99.90  2    cut
 370  sn1998S       IIn        0.6837   2.09   0.3234   0.0167     9.70  0    cut
 371  sn2005kc      Ia-norm    0.7107   2.08   0.0319   0.0203    15.60  0    cut
 372  sn2005cs      IIP        0.7473   2.08   0.1884   0.0150    12.70  0    cut
 373  sn2002bo      Ia-norm    0.6972   2.07   0.2014   0.0219    12.50  0    cut
 374  sn1996cb      IIb        0.7026   2.07   0.2094   0.0124     7.00  0    cut
 375  sn2003kf      Ia-norm    0.6891   2.07   0.1992   0.0222    13.40  0    cut
 376  mstar         M-star     0.7473   2.07   0.1715   0.0141     2.00  2    cut
 377  sn1994D       Ia-norm    0.6620   2.07   0.2002   0.0210     9.60  0    cut
 378  sn2004et      IIP        0.7297   2.07   0.1922   0.0133    12.00  0    cut
 379  sn1997dq      Ic-broad   0.7026   2.07   0.0306   0.0229    26.90  1    cut
 380  sn1997br      Ia-91T     0.7473   2.07   0.0395   0.0247    11.90  0    cut
 381  sn2005cf      Ia-norm    0.7473   2.06   0.0335   0.0232    16.10  0    cut
 382  sn2006X       Ia-norm    0.7121   2.06   0.2118   0.0200    11.20  0    cut
 383  sn2006D       Ia-norm    0.7392   2.05   0.0338   0.0226    16.30  0    cut
 384  sn1994D       Ia-norm    0.7040   2.05   0.1998   0.0210    10.80  0    cut
 385  sn1996Z       Ia-norm    0.7067   2.05   0.2046   0.0224    10.10  0    cut
 386  sn1997do      Ia-norm    0.6999   2.04   0.2028   0.0222    12.10  0    cut
 387  sn2002dj      Ia-norm    0.6986   2.04   0.0375   0.0247    16.40  0    cut
 388  lbv2003hy     LBV        0.6945   2.04   0.0240   0.0144   -99.90  2    cut
 389  sn2002bf      Ia-norm    0.6986   2.03   0.0426   0.0265    14.60  0    cut
 390  sn1999gh      Ia-norm    0.6999   2.03   0.1986   0.0213     7.40  0    cut
 391  sn2002hd      Ia-norm    0.6986   2.03   0.0336   0.0213    12.00  0    cut
 392  sn1995ak      Ia-norm    0.7080   2.03   0.0332   0.0225    13.40  0    cut
 393  sn2005ls      Ia-norm    0.7080   2.02   0.0381   0.0247    16.60  0    cut
 394  sn2002fb      Ia-91bg    0.6986   2.02   0.3828   0.0222    17.00  0    cut
 395  sn2005cs      IIP        0.7473   2.02   0.1878   0.0144     9.70  0    cut
 396  sn1990K       IIL        0.6444   2.02   0.1892   0.0073   174.70  1    cut
 397  sn2002bf      Ia-norm    0.6959   2.01   0.0394   0.0259    16.40  0    cut
 398  sn2007hj      Ia-norm    0.6904   2.01   0.0275   0.0211    14.20  0    cut
 399  sn1997bq      Ia-norm    0.7067   2.01   0.2041   0.0215    11.20  0    cut
 400  sn2007bm      Ia-norm    0.7243   2.01   0.0319   0.0221    15.60  0    cut
 401  sn2006le      Ia-norm    0.7121   2.01   0.0387   0.0247    16.70  0    cut
 402  sn2001ay      Ia-norm    0.6945   2.01   0.2087   0.0216     9.00  0    cut
 403  sn2005cs      IIP        0.7473   2.00   0.1881   0.0149     9.80  0    cut
 404  sn2004et      IIP        0.7324   2.00   0.1915   0.0144    14.50  0    cut
 405  sn2001en      Ia-norm    0.6986   2.00   0.2007   0.0223    12.20  0    cut
 406  sn2000cf      Ia-norm    0.7013   2.00   0.0319   0.0228    14.50  0    cut
 407  sn1997dq      Ic-broad   0.4549   1.99   0.0283   0.0246    42.80  1    cut
 408  sn1997dq      Ic-broad   0.7067   1.99   0.2015   0.0190    54.80  1    cut
 409  sn2005lu      Ia-norm    0.6986   1.99   0.0436   0.0256    16.60  0    cut
 410  sn2007hj      Ia-norm    0.6931   1.99   0.0291   0.0234    12.30  0    cut
 411  sn2001gc      Ia-norm    0.6986   1.99   0.2083   0.0215    13.30  0    cut
 412  sn2007al      Ia-91bg    0.7148   1.99   0.3819   0.0201    10.20  0    cut
 413  sn1990B       Ic-norm    0.4346   1.98   0.0349   0.0147     9.90  0    cut
 414  sn2002bf      Ia-norm    0.6972   1.98   0.0430   0.0272    15.50  0    cut
 415  sn2001ay      Ia-norm    0.7473   1.98   0.2105   0.0235     7.80  0    cut
 416  sn2005am      Ia-norm    0.7094   1.97   0.2017   0.0198    11.80  0    cut
 417  sn2002dj      Ia-norm    0.7473   1.97   0.0382   0.0257    16.20  0    cut
 418  sn2005cs      IIP        0.7243   1.97   0.1890   0.0147    10.00  0    cut
 419  sn1998S       IIn        0.6864   1.97   0.3234   0.0171    12.70  0    cut
 420  sn2000cn      Ia-91bg    0.6986   1.97   0.2001   0.0212     8.30  0    cut
 421  sn1995al      Ia-norm    0.7094   1.97   0.2045   0.0223    13.30  0    cut
 422  lbv2003hy     LBV        0.6999   1.97   0.0238   0.0158   -99.90  2    cut
 423  sn1997E       Ia-norm    0.7040   1.96   0.1954   0.0209    11.20  0    cut
 424  sn1990B       Ic-norm    0.6999   1.96   0.2110   0.0211     8.90  0    cut
 425  sn2005cs      IIP        0.7256   1.96   0.1891   0.0143     9.00  0    cut
 426  sn2007al      Ia-91bg    0.7026   1.96   0.3872   0.0194    10.10  0    cut
 427  sn2007fb      Ia-norm    0.7107   1.96   0.0354   0.0236    14.50  0    cut
 428  sn2001bf      Ia-norm    0.7473   1.95   0.1915   0.0256     8.70  0    cut
 429  sn2005na      Ia-norm    0.7013   1.95   0.0365   0.0222    15.90  0    cut
 430  sn1995al      Ia-norm    0.7473   1.95   0.0403   0.0263    16.40  0    cut
 431  sn2004eo      Ia-norm    0.7473   1.95   0.1998   0.0234    11.70  0    cut
 432  sn2005am      Ia-norm    0.7080   1.95   0.0345   0.0235    14.80  0    cut
 433  sn1994Q       Ia-norm    0.7473   1.94   0.0399   0.0257    11.60  0    cut
 434  sn2002es      Ia-91bg    0.6945   1.94   0.1844   0.0194     9.00  0    cut
 435  sn2004eo      Ia-norm    0.7473   1.94   0.0324   0.0233    13.10  0    cut
 436  sn1998S       IIn        0.6877   1.93   0.3235   0.0170    13.80  0    cut
 437  sn1991ar      Ib-norm    0.4860   1.93   0.0285   0.0193    15.80  1    cut
 438  sn2002dp      Ia-norm    0.6810   1.93   0.0295   0.0227    16.90  0    cut
 439  mstar         M-star     0.7473   1.93   0.1725   0.0126     3.00  2    cut
 440  sn2002cd      Ia-norm    0.6945   1.92   0.0482   0.0275    15.10  0    cut
 441  sn1998es      Ia-91T     0.7026   1.92   0.0376   0.0260    16.30  0    cut
 442  sn2004et      IIP        0.7270   1.92   0.1928   0.0138    10.00  0    cut
 443  sn2002bo      Ia-norm    0.6972   1.92   0.2007   0.0234    13.50  0    cut
 444  sn2003kc      Ia-norm    0.6877   1.92   0.0384   0.0266    14.60  0    cut
 445  sn2005hk      Ia-pec     0.7162   1.92   0.0142   0.0234    14.40  0    cut
 446  sn2001ck      Ia-norm    0.6972   1.91   0.0371   0.0264    16.30  0    cut
 447  sn1999dn      Ib-norm    0.7148   1.91   0.2132   0.0173     0.00  1    cut
 448  sn2007ci      Ia-norm    0.7094   1.91   0.0269   0.0212    12.50  0    cut
 449  sn2007le      Ia-norm    0.7216   1.91   0.0398   0.0262    16.40  0    cut
 450  sn2005cc      Ia-pec     0.6674   1.91   0.1672   0.0164     9.50  0    cut
 451  sn1992A       Ia-norm    0.7256   1.90   0.0398   0.0220    16.80  0    cut
 452  sn1990B       Ic-norm    0.4346   1.90   0.0361   0.0169     7.00  0    cut
 453  sn2006ac      Ia-norm    0.6972   1.89   0.0386   0.0260    15.00  0    cut
 454  sn2006X       Ia-norm    0.6986   1.89   0.2090   0.0210    12.30  0    cut
 455  lbv2003hy     LBV        0.6931   1.89   0.1872   0.0192   -99.90  2    cut
 456  sn1991T       Ia-91T     0.7446   1.88   0.0410   0.0279    14.50  0    cut
 457  sn2004dt      Ia-norm    0.7473   1.88   0.0335   0.0191    17.00  0    cut
 458  sn1997dq      Ic-broad   0.7026   1.88   0.0309   0.0250    21.90  1    cut
 459  sn2007ux      Ia-norm    0.7473   1.88   0.1982   0.0217    15.50  0    cut
 460  sn2007le      Ia-norm    0.7216   1.88   0.0409   0.0265    15.40  0    cut
 461  sn2005eq      Ia-91T     0.7026   1.88   0.0379   0.0263    16.90  0    cut
 462  sn1991N       Ic-norm    0.7040   1.87   0.0563   0.0323     7.60  1    cut
 463  sn2004fu      Ia-norm    0.7229   1.87   0.0363   0.0259    15.30  0    cut
 464  sn2006bt      Ia-norm    0.6783   1.87   0.1976   0.0221    16.30  0    cut
 465  sn2003du      Ia-norm    0.7243   1.87   0.0355   0.0268    16.80  0    cut
 466  kcSB5         Gal        0.7473   1.87   0.1911   0.0061   -99.90  2    cut
 467  sn2002bf      Ia-norm    0.6972   1.86   0.0455   0.0277    13.50  0    cut
 468  sn2008D       Ib-pec     0.6769   1.86   0.2164   0.0186     9.50  0    cut
 469  sn2007bz      Ia-norm    0.7067   1.86   0.0398   0.0272    17.00  0    cut
 470  sn2005hf      Ia-norm    0.6850   1.85   0.0346   0.0234    14.90  0    cut
 471  sn1999ee      Ia-norm    0.7473   1.85   0.0354   0.0267    15.70  0    cut
 472  sn1991N       Ic-norm    0.7040   1.85   0.0574   0.0333     6.60  1    cut
 473  sn1989B       Ia-norm    0.6282   1.85   0.0332   0.0242    12.60  0    cut
 474  sn2007bm      Ia-norm    0.7243   1.84   0.0339   0.0242    12.60  0    cut
 475  sn1984L       Ib-norm    0.6133   1.84   0.2065   0.0296    11.90  0    cut
 476  sn2002cx      Ia-pec     0.7013   1.84   0.0244   0.0241    11.30  0    cut
 477  sn2000cn      Ia-91bg    0.7013   1.84   0.0304   0.0254    12.20  0    cut
 478  sn2006bp      IIP        0.7107   1.84   0.1961   0.0166    16.20  0    cut
 479  sn2007sr      Ia-norm    0.7189   1.83   0.0386   0.0271    16.50  0    cut
 480  sn2000B       Ia-norm    0.6972   1.83   0.0441   0.0268    13.60  0    cut
 481  sn2002bf      Ia-norm    0.6972   1.83   0.0466   0.0280    12.60  0    cut
 482  sn2001E       Ia-norm    0.6972   1.83   0.0472   0.0286    14.60  0    cut
 483  lbv2003hy     LBV        0.6959   1.82   0.0261   0.0188   -99.90  2    cut
 484  sn2004dj      IIP        0.5551   1.82   0.1909   0.0070    36.00  1    cut
 485  sn1998bw      Ic-broad   0.7473   1.82   0.0614   0.0352    15.70  0    cut
 486  sn2004dj      IIP        0.5781   1.81   0.1906   0.0072    48.00  1    cut
 487  sn1999aa      Ia-91T     0.7229   1.81   0.0391   0.0289    14.50  0    cut
 488  sn1997do      Ia-norm    0.7013   1.81   0.0401   0.0279    15.30  0    cut
 489  sn1999aa      Ia-91T     0.6999   1.81   0.0397   0.0288    16.60  0    cut
 490  sn2002ck      Ia-norm    0.6999   1.81   0.0340   0.0252    15.70  0    cut
 491  sn1999gh      Ia-norm    0.6999   1.81   0.1987   0.0231     8.40  0    cut
 492  sn2002es      Ia-91bg    0.6959   1.80   0.1857   0.0220    11.00  0    cut
 493  sn2006lf      Ia-norm    0.7094   1.80   0.0354   0.0237    13.20  0    cut
 494  kcSa          Gal        0.7473   1.80   0.4982   0.0080   -99.90  2    cut
 495  sn2000fa      Ia-norm    0.6999   1.80   0.0397   0.0279    16.00  0    cut
 496  sn2005cs      IIP        0.7270   1.80   0.1895   0.0146     8.00  0    cut
 497  sn1998S       IIn        0.6850   1.80   0.3236   0.0179    15.80  0    cut
 498  sn2007sr      Ia-norm    0.7229   1.79   0.0399   0.0277    15.60  0    cut
 499  sn1998dk      Ia-norm    0.6999   1.79   0.0411   0.0284    16.10  0    cut
 500  sn2007le      Ia-norm    0.7216   1.79   0.0419   0.0274    14.40  0    cut
 501  sn1998bw      Ic-broad   0.7473   1.79   0.0641   0.0310    13.70  0    cut
 502  sn1989B       Ia-norm    0.6715   1.79   0.0344   0.0229    13.60  0    cut
 503  sn1997br      Ia-91T     0.6986   1.79   0.0355   0.0255    16.80  0    cut
 504  sn2002ap      Ic-broad   0.6200   1.79   0.2065   0.0319     9.50  0    cut
 505  sn1990N       Ia-norm    0.7365   1.79   0.0371   0.0250    16.70  0    cut
 506  sn1990K       IIL        0.5659   1.79   0.1894   0.0075   201.60  1    cut
 507  lbv1999bw     LBV        0.6999   1.79   0.1897   0.0055   -99.90  2    cut
 508  sn2004eo      Ia-norm    0.7473   1.78   0.0319   0.0236    14.70  0    cut
 509  sn2006le      Ia-norm    0.7121   1.78   0.0412   0.0273    14.70  0    cut
 510  sn1998dt      Ib-norm    0.7473   1.78   0.2194   0.0276     7.90  0    cut
 511  mstar         M-star     0.7473   1.78   0.1727   0.0121     7.00  2    cut
 512  sn1991bg      Ia-91bg    0.7311   1.77   0.3891   0.0207    14.10  0    cut
 513  sn2002dl      Ia-91bg    0.6972   1.77   0.1962   0.0244    10.30  0    cut
 514  sn2004dj      IIP        0.5781   1.77   0.1906   0.0074    50.00  1    cut
 515  mstar         M-star     0.7473   1.77   0.1728   0.0126     5.00  2    cut
 516  sn1991N       Ic-norm    0.7040   1.77   0.0583   0.0351     5.70  1    cut
 517  sn2008bf      Ia-norm    0.7040   1.77   0.0399   0.0269    16.20  0    cut
 518  sn1997dq      Ic-broad   0.6999   1.77   0.0309   0.0259    17.90  1    cut
 519  sn1999aa      Ia-91T     0.6999   1.77   0.0408   0.0297    15.60  0    cut
 520  sn2000cn      Ia-91bg    0.6959   1.76   0.2001   0.0232    10.20  0    cut
 521  sn2006X       Ia-norm    0.7229   1.76   0.0434   0.0292    14.20  0    cut
 522  sn1983N       Ib-norm    0.7053   1.76   0.0322   0.0287    12.00  0    cut
 523  sn1980K       IIL        0.4968   1.75   0.2505   0.0149    11.00  0    cut
 524  sn1999em      IIP        0.7473   1.75   0.1917   0.0161    11.10  0    cut
 525  sn1998dx      Ia-norm    0.6877   1.75   0.0392   0.0276    12.50  0    cut
 526  sn1990K       IIL        0.6810   1.75   0.1883   0.0081   174.70  1    cut
 527  sn2004dt      Ia-norm    0.7094   1.75   0.0337   0.0211    16.40  0    cut
 528  sn1994D       Ia-norm    0.7148   1.75   0.0328   0.0218    16.70  0    cut
 529  sn2004dj      IIP        0.5767   1.75   0.1903   0.0073    46.80  1    cut
 530  sn1994M       Ia-norm    0.7473   1.75   0.0412   0.0273    12.50  0    cut
 531  sn1990K       IIL        0.7094   1.75   0.1882   0.0088   119.10  1    cut
 532  sn2006bp      IIP        0.7121   1.74   0.1959   0.0171    15.10  0    cut
 533  sn1997bq      Ia-norm    0.7473   1.74   0.0409   0.0289    12.20  0    cut
 534  sn1997dc      Ib-norm    0.6363   1.74   0.0309   0.0170     0.00  1    cut
 535  lbv2003hy     LBV        0.6796   1.74   0.1881   0.0074   -99.90  2    cut
 536  sn1990K       IIL        0.6403   1.73   0.1890   0.0082   160.90  1    cut
 537  sn2007ax      Ia-91bg    0.7216   1.73   0.3786   0.0267    10.00  0    cut
 538  sn2004dj      IIP        0.5524   1.73   0.1917   0.0079     8.00  1    cut
 539  sn2007le      Ia-norm    0.7216   1.73   0.0433   0.0283    13.40  0    cut
 540  sn2007al      Ia-91bg    0.6823   1.73   0.1898   0.0188    11.30  0    cut
 541  sn1997do      Ia-norm    0.6986   1.72   0.0410   0.0290    14.20  0    cut
 542  sn2007sr      Ia-norm    0.7256   1.72   0.0413   0.0286    14.50  0    cut
 543  sn2006X       Ia-norm    0.7229   1.72   0.0444   0.0296    13.30  0    cut
 544  sn2004dj      IIP        0.5551   1.72   0.1914   0.0074    17.00  1    cut
 545  sn2003cg      Ia-norm    0.7473   1.72   0.0386   0.0265    11.90  0    cut
 546  sn1995al      Ia-norm    0.7040   1.72   0.0408   0.0301    16.40  0    cut
 547  sn1999di      Ib-norm    0.6417   1.72   0.2114   0.0150     0.00  1    cut
 548  sn1998dt      Ib-norm    0.6999   1.72   0.2196   0.0160    10.70  0    cut
 549  sn1997dq      Ic-broad   0.7473   1.72   0.1990   0.0185    81.70  1    cut
 550  sn1998T       Ib-norm    0.5578   1.71   0.2146   0.0126     0.00  1    cut
 551  sn1998dt      Ib-norm    0.7013   1.71   0.2195   0.0168    11.70  0    cut
 552  sn2002dj      Ia-norm    0.7473   1.71   0.0428   0.0288    12.30  0    cut
 553  sn2004dj      IIP        0.5551   1.70   0.1915   0.0074    18.00  1    cut
 554  kcSc          Gal        0.7473   1.70   0.1916   0.0056   -99.90  2    cut
 555  sn2004dj      IIP        0.5551   1.70   0.1914   0.0074    20.00  1    cut
 556  sn2004dj      IIP        0.5754   1.70   0.1902   0.0076    51.90  1    cut
 557  sn1998V       Ia-norm    0.6904   1.70   0.0371   0.0277    15.00  0    cut
 558  sn2006H       Ia-91bg    0.7135   1.70   0.2135   0.0317    12.40  0    cut
 559  sn2007fb      Ia-norm    0.7107   1.69   0.0356   0.0274    13.60  0    cut
 560  sn1981B       Ia-norm    0.7175   1.69   0.0387   0.0299    15.40  0    cut
 561  sn1995al      Ia-norm    0.7094   1.69   0.0417   0.0307    15.40  0    cut
 562  sn1996Z       Ia-norm    0.7053   1.69   0.0400   0.0282    14.00  0    cut
 563  sn1979C       IIL        0.5537   1.68   0.0375   0.0160    12.90  0    cut
 564  sn2004S       Ia-norm    0.7473   1.68   0.0323   0.0281    13.30  0    cut
 565  sn2005hk      Ia-pec     0.7162   1.68   0.1705   0.0172    14.30  0    cut
 566  sn2007jg      Ia-norm    0.6891   1.68   0.0401   0.0302    13.10  0    cut
 567  sn1991A       Ic-norm    0.6106   1.67   0.0271   0.0240    47.50  1    cut
 568  sn1999aa      Ia-91T     0.6986   1.67   0.0418   0.0312    14.60  0    cut
 569  sn2007if      Ia-pec     0.6701   1.67   0.1873   0.0260    15.70  0    cut
 570  sn2006bp      IIP        0.7107   1.67   0.1982   0.0172    14.30  0    cut
 571  sn1988L       Ib-norm    0.5848   1.66   0.2089   0.0154    47.70  1    cut
 572  sn1996ai      Ia-norm    0.7053   1.66   0.0384   0.0287    15.10  0    cut
 573  sn1998es      Ia-91T     0.7026   1.66   0.0391   0.0309    14.30  0    cut
 574  sn1997dd      IIb        0.6972   1.65   0.2094   0.0162     3.60  1    cut
 575  sn2004dj      IIP        0.5537   1.65   0.1922   0.0081     5.00  1    cut
 576  sn2006lf      Ia-norm    0.6688   1.65   0.0322   0.0243    16.10  0    cut
 577  sn1998dt      Ib-norm    0.6877   1.65   0.2177   0.0165    16.60  0    cut
 578  sn2001bf      Ia-norm    0.6918   1.65   0.1970   0.0240    12.50  0    cut
 579  sn1990U       Ic-norm    0.6593   1.64   0.2047   0.0143    11.90  0    cut
 580  sn2005mz      Ia-91bg    0.7080   1.64   0.2092   0.0261    10.20  0    cut
 581  sn1997dd      IIb        0.6986   1.64   0.2074   0.0151    16.40  1    cut
 582  sn2000fa      Ia-norm    0.7026   1.64   0.0420   0.0317    14.00  0    cut
 583  sn1990K       IIL        0.6065   1.63   0.1915   0.0149    53.30  1    cut
 584  sn1996X       Ia-norm    0.4806   1.63   0.1958   0.0262    11.90  0    cut
 585  sn2006le      Ia-norm    0.7107   1.63   0.0425   0.0304    13.80  0    cut
 586  sn1990K       IIL        0.6566   1.63   0.1889   0.0082   202.50  1    cut
 587  sn1996bl      Ia-norm    0.7067   1.63   0.0399   0.0302    13.30  0    cut
 588  sn1999gh      Ia-norm    0.6999   1.62   0.1978   0.0251     9.40  0    cut
 589  mstar         M-star     0.7473   1.62   0.5842   0.0088    10.00  2    cut
 590  sn2006H       Ia-91bg    0.7121   1.62   0.1975   0.0291     9.60  0    cut
 591  sn2005cf      Ia-norm    0.7473   1.62   0.0353   0.0290    14.10  0    cut
 592  sn1999aa      Ia-91T     0.6972   1.62   0.0434   0.0325    13.60  0    cut
 593  sn1994D       Ia-norm    0.7040   1.62   0.0358   0.0264    14.80  0    cut
 594  kcSB4         Gal        0.7473   1.62   0.1911   0.0065   -99.90  2    cut
 595  sn2004et      IIP        0.7473   1.62   0.1931   0.0159     8.60  0    cut
 596  sn2005bl      Ia-91bg    0.7405   1.62   0.3839   0.0287    12.60  0    cut
 597  sn2001ck      Ia-norm    0.6972   1.62   0.0395   0.0297    14.40  0    cut
 598  sn1994M       Ia-norm    0.7473   1.62   0.0419   0.0296    11.50  0    cut
 599  sn1995D       Ia-norm    0.6742   1.61   0.0394   0.0305    14.50  0    cut
 600  sn2005hk      Ia-pec     0.5930   1.61   0.1681   0.0200    12.40  0    cut
 601  sn2005cs      IIP        0.7243   1.61   0.1906   0.0149     7.10  0    cut
 602  lbv1999bw     LBV        0.6525   1.60   0.1904   0.0065   -99.90  2    cut
 603  sn1999ac      Ia-91T     0.7473   1.60   0.0308   0.0290    16.80  0    cut
 604  sn2003bg      IIb        0.6417   1.60   0.2122   0.0150    11.50  0    cut
 605  sn2001cj      Ia-norm    0.7473   1.60   0.0398   0.0306    13.60  0    cut
 606  sn2000bk      Ia-norm    0.6945   1.60   0.1988   0.0244    11.90  0    cut
 607  sn2003fa      Ia-91T     0.6972   1.60   0.0378   0.0311    16.50  0    cut
 608  sn1980K       IIL        0.4914   1.59   0.0286   0.0206    12.00  0    cut
 609  sn1994D       Ia-norm    0.7053   1.59   0.0337   0.0245    16.90  0    cut
 610  sn2006H       Ia-91bg    0.7107   1.59   0.2002   0.0299    10.40  0    cut
 611  sn1984L       Ib-norm    0.5564   1.58   0.0405   0.0244     9.00  0    cut
 612  sn2005ke      Ia-91bg    0.7243   1.58   0.1918   0.0270     8.40  0    cut
 613  sn2001cp      Ia-norm    0.6945   1.57   0.0388   0.0326    16.50  0    cut
 614  sn1996L       IIn        0.6092   1.57   0.1453   0.0155     8.40  0    cut
 615  sn2004dj      IIP        0.5537   1.57   0.1925   0.0086     0.00  1    cut
 616  sn1999X       Ia-norm    0.6959   1.57   0.0368   0.0305    16.00  0    cut
 617  sn2005cs      IIP        0.5903   1.57   0.1929   0.0084    13.80  0    cut
 618  sn1991N       Ic-norm    0.7473   1.56   0.0341   0.0398     0.00  1    cut
 619  sn2005mz      Ia-91bg    0.6891   1.55   0.0233   0.0233    12.10  0    cut
 620  sn2004dj      IIP        0.5510   1.55   0.1917   0.0082     2.70  1    cut
 621  sn1996bo      Ia-norm    0.7053   1.55   0.0441   0.0315    11.10  0    cut
 622  sn2003du      Ia-norm    0.6986   1.55   0.0372   0.0325    16.00  0    cut
 623  sn1987A       II-pec     0.6769   1.54   0.0179   0.0147    14.10  0    cut
 624  sn2004S       Ia-norm    0.7419   1.54   0.0308   0.0428    13.90  0    cut
 625  sn1998V       Ia-norm    0.6931   1.54   0.0394   0.0319    13.10  0    cut
 626  sn1997ef      Ic-broad   0.7080   1.54   0.0477   0.0300    13.80  0    cut
 627  sn2002do      Ia-norm    0.6986   1.54   0.1789   0.0139    16.70  0    cut
 628  sn2001en      Ia-norm    0.6959   1.54   0.0411   0.0313    14.10  0    cut
 629  mstar         M-star     0.7473   1.54   0.5223   0.0099     6.00  2    cut
 630  sn1991A       Ic-norm    0.5618   1.54   0.0276   0.0285    16.80  1    cut
 631  sn1999ek      Ia-norm    0.6986   1.53   0.0353   0.0297    12.20  0    cut
 632  sn1994Q       Ia-norm    0.7013   1.53   0.0371   0.0328    12.80  0    cut
 633  sn2002er      Ia-norm    0.6647   1.53   0.0423   0.0309    11.80  0    cut
 634  sn2003hv      Ia-norm    0.6417   1.52   0.1994   0.0240    11.20  0    cut
 635  sn2003kf      Ia-norm    0.7013   1.52   0.0396   0.0333    15.40  0    cut
 636  sn2004dj      IIP        0.5794   1.51   0.1903   0.0075    50.60  1    cut
 637  sn2000H       IIb        0.7392   1.51   0.0452   0.0355     8.40  0    cut
 638  sn1987A       II-pec     0.5740   1.50   0.0171   0.0147    13.30  0    cut
 639  sn2002bo      Ia-norm    0.6959   1.50   0.0387   0.0323    15.40  0    cut
 640  sn1994D       Ia-norm    0.7040   1.50   0.0383   0.0314    12.80  0    cut
 641  sn1997ei      Ic-norm    0.5578   1.49   0.0347   0.0209     0.00  1    cut
 642  sn2001bg      Ia-norm    0.6931   1.49   0.0401   0.0327    14.00  0    cut
 643  sn2002dp      Ia-norm    0.6986   1.49   0.0342   0.0312    13.00  0    cut
 644  sn2002jy      Ia-norm    0.6959   1.48   0.0394   0.0343    15.80  0    cut
 645  sn1990aa      Ic-norm    0.6674   1.48   0.2224   0.0345     0.00  1    cut
 646  sn1984A       Ia-norm    0.5266   1.47   0.2022   0.0288    17.00  0    cut
 647  sn2002bo      Ia-norm    0.6945   1.47   0.0373   0.0325    16.40  0    cut
 648  sn2003kf      Ia-norm    0.7026   1.47   0.0411   0.0339    14.40  0    cut
 649  sn2002bo      Ia-norm    0.6945   1.46   0.0401   0.0333    14.50  0    cut
 650  sn2005ke      Ia-91bg    0.7094   1.46   0.3827   0.0285    10.40  0    cut
 651  sn2003ch      Ia-norm    0.6986   1.46   0.0343   0.0387    13.50  0    cut
 652  sn2002kf      Ia-norm    0.7013   1.46   0.0387   0.0329    13.90  0    cut
 653  kcSB1         Gal        0.7473   1.46   0.6107   0.0071   -99.90  2    cut
 654  mstar         M-star     0.7473   1.46   0.1729   0.0171     4.00  2    cut
 655  sn2002ck      Ia-norm    0.6959   1.45   0.0385   0.0342    11.90  0    cut
 656  sn1999gh      Ia-norm    0.6931   1.45   0.0298   0.0281    12.40  0    cut
 657  sn2001ay      Ia-norm    0.6173   1.44   0.3368   0.0264    16.50  0    cut
 658  sn2005ke      Ia-91bg    0.7256   1.44   0.3832   0.0285    13.40  0    cut
 659  sn1984L       Ib-norm    0.5537   1.44   0.0409   0.0265     8.00  0    cut
 660  mstar         M-star     0.7473   1.42   0.5851   0.0088     9.00  2    cut
 661  sn1999ej      Ia-norm    0.6959   1.42   0.0328   0.0318    11.00  0    cut
 662  sn1997cy      IIn        0.7473   1.42   0.1897   0.0077   377.70  1    cut
 663  sn2006H       Ia-91bg    0.7013   1.41   0.2106   0.0334    13.40  0    cut
 664  sn2000H       IIb        0.6959   1.41   0.0458   0.0320     7.70  0    cut
 665  sn2007ci      Ia-norm    0.7121   1.41   0.0257   0.0247    16.50  0    cut
 666  mstar         M-star     0.7473   1.41   0.3188   0.0125     8.00  2    cut
 667  sn1998bu      Ia-norm    0.6986   1.40   0.0381   0.0332    13.40  0    cut
 668  sn1998V       Ia-norm    0.6945   1.40   0.0399   0.0343    12.10  0    cut
 669  sn1998bp      Ia-norm    0.6999   1.38   0.0213   0.0253    12.90  0    cut
 670  sn1999gh      Ia-norm    0.6986   1.38   0.0310   0.0305    11.40  0    cut
 671  sn1990K       IIL        0.6227   1.37   0.2116   0.0114   147.00  1    cut
 672  sn2004dt      Ia-norm    0.7473   1.37   0.0361   0.0321    14.00  0    cut
 673  sn1990K       IIL        0.6119   1.36   0.1870   0.0115    76.30  1    cut
 674  sn2000H       IIb        0.6931   1.36   0.0407   0.0263    10.60  0    cut
 675  sn1988L       Ib-norm    0.6336   1.35   0.2137   0.0363     0.00  1    cut
 676  sn2000H       IIb        0.6959   1.35   0.0425   0.0281     9.60  0    cut
 677  sn2006H       Ia-91bg    0.6823   1.34   0.2129   0.0283    16.30  0    cut
 678  sn1990K       IIL        0.6823   1.34   0.1886   0.0122    55.60  1    cut
 679  sn2000H       IIb        0.6959   1.33   0.0400   0.0271    11.60  0    cut
 680  sn1990aa      Ic-norm    0.6661   1.32   0.2134   0.0194    61.50  1    cut
 681  sn2007ax      Ia-91bg    0.7202   1.32   0.1868   0.0325    17.00  0    cut
 682  sn2005ke      Ia-91bg    0.7256   1.31   0.1917   0.0312    11.40  0    cut
 683  kcSB2         Gal        0.7473   1.31   0.6111   0.0076   -99.90  2    cut
 684  sn1991N       Ic-norm    0.7473   1.31   0.0259   0.0422    12.00  1    cut
 685  sn1990K       IIL        0.5320   1.31   0.0361   0.0185   139.00  1    cut
 686  lbv2001ac     LBV        0.7473   1.31   0.1487   0.0249   -99.90  2    cut
 687  sn2006H       Ia-91bg    0.7148   1.30   0.1889   0.0338    14.30  0    cut
 688  sn2004dj      IIP        0.6268   1.29   0.1951   0.0095    89.80  1    cut
 689  lbv2003hy     LBV        0.6945   1.28   0.1869   0.0085   -99.90  2    cut
 690  sn1995F       Ic-norm    0.7473   1.28   0.2035   0.0223    88.80  1    cut
 691  sn1998bu      Ia-norm    0.6986   1.26   0.0392   0.0369    12.40  0    cut
 692  sn1990K       IIL        0.6390   1.26   0.3748   0.0437     0.00  1    cut
 693  sn2006H       Ia-91bg    0.6715   1.24   0.2147   0.0371    15.30  0    cut
 694  sn1999by      Ia-91bg    0.7013   1.24   0.1894   0.0375     7.90  0    cut
 695  sn1991A       Ic-norm    0.5984   1.24   0.0276   0.0339    10.90  1    cut
 696  sn2006H       Ia-91bg    0.7067   1.23   0.1887   0.0373    11.40  0    cut
 697  sn1991ar      Ib-norm    0.5348   1.22   0.2140   0.0160     0.00  1    cut
 698  sn2007ax      Ia-91bg    0.6837   1.21   0.3873   0.0333    15.90  0    cut
 699  sn1980K       IIL        0.5280   1.21   0.0349   0.0268     7.00  0    cut
 700  agn           AGN        0.7473   1.19   0.1904   0.0074   -99.90  2    cut
 701  sn1997cy      IIn        0.7473   1.19   0.1929   0.0088   116.80  1    cut
 702  sn2002ap      Ic-broad   0.5334   1.18   0.1708   0.0286    12.70  0    cut
 703  sn2005cc      Ia-pec     0.6282   1.18   0.2081   0.0106    14.70  0    cut
 704  sn1980K       IIL        0.5185   1.11   0.0294   0.0229     9.00  0    cut
 705  sn1997cy      IIn        0.7473   1.11   0.1923   0.0087   174.50  1    cut
 706  sn1998bw      Ic-broad   0.7473   1.10   0.0559   0.0356     7.80  0    cut
 707  sn1991A       Ic-norm    0.5984   1.09   0.0284   0.0326    65.10  1    cut
 708  sn2006bp      IIP        0.7080   1.08   0.0913   0.0226     7.20  0    cut
 709  sn1997cn      Ia-91bg    0.6539   1.04   0.3762   0.0344    10.90  0    cut
 710  sn1979C       IIL        0.4941   1.03   0.0378   0.0190     9.90  0    cut
 711  sn1997cn      Ia-91bg    0.6552   1.03   0.1900   0.0352    11.90  0    cut
 712  sn1979C       IIL        0.4955   1.02   0.0382   0.0171    10.90  0    cut
 713  sn1997dq      Ic-broad   0.7094   1.00   0.3554   0.0264   222.20  1    cut
 714  sn1998bw      Ic-broad   0.7473   0.99   0.1574   0.0148    11.70  0    cut
 715  sn1997cn      Ia-91bg    0.6525   0.96   0.1078   0.0247    15.80  0    cut
 716  sn1997cn      Ia-91bg    0.6566   0.95   0.2148   0.0421    14.00  0    cut
 717  sn1997cy      IIn        0.7473   0.95   0.1934   0.0093    71.30  1    cut
 718  sn1998bw      Ic-broad   0.7473   0.94   0.0623   0.0365     8.70  0    cut
 719  sn1997cy      IIn        0.7473   0.94   0.0383   0.0333    14.10  1    cut
 720  sn1999em      IIP        0.6972   0.93   0.0854   0.0230     9.40  0    cut
 721  sn1998bp      Ia-norm    0.6986   0.92   0.2162   0.0443    14.80  0    cut
 722  sn1997cy      IIn        0.7473   0.91   0.1917   0.0107    57.20  1    cut
 723  sn1997cn      Ia-91bg    0.6539   0.91   0.1106   0.0260    15.00  0    cut
 724  sn1997cy      IIn        0.7473   0.90   0.3681   0.0138   226.10  1    cut
 725  sn1997cn      Ia-91bg    0.6539   0.90   0.1076   0.0186    13.00  0    cut
 726  sn1990K       IIL        0.6119   0.89   0.2328   0.0139   136.10  1    cut
 727  sn2002cx      Ia-pec     0.5226   0.86   0.1665   0.0398    15.20  0    cut
 728  sn1991N       Ic-norm    0.6498   0.86   0.2342   0.0168   276.10  1    cut
 729  sn1997cy      IIn        0.7473   0.84   0.2346   0.0099   196.10  1    cut
 730  sn1997cy      IIn        0.7473   0.82   0.3268   0.0168   125.30  1    cut
 731  sn1990K       IIL        0.5144   0.78   0.1889   0.0124    50.50  1    cut
 732  sn1991bg      Ia-91bg    0.5862   0.76   0.1086   0.0252    15.80  0    cut
 733  sn1990aa      Ic-norm    0.6661   0.76  -0.0094   0.0000   116.10  1    cut
 734  sn1991A       Ic-norm    0.4833   0.73   0.0237   0.0318   128.30  1    cut
 735  sn1997cy      IIn        0.7473   0.73   0.0615   0.0401     0.00  1    cut
 736  sn1991N       Ic-norm    0.7473   0.73   0.2303   0.0205   250.20  1    cut
 737  sn1997cy      IIn        0.7473   0.73   0.2560   0.0125    29.40  1    cut
 738  sn1998bw      Ic-broad   0.7473   0.72   0.1541   0.0338    12.70  0    cut
 739  sn2006bp      IIP        0.5984   0.59   0.0403   0.0428    13.20  0    cut
 740  sn2006bp      IIP        0.6065   0.48   0.2524   0.0196     8.10  0    cut
 741  sn1992H       IIP        0.5090   0.47   0.0869   0.0963    11.50  0    cut
