### SNID output file ###
 
### input spectrum and options ###
# Input spectrum                 : 14450_5.10.dat
# Parameter file                 : NA
# Wavelength range               :    4000.00   9000.00
# Mask file                      : NA
# Median filtering width [A]     : NA
# Median filtering width [pix]   :       1.00
# Clip emission redshift         :     0.1191
# Clip sky lines                 : 0
# Emission clip width [A]        :       0.12
# Keep A-band                    : 1
# Age range                      :       0.10     10.10
# Delta range                    :      -9.99     99.90
# Min. number of spectra/template:   1
# Use only templates             : NA
# Use only types                 : NA
# Avoid templates                : NA
# Avoid types                    : NA
# rlapmin                        :       5.00
# Redshift range                 :    -0.0100    1.2000
# Forced initial redshift        :     0.1191
# Extra fake redshift            : NA
# Nsigma for initial redshift    : NA
# Redshift filter                :     0.0200
# Wavenumbers k1,k2,k3,k4        :     1    4   85  102
# Template directory             : /home/djperrefort/snid-5.0/templates-2.0/
 
### initial/user-input redshift ###
zinit       0.0000
zuser       0.1191
 
### median redshift/age and error ###
zmed        0.1128    0.0033
agem          9.40      0.66
 
### type fraction/redshift/age ###
#type ntemp fraction slope redshift redshift_error age age_error
Ia              0      0.00    0.0000    0.0000    0.0000     0.000     0.000
Ia-norm         0      0.00    0.0000    0.0000    0.0000     0.000     0.000
Ia-91T          0      0.00    0.0000    0.0000    0.0000     0.000     0.000
Ia-91bg         0      0.00    0.0000    0.0000    0.0000     0.000     0.000
Ia-csm          0      0.00    0.0000    0.0000    0.0000     0.000     0.000
Ia-pec          0      0.00    0.0000    0.0000    0.0000     0.000     0.000
###
Ib              0      0.00    0.0000    0.0000    0.0000     0.000     0.000
Ib-norm         0      0.00    0.0000    0.0000    0.0000     0.000     0.000
Ib-pec          0      0.00    0.0000    0.0000    0.0000     0.000     0.000
IIb             0      0.00    0.0000    0.0000    0.0000     0.000     0.000
###
Ic              0      0.00    0.0000    0.0000    0.0000     0.000     0.000
Ic-norm         0      0.00    0.0000    0.0000    0.0000     0.000     0.000
Ic-pec          0      0.00    0.0000    0.0000    0.0000     0.000     0.000
Ic-broad        0      0.00    0.0000    0.0000    0.0000     0.000     0.000
###
II              5      1.00    0.0000    0.1128    0.0033     9.400     0.661
IIP             3      0.60    0.0000    0.1136    0.0045     9.800     0.757
II-pec          0      0.00    0.0000    0.0000    0.0000     0.000     0.000
IIn             0      0.00    0.0000    0.0000    0.0000     0.000     0.000
IIL             2      0.40    0.0000    0.1118    0.0014     9.000     0.000
###
NotSN           0      0.00    0.0000    0.0000    0.0000     0.000     0.000
AGN             0      0.00    0.0000    0.0000    0.0000     0.000     0.000
Gal             0      0.00    0.0000    0.0000    0.0000     0.000     0.000
LBV             0      0.00    0.0000    0.0000    0.0000     0.000     0.000
M-star          0      0.00    0.0000    0.0000    0.0000     0.000     0.000
 
### rlap-ordered template listings ###
#no. sn type lap rlap z zerr age age_flag grade
   1  sn1990K       IIL        0.6390   5.38   0.1108   0.0072     0.00  1   good
   2  sn1980K       IIL        0.5185   5.29   0.1128   0.0081     9.00  0   good
   3  sn2004et      IIP        0.8069   5.24   0.1140   0.0075     8.60  0   good
   4  sn2004et      IIP        0.7189   5.16   0.1136   0.0075    10.00  0   good
   5  sn2005cs      IIP        0.8069   5.09   0.1061   0.0062     9.80  0   good
#--- rlap cutoff
   6  sn2004et      IIP        0.7229   4.91   0.1150   0.0080     6.20  0    cut
   7  sn2004et      IIP        0.7202   4.78   0.1153   0.0084     4.00  0    cut
   8  sn2005cs      IIP        0.7202   4.50   0.1090   0.0070     5.00  0    cut
   9  sn2005cs      IIP        0.7175   4.45   0.1068   0.0067     9.00  0    cut
  10  sn2005cs      IIP        0.7162   4.44   0.1063   0.0068    10.00  0    cut
  11  sn2006bp      IIP        0.7080   4.41   0.1212   0.0091     7.20  0    cut
  12  sn2005cs      IIP        0.7189   4.40   0.1073   0.0067     8.00  0    cut
  13  sn2007ax      Ia-91bg    0.7135   4.39   0.1216   0.0135    10.00  0    cut
  14  sn1980K       IIL        0.5280   4.38   0.1135   0.0091     7.00  0    cut
  15  sn2005cs      IIP        0.7162   4.35   0.1079   0.0069     7.10  0    cut
  16  sn2005cs      IIP        0.7744   4.31   0.1064   0.0070     9.70  0    cut
  17  sn1999em      IIP        0.8069   4.18   0.1152   0.0094     6.20  0    cut
  18  sn2004et      IIP        0.7270   4.12   0.1158   0.0096     2.00  0    cut
  19  sn2005cs      IIP        0.8069   4.05   0.1097   0.0083     3.80  0    cut
  20  sn1993J       IIb        0.7811   3.98   0.1169   0.0106     1.40  0    cut
  21  sn2005cs      IIP        0.7189   3.97   0.1097   0.0081     4.00  0    cut
  22  sn1997dd      IIb        0.6972   3.86   0.1109   0.0153     3.60  1    cut
  23  sn2004et      IIP        0.7202   3.85   0.1162   0.0102     1.00  0    cut
  24  sn2006bp      IIP        0.6769   3.84   0.1218   0.0105     4.20  0    cut
  25  sn1999em      IIP        0.7365   3.84   0.1151   0.0099     5.40  0    cut
  26  sn1993J       IIb        0.8069   3.72   0.1154   0.0109     5.50  0    cut
  27  sn1993J       IIb        0.7947   3.65   0.1154   0.0114     3.40  0    cut
  28  sn2004dj      IIP        0.5510   3.65   0.1026   0.0080     2.70  1    cut
  29  sn1997dd      IIb        0.8069   3.64   0.1163   0.0139     0.00  1    cut
  30  sn2005cs      IIP        0.7175   3.62   0.1099   0.0087     3.10  0    cut
  31  sn1990aa      Ic-norm    0.7338   3.61  -0.0072   0.0178    61.50  1    cut
  32  sn1999em      IIP        0.6972   3.57   0.1129   0.0105     9.40  0    cut
  33  sn1993J       IIb        0.8069   3.56   0.1156   0.0115     3.80  0    cut
  34  sn1999em      IIP        0.6986   3.48   0.1147   0.0108     6.40  0    cut
  35  sn2004dj      IIP        0.5551   3.48   0.1040   0.0083     0.00  1    cut
  36  sn2006bp      IIP        0.6783   3.46   0.1224   0.0113     3.30  0    cut
  37  sn2004dj      IIP        0.5740   3.43   0.1029   0.0081     5.00  1    cut
  38  sn1988L       Ib-norm    0.6525   3.34   0.0064   0.0174    47.70  1    cut
  39  sn1999em      IIP        0.7595   3.33   0.1162   0.0117     2.40  0    cut
  40  sn2006bp      IIP        0.6742   3.32   0.1213   0.0121     8.10  0    cut
  41  sn2005cs      IIP        0.7175   3.31   0.1102   0.0093     2.10  0    cut
  42  sn1993J       IIb        0.6972   3.28   0.1155   0.0116     4.60  0    cut
  43  sn1993J       IIb        0.6972   3.26   0.1156   0.0113     3.70  0    cut
  44  sn1991A       Ic-norm    0.5564   3.26   0.1587   0.0207    61.40  1    cut
  45  sn2006eu      Ia-norm    0.6972   3.19   0.1329   0.0216     8.00  0    cut
  46  sn2005cs      IIP        0.6701   3.16   0.1103   0.0108     0.80  0    cut
  47  sn1999em      IIP        0.8069   3.14   0.1160   0.0130     0.20  0    cut
  48  sn1999em      IIP        0.6864   3.13   0.1147   0.0121     5.60  0    cut
  49  sn2004dj      IIP        0.5524   3.06   0.1024   0.0089     8.00  1    cut
  50  sn2004dj      IIP        0.5740   3.05   0.1015   0.0085    17.00  1    cut
  51  sn2004dj      IIP        0.5672   3.04   0.1015   0.0085    20.00  1    cut
  52  sn1996C       Ia-norm    0.7053   3.01   0.1292   0.0143     2.00  0    cut
  53  sn1999em      IIP        0.6959   3.00   0.1147   0.0121     6.60  0    cut
  54  sn2004dj      IIP        0.5727   3.00   0.1018   0.0089    18.00  1    cut
  55  sn2005bl      Ia-91bg    0.8069   3.00   0.1270   0.0211     4.70  0    cut
  56  sn1997dq      Ic-broad   0.7067   2.99   0.1580   0.0302    54.80  1    cut
  57  sn2007al      Ia-91bg    0.7094   2.98   0.1230   0.0174     8.30  0    cut
  58  sn2006bp      IIP        0.6728   2.97   0.1231   0.0138     2.10  0    cut
  59  sn1991bg      Ia-91bg    0.7933   2.95   0.1315   0.0224     0.90  0    cut
  60  sn2005cs      IIP        0.5117   2.94   0.1109   0.0126     4.20  0    cut
  61  sn2005hf      Ia-norm    0.6769   2.91   0.1238   0.0113     8.20  0    cut
  62  sn2005ke      Ia-91bg    0.7162   2.90   0.1202   0.0186     8.40  0    cut
  63  sn1996X       Ia-norm    0.8069   2.89   0.1311   0.0140     0.10  0    cut
  64  sn2005cs      IIP        0.8069   2.89   0.1094   0.0109     0.80  0    cut
  65  sn1999em      IIP        0.7351   2.88   0.1157   0.0133     1.40  0    cut
  66  sn2005cs      IIP        0.7189   2.86   0.1104   0.0105     1.00  0    cut
  67  sn2002ck      Ia-norm    0.6986   2.83   0.1285   0.0158     0.30  0    cut
  68  sn2006H       Ia-91bg    0.7040   2.81   0.1219   0.0173     9.60  0    cut
  69  sn1998dx      Ia-norm    0.6864   2.81   0.1314   0.0139     1.10  0    cut
  70  sn2006bt      Ia-norm    0.8069   2.78   0.1391   0.0219     2.90  0    cut
  71  sn1993J       IIb        0.7825   2.77   0.1149   0.0156     6.60  0    cut
  72  sn1996X       Ia-norm    0.8069   2.77   0.1307   0.0143     1.10  0    cut
  73  sn2004dj      IIP        0.6945   2.76   0.1097   0.0112    89.80  1    cut
  74  sn1991A       Ic-norm    0.4833   2.75   0.1553   0.0206   128.30  1    cut
  75  agn           AGN        0.8069   2.73   0.1078   0.0110   -99.90  2    cut
  76  mstar         M-star     0.8069   2.73   0.3406   0.0126     2.00  2    cut
  77  lbv2001ac     LBV        0.6959   2.72   0.1070   0.0101   -99.90  2    cut
  78  sn2005hf      Ia-norm    0.6783   2.71   0.1237   0.0120     9.10  0    cut
  79  sn2004dj      IIP        0.5713   2.71   0.1010   0.0096    36.00  1    cut
  80  sn1990K       IIL        0.5821   2.70   0.1068   0.0133    50.50  1    cut
  81  sn2006em      Ia-91bg    0.6999   2.68   0.1316   0.0199     3.70  0    cut
  82  sn2004dj      IIP        0.5943   2.67   0.1007   0.0103    46.80  1    cut
  83  kcSB4         Gal        0.8069   2.66   0.1071   0.0101   -99.90  2    cut
  84  sn2004dj      IIP        0.5943   2.66   0.1010   0.0100    48.00  1    cut
  85  sn2004dj      IIP        0.5916   2.65   0.1007   0.0104    51.90  1    cut
  86  sn1999aw      Ia-91T     0.8069   2.65   0.1399   0.0196     2.90  0    cut
  87  sn2001cp      Ia-norm    0.6999   2.64   0.1330   0.0211     0.80  0    cut
  88  sn2004dj      IIP        0.5943   2.62   0.1010   0.0106    50.00  1    cut
  89  sn1999by      Ia-91bg    0.8069   2.62   0.1270   0.0230     2.90  0    cut
  90  sn2006H       Ia-91bg    0.6986   2.62   0.1248   0.0195     7.50  0    cut
  91  sn2007al      Ia-91bg    0.7040   2.60   0.1260   0.0206     5.30  0    cut
  92  kcSc          Gal        0.7581   2.59   0.1071   0.0102   -99.90  2    cut
  93  sn2006gz      Ia-pec     0.6972   2.58   0.1290   0.0141     7.30  0    cut
  94  sn1990K       IIL        0.6796   2.58   0.1054   0.0143    76.30  1    cut
  95  sn1997dd      IIb        0.6986   2.58   0.1088   0.0212    16.40  1    cut
  96  sn1999cl      Ia-norm    0.6999   2.58   0.1610   0.0389     7.60  0    cut
  97  sn2002dj      Ia-norm    0.6999   2.58   0.1627   0.0330     9.50  0    cut
  98  sn1991bg      Ia-91bg    0.6945   2.58   0.1237   0.0172     1.90  0    cut
  99  sn2007A       Ia-norm    0.7026   2.58   0.1296   0.0170     4.50  0    cut
 100  sn2004dj      IIP        0.5970   2.57   0.1007   0.0114    50.60  1    cut
 101  sn2002ck      Ia-norm    0.6877   2.57   0.1285   0.0168     2.30  0    cut
 102  sn1993J       IIb        0.6959   2.56   0.1169   0.0167     2.70  0    cut
 103  sn2005na      Ia-norm    0.6904   2.56   0.1295   0.0151     3.40  0    cut
 104  sn1991bg      Ia-91bg    0.7107   2.56   0.1311   0.0230     2.10  0    cut
 105  sn1999em      IIP        0.7338   2.55   0.1166   0.0143     0.40  0    cut
 106  sn1990N       Ia-norm    0.7960   2.55   0.1277   0.0209     3.90  0    cut
 107  sn2006bt      Ia-norm    0.6904   2.54   0.1426   0.0234     5.70  0    cut
 108  sn2002jy      Ia-norm    0.6999   2.54   0.1334   0.0208     1.10  0    cut
 109  sn2006D       Ia-norm    0.7094   2.54   0.1338   0.0212     4.50  0    cut
 110  sn2005na      Ia-norm    0.6945   2.53   0.1297   0.0168     1.40  0    cut
 111  mstar         M-star     0.8069   2.52   0.3413   0.0141     1.00  2    cut
 112  sn2001fe      Ia-norm    0.6986   2.51   0.1349   0.0229     0.30  0    cut
 113  sn2006le      Ia-norm    0.7040   2.51   0.1354   0.0227     2.90  0    cut
 114  sn2002jy      Ia-norm    0.6999   2.50   0.1347   0.0220     0.10  0    cut
 115  lbv2003hy     LBV        0.6999   2.50   0.1080   0.0125   -99.90  2    cut
 116  sn2005ke      Ia-91bg    0.7162   2.50   0.1221   0.0221     6.40  0    cut
 117  sn2008bf      Ia-norm    0.6959   2.49   0.1349   0.0172     0.70  0    cut
 118  sn1996C       Ia-norm    0.7053   2.49   0.1273   0.0174     4.80  0    cut
 119  sn1991A       Ic-norm    0.6661   2.48  -0.0021   0.0185    65.10  1    cut
 120  sn2008bf      Ia-norm    0.6945   2.46   0.1341   0.0170     2.60  0    cut
 121  sn2004at      Ia-norm    0.6999   2.46   0.1329   0.0237     0.20  0    cut
 122  sn2008bf      Ia-norm    0.6945   2.46   0.1339   0.0158     3.60  0    cut
 123  sn2006le      Ia-norm    0.7013   2.46   0.1346   0.0225     3.90  0    cut
 124  sn2006gz      Ia-pec     0.6945   2.45   0.1284   0.0150     8.20  0    cut
 125  sn2000cf      Ia-norm    0.6999   2.45   0.1263   0.0175     2.90  0    cut
 126  sn2003fa      Ia-91T     0.6999   2.44   0.1276   0.0154     6.90  0    cut
 127  sn2007F       Ia-norm    0.6959   2.43   0.1313   0.0162     3.00  0    cut
 128  sn2000cf      Ia-norm    0.6999   2.43   0.1256   0.0182     3.90  0    cut
 129  sn1986G       Ia-91bg    0.6552   2.43   0.1514   0.0291     0.80  0    cut
 130  kcSB3         Gal        0.8069   2.42   0.1094   0.0116   -99.90  2    cut
 131  kcSB5         Gal        0.8069   2.42   0.1072   0.0112   -99.90  2    cut
 132  sn1991A       Ic-norm    0.6363   2.42   0.1579   0.0348    32.60  1    cut
 133  sn2006bt      Ia-norm    0.6904   2.41   0.1439   0.0246     4.70  0    cut
 134  sn2001ck      Ia-norm    0.6972   2.40   0.1296   0.0194     4.80  0    cut
 135  sn2007af      Ia-norm    0.7094   2.40   0.1315   0.0172     0.30  0    cut
 136  sn2006bt      Ia-norm    0.6904   2.40   0.1440   0.0241     2.80  0    cut
 137  sn2004bg      Ia-norm    0.6986   2.40   0.1297   0.0220     2.60  0    cut
 138  sn1990K       IIL        0.7500   2.40   0.1069   0.0164    55.60  1    cut
 139  sn2002fb      Ia-91bg    0.6959   2.39   0.1402   0.0242     0.30  0    cut
 140  sn2006br      Ia-norm    0.6945   2.39   0.1235   0.0245     0.20  0    cut
 141  sn2000dg      Ia-norm    0.6945   2.38   0.1293   0.0167     0.20  0    cut
 142  sn1999by      Ia-91bg    0.7013   2.38   0.1239   0.0272     7.90  0    cut
 143  sn2007fs      Ia-norm    0.7040   2.38   0.1303   0.0165     3.10  0    cut
 144  sn2006bt      Ia-norm    0.6904   2.38   0.1449   0.0238     1.90  0    cut
 145  sn2004at      Ia-norm    0.6999   2.37   0.1318   0.0250     1.20  0    cut
 146  sn2002de      Ia-norm    0.6891   2.37   0.1327   0.0264     1.80  0    cut
 147  sn1995al      Ia-norm    0.7121   2.37   0.1614   0.0300     8.40  0    cut
 148  sn2003du      Ia-norm    0.8069   2.36   0.1287   0.0174     4.00  0    cut
 149  sn1996ab      Ia-norm    0.6187   2.36   0.1291   0.0142     1.30  0    cut
 150  sn2007fs      Ia-norm    0.7026   2.36   0.1303   0.0170     4.10  0    cut
 151  sn2001eh      Ia-91T     0.6945   2.35   0.1326   0.0210     3.70  0    cut
 152  sn2007al      Ia-91bg    0.7067   2.35   0.1275   0.0224     3.30  0    cut
 153  sn2006S       Ia-norm    0.8069   2.35   0.1332   0.0184     4.10  0    cut
 154  sn2002cd      Ia-norm    0.6945   2.35   0.1551   0.0280     0.30  0    cut
 155  sn2005cs      IIP        0.7148   2.34   0.1100   0.0118     0.10  0    cut
 156  sn2007al      Ia-91bg    0.7067   2.34   0.1261   0.0218     2.40  0    cut
 157  lbv1999bw     LBV        0.6999   2.34   0.1082   0.0113   -99.90  2    cut
 158  sn2002cd      Ia-norm    0.6972   2.34   0.1559   0.0306     2.20  0    cut
 159  sn2007ca      Ia-norm    0.7040   2.34   0.1296   0.0167     6.40  0    cut
 160  sn1991A       Ic-norm    0.6728   2.33   0.1613   0.0366    47.50  1    cut
 161  sn2004at      Ia-norm    0.6999   2.32   0.1310   0.0249     2.20  0    cut
 162  sn2000cx      Ia-pec     0.8069   2.32   0.4006   0.0143     5.70  0    cut
 163  sn1999ee      Ia-norm    0.8069   2.32   0.1347   0.0211     1.80  0    cut
 164  sn2008bf      Ia-norm    0.6945   2.31   0.1333   0.0168     4.50  0    cut
 165  sn2001eh      Ia-91T     0.8069   2.30   0.1317   0.0183     2.70  0    cut
 166  sn2007al      Ia-91bg    0.7094   2.30   0.1276   0.0236     4.30  0    cut
 167  sn2006H       Ia-91bg    0.7040   2.30   0.1298   0.0257     4.50  0    cut
 168  sn2005cf      Ia-norm    0.8069   2.30   0.1275   0.0231     4.50  0    cut
 169  sn2006H       Ia-91bg    0.7067   2.30   0.1274   0.0253     5.50  0    cut
 170  sn2003du      Ia-norm    0.8069   2.29   0.1298   0.0185     0.90  0    cut
 171  sn2006bt      Ia-norm    0.6891   2.29   0.1460   0.0244     0.90  0    cut
 172  sn1998aq      Ia-norm    0.6959   2.28   0.1346   0.0233     1.00  0    cut
 173  lbv2003hy     LBV        0.6796   2.28   0.0994   0.0107   -99.90  2    cut
 174  sn2007ba      Ia-91bg    0.6850   2.28   0.1321   0.0261     5.10  0    cut
 175  sn2006N       Ia-norm    0.7053   2.28   0.1281   0.0171     4.60  0    cut
 176  sn2001gc      Ia-norm    0.6972   2.27   0.1706   0.0382     7.30  0    cut
 177  sn1999by      Ia-91bg    0.7026   2.27   0.1252   0.0294     6.90  0    cut
 178  sn1998de      Ia-91bg    0.7013   2.27   0.1350   0.0351     2.70  0    cut
 179  sn2006S       Ia-norm    0.6904   2.26   0.1337   0.0197     0.20  0    cut
 180  sn2002jy      Ia-norm    0.6999   2.26   0.1324   0.0246     3.00  0    cut
 181  sn1990K       IIL        0.7771   2.26   0.1039   0.0144   119.10  1    cut
 182  sn2008ar      Ia-norm    0.6959   2.26   0.1322   0.0209     1.20  0    cut
 183  sn2008Z       Ia-norm    0.6986   2.25   0.1324   0.0167     7.60  0    cut
 184  sn2004eo      Ia-norm    0.8069   2.25   0.1274   0.0266     2.90  0    cut
 185  kcSB6         Gal        0.8069   2.25   0.1076   0.0124   -99.90  2    cut
 186  sn2006bp      IIP        0.6620   2.24   0.1235   0.0180     0.10  0    cut
 187  sn2003ic      Ia-norm    0.6850   2.24   0.1305   0.0190     3.40  0    cut
 188  sn2005cf      Ia-norm    0.8069   2.24   0.1301   0.0219     1.50  0    cut
 189  sn2007al      Ia-91bg    0.7703   2.24   0.1192   0.0253    10.10  0    cut
 190  sn2005cf      Ia-norm    0.8069   2.24   0.1275   0.0242     4.20  0    cut
 191  sn2001fe      Ia-norm    0.7013   2.23   0.1347   0.0273     3.20  0    cut
 192  sn2006gz      Ia-pec     0.6945   2.23   0.1284   0.0160     9.20  0    cut
 193  sn2002de      Ia-norm    0.6972   2.22   0.1296   0.0500     3.70  0    cut
 194  sn2007af      Ia-norm    0.7121   2.22   0.1298   0.0182     2.30  0    cut
 195  sn2007ba      Ia-91bg    0.6823   2.22   0.1338   0.0260     3.10  0    cut
 196  sn2001ck      Ia-norm    0.8069   2.22   0.1302   0.0173     5.80  0    cut
 197  sn1999by      Ia-91bg    0.7026   2.22   0.1271   0.0318     5.90  0    cut
 198  sn2003cg      Ia-norm    0.7933   2.21   0.1294   0.0228     4.00  0    cut
 199  sn2006H       Ia-91bg    0.7040   2.20   0.1272   0.0253     6.50  0    cut
 200  sn1991N       Ic-norm    0.7175   2.20   0.1528   0.0229   276.10  1    cut
 201  sn2001gc      Ia-norm    0.6972   2.19   0.1674   0.0364     5.30  0    cut
 202  sn2005ke      Ia-91bg    0.7162   2.19   0.1266   0.0255     2.40  0    cut
 203  sn1994S       Ia-norm    0.7040   2.19   0.1373   0.0246     0.90  0    cut
 204  sn2002de      Ia-norm    0.6972   2.19   0.1297   0.0360     2.70  0    cut
 205  sn2007ca      Ia-norm    0.7080   2.19   0.1303   0.0174     5.50  0    cut
 206  snls03D3bb    Ia-pec     0.7311   2.19   0.1221   0.0179     2.00  0    cut
 207  sn2000cx      Ia-pec     0.8069   2.18   0.1404   0.0175     0.70  0    cut
 208  sn2002cs      Ia-norm    0.6986   2.18   0.1513   0.0294     3.30  0    cut
 209  sn2007fs      Ia-norm    0.7040   2.18   0.1298   0.0183     5.10  0    cut
 210  sn2004aw      Ic-norm    0.8069   2.18   0.1313   0.0217     5.30  0    cut
 211  sn2006cf      Ia-norm    0.6810   2.18   0.1293   0.0218     3.70  0    cut
 212  sn2000fa      Ia-norm    0.7135   2.18   0.1362   0.0275     1.30  0    cut
 213  sn2001ep      Ia-norm    0.8069   2.17   0.1295   0.0233     2.80  0    cut
 214  mstar         M-star     0.8069   2.17   0.3418   0.0160     0.00  2    cut
 215  sn1997dq      Ic-broad   0.7026   2.16   0.1617   0.0459    26.90  1    cut
 216  sn2002ic      Ia-csm     0.8069   2.16   0.1204   0.0199     5.60  0    cut
 217  sn1996cb      IIb        0.7053   2.16   0.1047   0.0247     5.00  0    cut
 218  sn2002aw      Ia-norm    0.6945   2.16   0.1301   0.0245     1.10  0    cut
 219  lbv2003hy     LBV        0.6972   2.16   0.1092   0.0151   -99.90  2    cut
 220  sn1997dq      Ic-broad   0.4549   2.16   0.1709   0.0222    42.80  1    cut
 221  sn2003fa      Ia-91T     0.6972   2.16   0.1285   0.0163     7.80  0    cut
 222  sn2003it      Ia-norm    0.6972   2.15   0.1346   0.0223     0.80  0    cut
 223  sn1990K       IIL        0.7080   2.15   0.1049   0.0141   160.90  1    cut
 224  sn1996C       Ia-norm    0.8069   2.15   0.1288   0.0179     7.80  0    cut
 225  sn1996Z       Ia-norm    0.7067   2.14   0.1696   0.0627    10.10  0    cut
 226  sn2007kk      Ia-norm    0.6810   2.14   0.1398   0.0247     1.10  0    cut
 227  sn2006ot      Ia-norm    0.6701   2.14   0.1288   0.0249     2.50  0    cut
 228  sn2007ax      Ia-91bg    0.7473   2.14   0.1294   0.0345     2.00  0    cut
 229  sn1991N       Ic-norm    0.8069   2.14   0.1597   0.0387    27.90  1    cut
 230  sn2006S       Ia-norm    0.6891   2.13   0.1337   0.0198     1.20  0    cut
 231  sn2005ke      Ia-91bg    0.7094   2.13   0.1277   0.0249     0.50  0    cut
 232  sn1998aq      Ia-norm    0.6959   2.13   0.1344   0.0248     2.00  0    cut
 233  mstar         M-star     0.8069   2.13   0.3399   0.0141     3.00  2    cut
 234  sn1995al      Ia-norm    0.7107   2.13   0.1573   0.0319     6.40  0    cut
 235  sn2007af      Ia-norm    0.7162   2.13   0.1293   0.0188     3.30  0    cut
 236  sn1998V       Ia-norm    0.6999   2.12   0.1313   0.0266     1.30  0    cut
 237  sn2006ax      Ia-norm    0.6986   2.12   0.1297   0.0199     0.50  0    cut
 238  sn2002cd      Ia-norm    0.6999   2.11   0.1562   0.0346     3.20  0    cut
 239  lbv2003hy     LBV        0.6945   2.11   0.1094   0.0155   -99.90  2    cut
 240  sn1999by      Ia-91bg    0.7013   2.10   0.1280   0.0331     5.00  0    cut
 241  sn2002jy      Ia-norm    0.6999   2.10   0.1293   0.0285     6.00  0    cut
 242  sn1991ar      Ib-norm    0.6850   2.09   0.0076   0.0235    27.40  1    cut
 243  lbv2003hy     LBV        0.6945   2.09   0.1031   0.0136   -99.90  2    cut
 244  sn2006bz      Ia-91bg    0.6959   2.09   0.1400   0.0278     0.70  0    cut
 245  lbv2001ac     LBV        0.8069   2.08   0.1029   0.0128   -99.90  2    cut
 246  sn1999by      Ia-91bg    0.7013   2.08   0.1306   0.0340     4.00  0    cut
 247  sn1997bp      Ia-norm    0.7053   2.08   0.1576   0.0308     1.80  0    cut
 248  sn2003ch      Ia-norm    0.6986   2.08   0.1283   0.0209     0.80  0    cut
 249  sn1996cb      IIb        0.6931   2.08   0.1046   0.0220     0.90  0    cut
 250  sn2007ca      Ia-norm    0.7013   2.08   0.1305   0.0183     3.40  0    cut
 251  sn1997bp      Ia-norm    0.7013   2.08   0.1580   0.0310     0.80  0    cut
 252  sn2005cf      Ia-norm    0.8069   2.07   0.1262   0.0213     5.20  0    cut
 253  sn2006cj      Ia-norm    0.6539   2.07   0.1308   0.0216     5.40  0    cut
 254  sn2005cc      Ia-pec     0.6837   2.07   0.5629   0.0180     4.60  0    cut
 255  sn2005cf      Ia-norm    0.8069   2.07   0.1256   0.0208     7.20  0    cut
 256  sn1999ac      Ia-91T     0.8069   2.07   0.1294   0.0221     2.70  0    cut
 257  sn2006cf      Ia-norm    0.6796   2.06   0.1301   0.0226     1.80  0    cut
 258  sn1998es      Ia-91T     0.6959   2.06   0.1289   0.0182     0.50  0    cut
 259  sn2003du      Ia-norm    0.8069   2.06   0.1283   0.0200     2.90  0    cut
 260  sn1998S       IIn        0.6837   2.06   0.1027   0.0132     9.70  0    cut
 261  sn2005cf      Ia-norm    0.8069   2.06   0.1254   0.0235     6.20  0    cut
 262  sn2003cg      Ia-norm    0.7906   2.05   0.1280   0.0244     1.00  0    cut
 263  sn2005el      Ia-norm    0.7026   2.05   0.1297   0.0199     4.00  0    cut
 264  sn2006cf      Ia-norm    0.6796   2.05   0.1283   0.0231     4.70  0    cut
 265  sn1996cb      IIb        0.7067   2.05   0.1014   0.0252     6.00  0    cut
 266  sn1996X       Ia-norm    0.8069   2.04   0.1287   0.0183     7.10  0    cut
 267  sn1998V       Ia-norm    0.6999   2.04   0.1335   0.0279     0.30  0    cut
 268  sn2007af      Ia-norm    0.7121   2.04   0.1285   0.0200     4.30  0    cut
 269  sn1991N       Ic-norm    0.8069   2.04   0.1524   0.0260   250.20  1    cut
 270  sn2006cj      Ia-norm    0.6566   2.03   0.1312   0.0178     4.40  0    cut
 271  lbv2003hy     LBV        0.6959   2.03   0.1028   0.0127   -99.90  2    cut
 272  sn2006gt      Ia-91bg    0.6769   2.03   0.1331   0.0264     3.30  0    cut
 273  sn2007ax      Ia-91bg    0.7487   2.03   0.1317   0.0340     1.10  0    cut
 274  sn2002ha      Ia-norm    0.8069   2.03   0.1310   0.0206     1.70  0    cut
 275  sn1987A       II-pec     0.5713   2.03   0.0999   0.0126     3.30  0    cut
 276  sn2006gt      Ia-91bg    0.6769   2.03   0.1339   0.0254     2.30  0    cut
 277  sn1990K       IIL        0.5320   2.02   0.1228   0.0132   139.00  1    cut
 278  sn1998es      Ia-91T     0.6959   2.02   0.1287   0.0180     1.50  0    cut
 279  sn1998aq      Ia-norm    0.6959   2.02   0.1339   0.0268     3.00  0    cut
 280  sn2005cf      Ia-norm    0.7080   2.02   0.1276   0.0265     4.50  0    cut
 281  sn2005cc      Ia-pec     0.7121   2.02   0.5620   0.0204     5.60  0    cut
 282  sn2003ic      Ia-norm    0.6850   2.01   0.1327   0.0202     4.30  0    cut
 283  sn2002ck      Ia-norm    0.6959   2.01   0.1271   0.0253     4.20  0    cut
 284  sn2002kf      Ia-norm    0.6999   2.01   0.1370   0.0293     1.10  0    cut
 285  sn2006S       Ia-norm    0.6891   2.01   0.1324   0.0201     3.20  0    cut
 286  sn1991bg      Ia-91bg    0.7324   2.01   0.1249   0.0235     2.10  0    cut
 287  sn1990B       Ic-norm    0.4346   2.01   0.1065   0.0194     9.90  0    cut
 288  sn2005cf      Ia-norm    0.7121   2.01   0.1282   0.0250     3.50  0    cut
 289  sn2006gt      Ia-91bg    0.6783   2.01   0.1347   0.0246     1.30  0    cut
 290  sn2003it      Ia-norm    0.6986   2.01   0.1343   0.0234     1.70  0    cut
 291  sn1995E       Ia-norm    0.8069   2.00   0.1263   0.0399     8.90  0    cut
 292  sn2006sr      Ia-norm    0.6945   2.00   0.1358   0.0232     1.00  0    cut
 293  sn2000dg      Ia-norm    0.6945   2.00   0.1270   0.0196     3.10  0    cut
 294  sn1997cn      Ia-91bg    0.7040   2.00   0.1261   0.0283     3.90  0    cut
 295  sn1997bp      Ia-norm    0.7013   2.00   0.1577   0.0326     2.80  0    cut
 296  sn2004S       Ia-norm    0.8069   1.99   0.1348   0.0266     1.60  0    cut
 297  sn2007kk      Ia-norm    0.6837   1.99   0.1389   0.0292     5.00  0    cut
 298  sn2005cc      Ia-pec     0.7121   1.99   0.5616   0.0208     3.60  0    cut
 299  sn2006et      Ia-norm    0.6986   1.98   0.1305   0.0211     2.40  0    cut
 300  sn2002fk      Ia-norm    0.7013   1.98   0.1287   0.0284     2.50  0    cut
 301  sn2006le      Ia-norm    0.7026   1.98   0.1335   0.0289     5.90  0    cut
 302  sn2006N       Ia-norm    0.7053   1.98   0.1283   0.0189     5.60  0    cut
 303  sn2006cj      Ia-norm    0.6566   1.98   0.1307   0.0180     8.20  0    cut
 304  sn2007co      Ia-norm    0.6931   1.98   0.1379   0.0261     0.80  0    cut
 305  sn2002er      Ia-norm    0.8069   1.98   0.1319   0.0211     2.90  0    cut
 306  sn2001eh      Ia-91T     0.6945   1.98   0.1321   0.0261     4.70  0    cut
 307  sn2001br      Ia-norm    0.8069   1.98   0.1387   0.0245     2.50  0    cut
 308  sn2003it      Ia-norm    0.6986   1.97   0.1331   0.0230     2.70  0    cut
 309  sn1990K       IIL        0.6227   1.97   0.1278   0.0182   147.00  1    cut
 310  sn1997bp      Ia-norm    0.7026   1.97   0.1582   0.0336     3.80  0    cut
 311  sn1997dq      Ic-broad   0.7026   1.97   0.1619   0.0497    21.90  1    cut
 312  sn2006sr      Ia-norm    0.6959   1.96   0.1348   0.0229     2.00  0    cut
 313  sn2006N       Ia-norm    0.6999   1.96   0.1271   0.0187     6.50  0    cut
 314  sn2007kk      Ia-norm    0.6823   1.96   0.1393   0.0274     4.10  0    cut
 315  sn2006sr      Ia-norm    0.6945   1.96   0.1341   0.0236     3.00  0    cut
 316  kcSa          Gal        0.8069   1.95   0.3370   0.0139   -99.90  2    cut
 317  sn2002es      Ia-91bg    0.6945   1.95   0.1102   0.0215     9.00  0    cut
 318  kcE           Gal        0.8069   1.95   0.1226   0.0126   -99.90  2    cut
 319  sn2000cx      Ia-pec     0.8069   1.94   0.4010   0.0157     4.70  0    cut
 320  sn2007if      Ia-pec     0.8069   1.94   0.5757   0.0197     6.60  0    cut
 321  sn2008L       Ia-norm    0.6986   1.94   0.1318   0.0217     5.60  0    cut
 322  sn2007Y       Ib-norm    0.7392   1.94   0.5614   0.0253     4.90  0    cut
 323  sn2003iv      Ia-norm    0.6972   1.94   0.1302   0.0204     1.40  0    cut
 324  sn2006hb      Ia-91bg    0.7040   1.94   0.1332   0.0307     7.70  0    cut
 325  sn1999ex      Ib-norm    0.8069   1.93   0.3840   0.0216     0.40  0    cut
 326  sn2003iv      Ia-norm    0.6945   1.93   0.1271   0.0226     3.40  0    cut
 327  sn1997br      Ia-91T     0.8069   1.93   0.5908   0.0236     7.20  0    cut
 328  sn2007S       Ia-91T     0.7080   1.93   0.1302   0.0190     6.20  0    cut
 329  kcSB1         Gal        0.8069   1.93   0.4532   0.0124   -99.90  2    cut
 330  sn2005kc      Ia-norm    0.7040   1.93   0.1273   0.0195     6.70  0    cut
 331  sn2008ae      Ia-pec     0.6715   1.92   0.5743   0.0205     2.80  0    cut
 332  sn2007bc      Ia-norm    0.6986   1.92   0.1274   0.0250     4.30  0    cut
 333  sn2005ki      Ia-norm    0.6959   1.92   0.1343   0.0226     1.00  0    cut
 334  sn2006hb      Ia-91bg    0.7026   1.92   0.1328   0.0297     6.80  0    cut
 335  sn1998V       Ia-norm    0.6945   1.92   0.1294   0.0317     2.30  0    cut
 336  sn2006gz      Ia-pec     0.6485   1.91   0.1292   0.0187     8.20  0    cut
 337  sn2007bd      Ia-norm    0.6918   1.91   0.1359   0.0246     1.70  0    cut
 338  mstar         M-star     0.8069   1.91   0.0524   0.0099     9.00  2    cut
 339  sn1998aq      Ia-norm    0.6972   1.91   0.1333   0.0306     4.00  0    cut
 340  sn2008ar      Ia-norm    0.6918   1.91   0.1309   0.0294     3.10  0    cut
 341  sn2007if      Ia-pec     0.8069   1.90   0.5766   0.0215     9.40  0    cut
 342  sn2002bf      Ia-norm    0.6891   1.90   0.6102   0.0243     4.80  0    cut
 343  sn2007if      Ia-pec     0.8069   1.90   0.5749   0.0188     4.70  0    cut
 344  sn2002kf      Ia-norm    0.7013   1.90   0.1328   0.0301     4.10  0    cut
 345  sn2003du      Ia-norm    0.6972   1.90   0.1355   0.0289     1.10  0    cut
 346  sn2001G       Ia-norm    0.6986   1.90   0.1326   0.0318     4.70  0    cut
 347  sn2003ic      Ia-norm    0.6850   1.89   0.1319   0.0207     5.30  0    cut
 348  sn2006gz      Ia-pec     0.6471   1.89   0.1281   0.0308     6.20  0    cut
 349  sn1990K       IIL        0.6444   1.89   0.1042   0.0162   174.70  1    cut
 350  sn2005cc      Ia-pec     0.7121   1.89   0.5629   0.0237     2.60  0    cut
 351  sn1991N       Ic-norm    0.6959   1.89   0.5838   0.0322     6.60  1    cut
 352  sn2008ar      Ia-norm    0.6959   1.89   0.1317   0.0305     4.10  0    cut
 353  sn2002cr      Ia-norm    0.6986   1.88   0.1306   0.0300     0.70  0    cut
 354  lbv2003hy     LBV        0.6959   1.88   0.1099   0.0191   -99.90  2    cut
 355  sn2001E       Ia-norm    0.6972   1.88   0.1555   0.0352     2.80  0    cut
 356  sn2007kk      Ia-norm    0.6810   1.88   0.1413   0.0269     3.20  0    cut
 357  sn2003ch      Ia-norm    0.6999   1.88   0.1284   0.0178     2.80  0    cut
 358  sn2007co      Ia-norm    0.6904   1.88   0.1376   0.0265     1.70  0    cut
 359  sn1994M       Ia-norm    0.6674   1.88   0.1407   0.0237     3.70  0    cut
 360  sn2007if      Ia-pec     0.7703   1.87   0.5754   0.0217     6.10  0    cut
 361  sn1994ae      Ia-norm    0.6620   1.87   0.1321   0.0187     0.90  0    cut
 362  sn2007af      Ia-norm    0.7121   1.87   0.1278   0.0213     5.40  0    cut
 363  sn1999ac      Ia-91T     0.7067   1.87   0.1308   0.0236     0.40  0    cut
 364  sn2007kk      Ia-norm    0.6823   1.87   0.1412   0.0269     2.10  0    cut
 365  sn2006hb      Ia-91bg    0.7040   1.87   0.1298   0.0322     8.70  0    cut
 366  sn1998S       IIn        0.5808   1.87   0.3057   0.0205     1.90  0    cut
 367  sn2003it      Ia-norm    0.6999   1.87   0.1331   0.0231     3.70  0    cut
 368  sn2008bf      Ia-norm    0.6945   1.87   0.1327   0.0188     7.50  0    cut
 369  sn1990K       IIL        0.6119   1.86   0.1481   0.0181   136.10  1    cut
 370  sn2002kf      Ia-norm    0.6986   1.86   0.1357   0.0300     2.20  0    cut
 371  sn2005bf      Ib-pec     0.6999   1.86   0.8268   0.0217     8.20  0    cut
 372  sn1997dq      Ic-broad   0.6999   1.86   0.1629   0.0517    17.90  1    cut
 373  sn1997cy      IIn        0.8001   1.85   0.0238   0.0305     0.00  1    cut
 374  sn2004S       Ia-norm    0.8069   1.85   0.1269   0.0340     7.40  0    cut
 375  sn1991N       Ic-norm    0.6959   1.85   0.5871   0.0335     7.60  1    cut
 376  sn1998eg      Ia-norm    0.6810   1.85   0.1290   0.0306     4.10  0    cut
 377  sn2005bf      Ib-pec     0.6999   1.85   0.8268   0.0215     6.20  0    cut
 378  sn2001ay      Ia-norm    0.6945   1.85   0.1580   0.0356     9.00  0    cut
 379  sn2000fa      Ia-norm    0.7013   1.85   0.1392   0.0332     2.20  0    cut
 380  sn1999ex      Ib-norm    0.7663   1.84   0.5830   0.0284     9.30  0    cut
 381  sn2003ch      Ia-norm    0.8042   1.84   0.1282   0.0237     1.80  0    cut
 382  sn1992A       Ia-norm    0.8001   1.84   0.1372   0.0274     5.50  0    cut
 383  sn2003du      Ia-norm    0.6999   1.84   0.1341   0.0304     2.10  0    cut
 384  sn1998aq      Ia-norm    0.6972   1.84   0.1318   0.0329     5.00  0    cut
 385  kcS0          Gal        0.8069   1.84   0.8056   0.0287   -99.90  2    cut
 386  sn1996X       Ia-norm    0.7080   1.83   0.1345   0.0259     0.20  0    cut
 387  sn2007hj      Ia-norm    0.8069   1.83   0.1247   0.0434     8.20  0    cut
 388  sn2005hk      Ia-pec     0.6282   1.83   0.5666   0.0208     3.60  0    cut
 389  sn2003cq      Ia-norm    0.7013   1.83   0.1354   0.0314     1.00  0    cut
 390  sn1991N       Ic-norm    0.8069   1.83   0.5830   0.0348     0.00  1    cut
 391  sn2001fh      Ia-norm    0.6959   1.83   0.5873   0.0279     7.20  0    cut
 392  sn2008R       Ia-91bg    0.7040   1.82   0.1295   0.0287     5.30  0    cut
 393  sn1999aa      Ia-91T     0.8069   1.82   0.1264   0.0200     1.80  0    cut
 394  sn2002eu      Ia-norm    0.6999   1.82   0.1286   0.0302     3.00  0    cut
 395  sn2006mo      Ia-norm    0.6837   1.81   0.1274   0.0280     5.20  0    cut
 396  sn1994ae      Ia-norm    0.6620   1.81   0.1316   0.0191     2.00  0    cut
 397  sn1990K       IIL        0.6065   1.81   0.1069   0.0200    53.30  1    cut
 398  sn2002ap      Ic-broad   0.6999   1.81   0.1633   0.0446     0.60  0    cut
 399  sn2002ic      Ia-csm     0.8028   1.81   0.1142   0.0218     9.40  0    cut
 400  sn2007fb      Ia-norm    0.7026   1.81   0.3105   0.0168     1.70  0    cut
 401  sn2005hc      Ia-norm    0.6742   1.80   0.1306   0.0299     5.40  0    cut
 402  sn2008ae      Ia-pec     0.6918   1.80   0.5764   0.0231     0.90  0    cut
 403  sn2001ep      Ia-norm    0.8069   1.80   0.1249   0.0376     7.70  0    cut
 404  sn1995E       Ia-norm    0.6607   1.80   0.1336   0.0212     1.00  0    cut
 405  sn1990K       IIL        0.7487   1.80   0.1039   0.0157   174.70  1    cut
 406  sn1991N       Ic-norm    0.8069   1.80   0.5779   0.0342    12.00  1    cut
 407  sn2006gj      Ia-norm    0.6945   1.80   0.1292   0.0254     3.20  0    cut
 408  sn2005eu      Ia-norm    0.6877   1.79   0.1310   0.0186     8.30  0    cut
 409  sn1998dx      Ia-norm    0.6904   1.79   0.1305   0.0233     5.90  0    cut
 410  sn1995E       Ia-norm    0.6620   1.79   0.1302   0.0208     3.90  0    cut
 411  sn2005eq      Ia-91T     0.6931   1.79   0.1294   0.0216     0.40  0    cut
 412  sn2006cf      Ia-norm    0.6783   1.78   0.1253   0.0431     6.50  0    cut
 413  sn2003du      Ia-norm    0.6837   1.78   0.1287   0.0207     6.90  0    cut
 414  sn1997br      Ia-91T     0.7067   1.78   0.5903   0.0250     7.90  0    cut
 415  sn2008ar      Ia-norm    0.6931   1.78   0.1291   0.0314     5.00  0    cut
 416  sn2007if      Ia-pec     0.6525   1.78   0.5743   0.0221     9.40  0    cut
 417  sn1991N       Ic-norm    0.6959   1.78   0.5829   0.0326     5.70  1    cut
 418  sn1997dq      Ic-broad   0.6999   1.78   0.1630   0.0534    14.90  1    cut
 419  sn2005gj      Ia-csm     0.6282   1.78   0.1089   0.0181     7.70  0    cut
 420  sn2007ux      Ia-norm    0.6918   1.77   0.1265   0.0269     5.80  0    cut
 421  sn2004fu      Ia-norm    0.7135   1.77   0.1338   0.0276     4.40  0    cut
 422  mstar         M-star     0.8069   1.77   0.0522   0.0106     8.00  2    cut
 423  sn1994ae      Ia-norm    0.6620   1.77   0.1317   0.0194     3.00  0    cut
 424  sn2003cg      Ia-norm    0.7771   1.77   0.1446   0.0357     1.80  0    cut
 425  sn2003fa      Ia-91T     0.6986   1.77   0.1277   0.0201     8.70  0    cut
 426  sn2002fk      Ia-norm    0.6986   1.77   0.1276   0.0333     4.40  0    cut
 427  kcSB2         Gal        0.8069   1.77   0.4534   0.0135   -99.90  2    cut
 428  sn2001N       Ia-norm    0.6945   1.76   0.6096   0.0234     2.60  0    cut
 429  sn1995F       Ic-norm    0.8069   1.76  -0.0007   0.0297    88.80  1    cut
 430  sn1994ae      Ia-norm    0.6593   1.76   0.1315   0.0196     4.00  0    cut
 431  sn2003hv      Ia-norm    0.8042   1.76   0.1263   0.0380     8.20  0    cut
 432  sn2006X       Ia-norm    0.7107   1.76   0.1524   0.0327     1.30  0    cut
 433  sn1997cy      IIn        0.8069   1.76   0.0477   0.0380    29.40  1    cut
 434  sn1994ae      Ia-norm    0.8069   1.76   0.3857   0.0185     8.00  0    cut
 435  sn2008ae      Ia-pec     0.6931   1.76   0.5757   0.0232     1.90  0    cut
 436  sn1992A       Ia-norm    0.8001   1.76   0.1374   0.0290     5.90  0    cut
 437  sn2001eh      Ia-91T     0.6959   1.75   0.1307   0.0424     5.70  0    cut
 438  sn2007hj      Ia-norm    0.7067   1.75   0.1352   0.0327     4.40  0    cut
 439  sn1996L       IIn        0.6092   1.75   0.1068   0.0153     8.40  0    cut
 440  sn1995D       Ia-norm    0.6282   1.74   0.1292   0.0181     3.60  0    cut
 441  lbv2003hy     LBV        0.6972   1.74   0.1089   0.0182   -99.90  2    cut
 442  mstar         M-star     0.8069   1.74   0.0521   0.0110     6.00  2    cut
 443  sn1988L       Ib-norm    0.7013   1.74   0.5895   0.0256     0.00  1    cut
 444  sn2007bc      Ia-norm    0.6999   1.74   0.1248   0.0478     6.20  0    cut
 445  sn2002er      Ia-norm    0.7676   1.74   0.5981   0.0295     0.90  0    cut
 446  sn2003hu      Ia-91T     0.6647   1.73   0.1211   0.0166     0.10  0    cut
 447  sn1997dt      Ia-norm    0.6959   1.73   0.1389   0.0331     0.20  0    cut
 448  sn2000H       IIb        0.6959   1.73   0.3732   0.0262     7.70  0    cut
 449  sn1997br      Ia-91T     0.7080   1.73   0.5874   0.0245     9.90  0    cut
 450  sn1991T       Ia-91T     0.7378   1.73   0.5882   0.0251     9.50  0    cut
 451  sn2007kk      Ia-norm    0.6837   1.73   0.1394   0.0338     5.90  0    cut
 452  sn2002kf      Ia-norm    0.6999   1.73   0.1326   0.0326     3.10  0    cut
 453  sn2005hj      Ia-91T     0.7080   1.73   0.6104   0.0294     5.10  0    cut
 454  sn2003it      Ia-norm    0.6972   1.72   0.1310   0.0309     5.70  0    cut
 455  sn1995D       Ia-norm    0.6661   1.72   0.1299   0.0187     5.50  0    cut
 456  sn1999ek      Ia-norm    0.6999   1.72   0.1266   0.0323     3.30  0    cut
 457  sn2006gz      Ia-pec     0.5930   1.72   0.1280   0.0157     5.30  0    cut
 458  sn2006X       Ia-norm    0.7107   1.72   0.1517   0.0340     2.30  0    cut
 459  sn2007co      Ia-norm    0.6931   1.72   0.1372   0.0285     2.70  0    cut
 460  sn1990K       IIL        0.7243   1.72   0.1053   0.0155   202.50  1    cut
 461  sn2007le      Ia-norm    0.7107   1.72   0.1364   0.0345     5.40  0    cut
 462  sn2003W       Ia-norm    0.6918   1.72   0.1571   0.0407     0.60  0    cut
 463  sn2007hj      Ia-norm    0.7040   1.72   0.1370   0.0314     3.40  0    cut
 464  sn2007if      Ia-pec     0.6512   1.72   0.5757   0.0216     7.40  0    cut
 465  sn2007nq      Ia-norm    0.6783   1.72   0.1311   0.0275     6.30  0    cut
 466  sn2008A       Ia-pec     0.7053   1.72   0.5747   0.0208     1.00  0    cut
 467  sn1996cb      IIb        0.7026   1.71   0.0989   0.0286     7.00  0    cut
 468  sn2007hj      Ia-norm    0.7053   1.71   0.1291   0.0407     7.30  0    cut
 469  sn1999dn      Ib-norm    0.7026   1.71   0.0076   0.0168    27.70  1    cut
 470  sn2006hb      Ia-91bg    0.7053   1.71   0.1273   0.0359     9.70  0    cut
 471  sn2002dj      Ia-norm    0.8069   1.70   0.3896   0.0204     8.00  0    cut
 472  sn2000H       IIb        0.6959   1.70   0.3715   0.0255     9.60  0    cut
 473  sn2001ay      Ia-norm    0.8069   1.70   0.1523   0.0386     7.80  0    cut
 474  sn2006bw      Ia-norm    0.6904   1.70   0.1273   0.0223     4.90  0    cut
 475  sn2006al      Ia-norm    0.6566   1.70   0.1281   0.0253     5.40  0    cut
 476  sn1999ac      Ia-91T     0.8069   1.70   0.5857   0.0237     8.80  0    cut
 477  sn2007ap      Ia-norm    0.7040   1.70   0.1267   0.0290     7.40  0    cut
 478  sn2003ch      Ia-norm    0.6959   1.69   0.1264   0.0285     3.80  0    cut
 479  sn2004bg      Ia-norm    0.6931   1.69   0.1272   0.0314     5.70  0    cut
 480  sn2006sr      Ia-norm    0.6972   1.69   0.1347   0.0271     3.90  0    cut
 481  sn2008C       Ia-norm    0.7013   1.69   0.5901   0.0257     8.30  0    cut
 482  sn1995E       Ia-norm    0.6620   1.68   0.1298   0.0271     5.90  0    cut
 483  sn1999gp      Ia-91T     0.6972   1.68   0.6052   0.0281     6.90  0    cut
 484  sn2002dj      Ia-norm    0.8069   1.68   0.3882   0.0218     9.30  0    cut
 485  sn2005cf      Ia-norm    0.8069   1.68   0.5827   0.0236     9.40  0    cut
 486  sn2003ch      Ia-norm    0.6959   1.68   0.1252   0.0297     4.80  0    cut
 487  sn2007hj      Ia-norm    0.7026   1.68   0.1311   0.0380     6.30  0    cut
 488  sn1994ae      Ia-norm    0.6607   1.68   0.1312   0.0200     5.00  0    cut
 489  sn2005hj      Ia-91T     0.7162   1.68   0.6159   0.0314     2.40  0    cut
 490  sn1996X       Ia-norm    0.7080   1.67   0.1333   0.0306     1.20  0    cut
 491  sn2007hj      Ia-norm    0.7026   1.67   0.1395   0.0309     2.40  0    cut
 492  sn2006N       Ia-norm    0.7026   1.67   0.3118   0.0206     0.70  0    cut
 493  sn2004fu      Ia-norm    0.7107   1.67   0.1360   0.0281     3.40  0    cut
 494  sn1997dq      Ic-broad   0.8069   1.67   0.1420   0.0462    81.70  1    cut
 495  sn2001en      Ia-norm    0.7013   1.67   0.1599   0.0381     6.30  0    cut
 496  sn2006le      Ia-norm    0.7040   1.67   0.1325   0.0338     6.90  0    cut
 497  sn2000ce      Ia-norm    0.7013   1.66   0.1628   0.0402     6.70  0    cut
 498  sn1999gp      Ia-91T     0.6986   1.66   0.6092   0.0288     4.90  0    cut
 499  sn2006aj      Ic-broad   0.8069   1.66   0.4156   0.0368     2.50  0    cut
 500  sn2000cx      Ia-pec     0.6227   1.66   0.4072   0.0315     8.60  0    cut
 501  sn2007au      Ia-norm    0.7040   1.66   0.1336   0.0314     1.10  0    cut
 502  sn2003du      Ia-norm    0.6877   1.66   0.1282   0.0208     7.90  0    cut
 503  sn2000H       IIb        0.6986   1.65   0.3771   0.0282     6.70  0    cut
 504  sn2001eh      Ia-91T     0.8042   1.65   0.3871   0.0212     8.60  0    cut
 505  sn2001fh      Ia-norm    0.6972   1.65   0.5971   0.0303     4.20  0    cut
 506  sn2007hj      Ia-norm    0.7053   1.65   0.1394   0.0300     1.40  0    cut
 507  sn2007ca      Ia-norm    0.7013   1.65   0.1294   0.0211     9.40  0    cut
 508  sn1995F       Ic-norm    0.7026   1.64   0.5757   0.0312     1.90  1    cut
 509  sn1996X       Ia-norm    0.7080   1.64   0.1320   0.0302     2.20  0    cut
 510  sn2003it      Ia-norm    0.6891   1.64   0.1292   0.0317     6.60  0    cut
 511  sn2006N       Ia-norm    0.7040   1.64   0.3101   0.0225     1.60  0    cut
 512  sn2005A       Ia-norm    0.7676   1.64   0.1560   0.0376     0.60  0    cut
 513  sn2002er      Ia-norm    0.8069   1.63   0.1298   0.0432     8.80  0    cut
 514  sn2001da      Ia-norm    0.6972   1.63   0.1544   0.0401     1.90  0    cut
 515  sn2004eo      Ia-norm    0.8069   1.63   0.1237   0.0418     7.80  0    cut
 516  lbv2003hy     LBV        0.6959   1.63   0.1006   0.0133   -99.90  2    cut
 517  sn1999ac      Ia-91T     0.8042   1.63   0.5879   0.0249     7.80  0    cut
 518  sn2001en      Ia-norm    0.6999   1.63   0.1527   0.0350     1.50  0    cut
 519  sn2007co      Ia-norm    0.6945   1.63   0.1369   0.0299     3.70  0    cut
 520  sn2001fh      Ia-norm    0.6959   1.63   0.5822   0.0275     9.10  0    cut
 521  sn1990B       Ic-norm    0.4346   1.63   0.1075   0.0224     5.90  0    cut
 522  sn1984L       Ib-norm    0.5537   1.63   0.5774   0.0294     8.00  0    cut
 523  sn1995F       Ic-norm    0.7026   1.62   0.5791   0.0316     4.00  1    cut
 524  sn1999aa      Ia-91T     0.7256   1.62   0.6002   0.0297     6.70  0    cut
 525  sn1997dc      Ib-norm    0.7040   1.62   0.0032   0.0301     0.00  1    cut
 526  sn1994I       Ic-norm    0.8069   1.62   0.5876   0.0290     2.60  0    cut
 527  sn2000fa      Ia-norm    0.6999   1.62   0.1365   0.0372     4.20  0    cut
 528  sn1998aq      Ia-norm    0.6959   1.62   0.1303   0.0357     6.00  0    cut
 529  sn1999ac      Ia-91T     0.7013   1.62   0.5883   0.0265     9.00  0    cut
 530  sn2001ay      Ia-norm    0.6959   1.61   0.1578   0.0391     7.20  0    cut
 531  mstar         M-star     0.8069   1.61   0.3413   0.0164     4.00  2    cut
 532  sn2004ef      Ia-norm    0.6891   1.61   0.1405   0.0326     0.60  0    cut
 533  sn2006N       Ia-norm    0.7013   1.61   0.3097   0.0245     2.60  0    cut
 534  sn1998dt      Ib-norm    0.6959   1.61   0.5743   0.0310     6.90  0    cut
 535  sn1990aa      Ic-norm    0.7338   1.61   0.1549   0.0357   116.10  1    cut
 536  sn1984L       Ib-norm    0.5564   1.61   0.5723   0.0287     9.00  0    cut
 537  sn2001N       Ia-norm    0.6972   1.61   0.6108   0.0251     0.70  0    cut
 538  mstar         M-star     0.8069   1.60   0.1271   0.0128    10.00  2    cut
 539  sn1990K       IIL        0.5659   1.60   0.1057   0.0167   201.60  1    cut
 540  sn1998dt      Ib-norm    0.7013   1.60   0.5809   0.0283     3.90  0    cut
 541  sn2000E       Ia-norm    0.6891   1.60   0.5905   0.0316     7.50  0    cut
 542  sn2005el      Ia-norm    0.7040   1.60   0.3072   0.0219     2.10  0    cut
 543  sn2003du      Ia-norm    0.8069   1.60   0.3827   0.0209     9.80  0    cut
 544  sn2002jy      Ia-norm    0.6999   1.60   0.1276   0.0351     7.00  0    cut
 545  sn2008D       Ib-pec     0.8069   1.60   0.3746   0.0295     5.50  0    cut
 546  sn2005mc      Ia-norm    0.6959   1.60   0.1283   0.0828     5.60  0    cut
 547  sn2003cg      Ia-norm    0.7933   1.60   0.3812   0.0216     9.20  0    cut
 548  sn2005cc      Ia-pec     0.6674   1.60   0.5614   0.0266     9.50  0    cut
 549  sn2006cj      Ia-norm    0.6552   1.59   0.1310   0.0234     9.10  0    cut
 550  sn2007bc      Ia-norm    0.6986   1.59   0.1245   0.0334     7.30  0    cut
 551  sn1990B       Ic-norm    0.6065   1.59   0.1101   0.0212     4.00  0    cut
 552  sn2005be      Ia-norm    0.6864   1.59   0.1298   0.0315     7.70  0    cut
 553  sn2002kf      Ia-norm    0.6986   1.59   0.1316   0.0368     6.00  0    cut
 554  sn2007co      Ia-norm    0.6959   1.58   0.1376   0.0319     4.60  0    cut
 555  sn2002bo      Ia-norm    0.8069   1.58   0.3902   0.0214     5.20  0    cut
 556  lbv2003hy     LBV        0.6945   1.58   0.0673   0.0189   -99.90  2    cut
 557  sn2004L       Ia-norm    0.6986   1.58   0.5868   0.0296     5.30  0    cut
 558  sn1996ai      Ia-norm    0.7067   1.58   0.6003   0.0352     2.20  0    cut
 559  sn2001ay      Ia-norm    0.6986   1.58   0.1576   0.0370     4.20  0    cut
 560  sn1999gd      Ia-norm    0.6999   1.57   0.1292   0.0347     1.10  0    cut
 561  sn2005hj      Ia-91T     0.7148   1.57   0.6157   0.0326     0.50  0    cut
 562  sn2002hd      Ia-norm    0.6986   1.57   0.1294   0.0348     1.40  0    cut
 563  sn2001el      Ia-norm    0.8069   1.57   0.5910   0.0266     9.10  0    cut
 564  sn2002fk      Ia-norm    0.6999   1.57   0.1580   0.0406     6.50  0    cut
 565  sn2002es      Ia-91bg    0.6972   1.57   0.1101   0.0403     5.10  0    cut
 566  sn2002bf      Ia-norm    0.6999   1.57   0.1619   0.0411     1.80  0    cut
 567  sn1991A       Ic-norm    0.6295   1.57   0.0001   0.0239    16.80  1    cut
 568  sn2000H       IIb        0.7338   1.56   0.3827   0.0239     8.40  0    cut
 569  sn2004aw      Ic-norm    0.7866   1.56   0.1307   0.0239     1.90  0    cut
 570  sn2006X       Ia-norm    0.7107   1.56   0.1509   0.0384     4.20  0    cut
 571  sn1998co      Ia-norm    0.6986   1.56   0.5884   0.0263     6.90  0    cut
 572  sn2004aw      Ic-norm    0.7013   1.55   0.6074   0.0273     0.80  0    cut
 573  sn2007if      Ia-pec     0.6525   1.55   0.5754   0.0246     5.60  0    cut
 574  kcSb          Gal        0.8069   1.55   0.3370   0.0174   -99.90  2    cut
 575  sn2003ch      Ia-norm    0.7974   1.55   0.1250   0.0328     5.60  0    cut
 576  sn1994M       Ia-norm    0.6783   1.55   0.1418   0.0305     4.70  0    cut
 577  sn2001ep      Ia-norm    0.7811   1.55   0.5838   0.0261     7.80  0    cut
 578  sn2000dk      Ia-norm    0.6986   1.55   0.1509   0.0400     3.70  0    cut
 579  sn1999ac      Ia-91T     0.7013   1.54   0.5868   0.0275    10.00  0    cut
 580  sn1995F       Ic-norm    0.6607   1.54   0.5749   0.0289    11.00  1    cut
 581  lbv1999bw     LBV        0.6525   1.54   0.1092   0.0259   -99.90  2    cut
 582  sn2002eu      Ia-norm    0.6986   1.54   0.5883   0.0259     7.80  0    cut
 583  sn1994I       Ic-norm    0.7148   1.54   0.5877   0.0320     3.50  0    cut
 584  sn1998co      Ia-norm    0.6986   1.54   0.5941   0.0287     3.90  0    cut
 585  sn1999dn      Ib-norm    0.7825   1.54   0.3390   0.0311     0.00  1    cut
 586  sn1996X       Ia-norm    0.7080   1.53   0.5916   0.0262     7.10  0    cut
 587  sn2004gs      Ia-norm    0.6945   1.53   0.1342   0.0299     1.70  0    cut
 588  sn1996X       Ia-norm    0.7080   1.53   0.5905   0.0256     8.10  0    cut
 589  sn1999gp      Ia-91T     0.6999   1.53   0.6143   0.0307     2.90  0    cut
 590  sn2007ae      Ia-norm    0.6620   1.53   0.3111   0.0255     3.30  0    cut
 591  sn2002jg      Ia-norm    0.7013   1.53   0.5945   0.0303     4.50  0    cut
 592  sn2005bf      Ib-pec     0.8069   1.53   0.3695   0.0214     3.40  0    cut
 593  sn2004ef      Ia-norm    0.6918   1.52   0.1419   0.0342     1.50  0    cut
 594  sn2003cg      Ia-norm    0.6986   1.52   0.5926   0.0305     6.80  0    cut
 595  sn1990B       Ic-norm    0.4346   1.52   0.1066   0.0251     7.00  0    cut
 596  sn2008D       Ib-pec     0.6931   1.52   0.3752   0.0269     4.40  0    cut
 597  sn1998dt      Ib-norm    0.6986   1.52   0.3861   0.0274     0.90  0    cut
 598  sn1998dm      Ia-norm    0.7013   1.52   0.5906   0.0293     9.50  0    cut
 599  sn1979C       IIL        0.4941   1.52   0.1097   0.0245     9.90  0    cut
 600  sn2002bf      Ia-norm    0.6972   1.51   0.6078   0.0285     5.70  0    cut
 601  sn2006al      Ia-norm    0.6566   1.51   0.1318   0.0277     4.30  0    cut
 602  sn2002es      Ia-91bg    0.6986   1.51   0.1099   0.0408     4.10  0    cut
 603  sn2006N       Ia-norm    0.7067   1.51   0.5889   0.0262     8.50  0    cut
 604  sn2005kc      Ia-norm    0.7026   1.51   0.5836   0.0263     9.80  0    cut
 605  sn2006gr      Ia-norm    0.6877   1.51   0.5950   0.0275     9.40  0    cut
 606  sn2001ep      Ia-norm    0.7013   1.51   0.5871   0.0285     5.80  0    cut
 607  sn2003iv      Ia-norm    0.6959   1.51   0.1250   0.0382     7.20  0    cut
 608  sn2001ay      Ia-norm    0.6999   1.50   0.1570   0.0370     1.30  0    cut
 609  sn2001N       Ia-norm    0.6891   1.50   0.5995   0.0274     9.40  0    cut
 610  sn2001en      Ia-norm    0.6999   1.50   0.1570   0.0378     4.40  0    cut
 611  sn2008D       Ib-pec     0.6769   1.50   0.5743   0.0353     9.50  0    cut
 612  sn2004fu      Ia-norm    0.7067   1.50   0.1401   0.0305     2.40  0    cut
 613  sn1999ef      Ia-norm    0.6986   1.50   0.3882   0.0216     9.60  0    cut
 614  sn2000cw      Ia-norm    0.6999   1.50   0.1308   0.0390     3.50  0    cut
 615  sn1997dt      Ia-norm    0.6986   1.50   0.6003   0.0314     2.20  0    cut
 616  sn2001fe      Ia-norm    0.6999   1.50   0.1327   0.0377     6.20  0    cut
 617  sn1996cb      IIb        0.6864   1.49   0.0964   0.0339     7.90  0    cut
 618  sn1990N       Ia-norm    0.5794   1.49   0.1290   0.0254     1.60  0    cut
 619  sn2000fa      Ia-norm    0.6972   1.49   0.3893   0.0231     9.10  0    cut
 620  sn1999cl      Ia-norm    0.6891   1.49   0.1423   0.0343     0.70  0    cut
 621  sn2002ha      Ia-norm    0.7013   1.49   0.1267   0.0372     5.60  0    cut
 622  sn2001ep      Ia-norm    0.7026   1.49   0.5856   0.0282     6.80  0    cut
 623  sn2002bf      Ia-norm    0.6959   1.49   0.6063   0.0284     6.70  0    cut
 624  sn2007co      Ia-norm    0.6931   1.49   0.1365   0.0350     5.70  0    cut
 625  sn2007cg      Ia-norm    0.6539   1.49   0.1502   0.0390     5.50  0    cut
 626  sn1999dq      Ia-91T     0.6986   1.48   0.6042   0.0352     5.40  0    cut
 627  sn2002ap      Ic-broad   0.6227   1.48   0.5970   0.0278     9.50  0    cut
 628  sn2003cg      Ia-norm    0.7013   1.48   0.5885   0.0300     8.80  0    cut
 629  sn1998bp      Ia-norm    0.6972   1.48   0.5915   0.0313     1.00  0    cut
 630  sn2001ep      Ia-norm    0.7013   1.48   0.5884   0.0293     4.80  0    cut
 631  sn2003cg      Ia-norm    0.7013   1.48   0.5903   0.0310     7.70  0    cut
 632  sn1998dm      Ia-norm    0.7013   1.48   0.5935   0.0311     7.40  0    cut
 633  sn2002er      Ia-norm    0.8069   1.48   0.1304   0.0497    10.00  0    cut
 634  sn2007S       Ia-91T     0.7040   1.48   0.5952   0.0283     8.10  0    cut
 635  sn1994I       Ic-norm    0.7148   1.48   0.5884   0.0326     2.30  0    cut
 636  sn2006cp      Ia-norm    0.6945   1.48   0.1393   0.0359     6.30  0    cut
 637  sn2004bk      Ia-norm    0.6931   1.47   0.5979   0.0344     6.40  0    cut
 638  sn2001en      Ia-norm    0.6999   1.47   0.1584   0.0399     5.30  0    cut
 639  sn2002er      Ia-norm    0.7013   1.47   0.5964   0.0303     4.10  0    cut
 640  sn2005M       Ia-91T     0.6972   1.47  -0.0059   0.0181     0.20  0    cut
 641  sn2002do      Ia-norm    0.6972   1.47   0.6011   0.0313     2.00  0    cut
 642  sn2005M       Ia-91T     0.6945   1.47   0.5819   0.0274    10.00  0    cut
 643  sn1991A       Ic-norm    0.6065   1.47   0.5836   0.0357     0.00  1    cut
 644  sn1997dq      Ic-broad   0.6999   1.47   0.5852   0.0345     0.00  1    cut
 645  sn2004as      Ia-norm    0.6972   1.47   0.5952   0.0274     6.60  0    cut
 646  sn1998bp      Ia-norm    0.6972   1.47   0.5939   0.0322     0.10  0    cut
 647  sn2004gs      Ia-norm    0.6945   1.47   0.1306   0.0333     3.60  0    cut
 648  sn2002er      Ia-norm    0.7202   1.46   0.6005   0.0287     3.80  0    cut
 649  sn1997dq      Ic-broad   0.8069   1.46   0.1188   0.0548     1.00  1    cut
 650  sn2001ay      Ia-norm    0.6986   1.46   0.1575   0.0373     3.30  0    cut
 651  sn1998ef      Ia-norm    0.6823   1.46   0.1522   0.0381     1.30  0    cut
 652  sn1990aa      Ic-norm    0.7351   1.46   0.1238   0.0245     0.00  1    cut
 653  sn1994ae      Ia-norm    0.6607   1.46   0.3876   0.0211     9.00  0    cut
 654  sn2003cg      Ia-norm    0.6999   1.46   0.5872   0.0295     9.80  0    cut
 655  sn2004gs      Ia-norm    0.6945   1.46   0.1285   0.0334     2.60  0    cut
 656  sn2004aw      Ic-norm    0.7866   1.46   0.1309   0.0324     3.10  0    cut
 657  sn2005cg      Ia-norm    0.4874   1.45   0.1348   0.0199     6.70  0    cut
 658  sn2004as      Ia-norm    0.6999   1.45   0.5936   0.0277     7.60  0    cut
 659  sn2000dk      Ia-norm    0.6972   1.45   0.1468   0.0367     0.80  0    cut
 660  sn1998dm      Ia-norm    0.7013   1.45   0.5953   0.0323     6.50  0    cut
 661  sn2002jy      Ia-norm    0.6972   1.45   0.3868   0.0226     9.90  0    cut
 662  sn2002de      Ia-norm    0.7026   1.45   0.5909   0.0341     8.50  0    cut
 663  sn1997do      Ia-norm    0.6999   1.45   0.5952   0.0306     8.20  0    cut
 664  sn2004L       Ia-norm    0.6959   1.45   0.5923   0.0322     3.40  0    cut
 665  lbv2003hy     LBV        0.6931   1.45   0.0992   0.0148   -99.90  2    cut
 666  sn1999dq      Ia-91T     0.6972   1.45   0.6116   0.0356     3.40  0    cut
 667  sn2000cx      Ia-pec     0.6931   1.45   0.4033   0.0283     6.60  0    cut
 668  sn1998dx      Ia-norm    0.6904   1.45   0.1305   0.0343     7.80  0    cut
 669  sn2000dk      Ia-norm    0.7148   1.45   0.1217   0.0487     9.60  0    cut
 670  sn2000ce      Ia-norm    0.6986   1.45   0.5912   0.0312     8.70  0    cut
 671  sn1998dt      Ib-norm    0.8069   1.44   0.3451   0.0353     7.90  0    cut
 672  sn1997cy      IIn        0.8069   1.44   0.1068   0.0361   377.70  1    cut
 673  sn1998bu      Ia-norm    0.6999   1.44   0.5882   0.0305     8.40  0    cut
 674  sn2003cg      Ia-norm    0.7324   1.44   0.5890   0.0319     7.00  0    cut
 675  sn2004L       Ia-norm    0.6945   1.44   0.5941   0.0327     2.50  0    cut
 676  sn1994I       Ic-norm    0.7121   1.44   0.5891   0.0326     1.30  0    cut
 677  sn2000cx      Ia-pec     0.6227   1.44   0.6306   0.0258     6.60  0    cut
 678  sn2001ay      Ia-norm    0.8069   1.44   0.1546   0.0390     3.30  0    cut
 679  sn1997dq      Ic-broad   0.7771   1.43   0.1449   0.0436   222.20  1    cut
 680  sn1997Y       Ia-norm    0.7067   1.43   0.1324   0.0376     1.90  0    cut
 681  sn1995F       Ic-norm    0.8069   1.43   0.1252   0.0413    56.90  1    cut
 682  sn1990B       Ic-norm    0.4346   1.43   0.1088   0.0261     6.00  0    cut
 683  sn2004as      Ia-norm    0.6986   1.43   0.5911   0.0276     8.60  0    cut
 684  sn2006bq      Ia-norm    0.6959   1.43   0.1461   0.0356     5.30  0    cut
 685  sn1997cy      IIn        0.8042   1.43   0.0474   0.0403   226.10  1    cut
 686  sn2004dt      Ia-norm    0.8069   1.43   0.1565   0.0378     2.30  0    cut
 687  sn2004dt      Ia-norm    0.6918   1.43   0.1585   0.0374     1.00  0    cut
 688  mstar         M-star     0.8069   1.43   0.3354   0.0164     7.00  2    cut
 689  sn1994M       Ia-norm    0.6769   1.42   0.5983   0.0286     5.60  0    cut
 690  sn2001ep      Ia-norm    0.7013   1.42   0.5894   0.0308     3.80  0    cut
 691  sn1996Z       Ia-norm    0.7080   1.42   0.6006   0.0324     4.10  0    cut
 692  sn1995F       Ic-norm    0.8069   1.42   0.1177   0.0387     0.20  1    cut
 693  sn2003kf      Ia-norm    0.6931   1.42   0.5927   0.0320     8.50  0    cut
 694  sn1987A       II-pec     0.6796   1.42   0.1009   0.0161     8.00  0    cut
 695  sn2006N       Ia-norm    0.7013   1.42   0.5904   0.0274     7.50  0    cut
 696  sn1998bu      Ia-norm    0.6999   1.42   0.5868   0.0297     9.40  0    cut
 697  sn2005bf      Ib-pec     0.6986   1.42   0.3719   0.0203     1.20  0    cut
 698  sn2002es      Ia-91bg    0.6972   1.42   0.1108   0.0415     2.10  0    cut
 699  sn1995F       Ic-norm    0.8069   1.42   0.1228   0.0449    35.70  1    cut
 700  sn2006le      Ia-norm    0.7053   1.42   0.5941   0.0294     8.90  0    cut
 701  sn2007ba      Ia-91bg    0.6444   1.42   0.5882   0.0311     6.00  0    cut
 702  sn1996bk      Ia-norm    0.7067   1.41   0.5974   0.0313     2.50  0    cut
 703  sn1999ef      Ia-norm    0.6959   1.41   0.3887   0.0201     7.70  0    cut
 704  sn2005am      Ia-norm    0.7094   1.41   0.5941   0.0270     7.90  0    cut
 705  sn1994I       Ic-norm    0.8028   1.41   0.1303   0.0549     0.10  0    cut
 706  sn2003cg      Ia-norm    0.7013   1.41   0.5987   0.0340     2.80  0    cut
 707  sn2002er      Ia-norm    0.8069   1.41   0.3860   0.0210     4.90  0    cut
 708  sn2003ch      Ia-norm    0.6959   1.41   0.3081   0.0202     1.80  0    cut
 709  sn1999di      Ib-norm    0.5916   1.40   0.0309   0.0364    30.50  1    cut
 710  sn1999dq      Ia-91T     0.6959   1.40   0.6149   0.0359     2.40  0    cut
 711  sn2001ep      Ia-norm    0.7013   1.40   0.5913   0.0316     2.80  0    cut
 712  sn1999ej      Ia-norm    0.6999   1.40   0.5846   0.0282     8.10  0    cut
 713  sn1996Z       Ia-norm    0.7080   1.40   0.5971   0.0314     6.10  0    cut
 714  sn2005am      Ia-norm    0.7094   1.40   0.5954   0.0278     6.90  0    cut
 715  sn2002dp      Ia-norm    0.7013   1.40   0.5828   0.0284    10.00  0    cut
 716  sn2006al      Ia-norm    0.6579   1.40   0.3072   0.0271     2.50  0    cut
 717  sn1994ae      Ia-norm    0.6593   1.40   0.3862   0.0224     9.90  0    cut
 718  sn1991M       Ia-norm    0.6945   1.40   0.3114   0.0296     2.70  0    cut
 719  sn1998ab      Ia-91T     0.6593   1.40   0.5886   0.0278     7.70  0    cut
 720  sn2006al      Ia-norm    0.6566   1.40   0.3060   0.0328     3.40  0    cut
 721  sn2001bg      Ia-norm    0.6999   1.39   0.5996   0.0309     5.10  0    cut
 722  sn2005hc      Ia-norm    0.6755   1.39   0.5929   0.0320     6.30  0    cut
 723  sn2001da      Ia-norm    0.6999   1.39   0.6001   0.0330     2.90  0    cut
 724  sn2000cu      Ia-norm    0.6972   1.39   0.5882   0.0295     7.30  0    cut
 725  sn2002fk      Ia-norm    0.6999   1.39   0.5833   0.0301     9.40  0    cut
 726  sn2002eu      Ia-norm    0.6986   1.39   0.5978   0.0291     5.00  0    cut
 727  sn1999dn      Ib-norm    0.8069   1.39   0.3397   0.0371     6.90  1    cut
 728  sn1995D       Ia-norm    0.6661   1.39   0.3880   0.0228     9.50  0    cut
 729  sn2007le      Ia-norm    0.7121   1.38   0.3900   0.0237     9.50  0    cut
 730  sn2002kf      Ia-norm    0.7013   1.38   0.5924   0.0309     8.00  0    cut
 731  sn1999gd      Ia-norm    0.6986   1.38   0.5849   0.0290     7.90  0    cut
 732  sn2004dt      Ia-norm    0.8069   1.38   0.1521   0.0388     3.80  0    cut
 733  sn2003iv      Ia-norm    0.6999   1.38   0.3103   0.0184     0.50  0    cut
 734  sn2001V       Ia-91T     0.6999   1.38   0.5924   0.0314     9.50  0    cut
 735  sn1995F       Ic-norm    0.8069   1.38   0.1220   0.0438    35.80  1    cut
 736  sn2003it      Ia-norm    0.6931   1.38   0.5937   0.0305     7.60  0    cut
 737  sn2003cg      Ia-norm    0.6999   1.38   0.6028   0.0358     0.80  0    cut
 738  sn1999ek      Ia-norm    0.6999   1.38   0.5844   0.0273     9.20  0    cut
 739  sn1990B       Ic-norm    0.6918   1.38   0.1198   0.0231     8.90  0    cut
 740  sn1987A       II-pec     0.6769   1.38   0.1009   0.0159    10.00  0    cut
 741  sn1996ai      Ia-norm    0.7080   1.38   0.6056   0.0361     4.20  0    cut
 742  sn2001bg      Ia-norm    0.6999   1.38   0.6007   0.0322     4.20  0    cut
 743  sn2003cg      Ia-norm    0.6986   1.38   0.6009   0.0365     1.90  0    cut
 744  sn2002dp      Ia-norm    0.6999   1.37   0.5871   0.0304     7.10  0    cut
 745  sn2007fb      Ia-norm    0.6972   1.37   0.3077   0.0199     5.60  0    cut
 746  sn1999ef      Ia-norm    0.6972   1.37   0.3898   0.0199     6.70  0    cut
 747  sn2005eq      Ia-91T     0.6904   1.37   0.3093   0.0258     1.30  0    cut
 748  sn1996Z       Ia-norm    0.7080   1.37   0.5937   0.0303     8.10  0    cut
 749  sn2004ef      Ia-norm    0.6918   1.37   0.1447   0.0364     2.50  0    cut
 750  sn1998co      Ia-norm    0.6986   1.37   0.5999   0.0328     1.00  0    cut
 751  sn2005cf      Ia-norm    0.7148   1.37   0.3078   0.0236     1.60  0    cut
 752  sn2004as      Ia-norm    0.6986   1.37   0.6022   0.0299     2.90  0    cut
 753  sn2002cr      Ia-norm    0.7013   1.37   0.5888   0.0300     4.60  0    cut
 754  sn2001da      Ia-norm    0.6972   1.36   0.5914   0.0316     7.80  0    cut
 755  sn2001ep      Ia-norm    0.7013   1.36   0.5926   0.0327     1.80  0    cut
 756  sn2005cf      Ia-norm    0.7148   1.36   0.3081   0.0232     0.60  0    cut
 757  sn2002fk      Ia-norm    0.6999   1.36   0.5853   0.0309     8.30  0    cut
 758  sn2006ac      Ia-norm    0.6945   1.36   0.3871   0.0251    10.00  0    cut
 759  sn2004as      Ia-norm    0.6972   1.36   0.5955   0.0293     5.80  0    cut
 760  sn1999dq      Ia-91T     0.6959   1.36   0.6164   0.0370     1.40  0    cut
 761  sn1997Y       Ia-norm    0.6972   1.36   0.5881   0.0315     6.90  0    cut
 762  sn1992A       Ia-norm    0.7608   1.35   0.1350   0.0466     8.20  0    cut
 763  sn2001bg      Ia-norm    0.7013   1.35   0.5909   0.0295    10.00  0    cut
 764  sn1999bh      Ia-91bg    0.6390   1.35   0.1108   0.0565     5.10  0    cut
 765  sn1999ej      Ia-norm    0.6999   1.35   0.5946   0.0299     3.10  0    cut
 766  mstar         M-star     0.8069   1.35   0.3399   0.0172     5.00  2    cut
 767  sn1999ee      Ia-norm    0.8069   1.35   0.3901   0.0249     6.70  0    cut
 768  sn1997cy      IIn        0.8069   1.35   0.1123   0.0257   116.80  1    cut
 769  sn1997cy      IIn        0.8069   1.35   0.1535   0.0193   196.10  1    cut
 770  sn2007bm      Ia-norm    0.7121   1.35   0.5856   0.0292     6.60  0    cut
 771  sn2002eu      Ia-norm    0.6986   1.35   0.6053   0.0294     1.10  0    cut
 772  sn2005bf      Ib-pec     0.6999   1.34   0.3720   0.0209     2.20  0    cut
 773  sn1999di      Ib-norm    0.7080   1.34   0.0110   0.0499    23.60  1    cut
 774  sn2007bm      Ia-norm    0.7135   1.34   0.5823   0.0275     9.60  0    cut
 775  sn2007co      Ia-norm    0.6959   1.34   0.5918   0.0277     8.60  0    cut
 776  sn1999dq      Ia-91T     0.6959   1.34   0.6175   0.0375     0.40  0    cut
 777  sn2006cf      Ia-norm    0.6810   1.34   0.3073   0.0351     2.70  0    cut
 778  sn1994M       Ia-norm    0.7162   1.34   0.5979   0.0295     6.60  0    cut
 779  sn2004as      Ia-norm    0.6986   1.34   0.6018   0.0304     1.80  0    cut
 780  sn2004ef      Ia-norm    0.6904   1.34   0.5938   0.0303     6.30  0    cut
 781  sn2006X       Ia-norm    0.7135   1.34   0.3938   0.0268     8.20  0    cut
 782  sn2003hv      Ia-norm    0.7175   1.34   0.1288   0.0293     3.20  0    cut
 783  sn2005cg      Ia-norm    0.4887   1.34   0.1353   0.0191     4.80  0    cut
 784  sn2007cg      Ia-norm    0.6539   1.34   0.6022   0.0337     6.50  0    cut
 785  sn2005am      Ia-norm    0.7080   1.34   0.3128   0.0206     2.00  0    cut
 786  sn1997cy      IIn        0.8069   1.34   0.1100   0.0606   174.50  1    cut
 787  sn2000B       Ia-norm    0.7013   1.33   0.6019   0.0291     8.60  0    cut
 788  sn2001ep      Ia-norm    0.7013   1.33   0.5938   0.0332     0.80  0    cut
 789  sn2006le      Ia-norm    0.7040   1.33   0.5957   0.0314     7.90  0    cut
 790  sn2004aw      Ic-norm    0.7013   1.33   0.6047   0.0303     1.60  0    cut
 791  sn1987A       II-pec     0.6810   1.33   0.1012   0.0174     3.10  0    cut
 792  sn2007kk      Ia-norm    0.6728   1.32   0.3940   0.0240     7.90  0    cut
 793  sn1994ae      Ia-norm    0.6607   1.32   0.3884   0.0217     7.90  0    cut
 794  sn2007le      Ia-norm    0.7121   1.32   0.3909   0.0234     8.40  0    cut
 795  sn2006lf      Ia-norm    0.6755   1.32   0.5891   0.0320     7.30  0    cut
 796  sn2005am      Ia-norm    0.7067   1.32   0.5909   0.0277     9.90  0    cut
 797  sn2002fk      Ia-norm    0.6999   1.32   0.5860   0.0320     7.40  0    cut
 798  sn2001gc      Ia-norm    0.6959   1.32   0.6084   0.0314     3.40  0    cut
 799  sn1999gh      Ia-norm    0.6999   1.32   0.1225   0.0558     9.40  0    cut
 800  sn2003du      Ia-norm    0.6877   1.32   0.5875   0.0261     8.80  0    cut
 801  sn2006eq      Ia-norm    0.6579   1.32   0.5941   0.0318     4.70  0    cut
 802  sn1997ef      Ic-broad   0.5645   1.32   0.1296   0.0346     6.90  0    cut
 803  sn2006ak      Ia-norm    0.6850   1.32   0.5991   0.0312     7.30  0    cut
 804  sn2007bd      Ia-norm    0.6904   1.31   0.5931   0.0281     8.40  0    cut
 805  sn2000cn      Ia-91bg    0.6986   1.31   0.1264   0.0522     8.30  0    cut
 806  sn2006ac      Ia-norm    0.6945   1.31   0.5981   0.0280     7.10  0    cut
 807  sn2001gc      Ia-norm    0.6959   1.31   0.6077   0.0319     4.40  0    cut
 808  sn2007co      Ia-norm    0.6931   1.31   0.5936   0.0286     7.50  0    cut
 809  sn2001E       Ia-norm    0.6959   1.31   0.3956   0.0265     7.70  0    cut
 810  sn2007kk      Ia-norm    0.6837   1.31   0.3929   0.0239     9.80  0    cut
 811  sn2003ic      Ia-norm    0.6850   1.31   0.3867   0.0196     8.00  0    cut
 812  sn2002he      Ia-norm    0.6999   1.31   0.5982   0.0303     5.60  0    cut
 813  sn1996bo      Ia-norm    0.7094   1.31   0.5989   0.0313     5.20  0    cut
 814  sn2006X       Ia-norm    0.7121   1.31   0.3948   0.0270     7.30  0    cut
 815  sn1990B       Ic-norm    0.4319   1.30   0.1072   0.0230     5.00  0    cut
 816  sn1999di      Ib-norm    0.7094   1.30   0.3259   0.0210     0.00  1    cut
 817  sn2005A       Ia-norm    0.7446   1.30   0.6133   0.0307     1.50  0    cut
 818  sn1999cc      Ia-norm    0.6986   1.30   0.6032   0.0322     1.70  0    cut
 819  sn2001ay      Ia-norm    0.8069   1.30   0.5974   0.0290     5.80  0    cut
 820  sn2006ac      Ia-norm    0.6986   1.30   0.3882   0.0254     9.00  0    cut
 821  sn2005cf      Ia-norm    0.7148   1.30   0.3080   0.0275     2.50  0    cut
 822  sn2004dt      Ia-norm    0.8069   1.30   0.1532   0.0388     3.30  0    cut
 823  sn2008ar      Ia-norm    0.6945   1.30   0.5877   0.0311     7.20  0    cut
 824  sn1992ar      Ic-norm    0.5537   1.30   0.1758   0.0234     3.40  0    cut
 825  sn2003hu      Ia-91T     0.6674   1.30   0.6018   0.0339     7.50  0    cut
 826  sn2002ha      Ia-norm    0.7013   1.29   0.5863   0.0303     9.60  0    cut
 827  sn1999gh      Ia-norm    0.6999   1.29   0.1244   0.0562     8.40  0    cut
 828  sn2005M       Ia-91T     0.6999   1.29   0.2977   0.0211     5.10  0    cut
 829  sn1986G       Ia-91bg    0.5862   1.28   0.3805   0.0215     0.30  0    cut
 830  sn2002ap      Ic-broad   0.6227   1.28   0.5936   0.0300     6.50  0    cut
 831  sn2005hj      Ia-91T     0.5144   1.28   0.2316   0.0173     9.90  0    cut
 832  sn2001bf      Ia-norm    0.6999   1.28   0.1502   0.0400     4.70  0    cut
 833  sn2001N       Ia-norm    0.6661   1.28   0.6055   0.0280     4.40  0    cut
 834  sn1994T       Ia-norm    0.6471   1.28   0.6043   0.0297     0.80  0    cut
 835  sn1999gh      Ia-norm    0.6999   1.28   0.1259   0.0560     7.40  0    cut
 836  sn2007ae      Ia-norm    0.6607   1.28   0.3122   0.0336     2.30  0    cut
 837  sn2005bf      Ib-pec     0.6986   1.27   0.3709   0.0219     5.20  0    cut
 838  sn2005bf      Ib-pec     0.6999   1.27   0.3714   0.0218     3.20  0    cut
 839  sn1997cy      IIn        0.8069   1.27   0.1413   0.0264   125.30  1    cut
 840  sn1999gh      Ia-norm    0.6986   1.27   0.5899   0.0297     5.50  0    cut
 841  sn2001bf      Ia-norm    0.6972   1.27   0.1507   0.0393     0.80  0    cut
 842  sn2005am      Ia-norm    0.7094   1.27   0.5996   0.0293     4.90  0    cut
 843  sn2007cg      Ia-norm    0.6512   1.27   0.5999   0.0344     7.50  0    cut
 844  sn2007qe      Ia-norm    0.6972   1.27   0.3933   0.0260     9.00  0    cut
 845  sn2001bf      Ia-norm    0.8069   1.27   0.3729   0.0194     8.70  0    cut
 846  sn2006ac      Ia-norm    0.6986   1.26   0.5992   0.0288     6.20  0    cut
 847  sn2001en      Ia-norm    0.6999   1.26   0.5939   0.0304     8.30  0    cut
 848  sn1994T       Ia-norm    0.6498   1.26   0.5993   0.0320     1.70  0    cut
 849  sn2004dt      Ia-norm    0.6918   1.26   0.1577   0.0404     2.00  0    cut
 850  sn2006br      Ia-norm    0.6945   1.26   0.1456   0.0346     3.00  0    cut
 851  sn1993ac      Ia-norm    0.7730   1.26   0.6020   0.0310     6.90  0    cut
 852  sn2007le      Ia-norm    0.7121   1.25   0.3920   0.0234     7.40  0    cut
 853  sn2006lf      Ia-norm    0.6864   1.25   0.5925   0.0332     5.30  0    cut
 854  sn1997bq      Ia-norm    0.7067   1.25   0.5911   0.0320     9.20  0    cut
 855  sn2002ap      Ic-broad   0.8069   1.25   0.1276   0.0355     4.70  0    cut
 856  sn1986G       Ia-91bg    0.5889   1.25   0.3809   0.0222     1.30  0    cut
 857  sn2007nq      Ia-norm    0.6552   1.25   0.5890   0.0302     9.20  0    cut
 858  sn2006et      Ia-norm    0.6986   1.24   0.6019   0.0300     6.30  0    cut
 859  sn1997dq      Ic-broad   0.8069   1.24   0.1237   0.0613    27.90  1    cut
 860  sn2004dt      Ia-norm    0.7784   1.24   0.1237   0.0431     9.10  0    cut
 861  sn1998S       IIn        0.6810   1.24   0.0990   0.0159     1.80  0    cut
 862  sn1991A       Ic-norm    0.6593   1.24   0.5828   0.0305    10.90  1    cut
 863  sn1996bo      Ia-norm    0.7094   1.24   0.6022   0.0331     3.30  0    cut
 864  sn1998ab      Ia-91T     0.5957   1.24  -0.0094   0.0000     6.70  0    cut
 865  sn2006al      Ia-norm    0.6485   1.24   0.5895   0.0314     9.10  0    cut
 866  sn2002he      Ia-norm    0.6986   1.24   0.6018   0.0336     3.70  0    cut
 867  sn2006lf      Ia-norm    0.6877   1.24   0.5862   0.0300     9.30  0    cut
 868  sn2003it      Ia-norm    0.6972   1.23   0.5922   0.0322     8.50  0    cut
 869  sn2006lf      Ia-norm    0.6850   1.23   0.5910   0.0330     6.30  0    cut
 870  sn2006ev      Ia-norm    0.6931   1.23   0.5959   0.0317     5.50  0    cut
 871  sn2007co      Ia-norm    0.6945   1.23   0.5956   0.0294     6.60  0    cut
 872  sn2001el      Ia-norm    0.6431   1.23   0.4336   0.0381     1.20  0    cut
 873  sn1999ej      Ia-norm    0.6986   1.23   0.5986   0.0319     1.10  0    cut
 874  sn2005hj      Ia-91T     0.5104   1.23   0.2739   0.0383     3.30  0    cut
 875  sn2006cp      Ia-norm    0.6959   1.23   0.3895   0.0261     9.30  0    cut
 876  sn1995F       Ic-norm    0.8069   1.23   0.1212   0.0409    29.10  1    cut
 877  sn2001bf      Ia-norm    0.6931   1.22   0.1511   0.0445     7.60  0    cut
 878  sn2003ch      Ia-norm    0.6986   1.22   0.5863   0.0322     6.70  0    cut
 879  sn1996ai      Ia-norm    0.7053   1.22   0.6114   0.0378     0.10  0    cut
 880  sn2005am      Ia-norm    0.6931   1.22   0.3115   0.0224     3.00  0    cut
 881  sn1994M       Ia-norm    0.6891   1.22   0.6051   0.0301     2.60  0    cut
 882  sn1997cy      IIn        0.8069   1.21   0.1115   0.0332    71.30  1    cut
 883  sn2002ap      Ic-broad   0.6999   1.21   0.1446   0.0634     3.60  0    cut
 884  sn1996bo      Ia-norm    0.7080   1.21   0.5951   0.0322     7.10  0    cut
 885  sn1996bo      Ia-norm    0.7067   1.21   0.5914   0.0307     9.20  0    cut
 886  sn2002jg      Ia-norm    0.6972   1.21   0.1226   0.0518     9.40  0    cut
 887  sn1999gh      Ia-norm    0.6999   1.21   0.5880   0.0308     6.50  0    cut
 888  sn2008af      Ia-norm    0.6918   1.21   0.5982   0.0312     5.90  0    cut
 889  sn1994T       Ia-norm    0.6458   1.21   0.5949   0.0285     4.70  0    cut
 890  sn1997dq      Ic-broad   0.8069   1.20   0.1220   0.0628    27.90  1    cut
 891  sn2006X       Ia-norm    0.7121   1.20   0.3963   0.0283     6.20  0    cut
 892  sn2006al      Ia-norm    0.6539   1.19   0.5901   0.0295     6.30  0    cut
 893  sn2007Y       Ib-norm    0.8028   1.19   0.3586   0.0401     7.90  0    cut
 894  sn1984A       Ia-norm    0.5361   1.19   0.5992   0.0317     8.10  0    cut
 895  sn1997ei      Ic-norm    0.6255   1.19   0.1768   0.0197     0.00  1    cut
 896  sn2003it      Ia-norm    0.6959   1.18   0.1262   0.0461     9.50  0    cut
 897  sn2002jy      Ia-norm    0.6999   1.18   0.3883   0.0242     8.00  0    cut
 898  sn1995D       Ia-norm    0.6661   1.18   0.3898   0.0235     7.50  0    cut
 899  sn2006aj      Ic-broad   0.5551   1.18   0.1622   0.0370     1.50  0    cut
 900  sn2002ap      Ic-broad   0.8069   1.17   0.1299   0.0356     2.70  0    cut
 901  sn2006X       Ia-norm    0.7107   1.17   0.3972   0.0279     5.20  0    cut
 902  sn2003cq      Ia-norm    0.6999   1.16   0.3918   0.0211     2.00  0    cut
 903  sn2005am      Ia-norm    0.7094   1.16   0.3103   0.0240     3.90  0    cut
 904  sn2003ic      Ia-norm    0.6837   1.16   0.3881   0.0210     7.20  0    cut
 905  sn2004aw      Ic-norm    0.7013   1.16   0.1312   0.0690     3.60  0    cut
 906  sn1994M       Ia-norm    0.6918   1.16   0.6061   0.0323     1.60  0    cut
 907  sn2007qe      Ia-norm    0.6945   1.15   0.3940   0.0269     8.00  0    cut
 908  sn1992A       Ia-norm    0.6309   1.15   0.3944   0.0224     6.90  0    cut
 909  sn1989B       Ia-norm    0.6200   1.14   0.3832   0.0208     4.60  0    cut
 910  sn1992A       Ia-norm    0.6688   1.14   0.3168   0.0253     2.00  0    cut
 911  sn1997ei      Ic-norm    0.7839   1.14   0.1201   0.0662    10.90  1    cut
 912  sn1987A       II-pec     0.5740   1.14   0.1609   0.0346     1.30  0    cut
 913  sn1997cy      IIn        0.8069   1.13   0.1124   0.0341    57.20  1    cut
 914  sn1997cy      IIn        0.8069   1.13   0.1227   0.0345    14.10  1    cut
 915  sn1998S       IIn        0.6810   1.11   0.0990   0.0171     0.90  0    cut
 916  sn1994D       Ia-norm    0.7297   1.11   0.1252   0.0278     9.60  0    cut
 917  sn1998S       IIn        0.6877   1.11   0.0997   0.0169     2.70  0    cut
 918  sn1989B       Ia-norm    0.6200   1.11   0.3784   0.0225     8.60  0    cut
 919  sn2002ap      Ic-broad   0.6999   1.10   0.1372   0.0672     4.60  0    cut
 920  sn2004aw      Ic-norm    0.7026   1.10   0.1321   0.0437     2.60  0    cut
 921  sn1998dx      Ia-norm    0.6187   1.09   0.3125   0.0272     2.10  0    cut
 922  sn2006cp      Ia-norm    0.6959   1.08   0.3909   0.0259     7.30  0    cut
 923  sn1989B       Ia-norm    0.6200   1.08   0.3802   0.0223     6.60  0    cut
 924  sn2007kk      Ia-norm    0.6837   1.06   0.3912   0.0268     8.80  0    cut
 925  sn1983N       Ib-norm    0.5591   1.05   0.5807   0.0334     4.00  0    cut
 926  sn1987A       II-pec     0.5754   1.05   0.1616   0.0357     9.30  0    cut
 927  sn1998T       Ib-norm    0.6255   1.04   0.2300   0.0253     0.00  1    cut
 928  sn2008C       Ia-norm    0.7026   1.03   0.3881   0.0232     4.40  0    cut
 929  sn1997Y       Ia-norm    0.6579   1.03   0.3069   0.0203     2.90  0    cut
 930  sn1983V       Ic-norm    0.5808   1.02   0.1329   0.0657     4.00  0    cut
 931  sn2002ap      Ic-broad   0.6999   1.02   0.1307   0.0734     6.60  0    cut
 932  sn1989B       Ia-norm    0.6187   1.02   0.3066   0.0390     2.60  0    cut
 933  sn1994T       Ia-norm    0.4968   1.01  -0.0076   0.0426     0.80  0    cut
 934  sn1991ar      Ib-norm    0.4860   1.00   0.3275   0.0316    15.80  1    cut
 935  sn2002ap      Ic-broad   0.6999   1.00   0.1331   0.0731     5.60  0    cut
 936  sn2003hu      Ia-91T     0.6674   0.98   0.3917   0.0290     8.40  0    cut
 937  sn1995F       Ic-norm    0.6309   0.96   0.1165   0.0686     0.00  1    cut
 938  sn2002ap      Ic-broad   0.6200   0.91   0.0226   0.0447     1.50  0    cut
 939  sn1991ar      Ib-norm    0.5348   0.88   0.0880   0.0255     0.00  1    cut
 940  sn1998bw      Ic-broad   0.8069   0.82   0.1987   0.1008     7.80  0    cut
 941  sn1998bw      Ic-broad   0.8069   0.59   0.4710   0.0554     8.70  0    cut
