### SNID output file ###
 
### input spectrum and options ###
# Input spectrum                 : 15354_1.30.dat
# Parameter file                 : NA
# Wavelength range               :    4000.00   9000.00
# Mask file                      : NA
# Median filtering width [A]     : NA
# Median filtering width [pix]   :       1.00
# Clip emission redshift         :     0.2207
# Clip sky lines                 : 0
# Emission clip width [A]        :       0.22
# Keep A-band                    : 1
# Age range                      :      -3.70      6.30
# Delta range                    :      -9.99     99.90
# Min. number of spectra/template:   1
# Use only templates             : NA
# Use only types                 : NA
# Avoid templates                : NA
# Avoid types                    : NA
# rlapmin                        :       5.00
# Redshift range                 :    -0.0100    1.2000
# Forced initial redshift        :     0.2207
# Extra fake redshift            : NA
# Nsigma for initial redshift    : NA
# Redshift filter                :     0.0200
# Wavenumbers k1,k2,k3,k4        :     1    4   85  102
# Template directory             : /home/djperrefort/snid-5.0/templates-2.0/
 
### initial/user-input redshift ###
zinit       0.0000
zuser       0.2207
 
### median redshift/age and error ###
zmed        0.2220    0.0008
agem          0.00      0.00
 
### type fraction/redshift/age ###
#type ntemp fraction slope redshift redshift_error age age_error
Ia              0      0.00    0.0000    0.0000    0.0000     0.000     0.000
Ia-norm         0      0.00    0.0000    0.0000    0.0000     0.000     0.000
Ia-91T          0      0.00    0.0000    0.0000    0.0000     0.000     0.000
Ia-91bg         0      0.00    0.0000    0.0000    0.0000     0.000     0.000
Ia-csm          0      0.00    0.0000    0.0000    0.0000     0.000     0.000
Ia-pec          0      0.00    0.0000    0.0000    0.0000     0.000     0.000
###
Ib              0      0.00    0.0000    0.0000    0.0000     0.000     0.000
Ib-norm         0      0.00    0.0000    0.0000    0.0000     0.000     0.000
Ib-pec          0      0.00    0.0000    0.0000    0.0000     0.000     0.000
IIb             0      0.00    0.0000    0.0000    0.0000     0.000     0.000
###
Ic              0      0.00    0.0000    0.0000    0.0000     0.000     0.000
Ic-norm         0      0.00    0.0000    0.0000    0.0000     0.000     0.000
Ic-pec          0      0.00    0.0000    0.0000    0.0000     0.000     0.000
Ic-broad        0      0.00    0.0000    0.0000    0.0000     0.000     0.000
###
II              0      0.00    0.0000    0.0000    0.0000     0.000     0.000
IIP             0      0.00    0.0000    0.0000    0.0000     0.000     0.000
II-pec          0      0.00    0.0000    0.0000    0.0000     0.000     0.000
IIn             0      0.00    0.0000    0.0000    0.0000     0.000     0.000
IIL             0      0.00    0.0000    0.0000    0.0000     0.000     0.000
###
NotSN           7      1.00    0.0000    0.2220    0.0008     0.000     0.000
AGN             0      0.00    0.0000    0.0000    0.0000     0.000     0.000
Gal             4      0.57    0.0000    0.2207    0.0009     0.000     0.000
LBV             0      0.00    0.0000    0.0000    0.0000     0.000     0.000
M-star          3      0.43    0.0000    0.2221    0.0001     0.000     0.000
 
### rlap-ordered template listings ###
#no. sn type lap rlap z zerr age age_flag grade
   1  kcE           Gal        0.8069   5.92   0.2208   0.0046   -99.90  2   good
   2  kcS0          Gal        0.8069   5.92   0.2205   0.0045   -99.90  2   good
   3  kcSb          Gal        0.8069   5.70   0.2206   0.0054   -99.90  2   good
   4  kcSa          Gal        0.8069   5.25   0.2224   0.0045   -99.90  2   good
   5  mstar         M-star     0.7378   5.16   0.2221   0.0059     1.00  2   good
   6  mstar         M-star     0.7419   5.15   0.2220   0.0056     2.00  2   good
   7  mstar         M-star     0.7392   5.01   0.2222   0.0060     0.00  2   good
#--- rlap cutoff
   8  sn2004aw      Ic-norm    0.8069   4.67   0.0957   0.0119    -1.70  0    cut
   9  sn2006em      Ia-91bg    0.7473   4.60   0.2444   0.0098     3.70  0    cut
  10  sn2004aw      Ic-norm    0.8069   4.49   0.0929   0.0133    -0.20  0    cut
  11  mstar         M-star     0.7419   4.35   0.2206   0.0063     3.00  2    cut
  12  sn2005bl      Ia-91bg    0.7690   4.17   0.2445   0.0130     4.70  0    cut
  13  sn2008ae      Ia-pec     0.7500   3.95   0.0642   0.0176     1.90  0    cut
  14  sn2005hk      Ia-pec     0.7446   3.91   0.0663   0.0192    -2.40  0    cut
  15  mstar         M-star     0.7392   3.87   0.2218   0.0079     4.00  2    cut
  16  sn2007al      Ia-91bg    0.7405   3.85   0.2473   0.0155     5.30  0    cut
  17  sn2008ae      Ia-pec     0.7473   3.77   0.0670   0.0187     0.90  0    cut
  18  sn2008ae      Ia-pec     0.6715   3.74   0.0671   0.0170     2.80  0    cut
  19  sn1999by      Ia-91bg    0.6837   3.74   0.2444   0.0155     5.90  0    cut
  20  sn2006H       Ia-91bg    0.7419   3.72   0.2500   0.0122     4.50  0    cut
  21  sn2008A       Ia-pec     0.7473   3.70   0.0640   0.0199     1.00  0    cut
  22  sn1991bg      Ia-91bg    0.7243   3.70   0.2449   0.0149     2.10  0    cut
  23  sn2007al      Ia-91bg    0.7432   3.66   0.2483   0.0116     3.30  0    cut
  24  sn2008ae      Ia-pec     0.7487   3.63   0.0637   0.0211    -0.10  0    cut
  25  sn2007al      Ia-91bg    0.7473   3.58   0.2459   0.0155     4.30  0    cut
  26  sn2005cc      Ia-pec     0.7446   3.56   0.0578   0.0105     3.60  0    cut
  27  sn1995F       Ic-norm    0.7744   3.55   0.2477   0.0154    56.90  1    cut
  28  sn2004aw      Ic-norm    0.6959   3.54   0.0983   0.0161    -3.30  0    cut
  29  sn2005cc      Ia-pec     0.7446   3.45   0.0579   0.0104     5.60  0    cut
  30  sn1991bg      Ia-91bg    0.7067   3.42   0.2499   0.0170     0.90  0    cut
  31  sn2008A       Ia-pec     0.7446   3.37   0.0641   0.0202     0.00  0    cut
  32  sn2004aw      Ic-norm    0.6959   3.36   0.0899   0.0177     0.80  0    cut
  33  sn2006cm      Ia-norm    0.7392   3.35   0.2238   0.0148    -1.90  0    cut
  34  sn2004aw      Ic-norm    0.6552   3.33   0.0944   0.0142    -1.30  0    cut
  35  sn1999by      Ia-91bg    0.6823   3.33   0.2439   0.0167     5.00  0    cut
  36  sn1994I       Ic-norm    0.8069   3.32   0.2610   0.0178     2.60  0    cut
  37  sn2007al      Ia-91bg    0.7446   3.22   0.2480   0.0147     2.40  0    cut
  38  sn2007ba      Ia-91bg    0.7459   3.21   0.2532   0.0109     3.10  0    cut
  39  sn2006H       Ia-91bg    0.7419   3.19   0.2484   0.0161     5.50  0    cut
  40  sn2004aw      Ic-norm    0.6959   3.18   0.0893   0.0178     1.60  0    cut
  41  mstar         M-star     0.7405   3.18   0.2182   0.0095     7.00  2    cut
  42  mstar         M-star     0.7405   3.15   0.2188   0.0093     5.00  2    cut
  43  sn2004aw      Ic-norm    0.6972   3.14   0.0876   0.0165     2.60  0    cut
  44  sn2004aw      Ic-norm    0.6999   3.12   0.0879   0.0175     3.10  0    cut
  45  sn2004aw      Ic-norm    0.6999   3.12   0.0882   0.0175     1.90  0    cut
  46  sn2005M       Ia-91T     0.7432   3.09   0.0857   0.0155     5.10  0    cut
  47  sn2008A       Ia-pec     0.7459   3.08   0.0639   0.0224    -1.00  0    cut
  48  sn2004aw      Ic-norm    0.6959   3.07   0.0948   0.0194    -2.20  0    cut
  49  sn2005ke      Ia-91bg    0.7446   3.06   0.2460   0.0167     2.40  0    cut
  50  sn2003Y       Ia-91bg    0.6959   3.05   0.2518   0.0126    -3.40  0    cut
  51  sn2005cc      Ia-pec     0.7459   3.05   0.0553   0.0211     2.60  0    cut
  52  sn2005cc      Ia-pec     0.6837   3.05   0.0597   0.0185     4.60  0    cut
  53  sn2000cx      Ia-pec     0.7893   3.05   0.0986   0.0113     0.70  0    cut
  54  sn1995F       Ic-norm    0.8069   3.04   0.2484   0.0173    35.70  1    cut
  55  sn2004aw      Ic-norm    0.6959   3.04   0.0889   0.0180     3.60  0    cut
  56  sn1999by      Ia-91bg    0.6823   3.01   0.2448   0.0180     4.00  0    cut
  57  sn2007ax      Ia-91bg    0.6607   2.98   0.2452   0.0208     2.00  0    cut
  58  sn2005hk      Ia-pec     0.7392   2.93   0.0628   0.0239    -3.30  0    cut
  59  sn2007if      Ia-pec     0.8069   2.89   0.0642   0.0453     6.10  0    cut
  60  sn2003hu      Ia-91T     0.6972   2.88   0.2265   0.0169     0.10  0    cut
  61  sn2005ke      Ia-91bg    0.7365   2.88   0.2478   0.0166     0.50  0    cut
  62  sn2008ae      Ia-pec     0.7500   2.86   0.0643   0.0235    -1.00  0    cut
  63  sn2008A       Ia-pec     0.7446   2.84   0.0642   0.0238    -1.90  0    cut
  64  sn1999by      Ia-91bg    0.7432   2.83   0.2431   0.0187     2.90  0    cut
  65  sn2002ap      Ic-broad   0.6783   2.83   0.0946   0.0249    -1.40  0    cut
  66  sn2007ax      Ia-91bg    0.7473   2.81   0.2619   0.0201    -1.90  0    cut
  67  lbv2003hy     LBV        0.6931   2.80   0.0855   0.0106   -99.90  2    cut
  68  sn1995F       Ic-norm    0.7744   2.80   0.2474   0.0185    35.80  1    cut
  69  sn1998de      Ia-91bg    0.6959   2.78   0.2663   0.0193    -2.20  0    cut
  70  sn2007ux      Ia-norm    0.7473   2.77   0.0872   0.0152     5.80  0    cut
  71  sn2006bz      Ia-91bg    0.7473   2.77   0.2486   0.0187     0.70  0    cut
  72  sn2007S       Ia-91T     0.7432   2.75   0.0930   0.0179    -0.70  0    cut
  73  sn2006gj      Ia-norm    0.7487   2.74   0.0867   0.0166     3.20  0    cut
  74  sn2007ax      Ia-91bg    0.7487   2.74   0.2601   0.0217    -0.80  0    cut
  75  sn1998de      Ia-91bg    0.6972   2.73   0.2589   0.0207     2.70  0    cut
  76  sn1998de      Ia-91bg    0.6972   2.71   0.2629   0.0201    -0.30  0    cut
  77  sn2004aw      Ic-norm    0.7568   2.71   0.0847   0.0239     5.30  0    cut
  78  sn2004gs      Ia-norm    0.7459   2.71   0.0892   0.0150    -1.20  0    cut
  79  sn2007if      Ia-pec     0.7392   2.70   0.0650   0.0240     5.60  0    cut
  80  sn2002ap      Ic-broad   0.6783   2.70   0.0968   0.0252    -0.40  0    cut
  81  sn1991T       Ia-91T     0.8069   2.68   0.0961   0.0318    -1.50  0    cut
  82  sn1999gp      Ia-91T     0.7013   2.68   0.0944   0.0198    -2.00  0    cut
  83  sn2002fb      Ia-91bg    0.6959   2.67   0.2510   0.0183     0.30  0    cut
  84  sn1997dq      Ic-broad   0.7717   2.67   0.2600   0.0231    27.90  1    cut
  85  sn1997dq      Ic-broad   0.7717   2.67   0.2600   0.0232    27.90  1    cut
  86  sn2007ba      Ia-91bg    0.7500   2.66   0.2547   0.0147     5.10  0    cut
  87  sn2008A       Ia-pec     0.7459   2.66   0.0642   0.0253    -3.00  0    cut
  88  sn2007if      Ia-pec     0.8069   2.65   0.0646   0.0242     4.70  0    cut
  89  sn2007hj      Ia-norm    0.7473   2.64   0.0913   0.0168     1.40  0    cut
  90  sn2004gs      Ia-norm    0.7459   2.62   0.0860   0.0175     2.60  0    cut
  91  sn2006mo      Ia-norm    0.7459   2.62   0.0853   0.0174     5.20  0    cut
  92  sn1999gp      Ia-91T     0.6999   2.61   0.0953   0.0202     2.90  0    cut
  93  sn2007au      Ia-norm    0.7500   2.60   0.0871   0.0183     1.10  0    cut
  94  sn1998de      Ia-91bg    0.6972   2.60   0.2648   0.0200    -3.20  0    cut
  95  sn1999dq      Ia-91T     0.6904   2.58   0.0923   0.0173    -3.50  0    cut
  96  sn2007af      Ia-norm    0.7446   2.58   0.0840   0.0192     5.40  0    cut
  97  sn2004gs      Ia-norm    0.7419   2.57   0.0875   0.0162    -0.30  0    cut
  98  sn2004gs      Ia-norm    0.7446   2.57   0.0862   0.0168     1.70  0    cut
  99  sn2008R       Ia-91bg    0.7432   2.56   0.0859   0.0198     5.30  0    cut
 100  sn1991A       Ic-norm    0.4833   2.56   0.2681   0.0152   128.30  1    cut
 101  sn1992A       Ia-norm    0.7771   2.56   0.0960   0.0188     5.90  0    cut
 102  sn1999dq      Ia-91T     0.6904   2.55   0.0917   0.0176    -2.50  0    cut
 103  sn2005hk      Ia-pec     0.7459   2.55   0.0603   0.0259    -1.40  0    cut
 104  sn1999gp      Ia-91T     0.6999   2.54   0.0945   0.0208     0.00  0    cut
 105  sn2004gs      Ia-norm    0.7446   2.53   0.0847   0.0179     3.60  0    cut
 106  sn2004eo      Ia-norm    0.7514   2.53   0.0861   0.0190     2.90  0    cut
 107  sn2001eh      Ia-91T     0.6972   2.53   0.0934   0.0193    -2.00  0    cut
 108  sn1994I       Ic-norm    0.6850   2.53   0.2602   0.0226     2.30  0    cut
 109  sn2007hj      Ia-norm    0.7419   2.53   0.0937   0.0163    -1.50  0    cut
 110  sn1997cn      Ia-91bg    0.7270   2.52   0.2490   0.0186     3.90  0    cut
 111  sn1991N       Ic-norm    0.8069   2.52   0.2601   0.0150    27.90  1    cut
 112  sn2006et      Ia-norm    0.7473   2.52   0.0898   0.0198     6.30  0    cut
 113  sn2006bz      Ia-91bg    0.7392   2.52   0.2548   0.0140    -0.30  0    cut
 114  sn2000dg      Ia-norm    0.6945   2.51   0.0887   0.0187     0.20  0    cut
 115  sn2007S       Ia-91T     0.7459   2.51   0.0931   0.0195     6.20  0    cut
 116  sn2006bz      Ia-91bg    0.6769   2.50   0.2527   0.0199    -1.40  0    cut
 117  sn2007hj      Ia-norm    0.7405   2.50   0.0924   0.0168    -0.60  0    cut
 118  sn2007ci      Ia-norm    0.7446   2.50   0.0910   0.0169    -2.20  0    cut
 119  sn2006N       Ia-norm    0.7432   2.50   0.0883   0.0185     5.60  0    cut
 120  sn2007ci      Ia-norm    0.7432   2.49   0.0908   0.0177    -1.20  0    cut
 121  sn1997dq      Ic-broad   0.6837   2.49   0.2549   0.0224    14.90  1    cut
 122  sn2006gj      Ia-norm    0.7446   2.48   0.0884   0.0158    -0.70  0    cut
 123  sn1992ar      Ic-norm    0.6173   2.48   0.0734   0.0180     3.40  0    cut
 124  sn2000cx      Ia-pec     0.7879   2.47   0.1015   0.0133     4.70  0    cut
 125  sn2001eh      Ia-91T     0.6959   2.47   0.0933   0.0207     5.70  0    cut
 126  lbv2001ac     LBV        0.8069   2.46   0.2188   0.0074   -99.90  2    cut
 127  sn2007hj      Ia-norm    0.7446   2.46   0.0896   0.0184     2.40  0    cut
 128  sn2008C       Ia-norm    0.7459   2.46   0.0882   0.0184     4.40  0    cut
 129  sn1994I       Ic-norm    0.6850   2.45   0.2578   0.0234     3.50  0    cut
 130  sn2007bc      Ia-norm    0.7459   2.45   0.0861   0.0193     4.30  0    cut
 131  sn1999gp      Ia-91T     0.6986   2.45   0.0931   0.0209     4.90  0    cut
 132  sn2007af      Ia-norm    0.7446   2.44   0.0851   0.0191     4.30  0    cut
 133  sn2007hj      Ia-norm    0.7459   2.44   0.0886   0.0191     3.40  0    cut
 134  sn2007hj      Ia-norm    0.7459   2.43   0.0946   0.0166    -2.60  0    cut
 135  sn1997dq      Ic-broad   0.6837   2.43   0.2545   0.0227    17.90  1    cut
 136  sn2004S       Ia-norm    0.8069   2.43   0.4211   0.0220     1.60  0    cut
 137  sn1998T       Ib-norm    0.5388   2.42   0.1104   0.0120     0.00  1    cut
 138  sn1994I       Ic-norm    0.6837   2.42   0.2619   0.0236     1.30  0    cut
 139  sn2005hk      Ia-pec     0.6282   2.41   0.0636   0.0232     3.60  0    cut
 140  sn2000dg      Ia-norm    0.6945   2.40   0.0879   0.0213     3.10  0    cut
 141  sn2008L       Ia-norm    0.7446   2.40   0.0909   0.0182     5.60  0    cut
 142  sn1998es      Ia-91T     0.7365   2.40   0.2332   0.0274    -2.40  0    cut
 143  sn2003cg      Ia-norm    0.7432   2.40   0.0893   0.0194     4.00  0    cut
 144  sn1994I       Ic-norm    0.7162   2.40   0.2648   0.0239     0.10  0    cut
 145  sn2001V       Ia-91T     0.6918   2.40   0.0920   0.0184    -3.30  0    cut
 146  sn1998S       IIn        0.6769   2.39   0.1887   0.0102     2.70  0    cut
 147  sn2002fb      Ia-91bg    0.6945   2.38   0.2508   0.0211    -2.70  0    cut
 148  sn2007bc      Ia-norm    0.7459   2.37   0.0817   0.0224     6.20  0    cut
 149  sn2005M       Ia-91T     0.7405   2.37   0.2269   0.0271    -1.70  0    cut
 150  sn1997dq      Ic-broad   0.6823   2.37   0.2518   0.0231     0.00  1    cut
 151  sn2002hu      Ia-91T     0.7013   2.36   0.0914   0.0177    -3.50  0    cut
 152  sn2002bf      Ia-norm    0.6891   2.35   0.0958   0.0224     4.80  0    cut
 153  sn1999dq      Ia-91T     0.6918   2.35   0.0916   0.0213     0.40  0    cut
 154  sn1997Y       Ia-norm    0.7026   2.35   0.0866   0.0173     1.90  0    cut
 155  sn2005na      Ia-norm    0.7405   2.35   0.2325   0.0275    -1.50  0    cut
 156  lbv2003hy     LBV        0.6959   2.34   0.0879   0.0141   -99.90  2    cut
 157  sn2007hj      Ia-norm    0.7487   2.34   0.0874   0.0206     4.40  0    cut
 158  sn2000cx      Ia-pec     0.7893   2.34   0.1010   0.0141     5.70  0    cut
 159  sn2006bw      Ia-norm    0.7459   2.34   0.0830   0.0201     4.90  0    cut
 160  sn1999by      Ia-91bg    0.7432   2.34   0.2508   0.0189    -3.00  0    cut
 161  sn2006N       Ia-norm    0.7405   2.34   0.0883   0.0193     4.60  0    cut
 162  sn2005M       Ia-91T     0.7392   2.34   0.2286   0.0305    -2.70  0    cut
 163  sn2000cp      Ia-norm    0.6986   2.33   0.0898   0.0162    -1.50  0    cut
 164  sn2007af      Ia-norm    0.7487   2.33   0.0855   0.0188     3.30  0    cut
 165  sn2002aw      Ia-norm    0.6972   2.33   0.0880   0.0168    -0.90  0    cut
 166  sn2006ac      Ia-norm    0.7283   2.32   0.0895   0.0196     6.20  0    cut
 167  sn2001eh      Ia-91T     0.6972   2.32   0.0946   0.0218    -0.10  0    cut
 168  sn2002ic      Ia-csm     0.8069   2.32   0.2182   0.0143     5.60  0    cut
 169  sn1997dc      Ib-norm    0.6173   2.32   0.1054   0.0114     0.00  1    cut
 170  sn1997dq      Ic-broad   0.8069   2.31   0.2601   0.0255    81.70  1    cut
 171  sn1991bg      Ia-91bg    0.6079   2.30   0.2321   0.0261     1.90  0    cut
 172  sn1999aa      Ia-91T     0.6931   2.30   0.0907   0.0188    -2.10  0    cut
 173  sn2006et      Ia-norm    0.7473   2.29   0.0910   0.0200     2.40  0    cut
 174  sn1998es      Ia-91T     0.7324   2.29   0.2343   0.0282    -3.40  0    cut
 175  sn1999ex      Ib-norm    0.8069   2.29   0.2683   0.0163     0.40  0    cut
 176  sn2006cj      Ia-norm    0.7405   2.29   0.3930   0.0208     5.40  0    cut
 177  sn2005eq      Ia-91T     0.7446   2.29   0.2430   0.0276    -3.50  0    cut
 178  sn1999dq      Ia-91T     0.6918   2.28   0.0920   0.0227     1.40  0    cut
 179  sn1999dn      Ib-norm    0.6160   2.28   0.1046   0.0141    27.70  1    cut
 180  sn2006gt      Ia-91bg    0.7487   2.28   0.2529   0.0147     3.30  0    cut
 181  sn2004gs      Ia-norm    0.7459   2.28   0.0907   0.0173    -3.20  0    cut
 182  sn2002ck      Ia-norm    0.6959   2.27   0.0887   0.0221     4.20  0    cut
 183  sn1997dq      Ic-broad   0.6850   2.27   0.2538   0.0251    26.90  1    cut
 184  sn2007hj      Ia-norm    0.7446   2.27   0.0847   0.0227     6.30  0    cut
 185  sn1996bo      Ia-norm    0.7040   2.27   0.0904   0.0218     5.20  0    cut
 186  sn2002eu      Ia-norm    0.6999   2.26   0.0874   0.0180     3.00  0    cut
 187  sn2001eh      Ia-91T     0.6945   2.26   0.0945   0.0221     4.70  0    cut
 188  sn2005cf      Ia-norm    0.8042   2.25   0.4219   0.0239    -2.40  0    cut
 189  sn1995F       Ic-norm    0.6579   2.25   0.2444   0.0279     0.00  1    cut
 190  sn1998S       IIn        0.6728   2.25   0.1870   0.0101     1.80  0    cut
 191  sn2001da      Ia-norm    0.8069   2.24   0.4290   0.0226    -1.00  0    cut
 192  sn1999aa      Ia-91T     0.7459   2.24   0.2354   0.0276    -3.10  0    cut
 193  sn2005bl      Ia-91bg    0.6823   2.24   0.2486   0.0178    -2.90  0    cut
 194  sn2006aj      Ic-broad   0.6837   2.23   0.1238   0.0165    -0.40  0    cut
 195  sn1997dq      Ic-broad   0.6850   2.23   0.2532   0.0245    21.90  1    cut
 196  lbv2003hy     LBV        0.6945   2.23   0.1869   0.0094   -99.90  2    cut
 197  sn1999dq      Ia-91T     0.6918   2.23   0.0921   0.0233     2.40  0    cut
 198  sn2002jg      Ia-norm    0.6972   2.22   0.0869   0.0189     4.50  0    cut
 199  sn2007S       Ia-91T     0.7419   2.22   0.2348   0.0290    -3.70  0    cut
 200  sn2005M       Ia-91T     0.7392   2.22   0.2221   0.0292     0.20  0    cut
 201  sn1998es      Ia-91T     0.7365   2.21   0.2284   0.0296    -0.50  0    cut
 202  sn2001eh      Ia-91T     0.6945   2.21   0.0948   0.0222     3.70  0    cut
 203  sn2002do      Ia-norm    0.6972   2.20   0.0890   0.0206     2.00  0    cut
 204  sn2006cz      Ia-91T     0.7405   2.20   0.2383   0.0287    -1.00  0    cut
 205  sn1996bo      Ia-norm    0.7040   2.20   0.0915   0.0221     3.30  0    cut
 206  sn2002eu      Ia-norm    0.6986   2.20   0.0839   0.0214     5.00  0    cut
 207  sn2007S       Ia-91T     0.7378   2.19   0.2327   0.0293    -2.70  0    cut
 208  sn1999ee      Ia-norm    0.8069   2.19   0.4176   0.0228    -0.20  0    cut
 209  sn1999aa      Ia-91T     0.6945   2.19   0.0907   0.0203    -0.20  0    cut
 210  sn1996X       Ia-norm    0.8069   2.19   0.0896   0.0202     1.10  0    cut
 211  sn2007af      Ia-norm    0.7432   2.18   0.0859   0.0191     2.30  0    cut
 212  mstar         M-star     0.7392   2.18   0.2188   0.0130     6.00  2    cut
 213  sn2006gt      Ia-91bg    0.7473   2.18   0.2538   0.0164     2.30  0    cut
 214  sn2002aw      Ia-norm    0.6945   2.18   0.0877   0.0181     1.10  0    cut
 215  sn1998dx      Ia-norm    0.7026   2.17   0.0875   0.0190     5.90  0    cut
 216  sn2006aj      Ic-broad   0.6823   2.17   0.1252   0.0189    -1.40  0    cut
 217  sn1998co      Ia-norm    0.6986   2.17   0.0872   0.0200     3.90  0    cut
 218  sn2005cf      Ia-norm    0.8069   2.16   0.4215   0.0259    -0.20  0    cut
 219  sn2004L       Ia-norm    0.6959   2.16   0.0870   0.0214     3.40  0    cut
 220  sn2007nq      Ia-norm    0.7500   2.16   0.0870   0.0211     6.30  0    cut
 221  sn1999dq      Ia-91T     0.6931   2.16   0.0891   0.0242     5.40  0    cut
 222  sn2007fb      Ia-norm    0.7432   2.16   0.0902   0.0194     5.60  0    cut
 223  sn1996X       Ia-norm    0.8069   2.16   0.0903   0.0201     0.10  0    cut
 224  sn1998co      Ia-norm    0.6986   2.15   0.0891   0.0184     0.00  0    cut
 225  sn1998co      Ia-norm    0.6986   2.15   0.0881   0.0187     1.00  0    cut
 226  sn2005mc      Ia-norm    0.7419   2.15   0.0793   0.0222     5.60  0    cut
 227  snls03D3bb    Ia-pec     0.8069   2.15   0.0893   0.0244     2.00  0    cut
 228  sn2005eq      Ia-91T     0.7432   2.15   0.2330   0.0302     0.40  0    cut
 229  sn2005cf      Ia-norm    0.8028   2.15   0.4206   0.0251    -1.50  0    cut
 230  sn2003iv      Ia-norm    0.6945   2.15   0.0872   0.0179     3.40  0    cut
 231  lbv2003hy     LBV        0.6796   2.15   0.2172   0.0083   -99.90  2    cut
 232  sn1995E       Ia-norm    0.6688   2.15   0.0889   0.0204     3.90  0    cut
 233  sn2002G       Ia-norm    0.6986   2.13   0.0926   0.0192    -2.50  0    cut
 234  sn1986G       Ia-91bg    0.6566   2.13   0.2628   0.0212    -1.20  0    cut
 235  sn2002er      Ia-norm    0.8069   2.13   0.4226   0.0252    -3.10  0    cut
 236  sn2002hd      Ia-norm    0.6986   2.13   0.0889   0.0200     1.40  0    cut
 237  sn2003ic      Ia-norm    0.6986   2.13   0.0936   0.0242     5.30  0    cut
 238  sn2006al      Ia-norm    0.6688   2.13   0.0872   0.0211     6.30  0    cut
 239  sn2005am      Ia-norm    0.7392   2.13   0.0891   0.0206     4.90  0    cut
 240  sn2006N       Ia-norm    0.7419   2.13   0.0896   0.0173     1.60  0    cut
 241  sn2003iv      Ia-norm    0.6986   2.13   0.0886   0.0173    -1.40  0    cut
 242  sn2002ap      Ic-broad   0.7500   2.13   0.0900   0.0287    -2.40  0    cut
 243  sn1994I       Ic-norm    0.6837   2.13   0.0896   0.0289    -1.60  0    cut
 244  sn2000cp      Ia-norm    0.6986   2.13   0.0880   0.0193    -0.50  0    cut
 245  sn2004as      Ia-norm    0.6972   2.12   0.0899   0.0237     5.80  0    cut
 246  sn1991A       Ic-norm    0.5794   2.12   0.2723   0.0194    65.10  1    cut
 247  sn2006N       Ia-norm    0.7378   2.11   0.0898   0.0184     2.60  0    cut
 248  sn2006D       Ia-norm    0.7405   2.10   0.2541   0.0154     4.50  0    cut
 249  sn2004L       Ia-norm    0.6945   2.10   0.0879   0.0212     2.50  0    cut
 250  sn2002er      Ia-norm    0.6931   2.10   0.0900   0.0219     3.80  0    cut
 251  sn1994I       Ic-norm    0.6837   2.10   0.0911   0.0293    -2.50  0    cut
 252  sn1996bl      Ia-norm    0.7026   2.09   0.0940   0.0188    -2.20  0    cut
 253  sn2006aj      Ic-broad   0.7987   2.09   0.1265   0.0162    -2.40  0    cut
 254  sn1986G       Ia-91bg    0.6552   2.09   0.2608   0.0232     0.80  0    cut
 255  sn1997dq      Ic-broad   0.6877   2.09   0.2529   0.0283    54.80  1    cut
 256  sn1999gd      Ia-norm    0.6986   2.09   0.0862   0.0184     1.10  0    cut
 257  sn2006aj      Ic-broad   0.7121   2.08   0.1298   0.0128    -3.30  0    cut
 258  sn2001ep      Ia-norm    0.6945   2.08   0.0823   0.0228     5.80  0    cut
 259  sn1989B       Ia-norm    0.6471   2.08   0.0867   0.0216     4.60  0    cut
 260  sn2001ep      Ia-norm    0.6945   2.08   0.0832   0.0225     4.80  0    cut
 261  sn1986G       Ia-91bg    0.6552   2.08   0.2593   0.0214    -0.20  0    cut
 262  lbv2003hy     LBV        0.6945   2.07   0.2219   0.0146   -99.90  2    cut
 263  sn2001fh      Ia-norm    0.6918   2.07   0.0860   0.0210     4.20  0    cut
 264  sn2001ep      Ia-norm    0.6945   2.06   0.0840   0.0225     3.80  0    cut
 265  sn2004dj      IIP        0.5348   2.06   0.2213   0.0099     0.00  1    cut
 266  sn2004eo      Ia-norm    0.7013   2.06   0.0862   0.0208    -2.00  0    cut
 267  sn2001ck      Ia-norm    0.6972   2.06   0.0891   0.0209     4.80  0    cut
 268  sn2005cs      IIP        0.4251   2.06   0.2231   0.0121     4.20  0    cut
 269  sn2006cz      Ia-91T     0.7446   2.05   0.2397   0.0320    -2.00  0    cut
 270  sn2002ck      Ia-norm    0.6877   2.05   0.0883   0.0217     2.30  0    cut
 271  sn2000cp      Ia-norm    0.6986   2.05   0.0903   0.0178    -2.50  0    cut
 272  sn1996bk      Ia-norm    0.6931   2.05   0.0876   0.0224     2.50  0    cut
 273  sn2004dj      IIP        0.5348   2.05   0.2203   0.0101     5.00  1    cut
 274  sn2007fb      Ia-norm    0.7459   2.04   0.0911   0.0172     1.70  0    cut
 275  sn2003iv      Ia-norm    0.6972   2.04   0.0890   0.0179    -2.40  0    cut
 276  sn2003iv      Ia-norm    0.6972   2.04   0.0880   0.0176    -0.50  0    cut
 277  sn2003iv      Ia-norm    0.6972   2.04   0.0877   0.0184     1.40  0    cut
 278  sn2007ax      Ia-91bg    0.6620   2.04   0.2473   0.0262     1.10  0    cut
 279  sn2001ep      Ia-norm    0.6945   2.04   0.0844   0.0216     2.80  0    cut
 280  sn1998bp      Ia-norm    0.6918   2.04   0.0883   0.0205    -0.90  0    cut
 281  sn2006X       Ia-norm    0.7405   2.04   0.0926   0.0240     6.20  0    cut
 282  sn2002bf      Ia-norm    0.6972   2.04   0.0947   0.0239     5.70  0    cut
 283  sn2002hu      Ia-91T     0.7013   2.03   0.0896   0.0208    -0.70  0    cut
 284  sn2005mc      Ia-norm    0.7378   2.03   0.0899   0.0179    -2.20  0    cut
 285  sn1998S       IIn        0.6715   2.03   0.1878   0.0102     0.90  0    cut
 286  sn1986G       Ia-91bg    0.6539   2.03   0.2617   0.0222    -2.20  0    cut
 287  lbv1999bw     LBV        0.6837   2.03   0.2171   0.0084   -99.90  2    cut
 288  sn1994I       Ic-norm    0.6823   2.03   0.0885   0.0295    -0.60  0    cut
 289  sn2001ep      Ia-norm    0.6945   2.02   0.0854   0.0219     1.80  0    cut
 290  sn2002er      Ia-norm    0.8069   2.02   0.4213   0.0264    -2.10  0    cut
 291  sn2004dj      IIP        0.5361   2.02   0.2194   0.0099    17.00  1    cut
 292  sn2006N       Ia-norm    0.7311   2.02   0.0899   0.0181     0.70  0    cut
 293  sn1994I       Ic-norm    0.6783   2.02   0.0920   0.0305    -3.60  0    cut
 294  sn1996C       Ia-norm    0.7053   2.02   0.0889   0.0216     4.80  0    cut
 295  sn2002de      Ia-norm    0.6972   2.02   0.0913   0.0222     3.70  0    cut
 296  sn2001ep      Ia-norm    0.6945   2.02   0.0859   0.0215     0.80  0    cut
 297  sn2003cg      Ia-norm    0.6837   2.02   0.0904   0.0180    -2.10  0    cut
 298  sn1999cc      Ia-norm    0.6986   2.02   0.0901   0.0201     1.70  0    cut
 299  sn2002de      Ia-norm    0.6918   2.01   0.0927   0.0184    -2.20  0    cut
 300  sn2004L       Ia-norm    0.6986   2.01   0.0856   0.0262     5.30  0    cut
 301  sn1999ac      Ia-91T     0.6904   2.01   0.0879   0.0245    -0.90  0    cut
 302  sn1998V       Ia-norm    0.6986   2.01   0.0897   0.0202     1.30  0    cut
 303  sn1998es      Ia-91T     0.7338   2.01   0.2266   0.0320     0.50  0    cut
 304  sn2000E       Ia-norm    0.7121   2.01   0.0906   0.0211    -3.40  0    cut
 305  sn1999da      Ia-91bg    0.6904   2.00   0.2643   0.0246    -2.60  0    cut
 306  sn1996ai      Ia-norm    0.6877   2.00   0.0894   0.0175     0.10  0    cut
 307  sn2003iv      Ia-norm    0.6999   2.00   0.0885   0.0192     0.50  0    cut
 308  sn2000dg      Ia-norm    0.6986   2.00   0.0902   0.0224    -0.80  0    cut
 309  sn1999ac      Ia-91T     0.8028   2.00   0.0842   0.0212     2.70  0    cut
 310  sn1998V       Ia-norm    0.6986   2.00   0.0894   0.0195     0.30  0    cut
 311  sn1999dq      Ia-91T     0.6931   2.00   0.0923   0.0254     3.40  0    cut
 312  sn1999ee      Ia-norm    0.8069   2.00   0.4180   0.0247     1.80  0    cut
 313  sn2005eq      Ia-91T     0.7432   2.00   0.2327   0.0308     1.30  0    cut
 314  sn2004dj      IIP        0.5361   1.99   0.2191   0.0104    18.00  1    cut
 315  sn1999ek      Ia-norm    0.6972   1.99   0.0863   0.0202    -0.60  0    cut
 316  sn1999aa      Ia-91T     0.7825   1.99   0.2253   0.0309    -1.60  0    cut
 317  sn2002cd      Ia-norm    0.6904   1.99   0.2670   0.0212     2.20  0    cut
 318  sn2002de      Ia-norm    0.6972   1.99   0.0929   0.0230     2.70  0    cut
 319  sn1998bp      Ia-norm    0.6918   1.99   0.0891   0.0205    -1.90  0    cut
 320  sn2006al      Ia-norm    0.7053   1.99   0.0889   0.0174     2.50  0    cut
 321  sn1998bp      Ia-norm    0.6904   1.99   0.0871   0.0215     0.10  0    cut
 322  sn2002es      Ia-91bg    0.6972   1.99   0.2454   0.0254     2.10  0    cut
 323  sn2000cf      Ia-norm    0.6999   1.99   0.0829   0.0207     3.90  0    cut
 324  sn2006N       Ia-norm    0.7419   1.99   0.0908   0.0161    -1.30  0    cut
 325  sn1997dq      Ic-broad   0.8069   1.98   0.2667   0.0279     1.00  1    cut
 326  sn2004dj      IIP        0.5334   1.98   0.2197   0.0105     8.00  1    cut
 327  sn2002ck      Ia-norm    0.7013   1.98   0.0887   0.0203    -0.60  0    cut
 328  sn1998bp      Ia-norm    0.6904   1.98   0.0857   0.0221     1.00  0    cut
 329  sn2002es      Ia-91bg    0.6972   1.98   0.2478   0.0252     5.10  0    cut
 330  sn2004dj      IIP        0.5361   1.98   0.2191   0.0104    20.00  1    cut
 331  sn2003ch      Ia-norm    0.6959   1.98   0.0857   0.0176     1.80  0    cut
 332  sn2006bt      Ia-norm    0.7459   1.98   0.2595   0.0205     5.70  0    cut
 333  sn2005cf      Ia-norm    0.8028   1.98   0.4183   0.0288     1.50  0    cut
 334  sn2003cg      Ia-norm    0.6837   1.97   0.0892   0.0178    -1.20  0    cut
 335  sn1996Z       Ia-norm    0.6931   1.97   0.0906   0.0241     6.10  0    cut
 336  sn2004bg      Ia-norm    0.6931   1.97   0.0885   0.0232     5.70  0    cut
 337  mstar         M-star     0.7405   1.97   0.2188   0.0125     8.00  2    cut
 338  sn2004dj      IIP        0.5361   1.96   0.2204   0.0103     2.70  1    cut
 339  sn2002de      Ia-norm    0.6918   1.96   0.0924   0.0199    -3.00  0    cut
 340  sn2002ck      Ia-norm    0.6986   1.96   0.0886   0.0217     0.30  0    cut
 341  sn1998V       Ia-norm    0.6945   1.96   0.0894   0.0221     2.30  0    cut
 342  sn2000dk      Ia-norm    0.6972   1.96   0.0885   0.0205     0.80  0    cut
 343  sn1999cl      Ia-norm    0.6810   1.96   0.0919   0.0233    -1.30  0    cut
 344  sn2002eu      Ia-norm    0.6986   1.96   0.0904   0.0216     1.10  0    cut
 345  sn2006gt      Ia-91bg    0.7487   1.96   0.2548   0.0189     1.30  0    cut
 346  sn1998es      Ia-91T     0.7365   1.96   0.2264   0.0327     1.50  0    cut
 347  sn2003cg      Ia-norm    0.6823   1.96   0.0902   0.0182    -3.10  0    cut
 348  sn2007af      Ia-norm    0.7378   1.95   0.0870   0.0191     0.30  0    cut
 349  sn2005am      Ia-norm    0.7419   1.95   0.0900   0.0214     3.90  0    cut
 350  sn2001ep      Ia-norm    0.6945   1.95   0.0866   0.0217    -0.10  0    cut
 351  sn2000dk      Ia-norm    0.6986   1.95   0.0872   0.0226     3.70  0    cut
 352  sn2008Q       Ia-norm    0.7432   1.95   0.0912   0.0187    -0.30  0    cut
 353  sn2004ef      Ia-norm    0.7446   1.95   0.0876   0.0246     6.30  0    cut
 354  sn2002er      Ia-norm    0.7974   1.95   0.0860   0.0239     4.90  0    cut
 355  sn1996X       Ia-norm    0.6931   1.95   0.0897   0.0196    -1.70  0    cut
 356  sn2003cg      Ia-norm    0.6837   1.94   0.0893   0.0197     0.80  0    cut
 357  sn2007Y       Ib-norm    0.7866   1.94   0.2472   0.0176    -2.00  0    cut
 358  sn2006D       Ia-norm    0.8069   1.94   0.2559   0.0234    -1.40  0    cut
 359  kcSB6         Gal        0.8069   1.94   0.2194   0.0092   -99.90  2    cut
 360  sn1999ac      Ia-91T     0.6904   1.94   0.0883   0.0238    -2.90  0    cut
 361  sn2004dj      IIP        0.5361   1.94   0.2184   0.0101    36.00  1    cut
 362  sn1983V       Ic-norm    0.6160   1.94   0.2565   0.0257     4.00  0    cut
 363  sn2006sr      Ia-norm    0.7459   1.93   0.0921   0.0195     3.90  0    cut
 364  sn2007ae      Ia-norm    0.7473   1.93   0.4115   0.0301     2.30  0    cut
 365  sn2000cw      Ia-norm    0.6999   1.93   0.0850   0.0223     3.50  0    cut
 366  sn1999ek      Ia-norm    0.6986   1.93   0.0853   0.0204     3.30  0    cut
 367  sn2003ch      Ia-norm    0.7107   1.93   0.0840   0.0220     5.60  0    cut
 368  sn1999di      Ib-norm    0.6214   1.93   0.1035   0.0148    23.60  1    cut
 369  sn2001fh      Ia-norm    0.6918   1.93   0.0891   0.0212    -2.60  0    cut
 370  sn2008ar      Ia-norm    0.7473   1.93   0.2598   0.0289    -2.70  0    cut
 371  sn2001gc      Ia-norm    0.6959   1.93   0.0958   0.0250     4.40  0    cut
 372  sn1986G       Ia-91bg    0.6796   1.92   0.2594   0.0227    -3.70  0    cut
 373  sn2006bt      Ia-norm    0.8069   1.92   0.2612   0.0202     2.90  0    cut
 374  sn1986G       Ia-91bg    0.6810   1.92   0.2588   0.0224    -2.70  0    cut
 375  sn2004as      Ia-norm    0.6986   1.92   0.0904   0.0231     2.90  0    cut
 376  sn2008Q       Ia-norm    0.7473   1.92   0.0918   0.0187    -1.20  0    cut
 377  sn1998bp      Ia-norm    0.6918   1.92   0.0898   0.0207    -2.90  0    cut
 378  sn2001N       Ia-norm    0.6945   1.92   0.0936   0.0236     2.60  0    cut
 379  sn1993J       IIb        0.6742   1.92   0.2417   0.0259     2.70  0    cut
 380  sn2003it      Ia-norm    0.6972   1.92   0.0887   0.0219     5.70  0    cut
 381  sn1996X       Ia-norm    0.6931   1.91   0.0886   0.0199     0.20  0    cut
 382  sn1999ej      Ia-norm    0.6945   1.91   0.0863   0.0218     3.10  0    cut
 383  sn2008ar      Ia-norm    0.7432   1.91   0.2608   0.0288    -3.70  0    cut
 384  sn2006lf      Ia-norm    0.6850   1.91   0.0877   0.0246     6.30  0    cut
 385  sn1999cl      Ia-norm    0.6783   1.91   0.0923   0.0239    -2.30  0    cut
 386  sn2003cg      Ia-norm    0.6755   1.91   0.0891   0.0192    -1.00  0    cut
 387  sn1999cc      Ia-norm    0.6999   1.91   0.0918   0.0203    -1.20  0    cut
 388  sn1989B       Ia-norm    0.6498   1.91   0.0875   0.0198     2.60  0    cut
 389  sn2001ep      Ia-norm    0.6945   1.91   0.0879   0.0220    -2.10  0    cut
 390  sn2006oa      Ia-91T     0.7487   1.91   0.4203   0.0237    -2.00  0    cut
 391  sn2003cg      Ia-norm    0.6850   1.90   0.0893   0.0217     2.80  0    cut
 392  sn2001gc      Ia-norm    0.6959   1.90   0.0971   0.0257     3.40  0    cut
 393  sn2003cg      Ia-norm    0.6837   1.90   0.0888   0.0197    -0.20  0    cut
 394  sn2003cg      Ia-norm    0.7040   1.90   0.0850   0.0225     1.00  0    cut
 395  sn1999cl      Ia-norm    0.7189   1.90   0.0908   0.0215     0.70  0    cut
 396  sn2007af      Ia-norm    0.7459   1.90   0.0874   0.0190    -0.60  0    cut
 397  sn2000cf      Ia-norm    0.6999   1.90   0.0837   0.0204     2.90  0    cut
 398  sn2001gc      Ia-norm    0.6972   1.90   0.0953   0.0266     5.30  0    cut
 399  sn2005am      Ia-norm    0.7405   1.89   0.0916   0.0208     2.00  0    cut
 400  sn2002aw      Ia-norm    0.6972   1.89   0.0872   0.0178    -1.90  0    cut
 401  sn1999cc      Ia-norm    0.6972   1.89   0.0915   0.0216    -0.20  0    cut
 402  sn1996X       Ia-norm    0.6931   1.89   0.0879   0.0206     2.20  0    cut
 403  sn1996X       Ia-norm    0.6931   1.89   0.0888   0.0198    -0.80  0    cut
 404  sn1996X       Ia-norm    0.6931   1.89   0.0883   0.0204     1.20  0    cut
 405  sn1998dx      Ia-norm    0.6309   1.88   0.0904   0.0194     2.10  0    cut
 406  sn2005gj      Ia-csm     0.6363   1.88   0.2179   0.0154    -1.80  0    cut
 407  sn1997dq      Ic-broad   0.6904   1.88   0.2681   0.0252   222.20  1    cut
 408  sn1991N       Ic-norm    0.7825   1.87   0.2587   0.0291     5.70  1    cut
 409  sn2002ef      Ia-norm    0.6986   1.87   0.0911   0.0196    -2.90  0    cut
 410  sn2002ha      Ia-norm    0.6959   1.87   0.0867   0.0222     5.60  0    cut
 411  sn2003kc      Ia-norm    0.6959   1.87   0.0914   0.0229    -0.90  0    cut
 412  sn2001da      Ia-norm    0.6986   1.87   0.0889   0.0234     2.90  0    cut
 413  sn2007if      Ia-pec     0.6431   1.87   0.0724   0.0262    -2.90  0    cut
 414  sn2004as      Ia-norm    0.6986   1.87   0.0899   0.0242     1.80  0    cut
 415  sn2003it      Ia-norm    0.6986   1.87   0.0895   0.0200     2.70  0    cut
 416  sn1996Z       Ia-norm    0.6931   1.87   0.0921   0.0248     4.10  0    cut
 417  sn2008Q       Ia-norm    0.7419   1.87   0.0923   0.0189    -2.20  0    cut
 418  sn2006lf      Ia-norm    0.6864   1.86   0.0888   0.0236     5.30  0    cut
 419  sn2005bf      Ib-pec     0.7378   1.86   0.2481   0.0167    -3.60  0    cut
 420  sn2001ex      Ia-norm    0.6999   1.86   0.0854   0.0248    -3.40  0    cut
 421  sn1997dd      IIb        0.6931   1.86   0.2221   0.0298     3.60  1    cut
 422  sn1997E       Ia-norm    0.6986   1.86   0.0923   0.0203    -3.70  0    cut
 423  sn2006bt      Ia-norm    0.7473   1.86   0.2601   0.0209     4.70  0    cut
 424  sn2002er      Ia-norm    0.6810   1.86   0.0885   0.0237     0.90  0    cut
 425  sn1999em      IIP        0.7987   1.86   0.0158   0.0264     0.20  0    cut
 426  sn2000E       Ia-norm    0.7040   1.85   0.0910   0.0217    -2.30  0    cut
 427  sn2006bt      Ia-norm    0.7473   1.85   0.2619   0.0200     2.80  0    cut
 428  sn2001ep      Ia-norm    0.6945   1.85   0.0869   0.0225    -1.10  0    cut
 429  sn2002jg      Ia-norm    0.6972   1.85   0.0915   0.0200    -3.40  0    cut
 430  sn2003cq      Ia-norm    0.6986   1.85   0.0907   0.0225     0.00  0    cut
 431  sn1990K       IIL        0.4955   1.85   0.2206   0.0149    50.50  1    cut
 432  sn2002cr      Ia-norm    0.6904   1.85   0.0824   0.0231     4.60  0    cut
 433  sn2005cf      Ia-norm    0.7933   1.85   0.4208   0.0277    -1.20  0    cut
 434  sn1999ej      Ia-norm    0.6931   1.85   0.0877   0.0219     1.10  0    cut
 435  sn2003it      Ia-norm    0.6986   1.85   0.0901   0.0193     1.70  0    cut
 436  sn2000cx      Ia-pec     0.6525   1.85   0.2341   0.0272    -2.30  0    cut
 437  sn1986G       Ia-91bg    0.5916   1.85   0.2572   0.0216     0.30  0    cut
 438  sn1997dd      IIb        0.7554   1.85   0.2397   0.0286     0.00  1    cut
 439  sn2006cj      Ia-norm    0.7432   1.84   0.3975   0.0280     4.40  0    cut
 440  sn2006bt      Ia-norm    0.7432   1.84   0.2626   0.0199     1.90  0    cut
 441  sn2003ch      Ia-norm    0.6959   1.84   0.0845   0.0216     4.80  0    cut
 442  sn2001fh      Ia-norm    0.6931   1.83   0.0878   0.0233    -1.70  0    cut
 443  sn1993J       IIb        0.7053   1.83   0.2233   0.0290     4.60  0    cut
 444  sn1991ar      Ib-norm    0.4860   1.83   0.1076   0.0160    15.80  1    cut
 445  sn2003cq      Ia-norm    0.7013   1.83   0.0899   0.0213     1.00  0    cut
 446  sn2002er      Ia-norm    0.8069   1.83   0.4176   0.0279     2.90  0    cut
 447  sn2006nz      Ia-norm    0.7487   1.83   0.0968   0.0242    -1.70  0    cut
 448  sn2003it      Ia-norm    0.6972   1.83   0.0905   0.0195     0.80  0    cut
 449  sn2003ch      Ia-norm    0.6959   1.83   0.0843   0.0201     3.80  0    cut
 450  sn2005A       Ia-norm    0.6810   1.83   0.0986   0.0274     0.60  0    cut
 451  sn2001ep      Ia-norm    0.6945   1.83   0.0881   0.0225    -3.10  0    cut
 452  sn2002ap      Ic-broad   0.8015   1.82   0.2523   0.0275     2.70  0    cut
 453  sn2005cf      Ia-norm    0.7947   1.82   0.4234   0.0264    -2.70  0    cut
 454  sn2005cf      Ia-norm    0.7283   1.82   0.0861   0.0232     4.20  0    cut
 455  sn1996X       Ia-norm    0.6931   1.82   0.0899   0.0201    -2.80  0    cut
 456  sn2006br      Ia-norm    0.6945   1.82   0.2192   0.0198     0.20  0    cut
 457  sn2006N       Ia-norm    0.7392   1.82   0.0921   0.0183    -3.30  0    cut
 458  sn2004et      IIP        0.7365   1.82   0.0182   0.0289    -1.90  0    cut
 459  sn1999aw      Ia-91T     0.7446   1.82   0.2642   0.0329     2.90  0    cut
 460  sn1998eg      Ia-norm    0.6810   1.82   0.0865   0.0224     4.10  0    cut
 461  sn2006sr      Ia-norm    0.7446   1.82   0.0923   0.0199     3.00  0    cut
 462  sn2001da      Ia-norm    0.6959   1.81   0.0893   0.0234     1.90  0    cut
 463  sn2003it      Ia-norm    0.6972   1.81   0.0913   0.0195    -0.20  0    cut
 464  sn2002hw      Ia-norm    0.6972   1.81   0.0901   0.0225    -3.20  0    cut
 465  sn2005A       Ia-norm    0.7392   1.81   0.2622   0.0333    -1.30  0    cut
 466  sn1986G       Ia-91bg    0.5957   1.81   0.2573   0.0234     1.30  0    cut
 467  sn1995F       Ic-norm    0.7744   1.81   0.2456   0.0300    29.10  1    cut
 468  sn2003cq      Ia-norm    0.6999   1.80   0.0897   0.0214    -0.90  0    cut
 469  sn2008Q       Ia-norm    0.7446   1.80   0.0926   0.0193    -3.20  0    cut
 470  sn1991ar      Ib-norm    0.5984   1.80   0.1035   0.0172    27.40  1    cut
 471  sn2003ch      Ia-norm    0.6986   1.80   0.0846   0.0184     0.80  0    cut
 472  sn2003cg      Ia-norm    0.6823   1.80   0.0895   0.0219     1.90  0    cut
 473  sn2005am      Ia-norm    0.7554   1.80   0.0906   0.0225     3.00  0    cut
 474  sn1991N       Ic-norm    0.7825   1.79   0.2579   0.0247     6.60  1    cut
 475  sn2003it      Ia-norm    0.6986   1.79   0.0922   0.0189    -2.20  0    cut
 476  sn2001br      Ia-norm    0.6999   1.79   0.0949   0.0212    -0.40  0    cut
 477  sn2002fk      Ia-norm    0.6891   1.79   0.0860   0.0198    -1.50  0    cut
 478  sn2001N       Ia-norm    0.6972   1.79   0.0943   0.0254     0.70  0    cut
 479  sn2002ap      Ic-broad   0.7730   1.79   0.2556   0.0315     4.70  0    cut
 480  sn2002de      Ia-norm    0.6891   1.79   0.0922   0.0248     1.80  0    cut
 481  sn2003W       Ia-norm    0.6959   1.79   0.1010   0.0287    -3.30  0    cut
 482  sn1996C       Ia-norm    0.7053   1.79   0.0888   0.0209     2.00  0    cut
 483  sn2001da      Ia-norm    0.6972   1.79   0.0902   0.0234     0.00  0    cut
 484  sn2004et      IIP        0.7365   1.79   0.0185   0.0291    -2.90  0    cut
 485  sn2003it      Ia-norm    0.6999   1.79   0.0886   0.0204     3.70  0    cut
 486  sn2001da      Ia-norm    0.6972   1.78   0.0914   0.0233    -2.00  0    cut
 487  sn2000cx      Ia-pec     0.6837   1.78   0.0942   0.0317    -0.40  0    cut
 488  lbv2003hy     LBV        0.6959   1.78   0.0883   0.0152   -99.90  2    cut
 489  lbv2003hy     LBV        0.6972   1.78   0.2355   0.0561   -99.90  2    cut
 490  sn1993J       IIb        0.7297   1.78   0.2243   0.0304     3.80  0    cut
 491  sn2003U       Ia-norm    0.6986   1.78   0.0888   0.0197    -0.70  0    cut
 492  sn2002cd      Ia-norm    0.6891   1.77   0.2672   0.0236     0.30  0    cut
 493  sn2001N       Ia-norm    0.6661   1.77   0.0908   0.0239     4.40  0    cut
 494  sn1994T       Ia-norm    0.5835   1.77   0.0857   0.0237     0.80  0    cut
 495  sn2001fh      Ia-norm    0.6918   1.77   0.0880   0.0231    -3.60  0    cut
 496  sn2006eq      Ia-norm    0.6579   1.77   0.0858   0.0258     4.70  0    cut
 497  kcSB3         Gal        0.8069   1.77   0.2205   0.0100   -99.90  2    cut
 498  sn2008ar      Ia-norm    0.6877   1.77   0.0901   0.0197    -1.70  0    cut
 499  sn1990K       IIL        0.6214   1.77   0.2183   0.0115   160.90  1    cut
 500  sn2002cd      Ia-norm    0.6918   1.77   0.2657   0.0238     3.20  0    cut
 501  sn1991N       Ic-norm    0.6309   1.77   0.2669   0.0158   276.10  1    cut
 502  sn2006cq      Ia-norm    0.7446   1.77   0.4216   0.0279    -3.30  0    cut
 503  sn1999cc      Ia-norm    0.6986   1.77   0.0926   0.0220    -3.20  0    cut
 504  sn2006sr      Ia-norm    0.7459   1.76   0.0925   0.0194     2.00  0    cut
 505  sn2003cq      Ia-norm    0.6999   1.76   0.0907   0.0238    -1.80  0    cut
 506  sn2002he      Ia-norm    0.6999   1.76   0.0902   0.0238     5.60  0    cut
 507  sn2002er      Ia-norm    0.6904   1.76   0.0882   0.0237     4.10  0    cut
 508  sn2004as      Ia-norm    0.6972   1.76   0.0910   0.0248    -0.10  0    cut
 509  sn2002fk      Ia-norm    0.6891   1.75   0.0850   0.0213     2.50  0    cut
 510  sn2003W       Ia-norm    0.6918   1.75   0.1003   0.0301     0.60  0    cut
 511  sn2003ch      Ia-norm    0.6986   1.75   0.0856   0.0220    -0.20  0    cut
 512  sn2002ap      Ic-broad   0.6823   1.75   0.2569   0.0340     5.60  0    cut
 513  sn2008D       Ib-pec     0.7202   1.75   0.2551   0.0275     5.50  0    cut
 514  sn2004as      Ia-norm    0.6986   1.74   0.0912   0.0239    -1.00  0    cut
 515  sn2002he      Ia-norm    0.6986   1.74   0.0914   0.0226     3.70  0    cut
 516  sn2005hj      Ia-91T     0.6295   1.74   0.2316   0.0327     2.40  0    cut
 517  sn2006bt      Ia-norm    0.7432   1.74   0.2634   0.0200    -2.90  0    cut
 518  sn1994S       Ia-norm    0.5997   1.74   0.4209   0.0245    -3.00  0    cut
 519  sn2003cg      Ia-norm    0.6904   1.74   0.0905   0.0220     1.80  0    cut
 520  sn2002bo      Ia-norm    0.7730   1.74   0.0935   0.0228    -0.60  0    cut
 521  sn2003it      Ia-norm    0.6945   1.74   0.0911   0.0198    -1.10  0    cut
 522  sn2004dj      IIP        0.5564   1.74   0.2174   0.0120    51.90  1    cut
 523  sn1998dx      Ia-norm    0.6309   1.73   0.0903   0.0197    -0.70  0    cut
 524  sn1999em      IIP        0.7297   1.73   0.0182   0.0349     1.40  0    cut
 525  sn2002kf      Ia-norm    0.6986   1.73   0.0876   0.0239     6.00  0    cut
 526  sn2006bt      Ia-norm    0.7459   1.73   0.2626   0.0222     0.90  0    cut
 527  sn1996ai      Ia-norm    0.7432   1.73   0.0914   0.0190    -0.90  0    cut
 528  sn2003du      Ia-norm    0.8069   1.72   0.4044   0.0322     4.00  0    cut
 529  sn1990N       Ia-norm    0.8069   1.72   0.2540   0.0229     3.90  0    cut
 530  sn2008ar      Ia-norm    0.7473   1.72   0.2585   0.0296    -0.70  0    cut
 531  sn2004dj      IIP        0.5591   1.72   0.2177   0.0118    48.00  1    cut
 532  sn2006bp      IIP        0.6769   1.72   0.0233   0.0213     4.20  0    cut
 533  sn1998aq      Ia-norm    0.6837   1.72   0.0872   0.0252     6.00  0    cut
 534  sn2003W       Ia-norm    0.6945   1.71   0.1000   0.0304    -0.40  0    cut
 535  sn2004at      Ia-norm    0.6999   1.71   0.0872   0.0224     2.20  0    cut
 536  sn2001bg      Ia-norm    0.6864   1.71   0.0909   0.0248     5.10  0    cut
 537  sn2006sr      Ia-norm    0.7419   1.71   0.0930   0.0191     1.00  0    cut
 538  sn2000dm      Ia-norm    0.6945   1.71   0.0887   0.0208    -2.90  0    cut
 539  sn2006gz      Ia-pec     0.6471   1.71   0.0866   0.0253     6.20  0    cut
 540  sn2002ap      Ic-broad   0.6823   1.70   0.2551   0.0336     4.60  0    cut
 541  sn1999ej      Ia-norm    0.6904   1.70   0.0887   0.0232    -1.80  0    cut
 542  sn1991A       Ic-norm    0.5564   1.70   0.2678   0.0318    61.40  1    cut
 543  sn2002cx      Ia-pec     0.6999   1.70   0.2165   0.0123    -1.40  0    cut
 544  sn2005cs      IIP        0.7392   1.70   0.0124   0.0190     0.80  0    cut
 545  sn2002fk      Ia-norm    0.6877   1.70   0.0855   0.0247     4.40  0    cut
 546  sn2008D       Ib-pec     0.6931   1.70   0.2590   0.0202     4.40  0    cut
 547  sn2006bt      Ia-norm    0.7419   1.70   0.2636   0.0223    -1.00  0    cut
 548  sn2002jy      Ia-norm    0.6999   1.70   0.0889   0.0201     1.10  0    cut
 549  mstar         M-star     0.7392   1.70   0.0115   0.0134     9.00  2    cut
 550  sn1990K       IIL        0.6390   1.69   0.2380   0.0317     0.00  1    cut
 551  sn2005cf      Ia-norm    0.8069   1.69   0.4156   0.0330     6.20  0    cut
 552  sn2006bp      IIP        0.6783   1.69   0.0237   0.0247     3.30  0    cut
 553  sn2005cs      IIP        0.7432   1.69   0.0125   0.0171     2.10  0    cut
 554  sn1993J       IIb        0.7392   1.69   0.2219   0.0298     5.50  0    cut
 555  sn2004bg      Ia-norm    0.6986   1.69   0.0872   0.0229     2.60  0    cut
 556  sn2004et      IIP        0.7405   1.69   0.0185   0.0305    -0.90  0    cut
 557  sn2005hj      Ia-91T     0.6282   1.69   0.2283   0.0331     0.50  0    cut
 558  sn2001fe      Ia-norm    0.6931   1.69   0.0898   0.0215    -1.70  0    cut
 559  sn2002fk      Ia-norm    0.6877   1.69   0.0862   0.0201    -3.50  0    cut
 560  sn2008ar      Ia-norm    0.7473   1.69   0.2550   0.0238     4.10  0    cut
 561  sn1999gh      Ia-norm    0.6864   1.69   0.0834   0.0256     5.50  0    cut
 562  sn2000fa      Ia-norm    0.7135   1.68   0.0915   0.0232     1.30  0    cut
 563  sn2003it      Ia-norm    0.6972   1.68   0.0922   0.0205    -3.20  0    cut
 564  sn1996X       Ia-norm    0.6796   1.68   0.0877   0.0211    -1.80  0    cut
 565  sn2004dj      IIP        0.5591   1.68   0.2180   0.0119    50.00  1    cut
 566  sn2001az      Ia-91T     0.6972   1.68   0.0932   0.0211    -3.10  0    cut
 567  sn1998eg      Ia-norm    0.6877   1.68   0.0870   0.0206    -0.80  0    cut
 568  sn2002cr      Ia-norm    0.6904   1.68   0.0843   0.0229     0.70  0    cut
 569  sn2002he      Ia-norm    0.8069   1.68   0.4255   0.0272    -3.20  0    cut
 570  sn2003cq      Ia-norm    0.6999   1.68   0.0887   0.0249     2.00  0    cut
 571  sn2002jy      Ia-norm    0.6999   1.68   0.0882   0.0222     3.00  0    cut
 572  sn2002jy      Ia-norm    0.6999   1.68   0.0889   0.0237     6.00  0    cut
 573  sn2006sr      Ia-norm    0.7432   1.67   0.0936   0.0187    -0.90  0    cut
 574  sn2006oa      Ia-91T     0.7487   1.67   0.4180   0.0312    -0.10  0    cut
 575  sn2001bg      Ia-norm    0.6864   1.67   0.0908   0.0245     4.20  0    cut
 576  sn2003ch      Ia-norm    0.6999   1.67   0.0843   0.0221     2.80  0    cut
 577  sn1991N       Ic-norm    0.8069   1.67   0.2674   0.0181   250.20  1    cut
 578  sn1999em      IIP        0.7581   1.67   0.0179   0.0301     2.40  0    cut
 579  sn2001eh      Ia-91T     0.8042   1.67   0.4143   0.0345     2.70  0    cut
 580  sn2006gz      Ia-pec     0.6390   1.67   0.0924   0.0182    -1.60  0    cut
 581  sn2005cf      Ia-norm    0.7987   1.66   0.4149   0.0333     5.20  0    cut
 582  sn2001en      Ia-norm    0.6972   1.66   0.0899   0.0261     6.30  0    cut
 583  sn2004as      Ia-norm    0.6972   1.66   0.0932   0.0248    -2.90  0    cut
 584  sn2002kf      Ia-norm    0.6986   1.66   0.0891   0.0219     2.20  0    cut
 585  sn2002ap      Ic-broad   0.6823   1.66   0.2582   0.0351     3.60  0    cut
 586  sn2006al      Ia-norm    0.7432   1.66   0.4176   0.0253     3.40  0    cut
 587  sn1997ei      Ic-norm    0.6972   1.65   0.2558   0.0329    10.90  1    cut
 588  sn2006bt      Ia-norm    0.7446   1.65   0.2629   0.0224    -0.10  0    cut
 589  sn2002dj      Ia-norm    0.8069   1.65   0.4308   0.0283    -3.60  0    cut
 590  sn1998aq      Ia-norm    0.6837   1.65   0.0878   0.0253     5.00  0    cut
 591  sn1991N       Ic-norm    0.8069   1.65   0.0803   0.0444     0.00  1    cut
 592  sn1998dx      Ia-norm    0.6322   1.65   0.0922   0.0211    -1.70  0    cut
 593  sn2006X       Ia-norm    0.7392   1.65   0.2679   0.0244     5.20  0    cut
 594  sn2007kk      Ia-norm    0.7500   1.65   0.4125   0.0346     1.10  0    cut
 595  sn2004as      Ia-norm    0.6999   1.65   0.0923   0.0262    -2.00  0    cut
 596  sn2005bf      Ib-pec     0.7459   1.65   0.2488   0.0178    -2.70  0    cut
 597  sn1997dt      Ia-norm    0.6864   1.64   0.0880   0.0238     2.20  0    cut
 598  sn2002jy      Ia-norm    0.6999   1.64   0.0890   0.0194     0.10  0    cut
 599  sn2007ba      Ia-91bg    0.6444   1.64   0.2400   0.0284     6.00  0    cut
 600  sn1995F       Ic-norm    0.7730   1.64   0.2520   0.0339     0.20  1    cut
 601  sn1998bu      Ia-norm    0.6810   1.64   0.0885   0.0208    -3.60  0    cut
 602  sn2002bo      Ia-norm    0.8069   1.64   0.0887   0.0273     5.20  0    cut
 603  sn2003ch      Ia-norm    0.6999   1.64   0.0871   0.0221    -2.10  0    cut
 604  sn1998aq      Ia-norm    0.6823   1.64   0.0878   0.0215    -0.90  0    cut
 605  sn2006cj      Ia-norm    0.7419   1.64   0.4147   0.0284    -1.20  0    cut
 606  sn1999ac      Ia-91T     0.7270   1.64   0.2531   0.0331    -2.10  0    cut
 607  sn2004dj      IIP        0.5578   1.64   0.2176   0.0118    46.80  1    cut
 608  sn1998bu      Ia-norm    0.6810   1.64   0.0883   0.0210    -2.60  0    cut
 609  sn2007A       Ia-norm    0.7446   1.64   0.2501   0.0356    -3.40  0    cut
 610  sn2002kf      Ia-norm    0.6999   1.63   0.0877   0.0225     3.10  0    cut
 611  sn2004at      Ia-norm    0.6999   1.63   0.0874   0.0227     1.20  0    cut
 612  sn2002kf      Ia-norm    0.6999   1.63   0.0886   0.0227     4.10  0    cut
 613  sn2001en      Ia-norm    0.6959   1.63   0.0909   0.0261     5.30  0    cut
 614  sn1991A       Ic-norm    0.5916   1.63   0.2706   0.0212    47.50  1    cut
 615  sn1998dh      Ia-norm    0.6891   1.63   0.0899   0.0238    -0.60  0    cut
 616  sn2000fa      Ia-norm    0.6999   1.63   0.2631   0.0220     4.20  0    cut
 617  sn1998bu      Ia-norm    0.6810   1.62   0.0878   0.0215    -1.60  0    cut
 618  sn1998aq      Ia-norm    0.6837   1.62   0.0875   0.0221     1.00  0    cut
 619  sn1999cl      Ia-norm    0.7094   1.62   0.0928   0.0249    -3.30  0    cut
 620  sn2004at      Ia-norm    0.6986   1.62   0.0879   0.0213    -0.70  0    cut
 621  sn2004at      Ia-norm    0.6999   1.62   0.0878   0.0225     0.20  0    cut
 622  lbv2003hy     LBV        0.6959   1.62   0.2316   0.0272   -99.90  2    cut
 623  sn1998aq      Ia-norm    0.6837   1.62   0.0879   0.0237     3.00  0    cut
 624  sn1998aq      Ia-norm    0.6837   1.61   0.0875   0.0246     4.00  0    cut
 625  sn2005cf      Ia-norm    0.8069   1.61   0.4156   0.0345     4.50  0    cut
 626  sn1998dx      Ia-norm    0.6999   1.61   0.0881   0.0220     1.10  0    cut
 627  sn2001cp      Ia-norm    0.6999   1.61   0.0886   0.0216     0.80  0    cut
 628  sn1990K       IIL        0.6444   1.61   0.2194   0.0115   174.70  1    cut
 629  sn1998aq      Ia-norm    0.6823   1.61   0.0873   0.0220     0.00  0    cut
 630  sn2006ev      Ia-norm    0.7487   1.61   0.2577   0.0173     5.50  0    cut
 631  sn1998aq      Ia-norm    0.6837   1.61   0.0876   0.0228     2.00  0    cut
 632  sn2006X       Ia-norm    0.7405   1.61   0.2679   0.0249     2.30  0    cut
 633  sn2001fe      Ia-norm    0.6945   1.61   0.0902   0.0238     0.30  0    cut
 634  sn1997dt      Ia-norm    0.6850   1.61   0.0891   0.0236     0.20  0    cut
 635  sn2005na      Ia-norm    0.7432   1.60   0.2449   0.0362     1.40  0    cut
 636  sn2001br      Ia-norm    0.8069   1.60   0.0939   0.0228     2.50  0    cut
 637  sn2004dj      IIP        0.6079   1.60   0.2217   0.0126    89.80  1    cut
 638  sn1997Y       Ia-norm    0.6539   1.60   0.0858   0.0235     2.90  0    cut
 639  sn1996ab      Ia-norm    0.6227   1.60   0.2368   0.0430     1.30  0    cut
 640  sn1997bp      Ia-norm    0.8069   1.60   0.4427   0.0310    -3.00  0    cut
 641  sn1995E       Ia-norm    0.6593   1.60   0.2515   0.0315    -2.90  0    cut
 642  sn2000fa      Ia-norm    0.7013   1.59   0.2647   0.0229     2.20  0    cut
 643  kcSB4         Gal        0.8069   1.59   0.2212   0.0118   -99.90  2    cut
 644  sn1999di      Ib-norm    0.5050   1.59   0.1073   0.0212    30.50  1    cut
 645  sn1999aa      Ia-91T     0.8055   1.59   0.3830   0.0377     1.80  0    cut
 646  sn1999di      Ib-norm    0.6227   1.59   0.2077   0.0221     0.00  1    cut
 647  sn2007le      Ia-norm    0.7446   1.59   0.2628   0.0256     5.40  0    cut
 648  sn2005cf      Ia-norm    0.7473   1.58   0.2627   0.0345    -3.40  0    cut
 649  sn1991bg      Ia-91bg    0.6458   1.58   0.2376   0.0349     2.10  0    cut
 650  sn2006X       Ia-norm    0.7378   1.58   0.2673   0.0257     4.20  0    cut
 651  sn1981B       Ia-norm    0.8069   1.58   0.4147   0.0320    -1.50  0    cut
 652  sn1998dh      Ia-norm    0.6864   1.58   0.0912   0.0228    -3.50  0    cut
 653  sn2003du      Ia-norm    0.6864   1.57   0.0874   0.0235     2.10  0    cut
 654  sn2006ot      Ia-norm    0.7487   1.57   0.4274   0.0306     2.50  0    cut
 655  sn2001en      Ia-norm    0.6959   1.57   0.0909   0.0253     4.40  0    cut
 656  lbv2001ac     LBV        0.6850   1.57   0.2182   0.0105   -99.90  2    cut
 657  sn1991N       Ic-norm    0.8069   1.57   0.0824   0.0273    12.00  1    cut
 658  sn2004et      IIP        0.7405   1.57   0.2345   0.0254     6.20  0    cut
 659  sn2007jg      Ia-norm    0.7500   1.56   0.2677   0.0312    -2.30  0    cut
 660  sn2004et      IIP        0.7365   1.56   0.0188   0.0294     1.00  0    cut
 661  sn2002cs      Ia-norm    0.6959   1.56   0.2660   0.0217     3.30  0    cut
 662  sn2005A       Ia-norm    0.6579   1.56   0.0978   0.0312     1.50  0    cut
 663  lbv2003hy     LBV        0.6999   1.56   0.2339   0.0297   -99.90  2    cut
 664  sn1994S       Ia-norm    0.6728   1.56   0.0854   0.0222     0.90  0    cut
 665  sn2007co      Ia-norm    0.7459   1.56   0.2662   0.0307    -3.10  0    cut
 666  sn2003W       Ia-norm    0.6972   1.55   0.1007   0.0333    -2.30  0    cut
 667  sn2004ef      Ia-norm    0.7487   1.55   0.2668   0.0304    -3.30  0    cut
 668  sn1999dn      Ib-norm    0.7229   1.55   0.2317   0.0353     6.90  1    cut
 669  sn2003du      Ia-norm    0.6837   1.55   0.0873   0.0227     1.10  0    cut
 670  sn1994D       Ia-norm    0.6850   1.55   0.0896   0.0222    -0.10  0    cut
 671  sn2002kf      Ia-norm    0.6999   1.55   0.0897   0.0225     1.10  0    cut
 672  sn1995F       Ic-norm    0.7473   1.55   0.2489   0.0319    88.80  1    cut
 673  sn2008ar      Ia-norm    0.7432   1.55   0.2551   0.0268     5.00  0    cut
 674  sn2005bf      Ib-pec     0.7405   1.55   0.2471   0.0215    -0.70  0    cut
 675  sn2008ar      Ia-norm    0.7473   1.55   0.2559   0.0314     1.20  0    cut
 676  sn2007co      Ia-norm    0.7473   1.54   0.2589   0.0206     5.70  0    cut
 677  sn1990K       IIL        0.5930   1.54   0.2173   0.0166    76.30  1    cut
 678  sn2002es      Ia-91bg    0.6972   1.54   0.0814   0.0338     4.10  0    cut
 679  kcSB1         Gal        0.8069   1.54   0.3130   0.0094   -99.90  2    cut
 680  sn1993J       IIb        0.8069   1.54   0.2429   0.0336    -2.00  0    cut
 681  sn2004bg      Ia-norm    0.6959   1.54   0.0878   0.0211    -3.00  0    cut
 682  sn2000dn      Ia-norm    0.6986   1.54   0.0860   0.0206    -0.90  0    cut
 683  sn1993J       IIb        0.7229   1.53   0.2438   0.0333     1.40  0    cut
 684  sn1990K       IIL        0.5659   1.53   0.2191   0.0120   201.60  1    cut
 685  sn1999em      IIP        0.8001   1.53   0.2355   0.0214     6.20  0    cut
 686  sn2002bf      Ia-norm    0.6999   1.53   0.0982   0.0296     1.80  0    cut
 687  sn1998ec      Ia-norm    0.6959   1.53   0.2681   0.0245    -3.00  0    cut
 688  sn2002bo      Ia-norm    0.6837   1.53   0.0939   0.0278    -2.40  0    cut
 689  sn2003ic      Ia-norm    0.6972   1.53   0.2543   0.0373    -2.30  0    cut
 690  sn2002ap      Ic-broad   0.6823   1.53   0.2662   0.0395     0.60  0    cut
 691  sn1994D       Ia-norm    0.6864   1.52   0.0912   0.0222    -3.10  0    cut
 692  sn2008ar      Ia-norm    0.7432   1.52   0.2570   0.0262     3.10  0    cut
 693  sn1995F       Ic-norm    0.6810   1.52   0.2530   0.0239     1.90  1    cut
 694  sn2002ha      Ia-norm    0.8069   1.52   0.4144   0.0325     1.70  0    cut
 695  sn1990aa      Ic-norm    0.6471   1.52   0.0908   0.0353    61.50  1    cut
 696  sn2005cf      Ia-norm    0.7446   1.52   0.2616   0.0348    -2.30  0    cut
 697  kcSB5         Gal        0.8069   1.52   0.2206   0.0110   -99.90  2    cut
 698  sn2005bf      Ib-pec     0.7432   1.52   0.2391   0.0281     6.20  0    cut
 699  sn2006al      Ia-norm    0.7392   1.52   0.3995   0.0315     4.30  0    cut
 700  sn2001E       Ia-norm    0.6972   1.51   0.2683   0.0239     2.80  0    cut
 701  sn2006cm      Ia-norm    0.7446   1.51   0.2242   0.0380    -1.00  0    cut
 702  sn2005bf      Ib-pec     0.7432   1.51   0.2449   0.0237     3.20  0    cut
 703  sn1987A       II-pec     0.5767   1.51   0.2362   0.0279    -2.70  0    cut
 704  sn2002cr      Ia-norm    0.6904   1.51   0.0848   0.0226    -2.40  0    cut
 705  sn2002bo      Ia-norm    0.6837   1.51   0.0934   0.0286    -1.50  0    cut
 706  sn2003du      Ia-norm    0.6864   1.51   0.0876   0.0224    -1.80  0    cut
 707  sn2001fe      Ia-norm    0.6945   1.51   0.2582   0.0271     3.20  0    cut
 708  sn2001en      Ia-norm    0.6959   1.51   0.0913   0.0243     1.50  0    cut
 709  sn2004fu      Ia-norm    0.7446   1.51   0.2636   0.0331    -3.50  0    cut
 710  mstar         M-star     0.7405   1.51   0.2221   0.0138    10.00  2    cut
 711  sn1994M       Ia-norm    0.6674   1.50   0.0909   0.0268     5.60  0    cut
 712  sn2006X       Ia-norm    0.7405   1.50   0.2687   0.0294     1.30  0    cut
 713  sn1990O       Ia-norm    0.7040   1.50   0.2649   0.0276    -0.90  0    cut
 714  sn2004ef      Ia-norm    0.7473   1.50   0.0907   0.0238     1.50  0    cut
 715  sn2003gn      Ia-norm    0.6986   1.50   0.0924   0.0240    -3.00  0    cut
 716  sn2005am      Ia-norm    0.7473   1.50   0.0960   0.0234    -2.90  0    cut
 717  sn2001G       Ia-norm    0.6972   1.50   0.2610   0.0243     4.70  0    cut
 718  sn2004dt      Ia-norm    0.8069   1.50   0.2611   0.0275    -3.70  0    cut
 719  sn2002bo      Ia-norm    0.6837   1.50   0.0946   0.0278    -3.40  0    cut
 720  sn2004at      Ia-norm    0.6999   1.49   0.0895   0.0234    -3.60  0    cut
 721  sn2002bo      Ia-norm    0.7446   1.49   0.2632   0.0254    -1.50  0    cut
 722  sn2008af      Ia-norm    0.7514   1.49   0.2596   0.0176     5.90  0    cut
 723  sn1994M       Ia-norm    0.6688   1.48   0.0942   0.0279     4.70  0    cut
 724  sn1986G       Ia-91bg    0.6133   1.48   0.2446   0.0316    -3.00  0    cut
 725  sn1998ef      Ia-norm    0.6823   1.48   0.0918   0.0245     1.30  0    cut
 726  sn2001ep      Ia-norm    0.8069   1.48   0.2550   0.0201     2.80  0    cut
 727  sn2007kk      Ia-norm    0.7527   1.48   0.2602   0.0258     5.90  0    cut
 728  sn2006gr      Ia-norm    0.7459   1.48   0.2647   0.0328    -1.10  0    cut
 729  sn2005bf      Ib-pec     0.7405   1.48   0.2436   0.0277     5.20  0    cut
 730  sn2001fe      Ia-norm    0.6945   1.47   0.2605   0.0238     6.20  0    cut
 731  sn2005bf      Ib-pec     0.7459   1.47   0.2483   0.0252    -1.60  0    cut
 732  sn2007bc      Ia-norm    0.7405   1.47   0.2561   0.0362    -2.60  0    cut
 733  sn1996ai      Ia-norm    0.6891   1.47   0.0882   0.0272     4.20  0    cut
 734  sn1993J       IIb        0.7351   1.47   0.2460   0.0342    -2.40  0    cut
 735  sn2007kk      Ia-norm    0.7487   1.46   0.2608   0.0277     4.10  0    cut
 736  sn2002er      Ia-norm    0.7554   1.46   0.2610   0.0596    -1.10  0    cut
 737  sn2003kf      Ia-norm    0.6823   1.46   0.0898   0.0212    -3.40  0    cut
 738  sn2004dt      Ia-norm    0.7866   1.45   0.2621   0.0249    -1.00  0    cut
 739  sn2005bf      Ib-pec     0.8069   1.45   0.2446   0.0247     3.40  0    cut
 740  sn2007A       Ia-norm    0.7378   1.45   0.2542   0.0373    -2.40  0    cut
 741  sn2007af      Ia-norm    0.7446   1.45   0.2580   0.0370    -3.60  0    cut
 742  sn2004et      IIP        0.7311   1.45   0.0183   0.0288     2.00  0    cut
 743  sn2006cp      Ia-norm    0.7405   1.44   0.2616   0.0257     6.30  0    cut
 744  sn1999em      IIP        0.7324   1.44   0.0188   0.0336     0.40  0    cut
 745  sn1990K       IIL        0.6065   1.44   0.2233   0.0187    53.30  1    cut
 746  sn2005cs      IIP        0.7243   1.44   0.0120   0.0188     3.80  0    cut
 747  sn2004dj      IIP        0.5605   1.44   0.2180   0.0121    50.60  1    cut
 748  sn2005bf      Ib-pec     0.7405   1.44   0.2459   0.0268     2.20  0    cut
 749  sn2004dt      Ia-norm    0.7798   1.44   0.2583   0.0237     3.30  0    cut
 750  sn1993J       IIb        0.7338   1.44   0.2414   0.0317     3.70  0    cut
 751  sn2007co      Ia-norm    0.7473   1.44   0.2604   0.0238     4.60  0    cut
 752  sn2006S       Ia-norm    0.7446   1.43   0.2632   0.0376     4.10  0    cut
 753  sn1997bp      Ia-norm    0.6931   1.43   0.2677   0.0248     3.80  0    cut
 754  sn2007kk      Ia-norm    0.7473   1.43   0.2607   0.0335    -1.70  0    cut
 755  sn2007cg      Ia-norm    0.6539   1.42   0.0949   0.0240     5.50  0    cut
 756  sn2004ef      Ia-norm    0.7514   1.42   0.2602   0.0235     2.50  0    cut
 757  sn2007co      Ia-norm    0.7487   1.42   0.2642   0.0288    -0.20  0    cut
 758  sn1986G       Ia-91bg    0.5740   1.42   0.2434   0.0319    -0.70  0    cut
 759  agn           AGN        0.8069   1.42   0.2187   0.0114   -99.90  2    cut
 760  lbv2003hy     LBV        0.6945   1.42   0.2209   0.0289   -99.90  2    cut
 761  sn2004fu      Ia-norm    0.7459   1.42   0.2586   0.0241     4.40  0    cut
 762  sn2005cs      IIP        0.7446   1.42   0.2282   0.0142     5.00  0    cut
 763  sn1997bp      Ia-norm    0.6931   1.42   0.2677   0.0250     2.80  0    cut
 764  sn1990K       IIL        0.6634   1.42   0.2235   0.0204    55.60  1    cut
 765  sn1994M       Ia-norm    0.6823   1.42   0.0932   0.0283     1.60  0    cut
 766  sn2004ef      Ia-norm    0.7473   1.41   0.0915   0.0247     0.60  0    cut
 767  sn1991N       Ic-norm    0.7825   1.41   0.2555   0.0265     7.60  1    cut
 768  sn1997bp      Ia-norm    0.6931   1.41   0.2681   0.0255     1.80  0    cut
 769  sn2007co      Ia-norm    0.7487   1.41   0.2656   0.0312    -1.20  0    cut
 770  sn1990K       IIL        0.6904   1.41   0.2187   0.0156   119.10  1    cut
 771  sn1990aa      Ic-norm    0.6471   1.41   0.2703   0.0292   116.10  1    cut
 772  sn2005cf      Ia-norm    0.7473   1.41   0.2624   0.0365    -1.40  0    cut
 773  sn1994M       Ia-norm    0.6796   1.41   0.0916   0.0283     2.60  0    cut
 774  sn2005bf      Ib-pec     0.7378   1.41   0.2449   0.0234     1.20  0    cut
 775  sn2007co      Ia-norm    0.7473   1.40   0.2606   0.0258     3.70  0    cut
 776  sn1997bp      Ia-norm    0.6931   1.40   0.2693   0.0256     0.80  0    cut
 777  sn1993J       IIb        0.7080   1.40   0.2466   0.0363     3.40  0    cut
 778  sn2003ic      Ia-norm    0.6986   1.40   0.2609   0.0420     3.40  0    cut
 779  sn1999em      IIP        0.7392   1.40   0.0175   0.0347    -0.60  0    cut
 780  sn2004ef      Ia-norm    0.7473   1.40   0.2674   0.0303    -1.50  0    cut
 781  sn1993J       IIb        0.8069   1.40   0.2451   0.0360    -3.00  0    cut
 782  lbv1999bw     LBV        0.6349   1.39   0.1286   0.0091   -99.90  2    cut
 783  sn2004dt      Ia-norm    0.8028   1.39   0.2584   0.0236     3.80  0    cut
 784  sn1998ef      Ia-norm    0.6810   1.39   0.0936   0.0232    -3.60  0    cut
 785  sn2007kk      Ia-norm    0.7514   1.39   0.2640   0.0308     5.00  0    cut
 786  sn2004dt      Ia-norm    0.7595   1.39   0.2599   0.0256     2.30  0    cut
 787  sn1992A       Ia-norm    0.8069   1.39   0.2646   0.0197     5.50  0    cut
 788  sn2003cg      Ia-norm    0.7311   1.39   0.4185   0.0333    -2.10  0    cut
 789  sn2007co      Ia-norm    0.7459   1.38   0.2624   0.0254     2.70  0    cut
 790  sn2001cp      Ia-norm    0.6986   1.38   0.2608   0.0364    -1.10  0    cut
 791  sn2007af      Ia-norm    0.7473   1.38   0.2579   0.0390    -2.60  0    cut
 792  sn2007F       Ia-norm    0.7392   1.38   0.2571   0.0388    -1.80  0    cut
 793  sn2000cx      Ia-pec     0.6173   1.38   0.0828   0.0332    -1.30  0    cut
 794  sn2002bo      Ia-norm    0.7459   1.38   0.2657   0.0394    -3.70  0    cut
 795  sn1993J       IIb        0.7175   1.38   0.2462   0.0362    -1.60  0    cut
 796  sn2004et      IIP        0.7432   1.38   0.2351   0.0280     4.00  0    cut
 797  sn2006le      Ia-norm    0.7392   1.38   0.2633   0.0351     5.90  0    cut
 798  sn2007F       Ia-norm    0.7432   1.37   0.2549   0.0392    -0.90  0    cut
 799  sn2005bo      Ia-norm    0.7446   1.37   0.2547   0.0372    -0.10  0    cut
 800  sn1998dt      Ib-norm    0.6959   1.37   0.2716   0.0214     0.90  0    cut
 801  sn2007af      Ia-norm    0.7459   1.37   0.2577   0.0386    -1.60  0    cut
 802  sn1999em      IIP        0.6783   1.36   0.0193   0.0320    -1.60  0    cut
 803  sn2004ef      Ia-norm    0.7473   1.36   0.0915   0.0239    -0.40  0    cut
 804  sn2005cf      Ia-norm    0.7446   1.36   0.2608   0.0381    -0.30  0    cut
 805  sn2006S       Ia-norm    0.7446   1.36   0.2661   0.0384    -2.60  0    cut
 806  sn2007co      Ia-norm    0.7459   1.36   0.2627   0.0304     0.80  0    cut
 807  sn2003cg      Ia-norm    0.6119   1.36   0.2294   0.0347    -2.30  0    cut
 808  sn2006le      Ia-norm    0.7378   1.36   0.2605   0.0375     3.90  0    cut
 809  sn2006gr      Ia-norm    0.7514   1.36   0.2703   0.0376    -2.10  0    cut
 810  sn2005hj      Ia-91T     0.6214   1.35   0.2291   0.0481     5.10  0    cut
 811  sn2002bo      Ia-norm    0.7459   1.35   0.2666   0.0622    -2.80  0    cut
 812  sn1990K       IIL        0.6620   1.35   0.2188   0.0133   174.70  1    cut
 813  sn2006le      Ia-norm    0.7405   1.34   0.2640   0.0379     2.90  0    cut
 814  sn2004fu      Ia-norm    0.7419   1.34   0.2599   0.0279     2.40  0    cut
 815  sn1994M       Ia-norm    0.6607   1.33   0.0939   0.0289     3.70  0    cut
 816  sn2001ck      Ia-norm    0.8069   1.33   0.2580   0.0249     5.80  0    cut
 817  sn1998dt      Ib-norm    0.6959   1.33   0.1101   0.0432     0.00  0    cut
 818  sn1989B       Ia-norm    0.8069   1.33   0.2586   0.0406    -1.30  0    cut
 819  sn2003ch      Ia-norm    0.8069   1.33   0.4164   0.0296     1.80  0    cut
 820  sn2005hc      Ia-norm    0.7392   1.33   0.2574   0.0278     5.40  0    cut
 821  sn2003ic      Ia-norm    0.6986   1.33   0.2623   0.0420     4.30  0    cut
 822  sn2007ae      Ia-norm    0.6742   1.33   0.2627   0.0175     3.30  0    cut
 823  sn2002cu      Ia-norm    0.6959   1.33   0.0955   0.0279    -3.30  0    cut
 824  sn1997bp      Ia-norm    0.6918   1.32   0.2690   0.0278    -0.20  0    cut
 825  sn2005cf      Ia-norm    0.7378   1.32   0.2582   0.0331     4.50  0    cut
 826  sn2004dt      Ia-norm    0.7947   1.32   0.2630   0.0260    -3.00  0    cut
 827  sn2005cf      Ia-norm    0.7473   1.32   0.2616   0.0382     0.60  0    cut
 828  sn2006cj      Ia-norm    0.7432   1.32   0.2538   0.0392    -0.20  0    cut
 829  kcSc          Gal        0.8069   1.32   0.2201   0.0121   -99.90  2    cut
 830  sn2001ay      Ia-norm    0.8069   1.31   0.2662   0.0231     5.80  0    cut
 831  sn2006cf      Ia-norm    0.7473   1.31   0.2580   0.0390     2.70  0    cut
 832  sn2006cf      Ia-norm    0.7473   1.31   0.2571   0.0364     3.70  0    cut
 833  sn1999aw      Ia-91T     0.7784   1.31   0.2749   0.0380     0.00  0    cut
 834  sn2007kk      Ia-norm    0.7473   1.31   0.2645   0.0325     3.20  0    cut
 835  sn2006gz      Ia-pec     0.6796   1.30   0.2619   0.0121     5.30  0    cut
 836  sn2006cf      Ia-norm    0.7459   1.30   0.2573   0.0373     4.70  0    cut
 837  sn1990N       Ia-norm    0.5794   1.30   0.0849   0.0272     1.60  0    cut
 838  sn2007fs      Ia-norm    0.7473   1.30   0.2559   0.0390     5.10  0    cut
 839  sn1999em      IIP        0.6796   1.30   0.0207   0.0343    -3.60  0    cut
 840  sn1999aw      Ia-91T     0.5740   1.30   0.5677   0.0284    -1.00  0    cut
 841  sn2002cd      Ia-norm    0.6918   1.30   0.0991   0.0303    -3.70  0    cut
 842  sn1990K       IIL        0.6376   1.30   0.2186   0.0133   202.50  1    cut
 843  sn2005cf      Ia-norm    0.7459   1.30   0.2604   0.0370     2.50  0    cut
 844  sn2003du      Ia-norm    0.7473   1.30   0.2600   0.0400    -0.30  0    cut
 845  sn1995F       Ic-norm    0.6607   1.30   0.2472   0.0398    11.00  1    cut
 846  sn1994D       Ia-norm    0.7649   1.29   0.2601   0.0395    -2.30  0    cut
 847  kcSB2         Gal        0.8069   1.29   0.3130   0.0098   -99.90  2    cut
 848  sn2006br      Ia-norm    0.7405   1.29   0.2522   0.0194     3.00  0    cut
 849  sn2002bo      Ia-norm    0.7459   1.29   0.2650   0.0475    -1.80  0    cut
 850  sn2007co      Ia-norm    0.7405   1.29   0.2635   0.0335     1.70  0    cut
 851  sn2006al      Ia-norm    0.7432   1.29   0.2566   0.0200     5.40  0    cut
 852  sn1991A       Ic-norm    0.6065   1.29   0.2324   0.0363     0.00  1    cut
 853  sn2007kk      Ia-norm    0.7500   1.29   0.2623   0.0343     2.10  0    cut
 854  sn2005cf      Ia-norm    0.7446   1.29   0.2610   0.0384     1.60  0    cut
 855  sn2005cf      Ia-norm    0.7405   1.28   0.2601   0.0356     3.50  0    cut
 856  sn2000cx      Ia-pec     0.6850   1.28   0.2703   0.0375    -1.30  0    cut
 857  sn2005hc      Ia-norm    0.7432   1.28   0.2592   0.0278     6.30  0    cut
 858  sn2006cf      Ia-norm    0.7405   1.28   0.2567   0.0391     1.80  0    cut
 859  sn2006az      Ia-norm    0.7392   1.28   0.2558   0.0401    -1.00  0    cut
 860  sn2002bo      Ia-norm    0.8001   1.28   0.2662   0.0332    -1.70  0    cut
 861  sn2006bq      Ia-norm    0.7419   1.27   0.2625   0.0308     5.30  0    cut
 862  sn2007fs      Ia-norm    0.7459   1.27   0.2569   0.0393     4.10  0    cut
 863  sn2003du      Ia-norm    0.7473   1.27   0.2582   0.0423    -1.30  0    cut
 864  sn2004dt      Ia-norm    0.7026   1.27   0.2602   0.0207     1.00  0    cut
 865  sn2005hj      Ia-91T     0.4237   1.27   0.0300   0.0175     3.30  0    cut
 866  sn2007A       Ia-norm    0.7459   1.27   0.2539   0.0407     4.50  0    cut
 867  sn2004fu      Ia-norm    0.7459   1.26   0.2590   0.0320     3.40  0    cut
 868  sn1991ar      Ib-norm    0.5348   1.26   0.2010   0.0191     0.00  1    cut
 869  sn1997dd      IIb        0.6945   1.26   0.2075   0.0413    16.40  1    cut
 870  sn2005cg      Ia-norm    0.4021   1.26   0.0330   0.0194     4.80  0    cut
 871  sn2007F       Ia-norm    0.7432   1.26   0.2552   0.0406     3.00  0    cut
 872  sn2004dt      Ia-norm    0.6133   1.25   0.2591   0.0387    -2.00  0    cut
 873  sn1992A       Ia-norm    0.7554   1.25   0.2689   0.0184     2.00  0    cut
 874  sn2006bp      IIP        0.5754   1.25   0.3630   0.0350     0.10  0    cut
 875  sn2003du      Ia-norm    0.7635   1.25   0.2595   0.0402    -2.20  0    cut
 876  sn1994ae      Ia-norm    0.7013   1.25   0.2541   0.0407     0.00  0    cut
 877  sn1992A       Ia-norm    0.7541   1.25   0.2691   0.0217    -0.80  0    cut
 878  sn2005cs      IIP        0.5835   1.25   0.2229   0.0155     0.80  0    cut
 879  sn1999em      IIP        0.5997   1.24   0.2314   0.0191     5.60  0    cut
 880  sn2001bf      Ia-norm    0.6959   1.24   0.2514   0.0170     4.70  0    cut
 881  sn1994ae      Ia-norm    0.7013   1.24   0.2528   0.0406     3.00  0    cut
 882  sn2000cx      Ia-pec     0.6403   1.24   0.2377   0.0382    -0.30  0    cut
 883  sn1997bp      Ia-norm    0.6931   1.24   0.2690   0.0319    -1.20  0    cut
 884  sn2007kk      Ia-norm    0.7459   1.24   0.2663   0.0371    -0.80  0    cut
 885  sn1990B       Ic-norm    0.5199   1.24   0.5084   0.0220     4.00  0    cut
 886  sn2007Y       Ib-norm    0.6525   1.24   0.7198   0.0298     4.90  0    cut
 887  sn2006ax      Ia-norm    0.7378   1.24   0.2534   0.0415     0.50  0    cut
 888  sn1994ae      Ia-norm    0.6986   1.24   0.2548   0.0398     4.00  0    cut
 889  lbv2003hy     LBV        0.6972   1.24   0.2272   0.0355   -99.90  2    cut
 890  sn2007fs      Ia-norm    0.7487   1.23   0.2536   0.0425     3.10  0    cut
 891  sn1999em      IIP        0.6783   1.23   0.0210   0.0345    -2.60  0    cut
 892  sn2005cs      IIP        0.4468   1.23   0.2215   0.0332    -1.20  0    cut
 893  sn2004dt      Ia-norm    0.7581   1.23   0.2619   0.0450    -0.70  0    cut
 894  sn2003du      Ia-norm    0.7459   1.23   0.2583   0.0434     0.90  0    cut
 895  sn2005bf      Ib-pec     0.6065   1.23   0.0954   0.0359    -0.90  0    cut
 896  sn1997cy      IIn        0.8028   1.23   0.0742   0.0378    14.10  1    cut
 897  sn2006aj      Ic-broad   0.5551   1.22   0.2692   0.0419     1.50  0    cut
 898  sn1998dt      Ib-norm    0.6959   1.22   0.1008   0.0469     3.90  0    cut
 899  sn2003du      Ia-norm    0.7473   1.22   0.2559   0.0434     2.90  0    cut
 900  sn1994ae      Ia-norm    0.7026   1.21   0.2549   0.0406     0.90  0    cut
 901  sn1995E       Ia-norm    0.6945   1.21   0.2590   0.0407     1.00  0    cut
 902  sn1994ae      Ia-norm    0.7013   1.21   0.2542   0.0412     2.00  0    cut
 903  sn2008bf      Ia-norm    0.7446   1.21   0.2603   0.0402     3.60  0    cut
 904  sn2006S       Ia-norm    0.7432   1.21   0.2651   0.0415    -0.70  0    cut
 905  sn2001el      Ia-norm    0.5564   1.20   0.5466   0.0312     1.20  0    cut
 906  sn2008bf      Ia-norm    0.7432   1.20   0.2623   0.0420     0.70  0    cut
 907  sn1999ac      Ia-91T     0.7690   1.20   0.2582   0.0405     0.40  0    cut
 908  sn2006S       Ia-norm    0.7432   1.19   0.2629   0.0423     0.20  0    cut
 909  sn2003hv      Ia-norm    0.6309   1.19   0.0891   0.0298     3.20  0    cut
 910  sn1996cb      IIb        0.6877   1.19   0.2116   0.0390     6.00  0    cut
 911  sn1997ei      Ic-norm    0.5388   1.19   0.7381   0.0207     0.00  1    cut
 912  sn2008bf      Ia-norm    0.7432   1.19   0.2616   0.0411     2.60  0    cut
 913  sn2006aj      Ic-broad   0.8069   1.18   0.2711   0.0496     2.50  0    cut
 914  sn1995E       Ia-norm    0.7229   1.18   0.2578   0.0253     5.90  0    cut
 915  sn2005na      Ia-norm    0.7338   1.18   0.2522   0.0433     3.40  0    cut
 916  sn2007bd      Ia-norm    0.7459   1.18   0.2647   0.0416    -1.30  0    cut
 917  sn1999em      IIP        0.7405   1.18   0.2356   0.0209     5.40  0    cut
 918  sn1994T       Ia-norm    0.6403   1.17   0.0915   0.0315     0.80  0    cut
 919  sn1988L       Ib-norm    0.5659   1.17   0.1085   0.0260    47.70  1    cut
 920  sn1994ae      Ia-norm    0.6999   1.17   0.2552   0.0420     5.00  0    cut
 921  sn2004dt      Ia-norm    0.7013   1.17   0.2597   0.0225     2.00  0    cut
 922  sn1995D       Ia-norm    0.7202   1.17   0.2577   0.0370     5.50  0    cut
 923  sn1998S       IIn        0.5808   1.17   0.1795   0.0421     1.90  0    cut
 924  sn2005cs      IIP        0.7419   1.17   0.1306   0.0158     4.00  0    cut
 925  sn1988L       Ib-norm    0.6146   1.17   0.7431   0.0306     0.00  1    cut
 926  sn2005cs      IIP        0.7432   1.16   0.1313   0.0167     3.10  0    cut
 927  sn2005ki      Ia-norm    0.7392   1.16   0.2596   0.0422     1.00  0    cut
 928  sn1995E       Ia-norm    0.6864   1.16   0.2607   0.0397    -0.90  0    cut
 929  sn2007ca      Ia-norm    0.7473   1.16   0.2557   0.0443     5.50  0    cut
 930  sn2008bf      Ia-norm    0.7446   1.16   0.2616   0.0409     4.50  0    cut
 931  sn1997cy      IIn        0.8069   1.15   0.2632   0.0155   196.10  1    cut
 932  sn2007ca      Ia-norm    0.7419   1.15   0.2554   0.0449     3.40  0    cut
 933  sn1990K       IIL        0.6119   1.15   0.2611   0.0182   136.10  1    cut
 934  sn2000cx      Ia-pec     0.5740   1.15   0.2381   0.0385    -3.30  0    cut
 935  sn2001bf      Ia-norm    0.6931   1.14   0.2524   0.0222     0.80  0    cut
 936  sn1995D       Ia-norm    0.6539   1.14   0.2536   0.0444     3.60  0    cut
 937  sn1987A       II-pec     0.5713   1.14   0.1999   0.0369     3.30  0    cut
 938  sn1998S       IIn        0.7663   1.14   0.1880   0.0123    -1.50  0    cut
 939  sn2005cg      Ia-norm    0.4021   1.14   0.0342   0.0217    -0.10  0    cut
 940  sn1987A       II-pec     0.6593   1.14   0.7407   0.0368    -2.00  0    cut
 941  sn1991A       Ic-norm    0.5794   1.13   0.7397   0.0311    10.90  1    cut
 942  sn2006bp      IIP        0.5862   1.13   0.2371   0.0314     2.10  0    cut
 943  sn2006S       Ia-norm    0.7419   1.12   0.2664   0.0417     3.20  0    cut
 944  sn2006S       Ia-norm    0.7378   1.12   0.2649   0.0439     1.20  0    cut
 945  sn2005el      Ia-norm    0.7432   1.11   0.2586   0.0443     2.10  0    cut
 946  sn2003cg      Ia-norm    0.6133   1.11   0.0858   0.0266    -2.80  0    cut
 947  sn1999dn      Ib-norm    0.6959   1.11   0.1064   0.0481     0.00  1    cut
 948  sn1991M       Ia-norm    0.7216   1.11   0.2619   0.0491     2.70  0    cut
 949  sn2005cs      IIP        0.7432   1.10   0.1305   0.0201     1.00  0    cut
 950  sn2006ot      Ia-norm    0.7487   1.10   0.0908   0.0328    -0.40  0    cut
 951  sn2006bp      IIP        0.5767   1.10   0.3735   0.0464    -1.70  0    cut
 952  sn2001ay      Ia-norm    0.8069   1.09   0.2643   0.0304     3.30  0    cut
 953  sn1987A       II-pec     0.5740   1.09   0.2567   0.0332     1.30  0    cut
 954  sn2005el      Ia-norm    0.7419   1.09   0.2590   0.0442     4.00  0    cut
 955  sn1987A       II-pec     0.6620   1.08   0.7402   0.0383     3.10  0    cut
 956  sn2005cs      IIP        0.7392   1.07   0.1299   0.0224     0.10  0    cut
 957  sn1990B       Ic-norm    0.4346   1.07   0.3290   0.0205     6.00  0    cut
 958  sn1999em      IIP        0.8069   1.06   0.0197   0.0430    -3.70  0    cut
 959  sn1995F       Ic-norm    0.6810   1.06   0.1044   0.0429     4.00  1    cut
 960  sn2001ay      Ia-norm    0.6986   1.06   0.0900   0.0392     4.20  0    cut
 961  sn1996cb      IIb        0.6796   1.06   0.2066   0.0254     0.90  0    cut
 962  sn1999bh      Ia-91bg    0.6376   1.05   0.2216   0.0343     5.10  0    cut
 963  sn1996ai      Ia-norm    0.6200   1.05   0.0833   0.0259     2.20  0    cut
 964  sn1990K       IIL        0.5320   1.04   0.2420   0.0224   139.00  1    cut
 965  sn1990B       Ic-norm    0.4346   1.03   0.3263   0.0205     5.90  0    cut
 966  sn2007bd      Ia-norm    0.7500   1.03   0.2621   0.0464     1.70  0    cut
 967  sn1997cy      IIn        0.8028   1.01   0.2159   0.0125   377.70  1    cut
 968  sn1990aa      Ic-norm    0.6485   1.01   0.7529   0.0294     0.00  1    cut
 969  sn1994T       Ia-norm    0.6403   1.01   0.0945   0.0321    -0.20  0    cut
 970  sn1997cy      IIn        0.8028   1.00   0.2596   0.0172     0.00  1    cut
 971  sn2001ay      Ia-norm    0.6986   1.00   0.0934   0.0394     3.30  0    cut
 972  sn1990K       IIL        0.6227   1.00   0.2456   0.0570   147.00  1    cut
 973  sn2005hk      Ia-pec     0.4170   1.00   0.2571   0.0241    -3.40  0    cut
 974  sn1997cy      IIn        0.8069   1.00   0.1494   0.0469    29.40  1    cut
 975  sn2005cs      IIP        0.7405   1.00   0.1309   0.0227    -0.20  0    cut
 976  sn1983N       Ib-norm    0.5456   1.00   0.3259   0.0268     4.00  0    cut
 977  sn1996cb      IIb        0.6877   0.99   0.1087   0.0253    -2.10  0    cut
 978  sn1994T       Ia-norm    0.6431   0.99   0.0968   0.0351     1.70  0    cut
 979  sn1997cy      IIn        0.8042   0.99   0.0682   0.0414    57.20  1    cut
 980  sn1996cb      IIb        0.6864   0.97  -0.0013   0.0173     5.00  0    cut
 981  sn1994T       Ia-norm    0.6403   0.94   0.0926   0.0348     4.70  0    cut
 982  sn1997cy      IIn        0.8028   0.94   0.1508   0.0272   226.10  1    cut
 983  sn2001ay      Ia-norm    0.6999   0.94   0.0944   0.0355    -1.50  0    cut
 984  sn2001ay      Ia-norm    0.6999   0.91   0.2641   0.0289     1.30  0    cut
 985  sn2005cs      IIP        0.7405   0.91   0.2032   0.0248    -1.90  0    cut
 986  sn1997cy      IIn        0.8028   0.91   0.2218   0.0161   116.80  1    cut
 987  sn2006cj      Ia-norm    0.6552   0.89   0.3867   0.0509    -2.10  0    cut
 988  sn2005cs      IIP        0.7432   0.87   0.1292   0.0196    -0.80  0    cut
 989  sn1997cy      IIn        0.8028   0.87   0.2539   0.0223   125.30  1    cut
 990  sn1997cy      IIn        0.7703   0.85   0.2204   0.0152   174.50  1    cut
 991  sn1997dq      Ic-broad   0.4549   0.83   0.0436   0.0281    42.80  1    cut
 992  sn1991A       Ic-norm    0.5429   0.80   0.0395   0.0266    16.80  1    cut
 993  sn1984A       Ia-norm    0.5334   0.79   0.2653   0.0624    -2.80  0    cut
 994  sn1997cy      IIn        0.8015   0.78   0.2230   0.0196    71.30  1    cut
 995  sn2002ap      Ic-broad   0.5997   0.73   0.2598   0.1291     1.50  0    cut
 996  sn1990B       Ic-norm    0.4319   0.71   0.3210   0.0284     5.00  0    cut
 997  sn1991A       Ic-norm    0.6363   0.69   0.0929   0.0533    32.60  1    cut
