### SNID output file ###
 
### input spectrum and options ###
# Input spectrum                 : 15508_5.50.dat
# Parameter file                 : NA
# Wavelength range               :    4000.00   9000.00
# Mask file                      : NA
# Median filtering width [A]     : NA
# Median filtering width [pix]   :       1.00
# Clip emission redshift         :     0.1335
# Clip sky lines                 : 0
# Emission clip width [A]        :       0.13
# Keep A-band                    : 1
# Age range                      :       0.50     10.50
# Delta range                    :      -9.99     99.90
# Min. number of spectra/template:   1
# Use only templates             : NA
# Use only types                 : NA
# Avoid templates                : NA
# Avoid types                    : NA
# rlapmin                        :       5.00
# Redshift range                 :    -0.0100    1.2000
# Forced initial redshift        :     0.1335
# Extra fake redshift            : NA
# Nsigma for initial redshift    : NA
# Redshift filter                :     0.0200
# Wavenumbers k1,k2,k3,k4        :     1    4   85  102
# Template directory             : /home/djperrefort/snid-5.0/templates-2.0/
 
### initial/user-input redshift ###
zinit       0.0000
zuser       0.1335
 
### median redshift/age and error ###
zmed        0.1376    0.0021
agem          3.25      1.59
 
### type fraction/redshift/age ###
#type ntemp fraction slope redshift redshift_error age age_error
Ia             44      1.00    0.0000    0.1376    0.0021     3.250     1.590
Ia-norm        40      0.91    0.0327    0.1376    0.0018     3.350     1.567
Ia-91T          4      0.09   -0.0147    0.1398    0.0036     2.800     2.076
Ia-91bg         0      0.00    0.0000    0.0000    0.0000     0.000     0.000
Ia-csm          0      0.00    0.0000    0.0000    0.0000     0.000     0.000
Ia-pec          0      0.00    0.0000    0.0000    0.0000     0.000     0.000
###
Ib              0      0.00    0.0000    0.0000    0.0000     0.000     0.000
Ib-norm         0      0.00    0.0000    0.0000    0.0000     0.000     0.000
Ib-pec          0      0.00    0.0000    0.0000    0.0000     0.000     0.000
IIb             0      0.00    0.0000    0.0000    0.0000     0.000     0.000
###
Ic              0      0.00    0.0000    0.0000    0.0000     0.000     0.000
Ic-norm         0      0.00    0.0000    0.0000    0.0000     0.000     0.000
Ic-pec          0      0.00    0.0000    0.0000    0.0000     0.000     0.000
Ic-broad        0      0.00    0.0000    0.0000    0.0000     0.000     0.000
###
II              0      0.00    0.0000    0.0000    0.0000     0.000     0.000
IIP             0      0.00    0.0000    0.0000    0.0000     0.000     0.000
II-pec          0      0.00    0.0000    0.0000    0.0000     0.000     0.000
IIn             0      0.00    0.0000    0.0000    0.0000     0.000     0.000
IIL             0      0.00    0.0000    0.0000    0.0000     0.000     0.000
###
NotSN           0      0.00    0.0000    0.0000    0.0000     0.000     0.000
AGN             0      0.00    0.0000    0.0000    0.0000     0.000     0.000
Gal             0      0.00    0.0000    0.0000    0.0000     0.000     0.000
LBV             0      0.00    0.0000    0.0000    0.0000     0.000     0.000
M-star          0      0.00    0.0000    0.0000    0.0000     0.000     0.000
 
### rlap-ordered template listings ###
#no. sn type lap rlap z zerr age age_flag grade
   1  sn2006cj      Ia-norm    0.5997   7.32   0.1392   0.0066     4.40  0   good
   2  sn2006cf      Ia-norm    0.5997   7.16   0.1362   0.0069     2.70  0   good
   3  sn2006cf      Ia-norm    0.5997   6.79   0.1354   0.0070     4.70  0   good
   4  sn2003ic      Ia-norm    0.5997   6.71   0.1412   0.0072     3.40  0   good
   5  sn2006cj      Ia-norm    0.5997   6.65   0.1396   0.0074     5.40  0   good
   6  sn2006cf      Ia-norm    0.5997   6.63   0.1368   0.0073     1.80  0   good
   7  sn2006cf      Ia-norm    0.5997   6.37   0.1358   0.0075     3.70  0   good
   8  sn1994ae      Ia-norm    0.5997   6.13   0.1384   0.0078     0.90  0   good
   9  sn1999aw      Ia-91T     0.5997   6.10   0.1457   0.0088     2.90  0   good
  10  sn2007ae      Ia-norm    0.5984   6.05   0.1381   0.0078     3.30  0   good
  11  sn2007F       Ia-norm    0.5997   6.00   0.1384   0.0077     3.00  0   good
  12  sn2007A       Ia-norm    0.5997   5.87   0.1364   0.0077     4.50  0   good
  13  sn1994ae      Ia-norm    0.5997   5.83   0.1379   0.0079     2.00  0   good
  14  sn2007ae      Ia-norm    0.5997   5.81   0.1391   0.0088     2.30  0   good
  15  sn2001eh      Ia-91T     0.5997   5.68   0.1406   0.0085     2.70  0   good
  16  sn2006ax      Ia-norm    0.5997   5.65   0.1363   0.0089     0.50  0   good
  17  sn1994ae      Ia-norm    0.5997   5.62   0.1376   0.0084     3.00  0   good
  18  sn2006S       Ia-norm    0.5997   5.54   0.1413   0.0091     1.20  0   good
  19  sn2006S       Ia-norm    0.5997   5.54   0.1396   0.0086     4.10  0   good
  20  sn2003du      Ia-norm    0.5997   5.52   0.1354   0.0085     2.90  0   good
  21  sn2007ca      Ia-norm    0.5997   5.50   0.1375   0.0086     3.40  0   good
  22  sn2003du      Ia-norm    0.5997   5.48   0.1363   0.0085     4.00  0   good
  23  sn1994ae      Ia-norm    0.5997   5.43   0.1373   0.0086     4.00  0   good
  24  sn2003du      Ia-norm    0.5997   5.43   0.1377   0.0088     0.90  0   good
  25  sn2007fs      Ia-norm    0.5997   5.42   0.1374   0.0084     4.10  0   good
  26  sn1995D       Ia-norm    0.5997   5.41   0.1366   0.0087     3.60  0   good
  27  sn2007ca      Ia-norm    0.5997   5.38   0.1368   0.0085     5.50  0   good
  28  sn2005na      Ia-norm    0.5997   5.37   0.1378   0.0088     1.40  0   good
  29  sn2006cf      Ia-norm    0.5997   5.37   0.1345   0.0085     6.50  0   good
  30  sn1995E       Ia-norm    0.5997   5.27   0.1393   0.0088     1.00  0   good
  31  sn2005na      Ia-norm    0.5997   5.25   0.1371   0.0086     3.40  0   good
  32  sn2007S       Ia-91T     0.5997   5.24   0.1375   0.0097     6.20  0   good
  33  sn2007fs      Ia-norm    0.5997   5.14   0.1367   0.0089     5.10  0   good
  34  sn2007fs      Ia-norm    0.5997   5.13   0.1377   0.0087     3.10  0   good
  35  sn2006S       Ia-norm    0.5997   5.13   0.1399   0.0092     3.20  0   good
  36  sn2008bf      Ia-norm    0.5997   5.12   0.1410   0.0088     3.60  0   good
  37  sn2005eq      Ia-91T     0.5997   5.08   0.1389   0.0095     1.30  0   good
  38  sn2006et      Ia-norm    0.5997   5.07   0.1375   0.0100     2.40  0   good
  39  sn1995D       Ia-norm    0.5997   5.07   0.1368   0.0088     5.50  0   good
  40  sn2008ar      Ia-norm    0.5997   5.06   0.1393   0.0102     1.20  0   good
  41  sn2007ca      Ia-norm    0.5997   5.05   0.1365   0.0090     6.40  0   good
  42  sn2008bf      Ia-norm    0.5997   5.04   0.1417   0.0089     2.60  0   good
  43  sn2008bf      Ia-norm    0.5997   5.02   0.1424   0.0094     0.70  0   good
  44  sn2008ar      Ia-norm    0.5997   5.00   0.1375   0.0097     4.10  0   good
#--- rlap cutoff
  45  sn1994ae      Ia-norm    0.5997   4.98   0.1369   0.0092     5.00  0    cut
  46  sn1998es      Ia-91T     0.5997   4.98   0.1383   0.0093     1.50  0    cut
  47  sn2008bf      Ia-norm    0.5997   4.89   0.1407   0.0090     4.50  0    cut
  48  sn2005cf      Ia-norm    0.5997   4.86   0.1377   0.0098     1.50  0    cut
  49  sn2005cf      Ia-norm    0.5997   4.84   0.1369   0.0096     2.50  0    cut
  50  sn2002ha      Ia-norm    0.5997   4.82   0.1386   0.0092     1.70  0    cut
  51  sn1996C       Ia-norm    0.5781   4.80   0.1369   0.0086     2.00  0    cut
  52  sn2004eo      Ia-norm    0.5997   4.80   0.1347   0.0094     2.90  0    cut
  53  sn1998es      Ia-91T     0.5997   4.80   0.1387   0.0100     0.50  0    cut
  54  sn2005cf      Ia-norm    0.5997   4.80   0.1384   0.0101     0.60  0    cut
  55  sn1999ee      Ia-norm    0.5997   4.78   0.1410   0.0117     1.80  0    cut
  56  sn2005cf      Ia-norm    0.5997   4.78   0.1356   0.0094     4.50  0    cut
  57  sn2008C       Ia-norm    0.5997   4.77   0.1363   0.0102     4.40  0    cut
  58  sn2003ic      Ia-norm    0.5997   4.75   0.1403   0.0100     4.30  0    cut
  59  sn2006et      Ia-norm    0.5997   4.71   0.1358   0.0104     6.30  0    cut
  60  sn2008Z       Ia-norm    0.5997   4.70   0.1386   0.0096     7.60  0    cut
  61  sn2005cf      Ia-norm    0.5997   4.69   0.1356   0.0097     4.50  0    cut
  62  sn2005cf      Ia-norm    0.5997   4.69   0.1376   0.0101     1.60  0    cut
  63  sn2005el      Ia-norm    0.5997   4.67   0.1375   0.0093     2.10  0    cut
  64  sn2007af      Ia-norm    0.5997   4.64   0.1353   0.0097     2.30  0    cut
  65  sn2005cf      Ia-norm    0.5997   4.61   0.1367   0.0097     3.50  0    cut
  66  sn2008ar      Ia-norm    0.5997   4.59   0.1379   0.0105     3.10  0    cut
  67  sn2005M       Ia-91T     0.5997   4.59   0.1304   0.0104     5.10  0    cut
  68  sn2001ep      Ia-norm    0.5997   4.58   0.1349   0.0103     2.80  0    cut
  69  sn2008ar      Ia-norm    0.5997   4.57   0.1365   0.0102     5.00  0    cut
  70  sn2007kk      Ia-norm    0.5997   4.54   0.1425   0.0111     4.10  0    cut
  71  sn1999ac      Ia-91T     0.5997   4.53   0.1338   0.0116     2.70  0    cut
  72  sn2005ki      Ia-norm    0.5997   4.53   0.1391   0.0096     1.00  0    cut
  73  sn2007kk      Ia-norm    0.5997   4.50   0.1445   0.0110     1.10  0    cut
  74  sn2007kk      Ia-norm    0.5997   4.49   0.1418   0.0112     5.00  0    cut
  75  sn2005cf      Ia-norm    0.5997   4.48   0.1350   0.0098     6.20  0    cut
  76  sn2007kk      Ia-norm    0.5997   4.43   0.1437   0.0112     2.10  0    cut
  77  sn2007kk      Ia-norm    0.5997   4.41   0.1432   0.0112     3.20  0    cut
  78  sn2006gt      Ia-91bg    0.5997   4.40   0.1355   0.0096     1.30  0    cut
  79  sn2007bc      Ia-norm    0.5997   4.35   0.1333   0.0100     4.30  0    cut
  80  sn2005cf      Ia-norm    0.5997   4.35   0.1350   0.0100     5.20  0    cut
  81  sn2005el      Ia-norm    0.5997   4.34   0.1369   0.0097     4.00  0    cut
  82  sn2007af      Ia-norm    0.5997   4.33   0.1346   0.0103     3.30  0    cut
  83  sn2006D       Ia-norm    0.5997   4.32   0.1382   0.0091     4.50  0    cut
  84  sn2002ck      Ia-norm    0.5767   4.30   0.1359   0.0093     2.30  0    cut
  85  sn1999ee      Ia-norm    0.5997   4.30   0.1388   0.0124     6.70  0    cut
  86  sn2000cf      Ia-norm    0.5835   4.30   0.1322   0.0097     3.90  0    cut
  87  sn2001ck      Ia-norm    0.5997   4.30   0.1374   0.0101     5.80  0    cut
  88  sn1996ab      Ia-norm    0.5903   4.29   0.1382   0.0088     1.30  0    cut
  89  sn2007fb      Ia-norm    0.5997   4.27   0.1400   0.0098     1.70  0    cut
  90  sn2001ay      Ia-norm    0.5754   4.27  -0.0027   0.0139     9.00  0    cut
  91  sn2006le      Ia-norm    0.5997   4.26   0.1410   0.0111     2.90  0    cut
  92  sn2003ic      Ia-norm    0.5997   4.26   0.1394   0.0107     5.30  0    cut
  93  sn2007co      Ia-norm    0.5997   4.25   0.1415   0.0115     1.70  0    cut
  94  sn2005cf      Ia-norm    0.5997   4.21   0.1342   0.0104     7.20  0    cut
  95  sn2006gt      Ia-91bg    0.5997   4.18   0.1348   0.0099     2.30  0    cut
  96  sn2007co      Ia-norm    0.5997   4.15   0.1419   0.0117     0.80  0    cut
  97  sn1989B       Ia-norm    0.5997   4.15   0.1349   0.0106     2.60  0    cut
  98  sn1995D       Ia-norm    0.5997   4.15   0.1356   0.0105     7.50  0    cut
  99  sn2007co      Ia-norm    0.5997   4.15   0.1401   0.0115     2.70  0    cut
 100  sn2001ay      Ia-norm    0.5754   4.14  -0.0004   0.0139     7.20  0    cut
 101  sn2006al      Ia-norm    0.5997   4.10   0.1378   0.0108     3.40  0    cut
 102  sn2007bd      Ia-norm    0.5997   4.08   0.1418   0.0110     1.70  0    cut
 103  sn1996C       Ia-norm    0.5781   4.06   0.1351   0.0102     4.80  0    cut
 104  sn2006N       Ia-norm    0.5997   4.05   0.1377   0.0105     2.60  0    cut
 105  sn2005hj      Ia-91T     0.4955   4.05   0.1382   0.0103     2.40  0    cut
 106  sn2005hf      Ia-norm    0.5997   4.05   0.1347   0.0118     8.20  0    cut
 107  sn2002de      Ia-norm    0.5740   4.03   0.1391   0.0096     3.70  0    cut
 108  sn2005eu      Ia-norm    0.5997   4.03   0.1377   0.0112     8.30  0    cut
 109  sn2008ar      Ia-norm    0.5997   4.03   0.1349   0.0113     7.20  0    cut
 110  sn2007af      Ia-norm    0.5997   4.03   0.1338   0.0110     4.30  0    cut
 111  sn2006al      Ia-norm    0.5997   4.02   0.1381   0.0109     2.50  0    cut
 112  sn2000cf      Ia-norm    0.5835   4.01   0.1325   0.0101     2.90  0    cut
 113  sn2003cg      Ia-norm    0.5997   4.00   0.1365   0.0107     4.00  0    cut
 114  sn2006le      Ia-norm    0.5997   3.99   0.1398   0.0118     3.90  0    cut
 115  sn2006N       Ia-norm    0.5997   3.99   0.1385   0.0106     1.60  0    cut
 116  sn2002de      Ia-norm    0.5740   3.99   0.1407   0.0099     1.80  0    cut
 117  sn2002de      Ia-norm    0.5740   3.98   0.1402   0.0100     2.70  0    cut
 118  sn2005cf      Ia-norm    0.5943   3.98   0.1350   0.0103     4.20  0    cut
 119  sn2007kk      Ia-norm    0.5997   3.97   0.1405   0.0126     5.90  0    cut
 120  sn2006N       Ia-norm    0.5997   3.97   0.1391   0.0107     0.70  0    cut
 121  sn2007co      Ia-norm    0.5997   3.96   0.1395   0.0119     3.70  0    cut
 122  sn2007co      Ia-norm    0.5997   3.96   0.1391   0.0119     4.60  0    cut
 123  sn2007fb      Ia-norm    0.5997   3.92   0.1375   0.0100     5.60  0    cut
 124  sn2007ux      Ia-norm    0.5997   3.92   0.1349   0.0103     5.80  0    cut
 125  sn2003fa      Ia-91T     0.5862   3.92   0.1360   0.0100     6.90  0    cut
 126  sn2005hc      Ia-norm    0.5997   3.90   0.1376   0.0117     5.40  0    cut
 127  sn2001ay      Ia-norm    0.5957   3.90  -0.0036   0.0149     7.80  0    cut
 128  sn2006al      Ia-norm    0.5997   3.89   0.1366   0.0109     5.40  0    cut
 129  sn2001bf      Ia-norm    0.5618   3.87  -0.0058   0.0147     7.60  0    cut
 130  sn2003hu      Ia-91T     0.5997   3.87   0.1347   0.0112     7.50  0    cut
 131  sn2003du      Ia-norm    0.5997   3.86   0.1350   0.0110     6.90  0    cut
 132  sn2002er      Ia-norm    0.5997   3.86   0.1362   0.0119     4.90  0    cut
 133  sn2002ck      Ia-norm    0.5767   3.84   0.1357   0.0101     4.20  0    cut
 134  sn2006cj      Ia-norm    0.5997   3.83   0.1365   0.0119     9.10  0    cut
 135  sn1999aa      Ia-91T     0.5997   3.80   0.1391   0.0121     1.80  0    cut
 136  sn1995E       Ia-norm    0.5930   3.79   0.1365   0.0111     3.90  0    cut
 137  sn2001eh      Ia-91T     0.5835   3.78   0.1394   0.0106     3.70  0    cut
 138  sn1999dq      Ia-91T     0.5578   3.77   0.1397   0.0107     1.40  0    cut
 139  sn1990N       Ia-norm    0.5334   3.77   0.1330   0.0105     1.60  0    cut
 140  sn2006N       Ia-norm    0.5997   3.76   0.1366   0.0111     4.60  0    cut
 141  sn2001bf      Ia-norm    0.5997   3.76  -0.0074   0.0154     8.70  0    cut
 142  sn1990N       Ia-norm    0.5997   3.76   0.1340   0.0110     3.90  0    cut
 143  sn2006sr      Ia-norm    0.5997   3.74   0.1420   0.0113     1.00  0    cut
 144  sn2006hb      Ia-91bg    0.5997   3.74   0.1351   0.0109     6.80  0    cut
 145  sn2008bf      Ia-norm    0.5997   3.72   0.1390   0.0115     7.50  0    cut
 146  sn1995E       Ia-norm    0.5997   3.72   0.1361   0.0121     5.90  0    cut
 147  sn1999dq      Ia-91T     0.5578   3.71   0.1395   0.0108     2.40  0    cut
 148  sn2007hj      Ia-norm    0.5997   3.70   0.1397   0.0116     1.40  0    cut
 149  sn1996X       Ia-norm    0.5997   3.70   0.1386   0.0115     1.10  0    cut
 150  sn2006le      Ia-norm    0.5997   3.70   0.1384   0.0125     5.90  0    cut
 151  sn1996C       Ia-norm    0.5997   3.69   0.1344   0.0117     7.80  0    cut
 152  sn2007le      Ia-norm    0.5997   3.69   0.1398   0.0127     5.40  0    cut
 153  sn2007co      Ia-norm    0.5997   3.67   0.1379   0.0127     5.70  0    cut
 154  sn2006gz      Ia-pec     0.5997   3.66   0.1367   0.0099     7.30  0    cut
 155  sn2004S       Ia-norm    0.5997   3.65   0.1385   0.0155     1.60  0    cut
 156  sn2006cj      Ia-norm    0.5997   3.65   0.1362   0.0113     8.20  0    cut
 157  sn2004S       Ia-norm    0.5997   3.65   0.1357   0.0149     7.40  0    cut
 158  sn2002er      Ia-norm    0.5997   3.64   0.1375   0.0126     2.90  0    cut
 159  sn2002aw      Ia-norm    0.5727   3.64   0.1368   0.0101     1.10  0    cut
 160  sn2006sr      Ia-norm    0.5997   3.64   0.1411   0.0116     2.00  0    cut
 161  sn2001ck      Ia-norm    0.5808   3.63   0.1372   0.0105     4.80  0    cut
 162  sn2006sr      Ia-norm    0.5997   3.62   0.1407   0.0114     3.00  0    cut
 163  sn2007af      Ia-norm    0.5997   3.60   0.1330   0.0120     5.40  0    cut
 164  sn2006gt      Ia-91bg    0.5997   3.58   0.1343   0.0109     3.30  0    cut
 165  sn2003fa      Ia-91T     0.5862   3.56   0.1354   0.0112     7.80  0    cut
 166  sn1999cl      Ia-norm    0.5997   3.56   0.1401   0.0141     0.70  0    cut
 167  sn2003hu      Ia-91T     0.5997   3.55   0.1354   0.0123     8.40  0    cut
 168  sn2006gz      Ia-pec     0.5997   3.54   0.1381   0.0097     5.30  0    cut
 169  sn2001fe      Ia-norm    0.5605   3.54   0.1394   0.0108     3.20  0    cut
 170  sn2001eh      Ia-91T     0.5835   3.52   0.1391   0.0113     4.70  0    cut
 171  sn2006sr      Ia-norm    0.5997   3.51   0.1399   0.0116     3.90  0    cut
 172  sn2004fu      Ia-norm    0.5997   3.51   0.1403   0.0127     3.40  0    cut
 173  sn2005hf      Ia-norm    0.5997   3.49   0.1347   0.0135     9.10  0    cut
 174  sn2001cp      Ia-norm    0.5686   3.49   0.1389   0.0109     0.80  0    cut
 175  sn1994ae      Ia-norm    0.5997   3.48   0.1357   0.0122     8.00  0    cut
 176  sn2003cg      Ia-norm    0.5700   3.48   0.1371   0.0112     1.00  0    cut
 177  sn2002do      Ia-norm    0.5632   3.48   0.1362   0.0108     2.00  0    cut
 178  sn2006gj      Ia-norm    0.5997   3.47   0.1348   0.0115     3.20  0    cut
 179  sn2004bg      Ia-norm    0.5672   3.46   0.1356   0.0110     2.60  0    cut
 180  sn2000dg      Ia-norm    0.5808   3.46   0.1352   0.0130     3.10  0    cut
 181  sn2001eh      Ia-91T     0.5835   3.45   0.1384   0.0113     5.70  0    cut
 182  sn1986G       Ia-91bg    0.5930   3.43   0.1379   0.0121     1.30  0    cut
 183  sn2004fu      Ia-norm    0.5997   3.43   0.1413   0.0130     2.40  0    cut
 184  sn1999dq      Ia-91T     0.5591   3.43   0.1390   0.0114     3.40  0    cut
 185  sn2006gz      Ia-pec     0.5997   3.43   0.1363   0.0111     8.20  0    cut
 186  sn2006mo      Ia-norm    0.5997   3.43   0.1349   0.0123     5.20  0    cut
 187  sn2002fk      Ia-norm    0.5551   3.42   0.1344   0.0108     2.50  0    cut
 188  sn2006al      Ia-norm    0.5997   3.42   0.1375   0.0123     4.30  0    cut
 189  sn2004fu      Ia-norm    0.5997   3.40   0.1405   0.0129     4.40  0    cut
 190  sn2007S       Ia-91T     0.5997   3.40   0.1365   0.0132     8.10  0    cut
 191  sn1991M       Ia-norm    0.5997   3.38   0.1424   0.0133     2.70  0    cut
 192  sn2003ch      Ia-norm    0.5997   3.37   0.1354   0.0121     1.80  0    cut
 193  sn2005hc      Ia-norm    0.5997   3.37   0.1373   0.0133     6.30  0    cut
 194  sn2005kc      Ia-norm    0.5997   3.35   0.1331   0.0127     6.70  0    cut
 195  sn2006ot      Ia-norm    0.5997   3.35   0.1424   0.0151     2.50  0    cut
 196  sn1989B       Ia-norm    0.5997   3.35   0.1344   0.0120     4.60  0    cut
 197  sn2000cx      Ia-pec     0.5997   3.35   0.0068   0.0170     4.70  0    cut
 198  sn2007bc      Ia-norm    0.5997   3.34   0.1321   0.0126     6.20  0    cut
 199  sn2006le      Ia-norm    0.5997   3.34   0.1382   0.0135     6.90  0    cut
 200  sn2007ba      Ia-91bg    0.5997   3.33   0.1364   0.0119     3.10  0    cut
 201  sn2001ay      Ia-norm    0.5767   3.33   0.0028   0.0164     4.20  0    cut
 202  sn1998dx      Ia-norm    0.5997   3.33   0.1402   0.0121     1.10  0    cut
 203  sn2007hj      Ia-norm    0.5997   3.32   0.1373   0.0127     3.40  0    cut
 204  sn2003du      Ia-norm    0.5997   3.32   0.1346   0.0129     7.90  0    cut
 205  sn2006hb      Ia-91bg    0.5997   3.32   0.1345   0.0122     7.70  0    cut
 206  sn2007hj      Ia-norm    0.5997   3.32   0.1385   0.0126     2.40  0    cut
 207  sn2001G       Ia-norm    0.5632   3.31   0.1396   0.0112     4.70  0    cut
 208  sn2005hj      Ia-91T     0.4874   3.30   0.1370   0.0120     5.10  0    cut
 209  sn1994ae      Ia-norm    0.5997   3.30   0.1353   0.0132     7.90  0    cut
 210  sn1991N       Ic-norm    0.5997   3.29  -0.0094   0.0000    12.00  1    cut
 211  sn1998V       Ia-norm    0.5645   3.28   0.1379   0.0115     1.30  0    cut
 212  sn2002jy      Ia-norm    0.5659   3.28   0.1387   0.0116     1.10  0    cut
 213  sn1991N       Ic-norm    0.5997   3.27  -0.0133   0.0230     0.00  1    cut
 214  sn1992A       Ia-norm    0.5997   3.27   0.1466   0.0124     2.00  0    cut
 215  sn2006bt      Ia-norm    0.5997   3.27   0.1385   0.0129     4.70  0    cut
 216  sn2007co      Ia-norm    0.5997   3.27   0.1368   0.0139     6.60  0    cut
 217  sn2006bt      Ia-norm    0.5997   3.26   0.1409   0.0130     0.90  0    cut
 218  sn1998V       Ia-norm    0.5645   3.24   0.1375   0.0115     2.30  0    cut
 219  sn2004dt      Ia-norm    0.5970   3.24   0.0096   0.0153     1.00  0    cut
 220  sn1998aq      Ia-norm    0.5496   3.23   0.1377   0.0115     3.00  0    cut
 221  sn2008L       Ia-norm    0.5997   3.23   0.1379   0.0126     5.60  0    cut
 222  sn2005A       Ia-norm    0.5239   3.21   0.1397   0.0160     1.50  0    cut
 223  snls03D3bb    Ia-pec     0.5997   3.21   0.1289   0.0114     2.00  0    cut
 224  sn1998aq      Ia-norm    0.5496   3.21   0.1374   0.0115     4.00  0    cut
 225  sn1994S       Ia-norm    0.5388   3.21   0.1374   0.0121     0.90  0    cut
 226  sn2001ay      Ia-norm    0.5767   3.20   0.0039   0.0169     3.30  0    cut
 227  sn1998aq      Ia-norm    0.5496   3.19   0.1380   0.0118     2.00  0    cut
 228  sn2003fa      Ia-91T     0.5862   3.18   0.1351   0.0124     8.70  0    cut
 229  sn2003du      Ia-norm    0.5496   3.17   0.1377   0.0120     1.10  0    cut
 230  sn2005M       Ia-91T     0.5997   3.17   0.1292   0.0134    10.00  0    cut
 231  sn2002fk      Ia-norm    0.5537   3.17   0.1338   0.0113     4.40  0    cut
 232  sn1984A       Ia-norm    0.4847   3.17   0.1306   0.0173     8.10  0    cut
 233  sn2008R       Ia-91bg    0.5997   3.16   0.1336   0.0124     5.30  0    cut
 234  sn2006bt      Ia-norm    0.5997   3.16   0.1397   0.0134     2.80  0    cut
 235  sn2007ca      Ia-norm    0.5997   3.16   0.1348   0.0135     9.40  0    cut
 236  sn2006bt      Ia-norm    0.5997   3.16   0.1384   0.0131     5.70  0    cut
 237  sn2006ev      Ia-norm    0.5997   3.15   0.1381   0.0138     5.50  0    cut
 238  sn2006gz      Ia-pec     0.5672   3.15   0.1376   0.0099     6.20  0    cut
 239  sn1998aq      Ia-norm    0.5496   3.15   0.1384   0.0121     1.00  0    cut
 240  sn2006bt      Ia-norm    0.5997   3.15   0.1397   0.0136     2.90  0    cut
 241  sn2006N       Ia-norm    0.5997   3.15   0.1359   0.0126     5.60  0    cut
 242  sn2004L       Ia-norm    0.5794   3.15   0.1362   0.0112     2.50  0    cut
 243  sn2000cx      Ia-pec     0.5997   3.14   0.0051   0.0180     5.70  0    cut
 244  sn2004at      Ia-norm    0.5686   3.14   0.1374   0.0115     2.20  0    cut
 245  sn2002cr      Ia-norm    0.5564   3.14   0.1342   0.0118     0.70  0    cut
 246  sn2006bt      Ia-norm    0.5997   3.13   0.1404   0.0138     1.90  0    cut
 247  sn2002jy      Ia-norm    0.5659   3.13   0.1381   0.0116     3.00  0    cut
 248  sn2006al      Ia-norm    0.5997   3.12   0.1352   0.0130     6.30  0    cut
 249  sn1998aq      Ia-norm    0.5496   3.11   0.1370   0.0117     5.00  0    cut
 250  sn2007bm      Ia-norm    0.5997   3.11   0.1321   0.0136     6.60  0    cut
 251  sn2003cg      Ia-norm    0.5496   3.11   0.1385   0.0122     0.80  0    cut
 252  sn1998dx      Ia-norm    0.5984   3.10   0.1384   0.0128     2.10  0    cut
 253  sn2006hb      Ia-91bg    0.5997   3.10   0.1341   0.0127     8.70  0    cut
 254  sn2004at      Ia-norm    0.5686   3.10   0.1379   0.0117     1.20  0    cut
 255  sn2007kk      Ia-norm    0.5997   3.10   0.1384   0.0158     8.80  0    cut
 256  lbv2001ac     LBV        0.5997   3.09   0.0955   0.0113   -99.90  2    cut
 257  sn1994T       Ia-norm    0.5104   3.08   0.1383   0.0154     0.80  0    cut
 258  sn2006le      Ia-norm    0.5997   3.07   0.1372   0.0146     7.90  0    cut
 259  sn1999dq      Ia-91T     0.5591   3.07   0.1377   0.0124     5.40  0    cut
 260  sn2003du      Ia-norm    0.5524   3.05   0.1372   0.0121     2.10  0    cut
 261  sn1999gp      Ia-91T     0.5740   3.05   0.1403   0.0136     2.90  0    cut
 262  sn2001br      Ia-norm    0.5997   3.05   0.1437   0.0146     2.50  0    cut
 263  sn2003iv      Ia-norm    0.5808   3.04   0.1376   0.0117     0.50  0    cut
 264  sn2005hj      Ia-91T     0.4941   3.04   0.1389   0.0130     0.50  0    cut
 265  sn2003cg      Ia-norm    0.5483   3.04   0.1379   0.0124     1.90  0    cut
 266  sn2004L       Ia-norm    0.5794   3.01   0.1354   0.0120     3.40  0    cut
 267  sn2004ef      Ia-norm    0.5997   3.01   0.1405   0.0142     2.50  0    cut
 268  sn2006lf      Ia-norm    0.5632   3.01  -0.0094   0.0000    10.30  0    cut
 269  sn1998eg      Ia-norm    0.5713   3.01   0.1354   0.0115     4.10  0    cut
 270  sn2006gr      Ia-norm    0.5997   3.00   0.1401   0.0148     9.40  0    cut
 271  sn2006cp      Ia-norm    0.5997   3.00   0.1390   0.0153     6.30  0    cut
 272  sn2004ef      Ia-norm    0.5997   2.99   0.1415   0.0146     1.50  0    cut
 273  sn1989B       Ia-norm    0.5997   2.99   0.1327   0.0133     6.60  0    cut
 274  sn2003iv      Ia-norm    0.5781   2.98   0.1352   0.0119     3.40  0    cut
 275  sn2002jy      Ia-norm    0.5659   2.97   0.1368   0.0121     6.00  0    cut
 276  sn2006N       Ia-norm    0.5997   2.97   0.1355   0.0136     6.50  0    cut
 277  sn2006cp      Ia-norm    0.5997   2.97   0.1376   0.0158     7.30  0    cut
 278  sn2004ef      Ia-norm    0.5997   2.97   0.1423   0.0149     0.60  0    cut
 279  sn2006gz      Ia-pec     0.5997   2.96   0.1358   0.0122     9.20  0    cut
 280  sn2003cg      Ia-norm    0.5510   2.96   0.1374   0.0125     2.80  0    cut
 281  sn2002hd      Ia-norm    0.5808   2.96   0.1361   0.0123     1.40  0    cut
 282  sn2007ba      Ia-91bg    0.5997   2.95   0.1352   0.0128     5.10  0    cut
 283  sn2002bo      Ia-norm    0.5997   2.95   0.1372   0.0153     5.20  0    cut
 284  sn1992A       Ia-norm    0.5997   2.95   0.1438   0.0138     5.50  0    cut
 285  sn2007co      Ia-norm    0.5997   2.95   0.1366   0.0148     7.50  0    cut
 286  sn2004bg      Ia-norm    0.5672   2.94   0.1342   0.0124     5.70  0    cut
 287  sn2008C       Ia-norm    0.5997   2.94   0.1335   0.0151     8.30  0    cut
 288  sn2007hj      Ia-norm    0.5997   2.93   0.1370   0.0138     4.40  0    cut
 289  sn2001fe      Ia-norm    0.5605   2.93   0.1384   0.0125     6.20  0    cut
 290  sn1998ab      Ia-91T     0.5997   2.92   0.1319   0.0165     7.70  0    cut
 291  sn1998aq      Ia-norm    0.5496   2.91   0.1364   0.0125     6.00  0    cut
 292  sn2004dt      Ia-norm    0.5997   2.91  -0.0035   0.0180     9.10  0    cut
 293  sn2006lf      Ia-norm    0.5645   2.91  -0.0094   0.0000     9.30  0    cut
 294  sn2003du      Ia-norm    0.5997   2.90   0.1339   0.0152     8.80  0    cut
 295  sn2001fh      Ia-norm    0.5578   2.90   0.1339   0.0125     4.20  0    cut
 296  sn2007bc      Ia-norm    0.5997   2.90   0.1311   0.0149     7.30  0    cut
 297  sn1990K       IIL        0.5713   2.90   0.2781   0.0151     0.00  1    cut
 298  sn2007nq      Ia-norm    0.5997   2.89   0.1368   0.0139     6.30  0    cut
 299  sn2002cd      Ia-norm    0.5564   2.89   0.1475   0.0164     2.20  0    cut
 300  sn2002cr      Ia-norm    0.5564   2.88   0.1315   0.0124     4.60  0    cut
 301  sn2007le      Ia-norm    0.5997   2.88   0.1386   0.0156     7.40  0    cut
 302  sn2005eu      Ia-norm    0.5997   2.88   0.1358   0.0154    10.30  0    cut
 303  sn2000cx      Ia-pec     0.5997   2.86   0.1442   0.0135     0.70  0    cut
 304  sn1999ac      Ia-91T     0.5997   2.84   0.1314   0.0163     8.80  0    cut
 305  sn2002fk      Ia-norm    0.5551   2.84   0.1337   0.0127     6.50  0    cut
 306  sn1994M       Ia-norm    0.5266   2.83   0.1403   0.0145     3.70  0    cut
 307  sn1999ef      Ia-norm    0.5862   2.82   0.1374   0.0136     6.70  0    cut
 308  sn2004L       Ia-norm    0.5794   2.81   0.1350   0.0124     5.30  0    cut
 309  sn2001ay      Ia-norm    0.5767   2.81   0.0065   0.0188     1.30  0    cut
 310  sn1995E       Ia-norm    0.5997   2.80   0.1330   0.0148     8.90  0    cut
 311  sn1995al      Ia-norm    0.5564   2.79  -0.0057   0.0207    10.40  0    cut
 312  sn2003iv      Ia-norm    0.5794   2.79   0.1371   0.0123     1.40  0    cut
 313  sn2003cg      Ia-norm    0.5564   2.78   0.1393   0.0128     1.80  0    cut
 314  sn2005am      Ia-norm    0.5997   2.77   0.1414   0.0141     2.00  0    cut
 315  sn2002eu      Ia-norm    0.5835   2.77   0.1364   0.0134     3.00  0    cut
 316  sn1999gp      Ia-91T     0.5740   2.77   0.1395   0.0145     4.90  0    cut
 317  sn2004dt      Ia-norm    0.5957   2.77   0.0081   0.0170     2.00  0    cut
 318  sn2007au      Ia-norm    0.5997   2.76   0.1351   0.0148     1.10  0    cut
 319  sn2002er      Ia-norm    0.5469   2.76   0.1393   0.0149     0.90  0    cut
 320  sn1998dx      Ia-norm    0.5984   2.76   0.1367   0.0145     5.90  0    cut
 321  sn1999ek      Ia-norm    0.5645   2.76  -0.0094   0.0000     9.20  0    cut
 322  sn1999ek      Ia-norm    0.5645   2.76   0.1340   0.0122     3.30  0    cut
 323  sn1996ai      Ia-norm    0.4860   2.75   0.1376   0.0136     2.20  0    cut
 324  sn2003cq      Ia-norm    0.5794   2.75   0.1396   0.0138     1.00  0    cut
 325  sn2006ak      Ia-norm    0.5997   2.74   0.1395   0.0162     7.30  0    cut
 326  sn2005am      Ia-norm    0.5997   2.74   0.1407   0.0140     3.00  0    cut
 327  sn2006aj      Ic-broad   0.5997   2.74   0.0203   0.0198     2.50  0    cut
 328  sn2005am      Ia-norm    0.5997   2.74   0.1393   0.0142     3.90  0    cut
 329  sn1998dm      Ia-norm    0.5537   2.73   0.1358   0.0132     6.50  0    cut
 330  sn2006hb      Ia-91bg    0.5997   2.73   0.1330   0.0143     9.70  0    cut
 331  mstar         M-star     0.5997   2.73   0.1026   0.0114     5.00  2    cut
 332  sn1999gd      Ia-norm    0.5645   2.73   0.1353   0.0132     1.10  0    cut
 333  sn2007ap      Ia-norm    0.5997   2.73   0.1345   0.0142     7.40  0    cut
 334  sn2002cd      Ia-norm    0.5578   2.73   0.1463   0.0169     3.20  0    cut
 335  sn2008Z       Ia-norm    0.5997   2.72   0.1368   0.0153    10.30  0    cut
 336  sn1994M       Ia-norm    0.5348   2.72   0.1393   0.0147     4.70  0    cut
 337  sn2005A       Ia-norm    0.5469   2.71   0.1424   0.0174     0.60  0    cut
 338  sn1995D       Ia-norm    0.5997   2.70   0.1342   0.0153     9.50  0    cut
 339  sn1994ae      Ia-norm    0.5997   2.69   0.1344   0.0155     9.00  0    cut
 340  sn1991bg      Ia-91bg    0.4738   2.69   0.1315   0.0168     1.90  0    cut
 341  sn1998bu      Ia-norm    0.5483   2.69  -0.0080   0.0235    10.40  0    cut
 342  sn2005am      Ia-norm    0.5997   2.69   0.1386   0.0145     4.90  0    cut
 343  sn2002es      Ia-91bg    0.5632   2.69   0.1189   0.0142     4.10  0    cut
 344  sn2002jy      Ia-norm    0.5659   2.69   0.1359   0.0130     7.00  0    cut
 345  sn2004gs      Ia-norm    0.5997   2.69   0.1353   0.0152     1.70  0    cut
 346  sn2001en      Ia-norm    0.5618   2.68  -0.0063   0.0223    10.20  0    cut
 347  sn2005bf      Ib-pec     0.5997   2.67   0.1231   0.0202     3.40  0    cut
 348  sn2007al      Ia-91bg    0.5997   2.67   0.1323   0.0157     2.40  0    cut
 349  sn2007qe      Ia-norm    0.5997   2.67   0.1409   0.0171     8.00  0    cut
 350  sn2003kf      Ia-norm    0.5551   2.66  -0.0080   0.0227    10.40  0    cut
 351  sn2004aw      Ic-norm    0.5632   2.66   0.1337   0.0166     2.60  0    cut
 352  sn1992A       Ia-norm    0.5997   2.66   0.1442   0.0147     5.90  0    cut
 353  sn2001V       Ia-91T     0.5618   2.65  -0.0077   0.0239    10.50  0    cut
 354  sn1999ef      Ia-norm    0.5862   2.64   0.1365   0.0145     7.70  0    cut
 355  sn2006gz      Ia-pec     0.5997   2.64   0.1351   0.0143    10.20  0    cut
 356  sn2001ay      Ia-norm    0.5997   2.64  -0.0021   0.0207     5.80  0    cut
 357  sn2003it      Ia-norm    0.5713   2.64   0.1392   0.0132     2.70  0    cut
 358  sn2002es      Ia-91bg    0.5632   2.62   0.1204   0.0138     2.10  0    cut
 359  sn2003ic      Ia-norm    0.5997   2.62   0.1381   0.0164     7.20  0    cut
 360  sn2003hv      Ia-norm    0.4968   2.61   0.1336   0.0152     3.20  0    cut
 361  sn2002fk      Ia-norm    0.5551   2.60   0.1323   0.0128     7.40  0    cut
 362  sn2003cq      Ia-norm    0.5794   2.60   0.1408   0.0145     2.00  0    cut
 363  sn2003it      Ia-norm    0.5713   2.60   0.1407   0.0137     0.80  0    cut
 364  sn2005am      Ia-norm    0.5997   2.60  -0.0094   0.0000     9.90  0    cut
 365  sn1991bg      Ia-91bg    0.5117   2.60   0.1319   0.0158     2.10  0    cut
 366  sn2000fa      Ia-norm    0.5794   2.59   0.1420   0.0142     1.30  0    cut
 367  sn2005bf      Ib-pec     0.5997   2.59   0.1236   0.0210     6.20  0    cut
 368  sn2000fa      Ia-norm    0.5686   2.59   0.1404   0.0144     4.20  0    cut
 369  sn2000cw      Ia-norm    0.5767   2.58   0.1354   0.0136     3.50  0    cut
 370  sn1998dm      Ia-norm    0.5537   2.58   0.1349   0.0141     7.40  0    cut
 371  sn1994T       Ia-norm    0.5063   2.57   0.1329   0.0189     0.80  0    cut
 372  sn2008af      Ia-norm    0.5997   2.57   0.1387   0.0154     5.90  0    cut
 373  sn1999gp      Ia-91T     0.5740   2.57   0.1385   0.0152     6.90  0    cut
 374  sn2003it      Ia-norm    0.5713   2.57   0.1400   0.0137     1.70  0    cut
 375  sn2000fa      Ia-norm    0.5686   2.57   0.1422   0.0146     2.20  0    cut
 376  sn2001ay      Ia-norm    0.5997   2.57   0.0031   0.0198     3.30  0    cut
 377  sn2005bf      Ib-pec     0.5997   2.56   0.1233   0.0202     1.20  0    cut
 378  sn2000dk      Ia-norm    0.5645   2.55   0.1369   0.0132     0.80  0    cut
 379  sn2004gs      Ia-norm    0.5997   2.55   0.1331   0.0157     3.60  0    cut
 380  sn2001ep      Ia-norm    0.5605   2.54   0.1355   0.0146     0.80  0    cut
 381  sn2006gz      Ia-pec     0.5659   2.54   0.1357   0.0119     8.20  0    cut
 382  sn2002ic      Ia-csm     0.5821   2.53   0.1318   0.0154     9.40  0    cut
 383  sn1997dt      Ia-norm    0.5524   2.53   0.1369   0.0152     2.20  0    cut
 384  sn2006le      Ia-norm    0.5997   2.53   0.1363   0.0169     8.90  0    cut
 385  sn2006ac      Ia-norm    0.5997   2.53   0.1372   0.0169     6.20  0    cut
 386  sn2002ha      Ia-norm    0.5618   2.52   0.1356   0.0129     5.60  0    cut
 387  sn2005bf      Ib-pec     0.5997   2.52   0.1234   0.0218     3.20  0    cut
 388  sn2006ac      Ia-norm    0.5997   2.52  -0.0094   0.0000    10.00  0    cut
 389  sn1996bo      Ia-norm    0.5686   2.51  -0.0094   0.0236     9.20  0    cut
 390  sn2006bz      Ia-91bg    0.5997   2.51   0.1373   0.0166     0.70  0    cut
 391  sn2001ep      Ia-norm    0.5997   2.51   0.1315   0.0168     7.70  0    cut
 392  sn1996X       Ia-norm    0.5591   2.51   0.1386   0.0139     1.20  0    cut
 393  sn1997Y       Ia-norm    0.5199   2.51   0.1338   0.0150     2.90  0    cut
 394  sn2003ch      Ia-norm    0.5713   2.50   0.1333   0.0129     3.80  0    cut
 395  sn2002jy      Ia-norm    0.5659   2.50   0.1354   0.0139     8.00  0    cut
 396  sn2003du      Ia-norm    0.5997   2.50   0.1335   0.0166     9.80  0    cut
 397  sn2002dj      Ia-norm    0.5997   2.50   0.1379   0.0178     8.00  0    cut
 398  sn1996X       Ia-norm    0.5591   2.49   0.1378   0.0140     2.20  0    cut
 399  sn2004gs      Ia-norm    0.5997   2.49   0.1341   0.0155     2.60  0    cut
 400  sn2002ic      Ia-csm     0.5997   2.49   0.1347   0.0162     5.60  0    cut
 401  sn2003W       Ia-norm    0.5618   2.49   0.1458   0.0187     0.60  0    cut
 402  sn1996X       Ia-norm    0.5997   2.49   0.1344   0.0167     7.10  0    cut
 403  kcS0          Gal        0.5997   2.48   0.2695   0.0221   -99.90  2    cut
 404  sn2007nq      Ia-norm    0.5645   2.48  -0.0092   0.0244     9.20  0    cut
 405  sn2003it      Ia-norm    0.5713   2.48   0.1384   0.0140     3.70  0    cut
 406  sn2000cx      Ia-pec     0.4914   2.48   0.1429   0.0152     6.60  0    cut
 407  sn2001el      Ia-norm    0.4224   2.48   0.1415   0.0139     1.20  0    cut
 408  sn2003it      Ia-norm    0.5713   2.48   0.1375   0.0141     5.70  0    cut
 409  sn1998co      Ia-norm    0.5645   2.48   0.1375   0.0140     1.00  0    cut
 410  sn2001ep      Ia-norm    0.5605   2.48   0.1350   0.0147     1.80  0    cut
 411  sn2004et      IIP        0.5997   2.48   0.2782   0.0146     8.60  0    cut
 412  sn2004dt      Ia-norm    0.5997   2.48   0.0077   0.0194     2.30  0    cut
 413  sn2007al      Ia-91bg    0.5997   2.48   0.1322   0.0165     3.30  0    cut
 414  sn2006N       Ia-norm    0.5997   2.47   0.1346   0.0160     7.50  0    cut
 415  sn2007bd      Ia-norm    0.5997   2.47   0.1365   0.0171     8.40  0    cut
 416  sn2004aw      Ic-norm    0.5618   2.46   0.1378   0.0194     0.80  0    cut
 417  sn2007ba      Ia-91bg    0.5456   2.46   0.1365   0.0157     6.00  0    cut
 418  sn2005hk      Ia-pec     0.5172   2.46   0.1033   0.0227     3.60  0    cut
 419  sn2005bf      Ib-pec     0.5997   2.45   0.1235   0.0215     2.20  0    cut
 420  sn2004eo      Ia-norm    0.5997   2.45   0.1306   0.0165     7.80  0    cut
 421  sn2007co      Ia-norm    0.5997   2.45   0.1362   0.0170     8.60  0    cut
 422  sn1999ac      Ia-91T     0.5835   2.45   0.1317   0.0172     7.80  0    cut
 423  sn2006X       Ia-norm    0.5997   2.45   0.1455   0.0189     2.30  0    cut
 424  sn1997bq      Ia-norm    0.5605   2.44  -0.0082   0.0243     9.20  0    cut
 425  sn2006lf      Ia-norm    0.5659   2.44   0.1346   0.0137     6.30  0    cut
 426  sn2006bw      Ia-norm    0.5997   2.44   0.1331   0.0162     4.90  0    cut
 427  sn2007le      Ia-norm    0.5997   2.44   0.1374   0.0178     8.40  0    cut
 428  sn2005cf      Ia-norm    0.5997   2.44   0.1321   0.0167     9.40  0    cut
 429  sn2007hj      Ia-norm    0.5997   2.44   0.1356   0.0161     6.30  0    cut
 430  sn2001fh      Ia-norm    0.5578   2.44   0.1314   0.0157     7.20  0    cut
 431  sn1998bp      Ia-norm    0.5564   2.44   0.1341   0.0144     1.00  0    cut
 432  sn2007if      Ia-pec     0.5997   2.42  -0.0094   0.0000     4.70  0    cut
 433  sn2006bq      Ia-norm    0.5997   2.42   0.1417   0.0184     5.30  0    cut
 434  sn1994ae      Ia-norm    0.5997   2.41   0.1335   0.0176     9.90  0    cut
 435  sn2001N       Ia-norm    0.5645   2.41  -0.0094   0.0000    10.40  0    cut
 436  sn2006X       Ia-norm    0.5997   2.41   0.1467   0.0192     1.30  0    cut
 437  sn2003ch      Ia-norm    0.5686   2.41   0.1327   0.0142     4.80  0    cut
 438  sn2002kf      Ia-norm    0.5659   2.41   0.1412   0.0148     1.10  0    cut
 439  sn2007kk      Ia-norm    0.5997   2.40   0.1386   0.0182     9.80  0    cut
 440  sn2006lf      Ia-norm    0.5659   2.40   0.1356   0.0136     5.30  0    cut
 441  sn2007if      Ia-pec     0.5997   2.40  -0.0094   0.0000     6.10  0    cut
 442  sn2000dk      Ia-norm    0.5645   2.40   0.1348   0.0138     3.70  0    cut
 443  sn1999ej      Ia-norm    0.5605   2.39   0.1342   0.0144     3.10  0    cut
 444  sn1999aa      Ia-91T     0.5050   2.39   0.1347   0.0169     6.70  0    cut
 445  sn2005bf      Ib-pec     0.5997   2.39   0.1242   0.0223     5.20  0    cut
 446  sn2005bf      Ib-pec     0.5997   2.39   0.1230   0.0215     8.20  0    cut
 447  sn1999ej      Ia-norm    0.5591   2.39   0.1357   0.0144     1.10  0    cut
 448  sn1996bo      Ia-norm    0.5700   2.39  -0.0060   0.0252     7.10  0    cut
 449  sn2007if      Ia-pec     0.5997   2.38  -0.0094   0.0000     5.60  0    cut
 450  sn2001bg      Ia-norm    0.5524   2.38   0.1379   0.0161     4.20  0    cut
 451  sn2003ic      Ia-norm    0.5997   2.38   0.1360   0.0174     8.00  0    cut
 452  sn2001eh      Ia-91T     0.5835   2.38   0.1368   0.0153     8.60  0    cut
 453  sn1992A       Ia-norm    0.5997   2.38   0.1434   0.0152     6.90  0    cut
 454  sn2002cs      Ia-norm    0.5618   2.37   0.1450   0.0141     3.30  0    cut
 455  sn1998dt      Ib-norm    0.5618   2.37   0.0006   0.0281     0.90  0    cut
 456  sn2001ep      Ia-norm    0.5605   2.37   0.1339   0.0152     2.80  0    cut
 457  sn2002kf      Ia-norm    0.5659   2.37   0.1386   0.0147     4.10  0    cut
 458  sn2004aw      Ic-norm    0.5618   2.36   0.1373   0.0200     1.60  0    cut
 459  sn2002er      Ia-norm    0.5591   2.36   0.1362   0.0161     3.80  0    cut
 460  sn2000fa      Ia-norm    0.5659   2.36  -0.0070   0.0255     9.10  0    cut
 461  sn2003hv      Ia-norm    0.5835   2.36   0.1333   0.0146     8.20  0    cut
 462  mstar         M-star     0.5997   2.35   0.1012   0.0115     3.00  2    cut
 463  sn2007qe      Ia-norm    0.5997   2.35   0.1403   0.0187     9.00  0    cut
 464  sn1997Y       Ia-norm    0.5686   2.35   0.1352   0.0147     1.90  0    cut
 465  sn2003ch      Ia-norm    0.5700   2.34   0.1346   0.0143     1.80  0    cut
 466  sn2006cp      Ia-norm    0.5997   2.33   0.1369   0.0189     9.30  0    cut
 467  sn2002eu      Ia-norm    0.5835   2.33   0.1396   0.0148     1.10  0    cut
 468  sn2005ke      Ia-91bg    0.5997   2.33   0.1317   0.0161     0.50  0    cut
 469  sn2002kf      Ia-norm    0.5645   2.33   0.1398   0.0152     2.20  0    cut
 470  sn2001el      Ia-norm    0.5997   2.33   0.1407   0.0174     9.10  0    cut
 471  sn2003ch      Ia-norm    0.5700   2.32   0.1354   0.0144     0.80  0    cut
 472  sn1997dd      IIb        0.5997   2.31   0.2835   0.0163     0.00  1    cut
 473  sn2006X       Ia-norm    0.5848   2.31  -0.0072   0.0245    10.30  0    cut
 474  sn2002kf      Ia-norm    0.5659   2.30   0.1390   0.0147     3.10  0    cut
 475  sn1989B       Ia-norm    0.5997   2.30   0.1317   0.0166     8.60  0    cut
 476  sn2003cg      Ia-norm    0.5483   2.30   0.1338   0.0175     6.80  0    cut
 477  sn2006X       Ia-norm    0.5997   2.29   0.1438   0.0195     4.20  0    cut
 478  sn2002fk      Ia-norm    0.5551   2.29   0.1319   0.0143     8.30  0    cut
 479  sn2004bk      Ia-norm    0.5700   2.29   0.1397   0.0157     6.40  0    cut
 480  sn1993J       IIb        0.5889   2.29   0.2828   0.0167     1.40  0    cut
 481  sn2002kf      Ia-norm    0.5659   2.28   0.1373   0.0148     6.00  0    cut
 482  sn2005am      Ia-norm    0.5997   2.28   0.1370   0.0168     6.90  0    cut
 483  sn2001N       Ia-norm    0.5645   2.28  -0.0085   0.0251     9.40  0    cut
 484  sn2006ac      Ia-norm    0.5997   2.27   0.1361   0.0184     7.10  0    cut
 485  sn2003it      Ia-norm    0.5700   2.27   0.1370   0.0149     6.60  0    cut
 486  sn2006lf      Ia-norm    0.5510   2.27   0.1338   0.0155     7.30  0    cut
 487  sn1994M       Ia-norm    0.5456   2.27   0.1415   0.0167     2.60  0    cut
 488  sn2002bf      Ia-norm    0.5713   2.27   0.0002   0.0249     6.70  0    cut
 489  sn2003ch      Ia-norm    0.5700   2.26   0.1309   0.0164     6.70  0    cut
 490  sn2002bf      Ia-norm    0.5700   2.26   0.1419   0.0192     4.80  0    cut
 491  sn2001ep      Ia-norm    0.5605   2.26   0.1333   0.0159     3.80  0    cut
 492  sn2007al      Ia-91bg    0.5997   2.26   0.1331   0.0189     5.30  0    cut
 493  sn1998co      Ia-norm    0.5645   2.26   0.1349   0.0161     3.90  0    cut
 494  sn2006H       Ia-91bg    0.5997   2.26   0.1361   0.0179     4.50  0    cut
 495  sn2005gj      Ia-csm     0.5591   2.26   0.1252   0.0179    10.40  0    cut
 496  sn1999cc      Ia-norm    0.5781   2.26   0.1388   0.0159     1.70  0    cut
 497  sn2004et      IIP        0.5997   2.26   0.2765   0.0142    10.00  0    cut
 498  sn2001bg      Ia-norm    0.5524   2.26   0.1370   0.0169     5.10  0    cut
 499  sn2001N       Ia-norm    0.5821   2.24   0.0007   0.0250     4.40  0    cut
 500  sn2006H       Ia-91bg    0.5997   2.24   0.1349   0.0173     5.50  0    cut
 501  sn1993J       IIb        0.5957   2.24   0.2794   0.0160     3.80  0    cut
 502  sn2007al      Ia-91bg    0.5997   2.24   0.1323   0.0168     4.30  0    cut
 503  sn2002jg      Ia-norm    0.5632   2.24   0.1334   0.0158     4.50  0    cut
 504  sn2007le      Ia-norm    0.5997   2.23  -0.0094   0.0000    10.40  0    cut
 505  sn2002bf      Ia-norm    0.5713   2.23   0.0020   0.0252     5.70  0    cut
 506  sn2006X       Ia-norm    0.5997   2.23   0.1432   0.0201     5.20  0    cut
 507  sn1993J       IIb        0.5997   2.23   0.2804   0.0161     5.50  0    cut
 508  sn1998ef      Ia-norm    0.5645   2.23   0.1417   0.0160     1.30  0    cut
 509  sn2004as      Ia-norm    0.5781   2.22   0.1382   0.0176     2.90  0    cut
 510  sn2002er      Ia-norm    0.5564   2.22   0.1367   0.0167     4.10  0    cut
 511  sn2007cg      Ia-norm    0.5510   2.22   0.1378   0.0208     5.50  0    cut
 512  sn2004ef      Ia-norm    0.5997   2.21   0.1373   0.0174     6.30  0    cut
 513  sn1996ai      Ia-norm    0.5551   2.21   0.1384   0.0144     4.20  0    cut
 514  sn2004as      Ia-norm    0.5781   2.21   0.1390   0.0180     1.80  0    cut
 515  sn2002dj      Ia-norm    0.5551   2.21  -0.0069   0.0251     9.50  0    cut
 516  sn2000cx      Ia-pec     0.5483   2.20   0.1420   0.0163     6.60  0    cut
 517  sn2001bf      Ia-norm    0.5591   2.20   0.1337   0.0164     0.80  0    cut
 518  sn2008bf      Ia-norm    0.5997   2.19   0.1371   0.0183    10.40  0    cut
 519  sn2005be      Ia-norm    0.5997   2.19   0.1355   0.0171     7.70  0    cut
 520  sn2003iv      Ia-norm    0.5781   2.19   0.1334   0.0150     7.20  0    cut
 521  sn2002es      Ia-91bg    0.5632   2.19   0.1202   0.0148     5.10  0    cut
 522  sn2008ae      Ia-pec     0.5659   2.18   0.1084   0.0233     2.80  0    cut
 523  sn2007hj      Ia-norm    0.5997   2.18   0.1352   0.0176     7.30  0    cut
 524  sn2001ep      Ia-norm    0.5605   2.18   0.1323   0.0167     4.80  0    cut
 525  sn2006X       Ia-norm    0.5997   2.17  -0.0043   0.0254     8.20  0    cut
 526  sn2002de      Ia-norm    0.5740   2.17   0.1358   0.0168     8.50  0    cut
 527  sn1996Z       Ia-norm    0.5578   2.17  -0.0091   0.0265    10.10  0    cut
 528  sn2001E       Ia-norm    0.5659   2.17   0.0001   0.0259     7.70  0    cut
 529  sn1994M       Ia-norm    0.5334   2.17   0.1374   0.0190     5.60  0    cut
 530  sn2004aw      Ic-norm    0.5659   2.17   0.1353   0.0222     1.90  0    cut
 531  sn2006br      Ia-norm    0.5997   2.17   0.1415   0.0192     3.00  0    cut
 532  sn1993J       IIb        0.5740   2.17   0.2812   0.0177     3.40  0    cut
 533  sn2001da      Ia-norm    0.5618   2.16   0.1390   0.0169     1.90  0    cut
 534  sn1998S       IIn        0.5442   2.16   0.1137   0.0176     9.70  0    cut
 535  sn1993J       IIb        0.5943   2.16   0.2795   0.0168     4.60  0    cut
 536  sn2000ce      Ia-norm    0.5632   2.16   0.1373   0.0163     6.70  0    cut
 537  sn2007co      Ia-norm    0.5997   2.16  -0.0094   0.0000    10.50  0    cut
 538  sn2005mc      Ia-norm    0.5997   2.15   0.1328   0.0170     5.60  0    cut
 539  sn1991bg      Ia-91bg    0.5997   2.15   0.1324   0.0189     2.10  0    cut
 540  sn2007if      Ia-pec     0.5104   2.14   0.1058   0.0252    10.30  0    cut
 541  sn1995al      Ia-norm    0.5551   2.14   0.1403   0.0186     6.40  0    cut
 542  sn1997br      Ia-91T     0.5997   2.14   0.1348   0.0189     7.20  0    cut
 543  sn1995al      Ia-norm    0.5564   2.14  -0.0035   0.0258     8.40  0    cut
 544  sn2001da      Ia-norm    0.5645   2.13   0.1383   0.0169     2.90  0    cut
 545  sn2000B       Ia-norm    0.5659   2.13  -0.0030   0.0262     8.60  0    cut
 546  sn2001E       Ia-norm    0.5645   2.13   0.1458   0.0197     2.80  0    cut
 547  sn1997cn      Ia-91bg    0.5997   2.13   0.1331   0.0156     3.90  0    cut
 548  sn1994M       Ia-norm    0.5483   2.13   0.1423   0.0178     1.60  0    cut
 549  sn2003ch      Ia-norm    0.5713   2.12   0.1339   0.0151     2.80  0    cut
 550  sn2001en      Ia-norm    0.5618   2.12   0.1421   0.0171     1.50  0    cut
 551  mstar         M-star     0.5997   2.12   0.1024   0.0137     7.00  2    cut
 552  sn2007kk      Ia-norm    0.5754   2.12  -0.0040   0.0267     7.90  0    cut
 553  sn2006eu      Ia-norm    0.5997   2.12   0.1369   0.0216     8.00  0    cut
 554  sn1997Y       Ia-norm    0.5564   2.11   0.1316   0.0166     6.90  0    cut
 555  sn2004aw      Ic-norm    0.5618   2.11   0.1348   0.0235     3.60  0    cut
 556  mstar         M-star     0.5997   2.11   0.1033   0.0131     6.00  2    cut
 557  sn2004as      Ia-norm    0.5781   2.11   0.1355   0.0189     5.80  0    cut
 558  sn2002es      Ia-91bg    0.5618   2.10   0.2748   0.0206     9.00  0    cut
 559  sn1991N       Ic-norm    0.5997   2.10  -0.0094   0.0000    27.90  1    cut
 560  sn1996Z       Ia-norm    0.5591   2.10  -0.0059   0.0270     8.10  0    cut
 561  sn2006N       Ia-norm    0.5997   2.09   0.1338   0.0187     8.50  0    cut
 562  sn1999by      Ia-91bg    0.5997   2.09   0.1319   0.0182     2.90  0    cut
 563  sn2002he      Ia-norm    0.5713   2.09   0.1399   0.0162     3.70  0    cut
 564  sn2003ch      Ia-norm    0.5767   2.08   0.1331   0.0153     5.60  0    cut
 565  sn1998S       IIn        0.5388   2.08   0.2571   0.0137     1.80  0    cut
 566  sn2006X       Ia-norm    0.5997   2.07   0.1419   0.0215     6.20  0    cut
 567  sn1999em      IIP        0.5997   2.07   0.2869   0.0209     6.20  0    cut
 568  sn1998S       IIn        0.5375   2.07   0.2573   0.0145     0.90  0    cut
 569  sn1996bo      Ia-norm    0.5700   2.06   0.1380   0.0179     3.30  0    cut
 570  lbv1999bw     LBV        0.5496   2.06   0.2231   0.0081   -99.90  2    cut
 571  sn2001en      Ia-norm    0.5618   2.06   0.1391   0.0174     4.40  0    cut
 572  sn2006aj      Ic-broad   0.4887   2.04   0.1633   0.0242     1.50  0    cut
 573  sn2001ep      Ia-norm    0.5605   2.04   0.1315   0.0180     5.80  0    cut
 574  sn1997dd      IIb        0.5591   2.04   0.2817   0.0177     3.60  1    cut
 575  sn2006X       Ia-norm    0.5997   2.04  -0.0033   0.0267     7.30  0    cut
 576  sn2003kf      Ia-norm    0.5551   2.04   0.1356   0.0171     8.50  0    cut
 577  sn1999by      Ia-91bg    0.5483   2.04   0.1320   0.0200     4.00  0    cut
 578  sn2000H       IIb        0.5605   2.04  -0.0093   0.0274     6.70  0    cut
 579  sn2001bf      Ia-norm    0.5618   2.04   0.1306   0.0147     4.70  0    cut
 580  sn2008A       Ia-pec     0.5997   2.03   0.1154   0.0249     1.00  0    cut
 581  sn2005ke      Ia-91bg    0.5997   2.03   0.1309   0.0181     2.40  0    cut
 582  sn2002kf      Ia-norm    0.5659   2.03   0.1362   0.0162     8.00  0    cut
 583  sn2003it      Ia-norm    0.5700   2.03   0.1361   0.0164     7.60  0    cut
 584  sn2005cs      IIP        0.5997   2.03   0.2689   0.0137    10.00  0    cut
 585  sn1998ab      Ia-91T     0.5727   2.02   0.1321   0.0196     6.70  0    cut
 586  sn2002eu      Ia-norm    0.5821   2.02   0.1333   0.0167     7.80  0    cut
 587  sn2001en      Ia-norm    0.5618   2.02   0.1385   0.0178     5.30  0    cut
 588  sn1997bp      Ia-norm    0.5591   2.02   0.1477   0.0212     0.80  0    cut
 589  sn1993J       IIb        0.5997   2.02   0.2796   0.0164     3.70  0    cut
 590  sn2007le      Ia-norm    0.5997   2.02   0.1365   0.0205     9.50  0    cut
 591  sn2004as      Ia-norm    0.5767   2.02  -0.0085   0.0274     8.60  0    cut
 592  sn2000E       Ia-norm    0.5375   2.02   0.1326   0.0217     7.50  0    cut
 593  sn2004dt      Ia-norm    0.5997   2.01   0.1382   0.0192     3.80  0    cut
 594  sn2008D       Ib-pec     0.5645   2.01  -0.0096   0.0323     4.40  0    cut
 595  sn2007cg      Ia-norm    0.5510   2.01   0.1374   0.0217     6.50  0    cut
 596  sn2005bl      Ia-91bg    0.5997   2.01   0.1330   0.0205     4.70  0    cut
 597  sn1996Z       Ia-norm    0.5591   2.01   0.1385   0.0191     4.10  0    cut
 598  sn1997bp      Ia-norm    0.5591   2.00   0.1462   0.0214     1.80  0    cut
 599  sn2002jy      Ia-norm    0.5659   2.00   0.1342   0.0169     9.90  0    cut
 600  sn1998dk      Ia-norm    0.5605   2.00  -0.0078   0.0280    10.20  0    cut
 601  sn1991T       Ia-91T     0.5997   2.00   0.1318   0.0200     9.50  0    cut
 602  sn1998dm      Ia-norm    0.5537   2.00   0.1337   0.0184     9.50  0    cut
 603  sn1994M       Ia-norm    0.5727   1.99   0.1389   0.0167     6.60  0    cut
 604  lbv2003hy     LBV        0.5672   1.99   0.1144   0.0193   -99.90  2    cut
 605  sn2005am      Ia-norm    0.5997   1.99   0.1362   0.0189     7.90  0    cut
 606  sn2006al      Ia-norm    0.5781   1.99   0.1349   0.0166     9.10  0    cut
 607  sn2005cs      IIP        0.5997   1.99   0.2688   0.0144     9.80  0    cut
 608  sn1998dx      Ia-norm    0.5984   1.99   0.1352   0.0197     7.80  0    cut
 609  sn1990K       IIL        0.5537   1.98   0.1703   0.0381   147.00  1    cut
 610  sn1994T       Ia-norm    0.5063   1.98   0.1266   0.0259     4.70  0    cut
 611  sn2003cg      Ia-norm    0.5510   1.98   0.1327   0.0205     7.70  0    cut
 612  sn2004aw      Ic-norm    0.5997   1.97   0.1359   0.0237     5.30  0    cut
 613  sn2000H       IIb        0.5605   1.97  -0.0094   0.0000     7.70  0    cut
 614  sn2002er      Ia-norm    0.5997   1.97  -0.0094   0.0000    10.00  0    cut
 615  sn2006ac      Ia-norm    0.5997   1.97   0.1343   0.0210     9.00  0    cut
 616  sn1997bp      Ia-norm    0.5591   1.96   0.1451   0.0218     2.80  0    cut
 617  sn1983V       Ic-norm    0.5943   1.96   0.1364   0.0243     4.00  0    cut
 618  lbv2003hy     LBV        0.5686   1.96   0.2597   0.0189   -99.90  2    cut
 619  sn1991N       Ic-norm    0.5997   1.96  -0.0094   0.0000     5.70  1    cut
 620  sn1999cl      Ia-norm    0.5537   1.95  -0.0096   0.0281     7.60  0    cut
 621  sn2006H       Ia-91bg    0.5970   1.95   0.1328   0.0192     7.50  0    cut
 622  sn1994T       Ia-norm    0.5090   1.95   0.1339   0.0255     1.70  0    cut
 623  sn2002dj      Ia-norm    0.5997   1.95  -0.0096   0.0276     9.30  0    cut
 624  sn1998dt      Ib-norm    0.5618   1.94  -0.0094   0.0000     3.90  0    cut
 625  sn2000cn      Ia-91bg    0.5700   1.94  -0.0094   0.0000     8.30  0    cut
 626  sn2001gc      Ia-norm    0.5645   1.94   0.1428   0.0214     3.40  0    cut
 627  sn2008C       Ia-norm    0.5997   1.94   0.1316   0.0202    10.30  0    cut
 628  sn2002he      Ia-norm    0.5713   1.93   0.1383   0.0173     5.60  0    cut
 629  sn2004as      Ia-norm    0.5781   1.93  -0.0065   0.0292     7.60  0    cut
 630  sn2002dp      Ia-norm    0.5591   1.93   0.1315   0.0173     7.10  0    cut
 631  sn2002fk      Ia-norm    0.5551   1.93   0.1307   0.0172     9.40  0    cut
 632  sn2001gc      Ia-norm    0.5632   1.93   0.1421   0.0216     4.40  0    cut
 633  sn2002bf      Ia-norm    0.5713   1.92   0.1460   0.0208     1.80  0    cut
 634  sn2000cx      Ia-pec     0.4901   1.92   0.1421   0.0187     8.60  0    cut
 635  sn2003hu      Ia-91T     0.5456   1.92   0.1335   0.0251    10.30  0    cut
 636  sn1993ac      Ia-norm    0.5997   1.92   0.1407   0.0205     6.90  0    cut
 637  sn2005cs      IIP        0.5997   1.91   0.2697   0.0145     9.00  0    cut
 638  sn1996bo      Ia-norm    0.5700   1.91   0.1364   0.0193     5.20  0    cut
 639  sn2003cg      Ia-norm    0.5997   1.90   0.1320   0.0212     9.20  0    cut
 640  sn1998de      Ia-91bg    0.5632   1.90   0.1369   0.0215     2.70  0    cut
 641  sn2005cs      IIP        0.5997   1.90   0.2693   0.0144     9.70  0    cut
 642  sn1997bp      Ia-norm    0.5591   1.90   0.1441   0.0223     3.80  0    cut
 643  sn1996X       Ia-norm    0.5591   1.89   0.1337   0.0195     7.10  0    cut
 644  sn2004aw      Ic-norm    0.5659   1.89   0.1355   0.0227     3.10  0    cut
 645  sn2001N       Ia-norm    0.5659   1.89   0.1419   0.0218     0.70  0    cut
 646  sn2000H       IIb        0.5916   1.89  -0.0094   0.0000     8.40  0    cut
 647  sn1996bk      Ia-norm    0.5591   1.89   0.1334   0.0205     2.50  0    cut
 648  sn2001N       Ia-norm    0.5645   1.89   0.1390   0.0212     2.60  0    cut
 649  sn2004dt      Ia-norm    0.5997   1.89   0.1403   0.0218     3.30  0    cut
 650  sn2006eq      Ia-norm    0.5686   1.89   0.1358   0.0199     4.70  0    cut
 651  sn1999bh      Ia-91bg    0.5036   1.89   0.1190   0.0180     5.10  0    cut
 652  sn2001ep      Ia-norm    0.5605   1.88   0.1306   0.0194     6.80  0    cut
 653  sn2000ce      Ia-norm    0.5632   1.88   0.1357   0.0192     8.70  0    cut
 654  sn2001en      Ia-norm    0.5632   1.88   0.1374   0.0185     6.30  0    cut
 655  sn1998bu      Ia-norm    0.5483   1.88   0.1332   0.0207     8.40  0    cut
 656  sn2007if      Ia-pec     0.5997   1.88  -0.0094   0.0000     6.60  0    cut
 657  sn1991bg      Ia-91bg    0.5727   1.86   0.1348   0.0241     0.90  0    cut
 658  sn2005kc      Ia-norm    0.5997   1.86   0.1313   0.0207     9.80  0    cut
 659  sn2001V       Ia-91T     0.5618   1.85   0.1339   0.0204     9.50  0    cut
 660  sn2003cg      Ia-norm    0.5564   1.85   0.1341   0.0185     7.00  0    cut
 661  sn2004et      IIP        0.5997   1.85   0.2799   0.0180     6.20  0    cut
 662  sn1991N       Ic-norm    0.5997   1.84  -0.0094   0.0000     6.60  1    cut
 663  lbv2003hy     LBV        0.5672   1.84   0.1145   0.0186   -99.90  2    cut
 664  sn1994D       Ia-norm    0.5090   1.84  -0.0067   0.0297     9.60  0    cut
 665  sn2007ax      Ia-91bg    0.5997   1.84   0.2904   0.0241    10.00  0    cut
 666  sn1986G       Ia-91bg    0.5672   1.84   0.1374   0.0192     0.80  0    cut
 667  sn2008ae      Ia-pec     0.5997   1.83   0.1101   0.0260     0.90  0    cut
 668  sn2004as      Ia-norm    0.5767   1.82   0.1345   0.0203     6.60  0    cut
 669  sn1996cb      IIb        0.5537   1.82   0.2796   0.0180     6.00  0    cut
 670  sn1997do      Ia-norm    0.5564   1.81  -0.0090   0.0311    10.20  0    cut
 671  sn2002er      Ia-norm    0.5997   1.81   0.1278   0.0223     8.80  0    cut
 672  kcSb          Gal        0.5997   1.80   0.1022   0.0281   -99.90  2    cut
 673  sn2007al      Ia-91bg    0.5997   1.80   0.1310   0.0237     8.30  0    cut
 674  sn2007if      Ia-pec     0.5997   1.80  -0.0094   0.0000     7.40  0    cut
 675  sn1992A       Ia-norm    0.5997   1.80   0.1409   0.0197     8.20  0    cut
 676  sn2007af      Ia-norm    0.5997   1.79   0.1296   0.0212    10.20  0    cut
 677  sn2003cg      Ia-norm    0.5510   1.79   0.1320   0.0226     8.80  0    cut
 678  sn1995F       Ic-norm    0.5997   1.78   0.2873   0.0224     0.20  1    cut
 679  lbv2003hy     LBV        0.5672   1.78   0.1162   0.0177   -99.90  2    cut
 680  sn1999ef      Ia-norm    0.5848   1.78   0.1350   0.0209     9.60  0    cut
 681  sn1995F       Ic-norm    0.5997   1.77   0.1439   0.0301     0.00  1    cut
 682  mstar         M-star     0.5997   1.77   0.1041   0.0178     4.00  2    cut
 683  sn2001gc      Ia-norm    0.5645   1.77   0.1415   0.0223     5.30  0    cut
 684  sn1999gd      Ia-norm    0.5632   1.77   0.1300   0.0214     7.90  0    cut
 685  sn2005mz      Ia-91bg    0.5997   1.77   0.2886   0.0219    10.20  0    cut
 686  sn1999ac      Ia-91T     0.5564   1.76   0.1290   0.0219     9.00  0    cut
 687  sn2006H       Ia-91bg    0.5997   1.76   0.1355   0.0225     6.50  0    cut
 688  sn1995F       Ic-norm    0.5997   1.75   0.2849   0.0220    35.70  1    cut
 689  sn1995F       Ic-norm    0.5997   1.75   0.2849   0.0220    35.80  1    cut
 690  sn1998S       IIn        0.5429   1.74   0.1162   0.0191     2.70  0    cut
 691  sn2002eu      Ia-norm    0.5821   1.74   0.1345   0.0155     5.00  0    cut
 692  sn2005ke      Ia-91bg    0.5997   1.73   0.2885   0.0239     8.40  0    cut
 693  sn1997do      Ia-norm    0.5564   1.73   0.1376   0.0226     8.20  0    cut
 694  sn2003it      Ia-norm    0.5713   1.73   0.1354   0.0205     8.50  0    cut
 695  sn2007ax      Ia-91bg    0.5280   1.73   0.1296   0.0272     1.10  0    cut
 696  sn1996Z       Ia-norm    0.5591   1.72   0.1369   0.0218     6.10  0    cut
 697  sn2007al      Ia-91bg    0.5997   1.72   0.1321   0.0217    10.20  0    cut
 698  sn2001ep      Ia-norm    0.5605   1.72   0.1300   0.0210     7.80  0    cut
 699  sn2005cs      IIP        0.5997   1.72   0.2706   0.0161     8.00  0    cut
 700  kcE           Gal        0.5997   1.72   0.1028   0.0297   -99.90  2    cut
 701  sn2007hj      Ia-norm    0.5997   1.71   0.1350   0.0206     8.20  0    cut
 702  sn1997br      Ia-91T     0.5578   1.71   0.1295   0.0247     7.90  0    cut
 703  sn1997dq      Ic-broad   0.5997   1.71   0.1414   0.0301     1.00  1    cut
 704  sn1996cb      IIb        0.5496   1.70   0.2793   0.0191     7.00  0    cut
 705  kcSa          Gal        0.5997   1.70   0.1046   0.0207   -99.90  2    cut
 706  sn1991A       Ic-norm    0.4454   1.69   0.0955   0.0313    10.90  1    cut
 707  sn1984L       Ib-norm    0.4914   1.69   0.1049   0.0255     9.00  0    cut
 708  sn1993J       IIb        0.5618   1.69   0.2809   0.0211     6.60  0    cut
 709  sn1999by      Ia-91bg    0.5483   1.69   0.1303   0.0293     5.00  0    cut
 710  sn1995F       Ic-norm    0.5997   1.69   0.1378   0.0317    56.90  1    cut
 711  sn2005ke      Ia-91bg    0.5862   1.68   0.2891   0.0246    10.40  0    cut
 712  sn2000H       IIb        0.5605   1.68  -0.0094   0.0000     9.60  0    cut
 713  mstar         M-star     0.5997   1.68   0.1012   0.0158     2.00  2    cut
 714  sn1998co      Ia-norm    0.5645   1.68   0.1324   0.0238     6.90  0    cut
 715  sn2006H       Ia-91bg    0.5997   1.67   0.2887   0.0232    10.40  0    cut
 716  sn1996X       Ia-norm    0.5591   1.67   0.1333   0.0240     8.10  0    cut
 717  sn2002ap      Ic-broad   0.5997   1.67   0.1369   0.0264     2.70  0    cut
 718  sn2007bm      Ia-norm    0.5997   1.67   0.1300   0.0226     9.60  0    cut
 719  sn1991N       Ic-norm    0.5997   1.66  -0.0117   0.0376     7.60  1    cut
 720  sn2001fh      Ia-norm    0.5578   1.66   0.1300   0.0264     9.10  0    cut
 721  sn1990K       IIL        0.5564   1.65   0.2667   0.0239   119.10  1    cut
 722  sn2008ae      Ia-pec     0.5997   1.64  -0.0094   0.0000     1.90  0    cut
 723  sn2001en      Ia-norm    0.5618   1.64   0.1353   0.0220     8.30  0    cut
 724  sn2000cu      Ia-norm    0.5632   1.63   0.1328   0.0207     7.30  0    cut
 725  sn2007Y       Ib-norm    0.5821   1.62   0.2757   0.0232     7.90  0    cut
 726  sn1999em      IIP        0.5469   1.62   0.2828   0.0208     9.40  0    cut
 727  sn2006em      Ia-91bg    0.5997   1.61   0.2941   0.0246     3.70  0    cut
 728  sn2007cg      Ia-norm    0.5496   1.60   0.1373   0.0254     7.50  0    cut
 729  sn1999ej      Ia-norm    0.5605   1.60   0.1298   0.0224     8.10  0    cut
 730  mstar         M-star     0.5997   1.59   0.1008   0.0213     0.00  2    cut
 731  sn1997dd      IIb        0.5605   1.59   0.2794   0.0203    16.40  1    cut
 732  sn1999ac      Ia-91T     0.5564   1.58   0.1289   0.0237    10.00  0    cut
 733  sn2005cs      IIP        0.5997   1.58   0.2723   0.0189     7.10  0    cut
 734  sn2001gc      Ia-norm    0.5632   1.58   0.1385   0.0253     7.30  0    cut
 735  sn1996cb      IIb        0.5456   1.58  -0.0026   0.0220     0.90  0    cut
 736  kcSB6         Gal        0.5997   1.57   0.1068   0.0174   -99.90  2    cut
 737  sn2003it      Ia-norm    0.5700   1.57   0.1344   0.0214     9.50  0    cut
 738  sn2001da      Ia-norm    0.5645   1.57   0.1340   0.0214     7.80  0    cut
 739  sn2004bg      Ia-norm    0.5659   1.57   0.1303   0.0225    10.50  0    cut
 740  sn1999dn      Ib-norm    0.5889   1.56   0.2793   0.0249     6.90  1    cut
 741  sn1999gh      Ia-norm    0.5524   1.56   0.1294   0.0270     5.50  0    cut
 742  sn2002ha      Ia-norm    0.5618   1.56   0.1328   0.0205     9.60  0    cut
 743  sn1997br      Ia-91T     0.5591   1.55   0.1244   0.0279     9.90  0    cut
 744  sn1999di      Ib-norm    0.4874   1.55  -0.0025   0.0201    23.60  1    cut
 745  sn1998bu      Ia-norm    0.5483   1.55   0.1318   0.0273     9.40  0    cut
 746  sn1995F       Ic-norm    0.5781   1.54   0.2843   0.0226    11.00  1    cut
 747  sn2003cg      Ia-norm    0.5496   1.54   0.1309   0.0285     9.80  0    cut
 748  mstar         M-star     0.5997   1.54   0.1010   0.0332     1.00  2    cut
 749  sn1990K       IIL        0.5293   1.53   0.2708   0.0248    55.60  1    cut
 750  sn1997dq      Ic-broad   0.5997   1.52   0.1404   0.0337    27.90  1    cut
 751  sn1997dq      Ic-broad   0.5997   1.52   0.1404   0.0338    27.90  1    cut
 752  sn1995F       Ic-norm    0.5997   1.52   0.2822   0.0230    29.10  1    cut
 753  sn1984L       Ib-norm    0.4901   1.52   0.1063   0.0266     8.00  0    cut
 754  sn1992ar      Ic-norm    0.5672   1.51   0.1247   0.0289     3.40  0    cut
 755  lbv2001ac     LBV        0.5510   1.51   0.0374   0.0092   -99.90  2    cut
 756  sn1999by      Ia-91bg    0.5496   1.51   0.1297   0.0399     5.90  0    cut
 757  sn1993J       IIb        0.5402   1.50   0.2833   0.0216     2.70  0    cut
 758  sn2005gj      Ia-csm     0.5605   1.50   0.1259   0.0248     7.70  0    cut
 759  sn1990B       Ic-norm    0.5997   1.50   0.2889   0.0238     8.90  0    cut
 760  sn1997dq      Ic-broad   0.5483   1.50   0.1388   0.0445     0.00  1    cut
 761  sn2005ke      Ia-91bg    0.5997   1.50   0.1301   0.0232     6.40  0    cut
 762  sn2006H       Ia-91bg    0.5997   1.50   0.2868   0.0265     9.60  0    cut
 763  sn1999by      Ia-91bg    0.5483   1.49   0.2901   0.0269     7.90  0    cut
 764  sn2007if      Ia-pec     0.5997   1.49   0.1122   0.0280     9.40  0    cut
 765  lbv2003hy     LBV        0.5686   1.48   0.1165   0.0147   -99.90  2    cut
 766  sn2001bg      Ia-norm    0.5537   1.48   0.1320   0.0253    10.00  0    cut
 767  sn2008D       Ib-pec     0.5862   1.48   0.1349   0.0339     5.50  0    cut
 768  sn2002jg      Ia-norm    0.5605   1.48   0.1284   0.0279     9.40  0    cut
 769  sn2007ax      Ia-91bg    0.5266   1.47   0.1323   0.0418     2.00  0    cut
 770  sn1999dn      Ib-norm    0.4820   1.47  -0.0009   0.0187    27.70  1    cut
 771  agn           AGN        0.5997   1.46   0.1962   0.0187   -99.90  2    cut
 772  mstar         M-star     0.5997   1.46   0.1043   0.0140     8.00  2    cut
 773  sn2004dj      IIP        0.4021   1.46   0.2694   0.0129    17.00  1    cut
 774  sn1999gh      Ia-norm    0.5537   1.46   0.1287   0.0287     6.50  0    cut
 775  sn2004dj      IIP        0.4021   1.45   0.2702   0.0132    18.00  1    cut
 776  sn1990K       IIL        0.5293   1.44   0.2750   0.0265    53.30  1    cut
 777  sn1999dn      Ib-norm    0.5618   1.44  -0.0009   0.0381     0.00  1    cut
 778  sn1996cb      IIb        0.5524   1.44   0.2825   0.0198     5.00  0    cut
 779  sn2007if      Ia-pec     0.5997   1.43  -0.0094   0.0000     9.40  0    cut
 780  sn2004et      IIP        0.5997   1.43   0.2816   0.0257     4.00  0    cut
 781  sn2002ap      Ic-broad   0.5483   1.43   0.1440   0.0474     6.60  0    cut
 782  sn1997dq      Ic-broad   0.5997   1.42   0.1335   0.0359    81.70  1    cut
 783  sn2004dj      IIP        0.4021   1.41   0.2695   0.0147    20.00  1    cut
 784  sn1991A       Ic-norm    0.4088   1.41   0.0812   0.0266    16.80  1    cut
 785  sn2002dp      Ia-norm    0.5591   1.41   0.1290   0.0270    10.00  0    cut
 786  sn2002ap      Ic-broad   0.5483   1.40   0.1441   0.0480     5.60  0    cut
 787  lbv2003hy     LBV        0.5672   1.40   0.2446   0.0218   -99.90  2    cut
 788  sn2007Y       Ib-norm    0.5185   1.40   0.2683   0.0235     4.90  0    cut
 789  lbv1999bw     LBV        0.5009   1.40   0.0518   0.0217   -99.90  2    cut
 790  sn1990K       IIL        0.4806   1.39   0.1698   0.0390   139.00  1    cut
 791  sn2002ap      Ic-broad   0.5483   1.39   0.1410   0.0480     4.60  0    cut
 792  sn1987A       II-pec     0.5212   1.39   0.2726   0.0260     3.30  0    cut
 793  sn1999by      Ia-91bg    0.5496   1.39   0.1298   0.0401     6.90  0    cut
 794  sn2000dk      Ia-norm    0.5821   1.37   0.1317   0.0233     9.60  0    cut
 795  sn1998dt      Ib-norm    0.5997   1.37   0.2889   0.0278     7.90  0    cut
 796  sn1999ex      Ib-norm    0.5456   1.37   0.2860   0.0234     9.30  0    cut
 797  sn2002ap      Ic-broad   0.5483   1.37   0.1424   0.0502     3.60  0    cut
 798  sn1988L       Ib-norm    0.4806   1.36   0.1202   0.0407     0.00  1    cut
 799  sn1999gh      Ia-norm    0.5537   1.36   0.1273   0.0321     7.40  0    cut
 800  sn2002ap      Ic-broad   0.4671   1.35   0.1276   0.0327     9.50  0    cut
 801  sn2006bp      IIP        0.4535   1.35   0.2112   0.0211     8.10  0    cut
 802  sn1994I       Ic-norm    0.5997   1.34   0.2973   0.0260     2.60  0    cut
 803  sn1996cb      IIb        0.5320   1.33   0.1517   0.0189     7.90  0    cut
 804  sn1995F       Ic-norm    0.5469   1.33   0.2839   0.0227     4.00  1    cut
 805  sn2002dl      Ia-91bg    0.5618   1.33   0.2840   0.0243    10.30  0    cut
 806  sn1999di      Ib-norm    0.4887   1.32  -0.0031   0.0250     0.00  1    cut
 807  sn2004dj      IIP        0.4021   1.31   0.2691   0.0133    36.00  1    cut
 808  sn2002bo      Ia-norm    0.5483   1.31   0.1297   0.0305    10.40  0    cut
 809  sn2007al      Ia-91bg    0.5496   1.31   0.1317   0.0383    10.10  0    cut
 810  sn1994I       Ic-norm    0.5496   1.31   0.1313   0.0563     1.30  0    cut
 811  sn2005cc      Ia-pec     0.5388   1.30   0.0928   0.0256     9.50  0    cut
 812  lbv2003hy     LBV        0.5686   1.29   0.2730   0.0254   -99.90  2    cut
 813  sn1980K       IIL        0.4738   1.29   0.0527   0.0237     7.00  0    cut
 814  sn1998dt      Ib-norm    0.5618   1.29   0.0032   0.0462     6.90  0    cut
 815  sn2005cc      Ia-pec     0.5997   1.28   0.0965   0.0283     5.60  0    cut
 816  kcSB3         Gal        0.5997   1.28   0.5660   0.0133   -99.90  2    cut
 817  sn1990aa      Ic-norm    0.5131   1.28   0.1404   0.0233   116.10  1    cut
 818  sn2002ap      Ic-broad   0.5997   1.27   0.1387   0.0321     4.70  0    cut
 819  sn1997dq      Ic-broad   0.5496   1.27   0.1423   0.0567    14.90  1    cut
 820  sn1994I       Ic-norm    0.5510   1.27   0.1329   0.0587     2.30  0    cut
 821  sn1998bw      Ic-broad   0.5997   1.26   0.1866   0.0431     7.80  0    cut
 822  kcSB4         Gal        0.5997   1.26   0.2792   0.0197   -99.90  2    cut
 823  sn1997dq      Ic-broad   0.5564   1.25   0.1379   0.0399   222.20  1    cut
 824  sn2004dj      IIP        0.4251   1.25   0.2690   0.0152    48.00  1    cut
 825  kcSB1         Gal        0.5997   1.24   0.1844   0.0134   -99.90  2    cut
 826  sn2004dj      IIP        0.4007   1.23   0.2696   0.0160     5.00  1    cut
 827  sn1990aa      Ic-norm    0.5144   1.23   0.2929   0.0249     0.00  1    cut
 828  sn1994I       Ic-norm    0.5510   1.23   0.1332   0.0596     3.50  0    cut
 829  sn2005cc      Ia-pec     0.5591   1.23   0.1172   0.0348     4.60  0    cut
 830  sn1999gh      Ia-norm    0.5537   1.23   0.1273   0.0347     8.40  0    cut
 831  sn1996L       IIn        0.5686   1.20   0.1985   0.0124     8.40  0    cut
 832  sn1997dq      Ic-broad   0.5496   1.20   0.1425   0.0582    17.90  1    cut
 833  sn1997dq      Ic-broad   0.5510   1.19   0.1417   0.0527    21.90  1    cut
 834  sn2000cn      Ia-91bg    0.5686   1.19   0.1344   0.0245    10.20  0    cut
 835  sn2006bp      IIP        0.5781   1.19   0.2909   0.0327     7.20  0    cut
 836  sn1987A       II-pec     0.5253   1.19   0.2722   0.0290     8.00  0    cut
 837  sn2004dj      IIP        0.4251   1.19   0.2688   0.0151    50.00  1    cut
 838  sn1998bw      Ic-broad   0.5997   1.18   0.1521   0.0357     8.70  0    cut
 839  kcSB5         Gal        0.5997   1.18   0.2795   0.0104   -99.90  2    cut
 840  lbv2003hy     LBV        0.5700   1.18   0.2646   0.0248   -99.90  2    cut
 841  sn1990K       IIL        0.5564   1.17   0.1945   0.0411   136.10  1    cut
 842  sn2004dj      IIP        0.4237   1.17   0.2684   0.0153    46.80  1    cut
 843  lbv2003hy     LBV        0.5713   1.17   0.2676   0.0252   -99.90  2    cut
 844  sn1995F       Ic-norm    0.5469   1.16   0.2859   0.0252     1.90  1    cut
 845  lbv2003hy     LBV        0.5686   1.16   0.2712   0.0282   -99.90  2    cut
 846  sn1990aa      Ic-norm    0.5131   1.15   0.1384   0.0238    61.50  1    cut
 847  sn1997ei      Ic-norm    0.5632   1.15   0.2883   0.0258    10.90  1    cut
 848  sn2005cc      Ia-pec     0.5997   1.15   0.1090   0.0334     3.60  0    cut
 849  sn2004dj      IIP        0.4224   1.15   0.2689   0.0162    51.90  1    cut
 850  lbv2003hy     LBV        0.5700   1.15   0.2694   0.0280   -99.90  2    cut
 851  sn1988L       Ib-norm    0.4319   1.14   0.2759   0.0226    47.70  1    cut
 852  sn1999gh      Ia-norm    0.5537   1.14   0.1277   0.0373     9.40  0    cut
 853  kcSB2         Gal        0.5997   1.14   0.1843   0.0144   -99.90  2    cut
 854  sn1987A       II-pec     0.5239   1.14   0.2718   0.0308    10.00  0    cut
 855  sn1997dq      Ic-broad   0.5537   1.13   0.2809   0.0249    54.80  1    cut
 856  sn1997dq      Ic-broad   0.5510   1.12   0.1425   0.0589    26.90  1    cut
 857  sn1987A       II-pec     0.5280   1.12   0.2729   0.0287     3.10  0    cut
 858  sn2004dj      IIP        0.4007   1.12   0.2697   0.0156     0.00  1    cut
 859  sn2002ap      Ic-broad   0.5483   1.08   0.1352   0.0597     0.60  0    cut
 860  sn2002ap      Ic-broad   0.4671   1.08   0.1326   0.0418     6.50  0    cut
 861  sn1980K       IIL        0.4657   1.07   0.0520   0.0225     9.00  0    cut
 862  sn1990K       IIL        0.5551   1.07   0.1214   0.0168   174.70  1    cut
 863  sn1983N       Ib-norm    0.4116   1.06   0.0972   0.0456     4.00  0    cut
 864  sn1997cy      IIn        0.5997   1.05   0.0252   0.0249    29.40  1    cut
 865  sn1998S       IIn        0.4982   1.05   0.1263   0.0394     1.90  0    cut
 866  sn1991A       Ic-norm    0.5104   1.05   0.1376   0.0555     0.00  1    cut
 867  sn1999em      IIP        0.4752   1.04   0.2020   0.0251     6.60  0    cut
 868  sn1999em      IIP        0.5483   1.04   0.4720   0.0227     6.40  0    cut
 869  sn2005cs      IIP        0.5997   1.04   0.4609   0.0179     5.00  0    cut
 870  sn1997cy      IIn        0.5997   1.04   0.0263   0.0254   226.10  1    cut
 871  sn2005cc      Ia-pec     0.5997   1.03   0.1153   0.0355     2.60  0    cut
 872  sn1995F       Ic-norm    0.5997   1.02   0.1416   0.0430    88.80  1    cut
 873  sn1999em      IIP        0.5957   1.02   0.0449   0.0546     1.40  0    cut
 874  mstar         M-star     0.5997   1.02   0.1803   0.0238    10.00  2    cut
 875  sn1997ef      Ic-broad   0.4332   1.02   0.1284   0.0366     6.90  0    cut
 876  sn1990K       IIL        0.4792   1.02   0.1479   0.0473   201.60  1    cut
 877  sn2002ap      Ic-broad   0.4657   1.01   0.1269   0.0436     1.50  0    cut
 878  sn1999em      IIP        0.4657   1.00   0.0498   0.0294     5.60  0    cut
 879  sn1990K       IIL        0.5280   1.00   0.1154   0.0483   174.70  1    cut
 880  sn2005cs      IIP        0.5997   1.00   0.1649   0.0176     1.00  0    cut
 881  sn1987A       II-pec     0.5239   0.99   0.2742   0.0310     1.30  0    cut
 882  sn1987A       II-pec     0.5253   0.99   0.2732   0.0314     9.30  0    cut
 883  sn2004dj      IIP        0.4021   0.98   0.1849   0.0228     2.70  1    cut
 884  sn1990K       IIL        0.4874   0.97   0.1408   0.0490   160.90  1    cut
 885  sn2006bp      IIP        0.5537   0.97   0.0514   0.0334     3.30  0    cut
 886  sn2008D       Ib-pec     0.5483   0.96   0.2879   0.0281     9.50  0    cut
 887  sn1997dc      Ib-norm    0.4833   0.96   0.0850   0.0269     0.00  1    cut
 888  sn1991ar      Ib-norm    0.4156   0.96   0.0637   0.0396    15.80  1    cut
 889  sn1999em      IIP        0.5997   0.95   0.0417   0.0525     2.40  0    cut
 890  sn1991ar      Ib-norm    0.4644   0.95   0.2701   0.0260    27.40  1    cut
 891  sn2006bp      IIP        0.5537   0.94   0.0486   0.0334     4.20  0    cut
 892  sn2004et      IIP        0.5997   0.94   0.0432   0.0442     1.00  0    cut
 893  sn1997ei      Ic-norm    0.4048   0.94   0.3821   0.0223     0.00  1    cut
 894  sn1990K       IIL        0.4589   0.92   0.2791   0.0331    76.30  1    cut
 895  kcSc          Gal        0.5997   0.92   0.5637   0.0282   -99.90  2    cut
 896  sn1999em      IIP        0.5997   0.92   0.0330   0.0364     5.40  0    cut
 897  mstar         M-star     0.5997   0.91   0.1070   0.0128     9.00  2    cut
 898  sn2004et      IIP        0.5970   0.90   0.2849   0.0396     2.00  0    cut
 899  sn1991ar      Ib-norm    0.4616   0.90   0.0940   0.0275     0.00  1    cut
 900  sn2004dj      IIP        0.4738   0.89   0.0803   0.0307    89.80  1    cut
 901  sn2005cs      IIP        0.4495   0.89   0.2076   0.0198     0.80  0    cut
 902  sn1991A       Ic-norm    0.4454   0.86   0.0911   0.0447    65.10  1    cut
 903  sn1998T       Ib-norm    0.4048   0.84   0.0921   0.0480     0.00  1    cut
 904  sn1997cy      IIn        0.5997   0.82   0.1840   0.0366   377.70  1    cut
 905  sn2005cs      IIP        0.5997   0.82   0.0696   0.0679     0.80  0    cut
 906  sn2004dj      IIP        0.4264   0.82   0.1977   0.0250    50.60  1    cut
 907  sn1990K       IIL        0.5036   0.82   0.1473   0.0545   202.50  1    cut
 908  sn2005cs      IIP        0.5903   0.81   0.2036   0.0201     3.80  0    cut
 909  sn1991N       Ic-norm    0.4968   0.81   0.1288   0.0315   276.10  1    cut
 910  sn2005cs      IIP        0.5997   0.80   0.0297   0.0610     4.00  0    cut
 911  sn1997cy      IIn        0.5997   0.78   0.1817   0.0539    71.30  1    cut
 912  sn1997cy      IIn        0.5997   0.78   0.1896   0.0597   174.50  1    cut
 913  sn2005cs      IIP        0.5997   0.77   0.2052   0.0191     3.10  0    cut
 914  sn2006bp      IIP        0.4522   0.77   0.0642   0.0337     2.10  0    cut
 915  sn1997dq      Ic-broad   0.4048   0.74   0.2794   0.0211    42.80  1    cut
 916  sn1997cy      IIn        0.5997   0.74   0.0039   0.0352     0.00  1    cut
 917  sn2005cs      IIP        0.5997   0.74   0.0675   0.0715     2.10  0    cut
 918  sn1991N       Ic-norm    0.5997   0.71   0.0073   0.0264   250.20  1    cut
 919  sn1997cy      IIn        0.5997   0.69   0.1791   0.0711   116.80  1    cut
 920  sn1991A       Ic-norm    0.4576   0.69   0.0901   0.0786    47.50  1    cut
 921  sn1991A       Ic-norm    0.4847   0.68   0.1424   0.0412    61.40  1    cut
 922  sn1997cy      IIn        0.5997   0.66   0.0937   0.0522   125.30  1    cut
 923  sn1997cy      IIn        0.5997   0.65   0.1798   0.0693    57.20  1    cut
 924  sn1997cy      IIn        0.5997   0.64  -0.0008   0.0242   196.10  1    cut
 925  sn1997cy      IIn        0.5997   0.51   0.1999   0.0602    14.10  1    cut
 926  sn1991A       Ic-norm    0.4102   0.50   0.0849   0.0443   128.30  1    cut
 927  sn1991A       Ic-norm    0.5090   0.50   0.1461   0.0501    32.60  1    cut
