### SNID output file ###
 
### input spectrum and options ###
# Input spectrum                 : 18408_-6.50.dat
# Parameter file                 : NA
# Wavelength range               :    4000.00   9000.00
# Mask file                      : NA
# Median filtering width [A]     : NA
# Median filtering width [pix]   :       1.00
# Clip emission redshift         :     0.0489
# Clip sky lines                 : 0
# Emission clip width [A]        :       0.05
# Keep A-band                    : 1
# Age range                      :     -11.50     -1.50
# Delta range                    :      -9.99     99.90
# Min. number of spectra/template:   1
# Use only templates             : NA
# Use only types                 : NA
# Avoid templates                : NA
# Avoid types                    : NA
# rlapmin                        :       5.00
# Redshift range                 :    -0.0100    1.2000
# Forced initial redshift        :     0.0489
# Extra fake redshift            : NA
# Nsigma for initial redshift    : NA
# Redshift filter                :     0.0200
# Wavenumbers k1,k2,k3,k4        :     1    4   85  102
# Template directory             : /home/djperrefort/snid-5.0/templates-2.0/
 
### initial/user-input redshift ###
zinit       0.0000
zuser       0.0489
 
### median redshift/age and error ###
zmed        0.0471    0.0002
agem         -2.40      0.71
 
### type fraction/redshift/age ###
#type ntemp fraction slope redshift redshift_error age age_error
Ia              0      0.00    0.0000    0.0000    0.0000     0.000     0.000
Ia-norm         0      0.00    0.0000    0.0000    0.0000     0.000     0.000
Ia-91T          0      0.00    0.0000    0.0000    0.0000     0.000     0.000
Ia-91bg         0      0.00    0.0000    0.0000    0.0000     0.000     0.000
Ia-csm          0      0.00    0.0000    0.0000    0.0000     0.000     0.000
Ia-pec          0      0.00    0.0000    0.0000    0.0000     0.000     0.000
###
Ib              0      0.00    0.0000    0.0000    0.0000     0.000     0.000
Ib-norm         0      0.00    0.0000    0.0000    0.0000     0.000     0.000
Ib-pec          0      0.00    0.0000    0.0000    0.0000     0.000     0.000
IIb             0      0.00    0.0000    0.0000    0.0000     0.000     0.000
###
Ic              0      0.00    0.0000    0.0000    0.0000     0.000     0.000
Ic-norm         0      0.00    0.0000    0.0000    0.0000     0.000     0.000
Ic-pec          0      0.00    0.0000    0.0000    0.0000     0.000     0.000
Ic-broad        0      0.00    0.0000    0.0000    0.0000     0.000     0.000
###
II              2      1.00    0.0000    0.0471    0.0002    -2.400     0.707
IIP             2      1.00    0.0000    0.0471    0.0002    -2.400     0.707
II-pec          0      0.00    0.0000    0.0000    0.0000     0.000     0.000
IIn             0      0.00    0.0000    0.0000    0.0000     0.000     0.000
IIL             0      0.00    0.0000    0.0000    0.0000     0.000     0.000
###
NotSN           0      0.00    0.0000    0.0000    0.0000     0.000     0.000
AGN             0      0.00    0.0000    0.0000    0.0000     0.000     0.000
Gal             0      0.00    0.0000    0.0000    0.0000     0.000     0.000
LBV             0      0.00    0.0000    0.0000    0.0000     0.000     0.000
M-star          0      0.00    0.0000    0.0000    0.0000     0.000     0.000
 
### rlap-ordered template listings ###
#no. sn type lap rlap z zerr age age_flag grade
   1  sn2004et      IIP        0.6498   5.21   0.0470   0.0084    -1.90  0   good
   2  sn2004et      IIP        0.6498   5.06   0.0473   0.0087    -2.90  0   good
#--- rlap cutoff
   3  sn1999em      IIP        0.6688   3.88   0.0485   0.0115    -1.60  0    cut
   4  sn2005cs      IIP        0.6512   3.53   0.0420   0.0095    -1.90  0    cut
   5  sn1999em      IIP        0.6688   3.53   0.0491   0.0133    -2.60  0    cut
   6  sn1999em      IIP        0.6620   3.39   0.0503   0.0145    -3.60  0    cut
   7  sn1999em      IIP        0.7311   3.37   0.0530   0.0132    -3.70  0    cut
   8  sn1999gi      IIP        0.6688   3.33   0.0508   0.0151    -4.00  0    cut
   9  sn1999gi      IIP        0.6688   3.32   0.0521   0.0146    -5.00  0    cut
  10  sn1994D       Ia-norm    0.7311   3.11   0.2464   0.0109    -2.30  0    cut
  11  sn2003du      Ia-norm    0.7311   3.00   0.2442   0.0097    -4.20  0    cut
  12  lbv2003hy     LBV        0.6471   2.94   0.1147   0.0115   -99.90  2    cut
  13  sn2002he      Ia-norm    0.7311   2.88   0.2531   0.0126    -3.20  0    cut
  14  sn1994D       Ia-norm    0.7311   2.88   0.2473   0.0112    -4.30  0    cut
  15  sn2003du      Ia-norm    0.7311   2.85   0.2449   0.0100    -6.10  0    cut
  16  sn1994D       Ia-norm    0.7311   2.84   0.2474   0.0109    -5.30  0    cut
  17  sn2002er      Ia-norm    0.7311   2.80   0.2513   0.0118    -2.10  0    cut
  18  sn1983V       Ic-norm    0.5442   2.79   0.1414   0.0210    -4.00  0    cut
  19  sn1997cy      IIn        0.7311   2.79  -0.0099   0.0171    29.40  1    cut
  20  sn2002er      Ia-norm    0.7311   2.78   0.2504   0.0117    -3.10  0    cut
  21  sn1996X       Ia-norm    0.7311   2.73   0.2453   0.0104    -1.80  0    cut
  22  sn2003du      Ia-norm    0.7311   2.72   0.2465   0.0108    -7.20  0    cut
  23  sn1997br      Ia-91T     0.6891   2.68   0.5461   0.0162    -6.60  0    cut
  24  sn1981B       Ia-norm    0.7311   2.65   0.2510   0.0135    -1.50  0    cut
  25  lbv2003hy     LBV        0.6498   2.65   0.1152   0.0154   -99.90  2    cut
  26  sn1997br      Ia-91T     0.7311   2.64   0.5464   0.0158    -9.60  0    cut
  27  kcSc          Gal        0.6931   2.63   0.0353   0.0083   -99.90  2    cut
  28  sn1997br      Ia-91T     0.7297   2.61   0.5424   0.0160    -8.60  0    cut
  29  sn1997br      Ia-91T     0.7311   2.60   0.5409   0.0166    -7.60  0    cut
  30  sn2004dj      IIP        0.5510   2.59   0.0356   0.0086     2.70  1    cut
  31  sn1994D       Ia-norm    0.7256   2.57   0.2480   0.0114    -6.10  0    cut
  32  lbv2001ac     LBV        0.6661   2.57   0.0361   0.0076   -99.90  2    cut
  33  sn2003cg      Ia-norm    0.7311   2.54   0.2488   0.0119    -7.30  0    cut
  34  sn1998S       IIn        0.7311   2.51   0.0032   0.0101    -1.50  0    cut
  35  sn2008D       Ib-pec     0.5158   2.49   0.1532   0.0261   -11.50  0    cut
  36  kcSB2         Gal        0.7311   2.46   0.0354   0.0087   -99.90  2    cut
  37  sn2004dj      IIP        0.5551   2.45   0.0367   0.0091     0.00  1    cut
  38  sn2002er      Ia-norm    0.7311   2.45   0.2511   0.0134    -5.00  0    cut
  39  sn1997br      Ia-91T     0.7311   2.45   0.5377   0.0183    -4.60  0    cut
  40  sn2002er      Ia-norm    0.7311   2.43   0.2498   0.0138    -4.00  0    cut
  41  sn2005cf      Ia-norm    0.7311   2.43   0.2431   0.0114    -1.50  0    cut
  42  kcSB1         Gal        0.7311   2.40   0.0351   0.0084   -99.90  2    cut
  43  sn1989B       Ia-norm    0.7202   2.39   0.2483   0.0149    -7.20  0    cut
  44  sn1994I       Ic-norm    0.6918   2.39   0.1355   0.0194    -5.40  0    cut
  45  sn2003cg      Ia-norm    0.7311   2.37   0.2471   0.0128    -6.40  0    cut
  46  sn2003cg      Ia-norm    0.6877   2.34   0.2482   0.0128    -2.30  0    cut
  47  sn1997bp      Ia-norm    0.7311   2.33   0.2699   0.0172    -3.00  0    cut
  48  sn2006bp      IIP        0.6525   2.33   0.0560   0.0195    -1.70  0    cut
  49  sn2002dj      Ia-norm    0.7311   2.31   0.2612   0.0158    -3.60  0    cut
  50  sn2003U       Ia-norm    0.7311   2.31   0.2552   0.0148    -8.50  0    cut
  51  lbv1999bw     LBV        0.6715   2.29   0.0353   0.0092   -99.90  2    cut
  52  sn2007if      Ia-pec     0.6810   2.27   0.8103   0.0087    -7.50  0    cut
  53  mstar         M-star     0.7311   2.26   0.0679   0.0137     5.00  2    cut
  54  sn2003cg      Ia-norm    0.7311   2.26   0.2486   0.0121    -5.00  0    cut
  55  sn2004dj      IIP        0.5524   2.26   0.0352   0.0089     8.00  1    cut
  56  sn1991T       Ia-91T     0.7311   2.25   0.5418   0.0189    -1.50  0    cut
  57  sn2005cf      Ia-norm    0.7311   2.25   0.2430   0.0118    -2.40  0    cut
  58  sn2004eo      Ia-norm    0.7311   2.23   0.2457   0.0137    -5.60  0    cut
  59  sn1994I       Ic-norm    0.6796   2.23   0.1326   0.0199    -3.60  0    cut
  60  sn1994I       Ic-norm    0.6837   2.19   0.1385   0.0267    -5.50  0    cut
  61  sn1997cy      IIn        0.7311   2.19  -0.0085   0.0188   226.10  1    cut
  62  sn1994I       Ic-norm    0.6823   2.18   0.1308   0.0199    -2.50  0    cut
  63  lbv2003hy     LBV        0.6336   2.17   0.0308   0.0079   -99.90  2    cut
  64  sn2002dj      Ia-norm    0.7311   2.17   0.2627   0.0172    -6.60  0    cut
  65  sn2004dt      Ia-norm    0.7311   2.17   0.2628   0.0204    -3.70  0    cut
  66  kcSB4         Gal        0.7311   2.15   0.0347   0.0083   -99.90  2    cut
  67  agn           AGN        0.7311   2.15   0.0363   0.0122   -99.90  2    cut
  68  lbv2001ac     LBV        0.7311   2.15   0.2000   0.0065   -99.90  2    cut
  69  sn2003kf      Ia-norm    0.7311   2.14   0.2521   0.0132    -9.40  0    cut
  70  mstar         M-star     0.7311   2.13   0.0693   0.0154     7.00  2    cut
  71  sn2002dj      Ia-norm    0.7311   2.13   0.2642   0.0183    -8.60  0    cut
  72  sn2004dt      Ia-norm    0.7311   2.13   0.2642   0.0207    -6.50  0    cut
  73  sn2004dt      Ia-norm    0.7311   2.13   0.2653   0.0208    -4.50  0    cut
  74  mstar         M-star     0.7311   2.12   0.1405   0.0106    10.00  2    cut
  75  sn1994I       Ic-norm    0.6837   2.11   0.1301   0.0215    -1.60  0    cut
  76  sn2004dt      Ia-norm    0.6891   2.11   0.2624   0.0182    -2.00  0    cut
  77  sn2004dj      IIP        0.5916   2.11   0.0336   0.0081    51.90  1    cut
  78  sn2003cg      Ia-norm    0.7311   2.10   0.2509   0.0138    -8.00  0    cut
  79  sn2004dt      Ia-norm    0.7311   2.09   0.2644   0.0209    -5.60  0    cut
  80  sn2002dj      Ia-norm    0.7311   2.09   0.2620   0.0179    -4.60  0    cut
  81  sn2004dt      Ia-norm    0.7311   2.09   0.2644   0.0209    -6.40  0    cut
  82  sn1994D       Ia-norm    0.7311   2.07   0.2511   0.0157    -9.20  0    cut
  83  sn1990K       IIL        0.5889   2.07   0.0424   0.0123     0.00  1    cut
  84  lbv2003hy     LBV        0.6485   2.07   0.1158   0.0146   -99.90  2    cut
  85  mstar         M-star     0.7311   2.06   0.0690   0.0149     6.00  2    cut
  86  kcSB3         Gal        0.7311   2.05   0.2000   0.0066   -99.90  2    cut
  87  sn2004dj      IIP        0.5943   2.05   0.0339   0.0081    50.00  1    cut
  88  sn1999dq      Ia-91T     0.7311   2.05   0.5453   0.0212    -9.40  0    cut
  89  sn2005cf      Ia-norm    0.7311   2.04   0.2439   0.0124    -2.70  0    cut
  90  sn1991T       Ia-91T     0.7311   2.04   0.5436   0.0198    -6.70  0    cut
  91  sn1990K       IIL        0.6106   2.03   0.0337   0.0088   174.70  1    cut
  92  sn2006D       Ia-norm    0.7311   2.03   0.2490   0.0127    -7.30  0    cut
  93  sn2003du      Ia-norm    0.6986   2.03   0.2428   0.0119    -2.20  0    cut
  94  mstar         M-star     0.7311   2.03   0.0708   0.0155     8.00  2    cut
  95  sn1999aa      Ia-91T     0.7311   2.03   0.5437   0.0216    -5.00  0    cut
  96  sn1990K       IIL        0.5659   2.03   0.0342   0.0084   201.60  1    cut
  97  lbv2003hy     LBV        0.6485   2.02   0.1183   0.0150   -99.90  2    cut
  98  sn2006D       Ia-norm    0.7311   2.00   0.2478   0.0127    -5.30  0    cut
  99  sn2006bt      Ia-norm    0.7311   2.00   0.2518   0.0150    -3.90  0    cut
 100  sn2004dt      Ia-norm    0.7311   2.00   0.2640   0.0217    -6.50  0    cut
 101  sn1983V       Ic-norm    0.7216   1.99   0.0425   0.0165    -7.00  0    cut
 102  sn2005cf      Ia-norm    0.7311   1.99   0.2447   0.0130    -5.50  0    cut
 103  sn2004dt      Ia-norm    0.7311   1.99   0.2641   0.0211    -8.50  0    cut
 104  sn1999aa      Ia-91T     0.7311   1.98   0.5445   0.0199    -9.40  0    cut
 105  mstar         M-star     0.7311   1.98   0.0714   0.0150     9.00  2    cut
 106  sn2006bt      Ia-norm    0.7311   1.98   0.2533   0.0156    -4.60  0    cut
 107  sn1991T       Ia-91T     0.7311   1.97   0.5445   0.0201    -7.70  0    cut
 108  sn2004dj      IIP        0.5672   1.97   0.0342   0.0090    20.00  1    cut
 109  mstar         M-star     0.7311   1.97   0.0675   0.0141     4.00  2    cut
 110  sn1990K       IIL        0.5320   1.96   0.0523   0.0099   139.00  1    cut
 111  sn1993J       IIb        0.6620   1.96   0.0502   0.0157    -5.00  0    cut
 112  sn2002bo      Ia-norm    0.7311   1.96   0.2565   0.0185    -2.80  0    cut
 113  sn2004dj      IIP        0.5970   1.96   0.0340   0.0085    50.60  1    cut
 114  kcSB6         Gal        0.7311   1.95   0.1991   0.0070   -99.90  2    cut
 115  sn1993J       IIb        0.5848   1.95   0.0520   0.0139   -10.50  0    cut
 116  sn2004dj      IIP        0.5713   1.95   0.0337   0.0084    36.00  1    cut
 117  sn2002bo      Ia-norm    0.7311   1.94   0.2561   0.0182    -1.70  0    cut
 118  sn2005cf      Ia-norm    0.7311   1.94   0.2450   0.0129    -3.80  0    cut
 119  sn2004dj      IIP        0.5943   1.94   0.0337   0.0083    48.00  1    cut
 120  sn1999dn      Ib-norm    0.7311   1.93   0.1167   0.0216     0.00  1    cut
 121  sn2005cf      Ia-norm    0.7311   1.93   0.2459   0.0132    -6.60  0    cut
 122  sn1999ac      Ia-91T     0.7311   1.91   0.5376   0.0244    -2.10  0    cut
 123  sn2004dj      IIP        0.5740   1.90   0.0357   0.0102     5.00  1    cut
 124  sn2002dj      Ia-norm    0.7311   1.90   0.2671   0.0195    -9.50  0    cut
 125  sn1999di      Ib-norm    0.6972   1.89   0.3370   0.0178    23.60  1    cut
 126  sn1991T       Ia-91T     0.7311   1.89   0.5461   0.0206    -8.70  0    cut
 127  sn2004dj      IIP        0.5740   1.89   0.0345   0.0093    17.00  1    cut
 128  sn2004dj      IIP        0.6837   1.89   0.0385   0.0094    89.80  1    cut
 129  sn2004dj      IIP        0.5943   1.88   0.0334   0.0084    46.80  1    cut
 130  sn1999aa      Ia-91T     0.7311   1.86   0.5314   0.0220    -1.60  0    cut
 131  sn1991N       Ic-norm    0.7067   1.86   0.2497   0.0185   276.10  1    cut
 132  lbv1999bw     LBV        0.6525   1.86   0.0352   0.0099   -99.90  2    cut
 133  sn1999ac      Ia-91T     0.7202   1.86   0.2567   0.0156    -9.90  0    cut
 134  sn2005cf      Ia-norm    0.7311   1.84   0.2458   0.0142    -6.30  0    cut
 135  kcSB5         Gal        0.7311   1.84   0.0348   0.0098   -99.90  2    cut
 136  kcSb          Gal        0.7311   1.83   0.0575   0.0158   -99.90  2    cut
 137  sn2002bo      Ia-norm    0.7311   1.83   0.2565   0.0184    -1.50  0    cut
 138  sn2001eh      Ia-91T     0.7311   1.83   0.5506   0.0244    -5.90  0    cut
 139  sn2004dj      IIP        0.5727   1.82   0.0344   0.0095    18.00  1    cut
 140  kcE           Gal        0.7311   1.82   0.0591   0.0136   -99.90  2    cut
 141  sn1999di      Ib-norm    0.6986   1.81   0.3406   0.0183     0.00  1    cut
 142  sn2004dt      Ia-norm    0.6945   1.79   0.2679   0.0193    -8.90  0    cut
 143  sn1990K       IIL        0.5903   1.78   0.0545   0.0109   147.00  1    cut
 144  sn1997dq      Ic-broad   0.6742   1.78   0.1151   0.0327    54.80  1    cut
 145  sn2005cg      Ia-norm    0.4779   1.78   0.2509   0.0169    -4.00  0    cut
 146  sn1999dn      Ib-norm    0.7311   1.78   0.1137   0.0226     6.90  1    cut
 147  sn1999ex      Ib-norm    0.7311   1.78   0.7508   0.0224    -4.50  0    cut
 148  sn1998es      Ia-91T     0.6227   1.77   0.5123   0.0274    -2.40  0    cut
 149  sn2006bp      IIP        0.6525   1.76   0.7353   0.0147    -5.70  0    cut
 150  sn1997dq      Ic-broad   0.7311   1.76   0.7283   0.0236     1.00  1    cut
 151  sn1999da      Ia-91bg    0.6634   1.76   0.3219   0.0253    -2.60  0    cut
 152  sn2002dj      Ia-norm    0.7311   1.76   0.2671   0.0206   -10.40  0    cut
 153  sn1997dq      Ic-broad   0.6728   1.75   0.1145   0.0344     0.00  1    cut
 154  sn2008D       Ib-pec     0.7311   1.75   0.1267   0.0300    -6.60  0    cut
 155  sn2004eo      Ia-norm    0.7311   1.74   0.3327   0.0198   -10.20  0    cut
 156  sn2005bf      Ib-pec     0.6349   1.73   0.2902   0.0329    -7.60  0    cut
 157  sn2005bf      Ib-pec     0.6309   1.71   0.2914   0.0317    -5.60  0    cut
 158  sn2008A       Ia-pec     0.6417   1.71   0.1148   0.0321    -3.90  0    cut
 159  sn2002er      Ia-norm    0.7311   1.70   0.2568   0.0187    -8.00  0    cut
 160  sn1990aa      Ic-norm    0.7229   1.70   0.1098   0.0276    61.50  1    cut
 161  sn2008A       Ia-pec     0.6376   1.70   0.1159   0.0314    -1.90  0    cut
 162  sn1998es      Ia-91T     0.6214   1.70   0.5135   0.0274    -3.40  0    cut
 163  sn2007Y       Ib-norm    0.7311   1.69   0.7304   0.0223    -2.00  0    cut
 164  sn1999by      Ia-91bg    0.5754   1.69   0.1365   0.0220    -5.00  0    cut
 165  sn1991A       Ic-norm    0.6065   1.69   0.1116   0.0458     0.00  1    cut
 166  sn2008D       Ib-pec     0.7311   1.68   0.1279   0.0215    -9.30  0    cut
 167  sn2003cg      Ia-norm    0.6579   1.68   0.2462   0.0150    -2.80  0    cut
 168  sn2006bp      IIP        0.6525   1.67   0.0553   0.0262    -4.60  0    cut
 169  sn2001eh      Ia-91T     0.7311   1.67   0.5497   0.0266    -4.90  0    cut
 170  sn2003ic      Ia-norm    0.6200   1.67   0.5210   0.0270    -4.10  0    cut
 171  sn2004aw      Ic-norm    0.6607   1.67   0.1431   0.0249    -5.20  0    cut
 172  sn2008A       Ia-pec     0.6390   1.67   0.1171   0.0331    -3.00  0    cut
 173  sn1996cb      IIb        0.6701   1.67   0.1407   0.0181    -2.10  0    cut
 174  sn2005hk      Ia-pec     0.4955   1.66   0.3165   0.0201    -4.20  0    cut
 175  sn2002er      Ia-norm    0.7013   1.66   0.3397   0.0161   -10.00  0    cut
 176  sn2005cf      Ia-norm    0.7311   1.66   0.2464   0.0152    -7.30  0    cut
 177  sn2006nz      Ia-norm    0.6146   1.66   0.5150   0.0236    -1.70  0    cut
 178  sn1999dn      Ib-norm    0.6918   1.65   0.3371   0.0212    27.70  1    cut
 179  sn2004aw      Ic-norm    0.6607   1.64   0.1418   0.0317    -3.30  0    cut
 180  sn2005hk      Ia-pec     0.4928   1.64   0.3160   0.0214    -3.40  0    cut
 181  mstar         M-star     0.7311   1.64   0.0670   0.0155     3.00  2    cut
 182  sn2006S       Ia-norm    0.6241   1.64   0.5153   0.0250    -4.60  0    cut
 183  sn2006S       Ia-norm    0.6255   1.63   0.5131   0.0283    -2.60  0    cut
 184  sn1993J       IIb        0.7311   1.62   0.0485   0.0220    -2.40  0    cut
 185  lbv2003hy     LBV        0.6471   1.62   0.0032   0.0118   -99.90  2    cut
 186  sn1998es      Ia-91T     0.6241   1.62   0.5138   0.0275    -4.40  0    cut
 187  sn2005eq      Ia-91T     0.6282   1.62   0.5139   0.0286    -3.50  0    cut
 188  sn2006cz      Ia-91T     0.6133   1.61   0.5228   0.0285    -2.00  0    cut
 189  sn1997dq      Ic-broad   0.6728   1.61   0.1194   0.0365    21.90  1    cut
 190  sn2005bl      Ia-91bg    0.7311   1.61   0.1362   0.0186    -4.90  0    cut
 191  sn1987A       II-pec     0.5713   1.60   0.1002   0.0173    -8.70  0    cut
 192  sn1997dq      Ic-broad   0.6728   1.60   0.1189   0.0373    26.90  1    cut
 193  sn1999by      Ia-91bg    0.7311   1.59   0.3239   0.0200    -3.00  0    cut
 194  sn2005hj      Ia-91T     0.7040   1.59   0.2449   0.0132    -4.30  0    cut
 195  sn2005bl      Ia-91bg    0.7311   1.59   0.7445   0.0338    -2.90  0    cut
 196  sn2004aw      Ic-norm    0.6607   1.59   0.1413   0.0297    -2.20  0    cut
 197  sn1999aa      Ia-91T     0.6173   1.59   0.5152   0.0304    -3.10  0    cut
 198  sn1987A       II-pec     0.5713   1.59   0.1006   0.0159    -4.70  0    cut
 199  sn1997dq      Ic-broad   0.6715   1.59   0.1187   0.0373    14.90  1    cut
 200  sn1997dq      Ic-broad   0.6715   1.59   0.1205   0.0368    17.90  1    cut
 201  sn2002G       Ia-norm    0.6363   1.59   0.5102   0.0264    -4.40  0    cut
 202  sn2003du      Ia-norm    0.7311   1.58   0.2496   0.0208   -11.10  0    cut
 203  sn2003W       Ia-norm    0.6512   1.58   0.5273   0.0320    -6.30  0    cut
 204  sn1993J       IIb        0.7311   1.57   0.0479   0.0214    -1.60  0    cut
 205  kcSa          Gal        0.7311   1.57   0.0581   0.0192   -99.90  2    cut
 206  sn1999di      Ib-norm    0.5808   1.57   0.3364   0.0206    30.50  1    cut
 207  sn1998T       Ib-norm    0.6146   1.56   0.3427   0.0187     0.00  1    cut
 208  sn2002dj      Ia-norm    0.6688   1.56   0.5245   0.0278   -10.40  0    cut
 209  sn2003W       Ia-norm    0.6512   1.55   0.5254   0.0297    -3.30  0    cut
 210  sn2005eu      Ia-norm    0.6214   1.55   0.5175   0.0300    -5.20  0    cut
 211  sn2005hk      Ia-pec     0.7311   1.55   0.5207   0.0208    -5.10  0    cut
 212  sn2006S       Ia-norm    0.6227   1.55   0.5149   0.0285    -5.50  0    cut
 213  sn1993J       IIb        0.7311   1.55   0.0493   0.0198    -4.00  0    cut
 214  sn2008ar      Ia-norm    0.6322   1.55   0.5071   0.0237    -1.70  0    cut
 215  sn2002dj      Ia-norm    0.6661   1.55   0.5315   0.0292   -11.40  0    cut
 216  sn2007S       Ia-91T     0.6363   1.55   0.5153   0.0364    -2.70  0    cut
 217  sn1990aa      Ic-norm    0.7243   1.55   0.7407   0.0227     0.00  1    cut
 218  sn1991N       Ic-norm    0.7311   1.55   0.7330   0.0330     0.00  1    cut
 219  sn2005M       Ia-91T     0.6322   1.54   0.5065   0.0325    -1.70  0    cut
 220  sn2007Y       Ib-norm    0.7311   1.54   0.7375   0.0257    -9.00  0    cut
 221  sn2005hk      Ia-pec     0.7311   1.54   0.5188   0.0210    -4.20  0    cut
 222  sn2002de      Ia-norm    0.6390   1.54   0.5155   0.0307    -2.20  0    cut
 223  sn1988L       Ib-norm    0.6904   1.54   0.1183   0.0326     0.00  1    cut
 224  sn1997dq      Ic-broad   0.7311   1.54   0.7250   0.0243    27.90  1    cut
 225  sn1991N       Ic-norm    0.6309   1.54   0.2961   0.0417     5.70  1    cut
 226  sn2006gr      Ia-norm    0.6255   1.54   0.5197   0.0316    -2.10  0    cut
 227  sn1999ee      Ia-norm    0.7311   1.53   0.5495   0.0270    -7.20  0    cut
 228  sn1991ar      Ib-norm    0.6742   1.53   0.1140   0.0256    27.40  1    cut
 229  sn2006gz      Ia-pec     0.6065   1.53   0.5164   0.0166    -4.50  0    cut
 230  sn2002hw      Ia-norm    0.6566   1.53   0.3284   0.0270    -3.20  0    cut
 231  kcS0          Gal        0.7311   1.53   0.0575   0.0138   -99.90  2    cut
 232  sn2000E       Ia-norm    0.6620   1.53   0.3309   0.0247    -2.30  0    cut
 233  sn2001ep      Ia-norm    0.6607   1.52   0.3257   0.0269    -2.10  0    cut
 234  sn1998es      Ia-91T     0.6227   1.52   0.5150   0.0281    -5.40  0    cut
 235  sn2003kc      Ia-norm    0.6417   1.52   0.5167   0.0314    -7.60  0    cut
 236  sn2005bf      Ib-pec     0.6295   1.52   0.1251   0.0306    -3.60  0    cut
 237  sn2001az      Ia-91T     0.6309   1.52   0.5135   0.0310    -3.10  0    cut
 238  sn2001ep      Ia-norm    0.6607   1.51   0.3266   0.0274    -3.10  0    cut
 239  sn2007if      Ia-pec     0.7311   1.51   0.5252   0.0269    -9.20  0    cut
 240  sn1999aa      Ia-91T     0.6160   1.50   0.5154   0.0307    -4.10  0    cut
 241  sn2005hk      Ia-pec     0.7311   1.50   0.5232   0.0201    -6.30  0    cut
 242  sn1987A       II-pec     0.5713   1.50   0.1007   0.0165    -2.70  0    cut
 243  sn2001ep      Ia-norm    0.6593   1.50   0.3301   0.0265    -7.00  0    cut
 244  sn2005bf      Ib-pec     0.6349   1.50   0.1238   0.0306    -4.60  0    cut
 245  sn2005mc      Ia-norm    0.6282   1.50   0.5023   0.0246    -2.20  0    cut
 246  sn1993J       IIb        0.7311   1.49   0.0498   0.0198    -3.00  0    cut
 247  sn1997dc      Ib-norm    0.6931   1.49   0.3411   0.0206     0.00  1    cut
 248  sn2004dt      Ia-norm    0.7311   1.49   0.0446   0.0194    -9.40  0    cut
 249  sn2002hw      Ia-norm    0.6552   1.49   0.3291   0.0270    -5.20  0    cut
 250  sn2005hj      Ia-91T     0.6959   1.49   0.5461   0.0264    -5.20  0    cut
 251  sn1997cy      IIn        0.7311   1.49   0.2002   0.0102   377.70  1    cut
 252  sn2006gr      Ia-norm    0.6227   1.49   0.5202   0.0336    -4.00  0    cut
 253  sn2002jg      Ia-norm    0.6566   1.49   0.3293   0.0259    -3.40  0    cut
 254  sn2002G       Ia-norm    0.6390   1.48   0.5079   0.0285    -2.50  0    cut
 255  sn2002hu      Ia-91T     0.6336   1.48   0.5114   0.0344    -5.30  0    cut
 256  sn2005hk      Ia-pec     0.7311   1.47   0.6947   0.0198    -8.30  0    cut
 257  sn2008A       Ia-pec     0.6376   1.47   0.1104   0.0413    -7.90  0    cut
 258  sn2006cc      Ia-norm    0.6227   1.47   0.5205   0.0322    -9.70  0    cut
 259  mstar         M-star     0.7311   1.47   0.2922   0.0106     2.00  2    cut
 260  sn2008A       Ia-pec     0.6376   1.47   0.1087   0.0618    -6.90  0    cut
 261  sn1991N       Ic-norm    0.6309   1.47   0.2940   0.0368     6.60  1    cut
 262  sn2006gr      Ia-norm    0.6200   1.47   0.5210   0.0323    -5.10  0    cut
 263  sn2005bl      Ia-91bg    0.7311   1.47   0.7472   0.0282    -5.90  0    cut
 264  sn2005M       Ia-91T     0.6309   1.47   0.5065   0.0353    -2.70  0    cut
 265  sn2003W       Ia-norm    0.6539   1.47   0.5316   0.0343    -8.20  0    cut
 266  sn1990aa      Ic-norm    0.7229   1.46   0.2578   0.0248   116.10  1    cut
 267  sn1998de      Ia-91bg    0.6593   1.46   0.3192   0.0338    -2.20  0    cut
 268  sn2007if      Ia-pec     0.7189   1.46   0.3230   0.0217    -2.90  0    cut
 269  sn2002cf      Ia-91bg    0.6607   1.46   0.3264   0.0236    -5.40  0    cut
 270  sn2003W       Ia-norm    0.6498   1.46   0.5332   0.0342    -9.10  0    cut
 271  sn1997dq      Ic-broad   0.7311   1.46   0.7250   0.0251    27.90  1    cut
 272  sn1987A       II-pec     0.6742   1.46   0.1056   0.0361    -9.90  0    cut
 273  sn2002de      Ia-norm    0.6431   1.46   0.5187   0.0347    -4.10  0    cut
 274  sn2006oa      Ia-91T     0.5984   1.46   0.5088   0.0359    -2.00  0    cut
 275  sn2001cp      Ia-norm    0.6471   1.46   0.3343   0.0249    -3.90  0    cut
 276  sn2007S       Ia-91T     0.6390   1.45   0.5157   0.0398    -3.70  0    cut
 277  sn1994D       Ia-norm    0.7311   1.45   0.5621   0.0327   -11.10  0    cut
 278  sn2004as      Ia-norm    0.6431   1.45   0.5155   0.0300    -7.80  0    cut
 279  sn2000cp      Ia-norm    0.6390   1.45   0.5039   0.0285    -1.50  0    cut
 280  sn2006gz      Ia-pec     0.6038   1.44   0.5156   0.0190    -1.60  0    cut
 281  lbv2003hy     LBV        0.6498   1.44   0.0399   0.0113   -99.90  2    cut
 282  sn2005hk      Ia-pec     0.6417   1.44   0.2699   0.0254    -9.30  0    cut
 283  sn1998es      Ia-91T     0.6241   1.44   0.5160   0.0288    -6.40  0    cut
 284  sn1991N       Ic-norm    0.7311   1.44   0.2545   0.0165    27.90  1    cut
 285  sn2002hw      Ia-norm    0.6539   1.44   0.3293   0.0278    -6.00  0    cut
 286  sn2002dj      Ia-norm    0.7311   1.44   0.2708   0.0224   -11.40  0    cut
 287  sn2006gr      Ia-norm    0.6187   1.44   0.5226   0.0291    -6.00  0    cut
 288  sn2008ar      Ia-norm    0.6282   1.44   0.5085   0.0324    -4.60  0    cut
 289  sn1983V       Ic-norm    0.5876   1.44   0.1468   0.0398    -9.00  0    cut
 290  sn2003du      Ia-norm    0.7311   1.44   0.2509   0.0210   -11.10  0    cut
 291  sn2001da      Ia-norm    0.6552   1.44   0.3321   0.0302    -2.00  0    cut
 292  sn2002fb      Ia-91bg    0.6566   1.43   0.1371   0.0194    -4.50  0    cut
 293  sn1993J       IIb        0.7311   1.43   0.0497   0.0198    -2.00  0    cut
 294  sn1995F       Ic-norm    0.7311   1.43   0.1187   0.0325    29.10  1    cut
 295  sn1991A       Ic-norm    0.5564   1.43   0.1059   0.0515    61.40  1    cut
 296  sn1996X       Ia-norm    0.6701   1.43   0.3300   0.0226    -1.70  0    cut
 297  sn2008ar      Ia-norm    0.6336   1.43   0.5075   0.0338    -2.70  0    cut
 298  sn1995F       Ic-norm    0.6769   1.43   0.1336   0.0363     4.00  1    cut
 299  sn1998dh      Ia-norm    0.6674   1.42   0.3364   0.0244    -9.40  0    cut
 300  sn1997ei      Ic-norm    0.7311   1.42   0.7290   0.0259    10.90  1    cut
 301  sn1999ee      Ia-norm    0.7311   1.42   0.5517   0.0279    -9.10  0    cut
 302  sn2003W       Ia-norm    0.7311   1.42   0.2855   0.0260   -11.10  0    cut
 303  sn1996bl      Ia-norm    0.6363   1.42   0.5119   0.0302    -2.20  0    cut
 304  sn2006cz      Ia-91T     0.6133   1.42   0.5233   0.0371    -3.90  0    cut
 305  sn1999aa      Ia-91T     0.6133   1.42   0.5156   0.0314    -5.10  0    cut
 306  sn2000cx      Ia-pec     0.5672   1.42   0.1385   0.0212    -3.30  0    cut
 307  sn2002de      Ia-norm    0.6403   1.41   0.5148   0.0331    -3.00  0    cut
 308  sn1999ac      Ia-91T     0.6647   1.41   0.3220   0.0378    -2.90  0    cut
 309  sn2002cx      Ia-pec     0.6498   1.41   0.6753   0.0212    -4.30  0    cut
 310  sn1999ac      Ia-91T     0.6647   1.40   0.3230   0.0357    -3.90  0    cut
 311  sn1991A       Ic-norm    0.6674   1.40   0.2576   0.0239    47.50  1    cut
 312  sn1986G       Ia-91bg    0.6349   1.40   0.3273   0.0349    -4.70  0    cut
 313  sn2005na      Ia-norm    0.6309   1.40   0.5099   0.0349    -1.50  0    cut
 314  sn2007S       Ia-91T     0.6376   1.40   0.5170   0.0382    -4.70  0    cut
 315  sn1991N       Ic-norm    0.7311   1.40   0.0766   0.0190   250.20  1    cut
 316  sn1998de      Ia-91bg    0.6593   1.40   0.3270   0.0334    -6.20  0    cut
 317  sn1998de      Ia-91bg    0.6593   1.40   0.3218   0.0337    -3.20  0    cut
 318  sn1999aa      Ia-91T     0.6133   1.40   0.5174   0.0258    -6.10  0    cut
 319  sn1998dh      Ia-norm    0.6674   1.39   0.3308   0.0265    -3.50  0    cut
 320  sn1998de      Ia-91bg    0.6593   1.39   0.3257   0.0340    -5.20  0    cut
 321  sn1996X       Ia-norm    0.6701   1.39   0.3317   0.0231    -3.80  0    cut
 322  sn2004dt      Ia-norm    0.6959   1.39   0.2674   0.0263    -3.00  0    cut
 323  sn2005cf      Ia-norm    0.7311   1.39   0.2475   0.0210    -8.20  0    cut
 324  sn2006gr      Ia-norm    0.6200   1.39   0.5233   0.0300    -6.90  0    cut
 325  sn2002er      Ia-norm    0.6661   1.38   0.3320   0.0257    -3.80  0    cut
 326  sn2002de      Ia-norm    0.6444   1.38   0.5188   0.0351    -5.00  0    cut
 327  sn2002dl      Ia-91bg    0.6620   1.38   0.3304   0.0265    -6.50  0    cut
 328  sn2006cm      Ia-norm    0.6336   1.38   0.6897   0.0175    -1.90  0    cut
 329  sn1987A       II-pec     0.5713   1.38   0.1017   0.0149   -10.70  0    cut
 330  sn1998dh      Ia-norm    0.6674   1.38   0.3352   0.0248    -8.40  0    cut
 331  sn1998dh      Ia-norm    0.6674   1.38   0.3344   0.0243    -7.50  0    cut
 332  sn2004as      Ia-norm    0.6403   1.38   0.5134   0.0306    -6.80  0    cut
 333  sn2006gz      Ia-pec     0.6282   1.38   0.5208   0.0167    -9.30  0    cut
 334  sn1999ej      Ia-norm    0.6593   1.37   0.3280   0.0295    -1.80  0    cut
 335  sn1991T       Ia-91T     0.7311   1.37   0.5474   0.0259   -10.70  0    cut
 336  sn2008Z       Ia-norm    0.6349   1.37   0.5171   0.0332    -4.30  0    cut
 337  sn2005eu      Ia-norm    0.6227   1.37   0.5204   0.0314    -7.10  0    cut
 338  sn2002bo      Ia-norm    0.6688   1.37   0.3323   0.0302    -1.50  0    cut
 339  sn2006oa      Ia-91T     0.6011   1.37   0.5083   0.0423    -4.70  0    cut
 340  sn1990K       IIL        0.5767   1.37   0.0733   0.0144   136.10  1    cut
 341  sn1996bl      Ia-norm    0.6376   1.36   0.5115   0.0312    -4.00  0    cut
 342  sn2002dp      Ia-norm    0.6647   1.36   0.3282   0.0258    -4.80  0    cut
 343  sn1996X       Ia-norm    0.6701   1.36   0.3304   0.0234    -2.80  0    cut
 344  sn2008Z       Ia-norm    0.6336   1.36   0.5190   0.0323    -5.30  0    cut
 345  sn2000cp      Ia-norm    0.6390   1.36   0.5040   0.0288    -2.50  0    cut
 346  sn1991N       Ic-norm    0.6309   1.36   0.1483   0.0239     7.60  1    cut
 347  sn2003cg      Ia-norm    0.6701   1.36   0.3294   0.0234    -3.10  0    cut
 348  sn2004aw      Ic-norm    0.7311   1.36   0.5305   0.0315    -1.70  0    cut
 349  sn2003cg      Ia-norm    0.6701   1.35   0.3287   0.0232    -2.10  0    cut
 350  sn1998dh      Ia-norm    0.6674   1.35   0.3326   0.0257    -5.40  0    cut
 351  sn2000cn      Ia-91bg    0.6512   1.35   0.3331   0.0313    -8.30  0    cut
 352  sn2004as      Ia-norm    0.6431   1.35   0.5117   0.0312    -5.90  0    cut
 353  sn1994S       Ia-norm    0.4481   1.35   0.1195   0.0439    -3.00  0    cut
 354  sn1991N       Ic-norm    0.7311   1.35   0.3217   0.0174    12.00  1    cut
 355  sn2006gr      Ia-norm    0.6214   1.35   0.5258   0.0294    -7.90  0    cut
 356  sn2003cg      Ia-norm    0.6701   1.35   0.3297   0.0228    -4.10  0    cut
 357  sn2002bo      Ia-norm    0.6742   1.35   0.3394   0.0305    -4.80  0    cut
 358  sn2007F       Ia-norm    0.6282   1.34   0.5093   0.0318    -1.80  0    cut
 359  sn2003ic      Ia-norm    0.6187   1.34   0.5190   0.0297    -2.30  0    cut
 360  sn2002ap      Ic-broad   0.7311   1.34   0.0206   0.0274    -2.40  0    cut
 361  sn1999by      Ia-91bg    0.6715   1.34   0.1374   0.0291    -4.10  0    cut
 362  sn1998bp      Ia-norm    0.6620   1.34   0.3254   0.0241    -2.90  0    cut
 363  sn1987A       II-pec     0.5713   1.34   0.1015   0.0154    -6.70  0    cut
 364  sn2004as      Ia-norm    0.6417   1.34   0.5105   0.0306    -4.90  0    cut
 365  sn2004eo      Ia-norm    0.6593   1.33   0.3270   0.0261    -2.00  0    cut
 366  sn1998bp      Ia-norm    0.6620   1.33   0.3249   0.0258    -1.90  0    cut
 367  sn2002bo      Ia-norm    0.6701   1.33   0.3332   0.0302    -2.40  0    cut
 368  sn1999aa      Ia-91T     0.6092   1.33   0.5175   0.0270    -7.10  0    cut
 369  sn2006oa      Ia-91T     0.5997   1.33   0.5094   0.0396    -3.80  0    cut
 370  sn2007F       Ia-norm    0.6295   1.33   0.5135   0.0325    -5.70  0    cut
 371  sn2005hk      Ia-pec     0.6390   1.33   0.1097   0.0435    -3.30  0    cut
 372  sn2003cg      Ia-norm    0.6701   1.33   0.3295   0.0242    -5.10  0    cut
 373  sn1997dt      Ia-norm    0.6674   1.33   0.3311   0.0257    -4.70  0    cut
 374  sn2002er      Ia-norm    0.6593   1.32   0.3398   0.0306    -9.00  0    cut
 375  sn2003cq      Ia-norm    0.6417   1.32   0.5100   0.0323    -5.80  0    cut
 376  sn2008ar      Ia-norm    0.6295   1.32   0.5065   0.0325    -3.70  0    cut
 377  sn1995F       Ic-norm    0.7311   1.32   0.1149   0.0433    56.90  1    cut
 378  sn1990K       IIL        0.7311   1.32   0.1260   0.0186    55.60  1    cut
 379  sn1987A       II-pec     0.6742   1.32   0.1071   0.0393    -2.00  0    cut
 380  mstar         M-star     0.7311   1.31   0.2932   0.0114     1.00  2    cut
 381  sn2002bo      Ia-norm    0.6674   1.31   0.3442   0.0310    -8.40  0    cut
 382  sn2002bo      Ia-norm    0.6688   1.30   0.3352   0.0316    -3.40  0    cut
 383  sn2002bo      Ia-norm    0.6688   1.30   0.3383   0.0316    -5.40  0    cut
 384  sn2006le      Ia-norm    0.6322   1.30   0.5138   0.0388    -6.80  0    cut
 385  sn2005cf      Ia-norm    0.7311   1.30   0.2659   0.0260   -11.20  0    cut
 386  sn2008Z       Ia-norm    0.6336   1.30   0.5206   0.0328    -6.30  0    cut
 387  sn2003du      Ia-norm    0.6674   1.30   0.3280   0.0266    -1.80  0    cut
 388  sn2002er      Ia-norm    0.6607   1.30   0.3370   0.0303    -7.00  0    cut
 389  sn2002bo      Ia-norm    0.6688   1.30   0.3392   0.0311    -6.30  0    cut
 390  sn2006N       Ia-norm    0.6363   1.29   0.4989   0.0298    -3.30  0    cut
 391  sn2002dj      Ia-norm    0.6620   1.29   0.5153   0.0325    -6.40  0    cut
 392  sn2002bo      Ia-norm    0.6674   1.29   0.3425   0.0317    -7.30  0    cut
 393  sn2007kk      Ia-norm    0.6146   1.29   0.5135   0.0281    -1.70  0    cut
 394  sn2006aj      Ic-broad   0.7311   1.29   0.0602   0.0224    -5.30  0    cut
 395  sn2006cp      Ia-norm    0.6322   1.29   0.5266   0.0322   -11.20  0    cut
 396  sn2004as      Ia-norm    0.6403   1.29   0.5073   0.0322    -2.90  0    cut
 397  sn2007A       Ia-norm    0.6309   1.29   0.5052   0.0333    -2.40  0    cut
 398  sn2004as      Ia-norm    0.6431   1.28   0.5062   0.0307    -2.00  0    cut
 399  sn2002bo      Ia-norm    0.6688   1.28   0.3366   0.0314    -4.30  0    cut
 400  lbv2003hy     LBV        0.6485   1.28   0.0414   0.0113   -99.90  2    cut
 401  sn2003W       Ia-norm    0.6525   1.28   0.5262   0.0341    -2.30  0    cut
 402  sn1995F       Ic-norm    0.6769   1.27   0.1217   0.0390     1.90  1    cut
 403  sn1997dt      Ia-norm    0.6661   1.27   0.3350   0.0275    -8.70  0    cut
 404  sn2006aj      Ic-broad   0.7256   1.27   0.5665   0.0372    -2.40  0    cut
 405  sn2002cr      Ia-norm    0.6620   1.27   0.3260   0.0281   -11.20  0    cut
 406  sn2002bo      Ia-norm    0.6634   1.27   0.3476   0.0323    -9.70  0    cut
 407  sn1997dt      Ia-norm    0.6647   1.27   0.3346   0.0304    -9.70  0    cut
 408  sn1997cy      IIn        0.7311   1.27   0.1569   0.0244   125.30  1    cut
 409  sn1994D       Ia-norm    0.6796   1.27   0.3378   0.0385   -10.00  0    cut
 410  sn2005mz      Ia-91bg    0.6376   1.27   0.1396   0.0200    -7.50  0    cut
 411  sn2007if      Ia-pec     0.7067   1.27   0.7990   0.0145    -6.60  0    cut
 412  sn2000cn      Ia-91bg    0.6485   1.27   0.3314   0.0353    -7.30  0    cut
 413  sn2007A       Ia-norm    0.6363   1.27   0.5032   0.0334    -3.40  0    cut
 414  sn1997dt      Ia-norm    0.6647   1.27   0.3342   0.0273    -7.70  0    cut
 415  sn2005eq      Ia-91T     0.6268   1.26   0.5164   0.0399    -5.40  0    cut
 416  sn2007bc      Ia-norm    0.6322   1.26   0.5032   0.0318    -2.60  0    cut
 417  sn1998ec      Ia-norm    0.6525   1.26   0.3359   0.0317    -3.00  0    cut
 418  sn2002bo      Ia-norm    0.6607   1.26   0.3385   0.0334    -4.70  0    cut
 419  sn1998bu      Ia-norm    0.6715   1.26   0.3274   0.0251    -1.60  0    cut
 420  sn2005bf      Ib-pec     0.6376   1.26   0.1095   0.0345    -2.70  0    cut
 421  sn2004at      Ia-norm    0.6525   1.26   0.3318   0.0281    -7.40  0    cut
 422  sn2006lf      Ia-norm    0.6431   1.25   0.3342   0.0264    -7.50  0    cut
 423  sn2001el      Ia-norm    0.6485   1.25   0.3367   0.0215    -3.80  0    cut
 424  sn2005cf      Ia-norm    0.6458   1.25   0.3293   0.0323    -2.30  0    cut
 425  sn2006gr      Ia-norm    0.6227   1.25   0.5312   0.0258    -9.80  0    cut
 426  sn2002he      Ia-norm    0.6431   1.25   0.3440   0.0302    -8.10  0    cut
 427  sn2000E       Ia-norm    0.6525   1.25   0.3321   0.0285    -3.40  0    cut
 428  sn2006cq      Ia-norm    0.6079   1.25   0.5079   0.0289    -3.30  0    cut
 429  sn2001V       Ia-91T     0.6579   1.25   0.3313   0.0369    -3.30  0    cut
 430  sn2005cf      Ia-norm    0.6485   1.25   0.3302   0.0327    -3.40  0    cut
 431  sn2008ar      Ia-norm    0.6282   1.25   0.5120   0.0406    -6.60  0    cut
 432  sn1994D       Ia-norm    0.6796   1.25   0.3311   0.0209    -4.10  0    cut
 433  sn2004at      Ia-norm    0.6525   1.25   0.3313   0.0312    -3.60  0    cut
 434  sn2006cp      Ia-norm    0.6282   1.24   0.5232   0.0310   -10.30  0    cut
 435  sn2003du      Ia-norm    0.6634   1.24   0.3311   0.0284    -9.80  0    cut
 436  sn2003cg      Ia-norm    0.6701   1.24   0.3304   0.0259    -6.10  0    cut
 437  sn2002dj      Ia-norm    0.6661   1.24   0.5167   0.0321    -7.40  0    cut
 438  sn2003du      Ia-norm    0.6674   1.24   0.3312   0.0282   -10.70  0    cut
 439  sn2000cn      Ia-91bg    0.6525   1.24   0.3347   0.0362    -9.30  0    cut
 440  sn2002dj      Ia-norm    0.6701   1.24   0.5189   0.0347    -8.40  0    cut
 441  sn2005cg      Ia-norm    0.6796   1.24   0.2566   0.0247    -8.80  0    cut
 442  sn2002cu      Ia-norm    0.6485   1.24   0.3394   0.0363    -3.30  0    cut
 443  sn2002cr      Ia-norm    0.6552   1.24   0.3255   0.0280    -8.20  0    cut
 444  sn1994D       Ia-norm    0.6837   1.24   0.3307   0.0205    -3.10  0    cut
 445  sn1990O       Ia-norm    0.7311   1.23   0.0337   0.0169    -7.60  0    cut
 446  sn1998de      Ia-91bg    0.5835   1.23   0.1455   0.0261    -7.20  0    cut
 447  sn2006gz      Ia-pec     0.6349   1.23   0.5210   0.0306    -8.40  0    cut
 448  sn1997ei      Ic-norm    0.6146   1.23   0.3379   0.0166     0.00  1    cut
 449  sn2004at      Ia-norm    0.6525   1.23   0.3320   0.0298    -6.60  0    cut
 450  sn2002aw      Ia-norm    0.6471   1.23   0.3280   0.0241    -1.90  0    cut
 451  sn2005cf      Ia-norm    0.6471   1.22   0.3310   0.0326    -4.40  0    cut
 452  sn1998bu      Ia-norm    0.6715   1.22   0.3278   0.0256    -2.60  0    cut
 453  sn1999cc      Ia-norm    0.6417   1.22   0.5009   0.0302    -3.20  0    cut
 454  sn2007ax      Ia-91bg    0.6485   1.22   0.1317   0.0274    -1.90  0    cut
 455  sn1998aq      Ia-norm    0.6160   1.22   0.5140   0.0363    -8.90  0    cut
 456  sn1997cy      IIn        0.7311   1.22   0.1675   0.0255   196.10  1    cut
 457  sn1995F       Ic-norm    0.7311   1.22   0.1213   0.0355    35.80  1    cut
 458  sn2004at      Ia-norm    0.6485   1.22   0.3322   0.0313    -4.70  0    cut
 459  sn2002fb      Ia-91bg    0.6566   1.22   0.1392   0.0229    -2.70  0    cut
 460  sn2005hk      Ia-pec     0.6282   1.22   0.1041   0.0370    -6.30  0    cut
 461  sn1997dq      Ic-broad   0.7311   1.22   0.2591   0.0291    81.70  1    cut
 462  sn1994D       Ia-norm    0.6837   1.22   0.3341   0.0208    -8.10  0    cut
 463  sn1995bd      Ia-91T     0.6634   1.22   0.7149   0.0207   -10.10  0    cut
 464  sn2004at      Ia-norm    0.6512   1.21   0.3338   0.0292    -8.60  0    cut
 465  sn2008Z       Ia-norm    0.6322   1.21   0.5210   0.0356    -7.30  0    cut
 466  sn1998ab      Ia-91T     0.6349   1.21   0.1594   0.0464    -7.80  0    cut
 467  sn2002cr      Ia-norm    0.6620   1.21   0.3230   0.0263    -2.40  0    cut
 468  sn1994D       Ia-norm    0.6796   1.21   0.3320   0.0212    -5.10  0    cut
 469  sn2002bo      Ia-norm    0.6634   1.21   0.3337   0.0337    -1.80  0    cut
 470  sn1990K       IIL        0.6972   1.20   0.0305   0.0107   160.90  1    cut
 471  sn2003gn      Ia-norm    0.6390   1.20   0.3349   0.0379    -3.00  0    cut
 472  sn1998aq      Ia-norm    0.6512   1.20   0.4840   0.0673    -9.90  0    cut
 473  sn2000E       Ia-norm    0.6701   1.20   0.3316   0.0282    -6.40  0    cut
 474  sn2007co      Ia-norm    0.6295   1.20   0.5101   0.0318    -4.10  0    cut
 475  sn2001eh      Ia-91T     0.6349   1.20   0.3361   0.0296    -2.00  0    cut
 476  sn2004as      Ia-norm    0.6431   1.20   0.3364   0.0357    -3.90  0    cut
 477  sn2007co      Ia-norm    0.6295   1.20   0.5104   0.0313    -5.10  0    cut
 478  sn2002ha      Ia-norm    0.6579   1.20   0.3310   0.0260    -4.20  0    cut
 479  sn2003kc      Ia-norm    0.6431   1.20   0.3417   0.0363    -5.70  0    cut
 480  sn2004dt      Ia-norm    0.6742   1.20   0.0437   0.0227    -9.90  0    cut
 481  sn2004gs      Ia-norm    0.6309   1.20   0.4994   0.0278    -3.20  0    cut
 482  sn2005am      Ia-norm    0.6485   1.20   0.3401   0.0379    -2.90  0    cut
 483  sn2002fk      Ia-norm    0.6634   1.20   0.3244   0.0287    -1.50  0    cut
 484  sn2007bm      Ia-norm    0.6444   1.20   0.4907   0.0336    -9.30  0    cut
 485  sn2005hk      Ia-pec     0.6403   1.20   0.2653   0.0310    -7.30  0    cut
 486  sn1999gp      Ia-91T     0.6458   1.20   0.5234   0.0466    -4.80  0    cut
 487  sn2001fe      Ia-norm    0.6607   1.20   0.3305   0.0280    -1.70  0    cut
 488  sn2005cf      Ia-norm    0.6485   1.20   0.3310   0.0318    -5.40  0    cut
 489  sn1995F       Ic-norm    0.7311   1.20   0.3450   0.0195     0.20  1    cut
 490  sn1997cy      IIn        0.7311   1.20   0.1615   0.0271     0.00  1    cut
 491  sn2000cx      Ia-pec     0.6444   1.19   0.1389   0.0350    -2.30  0    cut
 492  sn1995F       Ic-norm    0.6038   1.19   0.1222   0.0444    11.00  1    cut
 493  sn2006oa      Ia-91T     0.5997   1.19   0.5090   0.0742    -5.70  0    cut
 494  sn2007bm      Ia-norm    0.6485   1.19   0.3332   0.0309   -11.20  0    cut
 495  sn2007co      Ia-norm    0.6309   1.19   0.5079   0.0322    -3.10  0    cut
 496  sn2001fh      Ia-norm    0.6579   1.19   0.3274   0.0377    -2.60  0    cut
 497  sn1999cl      Ia-norm    0.6661   1.19   0.3434   0.0338    -8.30  0    cut
 498  sn2004ef      Ia-norm    0.6295   1.19   0.3538   0.0353    -6.20  0    cut
 499  sn2006aj      Ic-broad   0.6241   1.19   0.1714   0.0394    -3.30  0    cut
 500  sn1998es      Ia-91T     0.5415   1.19   0.1194   0.0663    -9.40  0    cut
 501  sn2002dl      Ia-91bg    0.6566   1.19   0.1426   0.0284    -7.40  0    cut
 502  sn2003kf      Ia-norm    0.6674   1.19   0.3301   0.0261    -3.40  0    cut
 503  sn2005cf      Ia-norm    0.7311   1.19   0.2593   0.0275   -10.20  0    cut
 504  sn2003W       Ia-norm    0.6471   1.19   0.5261   0.0401    -5.30  0    cut
 505  sn2003du      Ia-norm    0.6634   1.19   0.3303   0.0314    -8.90  0    cut
 506  sn2002bo      Ia-norm    0.6593   1.19   0.3370   0.0346    -3.70  0    cut
 507  sn2007cq      Ia-91T     0.6295   1.19   0.1358   0.0246    -5.00  0    cut
 508  sn1998ec      Ia-norm    0.6444   1.18   0.3365   0.0333    -3.90  0    cut
 509  sn2006le      Ia-norm    0.6363   1.18   0.5209   0.0440    -8.80  0    cut
 510  sn1995F       Ic-norm    0.7311   1.18   0.1214   0.0357    35.70  1    cut
 511  sn2005hk      Ia-pec     0.6376   1.18   0.1057   0.0703    -5.30  0    cut
 512  sn2005cf      Ia-norm    0.7311   1.18   0.2525   0.0266    -9.20  0    cut
 513  sn1988L       Ib-norm    0.6417   1.18   0.1038   0.0380    47.70  1    cut
 514  sn1995ac      Ia-norm    0.5997   1.18   0.1654   0.0454    -5.50  0    cut
 515  sn2007af      Ia-norm    0.6498   1.18   0.3321   0.0345    -5.60  0    cut
 516  sn2007af      Ia-norm    0.6498   1.18   0.3293   0.0359    -2.60  0    cut
 517  sn2003Y       Ia-91bg    0.6579   1.18   0.1383   0.0329    -5.30  0    cut
 518  sn2000dk      Ia-norm    0.6566   1.18   0.3289   0.0335    -4.20  0    cut
 519  sn1998bu      Ia-norm    0.6715   1.18   0.3284   0.0263    -3.60  0    cut
 520  sn2003Y       Ia-91bg    0.6579   1.17   0.1384   0.0300    -6.30  0    cut
 521  sn2007af      Ia-norm    0.6498   1.17   0.3311   0.0355    -4.60  0    cut
 522  sn1991ar      Ib-norm    0.5348   1.17   0.0249   0.0166     0.00  1    cut
 523  sn2003W       Ia-norm    0.6498   1.17   0.5287   0.0405    -7.30  0    cut
 524  sn2007hj      Ia-norm    0.6403   1.17   0.5004   0.0309    -2.60  0    cut
 525  sn2007af      Ia-norm    0.6498   1.17   0.3280   0.0354    -1.60  0    cut
 526  sn1990K       IIL        0.7135   1.17   0.0298   0.0098   202.50  1    cut
 527  sn2001ah      Ia-91T     0.6173   1.17   0.5187   0.0391    -8.70  0    cut
 528  sn2003fa      Ia-91T     0.6336   1.16   0.3261   0.0523   -10.40  0    cut
 529  sn1990K       IIL        0.6688   1.16   0.1210   0.0186    76.30  1    cut
 530  sn1991A       Ic-norm    0.6552   1.16   0.2576   0.0261    65.10  1    cut
 531  sn2000dm      Ia-norm    0.6579   1.16   0.3291   0.0308    -2.90  0    cut
 532  sn1999dq      Ia-91T     0.6579   1.16   0.1604   0.0476    -5.50  0    cut
 533  sn1990K       IIL        0.5984   1.16   0.0371   0.0172    53.30  1    cut
 534  sn2002cr      Ia-norm    0.6634   1.16   0.3244   0.0257    -6.30  0    cut
 535  sn2001fh      Ia-norm    0.6593   1.16   0.3253   0.0553    -1.70  0    cut
 536  sn2003du      Ia-norm    0.6579   1.16   0.3322   0.0282    -8.10  0    cut
 537  sn1990O       Ia-norm    0.6904   1.16   0.2558   0.0180    -6.60  0    cut
 538  sn2007af      Ia-norm    0.6471   1.16   0.3303   0.0376    -3.60  0    cut
 539  sn2007ci      Ia-norm    0.6363   1.16   0.4946   0.0324    -2.20  0    cut
 540  sn2002dl      Ia-91bg    0.6620   1.15   0.1449   0.0279    -8.40  0    cut
 541  sn1999aa      Ia-91T     0.6579   1.15   0.3332   0.0312    -2.10  0    cut
 542  sn1990O       Ia-norm    0.6904   1.15   0.2555   0.0189    -5.60  0    cut
 543  sn2007F       Ia-norm    0.6322   1.15   0.5144   0.0379    -6.70  0    cut
 544  sn2007ci      Ia-norm    0.6349   1.15   0.4960   0.0322    -4.20  0    cut
 545  sn1999cl      Ia-norm    0.6146   1.15   0.5079   0.0321    -3.30  0    cut
 546  sn1997E       Ia-norm    0.6634   1.15   0.3324   0.0355    -3.70  0    cut
 547  sn2003ch      Ia-norm    0.6498   1.15   0.3254   0.0430    -2.10  0    cut
 548  sn1999dq      Ia-91T     0.6512   1.15   0.1624   0.0480    -6.40  0    cut
 549  sn2006gz      Ia-pec     0.6309   1.15   0.5246   0.0333   -11.30  0    cut
 550  sn1997dd      IIb        0.6593   1.15   0.0500   0.0296     3.60  1    cut
 551  sn1999aa      Ia-91T     0.6079   1.15   0.5204   0.0338    -8.00  0    cut
 552  sn2004ef      Ia-norm    0.6322   1.15   0.3459   0.0380    -5.20  0    cut
 553  sn1999dq      Ia-91T     0.6566   1.15   0.1606   0.0475    -3.50  0    cut
 554  sn2008Z       Ia-norm    0.6295   1.15   0.5246   0.0378    -9.20  0    cut
 555  sn2001gc      Ia-norm    0.6539   1.14   0.3553   0.0334    -8.50  0    cut
 556  sn2008Q       Ia-norm    0.6403   1.14   0.4954   0.0337    -2.20  0    cut
 557  sn2000dk      Ia-norm    0.6566   1.14   0.3297   0.0468    -5.10  0    cut
 558  sn2001fh      Ia-norm    0.6593   1.14   0.3275   0.0329    -3.60  0    cut
 559  sn2002fk      Ia-norm    0.6647   1.14   0.3241   0.0297    -3.50  0    cut
 560  sn2006lf      Ia-norm    0.6417   1.14   0.3314   0.0444    -8.40  0    cut
 561  sn2004fu      Ia-norm    0.6444   1.14   0.5069   0.0323    -6.40  0    cut
 562  sn2005hk      Ia-pec     0.6444   1.14   0.1095   0.0607    -4.30  0    cut
 563  sn1999dq      Ia-91T     0.6525   1.14   0.1635   0.0482    -7.40  0    cut
 564  sn2003Y       Ia-91bg    0.6566   1.14   0.1428   0.0349    -3.40  0    cut
 565  sn1998es      Ia-91T     0.6593   1.14   0.6909   0.0273    -8.40  0    cut
 566  sn2005hk      Ia-pec     0.6282   1.14   0.1062   0.0333    -7.30  0    cut
 567  sn1997dt      Ia-norm    0.6647   1.14   0.3367   0.0340   -10.60  0    cut
 568  lbv2003hy     LBV        0.6458   1.14   0.0405   0.0119   -99.90  2    cut
 569  sn2003cq      Ia-norm    0.6417   1.14   0.3329   0.0378    -1.80  0    cut
 570  lbv2003hy     LBV        0.6485   1.14   0.0417   0.0129   -99.90  2    cut
 571  sn2006le      Ia-norm    0.6376   1.14   0.5185   0.0462    -7.80  0    cut
 572  sn2004ef      Ia-norm    0.6268   1.13   0.3388   0.0384    -1.50  0    cut
 573  sn2004fu      Ia-norm    0.6431   1.13   0.5057   0.0326    -5.40  0    cut
 574  sn2007au      Ia-norm    0.6336   1.13   0.4965   0.0308    -3.80  0    cut
 575  sn2008Q       Ia-norm    0.6431   1.13   0.4946   0.0338    -3.20  0    cut
 576  sn1991A       Ic-norm    0.6552   1.13   0.4915   0.0347    10.90  1    cut
 577  sn2004fu      Ia-norm    0.6431   1.13   0.5026   0.0326    -3.50  0    cut
 578  sn1990K       IIL        0.7311   1.13   0.0301   0.0127   119.10  1    cut
 579  sn2005cf      Ia-norm    0.7311   1.13   0.5480   0.0395    -8.70  0    cut
 580  sn2006lf      Ia-norm    0.6417   1.13   0.4895   0.0339    -6.50  0    cut
 581  sn2007hj      Ia-norm    0.6363   1.13   0.4999   0.0328    -1.50  0    cut
 582  sn1997do      Ia-norm    0.6620   1.13   0.3420   0.0324    -6.60  0    cut
 583  sn2005hk      Ia-pec     0.6444   1.13   0.1157   0.0519    -2.40  0    cut
 584  sn2007F       Ia-norm    0.6309   1.13   0.5167   0.0369    -7.70  0    cut
 585  sn1995bd      Ia-91T     0.6593   1.13   0.7125   0.0245    -9.10  0    cut
 586  sn2002cu      Ia-norm    0.6485   1.12   0.3664   0.0378    -8.20  0    cut
 587  sn2006cp      Ia-norm    0.6309   1.12   0.5206   0.0345    -9.30  0    cut
 588  sn2007le      Ia-norm    0.6485   1.12   0.3459   0.0349    -7.40  0    cut
 589  sn1991A       Ic-norm    0.6363   1.12   0.2649   0.0369    32.60  1    cut
 590  sn2006gr      Ia-norm    0.6227   1.12   0.5266   0.0364    -8.90  0    cut
 591  sn2002cd      Ia-norm    0.6593   1.12   0.3460   0.0297    -3.70  0    cut
 592  sn1994D       Ia-norm    0.6187   1.12   0.3499   0.0388   -11.20  0    cut
 593  sn2002cd      Ia-norm    0.6593   1.12   0.3512   0.0299    -6.70  0    cut
 594  sn2000dn      Ia-norm    0.6417   1.12   0.4944   0.0350    -3.80  0    cut
 595  sn2006oa      Ia-91T     0.5984   1.12   0.5077   0.0617    -7.60  0    cut
 596  sn1995F       Ic-norm    0.5659   1.11   0.1178   0.0390     0.00  1    cut
 597  sn2002cd      Ia-norm    0.6579   1.11   0.3534   0.0276    -7.70  0    cut
 598  sn2007cq      Ia-91T     0.6295   1.11   0.1355   0.0263    -4.00  0    cut
 599  sn1992A       Ia-norm    0.6024   1.11   0.5209   0.0309    -5.40  0    cut
 600  sn2007le      Ia-norm    0.6444   1.11   0.5147   0.0373    -8.40  0    cut
 601  sn2001ah      Ia-91T     0.6187   1.11   0.5231   0.0279    -9.70  0    cut
 602  mstar         M-star     0.7311   1.11   0.4790   0.0366     0.00  2    cut
 603  sn2003bg      IIb        0.7311   1.11   0.0515   0.0316    -7.40  0    cut
 604  sn2008Z       Ia-norm    0.6309   1.11   0.5243   0.0385    -8.20  0    cut
 605  sn2007le      Ia-norm    0.6458   1.11   0.3446   0.0343    -6.40  0    cut
 606  sn1997dq      Ic-broad   0.4549   1.11   0.1089   0.0536    42.80  1    cut
 607  sn2002cu      Ia-norm    0.6498   1.11   0.3431   0.0395    -6.30  0    cut
 608  sn2004ef      Ia-norm    0.6282   1.11   0.3528   0.0396    -7.10  0    cut
 609  sn2003U       Ia-norm    0.6431   1.11   0.4974   0.0319    -5.60  0    cut
 610  sn2003kf      Ia-norm    0.6674   1.11   0.3322   0.0275    -5.40  0    cut
 611  sn2003kf      Ia-norm    0.6674   1.10   0.3335   0.0251    -9.30  0    cut
 612  sn1990K       IIL        0.7311   1.10   0.0301   0.0104   174.70  1    cut
 613  sn2000cx      Ia-pec     0.6485   1.10   0.1684   0.0431    -4.30  0    cut
 614  sn2006cp      Ia-norm    0.6309   1.10   0.5180   0.0343    -8.40  0    cut
 615  sn2002cd      Ia-norm    0.6607   1.10   0.3477   0.0304    -4.70  0    cut
 616  lbv2003hy     LBV        0.6498   1.10   0.0395   0.0118   -99.90  2    cut
 617  sn1999cl      Ia-norm    0.6146   1.10   0.5101   0.0365    -5.20  0    cut
 618  sn2006oa      Ia-91T     0.5984   1.10   0.5125   0.0450    -8.50  0    cut
 619  sn1999dq      Ia-91T     0.6525   1.10   0.1643   0.0509    -8.50  0    cut
 620  sn2005cg      Ia-norm    0.6593   1.10   0.5588   0.0287    -9.80  0    cut
 621  sn1997dd      IIb        0.6593   1.10   0.0454   0.0339    16.40  1    cut
 622  sn2004ef      Ia-norm    0.6268   1.09   0.3396   0.0399    -3.30  0    cut
 623  sn2002cd      Ia-norm    0.6579   1.09   0.3486   0.0303    -5.70  0    cut
 624  sn1999gp      Ia-91T     0.6485   1.09   0.3381   0.0336    -2.00  0    cut
 625  sn1997bq      Ia-norm    0.6593   1.09   0.5216   0.0356   -10.60  0    cut
 626  sn2006ax      Ia-norm    0.6363   1.09   0.4939   0.0378    -6.40  0    cut
 627  sn1999cl      Ia-norm    0.6133   1.09   0.5087   0.0346    -4.20  0    cut
 628  sn2008ar      Ia-norm    0.6295   1.09   0.5187   0.0466    -8.50  0    cut
 629  sn2006gr      Ia-norm    0.6227   1.09   0.5329   0.0329   -10.80  0    cut
 630  sn1994S       Ia-norm    0.6850   1.09   0.3256   0.0306    -4.00  0    cut
 631  sn2007au      Ia-norm    0.6322   1.09   0.4977   0.0323    -4.70  0    cut
 632  sn2003kf      Ia-norm    0.6661   1.09   0.3337   0.0284    -8.40  0    cut
 633  sn2005cf      Ia-norm    0.7311   1.09   0.5508   0.0381    -9.70  0    cut
 634  sn2006kf      Ia-norm    0.6322   1.09   0.3343   0.0432    -5.20  0    cut
 635  sn1999dq      Ia-91T     0.6552   1.09   0.1612   0.0504    -4.50  0    cut
 636  sn2002hu      Ia-91T     0.6390   1.09   0.3346   0.0350    -3.50  0    cut
 637  sn1999cl      Ia-norm    0.6146   1.09   0.5137   0.0392    -7.30  0    cut
 638  sn1995F       Ic-norm    0.7311   1.09   0.2614   0.0275    88.80  1    cut
 639  sn2005el      Ia-norm    0.6336   1.08   0.3346   0.0353    -4.80  0    cut
 640  sn2003it      Ia-norm    0.6485   1.08   0.3355   0.0356    -2.20  0    cut
 641  sn1998es      Ia-91T     0.6552   1.08   0.6956   0.0282   -10.30  0    cut
 642  sn2006lf      Ia-norm    0.6417   1.08   0.4923   0.0343    -4.50  0    cut
 643  sn2008Q       Ia-norm    0.6458   1.08   0.4927   0.0344    -6.20  0    cut
 644  sn2002cs      Ia-norm    0.6566   1.08   0.5093   0.0298    -8.50  0    cut
 645  sn2003it      Ia-norm    0.6471   1.08   0.3361   0.0346    -3.20  0    cut
 646  sn2005el      Ia-norm    0.6322   1.08   0.3342   0.0357    -5.80  0    cut
 647  sn2008ar      Ia-norm    0.6268   1.08   0.5136   0.0475    -7.50  0    cut
 648  sn2007ci      Ia-norm    0.6336   1.08   0.4975   0.0339    -5.10  0    cut
 649  sn2006lf      Ia-norm    0.6403   1.08   0.4926   0.0306    -5.50  0    cut
 650  sn2003kf      Ia-norm    0.6674   1.08   0.3337   0.0271    -7.40  0    cut
 651  sn1999dq      Ia-91T     0.6552   1.08   0.3344   0.0329    -2.50  0    cut
 652  sn1994D       Ia-norm    0.6187   1.08   0.3501   0.0421   -10.10  0    cut
 653  sn2008Q       Ia-norm    0.6458   1.08   0.4933   0.0352    -7.20  0    cut
 654  sn2002cs      Ia-norm    0.6566   1.07   0.5091   0.0293    -7.50  0    cut
 655  sn2004ef      Ia-norm    0.6268   1.07   0.3522   0.0385    -8.10  0    cut
 656  sn2003fa      Ia-91T     0.6349   1.07   0.5213   0.0283    -7.60  0    cut
 657  sn2004fz      Ia-norm    0.6376   1.07   0.4873   0.0363    -6.80  0    cut
 658  sn2005cf      Ia-norm    0.7311   1.07   0.5489   0.0404    -9.70  0    cut
 659  sn1997cy      IIn        0.7311   1.07   0.1256   0.0287   116.80  1    cut
 660  sn2000dn      Ia-norm    0.6403   1.07   0.3295   0.0393    -7.70  0    cut
 661  sn2004ef      Ia-norm    0.6282   1.07   0.3432   0.0394    -4.20  0    cut
 662  sn2007ci      Ia-norm    0.6349   1.06   0.4959   0.0338    -6.10  0    cut
 663  sn2005hk      Ia-pec     0.6417   1.06   0.6735   0.0261    -8.30  0    cut
 664  sn2001ex      Ia-norm    0.6498   1.06   0.3217   0.0272    -3.40  0    cut
 665  sn1997ef      Ic-broad   0.7311   1.06   0.2722   0.0412    -5.00  0    cut
 666  sn2007ci      Ia-norm    0.6363   1.06   0.4958   0.0350    -7.10  0    cut
 667  sn2005el      Ia-norm    0.6363   1.06   0.4907   0.0345    -3.90  0    cut
 668  sn2007au      Ia-norm    0.6336   1.06   0.4990   0.0323    -5.60  0    cut
 669  sn2006ax      Ia-norm    0.6363   1.06   0.4950   0.0393    -8.40  0    cut
 670  sn2007bd      Ia-norm    0.6268   1.06   0.5145   0.0332    -9.00  0    cut
 671  sn1999aa      Ia-91T     0.6146   1.06   0.5231   0.0327    -9.00  0    cut
 672  sn2006cp      Ia-norm    0.6322   1.06   0.5138   0.0346    -6.30  0    cut
 673  sn1986G       Ia-91bg    0.6133   1.05   0.3273   0.0421    -3.00  0    cut
 674  sn2007qe      Ia-norm    0.6309   1.05   0.5250   0.0382    -9.40  0    cut
 675  sn1998ef      Ia-norm    0.6403   1.05   0.5040   0.0318    -4.50  0    cut
 676  sn1999cl      Ia-norm    0.6119   1.05   0.3373   0.0390    -2.30  0    cut
 677  sn2003fa      Ia-91T     0.6309   1.05   0.1643   0.0207    -8.50  0    cut
 678  sn2003W       Ia-norm    0.6552   1.05   0.3628   0.0330   -10.20  0    cut
 679  sn2007bd      Ia-norm    0.6214   1.04   0.5084   0.0334    -4.20  0    cut
 680  sn2001V       Ia-91T     0.6579   1.04   0.1320   0.0519    -5.40  0    cut
 681  sn2003iv      Ia-norm    0.6390   1.04   0.3286   0.0409    -2.40  0    cut
 682  sn2007qe      Ia-norm    0.6295   1.04   0.5217   0.0379    -8.60  0    cut
 683  sn2003cg      Ia-norm    0.5794   1.04   0.5080   0.0286    -2.10  0    cut
 684  sn2005bf      Ib-pec     0.6376   1.04   0.1101   0.0374    -1.60  0    cut
 685  sn2005cf      Ia-norm    0.6471   1.03   0.3351   0.0389    -9.30  0    cut
 686  sn1998es      Ia-91T     0.6593   1.03   0.6978   0.0291   -11.40  0    cut
 687  sn2001V       Ia-91T     0.6525   1.03   0.3283   0.0586   -10.20  0    cut
 688  sn1998ef      Ia-norm    0.6390   1.03   0.5039   0.0324    -3.60  0    cut
 689  sn1997cy      IIn        0.7311   1.03   0.2018   0.0251   174.50  1    cut
 690  sn2003fa      Ia-91T     0.6336   1.03   0.5189   0.0536    -6.60  0    cut
 691  sn1990N       Ia-norm    0.6945   1.03   0.3297   0.0257    -7.40  0    cut
 692  sn2001cp      Ia-norm    0.6525   1.02   0.3314   0.0391    -4.90  0    cut
 693  sn2007jg      Ia-norm    0.6200   1.02   0.5097   0.0363    -2.30  0    cut
 694  sn2004bg      Ia-norm    0.6498   1.02   0.3297   0.0409    -3.00  0    cut
 695  sn1997br      Ia-91T     0.6674   1.02   0.1616   0.0609    -7.00  0    cut
 696  sn2006ax      Ia-norm    0.6349   1.02   0.4930   0.0397    -9.30  0    cut
 697  sn2005hk      Ia-pec     0.6417   1.02   0.2607   0.0691    -6.30  0    cut
 698  sn2007F       Ia-norm    0.6295   1.02   0.5204   0.0399    -8.70  0    cut
 699  sn2005eq      Ia-91T     0.6227   1.01   0.5222   0.0997    -8.30  0    cut
 700  sn1997dd      IIb        0.7311   1.01   0.0504   0.0234     0.00  1    cut
 701  sn1997do      Ia-norm    0.6620   1.01   0.3445   0.0398    -7.60  0    cut
 702  sn1997bq      Ia-norm    0.6661   1.01   0.3396   0.0345    -5.60  0    cut
 703  sn2002de      Ia-norm    0.6485   1.01   0.3339   0.0376    -6.10  0    cut
 704  sn2002cs      Ia-norm    0.6566   1.01   0.5089   0.0300    -4.50  0    cut
 705  sn1997cy      IIn        0.7311   1.00   0.1252   0.0248    71.30  1    cut
 706  sn1997bq      Ia-norm    0.6674   1.00   0.3457   0.0362    -8.70  0    cut
 707  sn2006bt      Ia-norm    0.6241   1.00   0.3271   0.0449    -2.90  0    cut
 708  sn2007ci      Ia-norm    0.6363   0.99   0.3407   0.0388    -8.10  0    cut
 709  sn2005eu      Ia-norm    0.6241   0.99   0.5225   0.0440    -9.00  0    cut
 710  sn2001G       Ia-norm    0.6539   0.98   0.3351   0.0376    -5.10  0    cut
 711  sn2003fa      Ia-91T     0.6106   0.98   0.3343   0.0434    -5.60  0    cut
 712  sn2002cd      Ia-norm    0.6620   0.98   0.3561   0.0310    -8.60  0    cut
 713  sn1997bq      Ia-norm    0.6674   0.98   0.3438   0.0352    -7.70  0    cut
 714  sn1997bq      Ia-norm    0.6661   0.98   0.3418   0.0354    -6.60  0    cut
 715  sn1984A       Ia-norm    0.5551   0.98   0.1508   0.0490    -6.70  0    cut
 716  sn1986G       Ia-91bg    0.6214   0.98   0.1436   0.0275    -2.70  0    cut
 717  sn1991A       Ic-norm    0.6187   0.98   0.2587   0.0232    16.80  1    cut
 718  sn1997do      Ia-norm    0.6607   0.97   0.5274   0.0496   -10.60  0    cut
 719  sn2001V       Ia-91T     0.6539   0.97   0.1519   0.0608   -11.20  0    cut
 720  sn1997br      Ia-91T     0.6661   0.97   0.1630   0.0656    -8.00  0    cut
 721  sn1999aa      Ia-91T     0.6119   0.96   0.3339   0.0606    -9.90  0    cut
 722  sn1999gi      IIP        0.6688   0.96   0.0579   0.0305    -7.00  0    cut
 723  sn2002ef      Ia-norm    0.6498   0.96   0.3324   0.0368    -2.90  0    cut
 724  sn2005bc      Ia-norm    0.6322   0.96   0.3315   0.0440    -5.00  0    cut
 725  sn1999dq      Ia-91T     0.6579   0.96   0.1620   0.0639   -10.40  0    cut
 726  sn2001V       Ia-91T     0.6579   0.95   0.1682   0.0531    -7.40  0    cut
 727  sn1997bq      Ia-norm    0.6674   0.95   0.3494   0.0378    -9.60  0    cut
 728  sn2003fa      Ia-91T     0.6309   0.95   0.3318   0.0587    -9.50  0    cut
 729  sn2001cp      Ia-norm    0.6498   0.95   0.3304   0.0558    -6.80  0    cut
 730  sn2007le      Ia-norm    0.6458   0.95   0.5206   0.0518   -10.30  0    cut
 731  sn1986G       Ia-91bg    0.6079   0.94   0.1431   0.0280    -2.20  0    cut
 732  sn2005iq      Ia-norm    0.6241   0.94   0.5052   0.0373    -6.00  0    cut
 733  sn1986G       Ia-91bg    0.6200   0.94   0.1438   0.0264    -3.70  0    cut
 734  sn1997cy      IIn        0.7311   0.93   0.1330   0.0239    14.10  1    cut
 735  sn2005gj      Ia-csm     0.5808   0.93   0.0373   0.0134    -1.80  0    cut
 736  sn2001V       Ia-91T     0.6579   0.93   0.1684   0.0558    -6.40  0    cut
 737  sn2005cf      Ia-norm    0.6431   0.92   0.3387   0.0439   -10.40  0    cut
 738  sn2007bd      Ia-norm    0.6268   0.91   0.5046   0.0333    -8.10  0    cut
 739  sn1997cy      IIn        0.7311   0.91   0.1257   0.0266    57.20  1    cut
 740  sn1998es      Ia-91T     0.6593   0.91   0.1624   0.0675    -7.30  0    cut
 741  sn2001ay      Ia-norm    0.6458   0.90   0.5059   0.0332    -1.50  0    cut
 742  sn2000fa      Ia-norm    0.6512   0.90   0.3487   0.0373   -10.40  0    cut
 743  sn1984A       Ia-norm    0.4955   0.89   0.3634   0.0409    -7.00  0    cut
 744  sn1994D       Ia-norm    0.6268   0.89   0.5136   0.0420    -8.20  0    cut
 745  sn2001V       Ia-91T     0.6539   0.89   0.1615   0.0681    -9.30  0    cut
 746  sn2005cf      Ia-norm    0.6458   0.89   0.5245   0.0514   -11.40  0    cut
 747  sn2000fa      Ia-norm    0.5821   0.89   0.5252   0.0394   -10.40  0    cut
 748  sn1998dx      Ia-norm    0.5537   0.87   0.1033   0.0555    -1.70  0    cut
 749  sn1997dq      Ic-broad   0.7311   0.84   0.0785   0.0484   222.20  1    cut
 750  sn1984A       Ia-norm    0.5334   0.83   0.3517   0.0375    -2.80  0    cut
 751  sn1984A       Ia-norm    0.5212   0.83   0.3614   0.0396    -5.90  0    cut
 752  sn1990K       IIL        0.5713   0.81   0.1997   0.0282    50.50  1    cut
 753  sn1991ar      Ib-norm    0.4860   0.80   0.1409   0.0909    15.80  1    cut
 754  sn1995E       Ia-norm    0.5605   0.79   0.1313   0.0304    -2.90  0    cut
 755  sn2006cj      Ia-norm    0.5903   0.77   0.0012   0.0170    -2.10  0    cut
 756  sn1995bd      Ia-91T     0.6607   0.77   0.1659   0.0791    -7.10  0    cut
 757  sn1984A       Ia-norm    0.5496   0.76   0.1548   0.0552    -4.90  0    cut
 758  sn1991A       Ic-norm    0.4833   0.74   0.0814   0.0468   128.30  1    cut
 759  sn2002er      Ia-norm    0.5578   0.72   0.1394   0.0602    -6.00  0    cut
 760  sn1997ef      Ic-broad   0.6593   0.70   0.1645   0.0575    -6.10  0    cut
 761  sn1997ef      Ic-broad   0.6593   0.67   0.1534   0.0664    -4.10  0    cut
 762  sn1997ef      Ic-broad   0.6634   0.65   0.1527   0.0625    -5.10  0    cut
 763  sn2002ap      Ic-broad   0.6160   0.64   0.2078   0.0343    -5.50  0    cut
 764  sn1997ef      Ic-broad   0.6620   0.64   0.1830   0.0587   -10.00  0    cut
 765  sn1997ef      Ic-broad   0.6607   0.56   0.1747   0.0617    -9.10  0    cut
 766  sn1997ef      Ic-broad   0.6634   0.56   0.1953   0.0660   -10.90  0    cut
 767  sn2002ap      Ic-broad   0.6214   0.48   0.1418   0.1043    -4.50  0    cut
