### SNID output file ###
 
### input spectrum and options ###
# Input spectrum                 : 18749_-1.10.dat
# Parameter file                 : NA
# Wavelength range               :    4000.00   9000.00
# Mask file                      : NA
# Median filtering width [A]     : NA
# Median filtering width [pix]   :       1.00
# Clip emission redshift         :     0.1893
# Clip sky lines                 : 0
# Emission clip width [A]        :       0.19
# Keep A-band                    : 1
# Age range                      :      -6.10      3.90
# Delta range                    :      -9.99     99.90
# Min. number of spectra/template:   1
# Use only templates             : NA
# Use only types                 : NA
# Avoid templates                : NA
# Avoid types                    : NA
# rlapmin                        :       5.00
# Redshift range                 :    -0.0100    1.2000
# Forced initial redshift        :     0.1893
# Extra fake redshift            : NA
# Nsigma for initial redshift    : NA
# Redshift filter                :     0.0200
# Wavenumbers k1,k2,k3,k4        :     1    4   85  102
# Template directory             : /home/djperrefort/snid-5.0/templates-2.0/
 
### initial/user-input redshift ###
zinit       0.0000
zuser       0.1893
 
### median redshift/age and error ###
zmed        0.1873    0.0016
agem         -4.25      1.57
 
### type fraction/redshift/age ###
#type ntemp fraction slope redshift redshift_error age age_error
Ia              4      1.00    0.0000    0.1873    0.0016    -4.250     1.572
Ia-norm         0      0.00    0.0000    0.0000    0.0000     0.000     0.000
Ia-91T          4      1.00    0.0000    0.1873    0.0016    -4.250     1.572
Ia-91bg         0      0.00    0.0000    0.0000    0.0000     0.000     0.000
Ia-csm          0      0.00    0.0000    0.0000    0.0000     0.000     0.000
Ia-pec          0      0.00    0.0000    0.0000    0.0000     0.000     0.000
###
Ib              0      0.00    0.0000    0.0000    0.0000     0.000     0.000
Ib-norm         0      0.00    0.0000    0.0000    0.0000     0.000     0.000
Ib-pec          0      0.00    0.0000    0.0000    0.0000     0.000     0.000
IIb             0      0.00    0.0000    0.0000    0.0000     0.000     0.000
###
Ic              0      0.00    0.0000    0.0000    0.0000     0.000     0.000
Ic-norm         0      0.00    0.0000    0.0000    0.0000     0.000     0.000
Ic-pec          0      0.00    0.0000    0.0000    0.0000     0.000     0.000
Ic-broad        0      0.00    0.0000    0.0000    0.0000     0.000     0.000
###
II              0      0.00    0.0000    0.0000    0.0000     0.000     0.000
IIP             0      0.00    0.0000    0.0000    0.0000     0.000     0.000
II-pec          0      0.00    0.0000    0.0000    0.0000     0.000     0.000
IIn             0      0.00    0.0000    0.0000    0.0000     0.000     0.000
IIL             0      0.00    0.0000    0.0000    0.0000     0.000     0.000
###
NotSN           0      0.00    0.0000    0.0000    0.0000     0.000     0.000
AGN             0      0.00    0.0000    0.0000    0.0000     0.000     0.000
Gal             0      0.00    0.0000    0.0000    0.0000     0.000     0.000
LBV             0      0.00    0.0000    0.0000    0.0000     0.000     0.000
M-star          0      0.00    0.0000    0.0000    0.0000     0.000     0.000
 
### rlap-ordered template listings ###
#no. sn type lap rlap z zerr age age_flag grade
   1  sn2006oa      Ia-91T     0.7270   5.87   0.1877   0.0096    -4.70  0   good
   2  sn2006oa      Ia-91T     0.7256   5.68   0.1887   0.0103    -5.70  0   good
   3  sn2006oa      Ia-91T     0.7256   5.50   0.1869   0.0103    -3.80  0   good
   4  sn2006oa      Ia-91T     0.7243   5.17   0.1850   0.0109    -2.00  0   good
#--- rlap cutoff
   5  sn2005cf      Ia-norm    0.7311   5.00   0.1898   0.0111    -5.50  0    cut
   6  sn2005cf      Ia-norm    0.7311   4.95   0.1862   0.0110    -2.40  0    cut
   7  sn2006cq      Ia-norm    0.7311   4.67   0.1875   0.0119    -3.30  0    cut
   8  sn2006S       Ia-norm    0.7243   4.65   0.1869   0.0118    -5.50  0    cut
   9  sn2005cf      Ia-norm    0.7311   4.60   0.1852   0.0116    -1.50  0    cut
  10  sn2004S       Ia-norm    0.7311   4.59   0.1838   0.0119     1.60  0    cut
  11  sn1991T       Ia-91T     0.7311   4.56   0.0344   0.0140    -1.50  0    cut
  12  sn2003du      Ia-norm    0.7311   4.52   0.1853   0.0123    -6.10  0    cut
  13  sn1994S       Ia-norm    0.5740   4.41   0.1830   0.0136    -3.00  0    cut
  14  sn2006S       Ia-norm    0.7229   4.40   0.1864   0.0122    -4.60  0    cut
  15  sn2005cf      Ia-norm    0.7311   4.38   0.1894   0.0122    -3.80  0    cut
  16  sn2006ot      Ia-norm    0.7311   4.37   0.1853   0.0136     2.50  0    cut
  17  sn2005cf      Ia-norm    0.7311   4.36   0.1877   0.0122    -2.70  0    cut
  18  sn2006cf      Ia-norm    0.7311   4.36   0.1722   0.0151     2.70  0    cut
  19  sn2006oa      Ia-91T     0.7243   4.33   0.1820   0.0128    -0.10  0    cut
  20  sn2006cj      Ia-norm    0.7162   4.31   0.1796   0.0156    -1.20  0    cut
  21  sn1995ac      Ia-norm    0.6918   4.31   0.0415   0.0145    -5.50  0    cut
  22  sn2003du      Ia-norm    0.7311   4.29   0.1834   0.0130    -4.20  0    cut
  23  sn2005cf      Ia-norm    0.7311   4.24   0.1854   0.0125    -1.20  0    cut
  24  sn2005cf      Ia-norm    0.7311   4.22   0.1837   0.0125    -0.20  0    cut
  25  sn2006S       Ia-norm    0.7243   4.22   0.1845   0.0129    -2.60  0    cut
  26  sn2006gr      Ia-norm    0.7297   4.21   0.1939   0.0130    -5.10  0    cut
  27  sn2006gr      Ia-norm    0.7311   4.21   0.1893   0.0127    -2.10  0    cut
  28  sn2006gr      Ia-norm    0.7311   4.18   0.1924   0.0129    -4.00  0    cut
  29  sn2006gr      Ia-norm    0.7283   4.15   0.1894   0.0119    -1.10  0    cut
  30  sn2001eh      Ia-91T     0.7311   4.12   0.1853   0.0136    -5.90  0    cut
  31  sn2001da      Ia-norm    0.7311   4.10   0.1885   0.0130    -1.00  0    cut
  32  sn2005cf      Ia-norm    0.7311   4.09   0.1821   0.0129     1.50  0    cut
  33  sn2008ar      Ia-norm    0.7229   4.04   0.1915   0.0137    -4.60  0    cut
  34  sn2007ae      Ia-norm    0.7216   4.03   0.1794   0.0133     2.30  0    cut
  35  sn2008ar      Ia-norm    0.7189   3.95   0.1901   0.0138    -3.70  0    cut
  36  sn2006gr      Ia-norm    0.7311   3.93   0.1956   0.0138    -6.00  0    cut
  37  sn2005eq      Ia-91T     0.7216   3.93   0.1828   0.0129    -3.50  0    cut
  38  sn2006S       Ia-norm    0.7229   3.91   0.1818   0.0138    -0.70  0    cut
  39  sn2001eh      Ia-91T     0.7311   3.86   0.1840   0.0143    -4.90  0    cut
  40  sn2007kk      Ia-norm    0.7311   3.84   0.1870   0.0141    -1.70  0    cut
  41  sn1990O       Ia-norm    0.7311   3.84   0.1926   0.0142    -5.60  0    cut
  42  sn2008ar      Ia-norm    0.7216   3.82   0.1836   0.0146     1.20  0    cut
  43  sn2008ar      Ia-norm    0.7216   3.80   0.1867   0.0139    -0.70  0    cut
  44  sn2002er      Ia-norm    0.6837   3.80   0.1884   0.0149    -6.00  0    cut
  45  sn2006S       Ia-norm    0.7229   3.79   0.1811   0.0143     0.20  0    cut
  46  sn1999ee      Ia-norm    0.7311   3.78   0.1813   0.0140     1.80  0    cut
  47  sn1999ee      Ia-norm    0.7311   3.76   0.1827   0.0142    -0.20  0    cut
  48  sn2005cf      Ia-norm    0.7026   3.73   0.1879   0.0149    -5.40  0    cut
  49  sn2005cf      Ia-norm    0.7040   3.73   0.1880   0.0145    -4.40  0    cut
  50  sn2005cf      Ia-norm    0.7040   3.70   0.1868   0.0144    -3.40  0    cut
  51  sn2007jg      Ia-norm    0.7311   3.69   0.1991   0.0153    -2.30  0    cut
  52  sn2008ar      Ia-norm    0.7189   3.68   0.1896   0.0143    -2.70  0    cut
  53  sn2005cf      Ia-norm    0.7040   3.67   0.1842   0.0145    -0.30  0    cut
  54  sn2005cf      Ia-norm    0.7040   3.66   0.1855   0.0145    -2.30  0    cut
  55  sn2007kk      Ia-norm    0.7311   3.65   0.1852   0.0153    -0.80  0    cut
  56  sn2005cf      Ia-norm    0.7040   3.64   0.1851   0.0147    -1.40  0    cut
  57  sn2005eq      Ia-91T     0.7216   3.62   0.1850   0.0136    -5.40  0    cut
  58  sn2002er      Ia-norm    0.7311   3.57   0.1891   0.0155    -5.00  0    cut
  59  sn2006S       Ia-norm    0.7189   3.56   0.1808   0.0149     1.20  0    cut
  60  sn2005hk      Ia-pec     0.7067   3.53   0.0188   0.0181    -4.30  0    cut
  61  sn2001eh      Ia-91T     0.7311   3.50   0.1789   0.0152     2.70  0    cut
  62  sn2005eq      Ia-91T     0.7202   3.47   0.1794   0.0156     0.40  0    cut
  63  sn2008A       Ia-pec     0.7121   3.42   0.0227   0.0188    -3.00  0    cut
  64  sn2006cz      Ia-91T     0.7311   3.42   0.1839   0.0161    -3.90  0    cut
  65  sn2005hk      Ia-pec     0.7067   3.41   0.0197   0.0185    -5.30  0    cut
  66  sn2007kk      Ia-norm    0.7311   3.41   0.1826   0.0156     2.10  0    cut
  67  sn2005hk      Ia-pec     0.7311   3.41   0.0185   0.0179    -5.10  0    cut
  68  sn2007kk      Ia-norm    0.7311   3.40   0.1835   0.0161     1.10  0    cut
  69  sn2007kk      Ia-norm    0.7311   3.40   0.1825   0.0157     3.20  0    cut
  70  sn2006cf      Ia-norm    0.7311   3.37   0.1730   0.0176     1.80  0    cut
  71  sn2005eq      Ia-91T     0.7229   3.37   0.1789   0.0161     1.30  0    cut
  72  sn2005hk      Ia-pec     0.7053   3.37   0.0169   0.0197    -3.30  0    cut
  73  sn2008A       Ia-pec     0.7121   3.36   0.0212   0.0186    -1.90  0    cut
  74  sn2005cf      Ia-norm    0.7026   3.36   0.1830   0.0158     0.60  0    cut
  75  sn2008ae      Ia-pec     0.7270   3.34   0.0201   0.0186    -1.00  0    cut
  76  sn1999aa      Ia-91T     0.7311   3.33   0.1836   0.0160    -3.10  0    cut
  77  sn2006cz      Ia-91T     0.7311   3.32   0.1826   0.0168    -2.00  0    cut
  78  sn1999aw      Ia-91T     0.7283   3.29   0.1869   0.0157     0.00  0    cut
  79  sn2008A       Ia-pec     0.7121   3.26   0.0240   0.0189    -3.90  0    cut
  80  sn2003du      Ia-norm    0.7135   3.25   0.1800   0.0160    -2.20  0    cut
  81  sn2006S       Ia-norm    0.7229   3.24   0.1791   0.0162     3.20  0    cut
  82  sn1999aa      Ia-91T     0.7311   3.24   0.1762   0.0170    -1.60  0    cut
  83  sn2002er      Ia-norm    0.7311   3.23   0.1848   0.0173    -3.10  0    cut
  84  sn1998S       IIn        0.6268   3.23   0.1721   0.0102     2.70  0    cut
  85  sn2007co      Ia-norm    0.7243   3.23   0.1842   0.0152    -1.20  0    cut
  86  sn2005M       Ia-91T     0.7135   3.22   0.1732   0.0161    -2.70  0    cut
  87  sn2008ar      Ia-norm    0.7216   3.22   0.1819   0.0160     3.10  0    cut
  88  sn2005el      Ia-norm    0.7107   3.21   0.1837   0.0173    -5.80  0    cut
  89  sn1998es      Ia-91T     0.7189   3.19   0.1808   0.0161    -2.40  0    cut
  90  sn2006cz      Ia-91T     0.7311   3.19   0.1811   0.0172    -1.00  0    cut
  91  sn2005el      Ia-norm    0.7107   3.16   0.1834   0.0174    -4.80  0    cut
  92  sn2007co      Ia-norm    0.7243   3.15   0.1825   0.0155    -0.20  0    cut
  93  sn2002er      Ia-norm    0.7311   3.15   0.1838   0.0177    -2.10  0    cut
  94  sn1992A       Ia-norm    0.7283   3.13   0.1959   0.0158    -5.40  0    cut
  95  sn1999ac      Ia-91T     0.7311   3.13   0.1701   0.0171     0.40  0    cut
  96  sn2008ae      Ia-pec     0.7270   3.12   0.0174   0.0221    -0.10  0    cut
  97  sn1998es      Ia-91T     0.7107   3.11   0.1800   0.0173    -0.50  0    cut
  98  sn2005M       Ia-91T     0.7135   3.11   0.1734   0.0173    -1.70  0    cut
  99  sn2005M       Ia-91T     0.7121   3.11   0.1731   0.0171     0.20  0    cut
 100  sn2007co      Ia-norm    0.7202   3.10   0.1872   0.0160    -3.10  0    cut
 101  sn2002er      Ia-norm    0.7270   3.09   0.1831   0.0175    -4.00  0    cut
 102  sn2003ic      Ia-norm    0.6850   3.09   0.1915   0.0226    -4.10  0    cut
 103  sn2005cf      Ia-norm    0.6999   3.09   0.1825   0.0169     1.60  0    cut
 104  sn2007ae      Ia-norm    0.6742   3.09   0.1876   0.0180     3.30  0    cut
 105  sn2006et      Ia-norm    0.7189   3.08   0.1773   0.0162     2.40  0    cut
 106  sn2005hk      Ia-pec     0.7053   3.08   0.0171   0.0202    -2.40  0    cut
 107  sn2007co      Ia-norm    0.7202   3.07   0.1804   0.0158     1.70  0    cut
 108  sn2005el      Ia-norm    0.7107   3.06   0.1827   0.0177    -3.90  0    cut
 109  sn2007co      Ia-norm    0.7229   3.05   0.1817   0.0161     0.80  0    cut
 110  sn2003cg      Ia-norm    0.7053   3.04   0.1786   0.0193    -2.10  0    cut
 111  sn2008bf      Ia-norm    0.7175   3.02   0.1832   0.0175     0.70  0    cut
 112  sn1999ac      Ia-91T     0.7311   3.01   0.1694   0.0172     2.70  0    cut
 113  sn2005mc      Ia-norm    0.7148   3.00   0.1831   0.0155    -2.20  0    cut
 114  sn2007co      Ia-norm    0.7216   3.00   0.1892   0.0166    -4.10  0    cut
 115  sn2006cf      Ia-norm    0.7311   3.00   0.1717   0.0192     3.70  0    cut
 116  sn2008A       Ia-pec     0.7135   2.99   0.0185   0.0210    -1.00  0    cut
 117  sn2005hk      Ia-pec     0.6755   2.99   0.0227   0.0222    -4.20  0    cut
 118  sn2005cf      Ia-norm    0.7013   2.99   0.1814   0.0174     2.50  0    cut
 119  sn1998es      Ia-91T     0.7175   2.98   0.1831   0.0159    -4.40  0    cut
 120  sn2004eo      Ia-norm    0.7311   2.97   0.1811   0.0171    -5.60  0    cut
 121  sn1989B       Ia-norm    0.7311   2.97   0.1779   0.0180    -1.30  0    cut
 122  sn1998es      Ia-91T     0.7162   2.97   0.1822   0.0161    -3.40  0    cut
 123  sn1999aa      Ia-91T     0.7148   2.96   0.1853   0.0164    -4.10  0    cut
 124  sn1999aa      Ia-91T     0.7216   2.95   0.1867   0.0159    -5.10  0    cut
 125  sn2006ax      Ia-norm    0.7094   2.94   0.1736   0.0190     0.50  0    cut
 126  sn2005iq      Ia-norm    0.7256   2.94   0.1798   0.0192    -6.00  0    cut
 127  sn2007co      Ia-norm    0.7243   2.93   0.1916   0.0171    -5.10  0    cut
 128  sn1998es      Ia-91T     0.7148   2.93   0.0343   0.0199    -5.40  0    cut
 129  sn1999aa      Ia-91T     0.7311   2.92   0.1762   0.0171     1.80  0    cut
 130  sn2007co      Ia-norm    0.7229   2.92   0.1790   0.0168     2.70  0    cut
 131  sn2004ef      Ia-norm    0.7283   2.91   0.1874   0.0156     0.60  0    cut
 132  sn2003ic      Ia-norm    0.6837   2.90   0.1846   0.0214     3.40  0    cut
 133  sn2007co      Ia-norm    0.7229   2.89   0.1785   0.0169     3.70  0    cut
 134  sn2007F       Ia-norm    0.7162   2.88   0.1887   0.0183    -5.70  0    cut
 135  sn2003du      Ia-norm    0.6972   2.88   0.1805   0.0186    -1.30  0    cut
 136  sn1998es      Ia-91T     0.7080   2.87   0.1796   0.0188     0.50  0    cut
 137  sn1999aa      Ia-91T     0.7189   2.87   0.1876   0.0160    -6.10  0    cut
 138  sn2004ef      Ia-norm    0.7270   2.86   0.1887   0.0160    -0.40  0    cut
 139  sn2004ef      Ia-norm    0.7256   2.86   0.1904   0.0160    -1.50  0    cut
 140  sn2002dj      Ia-norm    0.7311   2.84   0.1918   0.0187    -3.60  0    cut
 141  sn2002ha      Ia-norm    0.7311   2.84   0.1755   0.0206     1.70  0    cut
 142  sn2002bo      Ia-norm    0.7311   2.84   0.1879   0.0182    -4.80  0    cut
 143  sn2007S       Ia-91T     0.7080   2.84   0.1834   0.0178    -3.70  0    cut
 144  sn2004ef      Ia-norm    0.7107   2.82   0.1956   0.0177    -5.20  0    cut
 145  sn1998S       IIn        0.6227   2.82   0.1730   0.0102     1.80  0    cut
 146  sn2004ef      Ia-norm    0.7297   2.81   0.1846   0.0160     2.50  0    cut
 147  sn2007bd      Ia-norm    0.7283   2.79   0.1858   0.0189    -4.20  0    cut
 148  sn2002dj      Ia-norm    0.7311   2.79   0.1944   0.0189    -4.60  0    cut
 149  sn2007F       Ia-norm    0.7162   2.79   0.1789   0.0211    -1.80  0    cut
 150  sn1998es      Ia-91T     0.7107   2.79   0.1780   0.0190     1.50  0    cut
 151  sn2007S       Ia-91T     0.7067   2.78   0.1831   0.0176    -2.70  0    cut
 152  sn2002ap      Ic-broad   0.5591   2.78   0.0530   0.0308    -4.50  0    cut
 153  sn2008A       Ia-pec     0.7135   2.77   0.0162   0.0225     0.00  0    cut
 154  sn2007S       Ia-91T     0.7080   2.77   0.1856   0.0176    -4.70  0    cut
 155  sn2004ef      Ia-norm    0.7270   2.77   0.1940   0.0170    -3.30  0    cut
 156  sn2002he      Ia-norm    0.7311   2.77   0.1842   0.0199    -3.20  0    cut
 157  sn2004ef      Ia-norm    0.7256   2.76   0.1863   0.0161     1.50  0    cut
 158  sn2005A       Ia-norm    0.7107   2.75   0.1976   0.0187    -1.30  0    cut
 159  sn2004fu      Ia-norm    0.7067   2.74   0.1902   0.0193    -3.50  0    cut
 160  sn2008bf      Ia-norm    0.7189   2.74   0.1806   0.0191     2.60  0    cut
 161  sn2006ot      Ia-norm    0.7311   2.72   0.1894   0.0185    -0.40  0    cut
 162  sn2007ca      Ia-norm    0.7107   2.72   0.1731   0.0203     3.40  0    cut
 163  sn2008Z       Ia-norm    0.7162   2.72   0.1874   0.0209    -5.30  0    cut
 164  sn1995E       Ia-norm    0.6593   2.72   0.1761   0.0215    -2.90  0    cut
 165  sn2003du      Ia-norm    0.6959   2.72   0.1788   0.0201     0.90  0    cut
 166  sn2006al      Ia-norm    0.7175   2.72   0.1773   0.0225     3.40  0    cut
 167  sn2007F       Ia-norm    0.7175   2.71   0.1766   0.0216    -0.90  0    cut
 168  sn1999aw      Ia-91T     0.6945   2.71   0.1866   0.0195     2.90  0    cut
 169  sn2002bo      Ia-norm    0.7311   2.71   0.1842   0.0186    -1.70  0    cut
 170  sn2008bf      Ia-norm    0.7202   2.70   0.1790   0.0195     3.60  0    cut
 171  sn2004fu      Ia-norm    0.7067   2.69   0.1943   0.0193    -5.40  0    cut
 172  sn2008ae      Ia-pec     0.7256   2.68   0.0144   0.0234     0.90  0    cut
 173  sn1989B       Ia-norm    0.6498   2.68   0.1745   0.0205     2.60  0    cut
 174  sn1998S       IIn        0.6214   2.67   0.1730   0.0105     0.90  0    cut
 175  sn2006bz      Ia-91bg    0.7175   2.67   0.0408   0.0399    -0.30  0    cut
 176  sn2005hk      Ia-pec     0.7080   2.67   0.0144   0.0248    -1.40  0    cut
 177  sn2007bd      Ia-norm    0.7256   2.66   0.1805   0.0202    -1.30  0    cut
 178  sn1997bp      Ia-norm    0.7311   2.64   0.2022   0.0204    -3.00  0    cut
 179  sn2005cf      Ia-norm    0.6986   2.64   0.1808   0.0193     3.50  0    cut
 180  sn2001ep      Ia-norm    0.7311   2.63   0.1716   0.0201     2.80  0    cut
 181  sn1994D       Ia-norm    0.7311   2.63   0.1862   0.0180    -4.30  0    cut
 182  sn2007af      Ia-norm    0.7026   2.62   0.1810   0.0196    -5.60  0    cut
 183  sn2002bo      Ia-norm    0.7229   2.62   0.1819   0.0191    -0.60  0    cut
 184  sn2007F       Ia-norm    0.7175   2.62   0.1711   0.0214     3.00  0    cut
 185  sn2007cq      Ia-91T     0.7202   2.62   0.0361   0.0301    -5.00  0    cut
 186  sn2007S       Ia-91T     0.7107   2.60   0.1803   0.0186    -0.70  0    cut
 187  sn2006N       Ia-norm    0.7080   2.60   0.1840   0.0203    -3.30  0    cut
 188  sn2002er      Ia-norm    0.7311   2.60   0.1748   0.0213     2.90  0    cut
 189  sn2008Z       Ia-norm    0.7162   2.59   0.1861   0.0221    -4.30  0    cut
 190  sn2007af      Ia-norm    0.7026   2.59   0.1799   0.0199    -4.60  0    cut
 191  sn2003du      Ia-norm    0.6972   2.58   0.1801   0.0200    -0.30  0    cut
 192  sn2007bd      Ia-norm    0.7283   2.57   0.1763   0.0209     1.70  0    cut
 193  sn1992A       Ia-norm    0.7283   2.57   0.1866   0.0197    -0.80  0    cut
 194  sn2003du      Ia-norm    0.6972   2.57   0.1748   0.0210     2.90  0    cut
 195  sn2007cq      Ia-91T     0.7189   2.56   0.0357   0.0301    -4.00  0    cut
 196  sn2004ef      Ia-norm    0.7243   2.56   0.1968   0.0188    -4.20  0    cut
 197  sn1981B       Ia-norm    0.7311   2.56   0.1788   0.0204    -1.50  0    cut
 198  sn2002ap      Ic-broad   0.6282   2.54   0.0563   0.0351    -1.40  0    cut
 199  sn2005ki      Ia-norm    0.7135   2.53   0.1753   0.0210     1.00  0    cut
 200  sn2003hu      Ia-91T     0.6972   2.53   0.1855   0.0206     0.10  0    cut
 201  sn1994ae      Ia-norm    0.7013   2.50   0.1711   0.0226     0.00  0    cut
 202  sn2006em      Ia-91bg    0.7175   2.50   0.0197   0.0290     3.70  0    cut
 203  sn2006le      Ia-norm    0.7067   2.49   0.1835   0.0201     2.90  0    cut
 204  sn2007A       Ia-norm    0.7135   2.49   0.1760   0.0227    -3.40  0    cut
 205  sn2007af      Ia-norm    0.7026   2.49   0.1784   0.0207    -3.60  0    cut
 206  sn1995E       Ia-norm    0.6864   2.48   0.1754   0.0196    -0.90  0    cut
 207  sn1997dd      IIb        0.6431   2.47   0.2037   0.0160     3.60  1    cut
 208  sn1997dd      IIb        0.6444   2.47   0.2020   0.0133    16.40  1    cut
 209  sn1991A       Ic-norm    0.5943   2.47   0.1973   0.0224     0.00  1    cut
 210  sn2005eu      Ia-norm    0.7256   2.46   0.1834   0.0245    -5.20  0    cut
 211  sn1992A       Ia-norm    0.7297   2.46   0.1885   0.0223     2.00  0    cut
 212  sn2001br      Ia-norm    0.7311   2.46   0.1807   0.0216     2.50  0    cut
 213  sn1994ae      Ia-norm    0.7026   2.45   0.1696   0.0219     0.90  0    cut
 214  sn1995E       Ia-norm    0.6945   2.44   0.1752   0.0211     1.00  0    cut
 215  kcS0          Gal        0.7311   2.43   0.1472   0.0251   -99.90  2    cut
 216  sn2005el      Ia-norm    0.7094   2.43   0.1761   0.0223     2.10  0    cut
 217  sn2003ch      Ia-norm    0.7311   2.43   0.1773   0.0218     1.80  0    cut
 218  sn1994ae      Ia-norm    0.7013   2.43   0.1693   0.0216     3.00  0    cut
 219  lbv2003hy     LBV        0.6525   2.42   0.1680   0.0081   -99.90  2    cut
 220  sn2005bf      Ib-pec     0.7135   2.42   0.1588   0.0178    -2.70  0    cut
 221  kcSb          Gal        0.7311   2.42   0.1503   0.0235   -99.90  2    cut
 222  sn1994ae      Ia-norm    0.7013   2.41   0.1692   0.0225     2.00  0    cut
 223  sn2006N       Ia-norm    0.7053   2.41   0.1817   0.0224    -1.30  0    cut
 224  sn2007fs      Ia-norm    0.7148   2.41   0.1733   0.0223     3.10  0    cut
 225  sn2008A       Ia-pec     0.7121   2.40   0.0137   0.0257     1.00  0    cut
 226  sn2008ae      Ia-pec     0.7270   2.40   0.0123   0.0264     1.90  0    cut
 227  sn2007bc      Ia-norm    0.7135   2.39   0.1772   0.0219    -2.60  0    cut
 228  sn2007A       Ia-norm    0.7121   2.39   0.1758   0.0231    -2.40  0    cut
 229  sn2005na      Ia-norm    0.7189   2.39   0.1717   0.0251     1.40  0    cut
 230  lbv2003hy     LBV        0.6512   2.39   0.1708   0.0128   -99.90  2    cut
 231  sn2007af      Ia-norm    0.7026   2.38   0.1775   0.0214    -2.60  0    cut
 232  lbv2001ac     LBV        0.7311   2.37   0.1149   0.0153   -99.90  2    cut
 233  sn1999cl      Ia-norm    0.6999   2.37   0.1872   0.0200    -3.30  0    cut
 234  lbv2003hy     LBV        0.6512   2.37   0.1718   0.0152   -99.90  2    cut
 235  sn2002ap      Ic-broad   0.5591   2.37   0.0559   0.0341    -5.50  0    cut
 236  sn2006cj      Ia-norm    0.7175   2.36   0.1777   0.0231    -0.20  0    cut
 237  sn1997br      Ia-91T     0.6579   2.36   0.0453   0.0273    -4.60  0    cut
 238  sn2004dt      Ia-norm    0.7297   2.35   0.1861   0.0176     3.30  0    cut
 239  sn2000cx      Ia-pec     0.7311   2.34   0.0386   0.0235     0.70  0    cut
 240  kcE           Gal        0.7311   2.34   0.1483   0.0233   -99.90  2    cut
 241  sn2007af      Ia-norm    0.7013   2.33   0.1760   0.0222    -1.60  0    cut
 242  sn2005bf      Ib-pec     0.7135   2.32   0.1599   0.0188    -3.60  0    cut
 243  sn2005bo      Ia-norm    0.7080   2.31   0.1714   0.0229    -0.10  0    cut
 244  sn1995D       Ia-norm    0.6539   2.31   0.1739   0.0225     3.60  0    cut
 245  sn2006az      Ia-norm    0.7216   2.30   0.1755   0.0255    -1.00  0    cut
 246  sn1994D       Ia-norm    0.7311   2.29   0.1877   0.0191    -5.30  0    cut
 247  sn2005na      Ia-norm    0.7135   2.29   0.1671   0.0253     3.40  0    cut
 248  sn2005bf      Ib-pec     0.7135   2.29   0.1594   0.0187    -1.60  0    cut
 249  sn1994D       Ia-norm    0.7311   2.28   0.1907   0.0206    -6.10  0    cut
 250  sn2006al      Ia-norm    0.7053   2.28   0.1776   0.0243     2.50  0    cut
 251  sn2006kf      Ia-norm    0.7175   2.27   0.1863   0.0188    -5.20  0    cut
 252  sn1994T       Ia-norm    0.5578   2.27   0.1795   0.0208     0.80  0    cut
 253  sn2004fu      Ia-norm    0.7053   2.27   0.1819   0.0216     2.40  0    cut
 254  sn2006nz      Ia-norm    0.7311   2.25   0.1965   0.0224    -1.70  0    cut
 255  sn2007fb      Ia-norm    0.7135   2.25   0.1778   0.0228     1.70  0    cut
 256  sn2000cx      Ia-pec     0.6133   2.25   0.1980   0.0197    -2.30  0    cut
 257  sn1999cl      Ia-norm    0.6999   2.25   0.1827   0.0202     0.70  0    cut
 258  sn2007af      Ia-norm    0.6999   2.24   0.1749   0.0225    -0.60  0    cut
 259  sn2004fu      Ia-norm    0.7053   2.23   0.1799   0.0223     3.40  0    cut
 260  sn2006sr      Ia-norm    0.7189   2.23   0.1842   0.0227    -0.90  0    cut
 261  sn2006N       Ia-norm    0.7067   2.22   0.1745   0.0248     2.60  0    cut
 262  sn2007if      Ia-pec     0.5930   2.20   0.1888   0.0227    -2.90  0    cut
 263  sn2005am      Ia-norm    0.7040   2.19   0.1930   0.0192    -2.90  0    cut
 264  sn2006sr      Ia-norm    0.7202   2.19   0.1778   0.0243     2.00  0    cut
 265  sn2006sr      Ia-norm    0.7175   2.19   0.1800   0.0242     1.00  0    cut
 266  sn2008Q       Ia-norm    0.7067   2.19   0.1814   0.0261    -3.20  0    cut
 267  sn1991M       Ia-norm    0.6972   2.18   0.1813   0.0227     2.70  0    cut
 268  sn2007af      Ia-norm    0.6986   2.18   0.1742   0.0227     0.30  0    cut
 269  sn1998S       IIn        0.5808   2.18   0.1710   0.0153     1.90  0    cut
 270  sn2006bz      Ia-91bg    0.7216   2.17   0.0343   0.0468     0.70  0    cut
 271  sn1994D       Ia-norm    0.7148   2.16   0.1829   0.0224    -2.30  0    cut
 272  sn2008Q       Ia-norm    0.7067   2.16   0.1798   0.0267    -2.20  0    cut
 273  sn2006le      Ia-norm    0.7067   2.15   0.1821   0.0227     3.90  0    cut
 274  sn1995F       Ic-norm    0.6579   2.14   0.1684   0.0257     0.00  1    cut
 275  sn2002de      Ia-norm    0.6566   2.14   0.1937   0.0186    -4.10  0    cut
 276  sn2006N       Ia-norm    0.6986   2.13   0.1786   0.0262     0.70  0    cut
 277  sn2005bf      Ib-pec     0.7107   2.12   0.1597   0.0195    -5.60  0    cut
 278  sn2005bf      Ib-pec     0.7107   2.12   0.1612   0.0203    -4.60  0    cut
 279  sn2005bf      Ib-pec     0.7121   2.12   0.1592   0.0187    -0.70  0    cut
 280  sn1999ex      Ib-norm    0.7311   2.12   0.1818   0.0199    -4.50  0    cut
 281  sn2005na      Ia-norm    0.7148   2.12   0.1749   0.0287    -1.50  0    cut
 282  sn2008Q       Ia-norm    0.7067   2.11   0.1788   0.0265    -1.20  0    cut
 283  sn2005bf      Ib-pec     0.7135   2.11   0.1602   0.0222     3.20  0    cut
 284  sn2004dt      Ia-norm    0.7311   2.11   0.1846   0.0197     3.80  0    cut
 285  sn2005bf      Ib-pec     0.7311   2.11   0.1588   0.0218     3.40  0    cut
 286  sn2006N       Ia-norm    0.7080   2.10   0.1759   0.0266     1.60  0    cut
 287  sn2006sr      Ia-norm    0.7202   2.09   0.1770   0.0242     3.00  0    cut
 288  sn2007al      Ia-91bg    0.7067   2.09   0.0207   0.0406     3.30  0    cut
 289  sn2002cx      Ia-pec     0.6539   2.09   0.0337   0.0355    -1.40  0    cut
 290  sn2008Q       Ia-norm    0.7053   2.09   0.1774   0.0270    -0.30  0    cut
 291  sn2006cm      Ia-norm    0.7107   2.08   0.1959   0.0372    -1.90  0    cut
 292  sn1991N       Ic-norm    0.7311   2.08   0.0199   0.0458     0.00  1    cut
 293  sn2000dn      Ia-norm    0.6823   2.07   0.1801   0.0254    -3.80  0    cut
 294  sn2002de      Ia-norm    0.6539   2.06   0.1957   0.0186    -5.00  0    cut
 295  sn2006sr      Ia-norm    0.7189   2.06   0.1771   0.0247     3.90  0    cut
 296  lbv2003hy     LBV        0.6512   2.06   0.1741   0.0197   -99.90  2    cut
 297  sn2005bf      Ib-pec     0.7094   2.06   0.1588   0.0199     1.20  0    cut
 298  sn2001ay      Ia-norm    0.7311   2.06   0.1859   0.0205     3.30  0    cut
 299  lbv2003hy     LBV        0.6552   2.05   0.0020   0.0203   -99.90  2    cut
 300  sn2005am      Ia-norm    0.7311   2.04   0.1844   0.0217     3.00  0    cut
 301  sn1993J       IIb        0.6241   2.04   0.2120   0.0223     2.70  0    cut
 302  sn2007af      Ia-norm    0.7013   2.04   0.1708   0.0232     2.30  0    cut
 303  sn2006br      Ia-norm    0.7162   2.03   0.1788   0.0225     3.00  0    cut
 304  sn2005bl      Ia-91bg    0.7311   2.02   0.0316   0.0466    -4.90  0    cut
 305  sn2007al      Ia-91bg    0.7080   2.02   0.0200   0.0398     2.40  0    cut
 306  sn1990K       IIL        0.6390   2.02   0.1896   0.0183     0.00  1    cut
 307  sn2005bf      Ib-pec     0.7107   2.00   0.1599   0.0217     2.20  0    cut
 308  sn1999ex      Ib-norm    0.7311   1.99   0.1760   0.0195     0.40  0    cut
 309  sn2002bo      Ia-norm    0.6959   1.98   0.1845   0.0234    -1.80  0    cut
 310  sn1996ai      Ia-norm    0.6931   1.97   0.1850   0.0230    -0.90  0    cut
 311  sn2002bo      Ia-norm    0.6959   1.96   0.1871   0.0237    -3.70  0    cut
 312  sn1999ac      Ia-91T     0.6769   1.96   0.1808   0.0214    -2.10  0    cut
 313  sn2007af      Ia-norm    0.7026   1.96   0.1693   0.0234     3.30  0    cut
 314  sn2004dt      Ia-norm    0.7311   1.95   0.1952   0.0227    -3.70  0    cut
 315  sn2004dt      Ia-norm    0.7094   1.94   0.1881   0.0201     2.30  0    cut
 316  sn1995F       Ic-norm    0.7229   1.94   0.1652   0.0241     0.20  1    cut
 317  sn2002bo      Ia-norm    0.6959   1.94   0.1856   0.0237    -2.80  0    cut
 318  sn2004dt      Ia-norm    0.7311   1.93   0.1921   0.0208    -1.00  0    cut
 319  sn2002cx      Ia-pec     0.6485   1.93   0.1819   0.0225    -4.30  0    cut
 320  sn2004dt      Ia-norm    0.7311   1.91   0.1952   0.0226    -3.00  0    cut
 321  sn1997ef      Ic-broad   0.6403   1.91   0.0381   0.0373    -4.10  0    cut
 322  sn1999cl      Ia-norm    0.6918   1.91   0.1887   0.0229    -4.20  0    cut
 323  sn2005cc      Ia-pec     0.7040   1.90   0.0048   0.0323     2.60  0    cut
 324  sn2002de      Ia-norm    0.6579   1.90   0.1930   0.0192    -2.20  0    cut
 325  sn2004aw      Ic-norm    0.6458   1.90   0.2071   0.0249    -5.20  0    cut
 326  sn2005am      Ia-norm    0.7026   1.90   0.1865   0.0224     2.00  0    cut
 327  sn2004gs      Ia-norm    0.7202   1.90   0.1812   0.0234    -3.20  0    cut
 328  lbv2003hy     LBV        0.6539   1.89   0.0015   0.0225   -99.90  2    cut
 329  sn1994I       Ic-norm    0.6620   1.89   0.0409   0.0366    -5.40  0    cut
 330  sn1996cb      IIb        0.6376   1.89   0.2045   0.0136    -2.10  0    cut
 331  sn1999cl      Ia-norm    0.6918   1.88   0.1904   0.0233    -5.20  0    cut
 332  sn2004aw      Ic-norm    0.7311   1.88   0.0328   0.0351    -1.70  0    cut
 333  sn2006bt      Ia-norm    0.7311   1.87   0.1825   0.0221    -3.90  0    cut
 334  sn2005ke      Ia-91bg    0.6986   1.87   0.0117   0.0491     2.40  0    cut
 335  sn1997dq      Ic-broad   0.4549   1.86   0.0173   0.0247    42.80  1    cut
 336  sn1998dx      Ia-norm    0.6322   1.86   0.1859   0.0221    -1.70  0    cut
 337  sn2001az      Ia-91T     0.6715   1.83   0.1918   0.0228    -3.10  0    cut
 338  sn2002de      Ia-norm    0.6579   1.83   0.1917   0.0197     1.80  0    cut
 339  sn2004dt      Ia-norm    0.7311   1.82   0.1989   0.0244    -5.60  0    cut
 340  sn1987A       II-pec     0.5713   1.82   0.1863   0.0246     3.30  0    cut
 341  mstar         M-star     0.6904   1.81   0.1224   0.0192     5.00  2    cut
 342  sn1987A       II-pec     0.6092   1.81   0.1816   0.0274    -2.00  0    cut
 343  sn2002aw      Ia-norm    0.6566   1.81   0.1871   0.0179    -0.90  0    cut
 344  sn1996cb      IIb        0.6295   1.80   0.2046   0.0153     0.90  0    cut
 345  sn1997ef      Ic-broad   0.6417   1.80   0.0420   0.0394    -5.10  0    cut
 346  sn2002de      Ia-norm    0.6579   1.80   0.1923   0.0191     2.70  0    cut
 347  sn1998dx      Ia-norm    0.6309   1.80   0.1851   0.0237    -0.70  0    cut
 348  snls03D3bb    Ia-pec     0.7311   1.79   0.0140   0.0283     2.00  0    cut
 349  sn2007au      Ia-norm    0.7135   1.79   0.1860   0.0246    -5.60  0    cut
 350  sn1994I       Ic-norm    0.6322   1.78   0.0445   0.0341    -5.50  0    cut
 351  sn1996ab      Ia-norm    0.6227   1.78   0.1861   0.0302     1.30  0    cut
 352  sn2006lf      Ia-norm    0.6769   1.78   0.1866   0.0233    -4.50  0    cut
 353  sn2002hu      Ia-91T     0.6674   1.78   0.1869   0.0217    -0.70  0    cut
 354  sn1997ef      Ic-broad   0.6403   1.78   0.0441   0.0388    -6.10  0    cut
 355  sn2005ke      Ia-91bg    0.6972   1.77   0.0137   0.0520     0.50  0    cut
 356  sn2004dt      Ia-norm    0.7080   1.77   0.1898   0.0226    -0.70  0    cut
 357  sn2006gj      Ia-norm    0.7216   1.77   0.1721   0.0296    -0.70  0    cut
 358  sn2005hj      Ia-91T     0.5781   1.76   0.1883   0.0228    -4.30  0    cut
 359  sn1990K       IIL        0.6065   1.76   0.1923   0.0232    53.30  1    cut
 360  sn2006aj      Ic-broad   0.6661   1.76   0.0624   0.0318    -0.40  0    cut
 361  lbv2003hy     LBV        0.6525   1.76   0.0029   0.0201   -99.90  2    cut
 362  sn2002ck      Ia-norm    0.6607   1.75   0.1872   0.0225    -0.60  0    cut
 363  sn2007ci      Ia-norm    0.7135   1.75   0.1828   0.0280    -4.20  0    cut
 364  sn2004eo      Ia-norm    0.7013   1.75   0.1723   0.0252     2.90  0    cut
 365  sn2004aw      Ic-norm    0.7311   1.75   0.0288   0.0420    -0.20  0    cut
 366  sn2006cj      Ia-norm    0.6552   1.75   0.1866   0.0279    -2.10  0    cut
 367  lbv2003hy     LBV        0.6539   1.75   0.0033   0.0232   -99.90  2    cut
 368  sn2007ci      Ia-norm    0.7121   1.75   0.0270   0.0263    -5.10  0    cut
 369  sn2000cp      Ia-norm    0.6647   1.73   0.1903   0.0183    -2.50  0    cut
 370  mstar         M-star     0.6891   1.73   0.1212   0.0215     6.00  2    cut
 371  sn2006gz      Ia-pec     0.6417   1.73   0.1947   0.0175    -4.50  0    cut
 372  sn1998dx      Ia-norm    0.6309   1.72   0.1831   0.0243     2.10  0    cut
 373  sn1997cn      Ia-91bg    0.6931   1.72   0.0113   0.0278     3.90  0    cut
 374  sn2006aj      Ic-broad   0.6647   1.72   0.0690   0.0356    -1.40  0    cut
 375  sn2004aw      Ic-norm    0.6458   1.72   0.0275   0.0257     3.60  0    cut
 376  sn1999dq      Ia-91T     0.6417   1.71   0.1921   0.0344    -5.50  0    cut
 377  sn1987A       II-pec     0.6119   1.71   0.1813   0.0278     3.10  0    cut
 378  sn2007ba      Ia-91bg    0.7311   1.71   0.0311   0.0554     3.10  0    cut
 379  sn1996bl      Ia-norm    0.6715   1.71   0.1902   0.0244    -2.20  0    cut
 380  sn2006bt      Ia-norm    0.7311   1.71   0.1841   0.0228    -4.60  0    cut
 381  sn1990N       Ia-norm    0.7311   1.69   0.1789   0.0251     3.90  0    cut
 382  sn1999gp      Ia-91T     0.6566   1.69   0.0518   0.0340    -4.80  0    cut
 383  sn1999gp      Ia-91T     0.6579   1.68   0.1938   0.0223     0.00  0    cut
 384  sn2006aj      Ic-broad   0.7311   1.68   0.0913   0.0351    -5.30  0    cut
 385  sn1991N       Ic-norm    0.7311   1.67   0.0119   0.0539    27.90  1    cut
 386  sn2007ci      Ia-norm    0.7135   1.67   0.0245   0.0264    -1.20  0    cut
 387  sn2002de      Ia-norm    0.6579   1.67   0.1914   0.0209     3.70  0    cut
 388  sn2005cc      Ia-pec     0.7026   1.67   0.0009   0.0360     3.60  0    cut
 389  sn2002bo      Ia-norm    0.6945   1.67   0.1846   0.0255    -1.50  0    cut
 390  mstar         M-star     0.6891   1.66   0.1615   0.0416     4.00  2    cut
 391  sn1991bg      Ia-91bg    0.6837   1.66   0.0160   0.0512     2.10  0    cut
 392  sn2002hu      Ia-91T     0.6674   1.66   0.1896   0.0210    -5.30  0    cut
 393  sn2004aw      Ic-norm    0.6498   1.66   0.0278   0.0265     3.10  0    cut
 394  sn2002er      Ia-norm    0.7053   1.66   0.1812   0.0262    -1.10  0    cut
 395  sn2007au      Ia-norm    0.7135   1.66   0.1839   0.0264    -4.70  0    cut
 396  sn2007ci      Ia-norm    0.7135   1.65   0.1794   0.0284    -2.20  0    cut
 397  sn2006gz      Ia-pec     0.6390   1.65   0.1930   0.0174    -1.60  0    cut
 398  sn2002ap      Ic-broad   0.6282   1.65   0.0615   0.0520    -0.40  0    cut
 399  sn1997dq      Ic-broad   0.7311   1.65   0.1825   0.0323     1.00  1    cut
 400  sn1998de      Ia-91bg    0.6471   1.65   0.0130   0.0233     2.70  0    cut
 401  sn2005am      Ia-norm    0.7026   1.65   0.1828   0.0251     3.90  0    cut
 402  sn2001G       Ia-norm    0.6417   1.65   0.1927   0.0220    -5.10  0    cut
 403  sn2000cp      Ia-norm    0.6647   1.64   0.1869   0.0195    -1.50  0    cut
 404  sn1991A       Ic-norm    0.5564   1.64   0.0170   0.0283    61.40  1    cut
 405  sn2008ae      Ia-pec     0.6498   1.64   0.1622   0.0228     2.80  0    cut
 406  sn1999dq      Ia-91T     0.6403   1.63   0.1930   0.0271    -2.50  0    cut
 407  sn2004dt      Ia-norm    0.7311   1.63   0.1999   0.0266    -4.50  0    cut
 408  sn1996X       Ia-norm    0.7311   1.63   0.1689   0.0317     0.10  0    cut
 409  sn2002hu      Ia-91T     0.6674   1.63   0.1896   0.0216    -3.50  0    cut
 410  sn2007hj      Ia-norm    0.7107   1.63   0.1846   0.0267    -2.60  0    cut
 411  sn1996X       Ia-norm    0.7311   1.62   0.1663   0.0311     1.10  0    cut
 412  sn2002ap      Ic-broad   0.5496   1.62   0.0252   0.0508     1.50  0    cut
 413  sn1991A       Ic-norm    0.4928   1.62   0.0139   0.0208    16.80  1    cut
 414  sn2002aw      Ia-norm    0.6566   1.62   0.1868   0.0189     1.10  0    cut
 415  sn2002de      Ia-norm    0.6566   1.61   0.1939   0.0218    -3.00  0    cut
 416  sn1999by      Ia-91bg    0.6931   1.61   0.0119   0.0551     2.90  0    cut
 417  sn2007ci      Ia-norm    0.7121   1.60   0.1846   0.0287    -6.10  0    cut
 418  lbv2003hy     LBV        0.6512   1.60   0.2981   0.0197   -99.90  2    cut
 419  sn2002do      Ia-norm    0.6471   1.60   0.1860   0.0177     2.00  0    cut
 420  sn2002ck      Ia-norm    0.6607   1.60   0.1855   0.0232     0.30  0    cut
 421  sn2007Y       Ib-norm    0.7311   1.60   0.1632   0.0259    -2.00  0    cut
 422  sn1999dq      Ia-91T     0.6417   1.59   0.1917   0.0409    -4.50  0    cut
 423  sn1999dn      Ib-norm    0.6728   1.58   0.1684   0.0385     6.90  1    cut
 424  sn2004aw      Ic-norm    0.6458   1.58   0.1981   0.0248    -3.30  0    cut
 425  sn2000dg      Ia-norm    0.6674   1.58   0.1843   0.0250    -0.80  0    cut
 426  sn2005hj      Ia-91T     0.5700   1.58   0.1902   0.0251    -5.20  0    cut
 427  sn2007au      Ia-norm    0.7162   1.58   0.1801   0.0274    -3.80  0    cut
 428  sn2005gj      Ia-csm     0.6363   1.57   0.1787   0.0233    -1.80  0    cut
 429  sn2004aw      Ic-norm    0.6471   1.57   0.0291   0.0272     2.60  0    cut
 430  sn2002aw      Ia-norm    0.6552   1.57   0.1883   0.0182    -1.90  0    cut
 431  sn2004aw      Ic-norm    0.6498   1.56   0.0296   0.0288     1.90  0    cut
 432  sn2000dn      Ia-norm    0.6674   1.56   0.1833   0.0228    -0.90  0    cut
 433  sn2001eh      Ia-91T     0.6674   1.56   0.1910   0.0242    -2.00  0    cut
 434  sn1998T       Ib-norm    0.4887   1.56   0.3389   0.0140     0.00  1    cut
 435  lbv2003hy     LBV        0.6525   1.55   0.0034   0.0254   -99.90  2    cut
 436  sn2001eh      Ia-91T     0.6674   1.55   0.1909   0.0250    -0.10  0    cut
 437  sn2006X       Ia-norm    0.6999   1.55   0.1903   0.0274     1.30  0    cut
 438  sn2000cx      Ia-pec     0.5740   1.55   0.1982   0.0275    -3.30  0    cut
 439  sn1983V       Ic-norm    0.6146   1.55   0.0467   0.0428    -4.00  0    cut
 440  sn2007hj      Ia-norm    0.7107   1.54   0.1831   0.0272    -1.50  0    cut
 441  lbv2003hy     LBV        0.6525   1.54   0.3163   0.0119   -99.90  2    cut
 442  sn2003W       Ia-norm    0.6498   1.54   0.2023   0.0264    -3.30  0    cut
 443  sn2006aj      Ic-broad   0.5551   1.54   0.0523   0.0412     1.50  0    cut
 444  sn1997ei      Ic-norm    0.4887   1.54   0.2096   0.0153     0.00  1    cut
 445  sn1999dq      Ia-91T     0.6403   1.54   0.1918   0.0450    -3.50  0    cut
 446  sn2006cm      Ia-norm    0.7107   1.53   0.1749   0.0290    -1.00  0    cut
 447  sn1999di      Ib-norm    0.4549   1.53   0.3312   0.0129    30.50  1    cut
 448  sn1996C       Ia-norm    0.6620   1.52   0.1848   0.0233     2.00  0    cut
 449  sn2006X       Ia-norm    0.6999   1.52   0.1893   0.0271     2.30  0    cut
 450  sn1991N       Ic-norm    0.7311   1.52   0.0113   0.0541    12.00  1    cut
 451  sn2004dj      IIP        0.4847   1.52   0.1835   0.0128     0.00  1    cut
 452  sn1990K       IIL        0.6133   1.52   0.1949   0.0249    55.60  1    cut
 453  sn1999gp      Ia-91T     0.6579   1.51   0.1947   0.0261    -2.00  0    cut
 454  sn2002ck      Ia-norm    0.6607   1.51   0.1848   0.0237     2.30  0    cut
 455  sn2001fh      Ia-norm    0.6417   1.51   0.1878   0.0200    -3.60  0    cut
 456  sn1999by      Ia-91bg    0.6931   1.51   0.0196   0.0529    -3.00  0    cut
 457  sn2005bc      Ia-norm    0.6647   1.51   0.1891   0.0209    -5.00  0    cut
 458  sn1996bl      Ia-norm    0.6715   1.50   0.1901   0.0251    -4.00  0    cut
 459  sn2004gs      Ia-norm    0.7216   1.50   0.1772   0.0275    -1.20  0    cut
 460  sn2007hj      Ia-norm    0.7121   1.50   0.1789   0.0288     1.40  0    cut
 461  sn2004aw      Ic-norm    0.6498   1.49   0.0358   0.0426    -1.30  0    cut
 462  sn2006bt      Ia-norm    0.7243   1.49   0.1824   0.0245    -2.90  0    cut
 463  sn2001eh      Ia-91T     0.6674   1.49   0.1892   0.0242     3.70  0    cut
 464  sn1991A       Ic-norm    0.5293   1.49   0.0135   0.0231    10.90  1    cut
 465  sn2005bl      Ia-91bg    0.6322   1.48   0.1885   0.0227    -2.90  0    cut
 466  sn1999aa      Ia-91T     0.6431   1.48   0.1913   0.0268    -2.10  0    cut
 467  sn1991A       Ic-norm    0.5415   1.48   0.0153   0.0287    47.50  1    cut
 468  sn2002ef      Ia-norm    0.6539   1.48   0.1919   0.0208    -2.90  0    cut
 469  sn2003iv      Ia-norm    0.6647   1.47   0.1874   0.0200     0.50  0    cut
 470  sn2001V       Ia-91T     0.6431   1.47   0.1936   0.0245    -5.40  0    cut
 471  sn2000cp      Ia-norm    0.6647   1.46   0.1840   0.0228    -0.50  0    cut
 472  sn2006bt      Ia-norm    0.7243   1.45   0.1811   0.0247    -1.00  0    cut
 473  sn2004dj      IIP        0.4847   1.45   0.1819   0.0211     5.00  1    cut
 474  sn1995E       Ia-norm    0.6688   1.45   0.1796   0.0277     3.90  0    cut
 475  sn1991A       Ic-norm    0.5293   1.45   0.0189   0.0304    65.10  1    cut
 476  sn2004dj      IIP        0.4833   1.45   0.1813   0.0213     8.00  1    cut
 477  sn2003iv      Ia-norm    0.6647   1.45   0.1878   0.0193    -1.40  0    cut
 478  sn2001fe      Ia-norm    0.6431   1.45   0.1892   0.0241    -1.70  0    cut
 479  sn1999gp      Ia-91T     0.6579   1.44   0.1918   0.0248     2.90  0    cut
 480  sn2000cf      Ia-norm    0.6674   1.44   0.1780   0.0237     2.90  0    cut
 481  sn2001br      Ia-norm    0.6512   1.44   0.1954   0.0207    -0.40  0    cut
 482  sn2003fa      Ia-91T     0.5591   1.44   0.1903   0.0275    -5.60  0    cut
 483  sn2003cq      Ia-norm    0.6620   1.44   0.1963   0.0190    -5.80  0    cut
 484  sn1999aa      Ia-91T     0.6444   1.44   0.1895   0.0249    -0.20  0    cut
 485  sn2007au      Ia-norm    0.7162   1.44   0.0162   0.0279     1.10  0    cut
 486  sn2000dg      Ia-norm    0.6674   1.44   0.1851   0.0257     0.20  0    cut
 487  sn2001ex      Ia-norm    0.6552   1.44   0.1852   0.0197    -3.40  0    cut
 488  sn2000cx      Ia-pec     0.6079   1.43   0.2034   0.0432    -4.30  0    cut
 489  sn1999dq      Ia-91T     0.6417   1.43   0.1904   0.0257     0.40  0    cut
 490  sn2007hj      Ia-norm    0.7107   1.43   0.0238   0.0307    -0.60  0    cut
 491  sn2007hj      Ia-norm    0.7121   1.43   0.0171   0.0281     3.40  0    cut
 492  sn1987A       II-pec     0.5767   1.43   0.1810   0.0434    -2.70  0    cut
 493  sn2003cg      Ia-norm    0.6336   1.42   0.1905   0.0212    -6.10  0    cut
 494  sn2001el      Ia-norm    0.5063   1.42   0.2472   0.0156     1.20  0    cut
 495  sn2000cf      Ia-norm    0.6674   1.42   0.1773   0.0244     3.90  0    cut
 496  sn1986G       Ia-91bg    0.5916   1.42   0.1852   0.0230     0.30  0    cut
 497  sn2004L       Ia-norm    0.6634   1.42   0.1861   0.0215     2.50  0    cut
 498  sn2004aw      Ic-norm    0.6458   1.41   0.0282   0.0477     1.60  0    cut
 499  sn2007hj      Ia-norm    0.7121   1.41   0.0190   0.0294     2.40  0    cut
 500  sn1999dq      Ia-91T     0.6417   1.41   0.1904   0.0260     1.40  0    cut
 501  sn2003ic      Ia-norm    0.6837   1.41   0.1855   0.0346    -2.30  0    cut
 502  sn2004aw      Ic-norm    0.6458   1.40   0.1932   0.0279    -2.20  0    cut
 503  sn2001fh      Ia-norm    0.6417   1.40   0.1876   0.0202    -2.60  0    cut
 504  sn2001cp      Ia-norm    0.6525   1.40   0.1912   0.0226    -4.90  0    cut
 505  sn1999dq      Ia-91T     0.6417   1.40   0.1906   0.0267     2.40  0    cut
 506  sn2002G       Ia-norm    0.6647   1.40   0.1950   0.0210    -4.40  0    cut
 507  sn2003iv      Ia-norm    0.6634   1.39   0.1874   0.0205    -2.40  0    cut
 508  sn1986G       Ia-91bg    0.5957   1.39   0.1848   0.0236     1.30  0    cut
 509  sn2006aj      Ic-broad   0.7311   1.39   0.0503   0.0353     2.50  0    cut
 510  sn2001cp      Ia-norm    0.6525   1.39   0.1887   0.0222     0.80  0    cut
 511  sn2004gs      Ia-norm    0.7202   1.39   0.0143   0.0267     3.60  0    cut
 512  sn2003it      Ia-norm    0.6552   1.39   0.1912   0.0206    -3.20  0    cut
 513  sn2007ax      Ia-91bg    0.7040   1.39   0.1764   0.0290    -1.90  0    cut
 514  sn2006gj      Ia-norm    0.7243   1.38   0.0161   0.0275     3.20  0    cut
 515  sn1998V       Ia-norm    0.6485   1.38   0.1879   0.0229     0.30  0    cut
 516  sn1998bp      Ia-norm    0.6417   1.38   0.1872   0.0195    -2.90  0    cut
 517  sn2003cg      Ia-norm    0.6322   1.38   0.1887   0.0209    -5.10  0    cut
 518  sn2004gs      Ia-norm    0.7216   1.38   0.0152   0.0268     2.60  0    cut
 519  sn2001fh      Ia-norm    0.6431   1.37   0.1870   0.0219    -1.70  0    cut
 520  sn2006bp      IIP        0.5253   1.37   0.1116   0.0307     0.10  0    cut
 521  sn2001fe      Ia-norm    0.6444   1.37   0.1901   0.0246     0.30  0    cut
 522  sn1999dq      Ia-91T     0.6431   1.37   0.1898   0.0258     3.40  0    cut
 523  sn1993J       IIb        0.6796   1.37   0.0040   0.0275     3.80  0    cut
 524  sn2000cx      Ia-pec     0.6024   1.37   0.0504   0.0325    -1.30  0    cut
 525  sn2004dj      IIP        0.4860   1.37   0.1817   0.0216     2.70  1    cut
 526  kcSa          Gal        0.7311   1.36   0.1520   0.0213   -99.90  2    cut
 527  sn1990aa      Ic-norm    0.5970   1.36   0.0468   0.0671    61.50  1    cut
 528  sn2002de      Ia-norm    0.6579   1.36   0.1938   0.0241    -6.10  0    cut
 529  sn2002ap      Ic-broad   0.6322   1.36   0.2295   0.0360     3.60  0    cut
 530  sn1993J       IIb        0.6579   1.36   0.0057   0.0227     3.40  0    cut
 531  sn2007ax      Ia-91bg    0.7053   1.36   0.1740   0.0294    -0.80  0    cut
 532  sn1998co      Ia-norm    0.6485   1.36   0.1883   0.0194     0.00  0    cut
 533  sn2003cg      Ia-norm    0.6322   1.36   0.1886   0.0212    -4.10  0    cut
 534  sn2003cg      Ia-norm    0.6539   1.35   0.1876   0.0236     1.00  0    cut
 535  sn2004L       Ia-norm    0.6634   1.35   0.1855   0.0225     3.40  0    cut
 536  sn1990K       IIL        0.4454   1.35   0.1973   0.0251    50.50  1    cut
 537  sn2000cx      Ia-pec     0.6336   1.35   0.0506   0.0322    -0.40  0    cut
 538  sn2005hk      Ia-pec     0.6011   1.35   0.1525   0.0254     3.60  0    cut
 539  sn2003iv      Ia-norm    0.6620   1.34   0.1845   0.0204     3.40  0    cut
 540  sn2003cg      Ia-norm    0.6336   1.34   0.1884   0.0201    -1.20  0    cut
 541  sn2005hj      Ia-91T     0.5781   1.34   0.1861   0.0281     0.50  0    cut
 542  sn1999di      Ib-norm    0.5727   1.34   0.2061   0.0173     0.00  1    cut
 543  sn2003iv      Ia-norm    0.6634   1.33   0.1867   0.0209    -0.50  0    cut
 544  sn1998V       Ia-norm    0.6485   1.33   0.1884   0.0240     1.30  0    cut
 545  sn1998bp      Ia-norm    0.6417   1.33   0.1862   0.0195    -1.90  0    cut
 546  sn1995F       Ic-norm    0.7243   1.33   0.1571   0.0362    56.90  1    cut
 547  sn2003iv      Ia-norm    0.6634   1.33   0.1861   0.0216     1.40  0    cut
 548  sn2002fk      Ia-norm    0.6376   1.33   0.1855   0.0242    -3.50  0    cut
 549  sn2003cg      Ia-norm    0.6336   1.33   0.1891   0.0215    -2.10  0    cut
 550  sn2005hj      Ia-91T     0.5794   1.33   0.1869   0.0312     2.40  0    cut
 551  sn1996bk      Ia-norm    0.6431   1.33   0.0187   0.0250     2.50  0    cut
 552  sn2003U       Ia-norm    0.6593   1.33   0.1884   0.0198    -0.70  0    cut
 553  sn2000dm      Ia-norm    0.6444   1.32   0.1878   0.0203    -2.90  0    cut
 554  sn2003ch      Ia-norm    0.6539   1.32   0.1844   0.0207     1.80  0    cut
 555  sn2000cx      Ia-pec     0.6349   1.32   0.0495   0.0321    -1.30  0    cut
 556  sn2004dj      IIP        0.5063   1.32   0.2005   0.0115    51.90  1    cut
 557  sn2003it      Ia-norm    0.6552   1.32   0.1911   0.0217    -2.20  0    cut
 558  mstar         M-star     0.6904   1.32   0.1242   0.0266     7.00  2    cut
 559  sn2006aj      Ic-broad   0.6931   1.32   0.0716   0.0395    -3.30  0    cut
 560  sn1998dx      Ia-norm    0.6837   1.32   0.1802   0.0330     1.10  0    cut
 561  sn2006bt      Ia-norm    0.7243   1.31   0.1801   0.0264    -0.10  0    cut
 562  sn2001cp      Ia-norm    0.6525   1.31   0.1891   0.0232    -1.10  0    cut
 563  sn1999aw      Ia-91T     0.5239   1.31   0.2482   0.0212    -1.00  0    cut
 564  sn2003cg      Ia-norm    0.6322   1.31   0.1885   0.0223    -3.10  0    cut
 565  sn1999em      IIP        0.6282   1.31   0.1042   0.0353    -1.60  0    cut
 566  sn2006lf      Ia-norm    0.6471   1.31   0.1915   0.0214    -5.50  0    cut
 567  sn2004gs      Ia-norm    0.7202   1.31   0.0172   0.0280     1.70  0    cut
 568  sn2004aw      Ic-norm    0.6458   1.30   0.0313   0.0504     0.80  0    cut
 569  sn2003it      Ia-norm    0.6552   1.30   0.1903   0.0227    -1.10  0    cut
 570  sn2002fk      Ia-norm    0.6390   1.30   0.1854   0.0233    -1.50  0    cut
 571  sn1998V       Ia-norm    0.6485   1.30   0.1879   0.0240     2.30  0    cut
 572  sn2002jy      Ia-norm    0.6498   1.30   0.1874   0.0222     0.10  0    cut
 573  sn2004gs      Ia-norm    0.7189   1.30   0.0188   0.0278    -0.30  0    cut
 574  sn1991N       Ic-norm    0.7311   1.29   0.0525   0.0620     5.70  1    cut
 575  sn1995F       Ic-norm    0.6309   1.29   0.2142   0.0626     4.00  1    cut
 576  sn1999ek      Ia-norm    0.6471   1.29   0.1840   0.0209    -0.60  0    cut
 577  sn1996ai      Ia-norm    0.6376   1.29   0.1877   0.0214     0.10  0    cut
 578  mstar         M-star     0.6891   1.29   0.1543   0.0408     0.00  2    cut
 579  sn2003cg      Ia-norm    0.6539   1.29   0.1892   0.0220    -5.00  0    cut
 580  sn2000E       Ia-norm    0.6647   1.29   0.1903   0.0260    -3.40  0    cut
 581  sn2005bl      Ia-91bg    0.6322   1.29   0.1881   0.0559    -5.90  0    cut
 582  sn2001ay      Ia-norm    0.6607   1.29   0.0280   0.0376     3.30  0    cut
 583  sn1999aa      Ia-91T     0.6390   1.28   0.1888   0.0519    -5.00  0    cut
 584  sn2004dj      IIP        0.5090   1.28   0.2009   0.0117    50.00  1    cut
 585  sn1998co      Ia-norm    0.6485   1.28   0.1874   0.0207     1.00  0    cut
 586  sn2002hw      Ia-norm    0.6485   1.28   0.1886   0.0218    -6.00  0    cut
 587  sn2002jy      Ia-norm    0.6498   1.28   0.1872   0.0233     1.10  0    cut
 588  sn2003it      Ia-norm    0.6552   1.28   0.1900   0.0224     0.80  0    cut
 589  sn1997dq      Ic-broad   0.7216   1.28   0.0159   0.0694    27.90  1    cut
 590  mstar         M-star     0.6918   1.28   0.2139   0.0267     3.00  2    cut
 591  sn1995F       Ic-norm    0.7243   1.27   0.1577   0.0267    29.10  1    cut
 592  sn1997dq      Ic-broad   0.7216   1.27   0.0159   0.0695    27.90  1    cut
 593  sn1986G       Ia-91bg    0.6512   1.27   0.2431   0.0234     0.80  0    cut
 594  sn2003kf      Ia-norm    0.6376   1.27   0.1907   0.0238    -5.40  0    cut
 595  sn2003cq      Ia-norm    0.6634   1.27   0.1914   0.0229    -0.90  0    cut
 596  sn1998bp      Ia-norm    0.6417   1.27   0.1853   0.0202    -0.90  0    cut
 597  sn2005cs      IIP        0.5334   1.27   0.1014   0.0274     0.80  0    cut
 598  sn2001fe      Ia-norm    0.6444   1.27   0.1903   0.0236     3.20  0    cut
 599  sn2001V       Ia-91T     0.6417   1.27   0.1918   0.0269    -3.30  0    cut
 600  sn2003it      Ia-norm    0.6552   1.26   0.1883   0.0223     2.70  0    cut
 601  sn2000dk      Ia-norm    0.6485   1.26   0.1916   0.0205    -5.10  0    cut
 602  sn1986G       Ia-91bg    0.6512   1.26   0.2416   0.0231    -0.20  0    cut
 603  sn2003it      Ia-norm    0.6552   1.26   0.1899   0.0225    -0.20  0    cut
 604  sn2004dj      IIP        0.4860   1.26   0.1799   0.0245    17.00  1    cut
 605  sn1991ar      Ib-norm    0.4860   1.26   0.3339   0.0146    15.80  1    cut
 606  sn2006bp      IIP        0.5361   1.25   0.1076   0.0323     2.10  0    cut
 607  sn1995F       Ic-norm    0.7243   1.25   0.1584   0.0322    35.80  1    cut
 608  sn1990aa      Ic-norm    0.5984   1.25   0.2198   0.0487     0.00  1    cut
 609  sn2006bt      Ia-norm    0.7270   1.25   0.1805   0.0277     0.90  0    cut
 610  sn2003Y       Ia-91bg    0.6458   1.25   0.2371   0.0290    -3.40  0    cut
 611  sn1999ac      Ia-91T     0.6403   1.24   0.1861   0.0236    -2.90  0    cut
 612  sn2001N       Ia-norm    0.6485   1.24   0.1904   0.0217     2.60  0    cut
 613  sn2000dk      Ia-norm    0.6485   1.24   0.1906   0.0201    -4.20  0    cut
 614  sn2006bt      Ia-norm    0.7270   1.24   0.0248   0.0587     2.80  0    cut
 615  sn1998eg      Ia-norm    0.6552   1.24   0.1870   0.0225    -0.80  0    cut
 616  sn2001bf      Ia-norm    0.6431   1.24   0.1843   0.0206     0.80  0    cut
 617  sn1998bu      Ia-norm    0.6309   1.24   0.1881   0.0244    -3.60  0    cut
 618  sn2006bt      Ia-norm    0.7229   1.24   0.0249   0.0557     1.90  0    cut
 619  sn2002G       Ia-norm    0.6647   1.24   0.1921   0.0218    -2.50  0    cut
 620  mstar         M-star     0.6918   1.24   0.2072   0.0302     2.00  2    cut
 621  sn2003cq      Ia-norm    0.6634   1.24   0.1934   0.0235    -1.80  0    cut
 622  sn1986G       Ia-91bg    0.6498   1.24   0.2449   0.0242    -1.20  0    cut
 623  sn2002jy      Ia-norm    0.6498   1.24   0.1874   0.0229     3.00  0    cut
 624  sn2006br      Ia-norm    0.6688   1.24   0.1917   0.0512     0.20  0    cut
 625  sn1998aq      Ia-norm    0.6322   1.23   0.1875   0.0249    -0.90  0    cut
 626  mstar         M-star     0.6891   1.23  -0.0094   0.0000     9.00  2    cut
 627  sn1995F       Ic-norm    0.7311   1.23   0.1583   0.0352    35.70  1    cut
 628  sn2003it      Ia-norm    0.6552   1.23   0.1889   0.0232     1.70  0    cut
 629  sn2004dj      IIP        0.5090   1.23   0.2006   0.0119    48.00  1    cut
 630  sn2003U       Ia-norm    0.6593   1.22   0.1934   0.0217    -5.60  0    cut
 631  sn2001N       Ia-norm    0.6498   1.22   0.1916   0.0217     0.70  0    cut
 632  sn2002ha      Ia-norm    0.6458   1.22   0.1900   0.0212    -4.20  0    cut
 633  sn2001el      Ia-norm    0.5226   1.22   0.2507   0.0227    -3.80  0    cut
 634  sn2004eo      Ia-norm    0.6512   1.22   0.1848   0.0222    -2.00  0    cut
 635  sn1987A       II-pec     0.5740   1.21   0.1787   0.0506     1.30  0    cut
 636  sn1999ac      Ia-91T     0.6403   1.21   0.1869   0.0242    -3.90  0    cut
 637  sn1994I       Ic-norm    0.6282   1.21   0.0374   0.0625    -3.60  0    cut
 638  sn1995F       Ic-norm    0.6607   1.21   0.3462   0.0242    11.00  1    cut
 639  sn1986G       Ia-91bg    0.6512   1.21   0.2458   0.0245    -2.20  0    cut
 640  sn2006bp      IIP        0.5266   1.21   0.1108   0.0348    -1.70  0    cut
 641  sn1997dc      Ib-norm    0.5672   1.21   0.3323   0.0176     0.00  1    cut
 642  sn2003kf      Ia-norm    0.6322   1.21   0.1897   0.0249    -3.40  0    cut
 643  sn2004dj      IIP        0.4860   1.20   0.1801   0.0255    18.00  1    cut
 644  sn2003cq      Ia-norm    0.6620   1.20   0.1908   0.0253     0.00  0    cut
 645  sn1997dq      Ic-broad   0.6376   1.20   0.0133   0.0348    54.80  1    cut
 646  sn2002hd      Ia-norm    0.6647   1.20   0.1845   0.0243     1.40  0    cut
 647  sn2003kc      Ia-norm    0.6634   1.20   0.1901   0.0233    -0.90  0    cut
 648  sn2003cq      Ia-norm    0.6634   1.20   0.1876   0.0221     1.00  0    cut
 649  sn2002ap      Ic-broad   0.6322   1.20   0.0637   0.0680     0.60  0    cut
 650  sn2002cr      Ia-norm    0.6403   1.20   0.1839   0.0220    -2.40  0    cut
 651  sn1999cl      Ia-norm    0.6715   1.20   0.0340   0.0501    -2.30  0    cut
 652  sn1999cl      Ia-norm    0.6715   1.20   0.0323   0.0505    -1.30  0    cut
 653  sn1998aq      Ia-norm    0.6322   1.19   0.1867   0.0255     0.00  0    cut
 654  sn1999dn      Ib-norm    0.6458   1.19   0.3453   0.0246     0.00  1    cut
 655  sn1994I       Ic-norm    0.6349   1.19   0.2307   0.0618     3.50  0    cut
 656  sn1998bu      Ia-norm    0.6309   1.19   0.1875   0.0246    -2.60  0    cut
 657  sn1998aq      Ia-norm    0.6336   1.19   0.1864   0.0252     1.00  0    cut
 658  sn2006gt      Ia-91bg    0.7311   1.19   0.0202   0.0692     3.30  0    cut
 659  sn2002dp      Ia-norm    0.6417   1.19   0.1891   0.0216    -4.80  0    cut
 660  sn1998bp      Ia-norm    0.6403   1.18   0.1840   0.0213     0.10  0    cut
 661  sn1991N       Ic-norm    0.7311   1.18   0.0116   0.0616     7.60  1    cut
 662  sn1991A       Ic-norm    0.5930   1.18   0.0118   0.0347    32.60  1    cut
 663  sn1999em      IIP        0.6282   1.18   0.1082   0.0377    -2.60  0    cut
 664  sn1994I       Ic-norm    0.6349   1.18   0.2331   0.0617     2.30  0    cut
 665  sn2002eu      Ia-norm    0.6674   1.18   0.1847   0.0236     3.00  0    cut
 666  sn2003cg      Ia-norm    0.6255   1.18   0.1875   0.0250    -1.00  0    cut
 667  sn2006bt      Ia-norm    0.7311   1.18   0.0242   0.0614     2.90  0    cut
 668  sn1995F       Ic-norm    0.6309   1.18   0.2160   0.0617     1.90  1    cut
 669  sn2002eu      Ia-norm    0.6674   1.18   0.1887   0.0207     1.10  0    cut
 670  sn2008ar      Ia-norm    0.6607   1.18   0.1924   0.0261    -1.70  0    cut
 671  sn2000dg      Ia-norm    0.6647   1.18   0.1806   0.0288     3.10  0    cut
 672  sn2003cg      Ia-norm    0.6336   1.18   0.1876   0.0225    -0.20  0    cut
 673  sn2003cg      Ia-norm    0.6336   1.17   0.1873   0.0233     0.80  0    cut
 674  sn1996X       Ia-norm    0.6417   1.17   0.1890   0.0236    -3.80  0    cut
 675  sn2006D       Ia-norm    0.7311   1.17   0.1635   0.0304    -1.40  0    cut
 676  sn1998dt      Ib-norm    0.6458   1.17   0.1795   0.0214     3.90  0    cut
 677  sn2004dj      IIP        0.4860   1.17   0.1798   0.0266    20.00  1    cut
 678  sn1999ac      Ia-91T     0.6403   1.17   0.1849   0.0238    -0.90  0    cut
 679  sn1997Y       Ia-norm    0.6525   1.17   0.0576   0.0504     1.90  0    cut
 680  sn2003Y       Ia-91bg    0.6458   1.17   0.2389   0.0585    -5.30  0    cut
 681  sn1999da      Ia-91bg    0.6403   1.17   0.2456   0.0223    -2.60  0    cut
 682  sn1996X       Ia-norm    0.6431   1.16   0.1888   0.0236    -2.80  0    cut
 683  sn2000fa      Ia-norm    0.6525   1.16   0.1927   0.0246     2.20  0    cut
 684  sn1994D       Ia-norm    0.6376   1.16   0.1910   0.0242    -5.10  0    cut
 685  sn2000fa      Ia-norm    0.6634   1.16   0.1916   0.0255     1.30  0    cut
 686  sn2004bg      Ia-norm    0.6512   1.16   0.1847   0.0237     2.60  0    cut
 687  sn2004bg      Ia-norm    0.6512   1.16   0.1857   0.0243    -3.00  0    cut
 688  sn2003it      Ia-norm    0.6552   1.15   0.1876   0.0239     3.70  0    cut
 689  sn2004at      Ia-norm    0.6525   1.15   0.1870   0.0232    -0.70  0    cut
 690  sn1994I       Ic-norm    0.6336   1.15   0.2328   0.0335     1.30  0    cut
 691  sn1997ef      Ic-broad   0.7311   1.15   0.2498   0.0455    -5.00  0    cut
 692  sn1990O       Ia-norm    0.6539   1.15   0.1978   0.0246    -0.90  0    cut
 693  sn2002fb      Ia-91bg    0.6458   1.15   0.1878   0.0602    -4.50  0    cut
 694  sn1998aq      Ia-norm    0.6336   1.15   0.1859   0.0257     2.00  0    cut
 695  sn2004dt      Ia-norm    0.6810   1.15   0.0294   0.0422     1.00  0    cut
 696  sn1991bg      Ia-91bg    0.5957   1.15   0.0147   0.0261     2.10  0    cut
 697  sn2004at      Ia-norm    0.6525   1.15   0.1862   0.0235     2.20  0    cut
 698  sn2002fk      Ia-norm    0.6390   1.15   0.1831   0.0245     2.50  0    cut
 699  sn2000cx      Ia-pec     0.6146   1.15   0.1963   0.0531    -0.30  0    cut
 700  sn2002fb      Ia-91bg    0.6444   1.14   0.1879   0.0609    -2.70  0    cut
 701  sn2001cp      Ia-norm    0.6525   1.14   0.2434   0.0182    -3.90  0    cut
 702  sn1998bu      Ia-norm    0.6309   1.14   0.1871   0.0253    -1.60  0    cut
 703  sn2003cq      Ia-norm    0.6634   1.14   0.1883   0.0234     2.00  0    cut
 704  sn1998de      Ia-91bg    0.6471   1.14   0.2432   0.0296    -0.30  0    cut
 705  sn2006bz      Ia-91bg    0.6525   1.14   0.2392   0.0279    -1.40  0    cut
 706  sn2002cr      Ia-norm    0.6403   1.14   0.1825   0.0220     0.70  0    cut
 707  sn1999di      Ib-norm    0.5713   1.14   0.3332   0.0164    23.60  1    cut
 708  sn2000E       Ia-norm    0.6539   1.14   0.1919   0.0264    -2.30  0    cut
 709  sn2004at      Ia-norm    0.6525   1.13   0.1866   0.0235     1.20  0    cut
 710  sn1998dh      Ia-norm    0.6336   1.13   0.1909   0.0231    -5.40  0    cut
 711  sn2006gt      Ia-91bg    0.7311   1.13   0.0193   0.0716     2.30  0    cut
 712  sn2002ap      Ic-broad   0.6999   1.13   0.0686   0.0565    -2.40  0    cut
 713  sn1998de      Ia-91bg    0.6471   1.13   0.2438   0.0298    -3.20  0    cut
 714  sn2002es      Ia-91bg    0.6471   1.13   0.2222   0.0178     2.10  0    cut
 715  sn1988L       Ib-norm    0.5158   1.13   0.0172   0.0302    47.70  1    cut
 716  sn1998de      Ia-91bg    0.6458   1.13   0.2470   0.0297    -2.20  0    cut
 717  sn2004at      Ia-norm    0.6512   1.13   0.1896   0.0238    -4.70  0    cut
 718  sn2002cf      Ia-91bg    0.6458   1.13   0.1934   0.0278    -5.40  0    cut
 719  sn2004at      Ia-norm    0.6525   1.13   0.1871   0.0238     0.20  0    cut
 720  sn1992ar      Ic-norm    0.6146   1.13   0.0115   0.0370     3.40  0    cut
 721  sn1998bp      Ia-norm    0.6403   1.12   0.1832   0.0222     1.00  0    cut
 722  sn2002bf      Ia-norm    0.6552   1.12   0.0403   0.0463     1.80  0    cut
 723  sn2004dj      IIP        0.4860   1.12   0.2030   0.0289    36.00  1    cut
 724  sn1991N       Ic-norm    0.7311   1.12   0.0530   0.0670     6.60  1    cut
 725  sn1994D       Ia-norm    0.6363   1.12   0.1905   0.0239    -4.10  0    cut
 726  sn1998de      Ia-91bg    0.6458   1.12   0.2497   0.0306    -5.20  0    cut
 727  sn2006D       Ia-norm    0.7311   1.12   0.1640   0.0312    -5.30  0    cut
 728  sn1991bg      Ia-91bg    0.5578   1.12   0.1830   0.0439     1.90  0    cut
 729  sn2004at      Ia-norm    0.6525   1.11   0.1894   0.0239    -3.60  0    cut
 730  sn2004dt      Ia-norm    0.6796   1.11   0.0275   0.0417     2.00  0    cut
 731  sn1999cc      Ia-norm    0.6620   1.11   0.1886   0.0239     1.70  0    cut
 732  sn1994D       Ia-norm    0.6363   1.11   0.1901   0.0242    -3.10  0    cut
 733  sn2000dk      Ia-norm    0.6485   1.11   0.1866   0.0206     0.80  0    cut
 734  sn1998co      Ia-norm    0.6485   1.11   0.1853   0.0247     3.90  0    cut
 735  sn2006bp      IIP        0.5266   1.11   0.7310   0.0166    -5.70  0    cut
 736  sn2003ch      Ia-norm    0.6552   1.10   0.1862   0.0232    -0.20  0    cut
 737  sn1998aq      Ia-norm    0.6336   1.10   0.1858   0.0262     3.00  0    cut
 738  sn1997dt      Ia-norm    0.6349   1.10   0.1904   0.0251    -4.70  0    cut
 739  sn2007ax      Ia-91bg    0.6106   1.10   0.2288   0.0654     2.00  0    cut
 740  mstar         M-star     0.6904   1.10   0.2923   0.0324     8.00  2    cut
 741  sn1990K       IIL        0.6403   1.10   0.1932   0.0251   119.10  1    cut
 742  sn2002hw      Ia-norm    0.6485   1.10   0.1889   0.0210    -5.20  0    cut
 743  sn2004dj      IIP        0.5077   1.10   0.2010   0.0117    46.80  1    cut
 744  sn2002fb      Ia-91bg    0.6458   1.10   0.1849   0.0626     0.30  0    cut
 745  sn2001ay      Ia-norm    0.6607   1.10   0.0305   0.0432     1.30  0    cut
 746  sn1997ei      Ic-norm    0.6471   1.09   0.0135   0.0292    10.90  1    cut
 747  sn2003W       Ia-norm    0.6498   1.09   0.1986   0.0299    -0.40  0    cut
 748  sn1993J       IIb        0.6728   1.09   0.0066   0.0277     1.40  0    cut
 749  sn1999cc      Ia-norm    0.6620   1.09   0.1917   0.0228    -1.20  0    cut
 750  sn2005A       Ia-norm    0.6309   1.09   0.0510   0.0515     0.60  0    cut
 751  sn1999ek      Ia-norm    0.6485   1.09   0.1832   0.0220     3.30  0    cut
 752  sn2002er      Ia-norm    0.6349   1.09   0.1905   0.0245    -3.80  0    cut
 753  sn2003du      Ia-norm    0.6363   1.08   0.1854   0.0250    -1.80  0    cut
 754  sn1994I       Ic-norm    0.6322   1.08   0.2360   0.0321    -0.60  0    cut
 755  sn1999cc      Ia-norm    0.6620   1.08   0.1940   0.0219    -3.20  0    cut
 756  sn2002er      Ia-norm    0.6309   1.08   0.1864   0.0251     0.90  0    cut
 757  lbv1999bw     LBV        0.6336   1.08   0.1443   0.0099   -99.90  2    cut
 758  sn1991bg      Ia-91bg    0.6566   1.08   0.2351   0.0401     0.90  0    cut
 759  sn1999cc      Ia-norm    0.6620   1.08   0.1911   0.0229    -0.20  0    cut
 760  sn1999gi      IIP        0.6241   1.08   0.2116   0.0278    -5.00  0    cut
 761  sn1998dh      Ia-norm    0.6363   1.08   0.1898   0.0234    -3.50  0    cut
 762  sn1991A       Ic-norm    0.4833   1.08   0.0189   0.0368   128.30  1    cut
 763  sn2006aj      Ic-broad   0.7311   1.08   0.0695   0.0532    -2.40  0    cut
 764  sn2003cg      Ia-norm    0.6349   1.07   0.1858   0.0240     2.80  0    cut
 765  sn1997dq      Ic-broad   0.6403   1.07   0.0180   0.0304   222.20  1    cut
 766  sn1986G       Ia-91bg    0.6647   1.07   0.1912   0.0255    -3.70  0    cut
 767  sn2003W       Ia-norm    0.6498   1.07   0.0516   0.0448    -2.30  0    cut
 768  sn2002kf      Ia-norm    0.6498   1.07   0.1888   0.0226     3.10  0    cut
 769  sn1997dq      Ic-broad   0.6349   1.07   0.0123   0.0317    26.90  1    cut
 770  sn2001ep      Ia-norm    0.6444   1.07   0.1868   0.0230    -3.10  0    cut
 771  sn1997dq      Ic-broad   0.6322   1.07   0.2205   0.0630     0.00  1    cut
 772  sn1999dn      Ib-norm    0.5659   1.06   0.3311   0.0159    27.70  1    cut
 773  sn2003du      Ia-norm    0.6336   1.06   0.1845   0.0252     1.10  0    cut
 774  sn1997bp      Ia-norm    0.6431   1.06   0.0379   0.0512     3.80  0    cut
 775  kcSc          Gal        0.7311   1.06   0.1437   0.0261   -99.90  2    cut
 776  sn1994I       Ic-norm    0.6661   1.06   0.0190   0.0795     0.10  0    cut
 777  sn1996X       Ia-norm    0.6431   1.06   0.1878   0.0248    -0.80  0    cut
 778  sn2001gc      Ia-norm    0.6485   1.06   0.0354   0.0640     3.40  0    cut
 779  sn2003ch      Ia-norm    0.6552   1.05   0.1887   0.0231    -2.10  0    cut
 780  sn1996X       Ia-norm    0.6295   1.05   0.1859   0.0267    -1.80  0    cut
 781  sn2003W       Ia-norm    0.6498   1.05   0.0599   0.0468    -5.30  0    cut
 782  sn1987A       II-pec     0.5767   1.05   0.1761   0.0602    -4.70  0    cut
 783  sn1999gd      Ia-norm    0.6485   1.05   0.1844   0.0228     1.10  0    cut
 784  sn1990N       Ia-norm    0.5794   1.05   0.1795   0.0266     1.60  0    cut
 785  sn2003W       Ia-norm    0.6458   1.04   0.1966   0.0318     0.60  0    cut
 786  sn2006gt      Ia-91bg    0.7311   1.04   0.1672   0.0412     1.30  0    cut
 787  sn2002kf      Ia-norm    0.6498   1.04   0.1903   0.0225     1.10  0    cut
 788  sn2002cd      Ia-norm    0.6403   1.04   0.1977   0.0304     2.20  0    cut
 789  sn1996bo      Ia-norm    0.6539   1.04   0.0332   0.0577     3.30  0    cut
 790  sn2001ep      Ia-norm    0.6444   1.04   0.1862   0.0232    -2.10  0    cut
 791  sn2003du      Ia-norm    0.6363   1.04   0.1844   0.0252     2.10  0    cut
 792  sn1997dq      Ic-broad   0.6349   1.03   0.0124   0.0321    21.90  1    cut
 793  sn1996X       Ia-norm    0.6431   1.03   0.1875   0.0259    -1.70  0    cut
 794  sn2003ch      Ia-norm    0.6552   1.03   0.1820   0.0241     3.80  0    cut
 795  sn2003ch      Ia-norm    0.6539   1.03   0.1855   0.0239     0.80  0    cut
 796  sn1986G       Ia-91bg    0.6647   1.03   0.1896   0.0252    -2.70  0    cut
 797  sn1996X       Ia-norm    0.6431   1.03   0.1872   0.0254     0.20  0    cut
 798  sn2007ax      Ia-91bg    0.6119   1.03   0.2360   0.0411     1.10  0    cut
 799  sn2002ap      Ic-broad   0.7311   1.03   0.0594   0.0721     2.70  0    cut
 800  mstar         M-star     0.6877   1.03   0.1948   0.0349     1.00  2    cut
 801  sn1986G       Ia-91bg    0.6661   1.03   0.0429   0.0614    -4.70  0    cut
 802  sn1984A       Ia-norm    0.5496   1.02   0.0744   0.0530    -4.90  0    cut
 803  sn1993J       IIb        0.6674   1.02   0.2255   0.0441    -1.60  0    cut
 804  sn2001da      Ia-norm    0.6471   1.02   0.1916   0.0247    -2.00  0    cut
 805  sn2003cg      Ia-norm    0.6403   1.02   0.1882   0.0230     1.80  0    cut
 806  sn2002hw      Ia-norm    0.6471   1.02   0.1867   0.0220    -3.20  0    cut
 807  kcSB3         Gal        0.7311   1.02   0.1462   0.0097   -99.90  2    cut
 808  sn2001ep      Ia-norm    0.6444   1.02   0.1859   0.0230    -1.10  0    cut
 809  sn1997dd      IIb        0.7053   1.02   0.2022   0.0287     0.00  1    cut
 810  sn1994I       Ic-norm    0.6336   1.01   0.2372   0.0338    -1.60  0    cut
 811  sn2002he      Ia-norm    0.6552   1.01   0.1895   0.0238     3.70  0    cut
 812  sn2003cg      Ia-norm    0.6322   1.01   0.1867   0.0265     1.90  0    cut
 813  sn1990K       IIL        0.5429   1.01   0.1895   0.0234    76.30  1    cut
 814  sn2003gn      Ia-norm    0.6647   1.01   0.0622   0.0567    -3.00  0    cut
 815  sn2002bo      Ia-norm    0.6674   1.01   0.0431   0.0553    -4.70  0    cut
 816  sn1997Y       Ia-norm    0.6038   1.01   0.0614   0.0363     2.90  0    cut
 817  sn1988L       Ib-norm    0.5645   1.00   0.1718   0.0521     0.00  1    cut
 818  sn1994I       Ic-norm    0.7311   1.00   0.0630   0.0856     2.60  0    cut
 819  sn1994D       Ia-norm    0.6349   1.00   0.1885   0.0242    -0.10  0    cut
 820  sn2002kf      Ia-norm    0.6485   1.00   0.1899   0.0248     2.20  0    cut
 821  sn1999ej      Ia-norm    0.6431   1.00   0.1840   0.0232     1.10  0    cut
 822  sn1998ef      Ia-norm    0.6471   1.00   0.1953   0.0247    -4.50  0    cut
 823  sn2001ep      Ia-norm    0.6444   0.99   0.1851   0.0236    -0.10  0    cut
 824  sn1997dt      Ia-norm    0.6349   0.99   0.1864   0.0267     0.20  0    cut
 825  sn1993J       IIb        0.7067   0.99  -0.0006   0.0882     3.70  0    cut
 826  sn1997E       Ia-norm    0.6485   0.99   0.1904   0.0242    -3.70  0    cut
 827  sn2004as      Ia-norm    0.6620   0.99   0.1902   0.0282    -1.00  0    cut
 828  sn2004as      Ia-norm    0.6620   0.98   0.1892   0.0274    -0.10  0    cut
 829  sn1996X       Ia-norm    0.6431   0.98   0.1866   0.0255     1.20  0    cut
 830  sn2001da      Ia-norm    0.6485   0.98   0.1883   0.0240     2.90  0    cut
 831  sn2001da      Ia-norm    0.6471   0.98   0.1902   0.0244     0.00  0    cut
 832  sn1991ar      Ib-norm    0.5483   0.98   0.3280   0.0212    27.40  1    cut
 833  sn1999ej      Ia-norm    0.6403   0.98   0.1856   0.0237    -1.80  0    cut
 834  sn1997dt      Ia-norm    0.6363   0.97   0.1845   0.0261     2.20  0    cut
 835  sn2001ep      Ia-norm    0.6444   0.97   0.1838   0.0237     0.80  0    cut
 836  sn1997bp      Ia-norm    0.6431   0.97   0.0391   0.0510     2.80  0    cut
 837  sn2004as      Ia-norm    0.6620   0.97   0.1933   0.0272    -2.90  0    cut
 838  sn1999ej      Ia-norm    0.6444   0.97   0.1828   0.0243     3.10  0    cut
 839  sn1984A       Ia-norm    0.5334   0.97   0.0600   0.0574    -2.80  0    cut
 840  sn1998ef      Ia-norm    0.6485   0.97   0.1903   0.0240     1.30  0    cut
 841  sn1997dq      Ic-broad   0.6336   0.97   0.0121   0.0333    17.90  1    cut
 842  sn1998dh      Ia-norm    0.6390   0.97   0.1877   0.0244    -0.60  0    cut
 843  sn2000cw      Ia-norm    0.6607   0.96   0.1838   0.0251     3.50  0    cut
 844  sn2004as      Ia-norm    0.6607   0.96   0.1969   0.0275    -4.90  0    cut
 845  sn1984A       Ia-norm    0.5212   0.96   0.0604   0.0611    -5.90  0    cut
 846  sn2002cd      Ia-norm    0.6417   0.96   0.1944   0.0320     3.20  0    cut
 847  sn2006bp      IIP        0.6376   0.96   0.0924   0.0427     3.30  0    cut
 848  sn2004as      Ia-norm    0.6620   0.96   0.1924   0.0277    -2.00  0    cut
 849  sn1993J       IIb        0.6850   0.96   0.2262   0.0441    -2.40  0    cut
 850  lbv1999bw     LBV        0.5848   0.96   0.1183   0.0109   -99.90  2    cut
 851  kcSB5         Gal        0.7311   0.96   0.1456   0.0094   -99.90  2    cut
 852  sn2001ep      Ia-norm    0.6444   0.95   0.1836   0.0241     1.80  0    cut
 853  sn1993J       IIb        0.7311   0.95   0.2062   0.0441    -5.00  0    cut
 854  sn2003kc      Ia-norm    0.6634   0.95   0.0538   0.0578    -5.70  0    cut
 855  sn1996ai      Ia-norm    0.5700   0.95   0.1828   0.0331     2.20  0    cut
 856  sn1997dq      Ic-broad   0.6336   0.95   0.2240   0.0690    14.90  1    cut
 857  sn1998ec      Ia-norm    0.6485   0.95   0.1958   0.0273    -3.00  0    cut
 858  kcSB6         Gal        0.7311   0.95   0.2013   0.0171   -99.90  2    cut
 859  kcSB4         Gal        0.7311   0.95   0.2006   0.0181   -99.90  2    cut
 860  sn1999em      IIP        0.6295   0.95   0.2129   0.0341    -3.60  0    cut
 861  sn1991ar      Ib-norm    0.5348   0.95   0.3355   0.0201     0.00  1    cut
 862  sn2004as      Ia-norm    0.6620   0.95   0.1862   0.0273     2.90  0    cut
 863  sn1998ef      Ia-norm    0.6471   0.94   0.1942   0.0254    -3.60  0    cut
 864  sn2001da      Ia-norm    0.6458   0.94   0.1886   0.0246     1.90  0    cut
 865  sn2005bf      Ib-pec     0.6065   0.94   0.2191   0.0268    -0.90  0    cut
 866  sn1996X       Ia-norm    0.6431   0.94   0.1860   0.0271     2.20  0    cut
 867  sn2003ch      Ia-norm    0.6552   0.94   0.1861   0.0291     2.80  0    cut
 868  sn1999em      IIP        0.7311   0.94   0.2171   0.0352    -3.70  0    cut
 869  sn1998ec      Ia-norm    0.6498   0.94   0.1956   0.0283    -3.90  0    cut
 870  sn1994S       Ia-norm    0.6187   0.94   0.1860   0.0689    -4.00  0    cut
 871  sn2004as      Ia-norm    0.6620   0.93   0.1946   0.0280    -3.90  0    cut
 872  sn2001E       Ia-norm    0.6485   0.93   0.1957   0.0296     2.80  0    cut
 873  sn2000dk      Ia-norm    0.6485   0.93   0.1844   0.0234     3.70  0    cut
 874  sn2004as      Ia-norm    0.6620   0.92   0.1983   0.0277    -5.90  0    cut
 875  sn2004as      Ia-norm    0.6620   0.92   0.1858   0.0281     1.80  0    cut
 876  sn1999by      Ia-91bg    0.6336   0.92   0.2387   0.0720    -4.10  0    cut
 877  sn2001ep      Ia-norm    0.6444   0.92   0.1825   0.0250     2.80  0    cut
 878  sn2002jg      Ia-norm    0.6471   0.92   0.1894   0.0236    -3.40  0    cut
 879  sn1999by      Ia-91bg    0.6024   0.92   0.1833   0.0724    -5.00  0    cut
 880  sn2001ay      Ia-norm    0.6593   0.92   0.1953   0.0225    -1.50  0    cut
 881  sn2002cs      Ia-norm    0.6444   0.92   0.2002   0.0243    -4.50  0    cut
 882  sn1993J       IIb        0.7311   0.91   0.2088   0.0448    -3.00  0    cut
 883  sn2003hv      Ia-norm    0.5808   0.91   0.0616   0.0373     3.20  0    cut
 884  sn1997bp      Ia-norm    0.6431   0.91   0.0414   0.0519     1.80  0    cut
 885  sn1990K       IIL        0.6227   0.90   0.2131   0.0564   147.00  1    cut
 886  sn1994I       Ic-norm    0.6336   0.90   0.2413   0.0746    -2.50  0    cut
 887  sn2002cd      Ia-norm    0.6417   0.90   0.1998   0.0367    -3.70  0    cut
 888  sn1993J       IIb        0.7311   0.90   0.2078   0.0447    -2.00  0    cut
 889  sn1990K       IIL        0.5320   0.90   0.0246   0.0281   139.00  1    cut
 890  sn2002cd      Ia-norm    0.6390   0.89   0.2001   0.0378    -4.70  0    cut
 891  sn2002er      Ia-norm    0.6431   0.89   0.1848   0.0265     3.80  0    cut
 892  mstar         M-star     0.6904   0.88   0.2290   0.0263    10.00  2    cut
 893  sn1997dq      Ic-broad   0.7311   0.88   0.0489   0.0795    81.70  1    cut
 894  sn1993J       IIb        0.7311   0.88   0.2056   0.0460    -4.00  0    cut
 895  sn1994T       Ia-norm    0.5903   0.88   0.0642   0.0498     0.80  0    cut
 896  sn2002cd      Ia-norm    0.6390   0.88   0.1954   0.0355     0.30  0    cut
 897  sn2002cu      Ia-norm    0.6525   0.88   0.1967   0.0260    -3.30  0    cut
 898  sn1994S       Ia-norm    0.6227   0.88   0.2399   0.0193     0.90  0    cut
 899  sn2001ep      Ia-norm    0.6444   0.87   0.1817   0.0267     3.80  0    cut
 900  sn1990K       IIL        0.5713   0.87   0.1969   0.0287   160.90  1    cut
 901  sn2004dj      IIP        0.5104   0.87   0.0108   0.0149    50.60  1    cut
 902  sn2002bo      Ia-norm    0.6336   0.84   0.1900   0.0290    -1.50  0    cut
 903  sn1986G       Ia-91bg    0.5835   0.84   0.1913   0.0404    -3.00  0    cut
 904  sn2001en      Ia-norm    0.6458   0.84   0.1909   0.0264     1.50  0    cut
 905  sn1999gi      IIP        0.6255   0.83   0.2107   0.0378    -4.00  0    cut
 906  sn1997bq      Ia-norm    0.6444   0.83   0.1981   0.0317    -5.60  0    cut
 907  sn2002bo      Ia-norm    0.6336   0.83   0.1906   0.0294    -2.40  0    cut
 908  sn2002cd      Ia-norm    0.6403   0.83   0.1979   0.0776    -5.70  0    cut
 909  sn1997bp      Ia-norm    0.6431   0.82   0.0445   0.0556     0.80  0    cut
 910  sn2002bo      Ia-norm    0.6336   0.82   0.1920   0.0304    -4.30  0    cut
 911  sn2002bo      Ia-norm    0.6336   0.82   0.1925   0.0303    -5.40  0    cut
 912  sn2002bo      Ia-norm    0.6336   0.82   0.1913   0.0306    -3.40  0    cut
 913  sn1998S       IIn        0.7162   0.82   0.0604   0.0442    -1.50  0    cut
 914  sn2004dj      IIP        0.5578   0.82   0.0130   0.0182    89.80  1    cut
 915  sn1997cy      IIn        0.7311   0.82   0.1683   0.0487   226.10  1    cut
 916  sn2002cs      Ia-norm    0.6458   0.81   0.1926   0.0251     3.30  0    cut
 917  sn1999em      IIP        0.6823   0.81   0.0964   0.0455     0.40  0    cut
 918  lbv2001ac     LBV        0.6349   0.80   0.2286   0.0113   -99.90  2    cut
 919  sn1990aa      Ic-norm    0.5970   0.80   0.0218   0.0805   116.10  1    cut
 920  sn2003cg      Ia-norm    0.5618   0.79   0.1896   0.0288    -2.30  0    cut
 921  sn1986G       Ia-91bg    0.5740   0.79   0.1859   0.0449    -0.70  0    cut
 922  kcSB1         Gal        0.7311   0.79   0.2417   0.0145   -99.90  2    cut
 923  sn2005cs      IIP        0.6891   0.79   0.1021   0.0502     0.80  0    cut
 924  sn2005A       Ia-norm    0.6079   0.78   0.1917   0.0390     1.50  0    cut
 925  sn1997cy      IIn        0.7311   0.78   0.0445   0.0376     0.00  1    cut
 926  sn1991N       Ic-norm    0.5808   0.77   0.2479   0.0318   276.10  1    cut
 927  sn2005cs      IIP        0.6959   0.77   0.1028   0.0473    -0.80  0    cut
 928  sn2005cs      IIP        0.6742   0.76   0.2232   0.0366     3.80  0    cut
 929  sn1999em      IIP        0.6891   0.76   0.1008   0.0435    -0.60  0    cut
 930  sn1994M       Ia-norm    0.6322   0.76   0.1877   0.0310     1.60  0    cut
 931  sn1998dt      Ib-norm    0.6458   0.76   0.1818   0.0308     0.90  0    cut
 932  sn2005cs      IIP        0.6945   0.75   0.1017   0.0559     1.00  0    cut
 933  sn1990K       IIL        0.6119   0.75   0.1954   0.0266   174.70  1    cut
 934  sn1995F       Ic-norm    0.6972   0.75   0.0157   0.0921    88.80  1    cut
 935  sn2003cg      Ia-norm    0.5632   0.75   0.2452   0.0185    -2.80  0    cut
 936  sn1997cy      IIn        0.7311   0.75   0.2392   0.0239   125.30  1    cut
 937  sn1999em      IIP        0.6796   0.75   0.1093   0.0514     1.40  0    cut
 938  sn1997bp      Ia-norm    0.6417   0.74   0.1972   0.0348    -0.20  0    cut
 939  sn1994M       Ia-norm    0.6295   0.74   0.1885   0.0298     2.60  0    cut
 940  sn1997bp      Ia-norm    0.6431   0.74   0.1988   0.0374    -1.20  0    cut
 941  sn1998dt      Ib-norm    0.6458   0.74   0.2357   0.0284     0.00  0    cut
 942  sn1990K       IIL        0.6390   0.74   0.1955   0.0254   174.70  1    cut
 943  sn1994T       Ia-norm    0.5903   0.74   0.0656   0.0665    -0.20  0    cut
 944  sn1990K       IIL        0.5632   0.72   0.0792   0.0239   201.60  1    cut
 945  sn1990K       IIL        0.6119   0.72   0.0453   0.0340   136.10  1    cut
 946  sn1990K       IIL        0.5876   0.71   0.0791   0.0257   202.50  1    cut
 947  sn2005cs      IIP        0.6904   0.71   0.1060   0.0463    -0.20  0    cut
 948  sn2005cs      IIP        0.6945   0.70   0.1035   0.0553     0.10  0    cut
 949  kcSB2         Gal        0.7311   0.70   0.1445   0.0126   -99.90  2    cut
 950  sn2005cs      IIP        0.6959   0.68   0.1027   0.0669     2.10  0    cut
 951  sn2006bp      IIP        0.5266   0.68   0.7232   0.0202    -4.60  0    cut
 952  sn1994T       Ia-norm    0.5930   0.67   0.1697   0.0360     1.70  0    cut
 953  sn1997cy      IIn        0.7311   0.66   0.2498   0.0229   196.10  1    cut
 954  sn2004et      IIP        0.6810   0.66   0.2288   0.0565     2.00  0    cut
 955  sn1994M       Ia-norm    0.6106   0.66   0.1884   0.0435     3.70  0    cut
 956  sn2004et      IIP        0.6918   0.65   0.2092   0.0468    -2.90  0    cut
 957  sn2004et      IIP        0.6918   0.64   0.2087   0.0511    -1.90  0    cut
 958  sn2004et      IIP        0.6864   0.63   0.2261   0.0575     1.00  0    cut
 959  sn2005cs      IIP        0.6945   0.62   0.2035   0.0389    -1.90  0    cut
 960  sn1997cy      IIn        0.7311   0.61   0.0781   0.0218   377.70  1    cut
 961  sn2004et      IIP        0.6918   0.60   0.2068   0.0507    -0.90  0    cut
 962  sn1999em      IIP        0.7311   0.59   0.2116   0.0467     0.20  0    cut
 963  sn1997cy      IIn        0.7311   0.58   0.0129   0.0843    14.10  1    cut
 964  sn1999em      IIP        0.7080   0.58   0.2046   0.0516     2.40  0    cut
 965  sn2005cs      IIP        0.6959   0.56   0.1126   0.0804     3.10  0    cut
 966  sn1997cy      IIn        0.7202   0.53   0.0798   0.0279   174.50  1    cut
 967  sn1997cy      IIn        0.7311   0.52   0.2044   0.0494   116.80  1    cut
 968  sn1997cy      IIn        0.7311   0.52   0.0794   0.0412    71.30  1    cut
 969  agn           AGN        0.7311   0.51   0.2013   0.0196   -99.90  2    cut
 970  sn1997cy      IIn        0.7311   0.49   0.1533   0.0437    29.40  1    cut
 971  sn2004dt      Ia-norm    0.5632   0.48   0.2457   0.0452    -2.00  0    cut
 972  sn1991N       Ic-norm    0.7311   0.46   0.0179   0.1009   250.20  1    cut
 973  sn1997cy      IIn        0.7311   0.43   0.0090   0.1611    57.20  1    cut
