### SNID output file ###
 
### input spectrum and options ###
# Input spectrum                 : 19002_-4.20.dat
# Parameter file                 : NA
# Wavelength range               :    4000.00   9000.00
# Mask file                      : NA
# Median filtering width [A]     : NA
# Median filtering width [pix]   :       1.00
# Clip emission redshift         :     0.2701
# Clip sky lines                 : 0
# Emission clip width [A]        :       0.27
# Keep A-band                    : 1
# Age range                      :      -9.20      0.80
# Delta range                    :      -9.99     99.90
# Min. number of spectra/template:   1
# Use only templates             : NA
# Use only types                 : NA
# Avoid templates                : NA
# Avoid types                    : NA
# rlapmin                        :       5.00
# Redshift range                 :    -0.0100    1.2000
# Forced initial redshift        :     0.2701
# Extra fake redshift            : NA
# Nsigma for initial redshift    : NA
# Redshift filter                :     0.0200
# Wavenumbers k1,k2,k3,k4        :     1    4   85  102
# Template directory             : /home/djperrefort/snid-5.0/templates-2.0/
 
### initial/user-input redshift ###
zinit       0.0000
zuser       0.2701
 
### median redshift/age and error ###
zmed        0.2747    0.0058
agem         -2.40      2.38
 
### type fraction/redshift/age ###
#type ntemp fraction slope redshift redshift_error age age_error
Ia             40      1.00    0.0000    0.2747    0.0058    -2.400     2.376
Ia-norm        35      0.88    0.0402    0.2740    0.0061    -2.400     2.413
Ia-91T          5      0.12   -0.0349    0.2765    0.0025    -3.800     2.318
Ia-91bg         0      0.00    0.0000    0.0000    0.0000     0.000     0.000
Ia-csm          0      0.00    0.0000    0.0000    0.0000     0.000     0.000
Ia-pec          0      0.00    0.0000    0.0000    0.0000     0.000     0.000
###
Ib              0      0.00    0.0000    0.0000    0.0000     0.000     0.000
Ib-norm         0      0.00    0.0000    0.0000    0.0000     0.000     0.000
Ib-pec          0      0.00    0.0000    0.0000    0.0000     0.000     0.000
IIb             0      0.00    0.0000    0.0000    0.0000     0.000     0.000
###
Ic              0      0.00    0.0000    0.0000    0.0000     0.000     0.000
Ic-norm         0      0.00    0.0000    0.0000    0.0000     0.000     0.000
Ic-pec          0      0.00    0.0000    0.0000    0.0000     0.000     0.000
Ic-broad        0      0.00    0.0000    0.0000    0.0000     0.000     0.000
###
II              0      0.00    0.0000    0.0000    0.0000     0.000     0.000
IIP             0      0.00    0.0000    0.0000    0.0000     0.000     0.000
II-pec          0      0.00    0.0000    0.0000    0.0000     0.000     0.000
IIn             0      0.00    0.0000    0.0000    0.0000     0.000     0.000
IIL             0      0.00    0.0000    0.0000    0.0000     0.000     0.000
###
NotSN           0      0.00    0.0000    0.0000    0.0000     0.000     0.000
AGN             0      0.00    0.0000    0.0000    0.0000     0.000     0.000
Gal             0      0.00    0.0000    0.0000    0.0000     0.000     0.000
LBV             0      0.00    0.0000    0.0000    0.0000     0.000     0.000
M-star          0      0.00    0.0000    0.0000    0.0000     0.000     0.000
 
### rlap-ordered template listings ###
#no. sn type lap rlap z zerr age age_flag grade
   1  sn2003cg      Ia-norm    0.7541   9.74   0.2713   0.0057    -2.10  0   good
   2  sn1995E       Ia-norm    0.6593   8.68   0.2702   0.0060    -2.90  0   good
   3  sn2006cj      Ia-norm    0.7459   8.15   0.2707   0.0075    -1.20  0   good
   4  sn2002er      Ia-norm    0.7324   7.40   0.2791   0.0089    -6.00  0   good
   5  sn1998dx      Ia-norm    0.6309   6.53   0.2708   0.0072    -0.70  0   good
   6  sn1998dx      Ia-norm    0.6322   6.45   0.2730   0.0077    -1.70  0   good
   7  sn2006cj      Ia-norm    0.7473   6.41   0.2694   0.0081    -0.20  0   good
   8  sn2003du      Ia-norm    0.7839   6.23   0.2740   0.0092    -4.20  0   good
   9  sn2001eh      Ia-91T     0.7635   6.10   0.2765   0.0098    -4.90  0   good
  10  sn2002er      Ia-norm    0.7879   5.80   0.2750   0.0099    -2.10  0   good
  11  sn1994ae      Ia-norm    0.7013   5.80   0.2675   0.0081     0.00  0   good
  12  sn2002er      Ia-norm    0.7879   5.74   0.2757   0.0101    -3.10  0   good
  13  sn2003du      Ia-norm    0.7839   5.72   0.2762   0.0102    -6.10  0   good
  14  sn2001eh      Ia-91T     0.7649   5.71   0.2782   0.0103    -5.90  0   good
  15  sn2007F       Ia-norm    0.7256   5.67   0.2697   0.0084    -0.90  0   good
  16  sn1990O       Ia-norm    0.7879   5.56   0.2827   0.0111    -5.60  0   good
  17  sn1981B       Ia-norm    0.7879   5.45   0.2734   0.0098    -1.50  0   good
  18  sn2007F       Ia-norm    0.7243   5.41   0.2705   0.0090    -1.80  0   good
  19  sn1995E       Ia-norm    0.6864   5.34   0.2692   0.0086    -0.90  0   good
  20  sn2006oa      Ia-91T     0.7500   5.33   0.2777   0.0124    -3.80  0   good
  21  sn1992A       Ia-norm    0.7771   5.31   0.2815   0.0094    -0.80  0   good
  22  sn2006oa      Ia-91T     0.7487   5.30   0.2722   0.0113    -0.10  0   good
  23  sn2002er      Ia-norm    0.7825   5.30   0.2783   0.0114    -5.00  0   good
  24  sn2006ax      Ia-norm    0.7175   5.29   0.2660   0.0090     0.50  0   good
  25  sn2002he      Ia-norm    0.7879   5.28   0.2773   0.0097    -3.20  0   good
  26  sn2006S       Ia-norm    0.7311   5.24   0.2740   0.0097    -0.70  0   good
  27  sn1990O       Ia-norm    0.7879   5.24   0.2872   0.0125    -7.60  0   good
  28  sn1990O       Ia-norm    0.7879   5.23   0.2840   0.0120    -6.60  0   good
  29  sn2005cf      Ia-norm    0.7622   5.22   0.2754   0.0118    -2.40  0   good
  30  sn1992A       Ia-norm    0.7771   5.20   0.2873   0.0103    -5.40  0   good
  31  sn1989B       Ia-norm    0.7879   5.20   0.2699   0.0103    -1.30  0   good
  32  sn1999ee      Ia-norm    0.7690   5.17   0.2863   0.0122    -7.20  0   good
  33  sn2003ic      Ia-norm    0.6931   5.13   0.2759   0.0107    -4.10  0   good
  34  sn1990N       Ia-norm    0.7879   5.13   0.2837   0.0133    -7.40  0   good
  35  sn2006S       Ia-norm    0.7324   5.12   0.2764   0.0102    -2.60  0   good
  36  sn2006oa      Ia-91T     0.7487   5.09   0.2744   0.0126    -2.00  0   good
  37  sn2006S       Ia-norm    0.7311   5.07   0.2734   0.0100     0.20  0   good
  38  sn2007A       Ia-norm    0.7202   5.05   0.2678   0.0092    -2.40  0   good
  39  sn2002bo      Ia-norm    0.7879   5.04   0.2829   0.0116    -4.80  0   good
  40  sn2005bo      Ia-norm    0.7162   5.02   0.2664   0.0087    -0.10  0   good
#--- rlap cutoff
  41  sn1999ee      Ia-norm    0.7879   4.98   0.2910   0.0129    -9.10  0    cut
  42  sn2006S       Ia-norm    0.7311   4.97   0.2786   0.0107    -4.60  0    cut
  43  sn2006ax      Ia-norm    0.7189   4.94   0.2710   0.0100    -6.40  0    cut
  44  sn2007A       Ia-norm    0.7216   4.94   0.2686   0.0095    -3.40  0    cut
  45  sn2005cf      Ia-norm    0.7879   4.93   0.2736   0.0122    -0.20  0    cut
  46  sn1994S       Ia-norm    0.6227   4.92   0.2750   0.0144    -3.00  0    cut
  47  sn2007af      Ia-norm    0.7107   4.91   0.2694   0.0094    -3.60  0    cut
  48  sn2006S       Ia-norm    0.7324   4.91   0.2801   0.0112    -5.50  0    cut
  49  sn2007af      Ia-norm    0.7094   4.90   0.2676   0.0092    -1.60  0    cut
  50  sn1989B       Ia-norm    0.7879   4.90   0.2730   0.0106    -7.20  0    cut
  51  sn2005cf      Ia-norm    0.7879   4.90   0.2808   0.0136    -5.50  0    cut
  52  sn1999ee      Ia-norm    0.7676   4.89   0.2757   0.0119    -0.20  0    cut
  53  sn1999aw      Ia-91T     0.7365   4.89   0.2816   0.0107     0.00  0    cut
  54  sn2006az      Ia-norm    0.7297   4.83   0.2654   0.0094    -1.00  0    cut
  55  sn2008bf      Ia-norm    0.7256   4.82   0.2735   0.0101     0.70  0    cut
  56  sn2007af      Ia-norm    0.7107   4.82   0.2704   0.0097    -4.60  0    cut
  57  sn2006N       Ia-norm    0.7135   4.81   0.2704   0.0090    -1.30  0    cut
  58  sn2007bc      Ia-norm    0.7216   4.81   0.2670   0.0094    -2.60  0    cut
  59  sn2007af      Ia-norm    0.7107   4.80   0.2687   0.0095    -2.60  0    cut
  60  sn2005cf      Ia-norm    0.7608   4.77   0.2745   0.0123    -1.50  0    cut
  61  sn2007af      Ia-norm    0.7080   4.77   0.2670   0.0093    -0.60  0    cut
  62  sn2006gr      Ia-norm    0.7392   4.76   0.2819   0.0112    -2.10  0    cut
  63  sn2007kk      Ia-norm    0.7459   4.74   0.2809   0.0112    -1.70  0    cut
  64  sn2006cz      Ia-91T     0.7446   4.71   0.2759   0.0113    -2.00  0    cut
  65  sn2003du      Ia-norm    0.7216   4.71   0.2762   0.0108    -7.20  0    cut
  66  sn2002dj      Ia-norm    0.7879   4.67   0.2878   0.0127    -4.60  0    cut
  67  sn2006oa      Ia-91T     0.7500   4.67   0.2837   0.0141    -5.70  0    cut
  68  sn2007af      Ia-norm    0.7107   4.67   0.2712   0.0100    -5.60  0    cut
  69  sn2003U       Ia-norm    0.7879   4.66   0.2811   0.0124    -8.50  0    cut
  70  sn2001da      Ia-norm    0.7879   4.65   0.2798   0.0129    -1.00  0    cut
  71  sn2006cq      Ia-norm    0.7446   4.65   0.2787   0.0128    -3.30  0    cut
  72  sn2005cf      Ia-norm    0.7635   4.64   0.2836   0.0139    -6.60  0    cut
  73  sn2006N       Ia-norm    0.7162   4.63   0.2725   0.0095    -3.30  0    cut
  74  sn2002dj      Ia-norm    0.7811   4.61   0.2850   0.0124    -3.60  0    cut
  75  sn2003du      Ia-norm    0.7216   4.61   0.2703   0.0104    -2.20  0    cut
  76  sn2006ax      Ia-norm    0.7189   4.59   0.2735   0.0109    -8.40  0    cut
  77  sn2007kk      Ia-norm    0.7446   4.58   0.2803   0.0116    -0.80  0    cut
  78  sn2007bd      Ia-norm    0.7338   4.58   0.2750   0.0103    -1.30  0    cut
  79  sn2007af      Ia-norm    0.7067   4.58   0.2663   0.0097     0.30  0    cut
  80  sn2006cz      Ia-91T     0.7405   4.57   0.2753   0.0113    -1.00  0    cut
  81  sn2005eq      Ia-91T     0.7283   4.57   0.2702   0.0108     0.40  0    cut
  82  sn2004eo      Ia-norm    0.7608   4.57   0.2720   0.0112    -5.60  0    cut
  83  sn2003du      Ia-norm    0.7053   4.56   0.2690   0.0103    -1.30  0    cut
  84  sn1996X       Ia-norm    0.7879   4.54   0.2673   0.0101     0.10  0    cut
  85  sn2002er      Ia-norm    0.7351   4.53   0.2743   0.0110    -4.00  0    cut
  86  sn2006gr      Ia-norm    0.7392   4.53   0.2852   0.0122    -4.00  0    cut
  87  sn2008Q       Ia-norm    0.7148   4.51   0.2719   0.0096    -3.20  0    cut
  88  sn2008Z       Ia-norm    0.7243   4.51   0.2747   0.0106    -4.30  0    cut
  89  sn1999ac      Ia-91T     0.7405   4.48   0.2643   0.0116     0.40  0    cut
  90  sn2005iq      Ia-norm    0.7338   4.48   0.2728   0.0103    -6.00  0    cut
  91  sn2008Q       Ia-norm    0.7148   4.48   0.2713   0.0096    -2.20  0    cut
  92  sn2008Q       Ia-norm    0.7148   4.47   0.2706   0.0096    -1.20  0    cut
  93  sn2008Q       Ia-norm    0.7135   4.45   0.2700   0.0097    -0.30  0    cut
  94  sn2000dn      Ia-norm    0.6904   4.44   0.2670   0.0098    -3.80  0    cut
  95  sn2006gr      Ia-norm    0.7378   4.43   0.2872   0.0127    -5.10  0    cut
  96  sn2003du      Ia-norm    0.7053   4.42   0.2686   0.0106    -0.30  0    cut
  97  sn1998es      Ia-91T     0.7162   4.41   0.2686   0.0107     0.50  0    cut
  98  sn2008Z       Ia-norm    0.7243   4.39   0.2758   0.0110    -5.30  0    cut
  99  sn2005cf      Ia-norm    0.7608   4.39   0.2829   0.0146    -6.30  0    cut
 100  sn2007bd      Ia-norm    0.7365   4.37   0.2787   0.0110    -4.20  0    cut
 101  sn2006cz      Ia-91T     0.7446   4.36   0.2778   0.0121    -3.90  0    cut
 102  sn2003du      Ia-norm    0.7067   4.35   0.2755   0.0113    -8.10  0    cut
 103  sn1999aa      Ia-91T     0.7405   4.35   0.2660   0.0120    -1.60  0    cut
 104  sn1994D       Ia-norm    0.7229   4.34   0.2710   0.0100    -2.30  0    cut
 105  sn2005el      Ia-norm    0.7189   4.33   0.2708   0.0103    -3.90  0    cut
 106  sn1998es      Ia-91T     0.7189   4.30   0.2698   0.0112    -0.50  0    cut
 107  sn2006oa      Ia-91T     0.7514   4.30   0.2807   0.0155    -4.70  0    cut
 108  sn1997bp      Ia-norm    0.7879   4.29   0.2952   0.0137    -3.00  0    cut
 109  sn2005na      Ia-norm    0.7229   4.29   0.2671   0.0109    -1.50  0    cut
 110  sn2006N       Ia-norm    0.7067   4.27   0.2687   0.0100     0.70  0    cut
 111  sn2006gr      Ia-norm    0.7405   4.25   0.2893   0.0133    -6.00  0    cut
 112  sn2005eq      Ia-91T     0.7297   4.25   0.2730   0.0120    -3.50  0    cut
 113  sn2008Z       Ia-norm    0.7243   4.24   0.2821   0.0122    -9.20  0    cut
 114  sn2006gr      Ia-norm    0.7392   4.23   0.2924   0.0132    -6.90  0    cut
 115  sn1998es      Ia-91T     0.7270   4.20   0.2716   0.0116    -2.40  0    cut
 116  sn2005cf      Ia-norm    0.7121   4.19   0.2710   0.0119    -0.30  0    cut
 117  sn2008Q       Ia-norm    0.7148   4.19   0.2740   0.0101    -6.20  0    cut
 118  sn2005el      Ia-norm    0.7189   4.17   0.2712   0.0108    -4.80  0    cut
 119  sn2006oa      Ia-91T     0.7487   4.15   0.2891   0.0155    -8.50  0    cut
 120  sn2005cf      Ia-norm    0.7514   4.12   0.2742   0.0139    -1.20  0    cut
 121  sn2005cf      Ia-norm    0.7121   4.12   0.2720   0.0122    -1.40  0    cut
 122  sn2008Z       Ia-norm    0.7256   4.11   0.2805   0.0121    -8.20  0    cut
 123  sn2005cf      Ia-norm    0.7581   4.09   0.2850   0.0155    -7.30  0    cut
 124  sn2005cf      Ia-norm    0.7107   4.09   0.2697   0.0121     0.60  0    cut
 125  sn2006sr      Ia-norm    0.7270   4.08   0.2752   0.0109    -0.90  0    cut
 126  sn2007co      Ia-norm    0.7324   4.07   0.2762   0.0120    -0.20  0    cut
 127  sn2008Q       Ia-norm    0.7135   4.06   0.2748   0.0106    -7.20  0    cut
 128  sn2007co      Ia-norm    0.7311   4.06   0.2749   0.0119     0.80  0    cut
 129  sn2005el      Ia-norm    0.7189   4.05   0.2723   0.0113    -5.80  0    cut
 130  sn2007co      Ia-norm    0.7324   4.05   0.2770   0.0122    -1.20  0    cut
 131  sn2007co      Ia-norm    0.7283   4.04   0.2797   0.0124    -3.10  0    cut
 132  sn2006gj      Ia-norm    0.7297   4.02   0.2666   0.0106    -0.70  0    cut
 133  sn2002er      Ia-norm    0.7581   4.01   0.2838   0.0147    -9.00  0    cut
 134  sn2005cf      Ia-norm    0.7121   3.99   0.2731   0.0128    -2.30  0    cut
 135  sn2005cf      Ia-norm    0.7527   3.99   0.2771   0.0146    -2.70  0    cut
 136  sn2007F       Ia-norm    0.7243   3.97   0.2745   0.0124    -5.70  0    cut
 137  sn2004fz      Ia-norm    0.7216   3.96   0.2687   0.0107    -6.80  0    cut
 138  sn2008Z       Ia-norm    0.7243   3.96   0.2770   0.0122    -6.30  0    cut
 139  sn2005cf      Ia-norm    0.7107   3.94   0.2764   0.0138    -5.40  0    cut
 140  sn2008Z       Ia-norm    0.7229   3.94   0.2785   0.0123    -7.30  0    cut
 141  sn2005cf      Ia-norm    0.7608   3.93   0.2875   0.0164    -8.20  0    cut
 142  sn1999aa      Ia-91T     0.7419   3.92   0.2736   0.0130    -3.10  0    cut
 143  sn2002er      Ia-norm    0.7446   3.91   0.2802   0.0137    -7.00  0    cut
 144  sn2005eu      Ia-norm    0.7338   3.89   0.2739   0.0123    -5.20  0    cut
 145  sn2006gr      Ia-norm    0.7405   3.89   0.2957   0.0144    -7.90  0    cut
 146  sn2002bo      Ia-norm    0.7581   3.88   0.2791   0.0135    -1.70  0    cut
 147  sn2003hu      Ia-91T     0.6972   3.88   0.2660   0.0122     0.10  0    cut
 148  sn2006gr      Ia-norm    0.7365   3.87   0.2819   0.0132    -1.10  0    cut
 149  sn1998es      Ia-91T     0.7243   3.86   0.2725   0.0123    -3.40  0    cut
 150  sn2005cf      Ia-norm    0.7121   3.86   0.2743   0.0136    -3.40  0    cut
 151  sn2007S       Ia-91T     0.7189   3.85   0.2706   0.0121    -0.70  0    cut
 152  sn2005eq      Ia-91T     0.7297   3.83   0.2759   0.0133    -5.40  0    cut
 153  sn2005cf      Ia-norm    0.7121   3.81   0.2756   0.0139    -4.40  0    cut
 154  sn2005cf      Ia-norm    0.7608   3.78   0.2907   0.0169    -9.20  0    cut
 155  sn2008ae      Ia-pec     0.7351   3.78   0.1056   0.0174    -1.00  0    cut
 156  sn2007co      Ia-norm    0.7297   3.78   0.2819   0.0133    -4.10  0    cut
 157  sn2005cf      Ia-norm    0.7446   3.78   0.2798   0.0151    -3.80  0    cut
 158  sn2004fu      Ia-norm    0.7148   3.77   0.2804   0.0126    -3.50  0    cut
 159  sn2000dn      Ia-norm    0.6755   3.76   0.2661   0.0111    -0.90  0    cut
 160  sn1996ai      Ia-norm    0.7013   3.74   0.2694   0.0115    -0.90  0    cut
 161  sn2007S       Ia-91T     0.7162   3.72   0.2740   0.0131    -3.70  0    cut
 162  sn2007S       Ia-91T     0.7148   3.71   0.2726   0.0129    -2.70  0    cut
 163  sn2007F       Ia-norm    0.7283   3.71   0.2767   0.0136    -6.70  0    cut
 164  sn2008ar      Ia-norm    0.7297   3.70   0.2760   0.0143    -0.70  0    cut
 165  sn1994D       Ia-norm    0.7879   3.69   0.2750   0.0134    -4.30  0    cut
 166  sn2005mc      Ia-norm    0.7229   3.68   0.2728   0.0124    -2.20  0    cut
 167  sn1998es      Ia-91T     0.7256   3.68   0.2735   0.0129    -4.40  0    cut
 168  sn2002ck      Ia-norm    0.6688   3.67   0.2670   0.0113    -0.60  0    cut
 169  sn2005eu      Ia-norm    0.7365   3.66   0.2757   0.0130    -7.10  0    cut
 170  sn2002hu      Ia-91T     0.6755   3.66   0.2677   0.0122    -0.70  0    cut
 171  sn2005M       Ia-91T     0.7202   3.66   0.2630   0.0132     0.20  0    cut
 172  sn2006oa      Ia-91T     0.7487   3.66   0.2888   0.0168    -7.60  0    cut
 173  sn2006bt      Ia-norm    0.7839   3.62   0.2743   0.0128    -3.90  0    cut
 174  sn2008ae      Ia-pec     0.7351   3.61   0.1006   0.0195    -0.10  0    cut
 175  sn2004bg      Ia-norm    0.6593   3.60   0.2685   0.0117    -3.00  0    cut
 176  sn2008ar      Ia-norm    0.7270   3.59   0.2805   0.0152    -3.70  0    cut
 177  sn2006aj      Ic-broad   0.6728   3.56   0.1498   0.0220    -1.40  0    cut
 178  sn2007co      Ia-norm    0.7324   3.56   0.2839   0.0142    -5.10  0    cut
 179  sn2002ck      Ia-norm    0.6688   3.55   0.2666   0.0115     0.30  0    cut
 180  sn1994D       Ia-norm    0.7514   3.54   0.2747   0.0128    -5.30  0    cut
 181  sn2006gr      Ia-norm    0.7392   3.54   0.2982   0.0156    -8.90  0    cut
 182  sn2007ci      Ia-norm    0.7216   3.53   0.2730   0.0120    -4.20  0    cut
 183  sn2005M       Ia-91T     0.7216   3.53   0.2643   0.0137    -1.70  0    cut
 184  sn2005eq      Ia-91T     0.7311   3.52   0.2809   0.0150    -8.30  0    cut
 185  sn1998es      Ia-91T     0.7378   3.52   0.2774   0.0140    -7.30  0    cut
 186  sn2007ci      Ia-norm    0.7202   3.50   0.2747   0.0117    -6.10  0    cut
 187  sn1996bl      Ia-norm    0.6796   3.49   0.2742   0.0123    -2.20  0    cut
 188  sn2006le      Ia-norm    0.7175   3.48   0.2877   0.0158    -6.80  0    cut
 189  sn2007F       Ia-norm    0.7297   3.48   0.2781   0.0142    -7.70  0    cut
 190  sn2007ci      Ia-norm    0.7202   3.48   0.2741   0.0120    -5.10  0    cut
 191  sn2006kf      Ia-norm    0.7256   3.48   0.2748   0.0125    -5.20  0    cut
 192  sn2006lf      Ia-norm    0.6850   3.47   0.2712   0.0117    -4.50  0    cut
 193  sn2005M       Ia-91T     0.7216   3.47   0.2647   0.0138    -2.70  0    cut
 194  sn2004fu      Ia-norm    0.7148   3.47   0.2836   0.0138    -5.40  0    cut
 195  sn2003ic      Ia-norm    0.6918   3.46   0.2745   0.0127    -2.30  0    cut
 196  sn2007ci      Ia-norm    0.7216   3.45   0.2711   0.0122    -2.20  0    cut
 197  sn2002er      Ia-norm    0.7135   3.45   0.2711   0.0127    -1.10  0    cut
 198  sn2007S       Ia-91T     0.7162   3.43   0.2753   0.0141    -4.70  0    cut
 199  sn2008ar      Ia-norm    0.7283   3.43   0.2852   0.0161    -6.60  0    cut
 200  sn2007ci      Ia-norm    0.7202   3.42   0.2751   0.0117    -7.10  0    cut
 201  sn2008ar      Ia-norm    0.7311   3.40   0.2826   0.0163    -4.60  0    cut
 202  sn2006cm      Ia-norm    0.7189   3.40   0.2725   0.0191    -1.90  0    cut
 203  sn1999aa      Ia-91T     0.7229   3.38   0.2742   0.0138    -4.10  0    cut
 204  sn2006bt      Ia-norm    0.7879   3.38   0.2754   0.0132    -4.60  0    cut
 205  sn2007ci      Ia-norm    0.7216   3.36   0.2704   0.0124    -1.20  0    cut
 206  sn2008A       Ia-pec     0.7202   3.35   0.1051   0.0186    -1.90  0    cut
 207  sn1998es      Ia-91T     0.7311   3.35   0.2759   0.0141    -6.40  0    cut
 208  sn2004fu      Ia-norm    0.7148   3.34   0.2853   0.0144    -6.40  0    cut
 209  sn2007hj      Ia-norm    0.7189   3.33   0.2751   0.0128    -2.60  0    cut
 210  sn2003kf      Ia-norm    0.6403   3.33   0.2723   0.0136    -3.40  0    cut
 211  sn2001az      Ia-91T     0.6796   3.33   0.2739   0.0135    -3.10  0    cut
 212  sn2008ar      Ia-norm    0.7270   3.33   0.2786   0.0160    -2.70  0    cut
 213  sn2005mz      Ia-91bg    0.7189   3.32   0.2686   0.0123    -7.50  0    cut
 214  sn2005eu      Ia-norm    0.7378   3.32   0.2788   0.0148    -9.00  0    cut
 215  sn2001cp      Ia-norm    0.6607   3.32   0.2705   0.0133    -1.10  0    cut
 216  sn2003kf      Ia-norm    0.6458   3.32   0.2761   0.0139    -7.40  0    cut
 217  sn1998aq      Ia-norm    0.6403   3.32   0.2684   0.0127    -0.90  0    cut
 218  sn2003kf      Ia-norm    0.6458   3.30   0.2740   0.0137    -5.40  0    cut
 219  sn2004at      Ia-norm    0.6607   3.30   0.2687   0.0125     0.20  0    cut
 220  sn2007F       Ia-norm    0.7283   3.30   0.2789   0.0145    -8.70  0    cut
 221  sn1998es      Ia-91T     0.7229   3.30   0.2745   0.0139    -5.40  0    cut
 222  sn2002fk      Ia-norm    0.6471   3.27   0.2651   0.0125    -1.50  0    cut
 223  sn2002jy      Ia-norm    0.6579   3.27   0.2705   0.0130     0.10  0    cut
 224  sn1996bl      Ia-norm    0.6796   3.26   0.2762   0.0133    -4.00  0    cut
 225  sn2007le      Ia-norm    0.7148   3.25   0.2850   0.0154    -6.40  0    cut
 226  sn2004at      Ia-norm    0.6607   3.25   0.2691   0.0128    -0.70  0    cut
 227  sn2007hj      Ia-norm    0.7189   3.25   0.2737   0.0130    -1.50  0    cut
 228  sn2002bo      Ia-norm    0.7311   3.24   0.2770   0.0145    -0.60  0    cut
 229  sn1998aq      Ia-norm    0.6403   3.24   0.2681   0.0126     0.00  0    cut
 230  sn2007au      Ia-norm    0.7216   3.24   0.2762   0.0135    -5.60  0    cut
 231  sn1994I       Ic-norm    0.6403   3.22   0.1256   0.0231    -5.50  0    cut
 232  sn1998eg      Ia-norm    0.6634   3.22   0.2680   0.0120    -0.80  0    cut
 233  sn2004gs      Ia-norm    0.7283   3.21   0.2728   0.0135    -3.20  0    cut
 234  sn2008A       Ia-pec     0.7216   3.20   0.1032   0.0197    -1.00  0    cut
 235  sn2007jg      Ia-norm    0.7432   3.20   0.2889   0.0177    -2.30  0    cut
 236  sn2001eh      Ia-91T     0.6755   3.19   0.2707   0.0140    -0.10  0    cut
 237  sn2006lf      Ia-norm    0.6850   3.19   0.2720   0.0121    -6.50  0    cut
 238  sn2006cp      Ia-norm    0.7229   3.18   0.2894   0.0158    -6.30  0    cut
 239  sn2008A       Ia-pec     0.7202   3.18   0.1061   0.0192    -3.00  0    cut
 240  sn2003kf      Ia-norm    0.6458   3.18   0.2766   0.0145    -8.40  0    cut
 241  sn1994I       Ic-norm    0.6701   3.17   0.1211   0.0237    -5.40  0    cut
 242  sn2008A       Ia-pec     0.7202   3.17   0.1066   0.0187    -3.90  0    cut
 243  sn2007au      Ia-norm    0.7243   3.17   0.2724   0.0135    -3.80  0    cut
 244  sn2001fe      Ia-norm    0.6512   3.17   0.2710   0.0141    -1.70  0    cut
 245  sn2001cp      Ia-norm    0.6607   3.16   0.2694   0.0136     0.80  0    cut
 246  sn1999ac      Ia-91T     0.6850   3.16   0.2692   0.0149    -2.10  0    cut
 247  sn2007bd      Ia-norm    0.7338   3.15   0.2851   0.0144    -8.10  0    cut
 248  sn2007au      Ia-norm    0.7216   3.14   0.2742   0.0137    -4.70  0    cut
 249  sn1998es      Ia-91T     0.7243   3.14   0.2795   0.0157    -8.40  0    cut
 250  sn2002fk      Ia-norm    0.6458   3.14   0.2663   0.0132    -3.50  0    cut
 251  sn2002aw      Ia-norm    0.6647   3.12   0.2683   0.0119    -0.90  0    cut
 252  sn1996X       Ia-norm    0.6512   3.12   0.2707   0.0122    -2.80  0    cut
 253  sn2006le      Ia-norm    0.7175   3.11   0.2911   0.0170    -7.80  0    cut
 254  sn1996X       Ia-norm    0.6512   3.11   0.2704   0.0121    -1.70  0    cut
 255  sn1998bu      Ia-norm    0.6390   3.10   0.2703   0.0133    -2.60  0    cut
 256  sn2003iv      Ia-norm    0.6715   3.10   0.2684   0.0118    -0.50  0    cut
 257  sn2002aw      Ia-norm    0.6634   3.09   0.2694   0.0118    -1.90  0    cut
 258  sn2000dg      Ia-norm    0.6755   3.09   0.2672   0.0126     0.20  0    cut
 259  sn1999aa      Ia-91T     0.7297   3.09   0.2762   0.0152    -5.10  0    cut
 260  sn2003du      Ia-norm    0.6444   3.08   0.2688   0.0136    -1.80  0    cut
 261  sn1998bu      Ia-norm    0.6390   3.07   0.2700   0.0132    -1.60  0    cut
 262  sn1996X       Ia-norm    0.6498   3.07   0.2713   0.0125    -3.80  0    cut
 263  sn1996X       Ia-norm    0.6512   3.07   0.2698   0.0121    -0.80  0    cut
 264  sn1998bu      Ia-norm    0.6390   3.07   0.2704   0.0134    -3.60  0    cut
 265  sn2003iv      Ia-norm    0.6728   3.07   0.2685   0.0121     0.50  0    cut
 266  sn1995F       Ic-norm    0.6579   3.06   0.2691   0.0213     0.00  1    cut
 267  sn2007hj      Ia-norm    0.7189   3.06   0.2726   0.0137    -0.60  0    cut
 268  sn2004ef      Ia-norm    0.7365   3.06   0.2782   0.0147     0.60  0    cut
 269  sn1996X       Ia-norm    0.6376   3.05   0.2692   0.0127    -1.80  0    cut
 270  sn2006aj      Ic-broad   0.6742   3.04   0.1466   0.0249    -0.40  0    cut
 271  sn2006D       Ia-norm    0.7879   3.04   0.2673   0.0134    -1.40  0    cut
 272  sn2003iv      Ia-norm    0.6728   3.03   0.2691   0.0120    -1.40  0    cut
 273  sn2003cg      Ia-norm    0.6390   3.03   0.2723   0.0138    -6.40  0    cut
 274  sn1996X       Ia-norm    0.6512   3.03   0.2694   0.0123     0.20  0    cut
 275  sn2008A       Ia-pec     0.7216   3.03   0.1019   0.0214     0.00  0    cut
 276  sn2002bo      Ia-norm    0.7040   3.03   0.2799   0.0154    -3.70  0    cut
 277  sn2002ap      Ic-broad   0.5672   3.03   0.1368   0.0224    -4.50  0    cut
 278  sn2003iv      Ia-norm    0.6715   3.03   0.2699   0.0117    -2.40  0    cut
 279  sn2005hk      Ia-pec     0.7135   3.02   0.1014   0.0203    -3.30  0    cut
 280  sn2007bd      Ia-norm    0.7324   3.02   0.2873   0.0158    -9.00  0    cut
 281  sn2003it      Ia-norm    0.6634   3.01   0.2729   0.0129    -0.20  0    cut
 282  sn2001G       Ia-norm    0.6498   3.01   0.2751   0.0152    -5.10  0    cut
 283  sn2007ci      Ia-norm    0.7216   3.01   0.2769   0.0132    -8.10  0    cut
 284  sn2004dt      Ia-norm    0.7879   3.01   0.2938   0.0178    -6.50  0    cut
 285  sn2001cp      Ia-norm    0.6607   3.01   0.2735   0.0145    -4.90  0    cut
 286  sn2006bt      Ia-norm    0.7324   3.00   0.2730   0.0136    -2.90  0    cut
 287  sn2002cd      Ia-norm    0.6471   3.00   0.2887   0.0158    -4.70  0    cut
 288  sn1994S       Ia-norm    0.6268   2.99   0.2693   0.0141    -4.00  0    cut
 289  sn1994D       Ia-norm    0.7879   2.99   0.2758   0.0160    -6.10  0    cut
 290  sn2002bo      Ia-norm    0.7040   2.99   0.2787   0.0154    -2.80  0    cut
 291  sn2004dt      Ia-norm    0.7852   2.99   0.2892   0.0174    -3.70  0    cut
 292  sn2003it      Ia-norm    0.6634   2.99   0.2732   0.0131    -1.10  0    cut
 293  sn2006ot      Ia-norm    0.7487   2.99   0.2826   0.0164    -0.40  0    cut
 294  sn2002bo      Ia-norm    0.7040   2.98   0.2770   0.0153    -1.80  0    cut
 295  sn2006bt      Ia-norm    0.7324   2.98   0.2724   0.0137    -1.00  0    cut
 296  sn2007le      Ia-norm    0.7135   2.96   0.2867   0.0170    -7.40  0    cut
 297  sn2003cg      Ia-norm    0.6607   2.96   0.2729   0.0128    -7.30  0    cut
 298  sn2002cd      Ia-norm    0.6498   2.96   0.2922   0.0160    -7.70  0    cut
 299  sn2004ef      Ia-norm    0.7351   2.96   0.2795   0.0153    -0.40  0    cut
 300  sn2004aw      Ic-norm    0.7676   2.96   0.1235   0.0270    -0.20  0    cut
 301  sn2005bc      Ia-norm    0.6728   2.95   0.2722   0.0132    -5.00  0    cut
 302  sn2006gz      Ia-pec     0.6390   2.95   0.2718   0.0132    -1.60  0    cut
 303  sn1999aa      Ia-91T     0.7270   2.95   0.2769   0.0159    -6.10  0    cut
 304  sn2004at      Ia-norm    0.6607   2.95   0.2713   0.0143    -3.60  0    cut
 305  sn1999cl      Ia-norm    0.7080   2.93   0.2792   0.0159    -3.30  0    cut
 306  sn2002cd      Ia-norm    0.6485   2.93   0.2900   0.0161    -5.70  0    cut
 307  sn1983V       Ic-norm    0.7175   2.93   0.1389   0.0273    -9.00  0    cut
 308  sn2003cg      Ia-norm    0.6417   2.93   0.2712   0.0131    -1.20  0    cut
 309  sn2003it      Ia-norm    0.6634   2.93   0.2721   0.0129     0.80  0    cut
 310  sn2002cr      Ia-norm    0.6485   2.93   0.2659   0.0140    -2.40  0    cut
 311  sn2003it      Ia-norm    0.6634   2.93   0.2743   0.0133    -2.20  0    cut
 312  sn2006bt      Ia-norm    0.7324   2.92   0.2717   0.0140    -0.10  0    cut
 313  sn2004aw      Ic-norm    0.7879   2.92   0.1274   0.0270    -1.70  0    cut
 314  sn1997do      Ia-norm    0.6485   2.91   0.2863   0.0166    -7.60  0    cut
 315  sn2001cp      Ia-norm    0.6593   2.91   0.2751   0.0159    -6.80  0    cut
 316  sn2004at      Ia-norm    0.6593   2.91   0.2726   0.0148    -4.70  0    cut
 317  sn2002hu      Ia-91T     0.6755   2.91   0.2706   0.0160    -5.30  0    cut
 318  sn2006le      Ia-norm    0.7175   2.91   0.2948   0.0183    -8.80  0    cut
 319  sn2001eh      Ia-91T     0.6755   2.90   0.2709   0.0152    -2.00  0    cut
 320  sn2004ef      Ia-norm    0.7338   2.90   0.2811   0.0155    -1.50  0    cut
 321  sn1997do      Ia-norm    0.6485   2.90   0.2851   0.0163    -6.60  0    cut
 322  sn2000dn      Ia-norm    0.6701   2.90   0.2704   0.0138    -7.70  0    cut
 323  sn2002dj      Ia-norm    0.7405   2.90   0.2898   0.0168    -6.60  0    cut
 324  sn2008ar      Ia-norm    0.7311   2.89   0.2889   0.0181    -7.50  0    cut
 325  sn2003du      Ia-norm    0.6444   2.89   0.2743   0.0157    -8.90  0    cut
 326  sn2002ef      Ia-norm    0.6620   2.89   0.2726   0.0148    -2.90  0    cut
 327  sn2002hu      Ia-91T     0.6755   2.88   0.2703   0.0149    -3.50  0    cut
 328  sn2004gs      Ia-norm    0.7297   2.87   0.2700   0.0144    -1.20  0    cut
 329  sn2006cm      Ia-norm    0.7189   2.87   0.2694   0.0152    -1.00  0    cut
 330  sn1990O       Ia-norm    0.6620   2.86   0.2761   0.0148    -0.90  0    cut
 331  sn2008ar      Ia-norm    0.7311   2.86   0.2904   0.0180    -8.50  0    cut
 332  sn2002cr      Ia-norm    0.6485   2.86   0.2650   0.0136     0.70  0    cut
 333  sn2000cp      Ia-norm    0.6728   2.86   0.2712   0.0139    -0.50  0    cut
 334  sn2001fe      Ia-norm    0.6525   2.86   0.2704   0.0149     0.30  0    cut
 335  sn2000dg      Ia-norm    0.6755   2.86   0.2671   0.0133    -0.80  0    cut
 336  sn2002cd      Ia-norm    0.6498   2.85   0.2877   0.0161    -3.70  0    cut
 337  sn2005cs      IIP        0.4048   2.85   0.2349   0.0145    -1.20  0    cut
 338  sn1984A       Ia-norm    0.7148   2.85   0.3070   0.0205    -6.70  0    cut
 339  sn2004ef      Ia-norm    0.7189   2.84   0.2877   0.0170    -5.20  0    cut
 340  sn2003cg      Ia-norm    0.6417   2.84   0.2715   0.0133    -2.10  0    cut
 341  sn2003cg      Ia-norm    0.6403   2.84   0.2723   0.0137    -4.10  0    cut
 342  sn2003it      Ia-norm    0.6634   2.83   0.2739   0.0132    -3.20  0    cut
 343  sn1998V       Ia-norm    0.6566   2.82   0.2690   0.0140     0.30  0    cut
 344  sn2002cd      Ia-norm    0.6485   2.82   0.2942   0.0168    -8.60  0    cut
 345  sn2003ch      Ia-norm    0.6620   2.80   0.2662   0.0132     0.80  0    cut
 346  sn2006cp      Ia-norm    0.7216   2.80   0.2934   0.0176    -8.40  0    cut
 347  sn1998aq      Ia-norm    0.6999   2.80   0.2689   0.0157    -8.90  0    cut
 348  sn2002bo      Ia-norm    0.7026   2.79   0.2773   0.0160    -1.50  0    cut
 349  sn1994D       Ia-norm    0.6444   2.79   0.2719   0.0138    -3.10  0    cut
 350  sn1994D       Ia-norm    0.6458   2.79   0.2726   0.0142    -5.10  0    cut
 351  sn1994D       Ia-norm    0.6444   2.79   0.2721   0.0139    -4.10  0    cut
 352  sn2003U       Ia-norm    0.6674   2.78   0.2711   0.0140    -0.70  0    cut
 353  sn2005hk      Ia-pec     0.7135   2.78   0.1017   0.0214    -2.40  0    cut
 354  sn2001cp      Ia-norm    0.6607   2.78   0.2720   0.0138    -3.90  0    cut
 355  sn2002cd      Ia-norm    0.6498   2.78   0.2910   0.0169    -6.70  0    cut
 356  sn2003cg      Ia-norm    0.6417   2.78   0.2736   0.0140    -6.10  0    cut
 357  sn2000cp      Ia-norm    0.6728   2.77   0.2718   0.0143    -1.50  0    cut
 358  sn2005hj      Ia-91T     0.5862   2.77   0.2694   0.0151    -4.30  0    cut
 359  sn2002cs      Ia-norm    0.6471   2.77   0.2898   0.0146    -8.50  0    cut
 360  sn2002cs      Ia-norm    0.6525   2.76   0.2861   0.0149    -4.50  0    cut
 361  sn1991N       Ic-norm    0.7879   2.76   0.1089   0.0310     0.00  1    cut
 362  sn2000cp      Ia-norm    0.6728   2.75   0.2730   0.0146    -2.50  0    cut
 363  sn1999aa      Ia-91T     0.6525   2.75   0.2695   0.0163    -0.20  0    cut
 364  sn2003cg      Ia-norm    0.6403   2.74   0.2726   0.0140    -5.10  0    cut
 365  sn2004dt      Ia-norm    0.7852   2.74   0.2939   0.0180    -8.50  0    cut
 366  sn1999aa      Ia-91T     0.7256   2.73   0.2787   0.0173    -7.10  0    cut
 367  sn2005hk      Ia-pec     0.7148   2.73   0.1033   0.0215    -4.30  0    cut
 368  sn2003cq      Ia-norm    0.6715   2.72   0.2744   0.0148    -0.90  0    cut
 369  sn1997dt      Ia-norm    0.6431   2.72   0.2744   0.0159    -4.70  0    cut
 370  sn1994D       Ia-norm    0.6431   2.71   0.2704   0.0139    -0.10  0    cut
 371  sn2004at      Ia-norm    0.6593   2.71   0.2744   0.0167    -6.60  0    cut
 372  sn2001ex      Ia-norm    0.6634   2.71   0.2639   0.0139    -3.40  0    cut
 373  sn2004gs      Ia-norm    0.7270   2.71   0.2684   0.0153    -0.30  0    cut
 374  sn2000cx      Ia-pec     0.7473   2.71   0.2739   0.0142     0.70  0    cut
 375  sn1996ai      Ia-norm    0.6458   2.71   0.2697   0.0138     0.10  0    cut
 376  sn2002cs      Ia-norm    0.6498   2.71   0.2889   0.0149    -7.50  0    cut
 377  sn2002cr      Ia-norm    0.6485   2.70   0.2688   0.0157    -6.30  0    cut
 378  sn1999aa      Ia-91T     0.6512   2.70   0.2711   0.0171    -2.10  0    cut
 379  sn2003cg      Ia-norm    0.6403   2.70   0.2717   0.0142    -3.10  0    cut
 380  sn2002de      Ia-norm    0.6647   2.69   0.2750   0.0170    -4.10  0    cut
 381  sn2002de      Ia-norm    0.6661   2.69   0.2730   0.0165    -2.20  0    cut
 382  sn2003cg      Ia-norm    0.6336   2.68   0.2698   0.0144    -1.00  0    cut
 383  sn2002er      Ia-norm    0.6431   2.68   0.2753   0.0152    -3.80  0    cut
 384  sn2002de      Ia-norm    0.6661   2.67   0.2751   0.0151    -6.10  0    cut
 385  sn1997dt      Ia-norm    0.6444   2.67   0.2773   0.0166    -7.70  0    cut
 386  sn2007le      Ia-norm    0.7135   2.67   0.2901   0.0190    -8.40  0    cut
 387  sn1999ek      Ia-norm    0.6552   2.67   0.2676   0.0134    -0.60  0    cut
 388  sn2000cx      Ia-pec     0.5740   2.65   0.2764   0.0169    -3.30  0    cut
 389  sn1991T       Ia-91T     0.7879   2.65   0.2726   0.0179    -1.50  0    cut
 390  sn1999aa      Ia-91T     0.7243   2.65   0.2806   0.0179    -8.00  0    cut
 391  sn2005hj      Ia-91T     0.5862   2.64   0.2689   0.0153     0.50  0    cut
 392  sn2004dt      Ia-norm    0.7690   2.64   0.2914   0.0185    -5.60  0    cut
 393  sn2004ef      Ia-norm    0.7351   2.64   0.2856   0.0178    -3.30  0    cut
 394  sn2002de      Ia-norm    0.6647   2.64   0.2741   0.0163    -3.00  0    cut
 395  sn2003cg      Ia-norm    0.6417   2.64   0.2704   0.0144    -0.20  0    cut
 396  sn2004at      Ia-norm    0.6579   2.63   0.2752   0.0172    -7.40  0    cut
 397  sn2003cg      Ia-norm    0.6620   2.63   0.2723   0.0141    -5.00  0    cut
 398  sn2004dt      Ia-norm    0.7446   2.62   0.2865   0.0177    -1.00  0    cut
 399  sn2005am      Ia-norm    0.7121   2.62   0.2820   0.0172    -2.90  0    cut
 400  sn1999cl      Ia-norm    0.7080   2.62   0.2750   0.0167     0.70  0    cut
 401  sn2003ch      Ia-norm    0.6634   2.62   0.2671   0.0141    -0.20  0    cut
 402  sn2000dm      Ia-norm    0.6525   2.61   0.2700   0.0136    -2.90  0    cut
 403  sn1998dh      Ia-norm    0.6431   2.61   0.2776   0.0154    -7.50  0    cut
 404  sn2006D       Ia-norm    0.7879   2.61   0.2690   0.0155    -5.30  0    cut
 405  sn2004at      Ia-norm    0.6566   2.60   0.2778   0.0178    -8.60  0    cut
 406  sn1998ef      Ia-norm    0.6552   2.60   0.2801   0.0156    -4.50  0    cut
 407  sn2003cg      Ia-norm    0.6417   2.60   0.2700   0.0145     0.80  0    cut
 408  sn1999cl      Ia-norm    0.6999   2.60   0.2799   0.0175    -4.20  0    cut
 409  sn1998dh      Ia-norm    0.6417   2.60   0.2763   0.0153    -5.40  0    cut
 410  sn1999aa      Ia-91T     0.7283   2.59   0.2833   0.0183    -9.00  0    cut
 411  sn2006aj      Ic-broad   0.7013   2.59   0.1503   0.0265    -3.30  0    cut
 412  sn1997dt      Ia-norm    0.6444   2.58   0.2783   0.0173    -8.70  0    cut
 413  sn2004ef      Ia-norm    0.7162   2.58   0.2896   0.0184    -6.20  0    cut
 414  sn2002dj      Ia-norm    0.6471   2.58   0.2850   0.0180    -6.40  0    cut
 415  sn1998ef      Ia-norm    0.6552   2.57   0.2793   0.0158    -3.60  0    cut
 416  sn2004dt      Ia-norm    0.7527   2.57   0.2902   0.0182    -3.00  0    cut
 417  sn1997ef      Ic-broad   0.6498   2.56   0.1486   0.0321    -9.10  0    cut
 418  sn2005hk      Ia-pec     0.7162   2.56   0.1006   0.0233    -1.40  0    cut
 419  sn2003cg      Ia-norm    0.6471   2.56   0.2736   0.0152    -8.00  0    cut
 420  sn1984A       Ia-norm    0.5334   2.56   0.2900   0.0179    -2.80  0    cut
 421  sn1999cl      Ia-norm    0.6999   2.56   0.2816   0.0178    -5.20  0    cut
 422  sn2006D       Ia-norm    0.7879   2.55   0.2697   0.0162    -7.30  0    cut
 423  sn2003cq      Ia-norm    0.6701   2.55   0.2735   0.0157     0.00  0    cut
 424  sn2005hk      Ia-pec     0.7148   2.55   0.1042   0.0224    -5.30  0    cut
 425  sn2004aw      Ic-norm    0.6539   2.55   0.1353   0.0237    -5.20  0    cut
 426  sn1994T       Ia-norm    0.6065   2.55   0.2703   0.0194     0.80  0    cut
 427  sn2006gz      Ia-pec     0.6431   2.54   0.2735   0.0142    -4.50  0    cut
 428  sn1998dh      Ia-norm    0.6444   2.53   0.2790   0.0158    -8.40  0    cut
 429  sn1998dh      Ia-norm    0.6444   2.53   0.2750   0.0156    -3.50  0    cut
 430  sn1997dt      Ia-norm    0.6431   2.53   0.2709   0.0158     0.20  0    cut
 431  sn2002dj      Ia-norm    0.6471   2.53   0.2871   0.0181    -7.40  0    cut
 432  sn2002ha      Ia-norm    0.6539   2.52   0.2724   0.0152    -4.20  0    cut
 433  sn1983V       Ic-norm    0.6146   2.52   0.1298   0.0272    -4.00  0    cut
 434  sn2003cg      Ia-norm    0.5700   2.51   0.2706   0.0136    -2.30  0    cut
 435  sn2004dt      Ia-norm    0.7690   2.51   0.2925   0.0187    -6.40  0    cut
 436  sn2006nz      Ia-norm    0.7473   2.51   0.2860   0.0193    -1.70  0    cut
 437  sn1991ar      Ib-norm    0.5564   2.50   0.3659   0.0133    27.40  1    cut
 438  sn1998co      Ia-norm    0.6566   2.50   0.2697   0.0142     0.00  0    cut
 439  sn1995ac      Ia-norm    0.6918   2.49   0.1273   0.0243    -5.50  0    cut
 440  sn2002dj      Ia-norm    0.6471   2.48   0.2882   0.0185    -8.40  0    cut
 441  sn2001ah      Ia-91T     0.6931   2.47   0.2805   0.0202    -8.70  0    cut
 442  sn2000E       Ia-norm    0.6728   2.47   0.2727   0.0178    -3.40  0    cut
 443  sn2003cq      Ia-norm    0.6715   2.46   0.2755   0.0162    -1.80  0    cut
 444  sn2001V       Ia-91T     0.6498   2.46   0.2734   0.0175    -3.30  0    cut
 445  sn2001br      Ia-norm    0.6593   2.46   0.2801   0.0165    -0.40  0    cut
 446  sn2002ap      Ic-broad   0.5672   2.45   0.1378   0.0250    -5.50  0    cut
 447  sn1999cc      Ia-norm    0.6701   2.44   0.2741   0.0151    -1.20  0    cut
 448  sn1999gp      Ia-91T     0.6661   2.44   0.2754   0.0181    -2.00  0    cut
 449  sn2000E       Ia-norm    0.6850   2.44   0.2738   0.0181    -6.40  0    cut
 450  sn2004aw      Ic-norm    0.6539   2.44   0.1325   0.0275    -3.30  0    cut
 451  sn2002de      Ia-norm    0.6620   2.44   0.2755   0.0188    -5.00  0    cut
 452  sn2002hw      Ia-norm    0.6552   2.44   0.2706   0.0150    -3.20  0    cut
 453  sn2005hj      Ia-91T     0.5781   2.43   0.2710   0.0176    -5.20  0    cut
 454  sn1999ej      Ia-norm    0.6485   2.43   0.2691   0.0153    -1.80  0    cut
 455  sn1994D       Ia-norm    0.6458   2.43   0.2759   0.0162    -8.10  0    cut
 456  sn2002cr      Ia-norm    0.6485   2.43   0.2715   0.0169    -8.20  0    cut
 457  sn1999cc      Ia-norm    0.6701   2.42   0.2741   0.0153    -0.20  0    cut
 458  sn2008A       Ia-pec     0.7216   2.41   0.1103   0.0229    -6.90  0    cut
 459  sn1999dq      Ia-91T     0.6485   2.41   0.2708   0.0184    -2.50  0    cut
 460  sn1999dq      Ia-91T     0.6498   2.40   0.2691   0.0177     0.40  0    cut
 461  sn2002cd      Ia-norm    0.6471   2.40   0.2868   0.0186     0.30  0    cut
 462  mstar         M-star     0.6972   2.40   0.4128   0.0143     6.00  2    cut
 463  sn1998dh      Ia-norm    0.6471   2.39   0.2734   0.0160    -0.60  0    cut
 464  sn2004ef      Ia-norm    0.7324   2.39   0.2879   0.0191    -4.20  0    cut
 465  sn2000cx      Ia-pec     0.6214   2.39   0.2763   0.0177    -2.30  0    cut
 466  sn2003ch      Ia-norm    0.6634   2.39   0.2688   0.0155    -2.10  0    cut
 467  sn2002hw      Ia-norm    0.6566   2.38   0.2713   0.0156    -6.00  0    cut
 468  sn1986G       Ia-91bg    0.5740   2.38   0.2700   0.0170    -0.70  0    cut
 469  sn1999gp      Ia-91T     0.6661   2.38   0.2739   0.0187     0.00  0    cut
 470  sn2003cg      Ia-norm    0.5713   2.38   0.2700   0.0142    -2.80  0    cut
 471  sn1991T       Ia-91T     0.7013   2.37   0.1208   0.0259    -6.70  0    cut
 472  sn2006lf      Ia-norm    0.6552   2.37   0.2721   0.0148    -5.50  0    cut
 473  mstar         M-star     0.6972   2.37   0.2469   0.0149     4.00  2    cut
 474  sn2005A       Ia-norm    0.7189   2.37   0.2893   0.0186    -1.30  0    cut
 475  sn2002dp      Ia-norm    0.6498   2.36   0.2722   0.0166    -4.80  0    cut
 476  sn1990K       IIL        0.6214   2.36   0.2406   0.0153    55.60  1    cut
 477  sn1998ec      Ia-norm    0.6566   2.35   0.2805   0.0187    -3.00  0    cut
 478  sn2003U       Ia-norm    0.6674   2.35   0.2747   0.0162    -5.60  0    cut
 479  sn1990K       IIL        0.4535   2.35   0.2353   0.0155    50.50  1    cut
 480  sn2004dt      Ia-norm    0.7162   2.34   0.2828   0.0194    -0.70  0    cut
 481  sn1999dq      Ia-91T     0.6485   2.34   0.2715   0.0188    -3.50  0    cut
 482  sn1997br      Ia-91T     0.5713   2.34   0.5761   0.0148    -6.60  0    cut
 483  sn2004eo      Ia-norm    0.6593   2.33   0.2681   0.0160    -2.00  0    cut
 484  sn2002hw      Ia-norm    0.6566   2.32   0.2710   0.0140    -5.20  0    cut
 485  sn2002ap      Ic-broad   0.6363   2.32   0.1336   0.0321    -1.40  0    cut
 486  sn2001ep      Ia-norm    0.6525   2.32   0.2690   0.0162    -2.10  0    cut
 487  sn1984A       Ia-norm    0.5496   2.31   0.2927   0.0201    -4.90  0    cut
 488  sn2001fh      Ia-norm    0.6512   2.31   0.2702   0.0161    -1.70  0    cut
 489  sn2007qe      Ia-norm    0.7256   2.31   0.2992   0.0211    -8.60  0    cut
 490  sn1991T       Ia-91T     0.7013   2.30   0.1216   0.0260    -7.70  0    cut
 491  sn2008A       Ia-pec     0.7216   2.30   0.1111   0.0232    -7.90  0    cut
 492  sn2004aw      Ic-norm    0.6552   2.30   0.1250   0.0298    -1.30  0    cut
 493  sn1998ec      Ia-norm    0.6579   2.29   0.2817   0.0192    -3.90  0    cut
 494  sn1991N       Ic-norm    0.7879   2.29   0.2815   0.0255     6.60  1    cut
 495  sn2001ep      Ia-norm    0.6525   2.29   0.2688   0.0168    -1.10  0    cut
 496  sn1999ex      Ib-norm    0.7649   2.28   0.2789   0.0242    -4.50  0    cut
 497  sn2005hk      Ia-pec     0.7879   2.28   0.1028   0.0246    -5.10  0    cut
 498  sn2003fa      Ia-91T     0.5672   2.28   0.2749   0.0187    -5.60  0    cut
 499  kcS0          Gal        0.7879   2.28   0.4113   0.0178   -99.90  2    cut
 500  sn2008ar      Ia-norm    0.6688   2.28   0.2728   0.0191    -1.70  0    cut
 501  sn1999by      Ia-91bg    0.7013   2.27   0.2656   0.0179    -3.00  0    cut
 502  sn2001ep      Ia-norm    0.6525   2.27   0.2677   0.0165    -0.10  0    cut
 503  sn1994D       Ia-norm    0.6187   2.27   0.2764   0.0173    -9.20  0    cut
 504  sn2001fh      Ia-norm    0.6498   2.27   0.2708   0.0169    -3.60  0    cut
 505  sn2001V       Ia-91T     0.6512   2.27   0.2749   0.0183    -5.40  0    cut
 506  sn2000E       Ia-norm    0.6620   2.27   0.2723   0.0185    -2.30  0    cut
 507  sn2005bl      Ia-91bg    0.7392   2.26   0.2686   0.0183    -4.90  0    cut
 508  sn2001ep      Ia-norm    0.6525   2.26   0.2701   0.0167    -3.10  0    cut
 509  sn2003kc      Ia-norm    0.6715   2.26   0.2761   0.0180    -0.90  0    cut
 510  sn2000cx      Ia-pec     0.6227   2.25   0.2754   0.0179    -0.30  0    cut
 511  sn1997ef      Ic-broad   0.6485   2.25   0.1440   0.0364    -6.10  0    cut
 512  sn1986G       Ia-91bg    0.5916   2.24   0.2709   0.0191     0.30  0    cut
 513  kcSB4         Gal        0.7879   2.24   0.2293   0.0149   -99.90  2    cut
 514  sn2006lf      Ia-norm    0.6539   2.24   0.2741   0.0152    -7.50  0    cut
 515  sn1990K       IIL        0.5510   2.24   0.2368   0.0173    76.30  1    cut
 516  sn1999cc      Ia-norm    0.6701   2.23   0.2763   0.0161    -3.20  0    cut
 517  sn2001ep      Ia-norm    0.6525   2.23   0.2668   0.0164     0.80  0    cut
 518  sn2005hk      Ia-pec     0.7148   2.23   0.1046   0.0242    -6.30  0    cut
 519  sn2001fh      Ia-norm    0.6498   2.23   0.2706   0.0163    -2.60  0    cut
 520  sn2006bp      IIP        0.5348   2.23   0.2474   0.0186    -4.60  0    cut
 521  sn1991ar      Ib-norm    0.4860   2.23   0.3656   0.0157    15.80  1    cut
 522  sn2004as      Ia-norm    0.6701   2.23   0.2788   0.0188    -2.90  0    cut
 523  sn1999gp      Ia-91T     0.6647   2.22   0.2791   0.0206    -4.80  0    cut
 524  sn2000dk      Ia-norm    0.6566   2.22   0.2693   0.0158     0.80  0    cut
 525  sn2003W       Ia-norm    0.6579   2.22   0.2956   0.0238    -6.30  0    cut
 526  sn2002bo      Ia-norm    0.6417   2.22   0.2817   0.0194    -4.30  0    cut
 527  sn2006aj      Ic-broad   0.7554   2.22   0.1617   0.0299    -5.30  0    cut
 528  sn2003W       Ia-norm    0.6579   2.22   0.2995   0.0224    -8.20  0    cut
 529  sn2002bo      Ia-norm    0.6417   2.21   0.2828   0.0195    -5.40  0    cut
 530  lbv2003hy     LBV        0.6620   2.20   0.2458   0.0198   -99.90  2    cut
 531  sn2000dk      Ia-norm    0.6566   2.20   0.2735   0.0163    -4.20  0    cut
 532  sn2002bo      Ia-norm    0.6417   2.20   0.2838   0.0196    -6.30  0    cut
 533  sn2002fb      Ia-91bg    0.6539   2.20   0.2739   0.0188    -4.50  0    cut
 534  sn2003cq      Ia-norm    0.6701   2.19   0.2791   0.0179    -5.80  0    cut
 535  sn1999dq      Ia-91T     0.6498   2.19   0.2727   0.0200    -4.50  0    cut
 536  sn2002fb      Ia-91bg    0.6525   2.19   0.2727   0.0200    -2.70  0    cut
 537  sn2002bo      Ia-norm    0.6417   2.19   0.2851   0.0195    -7.30  0    cut
 538  sn2004as      Ia-norm    0.6688   2.19   0.2810   0.0193    -4.90  0    cut
 539  sn1999cl      Ia-norm    0.6931   2.18   0.2853   0.0197    -7.30  0    cut
 540  sn2002bo      Ia-norm    0.6417   2.18   0.2809   0.0198    -3.40  0    cut
 541  sn2007ax      Ia-91bg    0.7135   2.18   0.2679   0.0213    -0.80  0    cut
 542  sn1997ef      Ic-broad   0.7663   2.18   0.1442   0.0369    -5.00  0    cut
 543  sn1999ex      Ib-norm    0.7798   2.18   0.2757   0.0262     0.40  0    cut
 544  sn2006aj      Ic-broad   0.7568   2.18   0.1531   0.0317    -2.40  0    cut
 545  sn2006gz      Ia-pec     0.7270   2.17   0.2765   0.0140    -8.40  0    cut
 546  sn1999ac      Ia-91T     0.6485   2.17   0.2732   0.0207    -3.90  0    cut
 547  mstar         M-star     0.6986   2.17   0.4123   0.0136     5.00  2    cut
 548  sn1997ef      Ic-broad   0.6498   2.17   0.1403   0.0370    -5.10  0    cut
 549  sn2004as      Ia-norm    0.6674   2.16   0.2840   0.0195    -6.80  0    cut
 550  sn1998bp      Ia-norm    0.6498   2.16   0.2696   0.0163    -1.90  0    cut
 551  sn1997E       Ia-norm    0.6566   2.16   0.2742   0.0158    -3.70  0    cut
 552  sn1994D       Ia-norm    0.6363   2.15   0.2742   0.0157    -8.20  0    cut
 553  sn2004dt      Ia-norm    0.7473   2.15   0.2925   0.0207    -4.50  0    cut
 554  sn2000dk      Ia-norm    0.6566   2.15   0.2748   0.0170    -5.10  0    cut
 555  sn2004as      Ia-norm    0.6701   2.15   0.2780   0.0192    -2.00  0    cut
 556  sn2004as      Ia-norm    0.6701   2.15   0.2802   0.0197    -3.90  0    cut
 557  sn1999ac      Ia-91T     0.6485   2.15   0.2724   0.0208    -2.90  0    cut
 558  kcSB3         Gal        0.7879   2.15   0.2316   0.0166   -99.90  2    cut
 559  sn2004as      Ia-norm    0.6701   2.14   0.2834   0.0199    -5.90  0    cut
 560  sn2002bo      Ia-norm    0.6417   2.14   0.2866   0.0197    -8.40  0    cut
 561  sn2005cf      Ia-norm    0.6431   2.14   0.2768   0.0230    -8.70  0    cut
 562  sn1991T       Ia-91T     0.7013   2.13   0.1227   0.0272    -8.70  0    cut
 563  sn1999by      Ia-91bg    0.6024   2.13   0.2707   0.0210    -5.00  0    cut
 564  sn2004as      Ia-norm    0.6701   2.13   0.2755   0.0191    -0.10  0    cut
 565  sn1998bp      Ia-norm    0.6498   2.13   0.2702   0.0166    -2.90  0    cut
 566  sn1999aa      Ia-91T     0.6471   2.13   0.2707   0.0217    -5.00  0    cut
 567  sn1998bp      Ia-norm    0.6498   2.13   0.2688   0.0164    -0.90  0    cut
 568  sn2002he      Ia-norm    0.6620   2.13   0.2836   0.0168    -8.10  0    cut
 569  sn2002bo      Ia-norm    0.6417   2.12   0.2798   0.0200    -2.40  0    cut
 570  sn1987A       II-pec     0.5740   2.12   0.2886   0.0349    -8.70  0    cut
 571  sn2001V       Ia-91T     0.6498   2.12   0.2763   0.0201    -6.40  0    cut
 572  lbv2003hy     LBV        0.6593   2.12   0.2470   0.0169   -99.90  2    cut
 573  sn1986G       Ia-91bg    0.6728   2.11   0.2751   0.0186    -3.70  0    cut
 574  sn2001gc      Ia-norm    0.6579   2.11   0.2938   0.0194    -8.50  0    cut
 575  sn2001bf      Ia-norm    0.6512   2.11   0.2722   0.0211     0.80  0    cut
 576  sn2007ax      Ia-91bg    0.7121   2.11   0.2691   0.0215    -1.90  0    cut
 577  mstar         M-star     0.6986   2.11   0.2471   0.0164     7.00  2    cut
 578  sn2004as      Ia-norm    0.6701   2.11   0.2767   0.0195    -1.00  0    cut
 579  sn2001el      Ia-norm    0.5307   2.11   0.2784   0.0159    -3.80  0    cut
 580  sn2001ep      Ia-norm    0.6525   2.11   0.2734   0.0180    -7.00  0    cut
 581  sn2002ap      Ic-broad   0.6363   2.10   0.1310   0.0343    -0.40  0    cut
 582  sn2002dl      Ia-91bg    0.6552   2.10   0.2764   0.0178    -8.40  0    cut
 583  sn2003W       Ia-norm    0.6579   2.10   0.2894   0.0252    -3.30  0    cut
 584  sn1986G       Ia-91bg    0.5916   2.10   0.2724   0.0181    -3.00  0    cut
 585  sn1998bp      Ia-norm    0.6485   2.10   0.2679   0.0166     0.10  0    cut
 586  sn1997dd      IIb        0.7135   2.09   0.2396   0.0170     0.00  1    cut
 587  sn1999dq      Ia-91T     0.6498   2.08   0.2727   0.0207    -5.50  0    cut
 588  sn2003W       Ia-norm    0.6579   2.08   0.2928   0.0229    -5.30  0    cut
 589  sn2002bo      Ia-norm    0.6417   2.08   0.2791   0.0203    -1.50  0    cut
 590  sn2003kc      Ia-norm    0.6715   2.07   0.2823   0.0191    -5.70  0    cut
 591  sn2002G       Ia-norm    0.6728   2.07   0.2770   0.0187    -2.50  0    cut
 592  sn2002jg      Ia-norm    0.6552   2.07   0.2720   0.0160    -3.40  0    cut
 593  sn1997dq      Ic-broad   0.7703   2.07   0.2748   0.0335     1.00  1    cut
 594  sn2005hk      Ia-pec     0.6837   2.06   0.1030   0.0298    -4.20  0    cut
 595  sn1986G       Ia-91bg    0.6728   2.06   0.2736   0.0186    -2.70  0    cut
 596  sn1997bp      Ia-norm    0.6512   2.06   0.2885   0.0211    -1.20  0    cut
 597  kcE           Gal        0.7879   2.06   0.2391   0.0220   -99.90  2    cut
 598  sn2003W       Ia-norm    0.6593   2.06   0.3022   0.0225    -9.10  0    cut
 599  sn2005hk      Ia-pec     0.7595   2.06   0.1044   0.0255    -8.30  0    cut
 600  sn1991A       Ic-norm    0.5009   2.06   0.3766   0.0182    16.80  1    cut
 601  sn2002G       Ia-norm    0.6728   2.05   0.2786   0.0189    -4.40  0    cut
 602  sn2003fa      Ia-91T     0.6783   2.05   0.2757   0.0243    -7.60  0    cut
 603  sn2000cn      Ia-91bg    0.6620   2.05   0.2787   0.0185    -7.30  0    cut
 604  sn2002cu      Ia-norm    0.6607   2.05   0.2813   0.0211    -3.30  0    cut
 605  sn2002fb      Ia-91bg    0.6539   2.04   0.2712   0.0239     0.30  0    cut
 606  sn1995F       Ic-norm    0.7879   2.04   0.2619   0.0270    35.70  1    cut
 607  sn2007if      Ia-pec     0.5889   2.03   0.5711   0.0198    -6.60  0    cut
 608  sn1995F       Ic-norm    0.7324   2.03   0.2610   0.0236    56.90  1    cut
 609  sn1999ac      Ia-91T     0.6485   2.03   0.2702   0.0217    -0.90  0    cut
 610  sn1997bq      Ia-norm    0.6525   2.03   0.2877   0.0214    -5.60  0    cut
 611  sn2005cg      Ia-norm    0.5618   2.03   0.2819   0.0204    -8.80  0    cut
 612  sn1994I       Ic-norm    0.6363   2.03   0.1226   0.0327    -3.60  0    cut
 613  sn2003W       Ia-norm    0.6579   2.03   0.2961   0.0229    -7.30  0    cut
 614  kcSB6         Gal        0.7879   2.02   0.2292   0.0178   -99.90  2    cut
 615  sn2001da      Ia-norm    0.6552   2.01   0.2759   0.0197    -2.00  0    cut
 616  sn2004as      Ia-norm    0.6674   2.01   0.2869   0.0206    -7.80  0    cut
 617  sn2003kc      Ia-norm    0.6715   2.01   0.2858   0.0217    -7.60  0    cut
 618  sn1997bp      Ia-norm    0.6498   2.00   0.2879   0.0215    -0.20  0    cut
 619  sn2006bp      IIP        0.5348   2.00   0.2512   0.0189    -5.70  0    cut
 620  sn1997bq      Ia-norm    0.6525   2.00   0.2895   0.0216    -6.60  0    cut
 621  sn1999dq      Ia-91T     0.6498   2.00   0.2740   0.0222    -6.40  0    cut
 622  sn1998ab      Ia-91T     0.6647   2.00   0.1266   0.0288    -7.80  0    cut
 623  sn1995F       Ic-norm    0.7311   1.99   0.2632   0.0302     0.20  1    cut
 624  sn2002dl      Ia-91bg    0.6552   1.99   0.2758   0.0189    -7.40  0    cut
 625  sn2002cu      Ia-norm    0.6607   1.99   0.2894   0.0229    -6.30  0    cut
 626  sn2002er      Ia-norm    0.6525   1.99   0.2832   0.0192    -8.00  0    cut
 627  sn1984A       Ia-norm    0.5212   1.99   0.2953   0.0215    -5.90  0    cut
 628  sn1991ar      Ib-norm    0.5348   1.99   0.3683   0.0165     0.00  1    cut
 629  lbv2003hy     LBV        0.6634   1.99   0.2521   0.0210   -99.90  2    cut
 630  sn2005hk      Ia-pec     0.6079   1.98   0.5549   0.0173    -7.30  0    cut
 631  sn2005hk      Ia-pec     0.7162   1.98   0.1061   0.0260    -7.30  0    cut
 632  sn2005hk      Ia-pec     0.6079   1.98   0.5550   0.0179    -6.30  0    cut
 633  mstar         M-star     0.6999   1.98   0.9914   0.0149     2.00  2    cut
 634  sn2001V       Ia-91T     0.6525   1.97   0.2771   0.0208    -7.40  0    cut
 635  sn2002dl      Ia-91bg    0.6552   1.97   0.2749   0.0188    -6.50  0    cut
 636  sn2004ef      Ia-norm    0.7351   1.97   0.2985   0.0214    -8.10  0    cut
 637  sn2002ap      Ic-broad   0.6403   1.97   0.1280   0.0368     0.60  0    cut
 638  sn2000cx      Ia-pec     0.6106   1.97   0.2748   0.0179    -1.30  0    cut
 639  sn2000cx      Ia-pec     0.6417   1.96   0.2753   0.0207    -0.40  0    cut
 640  sn1997ef      Ic-broad   0.6485   1.96   0.1381   0.0403    -4.10  0    cut
 641  sn1987A       II-pec     0.5767   1.96   0.2904   0.0890    -4.70  0    cut
 642  sn1987A       II-pec     0.5767   1.95   0.2882   0.0384    -2.70  0    cut
 643  sn2002bo      Ia-norm    0.6755   1.95   0.2832   0.0201    -4.70  0    cut
 644  kcSc          Gal        0.7879   1.95   0.2301   0.0225   -99.90  2    cut
 645  sn2000cx      Ia-pec     0.6431   1.95   0.2757   0.0220    -1.30  0    cut
 646  sn2002dj      Ia-norm    0.7365   1.94   0.2942   0.0210    -8.60  0    cut
 647  sn1990K       IIL        0.6485   1.94   0.2399   0.0178   119.10  1    cut
 648  sn1986G       Ia-91bg    0.6742   1.94   0.2756   0.0197    -4.70  0    cut
 649  sn2000cn      Ia-91bg    0.6607   1.93   0.2797   0.0193    -8.30  0    cut
 650  sn2006br      Ia-norm    0.6769   1.93   0.2765   0.0203     0.20  0    cut
 651  sn2005hk      Ia-pec     0.7148   1.92   0.1068   0.0265    -8.30  0    cut
 652  sn1997bp      Ia-norm    0.6512   1.92   0.2874   0.0218     0.80  0    cut
 653  sn1991A       Ic-norm    0.5375   1.92   0.3748   0.0159    65.10  1    cut
 654  lbv2003hy     LBV        0.6620   1.92   0.2487   0.0227   -99.90  2    cut
 655  sn1999by      Ia-91bg    0.6417   1.92   0.2691   0.0219    -4.10  0    cut
 656  sn2002cx      Ia-pec     0.6566   1.91   0.5571   0.0181    -4.30  0    cut
 657  sn2002cf      Ia-91bg    0.6539   1.91   0.2736   0.0209    -5.40  0    cut
 658  sn1991N       Ic-norm    0.7879   1.90   0.2818   0.0274     7.60  1    cut
 659  sn1997bq      Ia-norm    0.6525   1.90   0.2923   0.0220    -8.70  0    cut
 660  mstar         M-star     0.6959   1.90   0.9960   0.0161     1.00  2    cut
 661  sn2003fa      Ia-91T     0.6769   1.90   0.2758   0.0239    -6.60  0    cut
 662  sn2004aw      Ic-norm    0.6539   1.90   0.1255   0.0363     0.80  0    cut
 663  sn1999cl      Ia-norm    0.6458   1.90   0.2857   0.0212    -8.30  0    cut
 664  sn2001da      Ia-norm    0.6552   1.90   0.2740   0.0199     0.00  0    cut
 665  sn2007cq      Ia-91T     0.7270   1.89   0.2668   0.0203    -4.00  0    cut
 666  sn1991A       Ic-norm    0.5496   1.89   0.3749   0.0171    47.50  1    cut
 667  sn1999dq      Ia-91T     0.6498   1.88   0.2755   0.0236    -7.40  0    cut
 668  mstar         M-star     0.6986   1.88   0.4137   0.0120    10.00  2    cut
 669  kcSa          Gal        0.7879   1.88   0.2314   0.0161   -99.90  2    cut
 670  sn2000cx      Ia-pec     0.6160   1.87   0.2774   0.0238    -4.30  0    cut
 671  kcSB5         Gal        0.7879   1.87   0.2302   0.0178   -99.90  2    cut
 672  sn1997bq      Ia-norm    0.6525   1.87   0.2911   0.0230    -7.70  0    cut
 673  sn1999cl      Ia-norm    0.6783   1.86   0.2780   0.0214    -2.30  0    cut
 674  mstar         M-star     0.6986   1.85   0.2480   0.0146     8.00  2    cut
 675  sn1999cl      Ia-norm    0.6796   1.85   0.2766   0.0213    -1.30  0    cut
 676  sn2006bz      Ia-91bg    0.7297   1.85   0.2664   0.0206     0.70  0    cut
 677  sn2005ke      Ia-91bg    0.7053   1.85   0.2610   0.0202     0.50  0    cut
 678  sn1995F       Ic-norm    0.7324   1.84   0.2592   0.0260    35.80  1    cut
 679  sn1990K       IIL        0.6390   1.84   0.2542   0.0223     0.00  1    cut
 680  sn2005bl      Ia-91bg    0.6403   1.84   0.2711   0.0198    -2.90  0    cut
 681  lbv2003hy     LBV        0.6607   1.83   0.2507   0.0225   -99.90  2    cut
 682  sn1983V       Ic-norm    0.6038   1.83   0.1457   0.0310    -7.00  0    cut
 683  sn2003fa      Ia-91T     0.6769   1.83   0.2779   0.0251    -8.50  0    cut
 684  sn2003W       Ia-norm    0.6579   1.83   0.2893   0.0258    -2.30  0    cut
 685  sn1991N       Ic-norm    0.7879   1.83   0.2826   0.0328     5.70  1    cut
 686  kcSb          Gal        0.7879   1.82   0.4101   0.0229   -99.90  2    cut
 687  sn2007Y       Ib-norm    0.6200   1.82   0.1229   0.0319    -9.00  0    cut
 688  sn2004dt      Ia-norm    0.5713   1.81   0.2880   0.0228    -2.00  0    cut
 689  lbv1999bw     LBV        0.5930   1.80   0.1617   0.0102   -99.90  2    cut
 690  lbv2003hy     LBV        0.6593   1.80   0.7461   0.0151   -99.90  2    cut
 691  lbv2003hy     LBV        0.6607   1.80   0.7515   0.0132   -99.90  2    cut
 692  sn1991N       Ic-norm    0.7879   1.79   0.1020   0.0377    12.00  1    cut
 693  sn1999dq      Ia-91T     0.6512   1.78   0.2769   0.0248    -8.50  0    cut
 694  lbv2001ac     LBV        0.7784   1.78   0.2132   0.0234   -99.90  2    cut
 695  sn1995bd      Ia-91T     0.6579   1.77   0.5835   0.0183    -7.10  0    cut
 696  sn2005bl      Ia-91bg    0.6403   1.77   0.2698   0.0251    -5.90  0    cut
 697  sn2003W       Ia-norm    0.6579   1.75   0.2870   0.0255    -0.40  0    cut
 698  sn1999aw      Ia-91T     0.5320   1.75   0.2760   0.0177    -1.00  0    cut
 699  sn1988L       Ib-norm    0.5727   1.75   0.7699   0.0178     0.00  1    cut
 700  sn2004dt      Ia-norm    0.5767   1.75   0.2925   0.0221    -8.90  0    cut
 701  sn2007if      Ia-pec     0.7879   1.74   0.1181   0.0295    -9.20  0    cut
 702  sn2003gn      Ia-norm    0.6728   1.73   0.2782   0.0216    -3.00  0    cut
 703  sn1997br      Ia-91T     0.6119   1.73   0.5752   0.0186    -8.60  0    cut
 704  sn1993J       IIb        0.6931   1.73   0.2439   0.0198    -2.40  0    cut
 705  sn1995F       Ic-norm    0.7324   1.72   0.2556   0.0275    29.10  1    cut
 706  mstar         M-star     0.6972   1.72   1.0006   0.0178     0.00  2    cut
 707  sn1986G       Ia-91bg    0.6539   1.72   0.2742   0.0212    -2.20  0    cut
 708  sn2001ay      Ia-norm    0.6674   1.71   0.2845   0.0215    -1.50  0    cut
 709  sn2008D       Ib-pec     0.6282   1.71   0.1243   0.0342    -6.60  0    cut
 710  sn1995bd      Ia-91T     0.6579   1.70   0.5883   0.0186    -9.10  0    cut
 711  sn2007cq      Ia-91T     0.7283   1.70   0.2672   0.0233    -5.00  0    cut
 712  lbv2003hy     LBV        0.6607   1.70   0.2535   0.0232   -99.90  2    cut
 713  sn2007if      Ia-pec     0.6011   1.70   0.2603   0.0235    -2.90  0    cut
 714  mstar         M-star     0.6972   1.69   0.2484   0.0148     9.00  2    cut
 715  sn1999di      Ib-norm    0.4630   1.69   0.3738   0.0231    30.50  1    cut
 716  sn1997cy      IIn        0.7608   1.68   0.1597   0.0227   377.70  1    cut
 717  sn1994I       Ic-norm    0.6417   1.68   0.1202   0.0375    -2.50  0    cut
 718  sn1997br      Ia-91T     0.6458   1.68   0.5778   0.0189    -8.00  0    cut
 719  sn1986G       Ia-91bg    0.6566   1.67   0.2733   0.0216    -1.20  0    cut
 720  sn2003W       Ia-norm    0.6539   1.67   0.2864   0.0264     0.60  0    cut
 721  sn1984A       Ia-norm    0.4955   1.67   0.2976   0.0212    -7.00  0    cut
 722  sn2005gj      Ia-csm     0.6363   1.66   0.2519   0.0245    -1.80  0    cut
 723  sn1999dn      Ib-norm    0.5740   1.66   0.3683   0.0198    27.70  1    cut
 724  sn1986G       Ia-91bg    0.6552   1.66   0.2696   0.0216    -0.20  0    cut
 725  sn2002cu      Ia-norm    0.6607   1.65   0.2983   0.0237    -8.20  0    cut
 726  sn1999gi      IIP        0.6322   1.65   0.2507   0.0261    -7.00  0    cut
 727  sn1999da      Ia-91bg    0.6485   1.65   0.2710   0.0229    -2.60  0    cut
 728  sn1997br      Ia-91T     0.6485   1.65   0.5770   0.0193    -7.00  0    cut
 729  sn2004aw      Ic-norm    0.6539   1.64   0.2779   0.0258    -2.20  0    cut
 730  sn2004dt      Ia-norm    0.6607   1.64   0.2887   0.0256    -6.50  0    cut
 731  lbv2003hy     LBV        0.6593   1.64   0.7511   0.0162   -99.90  2    cut
 732  sn1993J       IIb        0.7879   1.63   0.2428   0.0208    -4.00  0    cut
 733  sn1997br      Ia-91T     0.6376   1.63   0.5746   0.0191    -7.60  0    cut
 734  sn1994T       Ia-norm    0.5984   1.62   0.2764   0.0237    -0.20  0    cut
 735  sn1990K       IIL        0.6065   1.62   0.2438   0.0197    53.30  1    cut
 736  sn2006bz      Ia-91bg    0.6607   1.62   0.2723   0.0265    -1.40  0    cut
 737  kcSB2         Gal        0.7879   1.61   0.0317   0.0112   -99.90  2    cut
 738  sn1994T       Ia-norm    0.5984   1.61   0.2737   0.0239     0.80  0    cut
 739  sn1993J       IIb        0.6755   1.60   0.2438   0.0216    -1.60  0    cut
 740  sn1997br      Ia-91T     0.6661   1.59   0.1271   0.0332    -4.60  0    cut
 741  sn2004ef      Ia-norm    0.7324   1.59   0.2993   0.0257    -7.10  0    cut
 742  sn1993J       IIb        0.7419   1.59   0.2436   0.0203    -5.00  0    cut
 743  sn1991A       Ic-norm    0.6011   1.59   0.3765   0.0175    32.60  1    cut
 744  sn2006lf      Ia-norm    0.6566   1.58   0.2765   0.0234    -8.40  0    cut
 745  sn2002ap      Ic-broad   0.7080   1.58   0.1405   0.0431    -2.40  0    cut
 746  sn1993J       IIb        0.7879   1.58   0.2420   0.0198    -3.00  0    cut
 747  sn1994I       Ic-norm    0.6742   1.57   0.1135   0.0465     0.10  0    cut
 748  sn1997dq      Ic-broad   0.7690   1.57   0.2671   0.0305    81.70  1    cut
 749  sn1986G       Ia-91bg    0.6552   1.56   0.2711   0.0223     0.80  0    cut
 750  sn1998de      Ia-91bg    0.6539   1.56   0.2835   0.0257    -6.20  0    cut
 751  sn2005A       Ia-norm    0.6390   1.56   0.2840   0.0249     0.60  0    cut
 752  sn1997dq      Ic-broad   0.7297   1.56   0.2715   0.0324    27.90  1    cut
 753  sn1997dq      Ic-broad   0.7297   1.55   0.2714   0.0324    27.90  1    cut
 754  sn1993J       IIb        0.7879   1.55   0.2414   0.0208    -2.00  0    cut
 755  lbv1999bw     LBV        0.6417   1.55   0.1619   0.0118   -99.90  2    cut
 756  sn2001N       Ia-norm    0.6579   1.55   0.2794   0.0251     0.70  0    cut
 757  sn2006bp      IIP        0.5348   1.55   0.2409   0.0217    -1.70  0    cut
 758  sn1994I       Ic-norm    0.6417   1.54   0.1198   0.0398    -1.60  0    cut
 759  sn1998T       Ib-norm    0.4968   1.54   0.3695   0.0210     0.00  1    cut
 760  sn1997cy      IIn        0.7608   1.54   0.3029   0.0248   226.10  1    cut
 761  sn1990K       IIL        0.5794   1.54   0.2408   0.0202   160.90  1    cut
 762  sn2002cx      Ia-pec     0.6620   1.53   0.2496   0.0195    -1.40  0    cut
 763  sn1998de      Ia-91bg    0.6539   1.53   0.2805   0.0252    -5.20  0    cut
 764  sn1991A       Ic-norm    0.4833   1.52   0.2872   0.0202   128.30  1    cut
 765  sn1998de      Ia-91bg    0.6241   1.52   0.2859   0.0269    -7.20  0    cut
 766  sn1998de      Ia-91bg    0.6552   1.52   0.2775   0.0251    -3.20  0    cut
 767  sn1990aa      Ic-norm    0.6051   1.51   0.2814   0.0207   116.10  1    cut
 768  agn           AGN        0.7879   1.51   0.2406   0.0221   -99.90  2    cut
 769  sn1997dc      Ib-norm    0.5754   1.50   0.3658   0.0222     0.00  1    cut
 770  sn2005bf      Ib-pec     0.7189   1.50   0.2575   0.0350    -4.60  0    cut
 771  sn1997cy      IIn        0.7283   1.50   0.1615   0.0257   174.50  1    cut
 772  sn2005hk      Ia-pec     0.6823   1.49   0.1073   0.0358    -6.30  0    cut
 773  sn2005bf      Ib-pec     0.7189   1.49   0.2523   0.0335    -5.60  0    cut
 774  sn1998de      Ia-91bg    0.6552   1.49   0.2737   0.0247    -0.30  0    cut
 775  sn1990K       IIL        0.5659   1.49   0.1596   0.0238   201.60  1    cut
 776  mstar         M-star     0.6999   1.47   0.2449   0.0194     3.00  2    cut
 777  sn1998de      Ia-91bg    0.6539   1.46   0.2769   0.0254    -2.20  0    cut
 778  sn2004dj      IIP        0.4928   1.46   0.2309   0.0267     0.00  1    cut
 779  sn2005bf      Ib-pec     0.7202   1.46   0.2526   0.0334    -7.60  0    cut
 780  lbv2003hy     LBV        0.6593   1.46   0.2489   0.0211   -99.90  2    cut
 781  sn2005bf      Ib-pec     0.7216   1.46   0.2499   0.0338    -3.60  0    cut
 782  sn2003Y       Ia-91bg    0.6539   1.45   0.2717   0.0296    -5.30  0    cut
 783  sn2004dj      IIP        0.5659   1.45   0.2455   0.0300    89.80  1    cut
 784  sn1991A       Ic-norm    0.5375   1.45   0.3773   0.0250    10.90  1    cut
 785  sn1987A       II-pec     0.6173   1.44   0.2984   0.0220    -2.00  0    cut
 786  sn1997cy      IIn        0.7595   1.44   0.1605   0.0281    71.30  1    cut
 787  sn2004et      IIP        0.6999   1.42   0.2410   0.0216    -0.90  0    cut
 788  sn2007Y       Ib-norm    0.7446   1.42   0.2552   0.0360    -2.00  0    cut
 789  sn1999di      Ib-norm    0.5794   1.42   0.3622   0.0245    23.60  1    cut
 790  sn1991N       Ic-norm    0.5889   1.41   0.2848   0.0212   276.10  1    cut
 791  lbv2003hy     LBV        0.6607   1.41   0.1875   0.0208   -99.90  2    cut
 792  sn1990K       IIL        0.5957   1.41   0.1584   0.0264   202.50  1    cut
 793  sn1997ei      Ic-norm    0.4968   1.41   0.7568   0.0220     0.00  1    cut
 794  sn1999gi      IIP        0.6322   1.40   0.2410   0.0249    -5.00  0    cut
 795  sn1988L       Ib-norm    0.5239   1.39   0.3731   0.0204    47.70  1    cut
 796  sn1999dn      Ib-norm    0.6539   1.39   0.2907   0.0302     0.00  1    cut
 797  sn2003Y       Ia-91bg    0.6539   1.39   0.2708   0.0229    -3.40  0    cut
 798  sn1990K       IIL        0.6200   1.39   0.2411   0.0201   174.70  1    cut
 799  sn2004dj      IIP        0.5144   1.38   0.2418   0.0258    51.90  1    cut
 800  kcSB1         Gal        0.7879   1.38   0.2300   0.0116   -99.90  2    cut
 801  sn2005bf      Ib-pec     0.7216   1.38   0.2475   0.0347    -1.60  0    cut
 802  sn1997cy      IIn        0.7608   1.37   0.1620   0.0279   116.80  1    cut
 803  sn2007if      Ia-pec     0.5713   1.37   0.9866   0.0197    -7.50  0    cut
 804  sn2004dj      IIP        0.4941   1.36   0.2260   0.0278     2.70  1    cut
 805  sn2004dj      IIP        0.5172   1.36   0.2423   0.0263    50.00  1    cut
 806  sn2006bz      Ia-91bg    0.7256   1.36   0.2638   0.0227    -0.30  0    cut
 807  sn2005bf      Ib-pec     0.7216   1.35   0.2460   0.0354    -2.70  0    cut
 808  sn1997cy      IIn        0.7879   1.35   0.2834   0.0218   196.10  1    cut
 809  sn2005cs      IIP        0.5415   1.34   0.2336   0.0233     0.80  0    cut
 810  sn1994I       Ic-norm    0.6403   1.34   0.1189   0.0439    -0.60  0    cut
 811  sn1987A       II-pec     0.5740   1.33   0.2748   0.0461    -6.70  0    cut
 812  sn1997cy      IIn        0.7622   1.33   0.1587   0.0295    57.20  1    cut
 813  sn2004dj      IIP        0.5172   1.32   0.2420   0.0274    48.00  1    cut
 814  sn1990K       IIL        0.6444   1.32   0.2424   0.0170   174.70  1    cut
 815  sn1997dd      IIb        0.6525   1.32   0.2330   0.0223    16.40  1    cut
 816  sn2004dj      IIP        0.5185   1.31   0.2413   0.0271    50.60  1    cut
 817  sn1999em      IIP        0.6376   1.30   0.2385   0.0235    -3.60  0    cut
 818  sn2004dj      IIP        0.5158   1.30   0.2422   0.0270    46.80  1    cut
 819  sn1991N       Ic-norm    0.7717   1.29   0.2752   0.0302    27.90  1    cut
 820  sn1997dd      IIb        0.6512   1.29   0.2352   0.0255     3.60  1    cut
 821  sn2004dj      IIP        0.4928   1.27   0.2254   0.0292     5.00  1    cut
 822  sn1997dq      Ic-broad   0.6485   1.27   0.2867   0.0286   222.20  1    cut
 823  sn1990aa      Ic-norm    0.6051   1.26   0.3741   0.0205    61.50  1    cut
 824  lbv2001ac     LBV        0.6431   1.26   0.2515   0.0212   -99.90  2    cut
 825  sn1997cy      IIn        0.7879   1.26   0.3008   0.0259    29.40  1    cut
 826  sn1998dt      Ib-norm    0.6539   1.25   0.1240   0.0396     0.00  0    cut
 827  sn1995F       Ic-norm    0.6607   1.25   0.2728   0.0405    11.00  1    cut
 828  sn2003bg      IIb        0.6173   1.25   0.3485   0.0265    -7.40  0    cut
 829  sn2005cs      IIP        0.7026   1.24   0.2342   0.0234    -1.90  0    cut
 830  sn1991A       Ic-norm    0.5564   1.23   0.2841   0.0267    61.40  1    cut
 831  sn1991N       Ic-norm    0.7879   1.23   0.2832   0.0231   250.20  1    cut
 832  sn2006cj      Ia-norm    0.6552   1.22   0.2879   0.0458    -2.10  0    cut
 833  sn1999em      IIP        0.7568   1.21   0.2386   0.0233     0.20  0    cut
 834  sn2003Y       Ia-91bg    0.6539   1.21   0.2818   0.0617    -6.30  0    cut
 835  sn2004dj      IIP        0.4914   1.20   0.2226   0.0297     8.00  1    cut
 836  sn2005bf      Ib-pec     0.7202   1.20   0.2440   0.0381    -0.70  0    cut
 837  sn1997cy      IIn        0.7608   1.19   0.1600   0.0347    14.10  1    cut
 838  sn1999gi      IIP        0.6336   1.19   0.2373   0.0270    -4.00  0    cut
 839  sn1995F       Ic-norm    0.7053   1.19   0.2664   0.0265    88.80  1    cut
 840  sn1997cy      IIn        0.7608   1.18   0.1882   0.0323   125.30  1    cut
 841  sn2004et      IIP        0.6999   1.18   0.2403   0.0239    -1.90  0    cut
 842  sn2006bp      IIP        0.5334   1.18   0.2413   0.0257     0.10  0    cut
 843  sn1997dq      Ic-broad   0.6417   1.18   0.2818   0.0524    14.90  1    cut
 844  sn1999di      Ib-norm    0.5808   1.18   0.3618   0.0267     0.00  1    cut
 845  sn1999em      IIP        0.6363   1.17   0.2365   0.0252    -2.60  0    cut
 846  sn2004et      IIP        0.6999   1.17   0.2407   0.0243    -2.90  0    cut
 847  sn1997dq      Ic-broad   0.6403   1.16   0.2764   0.0585     0.00  1    cut
 848  sn1997dq      Ic-broad   0.4549   1.15   0.3736   0.0279    42.80  1    cut
 849  sn1999dn      Ib-norm    0.6810   1.14   0.2813   0.0528     6.90  1    cut
 850  sn2005bf      Ib-pec     0.6065   1.12   0.8975   0.0224    -0.90  0    cut
 851  sn1997dq      Ic-broad   0.6458   1.10   0.2740   0.0415    54.80  1    cut
 852  sn1997dq      Ic-broad   0.6417   1.10   0.2791   0.0532    17.90  1    cut
 853  sn2005cs      IIP        0.7040   1.10   0.2321   0.0238    -0.80  0    cut
 854  sn1997dq      Ic-broad   0.6431   1.09   0.2768   0.0506    21.90  1    cut
 855  sn1996cb      IIb        0.6458   1.09   0.7783   0.0244    -2.10  0    cut
 856  sn2004dj      IIP        0.4941   1.09   0.2215   0.0322    17.00  1    cut
 857  sn1999em      IIP        0.6363   1.08   0.2374   0.0248    -1.60  0    cut
 858  sn1990aa      Ic-norm    0.6065   1.07   0.7777   0.0244     0.00  1    cut
 859  sn1997dq      Ic-broad   0.6431   1.07   0.2761   0.0501    26.90  1    cut
 860  sn1995F       Ic-norm    0.6390   1.06   0.2843   0.0688     1.90  1    cut
 861  sn2004dj      IIP        0.4941   1.06   0.2207   0.0325    18.00  1    cut
 862  sn1997cy      IIn        0.7608   1.04   0.1871   0.0468     0.00  1    cut
 863  sn1997ei      Ic-norm    0.6552   1.03   0.2726   0.0373    10.90  1    cut
 864  sn2004dj      IIP        0.4941   1.03   0.2423   0.0329    36.00  1    cut
 865  sn2004dj      IIP        0.4941   1.03   0.2214   0.0330    20.00  1    cut
 866  sn2005cs      IIP        0.6986   1.00   0.2311   0.0266    -0.20  0    cut
 867  sn1990K       IIL        0.6119   0.98   0.2823   0.0239   136.10  1    cut
 868  sn2005cs      IIP        0.6972   0.98   0.2324   0.0259     0.80  0    cut
 869  sn2005cs      IIP        0.7026   0.96   0.2331   0.0254     0.10  0    cut
 870  sn1995F       Ic-norm    0.6390   0.95   0.4820   0.0279     4.00  1    cut
 871  sn1990K       IIL        0.6227   0.92   0.2678   0.0240   147.00  1    cut
 872  sn1998S       IIn        0.7243   0.91   0.2893   0.0551    -1.50  0    cut
 873  sn1991A       Ic-norm    0.6024   0.89   0.2593   0.1538     0.00  1    cut
 874  sn1999em      IIP        0.6904   0.87   0.2375   0.0245     0.40  0    cut
 875  sn1999em      IIP        0.7879   0.86   0.2380   0.0258    -3.70  0    cut
 876  sn1990K       IIL        0.5320   0.85   0.1772   0.0369   139.00  1    cut
 877  sn1999em      IIP        0.6972   0.78   0.2368   0.0264    -0.60  0    cut
