### SNID output file ###
 
### input spectrum and options ###
# Input spectrum                 : 19632_12.30.dat
# Parameter file                 : NA
# Wavelength range               :    4000.00   9000.00
# Mask file                      : NA
# Median filtering width [A]     : NA
# Median filtering width [pix]   :       1.00
# Clip emission redshift         :     0.3138
# Clip sky lines                 : 0
# Emission clip width [A]        :       0.31
# Keep A-band                    : 1
# Age range                      :       7.30     17.30
# Delta range                    :      -9.99     99.90
# Min. number of spectra/template:   1
# Use only templates             : NA
# Use only types                 : NA
# Avoid templates                : NA
# Avoid types                    : NA
# rlapmin                        :       5.00
# Redshift range                 :    -0.0100    1.2000
# Forced initial redshift        :     0.3138
# Extra fake redshift            : NA
# Nsigma for initial redshift    : NA
# Redshift filter                :     0.0200
# Wavenumbers k1,k2,k3,k4        :     1    4   85  102
# Template directory             : /home/djperrefort/snid-5.0/templates-2.0/
 
### initial/user-input redshift ###
zinit       0.0000
zuser       0.3138
 
### median redshift/age and error ###
zmed        0.3173    0.0044
agem          9.10      1.55
 
### type fraction/redshift/age ###
#type ntemp fraction slope redshift redshift_error age age_error
Ia             10      1.00    0.0000    0.3173    0.0044     9.100     1.550
Ia-norm         9      0.90    0.0360    0.3169    0.0047     9.100     1.505
Ia-91T          1      0.10    0.0000    0.3176    0.0000     7.700     0.000
Ia-91bg         0      0.00    0.0000    0.0000    0.0000     0.000     0.000
Ia-csm          0      0.00    0.0000    0.0000    0.0000     0.000     0.000
Ia-pec          0      0.00    0.0000    0.0000    0.0000     0.000     0.000
###
Ib              0      0.00    0.0000    0.0000    0.0000     0.000     0.000
Ib-norm         0      0.00    0.0000    0.0000    0.0000     0.000     0.000
Ib-pec          0      0.00    0.0000    0.0000    0.0000     0.000     0.000
IIb             0      0.00    0.0000    0.0000    0.0000     0.000     0.000
###
Ic              0      0.00    0.0000    0.0000    0.0000     0.000     0.000
Ic-norm         0      0.00    0.0000    0.0000    0.0000     0.000     0.000
Ic-pec          0      0.00    0.0000    0.0000    0.0000     0.000     0.000
Ic-broad        0      0.00    0.0000    0.0000    0.0000     0.000     0.000
###
II              0      0.00    0.0000    0.0000    0.0000     0.000     0.000
IIP             0      0.00    0.0000    0.0000    0.0000     0.000     0.000
II-pec          0      0.00    0.0000    0.0000    0.0000     0.000     0.000
IIn             0      0.00    0.0000    0.0000    0.0000     0.000     0.000
IIL             0      0.00    0.0000    0.0000    0.0000     0.000     0.000
###
NotSN           0      0.00    0.0000    0.0000    0.0000     0.000     0.000
AGN             0      0.00    0.0000    0.0000    0.0000     0.000     0.000
Gal             0      0.00    0.0000    0.0000    0.0000     0.000     0.000
LBV             0      0.00    0.0000    0.0000    0.0000     0.000     0.000
M-star          0      0.00    0.0000    0.0000    0.0000     0.000     0.000
 
### rlap-ordered template listings ###
#no. sn type lap rlap z zerr age age_flag grade
   1  sn2005hf      Ia-norm    0.7135   8.79   0.3164   0.0047     8.20  0   good
   2  sn2005hf      Ia-norm    0.7135   8.03   0.3151   0.0048    11.00  0   good
   3  sn2005hf      Ia-norm    0.7121   7.92   0.3157   0.0050     9.10  0   good
   4  sn2005hf      Ia-norm    0.7148   6.39   0.3148   0.0059    12.90  0   good
   5  sn2007kk      Ia-norm    0.7135   6.06   0.3263   0.0097     8.80  0   good
   6  sn2005eu      Ia-norm    0.7040   5.82   0.3194   0.0090     8.30  0   good
   7  sn2006cj      Ia-norm    0.7365   5.60   0.3193   0.0084     9.10  0   good
   8  sn1998ab      Ia-91T     0.6931   5.48   0.3176   0.0099     7.70  0   good
   9  sn2006gr      Ia-norm    0.7067   5.08   0.3272   0.0123     9.40  0   good
  10  sn2005eu      Ia-norm    0.7040   5.02   0.3169   0.0103    10.30  0   good
#--- rlap cutoff
  11  sn2008Z       Ia-norm    0.6945   4.93   0.3218   0.0102     7.60  0    cut
  12  sn1999ee      Ia-norm    0.7351   4.82   0.3258   0.0118    10.60  0    cut
  13  sn2006gz      Ia-pec     0.6945   4.81   0.3206   0.0073     7.30  0    cut
  14  sn2006cj      Ia-norm    0.7365   4.78   0.3197   0.0107    11.00  0    cut
  15  sn2006gz      Ia-pec     0.6959   4.76   0.3202   0.0076     8.20  0    cut
  16  sn1999ac      Ia-91T     0.7459   4.63   0.3172   0.0105     8.80  0    cut
  17  sn2006cj      Ia-norm    0.7351   4.62   0.3207   0.0098     8.20  0    cut
  18  sn2006gz      Ia-pec     0.6959   4.61   0.3193   0.0075     9.20  0    cut
  19  sn2005hf      Ia-norm    0.7121   4.54   0.3135   0.0076    12.00  0    cut
  20  sn2007kk      Ia-norm    0.7148   4.40   0.3264   0.0120     9.80  0    cut
  21  sn2000cx      Ia-pec     0.5510   4.29   0.1685   0.0196    13.60  0    cut
  22  sn1994ae      Ia-norm    0.7473   4.26   0.3177   0.0106     8.00  0    cut
  23  sn2003hu      Ia-91T     0.6783   4.21   0.3208   0.0123     8.40  0    cut
  24  sn2006gz      Ia-pec     0.6918   4.18   0.3191   0.0082    10.20  0    cut
  25  sn2006cp      Ia-norm    0.6918   4.17   0.3277   0.0134     7.30  0    cut
  26  sn2007co      Ia-norm    0.6999   4.11   0.3241   0.0139     7.50  0    cut
  27  sn1996C       Ia-norm    0.7324   4.05   0.3158   0.0111     7.80  0    cut
  28  sn2007S       Ia-91T     0.6864   4.01   0.3213   0.0129     8.10  0    cut
  29  sn2005M       Ia-91T     0.6891   4.00   0.3118   0.0124    10.00  0    cut
  30  sn2006gz      Ia-pec     0.6931   3.99   0.3190   0.0087    11.10  0    cut
  31  sn2008Z       Ia-norm    0.6918   3.94   0.3198   0.0116    10.30  0    cut
  32  sn2007ax      Ia-91bg    0.6796   3.89   0.3129   0.0111    17.00  0    cut
  33  sn1999ac      Ia-91T     0.7392   3.87   0.3110   0.0119    11.80  0    cut
  34  sn2005hk      Ia-pec     0.5442   3.85   0.2905   0.0128    12.40  0    cut
  35  sn1995D       Ia-norm    0.6959   3.77   0.3184   0.0131     7.50  0    cut
  36  sn2005hf      Ia-norm    0.7148   3.77   0.3144   0.0100    14.90  0    cut
  37  sn2003du      Ia-norm    0.6986   3.74   0.3160   0.0116     8.80  0    cut
  38  sn2008C       Ia-norm    0.6891   3.74   0.3177   0.0121     8.30  0    cut
  39  sn2008bf      Ia-norm    0.6959   3.72   0.3224   0.0124     7.50  0    cut
  40  sn2004S       Ia-norm    0.7473   3.70   0.3344   0.0165     7.40  0    cut
  41  sn2006te      Ia-norm    0.7067   3.69   0.3137   0.0131    12.30  0    cut
  42  sn2006H       Ia-91bg    0.6837   3.68   0.3141   0.0138    12.40  0    cut
  43  sn2006ak      Ia-norm    0.7080   3.66   0.3303   0.0172     7.30  0    cut
  44  sn2007qe      Ia-norm    0.6945   3.66   0.3312   0.0159     8.00  0    cut
  45  sn1999ac      Ia-91T     0.7432   3.62   0.3100   0.0123    16.80  0    cut
  46  sn2003du      Ia-norm    0.6864   3.57   0.3168   0.0118     7.90  0    cut
  47  sn2007co      Ia-norm    0.6999   3.54   0.3234   0.0134     8.60  0    cut
  48  sn2007ca      Ia-norm    0.6864   3.53   0.3167   0.0120     9.40  0    cut
  49  sn2007bc      Ia-norm    0.6931   3.53   0.3127   0.0111     7.30  0    cut
  50  sn2001ep      Ia-norm    0.7378   3.52   0.3153   0.0127     7.70  0    cut
  51  sn1994ae      Ia-norm    0.6850   3.52   0.3171   0.0123     7.90  0    cut
  52  sn2006cp      Ia-norm    0.6931   3.51   0.3264   0.0152     9.30  0    cut
  53  sn1995F       Ic-norm    0.6986   3.50   0.3134   0.0150     0.20  1    cut
  54  mstar         M-star     0.6647   3.49   0.3144   0.0100     4.00  2    cut
  55  sn1998S       IIn        0.6038   3.43   0.2957   0.0172    15.80  0    cut
  56  sn2005hk      Ia-pec     0.6227   3.40   0.2928   0.0140    14.30  0    cut
  57  sn2007ax      Ia-91bg    0.6810   3.39   0.3166   0.0163    10.00  0    cut
  58  sn2005cf      Ia-norm    0.7473   3.39   0.3165   0.0137     9.40  0    cut
  59  sn2007qe      Ia-norm    0.6945   3.38   0.3291   0.0159     9.00  0    cut
  60  sn2003du      Ia-norm    0.6986   3.37   0.3159   0.0122     9.80  0    cut
  61  sn2001el      Ia-norm    0.7229   3.37   0.3311   0.0190     9.10  0    cut
  62  sn2002dj      Ia-norm    0.7216   3.36   0.3290   0.0157     9.30  0    cut
  63  sn1995F       Ic-norm    0.6579   3.34   0.3163   0.0182     0.00  1    cut
  64  sn1995E       Ia-norm    0.7473   3.34   0.3183   0.0125     8.90  0    cut
  65  sn2006le      Ia-norm    0.6837   3.34   0.3248   0.0156     7.90  0    cut
  66  sn2007le      Ia-norm    0.6783   3.32   0.3269   0.0144     7.40  0    cut
  67  sn1994ae      Ia-norm    0.6864   3.31   0.3160   0.0128     9.00  0    cut
  68  sn2004et      IIP        0.6390   3.30   0.3043   0.0100    14.50  0    cut
  69  sn2003ic      Ia-norm    0.6593   3.29   0.3188   0.0148     8.00  0    cut
  70  sn2004eo      Ia-norm    0.7107   3.27   0.3133   0.0122     7.80  0    cut
  71  sn1995D       Ia-norm    0.7013   3.27   0.3168   0.0134     9.50  0    cut
  72  sn2002ic      Ia-csm     0.6417   3.24   0.3133   0.0127     9.40  0    cut
  73  sn1995bd      Ia-91T     0.6255   3.24   0.1606   0.0215    10.60  0    cut
  74  sn2007if      Ia-pec     0.5605   3.23   0.3055   0.0148    13.10  0    cut
  75  sn1999ee      Ia-norm    0.7351   3.23   0.3209   0.0159    15.70  0    cut
  76  sn2000cx      Ia-pec     0.5510   3.22   0.1721   0.0226    10.60  0    cut
  77  sn2008bf      Ia-norm    0.6945   3.21   0.3205   0.0130    10.40  0    cut
  78  sn2002dj      Ia-norm    0.6823   3.21   0.3270   0.0163     8.00  0    cut
  79  sn2005ls      Ia-norm    0.6877   3.20   0.3229   0.0164    10.80  0    cut
  80  sn2006H       Ia-91bg    0.6823   3.20   0.3176   0.0131    14.30  0    cut
  81  sn2006N       Ia-norm    0.6810   3.19   0.3173   0.0123     7.50  0    cut
  82  sn1990K       IIL        0.6309   3.18   0.3030   0.0112     0.00  1    cut
  83  sn2005gj      Ia-csm     0.6187   3.17   0.3096   0.0160    10.40  0    cut
  84  sn1990B       Ic-norm    0.6783   3.16   0.3108   0.0151     8.90  0    cut
  85  sn2007if      Ia-pec     0.5700   3.15   0.3067   0.0150    10.30  0    cut
  86  sn1998S       IIn        0.6038   3.14   0.2946   0.0176    13.80  0    cut
  87  sn1994ae      Ia-norm    0.6850   3.14   0.3156   0.0131     9.90  0    cut
  88  sn1998S       IIn        0.6038   3.12   0.2942   0.0169    12.70  0    cut
  89  sn2002cx      Ia-pec     0.4603   3.11   0.2897   0.0135    15.20  0    cut
  90  sn2008Z       Ia-norm    0.6931   3.10   0.3183   0.0147    12.30  0    cut
  91  sn1999by      Ia-91bg    0.6079   3.05   0.3221   0.0221     7.90  0    cut
  92  mstar         M-star     0.6634   3.04   0.3144   0.0134     1.00  2    cut
  93  sn2007al      Ia-91bg    0.6092   3.02   0.3262   0.0235    10.10  0    cut
  94  sn1990U       Ic-norm    0.5659   3.00   0.2955   0.0174    11.90  0    cut
  95  mstar         M-star     0.6647   3.00   0.3140   0.0130     0.00  2    cut
  96  sn2004dj      IIP        0.4616   2.98   0.2901   0.0087    20.00  1    cut
  97  sn2004dj      IIP        0.4616   2.97   0.2904   0.0087    18.00  1    cut
  98  sn2006N       Ia-norm    0.6837   2.97   0.3164   0.0125     8.50  0    cut
  99  sn2003cg      Ia-norm    0.7053   2.97   0.3158   0.0133     9.20  0    cut
 100  sn1991T       Ia-91T     0.6864   2.96   0.3144   0.0131     9.50  0    cut
 101  sn2007bd      Ia-norm    0.7040   2.94   0.3212   0.0166     8.40  0    cut
 102  lbv2003hy     LBV        0.6295   2.92   0.3003   0.0126   -99.90  2    cut
 103  sn2007le      Ia-norm    0.6783   2.92   0.3259   0.0155     8.40  0    cut
 104  sn2007S       Ia-91T     0.6850   2.92   0.3170   0.0145    12.10  0    cut
 105  sn2004S       Ia-norm    0.6769   2.91   0.3211   0.0206    13.30  0    cut
 106  sn2006le      Ia-norm    0.6837   2.90   0.3236   0.0161     8.90  0    cut
 107  sn2007S       Ia-91T     0.6864   2.89   0.3183   0.0155    13.10  0    cut
 108  sn2007ca      Ia-norm    0.6837   2.89   0.3152   0.0142    11.40  0    cut
 109  sn2006H       Ia-91bg    0.6431   2.87   0.3146   0.0161    13.40  0    cut
 110  sn2002es      Ia-91bg    0.6227   2.85   0.3027   0.0165    11.00  0    cut
 111  sn2005bl      Ia-91bg    0.6471   2.85   0.3208   0.0188    12.60  0    cut
 112  sn2007ap      Ia-norm    0.6850   2.84   0.3177   0.0134     7.40  0    cut
 113  sn2008C       Ia-norm    0.7473   2.81   0.3173   0.0147    10.30  0    cut
 114  sn2001cj      Ia-norm    0.7473   2.81   0.3166   0.0130    13.60  0    cut
 115  sn1989B       Ia-norm    0.6566   2.80   0.3136   0.0139     8.60  0    cut
 116  sn1998S       IIn        0.6038   2.80   0.2922   0.0175     9.70  0    cut
 117  sn2006bp      IIP        0.6403   2.79   0.3091   0.0110    16.20  0    cut
 118  sn2004dj      IIP        0.4616   2.79   0.2886   0.0092    36.00  1    cut
 119  sn1991N       Ic-norm    0.7473   2.78   0.3369   0.0236     5.70  1    cut
 120  sn2007al      Ia-91bg    0.6173   2.78   0.3102   0.0174    11.30  0    cut
 121  sn2007if      Ia-pec     0.5767   2.77   0.3058   0.0160    15.70  0    cut
 122  sn2008bf      Ia-norm    0.6972   2.77   0.3192   0.0139    11.40  0    cut
 123  sn2004dj      IIP        0.4616   2.77   0.2901   0.0092    17.00  1    cut
 124  sn2004dj      IIP        0.4833   2.76   0.2883   0.0101    46.80  1    cut
 125  sn2007Y       Ib-norm    0.6945   2.76   0.3021   0.0226    12.80  0    cut
 126  sn1991T       Ia-91T     0.7473   2.76   0.3119   0.0137    14.50  0    cut
 127  sn2005hc      Ia-norm    0.7135   2.75   0.3186   0.0136    11.10  0    cut
 128  sn1992A       Ia-norm    0.7473   2.75   0.3254   0.0155     8.20  0    cut
 129  lbv2003hy     LBV        0.6309   2.75   0.2957   0.0126   -99.90  2    cut
 130  sn2005cc      Ia-pec     0.5605   2.74   0.2868   0.0190    14.70  0    cut
 131  sn2007co      Ia-norm    0.6986   2.74   0.3211   0.0169    10.50  0    cut
 132  sn2006cf      Ia-norm    0.7080   2.74   0.3110   0.0142    17.10  0    cut
 133  mstar         M-star     0.6674   2.71   0.3164   0.0125     2.00  2    cut
 134  sn2006ac      Ia-norm    0.6891   2.70   0.3222   0.0174     9.00  0    cut
 135  sn2006eu      Ia-norm    0.6972   2.69   0.3259   0.0183     8.00  0    cut
 136  sn2004dj      IIP        0.4589   2.69   0.2912   0.0102     8.00  1    cut
 137  sn1997cn      Ia-91bg    0.5740   2.68   0.3117   0.0203    11.90  0    cut
 138  sn2007ax      Ia-91bg    0.5903   2.68   0.3155   0.0228    15.90  0    cut
 139  sn2003fa      Ia-91T     0.6458   2.67   0.3184   0.0156     8.70  0    cut
 140  sn2006H       Ia-91bg    0.6674   2.67   0.3179   0.0204    10.40  0    cut
 141  sn2006bp      IIP        0.6417   2.67   0.3094   0.0113    15.10  0    cut
 142  sn1991N       Ic-norm    0.7473   2.66   0.3327   0.0241     6.60  1    cut
 143  sn2007qe      Ia-norm    0.6972   2.65   0.3282   0.0189    10.90  0    cut
 144  sn2006H       Ia-91bg    0.6674   2.64   0.3129   0.0140    11.40  0    cut
 145  sn2005kc      Ia-norm    0.6823   2.64   0.3137   0.0139     9.80  0    cut
 146  sn2007fb      Ia-norm    0.6918   2.64   0.3162   0.0126    10.60  0    cut
 147  sn1990N       Ia-norm    0.7283   2.63   0.3153   0.0147    13.50  0    cut
 148  sn2004dj      IIP        0.4847   2.62   0.2879   0.0107    48.00  1    cut
 149  sn1995D       Ia-norm    0.6999   2.62   0.3155   0.0145    11.50  0    cut
 150  sn2006H       Ia-91bg    0.6431   2.62   0.3145   0.0156    17.30  0    cut
 151  sn2007al      Ia-91bg    0.6837   2.62   0.3139   0.0144    10.20  0    cut
 152  sn2003hu      Ia-91T     0.6769   2.62   0.3156   0.0222     7.50  0    cut
 153  sn2007if      Ia-pec     0.6918   2.62   0.1451   0.0255     9.40  0    cut
 154  sn1987A       II-pec     0.5740   2.62   0.2906   0.0116    13.30  0    cut
 155  sn2005cc      Ia-pec     0.5984   2.60   0.2915   0.0183     9.50  0    cut
 156  sn2003fa      Ia-91T     0.6458   2.59   0.3186   0.0162     7.80  0    cut
 157  sn2005cf      Ia-norm    0.7216   2.59   0.3135   0.0150    12.10  0    cut
 158  sn1988L       Ib-norm    0.5402   2.58   0.3104   0.0207     0.00  1    cut
 159  sn1997dq      Ic-broad   0.7378   2.57   0.3247   0.0282     1.00  1    cut
 160  sn1997cn      Ia-91bg    0.5754   2.57   0.3159   0.0207    10.90  0    cut
 161  sn2005be      Ia-norm    0.7053   2.57   0.3199   0.0137     7.70  0    cut
 162  sn2006hb      Ia-91bg    0.6891   2.56   0.3157   0.0159     9.70  0    cut
 163  lbv2003hy     LBV        0.6295   2.56   0.2970   0.0116   -99.90  2    cut
 164  sn1997ef      Ic-broad   0.6227   2.55   0.3305   0.0235    13.80  0    cut
 165  sn1995F       Ic-norm    0.6999   2.55   0.3101   0.0178    29.10  1    cut
 166  sn1991A       Ic-norm    0.5700   2.55   0.3116   0.0256     0.00  1    cut
 167  sn2004dj      IIP        0.4603   2.55   0.2918   0.0104     5.00  1    cut
 168  lbv2003hy     LBV        0.6282   2.54   0.2921   0.0175   -99.90  2    cut
 169  sn2005cs      IIP        0.6674   2.53   0.2923   0.0094    12.70  0    cut
 170  sn2005mz      Ia-91bg    0.6864   2.53   0.3129   0.0192    10.20  0    cut
 171  sn2007hj      Ia-norm    0.6877   2.52   0.3205   0.0193     7.30  0    cut
 172  sn2005gj      Ia-csm     0.6200   2.52   0.3154   0.0199     7.70  0    cut
 173  sn1997ef      Ic-broad   0.6214   2.51   0.3272   0.0252    15.70  0    cut
 174  sn2006H       Ia-91bg    0.6160   2.51   0.3168   0.0218    15.30  0    cut
 175  sn2004dj      IIP        0.4847   2.50   0.2882   0.0110    50.00  1    cut
 176  sn2007co      Ia-norm    0.6986   2.49   0.3204   0.0170    11.50  0    cut
 177  sn1999ef      Ia-norm    0.6458   2.49   0.3207   0.0168     7.70  0    cut
 178  sn2007le      Ia-norm    0.6783   2.48   0.3253   0.0172     9.50  0    cut
 179  sn2005cs      IIP        0.6688   2.48   0.2927   0.0088     9.70  0    cut
 180  kcE           Gal        0.7473   2.47   0.2769   0.0102   -99.90  2    cut
 181  sn2002es      Ia-91bg    0.6214   2.47   0.3013   0.0211     9.00  0    cut
 182  sn1990N       Ia-norm    0.7473   2.46   0.3150   0.0142    16.70  0    cut
 183  sn1999ac      Ia-91T     0.6431   2.46   0.3200   0.0204     7.80  0    cut
 184  sn2006H       Ia-91bg    0.6837   2.46   0.3158   0.0204     9.60  0    cut
 185  sn2002cd      Ia-norm    0.6160   2.46   0.1535   0.0271    15.10  0    cut
 186  sn2005am      Ia-norm    0.6783   2.46   0.3214   0.0159     7.90  0    cut
 187  sn1997dd      IIb        0.6810   2.45   0.3040   0.0203     0.00  1    cut
 188  sn2005cs      IIP        0.6715   2.45   0.2938   0.0083     8.00  0    cut
 189  sn2006bp      IIP        0.6566   2.45   0.3075   0.0143    17.10  0    cut
 190  sn1996X       Ia-norm    0.4806   2.44   0.3148   0.0176    11.90  0    cut
 191  sn2004dj      IIP        0.4820   2.43   0.2882   0.0113    51.90  1    cut
 192  sn1990K       IIL        0.5185   2.43   0.2938   0.0137    76.30  1    cut
 193  lbv2003hy     LBV        0.6268   2.42   0.2809   0.0097   -99.90  2    cut
 194  sn2002cx      Ia-pec     0.6309   2.42   0.2957   0.0179    11.30  0    cut
 195  sn2005bf      Ib-pec     0.6891   2.42   0.2995   0.0189     8.20  0    cut
 196  sn2006bp      IIP        0.6390   2.42   0.3106   0.0119    14.30  0    cut
 197  sn2007ca      Ia-norm    0.6837   2.42   0.3131   0.0150    13.30  0    cut
 198  sn2005cs      IIP        0.6715   2.42   0.2931   0.0087     9.00  0    cut
 199  sn1991bg      Ia-91bg    0.7311   2.42   0.3173   0.0184    14.10  0    cut
 200  sn2007hj      Ia-norm    0.7473   2.41   0.3194   0.0190     8.20  0    cut
 201  sn1997bq      Ia-norm    0.7473   2.41   0.3253   0.0200    12.20  0    cut
 202  sn2006hb      Ia-91bg    0.6877   2.40   0.3156   0.0170     8.70  0    cut
 203  sn2003fa      Ia-91T     0.6458   2.39   0.3127   0.0149    14.60  0    cut
 204  sn2004dj      IIP        0.4860   2.39   0.2878   0.0106    50.60  1    cut
 205  sn2006X       Ia-norm    0.6755   2.39   0.3338   0.0217     7.30  0    cut
 206  sn1995F       Ic-norm    0.6999   2.39   0.3113   0.0186    35.80  1    cut
 207  sn2007bm      Ia-norm    0.6783   2.38   0.3125   0.0149     9.60  0    cut
 208  sn1989B       Ia-norm    0.6593   2.37   0.3117   0.0147    10.60  0    cut
 209  sn2007af      Ia-norm    0.6783   2.37   0.3123   0.0154    10.20  0    cut
 210  sn2002ap      Ic-broad   0.6079   2.37   0.3241   0.0282    11.60  0    cut
 211  sn1984A       Ia-norm    0.5361   2.35   0.3294   0.0231     8.10  0    cut
 212  sn2005cs      IIP        0.6715   2.35   0.2926   0.0091    10.00  0    cut
 213  sn2000H       IIb        0.6579   2.35   0.3135   0.0219    13.40  0    cut
 214  sn2006hb      Ia-91bg    0.6877   2.35   0.3139   0.0166    10.70  0    cut
 215  sn2007ux      Ia-norm    0.7473   2.33   0.3120   0.0189    15.50  0    cut
 216  sn2006le      Ia-norm    0.6837   2.33   0.3218   0.0168    10.80  0    cut
 217  sn2002do      Ia-norm    0.6227   2.33   0.3057   0.0245    16.70  0    cut
 218  sn2006H       Ia-91bg    0.6566   2.32   0.3129   0.0230     7.50  0    cut
 219  sn2005ke      Ia-91bg    0.6458   2.32   0.3165   0.0237    10.40  0    cut
 220  sn2004et      IIP        0.6620   2.32   0.3041   0.0130     8.60  0    cut
 221  sn1995al      Ia-norm    0.7473   2.32   0.3195   0.0171    16.40  0    cut
 222  sn2004dj      IIP        0.4616   2.32   0.2916   0.0111     2.70  1    cut
 223  sn2000dg      Ia-norm    0.6431   2.32   0.3156   0.0151    16.60  0    cut
 224  sn1997dc      Ib-norm    0.5429   2.32   0.0096   0.0191     0.00  1    cut
 225  sn1997cn      Ia-91bg    0.5754   2.31   0.3105   0.0204    14.00  0    cut
 226  sn2004aw      Ic-norm    0.6823   2.31   0.3179   0.0192    12.20  0    cut
 227  sn1984A       Ia-norm    0.5266   2.31   0.3172   0.0217    17.00  0    cut
 228  sn2002ap      Ic-broad   0.5266   2.31   0.3159   0.0222     9.50  0    cut
 229  sn1989B       Ia-norm    0.6647   2.31   0.3103   0.0140    13.60  0    cut
 230  sn2004dj      IIP        0.4603   2.31   0.2935   0.0107     0.00  1    cut
 231  sn2005eq      Ia-91T     0.6959   2.30   0.3120   0.0158    16.90  0    cut
 232  sn1998dt      Ib-norm    0.7405   2.30   0.3180   0.0252     7.90  0    cut
 233  sn2004eo      Ia-norm    0.6823   2.29   0.3119   0.0198    11.70  0    cut
 234  sn2000cx      Ia-pec     0.5496   2.29   0.1748   0.0272     8.60  0    cut
 235  sn1993J       IIb        0.7473   2.29   0.3042   0.0141    13.00  0    cut
 236  sn2002dl      Ia-91bg    0.6214   2.29   0.3149   0.0236    10.30  0    cut
 237  sn2006hb      Ia-91bg    0.6877   2.28   0.3141   0.0177    11.70  0    cut
 238  sn2006gz      Ia-pec     0.6255   2.28   0.3185   0.0173     8.20  0    cut
 239  sn1989B       Ia-norm    0.6688   2.28   0.3092   0.0171    16.50  0    cut
 240  sn2005ls      Ia-norm    0.6877   2.28   0.3192   0.0176    16.60  0    cut
 241  sn1992A       Ia-norm    0.7473   2.27   0.3216   0.0178    16.80  0    cut
 242  sn1999aa      Ia-91T     0.6200   2.27   0.1525   0.0290    13.60  0    cut
 243  sn1989B       Ia-norm    0.6444   2.27   0.3106   0.0166    12.60  0    cut
 244  sn2001bf      Ia-norm    0.7473   2.27   0.3112   0.0144     8.70  0    cut
 245  sn1980K       IIL        0.5293   2.27   0.1395   0.0125    12.00  0    cut
 246  sn2006hb      Ia-91bg    0.6877   2.26   0.3153   0.0183     7.70  0    cut
 247  sn2006H       Ia-91bg    0.6241   2.25   0.3182   0.0179    16.30  0    cut
 248  sn2008C       Ia-norm    0.6891   2.25   0.3135   0.0171    12.30  0    cut
 249  sn2003fa      Ia-91T     0.6444   2.25   0.3164   0.0173    10.70  0    cut
 250  sn2006X       Ia-norm    0.6783   2.24   0.3312   0.0220     8.20  0    cut
 251  sn2005mz      Ia-91bg    0.6309   2.23   0.3141   0.0235    12.10  0    cut
 252  sn2003cg      Ia-norm    0.6999   2.22   0.3167   0.0159    11.00  0    cut
 253  sn2005ke      Ia-91bg    0.6742   2.22   0.3135   0.0237     8.40  0    cut
 254  sn1997cn      Ia-91bg    0.5740   2.22   0.3117   0.0198    15.00  0    cut
 255  sn1997cn      Ia-91bg    0.5727   2.22   0.3121   0.0178    15.80  0    cut
 256  sn2001fh      Ia-norm    0.6173   2.22   0.3120   0.0199     9.10  0    cut
 257  sn1993J       IIb        0.7473   2.21   0.3056   0.0157    11.00  0    cut
 258  sn1991N       Ic-norm    0.7473   2.21   0.3385   0.0297     7.60  1    cut
 259  sn2007le      Ia-norm    0.6755   2.21   0.3239   0.0186    10.40  0    cut
 260  sn1993J       IIb        0.7473   2.21   0.3055   0.0152    12.00  0    cut
 261  sn2002bf      Ia-norm    0.6309   2.21   0.1459   0.0291    14.60  0    cut
 262  sn1995D       Ia-norm    0.7013   2.21   0.3134   0.0165    14.50  0    cut
 263  sn1995F       Ic-norm    0.6999   2.20   0.3119   0.0233    56.90  1    cut
 264  kcSa          Gal        0.7473   2.19   0.2745   0.0120   -99.90  2    cut
 265  sn1997br      Ia-91T     0.7473   2.19   0.3128   0.0165    11.90  0    cut
 266  sn1997br      Ia-91T     0.6133   2.19   0.3123   0.0204    16.80  0    cut
 267  sn1989B       Ia-norm    0.6688   2.19   0.3114   0.0171    11.60  0    cut
 268  sn1995D       Ia-norm    0.7473   2.18   0.3104   0.0158    16.50  0    cut
 269  sn2002fb      Ia-91bg    0.6200   2.18   0.3228   0.0330    17.00  0    cut
 270  sn2003hu      Ia-91T     0.6051   2.18   0.3146   0.0257    10.30  0    cut
 271  sn1999dn      Ib-norm    0.6485   2.18   0.3056   0.0266     6.90  1    cut
 272  sn1999X       Ia-norm    0.6295   2.17   0.3164   0.0185    12.00  0    cut
 273  sn2004et      IIP        0.6688   2.17   0.3017   0.0140    12.00  0    cut
 274  lbv2003hy     LBV        0.6268   2.17   0.2914   0.0246   -99.90  2    cut
 275  sn1990U       Ic-norm    0.7324   2.16   0.3058   0.0232    10.90  0    cut
 276  sn1987A       II-pec     0.5835   2.16   0.2920   0.0132    14.10  0    cut
 277  sn2007af      Ia-norm    0.6783   2.15   0.3119   0.0165    11.30  0    cut
 278  sn2005ke      Ia-91bg    0.6688   2.14   0.3133   0.0242    11.40  0    cut
 279  lbv2003hy     LBV        0.6282   2.14   0.3007   0.0179   -99.90  2    cut
 280  sn2001V       Ia-91T     0.6214   2.13   0.1562   0.0314    11.30  0    cut
 281  sn1997dq      Ic-broad   0.6972   2.13   0.3225   0.0308    27.90  1    cut
 282  sn1997dq      Ic-broad   0.6972   2.13   0.3225   0.0308    27.90  1    cut
 283  sn2005ke      Ia-91bg    0.6728   2.13   0.3126   0.0241    13.40  0    cut
 284  sn1991A       Ic-norm    0.5050   2.12   0.2988   0.0233    10.90  1    cut
 285  sn1989B       Ia-norm    0.6701   2.12   0.3112   0.0178    15.50  0    cut
 286  lbv2003hy     LBV        0.6268   2.12   0.2917   0.0153   -99.90  2    cut
 287  sn2003fa      Ia-91T     0.6444   2.12   0.3172   0.0178    11.60  0    cut
 288  sn1997dd      IIb        0.6187   2.12   0.3098   0.0264     3.60  1    cut
 289  sn2005cs      IIP        0.4968   2.12   0.2937   0.0088    13.80  0    cut
 290  sn1999aa      Ia-91T     0.6200   2.12   0.1498   0.0302    14.60  0    cut
 291  sn2006D       Ia-norm    0.7473   2.11   0.3125   0.0146    12.50  0    cut
 292  sn1997dq      Ic-broad   0.6133   2.11   0.1375   0.0362    54.80  1    cut
 293  sn1998bp      Ia-norm    0.6173   2.11   0.3115   0.0246    12.90  0    cut
 294  sn2005kc      Ia-norm    0.6823   2.11   0.3131   0.0165    11.60  0    cut
 295  sn2002dj      Ia-norm    0.6945   2.10   0.3240   0.0202    12.30  0    cut
 296  sn2005cf      Ia-norm    0.6823   2.10   0.3121   0.0178    14.10  0    cut
 297  sn1995F       Ic-norm    0.6376   2.10   0.3139   0.0206    11.00  1    cut
 298  sn1984L       Ib-norm    0.5510   2.08   0.3017   0.0209     9.00  0    cut
 299  sn2002er      Ia-norm    0.7229   2.08   0.3161   0.0244     8.80  0    cut
 300  sn2004eo      Ia-norm    0.6823   2.07   0.3095   0.0177    14.70  0    cut
 301  sn1987A       II-pec     0.5848   2.07   0.2912   0.0138    12.00  0    cut
 302  sn2005cf      Ia-norm    0.6986   2.07   0.3137   0.0172    12.20  0    cut
 303  sn2007bj      Ia-norm    0.6850   2.07   0.3150   0.0178    14.90  0    cut
 304  sn1990K       IIL        0.5889   2.07   0.2988   0.0178    55.60  1    cut
 305  sn2005hk      Ia-pec     0.6823   2.06   0.1058   0.0252    14.40  0    cut
 306  sn2007al      Ia-91bg    0.6837   2.06   0.3087   0.0246     8.30  0    cut
 307  sn2005am      Ia-norm    0.6783   2.06   0.3206   0.0173     9.90  0    cut
 308  sn2002eu      Ia-norm    0.6403   2.06   0.3139   0.0197    10.70  0    cut
 309  sn2001V       Ia-91T     0.6214   2.06   0.1509   0.0320    13.50  0    cut
 310  sn2002eu      Ia-norm    0.6417   2.06   0.3190   0.0239     7.80  0    cut
 311  sn2004eo      Ia-norm    0.6823   2.05   0.3099   0.0170    13.10  0    cut
 312  sn2007hj      Ia-norm    0.6336   2.05   0.3173   0.0228    14.20  0    cut
 313  sn1998es      Ia-91T     0.6823   2.05   0.3141   0.0152    14.30  0    cut
 314  sn1997ef      Ic-broad   0.6227   2.05   0.3278   0.0300    12.80  0    cut
 315  sn2003kf      Ia-norm    0.6146   2.05   0.1538   0.0323    13.40  0    cut
 316  sn2001E       Ia-norm    0.6241   2.04   0.1518   0.0313    14.60  0    cut
 317  sn1997cn      Ia-91bg    0.5740   2.04   0.3118   0.0232    13.00  0    cut
 318  sn2007cg      Ia-norm    0.6092   2.04   0.3292   0.0287     7.50  0    cut
 319  sn2002hd      Ia-norm    0.6403   2.03   0.3089   0.0209    15.80  0    cut
 320  sn2002bf      Ia-norm    0.6309   2.03   0.1505   0.0301    11.70  0    cut
 321  sn1984L       Ib-norm    0.5496   2.03   0.3036   0.0222     8.00  0    cut
 322  sn1998dk      Ia-norm    0.6200   2.02   0.1460   0.0321    16.10  0    cut
 323  sn2003hv      Ia-norm    0.6431   2.02   0.3166   0.0202     8.20  0    cut
 324  sn2004et      IIP        0.6701   2.02   0.3021   0.0136    10.00  0    cut
 325  sn2002bf      Ia-norm    0.6309   2.02   0.1457   0.0331    15.50  0    cut
 326  sn1994D       Ia-norm    0.6376   2.02   0.3116   0.0198    16.70  0    cut
 327  sn2001V       Ia-91T     0.6214   2.02   0.1529   0.0326    12.50  0    cut
 328  sn1983V       Ic-norm    0.5930   2.01   0.3243   0.0329    12.90  0    cut
 329  sn2007bj      Ia-norm    0.6891   2.01   0.3207   0.0215    12.00  0    cut
 330  sn2002de      Ia-norm    0.6336   2.01   0.3215   0.0200     8.50  0    cut
 331  sn1987A       II-pec     0.5848   2.01   0.2912   0.0144     8.00  0    cut
 332  sn1999aa      Ia-91T     0.6214   2.00   0.1475   0.0310    15.60  0    cut
 333  sn2007hj      Ia-norm    0.6349   1.99   0.3184   0.0240    12.30  0    cut
 334  lbv2003hy     LBV        0.6282   1.99   0.3003   0.0183   -99.90  2    cut
 335  sn2007ci      Ia-norm    0.6904   1.99   0.3112   0.0203    12.50  0    cut
 336  sn1997ef      Ic-broad   0.6241   1.98   0.3237   0.0268    16.80  0    cut
 337  sn1996bl      Ia-norm    0.6471   1.98   0.3138   0.0157    13.30  0    cut
 338  sn2006lf      Ia-norm    0.6485   1.98   0.3145   0.0199    11.30  0    cut
 339  sn1994D       Ia-norm    0.6119   1.98   0.3106   0.0213    16.90  0    cut
 340  sn1993J       IIb        0.5591   1.98   0.3060   0.0206    16.50  0    cut
 341  sn2007Y       Ib-norm    0.6417   1.98   0.2998   0.0264     7.90  0    cut
 342  sn1997br      Ia-91T     0.6173   1.97   0.3152   0.0222     7.90  0    cut
 343  sn2006ac      Ia-norm    0.6904   1.96   0.3208   0.0197    10.00  0    cut
 344  sn2003kf      Ia-norm    0.6146   1.96   0.1513   0.0333    14.40  0    cut
 345  sn1990aa      Ic-norm    0.5740   1.96   0.3171   0.0248     0.00  1    cut
 346  sn2006D       Ia-norm    0.6458   1.96   0.3143   0.0222    16.30  0    cut
 347  sn1998dk      Ia-norm    0.6200   1.96   0.1508   0.0322    13.10  0    cut
 348  sn1998bw      Ic-broad   0.6891   1.95   0.1781   0.0353    13.70  0    cut
 349  sn2007kk      Ia-norm    0.6349   1.95   0.3292   0.0282     7.90  0    cut
 350  sn2007af      Ia-norm    0.6783   1.95   0.3110   0.0176    12.30  0    cut
 351  sn1997cy      IIn        0.7283   1.95   0.0107   0.0204     0.00  1    cut
 352  sn2000cf      Ia-norm    0.6403   1.94   0.3072   0.0213    16.40  0    cut
 353  sn1998bp      Ia-norm    0.6146   1.94   0.3099   0.0248    14.80  0    cut
 354  sn1999ef      Ia-norm    0.6444   1.94   0.3199   0.0205     9.60  0    cut
 355  sn2000dk      Ia-norm    0.6417   1.94   0.3147   0.0228     9.60  0    cut
 356  sn2007fb      Ia-norm    0.6931   1.94   0.3161   0.0183    12.60  0    cut
 357  sn1996bo      Ia-norm    0.6268   1.93   0.1465   0.0331    11.10  0    cut
 358  sn1999aa      Ia-91T     0.6214   1.93   0.1458   0.0310    16.60  0    cut
 359  sn1987A       II-pec     0.5835   1.93   0.2912   0.0144    10.00  0    cut
 360  sn1999X       Ia-norm    0.6295   1.93   0.3159   0.0196    13.10  0    cut
 361  sn2002bf      Ia-norm    0.6309   1.92   0.1493   0.0323    12.60  0    cut
 362  sn2006X       Ia-norm    0.6295   1.92   0.1482   0.0335    12.30  0    cut
 363  sn2002bf      Ia-norm    0.6309   1.92   0.1480   0.0327    13.50  0    cut
 364  sn1999ex      Ib-norm    0.6051   1.92   0.3143   0.0267     9.30  0    cut
 365  sn2007le      Ia-norm    0.6783   1.91   0.3237   0.0205    11.40  0    cut
 366  sn2000cf      Ia-norm    0.6431   1.91   0.3083   0.0200    14.50  0    cut
 367  sn1998dx      Ia-norm    0.6579   1.91   0.3162   0.0230     7.80  0    cut
 368  sn2001en      Ia-norm    0.6214   1.91   0.1466   0.0339    14.10  0    cut
 369  sn2000B       Ia-norm    0.6255   1.91   0.1471   0.0338    13.60  0    cut
 370  sn1983V       Ic-norm    0.6579   1.90   0.3182   0.0262    16.90  0    cut
 371  sn1999ek      Ia-norm    0.6241   1.90   0.3123   0.0197     9.20  0    cut
 372  kcS0          Gal        0.7473   1.90   0.2765   0.0113   -99.90  2    cut
 373  sn1994M       Ia-norm    0.7432   1.90   0.3207   0.0175    11.50  0    cut
 374  sn2006bt      Ia-norm    0.6322   1.90   0.3153   0.0241    16.30  0    cut
 375  sn2001N       Ia-norm    0.6241   1.90   0.3180   0.0256    11.50  0    cut
 376  sn2002bo      Ia-norm    0.6092   1.90   0.1483   0.0346    13.50  0    cut
 377  kcSb          Gal        0.7473   1.89   0.2746   0.0314   -99.90  2    cut
 378  sn2008bf      Ia-norm    0.6972   1.89   0.3156   0.0188    16.20  0    cut
 379  sn2008bf      Ia-norm    0.6959   1.89   0.3184   0.0172    13.30  0    cut
 380  sn2007fb      Ia-norm    0.6918   1.88   0.3144   0.0176    13.60  0    cut
 381  sn1999aa      Ia-91T     0.6295   1.88   0.1450   0.0321    14.50  0    cut
 382  sn2001E       Ia-norm    0.6255   1.88   0.3369   0.0303     7.70  0    cut
 383  sn2004dt      Ia-norm    0.6742   1.88   0.3128   0.0141    17.00  0    cut
 384  sn2001ay      Ia-norm    0.5239   1.87   0.3086   0.0236    16.50  0    cut
 385  sn1991N       Ic-norm    0.7473   1.87   0.3264   0.0357     0.00  1    cut
 386  sn1983V       Ic-norm    0.6579   1.87   0.3176   0.0286    15.90  0    cut
 387  sn2002bo      Ia-norm    0.6079   1.87   0.1499   0.0350    12.50  0    cut
 388  sn2003fa      Ia-91T     0.6444   1.87   0.3162   0.0187    13.50  0    cut
 389  sn1983N       Ib-norm    0.6119   1.86   0.3024   0.0245    12.00  0    cut
 390  sn1991bg      Ia-91bg    0.4928   1.86   0.3106   0.0174    15.80  0    cut
 391  sn1997ei      Ic-norm    0.4644   1.86   0.3087   0.0212     0.00  1    cut
 392  sn2007if      Ia-pec     0.7459   1.86   0.1175   0.0296    13.90  0    cut
 393  sn2002jy      Ia-norm    0.6241   1.86   0.1480   0.0345    15.80  0    cut
 394  sn2001eh      Ia-91T     0.6431   1.85   0.3188   0.0296     8.60  0    cut
 395  sn2007if      Ia-pec     0.7473   1.85   0.1164   0.0293    15.90  0    cut
 396  sn1999gh      Ia-norm    0.6133   1.85   0.3164   0.0268    11.40  0    cut
 397  mstar         M-star     0.6674   1.85   0.3136   0.0130     3.00  2    cut
 398  sn2007bm      Ia-norm    0.6796   1.85   0.3102   0.0181    12.60  0    cut
 399  sn1995F       Ic-norm    0.7473   1.85   0.3105   0.0252    35.70  1    cut
 400  sn2003kf      Ia-norm    0.6146   1.85   0.1492   0.0342    15.40  0    cut
 401  sn2003it      Ia-norm    0.6295   1.85   0.3189   0.0249     7.60  0    cut
 402  lbv2003hy     LBV        0.6282   1.85   0.2794   0.0115   -99.90  2    cut
 403  sn1994Q       Ia-norm    0.6931   1.85   0.3228   0.0302    11.60  0    cut
 404  sn1999gh      Ia-norm    0.6133   1.84   0.3153   0.0267    12.40  0    cut
 405  sn1995al      Ia-norm    0.6160   1.84   0.1474   0.0351    15.40  0    cut
 406  sn2002er      Ia-norm    0.6864   1.84   0.3227   0.0243    10.00  0    cut
 407  sn1995al      Ia-norm    0.6160   1.84   0.1456   0.0337    16.40  0    cut
 408  sn1998S       IIn        0.6972   1.84   0.2928   0.0129    11.40  0    cut
 409  sn2006bp      IIP        0.5144   1.84   0.3092   0.0132    17.20  0    cut
 410  sn2002bo      Ia-norm    0.6092   1.84   0.1511   0.0348    11.60  0    cut
 411  sn2002dj      Ia-norm    0.6796   1.84   0.3205   0.0213    16.20  0    cut
 412  sn2005am      Ia-norm    0.6769   1.83   0.3191   0.0194    10.90  0    cut
 413  sn2002ck      Ia-norm    0.6363   1.83   0.3115   0.0216    15.70  0    cut
 414  sn2006lf      Ia-norm    0.6092   1.83   0.3084   0.0238    16.10  0    cut
 415  sn2007if      Ia-pec     0.7446   1.83   0.3079   0.0216     7.40  0    cut
 416  sn1999X       Ia-norm    0.6295   1.83   0.3142   0.0197    16.00  0    cut
 417  sn2006ac      Ia-norm    0.6931   1.83   0.3192   0.0213    12.90  0    cut
 418  sn2000E       Ia-norm    0.5970   1.83   0.3215   0.0341     7.50  0    cut
 419  sn2001bg      Ia-norm    0.6133   1.83   0.1460   0.0350    14.00  0    cut
 420  sn2002hd      Ia-norm    0.6390   1.83   0.3127   0.0216    12.00  0    cut
 421  sn2003cg      Ia-norm    0.6959   1.82   0.3145   0.0174    11.90  0    cut
 422  sn2007ap      Ia-norm    0.6850   1.82   0.3143   0.0182    11.40  0    cut
 423  sn2006al      Ia-norm    0.6376   1.82   0.3125   0.0302     9.10  0    cut
 424  sn1998eg      Ia-norm    0.6106   1.82   0.3104   0.0198    16.80  0    cut
 425  sn1999gh      Ia-norm    0.6133   1.81   0.3185   0.0282     9.40  0    cut
 426  sn1998es      Ia-91T     0.6701   1.81   0.3128   0.0178    17.30  0    cut
 427  sn1996X       Ia-norm    0.6187   1.81   0.3183   0.0236     8.10  0    cut
 428  sn1990K       IIL        0.5889   1.81   0.2991   0.0231    53.30  1    cut
 429  sn1999X       Ia-norm    0.6295   1.81   0.3150   0.0189    15.00  0    cut
 430  sn2002jg      Ia-norm    0.6200   1.81   0.3172   0.0275     9.40  0    cut
 431  sn1997br      Ia-91T     0.6187   1.80   0.3138   0.0227     9.90  0    cut
 432  sn1994D       Ia-norm    0.6106   1.80   0.3119   0.0226    14.80  0    cut
 433  sn1998es      Ia-91T     0.6715   1.80   0.3130   0.0172    16.30  0    cut
 434  sn1996bo      Ia-norm    0.6282   1.80   0.1485   0.0342     9.20  0    cut
 435  sn1997bq      Ia-norm    0.6214   1.80   0.1461   0.0354    11.20  0    cut
 436  sn2000cn      Ia-91bg    0.6295   1.80   0.3145   0.0258    12.20  0    cut
 437  sn2005cf      Ia-norm    0.6796   1.80   0.3120   0.0196    16.10  0    cut
 438  sn2004as      Ia-norm    0.6376   1.79   0.3257   0.0274     7.60  0    cut
 439  sn1995al      Ia-norm    0.6160   1.79   0.3350   0.0340     8.40  0    cut
 440  sn2001en      Ia-norm    0.6214   1.79   0.1495   0.0349    12.20  0    cut
 441  sn1983V       Ic-norm    0.6688   1.79   0.3185   0.0288    11.90  0    cut
 442  sn2002ck      Ia-norm    0.6309   1.79   0.3138   0.0196    11.90  0    cut
 443  sn2003it      Ia-norm    0.6309   1.78   0.3198   0.0259     8.50  0    cut
 444  sn2007fb      Ia-norm    0.6918   1.78   0.3136   0.0194    14.50  0    cut
 445  sn1995al      Ia-norm    0.6160   1.78   0.1505   0.0361    13.30  0    cut
 446  sn2006X       Ia-norm    0.6309   1.78   0.1415   0.0373    17.10  0    cut
 447  sn1991T       Ia-91T     0.4630   1.78   0.3106   0.0193    17.30  0    cut
 448  sn1991A       Ic-norm    0.5050   1.78   0.1319   0.0345    65.10  1    cut
 449  sn1995ak      Ia-norm    0.6349   1.78   0.3120   0.0198    13.40  0    cut
 450  sn2007bm      Ia-norm    0.6769   1.78   0.3083   0.0202    15.60  0    cut
 451  sn1999gh      Ia-norm    0.6133   1.78   0.3194   0.0293     7.40  0    cut
 452  sn2007ci      Ia-norm    0.6904   1.77   0.3081   0.0197    16.50  0    cut
 453  sn2001gc      Ia-norm    0.6241   1.77   0.1486   0.0363    13.30  0    cut
 454  sn2001cp      Ia-norm    0.6268   1.76   0.1462   0.0358    16.50  0    cut
 455  sn2001gc      Ia-norm    0.6227   1.76   0.3358   0.0318     7.30  0    cut
 456  sn1999ej      Ia-norm    0.6187   1.76   0.3108   0.0234    11.00  0    cut
 457  sn1990K       IIL        0.4210   1.76   0.2972   0.0127    50.50  1    cut
 458  sn2006X       Ia-norm    0.6755   1.75   0.3281   0.0245    13.30  0    cut
 459  sn1999gh      Ia-norm    0.6133   1.75   0.3195   0.0295     8.40  0    cut
 460  sn1987A       II-pec     0.5767   1.75   0.2913   0.0161    17.30  0    cut
 461  sn1997E       Ia-norm    0.6227   1.75   0.3116   0.0244    11.20  0    cut
 462  sn2005am      Ia-norm    0.6417   1.75   0.3171   0.0238    14.80  0    cut
 463  sn2002dp      Ia-norm    0.6187   1.75   0.3078   0.0232    16.90  0    cut
 464  sn1999gd      Ia-norm    0.6227   1.74   0.3145   0.0256     7.90  0    cut
 465  sn2001N       Ia-norm    0.6241   1.74   0.3191   0.0273    10.40  0    cut
 466  sn1981B       Ia-norm    0.6241   1.74   0.1437   0.0373    15.40  0    cut
 467  sn2007bz      Ia-norm    0.6945   1.74   0.3131   0.0210    17.00  0    cut
 468  sn2003kc      Ia-norm    0.6376   1.74   0.1405   0.0364    14.60  0    cut
 469  sn2007sr      Ia-norm    0.6755   1.74   0.3195   0.0226    14.50  0    cut
 470  sn2005kc      Ia-norm    0.6539   1.74   0.3092   0.0240    15.60  0    cut
 471  sn2003it      Ia-norm    0.6295   1.72   0.3176   0.0231     9.50  0    cut
 472  lbv2001ac     LBV        0.7459   1.72   0.2572   0.0301   -99.90  2    cut
 473  sn1990I       Ib-norm    0.6024   1.72   0.3166   0.0322    11.30  0    cut
 474  sn1996Z       Ia-norm    0.6160   1.72   0.1429   0.0355    14.00  0    cut
 475  sn1999ac      Ia-91T     0.6160   1.72   0.3182   0.0305     9.00  0    cut
 476  sn2006N       Ia-norm    0.6823   1.72   0.3146   0.0190    11.60  0    cut
 477  sn1997do      Ia-norm    0.6173   1.71   0.1452   0.0362    15.30  0    cut
 478  sn1991A       Ic-norm    0.5442   1.71   0.1293   0.0378    61.40  1    cut
 479  sn1997do      Ia-norm    0.6160   1.71   0.1463   0.0359    14.20  0    cut
 480  sn2000H       IIb        0.6187   1.71   0.3178   0.0271    10.60  0    cut
 481  sn2006lf      Ia-norm    0.6512   1.71   0.3135   0.0228    13.20  0    cut
 482  sn2005cf      Ia-norm    0.6755   1.70   0.3121   0.0205    16.50  0    cut
 483  sn2003fa      Ia-91T     0.6444   1.69   0.3135   0.0212    16.50  0    cut
 484  sn1992A       Ia-norm    0.7473   1.69   0.3270   0.0271    11.20  0    cut
 485  sn1997dd      IIb        0.6200   1.69   0.3026   0.0331    16.40  1    cut
 486  sn2007sr      Ia-norm    0.6755   1.69   0.3193   0.0228    15.60  0    cut
 487  sn2005am      Ia-norm    0.6458   1.69   0.3186   0.0225    11.80  0    cut
 488  sn2002er      Ia-norm    0.6837   1.69   0.3276   0.0274    11.80  0    cut
 489  sn2007sr      Ia-norm    0.6755   1.69   0.3186   0.0227    16.50  0    cut
 490  sn1983V       Ic-norm    0.6593   1.69   0.3174   0.0292    14.90  0    cut
 491  sn2006le      Ia-norm    0.6837   1.69   0.3202   0.0218    12.80  0    cut
 492  sn2000fa      Ia-norm    0.6282   1.69   0.1425   0.0357    16.00  0    cut
 493  sn2000bk      Ia-norm    0.6295   1.69   0.3161   0.0267    11.90  0    cut
 494  sn2007nq      Ia-norm    0.6241   1.69   0.3197   0.0285     9.20  0    cut
 495  sn2007le      Ia-norm    0.6796   1.68   0.3228   0.0221    12.40  0    cut
 496  sn2006X       Ia-norm    0.6755   1.68   0.3265   0.0254    14.20  0    cut
 497  sn2001N       Ia-norm    0.6241   1.68   0.3226   0.0287     9.40  0    cut
 498  sn2003cg      Ia-norm    0.6092   1.68   0.3155   0.0252    10.80  0    cut
 499  sn1999ek      Ia-norm    0.6227   1.68   0.1407   0.0371    12.20  0    cut
 500  sn2003du      Ia-norm    0.6742   1.68   0.3122   0.0207    12.70  0    cut
 501  sn1998bw      Ic-broad   0.6864   1.68   0.1764   0.0442    15.70  0    cut
 502  sn1990K       IIL        0.5632   1.68   0.1626   0.0160   202.50  1    cut
 503  sn2003bg      IIb        0.5930   1.68   0.3155   0.0286    11.50  0    cut
 504  sn2004as      Ia-norm    0.6363   1.68   0.3229   0.0279     8.60  0    cut
 505  sn2000fa      Ia-norm    0.6282   1.68   0.1465   0.0369    14.00  0    cut
 506  sn2003cg      Ia-norm    0.6106   1.68   0.3172   0.0315     7.70  0    cut
 507  sn2008D       Ib-pec     0.7473   1.68   0.3120   0.0363    15.40  0    cut
 508  sn2003fa      Ia-91T     0.6458   1.68   0.3161   0.0184    15.50  0    cut
 509  sn1991A       Ic-norm    0.5172   1.67   0.1300   0.0330    47.50  1    cut
 510  lbv2003hy     LBV        0.6268   1.67   0.2909   0.0191   -99.90  2    cut
 511  sn2005na      Ia-norm    0.6931   1.67   0.3114   0.0199    15.90  0    cut
 512  sn1994D       Ia-norm    0.5686   1.67   0.3151   0.0200     9.60  0    cut
 513  sn1999ej      Ia-norm    0.6200   1.67   0.3113   0.0320     8.10  0    cut
 514  sn2000H       IIb        0.6200   1.66   0.3149   0.0274    11.60  0    cut
 515  sn1991N       Ic-norm    0.7473   1.66   0.3357   0.0386    12.00  1    cut
 516  sn1991N       Ic-norm    0.7392   1.66   0.1363   0.0436    27.90  1    cut
 517  sn1997do      Ia-norm    0.6160   1.66   0.3268   0.0344     8.20  0    cut
 518  sn2004dt      Ia-norm    0.7189   1.66   0.3131   0.0178    14.00  0    cut
 519  sn2004bg      Ia-norm    0.6255   1.66   0.3142   0.0230    10.50  0    cut
 520  sn2002bo      Ia-norm    0.6079   1.65   0.1542   0.0373    10.40  0    cut
 521  sn2008Z       Ia-norm    0.6945   1.65   0.3137   0.0211    17.20  0    cut
 522  sn1990K       IIL        0.6160   1.65   0.2928   0.0143   119.10  1    cut
 523  sn2006X       Ia-norm    0.6444   1.65   0.1482   0.0366    11.20  0    cut
 524  sn2003cg      Ia-norm    0.6092   1.65   0.3172   0.0314     9.80  0    cut
 525  sn2004fu      Ia-norm    0.6755   1.64   0.3190   0.0220    15.30  0    cut
 526  sn2000H       IIb        0.6200   1.64   0.3184   0.0268     9.60  0    cut
 527  sn1998T       Ib-norm    0.4644   1.64   0.0203   0.0223     0.00  1    cut
 528  mstar         M-star     0.6647   1.64   0.4847   0.0264     6.00  2    cut
 529  sn2005lu      Ia-norm    0.6972   1.64   0.3192   0.0230    16.60  0    cut
 530  sn1999ac      Ia-91T     0.6160   1.64   0.3157   0.0292    10.90  0    cut
 531  sn2004dt      Ia-norm    0.6742   1.63   0.3234   0.0353     9.10  0    cut
 532  sn2002jy      Ia-norm    0.6255   1.63   0.3189   0.0345     8.00  0    cut
 533  sn1997dq      Ic-broad   0.4549   1.63   0.1371   0.0332    42.80  1    cut
 534  sn2001ep      Ia-norm    0.6200   1.63   0.3155   0.0311     7.80  0    cut
 535  sn1999ac      Ia-91T     0.6160   1.62   0.3175   0.0313    10.00  0    cut
 536  sn1997ei      Ic-norm    0.6227   1.62   0.3150   0.0221    10.90  1    cut
 537  sn2004S       Ia-norm    0.6485   1.62   0.3160   0.0286    13.90  0    cut
 538  mstar         M-star     0.6647   1.62   0.1160   0.0079     9.00  2    cut
 539  sn2000B       Ia-norm    0.6255   1.62   0.3301   0.0319     8.60  0    cut
 540  sn2007if      Ia-pec     0.7473   1.62   0.3071   0.0221     9.40  0    cut
 541  sn2003bg      IIb        0.5889   1.62   0.3184   0.0311    15.50  0    cut
 542  sn1997cy      IIn        0.7473   1.62   0.0375   0.0254    29.40  1    cut
 543  sn1997do      Ia-norm    0.6160   1.62   0.1493   0.0363    12.10  0    cut
 544  sn2002ha      Ia-norm    0.6214   1.62   0.3141   0.0254     9.60  0    cut
 545  sn2003du      Ia-norm    0.6309   1.62   0.3123   0.0218    16.80  0    cut
 546  sn2000cn      Ia-91bg    0.6282   1.61   0.3170   0.0302    10.20  0    cut
 547  sn1999ac      Ia-91T     0.6160   1.61   0.3147   0.0278    11.90  0    cut
 548  sn1998ec      Ia-norm    0.6268   1.61   0.1504   0.0380    11.70  0    cut
 549  sn2006X       Ia-norm    0.6444   1.61   0.1495   0.0370    10.30  0    cut
 550  sn2001bf      Ia-norm    0.6173   1.61   0.3039   0.0162    12.50  0    cut
 551  sn1998V       Ia-norm    0.6227   1.61   0.3142   0.0225    12.10  0    cut
 552  sn1994D       Ia-norm    0.6106   1.61   0.3134   0.0241    12.80  0    cut
 553  sn2001ck      Ia-norm    0.6390   1.60   0.3153   0.0199    14.40  0    cut
 554  sn2002dp      Ia-norm    0.6187   1.60   0.3127   0.0285    10.00  0    cut
 555  sn1991ar      Ib-norm    0.5212   1.59   0.2931   0.0219     0.00  1    cut
 556  sn1998V       Ia-norm    0.6241   1.59   0.3125   0.0230    15.00  0    cut
 557  sn1999dq      Ia-91T     0.6187   1.59   0.3117   0.0229    17.20  0    cut
 558  sn1994Q       Ia-norm    0.6119   1.59   0.3125   0.0281    12.80  0    cut
 559  sn2006gr      Ia-norm    0.6891   1.59   0.3167   0.0232    12.40  0    cut
 560  sn2003cg      Ia-norm    0.6106   1.58   0.3167   0.0340     8.80  0    cut
 561  sn2002dp      Ia-norm    0.6187   1.58   0.3112   0.0242    13.00  0    cut
 562  sn1998dk      Ia-norm    0.6200   1.58   0.3254   0.0341    10.20  0    cut
 563  mstar         M-star     0.6661   1.58   0.3083   0.0125     7.00  2    cut
 564  sn1997bq      Ia-norm    0.6200   1.58   0.1502   0.0382     9.20  0    cut
 565  sn2003fa      Ia-91T     0.6444   1.57   0.3130   0.0220    17.30  0    cut
 566  sn2006ac      Ia-norm    0.6444   1.57   0.1382   0.0382    15.00  0    cut
 567  sn2000H       IIb        0.6200   1.57   0.3202   0.0273     7.70  0    cut
 568  sn2007if      Ia-pec     0.7473   1.57   0.1188   0.0339    14.10  0    cut
 569  sn1998V       Ia-norm    0.6241   1.56   0.3137   0.0231    13.10  0    cut
 570  sn1998dm      Ia-norm    0.6133   1.56   0.3187   0.0342     7.40  0    cut
 571  sn1987A       II-pec     0.5754   1.55   0.2919   0.0187     9.30  0    cut
 572  sn2002jy      Ia-norm    0.6255   1.55   0.3168   0.0351     9.90  0    cut
 573  sn2002fk      Ia-norm    0.6146   1.55   0.3114   0.0330     9.40  0    cut
 574  sn2000cn      Ia-91bg    0.6295   1.55   0.3206   0.0323     8.30  0    cut
 575  sn2006lf      Ia-norm    0.6241   1.55   0.3134   0.0591     9.30  0    cut
 576  sn1994Q       Ia-norm    0.6119   1.55   0.3124   0.0296    11.80  0    cut
 577  sn2002bf      Ia-norm    0.6295   1.55   0.3181   0.0272    16.40  0    cut
 578  sn2001ck      Ia-norm    0.6390   1.55   0.1384   0.0377    16.30  0    cut
 579  sn1998dm      Ia-norm    0.6133   1.55   0.3175   0.0342     9.50  0    cut
 580  sn2002bf      Ia-norm    0.6295   1.54   0.3201   0.0279    10.60  0    cut
 581  sn2006lf      Ia-norm    0.6227   1.54   0.3139   0.0230    10.30  0    cut
 582  sn1995al      Ia-norm    0.6160   1.54   0.1562   0.0394    10.40  0    cut
 583  sn2001V       Ia-91T     0.6214   1.54   0.3209   0.0337     9.50  0    cut
 584  sn2005cs      IIP        0.7473   1.54   0.2906   0.0133     9.80  0    cut
 585  sn1992A       Ia-norm    0.6133   1.54   0.1276   0.0364    15.80  0    cut
 586  sn1999em      IIP        0.7283   1.54   0.2961   0.0175    16.10  0    cut
 587  sn2000fa      Ia-norm    0.6282   1.53   0.1506   0.0383    11.10  0    cut
 588  sn1995F       Ic-norm    0.6065   1.53   0.3088   0.0349     4.00  1    cut
 589  sn2000ce      Ia-norm    0.6227   1.53   0.3214   0.0358     8.70  0    cut
 590  sn1997dq      Ic-broad   0.6079   1.53   0.3120   0.0400     0.00  1    cut
 591  sn1999cl      Ia-norm    0.6133   1.53   0.3260   0.0360     7.60  0    cut
 592  sn1990B       Ic-norm    0.4129   1.53   0.4341   0.0211     9.90  0    cut
 593  sn1996Z       Ia-norm    0.6173   1.53   0.1503   0.0387    10.10  0    cut
 594  sn2002dj      Ia-norm    0.6146   1.53   0.3174   0.0268    16.40  0    cut
 595  sn2002fk      Ia-norm    0.6146   1.53   0.3131   0.0344     7.40  0    cut
 596  sn2002fk      Ia-norm    0.6146   1.53   0.3124   0.0346     8.30  0    cut
 597  sn1998bu      Ia-norm    0.6079   1.53   0.3154   0.0353     8.40  0    cut
 598  sn1997do      Ia-norm    0.6160   1.51   0.3257   0.0351    10.20  0    cut
 599  sn1998dk      Ia-norm    0.6200   1.51   0.3249   0.0334    11.10  0    cut
 600  sn1998bu      Ia-norm    0.6079   1.51   0.3131   0.0249    12.40  0    cut
 601  sn1990K       IIL        0.5388   1.51   0.1633   0.0167   201.60  1    cut
 602  sn2006le      Ia-norm    0.6539   1.51   0.1419   0.0388    14.70  0    cut
 603  sn1991A       Ic-norm    0.5686   1.51   0.1307   0.0469    32.60  1    cut
 604  sn1998bu      Ia-norm    0.6079   1.51   0.3117   0.0246    13.40  0    cut
 605  sn1998bu      Ia-norm    0.6079   1.50   0.3147   0.0259    11.40  0    cut
 606  sn1998bu      Ia-norm    0.6079   1.50   0.3149   0.0385     9.40  0    cut
 607  sn2001en      Ia-norm    0.6214   1.50   0.1525   0.0389    10.20  0    cut
 608  sn2002kf      Ia-norm    0.6255   1.49   0.3180   0.0275    11.80  0    cut
 609  sn2000cu      Ia-norm    0.6227   1.49   0.3153   0.0336     7.30  0    cut
 610  sn2002kf      Ia-norm    0.6255   1.49   0.3163   0.0245    13.90  0    cut
 611  sn2003kf      Ia-norm    0.6146   1.49   0.3194   0.0366     8.50  0    cut
 612  sn1998bu      Ia-norm    0.6079   1.49   0.3157   0.0306    10.40  0    cut
 613  sn1998dx      Ia-norm    0.6579   1.49   0.3191   0.0224    12.50  0    cut
 614  sn2001G       Ia-norm    0.6227   1.49   0.3198   0.0242    11.60  0    cut
 615  sn2001V       Ia-91T     0.6214   1.48   0.3203   0.0301    10.50  0    cut
 616  sn1996ai      Ia-norm    0.6146   1.48   0.3150   0.0178    15.10  0    cut
 617  sn1998dm      Ia-norm    0.6133   1.48   0.3166   0.0271    12.40  0    cut
 618  sn1980K       IIL        0.5618   1.48   0.3727   0.0197    11.00  0    cut
 619  sn1999dn      Ib-norm    0.5415   1.48   0.0122   0.0248    27.70  1    cut
 620  sn1994D       Ia-norm    0.6106   1.48   0.3145   0.0247    10.80  0    cut
 621  sn2002kf      Ia-norm    0.6255   1.48   0.3203   0.0344     8.00  0    cut
 622  sn2003cg      Ia-norm    0.6715   1.47   0.1241   0.0405    15.90  0    cut
 623  sn2004bg      Ia-norm    0.6255   1.47   0.3127   0.0236    12.50  0    cut
 624  sn1997do      Ia-norm    0.6160   1.47   0.3253   0.0339    11.10  0    cut
 625  sn2002dj      Ia-norm    0.6146   1.47   0.3264   0.0374     9.50  0    cut
 626  sn2000H       IIb        0.6512   1.47   0.3201   0.0213     8.40  0    cut
 627  sn2003ch      Ia-norm    0.6282   1.46   0.3156   0.0225    13.50  0    cut
 628  sn2006le      Ia-norm    0.6552   1.46   0.1387   0.0395    16.70  0    cut
 629  sn1990K       IIL        0.6146   1.45   0.1628   0.0159   174.70  1    cut
 630  lbv1999bw     LBV        0.6092   1.45   0.4643   0.0261   -99.90  2    cut
 631  mstar         M-star     0.6661   1.45   0.3139   0.0118    10.00  2    cut
 632  sn1983V       Ic-norm    0.6038   1.45   0.3211   0.0412    13.90  0    cut
 633  sn2005eq      Ia-91T     0.6119   1.45   0.3136   0.0257    14.00  0    cut
 634  sn2006ac      Ia-norm    0.6607   1.44   0.1447   0.0388    11.00  0    cut
 635  sn1980K       IIL        0.5185   1.44   0.3084   0.0159     9.00  0    cut
 636  sn1996L       IIn        0.6092   1.44   0.0499   0.0111     8.40  0    cut
 637  sn1994Q       Ia-norm    0.6133   1.44   0.3142   0.0357    10.90  0    cut
 638  sn2003du      Ia-norm    0.6119   1.44   0.3107   0.0249    16.00  0    cut
 639  kcSc          Gal        0.7473   1.44   0.2582   0.0074   -99.90  2    cut
 640  sn2004dt      Ia-norm    0.6566   1.44   0.1167   0.0377    16.40  0    cut
 641  sn1999em      IIP        0.6065   1.43   0.3052   0.0151     9.40  0    cut
 642  sn1996Z       Ia-norm    0.6187   1.43   0.3258   0.0374     8.10  0    cut
 643  sn2001bg      Ia-norm    0.6133   1.42   0.3210   0.0374    10.00  0    cut
 644  sn2001en      Ia-norm    0.6214   1.42   0.3228   0.0376     8.30  0    cut
 645  sn2001bf      Ia-norm    0.6214   1.41   0.3041   0.0382     7.60  0    cut
 646  kcSB4         Gal        0.7473   1.41   0.2586   0.0072   -99.90  2    cut
 647  sn2000fa      Ia-norm    0.6255   1.41   0.3221   0.0379     9.10  0    cut
 648  sn1998dm      Ia-norm    0.6133   1.40   0.3142   0.0253    14.40  0    cut
 649  sn2001da      Ia-norm    0.6241   1.40   0.3218   0.0368     7.80  0    cut
 650  sn1999di      Ib-norm    0.5483   1.40   0.0154   0.0271     0.00  1    cut
 651  sn2002er      Ia-norm    0.7365   1.39   0.1207   0.0371    15.80  0    cut
 652  sn2002er      Ia-norm    0.7365   1.39   0.1207   0.0371    14.90  0    cut
 653  sn1999dn      Ib-norm    0.6214   1.39   0.3080   0.0368     0.00  1    cut
 654  sn1998bw      Ic-broad   0.7473   1.39   0.4458   0.0315    12.70  0    cut
 655  sn2004dj      IIP        0.5334   1.38   0.2930   0.0137    89.80  1    cut
 656  sn2007jg      Ia-norm    0.6485   1.38   0.1428   0.0430    13.10  0    cut
 657  sn2003hv      Ia-norm    0.5943   1.37   0.3110   0.0227    11.20  0    cut
 658  sn2006le      Ia-norm    0.6837   1.37   0.1431   0.0408    13.80  0    cut
 659  sn2008D       Ib-pec     0.6079   1.37   0.3108   0.0416     9.50  0    cut
 660  sn1994M       Ia-norm    0.7473   1.36   0.1297   0.0352    12.50  0    cut
 661  sn2002bo      Ia-norm    0.6092   1.36   0.3160   0.0330    16.40  0    cut
 662  sn1995F       Ic-norm    0.6065   1.36   0.3094   0.0395     1.90  1    cut
 663  sn1991A       Ic-norm    0.4698   1.36   0.1263   0.0394   128.30  1    cut
 664  sn1999di      Ib-norm    0.5469   1.35   0.0128   0.0273    23.60  1    cut
 665  sn2006bp      IIP        0.5050   1.34   0.3126   0.0143    13.20  0    cut
 666  sn1997dq      Ic-broad   0.6092   1.34   0.3151   0.0461    17.90  1    cut
 667  sn1990K       IIL        0.5876   1.33   0.1617   0.0167   174.70  1    cut
 668  sn1984L       Ib-norm    0.7067   1.33   0.3024   0.0435    11.90  0    cut
 669  sn1987A       II-pec     0.5781   1.33   0.2923   0.0209    11.30  0    cut
 670  sn1998bw      Ic-broad   0.7473   1.32   0.2510   0.0196    11.70  0    cut
 671  sn1997dq      Ic-broad   0.6092   1.32   0.3143   0.0470    14.90  1    cut
 672  sn1999em      IIP        0.7243   1.31   0.3000   0.0196    11.10  0    cut
 673  sn2006lf      Ia-norm    0.6106   1.31   0.3130   0.0395     7.30  0    cut
 674  sn2001ay      Ia-norm    0.6349   1.31   0.1515   0.0373     9.00  0    cut
 675  sn2002bo      Ia-norm    0.6106   1.31   0.3160   0.0341    15.40  0    cut
 676  sn1997dq      Ic-broad   0.7365   1.31   0.3168   0.0476    81.70  1    cut
 677  sn2007le      Ia-norm    0.6796   1.29   0.1356   0.0426    16.40  0    cut
 678  sn1992H       IIP        0.4156   1.29   0.3159   0.0162    11.50  0    cut
 679  sn2003kf      Ia-norm    0.6146   1.29   0.3177   0.0421    10.40  0    cut
 680  mstar         M-star     0.6661   1.29   0.2729   0.0120     5.00  2    cut
 681  sn2007le      Ia-norm    0.6783   1.29   0.1416   0.0416    13.40  0    cut
 682  sn2007le      Ia-norm    0.6783   1.29   0.1393   0.0422    14.40  0    cut
 683  sn2007le      Ia-norm    0.6796   1.28   0.1375   0.0425    15.40  0    cut
 684  sn1997dq      Ic-broad   0.6106   1.28   0.3135   0.0472    21.90  1    cut
 685  lbv1999bw     LBV        0.5605   1.28   0.2177   0.0084   -99.90  2    cut
 686  sn1996cb      IIb        0.5916   1.28   0.3239   0.0331     7.90  0    cut
 687  sn1990aa      Ic-norm    0.5727   1.27   0.1606   0.0554    61.50  1    cut
 688  sn1998dt      Ib-norm    0.6173   1.27   0.3074   0.0340    16.60  0    cut
 689  sn2002bo      Ia-norm    0.6092   1.26   0.3169   0.0354    14.50  0    cut
 690  mstar         M-star     0.6661   1.26   0.4874   0.0209     8.00  2    cut
 691  agn           AGN        0.7473   1.22   0.2152   0.0129   -99.90  2    cut
 692  sn1997dq      Ic-broad   0.6106   1.22   0.3145   0.0492    26.90  1    cut
 693  kcSB5         Gal        0.7473   1.22   0.2587   0.0071   -99.90  2    cut
 694  kcSB1         Gal        0.7473   1.22   0.4152   0.0161   -99.90  2    cut
 695  sn1997cy      IIn        0.6959   1.21   0.1674   0.0226   174.50  1    cut
 696  sn1991A       Ic-norm    0.4684   1.21   0.2960   0.0266    16.80  1    cut
 697  sn1990K       IIL        0.5469   1.20   0.1631   0.0160   160.90  1    cut
 698  kcSB3         Gal        0.7473   1.19   0.2599   0.0072   -99.90  2    cut
 699  sn2001ay      Ia-norm    0.6552   1.17   0.1501   0.0372     7.80  0    cut
 700  sn1991ar      Ib-norm    0.5239   1.14   0.2907   0.0287    27.40  1    cut
 701  sn1998bw      Ic-broad   0.7162   1.13   0.1974   0.0367     8.70  0    cut
 702  sn1997cy      IIn        0.7473   1.13   0.0088   0.0261   196.10  1    cut
 703  sn1998dt      Ib-norm    0.6200   1.12   0.3029   0.0380    10.70  0    cut
 704  sn1997dq      Ic-broad   0.6160   1.11   0.3433   0.0339   222.20  1    cut
 705  sn1997cy      IIn        0.7283   1.11   0.1296   0.0604    14.10  1    cut
 706  sn1997cy      IIn        0.7283   1.10   0.1665   0.0510   116.80  1    cut
 707  sn1995F       Ic-norm    0.6728   1.10   0.1336   0.0713    88.80  1    cut
 708  sn1979C       IIL        0.4116   1.10   0.4618   0.0370     9.90  0    cut
 709  sn1998bw      Ic-broad   0.7094   1.09   0.2006   0.0447     7.80  0    cut
 710  sn1998dt      Ib-norm    0.6214   1.08   0.3014   0.0394    11.70  0    cut
 711  kcSB2         Gal        0.7473   1.08   0.4157   0.0151   -99.90  2    cut
 712  sn1997cy      IIn        0.7283   1.08   0.1648   0.0253   377.70  1    cut
 713  sn1979C       IIL        0.4102   1.07   0.4625   0.0345    10.90  0    cut
 714  sn1991ar      Ib-norm    0.4752   1.04   0.2920   0.0196    15.80  1    cut
 715  sn1990aa      Ic-norm    0.5727   1.01   0.1300   0.0578   116.10  1    cut
 716  kcSB6         Gal        0.7473   1.01   0.2589   0.0076   -99.90  2    cut
 717  sn2002ap      Ic-broad   0.4400   0.98   0.3086   0.0366    12.70  0    cut
 718  sn1997cy      IIn        0.7283   0.98   0.1924   0.0617   125.30  1    cut
 719  sn1997cy      IIn        0.7283   0.96   0.0442   0.0324   226.10  1    cut
 720  sn1999di      Ib-norm    0.4305   0.91   0.4232   0.0289    30.50  1    cut
 721  sn1979C       IIL        0.5402   0.89   0.1513   0.0407    12.90  0    cut
 722  lbv2001ac     LBV        0.6106   0.88   0.4689   0.0147   -99.90  2    cut
 723  sn1990B       Ic-norm    0.5172   0.86   0.3065   0.0159    15.40  0    cut
 724  sn1997cy      IIn        0.7270   0.85   0.1642   0.0777    71.30  1    cut
 725  sn1990K       IIL        0.6133   0.85   0.3238   0.0197   147.00  1    cut
 726  sn1988L       Ib-norm    0.4914   0.81   0.3076   0.0366    47.70  1    cut
 727  sn1997cy      IIn        0.7297   0.81   0.1209   0.0790    57.20  1    cut
 728  sn2006bp      IIP        0.5131   0.76   0.3175   0.0173     8.10  0    cut
 729  sn1991N       Ic-norm    0.7473   0.75   0.1227   0.0315   250.20  1    cut
 730  sn1990K       IIL        0.6119   0.71   0.2046   0.0315   136.10  1    cut
 731  sn1991N       Ic-norm    0.5564   0.65   0.2034   0.0248   276.10  1    cut
 732  sn1990K       IIL        0.5320   0.63   0.1806   0.0679   139.00  1    cut
