### SNID output file ###
 
### input spectrum and options ###
# Input spectrum                 : 4524_-11.40.dat
# Parameter file                 : NA
# Wavelength range               :    4000.00   9000.00
# Mask file                      : NA
# Median filtering width [A]     : NA
# Median filtering width [pix]   :       1.00
# Clip emission redshift         :     0.0609
# Clip sky lines                 : 0
# Emission clip width [A]        :       0.06
# Keep A-band                    : 1
# Age range                      :     -16.40     -6.40
# Delta range                    :      -9.99     99.90
# Min. number of spectra/template:   1
# Use only templates             : NA
# Use only types                 : NA
# Avoid templates                : NA
# Avoid types                    : NA
# rlapmin                        :       5.00
# Redshift range                 :    -0.0100    1.2000
# Forced initial redshift        :     0.0609
# Extra fake redshift            : NA
# Nsigma for initial redshift    : NA
# Redshift filter                :     0.0200
# Wavenumbers k1,k2,k3,k4        :     1    4   85  102
# Template directory             : /home/djperrefort/snid-5.0/templates-2.0/
 
### initial/user-input redshift ###
zinit       0.0000
zuser       0.0609
 
### median redshift/age and error ###
zmed        0.0630    0.0024
agem         -8.00      1.33
 
### type fraction/redshift/age ###
#type ntemp fraction slope redshift redshift_error age age_error
Ia             26      1.00    0.0000    0.0630    0.0024    -8.000     1.328
Ia-norm         0      0.00    0.0000    0.0000    0.0000     0.000     0.000
Ia-91T         26      1.00    0.0000    0.0630    0.0024    -8.000     1.328
Ia-91bg         0      0.00    0.0000    0.0000    0.0000     0.000     0.000
Ia-csm          0      0.00    0.0000    0.0000    0.0000     0.000     0.000
Ia-pec          0      0.00    0.0000    0.0000    0.0000     0.000     0.000
###
Ib              0      0.00    0.0000    0.0000    0.0000     0.000     0.000
Ib-norm         0      0.00    0.0000    0.0000    0.0000     0.000     0.000
Ib-pec          0      0.00    0.0000    0.0000    0.0000     0.000     0.000
IIb             0      0.00    0.0000    0.0000    0.0000     0.000     0.000
###
Ic              0      0.00    0.0000    0.0000    0.0000     0.000     0.000
Ic-norm         0      0.00    0.0000    0.0000    0.0000     0.000     0.000
Ic-pec          0      0.00    0.0000    0.0000    0.0000     0.000     0.000
Ic-broad        0      0.00    0.0000    0.0000    0.0000     0.000     0.000
###
II              0      0.00    0.0000    0.0000    0.0000     0.000     0.000
IIP             0      0.00    0.0000    0.0000    0.0000     0.000     0.000
II-pec          0      0.00    0.0000    0.0000    0.0000     0.000     0.000
IIn             0      0.00    0.0000    0.0000    0.0000     0.000     0.000
IIL             0      0.00    0.0000    0.0000    0.0000     0.000     0.000
###
NotSN           0      0.00    0.0000    0.0000    0.0000     0.000     0.000
AGN             0      0.00    0.0000    0.0000    0.0000     0.000     0.000
Gal             0      0.00    0.0000    0.0000    0.0000     0.000     0.000
LBV             0      0.00    0.0000    0.0000    0.0000     0.000     0.000
M-star          0      0.00    0.0000    0.0000    0.0000     0.000     0.000
 
### rlap-ordered template listings ###
#no. sn type lap rlap z zerr age age_flag grade
   1  sn1997br      Ia-91T     0.5984   7.57   0.0621   0.0078    -8.00  0   good
   2  sn1997br      Ia-91T     0.5984   7.45   0.0614   0.0079    -7.00  0   good
   3  sn1991T       Ia-91T     0.5984   6.56   0.0595   0.0090    -6.70  0   good
   4  sn1997br      Ia-91T     0.5984   6.46   0.0616   0.0095    -7.60  0   good
   5  sn1997br      Ia-91T     0.5442   6.40   0.0607   0.0087    -6.60  0   good
   6  sn1997br      Ia-91T     0.5984   6.39   0.0634   0.0094    -9.60  0   good
   7  sn1991T       Ia-91T     0.5984   6.31   0.0603   0.0093    -7.70  0   good
   8  sn1999dq      Ia-91T     0.5984   6.18   0.0639   0.0099    -9.40  0   good
   9  sn1995bd      Ia-91T     0.5984   6.13   0.0633   0.0093    -7.10  0   good
  10  sn1997br      Ia-91T     0.5848   6.10   0.0609   0.0101    -8.60  0   good
  11  sn1991T       Ia-91T     0.5984   5.94   0.0614   0.0097    -8.70  0   good
  12  sn1999dq      Ia-91T     0.5984   5.89   0.0636   0.0104    -8.50  0   good
  13  sn1998ab      Ia-91T     0.5984   5.79   0.0611   0.0105    -7.80  0   good
  14  sn1995bd      Ia-91T     0.5984   5.64   0.0725   0.0099   -12.00  0   good
  15  sn1998es      Ia-91T     0.5537   5.61   0.0630   0.0101    -9.40  0   good
  16  sn1999aa      Ia-91T     0.5984   5.55   0.0635   0.0104    -9.00  0   good
  17  sn1999dq      Ia-91T     0.5984   5.54   0.0635   0.0111    -7.40  0   good
  18  sn1999aa      Ia-91T     0.5984   5.33   0.0625   0.0110    -7.10  0   good
  19  sn2001V       Ia-91T     0.5984   5.24   0.0647   0.0114    -7.40  0   good
  20  sn1999aa      Ia-91T     0.5984   5.18   0.0644   0.0111    -9.90  0   good
  21  sn1999aa      Ia-91T     0.5984   5.17   0.0626   0.0113    -8.00  0   good
  22  sn2001V       Ia-91T     0.5984   5.17   0.0657   0.0115    -9.30  0   good
  23  sn1999dq      Ia-91T     0.5984   5.17   0.0645   0.0119   -10.40  0   good
  24  sn1998es      Ia-91T     0.5984   5.02   0.0632   0.0115    -7.30  0   good
  25  sn1999dq      Ia-91T     0.5984   5.02   0.0630   0.0122    -6.40  0   good
  26  sn1998es      Ia-91T     0.5984   5.01   0.0628   0.0114    -8.40  0   good
#--- rlap cutoff
  27  sn1995bd      Ia-91T     0.5984   4.97   0.0707   0.0107   -10.10  0    cut
  28  sn1999aa      Ia-91T     0.5984   4.93   0.0631   0.0120    -9.40  0    cut
  29  sn2005hk      Ia-pec     0.5984   4.84   0.0436   0.0105    -8.30  0    cut
  30  sn2001V       Ia-91T     0.5984   4.83   0.0646   0.0122    -6.40  0    cut
  31  sn1995bd      Ia-91T     0.5984   4.75   0.0664   0.0115    -9.10  0    cut
  32  sn2005hk      Ia-pec     0.5808   4.71   0.0428   0.0104    -7.30  0    cut
  33  sn1991T       Ia-91T     0.5984   4.67   0.0633   0.0123   -11.70  0    cut
  34  sn1991T       Ia-91T     0.5984   4.65   0.0620   0.0122   -10.70  0    cut
  35  sn2008A       Ia-pec     0.5984   4.59   0.0479   0.0119    -6.90  0    cut
  36  sn1991T       Ia-91T     0.5984   4.59   0.1244   0.0122   -12.80  0    cut
  37  sn2005hk      Ia-pec     0.5984   4.58   0.0425   0.0112    -7.30  0    cut
  38  sn2001V       Ia-91T     0.5984   4.32   0.0663   0.0138   -10.20  0    cut
  39  sn2007if      Ia-pec     0.5618   4.30   0.0521   0.0140    -6.60  0    cut
  40  sn2005hk      Ia-pec     0.5984   4.29   0.0433   0.0110    -9.30  0    cut
  41  sn2005eq      Ia-91T     0.5984   4.23   0.0628   0.0134    -8.30  0    cut
  42  sn1998es      Ia-91T     0.5984   4.16   0.0627   0.0134    -6.40  0    cut
  43  sn2008A       Ia-pec     0.5984   4.16   0.0491   0.0133    -7.90  0    cut
  44  sn2001V       Ia-91T     0.5984   4.06   0.0678   0.0147   -11.20  0    cut
  45  sn2007if      Ia-pec     0.5984   4.03   0.0528   0.0137    -9.20  0    cut
  46  sn2003fa      Ia-91T     0.5984   3.97   0.0634   0.0140    -9.50  0    cut
  47  sn2003fa      Ia-91T     0.5984   3.95   0.0633   0.0138    -6.60  0    cut
  48  sn1998es      Ia-91T     0.5984   3.89   0.0640   0.0148   -10.30  0    cut
  49  sn1998es      Ia-91T     0.5984   3.81   0.0653   0.0152   -11.40  0    cut
  50  sn2001ah      Ia-91T     0.5984   3.80   0.0644   0.0146    -8.70  0    cut
  51  sn2005hk      Ia-pec     0.5984   3.79   0.0422   0.0129    -8.30  0    cut
  52  sn2001V       Ia-91T     0.5984   3.76   0.0699   0.0157   -12.30  0    cut
  53  sn2008D       Ib-pec     0.5984   3.69   0.0631   0.0204    -6.60  0    cut
  54  sn2003fa      Ia-91T     0.5984   3.66   0.0631   0.0155    -7.60  0    cut
  55  sn1991N       Ic-norm    0.5984   3.65   0.0482   0.0220    12.00  1    cut
  56  sn2003fa      Ia-91T     0.5984   3.64   0.0631   0.0153    -8.50  0    cut
  57  sn1991N       Ic-norm    0.5984   3.63   0.0493   0.0234     0.00  1    cut
  58  sn2003fa      Ia-91T     0.5984   3.60   0.0648   0.0162   -10.40  0    cut
  59  sn2001ah      Ia-91T     0.5984   3.57   0.0647   0.0157    -9.70  0    cut
  60  sn2005gj      Ia-csm     0.5970   3.55   0.0631   0.0082   -12.10  0    cut
  61  sn2001V       Ia-91T     0.5984   3.48   0.0708   0.0170   -13.20  0    cut
  62  sn1999ac      Ia-91T     0.5984   3.45   0.0663   0.0166   -12.90  0    cut
  63  sn2007Y       Ib-norm    0.5930   3.37   0.0646   0.0218    -9.00  0    cut
  64  sn1991A       Ic-norm    0.5754   3.32   0.0510   0.0202     0.00  1    cut
  65  sn2006oa      Ia-91T     0.5984   3.27   0.0599   0.0144    -7.60  0    cut
  66  sn2004eo      Ia-norm    0.5984   3.08   0.0683   0.0203   -10.20  0    cut
  67  lbv2003hy     LBV        0.5984   3.06   0.0421   0.0184   -99.90  2    cut
  68  sn2006oa      Ia-91T     0.5984   2.81   0.0607   0.0188    -8.50  0    cut
  69  sn2003kc      Ia-norm    0.5984   2.78   0.0730   0.0207    -7.60  0    cut
  70  sn1990N       Ia-norm    0.5984   2.78   0.0650   0.0191    -7.40  0    cut
  71  sn2002dj      Ia-norm    0.5984   2.71   0.0809   0.0223   -11.40  0    cut
  72  sn2002er      Ia-norm    0.5984   2.70   0.0776   0.0220   -11.90  0    cut
  73  sn2000cn      Ia-91bg    0.5984   2.65   0.0748   0.0248    -9.30  0    cut
  74  sn1999ee      Ia-norm    0.5984   2.63   0.0727   0.0200    -9.10  0    cut
  75  sn2002bo      Ia-norm    0.5984   2.60   0.0846   0.0234   -12.70  0    cut
  76  sn2002dl      Ia-91bg    0.5984   2.59   0.0706   0.0263    -8.40  0    cut
  77  sn2000E       Ia-norm    0.5984   2.59   0.0638   0.0200    -6.40  0    cut
  78  sn1991N       Ic-norm    0.5984   2.59   0.0537   0.0282     5.70  1    cut
  79  sn2002bo      Ia-norm    0.5984   2.58   0.0847   0.0236   -12.40  0    cut
  80  sn2007Y       Ib-norm    0.5930   2.57   0.0591   0.0302   -15.00  0    cut
  81  sn2002dj      Ia-norm    0.5984   2.57   0.0858   0.0223   -11.40  0    cut
  82  sn1998aq      Ia-norm    0.5984   2.55   0.0625   0.0185    -8.90  0    cut
  83  sn1999ee      Ia-norm    0.5984   2.55   0.0685   0.0206    -7.20  0    cut
  84  sn1994D       Ia-norm    0.5984   2.54   0.0846   0.0230   -11.10  0    cut
  85  sn1998aq      Ia-norm    0.5984   2.54   0.0626   0.0194    -9.90  0    cut
  86  sn2002dj      Ia-norm    0.5984   2.54   0.0803   0.0216   -10.40  0    cut
  87  sn2005eu      Ia-norm    0.5984   2.53   0.0638   0.0191    -7.10  0    cut
  88  sn2005mz      Ia-91bg    0.5984   2.52   0.0674   0.0256    -7.50  0    cut
  89  sn1999ac      Ia-91T     0.5754   2.51   0.0671   0.0206    -9.90  0    cut
  90  sn1983V       Ic-norm    0.5767   2.51   0.0771   0.0242    -7.00  0    cut
  91  sn1997dq      Ic-broad   0.5984   2.51   0.0570   0.0273     0.00  1    cut
  92  sn2007F       Ia-norm    0.5984   2.50   0.0636   0.0195    -6.70  0    cut
  93  sn2008Z       Ia-norm    0.5984   2.49   0.0653   0.0188    -7.30  0    cut
  94  sn2002bo      Ia-norm    0.5984   2.47   0.0882   0.0249   -13.60  0    cut
  95  sn2005cg      Ia-norm    0.5144   2.46   0.0793   0.0210    -9.80  0    cut
  96  sn1999cl      Ia-norm    0.5984   2.46   0.0750   0.0239    -8.30  0    cut
  97  sn1991N       Ic-norm    0.5984   2.46   0.0522   0.0315     6.60  1    cut
  98  sn2002dl      Ia-91bg    0.5984   2.45   0.0681   0.0281    -6.50  0    cut
  99  sn1999ac      Ia-91T     0.5984   2.44   0.0717   0.0208   -13.90  0    cut
 100  sn2007F       Ia-norm    0.5984   2.42   0.0653   0.0199    -7.70  0    cut
 101  sn1984A       Ia-norm    0.5672   2.40   0.0850   0.0234    -6.70  0    cut
 102  sn2000cn      Ia-91bg    0.5984   2.40   0.0730   0.0265    -7.30  0    cut
 103  sn2008Z       Ia-norm    0.5984   2.39   0.0657   0.0195    -8.20  0    cut
 104  sn1998de      Ia-91bg    0.5957   2.39   0.0748   0.0299    -7.20  0    cut
 105  sn1997dt      Ia-norm    0.5984   2.37   0.0742   0.0234   -10.60  0    cut
 106  sn2003cg      Ia-norm    0.5984   2.37   0.0641   0.0229    -8.00  0    cut
 107  sn2000cn      Ia-91bg    0.5984   2.37   0.0738   0.0272    -8.30  0    cut
 108  sn2006gz      Ia-pec     0.5456   2.36   0.0666   0.0190   -12.30  0    cut
 109  sn2002dl      Ia-91bg    0.5984   2.35   0.0687   0.0308    -7.40  0    cut
 110  sn2002bo      Ia-norm    0.5984   2.35   0.0791   0.0245    -9.70  0    cut
 111  sn1999cp      Ia-norm    0.5984   2.34   0.0769   0.0245   -14.90  0    cut
 112  sn1990O       Ia-norm    0.5984   2.33   0.0697   0.0209    -6.60  0    cut
 113  sn2002bo      Ia-norm    0.5984   2.32   0.0876   0.0255   -13.40  0    cut
 114  sn2003bg      IIb        0.5903   2.31   0.0745   0.0245    -7.40  0    cut
 115  sn2005cf      Ia-norm    0.5984   2.31   0.0715   0.0253    -9.70  0    cut
 116  sn2004as      Ia-norm    0.5984   2.30   0.0747   0.0233    -7.80  0    cut
 117  sn2003du      Ia-norm    0.5984   2.29   0.0629   0.0193    -7.20  0    cut
 118  sn2005cf      Ia-norm    0.5984   2.28   0.0768   0.0257   -11.20  0    cut
 119  lbv1999bw     LBV        0.5984   2.28   0.1255   0.0183   -99.90  2    cut
 120  sn2002bo      Ia-norm    0.5984   2.27   0.0769   0.0245    -8.40  0    cut
 121  sn2008Z       Ia-norm    0.5984   2.27   0.0664   0.0196    -9.20  0    cut
 122  sn1997dq      Ic-broad   0.5984   2.26   0.0560   0.0290    14.90  1    cut
 123  sn2003du      Ia-norm    0.5984   2.26   0.0734   0.0244   -12.70  0    cut
 124  sn1999cl      Ia-norm    0.5984   2.26   0.0727   0.0252    -7.30  0    cut
 125  sn2001ep      Ia-norm    0.5984   2.26   0.0668   0.0245    -7.00  0    cut
 126  sn2006cp      Ia-norm    0.5984   2.26   0.0844   0.0239   -11.20  0    cut
 127  sn2004ef      Ia-norm    0.5984   2.26   0.0857   0.0258    -8.10  0    cut
 128  sn2005cf      Ia-norm    0.5984   2.26   0.0747   0.0259   -10.20  0    cut
 129  sn2002er      Ia-norm    0.5984   2.26   0.0715   0.0227   -10.00  0    cut
 130  sn1997dq      Ic-broad   0.5984   2.25   0.0556   0.0292    17.90  1    cut
 131  sn1994D       Ia-norm    0.5984   2.25   0.0789   0.0248   -10.00  0    cut
 132  sn1997dq      Ic-broad   0.5984   2.25   0.0571   0.0301     1.00  1    cut
 133  sn1999dn      Ib-norm    0.5984   2.23   0.0474   0.0334     0.00  1    cut
 134  sn1997dd      IIb        0.5984   2.23   0.0598   0.0227     0.00  1    cut
 135  sn2003W       Ia-norm    0.5984   2.22   0.0862   0.0248    -9.10  0    cut
 136  sn1997dt      Ia-norm    0.5984   2.21   0.0732   0.0250    -9.70  0    cut
 137  sn2005cf      Ia-norm    0.5984   2.21   0.0776   0.0266   -11.70  0    cut
 138  sn2002dj      Ia-norm    0.5984   2.21   0.0826   0.0241    -9.50  0    cut
 139  sn2007if      Ia-pec     0.5442   2.21   0.0491   0.0234    -7.50  0    cut
 140  sn2005cf      Ia-norm    0.5984   2.20   0.0685   0.0260    -8.70  0    cut
 141  sn2006cc      Ia-norm    0.5984   2.18   0.0670   0.0226    -9.70  0    cut
 142  sn1991N       Ic-norm    0.5984   2.18   0.0500   0.0344     7.60  1    cut
 143  sn2006D       Ia-norm    0.5984   2.17   0.0692   0.0271    -7.30  0    cut
 144  sn2005eu      Ia-norm    0.5984   2.17   0.0635   0.0235    -9.00  0    cut
 145  sn2005cf      Ia-norm    0.5984   2.16   0.0749   0.0270   -10.40  0    cut
 146  sn2002cd      Ia-norm    0.5984   2.16   0.0788   0.0235    -6.70  0    cut
 147  sn2004fz      Ia-norm    0.5984   2.16   0.0623   0.0237    -6.80  0    cut
 148  lbv2003hy     LBV        0.5984   2.15   0.0356   0.0131   -99.90  2    cut
 149  sn2002bo      Ia-norm    0.5984   2.14   0.0751   0.0256    -7.30  0    cut
 150  sn1998dh      Ia-norm    0.5984   2.14   0.0718   0.0247    -9.40  0    cut
 151  sn2003du      Ia-norm    0.5984   2.14   0.0636   0.0216    -8.10  0    cut
 152  sn2003du      Ia-norm    0.5984   2.13   0.0697   0.0237   -11.10  0    cut
 153  sn2005cf      Ia-norm    0.5984   2.13   0.0709   0.0276    -9.70  0    cut
 154  sn2006gz      Ia-pec     0.5984   2.12   0.0647   0.0201    -8.40  0    cut
 155  sn2001gc      Ia-norm    0.5984   2.12   0.0835   0.0254    -8.50  0    cut
 156  sn2005cf      Ia-norm    0.5984   2.12   0.0780   0.0270   -11.40  0    cut
 157  sn2005cf      Ia-norm    0.5984   2.12   0.0715   0.0264    -9.20  0    cut
 158  sn2006gz      Ia-pec     0.5903   2.12   0.0682   0.0228   -13.30  0    cut
 159  sn2007bm      Ia-norm    0.5984   2.11   0.0631   0.0232    -9.30  0    cut
 160  sn2008D       Ib-pec     0.5984   2.11   0.0700   0.0288    -9.30  0    cut
 161  sn1990O       Ia-norm    0.5984   2.11   0.0702   0.0224    -7.60  0    cut
 162  sn2005cf      Ia-norm    0.5984   2.11   0.0648   0.0236    -6.60  0    cut
 163  sn1997bq      Ia-norm    0.5984   2.10   0.0875   0.0251   -11.60  0    cut
 164  sn2006gz      Ia-pec     0.5984   2.10   0.0687   0.0210   -13.30  0    cut
 165  sn2006gz      Ia-pec     0.5984   2.10   0.0668   0.0199   -11.30  0    cut
 166  sn1997dt      Ia-norm    0.5984   2.10   0.0713   0.0254    -8.70  0    cut
 167  sn1997dq      Ic-broad   0.5984   2.10   0.0553   0.0305    21.90  1    cut
 168  sn2002dj      Ia-norm    0.5984   2.09   0.0763   0.0242    -8.40  0    cut
 169  sn2002dj      Ia-norm    0.5984   2.09   0.0731   0.0243    -6.40  0    cut
 170  sn2005cf      Ia-norm    0.5984   2.09   0.0719   0.0273    -9.30  0    cut
 171  sn2004ef      Ia-norm    0.5984   2.09   0.0842   0.0287    -7.10  0    cut
 172  sn2003cg      Ia-norm    0.5984   2.09   0.0633   0.0218    -6.40  0    cut
 173  sn2006gr      Ia-norm    0.5984   2.07   0.0712   0.0232    -6.90  0    cut
 174  sn1983V       Ic-norm    0.5984   2.07   0.0826   0.0323    -9.00  0    cut
 175  sn2007bm      Ia-norm    0.5984   2.07   0.0676   0.0259   -11.20  0    cut
 176  sn2002dj      Ia-norm    0.5984   2.07   0.0751   0.0243    -7.40  0    cut
 177  sn2006gz      Ia-pec     0.5984   2.07   0.0648   0.0210    -9.30  0    cut
 178  lbv2003hy     LBV        0.5984   2.07   0.0468   0.0248   -99.90  2    cut
 179  sn2006gr      Ia-norm    0.5984   2.07   0.0733   0.0239    -7.90  0    cut
 180  sn1997bq      Ia-norm    0.5984   2.06   0.0860   0.0257   -10.60  0    cut
 181  sn1998dh      Ia-norm    0.5984   2.06   0.0708   0.0250    -8.40  0    cut
 182  sn2002dj      Ia-norm    0.5984   2.06   0.0831   0.0264   -10.40  0    cut
 183  sn1987A       II-pec     0.5740   2.06   0.0420   0.0389    -8.70  0    cut
 184  sn2001cp      Ia-norm    0.5984   2.05   0.0636   0.0229    -6.80  0    cut
 185  sn2005bf      Ib-pec     0.5984   2.05   0.0582   0.0357    -7.60  0    cut
 186  sn2006le      Ia-norm    0.5984   2.05   0.0683   0.0243    -6.80  0    cut
 187  sn2002cd      Ia-norm    0.5984   2.05   0.0798   0.0231    -7.70  0    cut
 188  sn2008ar      Ia-norm    0.5984   2.04   0.0748   0.0284    -8.50  0    cut
 189  lbv2003hy     LBV        0.5984   2.04   0.0469   0.0240   -99.90  2    cut
 190  sn2008ar      Ia-norm    0.5984   2.04   0.0685   0.0260    -6.60  0    cut
 191  sn1997dt      Ia-norm    0.5984   2.04   0.0699   0.0257    -7.70  0    cut
 192  lbv2003hy     LBV        0.5984   2.04   0.0293   0.0248   -99.90  2    cut
 193  sn2003du      Ia-norm    0.5984   2.03   0.0684   0.0252   -10.70  0    cut
 194  sn1994D       Ia-norm    0.5984   2.03   0.0845   0.0273   -11.20  0    cut
 195  sn2003du      Ia-norm    0.5984   2.02   0.0668   0.0229   -11.10  0    cut
 196  sn2005cf      Ia-norm    0.5984   2.02   0.0686   0.0264    -8.20  0    cut
 197  sn2003W       Ia-norm    0.5984   2.02   0.0943   0.0261   -11.10  0    cut
 198  sn2000fa      Ia-norm    0.5943   2.01   0.0769   0.0255   -10.40  0    cut
 199  sn2006cp      Ia-norm    0.5984   2.01   0.0811   0.0259   -10.30  0    cut
 200  sn1998dh      Ia-norm    0.5984   2.01   0.0694   0.0252    -7.50  0    cut
 201  sn1995F       Ic-norm    0.5984   2.01   0.0540   0.0324    11.00  1    cut
 202  sn2005cf      Ia-norm    0.5984   2.01   0.0666   0.0252    -7.30  0    cut
 203  sn2004as      Ia-norm    0.5984   2.01   0.0732   0.0261    -6.80  0    cut
 204  sn2003W       Ia-norm    0.5984   2.00   0.0833   0.0261    -8.20  0    cut
 205  sn1997do      Ia-norm    0.5984   2.00   0.0761   0.0246    -7.60  0    cut
 206  sn2006gr      Ia-norm    0.5984   2.00   0.0775   0.0237    -9.80  0    cut
 207  sn2002er      Ia-norm    0.5984   2.00   0.0690   0.0250    -7.00  0    cut
 208  sn2007le      Ia-norm    0.5984   1.99   0.0717   0.0236    -6.40  0    cut
 209  sn2003W       Ia-norm    0.5984   1.98   0.0826   0.0270    -7.30  0    cut
 210  sn2008D       Ib-pec     0.5984   1.98   0.1164   0.0163   -16.40  0    cut
 211  sn2006ax      Ia-norm    0.5984   1.96   0.0643   0.0241    -9.30  0    cut
 212  sn2003du      Ia-norm    0.5984   1.96   0.0666   0.0248    -9.80  0    cut
 213  sn1997bq      Ia-norm    0.5984   1.95   0.0821   0.0266    -9.60  0    cut
 214  sn2002cd      Ia-norm    0.5984   1.95   0.0810   0.0236    -8.60  0    cut
 215  sn2003du      Ia-norm    0.5984   1.94   0.0653   0.0245    -8.90  0    cut
 216  sn2002cu      Ia-norm    0.5984   1.94   0.0874   0.0279    -8.20  0    cut
 217  sn2002dj      Ia-norm    0.5984   1.94   0.0748   0.0264    -6.60  0    cut
 218  sn2006gz      Ia-pec     0.5984   1.93   0.0659   0.0238   -12.30  0    cut
 219  sn2003W       Ia-norm    0.5984   1.93   0.0931   0.0270   -10.20  0    cut
 220  lbv2003hy     LBV        0.5984   1.93   0.0472   0.0182   -99.90  2    cut
 221  sn2006gr      Ia-norm    0.5984   1.93   0.2282   0.0297   -10.80  0    cut
 222  sn1997do      Ia-norm    0.5984   1.92   0.0741   0.0252    -6.60  0    cut
 223  sn2005cf      Ia-norm    0.5984   1.92   0.0798   0.0290   -12.40  0    cut
 224  sn2003U       Ia-norm    0.5984   1.92   0.0706   0.0273    -8.50  0    cut
 225  sn1997dq      Ic-broad   0.5984   1.92   0.0553   0.0317    26.90  1    cut
 226  sn1997bq      Ia-norm    0.5984   1.92   0.0805   0.0275    -8.70  0    cut
 227  sn2004dt      Ia-norm    0.5293   1.92   0.0912   0.0311    -9.90  0    cut
 228  sn1997bq      Ia-norm    0.5984   1.91   0.0762   0.0278    -6.60  0    cut
 229  sn2006ax      Ia-norm    0.5984   1.91   0.0630   0.0244    -8.40  0    cut
 230  sn2008ar      Ia-norm    0.5984   1.90   0.0709   0.0284    -7.50  0    cut
 231  sn2006lf      Ia-norm    0.5984   1.89   0.0650   0.0266    -6.50  0    cut
 232  sn2002cr      Ia-norm    0.5984   1.89   0.0676   0.0293   -11.20  0    cut
 233  sn1997do      Ia-norm    0.5984   1.89   0.0842   0.0278   -10.60  0    cut
 234  sn2006ax      Ia-norm    0.5984   1.89   0.0613   0.0242    -6.40  0    cut
 235  sn2006cp      Ia-norm    0.5984   1.88   0.0793   0.0270    -9.30  0    cut
 236  sn1989B       Ia-norm    0.5984   1.87   0.0625   0.0251    -7.20  0    cut
 237  sn1995F       Ic-norm    0.5984   1.87   0.0562   0.0339     4.00  1    cut
 238  sn2007F       Ia-norm    0.5984   1.86   0.0654   0.0240    -8.70  0    cut
 239  sn1997bq      Ia-norm    0.5984   1.86   0.0783   0.0283    -7.70  0    cut
 240  sn2003cg      Ia-norm    0.5984   1.86   0.0639   0.0239    -7.30  0    cut
 241  sn1991N       Ic-norm    0.5984   1.86   0.0484   0.0312    27.90  1    cut
 242  sn2003kf      Ia-norm    0.5984   1.85   0.0669   0.0248    -8.40  0    cut
 243  sn2006cp      Ia-norm    0.5984   1.84   0.0772   0.0271    -8.40  0    cut
 244  sn1999gi      IIP        0.5984   1.83   0.0614   0.0281    -7.00  0    cut
 245  sn1997dq      Ic-broad   0.5984   1.83   0.0565   0.0322    27.90  1    cut
 246  sn2007le      Ia-norm    0.5984   1.83   0.0849   0.0304   -10.30  0    cut
 247  sn1997dq      Ic-broad   0.5984   1.82   0.0566   0.0323    27.90  1    cut
 248  sn2005cg      Ia-norm    0.5348   1.82   0.0703   0.0263    -8.80  0    cut
 249  sn2007ci      Ia-norm    0.5984   1.81   0.0664   0.0271    -8.10  0    cut
 250  sn2006gr      Ia-norm    0.5984   1.81   0.0736   0.0256    -8.90  0    cut
 251  sn1997do      Ia-norm    0.5984   1.80   0.0866   0.0289   -11.60  0    cut
 252  sn2007le      Ia-norm    0.5984   1.80   0.0735   0.0263    -7.40  0    cut
 253  sn2003kf      Ia-norm    0.5984   1.79   0.0664   0.0247    -7.40  0    cut
 254  sn1994D       Ia-norm    0.5984   1.79   0.0870   0.0311   -10.10  0    cut
 255  sn1988L       Ib-norm    0.5456   1.79   0.0596   0.0314     0.00  1    cut
 256  sn1995F       Ic-norm    0.5984   1.79   0.0511   0.0357     1.90  1    cut
 257  lbv2003hy     LBV        0.5984   1.79   0.0485   0.0202   -99.90  2    cut
 258  sn2003kf      Ia-norm    0.5984   1.78   0.0682   0.0251    -9.30  0    cut
 259  sn2002he      Ia-norm    0.5984   1.78   0.0736   0.0284    -8.10  0    cut
 260  sn2004fu      Ia-norm    0.5984   1.78   0.0744   0.0285    -6.40  0    cut
 261  sn1994D       Ia-norm    0.5916   1.77   0.0733   0.0293    -9.20  0    cut
 262  sn1994D       Ia-norm    0.5984   1.77   0.0705   0.0275    -8.10  0    cut
 263  sn2007le      Ia-norm    0.5984   1.77   0.0764   0.0273    -8.40  0    cut
 264  sn1984A       Ia-norm    0.4955   1.76   0.0904   0.0280    -7.00  0    cut
 265  sn2000fa      Ia-norm    0.5984   1.76   0.0789   0.0283   -10.40  0    cut
 266  sn2002er      Ia-norm    0.5984   1.76   0.0732   0.0273    -8.00  0    cut
 267  sn1997dd      IIb        0.5984   1.75   0.0588   0.0198    16.40  1    cut
 268  sn1995F       Ic-norm    0.5984   1.74   0.0479   0.0358     0.20  1    cut
 269  sn1990N       Ia-norm    0.5984   1.74   0.2255   0.0321   -14.20  0    cut
 270  sn1999cp      Ia-norm    0.5984   1.74   0.0736   0.0299   -13.80  0    cut
 271  sn1987A       II-pec     0.5916   1.74   0.0442   0.0469    -9.90  0    cut
 272  sn2007ci      Ia-norm    0.5984   1.73   0.0653   0.0280    -7.10  0    cut
 273  kcSa          Gal        0.5984   1.71   0.2013   0.0181   -99.90  2    cut
 274  sn2008Q       Ia-norm    0.5984   1.70   0.0671   0.0257    -7.20  0    cut
 275  sn1995F       Ic-norm    0.5781   1.69   0.0489   0.0375     0.00  1    cut
 276  sn2002cr      Ia-norm    0.5984   1.69   0.0643   0.0294    -8.20  0    cut
 277  sn2006le      Ia-norm    0.5984   1.69   0.0718   0.0288    -8.80  0    cut
 278  sn2007qe      Ia-norm    0.5984   1.69   0.0830   0.0279    -9.40  0    cut
 279  sn2002er      Ia-norm    0.5984   1.69   0.0719   0.0289    -9.00  0    cut
 280  sn1998S       IIn        0.5984   1.68   0.0380   0.0303   -13.10  0    cut
 281  sn2006le      Ia-norm    0.5984   1.68   0.0695   0.0297    -7.80  0    cut
 282  lbv2003hy     LBV        0.5984   1.66   0.0476   0.0322   -99.90  2    cut
 283  sn2008D       Ib-pec     0.5984   1.66   0.1072   0.0350   -14.50  0    cut
 284  sn2006lf      Ia-norm    0.5984   1.65   0.0656   0.0292    -7.50  0    cut
 285  sn2006le      Ia-norm    0.5984   1.65   0.0855   0.0321   -11.70  0    cut
 286  sn2007qe      Ia-norm    0.5984   1.62   0.0808   0.0283    -8.60  0    cut
 287  sn2003kf      Ia-norm    0.5984   1.62   0.0680   0.0264    -9.40  0    cut
 288  sn2002dj      Ia-norm    0.5984   1.62   0.0814   0.0298    -8.60  0    cut
 289  sn1997dd      IIb        0.5984   1.61   0.0605   0.0274     3.60  1    cut
 290  sn2002cs      Ia-norm    0.5984   1.60   0.0778   0.0261    -8.50  0    cut
 291  sn2004dt      Ia-norm    0.5496   1.60   0.0869   0.0350    -8.90  0    cut
 292  sn1990aa      Ic-norm    0.5794   1.59   0.0693   0.0368     0.00  1    cut
 293  sn2002cs      Ia-norm    0.5984   1.59   0.0771   0.0260    -7.50  0    cut
 294  sn1999dn      Ib-norm    0.5984   1.58   0.0576   0.0402     6.90  1    cut
 295  sn1990K       IIL        0.5984   1.55   0.1938   0.0269     0.00  1    cut
 296  kcS0          Gal        0.5984   1.54   0.2056   0.0286   -99.90  2    cut
 297  sn1991A       Ic-norm    0.5104   1.54   0.0488   0.0371    10.90  1    cut
 298  sn1998S       IIn        0.5754   1.54   0.0387   0.0320   -12.50  0    cut
 299  sn1987A       II-pec     0.5740   1.53   0.0419   0.0542   -15.70  0    cut
 300  sn2008D       Ib-pec     0.5280   1.51   0.0820   0.0400   -11.50  0    cut
 301  sn2004at      Ia-norm    0.5984   1.51   0.0663   0.0298    -6.60  0    cut
 302  sn2004at      Ia-norm    0.5984   1.50   0.0679   0.0306    -8.60  0    cut
 303  sn1999cp      Ia-norm    0.5984   1.49   0.0678   0.0323   -11.90  0    cut
 304  sn1991ar      Ib-norm    0.5266   1.49   0.0358   0.0362     0.00  1    cut
 305  sn1999di      Ib-norm    0.4359   1.48   0.0603   0.0355    30.50  1    cut
 306  sn2004at      Ia-norm    0.5984   1.48   0.0660   0.0308    -7.40  0    cut
 307  mstar         M-star     0.5984   1.47   0.1766   0.0367     7.00  2    cut
 308  sn2004dj      IIP        0.4671   1.46   0.0405   0.0096    36.00  1    cut
 309  sn2008D       Ib-pec     0.5984   1.46   0.0890   0.0403   -12.40  0    cut
 310  sn1987A       II-pec     0.5740   1.44   0.0446   0.0516    -6.70  0    cut
 311  sn2008D       Ib-pec     0.5984   1.43   0.0820   0.0377   -12.50  0    cut
 312  sn1987A       II-pec     0.5727   1.43   0.0435   0.0560   -13.70  0    cut
 313  sn2004dj      IIP        0.4671   1.42   0.0413   0.0106    18.00  1    cut
 314  lbv2003hy     LBV        0.5984   1.42   0.0467   0.0342   -99.90  2    cut
 315  sn2003bg      IIb        0.5848   1.42   0.0869   0.0353   -15.40  0    cut
 316  sn2000dn      Ia-norm    0.5984   1.41   0.0645   0.0309    -7.70  0    cut
 317  sn1997ei      Ic-norm    0.5984   1.41   0.0609   0.0380    10.90  1    cut
 318  sn1990K       IIL        0.5943   1.41   0.0475   0.0272    53.30  1    cut
 319  sn1995F       Ic-norm    0.5984   1.40   0.0490   0.0360    29.10  1    cut
 320  mstar         M-star     0.5984   1.40   0.0501   0.0661     0.00  2    cut
 321  sn1987A       II-pec     0.5767   1.39   0.0445   0.0546   -10.70  0    cut
 322  mstar         M-star     0.5984   1.39   0.0606   0.0341     2.00  2    cut
 323  sn1993J       IIb        0.5984   1.39   0.1128   0.0415   -15.70  0    cut
 324  sn2004dj      IIP        0.4671   1.38   0.0412   0.0107    20.00  1    cut
 325  sn2004dj      IIP        0.4671   1.38   0.0414   0.0105    17.00  1    cut
 326  sn2007bd      Ia-norm    0.5984   1.37   0.0727   0.0313    -9.00  0    cut
 327  sn2004dj      IIP        0.4901   1.36   0.0405   0.0103    50.00  1    cut
 328  sn2008D       Ib-pec     0.5984   1.36   0.0957   0.0387   -13.50  0    cut
 329  sn2004dj      IIP        0.4887   1.35   0.1822   0.0114    46.80  1    cut
 330  sn2004dj      IIP        0.4901   1.35   0.1828   0.0113    48.00  1    cut
 331  kcE           Gal        0.5984   1.34   0.2055   0.0316   -99.90  2    cut
 332  sn1990K       IIL        0.5984   1.33   0.0868   0.0173   147.00  1    cut
 333  sn2004dj      IIP        0.4644   1.33   0.0420   0.0112     8.00  1    cut
 334  sn2004dt      Ia-norm    0.5984   1.32   0.0734   0.0312    -6.50  0    cut
 335  sn2004dt      Ia-norm    0.5984   1.32   0.0753   0.0316    -9.40  0    cut
 336  lbv1999bw     LBV        0.5659   1.31   0.1124   0.0130   -99.90  2    cut
 337  sn1997dc      Ib-norm    0.5483   1.31   0.0339   0.0349     0.00  1    cut
 338  mstar         M-star     0.5984   1.31   0.0590   0.0329     3.00  2    cut
 339  lbv2003hy     LBV        0.5984   1.30   0.1944   0.0299   -99.90  2    cut
 340  sn2006lf      Ia-norm    0.5984   1.29   0.0659   0.0403    -8.40  0    cut
 341  sn2004dt      Ia-norm    0.5984   1.29   0.0734   0.0314    -8.50  0    cut
 342  sn1994D       Ia-norm    0.5984   1.28   0.0729   0.0373    -8.20  0    cut
 343  mstar         M-star     0.5984   1.28   0.0596   0.0417     1.00  2    cut
 344  sn2004dj      IIP        0.4874   1.26   0.1831   0.0118    51.90  1    cut
 345  sn2008D       Ib-pec     0.5984   1.26   0.0936   0.0414   -13.40  0    cut
 346  sn2007bd      Ia-norm    0.5984   1.25   0.0722   0.0304    -8.10  0    cut
 347  sn2004dt      Ia-norm    0.5984   1.23   0.0729   0.0334    -6.50  0    cut
 348  lbv2001ac     LBV        0.5984   1.22   0.0378   0.0101   -99.90  2    cut
 349  sn2004dt      Ia-norm    0.5984   1.21   0.0725   0.0319    -6.40  0    cut
 350  sn2004dj      IIP        0.4914   1.21   0.1556   0.0123    50.60  1    cut
 351  lbv2001ac     LBV        0.5984   1.21   0.1186   0.0136   -99.90  2    cut
 352  kcSb          Gal        0.5984   1.20   0.2028   0.0358   -99.90  2    cut
 353  sn2004dj      IIP        0.4657   1.19   0.0427   0.0112     5.00  1    cut
 354  sn1997dq      Ic-broad   0.5984   1.18   0.0554   0.0393    54.80  1    cut
 355  sn1999di      Ib-norm    0.5537   1.18   0.0613   0.0416     0.00  1    cut
 356  sn1997ei      Ic-norm    0.4698   1.15   0.0572   0.0363     0.00  1    cut
 357  sn1999di      Ib-norm    0.5524   1.14   0.0617   0.0444    23.60  1    cut
 358  sn1999dn      Ib-norm    0.5469   1.12   0.0633   0.0470    27.70  1    cut
 359  mstar         M-star     0.5984   1.11   0.3382   0.0200     4.00  2    cut
 360  sn1990K       IIL        0.5943   1.11   0.0470   0.0286    55.60  1    cut
 361  lbv2003hy     LBV        0.5984   1.09   0.0348   0.0182   -99.90  2    cut
 362  sn1997ef      Ic-broad   0.5984   1.08   0.1166   0.0548   -11.80  0    cut
 363  mstar         M-star     0.5984   1.08   0.1790   0.0213     5.00  2    cut
 364  sn1995F       Ic-norm    0.5984   1.05   0.0553   0.0505    35.80  1    cut
 365  mstar         M-star     0.5984   1.04   0.1789   0.0384     8.00  2    cut
 366  sn1997ef      Ic-broad   0.5984   1.04   0.1143   0.0571   -10.90  0    cut
 367  sn1995F       Ic-norm    0.5984   1.03   0.0555   0.0510    35.70  1    cut
 368  sn2004dj      IIP        0.4671   1.03   0.0421   0.0118     2.70  1    cut
 369  sn1997ef      Ic-broad   0.5984   1.03   0.1148   0.0547   -10.00  0    cut
 370  sn1991A       Ic-norm    0.4738   1.01   0.0499   0.0407    16.80  1    cut
 371  sn1997dq      Ic-broad   0.5984   1.00   0.1944   0.0397    81.70  1    cut
 372  sn2004dj      IIP        0.4657   0.99   0.0435   0.0121     0.00  1    cut
 373  sn1997ef      Ic-broad   0.5984   0.97   0.1228   0.0585   -13.90  0    cut
 374  sn1997ef      Ic-broad   0.5984   0.96   0.1047   0.0517    -9.10  0    cut
 375  sn1995F       Ic-norm    0.5984   0.95   0.2011   0.0556    56.90  1    cut
 376  sn1998T       Ib-norm    0.4698   0.94   0.0367   0.0447     0.00  1    cut
 377  sn1990K       IIL        0.5239   0.93   0.1787   0.0332    76.30  1    cut
 378  sn2004dj      IIP        0.5388   0.93   0.0697   0.0126    89.80  1    cut
 379  sn1991A       Ic-norm    0.5740   0.92   0.0518   0.0506    32.60  1    cut
 380  kcSB3         Gal        0.5984   0.90   0.0661   0.0119   -99.90  2    cut
 381  sn1988L       Ib-norm    0.4968   0.89   0.0595   0.0201    47.70  1    cut
 382  sn1991ar      Ib-norm    0.4806   0.87   0.0653   0.0200    15.80  1    cut
 383  sn1997dq      Ic-broad   0.4549   0.83   0.0528   0.0280    42.80  1    cut
 384  sn1990K       IIL        0.5889   0.83   0.1070   0.0241   136.10  1    cut
 385  kcSB6         Gal        0.5984   0.83   0.0383   0.0101   -99.90  2    cut
 386  mstar         M-star     0.5984   0.82   0.1757   0.0596     6.00  2    cut
 387  sn1990K       IIL        0.5984   0.81   0.0397   0.0137   119.10  1    cut
 388  sn1991ar      Ib-norm    0.5293   0.80   0.0529   0.0597    27.40  1    cut
 389  mstar         M-star     0.5984   0.80   0.1114   0.0170    10.00  2    cut
 390  sn1991A       Ic-norm    0.5226   0.78   0.1873   0.0261    47.50  1    cut
 391  sn1997dq      Ic-broad   0.5984   0.72   0.1912   0.0483   222.20  1    cut
 392  kcSB1         Gal        0.5984   0.71   0.4021   0.0153   -99.90  2    cut
 393  kcSB2         Gal        0.5984   0.68   0.4019   0.0164   -99.90  2    cut
 394  mstar         M-star     0.5984   0.68   0.1739   0.0380     9.00  2    cut
 395  agn           AGN        0.5984   0.67   0.1177   0.0276   -99.90  2    cut
 396  sn1990K       IIL        0.5524   0.65   0.0687   0.0200   160.90  1    cut
 397  sn1991N       Ic-norm    0.5618   0.61   0.1128   0.0267   276.10  1    cut
 398  sn1990K       IIL        0.5930   0.59   0.1842   0.0474   174.70  1    cut
 399  kcSc          Gal        0.5984   0.59   0.1186   0.0405   -99.90  2    cut
 400  sn1990K       IIL        0.5984   0.58   0.1822   0.0266   174.70  1    cut
 401  sn1991A       Ic-norm    0.5104   0.58   0.1824   0.0528    65.10  1    cut
 402  sn1997cy      IIn        0.5984   0.55   0.1089   0.0194   196.10  1    cut
 403  sn1997cy      IIn        0.5984   0.55   0.0993   0.0181   125.30  1    cut
 404  sn1990K       IIL        0.5686   0.55   0.1835   0.0242   202.50  1    cut
 405  sn1997cy      IIn        0.5984   0.53   0.1280   0.0211    29.40  1    cut
 406  sn1997cy      IIn        0.5984   0.52   0.1336   0.0160   226.10  1    cut
 407  sn1990K       IIL        0.5320   0.52   0.0821   0.0439   139.00  1    cut
 408  sn1991A       Ic-norm    0.5496   0.52   0.0512   0.0375    61.40  1    cut
 409  sn1990K       IIL        0.5442   0.51   0.1844   0.0226   201.60  1    cut
 410  sn1995F       Ic-norm    0.5984   0.51   0.1958   0.0547    88.80  1    cut
 411  kcSB5         Gal        0.5984   0.51   0.0662   0.0263   -99.90  2    cut
 412  sn1997cy      IIn        0.5984   0.49   0.1040   0.0235     0.00  1    cut
 413  sn1990K       IIL        0.4264   0.46   0.0762   0.0183    50.50  1    cut
 414  sn1991N       Ic-norm    0.5984   0.46   0.1124   0.0280   250.20  1    cut
 415  sn1993J       IIb        0.5632   0.44   0.2055   0.0561   -10.50  0    cut
 416  sn1990aa      Ic-norm    0.5781   0.40   0.3718   0.0329    61.50  1    cut
 417  sn1997cy      IIn        0.5984   0.39   0.1086   0.1222   377.70  1    cut
 418  kcSB4         Gal        0.5984   0.38   0.0381   0.0092   -99.90  2    cut
 419  sn1991A       Ic-norm    0.4752   0.35   0.1194   0.0297   128.30  1    cut
 420  sn1990aa      Ic-norm    0.5781   0.31   0.1917   0.0485   116.10  1    cut
 421  sn1997cy      IIn        0.5984   0.30   0.1125   0.1084    71.30  1    cut
 422  sn1997cy      IIn        0.5984   0.28   0.1791   0.0811    14.10  1    cut
 423  sn1997cy      IIn        0.5984   0.26   0.1183   0.1667   174.50  1    cut
 424  sn1997cy      IIn        0.5984   0.25   0.1144   0.0570   116.80  1    cut
 425  sn1997cy      IIn        0.5984   0.24   0.1684   0.1126    57.20  1    cut
