### SNID output file ###
 
### input spectrum and options ###
# Input spectrum                 : 10367_-5.50.dat
# Parameter file                 : NA
# Wavelength range               :    3602.42   9598.91
# Mask file                      : NA
# Median filtering width [A]     : NA
# Median filtering width [pix]   :       1.00
# Clip emission redshift         :     0.0139
# Clip sky lines                 : 0
# Emission clip width [A]        :       0.01
# Keep A-band                    : 1
# Age range                      :     -15.50      4.50
# Delta range                    :      -9.99     99.90
# Min. number of spectra/template:   1
# Use only templates             : NA
# Use only types                 : NA
# Avoid templates                : NA
# Avoid types                    : NA
# rlapmin                        :      10.00
# Redshift range                 :    -0.0100    1.2000
# Forced initial redshift        :     0.0139
# Extra fake redshift            : NA
# Nsigma for initial redshift    : NA
# Redshift filter                :     0.0200
# Wavenumbers k1,k2,k3,k4        :     1    4   85  102
# Template directory             : /Users/daniel/snid-5.0/templates/
 
### initial/user-input redshift ###
zinit       0.0000
zuser       0.0139
 
### median redshift/age and error ###
zmed        0.0156    0.0004
agem         -0.60      1.00
 
### type fraction/redshift/age ###
#type ntemp fraction slope redshift redshift_error age age_error
Ia              0      0.00    0.0000    0.0000    0.0000     0.000     0.000
Ia-norm         0      0.00    0.0000    0.0000    0.0000     0.000     0.000
Ia-91T          0      0.00    0.0000    0.0000    0.0000     0.000     0.000
Ia-91bg         0      0.00    0.0000    0.0000    0.0000     0.000     0.000
Ia-csm          0      0.00    0.0000    0.0000    0.0000     0.000     0.000
Ia-pec          0      0.00    0.0000    0.0000    0.0000     0.000     0.000
###
Ib              0      0.00    0.0000    0.0000    0.0000     0.000     0.000
Ib-norm         0      0.00    0.0000    0.0000    0.0000     0.000     0.000
Ib-pec          0      0.00    0.0000    0.0000    0.0000     0.000     0.000
IIb             0      0.00    0.0000    0.0000    0.0000     0.000     0.000
###
Ic              0      0.00    0.0000    0.0000    0.0000     0.000     0.000
Ic-norm         0      0.00    0.0000    0.0000    0.0000     0.000     0.000
Ic-pec          0      0.00    0.0000    0.0000    0.0000     0.000     0.000
Ic-broad        0      0.00    0.0000    0.0000    0.0000     0.000     0.000
###
II              3      1.00    0.0000    0.0156    0.0004    -0.600     1.000
IIP             3      1.00    0.0000    0.0156    0.0004    -0.600     1.000
II-pec          0      0.00    0.0000    0.0000    0.0000     0.000     0.000
IIn             0      0.00    0.0000    0.0000    0.0000     0.000     0.000
IIL             0      0.00    0.0000    0.0000    0.0000     0.000     0.000
###
NotSN           0      0.00    0.0000    0.0000    0.0000     0.000     0.000
AGN             0      0.00    0.0000    0.0000    0.0000     0.000     0.000
Gal             0      0.00    0.0000    0.0000    0.0000     0.000     0.000
LBV             0      0.00    0.0000    0.0000    0.0000     0.000     0.000
M-star          0      0.00    0.0000    0.0000    0.0000     0.000     0.000
 
### rlap-ordered template listings ###
#no. sn type lap rlap z zerr age age_flag grade
   1  sn99em        IIP        0.6918  10.69   0.0162   0.0049    -1.60  0   good
   2  sn99em        IIP        0.7351  10.68   0.0156   0.0048    -0.60  0   good
   3  sn99em        IIP        0.7351  10.46   0.0155   0.0048     0.40  0   good
#--- rlap cutoff
   4  sn99em        IIP        0.7365   9.97   0.0153   0.0050     1.40  0    cut
   5  sn04et        IIP        0.7094   9.58   0.0152   0.0053    -1.90  0    cut
   6  sn04et        IIP        0.7162   9.39   0.0151   0.0054    -2.90  0    cut
   7  sn99em        IIP        0.9693   8.93   0.0156   0.0059     0.20  0    cut
   8  sn06bp        IIP        0.8339   8.67   0.0213   0.0062     2.10  0    cut
   9  sn99em        IIP        0.7608   8.49   0.0155   0.0058     2.40  0    cut
  10  sn06bp        IIP        0.7392   8.22   0.0203   0.0063     3.30  0    cut
  11  sn04et        IIP        0.7202   8.20   0.0152   0.0061    -0.90  0    cut
  12  sn99em        IIP        0.6918   8.08   0.0166   0.0064    -2.60  0    cut
  13  sn04et        IIP        0.7216   7.62   0.0151   0.0063     1.00  0    cut
  14  sn99em        IIP        0.6864   7.51   0.0180   0.0070    -3.60  0    cut
  15  sn99em        IIP        0.9693   7.46   0.0196   0.0071    -3.70  0    cut
  16  sn06bp        IIP        0.8231   7.40   0.0220   0.0072     0.10  0    cut
  17  sn06bp        IIP        0.7067   7.26   0.0227   0.0075    -1.70  0    cut
  18  sn06bp        IIP        0.7392   7.21   0.0197   0.0070     4.20  0    cut
  19  sn04et        IIP        0.7283   6.86   0.0150   0.0069     2.00  0    cut
  20  sn99gi        IIP        0.6864   6.62   0.0179   0.0078    -4.00  0    cut
  21  sn04et        IIP        0.7216   6.49   0.0144   0.0071     4.00  0    cut
  22  sn99gi        IIP        0.6837   6.14   0.0192   0.0085    -5.00  0    cut
  23  sn05cs        IIP        0.7202   5.97   0.0093   0.0068     1.00  0    cut
  24  sn05cs        IIP        0.7148   5.71   0.0091   0.0071     0.10  0    cut
  25  sn05cs        IIP        0.7189   5.60   0.0093   0.0071     2.10  0    cut
  26  sn05cs        IIP        0.7175   5.26   0.0092   0.0077    -0.80  0    cut
  27  sn05cs        IIP        0.7189   5.16   0.0091   0.0076     3.10  0    cut
  28  sn04aw        Ic-norm    0.6999   4.93   0.4793   0.0127    -2.20  0    cut
  29  sn05cs        IIP        0.7202   4.92   0.0091   0.0079     4.00  0    cut
  30  sn05cs        IIP        0.7162   4.53   0.0098   0.0087    -1.90  0    cut
  31  sn04aw        Ic-norm    0.6999   4.42   0.4782   0.0137    -3.30  0    cut
  32  sn04dj        IIP        0.5551   4.36   0.0039   0.0075     0.00  1    cut
  33  sn04dj        IIP        0.5510   4.26   0.0033   0.0077     2.70  1    cut
  34  sn91N         Ic-norm    0.8786   4.24   0.0510   0.0137   276.10  1    cut
  35  sn04aw        Ic-norm    0.6986   4.02   0.4853   0.0140    -5.20  0    cut
  36  sn93J         IIb        0.9693   3.96   0.0171   0.0113    -4.00  0    cut
  37  sn04aw        Ic-norm    0.6999   3.93   0.4682   0.0141     0.80  0    cut
  38  sn04dj        IIP        0.5740   3.90   0.0031   0.0083     5.00  1    cut
  39  sn90K         IIL        0.5320   3.89   0.0181   0.0077   139.00  1    cut
  40  sn93J         IIb        0.9693   3.80   0.0169   0.0122    -2.40  0    cut
  41  kcSB4         Gal        0.9693   3.73   0.3428   0.0033   -99.90  2    cut
  42  sn99ac        Ia-91T     0.7067   3.71   0.4761   0.0156     0.80  0    cut
  43  sn93J         IIb        0.9693   3.70   0.0168   0.0121    -3.00  0    cut
  44  kcS0          Gal        0.9693   3.69   0.6358   0.0115   -99.90  2    cut
  45  kcSB1         Gal        0.9693   3.68   0.3434   0.0040   -99.90  2    cut
  46  kcSB6         Gal        0.9693   3.67   0.3429   0.0031   -99.90  2    cut
  47  kcSB5         Gal        0.9693   3.66   0.3432   0.0033   -99.90  2    cut
  48  kcE           Gal        0.9693   3.64   0.6366   0.0121   -99.90  2    cut
  49  sn04dj        IIP        0.5524   3.62   0.0026   0.0088     8.00  1    cut
  50  kcSB3         Gal        0.9693   3.58   0.3440   0.0032   -99.90  2    cut
  51  sn93J         IIb        0.7283   3.56   0.0178   0.0121    -5.00  0    cut
  52  sn93J         IIb        0.9287   3.56   0.0174   0.0129    -1.60  0    cut
  53  sn04aw        Ic-norm    0.6999   3.55   0.4659   0.0153     1.60  0    cut
  54  sn93J         IIb        0.5848   3.54   0.0189   0.0123   -10.50  0    cut
  55  kcSb          Gal        0.9693   3.50   0.6325   0.0104   -99.90  2    cut
  56  sn05gj        Ia-csm     0.6187   3.48   0.0065   0.0092   -12.10  0    cut
  57  kcSB2         Gal        0.9693   3.48   0.3432   0.0044   -99.90  2    cut
  58  sn90K         IIL        0.6119   3.46   0.0404   0.0099   136.20  1    cut
  59  sn04aw        Ic-norm    0.6579   3.25   0.4702   0.0160    -1.30  0    cut
  60  sn93J         IIb        0.9693   3.25   0.0173   0.0132    -2.00  0    cut
  61  sn03fg        Ia-pec     0.7324   3.19   0.4550   0.0201     2.00  0    cut
  62  sn02ap        Ic-broad   0.6945   3.17   0.2910   0.0273    -1.40  0    cut
  63  sn04dj        IIP        0.5740   3.14   0.0021   0.0098    17.00  1    cut
  64  agn           AGN        0.8610   3.13   0.0062   0.0195   -99.90  2    cut
  65  sn06bp        IIP        0.6593   3.12   0.0271   0.0154    -4.60  0    cut
  66  sn02bo        Ia-norm    0.6986   3.10   0.4902   0.0172   -12.10  0    cut
  67  sn02bo        Ia-norm    0.6959   3.09   0.4941   0.0170   -13.10  0    cut
  68  sn04dj        IIP        0.5727   3.09   0.0021   0.0100    18.00  1    cut
  69  sn04dj        IIP        0.5672   3.08   0.0018   0.0100    20.00  1    cut
  70  sn04dj        IIP        0.7351   3.04   0.0074   0.0111    89.80  1    cut
  71  sn90K         IIL        0.6268   3.01   0.0225   0.0108   147.10  1    cut
  72  sn02bo        Ia-norm    0.7541   2.99   0.4993   0.0179   -13.30  0    cut
  73  sn05hk        Ia-pec     0.6282   2.96   0.4289   0.0180     3.60  0    cut
  74  sn05bf        Ib-pec     0.9328   2.92   0.6741   0.0157     3.40  0    cut
  75  kcSc          Gal        0.7595   2.90   0.0078   0.0110   -99.90  2    cut
  76  sn90K         IIL        0.8773   2.88   0.0063   0.0110    55.60  1    cut
  77  sn90K         IIL        0.6417   2.88   0.0041   0.0107   174.80  1    cut
  78  sn93J         IIb        0.7825   2.85   0.0162   0.0153     1.40  0    cut
  79  sn06bp        IIP        0.6959   2.82   0.4554   0.0169    -5.70  0    cut
  80  sn00E         Ia-norm    0.7365   2.78   0.4702   0.0264    -5.50  0    cut
  81  sn05hk        Ia-pec     0.7094   2.75   0.4400   0.0213    -1.40  0    cut
  82  sn90K         IIL        0.6065   2.74   0.0054   0.0108    53.30  1    cut
  83  sn99by        Ia-91bg    0.6999   2.69   0.4671   0.0214    -3.90  0    cut
  84  sn97br        Ia-91T     0.8055   2.69   0.2952   0.0166    -9.00  0    cut
  85  sn99ex        Ib-norm    0.9693   2.69   0.6994   0.0161     0.40  0    cut
  86  sn02ap        Ic-broad   0.6945   2.68   0.2853   0.0331    -0.40  0    cut
  87  sn98S         IIn        0.8922   2.65   0.4225   0.0203   -12.50  0    cut
  88  sn97br        Ia-91T     0.7094   2.64   0.2927   0.0178    -6.40  0    cut
  89  sn98S         IIn        0.5808   2.63   0.1902   0.0171     1.90  0    cut
  90  sn91bg        Ia-91bg    0.7798   2.61   0.4638   0.0221     2.70  0    cut
  91  sn94I         Ic-norm    0.7053   2.61   0.2994   0.0266    -5.70  0    cut
  92  sn91A         Ic-norm    0.6065   2.58   0.4477   0.0219     0.00  1    cut
  93  sn91N         Ic-norm    0.9693   2.58   0.0527   0.0198   250.20  1    cut
  94  sn04dj        IIP        0.5713   2.58   0.0020   0.0115    36.00  1    cut
  95  sn05hk        Ia-pec     0.7107   2.57   0.4410   0.0239    -2.40  0    cut
  96  sn93J         IIb        0.9463   2.55   0.0152   0.0161     3.80  0    cut
  97  sn97br        Ia-91T     0.7405   2.55   0.2962   0.0163    -6.00  0    cut
  98  sn00cx        Ia-pec     0.6525   2.54   0.4808   0.0234    -1.40  0    cut
  99  sn91T         Ia-91T     0.9693   2.54   0.2938   0.0207    -6.40  0    cut
 100  sn90K         IIL        0.7094   2.51   0.0063   0.0122    50.50  1    cut
 101  sn90K         IIL        0.9152   2.51   0.0041   0.0142   119.20  1    cut
 102  sn99ex        Ib-norm    0.9287   2.49   0.7044   0.0186    -4.50  0    cut
 103  sn06aj        Ic-broad   0.6837   2.49   0.5160   0.0193    -0.50  0    cut
 104  sn97br        Ia-91T     0.7040   2.48   0.2926   0.0182    -7.40  0    cut
 105  sn93J         IIb        0.9355   2.48   0.0160   0.0167     3.40  0    cut
 106  sn97cn        Ia-91bg    0.7053   2.47   0.4509   0.0215     3.90  0    cut
 107  sn91T         Ia-91T     0.9693   2.47   0.2945   0.0204    -5.30  0    cut
 108  lbv01ac       LBV        0.6959   2.47   0.0085   0.0117   -99.90  2    cut
 109  sn91T         Ia-91T     0.9693   2.47   0.2941   0.0195    -7.30  0    cut
 110  mstar         M-star     0.9693   2.46   0.6279   0.0126     6.00  2    cut
 111  sn04S         Ia-norm    0.9693   2.46   0.7121   0.0191     1.70  0    cut
 112  sn05bf        Ib-pec     0.7013   2.45   0.6762   0.0179    -7.60  0    cut
 113  sn05hk        Ia-pec     0.7053   2.42   0.4394   0.0286    -3.30  0    cut
 114  sn02bo        Ia-norm    0.7256   2.41   0.4727   0.0238    -3.40  0    cut
 115  sn02bo        Ia-norm    0.7365   2.40   0.4773   0.0240    -4.50  0    cut
 116  sn94S         Ia-norm    0.6999   2.40   0.4647   0.0271    -3.40  0    cut
 117  mstar         M-star     0.9693   2.40   0.6300   0.0124     5.00  2    cut
 118  sn99aa        Ia-91T     0.9355   2.40   0.3089   0.0253    -8.50  0    cut
 119  sn05hj        Ia-norm    0.7107   2.39   0.4593   0.0264    -5.10  0    cut
 120  sn99ee        Ia-norm    0.9693   2.38   0.4816   0.0215     2.20  0    cut
 121  sn04aw        Ic-norm    0.9287   2.38   0.4744   0.0208    -0.20  0    cut
 122  sn02bo        Ia-norm    0.7297   2.37   0.4705   0.0235    -1.50  0    cut
 123  sn05bf        Ib-pec     0.7013   2.37   0.6763   0.0185    -5.60  0    cut
 124  sn04dj        IIP        0.5943   2.36   0.0024   0.0121    48.00  1    cut
 125  sn04dj        IIP        0.5916   2.35   0.0027   0.0123    51.90  1    cut
 126  sn04dj        IIP        0.5943   2.32   0.0030   0.0123    50.00  1    cut
 127  sn02ap        Ic-broad   0.6999   2.32   0.2779   0.0387     0.60  0    cut
 128  sn99by        Ia-91bg    0.7013   2.32   0.4534   0.0272     4.10  0    cut
 129  sn05bf        Ib-pec     0.7013   2.31   0.6768   0.0186    -4.60  0    cut
 130  lbv99bw       LBV        0.6999   2.29   0.0080   0.0119   -99.90  2    cut
 131  sn90K         IIL        0.5672   2.29   0.0041   0.0127   201.70  1    cut
 132  sn00cx        Ia-pec     0.6173   2.28   0.3009   0.0206    -0.40  0    cut
 133  sn04dj        IIP        0.5943   2.28   0.0024   0.0122    46.80  1    cut
 134  sn02er        Ia-norm    0.7202   2.28   0.4598   0.0199     4.40  0    cut
 135  sn94I         Ic-norm    0.7446   2.27   0.4765   0.0219    -5.60  0    cut
 136  sn03cg        Ia-norm    0.7947   2.26   0.4591   0.0226     4.50  0    cut
 137  sn99ee        Ia-norm    0.9693   2.26   0.4856   0.0225     0.30  0    cut
 138  sn02er        Ia-norm    0.8542   2.26   0.7085   0.0204    -4.40  0    cut
 139  sn00cx        Ia-pec     0.9693   2.26   0.4951   0.0227     1.60  0    cut
 140  sn02cx        Ia-pec     0.6959   2.26   0.4449   0.0327    -2.40  0    cut
 141  sn05bf        Ib-pec     0.6986   2.25   0.6743   0.0190    -3.60  0    cut
 142  sn04dj        IIP        0.5970   2.25   0.0032   0.0129    50.60  1    cut
 143  sn97cy        IIn        0.9382   2.25   0.0073   0.0241   377.70  1    cut
 144  sn94I         Ic-norm    0.8894   2.25   0.7009   0.0208     2.40  0    cut
 145  mstar         M-star     0.9693   2.24   0.6273   0.0163     7.00  2    cut
 146  lbv03hy       LBV        0.6972   2.23   0.4398   0.0177   -99.90  2    cut
 147  mstar         M-star     0.9693   2.23   0.6319   0.0151     4.00  2    cut
 148  sn91T         Ia-91T     0.8055   2.23   0.2957   0.0230   -10.30  0    cut
 149  sn97dq        Ic-norm    0.8989   2.23   0.6856   0.0210    27.90  1    cut
 150  sn04aw        Ic-norm    0.7784   2.22   0.4666   0.0252     2.60  0    cut
 151  sn88L         Ib-norm    0.7053   2.21   0.4543   0.0219     0.00  1    cut
 152  lbv03hy       LBV        0.6945   2.21   0.4381   0.0195   -99.90  2    cut
 153  sn04aw        Ic-norm    0.7784   2.20   0.4649   0.0211     3.60  0    cut
 154  sn91bg        Ia-91bg    0.7121   2.19   0.6759   0.0211     2.70  0    cut
 155  sn00E         Ia-norm    0.7148   2.18   0.4662   0.0308    -2.50  0    cut
 156  sn93J         IIb        0.6959   2.18   0.0152   0.0173     2.70  0    cut
 157  sn03du        Ia-norm    0.9341   2.17   0.7232   0.0254    -6.20  0    cut
 158  sn98aq        Ia-norm    0.6931   2.17   0.4654   0.0228    -8.00  0    cut
 159  sn99ac        Ia-91T     0.9693   2.17   0.4827   0.0207     3.10  0    cut
 160  mstar         M-star     0.9693   2.16   0.4616   0.0199     2.00  2    cut
 161  sn98aq        Ia-norm    0.6783   2.16   0.4628   0.0247    -9.00  0    cut
 162  mstar         M-star     0.9693   2.16   0.4637   0.0203     1.00  2    cut
 163  sn05hk        Ia-pec     0.9680   2.13   0.4607   0.0390    -4.20  0    cut
 164  sn90K         IIL        0.8042   2.13   0.0048   0.0143    76.40  1    cut
 165  sn90K         IIL        0.8515   2.12   0.0023   0.0135   174.80  1    cut
 166  sn97dd        IIb        0.9693   2.12   0.0129   0.0198     0.00  1    cut
 167  sn06aj        Ic-broad   0.6823   2.12   0.5163   0.0235    -1.50  0    cut
 168  sn83V         Ic-norm    0.6539   2.11   0.3128   0.0325    -9.00  0    cut
 169  mstar         M-star     0.9693   2.11   0.4595   0.0180     3.00  2    cut
 170  sn97dq        Ic-norm    0.6972   2.10   0.4503   0.0225     0.00  1    cut
 171  sn99aa        Ia-91T     0.9693   2.10   0.5017   0.0256    -0.60  0    cut
 172  sn05bf        Ib-pec     0.7040   2.10   0.6763   0.0189    -2.70  0    cut
 173  sn90K         IIL        0.6403   2.10   0.0078   0.0134     0.00  1    cut
 174  sn05bf        Ib-pec     0.6972   2.08   0.6761   0.0197    -0.70  0    cut
 175  sn05gj        Ia-csm     0.6363   2.07   0.0044   0.0124    -1.80  0    cut
 176  sn97cy        IIn        0.9626   2.06   0.0103   0.0242   116.80  1    cut
 177  sn86G         Ia-91bg    0.6133   2.06   0.4714   0.0259    -2.70  0    cut
 178  sn99dn        Ib-norm    0.8515   2.06   0.1156   0.0231     0.00  1    cut
 179  sn05hj        Ia-norm    0.7026   2.05   0.4635   0.0358    -0.30  0    cut
 180  sn05hk        Ia-pec     0.7811   2.05   0.4445   0.0400    -4.30  0    cut
 181  sn05hk        Ia-pec     0.6647   2.05   0.2757   0.0202    -3.40  0    cut
 182  sn99gi        IIP        0.6918   2.05   0.4575   0.0249    -7.10  0    cut
 183  sn02bo        Ia-norm    0.6959   2.05   0.4796   0.0253    -8.10  0    cut
 184  lbv01ac       LBV        0.8949   2.04   0.0061   0.0131   -99.90  2    cut
 185  sn02bo        Ia-norm    0.7256   2.04   0.4903   0.0221   -12.30  0    cut
 186  lbv03hy       LBV        0.6959   2.04   0.4408   0.0204   -99.90  2    cut
 187  sn04aw        Ic-norm    0.9355   2.04   0.4778   0.0223    -1.70  0    cut
 188  mstar         M-star     0.9693   2.04   0.4652   0.0217     0.00  2    cut
 189  sn05hj        Ia-norm    0.7148   2.04   0.4697   0.0321     4.30  0    cut
 190  sn91T         Ia-91T     0.9693   2.03   0.4971   0.0315    -0.20  0    cut
 191  sn99aa        Ia-91T     0.9693   2.03   0.4967   0.0268     2.70  0    cut
 192  sn97br        Ia-91T     0.8096   2.02   0.5110   0.0268    -7.00  0    cut
 193  sn97br        Ia-91T     0.7825   2.01   0.5111   0.0257    -8.00  0    cut
 194  sn86G         Ia-91bg    0.5740   2.01   0.4649   0.0271    -0.40  0    cut
 195  sn99aw        Ia-91T     0.8163   2.01   0.7046   0.0269     0.30  0    cut
 196  sn95F         Ic-norm    0.8218   2.00   0.6823   0.0211    35.60  1    cut
 197  sn05bf        Ib-pec     0.7040   2.00   0.6760   0.0211    -1.60  0    cut
 198  sn94I         Ic-norm    0.7080   2.00   0.4634   0.0240    -2.70  0    cut
 199  kcSa          Gal        0.9693   2.00   0.4611   0.0198   -99.90  2    cut
 200  sn02bo        Ia-norm    0.6959   1.99   0.4774   0.0266    -7.00  0    cut
 201  sn97ef        Ic-broad   0.7514   1.99   0.2656   0.0430    -4.10  0    cut
 202  sn03du        Ia-norm    0.9693   1.99   0.7262   0.0239   -10.10  0    cut
 203  sn04eo        Ia-norm    0.7067   1.99   0.4569   0.0244    -2.80  0    cut
 204  sn05bf        Ib-pec     0.6999   1.99   0.6733   0.0204     1.20  0    cut
 205  sn98bu        Ia-norm    0.6972   1.99   0.4625   0.0316    -2.80  0    cut
 206  sn98aq        Ia-norm    0.6837   1.98   0.4621   0.0308     0.00  0    cut
 207  lbv03hy       LBV        0.6945   1.97   0.4407   0.0225   -99.90  2    cut
 208  sn94I         Ic-norm    0.7365   1.97   0.4567   0.0264     3.30  0    cut
 209  sn95F         Ic-norm    0.9693   1.96   0.6849   0.0206     0.00  1    cut
 210  sn05bf        Ib-pec     0.7013   1.96   0.6753   0.0212     2.20  0    cut
 211  sn04aw        Ic-norm    0.9030   1.96   0.4648   0.0219     3.10  0    cut
 212  sn03cg        Ia-norm    0.9355   1.96   0.4711   0.0314    -4.50  0    cut
 213  sn99dn        Ib-norm    0.9693   1.95   0.6689   0.0241     6.90  1    cut
 214  sn05hk        Ia-pec     0.9693   1.95   0.4859   0.0400    -6.30  0    cut
 215  sn05bf        Ib-pec     0.7013   1.95   0.6741   0.0213     3.20  0    cut
 216  sn93J         IIb        0.6986   1.94   0.0143   0.0174     3.70  0    cut
 217  sn97cy        IIn        0.9125   1.94   0.0076   0.0260   174.50  1    cut
 218  sn94D         Ia-norm    0.7121   1.94   0.3177   0.0260    -9.50  0    cut
 219  lbv03hy       LBV        0.6999   1.94   0.4391   0.0175   -99.90  2    cut
 220  sn06aj        Ic-broad   0.8150   1.94   0.2888   0.0447     2.80  0    cut
 221  sn97dd        IIb        0.7527   1.93   0.0139   0.0240     3.60  1    cut
 222  sn00E         Ia-norm    0.7107   1.93   0.2992   0.0226    -1.40  0    cut
 223  sn04aw        Ic-norm    0.9003   1.93   0.4671   0.0219     1.90  0    cut
 224  sn98aq        Ia-norm    0.6931   1.93   0.4621   0.0311     0.90  0    cut
 225  sn00cx        Ia-pec     0.6403   1.92   0.3032   0.0225     0.60  0    cut
 226  sn98aq        Ia-norm    0.6959   1.92   0.4628   0.0280     3.90  0    cut
 227  sn96cb        IIb        0.7283   1.92   0.0139   0.0244    -2.10  0    cut
 228  sn99aw        Ia-91T     0.9111   1.91   0.4934   0.0310     3.20  0    cut
 229  sn98bu        Ia-norm    0.6972   1.91   0.4622   0.0336    -1.70  0    cut
 230  sn96X         Ia-norm    0.7270   1.91   0.4593   0.0234     1.90  0    cut
 231  lbv03hy       LBV        0.6959   1.91   0.4382   0.0250   -99.90  2    cut
 232  sn03cg        Ia-norm    0.8813   1.90   0.4638   0.0341    -0.50  0    cut
 233  sn98aq        Ia-norm    0.6959   1.90   0.4621   0.0296     1.90  0    cut
 234  sn94I         Ic-norm    0.7094   1.90   0.4543   0.0255     2.10  0    cut
 235  sn91N         Ic-norm    0.9693   1.90   0.4543   0.0306     0.00  1    cut
 236  sn94I         Ic-norm    0.7040   1.89   0.4651   0.0252    -3.80  0    cut
 237  sn04eo        Ia-norm    0.9693   1.89   0.4829   0.0277    -6.40  0    cut
 238  sn02bo        Ia-norm    0.6972   1.89   0.4752   0.0283    -6.00  0    cut
 239  sn99dn        Ib-norm    0.8637   1.89   0.3237   0.0156    27.70  1    cut
 240  sn99ee        Ia-norm    0.9693   1.89   0.7222   0.0224    -6.70  0    cut
 241  sn98aq        Ia-norm    0.6959   1.89   0.4621   0.0290     2.90  0    cut
 242  sn06aj        Ic-broad   0.8326   1.89   0.0396   0.0333    -5.00  0    cut
 243  sn97ef        Ic-broad   0.6999   1.88   0.2718   0.0437    -5.10  0    cut
 244  sn91bg        Ia-91bg    0.8231   1.88   0.4673   0.0236     2.50  0    cut
 245  sn94I         Ic-norm    0.9639   1.88   0.7011   0.0218    -0.10  0    cut
 246  sn98bu        Ia-norm    0.6972   1.87   0.4622   0.0329    -0.70  0    cut
 247  sn99by        Ia-91bg    0.9477   1.87   0.6831   0.0228     3.10  0    cut
 248  sn95F         Ic-norm    0.9693   1.86   0.6797   0.0200    28.90  1    cut
 249  sn03du        Ia-norm    0.8285   1.86   0.6893   0.0261    -3.20  0    cut
 250  sn05hk        Ia-pec     0.9043   1.86   0.4254   0.0299    -8.30  0    cut
 251  sn02bo        Ia-norm    0.6972   1.85   0.4699   0.0284    -1.20  0    cut
 252  sn90K         IIL        0.8691   1.85   0.0113   0.0176   161.00  1    cut
 253  sn97dd        IIb        0.7405   1.85   0.0113   0.0252    16.40  1    cut
 254  sn02bo        Ia-norm    0.6986   1.85   0.4706   0.0285    -2.10  0    cut
 255  sn02bo        Ia-norm    0.6972   1.85   0.4717   0.0294    -3.10  0    cut
 256  sn90O         Ia-norm    0.7568   1.85   0.7036   0.0267    -5.10  0    cut
 257  sn02ap        Ic-broad   0.6214   1.85   0.3017   0.0371    -4.50  0    cut
 258  sn96X         Ia-norm    0.9693   1.84   0.4725   0.0243     0.90  0    cut
 259  sn94I         Ic-norm    0.7080   1.84   0.4544   0.0253     1.10  0    cut
 260  sn02bo        Ia-norm    0.6972   1.84   0.4722   0.0290    -4.00  0    cut
 261  sn91bg        Ia-91bg    0.9314   1.83   0.6849   0.0272     1.50  0    cut
 262  sn90N         Ia-norm    0.7676   1.83   0.6965   0.0292    -6.40  0    cut
 263  sn99ee        Ia-norm    0.8705   1.82   0.7245   0.0282    -8.60  0    cut
 264  sn02ap        Ic-broad   0.6200   1.82   0.2751   0.0452     1.50  0    cut
 265  sn91N         Ic-norm    0.6972   1.81   0.4516   0.0317     5.70  1    cut
 266  sn02bo        Ia-norm    0.6972   1.81   0.4736   0.0297    -5.10  0    cut
 267  sn91T         Ia-91T     0.8069   1.81   0.2945   0.0251    -9.30  0    cut
 268  sn98dt        Ib-norm    0.6999   1.81   0.2789   0.0383     0.00  0    cut
 269  sn91A         Ic-norm    0.4833   1.80   0.0508   0.0229   128.30  1    cut
 270  lbv03hy       LBV        0.6796   1.80   0.1018   0.0234   -99.90  2    cut
 271  sn95E         Ia-norm    0.6498   1.80   0.4635   0.0261     0.10  0    cut
 272  sn02bo        Ia-norm    0.9084   1.80   0.0581   0.0219    -1.40  0    cut
 273  sn03du        Ia-norm    0.7663   1.80   0.6871   0.0253     0.80  0    cut
 274  sn03du        Ia-norm    0.7243   1.79   0.6873   0.0281    -7.00  0    cut
 275  sn95F         Ic-norm    0.9693   1.78   0.6774   0.0219    56.70  1    cut
 276  sn92A         Ia-norm    0.6701   1.78   0.4706   0.0246     2.40  0    cut
 277  sn92A         Ia-norm    0.6715   1.78   0.4706   0.0242     3.30  0    cut
 278  sn90O         Ia-norm    0.7568   1.78   0.7044   0.0278    -6.10  0    cut
 279  sn03du        Ia-norm    0.6945   1.77   0.4689   0.0304    -8.80  0    cut
 280  sn96X         Ia-norm    0.7270   1.77   0.4581   0.0244     2.90  0    cut
 281  sn02bo        Ia-norm    0.9111   1.76   0.0584   0.0220    -2.50  0    cut
 282  lbv03hy       LBV        0.6959   1.76   0.4412   0.0234   -99.90  2    cut
 283  sn94D         Ia-norm    0.7040   1.76   0.4632   0.0290    -3.60  0    cut
 284  sn91A         Ic-norm    0.6593   1.76   0.4448   0.0245    10.90  1    cut
 285  lbv03hy       LBV        0.6931   1.76   0.4399   0.0249   -99.90  2    cut
 286  sn02er        Ia-norm    0.7568   1.76   0.7293   0.0260    -9.40  0    cut
 287  sn91N         Ic-norm    0.6972   1.75   0.4506   0.0357     6.60  1    cut
 288  sn03du        Ia-norm    0.7649   1.74   0.6844   0.0277    -1.10  0    cut
 289  sn03cg        Ia-norm    0.6579   1.74   0.3008   0.0210    -2.30  0    cut
 290  sn96X         Ia-norm    0.7283   1.73   0.4598   0.0249     1.00  0    cut
 291  sn96X         Ia-norm    0.9274   1.73   0.4677   0.0282    -1.10  0    cut
 292  sn03du        Ia-norm    0.6945   1.73   0.4666   0.0306    -7.80  0    cut
 293  sn02er        Ia-norm    0.7270   1.73   0.7045   0.0241    -6.40  0    cut
 294  sn96X         Ia-norm    0.9693   1.72   0.4724   0.0245     1.90  0    cut
 295  sn04eo        Ia-norm    0.9328   1.72   0.6927   0.0225     2.20  0    cut
 296  lbv03hy       LBV        0.6972   1.72   0.4400   0.0212   -99.90  2    cut
 297  sn94D         Ia-norm    0.7067   1.72   0.3051   0.0268    -2.60  0    cut
 298  sn94D         Ia-norm    0.7040   1.72   0.3027   0.0278     0.40  0    cut
 299  sn03du        Ia-norm    0.8299   1.71   0.6911   0.0283    -5.00  0    cut
 300  sn81B         Ia-norm    0.8434   1.71   0.7146   0.0222    -0.90  0    cut
 301  sn06gz        Ia-pec     0.6444   1.70   0.4663   0.0229    -5.50  0    cut
 302  sn96X         Ia-norm    0.7270   1.69   0.4586   0.0255     0.00  0    cut
 303  sn86G         Ia-91bg    0.6959   1.69   0.7024   0.0236    -4.40  0    cut
 304  sn81B         Ia-norm    0.8434   1.68   0.7145   0.0224     0.00  0    cut
 305  sn06gz        Ia-pec     0.6972   1.68   0.4700   0.0218   -10.30  0    cut
 306  sn86G         Ia-91bg    0.6566   1.67   0.7011   0.0255    -0.90  0    cut
 307  sn97ef        Ic-broad   0.6986   1.67   0.2742   0.0507    -6.10  0    cut
 308  sn90K         IIL        0.8529   1.67   0.0005   0.0189   202.60  1    cut
 309  sn02er        Ia-norm    0.9693   1.67   0.4723   0.0298     3.40  0    cut
 310  lbv99bw       LBV        0.6525   1.66   0.0064   0.0288   -99.90  2    cut
 311  sn05hk        Ia-pec     0.7080   1.66   0.1042   0.0186    -6.30  0    cut
 312  sn96X         Ia-norm    0.7270   1.66   0.4612   0.0267    -3.00  0    cut
 313  sn06gz        Ia-pec     0.6376   1.66   0.4642   0.0356    -2.60  0    cut
 314  sn06aj        Ic-broad   0.5551   1.65   0.5057   0.0240     1.80  0    cut
 315  sn05hk        Ia-pec     0.6674   1.65   0.2764   0.0217    -4.20  0    cut
 316  sn86G         Ia-91bg    0.6552   1.65   0.6996   0.0260     1.10  0    cut
 317  sn05hk        Ia-pec     0.7080   1.65   0.1069   0.0173    -9.30  0    cut
 318  sn03du        Ia-norm    0.7649   1.64   0.6838   0.0280    -0.20  0    cut
 319  sn96X         Ia-norm    0.6864   1.64   0.4597   0.0283    -0.90  0    cut
 320  sn02er        Ia-norm    0.8678   1.64   0.4555   0.0296     1.50  0    cut
 321  sn06aj        Ic-broad   0.6904   1.64   0.5237   0.0282    -3.40  0    cut
 322  sn97dq        Ic-norm    0.9693   1.64   0.6898   0.0252     1.00  1    cut
 323  sn91M         Ia-norm    0.6959   1.63   0.4656   0.0290     2.70  0    cut
 324  sn91N         Ic-norm    0.6972   1.63   0.4523   0.0364     7.60  1    cut
 325  sn86G         Ia-91bg    0.6796   1.63   0.6989   0.0238    -3.40  0    cut
 326  sn97ef        Ic-broad   0.8759   1.62   0.0384   0.0388    -5.00  0    cut
 327  sn99by        Ia-91bg    0.9192   1.62   0.6889   0.0257    -2.80  0    cut
 328  mstar         M-star     0.9693   1.62   0.6268   0.0194     8.00  2    cut
 329  sn86G         Ia-91bg    0.6552   1.62   0.6960   0.0247     0.10  0    cut
 330  sn00cx        Ia-pec     0.6498   1.62   0.4924   0.0338    -3.40  0    cut
 331  sn03du        Ia-norm    0.6972   1.62   0.4608   0.0301     2.20  0    cut
 332  sn02bo        Ia-norm    0.7297   1.62   0.7285   0.0254    -9.40  0    cut
 333  sn87A         II-pec     0.5767   1.61   0.1060   0.0169    -2.70  0    cut
 334  mstar         M-star     0.9693   1.61   0.0215   0.0169    10.00  2    cut
 335  sn05hj        Ia-norm    0.7893   1.61   0.4542   0.0470    -6.00  0    cut
 336  sn96X         Ia-norm    0.7270   1.61   0.4610   0.0273    -2.00  0    cut
 337  sn86G         Ia-91bg    0.6810   1.60   0.6976   0.0240    -2.40  0    cut
 338  sn03du        Ia-norm    0.6999   1.60   0.4609   0.0292     3.10  0    cut
 339  sn03du        Ia-norm    0.9301   1.59   0.7285   0.0273   -10.10  0    cut
 340  sn02er        Ia-norm    0.8488   1.59   0.7263   0.0300    -7.40  0    cut
 341  sn99by        Ia-91bg    0.6024   1.59   0.4659   0.0319    -4.80  0    cut
 342  sn02er        Ia-norm    0.9409   1.58   0.7040   0.0247    -3.50  0    cut
 343  sn02bo        Ia-norm    0.7229   1.58   0.3074   0.0312    -4.40  0    cut
 344  sn98S         IIn        0.6904   1.58   0.0087   0.0142   -13.10  0    cut
 345  sn86G         Ia-91bg    0.6539   1.58   0.7007   0.0263    -1.90  0    cut
 346  sn87A         II-pec     0.5740   1.57   0.1065   0.0173     1.30  0    cut
 347  sn02ap        Ic-broad   0.6160   1.57   0.3015   0.0366    -5.50  0    cut
 348  sn99ac        Ia-91T     0.8285   1.57   0.3166   0.0272    -9.60  0    cut
 349  sn06gz        Ia-pec     0.6999   1.57   0.4694   0.0212    -9.30  0    cut
 350  sn02er        Ia-norm    0.6701   1.57   0.7184   0.0240   -11.30  0    cut
 351  sn97br        Ia-91T     0.8218   1.56   0.5045   0.0356    -4.00  0    cut
 352  sn96cb        IIb        0.7311   1.56   0.0140   0.0275     0.90  0    cut
 353  sn02er        Ia-norm    0.9693   1.56   0.7060   0.0249    -0.50  0    cut
 354  sn05hk        Ia-pec     0.7040   1.55   0.1038   0.0215    -5.30  0    cut
 355  sn03du        Ia-norm    0.6986   1.55   0.4605   0.0341    -0.80  0    cut
 356  sn03cg        Ia-norm    0.9057   1.55   0.0534   0.0203    -6.80  0    cut
 357  sn03du        Ia-norm    0.6986   1.55   0.3061   0.0308   -11.70  0    cut
 358  sn94ae        Ia-norm    0.7351   1.53   0.6840   0.0273     1.30  0    cut
 359  sn97cy        IIn        0.9612   1.53   0.0108   0.0315    71.30  1    cut
 360  sn99aa        Ia-91T     0.9504   1.53   0.5182   0.0308    -4.10  0    cut
 361  sn90N         Ia-norm    0.8475   1.53   0.6841   0.0360   -13.20  0    cut
 362  sn98T         Ib-norm    0.7189   1.53   0.1239   0.0262     0.00  1    cut
 363  sn02er        Ia-norm    0.9693   1.52   0.7068   0.0254    -2.50  0    cut
 364  sn06aj        Ic-broad   0.7920   1.52   0.5257   0.0338    -2.10  0    cut
 365  sn02bo        Ia-norm    0.9098   1.52   0.0582   0.0239    -1.20  0    cut
 366  sn94D         Ia-norm    0.6864   1.51   0.7184   0.0279   -10.70  0    cut
 367  sn92A         Ia-norm    0.6688   1.51   0.4743   0.0314    -0.60  0    cut
 368  sn87A         II-pec     0.5713   1.51   0.1056   0.0179     3.30  0    cut
 369  sn90N         Ia-norm    0.8475   1.50   0.7187   0.0363   -13.20  0    cut
 370  sn98dt        Ib-norm    0.7013   1.50   0.1302   0.0281     3.90  0    cut
 371  sn97cy        IIn        0.8894   1.50   0.0103   0.0299    57.20  1    cut
 372  sn03cg        Ia-norm    0.9355   1.50   0.6887   0.0226     1.50  0    cut
 373  sn03du        Ia-norm    0.9693   1.50   0.6915   0.0309     1.90  0    cut
 374  sn02er        Ia-norm    0.7256   1.49   0.7066   0.0268    -8.40  0    cut
 375  sn94M         Ia-norm    0.7175   1.49   0.3043   0.0318     3.00  0    cut
 376  sn06gz        Ia-pec     0.6959   1.48   0.4723   0.0251   -12.30  0    cut
 377  sn06gz        Ia-pec     0.6986   1.47   0.4757   0.0259   -13.30  0    cut
 378  sn94D         Ia-norm    0.9693   1.47   0.4854   0.0333    -4.80  0    cut
 379  sn03cg        Ia-norm    0.8908   1.47   0.4547   0.0524    -5.90  0    cut
 380  sn02cx        Ia-pec     0.6931   1.46   0.1090   0.0211    -5.30  0    cut
 381  sn98S         IIn        0.9693   1.46   0.1732   0.0149    -1.50  0    cut
 382  sn87A         II-pec     0.5740   1.46   0.1048   0.0180    -6.70  0    cut
 383  sn03du        Ia-norm    0.9693   1.46   0.6868   0.0303     3.90  0    cut
 384  sn94D         Ia-norm    0.6864   1.45   0.7202   0.0284    -9.60  0    cut
 385  sn02bo        Ia-norm    0.9693   1.45   0.4852   0.0340    -0.30  0    cut
 386  sn87A         II-pec     0.5767   1.45   0.1066   0.0180    -4.70  0    cut
 387  sn05hk        Ia-pec     0.9395   1.45   0.4800   0.0521    -5.10  0    cut
 388  sn89B         Ia-norm    0.7866   1.45   0.0525   0.0209    -6.30  0    cut
 389  sn98S         IIn        0.6877   1.44   0.4394   0.0250     2.70  0    cut
 390  sn97dq        Ic-norm    0.7527   1.44   0.4493   0.0291    21.90  1    cut
 391  sn97dq        Ic-norm    0.9693   1.44   0.0669   0.0234   222.20  1    cut
 392  sn94ae        Ia-norm    0.6634   1.44   0.6814   0.0279     2.30  0    cut
 393  sn91T         Ia-91T     0.8475   1.43   0.6114   0.0541   -11.50  0    cut
 394  sn83V         Ic-norm    0.6092   1.43  -0.0094   0.0000    -4.00  0    cut
 395  sn02er        Ia-norm    0.9693   1.43   0.7055   0.0261    -1.50  0    cut
 396  sn87A         II-pec     0.5767   1.43   0.1043   0.0179   -10.70  0    cut
 397  sn94S         Ia-norm    0.7040   1.43   0.2965   0.0263     1.40  0    cut
 398  sn03du        Ia-norm    0.6986   1.42   0.3030   0.0319    -9.70  0    cut
 399  sn05hk        Ia-pec     0.7906   1.42   0.4902   0.0547    -7.30  0    cut
 400  sn03cg        Ia-norm    0.7473   1.42   0.3018   0.0229    -1.80  0    cut
 401  sn02ap        Ic-broad   0.9477   1.41   0.2957   0.0524    -2.40  0    cut
 402  sn89B         Ia-norm    0.9693   1.41   0.4798   0.0366    -0.50  0    cut
 403  sn97cy        IIn        0.8380   1.41   0.0389   0.0219   125.30  1    cut
 404  sn99aw        Ia-91T     0.6119   1.40   0.3038   0.0233    -0.70  0    cut
 405  sn94ae        Ia-norm    0.6634   1.40   0.6837   0.0269     4.40  0    cut
 406  sn94S         Ia-norm    0.5090   1.40   0.2476   0.0231    -2.50  0    cut
 407  sn92A         Ia-norm    0.6688   1.39   0.7160   0.0239    -5.00  0    cut
 408  sn97dq        Ic-norm    0.7473   1.39   0.6875   0.0336    14.90  1    cut
 409  sn87A         II-pec     0.5740   1.39   0.1054   0.0186    -8.70  0    cut
 410  sn05hj        Ia-norm    0.7825   1.39   0.4786   0.0444     1.60  0    cut
 411  sn90B         Ic-norm    0.6160   1.39   0.0097   0.0214     4.00  0    cut
 412  sn97dq        Ic-norm    0.7541   1.38   0.4485   0.0291    26.90  1    cut
 413  sn94ae        Ia-norm    0.6647   1.38   0.6846   0.0291     3.30  0    cut
 414  sn01el        Ia-norm    0.7026   1.38   0.3032   0.0276     1.30  0    cut
 415  sn94D         Ia-norm    0.9693   1.38   0.4839   0.0368    -3.80  0    cut
 416  sn97dq        Ic-norm    0.9693   1.37   0.6756   0.0286    81.70  1    cut
 417  sn87A         II-pec     0.5740   1.37   0.1044   0.0185   -13.70  0    cut
 418  sn94D         Ia-norm    0.7933   1.37   0.7051   0.0326    -5.60  0    cut
 419  sn90O         Ia-norm    0.7148   1.37   0.7001   0.0284    -0.40  0    cut
 420  sn99ac        Ia-91T     0.9409   1.36   0.7157   0.0448   -13.60  0    cut
 421  sn97dq        Ic-norm    0.7487   1.36   0.6875   0.0326    17.90  1    cut
 422  sn97ef        Ic-broad   0.6972   1.36   0.0696   0.0453   -14.00  0    cut
 423  sn83V         Ic-norm    0.7690   1.36   0.0242   0.0308    -7.00  0    cut
 424  sn94D         Ia-norm    0.7094   1.34   0.4649   0.0364    -4.70  0    cut
 425  sn00cx        Ia-pec     0.5740   1.34   0.4916   0.0387    -2.40  0    cut
 426  sn90aa        Ic-norm    0.8488   1.34   0.0576   0.0300   116.10  1    cut
 427  sn97cy        IIn        0.8570   1.34   0.0477   0.0187   196.10  1    cut
 428  sn91ar        Ib-norm    0.4860   1.32   0.1159   0.0215    15.80  1    cut
 429  sn92A         Ia-norm    0.6688   1.32   0.7161   0.0242    -5.00  0    cut
 430  sn95E         Ia-norm    0.6363   1.32   0.4597   0.0285     2.00  0    cut
 431  sn90O         Ia-norm    0.8191   1.31   0.7135   0.0334    -7.10  0    cut
 432  sn02ap        Ic-broad   0.7554   1.31   0.4707   0.0346     3.60  0    cut
 433  sn01el        Ia-norm    0.7175   1.31   0.3094   0.0308    -3.70  0    cut
 434  sn91A         Ic-norm    0.6728   1.31   0.0598   0.0291    47.50  1    cut
 435  sn97cy        IIn        0.8813   1.31   0.0189   0.0325    14.10  1    cut
 436  sn02ap        Ic-broad   0.9693   1.31   0.2565   0.0474     2.70  0    cut
 437  sn91A         Ic-norm    0.5564   1.30   0.0550   0.0259    61.40  1    cut
 438  sn97ei        Ic-norm    0.9138   1.30   0.6858   0.0327    10.90  1    cut
 439  sn05hk        Ia-pec     0.6282   1.30   0.1056   0.0213    -7.30  0    cut
 440  sn99di        Ib-norm    0.7067   1.29   0.3205   0.0177    30.50  1    cut
 441  sn86G         Ia-91bg    0.5876   1.29   0.2549   0.0264     0.60  0    cut
 442  mstar         M-star     0.9693   1.28   0.0207   0.0190     9.00  2    cut
 443  sn94D         Ia-norm    0.9314   1.27   0.0503   0.0656    -1.80  0    cut
 444  sn05hk        Ia-pec     0.6255   1.26   0.1049   0.0223    -6.30  0    cut
 445  sn83V         Ic-norm    0.5835   1.26   0.2617   0.0292     4.00  0    cut
 446  sn98S         IIn        0.6810   1.26  -0.0048   0.0418     1.80  0    cut
 447  sn04eo        Ia-norm    0.8867   1.26   0.3073   0.0338   -11.00  0    cut
 448  sn99di        Ib-norm    0.8705   1.25   0.1172   0.0319     0.00  1    cut
 449  sn98dt        Ib-norm    0.6986   1.24   0.7003   0.0298     0.90  0    cut
 450  sn05bf        Ib-pec     0.6065   1.24   0.4448   0.0327    -0.90  0    cut
 451  sn05hk        Ia-pec     0.7080   1.24   0.4916   0.0593    -8.30  0    cut
 452  sn86G         Ia-91bg    0.5903   1.24   0.2555   0.0309     1.60  0    cut
 453  sn95D         Ia-norm    0.6309   1.23   0.6832   0.0266     4.20  0    cut
 454  sn98S         IIn        0.6810   1.23  -0.0056   0.0434     0.90  0    cut
 455  sn97dc        Ib-norm    0.8218   1.23   0.1231   0.0300     0.00  1    cut
 456  sn94M         Ia-norm    0.6376   1.22   0.0536   0.0242     4.00  0    cut
 457  sn97cy        IIn        0.8055   1.22   0.0714   0.0303   226.10  1    cut
 458  sn90aa        Ic-norm    0.8962   1.22   0.4596   0.0346     0.00  1    cut
 459  sn94D         Ia-norm    0.8055   1.22   0.0539   0.0250    -8.70  0    cut
 460  sn94D         Ia-norm    0.9219   1.21   0.7260   0.0284   -10.60  0    cut
 461  sn97ef        Ic-broad   0.6972   1.20   0.0553   0.0485    -9.10  0    cut
 462  sn91A         Ic-norm    0.6742   1.19   0.4498   0.0382    32.60  1    cut
 463  sn03cg        Ia-norm    0.9192   1.19   0.3066   0.0304    -7.50  0    cut
 464  sn83N         Ib-norm    0.5591   1.19   0.4448   0.0281     4.00  0    cut
 465  sn91ar        Ib-norm    0.5348   1.18   0.1183   0.0283     0.00  1    cut
 466  sn06gz        Ia-pec     0.5970   1.18   0.2976   0.0187   -13.30  0    cut
 467  sn94ae        Ia-norm    0.6512   1.17   0.6844   0.0269     3.30  0    cut
 468  sn95F         Ic-norm    0.9477   1.17   0.2485   0.0446    88.60  1    cut
 469  lbv03hy       LBV        0.6945   1.14  -0.0094   0.0000   -99.90  2    cut
 470  sn99di        Ib-norm    0.8218   1.13   0.1225   0.0289    23.60  1    cut
 471  sn97ef        Ic-broad   0.6999   1.12   0.0641   0.0531   -11.90  0    cut
 472  sn92A         Ia-norm    0.6688   1.12   0.7098   0.0252    -0.40  0    cut
 473  sn91A         Ic-norm    0.7730   1.11   0.0617   0.0284    65.10  1    cut
 474  sn97ef        Ic-broad   0.6986   1.11   0.0608   0.0538   -10.10  0    cut
 475  sn06gz        Ia-pec     0.5889   1.09   0.2512   0.0212     4.30  0    cut
 476  sn91N         Ic-norm    0.9355   1.07   0.4478   0.0314    12.00  1    cut
 477  sn06gz        Ia-pec     0.6241   1.07   0.0262   0.0381   -14.30  0    cut
 478  sn97ef        Ic-broad   0.6945   1.07   0.0635   0.0574   -11.00  0    cut
 479  sn02er        Ia-norm    0.6255   1.06   0.6966   0.0284    -5.40  0    cut
 480  sn06gz        Ia-pec     0.6959   1.05   0.4709   0.1041   -14.20  0    cut
 481  sn94D         Ia-norm    0.9558   1.04   0.0489   0.0420     2.90  0    cut
 482  sn95E         Ia-norm    0.6024   1.04   0.3015   0.0461    -1.90  0    cut
 483  sn90N         Ia-norm    0.5794   1.01   0.2861   0.0440     2.60  0    cut
 484  sn94D         Ia-norm    0.6498   1.01   0.1909   0.0343    -7.70  0    cut
 485  sn97cy        IIn        0.9098   0.97   0.1528   0.0427    29.40  1    cut
 486  sn97dq        Ic-norm    0.4549   0.97   0.1125   0.0283    42.80  1    cut
 487  sn97cy        IIn        0.8015   0.95   0.2706   0.0714     0.00  1    cut
 488  sn89B         Ia-norm    0.6200   0.95   0.6817   0.0295     3.50  0    cut
 489  sn92ar        Ic-norm    0.5551   0.94   0.0650   0.0279     3.40  0    cut
 490  sn91ar        Ib-norm    0.7960   0.94   0.3183   0.0215    27.40  1    cut
 491  sn94D         Ia-norm    0.9395   0.90   0.0491   0.0481     2.20  0    cut
 492  sn98bu        Ia-norm    0.5672   0.87   0.2486   0.0254     1.20  0    cut
 493  sn94T         Ia-norm    0.4982   0.80   0.0766   0.0313     1.20  0    cut
 494  sn97ei        Ic-norm    0.7866   0.80   0.4380   0.0400     0.00  1    cut
 495  sn90aa        Ic-norm    0.8488   0.72   0.2902   0.0693    61.50  1    cut
 496  sn88L         Ib-norm    0.7893   0.68   0.4525   0.0351    47.70  1    cut
 497  sn91N         Ic-norm    0.9693   0.64   1.0504   0.0477    27.90  1    cut
 498  sn91A         Ic-norm    0.7703   0.56   0.1198   0.0355    16.80  1    cut
