### SNID output file ###
 
### input spectrum and options ###
# Input spectrum                 : 14421_-1.00.dat
# Parameter file                 : NA
# Wavelength range               :    3601.83   9598.84
# Mask file                      : NA
# Median filtering width [A]     : NA
# Median filtering width [pix]   :       1.00
# Clip emission redshift         :     0.1740
# Clip sky lines                 : 0
# Emission clip width [A]        :       0.17
# Keep A-band                    : 1
# Age range                      :     -11.00      9.00
# Delta range                    :      -9.99     99.90
# Min. number of spectra/template:   1
# Use only templates             : NA
# Use only types                 : NA
# Avoid templates                : NA
# Avoid types                    : NA
# rlapmin                        :       5.00
# Redshift range                 :    -0.0100    1.2000
# Forced initial redshift        :     0.1740
# Extra fake redshift            : NA
# Nsigma for initial redshift    : NA
# Redshift filter                :     0.0200
# Wavenumbers k1,k2,k3,k4        :     1    4   85  102
# Template directory             : /Users/daniel/snid-5.0/templates/
 
### initial/user-input redshift ###
zinit       0.0000
zuser       0.1740
 
### median redshift/age and error ###
zmed        0.1815    0.0077
agem          0.30      4.42
 
### type fraction/redshift/age ###
#type ntemp fraction slope redshift redshift_error age age_error
Ia             14      1.00    0.0000    0.1815    0.0077     0.300     4.420
Ia-norm        11      0.79    0.0143    0.1822    0.0084    -0.500     4.893
Ia-91T          3      0.21   -0.0143    0.1797    0.0047     0.800     1.493
Ia-91bg         0      0.00    0.0000    0.0000    0.0000     0.000     0.000
Ia-csm          0      0.00    0.0000    0.0000    0.0000     0.000     0.000
Ia-pec          0      0.00    0.0000    0.0000    0.0000     0.000     0.000
###
Ib              0      0.00    0.0000    0.0000    0.0000     0.000     0.000
Ib-norm         0      0.00    0.0000    0.0000    0.0000     0.000     0.000
Ib-pec          0      0.00    0.0000    0.0000    0.0000     0.000     0.000
IIb             0      0.00    0.0000    0.0000    0.0000     0.000     0.000
###
Ic              0      0.00    0.0000    0.0000    0.0000     0.000     0.000
Ic-norm         0      0.00    0.0000    0.0000    0.0000     0.000     0.000
Ic-pec          0      0.00    0.0000    0.0000    0.0000     0.000     0.000
Ic-broad        0      0.00    0.0000    0.0000    0.0000     0.000     0.000
###
II              0      0.00    0.0000    0.0000    0.0000     0.000     0.000
IIP             0      0.00    0.0000    0.0000    0.0000     0.000     0.000
II-pec          0      0.00    0.0000    0.0000    0.0000     0.000     0.000
IIn             0      0.00    0.0000    0.0000    0.0000     0.000     0.000
IIL             0      0.00    0.0000    0.0000    0.0000     0.000     0.000
###
NotSN           0      0.00    0.0000    0.0000    0.0000     0.000     0.000
AGN             0      0.00    0.0000    0.0000    0.0000     0.000     0.000
Gal             0      0.00    0.0000    0.0000    0.0000     0.000     0.000
LBV             0      0.00    0.0000    0.0000    0.0000     0.000     0.000
M-star          0      0.00    0.0000    0.0000    0.0000     0.000     0.000
 
### rlap-ordered template listings ###
#no. sn type lap rlap z zerr age age_flag grade
   1  sn90O         Ia-norm    0.8976   6.59   0.1904   0.0111    -5.10  0   good
   2  sn99ee        Ia-norm    0.9138   6.28   0.1808   0.0098     2.20  0   good
   3  sn90O         Ia-norm    0.8989   6.23   0.1920   0.0121    -6.10  0   good
   4  sn99ee        Ia-norm    0.9125   6.18   0.1822   0.0100     0.30  0   good
   5  sn99ac        Ia-91T     0.7811   6.10   0.1797   0.0091     0.80  0   good
   6  sn02bo        Ia-norm    0.8556   5.92   0.1864   0.0117    -4.50  0   good
   7  sn99aw        Ia-91T     0.8732   5.81   0.1874   0.0093     0.30  0   good
   8  sn99ac        Ia-91T     0.9152   5.49   0.1788   0.0097     3.10  0   good
   9  sn03du        Ia-norm    0.9287   5.47   0.1831   0.0127    -3.20  0   good
  10  sn95D         Ia-norm    0.7297   5.24   0.1679   0.0111     6.10  0   good
  11  sn89B         Ia-norm    0.9504   5.23   0.1736   0.0125    -0.50  0   good
  12  sn04S         Ia-norm    0.9720   5.19   0.1837   0.0136     1.70  0   good
  13  sn89B         Ia-norm    0.9368   5.18   0.1768   0.0131    -6.30  0   good
  14  sn95D         Ia-norm    0.7351   5.06   0.1661   0.0109     8.10  0   good
#--- rlap cutoff
  15  sn99ee        Ia-norm    0.9138   4.99   0.1911   0.0123    -6.70  0    cut
  16  sn94D         Ia-norm    0.9490   4.99   0.2029   0.0160   -10.60  0    cut
  17  sn03du        Ia-norm    0.8069   4.98   0.1779   0.0118    -1.10  0    cut
  18  sn92A         Ia-norm    0.8204   4.96   0.1793   0.0102     2.40  0    cut
  19  sn03du        Ia-norm    0.9287   4.89   0.1852   0.0137    -5.00  0    cut
  20  sn94S         Ia-norm    0.6268   4.81   0.1820   0.0168    -2.50  0    cut
  21  sn90N         Ia-norm    0.9179   4.79   0.1896   0.0149    -6.40  0    cut
  22  sn99ee        Ia-norm    0.8813   4.78   0.1758   0.0114     7.10  0    cut
  23  sn03du        Ia-norm    0.7906   4.72   0.1757   0.0129    -0.20  0    cut
  24  sn91T         Ia-91T     0.8894   4.72   0.0345   0.0136   -10.30  0    cut
  25  sn02er        Ia-norm    0.9382   4.72   0.1793   0.0150    -2.50  0    cut
  26  sn05hk        Ia-pec     0.6282   4.67   0.1398   0.0106     3.60  0    cut
  27  sn92A         Ia-norm    0.8191   4.67   0.1831   0.0119    -0.40  0    cut
  28  sn99aw        Ia-91T     0.8475   4.57   0.1810   0.0119     3.20  0    cut
  29  sn92A         Ia-norm    0.8191   4.56   0.1904   0.0139    -5.00  0    cut
  30  sn04eo        Ia-norm    0.9057   4.48   0.1771   0.0152    -6.40  0    cut
  31  sn03du        Ia-norm    0.7920   4.48   0.1753   0.0132     0.80  0    cut
  32  sn02bo        Ia-norm    0.9707   4.43   0.1712   0.0133     5.50  0    cut
  33  sn02er        Ia-norm    0.9314   4.41   0.1786   0.0157    -1.50  0    cut
  34  sn02er        Ia-norm    0.7365   4.40   0.1839   0.0158    -5.40  0    cut
  35  sn02bo        Ia-norm    0.9030   4.33   0.1810   0.0144    -1.40  0    cut
  36  sn03du        Ia-norm    0.9219   4.28   0.1701   0.0139     5.00  0    cut
  37  sn94D         Ia-norm    0.9747   4.25   0.1819   0.0164    -3.80  0    cut
  38  kcS0          Gal        0.9747   4.24   0.2957   0.0117   -99.90  2    cut
  39  sn95D         Ia-norm    0.6904   4.24   0.1709   0.0134     4.20  0    cut
  40  sn02er        Ia-norm    0.9274   4.24   0.1836   0.0169    -4.40  0    cut
  41  sn91T         Ia-91T     0.8894   4.24   0.0336   0.0148    -9.30  0    cut
  42  sn94ae        Ia-norm    0.6918   4.20   0.1725   0.0135     3.30  0    cut
  43  sn02er        Ia-norm    0.9382   4.10   0.1701   0.0143     3.40  0    cut
  44  sn99aa        Ia-91T     0.8989   4.09   0.1903   0.0131    -0.60  0    cut
  45  sn02er        Ia-norm    0.8989   4.08   0.1668   0.0123     5.50  0    cut
  46  sn03du        Ia-norm    0.8488   4.03   0.1736   0.0140     1.90  0    cut
  47  sn94ae        Ia-norm    0.6864   4.03   0.1700   0.0138     6.40  0    cut
  48  sn94ae        Ia-norm    0.6783   4.02   0.1718   0.0137     4.40  0    cut
  49  sn92A         Ia-norm    0.9477   3.99   0.1806   0.0139     5.90  0    cut
  50  sn03du        Ia-norm    0.8705   3.95   0.1950   0.0143   -10.10  0    cut
  51  sn02er        Ia-norm    0.7893   3.95   0.1837   0.0157    -6.40  0    cut
  52  sn02er        Ia-norm    0.8042   3.95   0.1874   0.0170    -8.40  0    cut
  53  sn96C         Ia-norm    0.7649   3.92   0.1635   0.0141     8.30  0    cut
  54  sn81B         Ia-norm    0.9747   3.89   0.1817   0.0147     0.00  0    cut
  55  sn03du        Ia-norm    0.8664   3.86   0.1918   0.0141    -6.20  0    cut
  56  sn91T         Ia-91T     0.8461   3.86   0.0303   0.0157    -6.40  0    cut
  57  sn02bo        Ia-norm    0.8759   3.85   0.1780   0.0154    -0.30  0    cut
  58  sn02er        Ia-norm    0.8800   3.85   0.1764   0.0161    -3.50  0    cut
  59  lbv03hy       LBV        0.6945   3.84   0.1490   0.0124   -99.90  2    cut
  60  sn04aw        Ic-norm    0.6999   3.83   0.1703   0.0119     0.80  0    cut
  61  sn04aw        Ic-norm    0.6999   3.82   0.1758   0.0123    -2.20  0    cut
  62  sn91T         Ia-91T     0.8461   3.82   0.0300   0.0161    -5.30  0    cut
  63  sn04aw        Ic-norm    0.6999   3.81   0.1768   0.0137    -3.30  0    cut
  64  sn03du        Ia-norm    0.7514   3.79   0.1831   0.0149    -7.00  0    cut
  65  sn81B         Ia-norm    0.9734   3.78   0.1822   0.0148    -0.90  0    cut
  66  sn99aa        Ia-91T     0.9206   3.76   0.1928   0.0151     2.70  0    cut
  67  sn91T         Ia-91T     0.8461   3.73   0.0316   0.0156    -7.30  0    cut
  68  sn04S         Ia-norm    0.9328   3.65   0.1763   0.0178     7.50  0    cut
  69  sn94D         Ia-norm    0.8949   3.56   0.1817   0.0174    -4.80  0    cut
  70  sn96X         Ia-norm    0.9747   3.51   0.1666   0.0169     0.90  0    cut
  71  sn94ae        Ia-norm    0.6647   3.50   0.1740   0.0149     2.30  0    cut
  72  sn89B         Ia-norm    0.6498   3.47   0.1684   0.0147     3.50  0    cut
  73  sn91bg        Ia-91bg    0.8096   3.46   0.3379   0.0152     1.50  0    cut
  74  sn04aw        Ic-norm    0.6999   3.45   0.1695   0.0129     1.60  0    cut
  75  sn03du        Ia-norm    0.7229   3.44   0.1651   0.0142     7.90  0    cut
  76  sn03du        Ia-norm    0.8502   3.43   0.1700   0.0164     3.90  0    cut
  77  sn03du        Ia-norm    0.7283   3.42   0.1634   0.0143     8.90  0    cut
  78  sn99ee        Ia-norm    0.9747   3.42   0.1950   0.0185    -8.60  0    cut
  79  sn02bo        Ia-norm    0.7500   3.38   0.1809   0.0163    -3.40  0    cut
  80  sn02bo        Ia-norm    0.7541   3.36   0.1780   0.0162    -1.50  0    cut
  81  sn96X         Ia-norm    0.9747   3.36   0.1619   0.0154     7.80  0    cut
  82  sn99aa        Ia-91T     0.8570   3.35   0.0482   0.0184    -8.50  0    cut
  83  sn84L         Ib-norm    0.5591   3.32   0.1404   0.0155     9.00  0    cut
  84  sn96X         Ia-norm    0.9734   3.31   0.1655   0.0175     1.90  0    cut
  85  mstar         M-star     0.8421   3.28   0.1728   0.0150     4.00  2    cut
  86  sn02ap        Ic-broad   0.6214   3.24   0.1566   0.0149     6.50  0    cut
  87  sn91A         Ic-norm    0.6065   3.16   0.1470   0.0153     0.00  1    cut
  88  sn03cg        Ia-norm    0.8163   3.16   0.1689   0.0162     4.50  0    cut
  89  sn91M         Ia-norm    0.7216   3.14   0.1760   0.0164     2.70  0    cut
  90  sn06gz        Ia-pec     0.7446   3.13   0.1695   0.0169     6.30  0    cut
  91  sn04aw        Ic-norm    0.6986   3.12   0.1856   0.0172    -5.20  0    cut
  92  sn06gz        Ia-pec     0.7432   3.12   0.1682   0.0172     7.20  0    cut
  93  sn94ae        Ia-norm    0.7351   3.09   0.1746   0.0172     1.30  0    cut
  94  lbv03hy       LBV        0.6959   3.07   0.1448   0.0143   -99.90  2    cut
  95  sn06gz        Ia-pec     0.7432   3.06   0.1658   0.0173     8.20  0    cut
  96  sn99by        Ia-91bg    0.7026   3.04   0.3359   0.0172     6.10  0    cut
  97  sn02bo        Ia-norm    0.8488   3.02   0.1789   0.0179    -2.50  0    cut
  98  sn88L         Ib-norm    0.7053   3.02   0.1505   0.0141     0.00  1    cut
  99  sn90O         Ia-norm    0.9598   3.02   0.1942   0.0238    -7.10  0    cut
 100  sn84L         Ib-norm    0.5537   3.00   0.1434   0.0175     8.00  0    cut
 101  sn93ac        Ia-norm    0.9260   3.00   0.1716   0.0172     6.90  0    cut
 102  sn05bf        Ib-pec     0.7459   2.99   0.1540   0.0162    -2.70  0    cut
 103  sn94D         Ia-norm    0.9422   2.96   0.1885   0.0214    -5.60  0    cut
 104  sn05hk        Ia-pec     0.7446   2.96   0.0153   0.0190    -2.40  0    cut
 105  sn06aj        Ic-broad   0.5551   2.95   0.1992   0.0197     1.80  0    cut
 106  sn02er        Ia-norm    0.8583   2.93   0.1738   0.0151    -0.50  0    cut
 107  mstar         M-star     0.8421   2.93   0.1678   0.0141     6.00  2    cut
 108  sn99by        Ia-91bg    0.7013   2.92   0.3357   0.0172     5.20  0    cut
 109  sn99by        Ia-91bg    0.7013   2.91   0.3368   0.0169     4.10  0    cut
 110  sn00E         Ia-norm    0.7148   2.89   0.0436   0.0211    -2.50  0    cut
 111  sn05bf        Ib-pec     0.9747   2.89   0.1479   0.0145     3.40  0    cut
 112  sn94T         Ia-norm    0.5510   2.89   0.1701   0.0150     1.20  0    cut
 113  sn04aw        Ic-norm    0.6579   2.88   0.1753   0.0158    -1.30  0    cut
 114  sn99by        Ia-91bg    0.7026   2.87   0.3355   0.0186     7.10  0    cut
 115  sn97ei        Ic-norm    0.6417   2.87   0.1474   0.0134     0.00  1    cut
 116  sn99ex        Ib-norm    0.9098   2.86   0.1793   0.0189    -4.50  0    cut
 117  sn05hk        Ia-pec     0.7459   2.84   0.0154   0.0187    -1.40  0    cut
 118  sn99by        Ia-91bg    0.7013   2.82   0.3352   0.0198     8.10  0    cut
 119  sn94D         Ia-norm    0.8678   2.81   0.1753   0.0182    -1.80  0    cut
 120  sn05hk        Ia-pec     0.7392   2.81   0.0164   0.0190    -3.30  0    cut
 121  sn04dj        IIP        0.5672   2.80   0.1442   0.0116    20.00  1    cut
 122  sn00E         Ia-norm    0.7419   2.79   0.0436   0.0220    -5.50  0    cut
 123  sn05bf        Ib-pec     0.7459   2.78   0.1533   0.0164    -1.60  0    cut
 124  sn02bo        Ia-norm    0.8475   2.78   0.1770   0.0183    -1.20  0    cut
 125  sn02cx        Ia-pec     0.6959   2.76   0.1462   0.0201    -2.40  0    cut
 126  sn92A         Ia-norm    0.8935   2.76   0.1710   0.0163     8.90  0    cut
 127  sn05bf        Ib-pec     0.7392   2.75   0.1538   0.0168    -3.60  0    cut
 128  sn94D         Ia-norm    0.8367   2.74   0.2051   0.0249   -10.70  0    cut
 129  sn90aa        Ic-norm    0.7514   2.73   0.1541   0.0178     0.00  1    cut
 130  sn04dj        IIP        0.5727   2.72   0.1441   0.0125    18.00  1    cut
 131  sn92A         Ia-norm    0.9125   2.71   0.1669   0.0177     8.70  0    cut
 132  sn04dj        IIP        0.5943   2.71   0.1451   0.0129    48.00  1    cut
 133  sn94D         Ia-norm    0.7121   2.71   0.0523   0.0182    -9.50  0    cut
 134  kcSB1         Gal        0.9747   2.70   0.0619   0.0075   -99.90  2    cut
 135  sn06gz        Ia-pec     0.7067   2.70   0.1726   0.0193     4.30  0    cut
 136  sn04dj        IIP        0.5713   2.70   0.1447   0.0122    36.00  1    cut
 137  sn05hk        Ia-pec     0.7392   2.70   0.0179   0.0193    -5.30  0    cut
 138  sn91T         Ia-91T     0.9747   2.69   0.1785   0.0243    -0.20  0    cut
 139  sn04eo        Ia-norm    0.8542   2.69   0.1649   0.0168     2.20  0    cut
 140  sn94I         Ic-norm    0.7635   2.69   0.1780   0.0216    -5.60  0    cut
 141  sn04eo        Ia-norm    0.8881   2.67   0.1586   0.0156     7.00  0    cut
 142  sn04dj        IIP        0.5916   2.65   0.1457   0.0129    51.90  1    cut
 143  sn97br        Ia-91T     0.7338   2.65   0.1562   0.0189     8.50  0    cut
 144  sn98aq        Ia-norm    0.7135   2.63   0.1721   0.0215    -8.00  0    cut
 145  sn04dj        IIP        0.5943   2.63   0.1454   0.0129    50.00  1    cut
 146  sn92A         Ia-norm    0.6891   2.62   0.1884   0.0169    -5.00  0    cut
 147  sn04dj        IIP        0.5740   2.62   0.1446   0.0127    17.00  1    cut
 148  sn05hk        Ia-pec     0.8163   2.62   0.0188   0.0197    -4.30  0    cut
 149  lbv03hy       LBV        0.6959   2.61   0.1456   0.0142   -99.90  2    cut
 150  sn89B         Ia-norm    0.6471   2.61   0.1664   0.0166     5.50  0    cut
 151  sn04dj        IIP        0.5943   2.61   0.1446   0.0129    46.80  1    cut
 152  sn03fg        Ia-pec     0.8827   2.61   0.1537   0.0193     2.00  0    cut
 153  sn04dj        IIP        0.5740   2.60   0.1459   0.0128     5.00  1    cut
 154  sn94D         Ia-norm    0.7067   2.60   0.0465   0.0182    -2.60  0    cut
 155  sn05bf        Ib-pec     0.7378   2.59   0.1518   0.0167    -0.70  0    cut
 156  sn92A         Ia-norm    0.6837   2.59   0.1846   0.0170    -0.60  0    cut
 157  sn94ae        Ia-norm    0.6512   2.59   0.1751   0.0160     3.30  0    cut
 158  sn04dj        IIP        0.5524   2.58   0.1441   0.0129     8.00  1    cut
 159  sn92ar        Ic-norm    0.6173   2.57   0.1531   0.0152     3.40  0    cut
 160  sn92A         Ia-norm    0.8570   2.56   0.1739   0.0183     6.30  0    cut
 161  kcSb          Gal        0.9747   2.56   0.3069   0.0214   -99.90  2    cut
 162  kcSB2         Gal        0.9747   2.55   0.0618   0.0083   -99.90  2    cut
 163  sn06bp        IIP        0.6796   2.54   0.1613   0.0187    -5.70  0    cut
 164  sn05bf        Ib-pec     0.7405   2.53   0.1549   0.0177    -5.60  0    cut
 165  mstar         M-star     0.8448   2.53   0.1756   0.0117     2.00  2    cut
 166  sn00E         Ia-norm    0.7107   2.53   0.0442   0.0222    -1.40  0    cut
 167  sn00cx        Ia-pec     0.8922   2.52   0.1847   0.0151     1.60  0    cut
 168  sn05bf        Ib-pec     0.7378   2.52   0.1504   0.0178     1.20  0    cut
 169  sn98S         IIn        0.6877   2.51   0.1451   0.0133     2.70  0    cut
 170  sn92A         Ia-norm    0.6850   2.50   0.1799   0.0173     3.30  0    cut
 171  sn83V         Ic-norm    0.6187   2.49   0.1646   0.0165     4.00  0    cut
 172  sn94D         Ia-norm    0.7040   2.48   0.0449   0.0187     0.40  0    cut
 173  sn97br        Ia-91T     0.8827   2.47   0.1630   0.0179     7.80  0    cut
 174  sn94D         Ia-norm    0.7094   2.47   0.0482   0.0193    -4.70  0    cut
 175  sn04dj        IIP        0.5551   2.47   0.1469   0.0137     0.00  1    cut
 176  lbv03hy       LBV        0.6931   2.47   0.1440   0.0137   -99.90  2    cut
 177  sn90B         Ic-norm    0.6160   2.45   0.1467   0.0166     4.00  0    cut
 178  sn05bf        Ib-pec     0.7419   2.45   0.1548   0.0181    -4.60  0    cut
 179  sn04aw        Ic-norm    0.9328   2.44   0.1683   0.0198    -1.70  0    cut
 180  sn98bu        Ia-norm    0.5672   2.43   0.0363   0.0229     1.20  0    cut
 181  mstar         M-star     0.8407   2.41   0.1755   0.0129     1.00  2    cut
 182  sn97br        Ia-91T     0.7094   2.41   0.0288   0.0202    -6.40  0    cut
 183  sn04aw        Ic-norm    0.9125   2.41   0.1662   0.0187    -0.20  0    cut
 184  sn94D         Ia-norm    0.8705   2.41   0.1661   0.0199     2.90  0    cut
 185  sn05hk        Ia-pec     0.7432   2.40   0.0228   0.0203    -8.30  0    cut
 186  sn05bf        Ib-pec     0.7419   2.40   0.1546   0.0178    -7.60  0    cut
 187  sn87A         II-pec     0.5767   2.39   0.3368   0.0161    -4.70  0    cut
 188  sn90O         Ia-norm    0.7148   2.39   0.0477   0.0239    -0.40  0    cut
 189  sn94D         Ia-norm    0.7040   2.38   0.0461   0.0197    -3.60  0    cut
 190  sn96X         Ia-norm    0.7270   2.38   0.0454   0.0223    -2.00  0    cut
 191  sn05bf        Ib-pec     0.7419   2.36   0.1474   0.0180     6.20  0    cut
 192  sn96X         Ia-norm    0.7270   2.35   0.0456   0.0226    -3.00  0    cut
 193  sn05hk        Ia-pec     0.7432   2.34   0.0203   0.0211    -6.30  0    cut
 194  sn02er        Ia-norm    0.7960   2.34   0.3647   0.0203    -7.40  0    cut
 195  sn94I         Ic-norm    0.7094   2.34   0.3439   0.0222     2.10  0    cut
 196  sn02ic        Ia-csm     0.9666   2.33   0.1574   0.0257     5.60  0    cut
 197  sn96X         Ia-norm    0.7270   2.32   0.0443   0.0222     0.00  0    cut
 198  sn86G         Ia-91bg    0.6552   2.32   0.3508   0.0186     1.10  0    cut
 199  sn89B         Ia-norm    0.6390   2.32   0.1632   0.0191     7.50  0    cut
 200  sn97br        Ia-91T     0.8109   2.31   0.1753   0.0223    -4.00  0    cut
 201  sn05hk        Ia-pec     0.8272   2.31   0.0220   0.0211    -7.30  0    cut
 202  sn97ef        Ic-broad   0.5645   2.30   0.1619   0.0217     6.80  0    cut
 203  sn99ex        Ib-norm    0.9246   2.30   0.1705   0.0221     0.40  0    cut
 204  sn03du        Ia-norm    0.6986   2.29   0.0444   0.0190    -0.80  0    cut
 205  sn99aa        Ia-91T     0.7568   2.28   0.1775   0.0249     7.60  0    cut
 206  kcE           Gal        0.9747   2.27   0.1743   0.0114   -99.90  2    cut
 207  sn99by        Ia-91bg    0.6999   2.27   0.3433   0.0209    -3.90  0    cut
 208  lbv03hy       LBV        0.6999   2.26   0.1514   0.0150   -99.90  2    cut
 209  mstar         M-star     0.8434   2.26   0.1685   0.0137    10.00  2    cut
 210  sn00cx        Ia-pec     0.8908   2.25   0.0334   0.0235     5.60  0    cut
 211  sn04dj        IIP        0.5510   2.25   0.1449   0.0147     2.70  1    cut
 212  sn83V         Ic-norm    0.7189   2.25   0.1904   0.0210    -9.00  0    cut
 213  sn91A         Ic-norm    0.6593   2.24   0.1419   0.0188    10.90  1    cut
 214  sn94I         Ic-norm    0.8191   2.24   0.3479   0.0233    -0.10  0    cut
 215  sn96X         Ia-norm    0.7283   2.24   0.0435   0.0232     1.00  0    cut
 216  sn05bf        Ib-pec     0.7432   2.23   0.1467   0.0185     8.20  0    cut
 217  sn03du        Ia-norm    0.6972   2.23   0.0429   0.0199     2.20  0    cut
 218  sn05bf        Ib-pec     0.7405   2.22   0.1494   0.0190     2.20  0    cut
 219  mstar         M-star     0.8448   2.21   0.1735   0.0131     3.00  2    cut
 220  sn86G         Ia-91bg    0.6566   2.21   0.3523   0.0197    -0.90  0    cut
 221  sn05hk        Ia-pec     0.9043   2.21   0.0258   0.0238    -8.30  0    cut
 222  sn98S         IIn        0.6810   2.21   0.1436   0.0143     1.80  0    cut
 223  sn03du        Ia-norm    0.8367   2.20   0.0440   0.0280   -10.10  0    cut
 224  sn83V         Ic-norm    0.6146   2.20   0.1830   0.0213    -4.00  0    cut
 225  sn90K         IIL        0.5984   2.20   0.3501   0.0160    50.50  1    cut
 226  sn03cg        Ia-norm    0.8055   2.20   0.0479   0.0210    -6.80  0    cut
 227  sn95E         Ia-norm    0.6498   2.19   0.0419   0.0238     0.10  0    cut
 228  sn96X         Ia-norm    0.7270   2.19   0.0425   0.0239     1.90  0    cut
 229  sn05bf        Ib-pec     0.7432   2.18   0.1495   0.0210     3.20  0    cut
 230  sn97ef        Ic-broad   0.6986   2.17   0.1885   0.0252    -6.10  0    cut
 231  sn94I         Ic-norm    0.7080   2.17   0.3470   0.0234     1.10  0    cut
 232  sn94M         Ia-norm    0.6769   2.16   0.1719   0.0232     5.00  0    cut
 233  sn99by        Ia-91bg    0.8461   2.15   0.3364   0.0205     3.10  0    cut
 234  sn04dj        IIP        0.7107   2.15   0.1505   0.0124    89.80  1    cut
 235  lbv03hy       LBV        0.6945   2.15   0.1473   0.0201   -99.90  2    cut
 236  sn83V         Ic-norm    0.7487   2.15   0.1633   0.0256    -7.00  0    cut
 237  sn97ef        Ic-broad   0.6999   2.15   0.1842   0.0255    -5.10  0    cut
 238  sn90K         IIL        0.6065   2.14   0.1462   0.0154    53.30  1    cut
 239  sn87A         II-pec     0.5740   2.14   0.3358   0.0171     1.30  0    cut
 240  sn99by        Ia-91bg    0.6024   2.14   0.3419   0.0214    -4.80  0    cut
 241  sn04et        IIP        0.8394   2.14   0.1566   0.0202     8.60  0    cut
 242  sn00cx        Ia-pec     0.6214   2.14   0.1842   0.0196     7.50  0    cut
 243  mstar         M-star     0.8434   2.13   0.1707   0.0166     5.00  2    cut
 244  sn04dj        IIP        0.5970   2.13   0.1447   0.0144    50.60  1    cut
 245  sn00E         Ia-norm    0.6877   2.13   0.1555   0.0242     8.40  0    cut
 246  sn00cx        Ia-pec     0.8922   2.12   0.0306   0.0243     6.50  0    cut
 247  sn96X         Ia-norm    0.7270   2.12   0.0418   0.0249     2.90  0    cut
 248  sn95E         Ia-norm    0.6024   2.12   0.0450   0.0234    -1.90  0    cut
 249  sn86G         Ia-91bg    0.6552   2.11   0.3485   0.0207     0.10  0    cut
 250  sn02er        Ia-norm    0.7568   2.11   0.0482   0.0283    -9.40  0    cut
 251  sn98aq        Ia-norm    0.6959   2.11   0.0427   0.0229     1.90  0    cut
 252  sn94D         Ia-norm    0.7622   2.09   0.0498   0.0207    -8.70  0    cut
 253  sn97br        Ia-91T     0.7040   2.08   0.3088   0.0205    -7.40  0    cut
 254  sn91N         Ic-norm    0.9612   2.08   0.0440   0.0382     0.00  1    cut
 255  sn98aq        Ia-norm    0.6959   2.08   0.0420   0.0232     2.90  0    cut
 256  sn06gz        Ia-pec     0.6458   2.08   0.1737   0.0156     5.20  0    cut
 257  sn94D         Ia-norm    0.6498   2.08   0.1793   0.0223    -7.70  0    cut
 258  sn97dd        IIb        0.8583   2.07   0.1504   0.0205     0.00  1    cut
 259  mstar         M-star     0.8434   2.06   0.1688   0.0149     7.00  2    cut
 260  lbv03hy       LBV        0.6972   2.06   0.1521   0.0162   -99.90  2    cut
 261  sn05gj        Ia-csm     0.6363   2.06   0.1583   0.0184    -1.80  0    cut
 262  sn91bg        Ia-91bg    0.7243   2.06   0.3330   0.0216     2.70  0    cut
 263  sn86G         Ia-91bg    0.6539   2.06   0.3525   0.0207    -1.90  0    cut
 264  sn05bf        Ib-pec     0.7405   2.05   0.1486   0.0215     5.20  0    cut
 265  sn94S         Ia-norm    0.6999   2.05   0.1724   0.0244    -3.40  0    cut
 266  sn03cg        Ia-norm    0.8069   2.05   0.0474   0.0235    -4.50  0    cut
 267  sn96X         Ia-norm    0.6864   2.04   0.0454   0.0204    -0.90  0    cut
 268  sn98aq        Ia-norm    0.6959   2.04   0.0414   0.0244     3.90  0    cut
 269  sn98aq        Ia-norm    0.6837   2.04   0.1751   0.0218     0.00  0    cut
 270  sn83N         Ib-norm    0.5591   2.04   0.1444   0.0225     4.00  0    cut
 271  mstar         M-star     0.8421   2.04   0.1654   0.0123     9.00  2    cut
 272  sn02bo        Ia-norm    0.7229   2.03   0.0473   0.0274    -4.40  0    cut
 273  sn94M         Ia-norm    0.6376   2.03   0.1768   0.0261     4.00  0    cut
 274  sn98S         IIn        0.6810   2.02   0.1433   0.0159     0.90  0    cut
 275  sn90N         Ia-norm    0.5794   2.01   0.1667   0.0208     2.60  0    cut
 276  sn98aq        Ia-norm    0.6972   2.01   0.0413   0.0259     4.90  0    cut
 277  sn99ac        Ia-91T     0.7595   2.01   0.1912   0.0270    -9.60  0    cut
 278  sn04aw        Ic-norm    0.8597   2.01   0.1631   0.0204     5.30  0    cut
 279  sn97br        Ia-91T     0.7568   2.01   0.0233   0.0205    -8.00  0    cut
 280  sn98aq        Ia-norm    0.6931   2.01   0.0432   0.0237     0.90  0    cut
 281  sn87A         II-pec     0.5740   2.00   0.3344   0.0193    -8.70  0    cut
 282  sn98dt        Ib-norm    0.9179   2.00   0.1580   0.0306     7.90  0    cut
 283  sn04eo        Ia-norm    0.7067   2.00   0.0410   0.0259    -2.80  0    cut
 284  sn99aw        Ia-91T     0.6119   2.00   0.1864   0.0237    -0.70  0    cut
 285  sn99dn        Ib-norm    0.8258   2.00   0.3165   0.0237     6.90  1    cut
 286  sn97dq        Ic-norm    0.6972   1.99   0.3409   0.0319     0.00  1    cut
 287  sn90K         IIL        0.6403   1.99   0.1575   0.0155     0.00  1    cut
 288  sn99by        Ia-91bg    0.8461   1.99   0.3410   0.0221    -2.80  0    cut
 289  sn06gz        Ia-pec     0.7419   1.98   0.0548   0.0294   -10.30  0    cut
 290  kcSa          Gal        0.9747   1.98   0.2980   0.0246   -99.90  2    cut
 291  sn05hk        Ia-pec     0.7432   1.98   0.0250   0.0238    -9.30  0    cut
 292  mstar         M-star     0.8434   1.98   0.1674   0.0140     8.00  2    cut
 293  sn02ap        Ic-broad   0.8759   1.96   0.0560   0.0320     4.70  0    cut
 294  sn00cx        Ia-pec     0.6403   1.96   0.1864   0.0183     0.60  0    cut
 295  sn06gz        Ia-pec     0.7473   1.96   0.0553   0.0286    -9.30  0    cut
 296  mstar         M-star     0.8421   1.95   0.1760   0.0137     0.00  2    cut
 297  sn97br        Ia-91T     0.7162   1.95   0.0225   0.0205    -6.00  0    cut
 298  sn02er        Ia-norm    0.7202   1.95   0.1667   0.0219     4.40  0    cut
 299  sn97dq        Ic-norm    0.7473   1.94   0.3411   0.0279    14.90  1    cut
 300  sn94M         Ia-norm    0.7243   1.94   0.1725   0.0198     7.90  0    cut
 301  sn97ef        Ic-broad   0.6972   1.93   0.1970   0.0286    -9.10  0    cut
 302  lbv03hy       LBV        0.6796   1.93   0.1429   0.0131   -99.90  2    cut
 303  sn04aw        Ic-norm    0.7784   1.92   0.1673   0.0149     2.60  0    cut
 304  sn05hk        Ia-pec     0.8285   1.91   0.0215   0.0233    -4.20  0    cut
 305  sn04aw        Ic-norm    0.8028   1.90   0.1596   0.0265     1.90  0    cut
 306  sn98dt        Ib-norm    0.7013   1.89   0.1487   0.0186     3.90  0    cut
 307  sn87A         II-pec     0.5767   1.89   0.3349   0.0185    -2.70  0    cut
 308  sn92A         Ia-norm    0.6471   1.89   0.1740   0.0212     7.30  0    cut
 309  sn00cx        Ia-pec     0.6525   1.89   0.1850   0.0245    -1.40  0    cut
 310  sn90K         IIL        0.6931   1.89   0.1422   0.0163    76.40  1    cut
 311  sn94I         Ic-norm    0.9043   1.89   0.3449   0.0257     2.40  0    cut
 312  sn00cx        Ia-pec     0.6173   1.88   0.1873   0.0187    -0.40  0    cut
 313  sn96X         Ia-norm    0.7283   1.88   0.1580   0.0209     8.90  0    cut
 314  sn96cb        IIb        0.7311   1.87   0.1528   0.0216     0.90  0    cut
 315  lbv03hy       LBV        0.6972   1.87   0.1542   0.0195   -99.90  2    cut
 316  sn98bu        Ia-norm    0.6972   1.87   0.0444   0.0219    -0.70  0    cut
 317  sn01el        Ia-norm    0.6755   1.86   0.1830   0.0297    -3.70  0    cut
 318  sn98aq        Ia-norm    0.6783   1.86   0.0335   0.0269    -9.00  0    cut
 319  sn91N         Ic-norm    0.9598   1.86   0.0406   0.0408    12.00  1    cut
 320  sn90K         IIL        0.7663   1.86   0.1467   0.0162    55.60  1    cut
 321  sn95E         Ia-norm    0.6363   1.85   0.0426   0.0248     2.00  0    cut
 322  sn00cx        Ia-pec     0.6498   1.84   0.1875   0.0184    -3.40  0    cut
 323  sn93J         IIb        0.7839   1.84   0.1605   0.0229     1.40  0    cut
 324  sn96L         IIn        0.6092   1.84   0.0875   0.0098     8.40  0    cut
 325  sn96X         Ia-norm    0.7283   1.84   0.1597   0.0217     7.90  0    cut
 326  sn87A         II-pec     0.5767   1.84   0.2953   0.0141   -10.70  0    cut
 327  sn95F         Ic-norm    0.8759   1.83   0.1527   0.0249     0.00  1    cut
 328  sn03cg        Ia-norm    0.8069   1.83   0.0402   0.0239     1.50  0    cut
 329  sn99di        Ib-norm    0.7256   1.83   0.1443   0.0202     0.00  1    cut
 330  sn98bu        Ia-norm    0.6972   1.83   0.1747   0.0231    -1.70  0    cut
 331  sn97br        Ia-91T     0.7811   1.82   0.3111   0.0237    -9.00  0    cut
 332  sn99em        IIP        0.9030   1.82   0.1590   0.0215     6.20  0    cut
 333  sn06gz        Ia-pec     0.6485   1.82   0.1702   0.0229     7.20  0    cut
 334  sn03cg        Ia-norm    0.7920   1.82   0.0499   0.0228    -7.50  0    cut
 335  sn97dq        Ic-norm    0.7487   1.82   0.3414   0.0295    17.90  1    cut
 336  sn97ef        Ic-broad   0.6945   1.82   0.2054   0.0332   -11.00  0    cut
 337  sn93J         IIb        0.8380   1.81   0.1624   0.0218    -2.40  0    cut
 338  sn95F         Ic-norm    0.8773   1.81   0.1482   0.0223    28.90  1    cut
 339  sn94D         Ia-norm    0.7135   1.81   0.1963   0.0266    -9.60  0    cut
 340  sn05gj        Ia-csm     0.6282   1.81   0.1531   0.0215     7.70  0    cut
 341  sn05cs        IIP        0.7405   1.80   0.1522   0.0156     7.10  0    cut
 342  sn93J         IIb        0.9558   1.80   0.1575   0.0224    -4.00  0    cut
 343  sn02ap        Ic-broad   0.6200   1.79   0.1592   0.0238     1.50  0    cut
 344  sn94I         Ic-norm    0.7365   1.79   0.3430   0.0274     3.30  0    cut
 345  sn93J         IIb        0.8204   1.79   0.1628   0.0221    -1.60  0    cut
 346  sn05hk        Ia-pec     0.8272   1.78   0.0265   0.0229    -6.30  0    cut
 347  sn94D         Ia-norm    0.8570   1.78   0.1718   0.0185     2.20  0    cut
 348  lbv01ac       LBV        0.9233   1.78   0.2851   0.0142   -99.90  2    cut
 349  sn96cb        IIb        0.7283   1.78   0.3191   0.0234     5.00  0    cut
 350  sn02ap        Ic-broad   0.6945   1.78   0.1601   0.0271    -1.40  0    cut
 351  sn97ei        Ic-norm    0.8001   1.77   0.9181   0.0254    10.90  1    cut
 352  sn02cx        Ia-pec     0.6931   1.77   0.2851   0.0211    -5.30  0    cut
 353  lbv03hy       LBV        0.6959   1.77   0.1515   0.0186   -99.90  2    cut
 354  sn02bo        Ia-norm    0.6959   1.76   0.1808   0.0262    -8.10  0    cut
 355  sn96X         Ia-norm    0.7825   1.76   0.0451   0.0224    -1.10  0    cut
 356  sn97ef        Ic-broad   0.7514   1.76   0.1788   0.0263    -4.10  0    cut
 357  sn93J         IIb        0.7987   1.76   0.3137   0.0332     6.60  0    cut
 358  sn98bu        Ia-norm    0.6972   1.76   0.0455   0.0238    -2.80  0    cut
 359  sn06aj        Ic-broad   0.6837   1.75   0.2084   0.0255    -0.50  0    cut
 360  sn99gi        IIP        0.6918   1.75   0.1589   0.0264    -7.10  0    cut
 361  sn90B         Ic-norm    0.7243   1.74   0.1531   0.0249     8.90  0    cut
 362  sn91N         Ic-norm    0.8123   1.74   0.0533   0.0322     7.60  1    cut
 363  sn93J         IIb        0.9571   1.74   0.1544   0.0229    -2.00  0    cut
 364  sn94S         Ia-norm    0.7040   1.74   0.1712   0.0262     1.40  0    cut
 365  sn02ap        Ic-broad   0.7622   1.74   0.3434   0.0314     6.60  0    cut
 366  sn03cg        Ia-norm    0.7839   1.74   0.0480   0.0211    -5.90  0    cut
 367  sn02ap        Ic-broad   0.6945   1.74   0.1582   0.0262    -0.40  0    cut
 368  sn91N         Ic-norm    0.8109   1.73   0.0534   0.0447     5.70  1    cut
 369  sn90B         Ic-norm    0.4319   1.73   0.1515   0.0200     5.00  0    cut
 370  sn99dn        Ib-norm    0.7987   1.73   0.3182   0.0291     0.00  1    cut
 371  sn06gz        Ia-pec     0.6444   1.73   0.0513   0.0201    -5.50  0    cut
 372  sn80K         IIL        0.5280   1.73   0.1648   0.0210     7.00  0    cut
 373  sn98aq        Ia-norm    0.6972   1.73   0.1695   0.0241     5.90  0    cut
 374  sn99em        IIP        0.7121   1.73   0.1554   0.0220     6.60  0    cut
 375  sn97br        Ia-91T     0.7825   1.72   0.3075   0.0225    -7.00  0    cut
 376  sn05hk        Ia-pec     0.9558   1.72   0.0190   0.0254    -5.10  0    cut
 377  sn87A         II-pec     0.5740   1.71   0.2950   0.0147    -6.70  0    cut
 378  sn98aq        Ia-norm    0.6959   1.71   0.1671   0.0249     6.90  0    cut
 379  sn05cs        IIP        0.7446   1.71   0.1512   0.0166     8.00  0    cut
 380  sn90B         Ic-norm    0.4346   1.70   0.1457   0.0215     6.00  0    cut
 381  sn96X         Ia-norm    0.7243   1.70   0.1622   0.0232     6.90  0    cut
 382  sn93J         IIb        0.8326   1.69   0.1508   0.0239     3.80  0    cut
 383  sn99aa        Ia-91T     0.8055   1.69   0.0618   0.0300    -4.10  0    cut
 384  sn02bo        Ia-norm    0.6959   1.68   0.1790   0.0268    -7.00  0    cut
 385  sn97ef        Ic-broad   0.6986   1.67   0.2056   0.0346   -10.10  0    cut
 386  sn86G         Ia-91bg    0.6133   1.67   0.1760   0.0278    -2.70  0    cut
 387  sn93J         IIb        0.9544   1.67   0.1559   0.0233    -3.00  0    cut
 388  sn05bf        Ib-pec     0.6065   1.66   0.1419   0.0256    -0.90  0    cut
 389  sn05cs        IIP        0.7432   1.66   0.1502   0.0178     9.00  0    cut
 390  sn05hk        Ia-pec     0.6282   1.65   0.2836   0.0206    -7.30  0    cut
 391  sn91bg        Ia-91bg    0.7473   1.65   0.1516   0.0329     2.70  0    cut
 392  sn02er        Ia-norm    0.7839   1.64   0.3557   0.0249     1.50  0    cut
 393  sn97dq        Ic-norm    0.7541   1.64   0.3414   0.0298    26.90  1    cut
 394  sn03cg        Ia-norm    0.7784   1.64   0.0452   0.0231    -0.50  0    cut
 395  sn96X         Ia-norm    0.7243   1.64   0.1682   0.0242     4.90  0    cut
 396  kcSB3         Gal        0.9747   1.63   0.3174   0.0129   -99.90  2    cut
 397  sn02bo        Ia-norm    0.6972   1.63   0.1737   0.0256    -1.20  0    cut
 398  sn06gz        Ia-pec     0.6376   1.63   0.0490   0.0320    -2.60  0    cut
 399  sn97dq        Ic-norm    0.8488   1.62   0.2056   0.0269   222.20  1    cut
 400  sn02bo        Ia-norm    0.6986   1.62   0.1748   0.0260    -2.10  0    cut
 401  sn90N         Ia-norm    0.9477   1.62   0.0194   0.0348     4.90  0    cut
 402  sn96X         Ia-norm    0.7283   1.61   0.1646   0.0241     5.90  0    cut
 403  sn93J         IIb        0.7067   1.61   0.1533   0.0238     4.60  0    cut
 404  sn02bo        Ia-norm    0.6972   1.61   0.1765   0.0265    -4.00  0    cut
 405  sn97dd        IIb        0.7527   1.61   0.3120   0.0279     3.60  1    cut
 406  sn99em        IIP        0.7852   1.60   0.1588   0.0196     6.40  0    cut
 407  sn06aj        Ic-broad   0.6823   1.60   0.2076   0.0321    -1.50  0    cut
 408  sn97dq        Ic-norm    0.7527   1.59   0.3400   0.0331    21.90  1    cut
 409  sn03cg        Ia-norm    0.7324   1.59   0.3534   0.0252     7.40  0    cut
 410  sn00H         IIb        0.6959   1.59   0.1575   0.0232     6.70  0    cut
 411  sn91N         Ic-norm    0.8123   1.59   0.0520   0.0443     6.60  1    cut
 412  sn86G         Ia-91bg    0.5957   1.59   0.3464   0.0259     1.60  0    cut
 413  sn02bo        Ia-norm    0.6972   1.59   0.1778   0.0275    -6.00  0    cut
 414  sn95E         Ia-norm    0.6227   1.59   0.1614   0.0266     7.00  0    cut
 415  sn99di        Ib-norm    0.7243   1.58   0.1397   0.0185    23.60  1    cut
 416  sn02bo        Ia-norm    0.6972   1.58   0.1757   0.0265    -3.10  0    cut
 417  sn02ap        Ic-broad   0.7554   1.57   0.3462   0.0341     4.60  0    cut
 418  sn06bp        IIP        0.6904   1.56   0.1627   0.0242     8.10  0    cut
 419  sn94I         Ic-norm    0.7080   1.56   0.3478   0.0295    -2.70  0    cut
 420  sn91N         Ic-norm    0.7338   1.56   0.3998   0.0252   276.10  1    cut
 421  sn02ap        Ic-broad   0.6999   1.56   0.1587   0.0272     0.60  0    cut
 422  sn94M         Ia-norm    0.7175   1.55   0.0439   0.0343     3.00  0    cut
 423  sn86G         Ia-91bg    0.5740   1.55   0.1726   0.0307    -0.40  0    cut
 424  sn91A         Ic-norm    0.6742   1.54   0.1426   0.0251    32.60  1    cut
 425  sn06aj        Ic-broad   0.9477   1.54   0.7170   0.0349     2.80  0    cut
 426  sn86G         Ia-91bg    0.5916   1.54   0.3460   0.0266     0.60  0    cut
 427  sn02ap        Ic-broad   0.7622   1.54   0.3472   0.0348     5.60  0    cut
 428  sn97dq        Ic-norm    0.9138   1.54   0.0457   0.0310    81.70  1    cut
 429  sn87A         II-pec     0.5713   1.53   0.2937   0.0151     3.30  0    cut
 430  sn97cn        Ia-91bg    0.7243   1.53   0.3377   0.0273     3.90  0    cut
 431  sn90B         Ic-norm    0.4346   1.52   0.1446   0.0236     5.90  0    cut
 432  sn97cy        IIn        0.9057   1.52   0.3637   0.0203    14.10  1    cut
 433  sn91A         Ic-norm    0.6458   1.52   0.1391   0.0211    16.80  1    cut
 434  lbv01ac       LBV        0.6959   1.52   0.1587   0.0176   -99.90  2    cut
 435  sn97cy        IIn        0.9070   1.52   0.3528   0.0189    57.20  1    cut
 436  sn98dt        Ib-norm    0.6959   1.51   0.1475   0.0208     6.80  0    cut
 437  sn93J         IIb        0.8123   1.51   0.1581   0.0262     3.40  0    cut
 438  sn02bo        Ia-norm    0.6972   1.51   0.1768   0.0279    -5.10  0    cut
 439  kcSB4         Gal        0.9747   1.50   0.1464   0.0133   -99.90  2    cut
 440  sn97dq        Ic-norm    0.9152   1.50   0.0503   0.0318     1.00  1    cut
 441  sn90K         IIL        0.6417   1.50   0.1465   0.0167   174.80  1    cut
 442  sn91bg        Ia-91bg    0.7107   1.50   0.1542   0.0364     2.50  0    cut
 443  sn05hj        Ia-norm    0.7107   1.49   0.1757   0.0374    -5.10  0    cut
 444  kcSB5         Gal        0.9747   1.49   0.1473   0.0148   -99.90  2    cut
 445  sn91N         Ic-norm    0.9165   1.49   0.0430   0.0472    27.90  1    cut
 446  sn96cb        IIb        0.7283   1.48   0.1535   0.0295    -2.10  0    cut
 447  sn05hk        Ia-pec     0.6255   1.48   0.2824   0.0219    -6.30  0    cut
 448  sn03du        Ia-norm    0.6945   1.48   0.3454   0.0391    -8.80  0    cut
 449  sn94I         Ic-norm    0.7040   1.47   0.3513   0.0298    -3.80  0    cut
 450  sn93J         IIb        0.6959   1.47   0.3139   0.0292     2.70  0    cut
 451  sn03du        Ia-norm    0.6986   1.47   0.3482   0.0372    -9.70  0    cut
 452  sn97cy        IIn        0.9057   1.47   0.3546   0.0164   116.80  1    cut
 453  sn05cs        IIP        0.7446   1.47   0.1545   0.0163     5.00  0    cut
 454  sn03du        Ia-norm    0.6945   1.47   0.3449   0.0404    -7.80  0    cut
 455  sn04aw        Ic-norm    0.8028   1.46   0.1654   0.0311     3.10  0    cut
 456  sn06bp        IIP        0.6593   1.46   0.1627   0.0225    -4.60  0    cut
 457  sn96cb        IIb        0.7297   1.46   0.3147   0.0295     7.00  0    cut
 458  sn04eo        Ia-norm    0.7852   1.46   0.3582   0.0283   -11.00  0    cut
 459  sn96cb        IIb        0.7297   1.46   0.3147   0.0295     7.00  0    cut
 460  sn90B         Ic-norm    0.4346   1.45   0.1493   0.0251     7.00  0    cut
 461  sn86G         Ia-91bg    0.6959   1.44   0.3522   0.0266    -4.40  0    cut
 462  sn93J         IIb        0.8421   1.44   0.1478   0.0257     5.50  0    cut
 463  kcSc          Gal        0.9098   1.44   0.1467   0.0152   -99.90  2    cut
 464  sn90K         IIL        0.7243   1.44   0.3485   0.0154   161.00  1    cut
 465  sn95F         Ic-norm    0.8773   1.43   0.0479   0.0333    56.70  1    cut
 466  sn03cg        Ia-norm    0.7148   1.43   0.1781   0.0364    -1.80  0    cut
 467  sn97ef        Ic-broad   0.8922   1.43   0.3991   0.0372    -5.00  0    cut
 468  sn94I         Ic-norm    0.7053   1.43   0.3509   0.0351    -5.70  0    cut
 469  sn03cg        Ia-norm    0.6579   1.42   0.1724   0.0350    -2.30  0    cut
 470  sn00H         IIb        0.6918   1.41   0.3321   0.0286     7.70  0    cut
 471  sn04et        IIP        0.7432   1.41   0.1586   0.0236     6.20  0    cut
 472  sn05hj        Ia-norm    0.7026   1.41   0.1754   0.0259    -0.30  0    cut
 473  sn97cy        IIn        0.8732   1.40   0.3515   0.0171   174.50  1    cut
 474  sn91N         Ic-norm    0.9707   1.39   0.1968   0.0254   250.20  1    cut
 475  sn95F         Ic-norm    0.8746   1.39   0.1498   0.0281    35.60  1    cut
 476  sn06bp        IIP        0.7080   1.39   0.1697   0.0211     7.20  0    cut
 477  sn02ap        Ic-broad   0.7554   1.37   0.3491   0.0392     3.60  0    cut
 478  sn93J         IIb        0.7906   1.37   0.1619   0.0268    -5.00  0    cut
 479  sn00H         IIb        0.7392   1.37   0.3298   0.0343     8.40  0    cut
 480  sn06bp        IIP        0.7392   1.37   0.1709   0.0237     4.20  0    cut
 481  sn01el        Ia-norm    0.6593   1.36   0.1789   0.0379     1.30  0    cut
 482  sn05hk        Ia-pec     0.5226   1.36   0.4497   0.0247    -4.20  0    cut
 483  sn86G         Ia-91bg    0.6810   1.36   0.3505   0.0277    -2.40  0    cut
 484  sn91ar        Ib-norm    0.5348   1.36   0.1390   0.0272     0.00  1    cut
 485  sn97cy        IIn        0.9043   1.36   0.3533   0.0207    71.30  1    cut
 486  sn04aw        Ic-norm    0.7784   1.35   0.9369   0.0285     3.60  0    cut
 487  sn86G         Ia-91bg    0.6796   1.35   0.3506   0.0290    -3.40  0    cut
 488  sn06aj        Ic-broad   0.9003   1.35   0.0742   0.0272    -5.00  0    cut
 489  sn93J         IIb        0.7338   1.35   0.0577   0.0323     3.70  0    cut
 490  sn98T         Ib-norm    0.6417   1.35   0.1370   0.0235     0.00  1    cut
 491  sn04et        IIP        0.7432   1.34   0.1602   0.0227     4.00  0    cut
 492  sn90aa        Ic-norm    0.7500   1.33   0.3988   0.0352   116.10  1    cut
 493  sn05hj        Ia-norm    0.7148   1.33   0.1717   0.0386     4.30  0    cut
 494  sn90K         IIL        0.5672   1.33   0.1466   0.0199   201.70  1    cut
 495  sn06bp        IIP        0.7392   1.33   0.1729   0.0230     3.30  0    cut
 496  sn03du        Ia-norm    0.6999   1.33   0.3474   0.0289     3.10  0    cut
 497  sn05hk        Ia-pec     0.5199   1.32   0.4494   0.0258    -3.40  0    cut
 498  sn02ap        Ic-broad   0.6214   1.32   0.1747   0.0540    -4.50  0    cut
 499  sn97cy        IIn        0.9057   1.32   0.3928   0.0297   125.30  1    cut
 500  sn91ar        Ib-norm    0.7013   1.31   0.0560   0.0179    27.40  1    cut
 501  sn90K         IIL        0.5320   1.31   0.1652   0.0193   139.00  1    cut
 502  sn90K         IIL        0.7405   1.30   0.3490   0.0159   202.60  1    cut
 503  agn           AGN        0.9747   1.30   0.3490   0.0155   -99.90  2    cut
 504  sn99em        IIP        0.7026   1.29   0.1562   0.0262     5.60  0    cut
 505  sn90K         IIL        0.7635   1.28   0.3486   0.0162   174.80  1    cut
 506  sn97cy        IIn        0.9057   1.27   0.3481   0.0164   377.70  1    cut
 507  sn06aj        Ic-broad   0.7121   1.26   0.2154   0.0406    -3.40  0    cut
 508  sn93J         IIb        0.5848   1.26   0.1716   0.0263   -10.50  0    cut
 509  sn90K         IIL        0.6268   1.25   0.3670   0.0331   147.10  1    cut
 510  sn97dd        IIb        0.7405   1.24   0.1490   0.0257    16.40  1    cut
 511  sn97cy        IIn        0.8827   1.24   0.4022   0.0293     0.00  1    cut
 512  sn97dq        Ic-norm    0.4549   1.24   0.1458   0.0274    42.80  1    cut
 513  sn02bo        Ia-norm    0.7392   1.23   0.3737   0.0302    -9.40  0    cut
 514  sn98dt        Ib-norm    0.6986   1.23   0.3447   0.0346     0.90  0    cut
 515  sn00cx        Ia-pec     0.5740   1.22   0.1877   0.0481    -2.40  0    cut
 516  sn02ap        Ic-broad   0.9043   1.21   0.1567   0.0304     2.70  0    cut
 517  sn97dq        Ic-norm    0.9747   1.21   0.0466   0.0565    27.90  1    cut
 518  sn98bw        Ic-broad   0.8935   1.20   0.1856   0.0557     8.70  0    cut
 519  sn90aa        Ic-norm    0.7500   1.19   0.3777   0.0400    61.50  1    cut
 520  sn80K         IIL        0.5185   1.19   0.1587   0.0274     9.00  0    cut
 521  sn05cs        IIP        0.7419   1.18   0.1553   0.0176     4.00  0    cut
 522  sn98dt        Ib-norm    0.6999   1.18   0.3436   0.0353     0.00  0    cut
 523  sn99em        IIP        0.7568   1.18   0.1609   0.0224     5.40  0    cut
 524  sn02ap        Ic-broad   0.8529   1.17   0.1453   0.0330    -2.40  0    cut
 525  sn99dn        Ib-norm    0.7189   1.17   0.0547   0.0461    27.70  1    cut
 526  sn98S         IIn        0.8691   1.17   0.2832   0.0367    -1.50  0    cut
 527  sn04et        IIP        0.7351   1.17   0.1624   0.0230     2.00  0    cut
 528  sn05hj        Ia-norm    0.7243   1.14   0.1759   0.0490     1.60  0    cut
 529  sn90K         IIL        0.7933   1.14   0.3485   0.0192   119.20  1    cut
 530  sn98S         IIn        0.5808   1.13   0.1365   0.0270     1.90  0    cut
 531  sn06aj        Ic-broad   0.8691   1.13   0.2059   0.0392    -2.10  0    cut
 532  sn91A         Ic-norm    0.5564   1.12   0.1364   0.0263    61.40  1    cut
 533  lbv99bw       LBV        0.6999   1.11   0.1857   0.0089   -99.90  2    cut
 534  lbv03hy       LBV        0.6945   1.11   0.1161   0.0368   -99.90  2    cut
 535  sn97cy        IIn        0.9747   1.10   0.4041   0.0235   196.10  1    cut
 536  sn95F         Ic-norm    0.8488   1.10   0.2026   0.0318    88.60  1    cut
 537  sn99di        Ib-norm    0.6079   1.08   0.4979   0.0322    30.50  1    cut
 538  sn90K         IIL        0.6119   1.06   0.1872   0.0286   136.20  1    cut
 539  kcSB6         Gal        0.9747   1.04   0.1431   0.0170   -99.90  2    cut
 540  lbv99bw       LBV        0.6525   1.04   0.1863   0.0256   -99.90  2    cut
 541  sn97dc        Ib-norm    0.7202   1.01   0.1320   0.0224     0.00  1    cut
 542  sn04et        IIP        0.7365   1.01   0.1630   0.0251     1.00  0    cut
 543  sn91ar        Ib-norm    0.4860   1.00   0.1402   0.0285    15.80  1    cut
 544  sn99em        IIP        0.7974   0.98   0.1648   0.0279     2.40  0    cut
 545  sn99em        IIP        0.9016   0.97   0.1646   0.0288     0.20  0    cut
 546  sn06bp        IIP        0.6891   0.97   0.1728   0.0314     2.10  0    cut
 547  sn05cs        IIP        0.7432   0.96   0.1560   0.0194     3.10  0    cut
 548  sn05cs        IIP        0.7392   0.94   0.0560   0.0499    -1.90  0    cut
 549  sn04et        IIP        0.7392   0.92   0.1642   0.0280    -0.90  0    cut
 550  sn05cs        IIP        0.7432   0.86   0.0578   0.0453     1.00  0    cut
 551  sn99em        IIP        0.9666   0.85   0.5460   0.0415    -3.70  0    cut
 552  sn99em        IIP        0.7446   0.85   0.1657   0.0294     1.40  0    cut
 553  sn99gi        IIP        0.6837   0.85   0.3066   0.0280    -5.00  0    cut
 554  sn91A         Ic-norm    0.6823   0.85   0.4073   0.0503    65.10  1    cut
 555  sn91A         Ic-norm    0.6728   0.84   0.1356   0.0322    47.50  1    cut
 556  sn04et        IIP        0.7297   0.83   0.1658   0.0268    -1.90  0    cut
 557  sn05cs        IIP        0.7378   0.83   0.0586   0.0523     0.10  0    cut
 558  sn05cs        IIP        0.7432   0.82   0.1566   0.0205     2.10  0    cut
 559  sn99em        IIP        0.7459   0.80   0.0692   0.0437     0.40  0    cut
 560  sn06bp        IIP        0.6783   0.79   0.1756   0.0388     0.10  0    cut
 561  sn05hj        Ia-norm    0.7283   0.79   0.2983   0.0349    -6.00  0    cut
 562  sn04et        IIP        0.7365   0.78   0.1659   0.0307    -2.90  0    cut
 563  sn97cy        IIn        0.9747   0.77   0.2198   0.0425    29.40  1    cut
 564  sn97cy        IIn        0.8867   0.77   0.2195   0.0349   226.10  1    cut
 565  sn91A         Ic-norm    0.4833   0.76  -0.0094   0.0000   128.30  1    cut
 566  sn02ap        Ic-broad   0.6160   0.74   0.0275   0.0542    -5.50  0    cut
 567  sn99em        IIP        0.7527   0.72   0.0701   0.0449    -0.60  0    cut
 568  sn88L         Ib-norm    0.6688   0.69   0.2120   0.0269    47.70  1    cut
 569  sn99em        IIP        0.6918   0.66   0.1697   0.0365    -2.60  0    cut
 570  sn05cs        IIP        0.7419   0.65   0.0596   0.0561    -0.80  0    cut
 571  sn99em        IIP        0.6918   0.64   0.1690   0.0440    -1.60  0    cut
 572  sn06bp        IIP        0.6796   0.63   0.0746   0.0350    -1.70  0    cut
 573  sn99em        IIP        0.6864   0.61   0.1695   0.0337    -3.60  0    cut
 574  sn99gi        IIP        0.6864   0.58   0.3036   0.0300    -4.00  0    cut
 575  sn98bw        Ic-broad   0.8867   0.47   0.0329   0.0532     7.80  0    cut
