### SNID output file ###
 
### input spectrum and options ###
# Input spectrum                 : 15340_1.10.dat
# Parameter file                 : NA
# Wavelength range               :    3601.83   9518.31
# Mask file                      : NA
# Median filtering width [A]     : NA
# Median filtering width [pix]   :       1.00
# Clip emission redshift         :     0.1461
# Clip sky lines                 : 0
# Emission clip width [A]        :       0.15
# Keep A-band                    : 1
# Age range                      :      -8.90     11.10
# Delta range                    :      -9.99     99.90
# Min. number of spectra/template:   1
# Use only templates             : NA
# Use only types                 : NA
# Avoid templates                : NA
# Avoid types                    : NA
# rlapmin                        :       5.00
# Redshift range                 :    -0.0100    1.2000
# Forced initial redshift        :     0.1461
# Extra fake redshift            : NA
# Nsigma for initial redshift    : NA
# Redshift filter                :     0.0200
# Wavenumbers k1,k2,k3,k4        :     1    4   85  102
# Template directory             : /Users/daniel/snid-5.0/templates/
 
### initial/user-input redshift ###
zinit       0.0000
zuser       0.1461
 
### median redshift/age and error ###
zmed        0.1465    0.0000
agem          7.50      0.00
 
### type fraction/redshift/age ###
#type ntemp fraction slope redshift redshift_error age age_error
Ia              1      1.00    0.0000    0.1465    0.0000     7.500     0.000
Ia-norm         0      0.00    0.0000    0.0000    0.0000     0.000     0.000
Ia-91T          0      0.00    0.0000    0.0000    0.0000     0.000     0.000
Ia-91bg         0      0.00    0.0000    0.0000    0.0000     0.000     0.000
Ia-csm          0      0.00    0.0000    0.0000    0.0000     0.000     0.000
Ia-pec          1      1.00    0.0000    0.1465    0.0000     7.500     0.000
###
Ib              0      0.00    0.0000    0.0000    0.0000     0.000     0.000
Ib-norm         0      0.00    0.0000    0.0000    0.0000     0.000     0.000
Ib-pec          0      0.00    0.0000    0.0000    0.0000     0.000     0.000
IIb             0      0.00    0.0000    0.0000    0.0000     0.000     0.000
###
Ic              0      0.00    0.0000    0.0000    0.0000     0.000     0.000
Ic-norm         0      0.00    0.0000    0.0000    0.0000     0.000     0.000
Ic-pec          0      0.00    0.0000    0.0000    0.0000     0.000     0.000
Ic-broad        0      0.00    0.0000    0.0000    0.0000     0.000     0.000
###
II              0      0.00    0.0000    0.0000    0.0000     0.000     0.000
IIP             0      0.00    0.0000    0.0000    0.0000     0.000     0.000
II-pec          0      0.00    0.0000    0.0000    0.0000     0.000     0.000
IIn             0      0.00    0.0000    0.0000    0.0000     0.000     0.000
IIL             0      0.00    0.0000    0.0000    0.0000     0.000     0.000
###
NotSN           0      0.00    0.0000    0.0000    0.0000     0.000     0.000
AGN             0      0.00    0.0000    0.0000    0.0000     0.000     0.000
Gal             0      0.00    0.0000    0.0000    0.0000     0.000     0.000
LBV             0      0.00    0.0000    0.0000    0.0000     0.000     0.000
M-star          0      0.00    0.0000    0.0000    0.0000     0.000     0.000
 
### rlap-ordered template listings ###
#no. sn type lap rlap z zerr age age_flag grade
   1  sn00cx        Ia-pec     0.6214   5.23   0.1465   0.0107     7.50  0   good
#--- rlap cutoff
   2  sn97ef        Ic-broad   0.6986   4.83   0.1566   0.0164    -6.10  0    cut
   3  sn06aj        Ic-broad   0.5551   4.78   0.1637   0.0171     1.80  0    cut
   4  sn00cx        Ia-pec     0.6173   4.73   0.1498   0.0112    -0.40  0    cut
   5  sn00cx        Ia-pec     0.6227   4.63   0.1459   0.0127     9.50  0    cut
   6  sn94M         Ia-norm    0.6376   4.59   0.1514   0.0118     4.00  0    cut
   7  sn97ef        Ic-broad   0.6999   4.58   0.1541   0.0190    -5.10  0    cut
   8  sn90U         Ic-norm    0.8123   4.43   0.0888   0.0139    10.90  0    cut
   9  sn01el        Ia-norm    0.6891   4.35   0.1533   0.0100    -3.70  0    cut
  10  sn97cy        IIn        0.9192   4.17   0.3573   0.0059   377.70  1    cut
  11  sn97cy        IIn        0.9192   4.11   0.3615   0.0086   116.80  1    cut
  12  sn00H         IIb        0.6959   3.99   0.1238   0.0150     6.70  0    cut
  13  sn91N         Ic-norm    0.8109   3.95   0.1085   0.0178     5.70  1    cut
  14  sn91N         Ic-norm    0.8123   3.80   0.1060   0.0210     6.60  1    cut
  15  sn97cy        IIn        0.9179   3.77   0.3613   0.0097    71.30  1    cut
  16  sn98bu        Ia-norm    0.6999   3.75   0.1383   0.0185    10.20  0    cut
  17  sn00H         IIb        0.6918   3.74   0.1233   0.0157     7.70  0    cut
  18  sn98bu        Ia-norm    0.6999   3.71   0.1391   0.0172     9.30  0    cut
  19  sn98bu        Ia-norm    0.5672   3.70   0.2890   0.0145     1.20  0    cut
  20  sn00cx        Ia-pec     0.6403   3.64   0.1488   0.0148     0.60  0    cut
  21  sn02ap        Ic-broad   0.6945   3.62   0.1532   0.0248    -1.40  0    cut
  22  kcSB5         Gal        0.9653   3.62   0.3585   0.0038   -99.90  2    cut
  23  kcSB3         Gal        0.9653   3.56   0.3594   0.0037   -99.90  2    cut
  24  kcSB6         Gal        0.9653   3.55   0.3583   0.0038   -99.90  2    cut
  25  sn97cy        IIn        0.8867   3.55   0.3605   0.0108   174.50  1    cut
  26  sn94D         Ia-norm    0.7757   3.49   0.1522   0.0140    -8.70  0    cut
  27  sn97cy        IIn        0.9206   3.48   0.3600   0.0110    57.20  1    cut
  28  sn00E         Ia-norm    0.6877   3.46   0.1387   0.0184     8.40  0    cut
  29  sn00H         IIb        0.7392   3.45   0.1251   0.0192     8.40  0    cut
  30  sn97cy        IIn        0.9192   3.40   0.3703   0.0116    14.10  1    cut
  31  kcSB4         Gal        0.9653   3.39   0.3582   0.0040   -99.90  2    cut
  32  sn06aj        Ic-broad   0.6837   3.39   0.1673   0.0225    -0.50  0    cut
  33  sn91N         Ic-norm    0.8123   3.37   0.1068   0.0217     7.60  1    cut
  34  sn02bo        Ia-norm    0.6959   3.37   0.1584   0.0169    -8.10  0    cut
  35  sn06aj        Ic-broad   0.6823   3.33   0.1633   0.0244    -1.50  0    cut
  36  sn03cg        Ia-norm    0.7324   3.29   0.1377   0.0184     7.40  0    cut
  37  agn           AGN        0.9653   3.26   0.3576   0.0052   -99.90  2    cut
  38  sn00H         IIb        0.6931   3.23   0.1214   0.0178     9.60  0    cut
  39  sn02er        Ia-norm    0.7202   3.21   0.1394   0.0161     4.40  0    cut
  40  sn01el        Ia-norm    0.6728   3.20   0.1479   0.0128     1.30  0    cut
  41  sn86G         Ia-91bg    0.6133   3.19   0.1440   0.0168    -2.70  0    cut
  42  sn83V         Ic-norm    0.7622   3.19   0.1492   0.0204    -7.00  0    cut
  43  sn95E         Ia-norm    0.6227   3.17   0.1396   0.0164     7.00  0    cut
  44  sn02bo        Ia-norm    0.6959   3.17   0.1570   0.0178    -7.00  0    cut
  45  lbv01ac       LBV        0.9368   3.16   0.3597   0.0041   -99.90  2    cut
  46  sn98aq        Ia-norm    0.6959   3.13   0.1409   0.0159     6.90  0    cut
  47  sn94M         Ia-norm    0.6769   3.12   0.1467   0.0177     5.00  0    cut
  48  sn94I         Ic-norm    0.7040   3.11   0.1322   0.0227    -3.80  0    cut
  49  sn94D         Ia-norm    0.6498   3.10   0.1490   0.0165    -7.70  0    cut
  50  sn99aw        Ia-91T     0.6119   3.10   0.1521   0.0147    -0.70  0    cut
  51  sn00cx        Ia-pec     0.5740   3.10   0.1465   0.0170    -2.40  0    cut
  52  sn02bo        Ia-norm    0.7568   3.07   0.1382   0.0227    10.80  0    cut
  53  sn03cg        Ia-norm    0.6579   3.07   0.1477   0.0158    -2.30  0    cut
  54  sn86G         Ia-91bg    0.5740   3.06   0.1419   0.0170    -0.40  0    cut
  55  sn94D         Ia-norm    0.7040   3.03   0.1455   0.0158     0.40  0    cut
  56  sn02bo        Ia-norm    0.6972   3.03   0.1555   0.0183    -6.00  0    cut
  57  sn06gz        Ia-pec     0.6485   3.03   0.1375   0.0149     7.20  0    cut
  58  kcSB1         Gal        0.9653   3.02   0.3588   0.0044   -99.90  2    cut
  59  sn00H         IIb        0.6931   3.02   0.1197   0.0185    10.60  0    cut
  60  sn97ef        Ic-broad   0.5645   3.02   0.1298   0.0222     6.80  0    cut
  61  sn94I         Ic-norm    0.7635   3.00   0.1239   0.0225    -5.60  0    cut
  62  sn90K         IIL        0.5672   3.00   0.1458   0.0084   201.70  1    cut
  63  sn89B         Ia-norm    0.6471   2.99   0.2899   0.0153     5.50  0    cut
  64  sn02ap        Ic-broad   0.6945   2.99   0.1516   0.0304    -0.40  0    cut
  65  sn02bo        Ia-norm    0.6986   2.99   0.1506   0.0182    -2.10  0    cut
  66  kcSB2         Gal        0.9653   2.98   0.3585   0.0046   -99.90  2    cut
  67  sn94ae        Ia-norm    0.6512   2.98   0.2912   0.0204     3.30  0    cut
  68  sn04eo        Ia-norm    0.7067   2.96   0.1395   0.0162    -2.80  0    cut
  69  sn02bo        Ia-norm    0.6972   2.95   0.1493   0.0184    -1.20  0    cut
  70  sn98aq        Ia-norm    0.6972   2.94   0.1417   0.0163     5.90  0    cut
  71  sn02bo        Ia-norm    0.6972   2.93   0.1530   0.0184    -4.00  0    cut
  72  sn90B         Ic-norm    0.7243   2.93   0.0964   0.0143     8.90  0    cut
  73  sn02bo        Ia-norm    0.6972   2.93   0.1542   0.0185    -5.10  0    cut
  74  sn94I         Ic-norm    0.8326   2.93   0.1284   0.0213    -0.10  0    cut
  75  sn94I         Ic-norm    0.7080   2.92   0.1315   0.0240    -2.70  0    cut
  76  sn02bo        Ia-norm    0.6972   2.91   0.1518   0.0186    -3.10  0    cut
  77  sn95E         Ia-norm    0.6363   2.88   0.1416   0.0163     2.00  0    cut
  78  sn86G         Ia-91bg    0.6552   2.88   0.1365   0.0181     1.10  0    cut
  79  sn95D         Ia-norm    0.6552   2.87   0.1344   0.0202    10.10  0    cut
  80  sn02er        Ia-norm    0.8718   2.86   0.3028   0.0203    -0.50  0    cut
  81  sn94ae        Ia-norm    0.6647   2.86   0.2904   0.0207     2.30  0    cut
  82  sn00cx        Ia-pec     0.6498   2.85   0.1466   0.0186    -3.40  0    cut
  83  sn86G         Ia-91bg    0.6552   2.84   0.1354   0.0180     0.10  0    cut
  84  sn92A         Ia-norm    0.6850   2.83   0.2996   0.0187     3.30  0    cut
  85  sn90K         IIL        0.6417   2.82   0.1457   0.0084   174.80  1    cut
  86  sn92A         Ia-norm    0.6837   2.81   0.3024   0.0193    -0.60  0    cut
  87  sn05bf        Ib-pec     0.7419   2.80   0.0936   0.0169    -7.60  0    cut
  88  sn98aq        Ia-norm    0.6972   2.79   0.1419   0.0164     4.90  0    cut
  89  sn94I         Ic-norm    0.9179   2.79   0.1143   0.0234     2.40  0    cut
  90  sn94D         Ia-norm    0.7040   2.78   0.1464   0.0176    -3.60  0    cut
  91  sn86G         Ia-91bg    0.6566   2.78   0.1384   0.0183    -0.90  0    cut
  92  sn06aj        Ic-broad   0.9422   2.77   0.1589   0.0245     2.80  0    cut
  93  sn04aw        Ic-norm    0.6579   2.76   0.1411   0.0269    -1.30  0    cut
  94  sn94S         Ia-norm    0.7040   2.76   0.1428   0.0165     1.40  0    cut
  95  sn86G         Ia-91bg    0.6539   2.75   0.1394   0.0187    -1.90  0    cut
  96  sn94ae        Ia-norm    0.6783   2.75   0.2922   0.0195     4.40  0    cut
  97  sn00cx        Ia-pec     0.6525   2.73   0.1459   0.0188    -1.40  0    cut
  98  sn97cy        IIn        0.9653   2.71   0.4106   0.0120   196.10  1    cut
  99  sn97cy        IIn        0.9192   2.71   0.3986   0.0121   125.30  1    cut
 100  sn98aq        Ia-norm    0.6959   2.71   0.1425   0.0166     3.90  0    cut
 101  sn98aq        Ia-norm    0.6837   2.70   0.1450   0.0170     0.00  0    cut
 102  sn94D         Ia-norm    0.7067   2.70   0.1467   0.0180    -2.60  0    cut
 103  sn02ap        Ic-broad   0.6200   2.70   0.1513   0.0335     1.50  0    cut
 104  sn94ae        Ia-norm    0.7351   2.70   0.3031   0.0270     1.30  0    cut
 105  sn03cg        Ia-norm    0.8163   2.69   0.2983   0.0220     4.50  0    cut
 106  sn94ae        Ia-norm    0.6864   2.69   0.2916   0.0197     6.40  0    cut
 107  sn94I         Ic-norm    0.7053   2.67   0.1393   0.0282    -5.70  0    cut
 108  sn05bf        Ib-pec     0.7459   2.67   0.0922   0.0164    -2.70  0    cut
 109  sn92A         Ia-norm    0.6891   2.66   0.3055   0.0206    -5.00  0    cut
 110  sn05bf        Ib-pec     0.7405   2.66   0.0938   0.0171    -5.60  0    cut
 111  sn89B         Ia-norm    0.6390   2.66   0.2884   0.0164     7.50  0    cut
 112  sn90N         Ia-norm    0.5794   2.66   0.1382   0.0170     2.60  0    cut
 113  sn98aq        Ia-norm    0.6959   2.66   0.1437   0.0168     1.90  0    cut
 114  sn98aq        Ia-norm    0.6931   2.66   0.1445   0.0171     0.90  0    cut
 115  sn05bf        Ib-pec     0.7405   2.66   0.0905   0.0177     5.20  0    cut
 116  sn98aq        Ia-norm    0.6959   2.65   0.1431   0.0168     2.90  0    cut
 117  sn06gz        Ia-pec     0.6458   2.64   0.1392   0.0158     5.20  0    cut
 118  sn89B         Ia-norm    0.6498   2.64   0.2904   0.0181     3.50  0    cut
 119  sn98bu        Ia-norm    0.6972   2.63   0.1449   0.0176    -0.70  0    cut
 120  sn05bf        Ib-pec     0.7432   2.63   0.0878   0.0172     8.20  0    cut
 121  sn04aw        Ic-norm    0.6999   2.63   0.1359   0.0249     0.80  0    cut
 122  sn05bf        Ib-pec     0.7419   2.61   0.0901   0.0171     6.20  0    cut
 123  sn05bf        Ib-pec     0.7419   2.61   0.0932   0.0197    -4.60  0    cut
 124  lbv99bw       LBV        0.6525   2.61   0.1469   0.0077   -99.90  2    cut
 125  sn02bo        Ia-norm    0.8624   2.60   0.3106   0.0249    -2.50  0    cut
 126  sn05bf        Ib-pec     0.7432   2.60   0.0908   0.0181     3.20  0    cut
 127  sn00E         Ia-norm    0.7107   2.60   0.1441   0.0192    -1.40  0    cut
 128  sn02ap        Ic-broad   0.6999   2.60   0.1483   0.0353     0.60  0    cut
 129  sn96X         Ia-norm    0.6864   2.59   0.1459   0.0188    -0.90  0    cut
 130  sn94M         Ia-norm    0.7175   2.58   0.1463   0.0200     3.00  0    cut
 131  sn05bf        Ib-pec     0.7378   2.57   0.0935   0.0177    -0.70  0    cut
 132  sn97cy        IIn        0.9653   2.56   0.4342   0.0134    29.40  1    cut
 133  sn96X         Ia-norm    0.7283   2.55   0.1339   0.0239     8.90  0    cut
 134  sn03du        Ia-norm    0.6999   2.54   0.1413   0.0179     3.10  0    cut
 135  sn96X         Ia-norm    0.7243   2.54   0.1367   0.0198     6.90  0    cut
 136  sn04aw        Ic-norm    0.6999   2.53   0.1490   0.0270    -3.30  0    cut
 137  sn05bf        Ib-pec     0.7392   2.53   0.0922   0.0183    -3.60  0    cut
 138  sn98bu        Ia-norm    0.6972   2.53   0.1454   0.0182    -1.70  0    cut
 139  sn83V         Ic-norm    0.6146   2.52   0.1409   0.0267    -4.00  0    cut
 140  kcSc          Gal        0.8867   2.52   0.1473   0.0079   -99.90  2    cut
 141  sn83V         Ic-norm    0.6187   2.52   0.1075   0.0184     4.00  0    cut
 142  sn02bo        Ia-norm    0.7229   2.51   0.1503   0.0215    -4.40  0    cut
 143  sn86G         Ia-91bg    0.6959   2.51   0.1393   0.0209    -4.40  0    cut
 144  sn97ef        Ic-broad   0.7514   2.51   0.1516   0.0223    -4.10  0    cut
 145  sn04aw        Ic-norm    0.6986   2.50   0.1560   0.0279    -5.20  0    cut
 146  sn98bu        Ia-norm    0.6972   2.50   0.1456   0.0185    -2.80  0    cut
 147  sn02bo        Ia-norm    0.7500   2.50   0.3063   0.0255    -3.40  0    cut
 148  sn91M         Ia-norm    0.7216   2.50   0.2937   0.0255     2.70  0    cut
 149  sn02er        Ia-norm    0.8096   2.49   0.1489   0.0181    -7.40  0    cut
 150  sn02bo        Ia-norm    0.7541   2.49   0.3045   0.0258    -1.50  0    cut
 151  sn86G         Ia-91bg    0.5957   2.48   0.2934   0.0196     1.60  0    cut
 152  sn03du        Ia-norm    0.6972   2.48   0.1424   0.0183     2.20  0    cut
 153  sn99aa        Ia-91T     0.7703   2.47   0.1549   0.0221     7.60  0    cut
 154  sn96X         Ia-norm    0.7283   2.47   0.1358   0.0228     7.90  0    cut
 155  sn05bf        Ib-pec     0.7459   2.47   0.0927   0.0205    -1.60  0    cut
 156  sn96X         Ia-norm    0.7243   2.45   0.1387   0.0192     4.90  0    cut
 157  sn86G         Ia-91bg    0.5916   2.45   0.2924   0.0200     0.60  0    cut
 158  sn02bo        Ia-norm    0.8610   2.44   0.3088   0.0266    -1.20  0    cut
 159  sn96cb        IIb        0.7311   2.44   0.2760   0.0179     0.90  0    cut
 160  mstar         M-star     0.8570   2.43   0.4590   0.0083     7.00  2    cut
 161  sn05bf        Ib-pec     0.7405   2.43   0.0913   0.0199     2.20  0    cut
 162  sn96X         Ia-norm    0.7283   2.42   0.1375   0.0201     5.90  0    cut
 163  sn94M         Ia-norm    0.7243   2.42   0.1409   0.0204     7.90  0    cut
 164  sn86G         Ia-91bg    0.6810   2.41   0.1387   0.0210    -2.40  0    cut
 165  sn04aw        Ic-norm    0.6999   2.41   0.1351   0.0282     1.60  0    cut
 166  sn96cb        IIb        0.7283   2.39   0.2731   0.0170     5.00  0    cut
 167  sn06gz        Ia-pec     0.6376   2.39   0.1478   0.0174    -2.60  0    cut
 168  sn94ae        Ia-norm    0.6918   2.38   0.2936   0.0218     3.30  0    cut
 169  sn98dt        Ib-norm    0.6999   2.37   0.1307   0.0231     0.00  0    cut
 170  sn94D         Ia-norm    0.7568   2.36   0.1363   0.0210    10.10  0    cut
 171  sn03cg        Ia-norm    0.8055   2.35   0.1444   0.0182    -7.50  0    cut
 172  sn06gz        Ia-pec     0.6444   2.34   0.1481   0.0185    -5.50  0    cut
 173  sn03du        Ia-norm    0.7229   2.33   0.2892   0.0209     7.90  0    cut
 174  sn97ef        Ic-broad   0.9057   2.33   0.1501   0.0192    -5.00  0    cut
 175  sn92A         Ia-norm    0.6471   2.32   0.3002   0.0175     7.30  0    cut
 176  sn90K         IIL        0.8069   2.32   0.3534   0.0127   119.20  1    cut
 177  sn94D         Ia-norm    0.8299   2.31   0.1325   0.0245    11.00  0    cut
 178  sn95E         Ia-norm    0.6498   2.31   0.1424   0.0193     0.10  0    cut
 179  sn05bf        Ib-pec     0.7378   2.30   0.0914   0.0188     1.20  0    cut
 180  sn04aw        Ic-norm    0.6999   2.30   0.1437   0.0266    -2.20  0    cut
 181  sn03du        Ia-norm    0.6986   2.30   0.1431   0.0202    -0.80  0    cut
 182  sn06aj        Ic-broad   0.9084   2.29   0.1627   0.0192    -5.00  0    cut
 183  lbv01ac       LBV        0.6959   2.28   0.1478   0.0074   -99.90  2    cut
 184  sn90K         IIL        0.7771   2.28   0.3539   0.0102   174.80  1    cut
 185  sn99aw        Ia-91T     0.8610   2.28   0.3107   0.0254     3.20  0    cut
 186  sn05hj        Ia-norm    0.7026   2.27   0.1442   0.0172    -0.30  0    cut
 187  sn96cb        IIb        0.7283   2.26   0.1207   0.0166    -2.10  0    cut
 188  sn94S         Ia-norm    0.6999   2.26   0.1431   0.0206    -3.40  0    cut
 189  sn06aj        Ic-broad   0.7121   2.25   0.1666   0.0334    -3.40  0    cut
 190  sn97dq        Ic-norm    0.8624   2.24   0.1458   0.0127   222.20  1    cut
 191  sn96X         Ia-norm    0.9653   2.24   0.4774   0.0121     0.90  0    cut
 192  sn96X         Ia-norm    0.9653   2.24   0.4773   0.0117     1.90  0    cut
 193  sn05hk        Ia-pec     0.9653   2.24   0.6198   0.0212    -5.10  0    cut
 194  sn00cx        Ia-pec     0.9057   2.24   0.1386   0.0156     6.50  0    cut
 195  sn99by        Ia-91bg    0.7013   2.24   0.3045   0.0347     8.10  0    cut
 196  sn97br        Ia-91T     0.7338   2.24   0.1321   0.0267     8.50  0    cut
 197  sn84L         Ib-norm    0.5591   2.22   0.1167   0.0291     9.00  0    cut
 198  sn95E         Ia-norm    0.6024   2.22   0.1431   0.0200    -1.90  0    cut
 199  sn86G         Ia-91bg    0.6796   2.22   0.1395   0.0227    -3.40  0    cut
 200  sn96X         Ia-norm    0.7270   2.21   0.1403   0.0194     2.90  0    cut
 201  sn90aa        Ic-norm    0.7649   2.21   0.1302   0.0164     0.00  1    cut
 202  sn90O         Ia-norm    0.7148   2.20   0.1496   0.0213    -0.40  0    cut
 203  sn93J         IIb        0.8258   2.19   0.0889   0.0179    11.00  0    cut
 204  sn03du        Ia-norm    0.7920   2.19   0.3029   0.0272     0.80  0    cut
 205  sn98aq        Ia-norm    0.7135   2.19   0.2834   0.0285    -8.00  0    cut
 206  sn99aa        Ia-91T     0.8191   2.18   0.1566   0.0196    -4.10  0    cut
 207  sn04aw        Ic-norm    0.8163   2.18   0.1374   0.0246     1.90  0    cut
 208  sn94ae        Ia-norm    0.6986   2.17   0.2898   0.0208     9.30  0    cut
 209  sn02ap        Ic-broad   0.6214   2.16   0.1611   0.0409    -4.50  0    cut
 210  sn04aw        Ic-norm    0.8163   2.16   0.1366   0.0244     3.10  0    cut
 211  sn03du        Ia-norm    0.7283   2.16   0.2891   0.0242     8.90  0    cut
 212  sn98dt        Ib-norm    0.6986   2.16   0.1301   0.0249     0.90  0    cut
 213  sn90K         IIL        0.7378   2.15   0.3552   0.0262   161.00  1    cut
 214  sn92A         Ia-norm    0.8570   2.15   0.3012   0.0286     6.30  0    cut
 215  sn04dj        IIP        0.5916   2.14   0.2677   0.0096    51.90  1    cut
 216  sn90K         IIL        0.7541   2.13   0.3548   0.0104   202.60  1    cut
 217  sn03cg        Ia-norm    0.8204   2.13   0.1430   0.0194    -4.50  0    cut
 218  mstar         M-star     0.8570   2.12   0.4595   0.0084     8.00  2    cut
 219  sn04dj        IIP        0.5943   2.12   0.2678   0.0097    48.00  1    cut
 220  sn02bo        Ia-norm    0.8894   2.12   0.3090   0.0281    -0.30  0    cut
 221  sn05gj        Ia-csm     0.6255   2.11   0.1113   0.0263    10.40  0    cut
 222  sn96X         Ia-norm    0.7270   2.11   0.1410   0.0198     1.90  0    cut
 223  sn90K         IIL        0.6403   2.11   0.2782   0.0190     0.00  1    cut
 224  sn04aw        Ic-norm    0.7784   2.11   0.1400   0.0233     2.60  0    cut
 225  sn04dj        IIP        0.5943   2.10   0.2682   0.0096    50.00  1    cut
 226  sn05hj        Ia-norm    0.7148   2.10   0.1416   0.0187     4.30  0    cut
 227  sn03cg        Ia-norm    0.8191   2.10   0.1442   0.0180    -6.80  0    cut
 228  mstar         M-star     0.8570   2.10   0.5352   0.0065    10.00  2    cut
 229  sn00cx        Ia-pec     0.9043   2.10   0.1393   0.0167     5.60  0    cut
 230  sn04dj        IIP        0.5943   2.09   0.2675   0.0095    46.80  1    cut
 231  sn94I         Ic-norm    0.7080   2.09   0.1255   0.0293     1.10  0    cut
 232  sn84L         Ib-norm    0.5537   2.09   0.1149   0.0299     8.00  0    cut
 233  sn94D         Ia-norm    0.9653   2.09   0.2979   0.0363    -3.80  0    cut
 234  lbv99bw       LBV        0.6999   2.09   0.1475   0.0085   -99.90  2    cut
 235  sn99by        Ia-91bg    0.6024   2.09   0.1352   0.0254    -4.80  0    cut
 236  sn03du        Ia-norm    0.8637   2.08   0.4731   0.0144     3.90  0    cut
 237  sn99dn        Ib-norm    0.8394   2.08   0.2683   0.0237     6.90  1    cut
 238  sn02ap        Ic-broad   0.6227   2.08   0.1245   0.0275     9.50  0    cut
 239  sn99aa        Ia-91T     0.9341   2.08   0.4950   0.0147     2.70  0    cut
 240  kcS0          Gal        0.9653   2.07   0.0562   0.0254   -99.90  2    cut
 241  kcSa          Gal        0.9653   2.07   1.1954   0.0146   -99.90  2    cut
 242  sn99aw        Ia-91T     0.8732   2.07   0.3153   0.0247     0.30  0    cut
 243  sn03du        Ia-norm    0.9355   2.07   0.4743   0.0143     5.00  0    cut
 244  mstar         M-star     0.8556   2.07   0.4588   0.0100     4.00  2    cut
 245  sn05hk        Ia-pec     0.5334   2.06   0.1316   0.0148    -3.40  0    cut
 246  sn03du        Ia-norm    0.6945   2.06   0.1468   0.0240    -8.80  0    cut
 247  sn97dc        Ib-norm    0.7338   2.06   0.2356   0.0221     0.00  1    cut
 248  sn96X         Ia-norm    0.7283   2.06   0.1411   0.0203     1.00  0    cut
 249  sn02bo        Ia-norm    0.9165   2.05   0.3139   0.0299    -1.40  0    cut
 250  sn02er        Ia-norm    0.7974   2.05   0.1393   0.0209     1.50  0    cut
 251  sn03du        Ia-norm    0.8624   2.03   0.4750   0.0162     1.90  0    cut
 252  sn91T         Ia-91T     0.9653   2.02   0.6456   0.0176    -0.20  0    cut
 253  sn04eo        Ia-norm    0.8678   2.01   0.2955   0.0253     2.20  0    cut
 254  sn94D         Ia-norm    0.9206   2.01   0.3063   0.0369    -5.60  0    cut
 255  sn99by        Ia-91bg    0.6999   2.01   0.1340   0.0259    -3.90  0    cut
 256  mstar         M-star     0.8556   2.01   0.5351   0.0069     9.00  2    cut
 257  sn96X         Ia-norm    0.7270   2.01   0.1424   0.0213    -2.00  0    cut
 258  sn94D         Ia-norm    0.7094   2.01   0.1472   0.0228    -4.70  0    cut
 259  sn02er        Ia-norm    0.9125   2.00   0.1128   0.0299     9.40  0    cut
 260  sn93J         IIb        0.7839   2.00   0.2838   0.0182     1.40  0    cut
 261  sn03cg        Ia-norm    0.7920   2.00   0.1417   0.0200    -0.50  0    cut
 262  sn02er        Ia-norm    0.8773   1.99   0.1120   0.0329    10.60  0    cut
 263  sn03du        Ia-norm    0.6945   1.99   0.1458   0.0238    -7.80  0    cut
 264  mstar         M-star     0.8556   1.99   0.8036   0.0274     0.00  2    cut
 265  mstar         M-star     0.8556   1.99   0.4594   0.0098     6.00  2    cut
 266  sn99by        Ia-91bg    0.7026   1.98   0.3022   0.0381     7.10  0    cut
 267  sn05bf        Ib-pec     0.9653   1.98   0.0895   0.0207     3.40  0    cut
 268  sn04dj        IIP        0.7243   1.98   0.3641   0.0151    89.80  1    cut
 269  sn97dd        IIb        0.7405   1.97   0.1122   0.0226    16.40  1    cut
 270  sn03du        Ia-norm    0.7906   1.96   0.3036   0.0301    -0.20  0    cut
 271  sn03cg        Ia-norm    0.7283   1.96   0.1424   0.0210    -1.80  0    cut
 272  sn99aa        Ia-91T     0.8705   1.96   0.1541   0.0258    -8.50  0    cut
 273  sn90aa        Ic-norm    0.7635   1.96   0.1498   0.0203    61.50  1    cut
 274  sn90K         IIL        0.5320   1.96   0.1643   0.0122   139.00  1    cut
 275  sn04dj        IIP        0.5713   1.96   0.2679   0.0099    36.00  1    cut
 276  sn00E         Ia-norm    0.7148   1.94   0.1426   0.0249    -2.50  0    cut
 277  sn94ae        Ia-norm    0.7229   1.94   0.2888   0.0265    10.40  0    cut
 278  sn90K         IIL        0.7067   1.94   0.3532   0.0161    76.40  1    cut
 279  sn96X         Ia-norm    0.7270   1.93   0.1421   0.0210     0.00  0    cut
 280  sn03cg        Ia-norm    0.7974   1.92   0.1434   0.0213    -5.90  0    cut
 281  sn90K         IIL        0.6119   1.92   0.3539   0.0172    50.50  1    cut
 282  sn96X         Ia-norm    0.7960   1.92   0.1418   0.0205    -1.10  0    cut
 283  sn99ee        Ia-norm    0.8949   1.92   0.3040   0.0245     7.10  0    cut
 284  sn99gi        IIP        0.6918   1.91   0.2904   0.0356    -7.10  0    cut
 285  sn93J         IIb        0.9653   1.91   0.0967   0.0319    -2.00  0    cut
 286  sn96cb        IIb        0.7297   1.91   0.2735   0.0215     7.00  0    cut
 287  sn96cb        IIb        0.7297   1.91   0.2735   0.0216     7.00  0    cut
 288  sn91N         Ic-norm    0.7473   1.91   0.4046   0.0153   276.10  1    cut
 289  sn95F         Ic-norm    0.8894   1.90   0.0951   0.0254     0.00  1    cut
 290  mstar         M-star     0.8542   1.90   0.8054   0.0149     1.00  2    cut
 291  sn96X         Ia-norm    0.7270   1.89   0.1425   0.0228    -3.00  0    cut
 292  sn93J         IIb        0.9653   1.89   0.0970   0.0326    -3.00  0    cut
 293  sn03du        Ia-norm    0.7514   1.88   0.3071   0.0333    -7.00  0    cut
 294  sn02er        Ia-norm    0.8935   1.88   0.3092   0.0304    -3.50  0    cut
 295  kcSb          Gal        0.9653   1.88   0.0602   0.0209   -99.90  2    cut
 296  sn03du        Ia-norm    0.9341   1.88   0.0796   0.0224    -5.00  0    cut
 297  sn94I         Ic-norm    0.7094   1.88   0.1238   0.0312     2.10  0    cut
 298  sn02er        Ia-norm    0.9125   1.88   0.2997   0.0284     5.50  0    cut
 299  sn05hk        Ia-pec     0.5361   1.88   0.1332   0.0151    -4.20  0    cut
 300  sn90K         IIL        0.7798   1.87   0.1468   0.0138    55.60  1    cut
 301  sn89B         Ia-norm    0.6566   1.87   0.2883   0.0191     9.50  0    cut
 302  sn02ap        Ic-broad   0.6214   1.86   0.1237   0.0365     6.50  0    cut
 303  sn02ap        Ic-broad   0.9179   1.86   0.6339   0.0304     2.70  0    cut
 304  sn90N         Ia-norm    0.9246   1.86   0.2991   0.0224     4.90  0    cut
 305  sn05hj        Ia-norm    0.7107   1.85   0.1448   0.0258    -5.10  0    cut
 306  sn04dj        IIP        0.5740   1.85   0.2682   0.0119    17.00  1    cut
 307  sn00E         Ia-norm    0.7419   1.84   0.1412   0.0273    -5.50  0    cut
 308  sn98dt        Ib-norm    0.7568   1.84   0.2618   0.0264    10.70  0    cut
 309  sn02er        Ia-norm    0.7893   1.84   0.3107   0.0294    -6.40  0    cut
 310  sn91bg        Ia-91bg    0.7243   1.84   0.1325   0.0205     2.50  0    cut
 311  sn05bf        Ib-pec     0.6065   1.83   0.1184   0.0260    -0.90  0    cut
 312  sn03du        Ia-norm    0.7405   1.83   0.2907   0.0290     9.80  0    cut
 313  sn98bw        Ic-broad   0.9003   1.83   0.1216   0.0318     7.80  0    cut
 314  sn93J         IIb        0.9653   1.82   0.0967   0.0333    -4.00  0    cut
 315  sn05hj        Ia-norm    0.7378   1.80   0.1382   0.0146     1.60  0    cut
 316  sn04dj        IIP        0.5727   1.80   0.2679   0.0119    18.00  1    cut
 317  sn99ac        Ia-91T     0.9287   1.79   0.3150   0.0334     3.10  0    cut
 318  sn02ic        Ia-csm     0.8150   1.79   0.1332   0.0280     9.40  0    cut
 319  sn03du        Ia-norm    0.8069   1.79   0.3043   0.0310    -1.10  0    cut
 320  lbv03hy       LBV        0.6959   1.78   0.8100   0.0142   -99.90  2    cut
 321  sn90O         Ia-norm    0.9463   1.78   0.0906   0.0305    -7.10  0    cut
 322  sn97dq        Ic-norm    0.9287   1.77   0.0907   0.0362     1.00  1    cut
 323  sn80K         IIL        0.5618   1.77   0.1472   0.0385    11.00  0    cut
 324  mstar         M-star     0.8583   1.77   0.8054   0.0139     2.00  2    cut
 325  sn95E         Ia-norm    0.8867   1.77   0.2923   0.0233    10.00  0    cut
 326  sn93J         IIb        0.7338   1.77   0.0905   0.0176     3.70  0    cut
 327  sn04dj        IIP        0.5970   1.76   0.2682   0.0098    50.60  1    cut
 328  sn05hk        Ia-pec     0.6282   1.76   0.1218   0.0370     3.60  0    cut
 329  sn91bg        Ia-91bg    0.7608   1.76   0.1295   0.0207     2.70  0    cut
 330  sn04dj        IIP        0.5740   1.75   0.2690   0.0127     5.00  1    cut
 331  sn92A         Ia-norm    0.8894   1.74   0.6314   0.0302     8.70  0    cut
 332  sn90K         IIL        0.6268   1.74   0.1664   0.0402   147.10  1    cut
 333  sn93J         IIb        0.8556   1.74   0.0905   0.0281     5.50  0    cut
 334  sn98dt        Ib-norm    0.9314   1.74   0.2678   0.0347     7.90  0    cut
 335  sn95D         Ia-norm    0.6904   1.73   0.2938   0.0265     4.20  0    cut
 336  sn98dt        Ib-norm    0.7013   1.73   0.1238   0.0274     3.90  0    cut
 337  sn02bo        Ia-norm    0.9653   1.73   0.3065   0.0299     5.50  0    cut
 338  sn98S         IIn        0.6837   1.73   0.8108   0.0167     9.70  0    cut
 339  sn91N         Ic-norm    0.9653   1.72   0.4033   0.0160   250.20  1    cut
 340  kcE           Gal        0.9653   1.72   0.0636   0.0265   -99.90  2    cut
 341  sn94T         Ia-norm    0.5510   1.72   0.2989   0.0249     1.20  0    cut
 342  sn99ex        Ib-norm    0.9382   1.71   0.2939   0.0296     0.40  0    cut
 343  sn04S         Ia-norm    0.9463   1.71   0.2972   0.0303     7.50  0    cut
 344  sn94D         Ia-norm    0.8840   1.71   0.4763   0.0148     2.90  0    cut
 345  sn02ic        Ia-csm     0.9653   1.71   0.6226   0.0303     5.60  0    cut
 346  sn05hk        Ia-pec     0.8163   1.70   0.6180   0.0243    -4.30  0    cut
 347  sn90O         Ia-norm    0.8840   1.70   0.2916   0.0519    -6.10  0    cut
 348  sn91bg        Ia-91bg    0.8231   1.70   0.1287   0.0251     1.50  0    cut
 349  sn97cy        IIn        0.8867   1.70   0.2155   0.0245   226.10  1    cut
 350  sn94D         Ia-norm    0.9084   1.69   0.4808   0.0266    -4.80  0    cut
 351  lbv03hy       LBV        0.6945   1.69   0.8120   0.0146   -99.90  2    cut
 352  sn88L         Ib-norm    0.6823   1.69   0.1489   0.0161    47.70  1    cut
 353  sn05hk        Ia-pec     0.6255   1.69   0.1324   0.0191    -6.30  0    cut
 354  sn99ee        Ia-norm    0.9260   1.68   0.2987   0.0266    11.10  0    cut
 355  sn91A         Ic-norm    0.6728   1.68   0.1476   0.0182    47.50  1    cut
 356  sn99by        Ia-91bg    0.7026   1.68   0.2959   0.0423     6.10  0    cut
 357  sn02cx        Ia-pec     0.6959   1.68   0.1227   0.0258    -2.40  0    cut
 358  sn00cx        Ia-pec     0.9057   1.68   0.3126   0.0287     1.60  0    cut
 359  sn05hj        Ia-norm    0.7419   1.68   0.1470   0.0227    -6.00  0    cut
 360  sn87A         II-pec     0.5740   1.67   0.2818   0.0456    -8.70  0    cut
 361  lbv03hy       LBV        0.6959   1.67   0.1106   0.0170   -99.90  2    cut
 362  sn99ee        Ia-norm    0.9274   1.67   0.3110   0.0331     2.20  0    cut
 363  sn06gz        Ia-pec     0.7446   1.67   0.2955   0.0354     6.30  0    cut
 364  sn93J         IIb        0.7067   1.66   0.0916   0.0260     4.60  0    cut
 365  sn98S         IIn        0.6877   1.66   0.8114   0.0152     2.70  0    cut
 366  sn04aw        Ic-norm    0.7784   1.66   0.1367   0.0336     3.60  0    cut
 367  sn99di        Ib-norm    0.7378   1.66   0.5835   0.0211    23.60  1    cut
 368  sn06gz        Ia-pec     0.7432   1.65   0.2952   0.0353     7.20  0    cut
 369  sn04dj        IIP        0.5672   1.65   0.2679   0.0131    20.00  1    cut
 370  sn97dd        IIb        0.7527   1.65   0.1110   0.0287     3.60  1    cut
 371  mstar         M-star     0.8583   1.65   0.8079   0.0127     3.00  2    cut
 372  sn03du        Ia-norm    0.8800   1.64   0.1425   0.0206    -6.20  0    cut
 373  sn03du        Ia-norm    0.8894   1.64   0.2923   0.0294    10.80  0    cut
 374  sn87A         II-pec     0.5767   1.64   0.2815   0.0437    -4.70  0    cut
 375  sn05hk        Ia-pec     0.8407   1.63   0.8071   0.0220    -6.30  0    cut
 376  sn01el        Ia-norm    0.9138   1.63   0.3037   0.0276     9.20  0    cut
 377  sn99by        Ia-91bg    0.8597   1.63   0.8551   0.0179    -2.80  0    cut
 378  sn91T         Ia-91T     0.7784   1.62   0.2903   0.0260    10.90  0    cut
 379  sn98S         IIn        0.5808   1.62   0.0814   0.0207     1.90  0    cut
 380  sn99ac        Ia-91T     0.9463   1.62   0.3075   0.0279     9.20  0    cut
 381  sn87A         II-pec     0.5767   1.62   0.2826   0.0440    -2.70  0    cut
 382  sn93J         IIb        0.8123   1.61   0.1124   0.0261     6.60  0    cut
 383  sn99ee        Ia-norm    0.9260   1.61   0.3141   0.0346     0.30  0    cut
 384  sn87A         II-pec     0.5740   1.61   0.2814   0.0926     1.30  0    cut
 385  sn97dd        IIb        0.8718   1.61   0.0909   0.0343     0.00  1    cut
 386  sn03cg        Ia-norm    0.8204   1.61   0.1350   0.0210     1.50  0    cut
 387  sn96C         Ia-norm    0.7649   1.60   0.2917   0.0350     8.30  0    cut
 388  sn06gz        Ia-pec     0.7432   1.60   0.2949   0.0343     8.20  0    cut
 389  sn81B         Ia-norm    0.9653   1.60   0.3212   0.0301     0.00  0    cut
 390  sn95D         Ia-norm    0.7351   1.60   0.2908   0.0302     8.10  0    cut
 391  sn06gz        Ia-pec     0.7419   1.60   0.2946   0.0331     9.20  0    cut
 392  sn90aa        Ic-norm    0.7635   1.59   0.1537   0.0227   116.10  1    cut
 393  sn04eo        Ia-norm    0.9192   1.59   0.3111   0.0379    -6.40  0    cut
 394  sn94D         Ia-norm    0.8813   1.59   0.4795   0.0181    -1.80  0    cut
 395  sn94S         Ia-norm    0.6268   1.58   0.2853   0.0407    -2.50  0    cut
 396  sn91N         Ic-norm    0.9653   1.58   0.1231   0.0396     0.00  1    cut
 397  sn93J         IIb        0.8461   1.58   0.0955   0.0344     3.80  0    cut
 398  sn99em        IIP        0.7256   1.58   0.3581   0.0227     6.60  0    cut
 399  sn94D         Ia-norm    0.8705   1.57   0.4792   0.0144     2.20  0    cut
 400  sn06gz        Ia-pec     0.7067   1.57   0.2909   0.0249     4.30  0    cut
 401  sn05hk        Ia-pec     0.8421   1.57   0.8053   0.0249    -4.20  0    cut
 402  sn81B         Ia-norm    0.9653   1.57   0.3193   0.0292    -0.90  0    cut
 403  sn03fg        Ia-pec     0.8597   1.56   0.6267   0.0281     2.00  0    cut
 404  sn90B         Ic-norm    0.4319   1.55   0.1061   0.0378     5.00  0    cut
 405  sn05hk        Ia-pec     0.8272   1.55   0.7953   0.0182    -7.30  0    cut
 406  sn99em        IIP        0.7162   1.55   0.3578   0.0228     5.60  0    cut
 407  sn99by        Ia-91bg    0.7013   1.55   0.2922   0.0443     5.20  0    cut
 408  sn02er        Ia-norm    0.9450   1.54   0.3111   0.1027    -1.50  0    cut
 409  sn98T         Ib-norm    0.6552   1.54   0.5917   0.0424     0.00  1    cut
 410  sn83N         Ib-norm    0.5591   1.54   0.1174   0.0336     4.00  0    cut
 411  sn03cg        Ia-norm    0.8529   1.54   0.2903   0.0319     9.60  0    cut
 412  sn92A         Ia-norm    0.9246   1.54   0.3078   0.0401     5.90  0    cut
 413  sn87A         II-pec     0.5754   1.54   0.2808   0.0486     9.30  0    cut
 414  sn02cx        Ia-pec     0.6986   1.54   0.2728   0.0165    10.30  0    cut
 415  sn04eo        Ia-norm    0.9016   1.53   0.2910   0.0234     7.00  0    cut
 416  sn99em        IIP        0.9152   1.53   0.2755   0.0174    11.10  0    cut
 417  sn06bp        IIP        0.6593   1.53   0.2930   0.0280    -4.60  0    cut
 418  sn97br        Ia-91T     0.7960   1.53   0.1448   0.0256    -7.00  0    cut
 419  mstar         M-star     0.8570   1.52   0.8091   0.0103     5.00  2    cut
 420  sn99ac        Ia-91T     0.7811   1.51   0.3118   0.0369     0.80  0    cut
 421  sn02er        Ia-norm    0.9517   1.51   0.3120   0.0618    -2.50  0    cut
 422  sn95D         Ia-norm    0.7297   1.50   0.2911   0.0301     6.10  0    cut
 423  sn02er        Ia-norm    0.8042   1.50   0.3160   0.0398    -8.40  0    cut
 424  sn06gz        Ia-pec     0.7432   1.50   0.2942   0.0346    10.10  0    cut
 425  lbv03hy       LBV        0.6972   1.50   0.1095   0.0162   -99.90  2    cut
 426  sn98dt        Ib-norm    0.6959   1.50   0.1268   0.0391     6.80  0    cut
 427  sn99ee        Ia-norm    0.9653   1.49   0.0996   0.0309    -8.60  0    cut
 428  sn95F         Ic-norm    0.8624   1.49   0.1516   0.0193    88.60  1    cut
 429  sn97ei        Ic-norm    0.8136   1.49   0.5952   0.0303    10.90  1    cut
 430  sn05hk        Ia-pec     0.6282   1.49   0.1329   0.0196    -7.30  0    cut
 431  sn05cs        IIP        0.7419   1.48   0.1518   0.0143     4.00  0    cut
 432  sn05cs        IIP        0.7432   1.48   0.1526   0.0160     1.00  0    cut
 433  sn88L         Ib-norm    0.7053   1.48   0.6001   0.0330     0.00  1    cut
 434  sn05cs        IIP        0.7432   1.48   0.1519   0.0138     2.10  0    cut
 435  lbv03hy       LBV        0.6931   1.48   0.6023   0.0212   -99.90  2    cut
 436  sn93J         IIb        0.8258   1.47   0.1129   0.0347     3.40  0    cut
 437  sn94I         Ic-norm    0.7365   1.47   0.2933   0.0313     3.30  0    cut
 438  sn06aj        Ic-broad   0.8691   1.47   0.1823   0.0378    -2.10  0    cut
 439  sn99by        Ia-91bg    0.7013   1.47   0.2902   0.0452     4.10  0    cut
 440  sn95F         Ic-norm    0.8908   1.47   0.5981   0.0236    28.90  1    cut
 441  sn02er        Ia-norm    0.9517   1.47   0.3042   0.0503     3.40  0    cut
 442  sn05hk        Ia-pec     0.7392   1.46   0.1280   0.0211    -3.30  0    cut
 443  sn05hk        Ia-pec     0.7446   1.46   0.1256   0.0241    -2.40  0    cut
 444  lbv03hy       LBV        0.6959   1.46   0.8174   0.0192   -99.90  2    cut
 445  sn06bp        IIP        0.7040   1.45   0.3641   0.0282     8.10  0    cut
 446  sn89B         Ia-norm    0.9639   1.45   0.3028   0.0471    -0.50  0    cut
 447  sn99aa        Ia-91T     0.9125   1.44   0.4893   0.0226    -0.60  0    cut
 448  sn92ar        Ic-norm    0.6173   1.44   0.2927   0.0280     3.40  0    cut
 449  sn91N         Ic-norm    0.9653   1.44   0.1264   0.0328    12.00  1    cut
 450  sn90O         Ia-norm    0.8840   1.43   0.3027   0.0561    -5.10  0    cut
 451  sn06bp        IIP        0.6918   1.43   0.5133   0.0313     0.10  0    cut
 452  sn91bg        Ia-91bg    0.7243   1.42   0.2853   0.0397     2.70  0    cut
 453  sn98bw        Ic-broad   0.9070   1.42   0.1179   0.0301     8.70  0    cut
 454  sn94ae        Ia-norm    0.9653   1.42   0.6268   0.0362     9.40  0    cut
 455  sn05cs        IIP        0.7432   1.42   0.1516   0.0143     3.10  0    cut
 456  sn97dq        Ic-norm    0.7473   1.42   0.1167   0.0477    14.90  1    cut
 457  sn99ee        Ia-norm    0.9274   1.41   0.3246   0.0488    -6.70  0    cut
 458  sn05hk        Ia-pec     0.9179   1.41   0.8087   0.0250    -8.30  0    cut
 459  sn99em        IIP        0.7987   1.41   0.3581   0.0250     6.40  0    cut
 460  sn97cn        Ia-91bg    0.7243   1.40   0.2857   0.0304     3.90  0    cut
 461  sn05gj        Ia-csm     0.6363   1.40   0.1121   0.0290    -1.80  0    cut
 462  lbv03hy       LBV        0.6945   1.40   0.0704   0.0145   -99.90  2    cut
 463  sn91A         Ic-norm    0.4833   1.40   0.1519   0.0250   128.30  1    cut
 464  sn05cs        IIP        0.7392   1.40   0.1474   0.0281    -1.90  0    cut
 465  sn99em        IIP        0.7974   1.40   0.3581   0.0224     9.40  0    cut
 466  sn03du        Ia-norm    0.9328   1.39   0.4770   0.0267    -3.20  0    cut
 467  sn02er        Ia-norm    0.9409   1.39   0.3147   0.0627    -4.40  0    cut
 468  sn97cy        IIn        0.8827   1.39   0.1683   0.0402     0.00  1    cut
 469  sn05cs        IIP        0.7446   1.39   0.1516   0.0148     5.00  0    cut
 470  sn93J         IIb        0.8339   1.39   0.1187   0.0404    -1.60  0    cut
 471  sn90B         Ic-norm    0.6160   1.38   0.1264   0.0211     4.00  0    cut
 472  sn97ei        Ic-norm    0.6552   1.38   0.5915   0.0321     0.00  1    cut
 473  sn97dq        Ic-norm    0.9653   1.38   0.0797   0.0315    27.90  1    cut
 474  sn06bp        IIP        0.6931   1.38   0.3009   0.0313    -5.70  0    cut
 475  sn05hk        Ia-pec     0.7459   1.37   0.1272   0.0247    -1.40  0    cut
 476  sn02cx        Ia-pec     0.6931   1.37   0.7924   0.0143    -5.30  0    cut
 477  sn06bp        IIP        0.6931   1.37   0.5304   0.0227    -1.70  0    cut
 478  sn02ap        Ic-broad   0.8664   1.37   1.1988   0.0000    -2.40  0    cut
 479  sn97br        Ia-91T     0.8962   1.37   0.2968   0.0365     7.80  0    cut
 480  sn02ap        Ic-broad   0.7554   1.37   0.1386   0.0387     3.60  0    cut
 481  sn97dq        Ic-norm    0.7487   1.36   0.1163   0.0506    17.90  1    cut
 482  sn91A         Ic-norm    0.6593   1.36   0.2652   0.0246    10.90  1    cut
 483  sn92A         Ia-norm    0.8881   1.36   0.2982   0.0334     8.90  0    cut
 484  sn91A         Ic-norm    0.6593   1.36   0.6160   0.0275    16.80  1    cut
 485  lbv03hy       LBV        0.6796   1.36   0.1443   0.0094   -99.90  2    cut
 486  sn97br        Ia-91T     0.7094   1.36   0.1480   0.0329    -6.40  0    cut
 487  sn90N         Ia-norm    0.8949   1.36   0.0862   0.0303    -6.40  0    cut
 488  sn93J         IIb        0.6959   1.35   0.1136   0.0341     2.70  0    cut
 489  sn05cs        IIP        0.7419   1.35   0.8129   0.0187    10.00  0    cut
 490  sn91ar        Ib-norm    0.7148   1.35   0.5812   0.0214    27.40  1    cut
 491  sn91T         Ia-91T     0.8597   1.35   0.8470   0.0303    -7.30  0    cut
 492  sn98S         IIn        0.6810   1.35   0.8111   0.0170     1.80  0    cut
 493  sn99ex        Ib-norm    0.7960   1.34   0.6023   0.0269     9.30  0    cut
 494  sn89B         Ia-norm    0.9138   1.32   0.3111   0.0473    -6.30  0    cut
 495  sn99di        Ib-norm    0.7392   1.32   0.2331   0.0353     0.00  1    cut
 496  sn05gj        Ia-csm     0.6282   1.32   0.1064   0.0464     7.70  0    cut
 497  sn80K         IIL        0.5185   1.32   0.1154   0.0182     9.00  0    cut
 498  sn99ex        Ib-norm    0.9233   1.31   0.3052   0.0340    -4.50  0    cut
 499  sn05cs        IIP        0.7378   1.31   0.1522   0.0351     0.10  0    cut
 500  sn02bo        Ia-norm    0.8556   1.31   0.3081   0.0491    -4.50  0    cut
 501  sn99dn        Ib-norm    0.8123   1.31   0.5977   0.0300     0.00  1    cut
 502  sn80K         IIL        0.5280   1.31   0.1188   0.0239     7.00  0    cut
 503  sn91T         Ia-91T     0.8597   1.30   0.8465   0.0313    -6.40  0    cut
 504  sn99dn        Ib-norm    0.7324   1.30   0.5856   0.0310    27.70  1    cut
 505  sn99em        IIP        0.9165   1.30   0.3580   0.0256     6.20  0    cut
 506  sn91T         Ia-91T     0.8597   1.30   0.8475   0.0322    -5.30  0    cut
 507  sn04et        IIP        0.8529   1.30   0.8304   0.0196     8.60  0    cut
 508  sn92A         Ia-norm    0.7974   1.30   0.3074   0.0326     2.40  0    cut
 509  sn92A         Ia-norm    0.7960   1.30   0.3085   0.0415    -5.00  0    cut
 510  sn90B         Ic-norm    0.4346   1.29   0.1009   0.0383     7.00  0    cut
 511  sn06bp        IIP        0.7026   1.29   0.3550   0.0265     2.10  0    cut
 512  sn97br        Ia-91T     0.7297   1.29   0.6360   0.0213    -6.00  0    cut
 513  sn91N         Ic-norm    0.9301   1.29   0.1354   0.0350    27.90  1    cut
 514  sn97br        Ia-91T     0.8218   1.29   0.8413   0.0315    -4.00  0    cut
 515  sn90K         IIL        0.6065   1.28   0.1484   0.0162    53.30  1    cut
 516  sn04S         Ia-norm    0.9653   1.28   0.3104   0.0727     1.70  0    cut
 517  sn04et        IIP        0.7432   1.28   0.8268   0.0196    10.00  0    cut
 518  sn96X         Ia-norm    0.9653   1.27   0.2980   0.0407     7.80  0    cut
 519  sn05cs        IIP        0.7432   1.27   0.8135   0.0196     9.00  0    cut
 520  lbv03hy       LBV        0.6999   1.27   0.2676   0.0245   -99.90  2    cut
 521  sn97dq        Ic-norm    0.9274   1.25   0.6078   0.0195    81.70  1    cut
 522  sn91A         Ic-norm    0.6959   1.25   0.4079   0.0217    65.10  1    cut
 523  sn05cs        IIP        0.7405   1.25   0.1522   0.0190     7.10  0    cut
 524  sn87A         II-pec     0.5740   1.25   0.2819   0.0489    -6.70  0    cut
 525  lbv03hy       LBV        0.6945   1.24   0.2706   0.0265   -99.90  2    cut
 526  sn90B         Ic-norm    0.4346   1.24   0.0968   0.0374     6.00  0    cut
 527  sn97br        Ia-91T     0.7703   1.24   0.6336   0.0212    -8.00  0    cut
 528  sn05hk        Ia-pec     0.7392   1.23   0.1281   0.0220    -5.30  0    cut
 529  sn93ac        Ia-norm    0.9030   1.23   0.2941   0.0425     6.90  0    cut
 530  sn97br        Ia-91T     0.7040   1.22   0.1476   0.0399    -7.40  0    cut
 531  sn04dj        IIP        0.5524   1.22   0.2678   0.0190     8.00  1    cut
 532  sn93J         IIb        0.7906   1.22   0.1061   0.0570    -5.00  0    cut
 533  sn04aw        Ic-norm    0.8732   1.22   0.3002   0.0278     5.30  0    cut
 534  sn91A         Ic-norm    0.5564   1.22   0.1511   0.0223    61.40  1    cut
 535  sn91A         Ic-norm    0.6065   1.21   0.2843   0.0340     0.00  1    cut
 536  sn92A         Ia-norm    0.7960   1.21   0.3065   0.0304    -0.40  0    cut
 537  sn04dj        IIP        0.5551   1.21   0.2697   0.0185     0.00  1    cut
 538  sn02ap        Ic-broad   0.7622   1.20   0.6268   0.0380     5.60  0    cut
 539  sn93J         IIb        0.8515   1.20   0.2860   0.0209    -2.40  0    cut
 540  sn97dq        Ic-norm    0.6972   1.20   0.2838   0.0390     0.00  1    cut
 541  sn99by        Ia-91bg    0.8597   1.20   0.2886   0.0429     3.10  0    cut
 542  sn04eo        Ia-norm    0.8732   1.19   0.2886   0.0236    11.00  0    cut
 543  sn02ap        Ic-broad   0.8894   1.19   0.6237   0.0386     4.70  0    cut
 544  sn79C         IIL        0.4955   1.19   0.2386   0.0164    10.90  0    cut
 545  sn04dj        IIP        0.5510   1.17   0.1465   0.0109     2.70  1    cut
 546  sn02ap        Ic-broad   0.7554   1.16   0.6258   0.0382     4.60  0    cut
 547  sn02ap        Ic-broad   0.7622   1.16   0.6263   0.0384     6.60  0    cut
 548  sn87A         II-pec     0.5713   1.14   0.2823   0.0514     3.30  0    cut
 549  lbv03hy       LBV        0.6972   1.12   0.2729   0.0253   -99.90  2    cut
 550  sn04aw        Ic-norm    0.9260   1.11   0.6381   0.0401    -0.20  0    cut
 551  sn05cs        IIP        0.7446   1.11   0.1527   0.0220     8.00  0    cut
 552  sn02er        Ia-norm    0.7365   1.10   0.3020   0.0504    -5.40  0    cut
 553  sn98S         IIn        0.6810   1.10   0.8112   0.0216     0.90  0    cut
 554  sn90B         Ic-norm    0.4346   1.10   0.0974   0.0385     5.90  0    cut
 555  sn04aw        Ic-norm    0.9463   1.09   0.6443   0.0401    -1.70  0    cut
 556  sn05hk        Ia-pec     0.7432   1.09   0.7975   0.0199    -8.30  0    cut
 557  sn97dq        Ic-norm    0.4549   1.09   0.1515   0.0237    42.80  1    cut
 558  sn95F         Ic-norm    0.8746   1.09   0.0863   0.0386    35.60  1    cut
 559  sn79C         IIL        0.4955   1.07  -0.0048   0.0448     9.90  0    cut
 560  sn90B         Ic-norm    0.4346   1.06   0.0989   0.0412     9.90  0    cut
 561  sn05hk        Ia-pec     0.7432   1.06   0.1300   0.0231    -6.30  0    cut
 562  sn02ap        Ic-broad   0.6160   1.05   0.1297   0.0624    -5.50  0    cut
 563  sn97dq        Ic-norm    0.7541   1.04   0.6054   0.0394    26.90  1    cut
 564  sn90K         IIL        0.6119   1.03   0.1426   0.0309   136.20  1    cut
 565  sn05cs        IIP        0.7419   1.02   0.1496   0.0390    -0.80  0    cut
 566  sn91A         Ic-norm    0.6742   1.01   0.1415   0.0748    32.60  1    cut
 567  sn91ar        Ib-norm    0.4860   1.01   0.0919   0.0299    15.80  1    cut
 568  sn97dq        Ic-norm    0.7527   1.01   0.6054   0.0419    21.90  1    cut
 569  sn96L         IIn        0.6092   1.00   0.2243   0.0151     8.40  0    cut
 570  sn91ar        Ib-norm    0.5348   0.98   0.0945   0.0291     0.00  1    cut
 571  sn99em        IIP        0.9152   0.97   0.3505   0.0297     0.20  0    cut
 572  sn98S         IIn        0.8827   0.94   0.0684   0.0170    -1.50  0    cut
 573  sn99em        IIP        0.9653   0.93   0.1211   0.0430    -3.70  0    cut
 574  sn99di        Ib-norm    0.6214   0.93   0.4276   0.0124    30.50  1    cut
 575  sn04et        IIP        0.7432   0.91   0.8294   0.0221     6.20  0    cut
 576  sn95F         Ic-norm    0.8908   0.87   0.6088   0.0300    56.70  1    cut
 577  sn99em        IIP        0.6918   0.87   0.1461   0.0517    -1.60  0    cut
 578  sn06bp        IIP        0.7392   0.87   0.1268   0.0562     4.20  0    cut
 579  sn06bp        IIP        0.7080   0.87   0.1255   0.0594     7.20  0    cut
 580  sn06bp        IIP        0.7392   0.87   0.1346   0.0566     3.30  0    cut
 581  sn99em        IIP        0.7459   0.86   0.1486   0.0588     0.40  0    cut
 582  sn99em        IIP        0.7974   0.82  -0.0102   0.0249     2.40  0    cut
 583  sn99em        IIP        0.7527   0.82   0.1456   0.0600    -0.60  0    cut
 584  sn99gi        IIP        0.6864   0.81   0.0279   0.0565    -4.00  0    cut
 585  sn99em        IIP        0.7568   0.80   0.1146   0.0642     5.40  0    cut
 586  sn99em        IIP        0.6864   0.75   0.0269   0.0612    -3.60  0    cut
 587  sn04et        IIP        0.7297   0.74   0.0375   0.0294    -1.90  0    cut
 588  sn99gi        IIP        0.6837   0.73   0.0286   0.0543    -5.00  0    cut
 589  sn04et        IIP        0.7432   0.69   0.8299   0.0239     4.00  0    cut
 590  sn04et        IIP        0.7351   0.68   0.1164   0.0656     2.00  0    cut
 591  sn99em        IIP        0.7446   0.67   0.0372   0.0356     1.40  0    cut
 592  sn04et        IIP        0.7365   0.66   0.0369   0.0306    -2.90  0    cut
 593  sn99em        IIP        0.6918   0.65   0.0273   0.0710    -2.60  0    cut
 594  sn04et        IIP        0.7365   0.63   0.4993   0.0356     1.00  0    cut
 595  sn04et        IIP        0.7392   0.60   0.5004   0.0369    -0.90  0    cut
