### SNID output file ###
 
### input spectrum and options ###
# Input spectrum                 : 16618_-5.10.dat
# Parameter file                 : NA
# Wavelength range               :    3122.00   9250.00
# Mask file                      : NA
# Median filtering width [A]     : NA
# Median filtering width [pix]   :       1.00
# Clip emission redshift         :     0.1919
# Clip sky lines                 : 0
# Emission clip width [A]        :       0.19
# Keep A-band                    : 1
# Age range                      :     -15.10      4.90
# Delta range                    :      -9.99     99.90
# Min. number of spectra/template:   1
# Use only templates             : NA
# Use only types                 : NA
# Avoid templates                : NA
# Avoid types                    : NA
# rlapmin                        :       5.00
# Redshift range                 :    -0.0100    1.2000
# Forced initial redshift        :     0.1919
# Extra fake redshift            : NA
# Nsigma for initial redshift    : NA
# Redshift filter                :     0.0200
# Wavenumbers k1,k2,k3,k4        :     1    4   85  102
# Template directory             : /Users/daniel/snid-5.0/templates/
 
### initial/user-input redshift ###
zinit       0.0000
zuser       0.1919
 
### median redshift/age and error ###
zmed        0.1927    0.0055
agem         -1.10      3.97
 
### type fraction/redshift/age ###
#type ntemp fraction slope redshift redshift_error age age_error
Ia            138      1.00    0.0000    0.1927    0.0055    -1.100     3.975
Ia-norm       116      0.84   -0.0427    0.1924    0.0048    -1.300     3.942
Ia-91T         11      0.08    0.0307    0.1973    0.0081    -0.200     5.394
Ia-91bg         2      0.01   -0.0016    0.1899    0.0017    -1.550     1.626
Ia-csm          0      0.00    0.0000    0.0000    0.0000     0.000     0.000
Ia-pec          9      0.07   -0.0080    0.1964    0.0075    -1.400     3.176
###
Ib              0      0.00    0.0000    0.0000    0.0000     0.000     0.000
Ib-norm         0      0.00    0.0000    0.0000    0.0000     0.000     0.000
Ib-pec          0      0.00    0.0000    0.0000    0.0000     0.000     0.000
IIb             0      0.00    0.0000    0.0000    0.0000     0.000     0.000
###
Ic              0      0.00    0.0000    0.0000    0.0000     0.000     0.000
Ic-norm         0      0.00    0.0000    0.0000    0.0000     0.000     0.000
Ic-pec          0      0.00    0.0000    0.0000    0.0000     0.000     0.000
Ic-broad        0      0.00    0.0000    0.0000    0.0000     0.000     0.000
###
II              0      0.00    0.0000    0.0000    0.0000     0.000     0.000
IIP             0      0.00    0.0000    0.0000    0.0000     0.000     0.000
II-pec          0      0.00    0.0000    0.0000    0.0000     0.000     0.000
IIn             0      0.00    0.0000    0.0000    0.0000     0.000     0.000
IIL             0      0.00    0.0000    0.0000    0.0000     0.000     0.000
###
NotSN           0      0.00    0.0000    0.0000    0.0000     0.000     0.000
AGN             0      0.00    0.0000    0.0000    0.0000     0.000     0.000
Gal             0      0.00    0.0000    0.0000    0.0000     0.000     0.000
LBV             0      0.00    0.0000    0.0000    0.0000     0.000     0.000
M-star          0      0.00    0.0000    0.0000    0.0000     0.000     0.000
 
### rlap-ordered template listings ###
#no. sn type lap rlap z zerr age age_flag grade
   1  sn99aa        Ia-91T     0.8461  18.59   0.2008   0.0032    -0.60  0   good
   2  sn90N         Ia-norm    1.0776  14.97   0.1969   0.0042    -6.40  0   good
   3  sn89B         Ia-norm    0.8976  14.33   0.1879   0.0044    -0.50  0   good
   4  sn05hj        Ia-norm    0.6728  13.54   0.1893   0.0040     4.30  0   good
   5  sn04eo        Ia-norm    0.8529  13.37   0.1905   0.0046    -6.40  0   good
   6  sn03du        Ia-norm    0.7514  13.05   0.1937   0.0046    -7.00  0   good
   7  sn04S         Ia-norm    0.9192  12.79   0.1912   0.0053     1.70  0   good
   8  sn05hj        Ia-norm    0.6755  11.21   0.1917   0.0044    -6.00  0   good
   9  sn90O         Ia-norm    0.8976  11.20   0.2005   0.0059    -5.10  0   good
  10  sn03du        Ia-norm    0.8177  10.74   0.2049   0.0057   -10.10  0   good
  11  sn90O         Ia-norm    0.8989  10.67   0.2018   0.0063    -6.10  0   good
  12  sn03du        Ia-norm    0.8136  10.62   0.2019   0.0055    -6.20  0   good
  13  sn02er        Ia-norm    0.7893  10.44   0.1985   0.0060    -6.40  0   good
  14  sn03du        Ia-norm    0.8759  10.20   0.1915   0.0060    -3.20  0   good
  15  sn02er        Ia-norm    0.8272  10.13   0.1927   0.0060    -3.50  0   good
  16  sn99ee        Ia-norm    0.9571  10.02   0.2029   0.0071    -8.60  0   good
  17  sn03du        Ia-norm    0.8069   9.96   0.1890   0.0056    -1.10  0   good
  18  sn98bu        Ia-norm    0.5672   9.83   0.1902   0.0057     1.20  0   good
  19  sn99ac        Ia-91T     0.8624   9.80   0.1911   0.0064     3.10  0   good
  20  sn90N         Ia-norm    0.7947   9.75   0.1881   0.0077   -13.20  0   good
  21  sn02bo        Ia-norm    0.8556   9.73   0.1999   0.0070    -4.50  0   good
  22  sn03du        Ia-norm    0.7974   9.59   0.1860   0.0060     3.90  0   good
  23  sn03du        Ia-norm    0.7960   9.57   0.1882   0.0059     1.90  0   good
  24  sn81B         Ia-norm    0.9206   9.46   0.1981   0.0066    -0.90  0   good
  25  sn99ee        Ia-norm    0.8610   9.42   0.1902   0.0067     2.20  0   good
  26  sn98aq        Ia-norm    0.6837   9.41   0.1913   0.0054     0.00  0   good
  27  sn81B         Ia-norm    0.9260   9.41   0.1979   0.0067     0.00  0   good
  28  sn03cg        Ia-norm    0.7392   9.34   0.1954   0.0054    -7.50  0   good
  29  sn03du        Ia-norm    0.8759   9.30   0.1929   0.0065    -5.00  0   good
  30  sn98bu        Ia-norm    0.6972   9.17   0.1925   0.0055    -2.80  0   good
  31  sn94D         Ia-norm    0.8962   9.10   0.2122   0.0082   -10.60  0    bad
  32  sn99aw        Ia-91T     0.7947   9.01   0.1953   0.0071     3.20  0   good
  33  sn05hj        Ia-norm    0.6728   8.99   0.1902   0.0056    -0.30  0   good
  34  sn06gz        Ia-pec     0.6376   8.98   0.1950   0.0054    -2.60  0   good
  35  sn03cg        Ia-norm    0.6620   8.98   0.1925   0.0053    -1.80  0   good
  36  sn02er        Ia-norm    0.8854   8.93   0.1936   0.0073    -2.50  0   good
  37  sn99aw        Ia-91T     0.8285   8.92   0.1973   0.0066     0.30  0   good
  38  sn94ae        Ia-norm    0.7351   8.90   0.1917   0.0061     1.30  0   good
  39  sn89B         Ia-norm    0.9544   8.88   0.1879   0.0068    -6.30  0   good
  40  sn02er        Ia-norm    0.8746   8.87   0.1973   0.0074    -4.40  0   good
  41  sn94S         Ia-norm    0.6999   8.79   0.1917   0.0062    -3.40  0   good
  42  sn02bo        Ia-norm    0.8231   8.75   0.1937   0.0071    -0.30  0   good
  43  sn99ee        Ia-norm    0.8597   8.71   0.1913   0.0072     0.30  0   good
  44  sn03du        Ia-norm    0.7920   8.69   0.1893   0.0065     0.80  0   good
  45  sn03du        Ia-norm    0.7906   8.62   0.1891   0.0066    -0.20  0   good
  46  sn98aq        Ia-norm    0.6931   8.61   0.1910   0.0058     0.90  0   good
  47  sn91N         Ic-norm    0.9084   8.58   0.0390   0.0114     0.00  1    bad
  48  sn02bo        Ia-norm    0.8502   8.56   0.1956   0.0075    -1.40  0   good
  49  sn03cg        Ia-norm    0.7541   8.55   0.1906   0.0061     1.50  0   good
  50  sn98bu        Ia-norm    0.6972   8.54   0.1922   0.0059    -1.70  0   good
  51  sn99ac        Ia-91T     0.7811   8.51   0.1920   0.0073     0.80  0   good
  52  sn02er        Ia-norm    0.8042   8.49   0.2013   0.0076    -8.40  0   good
  53  sn02er        Ia-norm    0.8786   8.44   0.1928   0.0077    -1.50  0   good
  54  sn03cg        Ia-norm    0.7256   8.36   0.1919   0.0062    -0.50  0   good
  55  sn95D         Ia-norm    0.6904   8.33   0.1860   0.0071     4.20  0   good
  56  sn90N         Ia-norm    0.8840   8.23   0.2125   0.0091   -13.20  0    bad
  57  sn05hj        Ia-norm    0.6783   8.16   0.1906   0.0059    -5.10  0   good
  58  sn94S         Ia-norm    0.6268   8.15   0.1916   0.0084    -2.50  0   good
  59  sn99ee        Ia-norm    0.8610   8.12   0.2000   0.0086    -6.70  0   good
  60  sn03cg        Ia-norm    0.6579   7.97   0.1921   0.0061    -2.30  0   good
  61  sn02er        Ia-norm    0.7365   7.91   0.1965   0.0083    -5.40  0   good
  62  sn03cg        Ia-norm    0.7311   7.89   0.1935   0.0065    -5.90  0   good
  63  sn98aq        Ia-norm    0.6959   7.87   0.1909   0.0063     1.90  0   good
  64  sn03cg        Ia-norm    0.7541   7.81   0.1942   0.0060    -4.50  0   good
  65  sn96X         Ia-norm    0.7297   7.81   0.1923   0.0062    -1.10  0   good
  66  kcSb          Gal        1.0817   7.78   0.1629   0.0090   -99.90  2    bad
  67  sn94ae        Ia-norm    0.6647   7.73   0.1904   0.0071     2.30  0   good
  68  sn05hj        Ia-norm    0.6715   7.72   0.1897   0.0065     1.60  0   good
  69  sn98bu        Ia-norm    0.6972   7.70   0.1918   0.0066    -0.70  0   good
  70  sn94ae        Ia-norm    0.6783   7.63   0.1885   0.0078     4.40  0   good
  71  sn94D         Ia-norm    0.8448   7.58   0.2126   0.0097   -10.70  0    bad
  72  sn02er        Ia-norm    0.8854   7.57   0.1871   0.0088     3.40  0   good
  73  sn94D         Ia-norm    0.8150   7.55   0.1903   0.0069    -1.80  0   good
  74  sn90O         Ia-norm    0.9125   7.44   0.2035   0.0091    -7.10  0   good
  75  sn98aq        Ia-norm    0.6959   7.40   0.1907   0.0067     2.90  0   good
  76  sn89B         Ia-norm    0.6498   7.36   0.1858   0.0076     3.50  0   good
  77  sn99aa        Ia-91T     0.8678   7.26   0.2037   0.0081     2.70  0   good
  78  sn03du        Ia-norm    0.6945   7.14   0.1954   0.0075    -7.80  0   good
  79  sn94ae        Ia-norm    0.6918   7.11   0.1880   0.0083     3.30  0   good
  80  sn00cx        Ia-pec     0.6403   7.10   0.1964   0.0072     0.60  0   good
  81  sn98aq        Ia-norm    0.6959   7.03   0.1907   0.0071     3.90  0   good
  82  sn99ac        Ia-91T     0.7067   6.97   0.2086   0.0076    -9.60  0   good
  83  sn03du        Ia-norm    0.6945   6.94   0.1964   0.0079    -8.80  0   good
  84  sn98aq        Ia-norm    0.6972   6.85   0.1906   0.0073     4.90  0   good
  85  sn98aq        Ia-norm    0.6783   6.82   0.1937   0.0074    -9.00  0   good
  86  sn00cx        Ia-pec     0.6525   6.82   0.1964   0.0081    -1.40  0   good
  87  sn03cg        Ia-norm    0.7933   6.75   0.1881   0.0082     4.50  0   good
  88  sn02bo        Ia-norm    0.7960   6.73   0.1972   0.0092    -2.50  0   good
  89  sn06gz        Ia-pec     0.6444   6.73   0.1968   0.0064    -5.50  0   good
  90  sn02bo        Ia-norm    0.7947   6.56   0.1966   0.0094    -1.20  0   good
  91  sn02bo        Ia-norm    0.7500   6.49   0.1983   0.0096    -3.40  0   good
  92  sn92A         Ia-norm    0.9788   6.43   0.1944   0.0092    -0.40  0   good
  93  sn03du        Ia-norm    0.6986   6.38   0.1975   0.0087    -9.70  0   good
  94  sn92A         Ia-norm    0.6891   6.38   0.2055   0.0084    -5.00  0   good
  95  sn92A         Ia-norm    0.6837   6.33   0.2026   0.0084    -0.60  0   good
  96  sn96X         Ia-norm    0.7270   6.29   0.1924   0.0072     0.00  0   good
  97  sn02bo        Ia-norm    0.7541   6.28   0.1955   0.0097    -1.50  0   good
  98  sn91T         Ia-91T     0.8556   6.27   0.0440   0.0120   -10.30  0    bad
  99  sn99aa        Ia-91T     0.7527   6.23   0.2090   0.0086    -4.10  0   good
 100  sn94ae        Ia-norm    0.6512   6.19   0.1916   0.0081     3.30  0   good
 101  sn02er        Ia-norm    0.7311   6.12   0.1938   0.0089     1.50  0   good
 102  sn92A         Ia-norm    0.9802   6.09   0.1930   0.0101     2.40  0   good
 103  sn96X         Ia-norm    0.7270   6.05   0.1938   0.0073    -3.00  0   good
 104  sn86G         Ia-91bg    0.5740   6.04   0.1887   0.0089    -0.40  0   good
 105  sn00cx        Ia-pec     0.6173   5.95   0.1969   0.0080    -0.40  0   good
 106  sn91T         Ia-91T     0.8542   5.94   0.0425   0.0126    -9.30  0    bad
 107  sn94D         Ia-norm    0.7040   5.90   0.1935   0.0081    -3.60  0   good
 108  sn02er        Ia-norm    0.8055   5.88   0.1908   0.0096    -0.50  0   good
 109  sn94D         Ia-norm    0.9274   5.88   0.1940   0.0097    -3.80  0   good
 110  sn94D         Ia-norm    0.8421   5.87   0.1937   0.0089    -4.80  0   good
 111  sn04eo        Ia-norm    0.8015   5.84   0.1850   0.0093     2.20  0   good
 112  sn00cx        Ia-pec     0.5740   5.81   0.1968   0.0091    -2.40  0   good
 113  sn00cx        Ia-pec     0.8394   5.76   0.1919   0.0079     1.60  0   good
 114  sn03cg        Ia-norm    0.7527   5.70   0.1946   0.0081    -6.80  0   good
 115  sn01el        Ia-norm    0.6065   5.70   0.1952   0.0083     1.30  0   good
 116  sn86G         Ia-91bg    0.6133   5.69   0.1911   0.0095    -2.70  0   good
 117  sn94D         Ia-norm    0.8177   5.69   0.1855   0.0093     2.90  0   good
 118  sn96X         Ia-norm    0.7270   5.67   0.1936   0.0078    -2.00  0   good
 119  sn96X         Ia-norm    0.6864   5.59   0.1930   0.0084    -0.90  0   good
 120  sn02bo        Ia-norm    0.6959   5.58   0.2049   0.0103    -7.00  0   good
 121  sn02bo        Ia-norm    0.6959   5.58   0.2063   0.0102    -8.10  0   good
 122  sn99ac        Ia-91T     0.7432   5.53   0.2119   0.0107   -13.60  0   good
 123  sn99aw        Ia-91T     0.6119   5.52   0.1968   0.0091    -0.70  0   good
 124  sn00E         Ia-norm    0.7419   5.51   0.1943   0.0098    -5.50  0   good
 125  sn03du        Ia-norm    0.6986   5.49   0.1917   0.0088    -0.80  0   good
 126  sn96X         Ia-norm    0.7270   5.46   0.1913   0.0082     1.90  0   good
 127  sn00E         Ia-norm    0.7148   5.45   0.1940   0.0099    -2.50  0   good
 128  sn04eo        Ia-norm    0.7067   5.45   0.1901   0.0087    -2.80  0   good
 129  sn91M         Ia-norm    0.7216   5.44   0.1933   0.0106     2.70  0   good
 130  sn96X         Ia-norm    0.9233   5.44   0.1879   0.0108     0.90  0   good
 131  sn96X         Ia-norm    0.7283   5.42   0.1921   0.0082     1.00  0   good
 132  sn02bo        Ia-norm    0.6972   5.40   0.2035   0.0106    -6.00  0   good
 133  sn90O         Ia-norm    0.7148   5.37   0.1987   0.0098    -0.40  0   good
 134  sn03du        Ia-norm    0.6972   5.33   0.1908   0.0093     2.20  0   good
 135  sn02bo        Ia-norm    0.6972   5.23   0.2025   0.0109    -5.10  0   good
 136  sn02bo        Ia-norm    0.6972   5.20   0.2015   0.0110    -4.00  0   good
 137  sn02cx        Ia-pec     0.6931   5.18   0.1743   0.0099    -5.30  0   good
 138  sn03du        Ia-norm    0.6999   5.16   0.1906   0.0095     3.10  0   good
 139  sn91N         Ic-norm    0.9070   5.13   0.0346   0.0172    12.00  1    bad
 140  sn94S         Ia-norm    0.7040   5.12   0.1908   0.0098     1.40  0   good
 141  sn91T         Ia-91T     1.0817   5.12   0.1868   0.0098    -0.20  0   good
 142  sn02bo        Ia-norm    0.6972   5.09   0.2007   0.0113    -3.10  0   good
 143  sn96X         Ia-norm    0.9206   5.09   0.1870   0.0116     1.90  0   good
 144  sn94D         Ia-norm    0.8042   5.08   0.1893   0.0089     2.20  0   good
 145  sn96X         Ia-norm    0.7270   5.02   0.1914   0.0089     2.90  0   good
 146  sn06gz        Ia-pec     0.7067   5.02   0.1882   0.0103     4.30  0   good
#--- rlap cutoff
 147  sn03du        Ia-norm    0.6986   4.96   0.2011   0.0116   -11.70  0    cut
 148  sn92A         Ia-norm    0.6850   4.95   0.2002   0.0105     3.30  0    cut
 149  sn91T         Ia-91T     0.8867   4.94   0.1087   0.0141   -11.50  0    cut
 150  sn02bo        Ia-norm    0.6986   4.93   0.1997   0.0116    -2.10  0    cut
 151  sn02bo        Ia-norm    0.6972   4.92   0.1992   0.0116    -1.20  0    cut
 152  sn95E         Ia-norm    0.6024   4.77   0.1937   0.0099    -1.90  0    cut
 153  sn90N         Ia-norm    1.0817   4.73   0.1835   0.0109     4.90  0    cut
 154  sn95E         Ia-norm    0.6498   4.72   0.1922   0.0101     0.10  0    cut
 155  sn00cx        Ia-pec     0.6498   4.67   0.1977   0.0112    -3.40  0    cut
 156  sn97dq        Ic-norm    0.9639   4.66   0.0403   0.0189    27.90  1    cut
 157  sn03du        Ia-norm    0.7839   4.64   0.1999   0.0130   -10.10  0    cut
 158  sn99ex        Ib-norm    0.8570   4.62   0.1935   0.0139    -4.50  0    cut
 159  sn97br        Ia-91T     0.7581   4.61   0.1883   0.0120    -4.00  0    cut
 160  sn91T         Ia-91T     0.7933   4.58   0.0421   0.0174    -6.40  0    cut
 161  sn91bg        Ia-91bg    0.6579   4.56   0.1833   0.0121     2.50  0    cut
 162  sn91N         Ic-norm    0.8637   4.56   0.0285   0.0180    27.90  1    cut
 163  sn94D         Ia-norm    0.7040   4.55   0.1925   0.0103     0.40  0    cut
 164  sn94D         Ia-norm    0.7067   4.55   0.1942   0.0104    -2.60  0    cut
 165  sn02er        Ia-norm    0.7432   4.53   0.2041   0.0108    -7.40  0    cut
 166  kcS0          Gal        1.0817   4.51   0.1606   0.0150   -99.90  2    cut
 167  sn00E         Ia-norm    0.7107   4.51   0.1946   0.0113    -1.40  0    cut
 168  sn99by        Ia-91bg    0.6999   4.47   0.1913   0.0117    -3.90  0    cut
 169  sn91T         Ia-91T     0.7933   4.46   0.0413   0.0177    -5.30  0    cut
 170  sn01el        Ia-norm    0.6227   4.44   0.1987   0.0106    -3.70  0    cut
 171  sn98aq        Ia-norm    0.7135   4.44   0.1916   0.0123    -8.00  0    cut
 172  sn92A         Ia-norm    0.9788   4.39   0.2021   0.0123    -5.00  0    cut
 173  sn04aw        Ic-norm    0.6999   4.35   0.2009   0.0138    -3.30  0    cut
 174  sn94D         Ia-norm    0.7094   4.33   0.1975   0.0121    -8.70  0    cut
 175  sn91T         Ia-91T     0.7933   4.32   0.0414   0.0181    -7.30  0    cut
 176  sn94I         Ic-norm    0.7635   4.30   0.0445   0.0172    -5.60  0    cut
 177  sn04aw        Ic-norm    0.6999   4.28   0.1997   0.0141    -2.20  0    cut
 178  sn96X         Ia-norm    0.7243   4.27   0.1905   0.0103     4.90  0    cut
 179  sn06gz        Ia-pec     0.7419   4.26   0.1982   0.0087   -10.30  0    cut
 180  sn94D         Ia-norm    0.7094   4.21   0.1957   0.0113    -4.70  0    cut
 181  sn02bo        Ia-norm    0.6986   4.19   0.2138   0.0134   -12.10  0    cut
 182  sn06gz        Ia-pec     0.7473   4.13   0.1976   0.0086    -9.30  0    cut
 183  sn04eo        Ia-norm    0.7324   4.13   0.1955   0.0120   -11.00  0    cut
 184  sn04aw        Ic-norm    0.8800   4.10   0.0505   0.0193    -1.70  0    cut
 185  sn90N         Ia-norm    0.5794   4.04   0.1859   0.0113     2.60  0    cut
 186  sn05hk        Ia-pec     0.6282   4.01   0.1747   0.0118    -7.30  0    cut
 187  sn05hk        Ia-pec     0.6255   3.96   0.1744   0.0118    -6.30  0    cut
 188  sn02er        Ia-norm    0.7202   3.95   0.1915   0.0122     4.40  0    cut
 189  sn94M         Ia-norm    0.6376   3.95   0.1967   0.0123     4.00  0    cut
 190  sn03fg        Ia-pec     0.9856   3.94   0.1769   0.0124     2.00  0    cut
 191  sn99by        Ia-91bg    0.6024   3.86   0.1920   0.0132    -4.80  0    cut
 192  sn94D         Ia-norm    0.9206   3.86   0.1957   0.0148    -5.60  0    cut
 193  sn91bg        Ia-91bg    0.6945   3.86   0.1847   0.0145     2.70  0    cut
 194  sn98dt        Ib-norm    0.6999   3.83   0.0461   0.0187     0.00  0    cut
 195  sn04aw        Ic-norm    0.6986   3.81   0.2060   0.0157    -5.20  0    cut
 196  sn86G         Ia-91bg    0.6796   3.80   0.1962   0.0133    -3.40  0    cut
 197  sn06gz        Ia-pec     0.7392   3.78   0.2001   0.0094   -12.30  0    cut
 198  sn95E         Ia-norm    0.6363   3.78   0.1924   0.0120     2.00  0    cut
 199  sn99ex        Ib-norm    0.8718   3.71   0.1891   0.0173     0.40  0    cut
 200  sn94D         Ia-norm    0.6498   3.71   0.1971   0.0124    -7.70  0    cut
 201  sn99aa        Ia-91T     0.8042   3.70   0.2134   0.0153    -8.50  0    cut
 202  sn02er        Ia-norm    0.7568   3.69   0.2031   0.0131    -9.40  0    cut
 203  sn04aw        Ic-norm    0.8597   3.66   0.0489   0.0212    -0.20  0    cut
 204  sn02cx        Ia-pec     0.6959   3.61   0.1720   0.0128    -2.40  0    cut
 205  sn86G         Ia-91bg    0.6810   3.56   0.1949   0.0139    -2.40  0    cut
 206  sn06gz        Ia-pec     0.6241   3.55   0.1989   0.0110   -14.30  0    cut
 207  sn02bo        Ia-norm    0.7229   3.53   0.2039   0.0146    -4.40  0    cut
 208  sn97dq        Ic-norm    0.8624   3.53   0.1916   0.0185     1.00  1    cut
 209  sn86G         Ia-91bg    0.6959   3.50   0.1969   0.0143    -4.40  0    cut
 210  sn86G         Ia-91bg    0.5916   3.47   0.1920   0.0148     0.60  0    cut
 211  sn06gz        Ia-pec     0.7107   3.46   0.2000   0.0096   -13.30  0    cut
 212  sn02bo        Ia-norm    0.6959   3.43   0.2169   0.0158   -13.10  0    cut
 213  sn91N         Ic-norm    0.8109   3.43   0.0472   0.0248     5.70  1    cut
 214  sn05hk        Ia-pec     0.7744   3.38   0.1725   0.0140    -6.30  0    cut
 215  sn99by        Ia-91bg    0.7933   3.37   0.1876   0.0149    -2.80  0    cut
 216  sn95F         Ic-norm    0.8231   3.36   0.1765   0.0216     0.00  1    cut
 217  sn86G         Ia-91bg    0.5957   3.34   0.1917   0.0152     1.60  0    cut
 218  sn02ap        Ic-broad   0.6945   3.32   0.0535   0.0215    -1.40  0    cut
 219  sn97br        Ia-91T     0.7040   3.32   0.1930   0.0165    -7.40  0    cut
 220  sn05hk        Ia-pec     0.8069   3.31   0.0247   0.0216    -4.30  0    cut
 221  sn98dt        Ib-norm    0.6986   3.27   0.0451   0.0216     0.90  0    cut
 222  sn05bf        Ib-pec     0.7392   3.24   0.1698   0.0196    -3.60  0    cut
 223  sn06aj        Ic-broad   0.7121   3.22   0.0768   0.0193    -3.40  0    cut
 224  sn97br        Ia-91T     0.7283   3.21   0.1952   0.0171    -9.00  0    cut
 225  sn02bo        Ia-norm    0.7392   3.21   0.2122   0.0165    -9.40  0    cut
 226  sn06gz        Ia-pec     0.7135   3.21   0.2011   0.0114   -13.30  0    cut
 227  sn94I         Ic-norm    0.8515   3.20   0.0479   0.0299     2.40  0    cut
 228  sn97br        Ia-91T     0.6634   3.19   0.1922   0.0155    -6.00  0    cut
 229  lbv03hy       LBV        0.6945   3.17   0.1676   0.0151   -99.90  2    cut
 230  sn99by        Ia-91bg    0.7013   3.16   0.1851   0.0176     4.10  0    cut
 231  sn91bg        Ia-91bg    0.7568   3.11   0.1884   0.0174     1.50  0    cut
 232  sn02er        Ia-norm    0.6823   3.09   0.2062   0.0167   -11.30  0    cut
 233  sn05bf        Ib-pec     0.7459   3.09   0.1685   0.0203    -1.60  0    cut
 234  sn94M         Ia-norm    0.7175   3.08   0.1996   0.0153     3.00  0    cut
 235  sn05bf        Ib-pec     0.7459   3.08   0.1676   0.0200    -2.70  0    cut
 236  sn06aj        Ic-broad   0.6823   3.03   0.0760   0.0215    -1.50  0    cut
 237  sn91N         Ic-norm    0.8123   3.03   0.0450   0.0265     6.60  1    cut
 238  sn06aj        Ic-broad   0.8475   3.00   0.0861   0.0216    -5.00  0    cut
 239  sn05hk        Ia-pec     0.7392   2.99   0.0224   0.0239    -3.30  0    cut
 240  sn94T         Ia-norm    0.5510   2.98   0.1888   0.0177     1.20  0    cut
 241  sn05hk        Ia-pec     0.8082   2.98   0.0256   0.0228    -7.30  0    cut
 242  sn94D         Ia-norm    0.7121   2.98   0.2026   0.0169    -9.50  0    cut
 243  sn05hk        Ia-pec     0.4671   2.97   0.1723   0.0098    -3.40  0    cut
 244  sn05gj        Ia-csm     0.6363   2.97   0.1776   0.0198    -1.80  0    cut
 245  sn05hk        Ia-pec     0.4698   2.97   0.1730   0.0100    -4.20  0    cut
 246  sn05hk        Ia-pec     0.7446   2.95   0.0237   0.0238    -2.40  0    cut
 247  sn06aj        Ic-broad   0.8488   2.95   0.0773   0.0225    -2.10  0    cut
 248  sn04aw        Ic-norm    0.7473   2.94   0.1913   0.0161     2.60  0    cut
 249  sn97br        Ia-91T     0.7094   2.92   0.1930   0.0172    -6.40  0    cut
 250  mstar         M-star     0.7893   2.92   0.1636   0.0171     4.00  2    cut
 251  sn05bf        Ib-pec     0.7405   2.92   0.1705   0.0222    -5.60  0    cut
 252  sn97br        Ia-91T     0.7297   2.91   0.1931   0.0178    -7.00  0    cut
 253  sn05hk        Ia-pec     0.7392   2.91   0.0236   0.0242    -5.30  0    cut
 254  sn02ap        Ic-broad   0.6214   2.90   0.0558   0.0223    -4.50  0    cut
 255  sn83V         Ic-norm    0.6146   2.90   0.0544   0.0231    -4.00  0    cut
 256  sn05bf        Ib-pec     0.7419   2.89   0.1711   0.0229    -4.60  0    cut
 257  sn06aj        Ic-broad   0.9043   2.88   0.0649   0.0230     2.80  0    cut
 258  sn97dq        Ic-norm    0.6972   2.88   0.1925   0.0243     0.00  1    cut
 259  sn97br        Ia-91T     0.7040   2.85   0.1925   0.0171    -8.00  0    cut
 260  sn05hk        Ia-pec     0.7432   2.85   0.0238   0.0241    -6.30  0    cut
 261  sn06gz        Ia-pec     0.7094   2.85   0.2014   0.0114   -14.20  0    cut
 262  sn04aw        Ic-norm    0.6999   2.83   0.1949   0.0185     0.80  0    cut
 263  sn02ap        Ic-broad   0.6160   2.83   0.0572   0.0222    -5.50  0    cut
 264  mstar         M-star     0.7893   2.82   0.1591   0.0225     0.00  2    cut
 265  sn05hk        Ia-pec     0.8515   2.77   0.1759   0.0150    -8.30  0    cut
 266  sn05hk        Ia-pec     0.7757   2.76   0.1713   0.0169    -4.20  0    cut
 267  sn98dt        Ib-norm    0.7013   2.75   0.0430   0.0236     3.90  0    cut
 268  sn02bo        Ia-norm    0.7541   2.74   0.2198   0.0204   -13.30  0    cut
 269  sn83V         Ic-norm    0.6959   2.74   0.0659   0.0212    -7.00  0    cut
 270  sn94I         Ic-norm    0.7040   2.73   0.0468   0.0245    -3.80  0    cut
 271  sn05bf        Ib-pec     0.7419   2.70   0.1699   0.0226    -7.60  0    cut
 272  sn05bf        Ib-pec     0.9301   2.69   0.1645   0.0255     3.40  0    cut
 273  sn94D         Ia-norm    0.7135   2.69   0.2064   0.0207    -9.60  0    cut
 274  sn97dq        Ic-norm    0.7338   2.68   0.1951   0.0230    14.90  1    cut
 275  sn97ei        Ic-norm    0.7473   2.67   0.0279   0.0223    10.90  1    cut
 276  sn86G         Ia-91bg    0.6539   2.66   0.1967   0.0174    -1.90  0    cut
 277  sn91N         Ic-norm    0.8123   2.65   0.0436   0.0291     7.60  1    cut
 278  sn04aw        Ic-norm    0.6579   2.65   0.1980   0.0191    -1.30  0    cut
 279  sn86G         Ia-91bg    0.6566   2.63   0.1960   0.0177    -0.90  0    cut
 280  sn05hk        Ia-pec     0.9030   2.62   0.0223   0.0247    -5.10  0    cut
 281  sn93J         IIb        0.9043   2.58   0.0413   0.0297    -2.00  0    cut
 282  sn04aw        Ic-norm    0.6999   2.57   0.1943   0.0192     1.60  0    cut
 283  sn91bg        Ia-91bg    0.7243   2.56   0.1842   0.0201     2.70  0    cut
 284  sn05bf        Ib-pec     0.7378   2.55   0.1673   0.0243    -0.70  0    cut
 285  sn05bf        Ib-pec     0.7378   2.55   0.1658   0.0251     1.20  0    cut
 286  sn06aj        Ic-broad   0.6837   2.54   0.0724   0.0250    -0.50  0    cut
 287  sn05hk        Ia-pec     0.6282   2.54   0.1657   0.0191     3.60  0    cut
 288  sn05hk        Ia-pec     0.7459   2.52   0.0219   0.0274    -1.40  0    cut
 289  sn97dq        Ic-norm    0.7338   2.52   0.1946   0.0233    17.90  1    cut
 290  sn06bp        IIP        0.6268   2.52   0.1748   0.0226    -5.70  0    cut
 291  sn05bf        Ib-pec     0.7432   2.51   0.1664   0.0277     3.20  0    cut
 292  sn94I         Ic-norm    0.7053   2.49   0.0552   0.0230    -5.70  0    cut
 293  sn86G         Ia-91bg    0.6552   2.49   0.1922   0.0182     0.10  0    cut
 294  sn02bo        Ia-norm    0.7256   2.49   0.2184   0.0196   -12.30  0    cut
 295  mstar         M-star     0.7879   2.46   0.1614   0.0233     1.00  2    cut
 296  sn99dn        Ib-norm    0.7459   2.45   0.0339   0.0235     0.00  1    cut
 297  sn93J         IIb        0.9016   2.44   0.0425   0.0311    -3.00  0    cut
 298  sn91A         Ic-norm    0.6742   2.43   0.0294   0.0239    32.60  1    cut
 299  sn04aw        Ic-norm    0.7459   2.42   0.1921   0.0206     3.60  0    cut
 300  sn02ap        Ic-broad   0.6945   2.42   0.0522   0.0276    -0.40  0    cut
 301  sn93J         IIb        0.9030   2.42   0.0432   0.0304    -4.00  0    cut
 302  sn97dq        Ic-norm    0.7351   2.41   0.1940   0.0230    21.90  1    cut
 303  kcSa          Gal        1.0817   2.39   0.1628   0.0196   -99.90  2    cut
 304  sn05bf        Ib-pec     0.6065   2.39   0.0377   0.0239    -0.90  0    cut
 305  lbv03hy       LBV        0.6959   2.39   0.1680   0.0221   -99.90  2    cut
 306  sn86G         Ia-91bg    0.6552   2.35   0.1939   0.0190     1.10  0    cut
 307  sn05hk        Ia-pec     0.7432   2.33   0.1771   0.0179    -9.30  0    cut
 308  sn05bf        Ib-pec     0.7405   2.32   0.1662   0.0290     2.20  0    cut
 309  sn94I         Ic-norm    0.7663   2.30   0.0389   0.0310    -0.10  0    cut
 310  sn83V         Ic-norm    0.6187   2.30   0.0353   0.0352     4.00  0    cut
 311  sn99by        Ia-91bg    0.7933   2.29   0.1832   0.0207     3.10  0    cut
 312  sn92ar        Ic-norm    0.6173   2.29   0.0266   0.0335     3.40  0    cut
 313  sn04aw        Ic-norm    0.7500   2.27   0.0410   0.0285     3.10  0    cut
 314  sn99dn        Ib-norm    0.7730   2.27   0.1837   0.0297     6.90  1    cut
 315  mstar         M-star     0.7906   2.25   0.1574   0.0222     7.00  2    cut
 316  sn94I         Ic-norm    0.7080   2.24   0.0463   0.0286    -2.70  0    cut
 317  sn83V         Ic-norm    0.7189   2.23   0.2119   0.0235    -9.00  0    cut
 318  sn02ap        Ic-broad   0.8231   2.22   0.0509   0.0361     4.70  0    cut
 319  sn94I         Ic-norm    0.7270   2.20   0.1856   0.0311     3.30  0    cut
 320  sn95F         Ic-norm    0.8245   2.20   0.1831   0.0312    35.60  1    cut
 321  sn93J         IIb        0.7906   2.19   0.0452   0.0320    -5.00  0    cut
 322  sn97ef        Ic-broad   0.6945   2.16   0.0635   0.0325   -11.00  0    cut
 323  sn99gi        IIP        0.6918   2.16   0.1742   0.0292    -7.10  0    cut
 324  sn91A         Ic-norm    0.6065   2.15   0.1831   0.0307     0.00  1    cut
 325  sn05hk        Ia-pec     0.7432   2.14   0.1759   0.0196    -8.30  0    cut
 326  sn97dq        Ic-norm    0.7351   2.13   0.0290   0.0273    26.90  1    cut
 327  sn97ef        Ic-broad   0.6986   2.10   0.0649   0.0322   -10.10  0    cut
 328  mstar         M-star     0.7920   2.10   0.0216   0.0187     3.00  2    cut
 329  sn94I         Ic-norm    0.7094   2.10   0.1889   0.0335     2.10  0    cut
 330  sn04aw        Ic-norm    0.7500   2.08   0.0449   0.0300     1.90  0    cut
 331  sn94I         Ic-norm    0.7080   2.08   0.1904   0.0307     1.10  0    cut
 332  mstar         M-star     0.7920   2.08   0.1615   0.0241     2.00  2    cut
 333  sn97cn        Ia-91bg    0.7243   2.06   0.1826   0.0212     3.90  0    cut
 334  mstar         M-star     0.7906   2.02   0.1597   0.0209     5.00  2    cut
 335  sn02ap        Ic-broad   0.7324   2.01   0.1982   0.0325     4.60  0    cut
 336  sn95F         Ic-norm    0.8245   2.00   0.1853   0.0308    56.70  1    cut
 337  sn93J         IIb        0.7338   2.00   0.0315   0.0379     3.70  0    cut
 338  sn02ap        Ic-broad   0.6999   1.99   0.0500   0.0330     0.60  0    cut
 339  sn97ef        Ic-broad   0.6972   1.99   0.0633   0.0324    -9.10  0    cut
 340  sn97dd        IIb        0.8055   1.98   0.1615   0.0287     0.00  1    cut
 341  sn83N         Ib-norm    0.5591   1.98   0.0229   0.0303     4.00  0    cut
 342  sn90B         Ic-norm    0.5700   1.98   0.0292   0.0215     4.00  0    cut
 343  sn97ef        Ic-broad   0.6999   1.96   0.0622   0.0329   -11.90  0    cut
 344  lbv03hy       LBV        0.6945   1.96   0.1620   0.0243   -99.90  2    cut
 345  sn06bp        IIP        0.6268   1.93   0.1721   0.0249    -4.60  0    cut
 346  sn95F         Ic-norm    0.8245   1.92   0.0348   0.0347    28.90  1    cut
 347  sn96cb        IIb        0.7311   1.89   0.1680   0.0284     0.90  0    cut
 348  sn97ef        Ic-broad   0.6999   1.87   0.0601   0.0329    -5.10  0    cut
 349  lbv03hy       LBV        0.6796   1.87   0.1587   0.0313   -99.90  2    cut
 350  sn98S         IIn        0.6945   1.85   0.1650   0.0332   -12.50  0    cut
 351  sn90K         IIL        0.6268   1.82   0.2219   0.0317   147.10  1    cut
 352  sn97ef        Ic-broad   0.6986   1.81   0.0637   0.0341    -6.10  0    cut
 353  lbv01ac       LBV        0.8705   1.80   0.2973   0.0307   -99.90  2    cut
 354  sn88L         Ib-norm    0.6647   1.80   0.1681   0.0349     0.00  1    cut
 355  sn02ap        Ic-broad   0.8515   1.78   0.0519   0.0365     2.70  0    cut
 356  sn02ap        Ic-broad   0.8001   1.74   0.0563   0.0369    -2.40  0    cut
 357  sn90K         IIL        0.6403   1.72   0.1776   0.0311     0.00  1    cut
 358  sn98S         IIn        0.6877   1.71   0.3132   0.0272     2.70  0    cut
 359  sn98T         Ib-norm    0.5889   1.70   0.2868   0.0168     0.00  1    cut
 360  sn91A         Ic-norm    0.5930   1.70   0.0291   0.0251    16.80  1    cut
 361  mstar         M-star     0.7893   1.70   0.1609   0.0256     6.00  2    cut
 362  lbv03hy       LBV        0.6999   1.69   0.1610   0.0290   -99.90  2    cut
 363  lbv03hy       LBV        0.6972   1.67   0.0160   0.0350   -99.90  2    cut
 364  sn98S         IIn        0.6904   1.67   0.1611   0.0331   -13.10  0    cut
 365  kcSB3         Gal        1.0817   1.66   0.1500   0.0218   -99.90  2    cut
 366  sn97ei        Ic-norm    0.5889   1.64   0.0285   0.0230     0.00  1    cut
 367  sn97ef        Ic-broad   0.8394   1.63   0.0672   0.0380    -5.00  0    cut
 368  sn97ef        Ic-broad   0.6972   1.62   0.0683   0.0399   -14.00  0    cut
 369  sn97ef        Ic-broad   0.7405   1.62   0.0573   0.0368    -4.10  0    cut
 370  sn97dc        Ib-norm    0.6674   1.61   0.2838   0.0190     0.00  1    cut
 371  sn04dj        IIP        0.5727   1.61   0.1398   0.0226    18.00  1    cut
 372  sn04dj        IIP        0.5713   1.60   0.1457   0.0225    36.00  1    cut
 373  sn93J         IIb        0.7595   1.56   0.1742   0.0359     3.40  0    cut
 374  sn04dj        IIP        0.5672   1.56   0.1403   0.0234    20.00  1    cut
 375  sn98S         IIn        0.6810   1.56   0.3117   0.0272     1.80  0    cut
 376  lbv03hy       LBV        0.6959   1.55   0.1681   0.0339   -99.90  2    cut
 377  sn04dj        IIP        0.5740   1.55   0.1402   0.0236    17.00  1    cut
 378  lbv03hy       LBV        0.6972   1.52   0.1628   0.0316   -99.90  2    cut
 379  sn93J         IIb        0.7676   1.51   0.1793   0.0339    -1.60  0    cut
 380  kcE           Gal        1.0817   1.51   0.4103   0.0278   -99.90  2    cut
 381  sn91ar        Ib-norm    0.6485   1.51   0.1948   0.0207    27.40  1    cut
 382  sn97dd        IIb        0.7432   1.50   0.1639   0.0375     3.60  1    cut
 383  sn97dq        Ic-norm    0.8610   1.50   0.0407   0.0402    81.70  1    cut
 384  lbv03hy       LBV        0.6931   1.50   0.1693   0.0225   -99.90  2    cut
 385  sn02ap        Ic-broad   0.7324   1.45   0.0450   0.0382     3.60  0    cut
 386  sn91A         Ic-norm    0.6295   1.44   0.0274   0.0284    10.90  1    cut
 387  sn93J         IIb        0.7730   1.44   0.1735   0.0369     1.40  0    cut
 388  sn06aj        Ic-broad   0.5551   1.44   0.2239   0.0308     1.80  0    cut
 389  sn04dj        IIP        0.5943   1.44   0.1494   0.0250    48.00  1    cut
 390  sn98S         IIn        0.6810   1.44   0.3121   0.0284     0.90  0    cut
 391  lbv03hy       LBV        0.6959   1.44   0.1703   0.0235   -99.90  2    cut
 392  sn04dj        IIP        0.5524   1.43   0.1401   0.0248     8.00  1    cut
 393  sn93J         IIb        0.6959   1.42   0.1759   0.0447     2.70  0    cut
 394  sn04dj        IIP        0.5943   1.42   0.1504   0.0246    46.80  1    cut
 395  sn91A         Ic-norm    0.6417   1.42   0.0298   0.0271    47.50  1    cut
 396  sn04dj        IIP        0.5740   1.42   0.1396   0.0244     5.00  1    cut
 397  sn04dj        IIP        0.5510   1.38   0.1398   0.0245     2.70  1    cut
 398  sn93J         IIb        0.7852   1.38   0.0424   0.0468    -2.40  0    cut
 399  sn97dq        Ic-norm    0.4549   1.37   0.0262   0.0313    42.80  1    cut
 400  sn04dj        IIP        0.5970   1.37   0.1507   0.0231    50.60  1    cut
 401  sn04dj        IIP        0.5943   1.35   0.1510   0.0256    50.00  1    cut
 402  sn91ar        Ib-norm    0.5348   1.33   0.0272   0.0350     0.00  1    cut
 403  sn05gj        Ia-csm     0.6187   1.33   0.1984   0.0346   -12.10  0    cut
 404  kcSB5         Gal        1.0817   1.32   0.1513   0.0228   -99.90  2    cut
 405  sn90aa        Ic-norm    0.6986   1.32   0.1743   0.0422     0.00  1    cut
 406  mstar         M-star     0.7906   1.31   0.3049   0.0288     8.00  2    cut
 407  sn04dj        IIP        0.5916   1.31   0.1507   0.0264    51.90  1    cut
 408  lbv99bw       LBV        0.6525   1.30   0.0720   0.0276   -99.90  2    cut
 409  sn04et        IIP        0.7392   1.30   0.5551   0.0240    -0.90  0    cut
 410  sn91ar        Ib-norm    0.4860   1.28   0.0239   0.0291    15.80  1    cut
 411  sn02ap        Ic-broad   0.6200   1.26   0.0436   0.0629     1.50  0    cut
 412  sn90aa        Ic-norm    0.6972   1.26   0.0475   0.0436    61.50  1    cut
 413  lbv03hy       LBV        0.6945   1.25   0.1211   0.0194   -99.90  2    cut
 414  sn04dj        IIP        0.5551   1.24   0.1406   0.0267     0.00  1    cut
 415  kcSc          Gal        1.0695   1.22   0.1446   0.0223   -99.90  2    cut
 416  kcSB6         Gal        1.0817   1.21   0.1466   0.0201   -99.90  2    cut
 417  sn98S         IIn        0.5808   1.21   0.3532   0.0242     1.90  0    cut
 418  sn04et        IIP        0.7365   1.20   0.5566   0.0253    -2.90  0    cut
 419  kcSB2         Gal        1.0817   1.20   0.0951   0.0339   -99.90  2    cut
 420  sn99di        Ib-norm    0.5551   1.19   0.2828   0.0241    30.50  1    cut
 421  sn91A         Ic-norm    0.6295   1.19   0.0336   0.0333    65.10  1    cut
 422  sn97dd        IIb        0.7405   1.18   0.1591   0.0489    16.40  1    cut
 423  sn87A         II-pec     0.5713   1.16   0.5140   0.0195     3.30  0    cut
 424  sn96cb        IIb        0.7283   1.15   0.1695   0.0443    -2.10  0    cut
 425  sn99dn        Ib-norm    0.6661   1.15   0.1966   0.0229    27.70  1    cut
 426  sn99di        Ib-norm    0.6715   1.13   0.2836   0.0218    23.60  1    cut
 427  sn99em        IIP        0.7974   1.13   0.5560   0.0260     2.40  0    cut
 428  sn87A         II-pec     0.5767   1.11   0.1930   0.0428    -2.70  0    cut
 429  lbv99bw       LBV        0.6999   1.11   0.1457   0.0212   -99.90  2    cut
 430  kcSB1         Gal        1.0817   1.11   0.0963   0.0350   -99.90  2    cut
 431  sn93J         IIb        0.7067   1.10   0.0198   0.0506     4.60  0    cut
 432  sn04dj        IIP        0.6579   1.08   0.1473   0.0247    89.80  1    cut
 433  sn93J         IIb        0.7798   1.05   0.0218   0.0549     3.80  0    cut
 434  sn90K         IIL        0.5320   1.05   0.0446   0.0445   139.00  1    cut
 435  sn90K         IIL        0.5456   1.05   0.1466   0.0256    50.50  1    cut
 436  sn87A         II-pec     0.5740   1.04   0.1962   0.0578    -8.70  0    cut
 437  sn93J         IIb        0.5848   1.04   0.0666   0.0684   -10.50  0    cut
 438  mstar         M-star     0.7893   1.03   0.3064   0.0290     9.00  2    cut
 439  sn06bp        IIP        0.6255   1.03   0.0514   0.0429     0.10  0    cut
 440  sn90K         IIL        0.6403   1.02   0.1481   0.0287    76.40  1    cut
 441  sn91A         Ic-norm    0.5564   1.01   0.0258   0.0580    61.40  1    cut
 442  mstar         M-star     0.7906   1.01   0.2379   0.0216    10.00  2    cut
 443  sn05cs        IIP        0.7419   1.00   0.0732   0.0280     4.00  0    cut
 444  sn91N         Ic-norm    0.6810   0.99   0.0673   0.0432   276.10  1    cut
 445  sn05cs        IIP        0.7432   0.98   0.0741   0.0280     3.10  0    cut
 446  sn97cy        IIn        0.8529   0.98   0.0722   0.0400   377.70  1    cut
 447  sn90K         IIL        0.6877   0.97   0.0340   0.0649   202.60  1    cut
 448  sn05cs        IIP        0.7432   0.97   0.0735   0.0305     2.10  0    cut
 449  sn05cs        IIP        0.7378   0.96   0.0664   0.0400     0.10  0    cut
 450  sn06bp        IIP        0.6363   0.95   0.0451   0.0519     2.10  0    cut
 451  sn97dq        Ic-norm    0.7960   0.95   0.1908   0.0408   222.20  1    cut
 452  lbv01ac       LBV        0.6959   0.94   0.1482   0.0195   -99.90  2    cut
 453  sn05cs        IIP        0.7392   0.93   0.0564   0.0424    -1.90  0    cut
 454  sn05cs        IIP        0.7432   0.91   0.0706   0.0371     1.00  0    cut
 455  sn90aa        Ic-norm    0.6972   0.91   0.1989   0.0298   116.10  1    cut
 456  sn90K         IIL        0.7107   0.91   0.0318   0.0662   174.80  1    cut
 457  sn99di        Ib-norm    0.6728   0.90   0.2855   0.0231     0.00  1    cut
 458  sn88L         Ib-norm    0.6160   0.88   0.0403   0.0330    47.70  1    cut
 459  sn99em        IIP        0.7459   0.88   0.0759   0.0376     0.40  0    cut
 460  kcSB4         Gal        1.0817   0.87   0.1448   0.0187   -99.90  2    cut
 461  sn87A         II-pec     0.5740   0.87   0.1894   0.0410   -13.70  0    cut
 462  sn06bp        IIP        0.6268   0.86   0.0590   0.0432    -1.70  0    cut
 463  sn87A         II-pec     0.5740   0.85   0.1884   0.0405    -6.70  0    cut
 464  sn97cy        IIn        0.8529   0.85   0.0546   0.0416     0.00  1    cut
 465  sn97cy        IIn        0.8529   0.85   0.3662   0.0419   226.10  1    cut
 466  sn90K         IIL        0.6715   0.84   0.0319   0.0694   161.00  1    cut
 467  sn95F         Ic-norm    0.7960   0.83   0.0427   0.0571    88.60  1    cut
 468  sn90K         IIL        0.7135   0.83   0.1606   0.0524    55.60  1    cut
 469  sn90K         IIL        0.7405   0.82   0.0287   0.0680   119.20  1    cut
 470  sn05cs        IIP        0.7419   0.82   0.0607   0.0442    -0.80  0    cut
 471  sn87A         II-pec     0.5767   0.82   0.3902   0.0737    -4.70  0    cut
 472  sn97cy        IIn        0.8204   0.82   0.0767   0.0710   174.50  1    cut
 473  sn90K         IIL        0.5672   0.82   0.0754   0.0787   201.70  1    cut
 474  sn97cy        IIn        0.8529   0.81   0.0335   0.1013    14.10  1    cut
 475  sn90K         IIL        0.6119   0.80   0.0650   0.0431   136.20  1    cut
 476  sn99em        IIP        0.9138   0.80   0.0637   0.0387    -3.70  0    cut
 477  sn99em        IIP        0.7527   0.80   0.0709   0.0460    -0.60  0    cut
 478  sn87A         II-pec     0.5740   0.80   0.3917   0.0749     1.30  0    cut
 479  sn06bp        IIP        0.7378   0.80   0.0830   0.0411     3.30  0    cut
 480  sn97cy        IIn        0.8529   0.79   0.0769   0.0762   116.80  1    cut
 481  sn87A         II-pec     0.5767   0.79   0.1943   0.0790   -10.70  0    cut
 482  sn97cy        IIn        0.8515   0.79   0.0772   0.0740    71.30  1    cut
 483  sn04et        IIP        0.7432   0.77   0.1618   0.0427     4.00  0    cut
 484  sn91N         Ic-norm    0.9179   0.77   0.0672   0.0532   250.20  1    cut
 485  sn90K         IIL        0.6417   0.75   0.0736   0.0802   174.80  1    cut
 486  sn06bp        IIP        0.7378   0.75   0.0822   0.0411     4.20  0    cut
 487  agn           AGN        1.0817   0.74   0.0744   0.0347   -99.90  2    cut
 488  sn91A         Ic-norm    0.4833   0.74   0.1966   0.0269   128.30  1    cut
 489  sn99gi        IIP        0.6837   0.73   0.1649   0.0501    -5.00  0    cut
 490  sn99em        IIP        0.6918   0.69   0.0736   0.0468    -1.60  0    cut
 491  sn90K         IIL        0.6065   0.68   0.1584   0.0775    53.30  1    cut
 492  sn97cy        IIn        0.8542   0.67   0.0733   0.0886    57.20  1    cut
 493  sn04et        IIP        0.7365   0.65   0.0764   0.0318     1.00  0    cut
 494  sn04et        IIP        0.7351   0.64   0.0755   0.0318     2.00  0    cut
 495  sn97cy        IIn        1.0208   0.64   1.0597   0.0547   196.10  1    cut
 496  sn04et        IIP        0.7297   0.62   0.0769   0.0365    -1.90  0    cut
 497  sn99em        IIP        0.7446   0.62   0.0773   0.0352     1.40  0    cut
 498  sn97cy        IIn        0.8529   0.55   0.0528   0.0982   125.30  1    cut
 499  sn98S         IIn        0.8163   0.54   0.1187   0.0230    -1.50  0    cut
 500  sn99em        IIP        0.6864   0.54   0.1608   0.0428    -3.60  0    cut
 501  sn99em        IIP        0.6918   0.53   0.0689   0.0589    -2.60  0    cut
 502  sn99gi        IIP        0.6864   0.53   0.1594   0.0473    -4.00  0    cut
 503  sn97cy        IIn        0.9355   0.52   0.0842   0.0518    29.40  1    cut
 504  sn99em        IIP        0.8488   0.46   0.1581   0.0359     0.20  0    cut
