### SNID output file ###
 
### input spectrum and options ###
# Input spectrum                 : 18927_4.20.dat
# Parameter file                 : NA
# Wavelength range               :    3600.00   9543.75
# Mask file                      : NA
# Median filtering width [A]     : NA
# Median filtering width [pix]   :       1.00
# Clip emission redshift         :     0.2132
# Clip sky lines                 : 0
# Emission clip width [A]        :       0.21
# Keep A-band                    : 1
# Age range                      :      -5.80     14.20
# Delta range                    :      -9.99     99.90
# Min. number of spectra/template:   1
# Use only templates             : NA
# Use only types                 : NA
# Avoid templates                : NA
# Avoid types                    : NA
# rlapmin                        :       5.00
# Redshift range                 :    -0.0100    1.2000
# Forced initial redshift        :     0.2132
# Extra fake redshift            : NA
# Nsigma for initial redshift    : NA
# Redshift filter                :     0.0200
# Wavenumbers k1,k2,k3,k4        :     1    4   85  102
# Template directory             : /Users/daniel/snid-5.0/templates/
 
### initial/user-input redshift ###
zinit       0.0000
zuser       0.2132
 
### median redshift/age and error ###
zmed        0.2196    0.0069
agem          5.50      4.40
 
### type fraction/redshift/age ###
#type ntemp fraction slope redshift redshift_error age age_error
Ia             25      1.00    0.0000    0.2196    0.0069     5.500     4.398
Ia-norm        20      0.80    0.0795    0.2185    0.0069     5.500     4.414
Ia-91T          4      0.16   -0.0344    0.2279    0.0041     6.150     5.282
Ia-91bg         0      0.00    0.0000    0.0000    0.0000     0.000     0.000
Ia-csm          1      0.04    0.0000    0.2147    0.0000     5.600     0.000
Ia-pec          0      0.00    0.0000    0.0000    0.0000     0.000     0.000
###
Ib              0      0.00    0.0000    0.0000    0.0000     0.000     0.000
Ib-norm         0      0.00    0.0000    0.0000    0.0000     0.000     0.000
Ib-pec          0      0.00    0.0000    0.0000    0.0000     0.000     0.000
IIb             0      0.00    0.0000    0.0000    0.0000     0.000     0.000
###
Ic              0      0.00    0.0000    0.0000    0.0000     0.000     0.000
Ic-norm         0      0.00    0.0000    0.0000    0.0000     0.000     0.000
Ic-pec          0      0.00    0.0000    0.0000    0.0000     0.000     0.000
Ic-broad        0      0.00    0.0000    0.0000    0.0000     0.000     0.000
###
II              0      0.00    0.0000    0.0000    0.0000     0.000     0.000
IIP             0      0.00    0.0000    0.0000    0.0000     0.000     0.000
II-pec          0      0.00    0.0000    0.0000    0.0000     0.000     0.000
IIn             0      0.00    0.0000    0.0000    0.0000     0.000     0.000
IIL             0      0.00    0.0000    0.0000    0.0000     0.000     0.000
###
NotSN           0      0.00    0.0000    0.0000    0.0000     0.000     0.000
AGN             0      0.00    0.0000    0.0000    0.0000     0.000     0.000
Gal             0      0.00    0.0000    0.0000    0.0000     0.000     0.000
LBV             0      0.00    0.0000    0.0000    0.0000     0.000     0.000
M-star          0      0.00    0.0000    0.0000    0.0000     0.000     0.000
 
### rlap-ordered template listings ###
#no. sn type lap rlap z zerr age age_flag grade
   1  sn02er        Ia-norm    0.8597   7.61   0.2158   0.0068     5.50  0   good
   2  sn95E         Ia-norm    0.8461   6.65   0.2124   0.0072    10.00  0   good
   3  sn04eo        Ia-norm    0.8150   6.60   0.2153   0.0078     2.20  0   good
   4  sn02bo        Ia-norm    0.9314   6.41   0.2228   0.0089     5.50  0   good
   5  sn99ac        Ia-91T     0.8935   6.11   0.2259   0.0081     9.20  0   good
   6  sn03cg        Ia-norm    0.8069   6.01   0.2172   0.0086     4.50  0   good
   7  sn99ee        Ia-norm    0.8732   5.99   0.2196   0.0098    11.10  0   good
   8  sn99ac        Ia-91T     0.8759   5.86   0.2298   0.0089     3.10  0   good
   9  sn99ee        Ia-norm    0.8421   5.62   0.2246   0.0111     7.10  0   good
  10  sn96X         Ia-norm    0.9341   5.57   0.2173   0.0090     1.90  0   good
  11  sn04eo        Ia-norm    0.8488   5.52   0.2110   0.0084     7.00  0   good
  12  sn94ae        Ia-norm    0.9612   5.48   0.2189   0.0078     9.40  0   good
  13  sn96X         Ia-norm    0.9368   5.45   0.2181   0.0094     0.90  0   good
  14  sn02ic        Ia-csm     0.9274   5.43   0.2147   0.0093     5.60  0   good
  15  sn99ac        Ia-91T     0.7811   5.36   0.2303   0.0098     0.80  0   good
  16  sn02bo        Ia-norm    0.8082   5.35   0.2283   0.0103    -1.20  0   good
  17  sn99ac        Ia-91T     0.8867   5.35   0.2215   0.0089    12.20  0   good
  18  sn81B         Ia-norm    0.9395   5.33   0.2329   0.0101     0.00  0   good
  19  sn81B         Ia-norm    0.9341   5.28   0.2330   0.0102    -0.90  0   good
  20  sn03du        Ia-norm    0.8367   5.26   0.2133   0.0090    10.80  0   good
  21  sn02bo        Ia-norm    0.8096   5.22   0.2300   0.0106    -2.50  0   good
  22  sn02bo        Ia-norm    0.8556   5.21   0.2346   0.0111    -4.50  0    bad
  23  sn92A         Ia-norm    0.8407   5.20   0.2245   0.0094     6.30  0   good
  24  sn95D         Ia-norm    0.7351   5.15   0.2160   0.0096     8.10  0   good
  25  sn96X         Ia-norm    0.9395   5.10   0.2156   0.0090     7.80  0   good
  26  sn02bo        Ia-norm    0.8637   5.02   0.2293   0.0116    -1.40  0   good
#--- rlap cutoff
  27  sn94S         Ia-norm    0.6999   4.95   0.2197   0.0115    -3.40  0    cut
  28  sn02er        Ia-norm    0.8191   4.93   0.2224   0.0104    -0.50  0    cut
  29  sn92A         Ia-norm    0.9463   4.92   0.2225   0.0094     8.70  0    cut
  30  sn99aw        Ia-91T     0.8082   4.90   0.2312   0.0117     3.20  0    cut
  31  sn02bo        Ia-norm    0.7500   4.88   0.2313   0.0112    -3.40  0    cut
  32  sn02er        Ia-norm    0.8989   4.88   0.2196   0.0105     3.40  0    cut
  33  sn03cg        Ia-norm    0.7676   4.85   0.2150   0.0097     1.50  0    cut
  34  sn02bo        Ia-norm    0.8367   4.80   0.2270   0.0121    -0.30  0    cut
  35  sn94ae        Ia-norm    0.7351   4.79   0.2191   0.0108     1.30  0    cut
  36  sn02bo        Ia-norm    0.7541   4.69   0.2285   0.0116    -1.50  0    cut
  37  sn03du        Ia-norm    0.7405   4.69   0.2128   0.0102     9.80  0    cut
  38  sn03du        Ia-norm    0.7229   4.67   0.2146   0.0107     7.90  0    cut
  39  sn96C         Ia-norm    0.7649   4.66   0.2143   0.0105     8.30  0    cut
  40  sn90N         Ia-norm    0.9693   4.65   0.2176   0.0123     4.90  0    cut
  41  sn03du        Ia-norm    0.8109   4.61   0.2168   0.0116     3.90  0    cut
  42  sn94ae        Ia-norm    0.6864   4.60   0.2175   0.0109     6.40  0    cut
  43  sn03du        Ia-norm    0.7283   4.60   0.2142   0.0106     8.90  0    cut
  44  sn06gz        Ia-pec     0.7432   4.58   0.2137   0.0103     8.20  0    cut
  45  sn99ee        Ia-norm    0.8746   4.56   0.2298   0.0130     2.20  0    cut
  46  sn91bg        Ia-91bg    0.6715   4.51   0.2110   0.0120     2.50  0    cut
  47  sn06gz        Ia-pec     0.7432   4.48   0.2143   0.0108     7.20  0    cut
  48  sn03cg        Ia-norm    0.7392   4.48   0.2206   0.0122    -0.50  0    cut
  49  sn03du        Ia-norm    0.8827   4.46   0.2167   0.0118     5.00  0    cut
  50  sn04aw        Ic-norm    0.8204   4.43   0.2159   0.0106    12.20  0    cut
  51  sn03cg        Ia-norm    0.8434   4.41   0.2117   0.0105     9.60  0    cut
  52  sn94ae        Ia-norm    0.6986   4.39   0.2156   0.0106     9.30  0    cut
  53  sn96X         Ia-norm    0.7432   4.38   0.2193   0.0131    -1.10  0    cut
  54  sn02ic        Ia-csm     0.7798   4.38   0.2107   0.0106     9.40  0    cut
  55  sn02er        Ia-norm    0.8922   4.36   0.2244   0.0127    -1.50  0    cut
  56  sn06gz        Ia-pec     0.7419   4.36   0.2127   0.0106     9.20  0    cut
  57  sn89B         Ia-norm    0.9111   4.35   0.2212   0.0137    -0.50  0    cut
  58  sn02er        Ia-norm    0.8407   4.35   0.2232   0.0133    -3.50  0    cut
  59  sn06gz        Ia-pec     0.7446   4.35   0.2153   0.0111     6.30  0    cut
  60  sn06gz        Ia-pec     0.7432   4.31   0.2117   0.0107    10.10  0    cut
  61  sn02bo        Ia-norm    0.6972   4.29   0.2310   0.0129    -4.00  0    cut
  62  sn94M         Ia-norm    0.6769   4.29   0.2250   0.0124     5.00  0    cut
  63  sn01el        Ia-norm    0.6200   4.27   0.2225   0.0108     1.30  0    cut
  64  sn02er        Ia-norm    0.7446   4.27   0.2180   0.0121     1.50  0    cut
  65  sn02bo        Ia-norm    0.6972   4.27   0.2300   0.0130    -3.10  0    cut
  66  sn02bo        Ia-norm    0.6972   4.24   0.2320   0.0130    -5.10  0    cut
  67  sn02er        Ia-norm    0.8989   4.24   0.2260   0.0133    -2.50  0    cut
  68  sn99ee        Ia-norm    0.8732   4.23   0.2315   0.0134     0.30  0    cut
  69  sn94ae        Ia-norm    0.6783   4.22   0.2178   0.0116     4.40  0    cut
  70  sn94S         Ia-norm    0.7040   4.22   0.2183   0.0124     1.40  0    cut
  71  sn95D         Ia-norm    0.7297   4.22   0.2161   0.0119     6.10  0    cut
  72  sn02bo        Ia-norm    0.6986   4.22   0.2286   0.0131    -2.10  0    cut
  73  sn97br        Ia-91T     0.8434   4.19   0.2159   0.0108     7.80  0    cut
  74  sn02bo        Ia-norm    0.6972   4.19   0.2276   0.0132    -1.20  0    cut
  75  sn92A         Ia-norm    0.9693   4.17   0.2323   0.0117     5.90  0    cut
  76  sn04aw        Ic-norm    0.8732   4.17   0.2239   0.0113    -0.20  0    cut
  77  sn94ae        Ia-norm    0.7229   4.16   0.2145   0.0112    10.40  0    cut
  78  sn94ae        Ia-norm    0.6918   4.16   0.2199   0.0118     3.30  0    cut
  79  sn05hj        Ia-norm    0.6864   4.11   0.2183   0.0117     4.30  0    cut
  80  sn04aw        Ic-norm    0.8935   4.11   0.2261   0.0113    -1.70  0    cut
  81  sn03du        Ia-norm    0.8096   4.10   0.2187   0.0135     1.90  0    cut
  82  sn94D         Ia-norm    0.8177   4.09   0.2200   0.0118     2.20  0    cut
  83  sn92A         Ia-norm    0.8529   4.07   0.2339   0.0132    -0.40  0    cut
  84  sn99by        Ia-91bg    0.8069   4.07   0.2161   0.0121    -2.80  0    cut
  85  sn01el        Ia-norm    0.8610   4.06   0.2196   0.0135     9.20  0    cut
  86  sn03du        Ia-norm    0.7920   4.06   0.2211   0.0144     0.80  0    cut
  87  sn04S         Ia-norm    0.8935   4.06   0.2190   0.0153     7.50  0    cut
  88  sn89B         Ia-norm    0.6498   4.05   0.2165   0.0127     3.50  0    cut
  89  sn94D         Ia-norm    0.8312   4.03   0.2154   0.0121     2.90  0    cut
  90  sn05hk        Ia-pec     0.5916   4.02   0.1903   0.0121    12.40  0    cut
  91  sn99aw        Ia-91T     0.8421   4.01   0.2369   0.0150     0.30  0    cut
  92  sn03cg        Ia-norm    0.6755   4.00   0.2221   0.0121    -1.80  0    cut
  93  sn89B         Ia-norm    0.6471   4.00   0.2151   0.0120     5.50  0    cut
  94  sn98bu        Ia-norm    0.6972   3.97   0.2218   0.0141    -0.70  0    cut
  95  sn98bu        Ia-norm    0.6972   3.96   0.2225   0.0143    -1.70  0    cut
  96  sn04aw        Ic-norm    0.8204   3.94   0.2185   0.0121     5.30  0    cut
  97  sn98aq        Ia-norm    0.6959   3.94   0.2179   0.0134     3.90  0    cut
  98  sn98aq        Ia-norm    0.6972   3.93   0.2172   0.0133     4.90  0    cut
  99  sn95D         Ia-norm    0.6904   3.92   0.2171   0.0129     4.20  0    cut
 100  sn96X         Ia-norm    0.7243   3.91   0.2133   0.0115     6.90  0    cut
 101  sn94ae        Ia-norm    0.6647   3.91   0.2175   0.0123     2.30  0    cut
 102  sn99aa        Ia-91T     0.8597   3.89   0.2387   0.0162    -0.60  0    cut
 103  sn91T         Ia-91T     0.9693   3.89   0.0783   0.0135    -0.20  0    cut
 104  sn02er        Ia-norm    0.7202   3.89   0.2161   0.0119     4.40  0    cut
 105  sn98aq        Ia-norm    0.6959   3.89   0.2184   0.0137     2.90  0    cut
 106  sn93ac        Ia-norm    0.9490   3.87   0.2237   0.0132     6.90  0    cut
 107  sn98bu        Ia-norm    0.6972   3.87   0.2236   0.0146    -2.80  0    cut
 108  sn98aq        Ia-norm    0.6959   3.86   0.2193   0.0140     1.90  0    cut
 109  sn98aq        Ia-norm    0.6931   3.85   0.2203   0.0141     0.90  0    cut
 110  sn98aq        Ia-norm    0.6972   3.85   0.2164   0.0135     5.90  0    cut
 111  sn92A         Ia-norm    0.8935   3.83   0.2232   0.0114     8.90  0    cut
 112  sn89B         Ia-norm    0.6390   3.82   0.2127   0.0124     7.50  0    cut
 113  sn04S         Ia-norm    0.9328   3.82   0.2289   0.0173     1.70  0    cut
 114  sn97cn        Ia-91bg    0.7243   3.80   0.2117   0.0119     3.90  0    cut
 115  sn96X         Ia-norm    0.7283   3.78   0.2141   0.0118     5.90  0    cut
 116  sn96X         Ia-norm    0.7283   3.76   0.2125   0.0117     7.90  0    cut
 117  kcSb          Gal        0.9693   3.75   0.3650   0.0127   -99.90  2    cut
 118  sn02er        Ia-norm    0.8881   3.75   0.2278   0.0159    -4.40  0    cut
 119  sn94M         Ia-norm    0.7243   3.73   0.2197   0.0129     7.90  0    cut
 120  sn96X         Ia-norm    0.7243   3.71   0.2148   0.0119     4.90  0    cut
 121  sn03du        Ia-norm    0.6986   3.70   0.2211   0.0150    -0.80  0    cut
 122  sn96X         Ia-norm    0.7270   3.70   0.2163   0.0125     1.90  0    cut
 123  sn98aq        Ia-norm    0.6959   3.70   0.2155   0.0142     6.90  0    cut
 124  sn94M         Ia-norm    0.6376   3.70   0.2263   0.0131     4.00  0    cut
 125  sn99by        Ia-91bg    0.7013   3.68   0.2105   0.0156     8.10  0    cut
 126  sn94D         Ia-norm    0.7040   3.68   0.2217   0.0156    -3.60  0    cut
 127  sn98aq        Ia-norm    0.6837   3.67   0.2214   0.0150     0.00  0    cut
 128  sn03du        Ia-norm    0.6972   3.65   0.2181   0.0145     2.20  0    cut
 129  sn91T         Ia-91T     0.8069   3.64   0.0772   0.0141    -5.30  0    cut
 130  sn92A         Ia-norm    0.6850   3.64   0.2277   0.0127     3.30  0    cut
 131  sn96X         Ia-norm    0.7270   3.61   0.2163   0.0125     2.90  0    cut
 132  sn94D         Ia-norm    0.8285   3.59   0.2215   0.0150    -1.80  0    cut
 133  sn03du        Ia-norm    0.7906   3.58   0.2211   0.0167    -0.20  0    cut
 134  sn91M         Ia-norm    0.7216   3.58   0.2249   0.0139     2.70  0    cut
 135  sn89B         Ia-norm    0.6566   3.57   0.2107   0.0126     9.50  0    cut
 136  sn04eo        Ia-norm    0.8204   3.56   0.2108   0.0131    11.00  0    cut
 137  sn94ae        Ia-norm    0.6823   3.56   0.2142   0.0124    11.30  0    cut
 138  sn00E         Ia-norm    0.7419   3.53   0.2295   0.0161    -5.50  0    cut
 139  sn02er        Ia-norm    0.8597   3.52   0.2089   0.0143     9.40  0    cut
 140  sn94ae        Ia-norm    0.6512   3.51   0.2176   0.0131     3.30  0    cut
 141  sn03cg        Ia-norm    0.6579   3.51   0.2197   0.0137    -2.30  0    cut
 142  sn03du        Ia-norm    0.6999   3.51   0.2173   0.0147     3.10  0    cut
 143  sn96X         Ia-norm    0.7270   3.51   0.2179   0.0133     0.00  0    cut
 144  sn03cg        Ia-norm    0.7676   3.50   0.2238   0.0151    -4.50  0    cut
 145  sn04eo        Ia-norm    0.7067   3.50   0.2163   0.0137    -2.80  0    cut
 146  sn96X         Ia-norm    0.7283   3.50   0.2175   0.0130     1.00  0    cut
 147  sn05gj        Ia-csm     0.6255   3.50   0.2092   0.0134    10.40  0    cut
 148  sn96X         Ia-norm    0.7283   3.47   0.2123   0.0123     8.90  0    cut
 149  sn94D         Ia-norm    0.7067   3.47   0.2226   0.0160    -2.60  0    cut
 150  sn04S         Ia-norm    0.8150   3.46   0.2139   0.0155    13.40  0    cut
 151  kcS0          Gal        0.9693   3.44   0.3620   0.0114   -99.90  2    cut
 152  sn97dd        IIb        0.8191   3.43   0.2073   0.0128     0.00  1    cut
 153  sn99ex        Ib-norm    0.8705   3.43   0.2277   0.0181    -4.50  0    cut
 154  sn94D         Ia-norm    0.7040   3.43   0.2200   0.0149     0.40  0    cut
 155  sn05hj        Ia-norm    0.6850   3.42   0.2200   0.0130     1.60  0    cut
 156  sn92A         Ia-norm    0.6837   3.42   0.2315   0.0136    -0.60  0    cut
 157  sn96X         Ia-norm    0.6864   3.42   0.2197   0.0159    -0.90  0    cut
 158  sn86G         Ia-91bg    0.6133   3.41   0.2220   0.0149    -2.70  0    cut
 159  sn99by        Ia-91bg    0.7026   3.41   0.2099   0.0164     7.10  0    cut
 160  sn90O         Ia-norm    0.7148   3.40   0.2266   0.0158    -0.40  0    cut
 161  sn99by        Ia-91bg    0.8069   3.38   0.2094   0.0139     3.10  0    cut
 162  sn86G         Ia-91bg    0.5740   3.37   0.2199   0.0148    -0.40  0    cut
 163  sn94D         Ia-norm    0.7094   3.36   0.2241   0.0169    -4.70  0    cut
 164  sn03du        Ia-norm    0.8069   3.36   0.2224   0.0191    -1.10  0    cut
 165  sn00cx        Ia-pec     0.8515   3.35   0.0813   0.0159     5.60  0    cut
 166  sn98bu        Ia-norm    0.5672   3.34   0.2179   0.0150     1.20  0    cut
 167  sn92A         Ia-norm    0.8542   3.33   0.2270   0.0136     2.40  0    cut
 168  sn91bg        Ia-91bg    0.7080   3.33   0.2097   0.0152     2.70  0    cut
 169  sn95F         Ic-norm    0.8367   3.32   0.2121   0.0178     0.00  1    cut
 170  sn00E         Ia-norm    0.7148   3.32   0.2254   0.0165    -2.50  0    cut
 171  sn96X         Ia-norm    0.7270   3.31   0.2201   0.0145    -3.00  0    cut
 172  sn05hj        Ia-norm    0.6864   3.30   0.2202   0.0136    -0.30  0    cut
 173  sn05hk        Ia-pec     0.9165   3.30   0.0613   0.0159    -5.10  0    cut
 174  sn02er        Ia-norm    0.7365   3.30   0.2280   0.0165    -5.40  0    cut
 175  sn95E         Ia-norm    0.6498   3.29   0.2190   0.0141     0.10  0    cut
 176  sn91bg        Ia-91bg    0.7243   3.29   0.2128   0.0156     2.70  0    cut
 177  sn92A         Ia-norm    0.6471   3.27   0.2241   0.0133     7.30  0    cut
 178  sn92A         Ia-norm    0.6891   3.26   0.2361   0.0147    -5.00  0    cut
 179  sn96X         Ia-norm    0.7270   3.26   0.2196   0.0147    -2.00  0    cut
 180  sn94D         Ia-norm    0.8556   3.22   0.2259   0.0184    -4.80  0    cut
 181  kcE           Gal        0.9693   3.21   0.1842   0.0092   -99.90  2    cut
 182  sn05bf        Ib-pec     0.9436   3.20   0.2044   0.0136     3.40  0    cut
 183  sn01el        Ia-norm    0.6363   3.20   0.2293   0.0155    -3.70  0    cut
 184  sn02bo        Ia-norm    0.7229   3.19   0.2323   0.0153    -4.40  0    cut
 185  sn05bf        Ib-pec     0.7392   3.18   0.2038   0.0154    -3.60  0    cut
 186  sn06gz        Ia-pec     0.6376   3.18   0.2239   0.0162    -2.60  0    cut
 187  sn92A         Ia-norm    0.8529   3.17   0.2388   0.0165    -5.00  0    cut
 188  sn99aa        Ia-91T     0.7175   3.17   0.2350   0.0149     7.60  0    cut
 189  sn05bf        Ib-pec     0.7459   3.17   0.2043   0.0149    -2.70  0    cut
 190  sn97br        Ia-91T     0.7717   3.15   0.0782   0.0167    -4.00  0    cut
 191  sn00cx        Ia-pec     0.8529   3.13   0.0799   0.0172     6.50  0    cut
 192  sn95D         Ia-norm    0.7067   3.12   0.2128   0.0132    11.20  0    cut
 193  sn86G         Ia-91bg    0.6796   3.11   0.2237   0.0164    -3.40  0    cut
 194  sn05bf        Ib-pec     0.7405   3.11   0.2057   0.0158    -5.60  0    cut
 195  sn05hk        Ia-pec     0.7392   3.11   0.0598   0.0184    -3.30  0    cut
 196  sn03cg        Ia-norm    0.8380   3.10   0.2126   0.0137    11.40  0    cut
 197  sn00cx        Ia-pec     0.8529   3.10   0.0825   0.0157     1.60  0    cut
 198  sn06gz        Ia-pec     0.6458   3.09   0.2169   0.0142     5.20  0    cut
 199  sn06gz        Ia-pec     0.6485   3.09   0.2147   0.0141     7.20  0    cut
 200  sn05hk        Ia-pec     0.7446   3.08   0.0604   0.0204    -2.40  0    cut
 201  sn05hk        Ia-pec     0.7459   3.08   0.0579   0.0204    -1.40  0    cut
 202  sn90aa        Ic-norm    0.7121   3.08   0.2131   0.0148     0.00  1    cut
 203  sn04aw        Ic-norm    0.6999   3.07   0.2312   0.0171    -2.20  0    cut
 204  sn02cx        Ia-pec     0.5226   3.05   0.1913   0.0109    14.20  0    cut
 205  sn95E         Ia-norm    0.6227   3.03   0.2131   0.0152     7.00  0    cut
 206  sn99by        Ia-91bg    0.7026   3.02   0.2095   0.0177     6.10  0    cut
 207  sn05hk        Ia-pec     0.8163   3.02   0.0616   0.0169    -4.30  0    cut
 208  sn05bf        Ib-pec     0.7459   3.01   0.2030   0.0158    -1.60  0    cut
 209  sn00H         IIb        0.7947   3.01   0.2073   0.0174    13.40  0    cut
 210  sn91T         Ia-91T     0.7784   3.00   0.2145   0.0145    10.90  0    cut
 211  sn04aw        Ic-norm    0.7635   3.00   0.2204   0.0159     1.90  0    cut
 212  sn02cx        Ia-pec     0.6959   2.99   0.0586   0.0204    -2.40  0    cut
 213  sn02er        Ia-norm    0.8245   2.99   0.2159   0.0151    10.60  0    cut
 214  sn99by        Ia-91bg    0.6999   2.99   0.2192   0.0181    -3.90  0    cut
 215  sn05bf        Ib-pec     0.7419   2.98   0.2017   0.0152     6.20  0    cut
 216  sn04eo        Ia-norm    0.8204   2.97   0.2087   0.0135    12.40  0    cut
 217  sn05bf        Ib-pec     0.7378   2.96   0.2020   0.0149     1.20  0    cut
 218  sn86G         Ia-91bg    0.6810   2.96   0.2226   0.0168    -2.40  0    cut
 219  sn98S         IIn        0.6864   2.95   0.1918   0.0161    12.70  0    cut
 220  sn00E         Ia-norm    0.7107   2.95   0.2249   0.0175    -1.40  0    cut
 221  sn05gj        Ia-csm     0.6363   2.94   0.2109   0.0170    -1.80  0    cut
 222  sn97ef        Ic-broad   0.8529   2.93   0.2575   0.0193    -5.00  0    cut
 223  sn05bf        Ib-pec     0.7419   2.93   0.2046   0.0167    -4.60  0    cut
 224  sn98S         IIn        0.6877   2.92   0.1919   0.0166    13.80  0    cut
 225  sn93J         IIb        0.9206   2.92   0.2058   0.0130    13.00  0    cut
 226  sn06gz        Ia-pec     0.6444   2.91   0.2252   0.0185    -5.50  0    cut
 227  sn94M         Ia-norm    0.7175   2.90   0.2287   0.0167     3.00  0    cut
 228  sn03fg        Ia-pec     0.9165   2.90   0.2058   0.0164     2.00  0    cut
 229  sn99by        Ia-91bg    0.7013   2.90   0.2094   0.0179     5.20  0    cut
 230  sn95D         Ia-norm    0.6552   2.90   0.2119   0.0145    10.10  0    cut
 231  sn02ap        Ic-broad   0.6227   2.89   0.2148   0.0177     9.50  0    cut
 232  sn94T         Ia-norm    0.5510   2.89   0.2219   0.0178     1.20  0    cut
 233  sn97br        Ia-91T     0.7338   2.89   0.2115   0.0142     8.50  0    cut
 234  sn99ex        Ib-norm    0.8854   2.88   0.2211   0.0177     0.40  0    cut
 235  sn05bf        Ib-pec     0.7378   2.88   0.2047   0.0158    -0.70  0    cut
 236  sn05hk        Ia-pec     0.7392   2.88   0.0624   0.0169    -5.30  0    cut
 237  sn02cx        Ia-pec     0.6986   2.87   0.1916   0.0145    10.30  0    cut
 238  sn03du        Ia-norm    0.8894   2.86   0.2221   0.0238    -3.20  0    cut
 239  sn04eo        Ia-norm    0.8204   2.85   0.2092   0.0140    14.00  0    cut
 240  sn89B         Ia-norm    0.6593   2.85   0.2097   0.0142    11.50  0    cut
 241  sn86G         Ia-91bg    0.6959   2.85   0.2239   0.0174    -4.40  0    cut
 242  sn06gz        Ia-pec     0.7067   2.85   0.2150   0.0158     4.30  0    cut
 243  sn86G         Ia-91bg    0.5957   2.84   0.2187   0.0160     1.60  0    cut
 244  sn90N         Ia-norm    0.5794   2.84   0.2143   0.0171     2.60  0    cut
 245  sn91bg        Ia-91bg    0.7703   2.84   0.2145   0.0191     1.50  0    cut
 246  sn05bf        Ib-pec     0.7405   2.80   0.2020   0.0158     2.20  0    cut
 247  sn05bf        Ib-pec     0.7432   2.80   0.2019   0.0160     3.20  0    cut
 248  sn93J         IIb        0.9165   2.80   0.2088   0.0135    -4.00  0    cut
 249  sn93J         IIb        0.8258   2.80   0.2042   0.0139    11.00  0    cut
 250  sn95F         Ic-norm    0.8380   2.80   0.2141   0.0193    35.60  1    cut
 251  sn98S         IIn        0.6837   2.79   0.1913   0.0152     9.70  0    cut
 252  sn95E         Ia-norm    0.6024   2.79   0.2212   0.0175    -1.90  0    cut
 253  sn96cb        IIb        0.7311   2.79   0.2025   0.0161     0.90  0    cut
 254  sn06bp        IIP        0.6403   2.79   0.1987   0.0165    -5.70  0    cut
 255  sn05bf        Ib-pec     0.7405   2.77   0.2011   0.0165     5.20  0    cut
 256  sn03cg        Ia-norm    0.7324   2.77   0.2139   0.0169     7.40  0    cut
 257  sn99by        Ia-91bg    0.7013   2.77   0.2102   0.0184     4.10  0    cut
 258  lbv03hy       LBV        0.6972   2.77   0.0397   0.0183   -99.90  2    cut
 259  sn86G         Ia-91bg    0.5916   2.76   0.2191   0.0166     0.60  0    cut
 260  sn93J         IIb        0.9179   2.76   0.2071   0.0139    -2.00  0    cut
 261  sn93J         IIb        0.8258   2.75   0.2051   0.0139    12.00  0    cut
 262  sn03du        Ia-norm    0.8894   2.75   0.2283   0.0252    -5.00  0    cut
 263  sn97dq        Ic-norm    0.9693   2.73   0.2162   0.0171    27.90  1    cut
 264  sn05hk        Ia-pec     0.7893   2.72   0.0610   0.0188    -4.20  0    cut
 265  sn04aw        Ic-norm    0.6999   2.71   0.2315   0.0190    -3.30  0    cut
 266  sn05bf        Ib-pec     0.7432   2.70   0.2005   0.0165     8.20  0    cut
 267  sn97br        Ia-91T     0.8976   2.70   0.2102   0.0139    12.40  0    cut
 268  sn99aa        Ia-91T     0.8813   2.69   0.2380   0.0216     2.70  0    cut
 269  sn98bu        Ia-norm    0.6999   2.69   0.2126   0.0177     9.30  0    cut
 270  sn90B         Ic-norm    0.7243   2.69   0.2114   0.0179     8.90  0    cut
 271  sn89B         Ia-norm    0.6850   2.68   0.2095   0.0152    12.40  0    cut
 272  kcSB5         Gal        0.9693   2.68   0.3464   0.0064   -99.90  2    cut
 273  sn99by        Ia-91bg    0.6024   2.68   0.2208   0.0197    -4.80  0    cut
 274  sn05gj        Ia-csm     0.6282   2.68   0.2100   0.0161     7.70  0    cut
 275  sn03du        Ia-norm    0.8191   2.68   0.2175   0.0144    13.70  0    cut
 276  sn00cx        Ia-pec     0.6214   2.66   0.0775   0.0234    11.50  0    cut
 277  sn04aw        Ic-norm    0.7635   2.65   0.2192   0.0176     3.10  0    cut
 278  sn94M         Ia-norm    0.8827   2.65   0.2169   0.0151    12.90  0    cut
 279  sn93J         IIb        0.9152   2.65   0.2078   0.0140    -3.00  0    cut
 280  sn02ap        Ic-broad   0.8651   2.65   0.2178   0.0151     2.70  0    cut
 281  sn95E         Ia-norm    0.6363   2.65   0.2178   0.0177     2.00  0    cut
 282  sn04aw        Ic-norm    0.7608   2.62   0.2210   0.0205     2.60  0    cut
 283  sn04et        IIP        0.7446   2.62   0.1993   0.0137    12.10  0    cut
 284  sn93J         IIb        0.7067   2.61   0.2023   0.0160     4.60  0    cut
 285  lbv03hy       LBV        0.6945   2.60   0.0390   0.0187   -99.90  2    cut
 286  sn89B         Ia-norm    0.6444   2.60   0.2080   0.0149    13.40  0    cut
 287  lbv03hy       LBV        0.6959   2.60   0.1898   0.0157   -99.90  2    cut
 288  sn03cg        Ia-norm    0.8339   2.59   0.2109   0.0151    12.40  0    cut
 289  sn95F         Ic-norm    0.8380   2.59   0.2133   0.0186    56.70  1    cut
 290  lbv03hy       LBV        0.6999   2.56   0.0401   0.0181   -99.90  2    cut
 291  sn97dq        Ic-norm    0.8759   2.55   0.2133   0.0211     1.00  1    cut
 292  sn95F         Ic-norm    0.8380   2.55   0.2124   0.0214    28.90  1    cut
 293  sn92ar        Ic-norm    0.6173   2.54   0.2108   0.0122     3.40  0    cut
 294  sn93J         IIb        0.8028   2.54   0.2025   0.0164     5.50  0    cut
 295  sn99aw        Ia-91T     0.6119   2.54   0.2253   0.0173    -0.70  0    cut
 296  lbv03hy       LBV        0.6945   2.54   0.1897   0.0257   -99.90  2    cut
 297  sn94S         Ia-norm    0.6268   2.53   0.2373   0.0256    -2.50  0    cut
 298  sn93J         IIb        0.7933   2.53   0.2015   0.0167     3.80  0    cut
 299  sn04aw        Ic-norm    0.6999   2.52   0.2235   0.0187     1.60  0    cut
 300  sn04aw        Ic-norm    0.6999   2.51   0.2247   0.0192     0.80  0    cut
 301  sn93J         IIb        0.7730   2.50   0.2009   0.0178     3.40  0    cut
 302  sn00E         Ia-norm    0.6877   2.49   0.2126   0.0194     8.40  0    cut
 303  sn93J         IIb        0.7839   2.48   0.2032   0.0170     1.40  0    cut
 304  sn88L         Ib-norm    0.6783   2.47   0.2089   0.0199     0.00  1    cut
 305  sn94I         Ic-norm    0.8651   2.45   0.2191   0.0200     2.40  0    cut
 306  lbv01ac       LBV        0.8840   2.44   0.3437   0.0091   -99.90  2    cut
 307  sn06aj        Ic-broad   0.9179   2.44   0.2605   0.0202     2.80  0    cut
 308  sn04et        IIP        0.7432   2.44   0.1998   0.0142    10.00  0    cut
 309  sn04aw        Ic-norm    0.6986   2.42   0.2360   0.0213    -5.20  0    cut
 310  sn04aw        Ic-norm    0.6579   2.42   0.2285   0.0186    -1.30  0    cut
 311  sn93J         IIb        0.7338   2.42   0.2017   0.0155     3.70  0    cut
 312  sn97ef        Ic-broad   0.7148   2.41   0.2235   0.0251    13.80  0    cut
 313  sn83V         Ic-norm    0.6187   2.41   0.2203   0.0172     4.00  0    cut
 314  sn93J         IIb        0.7595   2.41   0.2042   0.0210     6.60  0    cut
 315  sn90K         IIL        0.6403   2.40   0.2010   0.0165     0.00  1    cut
 316  kcSB3         Gal        0.9693   2.39   0.3462   0.0073   -99.90  2    cut
 317  sn05hk        Ia-pec     0.6282   2.39   0.1960   0.0183     3.60  0    cut
 318  sn97ef        Ic-broad   0.7514   2.38   0.2431   0.0245    -4.10  0    cut
 319  sn04aw        Ic-norm    0.7595   2.38   0.2183   0.0192     3.60  0    cut
 320  sn97cy        IIn        0.8664   2.37   0.0518   0.0227    14.10  1    cut
 321  sn98bu        Ia-norm    0.6999   2.37   0.2118   0.0191    10.20  0    cut
 322  sn93J         IIb        0.7987   2.36   0.2055   0.0163    -2.40  0    cut
 323  sn04et        IIP        0.8001   2.36   0.2005   0.0156     8.60  0    cut
 324  sn97ef        Ic-broad   0.5645   2.35   0.2186   0.0236     6.80  0    cut
 325  sn02ap        Ic-broad   0.6945   2.35   0.0731   0.0338    -1.40  0    cut
 326  sn05hj        Ia-norm    0.6918   2.33   0.2247   0.0239    -5.10  0    cut
 327  sn94I         Ic-norm    0.7798   2.32   0.2178   0.0193    -0.10  0    cut
 328  sn96L         IIn        0.6092   2.32   0.1500   0.0099     8.40  0    cut
 329  sn97ef        Ic-broad   0.7270   2.31   0.2214   0.0226    12.80  0    cut
 330  sn00cx        Ia-pec     0.6525   2.31   0.2316   0.0231    -1.40  0    cut
 331  kcSB1         Gal        0.9693   2.30   0.1139   0.0074   -99.90  2    cut
 332  sn90U         Ic-norm    0.8123   2.30   0.2041   0.0243    10.90  0    cut
 333  sn02bo        Ia-norm    0.7459   2.30   0.2162   0.0185    10.80  0    cut
 334  lbv03hy       LBV        0.6959   2.30   0.0400   0.0202   -99.90  2    cut
 335  sn90U         Ic-norm    0.7040   2.29   0.1876   0.0212    11.90  0    cut
 336  sn93J         IIb        0.7811   2.29   0.2064   0.0181    -1.60  0    cut
 337  kcSa          Gal        0.9693   2.27   0.0419   0.0084   -99.90  2    cut
 338  sn93J         IIb        0.7906   2.27   0.2092   0.0169    -5.00  0    cut
 339  sn94I         Ic-norm    0.7635   2.27   0.2302   0.0234    -5.60  0    cut
 340  sn99em        IIP        0.8624   2.26   0.1975   0.0154    11.10  0    cut
 341  sn99aa        Ia-91T     0.7663   2.25   0.2438   0.0241    -4.10  0    cut
 342  sn94D         Ia-norm    0.7040   2.25   0.2087   0.0169    10.10  0    cut
 343  sn00cx        Ia-pec     0.6403   2.22   0.2316   0.0227     0.60  0    cut
 344  sn80K         IIL        0.5293   2.22   0.0459   0.0175    12.00  0    cut
 345  sn95D         Ia-norm    0.7026   2.22   0.2116   0.0163    14.10  0    cut
 346  sn05cs        IIP        0.7419   2.21   0.1904   0.0141    10.00  0    cut
 347  sn96cb        IIb        0.7297   2.19   0.3695   0.0136     7.00  0    cut
 348  sn96cb        IIb        0.7297   2.19   0.3695   0.0136     7.00  0    cut
 349  sn06aj        Ic-broad   0.6837   2.19   0.2607   0.0252    -0.50  0    cut
 350  sn97dq        Ic-norm    0.8746   2.17   0.2131   0.0191    81.70  1    cut
 351  kcSB2         Gal        0.9693   2.16   0.1144   0.0077   -99.90  2    cut
 352  sn04S         Ia-norm    0.7866   2.16   0.2097   0.0178    14.00  0    cut
 353  sn05cs        IIP        0.7432   2.16   0.1911   0.0144     9.00  0    cut
 354  sn02ap        Ic-broad   0.7459   2.15   0.2174   0.0239    11.60  0    cut
 355  sn86G         Ia-91bg    0.6539   2.15   0.2232   0.0241    -1.90  0    cut
 356  sn06aj        Ic-broad   0.8610   2.14   0.1143   0.0181    -5.00  0    cut
 357  sn86G         Ia-91bg    0.6566   2.12   0.2220   0.0233    -0.90  0    cut
 358  sn95bd        Ia-norm    0.7148   2.12   0.2159   0.0198    11.30  0    cut
 359  sn99ex        Ib-norm    0.7432   2.12   0.2045   0.0219     9.30  0    cut
 360  sn96cb        IIb        0.7283   2.11   0.2079   0.0161    -2.10  0    cut
 361  lbv03hy       LBV        0.6959   2.11   0.1934   0.0141   -99.90  2    cut
 362  sn96cb        IIb        0.7283   2.10   0.3712   0.0144     5.00  0    cut
 363  sn94I         Ic-norm    0.7365   2.10   0.2109   0.0235     3.30  0    cut
 364  sn02bo        Ia-norm    0.7473   2.10   0.2151   0.0194    11.90  0    cut
 365  sn98bu        Ia-norm    0.6999   2.10   0.2108   0.0204    11.20  0    cut
 366  sn90O         Ia-norm    0.8976   2.08   0.4229   0.0237    -5.10  0    cut
 367  sn06aj        Ic-broad   0.5551   2.08   0.2568   0.0236     1.80  0    cut
 368  sn00cx        Ia-pec     0.6214   2.07   0.2305   0.0212     7.50  0    cut
 369  sn97dq        Ic-norm    0.6972   2.06   0.2117   0.0239     0.00  1    cut
 370  sn83V         Ic-norm    0.6688   2.05   0.2169   0.0226    11.90  0    cut
 371  sn04dj        IIP        0.6715   2.05   0.3500   0.0080    89.80  1    cut
 372  sn02bo        Ia-norm    0.7459   2.04   0.2147   0.0197    12.80  0    cut
 373  sn86G         Ia-91bg    0.6552   2.04   0.2180   0.0225     0.10  0    cut
 374  sn05cs        IIP        0.7446   2.03   0.1917   0.0148     8.00  0    cut
 375  sn94D         Ia-norm    0.9341   2.03   0.2373   0.0270    -5.60  0    cut
 376  sn94D         Ia-norm    0.7771   2.03   0.2101   0.0180    11.00  0    cut
 377  lbv03hy       LBV        0.6796   2.02   0.1809   0.0131   -99.90  2    cut
 378  sn02bo        Ia-norm    0.7473   2.02   0.2142   0.0196    13.80  0    cut
 379  sn02ap        Ic-broad   0.7459   2.01   0.2201   0.0264     6.60  0    cut
 380  lbv03hy       LBV        0.6972   1.98   0.1940   0.0202   -99.90  2    cut
 381  sn06aj        Ic-broad   0.6823   1.98   0.2617   0.0288    -1.50  0    cut
 382  sn92A         Ia-norm    0.8705   1.98   0.2216   0.0194    11.70  0    cut
 383  sn02cx        Ia-pec     0.6931   1.97   0.2103   0.0182    -5.30  0    cut
 384  sn94Q         Ia-norm    0.8312   1.97   0.0493   0.0260    11.60  0    cut
 385  sn06aj        Ic-broad   0.8624   1.96   0.2614   0.0230    -2.10  0    cut
 386  sn86G         Ia-91bg    0.6552   1.96   0.2193   0.0232     1.10  0    cut
 387  sn90B         Ic-norm    0.5835   1.94   0.2020   0.0172     4.00  0    cut
 388  sn94D         Ia-norm    0.7121   1.94   0.0457   0.0291    13.20  0    cut
 389  sn00cx        Ia-pec     0.6173   1.93   0.2323   0.0243    -0.40  0    cut
 390  sn94I         Ic-norm    0.7053   1.93   0.2343   0.0293    -5.70  0    cut
 391  sn97ef        Ic-broad   0.6999   1.93   0.2492   0.0286    -5.10  0    cut
 392  kcSc          Gal        0.9436   1.92   0.3446   0.0070   -99.90  2    cut
 393  sn90K         IIL        0.7270   1.92   0.2067   0.0206    55.60  1    cut
 394  sn98bw        Ic-broad   0.8272   1.92   0.0682   0.0333    13.70  0    cut
 395  sn97dq        Ic-norm    0.7487   1.91   0.2126   0.0242    21.90  1    cut
 396  sn93J         IIb        0.6959   1.91   0.2055   0.0270     2.70  0    cut
 397  sn02ap        Ic-broad   0.8367   1.91   0.2178   0.0198     4.70  0    cut
 398  sn90I         Ib-norm    0.7392   1.90   0.2159   0.0251    11.40  0    cut
 399  sn94I         Ic-norm    0.7094   1.90   0.2143   0.0243     2.10  0    cut
 400  sn91N         Ic-norm    0.8773   1.90   0.0450   0.0362    27.90  1    cut
 401  sn97ei        Ic-norm    0.7608   1.89   0.2146   0.0225    10.90  1    cut
 402  sn98bu        Ia-norm    0.6986   1.89   0.2100   0.0217    12.20  0    cut
 403  sn96X         Ia-norm    0.4806   1.89   0.2104   0.0202    12.70  0    cut
 404  sn94D         Ia-norm    0.9409   1.89   0.4203   0.0174    -3.80  0    cut
 405  sn00H         IIb        0.6959   1.88   0.2047   0.0223    11.60  0    cut
 406  mstar         M-star     0.8042   1.88   0.2640   0.0141    10.00  2    cut
 407  sn02ap        Ic-broad   0.6160   1.88   0.0742   0.0347    -5.50  0    cut
 408  sn02ap        Ic-broad   0.7459   1.87   0.2208   0.0285     4.60  0    cut
 409  sn99dn        Ib-norm    0.7866   1.87   0.2052   0.0284     6.90  1    cut
 410  sn91A         Ic-norm    0.6742   1.86   0.0426   0.0433    32.60  1    cut
 411  sn02ap        Ic-broad   0.6214   1.86   0.2147   0.0279     6.50  0    cut
 412  sn94D         Ia-norm    0.7162   1.85   0.0460   0.0305    12.20  0    cut
 413  sn94I         Ic-norm    0.7080   1.85   0.2195   0.0248    -2.70  0    cut
 414  kcSB6         Gal        0.9693   1.85   0.3451   0.0074   -99.90  2    cut
 415  sn91A         Ic-norm    0.6065   1.84   0.2060   0.0280     0.00  1    cut
 416  sn02ap        Ic-broad   0.7459   1.83   0.2207   0.0285     5.60  0    cut
 417  sn02ap        Ic-broad   0.6945   1.83   0.0702   0.0422    -0.40  0    cut
 418  sn04et        IIP        0.7432   1.83   0.2022   0.0170     6.20  0    cut
 419  sn00H         IIb        0.6931   1.82   0.2047   0.0235    10.60  0    cut
 420  sn97dq        Ic-norm    0.7473   1.82   0.2117   0.0252    17.90  1    cut
 421  sn97cy        IIn        0.8678   1.82   0.0452   0.0300    57.20  1    cut
 422  sn97dq        Ic-norm    0.7487   1.82   0.2130   0.0250    26.90  1    cut
 423  sn05cs        IIP        0.7405   1.82   0.1928   0.0163     7.10  0    cut
 424  sn94D         Ia-norm    0.7013   1.82   0.2091   0.0210    13.40  0    cut
 425  sn97ei        Ic-norm    0.6024   1.81   0.2067   0.0229     0.00  1    cut
 426  sn00H         IIb        0.6931   1.80   0.2067   0.0229     9.60  0    cut
 427  sn00cx        Ia-pec     0.5740   1.80   0.2324   0.0279    -2.40  0    cut
 428  sn84L         Ib-norm    0.7500   1.80   0.3872   0.0287    11.90  0    cut
 429  sn94I         Ic-norm    0.7080   1.80   0.2146   0.0250     1.10  0    cut
 430  sn97dq        Ic-norm    0.7473   1.80   0.2108   0.0260    14.90  1    cut
 431  sn06bp        IIP        0.6403   1.79   0.1960   0.0272    -4.60  0    cut
 432  sn97cy        IIn        0.8664   1.79   0.0801   0.0290     0.00  1    cut
 433  sn98S         IIn        0.8353   1.79   0.1926   0.0186    11.40  0    cut
 434  sn98S         IIn        0.6810   1.79   0.3400   0.0134     1.80  0    cut
 435  sn90K         IIL        0.5672   1.78   0.0402   0.0160   201.70  1    cut
 436  agn           AGN        0.9693   1.78   0.3450   0.0089   -99.90  2    cut
 437  sn98bu        Ia-norm    0.6986   1.77   0.2088   0.0223    13.20  0    cut
 438  kcSB4         Gal        0.9693   1.77   0.3454   0.0072   -99.90  2    cut
 439  sn88L         Ib-norm    0.6295   1.76   0.2212   0.0171    47.70  1    cut
 440  sn02ap        Ic-broad   0.6214   1.75   0.0728   0.0419    -4.50  0    cut
 441  sn02er        Ia-norm    0.6959   1.75   0.0520   0.0295    12.40  0    cut
 442  sn83V         Ic-norm    0.6146   1.74   0.2362   0.0237    -4.00  0    cut
 443  sn90K         IIL        0.7541   1.72   0.3445   0.0114   119.20  1    cut
 444  mstar         M-star     0.8028   1.72   0.1806   0.0352     0.00  2    cut
 445  sn00cx        Ia-pec     0.6498   1.72   0.2354   0.0308    -3.40  0    cut
 446  sn98S         IIn        0.6810   1.72   0.3385   0.0150     0.90  0    cut
 447  sn90K         IIL        0.6850   1.71   0.3444   0.0106   161.00  1    cut
 448  sn02ap        Ic-broad   0.7459   1.70   0.2220   0.0316     3.60  0    cut
 449  sn00H         IIb        0.6918   1.69   0.2079   0.0241     7.70  0    cut
 450  sn94I         Ic-norm    0.7040   1.69   0.2214   0.0264    -3.80  0    cut
 451  sn84L         Ib-norm    0.5591   1.67   0.1937   0.0220     9.00  0    cut
 452  sn90K         IIL        0.6417   1.66   0.0390   0.0164   174.80  1    cut
 453  sn84L         Ib-norm    0.5537   1.66   0.1945   0.0229     8.00  0    cut
 454  sn90K         IIL        0.5320   1.66   0.0556   0.0179   139.00  1    cut
 455  sn90K         IIL        0.7243   1.66   0.3437   0.0108   174.80  1    cut
 456  sn92A         Ia-norm    0.6119   1.64   0.2214   0.0208    11.60  0    cut
 457  sn97cy        IIn        0.8664   1.64   0.0453   0.0273   116.80  1    cut
 458  sn97cy        IIn        0.9490   1.64   0.1034   0.0273    29.40  1    cut
 459  sn00cx        Ia-pec     0.6227   1.62   0.2304   0.0255     9.50  0    cut
 460  lbv03hy       LBV        0.6931   1.62   0.1884   0.0279   -99.90  2    cut
 461  sn90K         IIL        0.7013   1.61   0.3443   0.0108   202.60  1    cut
 462  sn00H         IIb        0.6959   1.60   0.2101   0.0246     6.70  0    cut
 463  sn06aj        Ic-broad   0.7121   1.60   0.2646   0.0333    -3.40  0    cut
 464  sn91A         Ic-norm    0.6431   1.60   0.2046   0.0235    10.90  1    cut
 465  sn98S         IIn        0.6877   1.59   0.1921   0.0157     2.70  0    cut
 466  sn02ap        Ic-broad   0.5781   1.59   0.2168   0.0242    12.70  0    cut
 467  mstar         M-star     0.8055   1.58   0.0403   0.0244     3.00  2    cut
 468  sn90K         IIL        0.6539   1.58   0.2028   0.0212    76.40  1    cut
 469  sn90K         IIL        0.6065   1.57   0.2087   0.0284    53.30  1    cut
 470  sn04dj        IIP        0.5970   1.56   0.0431   0.0180    50.60  1    cut
 471  sn97cy        IIn        0.8664   1.55   0.0411   0.0181   377.70  1    cut
 472  sn83N         Ib-norm    0.7446   1.54   0.1938   0.0227    12.00  0    cut
 473  sn98dt        Ib-norm    0.8786   1.54   0.3933   0.0266     7.90  0    cut
 474  sn98S         IIn        0.5808   1.53   0.1976   0.0235     1.90  0    cut
 475  sn90K         IIL        0.6119   1.53   0.0779   0.0174   136.20  1    cut
 476  sn00H         IIb        0.7392   1.52   0.2110   0.0236     8.40  0    cut
 477  sn87A         II-pec     0.5781   1.52   0.4109   0.0309    11.30  0    cut
 478  mstar         M-star     0.8015   1.51   0.1808   0.0367     1.00  2    cut
 479  sn97cy        IIn        0.8651   1.50   0.0446   0.0310    71.30  1    cut
 480  sn87A         II-pec     0.5740   1.50   0.1952   0.0214    13.30  0    cut
 481  sn99em        IIP        0.8637   1.49   0.2019   0.0216     6.20  0    cut
 482  sn04dj        IIP        0.5740   1.49   0.3466   0.0105     5.00  1    cut
 483  sn99em        IIP        0.7446   1.48   0.3600   0.0142     9.40  0    cut
 484  sn06bp        IIP        0.6431   1.48   0.0505   0.0244    13.20  0    cut
 485  sn90K         IIL        0.6268   1.47   0.0585   0.0186   147.10  1    cut
 486  sn91A         Ic-norm    0.6065   1.47   0.4878   0.0225    16.80  1    cut
 487  sn83V         Ic-norm    0.5916   1.46   0.2150   0.0328    12.90  0    cut
 488  sn97dd        IIb        0.7527   1.45   0.3710   0.0147     3.60  1    cut
 489  sn90B         Ic-norm    0.4346   1.45   0.3049   0.0263     6.00  0    cut
 490  sn91N         Ic-norm    0.9219   1.44   0.2139   0.0277     0.00  1    cut
 491  sn04dj        IIP        0.5740   1.43   0.3457   0.0106    17.00  1    cut
 492  sn97cy        IIn        0.9693   1.43   0.0817   0.0255   196.10  1    cut
 493  lbv01ac       LBV        0.6959   1.43   0.0417   0.0148   -99.90  2    cut
 494  sn79C         IIL        0.5510   1.43   0.3039   0.0186    12.90  0    cut
 495  sn90B         Ic-norm    0.4346   1.42   0.3068   0.0262     7.00  0    cut
 496  sn97cy        IIn        0.8664   1.42   0.1076   0.0189   226.10  1    cut
 497  mstar         M-star     0.8055   1.40   0.1801   0.0365     2.00  2    cut
 498  sn04et        IIP        0.7432   1.40   0.2032   0.0204     4.00  0    cut
 499  sn90B         Ic-norm    0.4346   1.39   0.3083   0.0260     5.90  0    cut
 500  sn83V         Ic-norm    0.6038   1.39   0.2159   0.0332    13.90  0    cut
 501  sn90B         Ic-norm    0.4346   1.38   0.3081   0.0265     9.90  0    cut
 502  sn95F         Ic-norm    0.8096   1.38   0.2196   0.0275    88.60  1    cut
 503  sn04dj        IIP        0.5943   1.38   0.0433   0.0183    48.00  1    cut
 504  sn04dj        IIP        0.5943   1.38   0.0436   0.0175    50.00  1    cut
 505  sn91ar        Ib-norm    0.4860   1.36   0.0014   0.0183    15.80  1    cut
 506  sn97cy        IIn        0.8664   1.36   0.0737   0.0260   125.30  1    cut
 507  sn04dj        IIP        0.5943   1.36   0.3441   0.0105    46.80  1    cut
 508  sn04dj        IIP        0.5713   1.36   0.3449   0.0102    36.00  1    cut
 509  sn91A         Ic-norm    0.6552   1.35   0.2140   0.0249    47.50  1    cut
 510  sn90K         IIL        0.5591   1.35   0.3468   0.0129    50.50  1    cut
 511  mstar         M-star     0.8028   1.35   0.2090   0.0354     4.00  2    cut
 512  sn04dj        IIP        0.5916   1.35   0.3442   0.0106    51.90  1    cut
 513  sn04dj        IIP        0.5727   1.32   0.3457   0.0108    18.00  1    cut
 514  sn87A         II-pec     0.5767   1.32   0.4079   0.0381    -4.70  0    cut
 515  sn97dd        IIb        0.7405   1.32   0.2097   0.0444    16.40  1    cut
 516  mstar         M-star     0.8042   1.31   0.2651   0.0139     8.00  2    cut
 517  sn98T         Ib-norm    0.6024   1.31   0.3215   0.0222     0.00  1    cut
 518  sn80K         IIL        0.5280   1.31   0.0501   0.0222     7.00  0    cut
 519  mstar         M-star     0.8028   1.30   0.2666   0.0181     9.00  2    cut
 520  sn91N         Ic-norm    0.9206   1.29   0.0437   0.0453    12.00  1    cut
 521  sn80K         IIL        0.5618   1.29   0.2775   0.0234    11.00  0    cut
 522  sn91N         Ic-norm    0.9314   1.29   0.0801   0.0291   250.20  1    cut
 523  sn91N         Ic-norm    0.8109   1.29   0.2134   0.0352     5.70  1    cut
 524  sn97cy        IIn        0.8339   1.28   0.0418   0.0408   174.50  1    cut
 525  sn98dt        Ib-norm    0.7013   1.28   0.1986   0.0282     3.90  0    cut
 526  sn91ar        Ib-norm    0.6620   1.27   0.2108   0.0259    27.40  1    cut
 527  sn05hk        Ia-pec     0.4833   1.27   0.2143   0.0158    -4.20  0    cut
 528  sn97dq        Ic-norm    0.8096   1.27   0.2124   0.0227   222.20  1    cut
 529  sn90aa        Ic-norm    0.7107   1.27   0.2241   0.0272   116.10  1    cut
 530  sn04dj        IIP        0.5510   1.26   0.0427   0.0191     2.70  1    cut
 531  sn02ap        Ic-broad   0.8136   1.24   0.0766   0.0588    -2.40  0    cut
 532  mstar         M-star     0.8028   1.23   0.3374   0.0265     6.00  2    cut
 533  sn06bp        IIP        0.6512   1.23   0.0531   0.0277     8.10  0    cut
 534  sn97dq        Ic-norm    0.4549   1.23   0.0487   0.0292    42.80  1    cut
 535  sn87A         II-pec     0.5740   1.22   0.4048   0.0428     1.30  0    cut
 536  sn91N         Ic-norm    0.8123   1.22   0.4097   0.0440     6.60  1    cut
 537  lbv99bw       LBV        0.6999   1.21   0.0413   0.0156   -99.90  2    cut
 538  sn90aa        Ic-norm    0.7107   1.21   0.0820   0.0467    61.50  1    cut
 539  sn91A         Ic-norm    0.5564   1.21   0.0371   0.0736    61.40  1    cut
 540  sn87A         II-pec     0.5754   1.21   0.4055   0.0405     9.30  0    cut
 541  sn99di        Ib-norm    0.5686   1.20   0.3152   0.0213    30.50  1    cut
 542  sn99em        IIP        0.6728   1.20   0.0466   0.0259     6.60  0    cut
 543  sn05hk        Ia-pec     0.4806   1.20   0.4973   0.0206    -3.40  0    cut
 544  sn04dj        IIP        0.5672   1.19   0.3452   0.0113    20.00  1    cut
 545  sn99em        IIP        0.7459   1.19   0.3608   0.0156     6.40  0    cut
 546  sn79C         IIL        0.4955   1.19   0.3208   0.0384     9.90  0    cut
 547  sn91A         Ic-norm    0.6431   1.19   0.2153   0.0208    65.10  1    cut
 548  sn98dt        Ib-norm    0.6959   1.18   0.2040   0.0325     6.80  0    cut
 549  sn92H         IIP        0.5551   1.16   0.0527   0.0408    11.50  0    cut
 550  sn91N         Ic-norm    0.8123   1.16   0.2094   0.0386     7.60  1    cut
 551  sn06bp        IIP        0.7080   1.15   0.2123   0.0236     7.20  0    cut
 552  sn05bf        Ib-pec     0.6065   1.13   0.1994   0.0370    -0.90  0    cut
 553  sn91N         Ic-norm    0.6945   1.13   0.0797   0.0266   276.10  1    cut
 554  sn99em        IIP        0.6634   1.12   0.0470   0.0265     5.60  0    cut
 555  sn79C         IIL        0.4955   1.12   0.3236   0.0327    10.90  0    cut
 556  sn99dn        Ib-norm    0.6796   1.11   0.0886   0.0281    27.70  1    cut
 557  sn02ap        Ic-broad   0.6999   1.10   0.2269   0.0526     0.60  0    cut
 558  sn98dt        Ib-norm    0.7568   1.10   0.1954   0.0407    10.70  0    cut
 559  sn02ap        Ic-broad   0.6200   1.10   0.0518   0.0704     1.50  0    cut
 560  mstar         M-star     0.8042   1.10   0.3393   0.0316     7.00  2    cut
 561  sn05cs        IIP        0.7446   1.09   0.1943   0.0211     5.00  0    cut
 562  sn80K         IIL        0.5185   1.08   0.0482   0.0220     9.00  0    cut
 563  sn87A         II-pec     0.5713   1.08   0.3668   0.0256     3.30  0    cut
 564  sn98bw        Ic-broad   0.8475   1.08   0.0730   0.0700     7.80  0    cut
 565  sn04dj        IIP        0.5524   1.07   0.2030   0.0309     8.00  1    cut
 566  sn98dt        Ib-norm    0.7581   1.07   0.1939   0.0422    11.70  0    cut
 567  sn83N         Ib-norm    0.5591   1.07   0.4739   0.0461     4.00  0    cut
 568  sn04dj        IIP        0.5551   1.07   0.2042   0.0293     0.00  1    cut
 569  sn90B         Ic-norm    0.4319   1.06   0.3087   0.0283     5.00  0    cut
 570  mstar         M-star     0.8042   1.05   0.3388   0.0310     5.00  2    cut
 571  sn98dt        Ib-norm    0.6999   1.05   0.2161   0.0274     0.00  0    cut
 572  sn99dn        Ib-norm    0.7595   1.04   0.2039   0.0466     0.00  1    cut
 573  sn98dt        Ib-norm    0.6986   1.04   0.2166   0.0291     0.90  0    cut
 574  sn98bw        Ic-broad   0.9016   1.03   0.1821   0.0625    11.70  0    cut
 575  sn99di        Ib-norm    0.6850   1.03   0.0884   0.0294    23.60  1    cut
 576  sn98bw        Ic-broad   0.9639   1.02   0.0437   0.0482    12.70  0    cut
 577  sn04et        IIP        0.7392   1.01   0.5895   0.0257    -0.90  0    cut
 578  sn99gi        IIP        0.6837   1.01   0.3669   0.0275    -5.00  0    cut
 579  sn99em        IIP        0.7974   1.00   0.3613   0.0196     2.40  0    cut
 580  sn06bp        IIP        0.7392   0.99   0.3661   0.0193     4.20  0    cut
 581  sn06bp        IIP        0.7392   0.96   0.3671   0.0198     3.30  0    cut
 582  sn99em        IIP        0.8624   0.96   0.3603   0.0230     0.20  0    cut
 583  sn04et        IIP        0.7351   0.96   0.2052   0.0253     2.00  0    cut
 584  sn98S         IIn        0.8299   0.96   0.2537   0.0241    -1.50  0    cut
 585  sn87A         II-pec     0.5767   0.96   0.3967   0.1230    -2.70  0    cut
 586  sn99di        Ib-norm    0.6864   0.95   0.3180   0.0248     0.00  1    cut
 587  lbv99bw       LBV        0.6525   0.94   0.0622   0.0177   -99.90  2    cut
 588  sn97dc        Ib-norm    0.6810   0.92   0.3126   0.0281     0.00  1    cut
 589  sn99em        IIP        0.7568   0.90   0.2023   0.0270     5.40  0    cut
 590  lbv03hy       LBV        0.6945   0.89   0.1835   0.0206   -99.90  2    cut
 591  sn05cs        IIP        0.7378   0.86   0.0961   0.0251     0.10  0    cut
 592  sn91ar        Ib-norm    0.5348   0.85   0.1875   0.0420     0.00  1    cut
 593  sn98bw        Ic-broad   0.8542   0.84   0.0723   0.0801     8.70  0    cut
 594  sn06bp        IIP        0.6403   0.84   0.3646   0.0407    -1.70  0    cut
 595  sn06bp        IIP        0.6390   0.83   0.3513   0.0439     0.10  0    cut
 596  sn05cs        IIP        0.7432   0.83   0.0962   0.0245     1.00  0    cut
 597  sn99gi        IIP        0.6864   0.81   0.3638   0.0283    -4.00  0    cut
 598  sn05cs        IIP        0.7392   0.80   0.0979   0.0236    -1.90  0    cut
 599  sn05cs        IIP        0.7432   0.80   0.5792   0.0262     3.10  0    cut
 600  sn04et        IIP        0.7365   0.78   0.2064   0.0274     1.00  0    cut
 601  sn99em        IIP        0.6918   0.76   0.3604   0.0320    -2.60  0    cut
 602  sn04et        IIP        0.7297   0.73  -0.0094   0.0000    -1.90  0    cut
 603  sn05cs        IIP        0.7419   0.72   0.0961   0.0231    -0.80  0    cut
 604  sn05cs        IIP        0.7419   0.72   0.1956   0.0235     4.00  0    cut
 605  sn05cs        IIP        0.7432   0.70   0.0964   0.0291     2.10  0    cut
 606  sn99em        IIP        0.7446   0.70   0.3618   0.0241     1.40  0    cut
 607  sn91A         Ic-norm    0.4833   0.70   0.0718   0.1091   128.30  1    cut
 608  sn99em        IIP        0.6864   0.70   0.3625   0.0343    -3.60  0    cut
 609  sn06bp        IIP        0.6498   0.66   0.3611   0.0575     2.10  0    cut
 610  sn04et        IIP        0.7365   0.66  -0.0094   0.0000    -2.90  0    cut
 611  sn99em        IIP        0.6918   0.59   0.3625   0.0272    -1.60  0    cut
 612  sn99em        IIP        0.7459   0.58  -0.0094   0.0000     0.40  0    cut
 613  sn99em        IIP        0.9274   0.55   0.1754   0.0287    -3.70  0    cut
 614  sn99em        IIP        0.7527   0.54  -0.0094   0.0000    -0.60  0    cut
