### SNID output file ###
 
### input spectrum and options ###
# Input spectrum                 : 5844_5.50.dat
# Parameter file                 : NA
# Wavelength range               :    3998.67   8998.76
# Mask file                      : NA
# Median filtering width [A]     : NA
# Median filtering width [pix]   :       1.00
# Clip emission redshift         :     0.3093
# Clip sky lines                 : 0
# Emission clip width [A]        :       0.31
# Keep A-band                    : 1
# Age range                      :      -4.50     15.50
# Delta range                    :      -9.99     99.90
# Min. number of spectra/template:   1
# Use only templates             : NA
# Use only types                 : NA
# Avoid templates                : NA
# Avoid types                    : NA
# rlapmin                        :       5.00
# Redshift range                 :    -0.0100    1.2000
# Forced initial redshift        :     0.3093
# Extra fake redshift            : NA
# Nsigma for initial redshift    : NA
# Redshift filter                :     0.0200
# Wavenumbers k1,k2,k3,k4        :     1    4   85  102
# Template directory             : /Users/daniel/snid-5.0/templates/
 
### initial/user-input redshift ###
zinit       0.0000
zuser       0.3093
 
### median redshift/age and error ###
zmed        0.3104    0.0059
agem          1.35      2.94
 
### type fraction/redshift/age ###
#type ntemp fraction slope redshift redshift_error age age_error
Ia             88      1.00    0.0000    0.3104    0.0059     1.350     2.936
Ia-norm        79      0.90    0.0268    0.3103    0.0054     1.500     2.986
Ia-91T          6      0.07   -0.0192    0.3223    0.0040     0.550     1.745
Ia-91bg         2      0.02    0.0000    0.3082    0.0020    -1.550     1.626
Ia-csm          0      0.00    0.0000    0.0000    0.0000     0.000     0.000
Ia-pec          1      0.01    0.0000    0.3143    0.0000    -2.600     0.000
###
Ib              0      0.00    0.0000    0.0000    0.0000     0.000     0.000
Ib-norm         0      0.00    0.0000    0.0000    0.0000     0.000     0.000
Ib-pec          0      0.00    0.0000    0.0000    0.0000     0.000     0.000
IIb             0      0.00    0.0000    0.0000    0.0000     0.000     0.000
###
Ic              0      0.00    0.0000    0.0000    0.0000     0.000     0.000
Ic-norm         0      0.00    0.0000    0.0000    0.0000     0.000     0.000
Ic-pec          0      0.00    0.0000    0.0000    0.0000     0.000     0.000
Ic-broad        0      0.00    0.0000    0.0000    0.0000     0.000     0.000
###
II              0      0.00    0.0000    0.0000    0.0000     0.000     0.000
IIP             0      0.00    0.0000    0.0000    0.0000     0.000     0.000
II-pec          0      0.00    0.0000    0.0000    0.0000     0.000     0.000
IIn             0      0.00    0.0000    0.0000    0.0000     0.000     0.000
IIL             0      0.00    0.0000    0.0000    0.0000     0.000     0.000
###
NotSN           0      0.00    0.0000    0.0000    0.0000     0.000     0.000
AGN             0      0.00    0.0000    0.0000    0.0000     0.000     0.000
Gal             0      0.00    0.0000    0.0000    0.0000     0.000     0.000
LBV             0      0.00    0.0000    0.0000    0.0000     0.000     0.000
M-star          0      0.00    0.0000    0.0000    0.0000     0.000     0.000
 
### rlap-ordered template listings ###
#no. sn type lap rlap z zerr age age_flag grade
   1  sn94ae        Ia-norm    0.6525  10.36   0.3102   0.0048     2.30  0   good
   2  sn94ae        Ia-norm    0.6783   9.99   0.3124   0.0051     3.30  0   good
   3  sn94ae        Ia-norm    0.6661   9.82   0.3108   0.0050     4.40  0   good
   4  sn95D         Ia-norm    0.6904   9.79   0.3098   0.0054     4.20  0   good
   5  sn96X         Ia-norm    0.8028   9.30   0.3109   0.0055     0.90  0   good
   6  sn90N         Ia-norm    0.5794   9.03   0.3037   0.0050     2.60  0   good
   7  sn01el        Ia-norm    0.4860   9.00   0.3131   0.0050     1.30  0   good
   8  sn03du        Ia-norm    0.7487   8.96   0.3101   0.0059     5.00  0   good
   9  sn96X         Ia-norm    0.8001   8.94   0.3101   0.0057     1.90  0   good
  10  sn03du        Ia-norm    0.6769   8.85   0.3080   0.0058     3.90  0   good
  11  sn95D         Ia-norm    0.7107   8.38   0.3086   0.0061     6.10  0   good
  12  sn94ae        Ia-norm    0.6390   8.22   0.3106   0.0056     3.30  0   good
  13  sn94ae        Ia-norm    0.6498   8.02   0.3109   0.0060     1.30  0   good
  14  sn03du        Ia-norm    0.6755   7.99   0.3100   0.0066     1.90  0   good
  15  sn98aq        Ia-norm    0.6133   7.95   0.3090   0.0054     3.90  0   good
  16  sn98aq        Ia-norm    0.6133   7.76   0.3089   0.0055     4.90  0   good
  17  sn98aq        Ia-norm    0.6133   7.73   0.3091   0.0056     2.90  0   good
  18  sn81B         Ia-norm    0.8055   7.72   0.3263   0.0070     0.00  0   good
  19  sn94ae        Ia-norm    0.6742   7.65   0.3107   0.0062     6.40  0   good
  20  sn03cg        Ia-norm    0.5415   7.55   0.3112   0.0060    -1.80  0   good
  21  sn81B         Ia-norm    0.8001   7.43   0.3263   0.0073    -0.90  0   good
  22  sn98aq        Ia-norm    0.6133   7.38   0.3092   0.0060     1.90  0   good
  23  sn02er        Ia-norm    0.7067   7.23   0.3171   0.0074    -3.50  0   good
  24  sn94M         Ia-norm    0.5970   7.22   0.3133   0.0065     5.00  0   good
  25  sn98aq        Ia-norm    0.6133   7.11   0.3089   0.0058     5.90  0   good
  26  sn94D         Ia-norm    0.6972   7.09   0.3082   0.0067     2.90  0   good
  27  sn03cg        Ia-norm    0.6336   7.03   0.3089   0.0059     1.50  0   good
  28  sn03du        Ia-norm    0.6769   7.02   0.3112   0.0076     0.80  0   good
  29  sn03du        Ia-norm    0.6133   6.93   0.3086   0.0063     2.20  0   good
  30  sn98aq        Ia-norm    0.6119   6.92   0.3091   0.0065     0.90  0   good
  31  sn92A         Ia-norm    0.8069   6.90   0.3252   0.0078    -0.40  0   good
  32  sn05hj        Ia-norm    0.5510   6.89   0.3099   0.0063     1.60  0   good
  33  sn03du        Ia-norm    0.6769   6.88   0.3112   0.0079    -0.20  0   good
  34  sn03du        Ia-norm    0.6160   6.76   0.3085   0.0064     3.10  0   good
  35  sn96X         Ia-norm    0.6092   6.75   0.3096   0.0065    -1.10  0   good
  36  sn94S         Ia-norm    0.6024   6.62   0.3089   0.0067     1.40  0   good
  37  sn03cg        Ia-norm    0.6051   6.57   0.3101   0.0068    -0.50  0   good
  38  sn99aw        Ia-91T     0.7080   6.51   0.3266   0.0095     0.30  0   good
  39  sn99aw        Ia-91T     0.6742   6.46   0.3221   0.0082     3.20  0   good
  40  sn95D         Ia-norm    0.7162   6.46   0.3081   0.0075     8.10  0   good
  41  sn98aq        Ia-norm    0.6119   6.45   0.3092   0.0070     0.00  0   good
  42  sn94D         Ia-norm    0.6146   6.28   0.3107   0.0071    -3.60  0   good
  43  sn02er        Ia-norm    0.6850   6.26   0.3142   0.0079    -0.50  0   good
  44  sn98bu        Ia-norm    0.6106   6.15   0.3099   0.0072    -0.70  0   good
  45  sn03cg        Ia-norm    0.5429   6.11   0.3105   0.0072    -2.30  0   good
  46  sn94M         Ia-norm    0.5578   6.09   0.3149   0.0079     4.00  0   good
  47  sn98aq        Ia-norm    0.6133   6.02   0.3085   0.0067     6.90  0   good
  48  sn91M         Ia-norm    0.6769   6.02   0.3175   0.0084     2.70  0   good
  49  sn96X         Ia-norm    0.6024   5.98   0.3103   0.0074    -0.90  0   good
  50  sn03du        Ia-norm    0.6891   5.97   0.3079   0.0077     7.90  0   good
  51  sn86G         Ia-91bg    0.5632   5.96   0.3096   0.0081    -2.70  0   good
  52  sn94S         Ia-norm    0.5997   5.95   0.3091   0.0081    -3.40  0   good
  53  sn92A         Ia-norm    0.8069   5.95   0.3231   0.0083     2.40  0   good
  54  sn98bu        Ia-norm    0.6106   5.92   0.3102   0.0075    -1.70  0   good
  55  sn03du        Ia-norm    0.6931   5.90   0.3116   0.0098    -1.10  0   good
  56  sn94D         Ia-norm    0.6133   5.86   0.3100   0.0075     0.40  0   good
  57  sn99aw        Ia-91T     0.5036   5.75   0.3162   0.0087    -0.70  0   good
  58  sn98bu        Ia-norm    0.6106   5.68   0.3104   0.0078    -2.80  0   good
  59  sn02er        Ia-norm    0.7649   5.67   0.3134   0.0089     3.40  0   good
  60  sn99ac        Ia-91T     0.7256   5.67   0.3225   0.0098     0.80  0   good
  61  sn92A         Ia-norm    0.6661   5.67   0.3237   0.0080    -0.60  0   good
  62  sn89B         Ia-norm    0.6498   5.66   0.3088   0.0084     3.50  0   good
  63  sn02er        Ia-norm    0.7581   5.61   0.3190   0.0096    -1.50  0   good
  64  sn05hj        Ia-norm    0.5524   5.61   0.3101   0.0078    -0.30  0   good
  65  sn03du        Ia-norm    0.6160   5.57   0.3093   0.0079    -0.80  0   good
  66  sn89B         Ia-norm    0.7771   5.55   0.3132   0.0095    -0.50  0   good
  67  sn04eo        Ia-norm    0.6810   5.52   0.3070   0.0081     2.20  0   good
  68  sn96X         Ia-norm    0.6403   5.52   0.3094   0.0076     1.90  0   good
  69  sn02bo        Ia-norm    0.7703   5.47   0.3291   0.0108    -4.50  0   good
  70  sn86G         Ia-91bg    0.5578   5.44   0.3068   0.0087    -0.40  0   good
  71  sn99aa        Ia-91T     0.7256   5.43   0.3275   0.0109    -0.60  0   good
  72  sn03cg        Ia-norm    0.6728   5.43   0.3099   0.0082     4.50  0   good
  73  sn02er        Ia-norm    0.7649   5.42   0.3197   0.0101    -2.50  0   good
  74  sn96X         Ia-norm    0.6417   5.41   0.3104   0.0078     0.00  0   good
  75  sn99aa        Ia-91T     0.7473   5.38   0.3312   0.0102     2.70  0    bad
  76  sn99ac        Ia-91T     0.7419   5.37   0.3220   0.0101     3.10  0   good
  77  sn94D         Ia-norm    0.6945   5.36   0.3122   0.0091    -1.80  0   good
  78  sn99ee        Ia-norm    0.7405   5.31   0.3213   0.0117     2.20  0   good
  79  sn96X         Ia-norm    0.6417   5.28   0.3101   0.0079     1.00  0   good
  80  sn92A         Ia-norm    0.8069   5.25   0.3281   0.0090     5.90  0   good
  81  sn02er        Ia-norm    0.7256   5.25   0.3106   0.0092     5.50  0   good
  82  sn95E         Ia-norm    0.6363   5.24   0.3103   0.0084     0.10  0   good
  83  sn02bo        Ia-norm    0.7297   5.23   0.3242   0.0107    -1.40  0   good
  84  sn96X         Ia-norm    0.6403   5.21   0.3095   0.0079     2.90  0   good
  85  sn06gz        Ia-pec     0.6200   5.19   0.3143   0.0075    -2.60  0   good
  86  sn92A         Ia-norm    0.6647   5.19   0.3209   0.0084     3.30  0   good
  87  lbv01ac       LBV        0.7500   5.18   0.2579   0.0081   -99.90  2    bad
  88  sn94ae        Ia-norm    0.8069   5.16   0.3089   0.0090     9.40  0   good
  89  sn01el        Ia-norm    0.5023   5.15   0.3164   0.0088    -3.70  0   good
  90  sn02er        Ia-norm    0.6106   5.04   0.3113   0.0086     1.50  0   good
#--- rlap cutoff
  91  sn94D         Ia-norm    0.6837   4.94   0.3110   0.0087     2.20  0    cut
  92  sn99by        Ia-91bg    0.6728   4.92   0.3064   0.0083    -2.80  0    cut
  93  sn94D         Ia-norm    0.6160   4.92   0.3114   0.0088    -2.60  0    cut
  94  sn95E         Ia-norm    0.6024   4.91   0.3111   0.0087    -1.90  0    cut
  95  sn95E         Ia-norm    0.6227   4.90   0.3101   0.0083     2.00  0    cut
  96  sn96X         Ia-norm    0.6417   4.88   0.3115   0.0086    -3.00  0    cut
  97  sn96X         Ia-norm    0.6417   4.82   0.3114   0.0086    -2.00  0    cut
  98  sn95E         Ia-norm    0.6092   4.82   0.3060   0.0085     7.00  0    cut
  99  sn03du        Ia-norm    0.6904   4.82   0.3076   0.0092     8.90  0    cut
 100  sn02bo        Ia-norm    0.7974   4.79   0.3155   0.0108     5.50  0    cut
 101  sn90O         Ia-norm    0.6336   4.77   0.3182   0.0089    -0.40  0    cut
 102  sn96X         Ia-norm    0.6376   4.77   0.3085   0.0083     4.90  0    cut
 103  sn90N         Ia-norm    0.8069   4.76   0.3062   0.0096     4.90  0    cut
 104  sn96C         Ia-norm    0.7013   4.75   0.3086   0.0094     8.30  0    cut
 105  sn89B         Ia-norm    0.6471   4.69   0.3076   0.0094     5.50  0    cut
 106  sn02bo        Ia-norm    0.7026   4.67   0.3202   0.0116    -0.30  0    cut
 107  sn05hj        Ia-norm    0.5524   4.66   0.3096   0.0085     4.30  0    cut
 108  sn99ee        Ia-norm    0.7392   4.63   0.3242   0.0133     0.30  0    cut
 109  sn04eo        Ia-norm    0.6309   4.54   0.3076   0.0093    -2.80  0    cut
 110  sn99ee        Ia-norm    0.7080   4.50   0.3155   0.0123     7.10  0    cut
 111  sn98bu        Ia-norm    0.5672   4.48   0.3082   0.0104     1.20  0    cut
 112  sn92A         Ia-norm    0.7067   4.47   0.3193   0.0101     6.30  0    cut
 113  sn03fg        Ia-pec     0.8069   4.45   0.2999   0.0097     2.00  0    cut
 114  sn02bo        Ia-norm    0.6133   4.41   0.3201   0.0115    -3.10  0    cut
 115  sn86G         Ia-91bg    0.5916   4.37   0.3103   0.0095     0.60  0    cut
 116  sn06gz        Ia-pec     0.7067   4.36   0.3115   0.0103     4.30  0    cut
 117  sn03du        Ia-norm    0.7026   4.34   0.3073   0.0102     9.80  0    cut
 118  sn02bo        Ia-norm    0.6133   4.34   0.3211   0.0117    -4.00  0    cut
 119  sn94S         Ia-norm    0.6268   4.34   0.3211   0.0161    -2.50  0    cut
 120  sn02bo        Ia-norm    0.6133   4.34   0.3180   0.0114    -1.20  0    cut
 121  sn02bo        Ia-norm    0.6133   4.34   0.3190   0.0115    -2.10  0    cut
 122  sn02bo        Ia-norm    0.6755   4.32   0.3227   0.0118    -2.50  0    cut
 123  sn02er        Ia-norm    0.6227   4.32   0.3090   0.0095     4.40  0    cut
 124  sn06gz        Ia-pec     0.6986   4.31   0.3102   0.0099     6.30  0    cut
 125  sn94ae        Ia-norm    0.6864   4.29   0.3090   0.0102     9.30  0    cut
 126  sn02bo        Ia-norm    0.6755   4.28   0.3207   0.0119    -1.50  0    cut
 127  sn96X         Ia-norm    0.6417   4.28   0.3078   0.0092     5.90  0    cut
 128  sn02bo        Ia-norm    0.6742   4.26   0.3208   0.0116    -1.20  0    cut
 129  sn06gz        Ia-pec     0.6309   4.25   0.3111   0.0081     5.20  0    cut
 130  sn03cg        Ia-norm    0.6336   4.23   0.3120   0.0094    -4.50  0    cut
 131  sn86G         Ia-91bg    0.5957   4.22   0.3103   0.0096     1.60  0    cut
 132  sn02bo        Ia-norm    0.6755   4.21   0.3237   0.0122    -3.40  0    cut
 133  sn00E         Ia-norm    0.6336   4.14   0.3140   0.0103    -1.40  0    cut
 134  sn93ac        Ia-norm    0.8069   4.07   0.3151   0.0116     6.90  0    cut
 135  kcSa          Gal        0.8069   4.06   0.2714   0.0114   -99.90  2    cut
 136  sn06gz        Ia-pec     0.6986   4.05   0.3096   0.0104     7.20  0    cut
 137  sn04S         Ia-norm    0.7987   4.02   0.3243   0.0171     1.70  0    cut
 138  sn96X         Ia-norm    0.6390   4.01   0.3072   0.0095     6.90  0    cut
 139  sn04aw        Ic-norm    0.7392   4.01   0.3140   0.0114    -0.20  0    cut
 140  sn04aw        Ic-norm    0.7595   4.00   0.3166   0.0117    -1.70  0    cut
 141  sn03du        Ia-norm    0.7554   3.89   0.3162   0.0172    -3.20  0    cut
 142  sn96X         Ia-norm    0.8055   3.83   0.3075   0.0112     7.80  0    cut
 143  sn02ic        Ia-csm     0.7933   3.80   0.3056   0.0133     5.60  0    cut
 144  sn00E         Ia-norm    0.6444   3.75   0.3137   0.0117    -2.50  0    cut
 145  sn03du        Ia-norm    0.7026   3.75   0.3067   0.0114    10.80  0    cut
 146  sn99by        Ia-91bg    0.6133   3.74   0.3063   0.0101    -3.90  0    cut
 147  sn02er        Ia-norm    0.7541   3.70   0.3226   0.0152    -4.40  0    cut
 148  sn99aa        Ia-91T     0.6322   3.67   0.3282   0.0135    -4.10  0    cut
 149  sn95E         Ia-norm    0.7121   3.65   0.3063   0.0117    10.00  0    cut
 150  sn00cx        Ia-pec     0.7189   3.64   0.3169   0.0124     1.60  0    cut
 151  sn97dd        IIb        0.6850   3.64   0.2903   0.0142     0.00  1    cut
 152  sn94ae        Ia-norm    0.6823   3.63   0.3082   0.0116    10.40  0    cut
 153  sn94M         Ia-norm    0.6431   3.62   0.3127   0.0107     7.90  0    cut
 154  sn86G         Ia-91bg    0.6444   3.61   0.3138   0.0114    -3.40  0    cut
 155  sn86G         Ia-91bg    0.6444   3.59   0.3126   0.0114    -2.40  0    cut
 156  sn96cb        IIb        0.6403   3.55   0.2859   0.0156     0.90  0    cut
 157  sn06gz        Ia-pec     0.6999   3.55   0.3087   0.0114     8.20  0    cut
 158  sn86G         Ia-91bg    0.6458   3.48   0.3146   0.0118    -4.40  0    cut
 159  sn06gz        Ia-pec     0.6295   3.44   0.3096   0.0098     7.20  0    cut
 160  sn92A         Ia-norm    0.6471   3.38   0.3183   0.0114     7.30  0    cut
 161  sn05bf        Ib-pec     0.8069   3.38   0.2961   0.0147     3.40  0    cut
 162  sn06aj        Ic-broad   0.6728   3.38   0.1871   0.0169    -3.40  0    cut
 163  sn99ac        Ia-91T     0.7595   3.37   0.3192   0.0137     9.20  0    cut
 164  sn96X         Ia-norm    0.6417   3.36   0.3061   0.0111     7.90  0    cut
 165  sn89B         Ia-norm    0.6390   3.33   0.3062   0.0121     7.50  0    cut
 166  sn96cb        IIb        0.6390   3.31   0.2860   0.0162     7.00  0    cut
 167  sn92A         Ia-norm    0.8069   3.30   0.3153   0.0127     8.70  0    cut
 168  sn96cb        IIb        0.6390   3.30   0.2860   0.0161     7.00  0    cut
 169  sn91T         Ia-91T     0.8069   3.24   0.1598   0.0177    -0.20  0    cut
 170  sn04aw        Ic-norm    0.6255   3.20   0.3159   0.0141    -2.20  0    cut
 171  sn95D         Ia-norm    0.6376   3.20   0.3051   0.0117    10.10  0    cut
 172  sn00cx        Ia-pec     0.5943   3.18   0.3169   0.0133     0.60  0    cut
 173  sn06gz        Ia-pec     0.6986   3.14   0.3082   0.0124     9.20  0    cut
 174  sn00cx        Ia-pec     0.5551   3.13   0.3154   0.0124     7.50  0    cut
 175  sn05bf        Ib-pec     0.6918   3.12   0.2980   0.0153    -3.60  0    cut
 176  sn94ae        Ia-norm    0.6715   3.12   0.3077   0.0127    11.30  0    cut
 177  sn91bg        Ia-91bg    0.5375   3.07   0.3017   0.0126     2.50  0    cut
 178  sn98S         IIn        0.7013   3.02   0.2813   0.0134    11.40  0    cut
 179  sn06aj        Ic-broad   0.6444   3.01   0.1843   0.0187    -1.50  0    cut
 180  sn04S         Ia-norm    0.7595   3.01   0.3115   0.0203     7.50  0    cut
 181  sn00cx        Ia-pec     0.7175   3.00   0.3168   0.0130     5.60  0    cut
 182  sn03cg        Ia-norm    0.6200   2.99   0.3079   0.0117     7.40  0    cut
 183  sn99ee        Ia-norm    0.7392   2.99   0.3146   0.0167    11.10  0    cut
 184  sn98bu        Ia-norm    0.6119   2.99   0.3066   0.0119     9.30  0    cut
 185  sn05bf        Ib-pec     0.6918   2.95   0.2977   0.0156    -0.70  0    cut
 186  sn00H         IIb        0.6241   2.94   0.2931   0.0163     7.70  0    cut
 187  sn02ap        Ic-broad   0.7311   2.93   0.3086   0.0150     2.70  0    cut
 188  sn00H         IIb        0.6241   2.93   0.2931   0.0166     6.70  0    cut
 189  sn00cx        Ia-pec     0.7189   2.93   0.3160   0.0133     6.50  0    cut
 190  sn02bo        Ia-norm    0.6471   2.93   0.3247   0.0149    -4.40  0    cut
 191  sn05bf        Ib-pec     0.6931   2.92   0.2978   0.0158    -1.60  0    cut
 192  sn04eo        Ia-norm    0.7148   2.90   0.3029   0.0133     7.00  0    cut
 193  sn05bf        Ib-pec     0.6891   2.90   0.2960   0.0161     1.20  0    cut
 194  sn99aa        Ia-91T     0.5835   2.88   0.3276   0.0129     7.60  0    cut
 195  sn94T         Ia-norm    0.5510   2.88   0.3126   0.0153     1.20  0    cut
 196  sn06gz        Ia-pec     0.6972   2.87   0.3069   0.0134    10.10  0    cut
 197  sn00H         IIb        0.6607   2.85   0.2954   0.0173    13.40  0    cut
 198  sn97br        Ia-91T     0.7094   2.84   0.3089   0.0145     7.80  0    cut
 199  kcS0          Gal        0.8069   2.83   0.2785   0.0136   -99.90  2    cut
 200  sn94M         Ia-norm    0.6417   2.82   0.3189   0.0143     3.00  0    cut
 201  sn96X         Ia-norm    0.6417   2.82   0.3056   0.0126     8.90  0    cut
 202  sn96cb        IIb        0.6376   2.80   0.2854   0.0158     5.00  0    cut
 203  sn05bf        Ib-pec     0.6904   2.78   0.2962   0.0164     2.20  0    cut
 204  kcE           Gal        0.8069   2.78   0.2778   0.0124   -99.90  2    cut
 205  sn04aw        Ic-norm    0.6255   2.76   0.3185   0.0168    -3.30  0    cut
 206  sn00cx        Ia-pec     0.5821   2.75   0.3169   0.0147    -0.40  0    cut
 207  sn05bf        Ib-pec     0.6918   2.75   0.2956   0.0167     6.20  0    cut
 208  sn83V         Ic-norm    0.6038   2.71   0.4862   0.0159    13.90  0    cut
 209  sn05bf        Ib-pec     0.6931   2.70   0.2966   0.0174     3.20  0    cut
 210  sn89B         Ia-norm    0.6566   2.65   0.3050   0.0140     9.50  0    cut
 211  sn05bf        Ib-pec     0.6918   2.64   0.2968   0.0173     5.20  0    cut
 212  sn92A         Ia-norm    0.7839   2.63   0.3178   0.0147     8.90  0    cut
 213  sn01el        Ia-norm    0.7270   2.62   0.3169   0.0186     9.20  0    cut
 214  sn00E         Ia-norm    0.6011   2.61   0.3065   0.0141     8.40  0    cut
 215  sn05bf        Ib-pec     0.6931   2.61   0.2952   0.0172     8.20  0    cut
 216  sn05bf        Ib-pec     0.6931   2.61   0.2992   0.0179    -2.70  0    cut
 217  sn86G         Ia-91bg    0.6309   2.61   0.3128   0.0138    -1.90  0    cut
 218  sn94D         Ia-norm    0.8069   2.58   0.3183   0.0181    -3.80  0    cut
 219  mstar         M-star     0.6701   2.57   0.2713   0.0136     5.00  2    cut
 220  sn86G         Ia-91bg    0.6295   2.57   0.3120   0.0138    -0.90  0    cut
 221  sn03cg        Ia-norm    0.7094   2.56   0.3059   0.0151     9.60  0    cut
 222  mstar         M-star     0.6715   2.56   0.2718   0.0133     3.00  2    cut
 223  sn97dd        IIb        0.6241   2.54   0.2830   0.0171    16.40  1    cut
 224  sn86G         Ia-91bg    0.6309   2.53   0.3080   0.0136     0.10  0    cut
 225  sn95D         Ia-norm    0.6904   2.52   0.3043   0.0149    11.20  0    cut
 226  sn99ac        Ia-91T     0.7527   2.49   0.3147   0.0170    12.20  0    cut
 227  mstar         M-star     0.6701   2.49   0.2702   0.0155     7.00  2    cut
 228  sn99by        Ia-91bg    0.6728   2.48   0.3009   0.0137     3.10  0    cut
 229  sn95bd        Ia-norm    0.6363   2.46   0.3025   0.0154    11.30  0    cut
 230  sn97br        Ia-91T     0.6376   2.46   0.3055   0.0220    -4.00  0    cut
 231  sn00H         IIb        0.6241   2.44   0.2918   0.0180     9.60  0    cut
 232  sn05gj        Ia-csm     0.6363   2.42   0.2949   0.0223    -1.80  0    cut
 233  sn97dd        IIb        0.6227   2.41   0.2828   0.0178     3.60  1    cut
 234  sn98bu        Ia-norm    0.6119   2.41   0.3056   0.0141    10.20  0    cut
 235  sn84L         Ib-norm    0.7500   2.40   0.4787   0.0158    11.90  0    cut
 236  sn91bg        Ia-91bg    0.6634   2.39   0.3022   0.0148     2.70  0    cut
 237  sn97cn        Ia-91bg    0.6701   2.39   0.3016   0.0145     3.90  0    cut
 238  sn02ap        Ic-broad   0.4440   2.39   0.4087   0.0146    12.70  0    cut
 239  kcSb          Gal        0.8069   2.38   0.2755   0.0214   -99.90  2    cut
 240  sn00H         IIb        0.6227   2.36   0.2902   0.0178    10.60  0    cut
 241  sn86G         Ia-91bg    0.6309   2.35   0.3098   0.0140     1.10  0    cut
 242  sn91T         Ia-91T     0.6904   2.33   0.3040   0.0173    10.90  0    cut
 243  lbv03hy       LBV        0.6309   2.33   0.2838   0.0153   -99.90  2    cut
 244  sn02ic        Ia-csm     0.6458   2.33   0.3035   0.0167     9.40  0    cut
 245  sn00cx        Ia-pec     0.5930   2.28   0.3149   0.0186    -1.40  0    cut
 246  sn91bg        Ia-91bg    0.5740   2.28   0.3007   0.0150     2.70  0    cut
 247  sn99ex        Ib-norm    0.7365   2.27   0.3263   0.0246    -4.50  0    cut
 248  sn83V         Ic-norm    0.5916   2.26   0.4838   0.0183    12.90  0    cut
 249  sn99ex        Ib-norm    0.7514   2.25   0.3164   0.0230     0.40  0    cut
 250  sn04aw        Ic-norm    0.6309   2.24   0.3151   0.0167    -1.30  0    cut
 251  sn04aw        Ic-norm    0.6268   2.23   0.3070   0.0154     2.60  0    cut
 252  mstar         M-star     0.6688   2.22   0.2751   0.0164     0.00  2    cut
 253  sn00cx        Ia-pec     0.5537   2.22   0.3142   0.0162     9.50  0    cut
 254  sn04aw        Ic-norm    0.6255   2.17   0.3108   0.0180     0.80  0    cut
 255  sn83N         Ib-norm    0.6160   2.17   0.2688   0.0207    12.00  0    cut
 256  sn06aj        Ic-broad   0.7283   2.17   0.0525   0.0299    -2.10  0    cut
 257  sn02er        Ia-norm    0.7256   2.14   0.3006   0.0176     9.40  0    cut
 258  sn97br        Ia-91T     0.6417   2.13   0.1373   0.0253     8.50  0    cut
 259  sn98S         IIn        0.6079   2.13   0.2793   0.0155    13.80  0    cut
 260  sn91N         Ic-norm    0.7879   2.12   0.0033   0.0373     0.00  1    cut
 261  mstar         M-star     0.6715   2.12   0.2714   0.0162     2.00  2    cut
 262  mstar         M-star     0.6674   2.08   0.2735   0.0169     1.00  2    cut
 263  sn00H         IIb        0.6241   2.08   0.2914   0.0197    11.60  0    cut
 264  sn02cx        Ia-pec     0.6349   2.08   0.1041   0.0159    10.30  0    cut
 265  sn93J         IIb        0.6864   2.07   0.2853   0.0173     3.70  0    cut
 266  sn04et        IIP        0.6728   2.06   0.2846   0.0174    12.10  0    cut
 267  sn98S         IIn        0.6079   2.05   0.2797   0.0161    12.70  0    cut
 268  sn91bg        Ia-91bg    0.6363   2.04   0.3041   0.0164     1.50  0    cut
 269  sn05bf        Ib-pec     0.5970   2.03   0.2877   0.0221    -0.90  0    cut
 270  sn00cx        Ia-pec     0.5740   1.98   0.3146   0.0197    -2.40  0    cut
 271  sn95F         Ic-norm    0.7026   1.98   0.3127   0.0226     0.00  1    cut
 272  sn90N         Ia-norm    0.7324   1.98   0.3045   0.0183    14.50  0    cut
 273  sn05gj        Ia-csm     0.6227   1.98   0.1257   0.0213    10.40  0    cut
 274  sn04aw        Ic-norm    0.6864   1.98   0.3078   0.0189     5.30  0    cut
 275  sn05gj        Ia-csm     0.6241   1.95   0.1258   0.0210     7.70  0    cut
 276  sn05hk        Ia-pec     0.6864   1.94   0.1029   0.0169    14.40  0    cut
 277  sn04et        IIP        0.6742   1.94   0.2860   0.0189    10.00  0    cut
 278  sn98bu        Ia-norm    0.6119   1.94   0.3046   0.0167    11.20  0    cut
 279  sn83V         Ic-norm    0.6146   1.94   0.1598   0.0249    -4.00  0    cut
 280  sn02cx        Ia-pec     0.4644   1.93   0.5723   0.0217    14.20  0    cut
 281  sn93J         IIb        0.6593   1.92   0.2863   0.0193     4.60  0    cut
 282  sn96cb        IIb        0.6390   1.92   0.2860   0.0315    -2.10  0    cut
 283  sn95F         Ic-norm    0.7040   1.92   0.3124   0.0192    35.60  1    cut
 284  sn98S         IIn        0.6079   1.91   0.2806   0.0169     9.70  0    cut
 285  lbv99bw       LBV        0.6133   1.90   0.1935   0.0139   -99.90  2    cut
 286  sn99ex        Ib-norm    0.6092   1.90   0.2935   0.0213     9.30  0    cut
 287  sn05hk        Ia-pec     0.6850   1.89   0.1398   0.0287    -2.40  0    cut
 288  sn05cs        IIP        0.6755   1.87   0.2756   0.0191    10.00  0    cut
 289  sn04aw        Ic-norm    0.6255   1.87   0.3113   0.0187     1.60  0    cut
 290  sn04et        IIP        0.6661   1.87   0.2879   0.0210     8.60  0    cut
 291  sn95F         Ic-norm    0.7040   1.86   0.3116   0.0212    56.70  1    cut
 292  sn05hk        Ia-pec     0.6850   1.86   0.1412   0.0278    -3.30  0    cut
 293  sn05hk        Ia-pec     0.6877   1.85   0.1396   0.0287    -1.40  0    cut
 294  sn04et        IIP        0.6431   1.85   0.2855   0.0228    14.50  0    cut
 295  sn99by        Ia-91bg    0.6119   1.83   0.2996   0.0171     4.10  0    cut
 296  sn99dn        Ib-norm    0.6525   1.83   0.2992   0.0266     6.90  1    cut
 297  sn00cx        Ia-pec     0.5862   1.81   0.3152   0.0220    -3.40  0    cut
 298  sn93J         IIb        0.6525   1.80   0.2907   0.0232     1.40  0    cut
 299  sn89B         Ia-norm    0.6593   1.80   0.3033   0.0183    11.50  0    cut
 300  sn05cs        IIP        0.6755   1.79   0.2776   0.0201     9.00  0    cut
 301  sn91N         Ic-norm    0.7432   1.79  -0.0094   0.0000    27.90  1    cut
 302  mstar         M-star     0.6688   1.78   0.2776   0.0209     4.00  2    cut
 303  lbv03hy       LBV        0.6322   1.77   0.2819   0.0208   -99.90  2    cut
 304  sn93J         IIb        0.6647   1.77   0.2956   0.0229    -2.40  0    cut
 305  sn98dt        Ib-norm    0.7446   1.77   0.3143   0.0275     7.90  0    cut
 306  sn84L         Ib-norm    0.5537   1.75   0.2795   0.0307     8.00  0    cut
 307  sn93J         IIb        0.6471   1.74   0.2949   0.0245    -1.60  0    cut
 308  sn05hk        Ia-pec     0.5483   1.74   0.5734   0.0206    12.40  0    cut
 309  sn91A         Ic-norm    0.5090   1.73   0.4079   0.0277    65.10  1    cut
 310  sn03cg        Ia-norm    0.7040   1.73   0.3055   0.0195    11.40  0    cut
 311  sn05hk        Ia-pec     0.6864   1.73   0.1444   0.0264    -4.30  0    cut
 312  lbv03hy       LBV        0.6336   1.70   0.1158   0.0288   -99.90  2    cut
 313  sn02bo        Ia-norm    0.6119   1.69   0.3059   0.0209    10.80  0    cut
 314  sn06aj        Ic-broad   0.6458   1.69   0.3510   0.0230    -0.50  0    cut
 315  sn93J         IIb        0.6593   1.68   0.2870   0.0207     3.80  0    cut
 316  lbv03hy       LBV        0.6322   1.68   0.2382   0.0159   -99.90  2    cut
 317  sn91A         Ic-norm    0.5212   1.67   0.4083   0.0286    47.50  1    cut
 318  sn06aj        Ic-broad   0.5524   1.66   0.3447   0.0259     1.80  0    cut
 319  sn97br        Ia-91T     0.7635   1.66   0.1258   0.0241    12.40  0    cut
 320  sn05cs        IIP        0.6755   1.66   0.2796   0.0214     8.00  0    cut
 321  sn83V         Ic-norm    0.6187   1.65   0.3115   0.0217     4.00  0    cut
 322  sn06bp        IIP        0.6458   1.64   0.2913   0.0239    15.10  0    cut
 323  sn97cy        IIn        0.7311   1.64   0.1966   0.0245    71.30  1    cut
 324  sn02er        Ia-norm    0.6904   1.64   0.3091   0.0191    10.60  0    cut
 325  sn97dq        Ic-norm    0.6119   1.63   0.4786   0.0232     0.00  1    cut
 326  sn99by        Ia-91bg    0.6119   1.63   0.2989   0.0184     5.20  0    cut
 327  sn98S         IIn        0.5618   1.63   0.2900   0.0199     1.90  0    cut
 328  sn89B         Ia-norm    0.6728   1.61   0.3023   0.0199    12.40  0    cut
 329  sn99aa        Ia-91T     0.6485   1.61   0.1405   0.0291    15.40  0    cut
 330  sn94D         Ia-norm    0.6390   1.61   0.1228   0.0251    13.20  0    cut
 331  sn00cx        Ia-pec     0.5551   1.60   0.3120   0.0203    11.50  0    cut
 332  sn05hk        Ia-pec     0.6268   1.60   0.1016   0.0186    14.30  0    cut
 333  sn94D         Ia-norm    0.6417   1.60   0.1182   0.0236    15.20  0    cut
 334  sn02ap        Ic-broad   0.7026   1.60   0.3053   0.0199     4.70  0    cut
 335  sn94D         Ia-norm    0.5700   1.59   0.3016   0.0223    10.10  0    cut
 336  sn94I         Ic-norm    0.6146   1.59   0.3068   0.0230    -2.70  0    cut
 337  sn98bu        Ia-norm    0.6119   1.59   0.3033   0.0197    12.20  0    cut
 338  sn94D         Ia-norm    0.6403   1.59   0.1225   0.0268    12.20  0    cut
 339  sn97cy        IIn        0.7338   1.58   0.1965   0.0205    57.20  1    cut
 340  sn95D         Ia-norm    0.6837   1.58   0.3017   0.0202    14.10  0    cut
 341  sn91N         Ic-norm    0.7866   1.58  -0.0100   0.0453    12.00  1    cut
 342  sn04eo        Ia-norm    0.6864   1.58   0.3015   0.0200    11.00  0    cut
 343  lbv03hy       LBV        0.6336   1.58   0.1169   0.0303   -99.90  2    cut
 344  sn02er        Ia-norm    0.6877   1.58   0.1311   0.0282    12.40  0    cut
 345  sn90B         Ic-norm    0.5212   1.57   0.4134   0.0197    15.40  0    cut
 346  lbv03hy       LBV        0.6322   1.57   0.1198   0.0310   -99.90  2    cut
 347  mstar         M-star     0.6688   1.56   0.2695   0.0213     6.00  2    cut
 348  lbv01ac       LBV        0.6146   1.56   0.1935   0.0144   -99.90  2    cut
 349  sn97cy        IIn        0.7324   1.56   0.1941   0.0173   377.70  1    cut
 350  lbv03hy       LBV        0.6309   1.56   0.2856   0.0159   -99.90  2    cut
 351  sn02ap        Ic-broad   0.6796   1.56   0.0312   0.0362    -2.40  0    cut
 352  sn97ef        Ic-broad   0.6200   1.56   0.1678   0.0370    -4.10  0    cut
 353  sn97ef        Ic-broad   0.6458   1.55   0.1391   0.0388    12.80  0    cut
 354  sn05hk        Ia-pec     0.5808   1.55   0.2767   0.0255     3.60  0    cut
 355  lbv03hy       LBV        0.6349   1.55   0.1189   0.0326   -99.90  2    cut
 356  sn93J         IIb        0.7839   1.55   0.2919   0.0242    -2.00  0    cut
 357  mstar         M-star     0.6701   1.54   0.2676   0.0194     8.00  2    cut
 358  sn97ef        Ic-broad   0.6349   1.54   0.1370   0.0357    13.80  0    cut
 359  sn90K         IIL        0.6363   1.54   0.2946   0.0282     0.00  1    cut
 360  lbv03hy       LBV        0.6309   1.54   0.2845   0.0169   -99.90  2    cut
 361  sn00H         IIb        0.6552   1.54   0.1286   0.0322     8.40  0    cut
 362  sn93J         IIb        0.7825   1.53   0.2957   0.0258    -4.00  0    cut
 363  sn94I         Ic-norm    0.6146   1.53   0.1434   0.0330    -3.80  0    cut
 364  lbv03hy       LBV        0.6322   1.53   0.1187   0.0313   -99.90  2    cut
 365  sn06aj        Ic-broad   0.7839   1.52   0.1752   0.0255     2.80  0    cut
 366  sn97dq        Ic-norm    0.8069   1.51   0.3157   0.0206    27.90  1    cut
 367  sn94D         Ia-norm    0.6431   1.51   0.1284   0.0337    11.00  0    cut
 368  sn80K         IIL        0.5293   1.50   0.1161   0.0249    12.00  0    cut
 369  sn91ar        Ib-norm    0.4792   1.48   0.4066   0.0165    15.80  1    cut
 370  sn04et        IIP        0.6701   1.48   0.2893   0.0232     6.20  0    cut
 371  sn83N         Ib-norm    0.4752   1.48   0.4237   0.0305     4.00  0    cut
 372  sn90B         Ic-norm    0.4170   1.47   0.4062   0.0194     6.00  0    cut
 373  sn90B         Ic-norm    0.4170   1.47   0.4066   0.0203     9.90  0    cut
 374  sn91N         Ic-norm    0.5605   1.47   0.0658   0.0194   276.10  1    cut
 375  sn79C         IIL        0.5442   1.47   0.7120   0.0193    12.90  0    cut
 376  sn91bg        Ia-91bg    0.7351   1.47   0.3060   0.0255    14.70  0    cut
 377  sn94M         Ia-norm    0.7487   1.46   0.1296   0.0256    12.90  0    cut
 378  sn05cs        IIP        0.6742   1.46   0.2837   0.0240     7.10  0    cut
 379  sn03du        Ia-norm    0.6850   1.46   0.1351   0.0322    13.70  0    cut
 380  sn93J         IIb        0.7811   1.46   0.2934   0.0258    -3.00  0    cut
 381  sn04aw        Ic-norm    0.6295   1.45   0.1356   0.0308     3.10  0    cut
 382  sn04aw        Ic-norm    0.6864   1.45   0.3044   0.0236    12.20  0    cut
 383  sn97dq        Ic-norm    0.7405   1.45   0.1764   0.0324    81.70  1    cut
 384  sn90B         Ic-norm    0.4170   1.44   0.4059   0.0187     5.90  0    cut
 385  sn93J         IIb        0.6688   1.44   0.2870   0.0239     5.50  0    cut
 386  sn90B         Ic-norm    0.6823   1.44   0.3089   0.0290     8.90  0    cut
 387  sn99di        Ib-norm    0.5524   1.44  -0.0027   0.0284     0.00  1    cut
 388  sn92A         Ia-norm    0.6119   1.44   0.1370   0.0350    11.60  0    cut
 389  sn99by        Ia-91bg    0.6133   1.43   0.2992   0.0204     6.10  0    cut
 390  sn03cg        Ia-norm    0.6999   1.43   0.1257   0.0286    12.40  0    cut
 391  sn05cs        IIP        0.6755   1.42   0.1815   0.0200     2.10  0    cut
 392  sn05cs        IIP        0.6755   1.42   0.1810   0.0194     3.10  0    cut
 393  sn90aa        Ic-norm    0.5767   1.42   0.4119   0.0305    61.50  1    cut
 394  sn93J         IIb        0.7595   1.42   0.1812   0.0245    12.00  0    cut
 395  sn04eo        Ia-norm    0.6864   1.42   0.1180   0.0256    12.40  0    cut
 396  sn02bo        Ia-norm    0.6133   1.42   0.1354   0.0328    11.90  0    cut
 397  sn04aw        Ic-norm    0.6295   1.41   0.1384   0.0332     1.90  0    cut
 398  sn97cy        IIn        0.7324   1.41   0.1992   0.0285   116.80  1    cut
 399  sn92ar        Ic-norm    0.6173   1.41   0.1234   0.0292     3.40  0    cut
 400  sn89B         Ia-norm    0.6688   1.41   0.1186   0.0276    14.40  0    cut
 401  sn94Q         Ia-norm    0.6972   1.41   0.1230   0.0312    11.60  0    cut
 402  sn97dq        Ic-norm    0.6133   1.40   0.4805   0.0225    17.90  1    cut
 403  sn93J         IIb        0.6390   1.40   0.2866   0.0282     3.40  0    cut
 404  sn97dq        Ic-norm    0.6146   1.40   0.4782   0.0225    21.90  1    cut
 405  sn89B         Ia-norm    0.6444   1.40   0.1172   0.0301    13.40  0    cut
 406  sn02cx        Ia-pec     0.6336   1.40   0.1425   0.0384    -2.40  0    cut
 407  kcSB6         Gal        0.8069   1.40   0.2613   0.0131   -99.90  2    cut
 408  sn97cy        IIn        0.6999   1.40   0.1983   0.0303   174.50  1    cut
 409  sn99di        Ib-norm    0.5510   1.40  -0.0045   0.0261    23.60  1    cut
 410  sn90aa        Ic-norm    0.5767   1.39   0.0702   0.0224   116.10  1    cut
 411  sn06bp        IIP        0.6403   1.39   0.2938   0.0281    14.30  0    cut
 412  sn93J         IIb        0.7595   1.39   0.1810   0.0238    11.00  0    cut
 413  sn97dc        Ib-norm    0.5469   1.39   0.4107   0.0223     0.00  1    cut
 414  sn98dt        Ib-norm    0.6255   1.39   0.3063   0.0269     0.00  0    cut
 415  sn90B         Ic-norm    0.4170   1.39   0.4054   0.0211     5.00  0    cut
 416  sn91A         Ic-norm    0.5483   1.37   0.4087   0.0305    61.40  1    cut
 417  sn04aw        Ic-norm    0.6255   1.37   0.1360   0.0333     3.60  0    cut
 418  kcSc          Gal        0.8069   1.37   0.5767   0.0129   -99.90  2    cut
 419  sn83V         Ic-norm    0.6688   1.36   0.3080   0.0285    11.90  0    cut
 420  sn91ar        Ib-norm    0.5280   1.36   0.4053   0.0173    27.40  1    cut
 421  sn79C         IIL        0.4143   1.36   0.4069   0.0144    10.90  0    cut
 422  sn98bu        Ia-norm    0.6119   1.35   0.3012   0.0228    13.20  0    cut
 423  sn97dq        Ic-norm    0.6146   1.35   0.4793   0.0220    26.90  1    cut
 424  sn99by        Ia-91bg    0.6133   1.35   0.2992   0.0219     7.10  0    cut
 425  sn92A         Ia-norm    0.8069   1.35   0.1407   0.0305    11.70  0    cut
 426  sn91A         Ic-norm    0.5727   1.34   0.4262   0.0372    32.60  1    cut
 427  sn04eo        Ia-norm    0.6864   1.34   0.1176   0.0259    14.00  0    cut
 428  sn05cs        IIP        0.6728   1.34   0.1806   0.0199     4.00  0    cut
 429  sn90U         Ic-norm    0.7365   1.33   0.3077   0.0345    10.90  0    cut
 430  sn02bo        Ia-norm    0.6119   1.33   0.1332   0.0349    12.80  0    cut
 431  sn80K         IIL        0.5618   1.33   0.1813   0.0121    11.00  0    cut
 432  sn94I         Ic-norm    0.7311   1.33   0.3111   0.0274     2.40  0    cut
 433  sn05hk        Ia-pec     0.6552   1.33   0.1434   0.0378    -4.20  0    cut
 434  sn04S         Ia-norm    0.6525   1.32   0.1190   0.0373    14.00  0    cut
 435  sn95F         Ic-norm    0.7040   1.32   0.3107   0.0289    28.90  1    cut
 436  lbv03hy       LBV        0.6309   1.32   0.4346   0.0183   -99.90  2    cut
 437  sn90I         Ib-norm    0.6051   1.31   0.3086   0.0371    11.40  0    cut
 438  sn97cy        IIn        0.7324   1.31   0.2039   0.0231    14.10  1    cut
 439  sn94I         Ic-norm    0.6065   1.31   0.2960   0.0271     3.30  0    cut
 440  sn98bw        Ic-broad   0.7135   1.31   0.3924   0.0320     7.80  0    cut
 441  sn91N         Ic-norm    0.7663   1.30   0.3172   0.0288     6.60  1    cut
 442  sn93J         IIb        0.6065   1.29   0.2820   0.0245     2.70  0    cut
 443  sn97ef        Ic-broad   0.4968   1.29   0.6206   0.0290     6.80  0    cut
 444  mstar         M-star     0.6688   1.28   0.3599   0.0159     9.00  2    cut
 445  sn98S         IIn        0.6959   1.28   0.2443   0.0206    -1.50  0    cut
 446  sn98S         IIn        0.6024   1.27   0.2854   0.0174     1.80  0    cut
 447  kcSB4         Gal        0.8069   1.27   0.2605   0.0107   -99.90  2    cut
 448  sn98S         IIn        0.6011   1.27   0.2863   0.0185     0.90  0    cut
 449  sn02bo        Ia-norm    0.6133   1.27   0.1299   0.0366    13.80  0    cut
 450  sn94D         Ia-norm    0.6146   1.26   0.1196   0.0306    15.30  0    cut
 451  sn99by        Ia-91bg    0.6119   1.26   0.2996   0.0248     8.10  0    cut
 452  sn97dq        Ic-norm    0.4549   1.26   0.4043   0.0318    42.80  1    cut
 453  sn06bp        IIP        0.6173   1.25   0.7149   0.0204     4.20  0    cut
 454  kcSB2         Gal        0.8069   1.25   0.5750   0.0192   -99.90  2    cut
 455  sn83V         Ic-norm    0.6579   1.25   0.3089   0.0300    14.90  0    cut
 456  sn98S         IIn        0.6065   1.24   0.2831   0.0206     2.70  0    cut
 457  sn04dj        IIP        0.4657   1.24   0.2523   0.0220     2.70  1    cut
 458  kcSB1         Gal        0.8069   1.24   0.5749   0.0148   -99.90  2    cut
 459  sn94D         Ia-norm    0.6051   1.24   0.5829   0.0259    14.30  0    cut
 460  sn87A         II-pec     0.5713   1.23   0.6692   0.0217     3.30  0    cut
 461  sn88L         Ib-norm    0.4955   1.23   0.4124   0.0252    47.70  1    cut
 462  sn87A         II-pec     0.5740   1.23   0.6696   0.0201    13.30  0    cut
 463  sn04dj        IIP        0.4630   1.23   0.2511   0.0230     8.00  1    cut
 464  sn98bw        Ic-broad   0.7676   1.23   0.6096   0.0399    11.70  0    cut
 465  sn04dj        IIP        0.4657   1.23   0.2493   0.0228    18.00  1    cut
 466  agn           AGN        0.8069   1.23   0.1933   0.0308   -99.90  2    cut
 467  sn02bo        Ia-norm    0.6133   1.22   0.1270   0.0381    14.80  0    cut
 468  sn94I         Ic-norm    0.6458   1.22   0.1365   0.0397    -0.10  0    cut
 469  sn05cs        IIP        0.6742   1.22   0.1806   0.0204     1.00  0    cut
 470  sn97cy        IIn        0.7324   1.22   0.4510   0.0262     0.00  1    cut
 471  sn99em        IIP        0.6079   1.21   0.3276   0.0287    -1.60  0    cut
 472  sn04dj        IIP        0.4644   1.21   0.2518   0.0228     5.00  1    cut
 473  sn90B         Ic-norm    0.4170   1.21   0.4072   0.0229     7.00  0    cut
 474  sn94D         Ia-norm    0.6106   1.21   0.5827   0.0254    15.20  0    cut
 475  sn06bp        IIP        0.6173   1.21   0.7172   0.0228     3.30  0    cut
 476  mstar         M-star     0.6701   1.21   0.1994   0.0126    10.00  2    cut
 477  sn04dj        IIP        0.4657   1.21   0.2496   0.0237    17.00  1    cut
 478  sn94I         Ic-norm    0.6146   1.21   0.3000   0.0269     2.10  0    cut
 479  sn94I         Ic-norm    0.6146   1.19   0.3018   0.0265     1.10  0    cut
 480  sn98dt        Ib-norm    0.6255   1.19   0.6690   0.0244    11.70  0    cut
 481  sn99em        IIP        0.6877   1.18   0.1892   0.0210     2.40  0    cut
 482  sn04et        IIP        0.6728   1.18   0.2907   0.0292     4.00  0    cut
 483  sn04dj        IIP        0.4657   1.18   0.2490   0.0244    20.00  1    cut
 484  sn97ei        Ic-norm    0.6268   1.17   0.1173   0.0364    10.90  1    cut
 485  sn06bp        IIP        0.5063   1.17   0.0159   0.0391    -1.70  0    cut
 486  sn00cx        Ia-pec     0.5551   1.17   0.3077   0.0274    14.50  0    cut
 487  sn99em        IIP        0.6620   1.16   0.1899   0.0232     0.40  0    cut
 488  sn04S         Ia-norm    0.6810   1.16   0.1188   0.0369    13.40  0    cut
 489  sn97dq        Ic-norm    0.7419   1.15   0.3112   0.0396     1.00  1    cut
 490  sn91A         Ic-norm    0.4725   1.15   0.4044   0.0406    16.80  1    cut
 491  sn94D         Ia-norm    0.6133   1.15   0.1224   0.0379    13.40  0    cut
 492  sn97cy        IIn        0.8069   1.14   0.2580   0.0318    29.40  1    cut
 493  sn98dt        Ib-norm    0.6241   1.13   0.6682   0.0245    10.70  0    cut
 494  sn04dj        IIP        0.4644   1.13   0.2534   0.0231     0.00  1    cut
 495  sn98bu        Ia-norm    0.6119   1.13   0.1237   0.0395    14.30  0    cut
 496  sn99em        IIP        0.6079   1.13   0.0090   0.0414    -2.60  0    cut
 497  sn02er        Ia-norm    0.7378   1.13   0.1189   0.0229    15.50  0    cut
 498  sn97ei        Ic-norm    0.4684   1.12   0.4080   0.0235     0.00  1    cut
 499  sn99em        IIP        0.7283   1.12   0.1809   0.0217    11.10  0    cut
 500  sn97cy        IIn        0.8069   1.12   0.2391   0.0341   196.10  1    cut
 501  sn91A         Ic-norm    0.4738   1.12   0.0706   0.0259   128.30  1    cut
 502  sn99dn        Ib-norm    0.5456   1.11  -0.0063   0.0308    27.70  1    cut
 503  sn02ap        Ic-broad   0.5388   1.11   0.1713   0.0555    -4.50  0    cut
 504  sn06bp        IIP        0.5050   1.11   0.0134   0.0401     0.10  0    cut
 505  sn99gi        IIP        0.6051   1.11   0.0123   0.0426    -4.00  0    cut
 506  sn98bw        Ic-broad   0.6931   1.10   0.0458   0.0450    13.70  0    cut
 507  sn90K         IIL        0.6200   1.10   0.3293   0.0269   147.10  1    cut
 508  sn98T         Ib-norm    0.4684   1.10   0.4152   0.0233     0.00  1    cut
 509  sn98dt        Ib-norm    0.6255   1.09   0.1219   0.0332     3.90  0    cut
 510  sn02ap        Ic-broad   0.5307   1.09   0.2894   0.0278     9.50  0    cut
 511  sn99em        IIP        0.6106   1.09   0.6998   0.0200     9.40  0    cut
 512  sn98bw        Ic-broad   0.7202   1.09   0.6927   0.0441     8.70  0    cut
 513  sn79C         IIL        0.4170   1.08   0.4072   0.0160     9.90  0    cut
 514  sn99em        IIP        0.6593   1.08   0.1897   0.0214     1.40  0    cut
 515  sn04dj        IIP        0.4657   1.08   0.2481   0.0284    36.00  1    cut
 516  sn99em        IIP        0.7297   1.07   0.1860   0.0223     6.20  0    cut
 517  sn95F         Ic-norm    0.6755   1.07   0.3141   0.0223    88.60  1    cut
 518  sn99em        IIP        0.7283   1.07   0.1884   0.0238     0.20  0    cut
 519  sn05cs        IIP        0.6742   1.07   0.1799   0.0190     5.00  0    cut
 520  sn02ap        Ic-broad   0.6119   1.06   0.6934   0.0378     0.60  0    cut
 521  sn91ar        Ib-norm    0.5253   1.06   0.4124   0.0256     0.00  1    cut
 522  sn90U         Ic-norm    0.5700   1.05   0.2628   0.0391    11.90  0    cut
 523  sn04et        IIP        0.6715   1.05   0.1890   0.0238    -1.90  0    cut
 524  sn90K         IIL        0.6146   1.05   0.1672   0.0314   174.80  1    cut
 525  sn84L         Ib-norm    0.5578   1.05   0.4196   0.0475     9.00  0    cut
 526  sn02ap        Ic-broad   0.5307   1.04   0.2933   0.0307     6.50  0    cut
 527  sn99em        IIP        0.7933   1.04   0.1906   0.0313    -3.70  0    cut
 528  sn87A         II-pec     0.5767   1.04   0.9311   0.0492    -2.70  0    cut
 529  lbv99bw       LBV        0.5645   1.04   0.1930   0.0157   -99.90  2    cut
 530  kcSB5         Gal        0.8069   1.04   0.2610   0.0128   -99.90  2    cut
 531  sn99em        IIP        0.6092   1.03   0.0106   0.0451    -3.60  0    cut
 532  sn88L         Ib-norm    0.5442   1.03   0.2809   0.0379     0.00  1    cut
 533  sn99em        IIP        0.6701   1.02   0.1879   0.0220     5.40  0    cut
 534  sn90K         IIL        0.5903   1.02   0.1667   0.0343   174.80  1    cut
 535  sn99em        IIP        0.6688   1.02   0.1893   0.0248    -0.60  0    cut
 536  sn02ap        Ic-broad   0.6065   1.02   0.6941   0.0412    -0.40  0    cut
 537  sn05cs        IIP        0.6742   1.02   0.2621   0.0216    -1.90  0    cut
 538  kcSB3         Gal        0.8069   1.02   0.2621   0.0465   -99.90  2    cut
 539  sn96L         IIn        0.6092   1.01   0.0956   0.0202     8.40  0    cut
 540  sn91A         Ic-norm    0.5740   1.01   0.8855   0.0360     0.00  1    cut
 541  sn04et        IIP        0.6701   1.00   0.1897   0.0231    -0.90  0    cut
 542  sn98bw        Ic-broad   0.8069   1.00   0.2321   0.0404    12.70  0    cut
 543  sn87A         II-pec     0.5740   1.00   0.9338   0.0543     1.30  0    cut
 544  sn02ap        Ic-broad   0.6119   1.00   0.3022   0.0339     6.60  0    cut
 545  sn87A         II-pec     0.5754   1.00   0.9318   0.0522     9.30  0    cut
 546  sn02ap        Ic-broad   0.6119   0.99   0.6920   0.0384     3.60  0    cut
 547  sn93J         IIb        0.6255   0.99   0.1123   0.0316     6.60  0    cut
 548  sn04et        IIP        0.6661   0.98   0.1892   0.0235     1.00  0    cut
 549  sn90K         IIL        0.5672   0.98   0.1664   0.0360   202.60  1    cut
 550  sn98dt        Ib-norm    0.6255   0.98   0.1260   0.0525     0.90  0    cut
 551  sn96X         Ia-norm    0.4806   0.98   0.2982   0.0307    12.70  0    cut
 552  sn80K         IIL        0.5280   0.97   0.7003   0.0223     7.00  0    cut
 553  sn02ap        Ic-broad   0.6119   0.97   0.6922   0.0378     4.60  0    cut
 554  sn02ap        Ic-broad   0.6079   0.97   0.6938   0.0466    -1.40  0    cut
 555  sn06bp        IIP        0.5090   0.97   0.1277   0.0289    13.20  0    cut
 556  sn90aa        Ic-norm    0.5781   0.97   0.6051   0.0231     0.00  1    cut
 557  sn97cy        IIn        0.7324   0.96   0.2680   0.0363   226.10  1    cut
 558  sn87A         II-pec     0.5781   0.96   0.9375   0.0598    11.30  0    cut
 559  sn02ap        Ic-broad   0.6119   0.96   0.2938   0.0383    11.60  0    cut
 560  sn90B         Ic-norm    0.4495   0.96   0.4042   0.0254     4.00  0    cut
 561  sn04dj        IIP        0.4901   0.96   0.3856   0.0194    50.60  1    cut
 562  sn90K         IIL        0.5415   0.96   0.1673   0.0356   201.70  1    cut
 563  sn05cs        IIP        0.6742   0.96   0.1795   0.0248     0.10  0    cut
 564  sn02ap        Ic-broad   0.6119   0.96   0.6900   0.0386     5.60  0    cut
 565  sn98dt        Ib-norm    0.6255   0.95   0.1177   0.0347     6.80  0    cut
 566  sn04dj        IIP        0.4887   0.95   0.2488   0.0272    48.00  1    cut
 567  sn97cy        IIn        0.7324   0.93   0.4344   0.0475   125.30  1    cut
 568  sn06bp        IIP        0.6417   0.93   0.1930   0.0228     7.20  0    cut
 569  sn04et        IIP        0.6715   0.93   0.1892   0.0251    -2.90  0    cut
 570  sn91N         Ic-norm    0.7663   0.92  -0.0076   0.0633     7.60  1    cut
 571  sn99di        Ib-norm    0.4346   0.92   0.6498   0.0264    30.50  1    cut
 572  sn06bp        IIP        0.5158   0.91   0.7211   0.0301     2.10  0    cut
 573  sn90K         IIL        0.5930   0.91   0.6766   0.0254    53.30  1    cut
 574  sn99em        IIP        0.6119   0.91   0.1891   0.0215     6.40  0    cut
 575  sn93J         IIb        0.7866   0.90   0.1806   0.0318    13.00  0    cut
 576  sn04dj        IIP        0.4860   0.89   0.2485   0.0277    51.90  1    cut
 577  sn05cs        IIP        0.6755   0.87   0.2594   0.0204    -0.80  0    cut
 578  sn04et        IIP        0.6579   0.87   0.1890   0.0245     2.00  0    cut
 579  sn90K         IIL        0.5510   0.86   0.1676   0.0359   161.00  1    cut
 580  sn90K         IIL        0.6200   0.85   0.1696   0.0341   119.20  1    cut
 581  sn02ap        Ic-broad   0.5293   0.85   0.4214   0.0543     1.50  0    cut
 582  sn99em        IIP        0.5388   0.84   0.1250   0.0302     6.60  0    cut
 583  sn91A         Ic-norm    0.5090   0.84   0.4052   0.0514    10.90  1    cut
 584  sn91N         Ic-norm    0.7649   0.84  -0.0057   0.0657     5.70  1    cut
 585  sn80K         IIL        0.5185   0.84   0.2817   0.0362     9.00  0    cut
 586  sn90K         IIL        0.5930   0.83   0.1847   0.0261    55.60  1    cut
 587  sn99em        IIP        0.5293   0.82   0.1260   0.0296     5.60  0    cut
 588  sn97dq        Ic-norm    0.6755   0.82   0.1663   0.0598   222.20  1    cut
 589  sn06bp        IIP        0.5172   0.82   0.1321   0.0327     8.10  0    cut
 590  sn99dn        Ib-norm    0.6255   0.81   0.1098   0.0648     0.00  1    cut
 591  sn97dq        Ic-norm    0.6133   0.81   0.9368   0.0748    14.90  1    cut
 592  sn04dj        IIP        0.5375   0.80   0.1147   0.0392    89.80  1    cut
 593  sn04dj        IIP        0.4874   0.79   0.3851   0.0196    46.80  1    cut
 594  sn90K         IIL        0.5320   0.77   0.1344   0.0326   139.00  1    cut
 595  sn04dj        IIP        0.4887   0.76   0.3861   0.0176    50.00  1    cut
 596  sn91N         Ic-norm    0.7974   0.72   0.1635   0.0373   250.20  1    cut
 597  sn90K         IIL        0.4251   0.72   0.3895   0.0228    50.50  1    cut
 598  sn92H         IIP        0.4210   0.71   0.0394   0.0400    11.50  0    cut
 599  sn90K         IIL        0.6119   0.70   0.2321   0.0389   136.20  1    cut
 600  sn90K         IIL        0.5199   0.66   0.3917   0.0276    76.40  1    cut
