### SNID output file ###
 
### input spectrum and options ###
# Input spectrum                 : 8030_1.10.dat
# Parameter file                 : NA
# Wavelength range               :    4250.00  10000.00
# Mask file                      : NA
# Median filtering width [A]     : NA
# Median filtering width [pix]   :       1.00
# Clip emission redshift         :     0.4209
# Clip sky lines                 : 0
# Emission clip width [A]        :       0.42
# Keep A-band                    : 1
# Age range                      :      -8.90     11.10
# Delta range                    :      -9.99     99.90
# Min. number of spectra/template:   1
# Use only templates             : NA
# Use only types                 : NA
# Avoid templates                : NA
# Avoid types                    : NA
# rlapmin                        :       5.00
# Redshift range                 :    -0.0100    1.2000
# Forced initial redshift        :     0.4209
# Extra fake redshift            : NA
# Nsigma for initial redshift    : NA
# Redshift filter                :     0.0200
# Wavenumbers k1,k2,k3,k4        :     1    4   85  102
# Template directory             : /Users/daniel/snid-5.0/templates/
 
### initial/user-input redshift ###
zinit       0.0000
zuser       0.4209
 
### median redshift/age and error ###
zmed        0.4368    0.0082
agem          0.50      4.67
 
### type fraction/redshift/age ###
#type ntemp fraction slope redshift redshift_error age age_error
Ia              4      0.33    0.0000    0.4225    0.0082     0.500     4.665
Ia-norm         4      0.33    0.0000    0.4225    0.0082     0.500     4.665
Ia-91T          0      0.00    0.0000    0.0000    0.0000     0.000     0.000
Ia-91bg         0      0.00    0.0000    0.0000    0.0000     0.000     0.000
Ia-csm          0      0.00    0.0000    0.0000    0.0000     0.000     0.000
Ia-pec          0      0.00    0.0000    0.0000    0.0000     0.000     0.000
###
Ib              0      0.00    0.0000    0.0000    0.0000     0.000     0.000
Ib-norm         0      0.00    0.0000    0.0000    0.0000     0.000     0.000
Ib-pec          0      0.00    0.0000    0.0000    0.0000     0.000     0.000
IIb             0      0.00    0.0000    0.0000    0.0000     0.000     0.000
###
Ic              0      0.00    0.0000    0.0000    0.0000     0.000     0.000
Ic-norm         0      0.00    0.0000    0.0000    0.0000     0.000     0.000
Ic-pec          0      0.00    0.0000    0.0000    0.0000     0.000     0.000
Ic-broad        0      0.00    0.0000    0.0000    0.0000     0.000     0.000
###
II              3      0.25    0.0000    0.4363    0.0010     0.000     0.000
IIP             0      0.00    0.0000    0.0000    0.0000     0.000     0.000
II-pec          0      0.00    0.0000    0.0000    0.0000     0.000     0.000
IIn             1      0.08    0.0000    0.4377    0.0000     0.000     0.000
IIL             2      0.17    0.0000    0.4360    0.0004     0.000     0.000
###
NotSN           5      0.42    0.3508    0.4374    0.0004     0.000     0.000
AGN             1      0.08    0.4459    0.4374    0.0000     0.000     0.000
Gal             4      0.33   -0.0789    0.4374    0.0004     0.000     0.000
LBV             0      0.00    0.0000    0.0000    0.0000     0.000     0.000
M-star          0      0.00    0.0000    0.0000    0.0000     0.000     0.000
 
### rlap-ordered template listings ###
#no. sn type lap rlap z zerr age age_flag grade
   1  agn           AGN        0.8515   7.03   0.4374   0.0035   -99.90  2   good
   2  kcSB6         Gal        0.8515   6.23   0.4373   0.0031   -99.90  2   good
   3  sn02er        Ia-norm    0.7365   5.96   0.4320   0.0096    -5.40  0   good
   4  sn95D         Ia-norm    0.6904   5.90   0.4175   0.0091     4.20  0   good
   5  sn91N         Ic-norm    0.8204   5.83   0.4932   0.0064   250.20  1    bad
   6  kcSB4         Gal        0.8515   5.67   0.4374   0.0033   -99.90  2   good
   7  kcSB5         Gal        0.8515   5.66   0.4374   0.0033   -99.90  2   good
   8  sn97cy        IIn        0.7554   5.51   0.4377   0.0045   377.70  1   good
   9  kcSB3         Gal        0.8515   5.39   0.4382   0.0035   -99.90  2   good
  10  sn94S         Ia-norm    0.6268   5.39   0.4275   0.0113    -2.50  0   good
  11  sn97cy        IIn        0.8515   5.28   0.4935   0.0051   196.10  1    bad
  12  sn90K         IIL        0.6133   5.16   0.4357   0.0052   174.80  1   good
  13  sn89B         Ia-norm    0.6498   5.15   0.4147   0.0098     3.50  0   good
  14  sn90K         IIL        0.6376   5.10   0.4363   0.0051   174.80  1   good
#--- rlap cutoff
  15  sn90K         IIL        0.5740   4.97   0.4365   0.0053   161.00  1    cut
  16  sn90K         IIL        0.6431   4.95   0.4359   0.0057   119.20  1    cut
  17  sn97cy        IIn        0.7229   4.83   0.4406   0.0052   174.50  1    cut
  18  sn91N         Ic-norm    0.5835   4.70   0.4945   0.0073   276.10  1    cut
  19  lbv01ac       LBV        0.6376   4.61   0.4386   0.0045   -99.90  2    cut
  20  sn97cy        IIn        0.7554   4.60   0.4422   0.0060   116.80  1    cut
  21  sn90K         IIL        0.5903   4.55   0.4363   0.0056   202.60  1    cut
  22  lbv99bw       LBV        0.5876   4.49   0.4388   0.0045   -99.90  2    cut
  23  kcSc          Gal        0.8515   4.48   0.4375   0.0040   -99.90  2    cut
  24  sn90K         IIL        0.5645   4.46   0.4366   0.0056   201.70  1    cut
  25  sn97cy        IIn        0.7554   4.40   0.4815   0.0061   125.30  1    cut
  26  sn04dj        IIP        0.5605   4.34   0.4423   0.0052    89.80  1    cut
  27  sn97cy        IIn        0.7541   4.22   0.4422   0.0068    71.30  1    cut
  28  sn97cy        IIn        0.7568   4.20   0.4414   0.0071    57.20  1    cut
  29  sn89B         Ia-norm    0.6471   4.20   0.4132   0.0115     5.50  0    cut
  30  sn97cy        IIn        0.7554   4.15   0.5271   0.0059   226.10  1    cut
  31  sn90aa        Ic-norm    0.5997   4.14   0.4988   0.0099   116.10  1    cut
  32  sn90K         IIL        0.6268   4.12   0.4606   0.0068   147.10  1    cut
  33  lbv01ac       LBV        0.7730   4.12   0.4394   0.0043   -99.90  2    cut
  34  lbv99bw       LBV        0.6363   4.01   0.4365   0.0046   -99.90  2    cut
  35  sn90K         IIL        0.4481   3.97   0.4384   0.0076    50.50  1    cut
  36  sn90K         IIL        0.5429   3.91   0.4363   0.0071    76.40  1    cut
  37  sn97dq        Ic-norm    0.6986   3.75   0.4961   0.0098   222.20  1    cut
  38  sn99em        IIP        0.6850   3.75   0.4473   0.0107     0.40  0    cut
  39  sn91A         Ic-norm    0.4833   3.71   0.4979   0.0101   128.30  1    cut
  40  sn97cy        IIn        0.7554   3.59   0.4522   0.0083    14.10  1    cut
  41  sn91A         Ic-norm    0.5320   3.57   0.5039   0.0103    65.10  1    cut
  42  sn04et        IIP        0.6931   3.56   0.4468   0.0108    -0.90  0    cut
  43  sn99em        IIP        0.6918   3.56   0.4461   0.0111    -0.60  0    cut
  44  sn05cs        IIP        0.6986   3.55   0.4402   0.0088     2.10  0    cut
  45  kcSB2         Gal        0.8515   3.52   0.4378   0.0050   -99.90  2    cut
  46  sn04et        IIP        0.6891   3.46   0.4469   0.0110     1.00  0    cut
  47  sn99em        IIP        0.7107   3.45   0.4482   0.0112     2.40  0    cut
  48  sn05cs        IIP        0.6986   3.45   0.4408   0.0091     3.10  0    cut
  49  sn90K         IIL        0.6160   3.44   0.4394   0.0091    55.60  1    cut
  50  sn05cs        IIP        0.6959   3.43   0.4418   0.0090     4.00  0    cut
  51  sn94T         Ia-norm    0.5510   3.40   0.4225   0.0131     1.20  0    cut
  52  sn04et        IIP        0.6945   3.38   0.4458   0.0116    -1.90  0    cut
  53  sn04et        IIP        0.6810   3.34   0.4472   0.0113     2.00  0    cut
  54  sn06bp        IIP        0.6403   3.34   0.4514   0.0131     4.20  0    cut
  55  sn99em        IIP        0.6931   3.33   0.4480   0.0111     5.40  0    cut
  56  sn05cs        IIP        0.6972   3.31   0.4394   0.0096     1.00  0    cut
  57  sn99em        IIP        0.6823   3.31   0.4476   0.0114     1.40  0    cut
  58  sn95E         Ia-norm    0.6024   3.30   0.4216   0.0125    -1.90  0    cut
  59  sn99em        IIP        0.6349   3.28   0.4478   0.0113     6.40  0    cut
  60  sn97cy        IIn        0.8380   3.27   0.5198   0.0079    29.40  1    cut
  61  sn04et        IIP        0.6945   3.26   0.4454   0.0119    -2.90  0    cut
  62  sn99em        IIP        0.7527   3.25   0.4477   0.0115     6.20  0    cut
  63  kcSB1         Gal        0.8515   3.24   0.4381   0.0051   -99.90  2    cut
  64  sn06bp        IIP        0.6403   3.23   0.4518   0.0131     3.30  0    cut
  65  sn05cs        IIP        0.6972   3.21   0.4416   0.0093     5.00  0    cut
  66  sn98bu        Ia-norm    0.5672   3.21   0.4171   0.0137     1.20  0    cut
  67  sn99em        IIP        0.5524   3.19   0.4475   0.0112     5.60  0    cut
  68  sn99em        IIP        0.8163   3.17   0.4527   0.0126    -3.70  0    cut
  69  sn06gz        Ia-pec     0.7067   3.14   0.4074   0.0179     4.30  0    cut
  70  sn05cs        IIP        0.6972   3.12   0.4386   0.0099     0.10  0    cut
  71  sn05hk        Ia-pec     0.7094   3.11   1.0269   0.0126    -8.30  0    cut
  72  sn06bp        IIP        0.6647   3.11   0.4519   0.0133     7.20  0    cut
  73  sn92A         Ia-norm    0.6471   3.10   0.4263   0.0144     7.30  0    cut
  74  sn02cx        Ia-pec     0.6512   3.08   1.0300   0.0109    -5.30  0    cut
  75  sn99em        IIP        0.5618   3.08   0.4476   0.0114     6.60  0    cut
  76  sn99em        IIP        0.7514   3.06   0.4471   0.0129     0.20  0    cut
  77  sn91A         Ic-norm    0.5564   3.06   0.5046   0.0110    61.40  1    cut
  78  sn05hk        Ia-pec     0.7541   3.05   1.0246   0.0123    -8.30  0    cut
  79  sn93ac        Ia-norm    0.8475   3.05   0.6046   0.0135     6.90  0    cut
  80  sn99em        IIP        0.6309   3.00   0.4467   0.0127    -1.60  0    cut
  81  sn05hk        Ia-pec     0.8055   3.00   1.0256   0.0129    -5.10  0    cut
  82  sn05hk        Ia-pec     0.6769   2.97   1.0255   0.0140    -6.30  0    cut
  83  sn05hk        Ia-pec     0.6024   2.95   1.0264   0.0134    -7.30  0    cut
  84  sn05hk        Ia-pec     0.6024   2.94   1.0261   0.0140    -6.30  0    cut
  85  sn97cy        IIn        0.7554   2.93   0.4872   0.0089     0.00  1    cut
  86  sn04et        IIP        0.6959   2.92   0.4470   0.0124     4.00  0    cut
  87  sn89B         Ia-norm    0.6390   2.91   0.4148   0.0151     7.50  0    cut
  88  sn91A         Ic-norm    0.5442   2.91   0.5059   0.0107    47.50  1    cut
  89  sn97dq        Ic-norm    0.6349   2.90   1.0640   0.0145     0.00  1    cut
  90  sn90N         Ia-norm    0.5794   2.86   0.4168   0.0149     2.60  0    cut
  91  sn91N         Ic-norm    0.8109   2.86   1.0484   0.0213     0.00  1    cut
  92  sn89B         Ia-norm    0.6566   2.84   0.4096   0.0162     9.50  0    cut
  93  sn91A         Ic-norm    0.5970   2.84   1.0546   0.0148     0.00  1    cut
  94  sn02cx        Ia-pec     0.6566   2.82   1.0320   0.0120    -2.40  0    cut
  95  sn06bp        IIP        0.5402   2.82   0.4552   0.0135     8.10  0    cut
  96  sn90K         IIL        0.6065   2.80   0.4395   0.0100    53.30  1    cut
  97  sn94ae        Ia-norm    0.8502   2.79   0.6038   0.0134     9.40  0    cut
  98  sn99em        IIP        0.6336   2.78   0.4468   0.0122     9.40  0    cut
  99  sn05hk        Ia-pec     0.7107   2.78   1.0258   0.0140    -7.30  0    cut
 100  sn05hk        Ia-pec     0.7094   2.78   1.0263   0.0140    -6.30  0    cut
 101  sn05cs        IIP        0.6986   2.73   0.4390   0.0107    -0.80  0    cut
 102  sn05hk        Ia-pec     0.6783   2.73   1.0265   0.0150    -4.20  0    cut
 103  sn05hk        Ia-pec     0.7094   2.71   1.0267   0.0135    -5.30  0    cut
 104  sn94I         Ic-norm    0.6295   2.69   1.0654   0.0173     3.30  0    cut
 105  sn04dj        IIP        0.5131   2.68   0.4382   0.0081    50.60  1    cut
 106  sn80K         IIL        0.5618   2.67   0.4915   0.0082    11.00  0    cut
 107  sn04dj        IIP        0.5090   2.65   0.4372   0.0083    51.90  1    cut
 108  sn04dj        IIP        0.5117   2.64   0.4380   0.0082    50.00  1    cut
 109  sn05hk        Ia-pec     0.7094   2.63   1.0282   0.0146    -4.30  0    cut
 110  sn02ap        Ic-broad   0.6349   2.61   1.0759   0.0195     6.60  0    cut
 111  sn04dj        IIP        0.5117   2.60   0.4374   0.0083    48.00  1    cut
 112  sn03fg        Ia-pec     0.8515   2.59   0.5918   0.0116     2.00  0    cut
 113  sn97dq        Ic-norm    0.6363   2.59   1.0620   0.0163    14.90  1    cut
 114  sn91N         Ic-norm    0.7879   2.58   1.0602   0.0183     5.70  1    cut
 115  sn05cs        IIP        0.6972   2.55   0.4390   0.0111    -1.90  0    cut
 116  sn93J         IIb        0.6295   2.55   1.0613   0.0145     2.70  0    cut
 117  sn02ap        Ic-broad   0.6349   2.53   1.0735   0.0208     5.60  0    cut
 118  sn04dj        IIP        0.4887   2.52   0.4377   0.0092    18.00  1    cut
 119  sn05hk        Ia-pec     0.7080   2.51   1.0283   0.0146    -3.30  0    cut
 120  sn04aw        Ic-norm    0.6485   2.50   1.0857   0.0148     3.60  0    cut
 121  sn04dj        IIP        0.5104   2.50   0.4373   0.0086    46.80  1    cut
 122  sn04dj        IIP        0.4887   2.50   0.4383   0.0101     2.70  1    cut
 123  sn04dj        IIP        0.4887   2.50   0.4381   0.0085    36.00  1    cut
 124  sn04dj        IIP        0.4860   2.49   0.4381   0.0097     8.00  1    cut
 125  kcE           Gal        0.8515   2.49   0.9725   0.0113   -99.90  2    cut
 126  sn97dq        Ic-norm    0.6376   2.48   1.0607   0.0159    21.90  1    cut
 127  sn04et        IIP        0.6931   2.48   0.4464   0.0136     6.20  0    cut
 128  sn04dj        IIP        0.4874   2.47   0.4392   0.0102     0.00  1    cut
 129  sn92A         Ia-norm    0.8475   2.46   0.4300   0.0176     2.40  0    cut
 130  sn05cs        IIP        0.6972   2.46   0.4417   0.0110     7.10  0    cut
 131  sn99em        IIP        0.6309   2.46   0.4460   0.0151    -2.60  0    cut
 132  sn97dq        Ic-norm    0.6363   2.46   1.0625   0.0168    17.90  1    cut
 133  sn04aw        Ic-norm    0.6525   2.46   1.0849   0.0145     3.10  0    cut
 134  sn04dj        IIP        0.4887   2.45   0.4379   0.0091    20.00  1    cut
 135  sn04dj        IIP        0.4874   2.45   0.4384   0.0100     5.00  1    cut
 136  sn90K         IIL        0.6119   2.44   0.4854   0.0091   136.20  1    cut
 137  sn04dj        IIP        0.4887   2.44   0.4382   0.0094    17.00  1    cut
 138  sn97dq        Ic-norm    0.6376   2.43   1.0601   0.0158    26.90  1    cut
 139  sn05gj        Ia-csm     0.6282   2.43   0.4354   0.0071     7.70  0    cut
 140  sn93J         IIb        0.6485   2.42   1.0513   0.0161     6.60  0    cut
 141  sn81B         Ia-norm    0.8285   2.42   0.4335   0.0188     0.00  0    cut
 142  sn94I         Ic-norm    0.6376   2.41   1.0670   0.0202     2.10  0    cut
 143  sn02ap        Ic-broad   0.6349   2.41   1.0761   0.0214     4.60  0    cut
 144  sn91T         Ia-91T     0.6959   2.40   1.0588   0.0154    -7.30  0    cut
 145  sn81B         Ia-norm    0.8231   2.40   0.4336   0.0188    -0.90  0    cut
 146  sn91T         Ia-91T     0.6959   2.40   1.0564   0.0160    -5.30  0    cut
 147  sn93J         IIb        0.7825   2.38   1.0475   0.0175    11.00  0    cut
 148  sn91T         Ia-91T     0.6959   2.38   1.0570   0.0157    -6.40  0    cut
 149  sn04et        IIP        0.6891   2.37   0.4458   0.0140     8.60  0    cut
 150  sn94I         Ic-norm    0.6376   2.36   1.0687   0.0214     1.10  0    cut
 151  sn90aa        Ic-norm    0.6011   2.36   1.0734   0.0163     0.00  1    cut
 152  sn02ap        Ic-broad   0.7026   2.35   0.8155   0.0371    -2.40  0    cut
 153  sn93J         IIb        0.7094   2.34   1.0600   0.0155     3.70  0    cut
 154  mstar         M-star     0.6918   2.33   0.8392   0.0066     9.00  2    cut
 155  sn02ap        Ic-broad   0.6349   2.32   1.0774   0.0216     3.60  0    cut
 156  sn04aw        Ic-norm    0.6485   2.32   1.0880   0.0139     1.60  0    cut
 157  sn93J         IIb        0.6823   2.30   1.0571   0.0162     4.60  0    cut
 158  sn91N         Ic-norm    0.8096   2.29   1.0511   0.0245    12.00  1    cut
 159  sn06aj        Ic-broad   0.8069   2.29   0.8045   0.0338     2.80  0    cut
 160  sn99em        IIP        0.6322   2.28   0.4477   0.0165    -3.60  0    cut
 161  sn04aw        Ic-norm    0.6498   2.27   1.0830   0.0140     2.60  0    cut
 162  sn91N         Ic-norm    0.7893   2.27   1.0633   0.0238     6.60  1    cut
 163  sn02er        Ia-norm    0.7365   2.27   0.4353   0.0191    -6.40  0    cut
 164  sn94I         Ic-norm    0.7541   2.26   1.0699   0.0206     2.40  0    cut
 165  sn04aw        Ic-norm    0.6525   2.26   1.0886   0.0152     1.90  0    cut
 166  sn02er        Ia-norm    0.7527   2.25   0.4371   0.0212    -8.40  0    cut
 167  sn02bo        Ia-norm    0.7527   2.25   0.4297   0.0203    -1.40  0    cut
 168  sn05hk        Ia-pec     0.7080   2.25   1.0291   0.0155    -2.40  0    cut
 169  sn92A         Ia-norm    0.8461   2.25   0.4396   0.0204    -5.00  0    cut
 170  sn99aa        Ia-91T     0.7703   2.24   0.4398   0.0177     2.70  0    cut
 171  sn92A         Ia-norm    0.8461   2.24   0.4325   0.0188    -0.40  0    cut
 172  sn99em        IIP        0.7514   2.24   0.4469   0.0145    11.10  0    cut
 173  sn05cs        IIP        0.6986   2.23   0.4414   0.0116     8.00  0    cut
 174  sn90N         Ia-norm    0.8515   2.22   0.4210   0.0177     4.90  0    cut
 175  mstar         M-star     0.6918   2.21   0.8395   0.0076     6.00  2    cut
 176  sn03du        Ia-norm    0.7717   2.21   0.4208   0.0200     5.00  0    cut
 177  sn96cb        IIb        0.6620   2.21   0.6055   0.0161     7.00  0    cut
 178  sn95F         Ic-norm    0.6986   2.20   0.5044   0.0153    88.60  1    cut
 179  sn96cb        IIb        0.6620   2.20   0.6055   0.0162     7.00  0    cut
 180  sn06bp        IIP        0.5388   2.20   0.4532   0.0182     2.10  0    cut
 181  sn97dq        Ic-norm    0.7649   2.19   1.0619   0.0194     1.00  1    cut
 182  sn05hk        Ia-pec     0.6038   2.19   1.0327   0.0145     3.60  0    cut
 183  sn90U         Ic-norm    0.7595   2.19   1.0369   0.0219    10.90  0    cut
 184  sn88L         Ib-norm    0.5672   2.18   1.0651   0.0159     0.00  1    cut
 185  mstar         M-star     0.6931   2.17   0.8400   0.0073    10.00  2    cut
 186  sn02cx        Ia-pec     0.6579   2.17   1.0351   0.0152    10.30  0    cut
 187  sn04aw        Ic-norm    0.6485   2.17   1.0906   0.0160     0.80  0    cut
 188  sn99di        Ib-norm    0.5740   2.16   0.6077   0.0144    23.60  1    cut
 189  sn89B         Ia-norm    0.8515   2.16   0.4260   0.0204    -6.30  0    cut
 190  sn96cb        IIb        0.6620   2.15   0.6090   0.0174    -2.10  0    cut
 191  sn97ei        Ic-norm    0.6498   2.15   1.0578   0.0206    10.90  1    cut
 192  sn02bo        Ia-norm    0.7256   2.15   0.4265   0.0200    -0.30  0    cut
 193  mstar         M-star     0.6931   2.14   0.5492   0.0109     5.00  2    cut
 194  sn92A         Ia-norm    0.8515   2.14   0.8193   0.0172     8.70  0    cut
 195  sn98aq        Ia-norm    0.6945   2.13   0.4238   0.0195    -8.00  0    cut
 196  sn94D         Ia-norm    0.7446   2.13   0.4290   0.0200    -4.80  0    cut
 197  sn95D         Ia-norm    0.7297   2.13   0.4177   0.0211     6.10  0    cut
 198  sn97br        Ia-91T     0.6471   2.13   1.0564   0.0158    -7.40  0    cut
 199  sn03du        Ia-norm    0.7135   2.12   0.6051   0.0138     8.90  0    cut
 200  sn97br        Ia-91T     0.6566   2.11   1.0563   0.0165    -6.40  0    cut
 201  sn02bo        Ia-norm    0.8204   2.11   0.4233   0.0217     5.50  0    cut
 202  sn91N         Ic-norm    0.7893   2.11   1.0641   0.0229     7.60  1    cut
 203  sn02er        Ia-norm    0.7297   2.11   0.4309   0.0217    -3.50  0    cut
 204  sn97dq        Ic-norm    0.8515   2.09   1.0633   0.0197    27.90  1    cut
 205  sn92A         Ia-norm    0.8515   2.08   0.4345   0.0220     5.90  0    cut
 206  sn80K         IIL        0.5185   2.07   0.8188   0.0084     9.00  0    cut
 207  sn92A         Ia-norm    0.7297   2.07   0.6123   0.0146     6.30  0    cut
 208  sn00H         IIb        0.6471   2.07   1.0654   0.0209     9.60  0    cut
 209  sn04eo        Ia-norm    0.7094   2.06   1.0541   0.0161    11.00  0    cut
 210  sn03du        Ia-norm    0.7121   2.06   0.6048   0.0148     7.90  0    cut
 211  sn94D         Ia-norm    0.8231   2.06   0.4349   0.0208    -5.60  0    cut
 212  sn00H         IIb        0.6458   2.06   1.0654   0.0189    10.60  0    cut
 213  sn95D         Ia-norm    0.7351   2.06   0.4166   0.0220     8.10  0    cut
 214  sn02ap        Ic-broad   0.6309   2.05   0.8116   0.0385    -1.40  0    cut
 215  sn05cs        IIP        0.6986   2.05   0.4409   0.0122     9.00  0    cut
 216  mstar         M-star     0.6931   2.04   0.5492   0.0131     8.00  2    cut
 217  sn03du        Ia-norm    0.7162   2.04   0.4212   0.0199    -1.10  0    cut
 218  lbv03hy       LBV        0.6579   2.02   0.4431   0.0139   -99.90  2    cut
 219  sn98S         IIn        0.5808   2.02   0.4079   0.0093     1.90  0    cut
 220  sn96X         Ia-norm    0.8231   2.02   0.6034   0.0216     1.90  0    cut
 221  sn94I         Ic-norm    0.6688   2.02   1.0760   0.0249    -0.10  0    cut
 222  sn99aa        Ia-91T     0.7487   2.02   0.4358   0.0171    -0.60  0    cut
 223  sn91T         Ia-91T     0.8515   2.01   1.0594   0.0201    -0.20  0    cut
 224  mstar         M-star     0.6931   2.01   0.5485   0.0140     7.00  2    cut
 225  sn04et        IIP        0.6972   2.00   0.4451   0.0151    10.00  0    cut
 226  sn93J         IIb        0.6620   2.00   1.0568   0.0178     3.40  0    cut
 227  sn94D         Ia-norm    0.5930   2.00   0.8052   0.0164    10.10  0    cut
 228  sn02bo        Ia-norm    0.7933   2.00   0.4341   0.0219    -4.50  0    cut
 229  lbv03hy       LBV        0.6552   2.00   1.0482   0.0188   -99.90  2    cut
 230  sn89B         Ia-norm    0.8001   1.99   0.4199   0.0218    -0.50  0    cut
 231  sn96X         Ia-norm    0.8258   1.99   0.6042   0.0219     0.90  0    cut
 232  lbv03hy       LBV        0.6566   1.99   0.4477   0.0150   -99.90  2    cut
 233  sn95F         Ic-norm    0.7270   1.99   1.0444   0.0206    28.90  1    cut
 234  sn02ap        Ic-broad   0.5537   1.98   1.0645   0.0183     6.50  0    cut
 235  sn02er        Ia-norm    0.7487   1.98   0.4156   0.0204     5.50  0    cut
 236  sn99by        Ia-91bg    0.6349   1.97   1.0630   0.0207     4.10  0    cut
 237  sn97br        Ia-91T     0.6322   1.96   1.0567   0.0165    -7.00  0    cut
 238  sn97dd        IIb        0.6471   1.96   0.6020   0.0158    16.40  1    cut
 239  sn94ae        Ia-norm    0.6986   1.96   0.6063   0.0161     9.30  0    cut
 240  sn02er        Ia-norm    0.7135   1.96   1.0604   0.0172    10.60  0    cut
 241  sn99ee        Ia-norm    0.8515   1.96   0.4476   0.0287    -8.60  0    cut
 242  sn01el        Ia-norm    0.7500   1.95   1.0673   0.0195     9.20  0    cut
 243  sn94I         Ic-norm    0.6376   1.95   1.0821   0.0268    -2.70  0    cut
 244  sn97ef        Ic-broad   0.6431   1.94   0.7927   0.0430    -6.10  0    cut
 245  sn99gi        IIP        0.6255   1.94   0.4492   0.0195    -5.00  0    cut
 246  sn99gi        IIP        0.6282   1.94   0.4473   0.0198    -4.00  0    cut
 247  sn95F         Ic-norm    0.7256   1.94   1.0443   0.0241     0.00  1    cut
 248  sn94ae        Ia-norm    0.6864   1.94   0.4213   0.0232     6.40  0    cut
 249  sn97ei        Ic-norm    0.4914   1.94   1.0527   0.0160     0.00  1    cut
 250  sn99ee        Ia-norm    0.7635   1.94   0.4239   0.0205     2.20  0    cut
 251  sn02er        Ia-norm    0.7811   1.93   0.4281   0.0237    -1.50  0    cut
 252  sn99by        Ia-91bg    0.6349   1.93   1.0611   0.0205     5.20  0    cut
 253  sn94ae        Ia-norm    0.6918   1.93   0.4229   0.0236     3.30  0    cut
 254  sn94D         Ia-norm    0.8299   1.92   0.4272   0.0221    -3.80  0    cut
 255  sn03du        Ia-norm    0.7784   1.92   0.4262   0.0219    -5.00  0    cut
 256  sn97ef        Ic-broad   0.6444   1.92   0.7918   0.0413    -5.10  0    cut
 257  sn05cs        IIP        0.6986   1.92   0.4400   0.0128    10.00  0    cut
 258  sn93J         IIb        0.6823   1.91   1.0551   0.0185     3.80  0    cut
 259  lbv03hy       LBV        0.6539   1.91   0.7832   0.0081   -99.90  2    cut
 260  sn02er        Ia-norm    0.7879   1.91   0.4280   0.0231    -2.50  0    cut
 261  sn03cg        Ia-norm    0.7324   1.91   0.8082   0.0163     9.60  0    cut
 262  sn00H         IIb        0.6783   1.91   1.0455   0.0212     8.40  0    cut
 263  sn93J         IIb        0.6918   1.91   1.0541   0.0186     5.50  0    cut
 264  sn99ee        Ia-norm    0.7622   1.91   0.4248   0.0211     0.30  0    cut
 265  sn97cn        Ia-91bg    0.6931   1.91   1.0595   0.0175     3.90  0    cut
 266  sn06gz        Ia-pec     0.6444   1.90   0.4355   0.0179    -5.50  0    cut
 267  sn05hk        Ia-pec     0.7107   1.90   1.0305   0.0167    -1.40  0    cut
 268  sn03du        Ia-norm    0.6999   1.90   0.4216   0.0217    -0.20  0    cut
 269  sn97dq        Ic-norm    0.7635   1.89   0.5032   0.0168    81.70  1    cut
 270  sn03du        Ia-norm    0.7784   1.89   0.4246   0.0219    -3.20  0    cut
 271  sn99ac        Ia-91T     0.7487   1.89   0.4258   0.0223     0.80  0    cut
 272  sn86G         Ia-91bg    0.5916   1.89   0.4224   0.0221     0.60  0    cut
 273  sn99ex        Ib-norm    0.6322   1.88   1.0664   0.0241     9.30  0    cut
 274  sn98bw        Ic-broad   0.7432   1.88   0.4311   0.0408     8.70  0    cut
 275  sn02ap        Ic-broad   0.7256   1.88   1.0735   0.0252     4.70  0    cut
 276  sn97br        Ia-91T     0.6065   1.88   1.0544   0.0167    -8.00  0    cut
 277  sn90O         Ia-norm    0.8163   1.88   0.4403   0.0226    -6.10  0    cut
 278  sn03du        Ia-norm    0.6999   1.88   0.4219   0.0218     0.80  0    cut
 279  sn99ac        Ia-91T     0.7649   1.87   0.4256   0.0222     3.10  0    cut
 280  sn94ae        Ia-norm    0.6647   1.87   0.4210   0.0229     2.30  0    cut
 281  mstar         M-star     0.6904   1.87   1.0445   0.0177     1.00  2    cut
 282  sn00cx        Ia-pec     0.6160   1.86   1.0586   0.0180    -1.40  0    cut
 283  sn94ae        Ia-norm    0.6783   1.86   0.4211   0.0238     4.40  0    cut
 284  sn97dq        Ic-norm    0.4549   1.86   0.5134   0.0148    42.80  1    cut
 285  mstar         M-star     0.6918   1.85   1.0439   0.0171     0.00  2    cut
 286  lbv03hy       LBV        0.6539   1.85   1.0321   0.0179   -99.90  2    cut
 287  sn99by        Ia-91bg    0.6363   1.85   1.0609   0.0209     6.10  0    cut
 288  sn99aa        Ia-91T     0.7067   1.85   1.0900   0.0174    -8.50  0    cut
 289  sn02bo        Ia-norm    0.6986   1.84   0.4303   0.0227    -2.50  0    cut
 290  sn06bp        IIP        0.5280   1.84   0.4522   0.0201     0.10  0    cut
 291  sn90O         Ia-norm    0.8150   1.84   0.4408   0.0258    -7.10  0    cut
 292  sn99aw        Ia-91T     0.7311   1.84   0.4311   0.0187     0.30  0    cut
 293  sn02ap        Ic-broad   0.5524   1.84   0.8001   0.0438     1.50  0    cut
 294  sn96C         Ia-norm    0.7243   1.84   0.6058   0.0182     8.30  0    cut
 295  sn80K         IIL        0.5280   1.84   0.8195   0.0134     7.00  0    cut
 296  lbv03hy       LBV        0.6552   1.83   1.0390   0.0190   -99.90  2    cut
 297  sn99ee        Ia-norm    0.7622   1.83   0.8097   0.0204    11.10  0    cut
 298  sn94I         Ic-norm    0.6376   1.83   1.0874   0.0288    -3.80  0    cut
 299  sn02er        Ia-norm    0.7879   1.83   0.4191   0.0247     3.40  0    cut
 300  sn90O         Ia-norm    0.8150   1.83   0.4389   0.0228    -5.10  0    cut
 301  sn97ef        Ic-broad   0.6431   1.83   0.7789   0.0410    -4.10  0    cut
 302  sn99by        Ia-91bg    0.6363   1.82   1.0610   0.0210     7.10  0    cut
 303  sn02er        Ia-norm    0.7771   1.82   0.4318   0.0235    -4.40  0    cut
 304  sn99aa        Ia-91T     0.6065   1.82   0.8434   0.0204     7.60  0    cut
 305  sn96cb        IIb        0.6634   1.82   0.6057   0.0186     0.90  0    cut
 306  sn00E         Ia-norm    0.6241   1.82   0.8142   0.0162     8.40  0    cut
 307  sn91A         Ic-norm    0.5957   1.82   0.5102   0.0149    32.60  1    cut
 308  sn06bp        IIP        0.5293   1.82   1.0811   0.0167    -5.70  0    cut
 309  sn86G         Ia-91bg    0.5957   1.82   0.4226   0.0233     1.60  0    cut
 310  sn02ap        Ic-broad   0.7541   1.81   0.8000   0.0409     2.70  0    cut
 311  sn04eo        Ia-norm    0.7554   1.81   0.4227   0.0218    -6.40  0    cut
 312  sn90aa        Ic-norm    0.5997   1.81   0.5036   0.0246    61.50  1    cut
 313  sn02bo        Ia-norm    0.6986   1.81   0.4310   0.0227    -3.40  0    cut
 314  sn88L         Ib-norm    0.5185   1.81   1.0667   0.0140    47.70  1    cut
 315  sn02bo        Ia-norm    0.6986   1.81   0.4276   0.0228    -1.50  0    cut
 316  sn03du        Ia-norm    0.6986   1.80   0.4209   0.0215     1.90  0    cut
 317  sn93J         IIb        0.6755   1.80   1.0670   0.0185     1.40  0    cut
 318  mstar         M-star     0.6918   1.79   0.5504   0.0124     4.00  2    cut
 319  sn05hj        Ia-norm    0.5808   1.78   1.0636   0.0236    -5.10  0    cut
 320  sn04S         Ia-norm    0.8218   1.78   0.4246   0.0210     1.70  0    cut
 321  sn05bf        Ib-pec     0.8326   1.78   0.6044   0.0177     3.40  0    cut
 322  sn99ee        Ia-norm    0.7311   1.78   0.4220   0.0201     7.10  0    cut
 323  sn99by        Ia-91bg    0.6959   1.78   1.0635   0.0219     3.10  0    cut
 324  sn02ic        Ia-csm     0.6688   1.78   1.0541   0.0243     9.40  0    cut
 325  lbv03hy       LBV        0.6552   1.77   0.4462   0.0150   -99.90  2    cut
 326  sn91ar        Ib-norm    0.5510   1.77   0.5957   0.0129    27.40  1    cut
 327  sn95F         Ic-norm    0.7270   1.77   1.0438   0.0250    35.60  1    cut
 328  sn03du        Ia-norm    0.7256   1.77   0.8139   0.0183     9.80  0    cut
 329  sn96L         IIn        0.6092   1.77   0.8267   0.0073     8.40  0    cut
 330  sn04aw        Ic-norm    0.6485   1.77   1.0893   0.0285    -3.30  0    cut
 331  sn04S         Ia-norm    0.7825   1.77   0.4205   0.0204     7.50  0    cut
 332  sn91bg        Ia-91bg    0.5970   1.76   1.0684   0.0249     2.70  0    cut
 333  sn99by        Ia-91bg    0.6349   1.76   1.0607   0.0206     8.10  0    cut
 334  sn97br        Ia-91T     0.7324   1.76   0.8201   0.0218     7.80  0    cut
 335  sn02er        Ia-norm    0.7487   1.76   1.0490   0.0194     9.40  0    cut
 336  sn94ae        Ia-norm    0.6512   1.75   0.4234   0.0231     3.30  0    cut
 337  sn03du        Ia-norm    0.7256   1.75   0.8131   0.0176    10.80  0    cut
 338  sn02ap        Ic-broad   0.6295   1.75   0.8100   0.0441    -0.40  0    cut
 339  sn03du        Ia-norm    0.7162   1.74   0.4367   0.0215    -6.20  0    cut
 340  sn98bu        Ia-norm    0.6349   1.74   0.8103   0.0174    10.20  0    cut
 341  sn90N         Ia-norm    0.8515   1.74   0.4358   0.0255    -6.40  0    cut
 342  sn91M         Ia-norm    0.6999   1.74   0.4234   0.0245     2.70  0    cut
 343  sn91T         Ia-91T     0.7135   1.73   0.8102   0.0251    10.90  0    cut
 344  sn92A         Ia-norm    0.6850   1.73   0.4323   0.0189     3.30  0    cut
 345  sn99di        Ib-norm    0.5754   1.73   0.6105   0.0205     0.00  1    cut
 346  sn05bf        Ib-pec     0.7162   1.73   0.4056   0.0206    -1.60  0    cut
 347  sn03du        Ia-norm    0.6999   1.72   0.4187   0.0228     3.90  0    cut
 348  sn03du        Ia-norm    0.7013   1.72   0.4248   0.0230    -7.00  0    cut
 349  sn05bf        Ib-pec     0.7162   1.72   0.4050   0.0200     3.20  0    cut
 350  sn04aw        Ic-norm    0.7094   1.72   1.0796   0.0211     5.30  0    cut
 351  sn98aq        Ia-norm    0.6363   1.72   0.6072   0.0169     6.90  0    cut
 352  sn94M         Ia-norm    0.6200   1.72   0.6107   0.0166     5.00  0    cut
 353  sn97ef        Ic-broad   0.7419   1.71   0.4932   0.0406    -5.00  0    cut
 354  sn94D         Ia-norm    0.6661   1.70   0.8045   0.0208    11.00  0    cut
 355  sn92A         Ia-norm    0.8069   1.70   0.8206   0.0198     8.90  0    cut
 356  sn05gj        Ia-csm     0.6255   1.70   0.4353   0.0095    10.40  0    cut
 357  sn00cx        Ia-pec     0.5767   1.70   0.8262   0.0288     9.50  0    cut
 358  sn97br        Ia-91T     0.5659   1.70   1.0561   0.0160    -6.00  0    cut
 359  sn96cb        IIb        0.6607   1.69   0.6065   0.0208     5.00  0    cut
 360  sn84L         Ib-norm    0.5537   1.69   0.7934   0.0181     8.00  0    cut
 361  sn05bf        Ib-pec     0.7148   1.69   0.4042   0.0212    -3.60  0    cut
 362  sn02bo        Ia-norm    0.6972   1.69   0.4273   0.0234    -1.20  0    cut
 363  sn94D         Ia-norm    0.6119   1.69   0.4331   0.0234    -8.70  0    cut
 364  sn99ex        Ib-norm    0.7595   1.69   0.4258   0.0201    -4.50  0    cut
 365  sn02ap        Ic-broad   0.5537   1.68   1.0688   0.0225     9.50  0    cut
 366  sn99gi        IIP        0.6322   1.68   1.0656   0.0217    -7.10  0    cut
 367  sn94D         Ia-norm    0.7175   1.68   0.4254   0.0234    -1.80  0    cut
 368  sn05bf        Ib-pec     0.7135   1.68   0.4054   0.0202     2.20  0    cut
 369  sn99di        Ib-norm    0.4576   1.68   0.6072   0.0175    30.50  1    cut
 370  sn95F         Ic-norm    0.7270   1.68   1.0447   0.0259    56.70  1    cut
 371  sn96X         Ia-norm    0.8285   1.68   0.8152   0.0172     7.80  0    cut
 372  sn93J         IIb        0.8055   1.68   0.4474   0.0258    -4.00  0    cut
 373  sn05bf        Ib-pec     0.7148   1.67   0.4035   0.0214    -0.70  0    cut
 374  mstar         M-star     0.6945   1.66   0.5512   0.0132     3.00  2    cut
 375  sn95D         Ia-norm    0.6552   1.66   0.8140   0.0210    10.10  0    cut
 376  sn99ac        Ia-91T     0.7825   1.66   1.0828   0.0222     9.20  0    cut
 377  sn98dt        Ib-norm    0.7676   1.65   1.0386   0.0255     7.90  0    cut
 378  sn02er        Ia-norm    0.7080   1.65   0.4221   0.0261    -0.50  0    cut
 379  sn05bf        Ib-pec     0.7148   1.65   0.4061   0.0205     5.20  0    cut
 380  sn84L         Ib-norm    0.5591   1.65   0.7913   0.0184     9.00  0    cut
 381  sn05bf        Ib-pec     0.7148   1.65   0.4061   0.0216    -4.60  0    cut
 382  sn87A         II-pec     0.5740   1.63   0.7974   0.0110    -6.70  0    cut
 383  sn00cx        Ia-pec     0.6092   1.63   1.0582   0.0178    -3.40  0    cut
 384  sn05bf        Ib-pec     0.7148   1.63   0.4057   0.0207     6.20  0    cut
 385  mstar         M-star     0.6945   1.62   1.0459   0.0181     2.00  2    cut
 386  sn98S         IIn        0.6309   1.62   1.0502   0.0195     9.70  0    cut
 387  sn94D         Ia-norm    0.7202   1.61   0.6023   0.0197     2.90  0    cut
 388  sn92A         Ia-norm    0.6891   1.61   0.4382   0.0243    -5.00  0    cut
 389  sn05bf        Ib-pec     0.7121   1.61   0.4058   0.0219     1.20  0    cut
 390  lbv03hy       LBV        0.6566   1.61   0.4451   0.0164   -99.90  2    cut
 391  sn86G         Ia-91bg    0.5862   1.61   0.5971   0.0159    -2.70  0    cut
 392  sn98bu        Ia-norm    0.6349   1.61   0.8114   0.0184     9.30  0    cut
 393  sn98S         IIn        0.7189   1.61   0.5767   0.0225    -1.50  0    cut
 394  sn99ee        Ia-norm    0.7635   1.61   0.4351   0.0308    -6.70  0    cut
 395  sn05bf        Ib-pec     0.7162   1.61   0.4049   0.0208     8.20  0    cut
 396  sn04aw        Ic-norm    0.6539   1.60   1.0985   0.0248    -1.30  0    cut
 397  sn83V         Ic-norm    0.5984   1.60   0.8392   0.0742    -7.00  0    cut
 398  sn06gz        Ia-pec     0.7216   1.60   0.4323   0.0239     6.30  0    cut
 399  sn97br        Ia-91T     0.6647   1.60   1.0578   0.0240     8.50  0    cut
 400  sn06gz        Ia-pec     0.6376   1.60   0.4346   0.0197    -2.60  0    cut
 401  sn04aw        Ic-norm    0.7622   1.60   1.0926   0.0230    -0.20  0    cut
 402  sn04eo        Ia-norm    0.7378   1.60   1.0607   0.0219     7.00  0    cut
 403  sn98dt        Ib-norm    0.6485   1.59   0.8089   0.0379     0.00  0    cut
 404  sn91bg        Ia-91bg    0.6864   1.59   1.0681   0.0261     2.70  0    cut
 405  sn94ae        Ia-norm    0.7053   1.58   0.8150   0.0215    10.40  0    cut
 406  sn04eo        Ia-norm    0.6539   1.58   0.5969   0.0183    -2.80  0    cut
 407  sn86G         Ia-91bg    0.5740   1.58   0.5948   0.0154    -0.40  0    cut
 408  sn93J         IIb        0.8042   1.58   0.4481   0.0280    -3.00  0    cut
 409  sn05hj        Ia-norm    0.5781   1.58   1.0530   0.0219    -6.00  0    cut
 410  sn05hj        Ia-norm    0.5754   1.57   0.6095   0.0225     4.30  0    cut
 411  sn98dt        Ib-norm    0.6485   1.57   0.8078   0.0350     0.90  0    cut
 412  sn91N         Ic-norm    0.7663   1.56   0.5097   0.0183    27.90  1    cut
 413  sn06gz        Ia-pec     0.7216   1.56   0.4327   0.0249     7.20  0    cut
 414  sn93J         IIb        0.7365   1.56   0.4472   0.0265    -5.00  0    cut
 415  sn87A         II-pec     0.5713   1.56   0.7965   0.0112     3.30  0    cut
 416  sn98dt        Ib-norm    0.6485   1.56   1.0427   0.0271     6.80  0    cut
 417  sn05bf        Ib-pec     0.7162   1.55   0.4049   0.0229    -2.70  0    cut
 418  sn06bp        IIP        0.5293   1.55   0.4567   0.0241    -1.70  0    cut
 419  sn91ar        Ib-norm    0.4860   1.54   0.5991   0.0156    15.80  1    cut
 420  sn90B         Ic-norm    0.7053   1.54   0.6075   0.0207     8.90  0    cut
 421  sn95E         Ia-norm    0.6498   1.54   0.4233   0.0237     0.10  0    cut
 422  lbv03hy       LBV        0.6539   1.54   0.4358   0.0073   -99.90  2    cut
 423  lbv03hy       LBV        0.6539   1.54   1.0536   0.0216   -99.90  2    cut
 424  sn99by        Ia-91bg    0.6363   1.54   1.0827   0.0292    -3.90  0    cut
 425  sn92A         Ia-norm    0.6837   1.54   0.4337   0.0209    -0.60  0    cut
 426  sn92ar        Ic-norm    0.6173   1.53   0.4112   0.0251     3.40  0    cut
 427  sn90K         IIL        0.6403   1.53   1.0568   0.0203     0.00  1    cut
 428  sn02bo        Ia-norm    0.6701   1.52   0.4344   0.0242    -4.40  0    cut
 429  sn94ae        Ia-norm    0.6728   1.52   0.4232   0.0239     1.30  0    cut
 430  sn00cx        Ia-pec     0.6173   1.52   1.0558   0.0194     0.60  0    cut
 431  sn99ex        Ib-norm    0.7744   1.52   0.4220   0.0232     0.40  0    cut
 432  sn93J         IIb        0.6701   1.52   0.4474   0.0299    -1.60  0    cut
 433  sn03du        Ia-norm    0.6390   1.52   0.4279   0.0226    -8.80  0    cut
 434  sn98aq        Ia-norm    0.6363   1.52   0.6067   0.0196     5.90  0    cut
 435  sn03cg        Ia-norm    0.6959   1.51   0.4226   0.0261     4.50  0    cut
 436  sn06gz        Ia-pec     0.6458   1.51   0.4323   0.0196     5.20  0    cut
 437  sn04aw        Ic-norm    0.6485   1.50   1.1004   0.0296    -2.20  0    cut
 438  sn06aj        Ic-broad   0.6959   1.49   1.1711   0.0155    -3.40  0    cut
 439  sn94S         Ia-norm    0.6227   1.49   1.0598   0.0265    -3.40  0    cut
 440  sn96X         Ia-norm    0.6647   1.48   0.8147   0.0187     8.90  0    cut
 441  sn98bw        Ic-broad   0.7365   1.48   0.4856   0.0503     7.80  0    cut
 442  sn03du        Ia-norm    0.6390   1.48   0.4264   0.0226    -7.80  0    cut
 443  sn99dn        Ib-norm    0.5686   1.48   0.6102   0.0218    27.70  1    cut
 444  sn95E         Ia-norm    0.7351   1.48   0.8071   0.0181    10.00  0    cut
 445  sn06aj        Ic-broad   0.7514   1.48   1.1704   0.0230    -2.10  0    cut
 446  sn02ap        Ic-broad   0.6349   1.48   0.8093   0.0492     0.60  0    cut
 447  sn04aw        Ic-norm    0.7825   1.47   1.0967   0.0256    -1.70  0    cut
 448  sn94D         Ia-norm    0.7067   1.47   0.4246   0.0247     2.20  0    cut
 449  sn91bg        Ia-91bg    0.6593   1.47   1.0747   0.0311     1.50  0    cut
 450  kcSa          Gal        0.8515   1.47   1.0913   0.0081   -99.90  2    cut
 451  sn93J         IIb        0.8069   1.47   0.4487   0.0300    -2.00  0    cut
 452  sn99dn        Ib-norm    0.6485   1.46   1.0367   0.0348     0.00  1    cut
 453  sn98S         IIn        0.6241   1.46   0.5832   0.0187     0.90  0    cut
 454  sn96X         Ia-norm    0.6634   1.45   0.4224   0.0231     1.90  0    cut
 455  sn01el        Ia-norm    0.5090   1.45   0.6098   0.0197     1.30  0    cut
 456  sn94D         Ia-norm    0.6376   1.45   0.4260   0.0233    -3.60  0    cut
 457  sn06gz        Ia-pec     0.6485   1.45   0.4320   0.0223     7.20  0    cut
 458  sn05bf        Ib-pec     0.7135   1.45   0.7909   0.0175    -5.60  0    cut
 459  sn00cx        Ia-pec     0.6051   1.45   1.0578   0.0174    -0.40  0    cut
 460  sn05bf        Ib-pec     0.7148   1.44   1.0656   0.0279    -7.60  0    cut
 461  sn02ic        Ia-csm     0.8163   1.44   0.4350   0.0199     5.60  0    cut
 462  sn98aq        Ia-norm    0.6363   1.44   0.4250   0.0221     2.90  0    cut
 463  sn96X         Ia-norm    0.6647   1.44   0.4244   0.0229    -2.00  0    cut
 464  sn96X         Ia-norm    0.6647   1.44   0.4234   0.0236     1.00  0    cut
 465  sn99aw        Ia-91T     0.5266   1.44   0.8536   0.0221    -0.70  0    cut
 466  sn96X         Ia-norm    0.6634   1.43   0.4220   0.0234     2.90  0    cut
 467  sn01el        Ia-norm    0.5253   1.43   0.6154   0.0167    -3.70  0    cut
 468  sn00H         IIb        0.6471   1.43   0.8050   0.0420     7.70  0    cut
 469  sn96X         Ia-norm    0.6647   1.43   0.4238   0.0236    -3.00  0    cut
 470  sn98aq        Ia-norm    0.6363   1.43   0.4257   0.0222     3.90  0    cut
 471  sn98aq        Ia-norm    0.6363   1.42   0.4249   0.0221     1.90  0    cut
 472  sn97dd        IIb        0.6458   1.42   0.6041   0.0210     3.60  1    cut
 473  sn06bp        IIP        0.5293   1.42   0.4595   0.0346    -4.60  0    cut
 474  sn00E         Ia-norm    0.6796   1.41   0.4293   0.0248    -5.50  0    cut
 475  sn99by        Ia-91bg    0.6024   1.41   0.4224   0.0290    -4.80  0    cut
 476  sn95E         Ia-norm    0.6363   1.40   0.4249   0.0244     2.00  0    cut
 477  sn05gj        Ia-csm     0.6363   1.40   0.4351   0.0112    -1.80  0    cut
 478  sn98aq        Ia-norm    0.6363   1.40   0.4261   0.0226     4.90  0    cut
 479  sn98dt        Ib-norm    0.6485   1.40   0.8030   0.0442     3.90  0    cut
 480  sn02bo        Ia-norm    0.6349   1.39   0.8098   0.0296    10.80  0    cut
 481  sn87A         II-pec     0.5767   1.39   0.7969   0.0124    -2.70  0    cut
 482  sn98dt        Ib-norm    0.6471   1.39   1.0390   0.0246    10.70  0    cut
 483  sn00H         IIb        0.6471   1.39   0.8015   0.0486     6.70  0    cut
 484  sn99aw        Ia-91T     0.6972   1.38   0.4319   0.0273     3.20  0    cut
 485  sn93J         IIb        0.6877   1.38   0.4507   0.0340    -2.40  0    cut
 486  sn06aj        Ic-broad   0.6674   1.38   1.1660   0.0241    -1.50  0    cut
 487  sn00cx        Ia-pec     0.5740   1.37   0.7657   0.0230    -2.40  0    cut
 488  sn02bo        Ia-norm    0.6363   1.37   0.4369   0.0250    -8.10  0    cut
 489  lbv03hy       LBV        0.6552   1.37   0.5663   0.0189   -99.90  2    cut
 490  sn96X         Ia-norm    0.6647   1.37   0.8162   0.0208     7.90  0    cut
 491  sn96X         Ia-norm    0.6647   1.37   0.4209   0.0250     5.90  0    cut
 492  sn96X         Ia-norm    0.6607   1.37   0.4221   0.0248     4.90  0    cut
 493  sn00cx        Ia-pec     0.7419   1.37   1.0495   0.0230     1.60  0    cut
 494  sn98aq        Ia-norm    0.6349   1.37   0.4251   0.0227     0.90  0    cut
 495  sn02bo        Ia-norm    0.6363   1.36   0.4349   0.0251    -7.00  0    cut
 496  sn94M         Ia-norm    0.5808   1.36   0.6092   0.0199     4.00  0    cut
 497  sn03du        Ia-norm    0.6390   1.36   0.4236   0.0229     3.10  0    cut
 498  sn03du        Ia-norm    0.6363   1.36   0.4240   0.0229     2.20  0    cut
 499  sn00cx        Ia-pec     0.5781   1.36   0.8268   0.0293     7.50  0    cut
 500  sn96X         Ia-norm    0.6647   1.36   0.4232   0.0244     0.00  0    cut
 501  sn94D         Ia-norm    0.6390   1.36   0.4265   0.0239    -2.60  0    cut
 502  sn97br        Ia-91T     0.6607   1.36   0.8376   0.0243    -4.00  0    cut
 503  sn02bo        Ia-norm    0.6363   1.35   0.4335   0.0254    -6.00  0    cut
 504  sn03cg        Ia-norm    0.6431   1.35   0.8130   0.0189     7.40  0    cut
 505  sn94D         Ia-norm    0.6295   1.35   0.6105   0.0224    -7.70  0    cut
 506  sn90O         Ia-norm    0.6566   1.35   0.4334   0.0228    -0.40  0    cut
 507  sn06gz        Ia-pec     0.7229   1.35   0.4321   0.0283     8.20  0    cut
 508  sn97ef        Ic-broad   0.5199   1.35   1.0822   0.0239     6.80  0    cut
 509  sn02er        Ia-norm    0.6458   1.35   0.4382   0.0257    -7.40  0    cut
 510  sn06gz        Ia-pec     0.7216   1.34   0.4329   0.0281     9.20  0    cut
 511  sn97dd        IIb        0.7080   1.34   0.6023   0.0239     0.00  1    cut
 512  sn87A         II-pec     0.5740   1.34   0.7966   0.0133    -8.70  0    cut
 513  sn05bf        Ib-pec     0.6065   1.34   0.7890   0.0328    -0.90  0    cut
 514  sn02bo        Ia-norm    0.6363   1.34   0.4321   0.0259    -5.10  0    cut
 515  sn91A         Ic-norm    0.5320   1.34   1.0522   0.0219    10.90  1    cut
 516  sn00cx        Ia-pec     0.7419   1.34   0.8229   0.0317     6.50  0    cut
 517  sn02er        Ia-norm    0.6458   1.33   0.4200   0.0258     4.40  0    cut
 518  sn94S         Ia-norm    0.6255   1.33   0.4273   0.0236     1.40  0    cut
 519  sn03du        Ia-norm    0.6390   1.33   0.4241   0.0233    -0.80  0    cut
 520  sn96X         Ia-norm    0.6322   1.32   0.4258   0.0241    -1.10  0    cut
 521  sn98S         IIn        0.6255   1.32   0.5852   0.0184     1.80  0    cut
 522  sn91ar        Ib-norm    0.5348   1.32   0.6013   0.0201     0.00  1    cut
 523  sn99by        Ia-91bg    0.6959   1.32   1.0786   0.0328    -2.80  0    cut
 524  sn00E         Ia-norm    0.6674   1.32   1.0572   0.0310    -2.50  0    cut
 525  sn94I         Ic-norm    0.6363   1.32   0.8248   0.0515    -5.70  0    cut
 526  sn02bo        Ia-norm    0.6363   1.32   0.4303   0.0260    -3.10  0    cut
 527  sn94M         Ia-norm    0.6647   1.31   0.4311   0.0233     3.00  0    cut
 528  sn83V         Ic-norm    0.6187   1.31   0.4180   0.0282     4.00  0    cut
 529  sn06aj        Ic-broad   0.6688   1.30   1.1643   0.0250    -0.50  0    cut
 530  sn04eo        Ia-norm    0.7040   1.30   0.4161   0.0270     2.20  0    cut
 531  sn02bo        Ia-norm    0.6363   1.30   0.4310   0.0262    -4.00  0    cut
 532  sn94D         Ia-norm    0.6417   1.29   0.4282   0.0251    -4.70  0    cut
 533  sn02bo        Ia-norm    0.6363   1.29   0.4294   0.0268    -2.10  0    cut
 534  sn94I         Ic-norm    0.6931   1.28   0.8003   0.0543    -5.60  0    cut
 535  sn91A         Ic-norm    0.4955   1.28   0.5133   0.0170    16.80  1    cut
 536  sn03cg        Ia-norm    0.6566   1.28   0.5991   0.0230     1.50  0    cut
 537  sn04aw        Ic-norm    0.6471   1.28   1.1049   0.0356    -5.20  0    cut
 538  sn90B         Ic-norm    0.4725   1.28   1.0434   0.0215     4.00  0    cut
 539  sn79C         IIL        0.4373   1.27   0.4304   0.0168    10.90  0    cut
 540  sn83N         Ib-norm    0.4982   1.27   0.7891   0.0461     4.00  0    cut
 541  sn91bg        Ia-91bg    0.5605   1.27   1.0720   0.0283     2.50  0    cut
 542  sn87A         II-pec     0.5754   1.27   0.7960   0.0136     9.30  0    cut
 543  sn06aj        Ic-broad   0.7500   1.27   0.4517   0.0472    -5.00  0    cut
 544  sn96X         Ia-norm    0.6620   1.26   0.4211   0.0263     6.90  0    cut
 545  sn02bo        Ia-norm    0.6363   1.26   0.4276   0.0268    -1.20  0    cut
 546  sn99aa        Ia-91T     0.6552   1.26   0.8470   0.0309    -4.10  0    cut
 547  sn96X         Ia-norm    0.6255   1.25   0.4256   0.0265    -0.90  0    cut
 548  sn87A         II-pec     0.5740   1.25   0.7965   0.0135     1.30  0    cut
 549  sn05hj        Ia-norm    0.5740   1.24   0.6068   0.0283     1.60  0    cut
 550  sn02er        Ia-norm    0.6336   1.24   0.4237   0.0282     1.50  0    cut
 551  sn03cg        Ia-norm    0.6417   1.24   0.4264   0.0258    -7.50  0    cut
 552  sn03cg        Ia-norm    0.6282   1.24   0.6019   0.0266    -0.50  0    cut
 553  sn98bu        Ia-norm    0.6336   1.23   1.0581   0.0293    -2.80  0    cut
 554  sn00E         Ia-norm    0.6566   1.23   0.4300   0.0259    -1.40  0    cut
 555  sn03cg        Ia-norm    0.6336   1.22   1.0737   0.0277    -5.90  0    cut
 556  sn03cg        Ia-norm    0.6566   1.22   0.4262   0.0250    -4.50  0    cut
 557  sn94M         Ia-norm    0.6661   1.22   1.0824   0.0315     7.90  0    cut
 558  sn98bu        Ia-norm    0.6336   1.22   0.4231   0.0259    -0.70  0    cut
 559  sn98aq        Ia-norm    0.6349   1.22   1.0565   0.0277     0.00  0    cut
 560  sn98bu        Ia-norm    0.6336   1.21   0.4230   0.0262    -1.70  0    cut
 561  sn95E         Ia-norm    0.6227   1.21   0.8106   0.0242     7.00  0    cut
 562  sn03cg        Ia-norm    0.6552   1.21   0.4238   0.0284    -6.80  0    cut
 563  sn83V         Ic-norm    0.6146   1.21   0.4406   0.0230    -4.00  0    cut
 564  sn97dc        Ib-norm    0.5700   1.21   0.6077   0.0230     0.00  1    cut
 565  kcS0          Gal        0.8515   1.21   0.9702   0.0144   -99.90  2    cut
 566  sn90K         IIL        0.5320   1.20   0.4529   0.0136   139.00  1    cut
 567  sn87A         II-pec     0.5767   1.20   0.7971   0.0136    -4.70  0    cut
 568  sn06gz        Ia-pec     0.7202   1.19   0.4325   0.0300    10.10  0    cut
 569  sn98T         Ib-norm    0.4914   1.19   0.6131   0.0226     0.00  1    cut
 570  sn79C         IIL        0.4400   1.18   0.4303   0.0166     9.90  0    cut
 571  sn90B         Ic-norm    0.4346   1.17   0.5985   0.0202     7.00  0    cut
 572  sn05hj        Ia-norm    0.5754   1.17   1.0484   0.0331    -0.30  0    cut
 573  sn00cx        Ia-pec     0.7405   1.17   0.8229   0.0335     5.60  0    cut
 574  sn03cg        Ia-norm    0.5645   1.12   0.6014   0.0281    -1.80  0    cut
 575  sn94D         Ia-norm    0.6363   1.12   0.6002   0.0254     0.40  0    cut
 576  sn90B         Ic-norm    0.4346   1.12   0.7961   0.0262     5.90  0    cut
 577  sn90B         Ic-norm    0.4346   1.11   0.7936   0.0199     6.00  0    cut
 578  sn02ap        Ic-broad   0.5618   1.09   0.4595   0.0405    -5.50  0    cut
 579  sn86G         Ia-91bg    0.6688   1.08   0.4265   0.0287    -4.40  0    cut
 580  sn03cg        Ia-norm    0.5659   1.08   0.6031   0.0313    -2.30  0    cut
 581  sn98S         IIn        0.6295   1.05   0.5836   0.0219     2.70  0    cut
 582  sn99dn        Ib-norm    0.6755   1.04   0.6130   0.0294     6.90  1    cut
 583  sn86G         Ia-91bg    0.6674   1.04   0.4257   0.0292    -3.40  0    cut
 584  sn86G         Ia-91bg    0.6674   1.02   0.4252   0.0295    -2.40  0    cut
 585  sn90B         Ic-norm    0.4319   1.01   0.7958   0.0288     5.00  0    cut
 586  kcSb          Gal        0.8515   0.99   0.6149   0.0167   -99.90  2    cut
 587  sn02ap        Ic-broad   0.5618   0.99   0.4605   0.0393    -4.50  0    cut
 588  sn86G         Ia-91bg    0.6539   0.91   0.4867   0.0293     0.10  0    cut
 589  sn86G         Ia-91bg    0.6539   0.86   0.4267   0.0319    -1.90  0    cut
 590  sn06aj        Ic-broad   0.5551   0.86   0.4745   0.0474     1.80  0    cut
 591  sn86G         Ia-91bg    0.6525   0.79   0.4899   0.0322    -0.90  0    cut
 592  sn90B         Ic-norm    0.4346   0.79   0.7839   0.0281     9.90  0    cut
 593  sn86G         Ia-91bg    0.6539   0.72   0.8006   0.0518     1.10  0    cut
